
Log started (V12.6.3.0) Fri Apr 20 20:56:39 2018

New value for default parallel thread count: 1

Problem '/tmp/tmprw8Nm3.pyomo.lp' read.
Read time = 0.00 sec. (0.03 ticks)

Problem name         : /tmp/tmprw8Nm3.pyomo.lp
Objective sense      : Minimize
Variables            :     128  [Nneg: 1,  Binary: 120,  General Integer: 7]
Objective nonzeros   :       1
Linear constraints   :      54  [Less: 26,  Equal: 28]
  Nonzeros           :    1973
  RHS nonzeros       :      41

Variables            : Min LB: 0.000000         Max UB: 1.000000       
Objective nonzeros   : Min   : 1.000000         Max   : 1.000000       
Linear constraints   :
  Nonzeros           : Min   : 1.000000         Max   : 971.0000       
  RHS nonzeros       : Min   : 1.000000         Max   : 2.000000       
Tried aggregator 2 times.
MIP Presolve eliminated 23 rows and 26 columns.
Aggregator did 6 substitutions.
Reduced MIP has 25 rows, 96 columns, and 259 nonzeros.
Reduced MIP has 95 binaries, 1 generals, 0 SOSs, and 0 indicators.
Presolve time = 0.00 sec. (0.74 ticks)
Found incumbent of value 9281.000000 after 0.00 sec. (0.91 ticks)
Probing time = 0.00 sec. (0.08 ticks)
Cover probing fixed 0 vars, tightened 3 bounds.
Tried aggregator 1 time.
Reduced MIP has 25 rows, 96 columns, and 259 nonzeros.
Reduced MIP has 95 binaries, 1 generals, 0 SOSs, and 0 indicators.
Presolve time = 0.00 sec. (0.17 ticks)
Probing time = 0.00 sec. (0.06 ticks)
Clique table members: 19.
MIP emphasis: balance optimality and feasibility.
MIP search method: dynamic search.
Parallel mode: none, using 1 thread.
Root relaxation solution time = 0.00 sec. (0.07 ticks)

        Nodes                                         Cuts/
   Node  Left     Objective  IInf  Best Integer    Best Bound    ItCnt     Gap

*     0+    0                         9281.0000      971.0000            89.54%
      0     0     1856.2000     8     9281.0000     1856.2000        5   80.00%
*     0+    0                         2612.0000     1856.2000            28.94%
      0     0     1857.0000    13     2612.0000       Cuts: 7       22   28.91%
*     0+    0                         2454.0000     1857.0000            24.33%
      0     0     1857.8450    14     2454.0000      Cuts: 15       62   24.29%
*     0+    0                         2261.0000     1857.8450            17.83%
      0     0     1865.0944    21     2261.0000      Cuts: 13       78   17.51%
*     0+    0                         2159.0000     1865.0944            13.61%
      0     0     1869.1291    20     2159.0000       Cuts: 9       94   13.43%
*     0+    0                         2089.0000     1869.1291            10.53%
      0     0     1869.7435    24     2089.0000       Cuts: 6      103   10.50%
*     0+    0                         1934.0000     1869.7435             3.32%
      0     0     1870.7708    29     1934.0000    MIRcuts: 5      118    3.27%
*     0+    0                         1897.0000     1870.7708             1.38%
      0     0     1871.6968    22     1897.0000       Cuts: 6      128    1.33%
      0     0     1872.0264    22     1897.0000       Cuts: 6      139    1.32%
      0     0     1872.0264    20     1897.0000       Cuts: 2      142    1.32%
      0     0     1874.2465    14     1897.0000       Cuts: 3      155    1.20%
*     0+    0                         1875.0000     1874.2465             0.04%
      0     0        cutoff           1875.0000     1874.2465      155    0.04%
Elapsed time = 0.01 sec. (8.69 ticks, tree = 0.01 MB, solutions = 9)

Flow cuts applied:  3
Mixed integer rounding cuts applied:  15
Zero-half cuts applied:  2

Root node processing (before b&c):
  Real time             =    0.01 sec. (8.70 ticks)
Sequential b&c:
  Real time             =    0.00 sec. (0.00 ticks)
                          ------------
Total (root+branch&cut) =    0.01 sec. (8.70 ticks)

Solution pool: 9 solutions saved.

MIP - Integer optimal solution:  Objective =  1.8750000000e+03
Solution time =    0.01 sec.  Iterations = 155  Nodes = 0
Deterministic time = 8.70 ticks  (594.78 ticks/sec)


Incumbent solution written to file '/tmp/tmpUO5HwR.cplex.sol'.
