
Log started (V12.6.3.0) Fri Apr 20 20:56:39 2018

New value for default parallel thread count: 1

Problem '/tmp/tmpTrNEqV.pyomo.lp' read.
Read time = 0.00 sec. (0.03 ticks)

Problem name         : /tmp/tmpTrNEqV.pyomo.lp
Objective sense      : Minimize
Variables            :     128  [Nneg: 1,  Binary: 120,  General Integer: 7]
Objective nonzeros   :       1
Linear constraints   :      54  [Less: 26,  Equal: 28]
  Nonzeros           :    1973
  RHS nonzeros       :      41

Variables            : Min LB: 0.000000         Max UB: 1.000000       
Objective nonzeros   : Min   : 1.000000         Max   : 1.000000       
Linear constraints   :
  Nonzeros           : Min   : 1.000000         Max   : 971.0000       
  RHS nonzeros       : Min   : 1.000000         Max   : 2.000000       
Tried aggregator 2 times.
MIP Presolve eliminated 23 rows and 26 columns.
Aggregator did 6 substitutions.
Reduced MIP has 25 rows, 96 columns, and 259 nonzeros.
Reduced MIP has 95 binaries, 1 generals, 0 SOSs, and 0 indicators.
Presolve time = 0.00 sec. (0.74 ticks)
Found incumbent of value 9281.000000 after 0.00 sec. (0.91 ticks)
Probing time = 0.00 sec. (0.08 ticks)
Cover probing fixed 0 vars, tightened 3 bounds.
Tried aggregator 1 time.
Reduced MIP has 25 rows, 96 columns, and 259 nonzeros.
Reduced MIP has 95 binaries, 1 generals, 0 SOSs, and 0 indicators.
Presolve time = 0.00 sec. (0.17 ticks)
Probing time = 0.00 sec. (0.06 ticks)
Clique table members: 19.
MIP emphasis: balance optimality and feasibility.
MIP search method: dynamic search.
Parallel mode: none, using 1 thread.
Root relaxation solution time = 0.00 sec. (0.09 ticks)

        Nodes                                         Cuts/
   Node  Left     Objective  IInf  Best Integer    Best Bound    ItCnt     Gap

*     0+    0                         9281.0000      971.0000            89.54%
      0     0     1856.2000     9     9281.0000     1856.2000       10   80.00%
*     0+    0                         2000.0000     1856.2000             7.19%
      0     0     1857.0000     8     2000.0000       Cuts: 6       24    7.15%
      0     0     1868.0181    12     2000.0000      Cuts: 10       59    6.60%
      0     0     1881.3475    19     2000.0000       Cuts: 9       74    5.93%
      0     0     1882.3705    23     2000.0000       Cuts: 8       90    5.88%
      0     0     1884.3586    23     2000.0000       Cuts: 8      103    5.78%
      0     0     1885.4375    14     2000.0000       Cuts: 7      117    5.73%
*     0+    0                         1997.0000     1885.4375             5.59%
      0     0     1885.4375    22     1997.0000       Cuts: 5      129    5.59%
      0     0     1885.4375    19     1997.0000   ZeroHalf: 1      131    5.59%
*     0+    0                         1995.0000     1885.4375             5.49%
*     0+    0                         1962.0000     1885.4375             3.90%
*     0+    0                         1926.0000     1885.4375             2.11%
      0     2     1885.4375    17     1926.0000     1885.4375      131    2.11%
Elapsed time = 0.02 sec. (9.87 ticks, tree = 0.01 MB, solutions = 6)

Cover cuts applied:  1
Flow cuts applied:  2
Mixed integer rounding cuts applied:  10
Zero-half cuts applied:  2

Root node processing (before b&c):
  Real time             =    0.02 sec. (9.87 ticks)
Sequential b&c:
  Real time             =    0.00 sec. (1.51 ticks)
                          ------------
Total (root+branch&cut) =    0.02 sec. (11.38 ticks)

Solution pool: 6 solutions saved.

MIP - Integer optimal solution:  Objective =  1.9260000000e+03
Solution time =    0.02 sec.  Iterations = 286  Nodes = 25
Deterministic time = 11.38 ticks  (568.17 ticks/sec)


Incumbent solution written to file '/tmp/tmpB4n3w5.cplex.sol'.
