
Gurobi 6.5.2 (linux64) logging started Tue Mar  6 01:30:05 2018

Changed value of parameter LogFile to data/solutions/planning/degenerate/intermediate/weighting/degenerate_intermediate_instance22_gurobi.log
   Prev: gurobi.log  Default: 
Changed value of parameter Threads to 1
   Prev: 0  Min: 0  Max: 1024  Default: 0
Optimize a model with 99 rows, 913 columns and 1835 nonzeros
Coefficient statistics:
  Matrix range    [1e+00, 3e+07]
  Objective range [1e+00, 2e+03]
  Bounds range    [1e+00, 1e+00]
  RHS range       [1e+00, 1e+00]
Presolve removed 3 rows and 3 columns
Presolve time: 0.00s
Presolved: 96 rows, 910 columns, 1830 nonzeros
Variable types: 0 continuous, 910 integer (900 binary)
Found heuristic solution: objective 2.558081e+12
Warning: Markowitz tolerance tightened to 0.0625

Root relaxation: objective 4.262427e+11, 168 iterations, 0.00 seconds

    Nodes    |    Current Node    |     Objective Bounds      |     Work
 Expl Unexpl |  Obj  Depth IntInf | Incumbent    BestBd   Gap | It/Node Time

     0     0 4.2624e+11    0   27 2.5581e+12 4.2624e+11  83.3%     -    0s
H    0     0                    7.973086e+11 4.2624e+11  46.5%     -    0s
     0     0 4.2624e+11    0   43 7.9731e+11 4.2624e+11  46.5%     -    0s
H    0     0                    6.515682e+11 4.2624e+11  34.6%     -    0s
     0     0 4.2624e+11    0   37 6.5157e+11 4.2624e+11  34.6%     -    0s
     0     0 4.2624e+11    0   28 6.5157e+11 4.2624e+11  34.6%     -    0s
     0     0 4.2624e+11    0   28 6.5157e+11 4.2624e+11  34.6%     -    0s
     0     0 4.2624e+11    0   29 6.5157e+11 4.2624e+11  34.6%     -    0s
     0     0 4.2624e+11    0   28 6.5157e+11 4.2624e+11  34.6%     -    0s
     0     0 4.2624e+11    0   28 6.5157e+11 4.2624e+11  34.6%     -    0s
     0     2 4.2624e+11    0   28 6.5157e+11 4.2624e+11  34.6%     -    0s
H  512   453                    5.909398e+11 4.2624e+11  27.9%  10.1    0s
H  520   435                    4.349711e+11 4.2624e+11  2.01%  10.0    0s
  6007  4433 4.2624e+11  143   21 4.3497e+11 4.2624e+11  2.01%  20.1    5s
 10431  7996 4.2750e+11  135   17 4.3497e+11 4.2624e+11  2.01%  15.8   10s
H10621  7694                    4.348575e+11 4.2624e+11  1.98%  16.8   10s
 16161 10401 4.2624e+11   96   18 4.3486e+11 4.2624e+11  1.98%  19.9   15s
 22105 13186 4.2642e+11  165   17 4.3486e+11 4.2624e+11  1.98%  24.9   20s
H22980 13111                    4.346987e+11 4.2624e+11  1.95%  24.9   20s
H22986 12757                    4.346986e+11 4.2624e+11  1.95%  24.9   20s
 32383 17260 4.2946e+11  197   19 4.3470e+11 4.2624e+11  1.95%  25.0   25s
 43473 25649 4.3052e+11  225   19 4.3470e+11 4.2624e+11  1.95%  23.7   30s
 55884 34460 4.3161e+11  193   14 4.3470e+11 4.2624e+11  1.95%  22.6   35s
 69333 44144 4.3438e+11  158   17 4.3470e+11 4.2624e+11  1.95%  21.3   40s
 80529 53169 4.2823e+11  223   17 4.3470e+11 4.2624e+11  1.95%  21.4   45s
 92105 62602 4.2644e+11  172   20 4.3470e+11 4.2624e+11  1.95%  21.4   50s
 103304 71776 4.3449e+11  187   13 4.3470e+11 4.2624e+11  1.95%  21.5   55s
 112345 78883 infeasible  226      4.3470e+11 4.2624e+11  1.95%  22.4   60s
 123546 87871 4.3071e+11  224   18 4.3470e+11 4.2624e+11  1.95%  22.4   65s
 133503 95793 4.2624e+11  177   21 4.3470e+11 4.2624e+11  1.95%  21.8   70s
 142795 102899 4.3316e+11  246   17 4.3470e+11 4.2624e+11  1.95%  21.4   75s
 153212 110824 4.2713e+11  204   16 4.3470e+11 4.2624e+11  1.95%  20.9   80s
 163188 118278 4.2984e+11  199   17 4.3470e+11 4.2624e+11  1.95%  20.5   85s
 173168 125532 4.2725e+11  216   17 4.3470e+11 4.2624e+11  1.95%  20.1   90s
 182662 132434 4.2989e+11  275   14 4.3470e+11 4.2624e+11  1.95%  19.8   95s
 192804 140310 4.2817e+11  139   15 4.3470e+11 4.2624e+11  1.95%  19.5  100s
 202441 147855 4.2642e+11  175   18 4.3470e+11 4.2624e+11  1.95%  19.3  105s
 211720 154500 4.2885e+11  216   17 4.3470e+11 4.2624e+11  1.95%  19.1  110s
 222037 161974 4.2724e+11  252   18 4.3470e+11 4.2624e+11  1.95%  18.9  115s
 232322 169943 4.3449e+11  273   14 4.3470e+11 4.2624e+11  1.95%  18.7  120s
 241803 177122 4.2897e+11  188   15 4.3470e+11 4.2624e+11  1.95%  18.5  125s
 251869 184715 4.2696e+11  227   19 4.3470e+11 4.2624e+11  1.95%  18.4  130s
 262016 192474 4.2895e+11  244   17 4.3470e+11 4.2624e+11  1.95%  18.3  135s
 272057 200195 4.2648e+11  183   17 4.3470e+11 4.2624e+11  1.95%  18.1  140s
 283439 208560 4.3229e+11  219   15 4.3470e+11 4.2624e+11  1.95%  18.0  145s
H297107 218869                    4.346963e+11 4.2624e+11  1.94%  17.9  149s
 297254 218984 4.2663e+11  178   16 4.3470e+11 4.2624e+11  1.94%  17.9  150s
 311979 230067 4.2708e+11  230   20 4.3470e+11 4.2624e+11  1.94%  17.7  155s
 325946 240428 4.2668e+11  194   18 4.3470e+11 4.2624e+11  1.94%  17.6  160s
 339916 250559 4.2813e+11  204   17 4.3470e+11 4.2624e+11  1.94%  17.5  165s
H354838 261189                    4.346858e+11 4.2624e+11  1.94%  17.3  170s
 368694 271276 4.2889e+11  277   17 4.3469e+11 4.2624e+11  1.94%  17.2  175s
 382540 281217 4.2961e+11  174   15 4.3469e+11 4.2624e+11  1.94%  17.1  180s
 396515 291315 4.2696e+11  186   16 4.3469e+11 4.2624e+11  1.94%  17.0  185s
 410025 301073 4.2920e+11  225   18 4.3469e+11 4.2624e+11  1.94%  16.9  190s
 423282 310840 4.3427e+11  222   15 4.3469e+11 4.2624e+11  1.94%  16.9  195s
 437240 320796 infeasible  196      4.3469e+11 4.2624e+11  1.94%  16.8  200s
 451291 331129 4.3465e+11  265   15 4.3469e+11 4.2624e+11  1.94%  16.7  205s
 465218 341511 4.2736e+11  287   17 4.3469e+11 4.2624e+11  1.94%  16.6  210s
H466507 342145                    4.346744e+11 4.2624e+11  1.94%  16.6  210s
 479573 352563 4.2893e+11  288   14 4.3467e+11 4.2624e+11  1.94%  16.6  215s
 488628 359936 4.2703e+11  152   16 4.3467e+11 4.2624e+11  1.94%  16.6  220s
 496543 366183 4.2701e+11  177   17 4.3467e+11 4.2624e+11  1.94%  16.7  225s
 504907 372895 4.2969e+11  180   15 4.3467e+11 4.2624e+11  1.94%  16.8  230s
 513677 379920 4.2701e+11  227   18 4.3467e+11 4.2624e+11  1.94%  16.8  235s
 522250 386744 4.2768e+11  201   19 4.3467e+11 4.2624e+11  1.94%  16.9  240s
 530391 393234 4.2762e+11  162   16 4.3467e+11 4.2624e+11  1.94%  17.0  245s
 539635 400553 4.2796e+11  182   17 4.3467e+11 4.2624e+11  1.94%  17.0  250s
 551356 409736 4.2816e+11  220   18 4.3467e+11 4.2624e+11  1.94%  17.1  255s
 563159 419067 4.2765e+11  170   17 4.3467e+11 4.2624e+11  1.94%  17.1  260s
 575707 428908 4.3161e+11  229   16 4.3467e+11 4.2624e+11  1.94%  17.2  265s
 586840 437575 4.2647e+11  175   19 4.3467e+11 4.2624e+11  1.94%  17.3  270s
 598656 447031 4.2762e+11  156   18 4.3467e+11 4.2624e+11  1.94%  17.3  275s
 610318 456421 4.3255e+11  161   17 4.3467e+11 4.2624e+11  1.94%  17.4  280s
 622128 465925 4.2887e+11  223   18 4.3467e+11 4.2624e+11  1.94%  17.5  285s
 635981 476665 4.2755e+11  196   17 4.3467e+11 4.2624e+11  1.94%  17.4  290s
 652183 487309 4.3455e+11  240   16 4.3467e+11 4.2624e+11  1.94%  17.3  295s
 667383 496733 4.3327e+11  243   13 4.3467e+11 4.2624e+11  1.94%  17.1  300s
 684329 507423 4.2826e+11  254   14 4.3467e+11 4.2624e+11  1.94%  17.0  305s
 700026 515633 infeasible  288      4.3467e+11 4.2624e+11  1.94%  16.8  310s
 716901 526348 4.3288e+11  231   14 4.3467e+11 4.2624e+11  1.94%  16.7  315s
 729731 536199 4.2848e+11  253   17 4.3467e+11 4.2624e+11  1.94%  16.7  320s
 744135 547607 4.2624e+11  221   20 4.3467e+11 4.2624e+11  1.94%  16.7  325s
 760402 560479 4.3169e+11  259   15 4.3467e+11 4.2624e+11  1.94%  16.5  330s
 771332 568610 4.3270e+11  234   16 4.3467e+11 4.2624e+11  1.94%  16.5  335s
 780436 575631 4.2825e+11  225   14 4.3467e+11 4.2624e+11  1.94%  16.5  340s
 789571 582530 4.3210e+11  202   18 4.3467e+11 4.2624e+11  1.94%  16.5  345s
 797828 588345 4.2629e+11  190   15 4.3467e+11 4.2624e+11  1.94%  16.5  350s
 805622 594013 4.3462e+11  254   11 4.3467e+11 4.2624e+11  1.94%  16.5  355s
 814176 600557 4.2624e+11  165   20 4.3467e+11 4.2624e+11  1.94%  16.6  360s
 823239 607600 4.2738e+11  283   16 4.3467e+11 4.2624e+11  1.94%  16.6  365s
 832854 614876 4.2757e+11  221   16 4.3467e+11 4.2624e+11  1.94%  16.5  370s
 841777 621258 4.2624e+11  200   18 4.3467e+11 4.2624e+11  1.94%  16.6  375s
 850288 626732 4.2924e+11  218   15 4.3467e+11 4.2624e+11  1.94%  16.6  380s
 858943 632350 4.3303e+11  236   15 4.3467e+11 4.2624e+11  1.94%  16.6  385s
 866966 637743 4.2966e+11  225   20 4.3467e+11 4.2624e+11  1.94%  16.6  390s
 875127 643452 4.2674e+11  262   15 4.3467e+11 4.2624e+11  1.94%  16.7  395s
 883996 649715 4.2787e+11  226   18 4.3467e+11 4.2624e+11  1.94%  16.6  400s
 892533 654645 4.3347e+11  249   16 4.3467e+11 4.2624e+11  1.94%  16.7  405s
 900675 659409 4.2624e+11  203   18 4.3467e+11 4.2624e+11  1.94%  16.7  410s
 908040 663516 4.3272e+11  237   16 4.3467e+11 4.2624e+11  1.94%  16.7  415s
 916120 667746 infeasible  224      4.3467e+11 4.2624e+11  1.94%  16.7  420s
 923417 671842 4.3272e+11  216   14 4.3467e+11 4.2624e+11  1.94%  16.8  425s
 931050 676350 4.2963e+11  211   17 4.3467e+11 4.2624e+11  1.94%  16.8  430s
 939713 681582 4.2624e+11  224   19 4.3467e+11 4.2624e+11  1.94%  16.8  435s
 946559 684978 infeasible  246      4.3467e+11 4.2624e+11  1.94%  16.8  440s
 952932 688285 4.3334e+11  261   14 4.3467e+11 4.2624e+11  1.94%  16.9  445s
 959671 691934 4.3071e+11  216   15 4.3467e+11 4.2624e+11  1.94%  16.9  450s
 966393 695645 4.3333e+11  246   13 4.3467e+11 4.2624e+11  1.94%  17.0  455s
 973775 700102 4.2624e+11  210   18 4.3467e+11 4.2624e+11  1.94%  17.0  460s
 981155 705337 4.3414e+11  246   15 4.3467e+11 4.2624e+11  1.94%  17.0  465s
 987831 709656 4.3138e+11  216   17 4.3467e+11 4.2624e+11  1.94%  17.1  470s
 995342 714602 infeasible  221      4.3467e+11 4.2624e+11  1.94%  17.1  475s
 1002206 719216 4.2700e+11  209   20 4.3467e+11 4.2624e+11  1.94%  17.2  480s
 1009238 724098 4.2817e+11  224   17 4.3467e+11 4.2624e+11  1.94%  17.2  485s
 1016067 728651 4.2700e+11  205   14 4.3467e+11 4.2624e+11  1.94%  17.3  490s
 1022351 732910 4.2789e+11  195   19 4.3467e+11 4.2624e+11  1.94%  17.4  495s
 1028310 736684 4.3451e+11  246   15 4.3467e+11 4.2624e+11  1.94%  17.4  500s
 1035031 741180 4.3451e+11  260   12 4.3467e+11 4.2624e+11  1.94%  17.5  505s
 1043223 746448 4.2796e+11  241   16 4.3467e+11 4.2624e+11  1.94%  17.5  510s
 1050462 751282 infeasible  288      4.3467e+11 4.2624e+11  1.94%  17.5  515s
 1058023 755969 infeasible  198      4.3467e+11 4.2624e+11  1.94%  17.6  520s
 1066202 761406 4.3027e+11  259   12 4.3467e+11 4.2624e+11  1.94%  17.6  525s
 1073451 766093 4.2939e+11  220   14 4.3467e+11 4.2624e+11  1.94%  17.6  530s
 1081595 771449 4.2873e+11  273   17 4.3467e+11 4.2624e+11  1.94%  17.6  535s
 1090344 777234 infeasible  238      4.3467e+11 4.2624e+11  1.94%  17.7  540s
 1100421 783845 4.3066e+11  216   16 4.3467e+11 4.2624e+11  1.94%  17.7  545s
 1109923 789907 4.2624e+11  189   16 4.3467e+11 4.2624e+11  1.94%  17.7  550s
 1117762 795038 4.3131e+11  231   16 4.3467e+11 4.2624e+11  1.94%  17.7  555s
 1126719 800851 4.3043e+11  219   17 4.3467e+11 4.2624e+11  1.94%  17.7  560s
 1135205 806766 4.2922e+11  255   17 4.3467e+11 4.2624e+11  1.94%  17.7  565s
 1144551 813257 4.2624e+11  173   16 4.3467e+11 4.2624e+11  1.94%  17.8  570s
 1153408 819331 4.3439e+11  187   16 4.3467e+11 4.2624e+11  1.94%  17.8  575s
 1161407 824649 4.2873e+11  192   14 4.3467e+11 4.2624e+11  1.94%  17.8  580s
 1169655 829998 infeasible  286      4.3467e+11 4.2624e+11  1.94%  17.8  585s
 1178868 836285 4.3086e+11  196   17 4.3467e+11 4.2624e+11  1.94%  17.9  590s
 1186983 842254 4.2841e+11  309   18 4.3467e+11 4.2624e+11  1.94%  17.9  595s
 1196817 850071 4.2767e+11  194   17 4.3467e+11 4.2624e+11  1.94%  17.9  600s
 1206249 857568 4.3214e+11  287   15 4.3467e+11 4.2624e+11  1.94%  17.9  605s
 1215564 864840 4.2797e+11  227   18 4.3467e+11 4.2624e+11  1.94%  17.9  610s
 1225373 872623 4.2624e+11  211   20 4.3467e+11 4.2624e+11  1.94%  17.9  615s
 1235345 880010 4.2867e+11  205   16 4.3467e+11 4.2624e+11  1.94%  17.9  620s
 1243782 885576 infeasible  212      4.3467e+11 4.2624e+11  1.94%  17.9  625s
 1251901 890161 4.3302e+11  227   14 4.3467e+11 4.2624e+11  1.94%  17.9  630s
 1259604 894839 4.2888e+11  218   18 4.3467e+11 4.2624e+11  1.94%  17.9  635s
 1267807 899574 4.2742e+11  218   17 4.3467e+11 4.2624e+11  1.94%  17.9  640s
 1276192 904780 4.2741e+11  270   16 4.3467e+11 4.2624e+11  1.94%  17.9  645s
 1284677 910724 4.2948e+11  224   19 4.3467e+11 4.2624e+11  1.94%  17.9  650s
 1293299 916460 4.2962e+11  238   16 4.3467e+11 4.2624e+11  1.94%  18.0  655s
 1301517 922087 4.3019e+11  242   17 4.3467e+11 4.2624e+11  1.94%  18.0  660s
 1310859 928358 4.2790e+11  212   17 4.3467e+11 4.2624e+11  1.94%  18.0  665s
 1320575 935036 4.3261e+11  227   19 4.3467e+11 4.2624e+11  1.94%  18.0  670s
 1331427 940947 4.2826e+11  244   16 4.3467e+11 4.2624e+11  1.94%  17.9  675s
 1341422 946404 4.2624e+11  240   18 4.3467e+11 4.2624e+11  1.94%  17.9  680s
 1351423 950368     cutoff  258      4.3467e+11 4.2624e+11  1.94%  17.8  685s
 1360799 954940     cutoff  248      4.3467e+11 4.2624e+11  1.94%  17.8  690s
 1371351 960206     cutoff  237      4.3467e+11 4.2624e+11  1.94%  17.8  695s
 1382075 964548 4.2837e+11  250   15 4.3467e+11 4.2624e+11  1.94%  17.7  700s
 1391260 967424 infeasible  248      4.3467e+11 4.2624e+11  1.94%  17.7  705s
 1400474 970801 4.2856e+11  242   17 4.3467e+11 4.2624e+11  1.94%  17.7  710s
 1410558 974578 4.2744e+11  264   17 4.3467e+11 4.2624e+11  1.94%  17.7  715s
 1422270 980280 4.2888e+11  229   18 4.3467e+11 4.2624e+11  1.94%  17.6  720s
 1433048 985999 4.3018e+11  261   12 4.3467e+11 4.2624e+11  1.94%  17.6  725s
 1444598 992770 4.2868e+11  281   19 4.3467e+11 4.2624e+11  1.94%  17.5  730s
 1454908 998532 4.2684e+11  226   17 4.3467e+11 4.2624e+11  1.94%  17.5  735s
 1467650 1005479 4.3124e+11  250   15 4.3467e+11 4.2624e+11  1.94%  17.5  740s
H1478559 999543                    4.345915e+11 4.2624e+11  1.92%  17.5  744s
 1480479 1000401 4.2834e+11  225   16 4.3459e+11 4.2624e+11  1.92%  17.5  745s
 1490494 1004278     cutoff  241      4.3459e+11 4.2624e+11  1.92%  17.5  750s
 1503720 1011160 4.2861e+11  265   18 4.3459e+11 4.2624e+11  1.92%  17.4  755s
 1518936 1019368 4.2778e+11  288   15 4.3459e+11 4.2624e+11  1.92%  17.4  760s
 1531995 1027536 4.2868e+11  223   21 4.3459e+11 4.2624e+11  1.92%  17.3  765s
 1544543 1035439 4.2681e+11  207   18 4.3459e+11 4.2624e+11  1.92%  17.3  770s
 1556459 1041471 4.3449e+11  210   18 4.3459e+11 4.2624e+11  1.92%  17.4  775s
 1568630 1048822 4.2682e+11  214   16 4.3459e+11 4.2624e+11  1.92%  17.4  780s
 1582532 1058921 4.2851e+11  297   20 4.3459e+11 4.2624e+11  1.92%  17.3  785s
 1597551 1070050 4.2794e+11  215   15 4.3459e+11 4.2624e+11  1.92%  17.3  790s
 1611703 1081121 4.2999e+11  249   14 4.3459e+11 4.2624e+11  1.92%  17.3  795s
 1626091 1091780 4.2914e+11  199   16 4.3459e+11 4.2624e+11  1.92%  17.2  800s
 1639264 1101639 4.2778e+11  182   17 4.3459e+11 4.2624e+11  1.92%  17.2  805s
 1653117 1112788 4.2647e+11  164   19 4.3459e+11 4.2624e+11  1.92%  17.2  810s
 1667317 1123223 4.3080e+11  222   14 4.3459e+11 4.2624e+11  1.92%  17.2  815s
 1679438 1132988 4.2739e+11  155   17 4.3459e+11 4.2624e+11  1.92%  17.2  820s
 1691605 1142749 4.3404e+11  174   17 4.3459e+11 4.2624e+11  1.92%  17.2  825s
 1703454 1150640 4.2695e+11  257   16 4.3459e+11 4.2624e+11  1.92%  17.3  830s
 1714353 1158360 4.3212e+11  186   18 4.3459e+11 4.2624e+11  1.92%  17.3  835s
 1726777 1166434 4.3456e+11  205   17 4.3459e+11 4.2624e+11  1.92%  17.3  840s
 1737815 1173586 4.2879e+11  155   14 4.3459e+11 4.2624e+11  1.92%  17.3  845s
 1748809 1180356 4.2937e+11  151   16 4.3459e+11 4.2624e+11  1.92%  17.4  850s
 1760413 1188534 4.3009e+11  167   16 4.3459e+11 4.2624e+11  1.92%  17.4  855s
 1772096 1197254     cutoff  154      4.3459e+11 4.2624e+11  1.92%  17.4  860s
 1784787 1206452     cutoff  179      4.3459e+11 4.2624e+11  1.92%  17.4  865s
 1796805 1215229 4.2932e+11  176   18 4.3459e+11 4.2624e+11  1.92%  17.4  870s
 1810295 1225646 4.3056e+11  195   17 4.3459e+11 4.2624e+11  1.92%  17.4  875s
 1822992 1234606 4.3203e+11  224   16 4.3459e+11 4.2624e+11  1.92%  17.4  880s
 1834020 1241742 4.2843e+11  195   14 4.3459e+11 4.2624e+11  1.92%  17.5  885s
 1844860 1249564 infeasible  252      4.3459e+11 4.2624e+11  1.92%  17.5  890s
 1856426 1258592 4.2624e+11  118   16 4.3459e+11 4.2624e+11  1.92%  17.5  895s
 1869088 1268318 4.2624e+11  139   17 4.3459e+11 4.2624e+11  1.92%  17.5  900s
 1881110 1277295 4.3196e+11  201   25 4.3459e+11 4.2624e+11  1.92%  17.5  905s
 1894826 1287616 infeasible  192      4.3459e+11 4.2624e+11  1.92%  17.5  910s
 1903924 1294017 4.2953e+11  139   27 4.3459e+11 4.2624e+11  1.92%  17.5  915s
 1911966 1299369 4.2624e+11  148   20 4.3459e+11 4.2624e+11  1.92%  17.5  920s
 1921493 1306685 infeasible  194      4.3459e+11 4.2624e+11  1.92%  17.5  925s
 1933587 1315342 4.3418e+11  163   16 4.3459e+11 4.2624e+11  1.92%  17.5  930s
 1947691 1325656 4.3217e+11  199   14 4.3459e+11 4.2624e+11  1.92%  17.5  935s
 1964582 1337791 4.2926e+11  176   15 4.3459e+11 4.2624e+11  1.92%  17.4  940s
 1975902 1346174 infeasible  243      4.3459e+11 4.2624e+11  1.92%  17.4  945s
H1981075 1341217                    4.345314e+11 4.2624e+11  1.91%  17.4  948s
 1984240 1343401 4.3417e+11  200   11 4.3453e+11 4.2624e+11  1.91%  17.4  950s
 1992517 1349517 4.2624e+11  159   19 4.3453e+11 4.2624e+11  1.91%  17.4  955s
 2001375 1355891 4.3126e+11  223   16 4.3453e+11 4.2624e+11  1.91%  17.4  960s
 2009885 1361719 4.2809e+11  183   17 4.3453e+11 4.2624e+11  1.91%  17.4  965s
 2018612 1367858 4.2624e+11  137   16 4.3453e+11 4.2624e+11  1.91%  17.4  970s
 2026593 1373756 4.2928e+11  201   17 4.3453e+11 4.2624e+11  1.91%  17.4  975s
 2033690 1378884 4.2694e+11  148   19 4.3453e+11 4.2624e+11  1.91%  17.4  980s
 2042709 1385471 4.2913e+11  164   17 4.3453e+11 4.2624e+11  1.91%  17.4  985s
 2051874 1392055 4.2658e+11  169   17 4.3453e+11 4.2624e+11  1.91%  17.4  990s
 2060309 1398515 4.3013e+11  185   16 4.3453e+11 4.2624e+11  1.91%  17.4  995s

Cutting planes:
  Flow cover: 2

Explored 2068374 nodes (36063577 simplex iterations) in 1000.01 seconds
Thread count was 1 (of 8 available processors)

Time limit reached
Best objective 4.345313642710e+11, best bound 4.262427002930e+11, gap 1.9075%
