
Gurobi 6.5.2 (linux64) logging started Tue Mar  6 06:47:35 2018

Changed value of parameter LogFile to data/solutions/planning/degenerate/intermediate/weighting/degenerate_intermediate_instance41_gurobi.log
   Prev: gurobi.log  Default: 
Changed value of parameter Threads to 1
   Prev: 0  Min: 0  Max: 1024  Default: 0
Optimize a model with 102 rows, 1137 columns and 2287 nonzeros
Coefficient statistics:
  Matrix range    [1e+00, 9e+05]
  Objective range [1e+00, 3e+04]
  Bounds range    [1e+00, 1e+00]
  RHS range       [1e+00, 1e+00]
Found heuristic solution: objective 5.44419e+11
Presolve removed 3 rows and 3 columns
Presolve time: 0.00s
Presolved: 99 rows, 1134 columns, 2282 nonzeros
Variable types: 0 continuous, 1134 integer (1120 binary)
Warning: Markowitz tolerance tightened to 0.03125

Root relaxation: objective 1.561674e+11, 198 iterations, 0.00 seconds

    Nodes    |    Current Node    |     Objective Bounds      |     Work
 Expl Unexpl |  Obj  Depth IntInf | Incumbent    BestBd   Gap | It/Node Time

     0     0 1.5617e+11    0   37 5.4442e+11 1.5617e+11  71.3%     -    0s
H    0     0                    2.422328e+11 1.5617e+11  35.5%     -    0s
     0     0 1.5617e+11    0   54 2.4223e+11 1.5617e+11  35.5%     -    0s
     0     0 1.5617e+11    0   48 2.4223e+11 1.5617e+11  35.5%     -    0s
     0     0 1.5617e+11    0   59 2.4223e+11 1.5617e+11  35.5%     -    0s
     0     0 1.5617e+11    0   39 2.4223e+11 1.5617e+11  35.5%     -    0s
     0     2 1.5617e+11    0   39 2.4223e+11 1.5617e+11  35.5%     -    0s
H  526   377                    2.082763e+11 1.5617e+11  25.0%   9.4    0s
H 1427   791                    2.057182e+11 1.5617e+11  24.1%   6.8    0s
H 3575  2741                    2.022256e+11 1.5617e+11  22.8%   6.1    1s
H 7976  6603                    2.016974e+11 1.5617e+11  22.6%   5.8    2s
 12424 10541 1.6683e+11   95   26 2.0170e+11 1.5617e+11  22.6%   6.6    5s
H20335 18450                    2.008973e+11 1.5617e+11  22.3%   4.7    6s
 34379 31134 1.5617e+11   82   24 2.0090e+11 1.5617e+11  22.3%   5.1   10s
H39113 35181                    1.991517e+11 1.5617e+11  21.6%   5.0   11s
H44519 39924                    1.991515e+11 1.5617e+11  21.6%   5.2   12s
H53071 47559                    1.991432e+11 1.5617e+11  21.6%   5.0   14s
 54779 48947 1.5934e+11  239   23 1.9914e+11 1.5617e+11  21.6%   4.9   15s
H56976 50846                    1.991270e+11 1.5617e+11  21.6%   4.9   15s
H57160 50999                    1.989950e+11 1.5617e+11  21.5%   4.9   15s
H59785 53149                    1.980123e+11 1.5617e+11  21.1%   4.8   16s
H60193 53414                    1.940930e+11 1.5617e+11  19.5%   4.8   16s
H60707 53865                    1.893304e+11 1.5617e+11  17.5%   4.8   16s
H65163 57567                    1.887543e+11 1.5617e+11  17.3%   4.7   17s
H66265 58426                    1.872382e+11 1.5617e+11  16.6%   4.7   17s
H67813 59698                    1.871850e+11 1.5617e+11  16.6%   4.7   18s
H69317 61009                    1.871828e+11 1.5617e+11  16.6%   4.6   18s
H71176 62504                    1.871756e+11 1.5617e+11  16.6%   4.6   18s
H72723 63697                    1.869387e+11 1.5617e+11  16.5%   4.6   19s
H74441 65004                    1.867323e+11 1.5617e+11  16.4%   4.5   19s
 77773 67566 1.8143e+11  300   33 1.8673e+11 1.5617e+11  16.4%   4.5   20s
H87948 75063                    1.867299e+11 1.5617e+11  16.4%   4.4   22s
H96212 81450                    1.867277e+11 1.5617e+11  16.4%   4.3   24s
 100256 84413 1.6803e+11  320   26 1.8673e+11 1.5617e+11  16.4%   4.2   25s
H101283 85165                    1.867276e+11 1.5617e+11  16.4%   4.2   25s
H109158 91307                    1.866111e+11 1.5617e+11  16.3%   4.2   26s
*110638 85042             396    1.757832e+11 1.5617e+11  11.2%   4.2   27s
H113170 87119                    1.757807e+11 1.5617e+11  11.2%   4.1   27s
H115881 89180                    1.757801e+11 1.5617e+11  11.2%   4.1   28s
H117224 90189                    1.757671e+11 1.5617e+11  11.2%   4.1   28s
H118745 91398                    1.757448e+11 1.5617e+11  11.1%   4.1   28s
H120008 92355                    1.757415e+11 1.5617e+11  11.1%   4.1   29s
H122063 94006                    1.757403e+11 1.5617e+11  11.1%   4.1   29s
H124185 95628                    1.757362e+11 1.5617e+11  11.1%   4.1   29s
 124893 96257 1.6710e+11  385   25 1.7574e+11 1.5617e+11  11.1%   4.1   30s
H127808 98686                    1.757346e+11 1.5617e+11  11.1%   4.1   30s
H128374 99070                    1.757232e+11 1.5617e+11  11.1%   4.1   30s
H129190 99737                    1.757178e+11 1.5617e+11  11.1%   4.1   31s
H131709 101799                    1.757140e+11 1.5617e+11  11.1%   4.0   31s
H137938 106906                    1.757026e+11 1.5617e+11  11.1%   4.0   32s
H138484 107377                    1.756997e+11 1.5617e+11  11.1%   4.0   32s
H139090 107841                    1.756993e+11 1.5617e+11  11.1%   4.0   33s
H141851 110011                    1.756795e+11 1.5617e+11  11.1%   4.0   33s
H142911 110862                    1.756795e+11 1.5617e+11  11.1%   4.0   33s
H145280 112449                    1.755802e+11 1.5617e+11  11.1%   4.0   34s
 148712 114649 1.6921e+11  307   24 1.7558e+11 1.5617e+11  11.1%   4.0   35s
H152735 116509                    1.755371e+11 1.5617e+11  11.0%   4.0   35s
H154475 117599                    1.755370e+11 1.5617e+11  11.0%   3.9   36s
H160477 121169                    1.755368e+11 1.5617e+11  11.0%   3.9   37s
H161564 121720                    1.755220e+11 1.5617e+11  11.0%   3.9   38s
H167206 125625                    1.755200e+11 1.5617e+11  11.0%   3.9   39s
H169925 127573                    1.755192e+11 1.5617e+11  11.0%   3.9   39s
H169992 127590                    1.755177e+11 1.5617e+11  11.0%   3.9   39s
 170550 127919 1.6063e+11  330   25 1.7552e+11 1.5617e+11  11.0%   3.9   40s
H183332 136583                    1.755166e+11 1.5617e+11  11.0%   3.8   42s
 198841 151208 1.6354e+11 3718   21 1.7552e+11 1.5617e+11  11.0%   3.7   45s
H204647 156215                    1.754699e+11 1.5617e+11  11.0%   3.7   45s
H219900 170863                    1.754448e+11 1.5617e+11  11.0%   3.5   47s
H221720 172443                    1.753683e+11 1.5617e+11  10.9%   3.5   48s
 236173 186898 1.6129e+11 5481   18 1.7537e+11 1.5617e+11  10.9%   3.4   50s
H259406 209541                    1.753631e+11 1.5617e+11  10.9%   3.2   53s
H260108 209974                    1.753395e+11 1.5617e+11  10.9%   3.2   53s
H265215 213630                    1.753139e+11 1.5617e+11  10.9%   3.2   54s
 266785 215201 1.6074e+11 1847   25 1.7531e+11 1.5617e+11  10.9%   3.2   55s
H273610 221889                    1.752725e+11 1.5617e+11  10.9%   3.2   55s
H298127 242857                    1.751712e+11 1.5617e+11  10.8%   3.1   59s
 298863 243285 1.7416e+11  355   23 1.7517e+11 1.5617e+11  10.8%   3.1   60s
H300338 244055                    1.751703e+11 1.5617e+11  10.8%   3.1   60s
H305212 245845                    1.749956e+11 1.5617e+11  10.8%   3.1   61s
H308762 247400                    1.749810e+11 1.5617e+11  10.8%   3.1   62s
H310888 248444                    1.749582e+11 1.5617e+11  10.7%   3.1   62s
H314184 250110                    1.749577e+11 1.5617e+11  10.7%   3.1   63s
 319757 253167 infeasible  333      1.7496e+11 1.5617e+11  10.7%   3.1   65s
H320759 253344                    1.748066e+11 1.5617e+11  10.7%   3.1   65s
H323827 254734                    1.747907e+11 1.5617e+11  10.7%   3.1   66s
H332836 258604                    1.745741e+11 1.5617e+11  10.5%   3.2   68s
H333181 258824                    1.745731e+11 1.5617e+11  10.5%   3.2   68s
H336799 260859                    1.745703e+11 1.5617e+11  10.5%   3.2   69s
H337088 260993                    1.745693e+11 1.5617e+11  10.5%   3.2   69s
 339624 262509 1.7198e+11  298   30 1.7457e+11 1.5617e+11  10.5%   3.2   70s
H357638 275096                    1.745692e+11 1.5617e+11  10.5%   3.2   73s
H357864 272714                    1.742152e+11 1.5617e+11  10.4%   3.2   74s
 362241 276185 1.6769e+11  292   33 1.7422e+11 1.5617e+11  10.4%   3.2   75s
 394361 305467 1.5968e+11  302   24 1.7422e+11 1.5617e+11  10.4%   3.1   80s
*397672 289010             310    1.720281e+11 1.5617e+11  9.22%   3.1   81s
*397691 288990             312    1.720221e+11 1.5617e+11  9.22%   3.1   81s
*397695 288987             312    1.720221e+11 1.5617e+11  9.22%   3.1   81s
H400340 290839                    1.720204e+11 1.5617e+11  9.22%   3.1   81s
H400885 291201                    1.720078e+11 1.5617e+11  9.21%   3.1   81s
H401455 291622                    1.720075e+11 1.5617e+11  9.21%   3.1   81s
H419003 307001                    1.719272e+11 1.5617e+11  9.17%   3.0   84s
 421733 309030 1.5892e+11  314   25 1.7193e+11 1.5617e+11  9.17%   3.0   85s
H424571 311330                    1.719234e+11 1.5617e+11  9.16%   3.0   85s
H441948 327271                    1.719184e+11 1.5617e+11  9.16%   3.0   88s
H444336 327552                    1.716854e+11 1.5617e+11  9.04%   3.0   88s
 449146 331363 1.7133e+11  241   24 1.7169e+11 1.5617e+11  9.04%   3.0   90s
H451967 333108                    1.716190e+11 1.5617e+11  9.00%   3.0   90s
H459029 340075                    1.716040e+11 1.5617e+11  9.00%   3.0   91s
H463505 344392                    1.716040e+11 1.5617e+11  9.00%   3.0   91s
H468325 347771                    1.715529e+11 1.5617e+11  8.97%   3.0   92s
H471483 350090                    1.715522e+11 1.5617e+11  8.97%   3.0   93s
H473796 350851                    1.714589e+11 1.5617e+11  8.92%   3.0   94s
H477216 352603                    1.713826e+11 1.5617e+11  8.88%   3.0   95s
H488887 359054                    1.712976e+11 1.5617e+11  8.83%   3.0   97s
H490551 360127                    1.712974e+11 1.5617e+11  8.83%   3.0   97s
 500888 366100 1.6999e+11  306   26 1.7130e+11 1.5617e+11  8.83%   3.0  100s
H510414 366577                    1.705510e+11 1.5617e+11  8.43%   3.0  102s
*510428 365404             370    1.704684e+11 1.5617e+11  8.39%   3.0  102s
H520477 372902                    1.704683e+11 1.5617e+11  8.39%   3.0  104s
H521910 373938                    1.704677e+11 1.5617e+11  8.39%   3.0  104s
 522929 374693 1.5774e+11  329   24 1.7047e+11 1.5617e+11  8.39%   3.0  105s
H526459 377378                    1.704668e+11 1.5617e+11  8.39%   3.0  105s
H527222 378014                    1.704653e+11 1.5617e+11  8.39%   3.0  105s
H527783 378420                    1.704592e+11 1.5617e+11  8.38%   3.0  106s
 548564 396756 1.6582e+11  435   25 1.7046e+11 1.5617e+11  8.38%   3.0  110s
 576676 419559 1.5792e+11  374   26 1.7046e+11 1.5617e+11  8.38%   3.0  115s
 594414 428307 infeasible  341      1.7046e+11 1.5617e+11  8.38%   3.1  120s
*596015 422108             334    1.699079e+11 1.5617e+11  8.09%   3.1  120s
*596026 422113             336    1.699078e+11 1.5617e+11  8.09%   3.1  120s
*596036 421921             337    1.698866e+11 1.5617e+11  8.08%   3.1  120s
*596087 421315             348    1.698359e+11 1.5617e+11  8.05%   3.1  120s
*596088 421314             348    1.698349e+11 1.5617e+11  8.05%   3.1  121s
H597520 409803                    1.687047e+11 1.5617e+11  7.43%   3.1  121s
H600819 412041                    1.687033e+11 1.5617e+11  7.43%   3.1  122s
 609759 417714 1.6063e+11  383   30 1.6870e+11 1.5617e+11  7.43%   3.1  125s
H610526 417054                    1.686405e+11 1.5617e+11  7.40%   3.1  125s
H613472 419054                    1.686402e+11 1.5617e+11  7.40%   3.1  126s
 628016 428824 1.6211e+11  318   16 1.6864e+11 1.5617e+11  7.40%   3.1  130s
 646547 441211 1.6101e+11  297   20 1.6864e+11 1.5617e+11  7.40%   3.2  135s
 664325 452890 1.5835e+11  325   24 1.6864e+11 1.5617e+11  7.40%   3.2  140s
 684432 461761 1.6719e+11  396   18 1.6864e+11 1.5617e+11  7.40%   3.2  145s
H704084 470117                    1.686402e+11 1.5617e+11  7.40%   3.2  150s
 720662 476466 1.5698e+11  358   24 1.6864e+11 1.5617e+11  7.40%   3.3  155s
H735887 482912                    1.686402e+11 1.5617e+11  7.40%   3.3  159s
 738154 483901 infeasible  404      1.6864e+11 1.5617e+11  7.40%   3.3  160s
H748870 488258                    1.686395e+11 1.5617e+11  7.40%   3.3  163s
 755472 491113 1.5787e+11  372   27 1.6864e+11 1.5617e+11  7.40%   3.3  165s
 772023 498106 1.6485e+11  322   32 1.6864e+11 1.5617e+11  7.40%   3.3  170s
 789865 507405 1.6062e+11  360   21 1.6864e+11 1.5617e+11  7.40%   3.4  175s
 807524 517091 1.5617e+11  359   25 1.6864e+11 1.5617e+11  7.40%   3.4  180s
H811856 519133                    1.686391e+11 1.5617e+11  7.40%   3.4  181s
 824682 524435 infeasible  378      1.6864e+11 1.5617e+11  7.40%   3.4  185s
 843188 535714 1.5617e+11  329   25 1.6864e+11 1.5617e+11  7.40%   3.4  190s
H846327 537767                    1.686391e+11 1.5617e+11  7.40%   3.4  190s
 860882 548460 1.6237e+11  290   25 1.6864e+11 1.5617e+11  7.40%   3.4  195s
H861966 549235                    1.686390e+11 1.5617e+11  7.40%   3.4  195s
H870119 552696                    1.685557e+11 1.5617e+11  7.35%   3.4  197s
H873814 555232                    1.685551e+11 1.5617e+11  7.35%   3.4  198s
H876403 548006                    1.683796e+11 1.5617e+11  7.25%   3.4  199s
 878066 549253 1.6457e+11  357   25 1.6838e+11 1.5617e+11  7.25%   3.4  200s
H879497 548256                    1.683275e+11 1.5617e+11  7.22%   3.4  200s
 896962 560794 1.6292e+11  338   26 1.6833e+11 1.5617e+11  7.22%   3.5  205s
 914987 573292 1.6803e+11  335   22 1.6833e+11 1.5617e+11  7.22%   3.5  210s
 931182 583048 1.6746e+11  381   15 1.6833e+11 1.5617e+11  7.22%   3.5  215s
 946440 590972 1.6706e+11  346   20 1.6833e+11 1.5617e+11  7.22%   3.5  220s
H950894 589986                    1.681825e+11 1.5617e+11  7.14%   3.5  221s
H952073 579814                    1.678450e+11 1.5617e+11  6.96%   3.5  221s
 962410 585127 1.6701e+11  343   21 1.6784e+11 1.5617e+11  6.96%   3.5  225s
H977133 592051                    1.678442e+11 1.5617e+11  6.96%   3.5  229s
H977676 592263                    1.678439e+11 1.5617e+11  6.96%   3.5  229s
 978253 592536 infeasible  310      1.6784e+11 1.5617e+11  6.96%   3.5  230s
 993904 599648 1.6581e+11  327   21 1.6784e+11 1.5617e+11  6.96%   3.6  235s
 1011600 610538     cutoff  359      1.6784e+11 1.5617e+11  6.96%   3.6  240s
 1029657 620741 1.5617e+11  316   22 1.6784e+11 1.5617e+11  6.96%   3.6  245s
H1033216 622854                    1.678431e+11 1.5617e+11  6.96%   3.6  246s
 1046683 630615 1.5617e+11  305   26 1.6784e+11 1.5617e+11  6.96%   3.6  250s
H1050907 633231                    1.678419e+11 1.5617e+11  6.96%   3.6  251s
 1062977 640865 infeasible  296      1.6784e+11 1.5617e+11  6.96%   3.6  255s
H1067313 643307                    1.678417e+11 1.5617e+11  6.96%   3.6  256s
 1081871 652892 1.5985e+11 3079   25 1.6784e+11 1.5617e+11  6.96%   3.6  260s
 1109761 678777 1.5874e+11  366   27 1.6784e+11 1.5617e+11  6.96%   3.6  265s
H1123146 688113                    1.678408e+11 1.5617e+11  6.96%   3.6  268s
 1127360 691035 1.6550e+11  315   32 1.6784e+11 1.5617e+11  6.96%   3.6  270s
H1136975 697057                    1.678390e+11 1.5617e+11  6.95%   3.6  272s
 1144273 700266 infeasible  353      1.6784e+11 1.5617e+11  6.95%   3.6  275s
H1155680 702721                    1.677602e+11 1.5617e+11  6.91%   3.6  279s
 1158335 704351 1.5765e+11  311   26 1.6776e+11 1.5617e+11  6.91%   3.6  280s
 1173506 711513 1.6273e+11  330   26 1.6776e+11 1.5617e+11  6.91%   3.6  285s
 1191204 722638 1.6215e+11  350   22 1.6776e+11 1.5617e+11  6.91%   3.7  290s
 1208932 734539 1.5617e+11  312   23 1.6776e+11 1.5617e+11  6.91%   3.7  295s
H1213561 737351                    1.677595e+11 1.5617e+11  6.91%   3.7  296s
 1227101 747081 1.6587e+11  335   25 1.6776e+11 1.5617e+11  6.91%   3.7  300s
H1247245 764929                    1.677594e+11 1.5617e+11  6.91%   3.7  304s
 1249748 767219 1.6701e+11 1294   25 1.6776e+11 1.5617e+11  6.91%   3.7  305s
H1251849 768852                    1.677594e+11 1.5617e+11  6.91%   3.7  305s
 1268206 778224 1.5656e+11  318   24 1.6776e+11 1.5617e+11  6.91%   3.7  310s
H1284808 781163                    1.675400e+11 1.5617e+11  6.79%   3.6  313s
 1292869 788875 1.5948e+11 1520   20 1.6754e+11 1.5617e+11  6.79%   3.6  315s
H1304382 800063                    1.675399e+11 1.5617e+11  6.79%   3.6  316s
 1313523 806588 infeasible  318      1.6754e+11 1.5617e+11  6.79%   3.6  320s
H1323467 812596                    1.675398e+11 1.5617e+11  6.79%   3.6  323s
 1328538 815557 1.5920e+11  305   28 1.6754e+11 1.5617e+11  6.79%   3.6  325s
 1343973 822579 1.6500e+11  307   26 1.6754e+11 1.5617e+11  6.79%   3.7  330s
 1361174 829631 1.5617e+11  301   23 1.6754e+11 1.5617e+11  6.79%   3.7  335s
H1369737 682420                    1.640121e+11 1.5617e+11  4.78%   3.7  337s
H1370383 682767                    1.640119e+11 1.5617e+11  4.78%   3.7  338s
H1370631 682878                    1.640117e+11 1.5617e+11  4.78%   3.7  338s
H1370866 662460                    1.636959e+11 1.5617e+11  4.60%   3.7  338s
H1373061 663772                    1.636958e+11 1.5617e+11  4.60%   3.7  339s
 1373745 664223 infeasible  279      1.6370e+11 1.5617e+11  4.60%   3.7  340s
H1377864 666484                    1.636957e+11 1.5617e+11  4.60%   3.7  341s
H1377891 666445                    1.636937e+11 1.5617e+11  4.60%   3.7  341s
H1382797 668560                    1.636875e+11 1.5617e+11  4.59%   3.7  343s
H1383064 668657                    1.636874e+11 1.5617e+11  4.59%   3.7  343s
 1388752 671125 infeasible  353      1.6369e+11 1.5617e+11  4.59%   3.7  345s
 1404433 677668 1.5727e+11  339   22 1.6369e+11 1.5617e+11  4.59%   3.7  350s
H1406560 678593                    1.636874e+11 1.5617e+11  4.59%   3.7  350s
 1421621 684861 1.5617e+11  328   22 1.6369e+11 1.5617e+11  4.59%   3.7  355s
H1429444 687457                    1.636676e+11 1.5617e+11  4.58%   3.7  357s
 1439224 692107 1.6237e+11  325   22 1.6367e+11 1.5617e+11  4.58%   3.7  360s
 1454697 700833 1.5617e+11  261   26 1.6367e+11 1.5617e+11  4.58%   3.7  365s
H1472181 676679                    1.633697e+11 1.5617e+11  4.41%   3.7  368s
 1476562 679568 1.6336e+11  365   20 1.6337e+11 1.5617e+11  4.41%   3.7  370s
H1484568 684586                    1.633697e+11 1.5617e+11  4.41%   3.7  372s
 1493216 690100 1.6013e+11  358   27 1.6337e+11 1.5617e+11  4.41%   3.7  375s
 1511939 701226 1.5895e+11  357   24 1.6337e+11 1.5617e+11  4.41%   3.7  380s
H1517849 704319                    1.633697e+11 1.5617e+11  4.41%   3.7  381s
 1528100 709463 1.5617e+11  341   24 1.6337e+11 1.5617e+11  4.41%   3.7  385s
 1543820 715414 1.5926e+11  337   25 1.6337e+11 1.5617e+11  4.41%   3.7  390s
 1562283 725134 1.5617e+11  331   24 1.6337e+11 1.5617e+11  4.41%   3.7  395s
 1581003 735865 1.5617e+11  329   26 1.6337e+11 1.5617e+11  4.41%   3.7  400s
H1591513 739935                    1.633070e+11 1.5617e+11  4.37%   3.7  402s
H1598192 734668                    1.630875e+11 1.5617e+11  4.24%   3.7  404s
 1599627 735617 1.5617e+11  313   24 1.6309e+11 1.5617e+11  4.24%   3.7  405s
 1615404 746738 1.5617e+11  377   25 1.6309e+11 1.5617e+11  4.24%   3.8  410s
H1634441 759961                    1.630874e+11 1.5617e+11  4.24%   3.7  414s
 1636654 761062 1.6288e+11  342   21 1.6309e+11 1.5617e+11  4.24%   3.7  415s
 1656531 769848 1.5940e+11  345   24 1.6309e+11 1.5617e+11  4.24%   3.7  420s
 1674261 776183 1.5617e+11  367   25 1.6309e+11 1.5617e+11  4.24%   3.7  425s
 1694407 783147     cutoff  347      1.6309e+11 1.5617e+11  4.24%   3.7  430s
 1713222 788717 1.5862e+11  348   26 1.6309e+11 1.5617e+11  4.24%   3.7  435s
 1732075 797354 1.6150e+11  392   17 1.6309e+11 1.5617e+11  4.24%   3.7  440s
 1748358 803260 1.5617e+11  342   23 1.6309e+11 1.5617e+11  4.24%   3.7  445s
 1764164 808405 1.5618e+11  360   36 1.6309e+11 1.5617e+11  4.24%   3.7  450s
 1777691 811919 1.5617e+11  336   25 1.6309e+11 1.5617e+11  4.24%   3.7  455s
 1793060 815788 1.5916e+11  348   30 1.6309e+11 1.5617e+11  4.24%   3.8  460s
 1808815 819395 1.5617e+11  354   25 1.6309e+11 1.5617e+11  4.24%   3.8  465s
 1823622 822998 1.5617e+11  348   21 1.6309e+11 1.5617e+11  4.24%   3.8  470s
 1840006 829023 1.5986e+11  352   29 1.6309e+11 1.5617e+11  4.24%   3.8  475s
 1857684 836141 1.5618e+11  345   31 1.6309e+11 1.5617e+11  4.24%   3.8  480s
 1876239 841676 1.5961e+11  347   37 1.6309e+11 1.5617e+11  4.24%   3.8  485s
 1894180 847081 1.6027e+11  341   34 1.6309e+11 1.5617e+11  4.24%   3.8  490s
 1912207 853806 infeasible  344      1.6309e+11 1.5617e+11  4.24%   3.8  495s
 1928606 859674 1.5617e+11  345   24 1.6309e+11 1.5617e+11  4.24%   3.8  500s
 1944873 864695 1.6041e+11  330   36 1.6309e+11 1.5617e+11  4.24%   3.8  505s
H1956781 869173                    1.630874e+11 1.5617e+11  4.24%   3.8  508s
 1962603 870750 1.5876e+11  348   24 1.6309e+11 1.5617e+11  4.24%   3.8  510s
 1977929 875472 1.5617e+11  333   23 1.6309e+11 1.5617e+11  4.24%   3.8  515s
 1998737 884352 1.5617e+11  328   27 1.6309e+11 1.5617e+11  4.24%   3.8  520s
 2017818 892659 1.5617e+11  357   27 1.6309e+11 1.5617e+11  4.24%   3.8  525s
 2037339 899932 1.5617e+11  349   24 1.6309e+11 1.5617e+11  4.24%   3.8  530s
 2056812 907595 1.5617e+11  355   24 1.6309e+11 1.5617e+11  4.24%   3.8  535s
 2076617 916125 1.5907e+11  362   30 1.6309e+11 1.5617e+11  4.24%   3.8  540s
 2095966 923543 1.5617e+11  339   25 1.6309e+11 1.5617e+11  4.24%   3.8  545s
 2113383 929924 infeasible  369      1.6309e+11 1.5617e+11  4.24%   3.8  550s
 2131372 937815 1.5998e+11  329   21 1.6309e+11 1.5617e+11  4.24%   3.8  555s
 2148591 943207 1.5795e+11  337   24 1.6309e+11 1.5617e+11  4.24%   3.8  560s
 2165479 949502 infeasible  345      1.6309e+11 1.5617e+11  4.24%   3.8  565s
 2182138 953877 infeasible  340      1.6309e+11 1.5617e+11  4.24%   3.8  570s
 2197384 957861     cutoff  338      1.6309e+11 1.5617e+11  4.24%   3.8  575s
 2212102 960798 1.5617e+11  342   23 1.6309e+11 1.5617e+11  4.24%   3.8  580s
 2225360 963195 1.6200e+11  346   23 1.6309e+11 1.5617e+11  4.24%   3.8  585s
 2239949 967240 1.5617e+11  336   22 1.6309e+11 1.5617e+11  4.24%   3.8  590s
 2254304 969789 1.5951e+11  352   33 1.6309e+11 1.5617e+11  4.24%   3.8  595s
H2266228 966722                    1.629988e+11 1.5617e+11  4.19%   3.8  599s
 2268527 967288 1.5617e+11  350   26 1.6300e+11 1.5617e+11  4.19%   3.8  600s
 2282812 970917 1.6279e+11  351   28 1.6300e+11 1.5617e+11  4.19%   3.8  605s
 2296868 974254 1.5617e+11  337   25 1.6300e+11 1.5617e+11  4.19%   3.8  610s
 2311225 977423     cutoff  346      1.6300e+11 1.5617e+11  4.19%   3.8  615s
 2325652 980941 1.6236e+11  340   33 1.6300e+11 1.5617e+11  4.19%   3.8  620s
 2339800 985328 1.6012e+11  330   29 1.6300e+11 1.5617e+11  4.19%   3.8  625s
 2357470 992083 1.6134e+11  341   21 1.6300e+11 1.5617e+11  4.19%   3.8  630s
 2373168 996341 1.5617e+11  338   22 1.6300e+11 1.5617e+11  4.19%   3.8  635s
 2388110 999637 1.5617e+11  328   25 1.6300e+11 1.5617e+11  4.19%   3.8  640s
 2403886 1004636 1.5913e+11  343   25 1.6300e+11 1.5617e+11  4.19%   3.8  645s
 2424011 1012616 1.5874e+11  364   25 1.6300e+11 1.5617e+11  4.19%   3.8  650s
 2447840 1023052 1.5617e+11  331   25 1.6300e+11 1.5617e+11  4.19%   3.8  655s
 2468946 1030814 1.5617e+11  327   23 1.6300e+11 1.5617e+11  4.19%   3.8  660s
H2471079 1019937                    1.628442e+11 1.5617e+11  4.10%   3.8  660s
 2490763 1028352 1.5636e+11  311   31 1.6284e+11 1.5617e+11  4.10%   3.8  665s
 2512327 1038736     cutoff  349      1.6284e+11 1.5617e+11  4.10%   3.8  670s
 2534739 1047802 1.5871e+11  317   23 1.6284e+11 1.5617e+11  4.10%   3.8  675s
 2556741 1061556 1.5617e+11  269   25 1.6284e+11 1.5617e+11  4.10%   3.8  680s
 2576765 1073993 1.5673e+11  322   29 1.6284e+11 1.5617e+11  4.10%   3.8  685s
 2601517 1086715 1.5617e+11  308   23 1.6284e+11 1.5617e+11  4.10%   3.8  690s
H2619384 1092775                    1.628411e+11 1.5617e+11  4.10%   3.8  693s
 2626131 1095571 1.5617e+11  351   21 1.6284e+11 1.5617e+11  4.10%   3.8  695s
 2647933 1109228 1.6077e+11  350   25 1.6284e+11 1.5617e+11  4.10%   3.8  700s
H2659584 949289                    1.617147e+11 1.5617e+11  3.43%   3.8  703s
 2667447 953536 1.5617e+11  346   23 1.6171e+11 1.5617e+11  3.43%   3.8  705s
 2685426 958512 1.5617e+11  404   25 1.6171e+11 1.5617e+11  3.43%   3.8  710s
 2702800 963943 infeasible  430      1.6171e+11 1.5617e+11  3.43%   3.8  715s
 2720162 968703 1.5617e+11  333   23 1.6171e+11 1.5617e+11  3.43%   3.8  720s
 2739237 974715 1.5617e+11  353   25 1.6171e+11 1.5617e+11  3.43%   3.8  725s
 2758015 980796 1.5617e+11  355   26 1.6171e+11 1.5617e+11  3.43%   3.8  730s
 2776209 986634 1.6106e+11  351   22 1.6171e+11 1.5617e+11  3.43%   3.7  735s
 2795489 992175     cutoff  372      1.6171e+11 1.5617e+11  3.43%   3.7  740s
H2803736 993885                    1.617146e+11 1.5617e+11  3.43%   3.7  742s
 2810498 995239 1.5629e+11  379   25 1.6171e+11 1.5617e+11  3.43%   3.7  745s
 2826359 999263 1.5617e+11  348   24 1.6171e+11 1.5617e+11  3.43%   3.7  750s
 2843468 1004620 1.5617e+11  340   25 1.6171e+11 1.5617e+11  3.43%   3.7  755s
 2863128 1010694 1.5617e+11  381   23 1.6171e+11 1.5617e+11  3.43%   3.7  760s
 2881024 1015608 1.5617e+11  391   22 1.6171e+11 1.5617e+11  3.43%   3.7  765s
H2889219 1017498                    1.617146e+11 1.5617e+11  3.43%   3.7  767s
 2899202 1020048 1.5617e+11  421   26 1.6171e+11 1.5617e+11  3.43%   3.7  770s
 2916397 1024333 1.5850e+11  387   34 1.6171e+11 1.5617e+11  3.43%   3.7  775s
H2917335 1023881                    1.617078e+11 1.5617e+11  3.43%   3.7  775s
H2927573 1026697                    1.617078e+11 1.5617e+11  3.43%   3.7  778s
 2932870 1028194 1.5972e+11  405   25 1.6171e+11 1.5617e+11  3.43%   3.7  780s
 2948947 1032286 1.5617e+11  423   24 1.6171e+11 1.5617e+11  3.43%   3.7  785s
 2966234 1036397 1.5617e+11  391   25 1.6171e+11 1.5617e+11  3.43%   3.7  790s
 2986135 1041096 1.6086e+11  452   21 1.6171e+11 1.5617e+11  3.43%   3.7  795s
 3004877 1045317 1.5738e+11  426   29 1.6171e+11 1.5617e+11  3.43%   3.7  800s
 3022726 1049670 1.6125e+11  321   35 1.6171e+11 1.5617e+11  3.43%   3.7  805s
H3028552 1038130                    1.615645e+11 1.5617e+11  3.34%   3.7  806s
 3041241 1044007 1.6082e+11  318   22 1.6156e+11 1.5617e+11  3.34%   3.7  810s
 3062485 1055886 1.5805e+11  316   27 1.6156e+11 1.5617e+11  3.34%   3.7  815s
 3083436 1067501 1.5617e+11  313   26 1.6156e+11 1.5617e+11  3.34%   3.7  820s
H3095335 1074701                    1.615618e+11 1.5617e+11  3.34%   3.7  822s
 3104457 1080407 1.5680e+11  337   33 1.6156e+11 1.5617e+11  3.34%   3.7  825s
 3121917 1091631 1.5617e+11  245   23 1.6156e+11 1.5617e+11  3.34%   3.7  830s
 3141087 1103336 1.5876e+11  331   25 1.6156e+11 1.5617e+11  3.34%   3.7  835s
H3154346 1111100                    1.615617e+11 1.5617e+11  3.34%   3.7  838s
 3161094 1114924 1.5617e+11  272   24 1.6156e+11 1.5617e+11  3.34%   3.7  840s
 3183756 1131059     cutoff  313      1.6156e+11 1.5617e+11  3.34%   3.7  845s
 3203466 1143508 1.6137e+11  377   21 1.6156e+11 1.5617e+11  3.34%   3.7  850s
 3222876 1154975     cutoff  315      1.6156e+11 1.5617e+11  3.34%   3.7  855s
H3243631 1167304                    1.615596e+11 1.5617e+11  3.34%   3.7  859s
 3244236 1167699 1.5895e+11  328   22 1.6156e+11 1.5617e+11  3.34%   3.7  860s
 3265343 1179604 1.5617e+11  294   24 1.6156e+11 1.5617e+11  3.34%   3.7  865s
 3286349 1192080 1.6116e+11  326   23 1.6156e+11 1.5617e+11  3.34%   3.7  870s
H3300614 1201824                    1.615596e+11 1.5617e+11  3.34%   3.7  873s
 3307819 1207166 1.5617e+11  390   20 1.6156e+11 1.5617e+11  3.34%   3.7  875s
 3326809 1218355 1.6120e+11  382   22 1.6156e+11 1.5617e+11  3.34%   3.7  880s
H3335116 1221391                    1.615566e+11 1.5617e+11  3.34%   3.7  882s
 3346210 1226514 1.5617e+11  358   22 1.6156e+11 1.5617e+11  3.34%   3.7  885s
H3358614 1233527                    1.615559e+11 1.5617e+11  3.34%   3.7  887s
 3366790 1238614 1.5670e+11  399   23 1.6156e+11 1.5617e+11  3.34%   3.7  890s
 3388154 1249731 1.6095e+11  400   20 1.6156e+11 1.5617e+11  3.34%   3.7  895s
 3407236 1260047 1.5617e+11  299   22 1.6156e+11 1.5617e+11  3.34%   3.7  900s
 3427794 1273565 1.5617e+11  404   27 1.6156e+11 1.5617e+11  3.34%   3.7  905s
 3449360 1282573 1.5979e+11  324   22 1.6156e+11 1.5617e+11  3.34%   3.7  910s
 3469498 1291403 infeasible  286      1.6156e+11 1.5617e+11  3.34%   3.7  915s
 3491795 1306185 1.5617e+11  262   23 1.6156e+11 1.5617e+11  3.34%   3.7  920s
 3510308 1313046 1.6069e+11  348   24 1.6156e+11 1.5617e+11  3.34%   3.7  925s
 3527892 1316949 1.5617e+11  323   22 1.6156e+11 1.5617e+11  3.34%   3.7  930s
 3544237 1322937 1.5617e+11  293   22 1.6156e+11 1.5617e+11  3.34%   3.7  935s
 3560363 1327745 1.5617e+11  342   25 1.6156e+11 1.5617e+11  3.34%   3.7  940s
 3577659 1335501 infeasible  347      1.6156e+11 1.5617e+11  3.34%   3.7  945s
H3577941 1335543                    1.615559e+11 1.5617e+11  3.34%   3.7  945s
 3592167 1340380 1.5617e+11  331   24 1.6156e+11 1.5617e+11  3.34%   3.7  950s
 3607697 1346302 1.5728e+11  377   31 1.6156e+11 1.5617e+11  3.34%   3.7  955s
 3619719 1349884 infeasible  345      1.6156e+11 1.5617e+11  3.34%   3.7  960s
 3634423 1355550 1.5617e+11  340   23 1.6156e+11 1.5617e+11  3.34%   3.7  965s
 3649824 1360788 1.5617e+11  322   22 1.6156e+11 1.5617e+11  3.34%   3.7  970s
 3666849 1367626 1.5617e+11  271   25 1.6156e+11 1.5617e+11  3.34%   3.7  975s
H3681810 1375904                    1.615557e+11 1.5617e+11  3.34%   3.7  979s
 3685220 1377995 1.5617e+11  291   23 1.6156e+11 1.5617e+11  3.34%   3.7  980s
 3702473 1389542 infeasible  292      1.6156e+11 1.5617e+11  3.34%   3.7  985s
 3719655 1398708 1.5617e+11  343   23 1.6156e+11 1.5617e+11  3.34%   3.7  990s
 3737529 1406124 1.5617e+11  325   24 1.6156e+11 1.5617e+11  3.34%   3.7  995s

Cutting planes:
  MIR: 1
  Flow cover: 1

Explored 3755295 nodes (13906553 simplex iterations) in 1000.01 seconds
Thread count was 1 (of 8 available processors)

Time limit reached
Best objective 1.615557205080e+11, best bound 1.561674638220e+11, gap 3.3352%
