Machine activation
Machine failure 1
Job addition 18830
Job cancellation 170
Processing-time reduction 123 576
Job cancellation 58
Job addition 10056
Processing-time reduction 112 6357
Job cancellation 50
Job addition 4709
Processing-time augmentation 19 15420
Processing-time augmentation 29 10129
Processing-time augmentation 7 18587
Job addition 5557
Processing-time reduction 62 887
Job addition 15675
Processing-time augmentation 58 14882
Job addition 2678
Processing-time reduction 9 16078
Processing-time augmentation 183 3455
Job cancellation 160
Job addition 11506
Job cancellation 127
Job addition 10671
Job addition 14188
Job cancellation 146
Processing-time reduction 97 5202
Job addition 16932
Job addition 18579
Job addition 1414
Job addition 18688
Processing-time augmentation 29 6692
Job addition 7374
Job addition 12092
Job cancellation 69
Processing-time augmentation 175 7253
Processing-time reduction 7 6138
Processing-time reduction 96 9613
Processing-time augmentation 12 1071
Processing-time reduction 106 12500
Job cancellation 147
Processing-time reduction 53 6973
