Machine activation
Machine activation
Machine failure 8
Processing-time reduction 19 356
Processing-time augmentation 87 1643
Job addition 535
Processing-time augmentation 90 1084
Processing-time reduction 57 266
Processing-time reduction 55 25
Job addition 1496
Processing-time augmentation 85 1703
Processing-time reduction 42 319
Job cancellation 30
Processing-time augmentation 62 1858
Processing-time reduction 12 927
Job addition 798
Processing-time reduction 92 658
Processing-time reduction 40 243
Job cancellation 41
Processing-time reduction 92 1038
Processing-time reduction 34 289
Processing-time reduction 40 419
Processing-time augmentation 49 1056
