Machine failure 4
Machine failure 11
Machine activation
Job addition 5594
Job addition 2656
Job addition 6090
Processing-time augmentation 78 12369
Job addition 8821
Processing-time augmentation 46 15773
Job addition 16027
Processing-time augmentation 44 19816
Processing-time reduction 111 267
Processing-time augmentation 43 14797
Job addition 3850
Job addition 12045
Job cancellation 160
Processing-time reduction 114 2492
Processing-time augmentation 24 4976
Job cancellation 48
Processing-time reduction 142 9039
Processing-time augmentation 118 5941
Job addition 511
Processing-time reduction 61 510
Processing-time augmentation 30 19368
Processing-time augmentation 3 16310
Job addition 1663
Job cancellation 90
Processing-time augmentation 35 13074
Processing-time reduction 99 1999
Job cancellation 164
Job addition 3976
Processing-time augmentation 61 19609
Job addition 4865
Processing-time augmentation 26 18690
Processing-time augmentation 23 18826
Processing-time augmentation 102 8875
Processing-time reduction 140 6033
Processing-time augmentation 65 18461
Processing-time augmentation 128 5480
Job cancellation 107
Processing-time reduction 193 6725
Processing-time augmentation 187 7363
Job cancellation 52
