Machine failure 11
Machine activation
Machine activation
Machine activation
Job addition 1213
Job cancellation 19
Processing-time reduction 28 27
Job addition 720
Processing-time reduction 53 328
Processing-time reduction 80 136
Job cancellation 51
Job addition 1513
Processing-time augmentation 31 196
Job cancellation 11
Job addition 818
Processing-time reduction 69 114
Job addition 1489
Processing-time augmentation 0 1637
Job cancellation 83
Job cancellation 71
Job addition 1715
Job addition 605
Job addition 1190
Job cancellation 57
