Machine activation
Machine failure 4
Processing-time augmentation 2 18600
Processing-time reduction 106 1381
Job addition 984
Processing-time augmentation 76 12068
Job cancellation 116
Processing-time augmentation 173 3975
Processing-time reduction 199 309
Processing-time augmentation 96 16071
Processing-time augmentation 20 19480
Processing-time reduction 90 2183
Job cancellation 85
Processing-time reduction 162 5334
Processing-time augmentation 100 12578
Job addition 6088
Processing-time augmentation 160 11157
Job cancellation 91
Job addition 11328
Processing-time augmentation 54 10209
Processing-time reduction 135 2820
Job cancellation 39
Job cancellation 157
Job cancellation 196
Processing-time augmentation 87 9532
Job addition 15885
Job addition 6349
Processing-time reduction 83 2614
Job addition 3419
Job addition 4572
Job cancellation 102
Processing-time augmentation 28 14791
Job cancellation 155
Job cancellation 136
Processing-time reduction 167 7001
Processing-time augmentation 94 18086
Job addition 2256
Processing-time reduction 37 6499
Job cancellation 117
Job addition 4131
Processing-time augmentation 26 9578
Job cancellation 0
