Machine failure 10
Machine failure 0
Machine failure 10
Machine failure 9
Job addition 16758
Job addition 2352
Processing-time reduction 30 4516
Processing-time reduction 176 2805
Job addition 13350
Processing-time augmentation 299 17976
Job addition 14817
Job cancellation 296
Processing-time reduction 53 12276
Processing-time augmentation 236 17958
Processing-time augmentation 222 13996
Job addition 12045
Job cancellation 37
Job addition 12112
Processing-time augmentation 273 16758
Processing-time reduction 241 2738
Processing-time reduction 269 627
Job cancellation 140
Processing-time reduction 227 5351
Processing-time augmentation 288 15192
Processing-time reduction 103 2269
Processing-time reduction 170 5184
Processing-time augmentation 98 8502
Processing-time augmentation 39 15351
Processing-time augmentation 267 18707
Job addition 1585
Processing-time reduction 271 10684
Job cancellation 77
Job cancellation 267
Processing-time reduction 181 1135
Processing-time reduction 110 6037
Processing-time reduction 265 9706
Job cancellation 122
Processing-time reduction 213 4681
Processing-time reduction 78 5431
Job cancellation 205
Job addition 1940
Job cancellation 265
Processing-time augmentation 137 15952
Processing-time augmentation 172 9890
Processing-time augmentation 142 16555
Processing-time augmentation 180 14855
Processing-time augmentation 116 19855
Job addition 9577
Job addition 15973
Processing-time reduction 259 4135
Processing-time reduction 235 3604
Job addition 18832
Processing-time reduction 189 4412
Processing-time augmentation 230 17211
Job addition 11997
Processing-time augmentation 49 15854
Job addition 17056
Job cancellation 135
Job addition 13189
Processing-time reduction 145 12828
Processing-time augmentation 257 6577
Job cancellation 8
Processing-time reduction 262 2069
Processing-time augmentation 59 17323
