Found incumbent of value 3.5935432e+08 after 0.00 sec. (0.02 ticks)
Tried aggregator 2 times.
Aggregator did 5 substitutions.
Reduced MIP has 45 rows, 201 columns, and 405 nonzeros.
Reduced MIP has 200 binaries, 0 generals, 0 SOSs, and 0 indicators.
Presolve time = 0.00 sec. (0.48 ticks)
Probing time = 0.00 sec. (0.13 ticks)
Cover probing fixed 0 vars, tightened 8 bounds.
Tried aggregator 1 time.
Reduced MIP has 45 rows, 201 columns, and 405 nonzeros.
Reduced MIP has 200 binaries, 0 generals, 0 SOSs, and 0 indicators.
Presolve time = 0.00 sec. (0.27 ticks)
Probing time = 0.00 sec. (0.11 ticks)
Clique table members: 40.
MIP emphasis: balance optimality and feasibility.
MIP search method: dynamic search.
Parallel mode: none, using 1 thread.
Root relaxation solution time = 0.00 sec. (0.45 ticks)

        Nodes                                         Cuts/
   Node  Left     Objective  IInf  Best Integer    Best Bound    ItCnt     Gap

*     0+    0                       3.59354e+08   1.64432e+07            95.42%
      0     0   7.18709e+07     8   3.59354e+08   7.18709e+07       60   80.00%
*     0+    0                       7.86223e+07   7.18709e+07             8.59%
      0     0   7.18709e+07     9   7.86223e+07      Fract: 2       65    8.59%
*     0+    0                       7.75948e+07   7.18709e+07             7.38%
      0     0   7.18709e+07    10   7.75948e+07       Cuts: 6       76    7.38%
*     0+    0                       7.74633e+07   7.18709e+07             7.22%
*     0+    0                       7.58963e+07   7.18709e+07             5.30%
*     0+    0                       7.49383e+07   7.18709e+07             4.09%
*     0+    0                       7.35890e+07   7.18709e+07             2.33%
      0     2   7.18709e+07     8   7.35890e+07   7.18709e+07       78    2.33%
Elapsed time = 0.01 sec. (7.73 ticks, tree = 0.01 MB, solutions = 7)
*    20+   20                       7.34874e+07   7.18709e+07             2.20%
*    40+   40                       7.34738e+07   7.18709e+07             2.18%
*    50+   49                       7.30830e+07   7.18709e+07             1.66%
*    60+   55                       7.26229e+07   7.18709e+07             1.04%
*    70+   62                       7.24436e+07   7.18709e+07             0.79%
*    77    65      integral     0   7.21439e+07   7.18709e+07      250    0.38%
*   160+  134                       7.21063e+07   7.18709e+07             0.33%
*   175   148      integral     0   7.20946e+07   7.18709e+07      475    0.31%
*   200+  170                       7.20870e+07   7.18709e+07             0.30%
*   220+  186                       7.20123e+07   7.18709e+07             0.20%
*   286   242      integral     0   7.20082e+07   7.18709e+07      715    0.19%
*   386+  332                       7.19882e+07   7.18709e+07             0.16%
*  1699+  878                       7.19846e+07   7.18709e+07             0.16%
   1699   880   7.19054e+07     7   7.19846e+07   7.18709e+07     4334    0.16%
   1700   881   7.19054e+07     7   7.19846e+07   7.18709e+07     4335    0.16%
   1701   882   7.19054e+07     7   7.19846e+07   7.18709e+07     4336    0.16%
   1702   883   7.19054e+07     7   7.19846e+07   7.18709e+07     4337    0.16%
   1703   884   7.19054e+07     7   7.19846e+07   7.18709e+07     4338    0.16%
   1704   885   7.19054e+07     7   7.19846e+07   7.18709e+07     4339    0.16%
   1705   884        cutoff         7.19846e+07   7.18709e+07     4340    0.16%
   1706   883        cutoff         7.19846e+07   7.18709e+07     4342    0.16%
   1707   884   7.18709e+07     7   7.19846e+07   7.18709e+07     4346    0.16%
*  1999+  986                       7.19513e+07   7.18709e+07             0.11%
*  1999+  986                       7.19494e+07   7.18709e+07             0.11%
*  3199+ 1853                       7.19449e+07   7.18709e+07             0.10%
*  4799+ 2926                       7.19342e+07   7.18709e+07             0.09%
*  6551  3941      integral     0   7.19252e+07   7.18709e+07    13300    0.08%
*  7034  3850      integral     0   7.19221e+07   7.18709e+07    14043    0.07%
*  7511  3141      integral     0   7.18948e+07   7.18709e+07    14784    0.03%
*  7569+ 2851                       7.18841e+07   7.18709e+07             0.02%
  10299  4177   7.18709e+07     8   7.18841e+07   7.18709e+07    19887    0.02%
Elapsed time = 1.78 sec. (1150.66 ticks, tree = 1.40 MB, solutions = 28)
  34224 17330   7.18709e+07     7   7.18841e+07   7.18709e+07    64170    0.02%
  34225 17331   7.18709e+07     7   7.18841e+07   7.18709e+07    64172    0.02%
  34226 17332   7.18709e+07     7   7.18841e+07   7.18709e+07    64173    0.02%
  34227 17331        cutoff         7.18841e+07   7.18709e+07    64175    0.02%
  34228 17332   7.18709e+07     7   7.18841e+07   7.18709e+07    64176    0.02%
  34229 17331        cutoff         7.18841e+07   7.18709e+07    64178    0.02%
  34230 17332   7.18709e+07     7   7.18841e+07   7.18709e+07    64179    0.02%
  34231 17333   7.18709e+07     7   7.18841e+07   7.18709e+07    64181    0.02%
  34232 17332        cutoff         7.18841e+07   7.18709e+07    64184    0.02%
  34233 17333   7.18709e+07     6   7.18841e+07   7.18709e+07    64187    0.02%
Elapsed time = 2.94 sec. (2104.66 ticks, tree = 5.80 MB, solutions = 28)
  57051 26625   7.18709e+07     7   7.18841e+07   7.18709e+07   106895    0.02%
  57052 26626   7.18709e+07     7   7.18841e+07   7.18709e+07   106896    0.02%
  57053 26627   7.18709e+07     7   7.18841e+07   7.18709e+07   106897    0.02%
  57054 26628   7.18709e+07     7   7.18841e+07   7.18709e+07   106898    0.02%
  57055 26629   7.18709e+07     7   7.18841e+07   7.18709e+07   106899    0.02%
  57056 26630   7.18709e+07     7   7.18841e+07   7.18709e+07   106900    0.02%
  57057 26631   7.18709e+07     7   7.18841e+07   7.18709e+07   106901    0.02%
  57058 26632   7.18709e+07     7   7.18841e+07   7.18709e+07   106902    0.02%
  57059 26633   7.18830e+07     5   7.18841e+07   7.18709e+07   106903    0.02%
  57060 26634   7.18830e+07     5   7.18841e+07   7.18709e+07   106904    0.02%
Elapsed time = 4.14 sec. (3058.62 ticks, tree = 8.45 MB, solutions = 28)
  77751 34671   7.18722e+07     7   7.18841e+07   7.18709e+07   145929    0.02%
  77752 34672   7.18722e+07     7   7.18841e+07   7.18709e+07   145934    0.02%
  77753 34673   7.18722e+07     7   7.18841e+07   7.18709e+07   145935    0.02%
  77754 34673   7.18722e+07     7   7.18841e+07   7.18709e+07   145936    0.02%
  77755 34672        cutoff         7.18841e+07   7.18709e+07   145938    0.02%
  77756 34673   7.18709e+07     8   7.18841e+07   7.18709e+07   145940    0.02%
  77757 34674   7.18709e+07     8   7.18841e+07   7.18709e+07   145941    0.02%
  77758 34675   7.18709e+07     8   7.18841e+07   7.18709e+07   145948    0.02%
  77759 34676   7.18709e+07     8   7.18841e+07   7.18709e+07   145950    0.02%
  77760 34675        cutoff         7.18841e+07   7.18709e+07   145953    0.02%
Elapsed time = 5.37 sec. (4012.79 ticks, tree = 11.76 MB, solutions = 28)
* 88957 38098      integral     0   7.18839e+07   7.18709e+07   167873    0.02%
  98035 41121   7.18709e+07     8   7.18839e+07   7.18709e+07   184939    0.02%
  98036 41120        cutoff         7.18839e+07   7.18709e+07   184941    0.02%
  98037 41121   7.18709e+07     6   7.18839e+07   7.18709e+07   184943    0.02%
  98038 41122   7.18709e+07     8   7.18839e+07   7.18709e+07   184949    0.02%
  98039 41123   7.18709e+07     8   7.18839e+07   7.18709e+07   184950    0.02%
  98040 41124   7.18709e+07     8   7.18839e+07   7.18709e+07   184951    0.02%
  98041 41123        cutoff         7.18839e+07   7.18709e+07   184954    0.02%
  98042 41122        cutoff         7.18839e+07   7.18709e+07   184956    0.02%
  98043 41123   7.18709e+07     8   7.18839e+07   7.18709e+07   184957    0.02%
  98044 41123   7.18709e+07     6   7.18839e+07   7.18709e+07   184958    0.02%
Elapsed time = 6.57 sec. (4967.10 ticks, tree = 13.73 MB, solutions = 29)
*105455 37439      integral     0   7.18783e+07   7.18709e+07   199329    0.01%
 117806 40026        cutoff         7.18783e+07   7.18709e+07   223943    0.01%
 117807 40025        cutoff         7.18783e+07   7.18709e+07   223946    0.01%
 117808 40026   7.18709e+07     6   7.18783e+07   7.18709e+07   223947    0.01%
 117809 40027   7.18709e+07     6   7.18783e+07   7.18709e+07   223949    0.01%
 117810 40026        cutoff         7.18783e+07   7.18709e+07   223953    0.01%
 117811 40027   7.18709e+07     6   7.18783e+07   7.18709e+07   223956    0.01%
 117812 40026        cutoff         7.18783e+07   7.18709e+07   223958    0.01%
 117813 40027   7.18709e+07     6   7.18783e+07   7.18709e+07   223959    0.01%
 117814 40028   7.18709e+07     6   7.18783e+07   7.18709e+07   223961    0.01%
 117815 40027        cutoff         7.18783e+07   7.18709e+07   223964    0.01%
Elapsed time = 7.79 sec. (5921.29 ticks, tree = 13.43 MB, solutions = 30)
*120217+36442                       7.18739e+07   7.18709e+07             0.00%

Root node processing (before b&c):
  Real time             =    0.01 sec. (7.77 ticks)
Sequential b&c:
  Real time             =    7.96 sec. (6065.80 ticks)
                          ------------
Total (root+branch&cut) =    7.97 sec. (6073.58 ticks)

Populate: phase II 
Tried aggregator 2 times.
Aggregator did 5 substitutions.
Reduced MIP has 45 rows, 201 columns, and 405 nonzeros.
Reduced MIP has 200 binaries, 0 generals, 0 SOSs, and 0 indicators.
Presolve time = 0.00 sec. (0.48 ticks)
Probing time = 0.00 sec. (0.13 ticks)
Cover probing fixed 0 vars, tightened 8 bounds.
Clique table members: 40.
MIP emphasis: balance optimality and feasibility.
MIP search method: dynamic search.
Parallel mode: none, using 1 thread.
Root relaxation solution time = 0.00 sec. (0.45 ticks)

        Nodes                                         Cuts/
   Node  Left     Objective  IInf  Best Integer    Best Bound    ItCnt     Gap

*     0+    0                       7.18739e+07        0.0000           100.00%
      0     0   7.18709e+07     8   7.18739e+07   7.18709e+07       60    0.00%
      0     2   7.18709e+07     8   7.18739e+07   7.18709e+07       60    0.00%
Elapsed time = 0.04 sec. (11.43 ticks, tree = 0.01 MB, solutions = 43)
      1     3   7.18709e+07     8   7.18739e+07   7.18709e+07       61    0.00%
      2     4   7.18709e+07     7   7.18739e+07   7.18709e+07       63    0.00%
      3     5   7.18709e+07     7   7.18739e+07   7.18709e+07       65    0.00%
      4     6   7.18709e+07     7   7.18739e+07   7.18709e+07       68    0.00%
      5     7   7.18709e+07     7   7.18739e+07   7.18709e+07       71    0.00%
      6     8   7.18709e+07     7   7.18739e+07   7.18709e+07       73    0.00%
      7     9   7.86223e+07     1   7.18739e+07   7.18709e+07       81    0.00%
      8    10   7.18709e+07     7   7.18739e+07   7.18709e+07       85    0.00%
      9    11   7.18709e+07     7   7.18739e+07   7.18709e+07       86    0.00%
     10    12   7.18709e+07     7   7.18739e+07   7.18709e+07       87    0.00%
Elapsed time = 2.87 sec. (1323.28 ticks, tree = 0.01 MB, solutions = 1180)

Root node processing (before b&c):
  Real time             =    0.03 sec. (14.16 ticks)
Sequential b&c:
  Real time             =    4.14 sec. (1804.43 ticks)
                          ------------
Total (root+branch&cut) =    4.17 sec. (1818.59 ticks)
