Found incumbent of value 5.6973836e+09 after 0.00 sec. (0.02 ticks)
Tried aggregator 2 times.
Aggregator did 4 substitutions.
Reduced MIP has 44 rows, 161 columns, and 324 nonzeros.
Reduced MIP has 160 binaries, 0 generals, 0 SOSs, and 0 indicators.
Presolve time = 0.00 sec. (0.38 ticks)
Probing time = 0.00 sec. (0.09 ticks)
Cover probing fixed 0 vars, tightened 6 bounds.
Tried aggregator 1 time.
Reduced MIP has 44 rows, 161 columns, and 324 nonzeros.
Reduced MIP has 160 binaries, 0 generals, 0 SOSs, and 0 indicators.
Presolve time = 0.00 sec. (0.21 ticks)
Probing time = 0.00 sec. (0.07 ticks)
Clique table members: 40.
MIP emphasis: balance optimality and feasibility.
MIP search method: dynamic search.
Parallel mode: none, using 1 thread.
Root relaxation solution time = 0.00 sec. (0.37 ticks)

        Nodes                                         Cuts/
   Node  Left     Objective  IInf  Best Integer    Best Bound    ItCnt     Gap

*     0+    0                       5.69738e+09   2.24470e+08            96.06%
      0     0   1.42435e+09     6   5.69738e+09   1.42435e+09       54   75.00%
*     0+    0                       1.55157e+09   1.42435e+09             8.20%
      0     0   1.42435e+09     8   1.55157e+09      Fract: 2       58    8.20%
*     0+    0                       1.43096e+09   1.42435e+09             0.46%
      0     2   1.42435e+09     8   1.43096e+09   1.42435e+09       58    0.46%
Elapsed time = 0.01 sec. (4.29 ticks, tree = 0.01 MB, solutions = 3)
*   100+   91                       1.43050e+09   1.42435e+09             0.43%
*   107    88      integral     0   1.42809e+09   1.42435e+09      266    0.26%
*   207+  158                       1.42590e+09   1.42435e+09             0.11%
*  1010+  698                       1.42574e+09   1.42435e+09             0.10%
*  3011+ 1410                       1.42551e+09   1.42435e+09             0.08%
*  3011+ 1410                       1.42551e+09   1.42435e+09             0.08%
   3088  1475   1.42435e+09     5   1.42551e+09   1.42435e+09     6525    0.08%
   3089  1475   1.42435e+09     5   1.42551e+09   1.42435e+09     6526    0.08%
   3090  1476   1.42435e+09     5   1.42551e+09   1.42435e+09     6528    0.08%
   3091  1477   1.42435e+09     5   1.42551e+09   1.42435e+09     6529    0.08%
   3092  1478   1.42435e+09     5   1.42551e+09   1.42435e+09     6530    0.08%
   3093  1479   1.42435e+09     5   1.42551e+09   1.42435e+09     6531    0.08%
   3094  1480   1.42435e+09     5   1.42551e+09   1.42435e+09     6532    0.08%
   3095  1481   1.42435e+09     5   1.42551e+09   1.42435e+09     6533    0.08%
   3096  1480        cutoff         1.42551e+09   1.42435e+09     6535    0.08%
*  3511+ 1726                       1.42533e+09   1.42435e+09             0.07%
*  4051+ 1844                       1.42503e+09   1.42435e+09             0.05%
*  5111+ 2505                       1.42477e+09   1.42435e+09             0.03%
*  6111+ 3108                       1.42475e+09   1.42435e+09             0.03%
*  9485  4718      integral     0   1.42453e+09   1.42435e+09    18867    0.01%
  11091  5540   1.42435e+09     6   1.42453e+09   1.42435e+09    22360    0.01%
Elapsed time = 2.71 sec. (1028.29 ticks, tree = 1.93 MB, solutions = 14)
  31483 14502   1.42435e+09     6   1.42453e+09   1.42435e+09    66683    0.01%
  31484 14501        cutoff         1.42453e+09   1.42435e+09    66686    0.01%
  31485 14500        cutoff         1.42453e+09   1.42435e+09    66687    0.01%
  31486 14499        cutoff         1.42453e+09   1.42435e+09    66688    0.01%
  31487 14500   1.42435e+09     5   1.42453e+09   1.42435e+09    66691    0.01%
  31488 14501   1.42435e+09     6   1.42453e+09   1.42435e+09    66693    0.01%
  31489 14502   1.42435e+09     5   1.42453e+09   1.42435e+09    66696    0.01%
  31490 14503   1.42435e+09     6   1.42453e+09   1.42435e+09    66699    0.01%
  31491 14504   1.42435e+09     6   1.42453e+09   1.42435e+09    66700    0.01%
  31492 14505   1.42435e+09     6   1.42453e+09   1.42435e+09    66701    0.01%
Elapsed time = 4.81 sec. (1982.34 ticks, tree = 4.99 MB, solutions = 14)
  52999 24344   1.42435e+09     6   1.42453e+09   1.42435e+09   113388    0.01%
  53000 24345   1.42435e+09     6   1.42453e+09   1.42435e+09   113391    0.01%
  53001 24346   1.42435e+09     6   1.42453e+09   1.42435e+09   113392    0.01%
  53002 24345    infeasible         1.42453e+09   1.42435e+09   113392    0.01%
  53003 24344    infeasible         1.42453e+09   1.42435e+09   113392    0.01%
  53004 24345   1.42435e+09     6   1.42453e+09   1.42435e+09   113400    0.01%
  53005 24346   1.42435e+09     6   1.42453e+09   1.42435e+09   113404    0.01%
  53006 24347   1.42435e+09     6   1.42453e+09   1.42435e+09   113407    0.01%
  53007 24348   1.42435e+09     6   1.42453e+09   1.42435e+09   113408    0.01%
  53008 24349   1.42435e+09     6   1.42453e+09   1.42435e+09   113409    0.01%
Elapsed time = 6.89 sec. (2936.38 ticks, tree = 8.56 MB, solutions = 14)
* 65877 28436      integral     0   1.42449e+09   1.42435e+09   145783    0.01%
  71864 31265   1.42435e+09     6   1.42449e+09   1.42435e+09   159885    0.01%
  71865 31264        cutoff         1.42449e+09   1.42435e+09   159887    0.01%
  71866 31263        cutoff         1.42449e+09   1.42435e+09   159890    0.01%
  71867 31262    infeasible         1.42449e+09   1.42435e+09   159890    0.01%
  71868 31261    infeasible         1.42449e+09   1.42435e+09   159890    0.01%
  71869 31260    infeasible         1.42449e+09   1.42435e+09   159890    0.01%
  71870 31261   1.42435e+09     6   1.42449e+09   1.42435e+09   159895    0.01%
  71871 31260        cutoff         1.42449e+09   1.42435e+09   159900    0.01%
  71872 31261   1.42435e+09     6   1.42449e+09   1.42435e+09   159901    0.01%
  71873 31262   1.42435e+09     6   1.42449e+09   1.42435e+09   159902    0.01%
Elapsed time = 9.00 sec. (3890.46 ticks, tree = 10.80 MB, solutions = 15)
  92806 40307   1.42435e+09     6   1.42449e+09   1.42435e+09   207862    0.01%
  92807 40308   1.42435e+09     6   1.42449e+09   1.42435e+09   207868    0.01%
  92808 40307    infeasible         1.42449e+09   1.42435e+09   207868    0.01%
  92809 40306    infeasible         1.42449e+09   1.42435e+09   207868    0.01%
  92810 40305        cutoff         1.42449e+09   1.42435e+09   207880    0.01%
  92811 40304    infeasible         1.42449e+09   1.42435e+09   207880    0.01%
  92812 40305   1.42435e+09     5   1.42449e+09   1.42435e+09   207883    0.01%
  92813 40306   1.42435e+09     5   1.42449e+09   1.42435e+09   207884    0.01%
  92814 40305        cutoff         1.42449e+09   1.42435e+09   207889    0.01%
  92815 40306   1.42435e+09     6   1.42449e+09   1.42435e+09   207892    0.01%
Elapsed time = 11.07 sec. (4844.83 ticks, tree = 14.61 MB, solutions = 15)
 111292 46005        cutoff         1.42449e+09   1.42435e+09   251492    0.01%
 111293 46004        cutoff         1.42449e+09   1.42435e+09   251496    0.01%
 111294 46003        cutoff         1.42449e+09   1.42435e+09   251499    0.01%
 111295 46004   1.42435e+09     5   1.42449e+09   1.42435e+09   251501    0.01%
 111296 46005   1.42435e+09     6   1.42449e+09   1.42435e+09   251505    0.01%
 111297 46006   1.42435e+09     6   1.42449e+09   1.42435e+09   251507    0.01%
 111298 46007   1.42435e+09     6   1.42449e+09   1.42435e+09   251509    0.01%
 111299 46008   1.42435e+09     6   1.42449e+09   1.42435e+09   251510    0.01%
 111300 46009   1.42435e+09     6   1.42449e+09   1.42435e+09   251513    0.01%
 111301 46010   1.42435e+09     6   1.42449e+09   1.42435e+09   251515    0.01%
Elapsed time = 13.19 sec. (5799.37 ticks, tree = 16.50 MB, solutions = 15)
 126038 50359   1.42435e+09     6   1.42449e+09   1.42435e+09   291935    0.01%
 126039 50358        cutoff         1.42449e+09   1.42435e+09   291938    0.01%
 126040 50359   1.42435e+09     5   1.42449e+09   1.42435e+09   291945    0.01%
 126041 50358    infeasible         1.42449e+09   1.42435e+09   291945    0.01%
 126042 50357        cutoff         1.42449e+09   1.42435e+09   291947    0.01%
 126043 50356        cutoff         1.42449e+09   1.42435e+09   291949    0.01%
 126044 50357   1.42435e+09     6   1.42449e+09   1.42435e+09   291954    0.01%
 126045 50358   1.42435e+09     6   1.42449e+09   1.42435e+09   291955    0.01%
 126046 50357        cutoff         1.42449e+09   1.42435e+09   291957    0.01%
 126047 50358   1.42435e+09     6   1.42449e+09   1.42435e+09   291960    0.01%
Elapsed time = 15.33 sec. (6753.62 ticks, tree = 17.96 MB, solutions = 15)
 141570 54761   1.42435e+09     5   1.42449e+09   1.42435e+09   334415    0.01%
 141571 54762   1.42435e+09     5   1.42449e+09   1.42435e+09   334419    0.01%
 141572 54763   1.42435e+09     6   1.42449e+09   1.42435e+09   334421    0.01%
 141573 54764   1.42435e+09     6   1.42449e+09   1.42435e+09   334423    0.01%
 141574 54763        cutoff         1.42449e+09   1.42435e+09   334425    0.01%
 141575 54762        cutoff         1.42449e+09   1.42435e+09   334428    0.01%
 141576 54763   1.42435e+09     5   1.42449e+09   1.42435e+09   334430    0.01%
 141577 54764   1.42435e+09     6   1.42449e+09   1.42435e+09   334437    0.01%
 141578 54763    infeasible         1.42449e+09   1.42435e+09   334437    0.01%
 141579 54762    infeasible         1.42449e+09   1.42435e+09   334437    0.01%
Elapsed time = 17.42 sec. (7707.75 ticks, tree = 19.44 MB, solutions = 15)
 157551 59558   1.42435e+09     6   1.42449e+09   1.42435e+09   378307    0.01%
 157552 59559   1.42435e+09     6   1.42449e+09   1.42435e+09   378311    0.01%
 157553 59560   1.42435e+09     6   1.42449e+09   1.42435e+09   378315    0.01%
 157554 59561   1.42435e+09     6   1.42449e+09   1.42435e+09   378317    0.01%
 157555 59562   1.42435e+09     5   1.42449e+09   1.42435e+09   378321    0.01%
 157556 59563   1.42435e+09     6   1.42449e+09   1.42435e+09   378322    0.01%
 157557 59564   1.42435e+09     6   1.42449e+09   1.42435e+09   378324    0.01%
 157558 59565   1.42435e+09     6   1.42449e+09   1.42435e+09   378325    0.01%
 157559 59566   1.42435e+09     6   1.42449e+09   1.42435e+09   378326    0.01%
 157560 59565        cutoff         1.42449e+09   1.42435e+09   378333    0.01%
Elapsed time = 19.51 sec. (8662.03 ticks, tree = 21.05 MB, solutions = 15)
 172498 64389   1.42435e+09     5   1.42449e+09   1.42435e+09   418161    0.01%
 172499 64390   1.42435e+09     6   1.42449e+09   1.42435e+09   418163    0.01%
 172500 64391   1.42435e+09     6   1.42449e+09   1.42435e+09   418164    0.01%
 172501 64392   1.42435e+09     6   1.42449e+09   1.42435e+09   418169    0.01%
 172502 64391    infeasible         1.42449e+09   1.42435e+09   418169    0.01%
 172503 64390    infeasible         1.42449e+09   1.42435e+09   418169    0.01%
 172504 64389        cutoff         1.42449e+09   1.42435e+09   418172    0.01%
 172505 64390   1.42435e+09     5   1.42449e+09   1.42435e+09   418173    0.01%
 172506 64391   1.42435e+09     5   1.42449e+09   1.42435e+09   418179    0.01%
 226818 82451   1.42435e+09     5   1.42449e+09   1.42435e+09   538495    0.01%
Elapsed time = 27.53 sec. (12476.74 ticks, tree = 30.44 MB, solutions = 15)
 293498 98551   1.42435e+09     5   1.42449e+09   1.42435e+09   689366    0.01%
 293499 98552   1.42435e+09     5   1.42449e+09   1.42435e+09   689367    0.01%
 293500 98553   1.42435e+09     5   1.42449e+09   1.42435e+09   689368    0.01%
 293501 98554   1.42435e+09     6   1.42449e+09   1.42435e+09   689371    0.01%
 293502 98554   1.42435e+09     6   1.42449e+09   1.42435e+09   689372    0.01%
 293503 98555   1.42435e+09     6   1.42449e+09   1.42435e+09   689374    0.01%
 293504 98554        cutoff         1.42449e+09   1.42435e+09   689377    0.01%
 293505 98553        cutoff         1.42449e+09   1.42435e+09   689379    0.01%
 293506 98554   1.42435e+09     6   1.42449e+09   1.42435e+09   689384    0.01%
 293507 98555   1.42435e+09     6   1.42449e+09   1.42435e+09   689385    0.01%
Elapsed time = 35.72 sec. (16291.89 ticks, tree = 35.79 MB, solutions = 15)
 365322 122899   1.42435e+09     6   1.42449e+09   1.42435e+09   853794    0.01%
 365323 122900   1.42435e+09     6   1.42449e+09   1.42435e+09   853795    0.01%
 365324 122901   1.42435e+09     5   1.42449e+09   1.42435e+09   853801    0.01%
 365325 122902   1.42435e+09     6   1.42449e+09   1.42435e+09   853805    0.01%
 365326 122903   1.42435e+09     5   1.42449e+09   1.42435e+09   853809    0.01%
 365327 122904   1.42435e+09     5   1.42449e+09   1.42435e+09   853810    0.01%
 365328 122905   1.42435e+09     5   1.42449e+09   1.42435e+09   853812    0.01%
 365329 122904        cutoff         1.42449e+09   1.42435e+09   853815    0.01%
 365330 122903    infeasible         1.42449e+09   1.42435e+09   853815    0.01%
 365331 122902        cutoff         1.42449e+09   1.42435e+09   853820    0.01%
Elapsed time = 43.92 sec. (20107.09 ticks, tree = 43.64 MB, solutions = 15)
 447187 148008   1.42435e+09     6   1.42449e+09   1.42435e+09  1027087    0.01%
 447188 148007        cutoff         1.42449e+09   1.42435e+09  1027090    0.01%
 447189 148006        cutoff         1.42449e+09   1.42435e+09  1027097    0.01%
 447190 148007   1.42435e+09     6   1.42449e+09   1.42435e+09  1027100    0.01%
 447191 148008   1.42435e+09     5   1.42449e+09   1.42435e+09  1027102    0.01%
 447192 148009   1.42435e+09     5   1.42449e+09   1.42435e+09  1027104    0.01%
 447193 148010   1.42435e+09     5   1.42449e+09   1.42435e+09  1027105    0.01%
 447194 148011   1.42435e+09     5   1.42449e+09   1.42435e+09  1027106    0.01%
 447195 148012   1.42435e+09     5   1.42449e+09   1.42435e+09  1027107    0.01%
 447196 148013   1.42435e+09     5   1.42449e+09   1.42435e+09  1027109    0.01%
Elapsed time = 52.23 sec. (23922.58 ticks, tree = 53.44 MB, solutions = 15)
 525151 175305   1.42435e+09     6   1.42449e+09   1.42435e+09  1192644    0.01%
 525152 175305   1.42435e+09     6   1.42449e+09   1.42435e+09  1192645    0.01%
 525153 175304        cutoff         1.42449e+09   1.42435e+09  1192647    0.01%
 525154 175305   1.42435e+09     6   1.42449e+09   1.42435e+09  1192653    0.01%
 525155 175306   1.42435e+09     6   1.42449e+09   1.42435e+09  1192655    0.01%
 525156 175307   1.42435e+09     6   1.42449e+09   1.42435e+09  1192656    0.01%
 525157 175308   1.42435e+09     6   1.42449e+09   1.42435e+09  1192660    0.01%
 525158 175309   1.42435e+09     6   1.42449e+09   1.42435e+09  1192662    0.01%
 525159 175310   1.42435e+09     6   1.42449e+09   1.42435e+09  1192663    0.01%
 525160 175311   1.42435e+09     6   1.42449e+09   1.42435e+09  1192668    0.01%
Elapsed time = 60.62 sec. (27737.77 ticks, tree = 63.32 MB, solutions = 15)
 599961 204228        cutoff         1.42449e+09   1.42435e+09  1360228    0.01%
 599962 204227        cutoff         1.42449e+09   1.42435e+09  1360231    0.01%
 599963 204226    infeasible         1.42449e+09   1.42435e+09  1360231    0.01%
 599964 204227   1.42435e+09     6   1.42449e+09   1.42435e+09  1360234    0.01%
 599965 204228   1.42435e+09     6   1.42449e+09   1.42435e+09  1360237    0.01%
 599966 204227        cutoff         1.42449e+09   1.42435e+09  1360239    0.01%
 599967 204228   1.42435e+09     6   1.42449e+09   1.42435e+09  1360240    0.01%
 599968 204229   1.42435e+09     6   1.42449e+09   1.42435e+09  1360242    0.01%
 599969 204228        cutoff         1.42449e+09   1.42435e+09  1360244    0.01%
 599970 204227        cutoff         1.42449e+09   1.42435e+09  1360246    0.01%
Elapsed time = 69.20 sec. (31553.06 ticks, tree = 73.97 MB, solutions = 15)
 668145 226692   1.42435e+09     5   1.42449e+09   1.42435e+09  1518852    0.01%
 668146 226693   1.42435e+09     6   1.42449e+09   1.42435e+09  1518855    0.01%
 668147 226694   1.42435e+09     5   1.42449e+09   1.42435e+09  1518857    0.01%
 668148 226695   1.42435e+09     5   1.42449e+09   1.42435e+09  1518859    0.01%
 668149 226695   1.42435e+09     5   1.42449e+09   1.42435e+09  1518860    0.01%
 668150 226694        cutoff         1.42449e+09   1.42435e+09  1518862    0.01%
 668151 226695   1.42435e+09     5   1.42449e+09   1.42435e+09  1518863    0.01%
 668152 226694        cutoff         1.42449e+09   1.42435e+09  1518865    0.01%
 668153 226693        cutoff         1.42449e+09   1.42435e+09  1518866    0.01%
 668154 226692        cutoff         1.42449e+09   1.42435e+09  1518869    0.01%
Elapsed time = 77.63 sec. (35368.34 ticks, tree = 82.97 MB, solutions = 15)
 734911 249038   1.42438e+09     4   1.42449e+09   1.42435e+09  1684508    0.01%
 734912 249039   1.42438e+09     4   1.42449e+09   1.42435e+09  1684509    0.01%
 734913 249039   1.42438e+09     4   1.42449e+09   1.42435e+09  1684510    0.01%
 734914 249038        cutoff         1.42449e+09   1.42435e+09  1684512    0.01%
 734915 249037        cutoff         1.42449e+09   1.42435e+09  1684514    0.01%
 734916 249038   1.42435e+09     6   1.42449e+09   1.42435e+09  1684519    0.01%
 734917 249039   1.42435e+09     6   1.42449e+09   1.42435e+09  1684520    0.01%
 734918 249040   1.42435e+09     6   1.42449e+09   1.42435e+09  1684523    0.01%
 734919 249041   1.42435e+09     6   1.42449e+09   1.42435e+09  1684524    0.01%
 734920 249042   1.42435e+09     6   1.42449e+09   1.42435e+09  1684526    0.01%
Elapsed time = 86.22 sec. (39184.17 ticks, tree = 90.39 MB, solutions = 15)
 802801 271936   1.42435e+09     5   1.42449e+09   1.42435e+09  1844781    0.01%
 802802 271937   1.42435e+09     5   1.42449e+09   1.42435e+09  1844782    0.01%
 802803 271938   1.42435e+09     5   1.42449e+09   1.42435e+09  1844784    0.01%
 802804 271939   1.42435e+09     5   1.42449e+09   1.42435e+09  1844786    0.01%
 802805 271940   1.42435e+09     5   1.42449e+09   1.42435e+09  1844788    0.01%
 802806 271941   1.42435e+09     5   1.42449e+09   1.42435e+09  1844789    0.01%
 802807 271940        cutoff         1.42449e+09   1.42435e+09  1844792    0.01%
 802808 271939        cutoff         1.42449e+09   1.42435e+09  1844794    0.01%
 802809 271940   1.42435e+09     4   1.42449e+09   1.42435e+09  1844796    0.01%
 802810 271941   1.42435e+09     5   1.42449e+09   1.42435e+09  1844798    0.01%
Elapsed time = 94.74 sec. (42999.41 ticks, tree = 99.77 MB, solutions = 15)
 866708 294367        cutoff         1.42449e+09   1.42435e+09  2009944    0.01%
 866709 294366        cutoff         1.42449e+09   1.42435e+09  2009950    0.01%
 866710 294367   1.42435e+09     6   1.42449e+09   1.42435e+09  2009952    0.01%
 866711 294368   1.42435e+09     5   1.42449e+09   1.42435e+09  2009954    0.01%
 866712 294369   1.42435e+09     6   1.42449e+09   1.42435e+09  2009956    0.01%
 866713 294370   1.42435e+09     5   1.42449e+09   1.42435e+09  2009958    0.01%
 866714 294371   1.42435e+09     5   1.42449e+09   1.42435e+09  2009959    0.01%
 866715 294372   1.42435e+09     5   1.42449e+09   1.42435e+09  2009961    0.01%
 866716 294373   1.42435e+09     5   1.42449e+09   1.42435e+09  2009962    0.01%
 866717 294374   1.42435e+09     5   1.42449e+09   1.42435e+09  2009963    0.01%
Elapsed time = 103.32 sec. (46814.73 ticks, tree = 107.12 MB, solutions = 15)
 921952 311243   1.42435e+09     5   1.42449e+09   1.42435e+09  2167008    0.01%
 921953 311242        cutoff         1.42449e+09   1.42435e+09  2167011    0.01%
 921954 311241        cutoff         1.42449e+09   1.42435e+09  2167014    0.01%
 921955 311242   1.42435e+09     5   1.42449e+09   1.42435e+09  2167015    0.01%
 921956 311243   1.42435e+09     5   1.42449e+09   1.42435e+09  2167017    0.01%
 921957 311244   1.42435e+09     6   1.42449e+09   1.42435e+09  2167024    0.01%
 921958 311243        cutoff         1.42449e+09   1.42435e+09  2167029    0.01%
 921959 311244   1.42435e+09     5   1.42449e+09   1.42435e+09  2167032    0.01%
 921960 311245   1.42435e+09     6   1.42449e+09   1.42435e+09  2167035    0.01%
 921961 311246   1.42435e+09     6   1.42449e+09   1.42435e+09  2167037    0.01%
Elapsed time = 111.96 sec. (50630.26 ticks, tree = 112.67 MB, solutions = 15)
*943618 315498      integral     0   1.42447e+09   1.42435e+09  2225827    0.01%

Mixed integer rounding cuts applied:  1

Root node processing (before b&c):
  Real time             =    0.01 sec. (4.30 ticks)
Sequential b&c:
  Real time             =  114.98 sec. (52037.58 ticks)
                          ------------
Total (root+branch&cut) =  114.99 sec. (52041.88 ticks)

Populate: phase II 
Tried aggregator 2 times.
Aggregator did 4 substitutions.
Reduced MIP has 44 rows, 161 columns, and 324 nonzeros.
Reduced MIP has 160 binaries, 0 generals, 0 SOSs, and 0 indicators.
Presolve time = 0.00 sec. (0.38 ticks)
Probing time = 0.00 sec. (0.09 ticks)
Cover probing fixed 0 vars, tightened 6 bounds.
Clique table members: 40.
MIP emphasis: balance optimality and feasibility.
MIP search method: dynamic search.
Parallel mode: none, using 1 thread.
Root relaxation solution time = 0.00 sec. (0.37 ticks)

        Nodes                                         Cuts/
   Node  Left     Objective  IInf  Best Integer    Best Bound    ItCnt     Gap

*     0+    0                       1.42447e+09        0.0000           100.00%
      0     0   1.42435e+09     6   1.42447e+09   1.42435e+09       54    0.01%
      0     2   1.42435e+09     6   1.42447e+09   1.42435e+09       54    0.01%
Elapsed time = 0.21 sec. (11.40 ticks, tree = 0.01 MB, solutions = 36)
      1     3   1.42435e+09     6   1.42447e+09   1.42435e+09       55    0.01%
      2     4   1.42435e+09     6   1.42447e+09   1.42435e+09       56    0.01%
      3     5   1.42435e+09     6   1.42447e+09   1.42435e+09       57    0.01%
      4     6   1.42435e+09     5   1.42447e+09   1.42435e+09       59    0.01%
      5     7   1.42435e+09     5   1.42447e+09   1.42435e+09       61    0.01%
      6     8   1.42435e+09     6   1.42447e+09   1.42435e+09       63    0.01%
      7     9   1.42435e+09     6   1.42447e+09   1.42435e+09       64    0.01%
      8    10   1.42435e+09     6   1.42447e+09   1.42435e+09       65    0.01%
      9    11   1.42435e+09     6   1.42447e+09   1.42435e+09       66    0.01%
     10    12   1.42435e+09     6   1.42447e+09   1.42435e+09       70    0.01%
Elapsed time = 2.88 sec. (1039.45 ticks, tree = 0.01 MB, solutions = 1126)

Root node processing (before b&c):
  Real time             =    0.04 sec. (12.75 ticks)
Sequential b&c:
  Real time             =    3.81 sec. (1386.27 ticks)
                          ------------
Total (root+branch&cut) =    3.85 sec. (1399.02 ticks)
