
Log started (V12.6.3.0) Sun Apr 22 00:28:46 2018

New value for default parallel thread count: 1

Problem '/tmp/tmp5WCam9.pyomo.lp' read.
Read time = 0.01 sec. (0.69 ticks)

Problem name         : /tmp/tmp5WCam9.pyomo.lp
Objective sense      : Minimize
Variables            :    1074  [Nneg: 1,  Binary: 1056,  General Integer: 17]
Objective nonzeros   :       1
Linear constraints   :     168  [Less: 82,  Equal: 86]
  Nonzeros           :   48873
  RHS nonzeros       :     133

Variables            : Min LB: 0.000000         Max UB: 1.000000       
Objective nonzeros   : Min   : 1.000000         Max   : 1.000000       
Linear constraints   :
  Nonzeros           : Min   : 1.000000         Max   : 117484.0       
  RHS nonzeros       : Min   : 1.000000         Max   : 7.000000       
Tried aggregator 2 times.
MIP Presolve eliminated 75 rows and 214 columns.
Aggregator did 14 substitutions.
Reduced MIP has 79 rows, 846 columns, and 2255 nonzeros.
Reduced MIP has 845 binaries, 1 generals, 0 SOSs, and 0 indicators.
Presolve time = 0.01 sec. (9.40 ticks)
Found incumbent of value 3784418.000000 after 0.02 sec. (13.12 ticks)
Probing time = 0.00 sec. (1.52 ticks)
Cover probing fixed 0 vars, tightened 9 bounds.
Tried aggregator 1 time.
Reduced MIP has 79 rows, 846 columns, and 2255 nonzeros.
Reduced MIP has 845 binaries, 1 generals, 0 SOSs, and 0 indicators.
Presolve time = 0.00 sec. (1.32 ticks)
Probing time = 0.00 sec. (1.03 ticks)
Clique table members: 65.
MIP emphasis: balance optimality and feasibility.
MIP search method: dynamic search.
Parallel mode: none, using 1 thread.
Root relaxation solution time = 0.00 sec. (0.85 ticks)

        Nodes                                         Cuts/
   Node  Left     Objective  IInf  Best Integer    Best Bound    ItCnt     Gap

*     0+    0                      3784418.0000   117484.0000            96.90%
      0     0   291109.0769    21  3784418.0000   291109.0769       31   92.31%
*     0+    0                       408867.0000   291109.0769            28.80%
      0     0   291110.0000    26   408867.0000      Fract: 8       53   28.80%
*     0+    0                       381832.0000   291110.0000            23.76%
      0     0   291110.0000    36   381832.0000      Cuts: 20      109   23.76%
*     0+    0                       348645.0000   291110.0000            16.50%
*     0+    0                       331432.0000   291110.0000            12.17%
*     0+    0                       320583.0000   291110.0000             9.19%
      0     2   291110.0000    20   320583.0000   291110.0000      109    9.19%
Elapsed time = 0.06 sec. (67.89 ticks, tree = 0.01 MB, solutions = 5)
*    30+   30                       318105.0000   291110.0000             8.49%
*    40+   40                       317993.0000   291110.0000             8.45%
*    60+   58                       300957.0000   291110.0000             3.27%
*   510+  479                       300146.0000   291110.0000             3.01%
*   510+  479                       299785.0000   291110.0000             2.89%
*   510+  479                       299050.0000   291110.0000             2.66%
*   510+  471                       297954.0000   291110.0000             2.30%
*   511+  472                       297250.0000   291110.0000             2.07%
    511   474   291110.0000    27   297250.0000   291110.0000     2219    2.07%
*   512+  316                       297127.0000   291110.0000             2.03%
*   512+  210                       296056.0000   291110.0000             1.67%
    512   211   291110.0000    23   296056.0000   291110.0000     2728    1.67%
    513   212   291110.0000    23   296056.0000   291110.0000     2731    1.67%
    514   212   291110.0000    26   296056.0000   291110.0000     2743    1.67%
    515   213   291110.0000    24   296056.0000   291110.0000     2746    1.67%
    516   214   291110.0000    24   296056.0000   291110.0000     2749    1.67%
    517   214   291110.0000    23   296056.0000   291110.0000     2761    1.67%
    518   215   291110.0000    23   296056.0000   291110.0000     2771    1.67%
    519   215   291110.0000    23   296056.0000   291110.0000     2776    1.67%
*   812+  229                       295819.0000   291110.0000             1.59%
    812   230   294455.4965    15   295819.0000   291110.0000     3953    1.59%
Elapsed time = 0.83 sec. (1056.53 ticks, tree = 0.38 MB, solutions = 16)
*   912+  230                       295386.0000   291110.0000             1.45%
*  1012+  247                       295031.0000   291110.0000             1.33%
   1626   633   294959.0000    29   295031.0000   291110.0000     8753    1.33%
   1627   634   294959.0000    28   295031.0000   291110.0000     8754    1.33%
   1628   635   294959.0000    27   295031.0000   291110.0000     8755    1.33%
   1629   634        cutoff         295031.0000   291110.0000     8773    1.33%
   1630   634   294959.0000    25   295031.0000   291110.0000     8786    1.33%
   1631   635   294959.0000    23   295031.0000   291110.0000     8787    1.33%
   1632   636   294959.0000    23   295031.0000   291110.0000     8788    1.33%
   1633   637   294959.0000    22   295031.0000   291110.0000     8791    1.33%
   1634   638   294959.0000    19   295031.0000   291110.0000     8796    1.33%
   1635   639   294959.0000    17   295031.0000   291110.0000     8800    1.33%
Elapsed time = 1.55 sec. (2029.40 ticks, tree = 1.09 MB, solutions = 18)
   2526  1272   291113.3045    65   295031.0000   291110.0000    25087    1.33%
   2527  1273   291156.9442    54   295031.0000   291110.0000    25147    1.33%
   2528  1274   291251.3475    54   295031.0000   291110.0000    25153    1.33%
   2529  1275   291358.6894    54   295031.0000   291110.0000    25198    1.33%
   2530  1276   291417.0090    50   295031.0000   291110.0000    25213    1.33%
   2531  1277   291769.4201    51   295031.0000   291110.0000    25237    1.33%
   2532  1278   291769.4201    49   295031.0000   291110.0000    25238    1.33%
   2533  1279   291806.6554    47   295031.0000   291110.0000    25256    1.33%
   2534  1280   291854.2459    47   295031.0000   291110.0000    25280    1.33%
   2535  1281   291854.2459    49   295031.0000   291110.0000    25290    1.33%
Elapsed time = 2.21 sec. (3009.95 ticks, tree = 2.82 MB, solutions = 18)
   3275  1912   292257.2561    34   295031.0000   291110.0000    41241    1.33%
   3276  1913   292257.2561    36   295031.0000   291110.0000    41258    1.33%
   3277  1914   292257.2561    38   295031.0000   291110.0000    41265    1.33%
   3278  1915   292257.2561    39   295031.0000   291110.0000    41266    1.33%
   3279  1916   292264.7023    39   295031.0000   291110.0000    41297    1.33%
   3280  1917   292264.7023    36   295031.0000   291110.0000    41302    1.33%
   3281  1918   292264.7023    35   295031.0000   291110.0000    41303    1.33%
   3282  1919   292264.7023    36   295031.0000   291110.0000    41305    1.33%
   3283  1920   292264.7613    34   295031.0000   291110.0000    41307    1.33%
   3284  1921   292264.7613    36   295031.0000   291110.0000    41309    1.33%
Elapsed time = 2.82 sec. (3967.15 ticks, tree = 4.89 MB, solutions = 18)
   3720  2204   291110.0000    73   295031.0000   291110.0000    58735    1.33%
   3721  2205   291110.0000    68   295031.0000   291110.0000    58746    1.33%
   3722  2206   291110.0000    55   295031.0000   291110.0000    58775    1.33%
   3723  2207   291110.0000    52   295031.0000   291110.0000    58809    1.33%
   3724  2208   291143.9219    59   295031.0000   291110.0000    58991    1.33%
   3725  2209   291323.5288    64   295031.0000   291110.0000    59251    1.33%
   3726  2210   291329.7893    60   295031.0000   291110.0000    59473    1.33%
   3727  2211   291323.5899    64   295031.0000   291110.0000    59477    1.33%
   3728  2212   291323.5899    65   295031.0000   291110.0000    59484    1.33%
   3729  2213   291349.5121    67   295031.0000   291110.0000    59553    1.33%
Elapsed time = 3.49 sec. (4981.99 ticks, tree = 6.12 MB, solutions = 18)
   4086  2400   293949.5561    55   295031.0000   291110.0000    75154    1.33%
   4087  2401   294206.5397    51   295031.0000   291110.0000    75213    1.33%
   4088  2402   294212.4090    56   295031.0000   291110.0000    75222    1.33%
   4089  2403   294477.4059    53   295031.0000   291110.0000    75268    1.33%
   4090  2404   294847.6643    46   295031.0000   291110.0000    75296    1.33%
   4091  2405   294911.5795    51   295031.0000   291110.0000    75318    1.33%
   4092  2406   294917.0715    47   295031.0000   291110.0000    75324    1.33%
   4093  2405        cutoff         295031.0000   291110.0000    75331    1.33%
   4094  2406   294928.2601    50   295031.0000   291110.0000    75339    1.33%
   4095  2406   294929.3557    47   295031.0000   291110.0000    75342    1.33%
Elapsed time = 4.12 sec. (5956.22 ticks, tree = 7.03 MB, solutions = 18)
   5097  3257   294039.0000    18   295031.0000   291110.0000    87856    1.33%
   5098  3258   294039.0000    20   295031.0000   291110.0000    87862    1.33%
   5099  3259   294039.0000    18   295031.0000   291110.0000    87863    1.33%
   5100  3260   294039.0000    17   295031.0000   291110.0000    87865    1.33%
   5101  3261   294039.0000    15   295031.0000   291110.0000    87870    1.33%
   5102  3262   294039.0000    13   295031.0000   291110.0000    87871    1.33%
   5103  3263   294039.0000    15   295031.0000   291110.0000    87876    1.33%
   5104  3264   294039.0000    14   295031.0000   291110.0000    87878    1.33%
   5105  3265   294039.0000    13   295031.0000   291110.0000    87880    1.33%
   5106  3266   294039.0000    13   295031.0000   291110.0000    87884    1.33%
Elapsed time = 4.73 sec. (6914.15 ticks, tree = 10.76 MB, solutions = 18)
   6707  4710   293755.0000    17   295031.0000   291110.0000   101647    1.33%
   6708  4711   293755.0000    17   295031.0000   291110.0000   101650    1.33%
   6709  4712   293755.0000    15   295031.0000   291110.0000   101651    1.33%
   6710  4713   294776.1046    23   295031.0000   291110.0000   101680    1.33%
   6711  4713   294776.1046    22   295031.0000   291110.0000   101683    1.33%
   6712  4714   294799.5971    22   295031.0000   291110.0000   101684    1.33%
   6713  4715   294799.5971    21   295031.0000   291110.0000   101686    1.33%
   6714  4716   294799.5971    21   295031.0000   291110.0000   101687    1.33%
   6715  4717   294799.5971    22   295031.0000   291110.0000   101689    1.33%
   6716  4718   294799.5971    23   295031.0000   291110.0000   101691    1.33%
Elapsed time = 5.36 sec. (7871.66 ticks, tree = 17.06 MB, solutions = 18)
   8929  6698   291110.0000    26   295031.0000   291110.0000   112760    1.33%
   8930  6699   291110.0000    25   295031.0000   291110.0000   112762    1.33%
   8931  6700   291110.0000    26   295031.0000   291110.0000   112766    1.33%
   8932  6701   291110.0000    29   295031.0000   291110.0000   112768    1.33%
   8933  6702   291110.0000    26   295031.0000   291110.0000   112773    1.33%
   8934  6703   291110.0000    26   295031.0000   291110.0000   112781    1.33%
   8935  6704   291110.0000    28   295031.0000   291110.0000   112790    1.33%
   8936  6705   291110.0000    31   295031.0000   291110.0000   112806    1.33%
   8937  6706   291110.0000    28   295031.0000   291110.0000   112817    1.33%
   8938  6707   291110.0000    29   295031.0000   291110.0000   112820    1.33%
Elapsed time = 5.99 sec. (8830.66 ticks, tree = 25.50 MB, solutions = 18)
* 10692+ 7874                       294621.0000   291110.0000             1.19%
* 10692+ 7489                       294291.0000   291110.0000             1.08%
* 10692+ 7224                       294063.0000   291110.0000             1.00%
  10692  7226   291461.1713    28   294063.0000   291110.0000   121517    1.00%
  10693  7225    infeasible         294063.0000   291110.0000   121529    1.00%
  10694  7224    infeasible         294063.0000   291110.0000   121536    1.00%
  10695  7225   292801.5000    22   294063.0000   291110.0000   121562    1.00%
  10696  7226   292801.5000    22   294063.0000   291110.0000   121578    1.00%
  10697  7227   292801.5000    23   294063.0000   291110.0000   121583    1.00%
  10698  7228   293201.5262    22   294063.0000   291110.0000   121584    1.00%
  10699  7229   293201.5262    21   294063.0000   291110.0000   121585    1.00%
  10700  7230   293201.5262    21   294063.0000   291110.0000   121586    1.00%
  15845 11899   291110.0000    28   294063.0000   291110.0000   154734    1.00%
Elapsed time = 8.75 sec. (12654.74 ticks, tree = 49.34 MB, solutions = 21)
  21382 16927   291110.0000    49   294063.0000   291110.0000   214827    1.00%
  21383 16928   291110.0000    42   294063.0000   291110.0000   214836    1.00%
  21384 16929   291110.0000    38   294063.0000   291110.0000   214883    1.00%
  21385 16930   291110.0000    52   294063.0000   291110.0000   214993    1.00%
  21386 16931   291110.0000    50   294063.0000   291110.0000   215007    1.00%
  21387 16932   291586.1717    41   294063.0000   291110.0000   215163    1.00%
  21388 16933   293735.6364    39   294063.0000   291110.0000   215294    1.00%
  21389 16934   293735.6364    38   294063.0000   291110.0000   215299    1.00%
  21390 16933        cutoff         294063.0000   291110.0000   215302    1.00%
  21391 16932        cutoff         294063.0000   291110.0000   215310    1.00%
Elapsed time = 11.62 sec. (16492.05 ticks, tree = 73.54 MB, solutions = 21)
  25799 21033   293848.3333    25   294063.0000   291110.0000   275127    1.00%
  25800 21034   293848.3333    30   294063.0000   291110.0000   275141    1.00%
  25801 21035   293848.3333    26   294063.0000   291110.0000   275152    1.00%
  25802 21036   293848.3333    22   294063.0000   291110.0000   275155    1.00%
  25803 21037   293848.3333    22   294063.0000   291110.0000   275159    1.00%
  25804 21038   293848.3333    22   294063.0000   291110.0000   275161    1.00%
  25805 21039   293848.3333    24   294063.0000   291110.0000   275166    1.00%
  25806 21040   293849.7403    36   294063.0000   291110.0000   275216    1.00%
  25807 21039        cutoff         294063.0000   291110.0000   275224    1.00%
  25808 21038        cutoff         294063.0000   291110.0000   275232    1.00%
Elapsed time = 14.17 sec. (20312.32 ticks, tree = 94.84 MB, solutions = 21)
* 29312+23973                       294028.0000   291110.0000             0.99%
  29587 24226   291110.0000    45   294028.0000   291110.0000   335520    0.99%
  29588 24227   291248.4880    53   294028.0000   291110.0000   335672    0.99%
  29589 24228   291248.4880    49   294028.0000   291110.0000   335681    0.99%
  29590 24229   291282.4810    51   294028.0000   291110.0000   335691    0.99%
  29591 24230   291282.4810    51   294028.0000   291110.0000   335692    0.99%
  29592 24231   291293.2683    51   294028.0000   291110.0000   335694    0.99%
  29593 24232   291294.6047    50   294028.0000   291110.0000   335696    0.99%
  29594 24233   291307.2465    51   294028.0000   291110.0000   335704    0.99%
  29595 24234   291307.2465    55   294028.0000   291110.0000   335714    0.99%
  29596 24235   291307.2465    55   294028.0000   291110.0000   335716    0.99%
Elapsed time = 16.74 sec. (24137.31 ticks, tree = 113.14 MB, solutions = 22)
  32476 26808   291340.4167    56   294028.0000   291110.0000   399891    0.99%
  32477 26809   291340.4167    49   294028.0000   291110.0000   399900    0.99%
  32478 26810   291340.4167    48   294028.0000   291110.0000   399915    0.99%
  32479 26811   291340.4167    47   294028.0000   291110.0000   399919    0.99%
  32480 26812   291340.4167    47   294028.0000   291110.0000   399928    0.99%
  32481 26813   291340.4167    46   294028.0000   291110.0000   399929    0.99%
  32482 26814   291340.4167    46   294028.0000   291110.0000   399930    0.99%
  32483 26815   291340.4167    44   294028.0000   291110.0000   399933    0.99%
  32484 26816   291340.4167    45   294028.0000   291110.0000   399939    0.99%
  32485 26817   291340.4167    44   294028.0000   291110.0000   399943    0.99%
Elapsed time = 19.30 sec. (27959.58 ticks, tree = 129.14 MB, solutions = 22)
  35479 29608   293490.8889    26   294028.0000   291110.0000   470261    0.99%
  35480 29609   293490.8889    23   294028.0000   291110.0000   470264    0.99%
  35481 29610   293490.8889    24   294028.0000   291110.0000   470267    0.99%
  35482 29611   293490.8889    27   294028.0000   291110.0000   470271    0.99%
  35483 29612   293490.8889    25   294028.0000   291110.0000   470273    0.99%
  35484 29613   293490.8889    24   294028.0000   291110.0000   470279    0.99%
  35485 29614   293490.8889    22   294028.0000   291110.0000   470280    0.99%
  35486 29615   293490.8889    22   294028.0000   291110.0000   470283    0.99%
  35487 29616   293490.8889    23   294028.0000   291110.0000   470288    0.99%
  35488 29617   293741.2500    22   294028.0000   291110.0000   470302    0.99%
Elapsed time = 21.83 sec. (31777.96 ticks, tree = 146.43 MB, solutions = 22)
* 36312+28581                       293594.0000   291110.0000             0.85%
* 36412+27107                       293298.0000   291110.0000             0.75%
  38488 29028   291517.0000    56   293298.0000   291110.0000   533974    0.75%
  38489 29029   291517.0000    54   293298.0000   291110.0000   533983    0.75%
  38490 29030   291517.0000    46   293298.0000   291110.0000   533993    0.75%
  38491 29031   291517.0000    43   293298.0000   291110.0000   534011    0.75%
  38492 29032   291517.0000    47   293298.0000   291110.0000   534075    0.75%
  38493 29033   291517.0000    46   293298.0000   291110.0000   534076    0.75%
  38494 29034   291517.0000    44   293298.0000   291110.0000   534077    0.75%
  38495 29035   291517.0000    38   293298.0000   291110.0000   534100    0.75%
  38496 29036   291517.0000    63   293298.0000   291110.0000   534240    0.75%
  38497 29037   291517.0000    37   293298.0000   291110.0000   534245    0.75%
Elapsed time = 24.43 sec. (35621.24 ticks, tree = 147.72 MB, solutions = 24)
* 40912+31124                       293245.0000   291110.0000             0.73%
  42595 32760   291110.0000    33   293245.0000   291110.0000   601300    0.73%
  42596 32761   291110.0000    32   293245.0000   291110.0000   601304    0.73%
  42597 32762   291110.0000    31   293245.0000   291110.0000   601305    0.73%
  42598 32763   291110.0000    35   293245.0000   291110.0000   601320    0.73%
  42599 32764   291110.0000    34   293245.0000   291110.0000   601332    0.73%
  42600 32765   291110.0000    35   293245.0000   291110.0000   601338    0.73%
  42601 32766   291110.0000    34   293245.0000   291110.0000   601342    0.73%
  42602 32767   291110.0000    34   293245.0000   291110.0000   601360    0.73%
  42603 32768   291110.0000    37   293245.0000   291110.0000   601378    0.73%
  42604 32769   291110.0000    37   293245.0000   291110.0000   601379    0.73%
Elapsed time = 26.91 sec. (39442.04 ticks, tree = 170.98 MB, solutions = 25)
  46093 36005   291217.1713    57   293245.0000   291110.0000   668256    0.73%
  46094 36006   291217.4436    54   293245.0000   291110.0000   668257    0.73%
  46095 36007   291218.4139    53   293245.0000   291110.0000   668259    0.73%
  46096 36008   291218.9576    48   293245.0000   291110.0000   668262    0.73%
  46097 36009   291219.9100    46   293245.0000   291110.0000   668270    0.73%
  46098 36010   291220.1577    44   293245.0000   291110.0000   668273    0.73%
  46099 36011   291222.0859    47   293245.0000   291110.0000   668279    0.73%
  46100 36012   291222.1048    47   293245.0000   291110.0000   668281    0.73%
  46101 36013   291222.1876    52   293245.0000   291110.0000   668283    0.73%
  46102 36014   291222.2383    45   293245.0000   291110.0000   668284    0.73%
Elapsed time = 29.44 sec. (43260.90 ticks, tree = 191.98 MB, solutions = 25)
  49187 38860   291110.0000    44   293245.0000   291110.0000   740599    0.73%
  49188 38861   291110.0000    44   293245.0000   291110.0000   740601    0.73%
  49189 38862   291110.0000    47   293245.0000   291110.0000   740627    0.73%
  49190 38863   291110.0000    50   293245.0000   291110.0000   740648    0.73%
  49191 38864   291110.0000    47   293245.0000   291110.0000   740649    0.73%
  49192 38865   291110.0000    48   293245.0000   291110.0000   740691    0.73%
  49193 38866   291110.0000    41   293245.0000   291110.0000   740718    0.73%
  49194 38867   291110.0000    41   293245.0000   291110.0000   740724    0.73%
  49195 38868   291110.0000    43   293245.0000   291110.0000   740734    0.73%
  49196 38869   291110.0000    40   293245.0000   291110.0000   740752    0.73%
Elapsed time = 31.99 sec. (47090.41 ticks, tree = 209.65 MB, solutions = 25)
  52135 41467   291134.0833    63   293245.0000   291110.0000   803693    0.73%
  52136 41468   291134.0833    58   293245.0000   291110.0000   803728    0.73%
  52137 41469   291134.0833    58   293245.0000   291110.0000   803738    0.73%
  52138 41470   291134.0833    58   293245.0000   291110.0000   803792    0.73%
  52139 41471   291134.0833    58   293245.0000   291110.0000   803795    0.73%
  52140 41472   291134.0833    55   293245.0000   291110.0000   803806    0.73%
  52141 41473   291134.0833    57   293245.0000   291110.0000   804000    0.73%
  52142 41474   291134.0833    53   293245.0000   291110.0000   804052    0.73%
  52143 41475   291134.0833    51   293245.0000   291110.0000   804087    0.73%
  52144 41476   291134.0833    52   293245.0000   291110.0000   804103    0.73%
Elapsed time = 34.53 sec. (50927.36 ticks, tree = 225.83 MB, solutions = 25)
  55011 44127   291971.4000    39   293245.0000   291110.0000   872526    0.73%
  55012 44128   291971.4000    37   293245.0000   291110.0000   872531    0.73%
  55013 44129   291971.4000    43   293245.0000   291110.0000   872570    0.73%
  55014 44130   291971.4000    37   293245.0000   291110.0000   872604    0.73%
  55015 44129        cutoff         293245.0000   291110.0000   872620    0.73%
  55016 44130   291971.4000    40   293245.0000   291110.0000   872638    0.73%
  55017 44131   291971.4000    37   293245.0000   291110.0000   872651    0.73%
  55018 44132   291971.4000    34   293245.0000   291110.0000   872676    0.73%
  55019 44133   291971.4000    33   293245.0000   291110.0000   872683    0.73%
  55020 44134   291971.4000    37   293245.0000   291110.0000   872697    0.73%
Elapsed time = 37.04 sec. (54753.13 ticks, tree = 242.28 MB, solutions = 25)
  58672 47578   291599.9347    39   293245.0000   291110.0000   943690    0.73%
  58673 47579   291611.7629    36   293245.0000   291110.0000   943692    0.73%
  58674 47580   291611.7629    35   293245.0000   291110.0000   943698    0.73%
  58675 47581   291611.7629    35   293245.0000   291110.0000   943699    0.73%
  58676 47580        cutoff         293245.0000   291110.0000   943701    0.73%
  58677 47579    infeasible         293245.0000   291110.0000   943701    0.73%
  58678 47580   291134.0833    70   293245.0000   291110.0000   943963    0.73%
  58679 47581   291134.0833    55   293245.0000   291110.0000   943981    0.73%
  58680 47582   291134.0833    53   293245.0000   291110.0000   943997    0.73%
  58681 47583   291134.0833    48   293245.0000   291110.0000   944019    0.73%
Elapsed time = 39.51 sec. (58583.96 ticks, tree = 263.55 MB, solutions = 25)
  61966 50653   291110.0000    43   293245.0000   291110.0000  1008199    0.73%
  61967 50654   291110.0000    43   293245.0000   291110.0000  1008202    0.73%
  61968 50655   291110.0000    44   293245.0000   291110.0000  1008206    0.73%
  61969 50656   291110.0000    47   293245.0000   291110.0000  1008233    0.73%
  61970 50657   291110.0000    40   293245.0000   291110.0000  1008253    0.73%
  61971 50658   291110.0000    43   293245.0000   291110.0000  1008283    0.73%
  61972 50659   291110.0000    42   293245.0000   291110.0000  1008352    0.73%
  61973 50660   291110.0000    44   293245.0000   291110.0000  1008366    0.73%
  61974 50661   291110.0000    46   293245.0000   291110.0000  1008369    0.73%
  61975 50662   291110.0000    29   293245.0000   291110.0000  1008394    0.73%
Elapsed time = 42.01 sec. (62409.27 ticks, tree = 282.56 MB, solutions = 25)
  65612 54087   291110.0000    55   293245.0000   291110.0000  1083518    0.73%
  65613 54088   291110.0000    50   293245.0000   291110.0000  1083533    0.73%
  65614 54089   291110.0000    49   293245.0000   291110.0000  1083539    0.73%
  65615 54090   291110.0000    49   293245.0000   291110.0000  1083540    0.73%
  65616 54091   291236.3503    60   293245.0000   291110.0000  1083699    0.73%
  65617 54092   291244.7368    57   293245.0000   291110.0000  1083711    0.73%
  65618 54093   291330.6851    54   293245.0000   291110.0000  1083755    0.73%
  65619 54094   291330.7118    55   293245.0000   291110.0000  1083758    0.73%
  65620 54095   291346.6085    53   293245.0000   291110.0000  1083770    0.73%
  65621 54096   291375.2605    54   293245.0000   291110.0000  1083776    0.73%
Elapsed time = 44.68 sec. (66478.37 ticks, tree = 303.76 MB, solutions = 25)
  69100 57319   292455.4567    40   293245.0000   291110.0000  1153617    0.73%
  69101 57319   292462.9636    37   293245.0000   291110.0000  1153626    0.73%
  69102 57320   292464.8641    39   293245.0000   291110.0000  1153629    0.73%
  69103 57321   292481.8342    36   293245.0000   291110.0000  1153637    0.73%
  69104 57322   292481.8342    36   293245.0000   291110.0000  1153638    0.73%
  69105 57323   292482.2645    35   293245.0000   291110.0000  1153640    0.73%
  69106 57324   292614.2792    29   293245.0000   291110.0000  1153657    0.73%
  69107 57325   292631.7728    30   293245.0000   291110.0000  1153658    0.73%
  69108 57325   292636.7762    27   293245.0000   291110.0000  1153659    0.73%
  69109 57325   292639.1868    27   293245.0000   291110.0000  1153660    0.73%
Elapsed time = 47.15 sec. (70297.07 ticks, tree = 323.69 MB, solutions = 25)
  71986 59969   291802.8333    40   293245.0000   291110.0000  1228000    0.73%
  71987 59970   291802.8333    42   293245.0000   291110.0000  1228032    0.73%
  71988 59971   291802.8333    42   293245.0000   291110.0000  1228035    0.73%
  71989 59972   291802.8333    55   293245.0000   291110.0000  1228103    0.73%
  71990 59973   291802.8333    52   293245.0000   291110.0000  1228109    0.73%
  71991 59974   292580.0758    37   293245.0000   291110.0000  1228332    0.73%
  71992 59973        cutoff         293245.0000   291110.0000  1228336    0.73%
  71993 59972        cutoff         293245.0000   291110.0000  1228341    0.73%
  71994 59973   291110.0000    66   293245.0000   291110.0000  1228494    0.73%
  71995 59974   291110.0000    52   293245.0000   291110.0000  1228518    0.73%
Elapsed time = 49.69 sec. (74138.79 ticks, tree = 340.13 MB, solutions = 25)
  75138 62768   292621.8963    23   293245.0000   291110.0000  1302031    0.73%
  75139 62769   292622.6396    21   293245.0000   291110.0000  1302032    0.73%
  75140 62770   292787.0858    25   293245.0000   291110.0000  1302036    0.73%
  75141 62769        cutoff         293245.0000   291110.0000  1302040    0.73%
  75142 62768        cutoff         293245.0000   291110.0000  1302041    0.73%
  75143 62769   291340.4167    65   293245.0000   291110.0000  1302303    0.73%
  75144 62770   291340.4167    58   293245.0000   291110.0000  1302366    0.73%
  75145 62771   291340.4167    50   293245.0000   291110.0000  1302409    0.73%
  75146 62772   291340.4167    55   293245.0000   291110.0000  1302435    0.73%
  75147 62773   291340.4167    58   293245.0000   291110.0000  1302488    0.73%
Elapsed time = 52.26 sec. (77979.61 ticks, tree = 357.49 MB, solutions = 25)
  77582 64962   291110.0000    35   293245.0000   291110.0000  1365904    0.73%
  77583 64963   291110.0000    37   293245.0000   291110.0000  1365940    0.73%
  77584 64964   291110.0000    38   293245.0000   291110.0000  1365955    0.73%
  77585 64965   291110.0000    31   293245.0000   291110.0000  1365985    0.73%
  77586 64966   291110.0000    42   293245.0000   291110.0000  1366035    0.73%
  77587 64967   291110.0000    42   293245.0000   291110.0000  1366054    0.73%
  77588 64968   291110.0000    40   293245.0000   291110.0000  1366055    0.73%
  77589 64969   291110.0000    43   293245.0000   291110.0000  1366066    0.73%
  77590 64970   291110.0000    42   293245.0000   291110.0000  1366102    0.73%
  77591 64971   291110.0000    44   293245.0000   291110.0000  1366128    0.73%
Elapsed time = 54.77 sec. (81805.52 ticks, tree = 371.08 MB, solutions = 25)
  80669 67829   291110.0000    46   293245.0000   291110.0000  1432816    0.73%
  80670 67830   291110.0000    43   293245.0000   291110.0000  1432845    0.73%
  80671 67831   291110.0000    46   293245.0000   291110.0000  1432867    0.73%
  80672 67832   291110.0000    46   293245.0000   291110.0000  1432868    0.73%
  80673 67833   291110.0000    44   293245.0000   291110.0000  1432889    0.73%
  80674 67834   291110.0000    45   293245.0000   291110.0000  1432913    0.73%
  80675 67835   291110.0000    42   293245.0000   291110.0000  1432936    0.73%
  80676 67836   291110.0000    44   293245.0000   291110.0000  1432953    0.73%
  80677 67837   291110.0000    43   293245.0000   291110.0000  1432966    0.73%
  80678 67838   291110.0000    40   293245.0000   291110.0000  1432974    0.73%
Elapsed time = 57.29 sec. (85628.82 ticks, tree = 390.68 MB, solutions = 25)
  84548 71401   291152.3358    56   293245.0000   291110.0000  1504875    0.73%
  84549 71402   291152.3513    57   293245.0000   291110.0000  1504877    0.73%
  84550 71403   291152.9490    54   293245.0000   291110.0000  1504881    0.73%
  84551 71404   291183.7350    52   293245.0000   291110.0000  1504886    0.73%
  84552 71405   291183.7350    52   293245.0000   291110.0000  1504909    0.73%
  84553 71406   291183.7350    50   293245.0000   291110.0000  1504910    0.73%
  84554 71407   291183.7350    51   293245.0000   291110.0000  1504921    0.73%
  84555 71408   291183.7350    49   293245.0000   291110.0000  1504923    0.73%
  84556 71409   291183.7350    48   293245.0000   291110.0000  1504950    0.73%
  84557 71410   291183.7350    47   293245.0000   291110.0000  1504958    0.73%
Elapsed time = 59.81 sec. (89448.74 ticks, tree = 412.72 MB, solutions = 25)
  87861 74415   291110.0000    55   293245.0000   291110.0000  1567480    0.73%
  87862 74416   291110.0000    55   293245.0000   291110.0000  1567483    0.73%
  87863 74417   291110.0000    53   293245.0000   291110.0000  1567487    0.73%
  87864 74418   291110.0000    53   293245.0000   291110.0000  1567490    0.73%
  87865 74419   291110.0000    52   293245.0000   291110.0000  1567499    0.73%
  87866 74420   291110.0000    53   293245.0000   291110.0000  1567502    0.73%
  87867 74421   291110.0000    55   293245.0000   291110.0000  1567505    0.73%
  87868 74422   291110.0000    52   293245.0000   291110.0000  1567510    0.73%
  87869 74423   291110.0000    52   293245.0000   291110.0000  1567517    0.73%
  87870 74424   291110.0000    54   293245.0000   291110.0000  1567519    0.73%
Elapsed time = 62.34 sec. (93268.41 ticks, tree = 431.36 MB, solutions = 25)
  91365 77587   292264.9167    30   293245.0000   291110.0000  1634874    0.73%
  91366 77588   292264.9167    31   293245.0000   291110.0000  1634880    0.73%
  91367 77587        cutoff         293245.0000   291110.0000  1634923    0.73%
  91368 77586        cutoff         293245.0000   291110.0000  1634925    0.73%
  91369 77587   291110.0000    63   293245.0000   291110.0000  1635092    0.73%
  91370 77588   291110.0000    61   293245.0000   291110.0000  1635103    0.73%
  91371 77589   291110.0000    54   293245.0000   291110.0000  1635133    0.73%
  91372 77590   291110.0000    48   293245.0000   291110.0000  1635181    0.73%
  91373 77591   291110.0000    45   293245.0000   291110.0000  1635237    0.73%
  91374 77592   291110.0000    45   293245.0000   291110.0000  1635268    0.73%
Elapsed time = 64.90 sec. (97104.45 ticks, tree = 450.95 MB, solutions = 25)
  94718 80614   291596.0909    37   293245.0000   291110.0000  1706284    0.73%
  94719 80615   291596.0909    38   293245.0000   291110.0000  1706297    0.73%
  94720 80616   291596.0909    39   293245.0000   291110.0000  1706305    0.73%
  94721 80617   291596.0909    39   293245.0000   291110.0000  1706308    0.73%
  94722 80618   291596.0909    37   293245.0000   291110.0000  1706311    0.73%
  94723 80619   291596.0909    38   293245.0000   291110.0000  1706317    0.73%
  94724 80620   291596.0909    37   293245.0000   291110.0000  1706320    0.73%
  94725 80621   291596.0909    41   293245.0000   291110.0000  1706331    0.73%
  94726 80622   291596.0909    38   293245.0000   291110.0000  1706337    0.73%
  94727 80623   291596.0909    43   293245.0000   291110.0000  1706346    0.73%
Elapsed time = 67.41 sec. (100924.07 ticks, tree = 469.73 MB, solutions = 25)
  97907 83419   292353.5477    44   293245.0000   291110.0000  1778566    0.73%
  97908 83420   292353.5477    43   293245.0000   291110.0000  1778571    0.73%
  97909 83421   292353.5477    44   293245.0000   291110.0000  1778578    0.73%
  97910 83422   292353.5477    44   293245.0000   291110.0000  1778581    0.73%
  97911 83423   292353.5477    42   293245.0000   291110.0000  1778624    0.73%
  97912 83424   292353.5477    42   293245.0000   291110.0000  1778628    0.73%
  97913 83425   292353.5477    43   293245.0000   291110.0000  1778634    0.73%
  97914 83426   292353.5477    48   293245.0000   291110.0000  1778665    0.73%
  97915 83427   292353.5477    43   293245.0000   291110.0000  1778669    0.73%
  97916 83428   292353.5477    41   293245.0000   291110.0000  1778672    0.73%
Elapsed time = 69.95 sec. (104744.82 ticks, tree = 487.16 MB, solutions = 25)
 101267 86529   291110.0000    72   293245.0000   291110.0000  1846486    0.73%
 101268 86530   291110.0000    60   293245.0000   291110.0000  1846505    0.73%
 101269 86531   291110.0000    56   293245.0000   291110.0000  1846514    0.73%
 101270 86532   291110.0000    46   293245.0000   291110.0000  1846554    0.73%
 101271 86533   291110.0000    63   293245.0000   291110.0000  1846650    0.73%
 101272 86534   291110.0000    58   293245.0000   291110.0000  1846654    0.73%
 101273 86535   291110.0000    48   293245.0000   291110.0000  1846665    0.73%
 101274 86536   291110.0000    46   293245.0000   291110.0000  1846704    0.73%
 101275 86537   291110.0000    43   293245.0000   291110.0000  1846721    0.73%
 101276 86538   291110.0000    40   293245.0000   291110.0000  1846732    0.73%
Elapsed time = 72.46 sec. (108578.64 ticks, tree = 506.29 MB, solutions = 25)
 104197 89056   291110.0000    59   293245.0000   291110.0000  1912903    0.73%
 104198 89057   291110.0000    55   293245.0000   291110.0000  1912907    0.73%
 104199 89058   291110.0000    54   293245.0000   291110.0000  1912915    0.73%
 104200 89059   291110.0000    60   293245.0000   291110.0000  1912991    0.73%
 104201 89060   291110.0000    53   293245.0000   291110.0000  1913005    0.73%
 104202 89061   291110.0000    50   293245.0000   291110.0000  1913021    0.73%
 104203 89062   291110.0000    60   293245.0000   291110.0000  1913112    0.73%
 104204 89063   291114.0472    62   293245.0000   291110.0000  1913124    0.73%
 104205 89064   291114.0938    59   293245.0000   291110.0000  1913131    0.73%
 104206 89065   291143.6082    57   293245.0000   291110.0000  1913135    0.73%
Elapsed time = 75.05 sec. (112406.60 ticks, tree = 521.98 MB, solutions = 25)
 107263 91852   291110.0000    46   293245.0000   291110.0000  1985675    0.73%
 107264 91853   291110.0000    60   293245.0000   291110.0000  1985734    0.73%
 107265 91854   291110.0000    56   293245.0000   291110.0000  1985747    0.73%
 107266 91855   291110.0000    52   293245.0000   291110.0000  1985827    0.73%
 107267 91856   291110.0000    50   293245.0000   291110.0000  1985830    0.73%
 107268 91857   291110.0000    56   293245.0000   291110.0000  1985897    0.73%
 107269 91858   291110.0000    47   293245.0000   291110.0000  1985949    0.73%
 107270 91859   291110.0000    46   293245.0000   291110.0000  1985950    0.73%
 107271 91860   291110.0000    56   293245.0000   291110.0000  1986020    0.73%
 107272 91861   291110.0000    55   293245.0000   291110.0000  1986046    0.73%
Elapsed time = 77.61 sec. (116236.80 ticks, tree = 539.24 MB, solutions = 25)
 110161 94553   291110.0000    52   293245.0000   291110.0000  2049853    0.73%
 110162 94554   291110.0000    46   293245.0000   291110.0000  2049867    0.73%
 110163 94555   291714.4970    43   293245.0000   291110.0000  2050171    0.73%
 110164 94556   291714.4970    44   293245.0000   291110.0000  2050177    0.73%
 110165 94557   291714.4970    46   293245.0000   291110.0000  2050195    0.73%
 110166 94558   291714.4970    49   293245.0000   291110.0000  2050207    0.73%
 110167 94559   291714.4970    48   293245.0000   291110.0000  2050208    0.73%
 110168 94560   291716.0457    44   293245.0000   291110.0000  2050213    0.73%
 110169 94561   292002.3524    40   293245.0000   291110.0000  2050315    0.73%
 110170 94562   292002.3524    39   293245.0000   291110.0000  2050316    0.73%
Elapsed time = 80.17 sec. (120072.26 ticks, tree = 555.84 MB, solutions = 25)
 113666 97799   292454.7031    47   293245.0000   291110.0000  2122327    0.73%
 113667 97800   292454.7147    46   293245.0000   291110.0000  2122329    0.73%
 113668 97801   292455.1442    44   293245.0000   291110.0000  2122330    0.73%
 113669 97802   292455.1442    44   293245.0000   291110.0000  2122331    0.73%
 113670 97803   292464.3085    44   293245.0000   291110.0000  2122339    0.73%
 113671 97804   292466.7922    44   293245.0000   291110.0000  2122350    0.73%
 113672 97805   292467.8756    46   293245.0000   291110.0000  2122353    0.73%
 113673 97806   292495.0384    44   293245.0000   291110.0000  2122378    0.73%
 113674 97805        cutoff         293245.0000   291110.0000  2122401    0.73%
 113675 97805   293201.9821    36   293245.0000   291110.0000  2122432    0.73%
Elapsed time = 82.65 sec. (123893.96 ticks, tree = 575.86 MB, solutions = 25)
 116928 100649        cutoff         293245.0000   291110.0000  2191170    0.73%
 116929 100648        cutoff         293245.0000   291110.0000  2191241    0.73%
 116930 100649   291110.0000    65   293245.0000   291110.0000  2191437    0.73%
 116931 100650   291110.0000    61   293245.0000   291110.0000  2191439    0.73%
 116932 100651   291110.0000    52   293245.0000   291110.0000  2191456    0.73%
 116933 100652   291110.0000    68   293245.0000   291110.0000  2191553    0.73%
 116934 100653   291110.0000    49   293245.0000   291110.0000  2191557    0.73%
 116935 100654   291110.0000    48   293245.0000   291110.0000  2191559    0.73%
 116936 100655   291110.0000    51   293245.0000   291110.0000  2191624    0.73%
 116937 100656   291110.0000    58   293245.0000   291110.0000  2191687    0.73%
Elapsed time = 85.29 sec. (127740.95 ticks, tree = 593.44 MB, solutions = 25)
 120223 103656   291110.0000    64   293245.0000   291110.0000  2259500    0.73%
 120224 103657   291110.0000    59   293245.0000   291110.0000  2259513    0.73%
 120225 103658   291110.0000    60   293245.0000   291110.0000  2259611    0.73%
 120226 103659   291110.0000    59   293245.0000   291110.0000  2259686    0.73%
 120227 103660   291110.0000    57   293245.0000   291110.0000  2259687    0.73%
 120228 103661   291110.0000    50   293245.0000   291110.0000  2259743    0.73%
 120229 103662   291110.0000    51   293245.0000   291110.0000  2259776    0.73%
 120230 103663   291110.0000    52   293245.0000   291110.0000  2259785    0.73%
 120231 103664   291110.0000    48   293245.0000   291110.0000  2259833    0.73%
 120232 103665   291110.0000    45   293245.0000   291110.0000  2259842    0.73%
Elapsed time = 87.84 sec. (131580.54 ticks, tree = 612.04 MB, solutions = 25)
 123412 106539   292462.1818    41   293245.0000   291110.0000  2325484    0.73%
 123413 106540   292462.1818    37   293245.0000   291110.0000  2325490    0.73%
 123414 106541   292462.1818    34   293245.0000   291110.0000  2325494    0.73%
 123415 106542   292462.1818    35   293245.0000   291110.0000  2325498    0.73%
 123416 106543   292462.1818    35   293245.0000   291110.0000  2325502    0.73%
 123417 106544   292462.1818    34   293245.0000   291110.0000  2325526    0.73%
 123418 106545   292462.1818    34   293245.0000   291110.0000  2325529    0.73%
 123419 106546   292462.1818    34   293245.0000   291110.0000  2325530    0.73%
 123420 106547   292462.1818    35   293245.0000   291110.0000  2325531    0.73%
 123421 106548   292462.1818    34   293245.0000   291110.0000  2325532    0.73%
Elapsed time = 90.60 sec. (135615.87 ticks, tree = 629.84 MB, solutions = 25)
*124112+103308                       293019.0000   291110.0000             0.65%
 125149 104257   291143.8313    63   293019.0000   291110.0000  2356703    0.65%
 125150 104258   291144.0419    63   293019.0000   291110.0000  2356704    0.65%
 125151 104259   291256.6524    55   293019.0000   291110.0000  2356723    0.65%
 125152 104260   291256.6524    52   293019.0000   291110.0000  2356729    0.65%
 125153 104261   291256.6524    52   293019.0000   291110.0000  2356738    0.65%
 125154 104262   291257.7758    50   293019.0000   291110.0000  2356766    0.65%
 125155 104263   291257.7758    49   293019.0000   291110.0000  2356767    0.65%
 125156 104264   291258.2574    47   293019.0000   291110.0000  2356783    0.65%
 125157 104265   291258.2574    48   293019.0000   291110.0000  2356792    0.65%
 125158 104266   291300.2580    48   293019.0000   291110.0000  2356802    0.65%
Elapsed time = 93.30 sec. (139443.99 ticks, tree = 617.36 MB, solutions = 26)
*125212+99189                       292719.0000   291110.0000             0.55%
*125612+95128                       292526.0000   291110.0000             0.48%
 126212 95635   291110.0000    43   292526.0000   291110.0000  2380892    0.48%
 126213 95636   291110.0000    43   292526.0000   291110.0000  2380934    0.48%
 126214 95637   291110.0000    42   292526.0000   291110.0000  2380958    0.48%
 126215 95638   291110.0000    40   292526.0000   291110.0000  2380963    0.48%
 126216 95639   291110.0000    40   292526.0000   291110.0000  2380979    0.48%
 126217 95640   291110.0000    43   292526.0000   291110.0000  2381019    0.48%
 126218 95641   291110.0000    43   292526.0000   291110.0000  2381043    0.48%
 126219 95642   291110.0000    43   292526.0000   291110.0000  2381052    0.48%
 126220 95643   291110.0000    45   292526.0000   291110.0000  2381105    0.48%
 126221 95644   291110.0000    52   292526.0000   291110.0000  2381219    0.48%
Elapsed time = 96.09 sec. (143275.68 ticks, tree = 566.84 MB, solutions = 28)
 128632 97855   291110.0000    61   292526.0000   291110.0000  2430954    0.48%
 128633 97856   291110.0000    57   292526.0000   291110.0000  2430964    0.48%
 128634 97857   291110.0000    55   292526.0000   291110.0000  2430996    0.48%
 128635 97858   291110.0000    60   292526.0000   291110.0000  2431056    0.48%
 128636 97859   291110.0000    59   292526.0000   291110.0000  2431057    0.48%
 128637 97860   291110.0000    57   292526.0000   291110.0000  2431114    0.48%
 128638 97861   291110.0000    50   292526.0000   291110.0000  2431242    0.48%
 128639 97862   291110.0000    48   292526.0000   291110.0000  2431247    0.48%
 128640 97863   291737.0000    34   292526.0000   291110.0000  2431273    0.48%
 128641 97864   291737.0000    30   292526.0000   291110.0000  2431291    0.48%
Elapsed time = 98.83 sec. (147111.20 ticks, tree = 580.57 MB, solutions = 28)

Cover cuts applied:  95
Mixed integer rounding cuts applied:  297
Zero-half cuts applied:  1
Gomory fractional cuts applied:  2

Root node processing (before b&c):
  Real time             =    0.06 sec. (68.05 ticks)
Sequential b&c:
  Real time             =   99.94 sec. (148717.42 ticks)
                          ------------
Total (root+branch&cut) =  100.00 sec. (148785.46 ticks)

Solution pool: 28 solutions saved.

MIP - Time limit exceeded, integer feasible:  Objective =  2.9252600000e+05
Current MIP best bound =  2.9111000000e+05 (gap = 1416, 0.48%)
Solution time =  100.00 sec.  Iterations = 2466302  Nodes = 129889 (98903)
Deterministic time = 148785.46 ticks  (1487.85 ticks/sec)


Incumbent solution written to file '/tmp/tmp5UeQ26.cplex.sol'.
