
Log started (V12.6.3.0) Sun Apr 22 00:32:07 2018

New value for default parallel thread count: 1

Problem '/tmp/tmpl7isWN.pyomo.lp' read.
Read time = 0.01 sec. (0.69 ticks)

Problem name         : /tmp/tmpl7isWN.pyomo.lp
Objective sense      : Minimize
Variables            :    1074  [Nneg: 1,  Binary: 1056,  General Integer: 17]
Objective nonzeros   :       1
Linear constraints   :     168  [Less: 82,  Equal: 86]
  Nonzeros           :   48873
  RHS nonzeros       :     133

Variables            : Min LB: 0.000000         Max UB: 1.000000       
Objective nonzeros   : Min   : 1.000000         Max   : 1.000000       
Linear constraints   :
  Nonzeros           : Min   : 1.000000         Max   : 117484.0       
  RHS nonzeros       : Min   : 1.000000         Max   : 7.000000       
Tried aggregator 2 times.
MIP Presolve eliminated 75 rows and 214 columns.
Aggregator did 14 substitutions.
Reduced MIP has 79 rows, 846 columns, and 2255 nonzeros.
Reduced MIP has 845 binaries, 1 generals, 0 SOSs, and 0 indicators.
Presolve time = 0.01 sec. (9.41 ticks)
Found incumbent of value 3784418.000000 after 0.01 sec. (13.12 ticks)
Probing time = 0.00 sec. (1.52 ticks)
Cover probing fixed 0 vars, tightened 9 bounds.
Tried aggregator 1 time.
Reduced MIP has 79 rows, 846 columns, and 2255 nonzeros.
Reduced MIP has 845 binaries, 1 generals, 0 SOSs, and 0 indicators.
Presolve time = 0.00 sec. (1.32 ticks)
Probing time = 0.00 sec. (1.03 ticks)
Clique table members: 65.
MIP emphasis: balance optimality and feasibility.
MIP search method: dynamic search.
Parallel mode: none, using 1 thread.
Root relaxation solution time = 0.00 sec. (0.82 ticks)

        Nodes                                         Cuts/
   Node  Left     Objective  IInf  Best Integer    Best Bound    ItCnt     Gap

*     0+    0                      3784418.0000   117484.0000            96.90%
      0     0   291109.0769    18  3784418.0000   291109.0769       30   92.31%
*     0+    0                       387734.0000   291109.0769            24.92%
      0     0   291110.0000    20   387734.0000      Fract: 9       55   24.92%
*     0+    0                       349024.0000   291110.0000            16.59%
      0     0   291110.0000    28   349024.0000      Cuts: 22      104   16.59%
*     0+    0                       324595.0000   291110.0000            10.32%
*     0+    0                       313262.0000   291110.0000             7.07%
*     0+    0                       312673.0000   291110.0000             6.90%
      0     2   291110.0000    21   312673.0000   291110.0000      104    6.90%
Elapsed time = 0.05 sec. (54.99 ticks, tree = 0.01 MB, solutions = 5)
*    10+   10                       312543.0000   291110.0000             6.86%
*    20+   20                       309479.0000   291110.0000             5.94%
*    30+   30                       306402.0000   291110.0000             4.99%
*    40+   40                       306219.0000   291110.0000             4.93%
*   140+  118                       305922.0000   291110.0000             4.84%
*   160+  138                       304519.0000   291110.0000             4.40%
*   269+  233                       304462.0000   291110.0000             4.39%
*   269+  232                       303669.0000   291110.0000             4.14%
*   269+  232                       303542.0000   291110.0000             4.10%
*   269+  230                       302570.0000   291110.0000             3.79%
*   269+  227                       301945.0000   291110.0000             3.59%
    940   829   291110.0000    26   301945.0000   291110.0000     4347    3.59%
    941   830   291110.0000    26   301945.0000   291110.0000     4348    3.59%
    942   831   291110.0000    26   301945.0000   291110.0000     4356    3.59%
    943   832   291110.0000    26   301945.0000   291110.0000     4357    3.59%
    944   833   291110.0000    25   301945.0000   291110.0000     4365    3.59%
    945   834   291110.0000    23   301945.0000   291110.0000     4370    3.59%
    946   835   291110.0000    28   301945.0000   291110.0000     4376    3.59%
    947   836   291110.0000    29   301945.0000   291110.0000     4377    3.59%
    948   837   291110.0000    28   301945.0000   291110.0000     4379    3.59%
*  1000+  887                       301172.0000   291110.0000             3.34%
*  1110+  992                       299068.0000   291110.0000             2.66%
*  1111+  919                       297835.0000   291110.0000             2.26%
*  1213+  651                       296246.0000   291110.0000             1.73%
*  1313+  423                       295356.0000   291110.0000             1.44%
   1313   425   291110.0000    17   295356.0000   291110.0000     6465    1.44%
Elapsed time = 0.90 sec. (1112.92 ticks, tree = 0.76 MB, solutions = 21)
*  1613+  439                       294959.0000   291110.0000             1.30%
*  1713+  411                       294836.0000   291110.0000             1.26%
*  1913+  493                       293995.0000   291110.0000             0.98%
   2013   587   292643.0000    21   293995.0000   291110.0000     8652    0.98%
   2014   588   292643.0000    21   293995.0000   291110.0000     8653    0.98%
   2015   589   292643.0000    21   293995.0000   291110.0000     8654    0.98%
   2016   590   292643.0000    21   293995.0000   291110.0000     8655    0.98%
   2017   591   292643.0000    21   293995.0000   291110.0000     8656    0.98%
   2018   592   292643.0000    21   293995.0000   291110.0000     8657    0.98%
   2019   593   292643.0000    21   293995.0000   291110.0000     8658    0.98%
   2020   594   292643.0000    19   293995.0000   291110.0000     8659    0.98%
   2021   595   292643.0000    22   293995.0000   291110.0000     8662    0.98%
   2022   596   292643.0000    23   293995.0000   291110.0000     8663    0.98%
Elapsed time = 1.66 sec. (2099.88 ticks, tree = 0.94 MB, solutions = 24)
   6374  4470   291110.0000    25   293995.0000   291110.0000    22950    0.98%
   6375  4471   291110.0000    24   293995.0000   291110.0000    22951    0.98%
   6376  4472   291110.0000    25   293995.0000   291110.0000    22952    0.98%
   6377  4473   291366.6667    25   293995.0000   291110.0000    22961    0.98%
   6378  4474   291366.6667    24   293995.0000   291110.0000    22962    0.98%
   6379  4475   291366.6667    23   293995.0000   291110.0000    22964    0.98%
   6380  4476   291366.6667    24   293995.0000   291110.0000    22965    0.98%
   6381  4477   291366.6667    23   293995.0000   291110.0000    22966    0.98%
   6382  4478   291366.6667    23   293995.0000   291110.0000    22970    0.98%
   6383  4479   291366.6667    23   293995.0000   291110.0000    22972    0.98%
Elapsed time = 2.39 sec. (3055.64 ticks, tree = 7.29 MB, solutions = 24)
  11705  9288   291110.0000    28   293995.0000   291110.0000    42787    0.98%
  11706  9289   291110.0000    28   293995.0000   291110.0000    42788    0.98%
  11707  9290   291110.0000    28   293995.0000   291110.0000    42790    0.98%
  11708  9291   291110.0000    27   293995.0000   291110.0000    42792    0.98%
  11709  9292   291110.0000    26   293995.0000   291110.0000    42794    0.98%
  11710  9293   291110.0000    26   293995.0000   291110.0000    42796    0.98%
  11711  9294   291110.0000    28   293995.0000   291110.0000    42799    0.98%
  11712  9295   291110.0000    27   293995.0000   291110.0000    42800    0.98%
  11713  9296   291110.0000    27   293995.0000   291110.0000    42802    0.98%
  11714  9297   291110.0000    27   293995.0000   291110.0000    42803    0.98%
Elapsed time = 3.12 sec. (4010.41 ticks, tree = 15.21 MB, solutions = 24)
  15920 13079   293789.6582    28   293995.0000   291110.0000    63097    0.98%
  15921 13080   293789.6582    28   293995.0000   291110.0000    63098    0.98%
  15922 13081   293789.6582    28   293995.0000   291110.0000    63099    0.98%
  15923 13081   293789.6582    28   293995.0000   291110.0000    63100    0.98%
  15924 13082   293789.6582    27   293995.0000   291110.0000    63102    0.98%
  15925 13083   293789.6582    27   293995.0000   291110.0000    63104    0.98%
  15926 13084   293859.3723    25   293995.0000   291110.0000    63117    0.98%
  15927 13083        cutoff         293995.0000   291110.0000    63121    0.98%
  15928 13082        cutoff         293995.0000   291110.0000    63125    0.98%
  15929 13083   291110.0000    32   293995.0000   291110.0000    63170    0.98%
Elapsed time = 3.85 sec. (4969.99 ticks, tree = 21.72 MB, solutions = 24)
  20679 17454   291110.0000    32   293995.0000   291110.0000    85997    0.98%
  20680 17455   291110.0000    32   293995.0000   291110.0000    86003    0.98%
  20681 17455   291110.0000    33   293995.0000   291110.0000    86013    0.98%
  20682 17456   291110.0000    31   293995.0000   291110.0000    86018    0.98%
  20683 17457   291110.0000    29   293995.0000   291110.0000    86020    0.98%
  20684 17458   291110.0000    27   293995.0000   291110.0000    86022    0.98%
  20685 17459   291110.0000    29   293995.0000   291110.0000    86028    0.98%
  20686 17460   291110.0000    29   293995.0000   291110.0000    86029    0.98%
  20687 17461   291110.0000    29   293995.0000   291110.0000    86032    0.98%
  20688 17462   291110.0000    31   293995.0000   291110.0000    86036    0.98%
Elapsed time = 4.57 sec. (5925.38 ticks, tree = 29.78 MB, solutions = 24)
  25250 21599   291110.0000    32   293995.0000   291110.0000   107895    0.98%
  25251 21600   291110.0000    32   293995.0000   291110.0000   107896    0.98%
  25252 21601   291110.0000    34   293995.0000   291110.0000   107905    0.98%
  25253 21602   291110.0000    34   293995.0000   291110.0000   107921    0.98%
  25254 21603   291110.0000    35   293995.0000   291110.0000   107925    0.98%
  25255 21604   291110.0000    34   293995.0000   291110.0000   107929    0.98%
  25256 21605   291110.0000    33   293995.0000   291110.0000   107930    0.98%
  25257 21606   291110.0000    33   293995.0000   291110.0000   107932    0.98%
  25258 21607   291110.0000    33   293995.0000   291110.0000   107933    0.98%
  25259 21608   291110.0000    32   293995.0000   291110.0000   107934    0.98%
Elapsed time = 5.28 sec. (6880.57 ticks, tree = 37.07 MB, solutions = 24)
  28524 24623   291110.0000    34   293995.0000   291110.0000   130309    0.98%
  28525 24624   291110.0000    39   293995.0000   291110.0000   130332    0.98%
  28526 24625   291110.0000    35   293995.0000   291110.0000   130389    0.98%
  28527 24626   291110.0000    34   293995.0000   291110.0000   130393    0.98%
  28528 24627   291110.0000    33   293995.0000   291110.0000   130394    0.98%
  28529 24628   291110.0000    29   293995.0000   291110.0000   130397    0.98%
  28530 24629   291110.0000    30   293995.0000   291110.0000   130404    0.98%
  28531 24630   291110.0000    35   293995.0000   291110.0000   130422    0.98%
  28532 24631   291110.0000    33   293995.0000   291110.0000   130423    0.98%
  28533 24632   291110.0000    34   293995.0000   291110.0000   130426    0.98%
Elapsed time = 5.96 sec. (7838.06 ticks, tree = 42.81 MB, solutions = 24)
  30909 26833   291110.0000    44   293995.0000   291110.0000   153184    0.98%
  30910 26834   291110.0000    43   293995.0000   291110.0000   153195    0.98%
  30911 26835   291110.0000    44   293995.0000   291110.0000   153212    0.98%
  30912 26836   291110.0000    42   293995.0000   291110.0000   153217    0.98%
  30913 26837   291110.0000    43   293995.0000   291110.0000   153226    0.98%
  30914 26838   291110.0000    41   293995.0000   291110.0000   153233    0.98%
  30915 26839   291110.0000    39   293995.0000   291110.0000   153255    0.98%
  30916 26840   291110.0000    43   293995.0000   291110.0000   153267    0.98%
  30917 26841   291110.0000    43   293995.0000   291110.0000   153268    0.98%
  30918 26842   291110.0000    42   293995.0000   291110.0000   153276    0.98%
Elapsed time = 6.62 sec. (8794.92 ticks, tree = 47.42 MB, solutions = 24)
  33847 29625   291110.0000    32   293995.0000   291110.0000   179493    0.98%
  33848 29626   291110.0000    39   293995.0000   291110.0000   179511    0.98%
  33849 29627   291110.0000    35   293995.0000   291110.0000   179530    0.98%
  33850 29628   291110.0000    33   293995.0000   291110.0000   179536    0.98%
  33851 29629   291110.0000    39   293995.0000   291110.0000   179558    0.98%
  33852 29630   291110.0000    37   293995.0000   291110.0000   179566    0.98%
  33853 29631   291110.0000    36   293995.0000   291110.0000   179571    0.98%
  33854 29632   291110.0000    38   293995.0000   291110.0000   179619    0.98%
  33855 29633   291110.0000    40   293995.0000   291110.0000   179698    0.98%
  39414 34770   291110.0000    46   293995.0000   291110.0000   241727    0.98%
Elapsed time = 9.23 sec. (12611.24 ticks, tree = 67.25 MB, solutions = 24)
  43274 38280        cutoff         293995.0000   291110.0000   307406    0.98%
  43275 38281   292608.9598    66   293995.0000   291110.0000   307415    0.98%
  43276 38282   292635.5293    63   293995.0000   291110.0000   307422    0.98%
  43277 38283   292694.6219    61   293995.0000   291110.0000   307429    0.98%
  43278 38284   292814.9457    54   293995.0000   291110.0000   307456    0.98%
  43279 38285   292815.7185    53   293995.0000   291110.0000   307459    0.98%
  43280 38286   292817.1420    57   293995.0000   291110.0000   307463    0.98%
  43281 38287   292845.8255    62   293995.0000   291110.0000   307479    0.98%
  43282 38288   292864.1819    59   293995.0000   291110.0000   307490    0.98%
  43283 38289   292875.2880    57   293995.0000   291110.0000   307500    0.98%
Elapsed time = 11.72 sec. (16434.51 ticks, tree = 79.92 MB, solutions = 24)
  45375 40139   291110.0000    77   293995.0000   291110.0000   363066    0.98%
  45376 40140   291110.0000    72   293995.0000   291110.0000   363078    0.98%
  45377 40141   291110.0000    69   293995.0000   291110.0000   363092    0.98%
  45378 40142   291110.0000    82   293995.0000   291110.0000   363195    0.98%
  45379 40143   291110.0000    77   293995.0000   291110.0000   363204    0.98%
  45380 40144   291110.0000    69   293995.0000   291110.0000   363217    0.98%
  45381 40145   291110.0000    68   293995.0000   291110.0000   363221    0.98%
  45382 40146   291110.0000    54   293995.0000   291110.0000   363267    0.98%
  45383 40147   291110.0000    63   293995.0000   291110.0000   363335    0.98%
  45384 40148   291110.0000    52   293995.0000   291110.0000   363412    0.98%
Elapsed time = 14.19 sec. (20301.47 ticks, tree = 90.16 MB, solutions = 24)
  47646 42238   292142.9993    79   293995.0000   291110.0000   412897    0.98%
  47647 42239   292154.4088    76   293995.0000   291110.0000   412904    0.98%
  47648 42240   292157.0629    76   293995.0000   291110.0000   412915    0.98%
  47649 42241   292163.5689    73   293995.0000   291110.0000   412928    0.98%
  47650 42242   292165.2915    75   293995.0000   291110.0000   412932    0.98%
  47651 42243   292174.7712    70   293995.0000   291110.0000   412948    0.98%
  47652 42244   292191.8051    68   293995.0000   291110.0000   412973    0.98%
  47653 42245   292226.5596    70   293995.0000   291110.0000   413003    0.98%
  47654 42246   292237.4515    69   293995.0000   291110.0000   413015    0.98%
  47655 42247   292267.4385    67   293995.0000   291110.0000   413049    0.98%
Elapsed time = 16.63 sec. (24129.49 ticks, tree = 103.33 MB, solutions = 24)
  49891 44343   291110.0000    64   293995.0000   291110.0000   464137    0.98%
  49892 44344   291110.0000    59   293995.0000   291110.0000   464144    0.98%
  49893 44345   291110.0000    66   293995.0000   291110.0000   464233    0.98%
  49894 44346   291110.0000    65   293995.0000   291110.0000   464234    0.98%
  49895 44347   291110.0000    63   293995.0000   291110.0000   464237    0.98%
  49896 44348   291110.0000    64   293995.0000   291110.0000   464279    0.98%
  49897 44349   291112.0788    71   293995.0000   291110.0000   464460    0.98%
  49898 44350   291112.8319    68   293995.0000   291110.0000   464472    0.98%
  49899 44351   291112.8709    66   293995.0000   291110.0000   464475    0.98%
  49900 44352   291139.7744    62   293995.0000   291110.0000   464519    0.98%
Elapsed time = 19.06 sec. (27962.63 ticks, tree = 116.53 MB, solutions = 24)
* 51913+45648                       293840.0000   291110.0000             0.93%
  52059 45781   293150.6057    78   293840.0000   291110.0000   514507    0.93%
  52060 45782   293158.0156    77   293840.0000   291110.0000   514512    0.93%
  52061 45783   293172.5465    79   293840.0000   291110.0000   514524    0.93%
  52062 45784   293173.9781    78   293840.0000   291110.0000   514527    0.93%
  52063 45785   293174.8983    78   293840.0000   291110.0000   514529    0.93%
  52064 45786   293192.3393    78   293840.0000   291110.0000   514536    0.93%
  52065 45787   293192.4867    78   293840.0000   291110.0000   514538    0.93%
  52066 45788   293194.4116    80   293840.0000   291110.0000   514542    0.93%
  52067 45789   293280.7988    77   293840.0000   291110.0000   514573    0.93%
  52068 45790   293281.0406    77   293840.0000   291110.0000   514578    0.93%
Elapsed time = 21.52 sec. (31784.58 ticks, tree = 127.59 MB, solutions = 25)
* 53313+45497                       293525.0000   291110.0000             0.82%
  54386 46492   291110.0000    64   293525.0000   291110.0000   566165    0.82%
  54387 46493   291110.0000    63   293525.0000   291110.0000   566218    0.82%
  54388 46494   291110.0000    61   293525.0000   291110.0000   566219    0.82%
  54389 46495   291110.0000    60   293525.0000   291110.0000   566244    0.82%
  54390 46496   291110.0000    59   293525.0000   291110.0000   566249    0.82%
  54391 46497   291110.0000    65   293525.0000   291110.0000   566314    0.82%
  54392 46498   291110.0000    60   293525.0000   291110.0000   566341    0.82%
  54393 46499   291110.0000    55   293525.0000   291110.0000   566362    0.82%
  54394 46500   291110.0000    59   293525.0000   291110.0000   566419    0.82%
  54395 46501   291110.0000    64   293525.0000   291110.0000   566521    0.82%
Elapsed time = 24.03 sec. (35616.40 ticks, tree = 136.27 MB, solutions = 26)
  56660 48573   292748.0252    81   293525.0000   291110.0000   623706    0.82%
  56661 48574   292748.2588    83   293525.0000   291110.0000   623711    0.82%
  56662 48575   292774.6481    86   293525.0000   291110.0000   623722    0.82%
  56663 48576   292811.0540    87   293525.0000   291110.0000   623751    0.82%
  56664 48577   292811.1829    86   293525.0000   291110.0000   623755    0.82%
  56665 48578   292820.9244    84   293525.0000   291110.0000   623772    0.82%
  56666 48579   292838.3234    85   293525.0000   291110.0000   623791    0.82%
  56667 48580   292838.4957    85   293525.0000   291110.0000   623793    0.82%
  56668 48581   292852.3097    86   293525.0000   291110.0000   623801    0.82%
  56669 48582   292886.9463    87   293525.0000   291110.0000   623821    0.82%
Elapsed time = 26.45 sec. (39452.10 ticks, tree = 149.37 MB, solutions = 26)
  59856 51586   291119.7945    45   293525.0000   291110.0000   688356    0.82%
  59857 51587   291119.7945    48   293525.0000   291110.0000   688375    0.82%
  59858 51588   291119.7945    41   293525.0000   291110.0000   688397    0.82%
  59859 51589   291119.7945    42   293525.0000   291110.0000   688400    0.82%
  59860 51590   291119.7945    43   293525.0000   291110.0000   688410    0.82%
  59861 51591   291119.7945    42   293525.0000   291110.0000   688418    0.82%
  59862 51592   291119.7945    43   293525.0000   291110.0000   688422    0.82%
  59863 51593   291142.9198    53   293525.0000   291110.0000   688541    0.82%
  59864 51594   291142.9198    49   293525.0000   291110.0000   688544    0.82%
  59865 51595   291147.4149    49   293525.0000   291110.0000   688565    0.82%
Elapsed time = 28.91 sec. (43277.49 ticks, tree = 168.45 MB, solutions = 26)
  62066 53598        cutoff         293525.0000   291110.0000   743015    0.82%
  62067 53598   293464.4759    65   293525.0000   291110.0000   743427    0.82%
  62068 53598   293480.9182    65   293525.0000   291110.0000   743449    0.82%
  62069 53599   293480.9182    63   293525.0000   291110.0000   743458    0.82%
  62070 53599   293485.2546    66   293525.0000   291110.0000   743462    0.82%
  62071 53600   293485.6987    61   293525.0000   291110.0000   743464    0.82%
  62072 53600   293485.8162    60   293525.0000   291110.0000   743466    0.82%
  62073 53601   293491.2489    61   293525.0000   291110.0000   743469    0.82%
  62074 53602   293491.3557    61   293525.0000   291110.0000   743470    0.82%
  62075 53602   293519.1222    60   293525.0000   291110.0000   743482    0.82%
Elapsed time = 31.41 sec. (47141.50 ticks, tree = 181.21 MB, solutions = 26)
* 62813+53092                       293372.0000   291110.0000             0.77%
  64032 54199   292177.6643    89   293372.0000   291110.0000   795268    0.77%
  64033 54200   292177.7898    87   293372.0000   291110.0000   795272    0.77%
  64034 54201   292179.8154    93   293372.0000   291110.0000   795294    0.77%
  64035 54202   292196.8664    76   293372.0000   291110.0000   795326    0.77%
  64036 54203   292196.8664    76   293372.0000   291110.0000   795327    0.77%
  64037 54204   292196.8664    76   293372.0000   291110.0000   795328    0.77%
  64038 54205   292204.6067    73   293372.0000   291110.0000   795346    0.77%
  64039 54206   292204.7678    71   293372.0000   291110.0000   795349    0.77%
  64040 54207   292223.6023    78   293372.0000   291110.0000   795375    0.77%
  64041 54208   292223.6593    75   293372.0000   291110.0000   795381    0.77%
Elapsed time = 33.93 sec. (50981.00 ticks, tree = 188.11 MB, solutions = 27)
  65903 55770   291565.4914    89   293372.0000   291110.0000   854829    0.77%
  65904 55771   291565.5121    91   293372.0000   291110.0000   854831    0.77%
  65905 55772   291565.5994    91   293372.0000   291110.0000   854834    0.77%
  65906 55773   291568.4082    90   293372.0000   291110.0000   854835    0.77%
  65907 55774   291570.5417    91   293372.0000   291110.0000   854841    0.77%
  65908 55775   291573.1274    91   293372.0000   291110.0000   854853    0.77%
  65909 55776   291573.8156    90   293372.0000   291110.0000   854858    0.77%
  65910 55777   291576.8006    91   293372.0000   291110.0000   854869    0.77%
  65911 55778   291593.9055    91   293372.0000   291110.0000   854894    0.77%
  65912 55779   291597.4356    93   293372.0000   291110.0000   854902    0.77%
Elapsed time = 36.34 sec. (54800.80 ticks, tree = 198.23 MB, solutions = 27)
  67587 57221   291123.2057    87   293372.0000   291110.0000   906192    0.77%
  67588 57222   291123.2060    86   293372.0000   291110.0000   906193    0.77%
  67589 57223   291123.2409    86   293372.0000   291110.0000   906195    0.77%
  67590 57224   291123.3495    83   293372.0000   291110.0000   906200    0.77%
  67591 57225   291123.3654    87   293372.0000   291110.0000   906202    0.77%
  67592 57226   291123.3669    85   293372.0000   291110.0000   906203    0.77%
  67593 57227   291123.5555    85   293372.0000   291110.0000   906204    0.77%
  67594 57228   291123.5577    84   293372.0000   291110.0000   906205    0.77%
  67595 57229   291143.8435    81   293372.0000   291110.0000   906246    0.77%
  67596 57230   291143.8476    81   293372.0000   291110.0000   906247    0.77%
Elapsed time = 38.79 sec. (58622.64 ticks, tree = 207.56 MB, solutions = 27)
  69813 59214   291962.4660    65   293372.0000   291110.0000   960576    0.77%
  69814 59215   292000.7752    67   293372.0000   291110.0000   960651    0.77%
  69815 59216   292015.5934    65   293372.0000   291110.0000   960687    0.77%
  69816 59217   292038.1324    62   293372.0000   291110.0000   960725    0.77%
  69817 59218   292042.1245    61   293372.0000   291110.0000   960735    0.77%
  69818 59219   292197.8944    59   293372.0000   291110.0000   960758    0.77%
  69819 59220   292200.4324    58   293372.0000   291110.0000   960770    0.77%
  69820 59221   292243.6555    59   293372.0000   291110.0000   960789    0.77%
  69821 59222   292245.0936    59   293372.0000   291110.0000   960791    0.77%
  69822 59223   292245.3236    59   293372.0000   291110.0000   960794    0.77%
Elapsed time = 41.25 sec. (62472.94 ticks, tree = 220.20 MB, solutions = 27)
  71891 61031   291600.0000    30   293372.0000   291110.0000  1013394    0.77%
  71892 61032   291600.0000    32   293372.0000   291110.0000  1013398    0.77%
  71893 61033   291600.0000    27   293372.0000   291110.0000  1013401    0.77%
  71894 61034   291600.0000    25   293372.0000   291110.0000  1013434    0.77%
  71895 61035   291600.0000    26   293372.0000   291110.0000  1013435    0.77%
  71896 61036   291600.0000    25   293372.0000   291110.0000  1013436    0.77%
  71897 61037   291600.0000    29   293372.0000   291110.0000  1013440    0.77%
  71898 61038   291600.0000    27   293372.0000   291110.0000  1013444    0.77%
  71899 61039   291600.0000    28   293372.0000   291110.0000  1013448    0.77%
  71900 61040   291600.0000    25   293372.0000   291110.0000  1013459    0.77%
Elapsed time = 43.73 sec. (66291.81 ticks, tree = 231.83 MB, solutions = 27)
  74634 63541   291605.6893    92   293372.0000   291110.0000  1071285    0.77%
  74635 63542   291605.7299    91   293372.0000   291110.0000  1071286    0.77%
  74636 63543   291606.2688    92   293372.0000   291110.0000  1071301    0.77%
  74637 63544   291607.3974    96   293372.0000   291110.0000  1071314    0.77%
  74638 63545   291618.0367    96   293372.0000   291110.0000  1071344    0.77%
  74639 63546   291633.0693    86   293372.0000   291110.0000  1071383    0.77%
  74640 63547   291635.5555    79   293372.0000   291110.0000  1071406    0.77%
  74641 63548   291635.8376    83   293372.0000   291110.0000  1071413    0.77%
  74642 63549   291635.8387    82   293372.0000   291110.0000  1071415    0.77%
  74643 63550   291636.8294    90   293372.0000   291110.0000  1071428    0.77%
Elapsed time = 46.14 sec. (70116.50 ticks, tree = 247.69 MB, solutions = 27)
  77213 65877   291110.0000    55   293372.0000   291110.0000  1129934    0.77%
  77214 65878   291110.0000    42   293372.0000   291110.0000  1129968    0.77%
  77215 65879   291110.0000    42   293372.0000   291110.0000  1129979    0.77%
  77216 65880   291110.0000    40   293372.0000   291110.0000  1129992    0.77%
  77217 65881   291110.0000    38   293372.0000   291110.0000  1129993    0.77%
  77218 65882   291110.0000    37   293372.0000   291110.0000  1130026    0.77%
  77219 65883   291110.0000    36   293372.0000   291110.0000  1130073    0.77%
  77220 65884   291110.0000    35   293372.0000   291110.0000  1130079    0.77%
  77221 65885   291110.0000    31   293372.0000   291110.0000  1130083    0.77%
  77222 65886   291110.0000    34   293372.0000   291110.0000  1130105    0.77%
Elapsed time = 48.66 sec. (74049.55 ticks, tree = 264.44 MB, solutions = 27)
  80801 69262   291718.1034    38   293372.0000   291110.0000  1206149    0.77%
  80802 69263   291718.1034    36   293372.0000   291110.0000  1206156    0.77%
  80803 69264   291718.1034    37   293372.0000   291110.0000  1206159    0.77%
  80804 69265   291718.1034    39   293372.0000   291110.0000  1206163    0.77%
  80805 69266   291718.1034    39   293372.0000   291110.0000  1206167    0.77%
  80806 69267   291718.1034    41   293372.0000   291110.0000  1206195    0.77%
  80807 69268   291718.1034    42   293372.0000   291110.0000  1206210    0.77%
  80808 69269   291718.1034    46   293372.0000   291110.0000  1206225    0.77%
  80809 69270   291718.1034    46   293372.0000   291110.0000  1206227    0.77%
  80810 69271   291718.1034    46   293372.0000   291110.0000  1206232    0.77%
Elapsed time = 51.10 sec. (77869.82 ticks, tree = 285.90 MB, solutions = 27)
  83943 72269   292391.5000    31   293372.0000   291110.0000  1266491    0.77%
  83944 72270   292391.5000    37   293372.0000   291110.0000  1266502    0.77%
  83945 72271   292391.5000    35   293372.0000   291110.0000  1266506    0.77%
  83946 72272   292391.5000    37   293372.0000   291110.0000  1266512    0.77%
  83947 72273   292391.5000    35   293372.0000   291110.0000  1266513    0.77%
  83948 72274   292391.5000    36   293372.0000   291110.0000  1266516    0.77%
  83949 72275   292391.5000    32   293372.0000   291110.0000  1266530    0.77%
  83950 72276   292391.5000    33   293372.0000   291110.0000  1266537    0.77%
  83951 72277   292520.2727    33   293372.0000   291110.0000  1266711    0.77%
  83952 72278   292520.2727    30   293372.0000   291110.0000  1266713    0.77%
Elapsed time = 53.55 sec. (81699.12 ticks, tree = 304.83 MB, solutions = 27)
  85906 74053   292627.5621    71   293372.0000   291110.0000  1327015    0.77%
  85907 74054   292649.8309    70   293372.0000   291110.0000  1327051    0.77%
  85908 74055   292650.2945    71   293372.0000   291110.0000  1327057    0.77%
  85909 74056   292652.7248    73   293372.0000   291110.0000  1327074    0.77%
  85910 74056   293370.8190    53   293372.0000   291110.0000  1327215    0.77%
  85911 74055        cutoff         293372.0000   291110.0000  1327217    0.77%
  85912 74054        cutoff         293372.0000   291110.0000  1327365    0.77%
  85913 74055   292508.9612    73   293372.0000   291110.0000  1327940    0.77%
  85914 74056   292510.0434    73   293372.0000   291110.0000  1327942    0.77%
  85915 74057   292523.5270    72   293372.0000   291110.0000  1327946    0.77%
Elapsed time = 56.00 sec. (85571.91 ticks, tree = 316.12 MB, solutions = 27)
  87858 75771   293160.7927    56   293372.0000   291110.0000  1380837    0.77%
  87859 75772   293223.9093    62   293372.0000   291110.0000  1380884    0.77%
  87860 75773   293226.0531    62   293372.0000   291110.0000  1380895    0.77%
  87861 75774   293236.9969    58   293372.0000   291110.0000  1380910    0.77%
  87862 75775   293237.2036    55   293372.0000   291110.0000  1380913    0.77%
  87863 75776   293247.2569    58   293372.0000   291110.0000  1380925    0.77%
  87864 75777   293250.1501    58   293372.0000   291110.0000  1380927    0.77%
  87865 75778   293273.7584    61   293372.0000   291110.0000  1380954    0.77%
  87866 75779   293274.7035    60   293372.0000   291110.0000  1380960    0.77%
  87867 75780   293278.5719    64   293372.0000   291110.0000  1380977    0.77%
Elapsed time = 58.47 sec. (89414.39 ticks, tree = 327.05 MB, solutions = 27)
  89998 77673   292632.9759    70   293372.0000   291110.0000  1436879    0.77%
  89999 77674   292635.5497    67   293372.0000   291110.0000  1436884    0.77%
  90000 77675   292672.7220    61   293372.0000   291110.0000  1436914    0.77%
  90001 77676   292673.7837    61   293372.0000   291110.0000  1436916    0.77%
  90002 77677   292678.4949    61   293372.0000   291110.0000  1436923    0.77%
  90003 77678   292687.8698    61   293372.0000   291110.0000  1436928    0.77%
  90004 77679   292689.3873    66   293372.0000   291110.0000  1436930    0.77%
  90005 77680   292689.5207    62   293372.0000   291110.0000  1436931    0.77%
  90006 77681   292728.5942    64   293372.0000   291110.0000  1436956    0.77%
  90007 77682   292730.3141    65   293372.0000   291110.0000  1436965    0.77%
Elapsed time = 60.92 sec. (93236.16 ticks, tree = 339.17 MB, solutions = 27)
  92127 79524   292718.2599    60   293372.0000   291110.0000  1498727    0.77%
  92128 79525   292718.9712    62   293372.0000   291110.0000  1498731    0.77%
  92129 79526   292753.3987    63   293372.0000   291110.0000  1498755    0.77%
  92130 79527   292761.7785    62   293372.0000   291110.0000  1498763    0.77%
  92131 79528   292767.3218    62   293372.0000   291110.0000  1498766    0.77%
  92132 79529   292783.9670    58   293372.0000   291110.0000  1498777    0.77%
  92133 79530   292801.5099    58   293372.0000   291110.0000  1498790    0.77%
  92134 79530   293206.6266    63   293372.0000   291110.0000  1498827    0.77%
  92135 79531   293206.6266    61   293372.0000   291110.0000  1498832    0.77%
  92136 79532   293212.9365    58   293372.0000   291110.0000  1498842    0.77%
Elapsed time = 63.36 sec. (97061.55 ticks, tree = 351.10 MB, solutions = 27)
* 92313+76614                       293118.0000   291110.0000             0.69%
  93789 77864   291852.4592    87   293118.0000   291110.0000  1552563    0.69%
  93790 77865   291862.5590    84   293118.0000   291110.0000  1552588    0.69%
  93791 77866   291862.9789    84   293118.0000   291110.0000  1552598    0.69%
  93792 77867   291863.1694    84   293118.0000   291110.0000  1552600    0.69%
  93793 77868   291880.8873    85   293118.0000   291110.0000  1552638    0.69%
  93794 77869   291887.9574    85   293118.0000   291110.0000  1552672    0.69%
  93795 77870   291888.1689    83   293118.0000   291110.0000  1552676    0.69%
  93796 77871   291888.4071    85   293118.0000   291110.0000  1552679    0.69%
  93797 77872   291888.4219    85   293118.0000   291110.0000  1552680    0.69%
  93798 77873   291888.4829    86   293118.0000   291110.0000  1552683    0.69%
Elapsed time = 65.84 sec. (100885.69 ticks, tree = 344.80 MB, solutions = 28)
  95920 79762        cutoff         293118.0000   291110.0000  1606622    0.69%
  95921 79761        cutoff         293118.0000   291110.0000  1607044    0.69%
  95922 79762   291997.3260    90   293118.0000   291110.0000  1607761    0.69%
  95923 79763   291998.2438    90   293118.0000   291110.0000  1607762    0.69%
  95924 79764   292000.0203    89   293118.0000   291110.0000  1607763    0.69%
  95925 79765   292000.2440    88   293118.0000   291110.0000  1607766    0.69%
  95926 79766   292002.8788    88   293118.0000   291110.0000  1607771    0.69%
  95927 79767   292003.7533    89   293118.0000   291110.0000  1607773    0.69%
  95928 79768   292004.1424    87   293118.0000   291110.0000  1607777    0.69%
  95929 79769   292006.8790    86   293118.0000   291110.0000  1607792    0.69%
Elapsed time = 68.44 sec. (104782.02 ticks, tree = 356.86 MB, solutions = 28)
  97717 81256   292679.6674    76   293118.0000   291110.0000  1663378    0.69%
  97718 81257   292689.5651    77   293118.0000   291110.0000  1663395    0.69%
  97719 81258   292699.6194    78   293118.0000   291110.0000  1663408    0.69%
  97720 81259   292699.7307    79   293118.0000   291110.0000  1663410    0.69%
  97721 81260   292700.9077    80   293118.0000   291110.0000  1663422    0.69%
  97722 81261   292701.5936    80   293118.0000   291110.0000  1663427    0.69%
  97723 81262   292701.8373    80   293118.0000   291110.0000  1663432    0.69%
  97724 81263   292705.8280    79   293118.0000   291110.0000  1663438    0.69%
  97725 81264   292755.0669    79   293118.0000   291110.0000  1663473    0.69%
  97726 81265   292755.2898    80   293118.0000   291110.0000  1663476    0.69%
Elapsed time = 70.91 sec. (108622.24 ticks, tree = 366.52 MB, solutions = 28)
  99925 83223   291110.0000    72   293118.0000   291110.0000  1717556    0.69%
  99926 83224   291110.0000    70   293118.0000   291110.0000  1717558    0.69%
  99927 83225   291110.0000    63   293118.0000   291110.0000  1717569    0.69%
  99928 83226   291335.8537    54   293118.0000   291110.0000  1717796    0.69%
  99929 83227   291338.0098    52   293118.0000   291110.0000  1717810    0.69%
  99930 83228   291338.0759    53   293118.0000   291110.0000  1717813    0.69%
  99931 83229   291368.5892    45   293118.0000   291110.0000  1717825    0.69%
  99932 83230   291373.0285    45   293118.0000   291110.0000  1717829    0.69%
  99933 83231   291374.6250    44   293118.0000   291110.0000  1717832    0.69%
  99934 83232   291376.5253    47   293118.0000   291110.0000  1717838    0.69%
Elapsed time = 73.38 sec. (112454.46 ticks, tree = 378.99 MB, solutions = 28)
 101984 85112        cutoff         293118.0000   291110.0000  1776509    0.69%
 101985 85113   292492.6722    80   293118.0000   291110.0000  1776524    0.69%
 101986 85114   292497.3484    83   293118.0000   291110.0000  1776537    0.69%
 101987 85115   292497.4174    82   293118.0000   291110.0000  1776539    0.69%
 101988 85116   292524.0709    79   293118.0000   291110.0000  1776591    0.69%
 101989 85117   292527.7566    79   293118.0000   291110.0000  1776607    0.69%
 101990 85118   292545.1227    77   293118.0000   291110.0000  1776618    0.69%
 101991 85119   292562.2650    78   293118.0000   291110.0000  1776648    0.69%
 101992 85120   292757.1330    67   293118.0000   291110.0000  1776684    0.69%
 101993 85121   292562.2793    78   293118.0000   291110.0000  1776685    0.69%
Elapsed time = 75.82 sec. (116284.98 ticks, tree = 390.97 MB, solutions = 28)
 104486 87367   291179.9488    52   293118.0000   291110.0000  1837079    0.69%
 104487 87368   291185.0547    54   293118.0000   291110.0000  1837081    0.69%
 104488 87369   291220.1735    52   293118.0000   291110.0000  1837089    0.69%
 104489 87370   291222.7822    53   293118.0000   291110.0000  1837098    0.69%
 104490 87371   291232.0778    52   293118.0000   291110.0000  1837102    0.69%
 104491 87372   291233.1177    52   293118.0000   291110.0000  1837104    0.69%
 104492 87373   291548.7292    42   293118.0000   291110.0000  1837129    0.69%
 104493 87374   291589.8988    43   293118.0000   291110.0000  1837143    0.69%
 104494 87375   291592.8073    39   293118.0000   291110.0000  1837147    0.69%
 104495 87376   291690.4991    40   293118.0000   291110.0000  1837166    0.69%
Elapsed time = 78.25 sec. (120107.28 ticks, tree = 405.29 MB, solutions = 28)
 106874 89548   291493.9787   108   293118.0000   291110.0000  1897659    0.69%
 106875 89549   291494.6991   109   293118.0000   291110.0000  1897663    0.69%
 106876 89550   291498.0228   107   293118.0000   291110.0000  1897677    0.69%
 106877 89551   291499.7373   106   293118.0000   291110.0000  1897687    0.69%
 106878 89552   291506.9072   107   293118.0000   291110.0000  1897722    0.69%
 106879 89553   291506.9228   107   293118.0000   291110.0000  1897723    0.69%
 106880 89554   291509.1007   103   293118.0000   291110.0000  1897742    0.69%
 106881 89555   291509.1744   102   293118.0000   291110.0000  1897744    0.69%
 106882 89556   291510.7521   101   293118.0000   291110.0000  1897747    0.69%
 106883 89557   291553.3528   102   293118.0000   291110.0000  1897787    0.69%
Elapsed time = 80.69 sec. (123935.81 ticks, tree = 419.08 MB, solutions = 28)
 109513 91985   292831.9801    62   293118.0000   291110.0000  1957200    0.69%
 109514 91986   292831.9801    62   293118.0000   291110.0000  1957200    0.69%
 109515 91986   292831.9973    62   293118.0000   291110.0000  1957201    0.69%
 109516 91987   292831.9973    63   293118.0000   291110.0000  1957202    0.69%
 109517 91988   292833.6482    59   293118.0000   291110.0000  1957207    0.69%
 109518 91988   292873.1146    62   293118.0000   291110.0000  1957228    0.69%
 109519 91989   292873.1146    64   293118.0000   291110.0000  1957230    0.69%
 109520 91988        cutoff         293118.0000   291110.0000  1957244    0.69%
 109521 91988   292889.0321    59   293118.0000   291110.0000  1957259    0.69%
 109522 91989   292889.0321    58   293118.0000   291110.0000  1957264    0.69%
Elapsed time = 83.14 sec. (127798.34 ticks, tree = 434.47 MB, solutions = 28)
 112097 94253   293078.7277    53   293118.0000   291110.0000  2020782    0.69%
 112098 94252        cutoff         293118.0000   291110.0000  2020786    0.69%
 112099 94251        cutoff         293118.0000   291110.0000  2020793    0.69%
 112100 94252   292024.2114    76   293118.0000   291110.0000  2021270    0.69%
 112101 94253   292025.4199    76   293118.0000   291110.0000  2021277    0.69%
 112102 94254   292066.8722    78   293118.0000   291110.0000  2021310    0.69%
 112103 94255   292115.8539    74   293118.0000   291110.0000  2021352    0.69%
 112104 94256   292272.3552    81   293118.0000   291110.0000  2021415    0.69%
 112105 94257   292272.5845    80   293118.0000   291110.0000  2021417    0.69%
 112106 94258   292284.1763    77   293118.0000   291110.0000  2021424    0.69%
Elapsed time = 85.61 sec. (131650.82 ticks, tree = 449.00 MB, solutions = 28)
 115103 97070   291350.4735    68   293118.0000   291110.0000  2085290    0.69%
 115104 97071   291356.5233    71   293118.0000   291110.0000  2085312    0.69%
 115105 97072   291356.8516    71   293118.0000   291110.0000  2085316    0.69%
 115106 97073   291449.4808    76   293118.0000   291110.0000  2085388    0.69%
 115107 97074   291450.7998    67   293118.0000   291110.0000  2085394    0.69%
 115108 97075   291453.9711    66   293118.0000   291110.0000  2085406    0.69%
 115109 97076   291454.5775    65   293118.0000   291110.0000  2085409    0.69%
 115110 97077   291454.7264    64   293118.0000   291110.0000  2085411    0.69%
 115111 97078   291498.7891    66   293118.0000   291110.0000  2085449    0.69%
 115112 97079   291501.8937    65   293118.0000   291110.0000  2085456    0.69%
Elapsed time = 88.05 sec. (135475.83 ticks, tree = 466.78 MB, solutions = 28)
 116965 98618   292323.4011    73   293118.0000   291110.0000  2143137    0.69%
 116966 98619   292323.4644    74   293118.0000   291110.0000  2143139    0.69%
 116967 98620   292323.4953    75   293118.0000   291110.0000  2143141    0.69%
 116968 98621   292326.1009    76   293118.0000   291110.0000  2143149    0.69%
 116969 98622   292326.1767    76   293118.0000   291110.0000  2143150    0.69%
 116970 98623   292328.2651    77   293118.0000   291110.0000  2143163    0.69%
 116971 98624   292328.4387    76   293118.0000   291110.0000  2143168    0.69%
 116972 98625   292328.6673    77   293118.0000   291110.0000  2143172    0.69%
 116973 98626   292335.9684    78   293118.0000   291110.0000  2143186    0.69%
 116974 98627   292342.2669    79   293118.0000   291110.0000  2143193    0.69%
Elapsed time = 90.54 sec. (139308.76 ticks, tree = 476.85 MB, solutions = 28)
 118013 99475   291426.6406    87   293118.0000   291110.0000  2179099    0.69%
 118014 99476   291426.7220    87   293118.0000   291110.0000  2179100    0.69%
 118015 99477   291426.8096    89   293118.0000   291110.0000  2179108    0.69%
 118016 99478   291427.9593    88   293118.0000   291110.0000  2179112    0.69%
 118017 99479   291427.9800    89   293118.0000   291110.0000  2179115    0.69%
 118018 99480   291427.9833    87   293118.0000   291110.0000  2179116    0.69%
 118019 99481   291428.0932    87   293118.0000   291110.0000  2179117    0.69%
 118020 99482   291447.8188    82   293118.0000   291110.0000  2179144    0.69%
 118021 99483   291448.7151    83   293118.0000   291110.0000  2179148    0.69%
 118022 99484   291448.8819    82   293118.0000   291110.0000  2179150    0.69%
Elapsed time = 93.30 sec. (143284.81 ticks, tree = 482.41 MB, solutions = 28)
*119213+100417                       293109.0000   291110.0000             0.68%
*119213+96534                       292957.0000   291110.0000             0.63%
 119319 96635   291948.5114    84   292957.0000   291110.0000  2205747    0.63%
 119320 96636   291992.1211    77   292957.0000   291110.0000  2205784    0.63%
 119321 96637   291992.1358    77   292957.0000   291110.0000  2205786    0.63%
 119322 96638   291993.3838    75   292957.0000   291110.0000  2205792    0.63%
 119323 96639   291994.3945    71   292957.0000   291110.0000  2205799    0.63%
 119324 96640   292018.8075    72   292957.0000   291110.0000  2205807    0.63%
 119325 96641   292019.1378    70   292957.0000   291110.0000  2205812    0.63%
 119326 96642   292019.1664    70   292957.0000   291110.0000  2205813    0.63%
 119327 96643   292020.7765    72   292957.0000   291110.0000  2205820    0.63%
 119328 96644   292021.1040    72   292957.0000   291110.0000  2205824    0.63%
Elapsed time = 95.91 sec. (147107.00 ticks, tree = 468.00 MB, solutions = 30)
 120113 97316   292001.7783    78   292957.0000   291110.0000  2227836    0.63%
 120114 97317   292024.9785    68   292957.0000   291110.0000  2227856    0.63%
 120115 97318   292026.1166    68   292957.0000   291110.0000  2227862    0.63%
 120116 97319   292031.7842    74   292957.0000   291110.0000  2227874    0.63%
 120117 97320   292248.6858    77   292957.0000   291110.0000  2227916    0.63%
 120118 97321   292249.9199    76   292957.0000   291110.0000  2227917    0.63%
 120119 97322   292255.4640    75   292957.0000   291110.0000  2227921    0.63%
 120120 97323   292326.0108    70   292957.0000   291110.0000  2227960    0.63%
 120121 97324   292326.4141    70   292957.0000   291110.0000  2227961    0.63%
 120122 97325   292328.0780    72   292957.0000   291110.0000  2227967    0.63%
Elapsed time = 98.63 sec. (151138.39 ticks, tree = 472.39 MB, solutions = 30)

Cover cuts applied:  95
Mixed integer rounding cuts applied:  310

Root node processing (before b&c):
  Real time             =    0.05 sec. (55.15 ticks)
Sequential b&c:
  Real time             =   99.95 sec. (153140.40 ticks)
                          ------------
Total (root+branch&cut) =  100.00 sec. (153195.56 ticks)

Solution pool: 30 solutions saved.

MIP - Time limit exceeded, integer feasible:  Objective =  2.9295700000e+05
Current MIP best bound =  2.9111000000e+05 (gap = 1847, 0.63%)
Solution time =  100.00 sec.  Iterations = 2253368  Nodes = 120637 (97623)
Deterministic time = 153195.56 ticks  (1531.95 ticks/sec)


Incumbent solution written to file '/tmp/tmprHbp9Y.cplex.sol'.
