
Log started (V12.6.3.0) Sun Apr 22 01:00:35 2018

New value for default parallel thread count: 1

Problem '/tmp/tmpesnsWH.pyomo.lp' read.
Read time = 0.01 sec. (0.70 ticks)

Problem name         : /tmp/tmpesnsWH.pyomo.lp
Objective sense      : Minimize
Variables            :    1074  [Nneg: 1,  Binary: 1056,  General Integer: 17]
Objective nonzeros   :       1
Linear constraints   :     168  [Less: 82,  Equal: 86]
  Nonzeros           :   49863
  RHS nonzeros       :     133

Variables            : Min LB: 0.000000         Max UB: 1.000000       
Objective nonzeros   : Min   : 1.000000         Max   : 1.000000       
Linear constraints   :
  Nonzeros           : Min   : 1.000000         Max   : 117484.0       
  RHS nonzeros       : Min   : 1.000000         Max   : 7.000000       
Tried aggregator 2 times.
MIP Presolve eliminated 76 rows and 215 columns.
Aggregator did 13 substitutions.
Reduced MIP has 79 rows, 846 columns, and 2279 nonzeros.
Reduced MIP has 845 binaries, 1 generals, 0 SOSs, and 0 indicators.
Presolve time = 0.01 sec. (9.20 ticks)
Found incumbent of value 3784418.000000 after 0.01 sec. (12.96 ticks)
Probing time = 0.00 sec. (1.53 ticks)
Cover probing fixed 0 vars, tightened 9 bounds.
Tried aggregator 1 time.
Reduced MIP has 79 rows, 846 columns, and 2279 nonzeros.
Reduced MIP has 845 binaries, 1 generals, 0 SOSs, and 0 indicators.
Presolve time = 0.00 sec. (1.32 ticks)
Probing time = 0.00 sec. (1.04 ticks)
Clique table members: 65.
MIP emphasis: balance optimality and feasibility.
MIP search method: dynamic search.
Parallel mode: none, using 1 thread.
Root relaxation solution time = 0.00 sec. (0.78 ticks)

        Nodes                                         Cuts/
   Node  Left     Objective  IInf  Best Integer    Best Bound    ItCnt     Gap

*     0+    0                      3784418.0000   117484.0000            96.90%
      0     0   291109.0769    22  3784418.0000   291109.0769       27   92.31%
*     0+    0                       440451.0000   291109.0769            33.91%
      0     0   291110.0000    25   440451.0000      Fract: 8       62   33.91%
*     0+    0                       342834.0000   291110.0000            15.09%
      0     0   291110.0000    32   342834.0000      Cuts: 24      117   15.09%
*     0+    0                       336714.0000   291110.0000            13.54%
*     0+    0                       330156.0000   291110.0000            11.83%
*     0+    0                       314688.0000   291110.0000             7.49%
      0     2   291110.0000    20   314688.0000   291110.0000      117    7.49%
Elapsed time = 0.05 sec. (53.39 ticks, tree = 0.01 MB, solutions = 5)
*    30+   30                       308145.0000   291110.0000             5.53%
*   120+   87                       307486.0000   291110.0000             5.33%
*   220+  171                       304651.0000   291110.0000             4.44%
*   220+  169                       303932.0000   291110.0000             4.22%
*   510+  430                       302820.0000   291110.0000             3.87%
*   510+  427                       301001.0000   291110.0000             3.29%
*   510+  427                       300932.0000   291110.0000             3.26%
*   510+  427                       300690.0000   291110.0000             3.19%
*   511+  428                       300300.0000   291110.0000             3.06%
*   511+  428                       299905.0000   291110.0000             2.93%
    511   430   291110.0000    24   299905.0000   291110.0000     2603    2.93%
*   512+  286                       299021.0000   291110.0000             2.65%
    512   287   291110.0000    20   299021.0000   291110.0000     3077    2.65%
    513   287   291110.0000    20   299021.0000   291110.0000     3080    2.65%
    514   288   291110.0000    21   299021.0000   291110.0000     3089    2.65%
    515   289   291110.0000    21   299021.0000   291110.0000     3094    2.65%
    516   289   291110.0000    22   299021.0000   291110.0000     3107    2.65%
    517   290   291110.0000    24   299021.0000   291110.0000     3132    2.65%
    518   291   291110.0000    24   299021.0000   291110.0000     3145    2.65%
    519   291   291110.0000    22   299021.0000   291110.0000     3153    2.65%
*   612+  224                       296641.0000   291110.0000             1.86%
*   712+  190                       295785.0000   291110.0000             1.58%
    812   193   291110.0000    21   295785.0000   291110.0000     4908    1.58%
Elapsed time = 0.89 sec. (1098.16 ticks, tree = 0.31 MB, solutions = 18)
*  1012+  314                       295630.0000   291110.0000             1.53%
*  1112+  328                       295183.0000   291110.0000             1.38%
   2388  1353   291467.9167    20   295183.0000   291110.0000    11014    1.38%
   2389  1354   291467.9167    21   295183.0000   291110.0000    11021    1.38%
   2390  1355   291467.9167    19   295183.0000   291110.0000    11022    1.38%
   2391  1356   291467.9167    22   295183.0000   291110.0000    11026    1.38%
   2392  1357   291467.9167    21   295183.0000   291110.0000    11028    1.38%
   2393  1358   291467.9167    22   295183.0000   291110.0000    11039    1.38%
   2394  1359   291467.9167    23   295183.0000   291110.0000    11040    1.38%
   2395  1360   291467.9167    19   295183.0000   291110.0000    11043    1.38%
   2396  1361   291467.9167    23   295183.0000   291110.0000    11046    1.38%
   2397  1362   291467.9167    23   295183.0000   291110.0000    11047    1.38%
Elapsed time = 1.62 sec. (2054.64 ticks, tree = 2.23 MB, solutions = 20)
   5692  4025   293572.8124    37   295183.0000   291110.0000    26472    1.38%
   5693  4026   293572.8124    38   295183.0000   291110.0000    26474    1.38%
   5694  4027   293576.1915    35   295183.0000   291110.0000    26478    1.38%
   5695  4028   293576.1915    35   295183.0000   291110.0000    26479    1.38%
   5696  4029   293576.1915    34   295183.0000   291110.0000    26480    1.38%
   5697  4030   293578.0329    32   295183.0000   291110.0000    26481    1.38%
   5698  4031   293578.7454    32   295183.0000   291110.0000    26482    1.38%
   5699  4032   293708.5416    32   295183.0000   291110.0000    26491    1.38%
   5700  4033   293708.5416    31   295183.0000   291110.0000    26492    1.38%
   5701  4034   293846.4809    33   295183.0000   291110.0000    26502    1.38%
Elapsed time = 2.33 sec. (3010.76 ticks, tree = 7.03 MB, solutions = 20)
   7233  5326   292128.0805    67   295183.0000   291110.0000    44369    1.38%
   7234  5327   292242.6424    58   295183.0000   291110.0000    44391    1.38%
   7235  5328   292243.7635    58   295183.0000   291110.0000    44456    1.38%
   7236  5329   292284.7786    49   295183.0000   291110.0000    44476    1.38%
   7237  5330   292284.7786    49   295183.0000   291110.0000    44482    1.38%
   7238  5331   292284.7786    50   295183.0000   291110.0000    44486    1.38%
   7239  5332   292284.7786    49   295183.0000   291110.0000    44487    1.38%
   7240  5333   292284.7786    49   295183.0000   291110.0000    44488    1.38%
   7241  5334   292284.7786    50   295183.0000   291110.0000    44503    1.38%
   7242  5335   292446.9473    46   295183.0000   291110.0000    44516    1.38%
Elapsed time = 2.99 sec. (3983.68 ticks, tree = 10.64 MB, solutions = 20)
   8159  6061   291110.0000    63   295183.0000   291110.0000    63592    1.38%
   8160  6062   291467.9167    53   295183.0000   291110.0000    63750    1.38%
   8161  6063   291467.9167    41   295183.0000   291110.0000    63793    1.38%
   8162  6064   291467.9167    42   295183.0000   291110.0000    63799    1.38%
   8163  6065   291467.9167    40   295183.0000   291110.0000    63817    1.38%
   8164  6066   291467.9167    40   295183.0000   291110.0000    63818    1.38%
   8165  6067   291467.9167    35   295183.0000   291110.0000    63835    1.38%
   8166  6068   291467.9167    33   295183.0000   291110.0000    63841    1.38%
   8167  6069   291467.9167    38   295183.0000   291110.0000    63860    1.38%
   8168  6070   291467.9167    33   295183.0000   291110.0000    63864    1.38%
Elapsed time = 3.66 sec. (4974.62 ticks, tree = 13.01 MB, solutions = 20)
   8819  6597   292879.9786    39   295183.0000   291110.0000    79358    1.38%
   8820  6598   292880.9501    34   295183.0000   291110.0000    79359    1.38%
   8821  6599   292882.2602    33   295183.0000   291110.0000    79361    1.38%
   8822  6600   292900.9941    34   295183.0000   291110.0000    79367    1.38%
   8823  6601   292903.2410    32   295183.0000   291110.0000    79368    1.38%
   8824  6602   294424.5890    22   295183.0000   291110.0000    79390    1.38%
   8825  6601        cutoff         295183.0000   291110.0000    79424    1.38%
   8826  6600    infeasible         295183.0000   291110.0000    79456    1.38%
   8827  6601   291817.4311    75   295183.0000   291110.0000    80033    1.38%
   8828  6602   291817.4311    75   295183.0000   291110.0000    80038    1.38%
Elapsed time = 4.33 sec. (5974.10 ticks, tree = 14.94 MB, solutions = 20)
   9717  7375   291686.1657    67   295183.0000   291110.0000    94431    1.38%
   9718  7376   291686.2127    66   295183.0000   291110.0000    94433    1.38%
   9719  7377   291748.5001    60   295183.0000   291110.0000    94468    1.38%
   9720  7378   291759.0056    59   295183.0000   291110.0000    94488    1.38%
   9721  7379   291859.8421    64   295183.0000   291110.0000    94529    1.38%
   9722  7380   291860.4531    62   295183.0000   291110.0000    94532    1.38%
   9723  7381   292071.8356    62   295183.0000   291110.0000    94568    1.38%
   9724  7382   291972.4031    62   295183.0000   291110.0000    94609    1.38%
   9725  7383   292072.0007    64   295183.0000   291110.0000    94613    1.38%
   9726  7384   292459.8605    47   295183.0000   291110.0000    94646    1.38%
Elapsed time = 4.95 sec. (6941.61 ticks, tree = 17.82 MB, solutions = 20)
  10499  8022   291153.2551    55   295183.0000   291110.0000   112370    1.38%
  10500  8023   291153.2551    55   295183.0000   291110.0000   112371    1.38%
  10501  8024   291153.5302    55   295183.0000   291110.0000   112375    1.38%
  10502  8025   291153.6815    57   295183.0000   291110.0000   112377    1.38%
  10503  8026   291153.7417    57   295183.0000   291110.0000   112379    1.38%
  10504  8027   291153.7449    57   295183.0000   291110.0000   112380    1.38%
  10505  8028   291156.5524    54   295183.0000   291110.0000   112389    1.38%
  10506  8029   291157.6164    53   295183.0000   291110.0000   112395    1.38%
  10507  8030   291157.6515    55   295183.0000   291110.0000   112398    1.38%
  10508  8031   291158.2248    52   295183.0000   291110.0000   112403    1.38%
Elapsed time = 5.55 sec. (7898.61 ticks, tree = 20.24 MB, solutions = 20)
* 10692+ 6463                       293990.0000   291110.0000             0.98%
  10692  6462   294470.8002    30   293990.0000   291110.0000   116486    0.98%
  10693  6463   292562.0337    60   293990.0000   291110.0000   116911    0.98%
  10694  6462        cutoff         293990.0000   291110.0000   117210    0.98%
  10695  6463   291234.0916    72   293990.0000   291110.0000   117581    0.98%
  10696  6464   291331.0000    78   293990.0000   291110.0000   117630    0.98%
  10697  6465   291331.0157    78   293990.0000   291110.0000   117631    0.98%
  10698  6466   291332.8115    79   293990.0000   291110.0000   117633    0.98%
  10699  6467   291332.8115    80   293990.0000   291110.0000   117636    0.98%
  10700  6468   291353.7820    73   293990.0000   291110.0000   117665    0.98%
  10701  6469   291371.6766    69   293990.0000   291110.0000   117693    0.98%
Elapsed time = 6.54 sec. (9110.48 ticks, tree = 16.26 MB, solutions = 21)
  11039  6686   291110.0000    63   293990.0000   291110.0000   133548    0.98%
  11040  6687   291110.0000    65   293990.0000   291110.0000   133634    0.98%
  11041  6688   291110.0000    64   293990.0000   291110.0000   133730    0.98%
  11042  6689   291110.0000    61   293990.0000   291110.0000   133733    0.98%
  11043  6690   291110.0000    59   293990.0000   291110.0000   133736    0.98%
  11044  6691   291110.0000    58   293990.0000   291110.0000   133742    0.98%
  11045  6692   291110.0000    58   293990.0000   291110.0000   133752    0.98%
  11046  6693   291110.0000    58   293990.0000   291110.0000   133852    0.98%
  11047  6694   291110.0000    53   293990.0000   291110.0000   133891    0.98%
  13291  8618   292266.1493    60   293990.0000   291110.0000   182251    0.98%
Elapsed time = 9.01 sec. (12925.22 ticks, tree = 25.43 MB, solutions = 21)
* 14512+ 9254                       293678.0000   291110.0000             0.87%
  15631 10213   291310.7995    82   293678.0000   291110.0000   237370    0.87%
  15632 10214   291508.2826    74   293678.0000   291110.0000   237481    0.87%
  15633 10215   291508.3146    74   293678.0000   291110.0000   237483    0.87%
  15634 10216   291508.8908    73   293678.0000   291110.0000   237487    0.87%
  15635 10217   291508.8956    73   293678.0000   291110.0000   237488    0.87%
  15636 10218   291661.9962    76   293678.0000   291110.0000   237536    0.87%
  15637 10219   291662.2161    76   293678.0000   291110.0000   237542    0.87%
  15638 10220   291662.2181    76   293678.0000   291110.0000   237543    0.87%
  15639 10221   291670.8303    77   293678.0000   291110.0000   237566    0.87%
  15640 10222   291675.1478    75   293678.0000   291110.0000   237582    0.87%
Elapsed time = 11.51 sec. (16785.59 ticks, tree = 33.68 MB, solutions = 22)
  17825 12044        cutoff         293678.0000   291110.0000   289945    0.87%
  17826 12043    infeasible         293678.0000   291110.0000   289945    0.87%
  17827 12042        cutoff         293678.0000   291110.0000   290508    0.87%
  17828 12041    infeasible         293678.0000   291110.0000   290508    0.87%
  17829 12040    infeasible         293678.0000   291110.0000   290508    0.87%
  17830 12039    infeasible         293678.0000   291110.0000   290508    0.87%
  17831 12038    infeasible         293678.0000   291110.0000   290508    0.87%
  17832 12037    infeasible         293678.0000   291110.0000   290508    0.87%
  17833 12036    infeasible         293678.0000   291110.0000   290508    0.87%
  17834 12035    infeasible         293678.0000   291110.0000   290508    0.87%
Elapsed time = 14.01 sec. (20628.83 ticks, tree = 43.56 MB, solutions = 22)
  19389 13249   291110.0000    55   293678.0000   291110.0000   347802    0.87%
  19390 13250   291110.0000    52   293678.0000   291110.0000   347834    0.87%
  19391 13251   291110.0000    54   293678.0000   291110.0000   347839    0.87%
  19392 13252   291110.0000    60   293678.0000   291110.0000   347906    0.87%
  19393 13253   291110.0000    57   293678.0000   291110.0000   347908    0.87%
  19394 13254   291110.0000    53   293678.0000   291110.0000   347973    0.87%
  19395 13255   291110.0000    51   293678.0000   291110.0000   348024    0.87%
  19396 13256   291110.0000    51   293678.0000   291110.0000   348055    0.87%
  19397 13257   291110.0000    49   293678.0000   291110.0000   348062    0.87%
  19398 13258   291110.0000    53   293678.0000   291110.0000   348098    0.87%
Elapsed time = 16.50 sec. (24461.78 ticks, tree = 50.58 MB, solutions = 22)
  21058 14573   291757.7862    79   293678.0000   291110.0000   400290    0.87%
  21059 14574   291762.5749    78   293678.0000   291110.0000   400303    0.87%
  21060 14575   291770.2196    78   293678.0000   291110.0000   400318    0.87%
  21061 14576   291772.6080    77   293678.0000   291110.0000   400326    0.87%
  21062 14577   291869.7991    60   293678.0000   291110.0000   400378    0.87%
  21063 14578   291871.4268    63   293678.0000   291110.0000   400391    0.87%
  21064 14579   291872.2804    62   293678.0000   291110.0000   400395    0.87%
  21065 14580   291872.7450    62   293678.0000   291110.0000   400401    0.87%
  21066 14581   291872.7451    62   293678.0000   291110.0000   400402    0.87%
  21067 14582   291872.7452    62   293678.0000   291110.0000   400403    0.87%
Elapsed time = 19.02 sec. (28341.52 ticks, tree = 58.23 MB, solutions = 22)
  22930 16106   291110.0000    46   293678.0000   291110.0000   454809    0.87%
  22931 16107   291110.0000    44   293678.0000   291110.0000   454838    0.87%
  22932 16108   291110.0000    41   293678.0000   291110.0000   454848    0.87%
  22933 16109   291110.0000    44   293678.0000   291110.0000   454873    0.87%
  22934 16110   291110.0000    49   293678.0000   291110.0000   454930    0.87%
  22935 16111   291110.0000    45   293678.0000   291110.0000   454958    0.87%
  22936 16112   291110.0000    43   293678.0000   291110.0000   454965    0.87%
  22937 16113   291110.0000    46   293678.0000   291110.0000   455061    0.87%
  22938 16114   291110.0000    47   293678.0000   291110.0000   455079    0.87%
  22939 16115   291271.6968    53   293678.0000   291110.0000   455132    0.87%
Elapsed time = 21.49 sec. (32171.82 ticks, tree = 67.95 MB, solutions = 22)
  24829 17612   292482.2394    77   293678.0000   291110.0000   515393    0.87%
  24830 17613   292485.2248    78   293678.0000   291110.0000   515403    0.87%
  24831 17614   292485.3504    79   293678.0000   291110.0000   515405    0.87%
  24832 17615   292486.4259    79   293678.0000   291110.0000   515406    0.87%
  24833 17616   292488.5614    79   293678.0000   291110.0000   515410    0.87%
  24834 17617   292488.6874    73   293678.0000   291110.0000   515412    0.87%
  24835 17618   292495.3647    73   293678.0000   291110.0000   515420    0.87%
  24836 17619   292497.0731    74   293678.0000   291110.0000   515423    0.87%
  24837 17620   292498.4009    74   293678.0000   291110.0000   515425    0.87%
  24838 17621   292508.3301    73   293678.0000   291110.0000   515432    0.87%
Elapsed time = 23.92 sec. (35993.11 ticks, tree = 78.20 MB, solutions = 22)
  26136 18530   292996.5215    68   293678.0000   291110.0000   572510    0.87%
  26137 18531   292997.3858    68   293678.0000   291110.0000   572511    0.87%
  26138 18532   293040.0164    69   293678.0000   291110.0000   572540    0.87%
  26139 18533   293040.3467    68   293678.0000   291110.0000   572544    0.87%
  26140 18534   293041.0221    68   293678.0000   291110.0000   572547    0.87%
  26141 18535   293042.3626    65   293678.0000   291110.0000   572552    0.87%
  26142 18536   293042.6539    65   293678.0000   291110.0000   572555    0.87%
  26143 18537   293055.4073    63   293678.0000   291110.0000   572574    0.87%
  26144 18538   293060.7442    65   293678.0000   291110.0000   572589    0.87%
  26145 18539   293109.9999    70   293678.0000   291110.0000   572635    0.87%
Elapsed time = 26.40 sec. (39837.48 ticks, tree = 84.44 MB, solutions = 22)
  28187 20222        cutoff         293678.0000   291110.0000   632869    0.87%
  28188 20221   294551.3231    61   293678.0000   291110.0000   633431    0.87%
  28189 20220        cutoff         293678.0000   291110.0000   633805    0.87%
  28190 20219        cutoff         293678.0000   291110.0000   634163    0.87%
  28191 20219   293220.6607    81   293678.0000   291110.0000   634754    0.87%
  28192 20220   293220.6607    79   293678.0000   291110.0000   634759    0.87%
  28193 20221   293287.6595    80   293678.0000   291110.0000   634782    0.87%
  28194 20221   293314.0741    76   293678.0000   291110.0000   634807    0.87%
  28195 20222   293314.0741    75   293678.0000   291110.0000   634810    0.87%
  28196 20223   293345.2136    81   293678.0000   291110.0000   634837    0.87%
Elapsed time = 28.94 sec. (43794.92 ticks, tree = 95.31 MB, solutions = 22)
  29565 21145   291318.9925    74   293678.0000   291110.0000   690976    0.87%
  29566 21146   291324.6623    74   293678.0000   291110.0000   690983    0.87%
  29567 21147   291328.4367    73   293678.0000   291110.0000   690985    0.87%
  29568 21148   291329.0693    75   293678.0000   291110.0000   690993    0.87%
  29569 21149   291341.7552    76   293678.0000   291110.0000   691022    0.87%
  29570 21150   291342.8235    77   293678.0000   291110.0000   691030    0.87%
  29571 21151   291347.9079    74   293678.0000   291110.0000   691058    0.87%
  29572 21152   291349.2084    73   293678.0000   291110.0000   691071    0.87%
  29573 21153   291349.2342    73   293678.0000   291110.0000   691072    0.87%
  29574 21154   291351.5871    75   293678.0000   291110.0000   691090    0.87%
Elapsed time = 31.41 sec. (47618.66 ticks, tree = 101.60 MB, solutions = 22)
  31919 23152   291621.0797    79   293678.0000   291110.0000   754451    0.87%
  31920 23153   291621.5880    75   293678.0000   291110.0000   754459    0.87%
  31921 23154   291632.8743    74   293678.0000   291110.0000   754495    0.87%
  31922 23155   291641.9811    78   293678.0000   291110.0000   754526    0.87%
  31923 23156   291652.9037    74   293678.0000   291110.0000   754546    0.87%
  31924 23157   291652.9042    72   293678.0000   291110.0000   754547    0.87%
  31925 23158   291652.9517    71   293678.0000   291110.0000   754549    0.87%
  31926 23159   291652.9517    71   293678.0000   291110.0000   754550    0.87%
  31927 23160   291652.9517    71   293678.0000   291110.0000   754551    0.87%
  31928 23161   291659.1451    70   293678.0000   291110.0000   754561    0.87%
Elapsed time = 33.91 sec. (51459.60 ticks, tree = 114.28 MB, solutions = 22)
  34847 25775   291110.0000    41   293678.0000   291110.0000   811125    0.87%
  34848 25776   291110.0000    38   293678.0000   291110.0000   811135    0.87%
  34849 25777   291110.0000    39   293678.0000   291110.0000   811165    0.87%
  34850 25778   291110.0000    39   293678.0000   291110.0000   811176    0.87%
  34851 25779   291110.0000    41   293678.0000   291110.0000   811220    0.87%
  34852 25780   291110.0000    43   293678.0000   291110.0000   811285    0.87%
  34853 25781   291110.0000    41   293678.0000   291110.0000   811290    0.87%
  34854 25782   291110.0000    40   293678.0000   291110.0000   811310    0.87%
  34855 25783   291110.0000    42   293678.0000   291110.0000   811368    0.87%
  34856 25784   291110.0000    42   293678.0000   291110.0000   811374    0.87%
Elapsed time = 36.39 sec. (55286.12 ticks, tree = 130.68 MB, solutions = 22)
  37622 28248   291561.9167    42   293678.0000   291110.0000   877441    0.87%
  37623 28249   291561.9167    40   293678.0000   291110.0000   877443    0.87%
  37624 28250   291561.9167    40   293678.0000   291110.0000   877444    0.87%
  37625 28251   291561.9167    40   293678.0000   291110.0000   877445    0.87%
  37626 28252   291561.9167    39   293678.0000   291110.0000   877447    0.87%
  37627 28253   291561.9167    38   293678.0000   291110.0000   877449    0.87%
  37628 28254   291561.9167    38   293678.0000   291110.0000   877450    0.87%
  37629 28255   291561.9167    38   293678.0000   291110.0000   877451    0.87%
  37630 28256   291561.9167    36   293678.0000   291110.0000   877452    0.87%
  37631 28257   291561.9167    41   293678.0000   291110.0000   877480    0.87%
Elapsed time = 38.90 sec. (59104.57 ticks, tree = 146.20 MB, solutions = 22)
  41240 31673   292144.5768    37   293678.0000   291110.0000   937731    0.87%
  41241 31674   292154.1056    33   293678.0000   291110.0000   937732    0.87%
  41242 31675   292154.1056    33   293678.0000   291110.0000   937734    0.87%
  41243 31676   292397.0000    30   293678.0000   291110.0000   937738    0.87%
  41244 31677   292397.0000    25   293678.0000   291110.0000   937742    0.87%
  41245 31678   292397.0000    26   293678.0000   291110.0000   937752    0.87%
  41246 31679   292397.0000    22   293678.0000   291110.0000   937753    0.87%
  41247 31680   292397.0000    26   293678.0000   291110.0000   937766    0.87%
  41248 31681   292397.0000    27   293678.0000   291110.0000   937778    0.87%
  41249 31682   292397.0000    27   293678.0000   291110.0000   937785    0.87%
Elapsed time = 41.41 sec. (62930.52 ticks, tree = 167.35 MB, solutions = 22)
  44434 34576   291110.0000    50   293678.0000   291110.0000   995882    0.87%
  44435 34577   291110.0000    43   293678.0000   291110.0000   995896    0.87%
  44436 34578   291110.0000    44   293678.0000   291110.0000   995905    0.87%
  44437 34579   291110.0000    43   293678.0000   291110.0000   995911    0.87%
  44438 34580   291110.0000    43   293678.0000   291110.0000   995914    0.87%
  44439 34581   291110.0000    39   293678.0000   291110.0000   995939    0.87%
  44440 34582   291110.0000    43   293678.0000   291110.0000   995960    0.87%
  44441 34583   291110.0000    37   293678.0000   291110.0000   995980    0.87%
  44442 34584   291110.0000    32   293678.0000   291110.0000   995989    0.87%
  44443 34585   291110.0000    32   293678.0000   291110.0000   995994    0.87%
Elapsed time = 43.96 sec. (66757.68 ticks, tree = 186.39 MB, solutions = 22)
  48848 38735   291110.0000    53   293678.0000   291110.0000  1061332    0.87%
  48849 38736   291110.0000    52   293678.0000   291110.0000  1061342    0.87%
  48850 38737   291110.0000    49   293678.0000   291110.0000  1061367    0.87%
  48851 38738   291110.0000    49   293678.0000   291110.0000  1061392    0.87%
  48852 38739   291115.8878    60   293678.0000   291110.0000  1061483    0.87%
  48853 38740   291116.3418    59   293678.0000   291110.0000  1061485    0.87%
  48854 38741   291122.2227    62   293678.0000   291110.0000  1061495    0.87%
  48855 38742   291136.3986    56   293678.0000   291110.0000  1061505    0.87%
  48856 38743   291169.4025    59   293678.0000   291110.0000  1061527    0.87%
  48857 38744   291170.3655    56   293678.0000   291110.0000  1061533    0.87%
Elapsed time = 46.43 sec. (70584.73 ticks, tree = 212.05 MB, solutions = 22)
  52291 41846   291190.4947    57   293678.0000   291110.0000  1121118    0.87%
  52292 41847   291198.3799    55   293678.0000   291110.0000  1121122    0.87%
  52293 41848   291211.8811    50   293678.0000   291110.0000  1121141    0.87%
  52294 41849   291211.9226    49   293678.0000   291110.0000  1121142    0.87%
  52295 41850   291214.4553    47   293678.0000   291110.0000  1121147    0.87%
  52296 41851   291214.6190    47   293678.0000   291110.0000  1121150    0.87%
  52297 41852   291214.7916    47   293678.0000   291110.0000  1121153    0.87%
  52298 41853   291217.7354    47   293678.0000   291110.0000  1121158    0.87%
  52299 41854   291222.3874    47   293678.0000   291110.0000  1121162    0.87%
  52300 41855   292093.0909    35   293678.0000   291110.0000  1121222    0.87%
Elapsed time = 48.99 sec. (74407.07 ticks, tree = 231.33 MB, solutions = 22)
  55457 44754   291110.0000    50   293678.0000   291110.0000  1185981    0.87%
  55458 44755   291110.0000    46   293678.0000   291110.0000  1186009    0.87%
  55459 44756   291110.0000    45   293678.0000   291110.0000  1186010    0.87%
  55460 44757   291110.0000    42   293678.0000   291110.0000  1186030    0.87%
  55461 44758   291110.0000    39   293678.0000   291110.0000  1186039    0.87%
  55462 44759   291110.0000    38   293678.0000   291110.0000  1186046    0.87%
  55463 44760   291110.0000    39   293678.0000   291110.0000  1186052    0.87%
  55464 44761   291110.0000    38   293678.0000   291110.0000  1186056    0.87%
  55465 44762   291110.0000    37   293678.0000   291110.0000  1186072    0.87%
  55466 44763   291110.0000    37   293678.0000   291110.0000  1186078    0.87%
Elapsed time = 51.47 sec. (78228.04 ticks, tree = 249.39 MB, solutions = 22)
  59572 48480   291573.1928    51   293678.0000   291110.0000  1248716    0.87%
  59573 48481   291573.3890    52   293678.0000   291110.0000  1248738    0.87%
  59574 48482   291573.5664    51   293678.0000   291110.0000  1248739    0.87%
  59575 48483   291574.3049    52   293678.0000   291110.0000  1248740    0.87%
  59576 48484   291575.1862    51   293678.0000   291110.0000  1248741    0.87%
  59577 48485   291576.2508    50   293678.0000   291110.0000  1248751    0.87%
  59578 48486   291576.2531    50   293678.0000   291110.0000  1248752    0.87%
  59579 48485        cutoff         293678.0000   291110.0000  1248778    0.87%
  59580 48486   292052.3506    37   293678.0000   291110.0000  1248812    0.87%
  59581 48487   292053.3130    38   293678.0000   291110.0000  1248818    0.87%
Elapsed time = 53.98 sec. (82051.43 ticks, tree = 272.39 MB, solutions = 22)
  63797 52307   291765.4545    30   293678.0000   291110.0000  1308241    0.87%
  63798 52308   291765.4545    26   293678.0000   291110.0000  1308243    0.87%
  63799 52309   291765.4545    27   293678.0000   291110.0000  1308259    0.87%
  63800 52310   291765.4545    26   293678.0000   291110.0000  1308269    0.87%
  63801 52311   291765.4545    26   293678.0000   291110.0000  1308271    0.87%
  63802 52312   291765.4545    26   293678.0000   291110.0000  1308272    0.87%
  63803 52313   291765.4545    26   293678.0000   291110.0000  1308273    0.87%
  63804 52314   291765.4545    26   293678.0000   291110.0000  1308279    0.87%
  63805 52315   291765.4545    26   293678.0000   291110.0000  1308285    0.87%
  63806 52316   291765.4545    31   293678.0000   291110.0000  1308306    0.87%
Elapsed time = 56.54 sec. (85870.05 ticks, tree = 296.04 MB, solutions = 22)
  68885 56780   291846.9096    37   293678.0000   291110.0000  1364113    0.87%
  68886 56781   292017.5455    31   293678.0000   291110.0000  1364120    0.87%
  68887 56782   292017.5455    31   293678.0000   291110.0000  1364128    0.87%
  68888 56783   292018.0588    29   293678.0000   291110.0000  1364131    0.87%
  68889 56784   292080.9897    27   293678.0000   291110.0000  1364145    0.87%
  68890 56785   292080.9897    28   293678.0000   291110.0000  1364147    0.87%
  68891 56786   292080.9897    27   293678.0000   291110.0000  1364151    0.87%
  68892 56787   292080.9897    30   293678.0000   291110.0000  1364156    0.87%
  68893 56788   292080.9897    28   293678.0000   291110.0000  1364162    0.87%
  68894 56789   292081.2024    31   293678.0000   291110.0000  1364170    0.87%
Elapsed time = 59.05 sec. (89688.96 ticks, tree = 323.73 MB, solutions = 22)
  74065 61310        cutoff         293678.0000   291110.0000  1428133    0.87%
  74066 61309        cutoff         293678.0000   291110.0000  1428165    0.87%
  74067 61310   291110.0000    55   293678.0000   291110.0000  1428292    0.87%
  74068 61311   291110.0000    49   293678.0000   291110.0000  1428352    0.87%
  74069 61312   291110.0000    46   293678.0000   291110.0000  1428377    0.87%
  74070 61313   291110.0000    45   293678.0000   291110.0000  1428418    0.87%
  74071 61314   291110.0000    44   293678.0000   291110.0000  1428420    0.87%
  74072 61315   291110.0000    47   293678.0000   291110.0000  1428463    0.87%
  74073 61316   291110.0000    48   293678.0000   291110.0000  1428479    0.87%
  74074 61317   291110.0000    48   293678.0000   291110.0000  1428481    0.87%
Elapsed time = 61.52 sec. (93527.10 ticks, tree = 351.73 MB, solutions = 22)
  78047 64852   291354.1506    28   293678.0000   291110.0000  1489427    0.87%
  78048 64853   291364.7273    20   293678.0000   291110.0000  1489428    0.87%
  78049 64854   291364.7273    20   293678.0000   291110.0000  1489429    0.87%
  78050 64855   291364.7273    24   293678.0000   291110.0000  1489431    0.87%
  78051 64856   292013.7853    24   293678.0000   291110.0000  1489452    0.87%
  78052 64855        cutoff         293678.0000   291110.0000  1489467    0.87%
  78053 64854        cutoff         293678.0000   291110.0000  1489478    0.87%
  78054 64855   291110.0000    34   293678.0000   291110.0000  1489498    0.87%
  78055 64856   291110.0000    36   293678.0000   291110.0000  1489504    0.87%
  78056 64857   291110.0000    38   293678.0000   291110.0000  1489516    0.87%
Elapsed time = 64.04 sec. (97348.76 ticks, tree = 373.63 MB, solutions = 22)
  82958 68917   293556.3092    44   293678.0000   291110.0000  1551290    0.87%
  82959 68918   293556.3092    45   293678.0000   291110.0000  1551294    0.87%
  82960 68919   293556.3092    45   293678.0000   291110.0000  1551310    0.87%
  82961 68920   293556.3092    41   293678.0000   291110.0000  1551316    0.87%
  82962 68921   293556.3112    40   293678.0000   291110.0000  1551317    0.87%
  82963 68922   293556.3112    39   293678.0000   291110.0000  1551318    0.87%
  82964 68923   293556.3112    42   293678.0000   291110.0000  1551329    0.87%
  82965 68924   293556.3112    40   293678.0000   291110.0000  1551337    0.87%
  82966 68925   293556.3112    39   293678.0000   291110.0000  1551343    0.87%
  82967 68926   293557.6164    40   293678.0000   291110.0000  1551359    0.87%
Elapsed time = 66.54 sec. (101168.82 ticks, tree = 400.76 MB, solutions = 22)
  87541 72935   291110.0000    39   293678.0000   291110.0000  1606537    0.87%
  87542 72936   291110.0000    41   293678.0000   291110.0000  1606592    0.87%
  87543 72937   291110.0000    39   293678.0000   291110.0000  1606594    0.87%
  87544 72938   291110.0000    38   293678.0000   291110.0000  1606602    0.87%
  87545 72939   291110.0000    38   293678.0000   291110.0000  1606612    0.87%
  87546 72940   291110.0000    36   293678.0000   291110.0000  1606615    0.87%
  87547 72941   291110.0000    35   293678.0000   291110.0000  1606623    0.87%
  87548 72942   291110.3845    38   293678.0000   291110.0000  1606655    0.87%
  87549 72943   291110.3851    38   293678.0000   291110.0000  1606657    0.87%
  87550 72944   291110.3851    40   293678.0000   291110.0000  1606660    0.87%
Elapsed time = 69.09 sec. (104989.96 ticks, tree = 425.59 MB, solutions = 22)
  91472 76511   291449.0002    60   293678.0000   291110.0000  1675558    0.87%
  91473 76512   291450.7424    56   293678.0000   291110.0000  1675573    0.87%
  91474 76513   291472.8282    59   293678.0000   291110.0000  1675593    0.87%
  91475 76514   291474.5315    62   293678.0000   291110.0000  1675601    0.87%
  91476 76515   291568.9528    48   293678.0000   291110.0000  1675644    0.87%
  91477 76516   291573.0312    50   293678.0000   291110.0000  1675651    0.87%
  91478 76517   291586.1670    47   293678.0000   291110.0000  1675656    0.87%
  91479 76518   291586.1670    48   293678.0000   291110.0000  1675663    0.87%
  91480 76519   291903.0948    51   293678.0000   291110.0000  1675688    0.87%
  91481 76520   291915.5701    52   293678.0000   291110.0000  1675692    0.87%
Elapsed time = 71.64 sec. (108811.55 ticks, tree = 447.75 MB, solutions = 22)
  95338 79949   291183.4042    62   293678.0000   291110.0000  1735571    0.87%
  95339 79950   291194.3761    64   293678.0000   291110.0000  1735581    0.87%
  95340 79951   291206.6753    62   293678.0000   291110.0000  1735591    0.87%
  95341 79952   291206.6768    62   293678.0000   291110.0000  1735592    0.87%
  95342 79953   291210.0574    59   293678.0000   291110.0000  1735597    0.87%
  95343 79954   291219.4370    59   293678.0000   291110.0000  1735605    0.87%
  95344 79955   291220.4820    58   293678.0000   291110.0000  1735611    0.87%
  95345 79956   291224.8167    58   293678.0000   291110.0000  1735617    0.87%
  95346 79957   291225.8103    55   293678.0000   291110.0000  1735620    0.87%
  95347 79958   291236.5531    52   293678.0000   291110.0000  1735637    0.87%
Elapsed time = 74.11 sec. (112632.51 ticks, tree = 468.97 MB, solutions = 22)
  99814 83828   292397.0000    18   293678.0000   291110.0000  1800685    0.87%
  99815 83829   292397.0000    25   293678.0000   291110.0000  1800695    0.87%
  99816 83830   292397.0000    23   293678.0000   291110.0000  1800696    0.87%
  99817 83831   292397.0000    19   293678.0000   291110.0000  1800699    0.87%
  99818 83832   292397.0000    17   293678.0000   291110.0000  1800712    0.87%
  99819 83831        cutoff         293678.0000   291110.0000  1800766    0.87%
  99820 83832   292397.0000    29   293678.0000   291110.0000  1800803    0.87%
  99821 83833   292397.0000    27   293678.0000   291110.0000  1800819    0.87%
  99822 83832        cutoff         293678.0000   291110.0000  1800865    0.87%
  99823 83833   293079.9000    26   293678.0000   291110.0000  1800889    0.87%
Elapsed time = 76.75 sec. (116455.51 ticks, tree = 492.92 MB, solutions = 22)
 104927 88342   292397.0000    20   293678.0000   291110.0000  1860330    0.87%
 104928 88343   292397.0000    16   293678.0000   291110.0000  1860337    0.87%
 104929 88344   292397.0000    24   293678.0000   291110.0000  1860351    0.87%
 104930 88343        cutoff         293678.0000   291110.0000  1860358    0.87%
 104931 88344   292397.0000    22   293678.0000   291110.0000  1860359    0.87%
 104932 88343        cutoff         293678.0000   291110.0000  1860393    0.87%
 104933 88342        cutoff         293678.0000   291110.0000  1860409    0.87%
 104934 88343   291110.0000    36   293678.0000   291110.0000  1860446    0.87%
 104935 88344   291110.0000    35   293678.0000   291110.0000  1860448    0.87%
 104936 88345   292397.0000    27   293678.0000   291110.0000  1860456    0.87%
Elapsed time = 79.56 sec. (120277.09 ticks, tree = 520.77 MB, solutions = 22)
 109339 92022   292598.8683    45   293678.0000   291110.0000  1924236    0.87%
 109340 92023   292598.8683    44   293678.0000   291110.0000  1924237    0.87%
 109341 92024   292619.3473    46   293678.0000   291110.0000  1924244    0.87%
 109342 92025   292620.3432    44   293678.0000   291110.0000  1924246    0.87%
 109343 92026   292699.5122    44   293678.0000   291110.0000  1924259    0.87%
 109344 92027   292717.1658    43   293678.0000   291110.0000  1924265    0.87%
 109345 92028   292772.4118    44   293678.0000   291110.0000  1924269    0.87%
 109346 92029   292777.2037    43   293678.0000   291110.0000  1924272    0.87%
 109347 92028        cutoff         293678.0000   291110.0000  1924276    0.87%
 109348 92027        cutoff         293678.0000   291110.0000  1924281    0.87%
Elapsed time = 82.13 sec. (124096.95 ticks, tree = 543.58 MB, solutions = 22)
 113637 95715   291261.4177    34   293678.0000   291110.0000  1983590    0.87%
 113638 95716   291299.5202    39   293678.0000   291110.0000  1983599    0.87%
 113639 95717   291301.4177    39   293678.0000   291110.0000  1983601    0.87%
 113640 95718   291302.9784    36   293678.0000   291110.0000  1983608    0.87%
 113641 95719   291303.6530    34   293678.0000   291110.0000  1983613    0.87%
 113642 95720   291305.6345    38   293678.0000   291110.0000  1983632    0.87%
 113643 95721   291321.9487    37   293678.0000   291110.0000  1983640    0.87%
 113644 95722   291324.3246    37   293678.0000   291110.0000  1983641    0.87%
 113645 95723   291340.4939    37   293678.0000   291110.0000  1983645    0.87%
 113646 95724   291342.1228    36   293678.0000   291110.0000  1983646    0.87%
Elapsed time = 84.69 sec. (127915.71 ticks, tree = 566.43 MB, solutions = 22)
 118666 99880        cutoff         293678.0000   291110.0000  2050801    0.87%
 118667 99879        cutoff         293678.0000   291110.0000  2050807    0.87%
 118668 99878        cutoff         293678.0000   291110.0000  2050849    0.87%
 118669 99878   291523.0687    28   293678.0000   291110.0000  2050920    0.87%
 118670 99879   293087.9091    33   293678.0000   291110.0000  2050942    0.87%
 118671 99880   293087.9091    33   293678.0000   291110.0000  2050943    0.87%
 118672 99881   293087.9091    33   293678.0000   291110.0000  2050944    0.87%
 118673 99882   293087.9091    33   293678.0000   291110.0000  2050945    0.87%
 118674 99883   293087.9091    31   293678.0000   291110.0000  2050961    0.87%
 118675 99884   293087.9091    29   293678.0000   291110.0000  2050962    0.87%
Elapsed time = 87.21 sec. (131739.42 ticks, tree = 592.16 MB, solutions = 22)
 123646 104242   291451.0909    36   293678.0000   291110.0000  2110934    0.87%
 123647 104243   291451.0909    38   293678.0000   291110.0000  2110943    0.87%
 123648 104244   291451.0909    37   293678.0000   291110.0000  2110978    0.87%
 123649 104245   291451.0909    39   293678.0000   291110.0000  2111010    0.87%
 123650 104246   291451.0909    37   293678.0000   291110.0000  2111012    0.87%
 123651 104247   291451.0909    39   293678.0000   291110.0000  2111036    0.87%
 123652 104248   291451.0909    34   293678.0000   291110.0000  2111043    0.87%
 123653 104249   291451.0909    38   293678.0000   291110.0000  2111052    0.87%
 123654 104250   291451.0909    36   293678.0000   291110.0000  2111053    0.87%
 123655 104251   291451.0909    37   293678.0000   291110.0000  2111065    0.87%
Elapsed time = 89.72 sec. (135561.35 ticks, tree = 619.15 MB, solutions = 22)
 126398 106532   291110.0000    47   293678.0000   291110.0000  2147874    0.87%
 126399 106533   291110.0000    46   293678.0000   291110.0000  2147875    0.87%
 126400 106534   291110.0000    41   293678.0000   291110.0000  2147890    0.87%
 126401 106535   291110.0000    44   293678.0000   291110.0000  2147908    0.87%
 126402 106536   291110.0000    44   293678.0000   291110.0000  2147911    0.87%
 126403 106537   291110.0000    43   293678.0000   291110.0000  2147912    0.87%
 126404 106538   291110.0000    41   293678.0000   291110.0000  2147968    0.87%
 126405 106539   291110.0000    40   293678.0000   291110.0000  2148009    0.87%
 126406 106540   291110.0000    36   293678.0000   291110.0000  2148016    0.87%
 126407 106541   291110.0000    41   293678.0000   291110.0000  2148070    0.87%
Elapsed time = 92.40 sec. (139387.89 ticks, tree = 633.31 MB, solutions = 22)
*126912+101385                       293271.0000   291110.0000             0.74%
*127212+100916                       293228.0000   291110.0000             0.72%
 127428 101075   292123.9926    31   293228.0000   291110.0000  2166677    0.72%
 127429 101076   292151.1103    30   293228.0000   291110.0000  2166682    0.72%
 127430 101077   292151.1111    30   293228.0000   291110.0000  2166683    0.72%
 127431 101078   292151.1547    31   293228.0000   291110.0000  2166684    0.72%
 127432 101079   292397.0000    25   293228.0000   291110.0000  2166691    0.72%
 127433 101080   292397.0000    23   293228.0000   291110.0000  2166698    0.72%
 127434 101079        cutoff         293228.0000   291110.0000  2166700    0.72%
 127435 101078        cutoff         293228.0000   291110.0000  2166709    0.72%
 127436 101077        cutoff         293228.0000   291110.0000  2166799    0.72%
 127437 101076        cutoff         293228.0000   291110.0000  2166848    0.72%
Elapsed time = 95.07 sec. (143212.43 ticks, tree = 602.65 MB, solutions = 24)
 130248 103399   293087.9091    35   293228.0000   291110.0000  2208256    0.72%
 130249 103400   293087.9091    30   293228.0000   291110.0000  2208258    0.72%
 130250 103401   293087.9091    27   293228.0000   291110.0000  2208277    0.72%
 130251 103402   293087.9091    26   293228.0000   291110.0000  2208284    0.72%
 130252 103403   293087.9091    36   293228.0000   291110.0000  2208295    0.72%
 130253 103404   293087.9091    26   293228.0000   291110.0000  2208303    0.72%
 130254 103405   293087.9091    29   293228.0000   291110.0000  2208311    0.72%
 130255 103406   293087.9091    28   293228.0000   291110.0000  2208318    0.72%
 130256 103407   293087.9091    26   293228.0000   291110.0000  2208320    0.72%
 130257 103408   293087.9091    32   293228.0000   291110.0000  2208326    0.72%
Elapsed time = 97.78 sec. (147031.93 ticks, tree = 617.03 MB, solutions = 24)

Cover cuts applied:  107
Mixed integer rounding cuts applied:  285
Gomory fractional cuts applied:  3

Root node processing (before b&c):
  Real time             =    0.05 sec. (53.50 ticks)
Sequential b&c:
  Real time             =   99.95 sec. (150228.84 ticks)
                          ------------
Total (root+branch&cut) =  100.00 sec. (150282.34 ticks)

Solution pool: 24 solutions saved.

MIP - Time limit exceeded, integer feasible:  Objective =  2.9322800000e+05
Current MIP best bound =  2.9111000000e+05 (gap = 2118, 0.72%)
Solution time =  100.00 sec.  Iterations = 2263131  Nodes = 133809 (106007)
Deterministic time = 150282.34 ticks  (1502.82 ticks/sec)


Incumbent solution written to file '/tmp/tmpeeauGA.cplex.sol'.
