
Log started (V12.6.3.0) Sun Apr 22 01:02:15 2018

New value for default parallel thread count: 1

Problem '/tmp/tmpcZgx7n.pyomo.lp' read.
Read time = 0.02 sec. (0.74 ticks)

Problem name         : /tmp/tmpcZgx7n.pyomo.lp
Objective sense      : Minimize
Variables            :    1074  [Nneg: 1,  Binary: 1056,  General Integer: 17]
Objective nonzeros   :       1
Linear constraints   :     168  [Less: 82,  Equal: 86]
  Nonzeros           :   52833
  RHS nonzeros       :     133

Variables            : Min LB: 0.000000         Max UB: 1.000000       
Objective nonzeros   : Min   : 1.000000         Max   : 1.000000       
Linear constraints   :
  Nonzeros           : Min   : 1.000000         Max   : 117484.0       
  RHS nonzeros       : Min   : 1.000000         Max   : 7.000000       
Tried aggregator 2 times.
MIP Presolve eliminated 75 rows and 214 columns.
Aggregator did 14 substitutions.
Reduced MIP has 79 rows, 846 columns, and 2303 nonzeros.
Reduced MIP has 845 binaries, 1 generals, 0 SOSs, and 0 indicators.
Presolve time = 0.01 sec. (9.99 ticks)
Found incumbent of value 3784418.000000 after 0.01 sec. (13.81 ticks)
Probing time = 0.00 sec. (1.53 ticks)
Cover probing fixed 0 vars, tightened 9 bounds.
Tried aggregator 1 time.
Reduced MIP has 79 rows, 846 columns, and 2303 nonzeros.
Reduced MIP has 845 binaries, 1 generals, 0 SOSs, and 0 indicators.
Presolve time = 0.00 sec. (1.33 ticks)
Probing time = 0.00 sec. (1.04 ticks)
Clique table members: 65.
MIP emphasis: balance optimality and feasibility.
MIP search method: dynamic search.
Parallel mode: none, using 1 thread.
Root relaxation solution time = 0.00 sec. (0.98 ticks)

        Nodes                                         Cuts/
   Node  Left     Objective  IInf  Best Integer    Best Bound    ItCnt     Gap

*     0+    0                      3784418.0000   117484.0000            96.90%
      0     0   291109.0769    22  3784418.0000   291109.0769       39   92.31%
*     0+    0                       357956.0000   291109.0769            18.67%
      0     0   291110.0000    23   357956.0000      Fract: 7       60   18.67%
*     0+    0                       346549.0000   291110.0000            16.00%
      0     0   291110.0000    31   346549.0000      Cuts: 27      125   16.00%
*     0+    0                       331651.0000   291110.0000            12.22%
*     0+    0                       327378.0000   291110.0000            11.08%
*     0+    0                       319903.0000   291110.0000             9.00%
      0     2   291110.0000    15   319903.0000   291110.0000      125    9.00%
Elapsed time = 0.05 sec. (56.93 ticks, tree = 0.01 MB, solutions = 5)
*    80+   78                       306748.0000   291110.0000             5.10%
*   130+  118                       305537.0000   291110.0000             4.72%
*   248+  224                       304776.0000   291110.0000             4.48%
*   248+  224                       303876.0000   291110.0000             4.20%
*   510+  485                       303389.0000   291110.0000             4.05%
*   510+  485                       302982.0000   291110.0000             3.92%
*   510+  474                       300429.0000   291110.0000             3.10%
*   510+  473                       299482.0000   291110.0000             2.80%
*   511+  473                       298845.0000   291110.0000             2.59%
*   511+  472                       297750.0000   291110.0000             2.23%
*   511+  472                       297229.0000   291110.0000             2.06%
    511   474   291110.0000    26   297229.0000   291110.0000     2461    2.06%
*   512+  316                       295929.0000   291110.0000             1.63%
    512   317   291110.0000    27   295929.0000   291110.0000     2999    1.63%
    513   318   291110.0000    25   295929.0000   291110.0000     3014    1.63%
    514   319   291110.0000    22   295929.0000   291110.0000     3023    1.63%
    515   319   291110.0000    21   295929.0000   291110.0000     3029    1.63%
    516   320   291110.0000    21   295929.0000   291110.0000     3039    1.63%
    517   320   291110.0000    19   295929.0000   291110.0000     3045    1.63%
    518   320   291110.0000    19   295929.0000   291110.0000     3053    1.63%
    519   320   291110.0000    20   295929.0000   291110.0000     3066    1.63%
    712   320   291110.0000    24   295929.0000   291110.0000     4386    1.63%
Elapsed time = 0.95 sec. (1246.87 ticks, tree = 0.51 MB, solutions = 17)
*  1012+  386                       295832.0000   291110.0000             1.60%
*  1112+  406                       295404.0000   291110.0000             1.45%
*  1212+  487                       295316.0000   291110.0000             1.42%
   1621   800   291110.0000    21   295316.0000   291110.0000     8901    1.42%
   1622   801   291110.0000    23   295316.0000   291110.0000     8907    1.42%
   1623   802   291110.0000    21   295316.0000   291110.0000     8913    1.42%
   1624   803   291110.0000    22   295316.0000   291110.0000     8922    1.42%
   1625   804   291110.0000    24   295316.0000   291110.0000     8931    1.42%
   1626   805   291110.0000    24   295316.0000   291110.0000     8940    1.42%
   1627   806   291110.0000    22   295316.0000   291110.0000     8948    1.42%
   1628   807   291110.0000    23   295316.0000   291110.0000     8951    1.42%
   1629   808   291110.0000    24   295316.0000   291110.0000     8955    1.42%
   1630   809   291110.0000    24   295316.0000   291110.0000     8956    1.42%
Elapsed time = 1.69 sec. (2204.89 ticks, tree = 1.33 MB, solutions = 20)
   3585  2350   291378.6873    63   295316.0000   291110.0000    24920    1.42%
   3586  2351   291572.5450    57   295316.0000   291110.0000    24947    1.42%
   3587  2352   292685.0810    56   295316.0000   291110.0000    25015    1.42%
   3588  2353   293113.7081    53   295316.0000   291110.0000    25033    1.42%
   3589  2354   293124.5446    58   295316.0000   291110.0000    25041    1.42%
   3590  2354   293834.8559    48   295316.0000   291110.0000    25100    1.42%
   3591  2355   293943.0577    52   295316.0000   291110.0000    25120    1.42%
   3592  2356   294054.3982    53   295316.0000   291110.0000    25130    1.42%
   3593  2357   294054.3982    52   295316.0000   291110.0000    25131    1.42%
   3594  2357   294524.9304    54   295316.0000   291110.0000    25147    1.42%
Elapsed time = 2.36 sec. (3169.91 ticks, tree = 4.18 MB, solutions = 20)
   4122  2809   293618.3284    68   295316.0000   291110.0000    39100    1.42%
   4123  2810   293622.9898    66   295316.0000   291110.0000    39111    1.42%
   4124  2811   293655.3781    66   295316.0000   291110.0000    39126    1.42%
   4125  2812   293637.3594    65   295316.0000   291110.0000    39148    1.42%
   4126  2813   293642.8320    59   295316.0000   291110.0000    39160    1.42%
   4127  2814   293827.4713    66   295316.0000   291110.0000    39204    1.42%
   4128  2815   294087.1797    59   295316.0000   291110.0000    39264    1.42%
   4129  2816   294124.7570    63   295316.0000   291110.0000    39273    1.42%
   4130  2817   294250.9183    57   295316.0000   291110.0000    39295    1.42%
   4131  2816        cutoff         295316.0000   291110.0000    39301    1.42%
Elapsed time = 2.97 sec. (4138.14 ticks, tree = 5.62 MB, solutions = 20)
   4924  3507   292619.2625    46   295316.0000   291110.0000    52012    1.42%
   4925  3508   292625.4682    46   295316.0000   291110.0000    52014    1.42%
   4926  3508   292683.5331    47   295316.0000   291110.0000    52027    1.42%
   4927  3509   292683.5331    47   295316.0000   291110.0000    52028    1.42%
   4928  3510   292684.1784    46   295316.0000   291110.0000    52029    1.42%
   4929  3511   292838.8392    52   295316.0000   291110.0000    52053    1.42%
   4930  3511   292845.7923    54   295316.0000   291110.0000    52058    1.42%
   4931  3512   292845.7923    55   295316.0000   291110.0000    52059    1.42%
   4932  3513   292847.9960    54   295316.0000   291110.0000    52061    1.42%
   4933  3514   292848.3640    55   295316.0000   291110.0000    52062    1.42%
Elapsed time = 3.57 sec. (5097.88 ticks, tree = 8.10 MB, solutions = 20)
   5652  4162   291311.2629    70   295316.0000   291110.0000    66899    1.42%
   5653  4163   291312.0132    70   295316.0000   291110.0000    66901    1.42%
   5654  4164   291315.9868    71   295316.0000   291110.0000    66908    1.42%
   5655  4165   291316.1490    71   295316.0000   291110.0000    66909    1.42%
   5656  4166   291330.8760    69   295316.0000   291110.0000    66918    1.42%
   5657  4167   291337.7748    70   295316.0000   291110.0000    66949    1.42%
   5658  4168   291338.6523    68   295316.0000   291110.0000    66956    1.42%
   5659  4169   291339.7893    68   295316.0000   291110.0000    66969    1.42%
   5660  4170   291339.7973    69   295316.0000   291110.0000    66970    1.42%
   5661  4171   291340.1461    68   295316.0000   291110.0000    66974    1.42%
Elapsed time = 4.16 sec. (6059.03 ticks, tree = 10.55 MB, solutions = 20)
   6113  4452   291110.0000    43   295316.0000   291110.0000    86274    1.42%
   6114  4453   291110.0000    42   295316.0000   291110.0000    86301    1.42%
   6115  4454   291110.0000    42   295316.0000   291110.0000    86348    1.42%
   6116  4455   291110.0000    41   295316.0000   291110.0000    86357    1.42%
   6117  4456   291110.0000    43   295316.0000   291110.0000    86398    1.42%
   6118  4457   291110.0000    40   295316.0000   291110.0000    86402    1.42%
   6119  4458   291110.0000    41   295316.0000   291110.0000    86445    1.42%
   6120  4459   291110.0000    39   295316.0000   291110.0000    86456    1.42%
   6121  4460   291110.0000    36   295316.0000   291110.0000    86495    1.42%
   6122  4461   291110.0000    38   295316.0000   291110.0000    86504    1.42%
Elapsed time = 4.77 sec. (7022.10 ticks, tree = 11.77 MB, solutions = 20)
   6760  5029   291577.4823    49   295316.0000   291110.0000   100831    1.42%
   6761  5030   291610.8244    62   295316.0000   291110.0000   100850    1.42%
   6762  5031   293851.8881    41   295316.0000   291110.0000   100927    1.42%
   6763  5032   291610.8419    62   295316.0000   291110.0000   100928    1.42%
   6764  5033   291610.8448    61   295316.0000   291110.0000   100929    1.42%
   6765  5034   291619.5161    55   295316.0000   291110.0000   100946    1.42%
   6766  5035   291619.5515    55   295316.0000   291110.0000   100947    1.42%
   6767  5036   291625.9596    53   295316.0000   291110.0000   100968    1.42%
   6768  5035        cutoff         295316.0000   291110.0000   101053    1.42%
   6769  5036   291630.0469    53   295316.0000   291110.0000   101058    1.42%
Elapsed time = 5.38 sec. (7992.60 ticks, tree = 14.25 MB, solutions = 20)
   7090  5283   291110.0000    80   295316.0000   291110.0000   115084    1.42%
   7091  5284   291160.6779    78   295316.0000   291110.0000   115433    1.42%
   7092  5285   291110.0000    64   295316.0000   291110.0000   115471    1.42%
   7093  5286   291162.1396    77   295316.0000   291110.0000   115482    1.42%
   7094  5287   291162.3318    76   295316.0000   291110.0000   115486    1.42%
   7095  5288   291165.4486    77   295316.0000   291110.0000   115492    1.42%
   7096  5289   291481.1108    64   295316.0000   291110.0000   115564    1.42%
   7097  5290   291485.7783    65   295316.0000   291110.0000   115573    1.42%
   7098  5291   291814.5950    60   295316.0000   291110.0000   115640    1.42%
   7099  5292   291815.0872    59   295316.0000   291110.0000   115649    1.42%
Elapsed time = 5.99 sec. (8981.81 ticks, tree = 15.41 MB, solutions = 20)
   7463  5564   293621.5962    54   295316.0000   291110.0000   130739    1.42%
   7464  5565   293640.0364    44   295316.0000   291110.0000   130745    1.42%
   7465  5566   293640.0364    42   295316.0000   291110.0000   130747    1.42%
   7466  5567   293640.0364    48   295316.0000   291110.0000   130770    1.42%
   7467  5568   293640.0364    45   295316.0000   291110.0000   130783    1.42%
   7468  5569   293733.7183    41   295316.0000   291110.0000   130924    1.42%
   7469  5570   294946.2282    43   295316.0000   291110.0000   131003    1.42%
   7470  5569        cutoff         295316.0000   291110.0000   131005    1.42%
   7471  5568        cutoff         295316.0000   291110.0000   131007    1.42%
   8639  6531   291110.0000    93   295316.0000   291110.0000   172464    1.42%
Elapsed time = 8.31 sec. (12796.53 ticks, tree = 21.34 MB, solutions = 20)
   9575  7129        cutoff         295316.0000   291110.0000   231523    1.42%
   9576  7128        cutoff         295316.0000   291110.0000   232122    1.42%
   9577  7127        cutoff         295316.0000   291110.0000   232436    1.42%
   9578  7128   292114.6615    97   295316.0000   291110.0000   233259    1.42%
   9579  7129   292120.2205    94   295316.0000   291110.0000   233296    1.42%
   9580  7130   292258.1858    99   295316.0000   291110.0000   233398    1.42%
   9581  7131   292259.3119   101   295316.0000   291110.0000   233407    1.42%
   9582  7132   292265.5168    98   295316.0000   291110.0000   233419    1.42%
   9583  7133   292265.7981    98   295316.0000   291110.0000   233426    1.42%
   9584  7134   292266.7481    98   295316.0000   291110.0000   233439    1.42%
Elapsed time = 10.84 sec. (16757.78 ticks, tree = 24.92 MB, solutions = 20)
* 10692+ 7950                       295290.0000   291110.0000             1.42%
* 10692+ 7080                       294438.0000   291110.0000             1.13%
* 10692+ 6781                       294182.0000   291110.0000             1.04%
* 10692+ 6356                       293798.0000   291110.0000             0.91%
* 10692+ 5802                       293359.0000   291110.0000             0.77%
* 10692+ 5358                       293069.0000   291110.0000             0.67%
  10692  5357   293252.6349    60   293069.0000   291110.0000   280075    0.67%
  10693  5358   292222.2667    82   293069.0000   291110.0000   280597    0.67%
  10694  5357        cutoff         293069.0000   291110.0000   281011    0.67%
  10695  5358   291394.1103   110   293069.0000   291110.0000   281927    0.67%
  10696  5359   291396.0536   106   293069.0000   291110.0000   281945    0.67%
  10697  5360   291397.4715   102   293069.0000   291110.0000   281951    0.67%
  10698  5361   291397.4902   102   293069.0000   291110.0000   281952    0.67%
  10699  5362   291399.3769   101   293069.0000   291110.0000   281967    0.67%
  10700  5363   291522.5337   103   293069.0000   291110.0000   282041    0.67%
  10701  5364   291522.5531   102   293069.0000   291110.0000   282043    0.67%
Elapsed time = 15.78 sec. (22897.03 ticks, tree = 19.70 MB, solutions = 26)
  11616  5784        cutoff         293069.0000   291110.0000   342968    0.67%
  11617  5783    infeasible         293069.0000   291110.0000   342968    0.67%
  11618  5782        cutoff         293069.0000   291110.0000   343217    0.67%
  11619  5781        cutoff         293069.0000   291110.0000   343505    0.67%
  11620  5780        cutoff         293069.0000   291110.0000   343709    0.67%
  11621  5779    infeasible         293069.0000   291110.0000   343709    0.67%
  11622  5778        cutoff         293069.0000   291110.0000   344017    0.67%
  11623  5777    infeasible         293069.0000   291110.0000   344017    0.67%
  11624  5776        cutoff         293069.0000   291110.0000   344160    0.67%
  11625  5775        cutoff         293069.0000   291110.0000   344744    0.67%
Elapsed time = 18.27 sec. (26806.28 ticks, tree = 23.21 MB, solutions = 26)
  12315  6207        cutoff         293069.0000   291110.0000   396264    0.67%
  12316  6208   291881.2490    86   293069.0000   291110.0000   396849    0.67%
  12317  6209   291881.5653    84   293069.0000   291110.0000   396860    0.67%
  12318  6210   291886.4042    90   293069.0000   291110.0000   396896    0.67%
  12319  6211   291924.9957    82   293069.0000   291110.0000   396915    0.67%
  12320  6212   291925.6365    85   293069.0000   291110.0000   396918    0.67%
  12321  6213   291925.8918    82   293069.0000   291110.0000   396922    0.67%
  12322  6214   291926.0958    84   293069.0000   291110.0000   396927    0.67%
  12323  6215   291928.5483    86   293069.0000   291110.0000   396934    0.67%
  12324  6216   291930.1619    87   293069.0000   291110.0000   396942    0.67%
Elapsed time = 20.72 sec. (30662.90 ticks, tree = 26.28 MB, solutions = 26)
  13321  6728        cutoff         293069.0000   291110.0000   454931    0.67%
  13322  6728   293066.4569    53   293069.0000   291110.0000   455395    0.67%
  13323  6727        cutoff         293069.0000   291110.0000   455397    0.67%
  13324  6726        cutoff         293069.0000   291110.0000   455645    0.67%
  13325  6726   292677.8578    96   293069.0000   291110.0000   456287    0.67%
  13326  6727   292677.8578    96   293069.0000   291110.0000   456289    0.67%
  13327  6726        cutoff         293069.0000   291110.0000   456309    0.67%
  13328  6727   292688.6836    91   293069.0000   291110.0000   456336    0.67%
  13329  6728   292696.8434    90   293069.0000   291110.0000   456349    0.67%
  13330  6729   292697.1237    90   293069.0000   291110.0000   456353    0.67%
Elapsed time = 23.36 sec. (34562.35 ticks, tree = 30.30 MB, solutions = 26)
  14154  6980        cutoff         293069.0000   291110.0000   511945    0.67%
  14155  6979    infeasible         293069.0000   291110.0000   511945    0.67%
  14156  6980   291921.7768    97   293069.0000   291110.0000   512600    0.67%
  14157  6981   291921.8457    99   293069.0000   291110.0000   512601    0.67%
  14158  6982   291936.2414    95   293069.0000   291110.0000   512615    0.67%
  14159  6983   291939.4215    96   293069.0000   291110.0000   512637    0.67%
  14160  6984   291945.0277   101   293069.0000   291110.0000   512649    0.67%
  14161  6985   291952.2395   104   293069.0000   291110.0000   512669    0.67%
  14162  6986   291952.2428   104   293069.0000   291110.0000   512670    0.67%
  14163  6987   291952.6594   106   293069.0000   291110.0000   512679    0.67%
Elapsed time = 26.32 sec. (38436.18 ticks, tree = 32.86 MB, solutions = 26)
  15426  7560   291796.7030    75   293069.0000   291110.0000   572080    0.67%
  15427  7561   291880.8507    69   293069.0000   291110.0000   572109    0.67%
  15428  7562   291880.8507    69   293069.0000   291110.0000   572118    0.67%
  15429  7563   291880.8507    68   293069.0000   291110.0000   572124    0.67%
  15430  7563   291880.8563    68   293069.0000   291110.0000   572126    0.67%
  15431  7564   291880.8563    67   293069.0000   291110.0000   572127    0.67%
  15432  7565   291880.9287    67   293069.0000   291110.0000   572128    0.67%
  15433  7566   292057.4927    64   293069.0000   291110.0000   572168    0.67%
  15434  7567   292058.7044    61   293069.0000   291110.0000   572176    0.67%
  15435  7566        cutoff         293069.0000   291110.0000   572200    0.67%
Elapsed time = 28.71 sec. (42266.92 ticks, tree = 37.55 MB, solutions = 26)
  17052  8968   291110.0000    98   293069.0000   291110.0000   627167    0.67%
  17053  8969   291110.0000    96   293069.0000   291110.0000   627170    0.67%
  17054  8970   291110.0000    95   293069.0000   291110.0000   627255    0.67%
  17055  8971   291110.0000    84   293069.0000   291110.0000   627295    0.67%
  17056  8972   291110.1997   102   293069.0000   291110.0000   627741    0.67%
  17057  8973   291110.2022    99   293069.0000   291110.0000   627754    0.67%
  17058  8974   291189.0888   100   293069.0000   291110.0000   627891    0.67%
  17059  8975   291110.2030    98   293069.0000   291110.0000   627896    0.67%
  17060  8976   291110.2063    98   293069.0000   291110.0000   627901    0.67%
  17061  8977   291110.2505    96   293069.0000   291110.0000   627933    0.67%
Elapsed time = 31.20 sec. (46129.74 ticks, tree = 46.57 MB, solutions = 26)
  18780 10434   291640.8307    87   293069.0000   291110.0000   679181    0.67%
  18781 10435   291709.9478    83   293069.0000   291110.0000   679223    0.67%
  18782 10436   291717.4476    81   293069.0000   291110.0000   679247    0.67%
  18783 10437   291717.6551    80   293069.0000   291110.0000   679248    0.67%
  18784 10438   291742.3611    76   293069.0000   291110.0000   679280    0.67%
  18785 10439   291816.5027    82   293069.0000   291110.0000   679315    0.67%
  18786 10440   291816.5554    81   293069.0000   291110.0000   679317    0.67%
  18787 10441   291816.5620    81   293069.0000   291110.0000   679318    0.67%
  18788 10442   291890.2312    73   293069.0000   291110.0000   679358    0.67%
  18789 10443   291890.2366    74   293069.0000   291110.0000   679359    0.67%
Elapsed time = 33.68 sec. (49977.66 ticks, tree = 55.68 MB, solutions = 26)
  20364 11725   291110.0000    84   293069.0000   291110.0000   734191    0.67%
  20365 11726   291110.0000    79   293069.0000   291110.0000   734302    0.67%
  20366 11727   291110.0000    76   293069.0000   291110.0000   734308    0.67%
  20367 11728   291110.0000    67   293069.0000   291110.0000   734333    0.67%
  20368 11729   291110.0073    78   293069.0000   291110.0000   734695    0.67%
  20369 11730   291110.0075    78   293069.0000   291110.0000   734697    0.67%
  20370 11731   291110.0161    79   293069.0000   291110.0000   734700    0.67%
  20371 11732   291110.0254    84   293069.0000   291110.0000   734710    0.67%
  20372 11733   291110.0269    80   293069.0000   291110.0000   734713    0.67%
  20373 11734   291110.0269    80   293069.0000   291110.0000   734714    0.67%
Elapsed time = 36.18 sec. (53836.69 ticks, tree = 63.74 MB, solutions = 26)
  22473 13450   291110.0000    46   293069.0000   291110.0000   798203    0.67%
  22474 13451   291110.0000    48   293069.0000   291110.0000   798217    0.67%
  22475 13452   291110.0000    48   293069.0000   291110.0000   798220    0.67%
  22476 13453   291110.0000    45   293069.0000   291110.0000   798229    0.67%
  22477 13454   291110.0000    44   293069.0000   291110.0000   798236    0.67%
  22478 13455   291110.0000    46   293069.0000   291110.0000   798244    0.67%
  22479 13456   291110.0000    46   293069.0000   291110.0000   798258    0.67%
  22480 13457   291110.0000    49   293069.0000   291110.0000   798281    0.67%
  22481 13458   291110.0000    47   293069.0000   291110.0000   798291    0.67%
  22482 13459   291110.0000    48   293069.0000   291110.0000   798301    0.67%
Elapsed time = 38.68 sec. (57665.61 ticks, tree = 74.46 MB, solutions = 26)
  24878 15207   291371.2399    47   293069.0000   291110.0000   859085    0.67%
  24879 15208   292286.8570    36   293069.0000   291110.0000   859183    0.67%
  24880 15209   292520.3426    31   293069.0000   291110.0000   859200    0.67%
  24881 15210   292520.8346    27   293069.0000   291110.0000   859201    0.67%
  24882 15211   292520.8346    27   293069.0000   291110.0000   859205    0.67%
  24883 15212   292520.8346    26   293069.0000   291110.0000   859206    0.67%
  24884 15213   292520.8346    25   293069.0000   291110.0000   859207    0.67%
  24885 15214   292520.8346    26   293069.0000   291110.0000   859208    0.67%
  24886 15214   292520.8346    26   293069.0000   291110.0000   859210    0.67%
  24887 15215   292520.8346    25   293069.0000   291110.0000   859211    0.67%
Elapsed time = 41.24 sec. (61494.36 ticks, tree = 85.36 MB, solutions = 26)
  26897 16638   292223.0833    46   293069.0000   291110.0000   917955    0.67%
  26898 16637        cutoff         293069.0000   291110.0000   917958    0.67%
  26899 16638   292223.0833    43   293069.0000   291110.0000   917989    0.67%
  26900 16639   292223.0833    43   293069.0000   291110.0000   917993    0.67%
  26901 16640   292223.0833    43   293069.0000   291110.0000   917995    0.67%
  26902 16641   292252.0677    55   293069.0000   291110.0000   918115    0.67%
  26903 16642   292223.0833    43   293069.0000   291110.0000   918123    0.67%
  26904 16643   292223.0833    44   293069.0000   291110.0000   918132    0.67%
  26905 16642        cutoff         293069.0000   291110.0000   918241    0.67%
  26906 16643   292223.0833    48   293069.0000   291110.0000   918301    0.67%
Elapsed time = 43.82 sec. (65330.85 ticks, tree = 94.71 MB, solutions = 26)
  29512 18679   291638.3546    33   293069.0000   291110.0000   984692    0.67%
  29513 18680   291713.4764    31   293069.0000   291110.0000   984743    0.67%
  29514 18681   291638.3546    32   293069.0000   291110.0000   984749    0.67%
  29515 18682   291638.3548    31   293069.0000   291110.0000   984750    0.67%
  29516 18683   291638.3548    30   293069.0000   291110.0000   984752    0.67%
  29517 18684   291638.3548    30   293069.0000   291110.0000   984757    0.67%
  29518 18685   291638.3548    31   293069.0000   291110.0000   984761    0.67%
  29519 18686   291758.8862    31   293069.0000   291110.0000   984834    0.67%
  29520 18685        cutoff         293069.0000   291110.0000   984838    0.67%
  29521 18686   291998.1430    28   293069.0000   291110.0000   984887    0.67%
Elapsed time = 46.44 sec. (69252.22 ticks, tree = 107.40 MB, solutions = 26)
  31716 20456   292143.3704    23   293069.0000   291110.0000  1046630    0.67%
  31717 20457   292143.3704    22   293069.0000   291110.0000  1046636    0.67%
  31718 20458   292143.3704    21   293069.0000   291110.0000  1046638    0.67%
  31719 20459   292143.3704    24   293069.0000   291110.0000  1046647    0.67%
  31720 20460   292143.3704    24   293069.0000   291110.0000  1046649    0.67%
  31721 20461   292143.3704    24   293069.0000   291110.0000  1046652    0.67%
  31722 20462   292143.3704    26   293069.0000   291110.0000  1046659    0.67%
  31723 20463   292143.3704    26   293069.0000   291110.0000  1046660    0.67%
  31724 20464   292151.7364    26   293069.0000   291110.0000  1046667    0.67%
  31725 20465   292152.6408    25   293069.0000   291110.0000  1046668    0.67%
Elapsed time = 48.95 sec. (73069.94 ticks, tree = 118.42 MB, solutions = 26)
  34263 22536   291220.7357    58   293069.0000   291110.0000  1105913    0.67%
  34264 22537   291221.1128    58   293069.0000   291110.0000  1105933    0.67%
  34265 22538   291221.1128    59   293069.0000   291110.0000  1105938    0.67%
  34266 22539   291221.1128    59   293069.0000   291110.0000  1105940    0.67%
  34267 22540   291230.3800    62   293069.0000   291110.0000  1105968    0.67%
  34268 22541   291232.5860    60   293069.0000   291110.0000  1105974    0.67%
  34269 22542   291232.7811    61   293069.0000   291110.0000  1105975    0.67%
  34270 22543   291232.8386    61   293069.0000   291110.0000  1105976    0.67%
  34271 22544   291233.6993    61   293069.0000   291110.0000  1105978    0.67%
  34272 22545   291235.0445    64   293069.0000   291110.0000  1105987    0.67%
Elapsed time = 51.51 sec. (76891.47 ticks, tree = 131.29 MB, solutions = 26)
  35986 23880   292127.2090    52   293069.0000   291110.0000  1162910    0.67%
  35987 23881   292128.4458    52   293069.0000   291110.0000  1162913    0.67%
  35988 23881   292899.4736    43   293069.0000   291110.0000  1162957    0.67%
  35989 23882   292970.6659    44   293069.0000   291110.0000  1162968    0.67%
  35990 23883   293023.3422    44   293069.0000   291110.0000  1162971    0.67%
  35991 23884   293047.6589    45   293069.0000   291110.0000  1162980    0.67%
  35992 23883        cutoff         293069.0000   291110.0000  1162984    0.67%
  35993 23882        cutoff         293069.0000   291110.0000  1162985    0.67%
  35994 23883   291308.5417    65   293069.0000   291110.0000  1163285    0.67%
  35995 23884   291308.5417    65   293069.0000   291110.0000  1163286    0.67%
Elapsed time = 54.06 sec. (80727.99 ticks, tree = 139.61 MB, solutions = 26)
  38138 25514   291110.0000    60   293069.0000   291110.0000  1227075    0.67%
  38139 25515   291110.0000    55   293069.0000   291110.0000  1227153    0.67%
  38140 25516   291110.0000    48   293069.0000   291110.0000  1227180    0.67%
  38141 25517   291110.0000    62   293069.0000   291110.0000  1227296    0.67%
  38142 25518   291110.0000    56   293069.0000   291110.0000  1227312    0.67%
  38143 25519   291110.0000    50   293069.0000   291110.0000  1227382    0.67%
  38144 25520   291110.0000    49   293069.0000   291110.0000  1227383    0.67%
  38145 25521   291110.0000    51   293069.0000   291110.0000  1227391    0.67%
  38146 25522   291110.0000    49   293069.0000   291110.0000  1227418    0.67%
  38147 25523   292123.0768    27   293069.0000   291110.0000  1227490    0.67%
Elapsed time = 56.55 sec. (84564.42 ticks, tree = 149.79 MB, solutions = 26)
  40296 27206   291513.5846    41   293069.0000   291110.0000  1285741    0.67%
  40297 27207   292289.7407    28   293069.0000   291110.0000  1285807    0.67%
  40298 27206        cutoff         293069.0000   291110.0000  1285813    0.67%
  40299 27205    infeasible         293069.0000   291110.0000  1285813    0.67%
  40300 27205   291513.5846    42   293069.0000   291110.0000  1286111    0.67%
  40301 27206   292186.0320    36   293069.0000   291110.0000  1286217    0.67%
  40302 27205        cutoff         293069.0000   291110.0000  1286231    0.67%
  40303 27204    infeasible         293069.0000   291110.0000  1286231    0.67%
  40304 27204   291477.4785    37   293069.0000   291110.0000  1286512    0.67%
  40305 27205   292539.9248    30   293069.0000   291110.0000  1286589    0.67%
Elapsed time = 59.11 sec. (88436.63 ticks, tree = 160.19 MB, solutions = 26)
  42352 28643   292390.1079    50   293069.0000   291110.0000  1354842    0.67%
  42353 28644   292390.1079    50   293069.0000   291110.0000  1354844    0.67%
  42354 28645   292390.7498    51   293069.0000   291110.0000  1354850    0.67%
  42355 28646   292390.7498    51   293069.0000   291110.0000  1354853    0.67%
  42356 28647   292390.7498    52   293069.0000   291110.0000  1354863    0.67%
  42357 28648   292390.7581    53   293069.0000   291110.0000  1354870    0.67%
  42358 28649   292394.0505    51   293069.0000   291110.0000  1354874    0.67%
  42359 28650   292394.1944    54   293069.0000   291110.0000  1354881    0.67%
  42360 28651   292678.9417    45   293069.0000   291110.0000  1354954    0.67%
  42361 28652   292679.2461    45   293069.0000   291110.0000  1354955    0.67%
Elapsed time = 61.63 sec. (92259.48 ticks, tree = 169.15 MB, solutions = 26)
  44387 30148   291110.0000    50   293069.0000   291110.0000  1413736    0.67%
  44388 30149   291110.0000    48   293069.0000   291110.0000  1413738    0.67%
  44389 30150   291110.0000    47   293069.0000   291110.0000  1413784    0.67%
  44390 30151   291110.0000    46   293069.0000   291110.0000  1413785    0.67%
  44391 30152   291110.0000    43   293069.0000   291110.0000  1413795    0.67%
  44392 30153   291110.0000    41   293069.0000   291110.0000  1413808    0.67%
  44393 30154   291110.0000    42   293069.0000   291110.0000  1413821    0.67%
  44394 30155   291110.0000    47   293069.0000   291110.0000  1413829    0.67%
  44395 30156   291110.0000    54   293069.0000   291110.0000  1413886    0.67%
  44396 30157   291110.0000    53   293069.0000   291110.0000  1413895    0.67%
Elapsed time = 64.18 sec. (96084.12 ticks, tree = 178.48 MB, solutions = 26)
  46282 31480   292384.4038    57   293069.0000   291110.0000  1476141    0.67%
  46283 31481   292384.7434    57   293069.0000   291110.0000  1476146    0.67%
  46284 31482   292385.4247    59   293069.0000   291110.0000  1476152    0.67%
  46285 31483   292385.4525    58   293069.0000   291110.0000  1476154    0.67%
  46286 31484   292385.4540    57   293069.0000   291110.0000  1476155    0.67%
  46287 31485   292386.6615    58   293069.0000   291110.0000  1476164    0.67%
  46288 31486   292386.6655    58   293069.0000   291110.0000  1476165    0.67%
  46289 31487   292386.8588    56   293069.0000   291110.0000  1476166    0.67%
  46290 31488   292388.2322    58   293069.0000   291110.0000  1476171    0.67%
  46291 31489   292388.6228    58   293069.0000   291110.0000  1476172    0.67%
Elapsed time = 66.71 sec. (99904.58 ticks, tree = 186.74 MB, solutions = 26)
  48350 32981   292484.7241    42   293069.0000   291110.0000  1536641    0.67%
  48351 32982   292484.7241    42   293069.0000   291110.0000  1536651    0.67%
  48352 32983   292484.7241    44   293069.0000   291110.0000  1536660    0.67%
  48353 32984   292484.7241    44   293069.0000   291110.0000  1536664    0.67%
  48354 32985   292569.5364    41   293069.0000   291110.0000  1536686    0.67%
  48355 32986   292569.5364    41   293069.0000   291110.0000  1536688    0.67%
  48356 32987   292569.5364    43   293069.0000   291110.0000  1536689    0.67%
  48357 32988   292569.5364    41   293069.0000   291110.0000  1536690    0.67%
  48358 32989   292569.5364    44   293069.0000   291110.0000  1536697    0.67%
  48359 32990   292569.5364    43   293069.0000   291110.0000  1536698    0.67%
Elapsed time = 69.25 sec. (103735.60 ticks, tree = 197.02 MB, solutions = 26)
  50412 34554   291110.0000    58   293069.0000   291110.0000  1598915    0.67%
  50413 34555   291110.0000    51   293069.0000   291110.0000  1598927    0.67%
  50414 34556   291110.0000    58   293069.0000   291110.0000  1599064    0.67%
  50415 34557   291110.0000    57   293069.0000   291110.0000  1599065    0.67%
  50416 34558   291110.0000    51   293069.0000   291110.0000  1599183    0.67%
  50417 34559   291110.0000    46   293069.0000   291110.0000  1599193    0.67%
  50418 34560   291110.0000    46   293069.0000   291110.0000  1599200    0.67%
  50419 34561   291110.0000    48   293069.0000   291110.0000  1599203    0.67%
  50420 34562   291110.0000    51   293069.0000   291110.0000  1599239    0.67%
  50421 34563   291110.0000    50   293069.0000   291110.0000  1599256    0.67%
Elapsed time = 71.90 sec. (107693.25 ticks, tree = 206.76 MB, solutions = 26)
  52227 35862   292440.8979    60   293069.0000   291110.0000  1664136    0.67%
  52228 35863   292483.2721    58   293069.0000   291110.0000  1664196    0.67%
  52229 35862        cutoff         293069.0000   291110.0000  1664231    0.67%
  52230 35861        cutoff         293069.0000   291110.0000  1664286    0.67%
  52231 35862   291389.8404    50   293069.0000   291110.0000  1664694    0.67%
  52232 35863   291389.8404    49   293069.0000   291110.0000  1664698    0.67%
  52233 35864   291389.8404    46   293069.0000   291110.0000  1664705    0.67%
  52234 35865   292761.9287    37   293069.0000   291110.0000  1664757    0.67%
  52235 35864        cutoff         293069.0000   291110.0000  1664779    0.67%
  52236 35863    infeasible         293069.0000   291110.0000  1664779    0.67%
Elapsed time = 74.41 sec. (111546.58 ticks, tree = 214.83 MB, solutions = 26)
  54535 37640   291114.5285    64   293069.0000   291110.0000  1726909    0.67%
  54536 37641   291114.5611    63   293069.0000   291110.0000  1726910    0.67%
  54537 37642   291114.5858    63   293069.0000   291110.0000  1726911    0.67%
  54538 37643   291119.9719    66   293069.0000   291110.0000  1726922    0.67%
  54539 37644   291126.1658    63   293069.0000   291110.0000  1726935    0.67%
  54540 37645   291133.1081    54   293069.0000   291110.0000  1726955    0.67%
  54541 37646   291134.1629    54   293069.0000   291110.0000  1726960    0.67%
  54542 37647   291144.7565    55   293069.0000   291110.0000  1726973    0.67%
  54543 37648   291145.5788    57   293069.0000   291110.0000  1726978    0.67%
  54544 37649   291146.6419    57   293069.0000   291110.0000  1726979    0.67%
Elapsed time = 76.88 sec. (115371.91 ticks, tree = 225.90 MB, solutions = 26)
  56585 39021   291143.0385    57   293069.0000   291110.0000  1786759    0.67%
  56586 39022   291144.1070    55   293069.0000   291110.0000  1786764    0.67%
  56587 39023   291176.0104    50   293069.0000   291110.0000  1786793    0.67%
  56588 39024   291186.3461    54   293069.0000   291110.0000  1786801    0.67%
  56589 39025   291191.9420    53   293069.0000   291110.0000  1786806    0.67%
  56590 39026   291203.5003    49   293069.0000   291110.0000  1786813    0.67%
  56591 39027   291436.8286    46   293069.0000   291110.0000  1786847    0.67%
  56592 39028   292961.4091    52   293069.0000   291110.0000  1786916    0.67%
  56593 39027        cutoff         293069.0000   291110.0000  1786917    0.67%
  56594 39026    infeasible         293069.0000   291110.0000  1786917    0.67%
Elapsed time = 79.46 sec. (119204.05 ticks, tree = 234.45 MB, solutions = 26)
  58877 40844   291692.2192    44   293069.0000   291110.0000  1852355    0.67%
  58878 40843        cutoff         293069.0000   291110.0000  1852437    0.67%
  58879 40842        cutoff         293069.0000   291110.0000  1852502    0.67%
  58880 40842   291764.3872    32   293069.0000   291110.0000  1852744    0.67%
  58881 40841        cutoff         293069.0000   291110.0000  1852772    0.67%
  58882 40841   291538.5180    34   293069.0000   291110.0000  1853049    0.67%
  58883 40840        cutoff         293069.0000   291110.0000  1853054    0.67%
  58884 40841   291185.0384    52   293069.0000   291110.0000  1853340    0.67%
  58885 40842   291187.1720    53   293069.0000   291110.0000  1853344    0.67%
  58886 40843   291187.1720    52   293069.0000   291110.0000  1853347    0.67%
Elapsed time = 82.15 sec. (123070.30 ticks, tree = 245.68 MB, solutions = 26)
* 59012+39236                       292804.0000   291110.0000             0.58%
  60317 40146   291110.1546    54   292804.0000   291110.0000  1905267    0.58%
  60318 40147   291110.1551    54   292804.0000   291110.0000  1905270    0.58%
  60319 40148   291110.1551    54   292804.0000   291110.0000  1905271    0.58%
  60320 40149   291110.2699    53   292804.0000   291110.0000  1905291    0.58%
  60321 40150   291110.3051    53   292804.0000   291110.0000  1905296    0.58%
  60322 40151   291139.7461    53   292804.0000   291110.0000  1905330    0.58%
  60323 40152   291140.1791    53   292804.0000   291110.0000  1905332    0.58%
  60324 40153   291155.2191    54   292804.0000   291110.0000  1905345    0.58%
  60325 40154   291158.4315    55   292804.0000   291110.0000  1905353    0.58%
  60326 40155   291158.7104    52   292804.0000   291110.0000  1905355    0.58%
Elapsed time = 84.74 sec. (126891.29 ticks, tree = 242.08 MB, solutions = 27)
  62331 41557   291883.3670    37   292804.0000   291110.0000  1969498    0.58%
  62332 41556        cutoff         292804.0000   291110.0000  1969528    0.58%
  62333 41555        cutoff         292804.0000   291110.0000  1969529    0.58%
  62334 41556   291110.1059    62   292804.0000   291110.0000  1969736    0.58%
  62335 41557   291110.1559    62   292804.0000   291110.0000  1969748    0.58%
  62336 41558   291110.1570    63   292804.0000   291110.0000  1969760    0.58%
  62337 41559   291110.1602    64   292804.0000   291110.0000  1969771    0.58%
  62338 41560   291110.1602    63   292804.0000   291110.0000  1969772    0.58%
  62339 41561   291110.1624    63   292804.0000   291110.0000  1969776    0.58%
  62340 41562   291110.2030    65   292804.0000   291110.0000  1969782    0.58%
Elapsed time = 87.23 sec. (130734.93 ticks, tree = 250.78 MB, solutions = 27)
  64155 42834   291110.0000    45   292804.0000   291110.0000  2029440    0.58%
  64156 42835   291125.8612    57   292804.0000   291110.0000  2029605    0.58%
  64157 42836   291127.0864    56   292804.0000   291110.0000  2029606    0.58%
  64158 42837   291142.0547    56   292804.0000   291110.0000  2029611    0.58%
  64159 42838   291192.7706    55   292804.0000   291110.0000  2029633    0.58%
  64160 42839   291209.5590    53   292804.0000   291110.0000  2029646    0.58%
  64161 42840   291210.5864    52   292804.0000   291110.0000  2029648    0.58%
  64162 42841   291210.8399    50   292804.0000   291110.0000  2029651    0.58%
  64163 42842   291212.5466    50   292804.0000   291110.0000  2029654    0.58%
  64164 42843   291212.6888    50   292804.0000   291110.0000  2029655    0.58%
Elapsed time = 89.78 sec. (134569.39 ticks, tree = 258.71 MB, solutions = 27)
  65748 43981   291110.0335   102   292804.0000   291110.0000  2084071    0.58%
  65749 43982   291110.0577   106   292804.0000   291110.0000  2084105    0.58%
  65750 43983   291110.0627   105   292804.0000   291110.0000  2084120    0.58%
  65751 43984   291110.0627   104   292804.0000   291110.0000  2084122    0.58%
  65752 43985   291110.2853   104   292804.0000   291110.0000  2084178    0.58%
  65753 43986   291163.0395   100   292804.0000   291110.0000  2084358    0.58%
  65754 43987   291164.0669    98   292804.0000   291110.0000  2084377    0.58%
  65755 43988   291336.8439    78   292804.0000   291110.0000  2084512    0.58%
  65756 43989   291338.2526    77   292804.0000   291110.0000  2084513    0.58%
  65757 43990   291338.2735    77   292804.0000   291110.0000  2084514    0.58%
Elapsed time = 92.41 sec. (138442.13 ticks, tree = 265.84 MB, solutions = 27)
* 66212+41963                       292612.0000   291110.0000             0.51%
* 66212+40215                       292446.0000   291110.0000             0.46%
  66985 40688   291470.3066    59   292446.0000   291110.0000  2123540    0.46%
  66986 40689   292305.0000    30   292446.0000   291110.0000  2123592    0.46%
  66987 40688        cutoff         292446.0000   291110.0000  2123594    0.46%
  66988 40687        cutoff         292446.0000   291110.0000  2123608    0.46%
  66989 40687   291933.0436    28   292446.0000   291110.0000  2123927    0.46%
  66990 40686        cutoff         292446.0000   291110.0000  2123934    0.46%
  66991 40686   291933.0436    34   292446.0000   291110.0000  2124246    0.46%
  66992 40685        cutoff         292446.0000   291110.0000  2124250    0.46%
  66993 40684    infeasible         292446.0000   291110.0000  2124250    0.46%
  66994 40683        cutoff         292446.0000   291110.0000  2124332    0.46%
Elapsed time = 95.03 sec. (142311.32 ticks, tree = 246.66 MB, solutions = 29)
* 68112+38140                       292221.0000   291110.0000             0.38%
  68112 38142   291404.7528    64   292221.0000   291110.0000  2160191    0.38%
  68113 38143   291460.6150    60   292221.0000   291110.0000  2160217    0.38%
  68114 38144   291465.0584    64   292221.0000   291110.0000  2160223    0.38%
  68115 38145   291468.6851    62   292221.0000   291110.0000  2160229    0.38%
  68116 38146   291496.1165    67   292221.0000   291110.0000  2160247    0.38%
  68117 38147   291496.1445    65   292221.0000   291110.0000  2160248    0.38%
  68118 38148   291537.6866    53   292221.0000   291110.0000  2160267    0.38%
  68119 38149   292023.6650    50   292221.0000   291110.0000  2160304    0.38%
  68120 38148    infeasible         292221.0000   291110.0000  2160304    0.38%
  68121 38147        cutoff         292221.0000   291110.0000  2160308    0.38%
Elapsed time = 97.61 sec. (146143.68 ticks, tree = 231.77 MB, solutions = 30)

Cover cuts applied:  163
Mixed integer rounding cuts applied:  236
Zero-half cuts applied:  1
Gomory fractional cuts applied:  1

Root node processing (before b&c):
  Real time             =    0.05 sec. (57.10 ticks)
Sequential b&c:
  Real time             =   99.95 sec. (149694.40 ticks)
                          ------------
Total (root+branch&cut) =  100.00 sec. (149751.49 ticks)

Solution pool: 30 solutions saved.

MIP - Time limit exceeded, integer feasible:  Objective =  2.9222100000e+05
Current MIP best bound =  2.9111000000e+05 (gap = 1111, 0.38%)
Solution time =  100.00 sec.  Iterations = 2205150  Nodes = 69104 (38936)
Deterministic time = 149751.50 ticks  (1497.51 ticks/sec)


Incumbent solution written to file '/tmp/tmp7BDuJJ.cplex.sol'.
