
Log started (V12.6.3.0) Sun Apr 22 01:19:00 2018

New value for default parallel thread count: 1

Problem '/tmp/tmp5LsKs9.pyomo.lp' read.
Read time = 0.01 sec. (0.70 ticks)

Problem name         : /tmp/tmp5LsKs9.pyomo.lp
Objective sense      : Minimize
Variables            :    1074  [Nneg: 1,  Binary: 1056,  General Integer: 17]
Objective nonzeros   :       1
Linear constraints   :     168  [Less: 82,  Equal: 86]
  Nonzeros           :   49863
  RHS nonzeros       :     133

Variables            : Min LB: 0.000000         Max UB: 1.000000       
Objective nonzeros   : Min   : 1.000000         Max   : 1.000000       
Linear constraints   :
  Nonzeros           : Min   : 1.000000         Max   : 117484.0       
  RHS nonzeros       : Min   : 1.000000         Max   : 7.000000       
Tried aggregator 2 times.
MIP Presolve eliminated 76 rows and 215 columns.
Aggregator did 13 substitutions.
Reduced MIP has 79 rows, 846 columns, and 2279 nonzeros.
Reduced MIP has 845 binaries, 1 generals, 0 SOSs, and 0 indicators.
Presolve time = 0.01 sec. (9.20 ticks)
Found incumbent of value 3784418.000000 after 0.01 sec. (12.95 ticks)
Probing time = 0.00 sec. (1.52 ticks)
Cover probing fixed 0 vars, tightened 9 bounds.
Tried aggregator 1 time.
Reduced MIP has 79 rows, 846 columns, and 2279 nonzeros.
Reduced MIP has 845 binaries, 1 generals, 0 SOSs, and 0 indicators.
Presolve time = 0.00 sec. (1.32 ticks)
Probing time = 0.00 sec. (1.04 ticks)
Clique table members: 65.
MIP emphasis: balance optimality and feasibility.
MIP search method: dynamic search.
Parallel mode: none, using 1 thread.
Root relaxation solution time = 0.00 sec. (0.85 ticks)

        Nodes                                         Cuts/
   Node  Left     Objective  IInf  Best Integer    Best Bound    ItCnt     Gap

*     0+    0                      3784418.0000   117484.0000            96.90%
      0     0   291109.0769    22  3784418.0000   291109.0769       31   92.31%
*     0+    0                       330028.0000   291109.0769            11.79%
      0     0   291110.0000    21   330028.0000      Fract: 4       43   11.79%
*     0+    0                       325673.0000   291110.0000            10.61%
      0     0   291110.0000    35   325673.0000      Cuts: 33      113   10.61%
      0     0   291110.0000    41   325673.0000      Cuts: 15      176   10.61%
*     0+    0                       313574.0000   291110.0000             7.16%
*     0+    0                       310026.0000   291110.0000             6.10%
      0     2   291110.0000    26   310026.0000   291110.0000      176    6.10%
Elapsed time = 0.06 sec. (82.16 ticks, tree = 0.01 MB, solutions = 4)
*    20+   20                       309841.0000   291110.0000             6.05%
*   100    70      integral     0   303258.0000   291110.0000      848    4.01%
*   370+  290                       303230.0000   291110.0000             4.00%
*   374   292      integral     0   302743.0000   291110.0000     1915    3.84%
*   474+  339                       301750.0000   291110.0000             3.53%
   1047   792        cutoff         301750.0000   291110.0000     4962    3.53%
   1048   791        cutoff         301750.0000   291110.0000     4964    3.53%
   1049   792   291110.0000    29   301750.0000   291110.0000     5068    3.53%
   1050   793   291110.0000    26   301750.0000   291110.0000     5072    3.53%
   1051   794   291110.0000    26   301750.0000   291110.0000     5073    3.53%
   1052   795   298285.0000    10   301750.0000   291110.0000     5093    3.53%
   1053   796   298285.0000     8   301750.0000   291110.0000     5097    3.53%
   1054   797   298285.0000    11   301750.0000   291110.0000     5104    3.53%
   1055   798   298285.0000    11   301750.0000   291110.0000     5105    3.53%
*  1196+  579                       301318.0000   291110.0000             3.39%
*  1196+  415                       300943.0000   291110.0000             3.27%
*  1196+  306                       300535.0000   291110.0000             3.14%
*  1296+  248                       299854.0000   291110.0000             2.92%
*  1296+  213                       299507.0000   291110.0000             2.80%
*  1296+  189                       298710.0000   291110.0000             2.54%
   1331   208   291110.0000    17   298710.0000   291110.0000     7116    2.54%
Elapsed time = 0.76 sec. (1036.06 ticks, tree = 0.34 MB, solutions = 15)
*  1596+  340                       298076.0000   291110.0000             2.34%
*  1596+  340                       297046.0000   291110.0000             2.00%
*  1596+  339                       296882.0000   291110.0000             1.94%
*  1596+  339                       296743.0000   291110.0000             1.90%
   2866  1300   291110.0000    23   296743.0000   291110.0000    13561    1.90%
   2867  1301   291110.0000    22   296743.0000   291110.0000    13564    1.90%
   2868  1302   291110.0000    22   296743.0000   291110.0000    13567    1.90%
   2869  1303   291110.0000    21   296743.0000   291110.0000    13574    1.90%
   2870  1304   291110.0000    23   296743.0000   291110.0000    13584    1.90%
   2871  1305   291110.0000    23   296743.0000   291110.0000    13588    1.90%
   2872  1306   291110.0000    23   296743.0000   291110.0000    13590    1.90%
   2873  1307   291110.0000    23   296743.0000   291110.0000    13591    1.90%
   2874  1308   291110.0000    22   296743.0000   291110.0000    13600    1.90%
   2875  1309   291110.0000    22   296743.0000   291110.0000    13601    1.90%
Elapsed time = 1.50 sec. (1991.07 ticks, tree = 2.16 MB, solutions = 19)
   8005  5887   296156.0000    14   296743.0000   291110.0000    30564    1.90%
   8006  5888   296156.0000    14   296743.0000   291110.0000    30567    1.90%
   8007  5887        cutoff         296743.0000   291110.0000    30572    1.90%
   8008  5888   296156.0000    11   296743.0000   291110.0000    30574    1.90%
   8009  5889   296156.0000    14   296743.0000   291110.0000    30583    1.90%
   8010  5890   296156.0000    13   296743.0000   291110.0000    30584    1.90%
   8011  5891   296156.0000    13   296743.0000   291110.0000    30585    1.90%
   8012  5892   296156.0000    14   296743.0000   291110.0000    30586    1.90%
   8013  5892   296156.0000    13   296743.0000   291110.0000    30588    1.90%
   8014  5893   296156.0000    14   296743.0000   291110.0000    30590    1.90%
Elapsed time = 2.21 sec. (2946.10 ticks, tree = 9.82 MB, solutions = 19)
* 11276+ 8898                       296327.0000   291110.0000             1.76%
  13909 11335   294869.0000    19   296327.0000   291110.0000    48370    1.76%
  13910 11336   294869.0000    19   296327.0000   291110.0000    48372    1.76%
  13911 11337   294869.0000    17   296327.0000   291110.0000    48380    1.76%
  13912 11338   294869.0000    15   296327.0000   291110.0000    48382    1.76%
  13913 11339   294869.0000    17   296327.0000   291110.0000    48384    1.76%
  13914 11340   294869.0000    14   296327.0000   291110.0000    48387    1.76%
  13915 11340   294869.0000    15   296327.0000   291110.0000    48390    1.76%
  13916 11341   294869.0000    15   296327.0000   291110.0000    48391    1.76%
  13917 11342   294869.0000    15   296327.0000   291110.0000    48392    1.76%
  13918 11343   294869.0000    13   296327.0000   291110.0000    48393    1.76%
Elapsed time = 2.97 sec. (3901.22 ticks, tree = 19.03 MB, solutions = 20)
  20140 17049   292880.5869    50   296327.0000   291110.0000    69202    1.76%
  20141 17050   292880.5869    50   296327.0000   291110.0000    69203    1.76%
  20142 17051   292888.8764    49   296327.0000   291110.0000    69216    1.76%
  20143 17052   292889.3609    49   296327.0000   291110.0000    69217    1.76%
  20144 17053   292890.2682    47   296327.0000   291110.0000    69220    1.76%
  20145 17054   292919.3920    51   296327.0000   291110.0000    69230    1.76%
  20146 17055   292919.5669    51   296327.0000   291110.0000    69233    1.76%
  20147 17056   292919.5669    51   296327.0000   291110.0000    69234    1.76%
  20148 17057   292939.6028    54   296327.0000   291110.0000    69239    1.76%
  20149 17058   292942.1041    53   296327.0000   291110.0000    69247    1.76%
Elapsed time = 3.67 sec. (4856.97 ticks, tree = 29.19 MB, solutions = 20)
  22628 19396   295374.0000    25   296327.0000   291110.0000    87475    1.76%
  22629 19396   295374.0000    22   296327.0000   291110.0000    87481    1.76%
  22630 19397   295374.0000    22   296327.0000   291110.0000    87484    1.76%
  22631 19398   295374.0000    23   296327.0000   291110.0000    87500    1.76%
  22632 19399   295374.0000    21   296327.0000   291110.0000    87511    1.76%
  22633 19400   295374.0000    20   296327.0000   291110.0000    87515    1.76%
  22634 19401   295374.0000    20   296327.0000   291110.0000    87529    1.76%
  22635 19402   295374.0000    19   296327.0000   291110.0000    87533    1.76%
  22636 19403   295374.0000    22   296327.0000   291110.0000    87542    1.76%
  22637 19404   295374.0000    21   296327.0000   291110.0000    87547    1.76%
Elapsed time = 4.34 sec. (5813.06 ticks, tree = 34.76 MB, solutions = 20)
  23940 20572   292199.2228    71   296327.0000   291110.0000   107069    1.76%
  23941 20573   292203.1517    73   296327.0000   291110.0000   107072    1.76%
  23942 20574   292204.2045    78   296327.0000   291110.0000   107081    1.76%
  23943 20575   292204.2509    77   296327.0000   291110.0000   107082    1.76%
  23944 20576   292205.4152    78   296327.0000   291110.0000   107100    1.76%
  23945 20577   292205.4221    77   296327.0000   291110.0000   107102    1.76%
  23946 20578   292213.7289    76   296327.0000   291110.0000   107127    1.76%
  23947 20579   292214.3796    74   296327.0000   291110.0000   107138    1.76%
  23948 20580   292214.4242    72   296327.0000   291110.0000   107140    1.76%
  23949 20581   292229.2506    74   296327.0000   291110.0000   107155    1.76%
Elapsed time = 5.00 sec. (6810.76 ticks, tree = 38.62 MB, solutions = 20)
  25201 21775   295124.6583    47   296327.0000   291110.0000   122930    1.76%
  25202 21776   295125.9729    48   296327.0000   291110.0000   122931    1.76%
  25203 21777   295574.5434    40   296327.0000   291110.0000   122938    1.76%
  25204 21776        cutoff         296327.0000   291110.0000   122942    1.76%
  25205 21775    infeasible         296327.0000   291110.0000   122942    1.76%
  25206 21775   294579.3582    56   296327.0000   291110.0000   123193    1.76%
  25207 21776   294579.6143    59   296327.0000   291110.0000   123196    1.76%
  25208 21777   294603.5300    53   296327.0000   291110.0000   123204    1.76%
  25209 21778   294609.6231    54   296327.0000   291110.0000   123206    1.76%
  25210 21779   294609.6231    52   296327.0000   291110.0000   123207    1.76%
Elapsed time = 5.63 sec. (7792.95 ticks, tree = 43.05 MB, solutions = 20)
  26404 22892   293657.9893    57   296327.0000   291110.0000   137894    1.76%
  26405 22893   293672.0092    57   296327.0000   291110.0000   137901    1.76%
  26406 22894   293674.0744    57   296327.0000   291110.0000   137902    1.76%
  26407 22895   293675.2268    58   296327.0000   291110.0000   137905    1.76%
  26408 22896   293698.9145    59   296327.0000   291110.0000   137913    1.76%
  26409 22897   293699.4466    59   296327.0000   291110.0000   137914    1.76%
  26410 22898   293699.5127    59   296327.0000   291110.0000   137915    1.76%
  26411 22899   293707.7875    57   296327.0000   291110.0000   137919    1.76%
  26412 22900   293713.8505    58   296327.0000   291110.0000   137923    1.76%
  26413 22901   293729.8425    60   296327.0000   291110.0000   137932    1.76%
Elapsed time = 6.24 sec. (8751.18 ticks, tree = 47.38 MB, solutions = 20)
  27475 23908   291857.5969    60   296327.0000   291110.0000   153492    1.76%
  27476 23909   291857.6649    60   296327.0000   291110.0000   153495    1.76%
  27477 23910   291858.2953    57   296327.0000   291110.0000   153498    1.76%
  27478 23911   291858.5376    57   296327.0000   291110.0000   153500    1.76%
  27479 23912   291869.7501    60   296327.0000   291110.0000   153519    1.76%
  27480 23913   291872.5348    62   296327.0000   291110.0000   153530    1.76%
  27481 23914   291882.0614    57   296327.0000   291110.0000   153541    1.76%
  27482 23915   291884.3314    58   296327.0000   291110.0000   153549    1.76%
  27483 23916   291884.3529    58   296327.0000   291110.0000   153551    1.76%
  30490 26780   291256.8146    95   296327.0000   291110.0000   200782    1.76%
Elapsed time = 8.69 sec. (12614.29 ticks, tree = 63.33 MB, solutions = 20)
* 33196+29191                       296202.0000   291110.0000             1.72%
* 33296+28807                       295909.0000   291110.0000             1.62%
  33524 29028   291706.4652    65   295909.0000   291110.0000   259932    1.62%
  33525 29029   291706.4731    64   295909.0000   291110.0000   259933    1.62%
  33526 29030   291707.0196    63   295909.0000   291110.0000   259942    1.62%
  33527 29031   291707.0652    63   295909.0000   291110.0000   259943    1.62%
  33528 29032   291787.3424    63   295909.0000   291110.0000   259982    1.62%
  33529 29033   291787.5147    62   295909.0000   291110.0000   259985    1.62%
  33530 29034   291790.0643    63   295909.0000   291110.0000   259990    1.62%
  33531 29035   291790.8191    63   295909.0000   291110.0000   259991    1.62%
  33532 29036   291790.8345    61   295909.0000   291110.0000   259992    1.62%
  33533 29037   291790.8345    60   295909.0000   291110.0000   259994    1.62%
Elapsed time = 11.10 sec. (16433.21 ticks, tree = 74.60 MB, solutions = 22)
  36529 31875   291110.0000    41   295909.0000   291110.0000   319678    1.62%
  36530 31876   291110.0000    43   295909.0000   291110.0000   319696    1.62%
  36531 31877   291110.0000    45   295909.0000   291110.0000   319698    1.62%
  36532 31878   291110.0000    44   295909.0000   291110.0000   319700    1.62%
  36533 31879   291110.0000    47   295909.0000   291110.0000   319731    1.62%
  36534 31880   291110.0000    42   295909.0000   291110.0000   319734    1.62%
  36535 31881   291110.0000    45   295909.0000   291110.0000   319751    1.62%
  36536 31882   291110.0000    42   295909.0000   291110.0000   319771    1.62%
  36537 31883   291110.0000    42   295909.0000   291110.0000   319803    1.62%
  36538 31884   291110.0000    42   295909.0000   291110.0000   319821    1.62%
Elapsed time = 13.50 sec. (20255.31 ticks, tree = 87.60 MB, solutions = 22)
  40196 35365   293595.5255    40   295909.0000   291110.0000   391508    1.62%
  40197 35364        cutoff         295909.0000   291110.0000   391510    1.62%
  40198 35363        cutoff         295909.0000   291110.0000   391521    1.62%
  40199 35364   291110.0000    68   295909.0000   291110.0000   391815    1.62%
  40200 35365   291110.0000    52   295909.0000   291110.0000   391854    1.62%
  40201 35366   291110.0000    59   295909.0000   291110.0000   391983    1.62%
  40202 35367   291110.0000    51   295909.0000   291110.0000   392000    1.62%
  40203 35368   291110.0000    43   295909.0000   291110.0000   392043    1.62%
  40204 35369   291110.0000    60   295909.0000   291110.0000   392123    1.62%
  40205 35370   291110.0000    61   295909.0000   291110.0000   392238    1.62%
Elapsed time = 16.05 sec. (24226.79 ticks, tree = 104.73 MB, solutions = 22)
  43076 38107   291110.0000    54   295909.0000   291110.0000   456502    1.62%
  43077 38108   291110.0000    53   295909.0000   291110.0000   456511    1.62%
  43078 38109   291110.0000    54   295909.0000   291110.0000   456516    1.62%
  43079 38110   291110.0000    54   295909.0000   291110.0000   456536    1.62%
  43080 38111   291110.0000    53   295909.0000   291110.0000   456547    1.62%
  43081 38112   291110.0000    69   295909.0000   291110.0000   456631    1.62%
  43082 38113   291110.0000    59   295909.0000   291110.0000   456718    1.62%
  43083 38114   291110.0000    56   295909.0000   291110.0000   456724    1.62%
  43084 38115   291110.0000    52   295909.0000   291110.0000   456760    1.62%
  43085 38116   291110.0000    52   295909.0000   291110.0000   456771    1.62%
Elapsed time = 18.40 sec. (28056.45 ticks, tree = 118.40 MB, solutions = 22)
  45169 40090   291110.0000    67   295909.0000   291110.0000   513300    1.62%
  45170 40091   291110.0000    61   295909.0000   291110.0000   513313    1.62%
  45171 40092   291110.0000    69   295909.0000   291110.0000   513379    1.62%
  45172 40093   291110.0000    56   295909.0000   291110.0000   513393    1.62%
  45173 40094   291110.0000    60   295909.0000   291110.0000   513406    1.62%
  45174 40095   291110.0000    59   295909.0000   291110.0000   513419    1.62%
  45175 40096   291110.0000    64   295909.0000   291110.0000   513491    1.62%
  45176 40097   291110.0000    63   295909.0000   291110.0000   513507    1.62%
  45177 40098   291110.0000    64   295909.0000   291110.0000   513515    1.62%
  45178 40099   291110.0000    63   295909.0000   291110.0000   513516    1.62%
Elapsed time = 20.82 sec. (31884.68 ticks, tree = 129.44 MB, solutions = 22)
* 45796+40676                       295878.0000   291110.0000             1.61%
* 45796+40212                       295598.0000   291110.0000             1.52%
* 45796+40123                       295554.0000   291110.0000             1.50%
* 46296+37693                       294869.0000   291110.0000             1.27%
  46944 38311   291110.0000    68   294869.0000   291110.0000   564564    1.27%
  46945 38312   291110.0000    68   294869.0000   291110.0000   564567    1.27%
  46946 38313   291110.0000    67   294869.0000   291110.0000   564574    1.27%
  46947 38314   291110.0000    62   294869.0000   291110.0000   564622    1.27%
  46948 38315   291110.0000    61   294869.0000   291110.0000   564636    1.27%
  46949 38316   291110.0000    63   294869.0000   291110.0000   564733    1.27%
  46950 38317   291110.0000    56   294869.0000   291110.0000   564761    1.27%
  46951 38318   291110.0000    60   294869.0000   291110.0000   564797    1.27%
  46952 38319   291110.0000    58   294869.0000   291110.0000   564798    1.27%
  46953 38320   291110.0000    55   294869.0000   291110.0000   564830    1.27%
Elapsed time = 23.29 sec. (35712.20 ticks, tree = 129.93 MB, solutions = 26)
  49475 40676   291110.0000    51   294869.0000   291110.0000   624936    1.27%
  49476 40677   291110.0000    50   294869.0000   291110.0000   624962    1.27%
  49477 40678   291110.0000    55   294869.0000   291110.0000   624988    1.27%
  49478 40679   291110.0000    61   294869.0000   291110.0000   625108    1.27%
  49479 40680   291110.0000    59   294869.0000   291110.0000   625112    1.27%
  49480 40681   291110.0000    70   294869.0000   291110.0000   625191    1.27%
  49481 40682   291110.0000    58   294869.0000   291110.0000   625259    1.27%
  49482 40683   291110.0000    59   294869.0000   291110.0000   625269    1.27%
  49483 40684   291110.0000    56   294869.0000   291110.0000   625316    1.27%
  49484 40685   291110.0000    62   294869.0000   291110.0000   625357    1.27%
Elapsed time = 25.68 sec. (39544.61 ticks, tree = 144.24 MB, solutions = 26)
* 49496+39931                       294550.0000   291110.0000             1.17%
* 49596+37793                       293831.0000   291110.0000             0.93%
  51426 39482   293556.8681    89   293831.0000   291110.0000   677055    0.93%
  51427 39483   293559.1286    87   293831.0000   291110.0000   677065    0.93%
  51428 39484   293569.9761    88   293831.0000   291110.0000   677086    0.93%
  51429 39485   293570.1711    88   293831.0000   291110.0000   677087    0.93%
  51430 39486   293570.6936    87   293831.0000   291110.0000   677090    0.93%
  51431 39487   293586.2367    86   293831.0000   291110.0000   677095    0.93%
  51432 39488   293604.8255    79   293831.0000   291110.0000   677115    0.93%
  51433 39489   293605.1435    79   293831.0000   291110.0000   677117    0.93%
  51434 39490   293646.0014    79   293831.0000   291110.0000   677149    0.93%
  51435 39490   293675.6794    76   293831.0000   291110.0000   677159    0.93%
Elapsed time = 28.19 sec. (43388.79 ticks, tree = 144.21 MB, solutions = 28)
  53950 41815   292401.3285    71   293831.0000   291110.0000   733040    0.93%
  53951 41816   292402.2920    71   293831.0000   291110.0000   733051    0.93%
  53952 41817   292404.8384    71   293831.0000   291110.0000   733060    0.93%
  53953 41818   292404.8384    70   293831.0000   291110.0000   733061    0.93%
  53954 41819   292404.8943    70   293831.0000   291110.0000   733062    0.93%
  53955 41820   292976.5611    66   293831.0000   291110.0000   733232    0.93%
  53956 41821   292976.5612    67   293831.0000   291110.0000   733238    0.93%
  53957 41822   292977.1517    67   293831.0000   291110.0000   733239    0.93%
  53958 41823   292977.2758    65   293831.0000   291110.0000   733241    0.93%
  53959 41824   292977.4562    65   293831.0000   291110.0000   733242    0.93%
Elapsed time = 30.55 sec. (47219.18 ticks, tree = 158.67 MB, solutions = 28)
* 55896+42987                       293708.0000   291110.0000             0.88%
  56000 43092   293570.6914    64   293708.0000   291110.0000   784956    0.88%
  56001 43092   293571.8827    65   293708.0000   291110.0000   784958    0.88%
  56002 43093   293610.6866    59   293708.0000   291110.0000   784973    0.88%
  56003 43092        cutoff         293708.0000   291110.0000   784984    0.88%
  56004 43091        cutoff         293708.0000   291110.0000   784987    0.88%
  56005 43092   292195.8028    78   293708.0000   291110.0000   785739    0.88%
  56006 43093   292195.8136    79   293708.0000   291110.0000   785741    0.88%
  56007 43094   292198.4536    77   293708.0000   291110.0000   785752    0.88%
  56008 43095   292198.5165    79   293708.0000   291110.0000   785758    0.88%
  56009 43096   292198.5232    79   293708.0000   291110.0000   785759    0.88%
Elapsed time = 32.99 sec. (51088.20 ticks, tree = 167.98 MB, solutions = 29)
  58462 45374   292478.5620    83   293708.0000   291110.0000   841100    0.88%
  58463 45375   292478.9347    83   293708.0000   291110.0000   841110    0.88%
  58464 45376   292479.2116    85   293708.0000   291110.0000   841118    0.88%
  58465 45377   292480.0272    83   293708.0000   291110.0000   841128    0.88%
  58466 45378   292484.5307    80   293708.0000   291110.0000   841155    0.88%
  58467 45379   292484.6460    79   293708.0000   291110.0000   841157    0.88%
  58468 45380   292484.6889    78   293708.0000   291110.0000   841158    0.88%
  58469 45381   292484.7478    78   293708.0000   291110.0000   841160    0.88%
  58470 45382   292492.5101    81   293708.0000   291110.0000   841193    0.88%
  58471 45383   292492.5562    81   293708.0000   291110.0000   841196    0.88%
Elapsed time = 35.39 sec. (54910.90 ticks, tree = 182.14 MB, solutions = 29)
  60696 47488   291847.1136    75   293708.0000   291110.0000   894776    0.88%
  60697 47489   291847.1201    73   293708.0000   291110.0000   894778    0.88%
  60698 47490   291847.1212    72   293708.0000   291110.0000   894779    0.88%
  60699 47491   291876.1115    76   293708.0000   291110.0000   894810    0.88%
  60700 47492   291876.2878    77   293708.0000   291110.0000   894813    0.88%
  60701 47493   291878.7726    78   293708.0000   291110.0000   894819    0.88%
  60702 47494   291916.2235    65   293708.0000   291110.0000   894850    0.88%
  60703 47495   291917.6316    66   293708.0000   291110.0000   894857    0.88%
  60704 47496   291965.6365    74   293708.0000   291110.0000   894901    0.88%
  60705 47497   291979.6533    69   293708.0000   291110.0000   894927    0.88%
Elapsed time = 37.80 sec. (58751.38 ticks, tree = 195.21 MB, solutions = 29)
  63479 50076   291110.0000    92   293708.0000   291110.0000   951384    0.88%
  63480 50077   291110.0000    91   293708.0000   291110.0000   951385    0.88%
  63481 50078   291110.0000    87   293708.0000   291110.0000   951394    0.88%
  63482 50079   291110.0000    97   293708.0000   291110.0000   951592    0.88%
  63483 50080   291110.0000    90   293708.0000   291110.0000   951670    0.88%
  63484 50081   291110.0000    91   293708.0000   291110.0000   951864    0.88%
  63485 50082   291110.0000    90   293708.0000   291110.0000   951872    0.88%
  63486 50083   291110.0000    86   293708.0000   291110.0000   951897    0.88%
  63487 50084   291110.0000    87   293708.0000   291110.0000   951900    0.88%
  63488 50085   291110.0000    88   293708.0000   291110.0000   951901    0.88%
Elapsed time = 40.22 sec. (62611.00 ticks, tree = 211.26 MB, solutions = 29)
  66022 52512   291110.0000    67   293708.0000   291110.0000  1007555    0.88%
  66023 52513   291110.0000    64   293708.0000   291110.0000  1007596    0.88%
  66024 52514   291110.0000    65   293708.0000   291110.0000  1007658    0.88%
  66025 52515   291110.0000    60   293708.0000   291110.0000  1007680    0.88%
  66026 52516   291110.0000    71   293708.0000   291110.0000  1007738    0.88%
  66027 52517   291110.0000    69   293708.0000   291110.0000  1007749    0.88%
  66028 52518   291110.0000    70   293708.0000   291110.0000  1007814    0.88%
  66029 52519   291110.0000    65   293708.0000   291110.0000  1007840    0.88%
  66030 52520   291110.0000    63   293708.0000   291110.0000  1007844    0.88%
  66031 52521   291110.0000    67   293708.0000   291110.0000  1007924    0.88%
Elapsed time = 42.63 sec. (66444.66 ticks, tree = 226.29 MB, solutions = 29)
  68483 54809   291804.2327    67   293708.0000   291110.0000  1065032    0.88%
  68484 54810   291825.3819    73   293708.0000   291110.0000  1065073    0.88%
  68485 54811   291825.3959    75   293708.0000   291110.0000  1065075    0.88%
  68486 54812   291834.2099    74   293708.0000   291110.0000  1065097    0.88%
  68487 54813   291834.2334    74   293708.0000   291110.0000  1065098    0.88%
  68488 54814   291834.5523    73   293708.0000   291110.0000  1065100    0.88%
  68489 54815   292590.0108    64   293708.0000   291110.0000  1065254    0.88%
  68490 54816   292596.2943    63   293708.0000   291110.0000  1065263    0.88%
  68491 54815        cutoff         293708.0000   291110.0000  1065265    0.88%
  68492 54816   292596.4386    63   293708.0000   291110.0000  1065267    0.88%
Elapsed time = 45.05 sec. (70276.37 ticks, tree = 240.52 MB, solutions = 29)
  71140 57308   291311.4885    97   293708.0000   291110.0000  1119518    0.88%
  71141 57309   291311.6022    97   293708.0000   291110.0000  1119521    0.88%
  71142 57310   291311.7938    95   293708.0000   291110.0000  1119528    0.88%
  71143 57311   291311.8490    95   293708.0000   291110.0000  1119532    0.88%
  71144 57312   291312.0486    96   293708.0000   291110.0000  1119538    0.88%
  71145 57313   291317.2499    94   293708.0000   291110.0000  1119552    0.88%
  71146 57314   291317.7418    92   293708.0000   291110.0000  1119557    0.88%
  71147 57315   291319.0428    90   293708.0000   291110.0000  1119576    0.88%
  71148 57316   291326.6173    88   293708.0000   291110.0000  1119592    0.88%
  71149 57317   291326.8228    88   293708.0000   291110.0000  1119595    0.88%
Elapsed time = 47.45 sec. (74097.13 ticks, tree = 256.00 MB, solutions = 29)
  73501 59485   291307.6726    89   293708.0000   291110.0000  1171635    0.88%
  73502 59486   291307.9981    89   293708.0000   291110.0000  1171636    0.88%
  73503 59487   291308.8099    89   293708.0000   291110.0000  1171643    0.88%
  73504 59488   291309.2517    87   293708.0000   291110.0000  1171649    0.88%
  73505 59489   291312.3391    92   293708.0000   291110.0000  1171670    0.88%
  73506 59490   291464.7653    86   293708.0000   291110.0000  1171755    0.88%
  73507 59491   291464.8696    86   293708.0000   291110.0000  1171760    0.88%
  73508 59492   291576.7566    84   293708.0000   291110.0000  1171807    0.88%
  73509 59493   291576.8143    86   293708.0000   291110.0000  1171811    0.88%
  73510 59494   291577.8938    84   293708.0000   291110.0000  1171834    0.88%
Elapsed time = 49.94 sec. (77951.35 ticks, tree = 269.49 MB, solutions = 29)
  75952 61796   291110.0000    56   293708.0000   291110.0000  1232819    0.88%
  75953 61797   291110.0000    49   293708.0000   291110.0000  1232865    0.88%
  75954 61798   291110.0000    50   293708.0000   291110.0000  1232879    0.88%
  75955 61799   291110.0000    50   293708.0000   291110.0000  1232889    0.88%
  75956 61800   291165.2045    60   293708.0000   291110.0000  1233094    0.88%
  75957 61801   291165.9456    60   293708.0000   291110.0000  1233103    0.88%
  75958 61802   291170.2912    58   293708.0000   291110.0000  1233112    0.88%
  75959 61803   291750.4665    34   293708.0000   291110.0000  1233157    0.88%
  75960 61804   291750.4665    31   293708.0000   291110.0000  1233158    0.88%
  75961 61805   291750.4665    30   293708.0000   291110.0000  1233161    0.88%
Elapsed time = 52.31 sec. (81784.87 ticks, tree = 283.77 MB, solutions = 29)
  79022 64685   291110.0000    65   293708.0000   291110.0000  1293727    0.88%
  79023 64686   291110.0000    49   293708.0000   291110.0000  1293755    0.88%
  79024 64687   291110.0000    49   293708.0000   291110.0000  1293758    0.88%
  79025 64688   291110.0000    52   293708.0000   291110.0000  1293774    0.88%
  79026 64689   291110.0000    45   293708.0000   291110.0000  1293779    0.88%
  79027 64690   291110.0000    40   293708.0000   291110.0000  1293786    0.88%
  79028 64691   291110.0000    67   293708.0000   291110.0000  1293916    0.88%
  79029 64692   291111.7093    69   293708.0000   291110.0000  1294280    0.88%
  79030 64693   291110.0000    66   293708.0000   291110.0000  1294281    0.88%
  79031 64694   291110.0000    64   293708.0000   291110.0000  1294317    0.88%
Elapsed time = 54.75 sec. (85638.93 ticks, tree = 301.68 MB, solutions = 29)
  81026 66594   291110.0000    58   293708.0000   291110.0000  1356951    0.88%
  81027 66595   291110.0000    58   293708.0000   291110.0000  1356977    0.88%
  81028 66596   291110.0000    58   293708.0000   291110.0000  1357020    0.88%
  81029 66597   291110.0000    61   293708.0000   291110.0000  1357069    0.88%
  81030 66598   291110.0000    55   293708.0000   291110.0000  1357100    0.88%
  81031 66599   291110.0000    60   293708.0000   291110.0000  1357121    0.88%
  81032 66600   291110.0000    59   293708.0000   291110.0000  1357138    0.88%
  81033 66601   291110.0000    59   293708.0000   291110.0000  1357196    0.88%
  81034 66602   291110.0000    58   293708.0000   291110.0000  1357223    0.88%
  81035 66603   291110.0000    55   293708.0000   291110.0000  1357228    0.88%
Elapsed time = 57.14 sec. (89468.19 ticks, tree = 315.36 MB, solutions = 29)
* 82096+64626                       293353.0000   291110.0000             0.76%
  82914 65403   291110.0000    66   293353.0000   291110.0000  1421362    0.76%
  82915 65404   291110.0000    63   293353.0000   291110.0000  1421366    0.76%
  82916 65405   291110.0000    61   293353.0000   291110.0000  1421367    0.76%
  82917 65406   291110.0000    57   293353.0000   291110.0000  1421378    0.76%
  82918 65407   291110.0000    56   293353.0000   291110.0000  1421410    0.76%
  82919 65408   291110.0000    57   293353.0000   291110.0000  1421414    0.76%
  82920 65409   291110.0000    56   293353.0000   291110.0000  1421415    0.76%
  82921 65410   291110.0000    61   293353.0000   291110.0000  1421470    0.76%
  82922 65411   291110.0000    60   293353.0000   291110.0000  1421479    0.76%
  82923 65412   291110.0000    57   293353.0000   291110.0000  1421513    0.76%
Elapsed time = 59.68 sec. (93293.13 ticks, tree = 311.82 MB, solutions = 30)
* 84096+66295                       293324.0000   291110.0000             0.75%
* 84096+66002                       293293.0000   291110.0000             0.74%
  85103 66968   291110.0000    52   293293.0000   291110.0000  1483472    0.74%
  85104 66969   291110.0000    46   293293.0000   291110.0000  1483475    0.74%
  85105 66970   291110.0000    42   293293.0000   291110.0000  1483489    0.74%
  85106 66971   291110.0000    40   293293.0000   291110.0000  1483498    0.74%
  85107 66972   291110.0000    40   293293.0000   291110.0000  1483508    0.74%
  85108 66973   291110.0000    43   293293.0000   291110.0000  1483530    0.74%
  85109 66974   291110.0000    44   293293.0000   291110.0000  1483546    0.74%
  85110 66975   291110.0000    50   293293.0000   291110.0000  1483626    0.74%
  85111 66976   291110.0000    46   293293.0000   291110.0000  1483648    0.74%
  85112 66977   291110.0000    48   293293.0000   291110.0000  1483658    0.74%
Elapsed time = 62.13 sec. (97127.45 ticks, tree = 322.09 MB, solutions = 32)
  87441 69173   291890.6812    68   293293.0000   291110.0000  1545094    0.74%
  87442 69174   291905.5788    67   293293.0000   291110.0000  1545118    0.74%
  87443 69175   291905.5800    64   293293.0000   291110.0000  1545119    0.74%
  87444 69176   291907.8946    65   293293.0000   291110.0000  1545126    0.74%
  87445 69177   291908.0691    65   293293.0000   291110.0000  1545128    0.74%
  87446 69178   291909.2510    64   293293.0000   291110.0000  1545136    0.74%
  87447 69179   291909.3055    65   293293.0000   291110.0000  1545138    0.74%
  87448 69180   291937.9493    66   293293.0000   291110.0000  1545168    0.74%
  87449 69181   291937.9493    65   293293.0000   291110.0000  1545169    0.74%
  87450 69182   291939.6555    65   293293.0000   291110.0000  1545178    0.74%
Elapsed time = 64.52 sec. (100954.46 ticks, tree = 335.72 MB, solutions = 32)
  89677 71277   291562.4949    71   293293.0000   291110.0000  1607846    0.74%
  89678 71278   291566.7445    65   293293.0000   291110.0000  1607861    0.74%
  89679 71279   291587.9893    63   293293.0000   291110.0000  1607872    0.74%
  89680 71280   291609.9785    63   293293.0000   291110.0000  1607888    0.74%
  89681 71281   291610.3543    62   293293.0000   291110.0000  1607889    0.74%
  89682 71282   291610.3543    61   293293.0000   291110.0000  1607890    0.74%
  89683 71283   291668.0281    65   293293.0000   291110.0000  1607933    0.74%
  89684 71284   291668.1218    65   293293.0000   291110.0000  1607934    0.74%
  89685 71285   291675.3134    64   293293.0000   291110.0000  1607936    0.74%
  89686 71286   291689.8006    65   293293.0000   291110.0000  1607948    0.74%
Elapsed time = 66.96 sec. (104776.48 ticks, tree = 348.74 MB, solutions = 32)
  92048 73495   291110.0000    80   293293.0000   291110.0000  1675501    0.74%
  92049 73496   291110.0000    78   293293.0000   291110.0000  1675508    0.74%
  92050 73497   291110.0000    75   293293.0000   291110.0000  1675564    0.74%
  92051 73498   291110.0000    77   293293.0000   291110.0000  1675589    0.74%
  92052 73499   291110.0000    77   293293.0000   291110.0000  1675601    0.74%
  92053 73500   291110.0000    72   293293.0000   291110.0000  1675686    0.74%
  92054 73501   291110.0000    72   293293.0000   291110.0000  1675714    0.74%
  92055 73502   292239.4167    52   293293.0000   291110.0000  1675900    0.74%
  92056 73503   292239.4167    51   293293.0000   291110.0000  1675953    0.74%
  92057 73504   292239.4167    52   293293.0000   291110.0000  1675986    0.74%
Elapsed time = 69.42 sec. (108616.94 ticks, tree = 362.45 MB, solutions = 32)
  94412 75659   291717.8258    80   293293.0000   291110.0000  1736221    0.74%
  94413 75660   291718.0783    79   293293.0000   291110.0000  1736228    0.74%
  94414 75661   291718.1116    79   293293.0000   291110.0000  1736235    0.74%
  94415 75662   291718.5658    82   293293.0000   291110.0000  1736246    0.74%
  94416 75663   291718.6034    81   293293.0000   291110.0000  1736252    0.74%
  94417 75664   291937.9793    65   293293.0000   291110.0000  1736328    0.74%
  94418 75665   291938.1536    64   293293.0000   291110.0000  1736331    0.74%
  94419 75666   291940.3709    63   293293.0000   291110.0000  1736335    0.74%
  94420 75667   291940.4143    63   293293.0000   291110.0000  1736337    0.74%
  94421 75667   292033.8459    65   293293.0000   291110.0000  1736388    0.74%
Elapsed time = 71.84 sec. (112457.98 ticks, tree = 375.92 MB, solutions = 32)
  96746 77852   292465.7273    46   293293.0000   291110.0000  1790662    0.74%
  96747 77853   292465.7273    48   293293.0000   291110.0000  1790669    0.74%
  96748 77854   292465.7273    46   293293.0000   291110.0000  1790683    0.74%
  96749 77855   292465.7273    46   293293.0000   291110.0000  1790700    0.74%
  96750 77856   292465.7273    44   293293.0000   291110.0000  1790704    0.74%
  96751 77857   292465.7273    47   293293.0000   291110.0000  1790711    0.74%
  96752 77858   292465.7273    45   293293.0000   291110.0000  1790717    0.74%
  96753 77859   292465.7273    48   293293.0000   291110.0000  1790747    0.74%
  96754 77860   292465.7273    44   293293.0000   291110.0000  1790754    0.74%
  96755 77861   292465.7273    42   293293.0000   291110.0000  1790759    0.74%
Elapsed time = 74.22 sec. (116278.06 ticks, tree = 389.47 MB, solutions = 32)
  99248 80178   292292.3089    55   293293.0000   291110.0000  1848997    0.74%
  99249 80179   292350.2866    58   293293.0000   291110.0000  1849033    0.74%
  99250 80180   292350.7686    55   293293.0000   291110.0000  1849036    0.74%
  99251 80181   292350.7696    55   293293.0000   291110.0000  1849037    0.74%
  99252 80182   292360.5440    58   293293.0000   291110.0000  1849049    0.74%
  99253 80183   292362.5394    58   293293.0000   291110.0000  1849052    0.74%
  99254 80184   292372.5115    59   293293.0000   291110.0000  1849067    0.74%
  99255 80185   292389.7388    59   293293.0000   291110.0000  1849080    0.74%
  99256 80186   292395.8339    60   293293.0000   291110.0000  1849092    0.74%
  99257 80187   292401.2569    57   293293.0000   291110.0000  1849101    0.74%
Elapsed time = 76.62 sec. (120099.66 ticks, tree = 403.94 MB, solutions = 32)
 101928 82703   291110.0000    60   293293.0000   291110.0000  1919658    0.74%
 101929 82704   291110.0000    52   293293.0000   291110.0000  1919669    0.74%
 101930 82705   291110.0000    50   293293.0000   291110.0000  1919697    0.74%
 101931 82706   291110.0000    49   293293.0000   291110.0000  1919753    0.74%
 101932 82707   291110.0000    51   293293.0000   291110.0000  1919757    0.74%
 101933 82708   291110.0000    48   293293.0000   291110.0000  1919758    0.74%
 101934 82709   291110.0000    51   293293.0000   291110.0000  1919759    0.74%
 101935 82710   291110.0000    63   293293.0000   291110.0000  1919901    0.74%
 101936 82711   291110.0000    55   293293.0000   291110.0000  1919933    0.74%
 101937 82712   291110.0000    53   293293.0000   291110.0000  1919948    0.74%
Elapsed time = 78.99 sec. (123927.25 ticks, tree = 419.60 MB, solutions = 32)
 104145 84784   291151.6397    80   293293.0000   291110.0000  1981612    0.74%
 104146 84785   291168.8147    79   293293.0000   291110.0000  1981652    0.74%
 104147 84786   291340.9670    72   293293.0000   291110.0000  1981774    0.74%
 104148 84787   291342.2426    72   293293.0000   291110.0000  1981780    0.74%
 104149 84788   291441.3127    67   293293.0000   291110.0000  1981813    0.74%
 104150 84789   291442.7880    63   293293.0000   291110.0000  1981823    0.74%
 104151 84790   291457.6011    64   293293.0000   291110.0000  1981852    0.74%
 104152 84791   291459.9216    62   293293.0000   291110.0000  1981862    0.74%
 104153 84792   291459.9358    64   293293.0000   291110.0000  1981865    0.74%
 104154 84793   291853.3720    59   293293.0000   291110.0000  1981917    0.74%
Elapsed time = 81.39 sec. (127760.60 ticks, tree = 432.47 MB, solutions = 32)
 106461 86923   291110.0000    54   293293.0000   291110.0000  2038260    0.74%
 106462 86924   291110.0000    56   293293.0000   291110.0000  2038287    0.74%
 106463 86925   291110.0000    55   293293.0000   291110.0000  2038313    0.74%
 106464 86926   291110.0000    56   293293.0000   291110.0000  2038338    0.74%
 106465 86927   291110.0000    57   293293.0000   291110.0000  2038374    0.74%
 106466 86928   291110.0000    55   293293.0000   291110.0000  2038380    0.74%
 106467 86929   291110.0000    61   293293.0000   291110.0000  2038462    0.74%
 106468 86930   291110.0000    61   293293.0000   291110.0000  2038465    0.74%
 106469 86931   291110.0000    57   293293.0000   291110.0000  2038481    0.74%
 106470 86932   291110.0000    63   293293.0000   291110.0000  2038516    0.74%
Elapsed time = 83.81 sec. (131589.13 ticks, tree = 445.70 MB, solutions = 32)
 108323 88621   291317.8936    86   293293.0000   291110.0000  2099682    0.74%
 108324 88622   291317.8936    86   293293.0000   291110.0000  2099683    0.74%
 108325 88623   291318.4749    86   293293.0000   291110.0000  2099687    0.74%
 108326 88624   291326.8947    84   293293.0000   291110.0000  2099700    0.74%
 108327 88625   291327.8361    87   293293.0000   291110.0000  2099703    0.74%
 108328 88626   291329.8294    86   293293.0000   291110.0000  2099706    0.74%
 108329 88627   291332.9544    82   293293.0000   291110.0000  2099717    0.74%
 108330 88628   291333.4421    79   293293.0000   291110.0000  2099727    0.74%
 108331 88629   291337.0025    85   293293.0000   291110.0000  2099742    0.74%
 108332 88630   291337.8888    82   293293.0000   291110.0000  2099753    0.74%
Elapsed time = 86.23 sec. (135417.66 ticks, tree = 456.24 MB, solutions = 32)
 110296 90393   291110.0000    80   293293.0000   291110.0000  2166543    0.74%
 110297 90394   291110.0000    78   293293.0000   291110.0000  2166547    0.74%
 110298 90395   291110.0000    77   293293.0000   291110.0000  2166550    0.74%
 110299 90396   291110.0000    83   293293.0000   291110.0000  2166667    0.74%
 110300 90397   291110.0000    82   293293.0000   291110.0000  2166669    0.74%
 110301 90398   291110.0000    86   293293.0000   291110.0000  2166774    0.74%
 110302 90399   291110.0000    82   293293.0000   291110.0000  2166787    0.74%
 110303 90400   291110.0000    81   293293.0000   291110.0000  2166796    0.74%
 110304 90401   291110.0000    79   293293.0000   291110.0000  2166828    0.74%
 110305 90402   291110.0000    78   293293.0000   291110.0000  2166848    0.74%
Elapsed time = 88.69 sec. (139290.18 ticks, tree = 467.37 MB, solutions = 32)
 112196 92119   291311.9074    60   293293.0000   291110.0000  2220739    0.74%
 112197 92120   291312.6389    60   293293.0000   291110.0000  2220743    0.74%
 112198 92121   291328.8905    60   293293.0000   291110.0000  2220761    0.74%
 112199 92122   291330.0624    60   293293.0000   291110.0000  2220769    0.74%
 112200 92123   291334.4757    56   293293.0000   291110.0000  2220779    0.74%
 112201 92124   291344.0165    60   293293.0000   291110.0000  2220787    0.74%
 112202 92125   291763.3641    59   293293.0000   291110.0000  2220853    0.74%
 112203 92126   291763.3641    56   293293.0000   291110.0000  2220862    0.74%
 112204 92127   291763.3641    55   293293.0000   291110.0000  2220866    0.74%
 112205 92128   291763.3641    56   293293.0000   291110.0000  2220867    0.74%
Elapsed time = 91.27 sec. (143245.65 ticks, tree = 478.17 MB, solutions = 32)
*112896+85167                       292852.0000   291110.0000             0.59%
 113196 85444   292254.0260    79   292852.0000   291110.0000  2243352    0.59%
 113197 85445   292254.0674    80   292852.0000   291110.0000  2243354    0.59%
 113198 85446   292254.1879    78   292852.0000   291110.0000  2243357    0.59%
 113199 85447   292257.8377    81   292852.0000   291110.0000  2243365    0.59%
 113200 85448   292258.5218    80   292852.0000   291110.0000  2243366    0.59%
 113201 85449   292258.9596    68   292852.0000   291110.0000  2243377    0.59%
 113202 85450   292274.9552    72   292852.0000   291110.0000  2243414    0.59%
 113203 85451   292274.9709    72   292852.0000   291110.0000  2243415    0.59%
 113204 85452   292276.6521    77   292852.0000   291110.0000  2243425    0.59%
 113205 85453   292276.6640    73   292852.0000   291110.0000  2243427    0.59%
Elapsed time = 93.93 sec. (147181.52 ticks, tree = 443.51 MB, solutions = 33)
 114296 86443   292425.4374    67   292852.0000   291110.0000  2271215    0.59%
 114297 86444   292433.3932    70   292852.0000   291110.0000  2271225    0.59%
 114298 86445   292438.7472    69   292852.0000   291110.0000  2271237    0.59%
 114299 86446   292438.8113    69   292852.0000   291110.0000  2271238    0.59%
 114300 86447   292439.5646    68   292852.0000   291110.0000  2271242    0.59%
 114301 86448   292439.5830    67   292852.0000   291110.0000  2271243    0.59%
 114302 86449   292446.5821    67   292852.0000   291110.0000  2271248    0.59%
 114303 86450   292454.2526    68   292852.0000   291110.0000  2271262    0.59%
 114304 86451   292456.3972    70   292852.0000   291110.0000  2271275    0.59%
 114305 86452   292465.3042    72   292852.0000   291110.0000  2271295    0.59%
Elapsed time = 96.59 sec. (151087.28 ticks, tree = 449.73 MB, solutions = 33)
 115608 87656   292749.2727    44   292852.0000   291110.0000  2309977    0.59%
 115609 87657   292749.2727    42   292852.0000   291110.0000  2309997    0.59%
 115610 87658   292749.2727    45   292852.0000   291110.0000  2310005    0.59%
 115611 87659   292749.2727    43   292852.0000   291110.0000  2310028    0.59%
 115612 87658        cutoff         292852.0000   291110.0000  2310037    0.59%
 115613 87657        cutoff         292852.0000   291110.0000  2310084    0.59%
 115614 87658   291110.0000    88   292852.0000   291110.0000  2310382    0.59%
 115615 87659   291110.0000    74   292852.0000   291110.0000  2310409    0.59%
 115616 87660   291110.0000    73   292852.0000   291110.0000  2310468    0.59%
 115617 87661   291110.0000    68   292852.0000   291110.0000  2310501    0.59%
Elapsed time = 99.17 sec. (154932.79 ticks, tree = 457.22 MB, solutions = 33)

Cover cuts applied:  70
Flow cuts applied:  1
Mixed integer rounding cuts applied:  323
Zero-half cuts applied:  1
Gomory fractional cuts applied:  1

Root node processing (before b&c):
  Real time             =    0.06 sec. (82.34 ticks)
Sequential b&c:
  Real time             =   99.94 sec. (156186.60 ticks)
                          ------------
Total (root+branch&cut) =  100.00 sec. (156268.94 ticks)

Solution pool: 33 solutions saved.

MIP - Time limit exceeded, integer feasible:  Objective =  2.9285200000e+05
Current MIP best bound =  2.9111000000e+05 (gap = 1742, 0.59%)
Solution time =  100.00 sec.  Iterations = 2332629  Nodes = 116435 (88426)
Deterministic time = 156268.94 ticks  (1562.68 ticks/sec)


Incumbent solution written to file '/tmp/tmpqNcgAM.cplex.sol'.
