
Log started (V12.6.3.0) Sun Apr 22 01:25:41 2018

New value for default parallel thread count: 1

Problem '/tmp/tmp2xi4yz.pyomo.lp' read.
Read time = 0.01 sec. (0.71 ticks)

Problem name         : /tmp/tmp2xi4yz.pyomo.lp
Objective sense      : Minimize
Variables            :    1074  [Nneg: 1,  Binary: 1056,  General Integer: 17]
Objective nonzeros   :       1
Linear constraints   :     168  [Less: 82,  Equal: 86]
  Nonzeros           :   50853
  RHS nonzeros       :     133

Variables            : Min LB: 0.000000         Max UB: 1.000000       
Objective nonzeros   : Min   : 1.000000         Max   : 1.000000       
Linear constraints   :
  Nonzeros           : Min   : 1.000000         Max   : 117484.0       
  RHS nonzeros       : Min   : 1.000000         Max   : 7.000000       
Tried aggregator 2 times.
MIP Presolve eliminated 75 rows and 214 columns.
Aggregator did 14 substitutions.
Reduced MIP has 79 rows, 846 columns, and 2279 nonzeros.
Reduced MIP has 845 binaries, 1 generals, 0 SOSs, and 0 indicators.
Presolve time = 0.01 sec. (9.70 ticks)
Found incumbent of value 3784418.000000 after 0.01 sec. (13.46 ticks)
Probing time = 0.00 sec. (1.52 ticks)
Cover probing fixed 0 vars, tightened 9 bounds.
Tried aggregator 1 time.
Reduced MIP has 79 rows, 846 columns, and 2279 nonzeros.
Reduced MIP has 845 binaries, 1 generals, 0 SOSs, and 0 indicators.
Presolve time = 0.00 sec. (1.32 ticks)
Probing time = 0.00 sec. (1.04 ticks)
Clique table members: 65.
MIP emphasis: balance optimality and feasibility.
MIP search method: dynamic search.
Parallel mode: none, using 1 thread.
Root relaxation solution time = 0.00 sec. (0.82 ticks)

        Nodes                                         Cuts/
   Node  Left     Objective  IInf  Best Integer    Best Bound    ItCnt     Gap

*     0+    0                      3784418.0000   117484.0000            96.90%
      0     0   291109.0769    18  3784418.0000   291109.0769       31   92.31%
*     0+    0                       385119.0000   291109.0769            24.41%
      0     0   291110.0000    21   385119.0000      Fract: 9       64   24.41%
*     0+    0                       331130.0000   291110.0000            12.09%
      0     0   291110.0000    31   331130.0000      Cuts: 29      126   12.09%
*     0+    0                       324844.0000   291110.0000            10.38%
*     0+    0                       323425.0000   291110.0000             9.99%
*     0+    0                       321477.0000   291110.0000             9.45%
*     0+    0                       320637.0000   291110.0000             9.21%
*     0+    0                       315184.0000   291110.0000             7.64%
      0     2   291110.0000    24   315184.0000   291110.0000      126    7.64%
Elapsed time = 0.05 sec. (62.41 ticks, tree = 0.01 MB, solutions = 7)
*   190+  170                       313682.0000   291110.0000             7.20%
*   220+  198                       312942.0000   291110.0000             6.98%
*   260+  220                       312699.0000   291110.0000             6.90%
*   280+  237                       312444.0000   291110.0000             6.83%
*   402+  355                       309305.0000   291110.0000             5.88%
*   402+  353                       308083.0000   291110.0000             5.51%
*   513+  397                       303814.0000   291110.0000             4.18%
*   513+  391                       301576.0000   291110.0000             3.47%
*   513+  380                       300220.0000   291110.0000             3.03%
*   514+  379                       299299.0000   291110.0000             2.74%
*   514+  376                       297957.0000   291110.0000             2.30%
    514   378   291110.0000    20   297957.0000   291110.0000     2759    2.30%
    515   379   291110.0000    23   297957.0000   291110.0000     3211    2.30%
    516   380   291110.0000    21   297957.0000   291110.0000     3220    2.30%
    517   381   291110.0000    20   297957.0000   291110.0000     3231    2.30%
    518   382   291110.0000    20   297957.0000   291110.0000     3242    2.30%
    519   383   291110.0000    21   297957.0000   291110.0000     3249    2.30%
    520   384   291110.0000    22   297957.0000   291110.0000     3254    2.30%
    521   385   291110.0000    22   297957.0000   291110.0000     3256    2.30%
    522   385   291110.0000    21   297957.0000   291110.0000     3259    2.30%
*   615+  258                       296517.0000   291110.0000             1.82%
*   715+  207                       295051.0000   291110.0000             1.34%
    715   207   295453.0000    14   295051.0000   291110.0000     4214    1.34%
Elapsed time = 0.85 sec. (1088.21 ticks, tree = 0.34 MB, solutions = 20)
   1424   432   291110.0000    33   295051.0000   291110.0000     6680    1.34%
   1425   433   291110.0000    37   295051.0000   291110.0000     6694    1.34%
   1426   434   291110.0000    31   295051.0000   291110.0000     6702    1.34%
   1427   435   291110.0000    32   295051.0000   291110.0000     6703    1.34%
   1428   436   291110.0000    31   295051.0000   291110.0000     6719    1.34%
   1429   437   291110.0000    27   295051.0000   291110.0000     6725    1.34%
   1430   438   291110.0000    27   295051.0000   291110.0000     6742    1.34%
   1431   439   291110.0000    25   295051.0000   291110.0000     6743    1.34%
   1432   440   291110.0000    29   295051.0000   291110.0000     6752    1.34%
   1433   441   291110.0000    28   295051.0000   291110.0000     6754    1.34%
Elapsed time = 1.57 sec. (2056.90 ticks, tree = 0.72 MB, solutions = 20)
   3431  2213        cutoff         295051.0000   291110.0000    21999    1.34%
   3432  2214   291110.0000    43   295051.0000   291110.0000    22086    1.34%
   3433  2215   291110.0000    35   295051.0000   291110.0000    22096    1.34%
   3434  2216   291110.0000    36   295051.0000   291110.0000    22116    1.34%
   3435  2217   291110.0000    42   295051.0000   291110.0000    22131    1.34%
   3436  2218   291110.0000    35   295051.0000   291110.0000    22141    1.34%
   3437  2219   291110.0000    37   295051.0000   291110.0000    22155    1.34%
   3438  2220   291110.0000    37   295051.0000   291110.0000    22165    1.34%
   3439  2221   291110.0000    31   295051.0000   291110.0000    22173    1.34%
   3440  2222   291110.0000    31   295051.0000   291110.0000    22180    1.34%
Elapsed time = 2.25 sec. (3034.28 ticks, tree = 4.83 MB, solutions = 20)
   5374  4026   293813.0131    60   295051.0000   291110.0000    40075    1.34%
   5375  4027   293885.3732    59   295051.0000   291110.0000    40113    1.34%
   5376  4028   293885.3732    59   295051.0000   291110.0000    40114    1.34%
   5377  4029   293886.5382    58   295051.0000   291110.0000    40116    1.34%
   5378  4030   293907.7988    60   295051.0000   291110.0000    40133    1.34%
   5379  4031   294092.1103    62   295051.0000   291110.0000    40160    1.34%
   5380  4032   294094.9710    61   295051.0000   291110.0000    40169    1.34%
   5381  4033   294095.0524    62   295051.0000   291110.0000    40171    1.34%
   5382  4034   294095.0759    59   295051.0000   291110.0000    40173    1.34%
   5383  4035   294095.4201    62   295051.0000   291110.0000    40177    1.34%
Elapsed time = 2.89 sec. (3993.11 ticks, tree = 9.61 MB, solutions = 20)
   7340  5860   292553.7500    31   295051.0000   291110.0000    58582    1.34%
   7341  5861   292553.7500    30   295051.0000   291110.0000    58583    1.34%
   7342  5862   292553.7500    35   295051.0000   291110.0000    58596    1.34%
   7343  5863   292553.7500    33   295051.0000   291110.0000    58597    1.34%
   7344  5864   292553.7500    34   295051.0000   291110.0000    58604    1.34%
   7345  5865   292553.7500    33   295051.0000   291110.0000    58605    1.34%
   7346  5866   292553.7500    33   295051.0000   291110.0000    58609    1.34%
   7347  5867   292553.7500    35   295051.0000   291110.0000    58642    1.34%
   7348  5868   292553.7500    35   295051.0000   291110.0000    58658    1.34%
   7349  5869   292553.7500    38   295051.0000   291110.0000    58664    1.34%
Elapsed time = 3.52 sec. (4950.34 ticks, tree = 15.17 MB, solutions = 20)
   8689  7022   294940.2537    42   295051.0000   291110.0000    78574    1.34%
   8690  7021        cutoff         295051.0000   291110.0000    78587    1.34%
   8691  7020        cutoff         295051.0000   291110.0000    78590    1.34%
   8692  7021   293881.4893    34   295051.0000   291110.0000    79011    1.34%
   8693  7020        cutoff         295051.0000   291110.0000    79023    1.34%
   8694  7019        cutoff         295051.0000   291110.0000    79040    1.34%
   8695  7018        cutoff         295051.0000   291110.0000    79375    1.34%
   8696  7017    infeasible         295051.0000   291110.0000    79380    1.34%
   8697  7016        cutoff         295051.0000   291110.0000    79588    1.34%
   8698  7015        cutoff         295051.0000   291110.0000    79813    1.34%
Elapsed time = 4.23 sec. (5980.81 ticks, tree = 18.80 MB, solutions = 20)
   9758  7978        cutoff         295051.0000   291110.0000    96808    1.34%
   9759  7977        cutoff         295051.0000   291110.0000    96810    1.34%
   9760  7977   293930.8688    55   295051.0000   291110.0000    97651    1.34%
   9761  7977   293932.9454    55   295051.0000   291110.0000    97656    1.34%
   9762  7977   293936.9892    56   295051.0000   291110.0000    97658    1.34%
   9763  7977   293937.1282    57   295051.0000   291110.0000    97666    1.34%
   9764  7978   293937.1282    57   295051.0000   291110.0000    97667    1.34%
   9765  7979   293942.6892    58   295051.0000   291110.0000    97672    1.34%
   9766  7978        cutoff         295051.0000   291110.0000    97675    1.34%
   9767  7978   293953.0881    59   295051.0000   291110.0000    97676    1.34%
Elapsed time = 4.89 sec. (6995.04 ticks, tree = 22.31 MB, solutions = 20)
* 10695+ 8566                       294719.0000   291110.0000             1.22%
  10695  8568   294644.0000    23   294719.0000   291110.0000   109607    1.22%
  10696  8569   291110.0000    45   294719.0000   291110.0000   109664    1.22%
  10697  8570   291677.1667    51   294719.0000   291110.0000   109787    1.22%
  10698  8571   291677.1667    39   294719.0000   291110.0000   109805    1.22%
  10699  8572   291677.1667    39   294719.0000   291110.0000   109806    1.22%
  10700  8573   291677.1667    39   294719.0000   291110.0000   109808    1.22%
  10701  8574   291677.1667    36   294719.0000   291110.0000   109809    1.22%
  10702  8575   291677.1667    32   294719.0000   291110.0000   109816    1.22%
  10703  8576   291677.1667    34   294719.0000   291110.0000   109825    1.22%
  10704  8577   291677.1667    34   294719.0000   291110.0000   109826    1.22%
Elapsed time = 6.07 sec. (8544.11 ticks, tree = 25.20 MB, solutions = 21)
  12074  9843   292118.0000    32   294719.0000   291110.0000   127576    1.22%
  12075  9844   292118.0000    33   294719.0000   291110.0000   127580    1.22%
  12076  9845   292118.0000    34   294719.0000   291110.0000   127581    1.22%
  12077  9846   292118.0000    32   294719.0000   291110.0000   127582    1.22%
  12078  9847   292118.0000    30   294719.0000   291110.0000   127583    1.22%
  12079  9848   292118.0000    32   294719.0000   291110.0000   127607    1.22%
  12080  9849   292118.0000    30   294719.0000   291110.0000   127615    1.22%
  12081  9850   292118.0000    32   294719.0000   291110.0000   127622    1.22%
  12082  9851   292118.0000    34   294719.0000   291110.0000   127624    1.22%
  12083  9852   292118.0000    31   294719.0000   291110.0000   127625    1.22%
Elapsed time = 6.70 sec. (9499.74 ticks, tree = 30.34 MB, solutions = 21)
  13855 11485   291170.4362    50   294719.0000   291110.0000   146487    1.22%
  13856 11486   291170.4362    46   294719.0000   291110.0000   146509    1.22%
  13857 11487   291170.4362    51   294719.0000   291110.0000   146520    1.22%
  13858 11488   291170.4362    50   294719.0000   291110.0000   146522    1.22%
  13859 11489   291170.4362    50   294719.0000   291110.0000   146523    1.22%
  13860 11490   291170.4362    49   294719.0000   291110.0000   146526    1.22%
  13861 11491   291170.4362    49   294719.0000   291110.0000   146528    1.22%
  13862 11492   291170.4362    49   294719.0000   291110.0000   146531    1.22%
  13863 11493   291249.7570    49   294719.0000   291110.0000   146585    1.22%
  18181 15496   291277.6008    44   294719.0000   291110.0000   199928    1.22%
Elapsed time = 9.24 sec. (13317.74 ticks, tree = 53.52 MB, solutions = 21)
  22420 19393   291609.9277    51   294719.0000   291110.0000   269313    1.22%
  22421 19394   291610.2535    51   294719.0000   291110.0000   269316    1.22%
  22422 19395   291611.1831    51   294719.0000   291110.0000   269318    1.22%
  22423 19396   291641.6695    53   294719.0000   291110.0000   269332    1.22%
  22424 19397   291668.3174    49   294719.0000   291110.0000   269343    1.22%
  22425 19398   291669.1431    48   294719.0000   291110.0000   269347    1.22%
  22426 19399   291670.0068    48   294719.0000   291110.0000   269351    1.22%
  22427 19400   291671.0248    47   294719.0000   291110.0000   269353    1.22%
  22428 19401   291729.8675    46   294719.0000   291110.0000   269365    1.22%
  22429 19402   291730.5791    46   294719.0000   291110.0000   269368    1.22%
Elapsed time = 11.74 sec. (17137.71 ticks, tree = 71.49 MB, solutions = 21)
  25273 22076   291110.0000    65   294719.0000   291110.0000   327401    1.22%
  25274 22077   291110.0000    57   294719.0000   291110.0000   327427    1.22%
  25275 22078   291110.0000    56   294719.0000   291110.0000   327428    1.22%
  25276 22079   291110.0000    63   294719.0000   291110.0000   327518    1.22%
  25277 22080   291110.0000    69   294719.0000   291110.0000   327660    1.22%
  25278 22081   291110.0000    56   294719.0000   291110.0000   327710    1.22%
  25279 22082   291110.0000    55   294719.0000   291110.0000   327722    1.22%
  25280 22083   291110.0000    69   294719.0000   291110.0000   328052    1.22%
  25281 22084   291110.0000    54   294719.0000   291110.0000   328075    1.22%
  25282 22085   291581.2504    71   294719.0000   291110.0000   328736    1.22%
Elapsed time = 14.31 sec. (21043.13 ticks, tree = 86.02 MB, solutions = 21)
  27488 24110   293451.6291    41   294719.0000   291110.0000   382427    1.22%
  27489 24111   293573.0229    29   294719.0000   291110.0000   382435    1.22%
  27490 24112   293897.1432    42   294719.0000   291110.0000   382455    1.22%
  27491 24112   293937.1043    38   294719.0000   291110.0000   382464    1.22%
  27492 24113   293937.1043    36   294719.0000   291110.0000   382467    1.22%
  27493 24114   293968.8433    35   294719.0000   291110.0000   382475    1.22%
  27494 24115   293968.8433    35   294719.0000   291110.0000   382477    1.22%
  27495 24116   293980.5477    31   294719.0000   291110.0000   382483    1.22%
  27496 24117   293981.6000    34   294719.0000   291110.0000   382485    1.22%
  27497 24118   294296.8337    33   294719.0000   291110.0000   382497    1.22%
Elapsed time = 16.80 sec. (24866.37 ticks, tree = 97.79 MB, solutions = 21)
  30053 26454   291445.4066    56   294719.0000   291110.0000   440841    1.22%
  30054 26455   291450.6808    53   294719.0000   291110.0000   440847    1.22%
  30055 26454        cutoff         294719.0000   291110.0000   440925    1.22%
  30056 26455   291451.3253    52   294719.0000   291110.0000   440927    1.22%
  30057 26456   291451.3253    51   294719.0000   291110.0000   440933    1.22%
  30058 26457   291451.3583    53   294719.0000   291110.0000   440942    1.22%
  30059 26458   291451.6665    53   294719.0000   291110.0000   440956    1.22%
  30060 26459   291451.8988    53   294719.0000   291110.0000   440958    1.22%
  30061 26460   292229.4935    46   294719.0000   291110.0000   441026    1.22%
  30062 26461   292229.5486    43   294719.0000   291110.0000   441027    1.22%
Elapsed time = 19.27 sec. (28693.07 ticks, tree = 111.68 MB, solutions = 21)
  32238 28443   291110.0000    69   294719.0000   291110.0000   496355    1.22%
  32239 28444   291110.0000    63   294719.0000   291110.0000   496363    1.22%
  32240 28445   291110.0000    62   294719.0000   291110.0000   496366    1.22%
  32241 28446   291110.0000    54   294719.0000   291110.0000   496410    1.22%
  32242 28447   291110.0000    47   294719.0000   291110.0000   496441    1.22%
  32243 28448   291110.0000    41   294719.0000   291110.0000   496455    1.22%
  32244 28449   291110.0000    45   294719.0000   291110.0000   496485    1.22%
  32245 28450   291110.0000    46   294719.0000   291110.0000   496492    1.22%
  32246 28451   291110.0000    44   294719.0000   291110.0000   496496    1.22%
  32247 28452   291110.0000    41   294719.0000   291110.0000   496531    1.22%
Elapsed time = 21.80 sec. (32530.25 ticks, tree = 123.67 MB, solutions = 21)
  34243 30331   291110.0000    84   294719.0000   291110.0000   555551    1.22%
  34244 30332   291110.0000    62   294719.0000   291110.0000   555703    1.22%
  34245 30333   291110.0000    79   294719.0000   291110.0000   555860    1.22%
  34246 30334   291110.0000    62   294719.0000   291110.0000   555903    1.22%
  34247 30335   291110.0000    62   294719.0000   291110.0000   555919    1.22%
  34248 30336   291110.0000    59   294719.0000   291110.0000   555935    1.22%
  34249 30337   291110.0000    51   294719.0000   291110.0000   555963    1.22%
  34250 30338   291110.0000    68   294719.0000   291110.0000   556335    1.22%
  34251 30339   291110.0000    61   294719.0000   291110.0000   556398    1.22%
  34252 30340   291110.0000    65   294719.0000   291110.0000   556451    1.22%
Elapsed time = 24.28 sec. (36404.10 ticks, tree = 135.15 MB, solutions = 21)
  36240 32184   293039.8425    52   294719.0000   291110.0000   621716    1.22%
  36241 32183        cutoff         294719.0000   291110.0000   621719    1.22%
  36242 32182        cutoff         294719.0000   291110.0000   621747    1.22%
  36243 32183   292307.9091    54   294719.0000   291110.0000   622282    1.22%
  36244 32184   292307.9091    47   294719.0000   291110.0000   622305    1.22%
  36245 32185   292307.9091    46   294719.0000   291110.0000   622329    1.22%
  36246 32186   292307.9091    44   294719.0000   291110.0000   622377    1.22%
  36247 32187   292307.9091    43   294719.0000   291110.0000   622398    1.22%
  36248 32188   292307.9091    46   294719.0000   291110.0000   622421    1.22%
  36249 32189   292307.9091    45   294719.0000   291110.0000   622472    1.22%
Elapsed time = 26.74 sec. (40266.33 ticks, tree = 146.56 MB, solutions = 21)
  38566 34375   291552.3349    46   294719.0000   291110.0000   682386    1.22%
  38567 34376   291552.5517    43   294719.0000   291110.0000   682390    1.22%
  38568 34377   291590.7798    45   294719.0000   291110.0000   682448    1.22%
  38569 34378   291590.7798    45   294719.0000   291110.0000   682454    1.22%
  38570 34379   291611.9170    45   294719.0000   291110.0000   682467    1.22%
  38571 34380   291611.9170    45   294719.0000   291110.0000   682468    1.22%
  38572 34381   291611.9170    45   294719.0000   291110.0000   682469    1.22%
  38573 34382   291612.0500    45   294719.0000   291110.0000   682473    1.22%
  38574 34383   291612.0500    49   294719.0000   291110.0000   682486    1.22%
  38575 34384   291625.6527    51   294719.0000   291110.0000   682521    1.22%
Elapsed time = 29.19 sec. (44090.71 ticks, tree = 161.14 MB, solutions = 21)
  40997 36560   291571.6787    67   294719.0000   291110.0000   743288    1.22%
  40998 36561   291571.7279    66   294719.0000   291110.0000   743290    1.22%
  40999 36562   291571.7377    65   294719.0000   291110.0000   743291    1.22%
  41000 36563   291572.1931    67   294719.0000   291110.0000   743299    1.22%
  41001 36564   291573.3988    69   294719.0000   291110.0000   743309    1.22%
  41002 36565   291573.4950    68   294719.0000   291110.0000   743310    1.22%
  41003 36566   291607.5552    64   294719.0000   291110.0000   743347    1.22%
  41004 36567   291616.5037    68   294719.0000   291110.0000   743357    1.22%
  41005 36568   291634.6749    68   294719.0000   291110.0000   743404    1.22%
  41006 36569   291641.3725    70   294719.0000   291110.0000   743437    1.22%
Elapsed time = 31.65 sec. (47914.91 ticks, tree = 174.75 MB, solutions = 21)
* 42315+34833                       293929.0000   291110.0000             0.96%
* 42515+34338                       293763.0000   291110.0000             0.90%
  43182 34921   292305.9260    67   293763.0000   291110.0000   799426    0.90%
  43183 34922   292306.0210    67   293763.0000   291110.0000   799427    0.90%
  43184 34923   292308.6413    64   293763.0000   291110.0000   799431    0.90%
  43185 34924   292309.7639    63   293763.0000   291110.0000   799432    0.90%
  43186 34925   292311.4352    58   293763.0000   291110.0000   799436    0.90%
  43187 34926   292312.2255    59   293763.0000   291110.0000   799440    0.90%
  43188 34927   292312.9535    59   293763.0000   291110.0000   799444    0.90%
  43189 34928   292313.0036    57   293763.0000   291110.0000   799445    0.90%
  43190 34929   292528.1431    66   293763.0000   291110.0000   799489    0.90%
  43191 34930   292534.7821    66   293763.0000   291110.0000   799501    0.90%
Elapsed time = 34.18 sec. (51742.13 ticks, tree = 169.70 MB, solutions = 23)
  45345 36862   292906.8501    40   293763.0000   291110.0000   857434    0.90%
  45346 36863   292929.7948    41   293763.0000   291110.0000   857441    0.90%
  45347 36864   292966.2713    39   293763.0000   291110.0000   857450    0.90%
  45348 36865   292987.5062    39   293763.0000   291110.0000   857458    0.90%
  45349 36866   292988.8218    39   293763.0000   291110.0000   857460    0.90%
  45350 36867   292989.6344    39   293763.0000   291110.0000   857461    0.90%
  45351 36868   292992.6407    37   293763.0000   291110.0000   857465    0.90%
  45352 36868   292996.2165    37   293763.0000   291110.0000   857466    0.90%
  45353 36869   293073.2836    33   293763.0000   291110.0000   857471    0.90%
  45354 36870   293073.2836    33   293763.0000   291110.0000   857474    0.90%
Elapsed time = 36.66 sec. (55560.89 ticks, tree = 181.76 MB, solutions = 23)
  47447 38794   293096.0230    35   293763.0000   291110.0000   922297    0.90%
  47448 38795   293138.1028    32   293763.0000   291110.0000   922304    0.90%
  47449 38796   293165.1886    32   293763.0000   291110.0000   922312    0.90%
  47450 38795   293323.7612    34   293763.0000   291110.0000   922319    0.90%
  47451 38795   293246.3082    33   293763.0000   291110.0000   922322    0.90%
  47452 38794        cutoff         293763.0000   291110.0000   922324    0.90%
  47453 38795   291407.4873    60   293763.0000   291110.0000   922700    0.90%
  47454 38796   291408.6812    59   293763.0000   291110.0000   922705    0.90%
  47455 38797   291408.8298    59   293763.0000   291110.0000   922708    0.90%
  47456 38798   291409.2520    58   293763.0000   291110.0000   922711    0.90%
Elapsed time = 39.15 sec. (59396.01 ticks, tree = 193.76 MB, solutions = 23)
  49918 41062   291110.0000    61   293763.0000   291110.0000   986941    0.90%
  49919 41063   291110.0000    43   293763.0000   291110.0000   986996    0.90%
  49920 41064   291110.0000    39   293763.0000   291110.0000   987017    0.90%
  49921 41065   291110.0000    45   293763.0000   291110.0000   987090    0.90%
  49922 41066   291110.0000    41   293763.0000   291110.0000   987123    0.90%
  49923 41067   291110.0000    44   293763.0000   291110.0000   987151    0.90%
  49924 41068   291110.0000    60   293763.0000   291110.0000   987240    0.90%
  49925 41069   291110.0000    44   293763.0000   291110.0000   987248    0.90%
  49926 41070   291110.0000    45   293763.0000   291110.0000   987253    0.90%
  49927 41071   291110.0000    42   293763.0000   291110.0000   987289    0.90%
Elapsed time = 41.63 sec. (63232.34 ticks, tree = 207.93 MB, solutions = 23)
  51850 42742   293465.0791    69   293763.0000   291110.0000  1048160    0.90%
  51851 42743   293465.1311    69   293763.0000   291110.0000  1048165    0.90%
  51852 42744   293465.1370    69   293763.0000   291110.0000  1048166    0.90%
  51853 42745   293475.5892    67   293763.0000   291110.0000  1048201    0.90%
  51854 42746   293481.9958    66   293763.0000   291110.0000  1048213    0.90%
  51855 42747   293481.9958    66   293763.0000   291110.0000  1048214    0.90%
  51856 42747   293491.8850    66   293763.0000   291110.0000  1048241    0.90%
  51857 42748   293493.5954    65   293763.0000   291110.0000  1048247    0.90%
  51858 42749   293493.5954    65   293763.0000   291110.0000  1048248    0.90%
  51859 42749   293502.4999    68   293763.0000   291110.0000  1048257    0.90%
Elapsed time = 44.10 sec. (67064.99 ticks, tree = 218.40 MB, solutions = 23)
  53861 44567   291208.8868    66   293763.0000   291110.0000  1104683    0.90%
  53862 44568   291209.0166    66   293763.0000   291110.0000  1104685    0.90%
  53863 44569   291210.2311    65   293763.0000   291110.0000  1104689    0.90%
  53864 44570   291285.1586    67   293763.0000   291110.0000  1104736    0.90%
  53865 44571   291292.9916    67   293763.0000   291110.0000  1104746    0.90%
  53866 44572   291293.0620    67   293763.0000   291110.0000  1104747    0.90%
  53867 44573   291296.4974    66   293763.0000   291110.0000  1104750    0.90%
  53868 44574   291352.9080    65   293763.0000   291110.0000  1104761    0.90%
  53869 44575   291352.9081    64   293763.0000   291110.0000  1104762    0.90%
  53870 44576   291359.8624    66   293763.0000   291110.0000  1104774    0.90%
Elapsed time = 46.61 sec. (70886.00 ticks, tree = 229.73 MB, solutions = 23)
  56159 46695   291958.3283    70   293763.0000   291110.0000  1173541    0.90%
  56160 46696   291958.3283    59   293763.0000   291110.0000  1173563    0.90%
  56161 46697   291958.3283    59   293763.0000   291110.0000  1173575    0.90%
  56162 46698   291958.3283    54   293763.0000   291110.0000  1173594    0.90%
  56163 46698   291958.3283    53   293763.0000   291110.0000  1173606    0.90%
  56164 46699   291972.9048    57   293763.0000   291110.0000  1173656    0.90%
  56165 46700   291972.9048    56   293763.0000   291110.0000  1173659    0.90%
  56166 46701   291972.9048    57   293763.0000   291110.0000  1173664    0.90%
  56167 46702   291972.9048    54   293763.0000   291110.0000  1173700    0.90%
  56168 46703   292076.5299    54   293763.0000   291110.0000  1173732    0.90%
Elapsed time = 49.10 sec. (74717.54 ticks, tree = 242.90 MB, solutions = 23)
  57872 48236   291110.0000    53   293763.0000   291110.0000  1232648    0.90%
  57873 48237   291110.0000    53   293763.0000   291110.0000  1232693    0.90%
  57874 48238   291110.0000    58   293763.0000   291110.0000  1232975    0.90%
  57875 48239   291110.0000    50   293763.0000   291110.0000  1232976    0.90%
  57876 48240   291110.0000    51   293763.0000   291110.0000  1232980    0.90%
  57877 48240   292658.3421    45   293763.0000   291110.0000  1233278    0.90%
  57878 48241   292658.3421    45   293763.0000   291110.0000  1233280    0.90%
  57879 48242   292658.3421    43   293763.0000   291110.0000  1233296    0.90%
  57880 48243   292658.3421    44   293763.0000   291110.0000  1233306    0.90%
  57881 48244   292658.3421    43   293763.0000   291110.0000  1233311    0.90%
Elapsed time = 51.69 sec. (78571.23 ticks, tree = 252.46 MB, solutions = 23)
  60081 50255        cutoff         293763.0000   291110.0000  1291136    0.90%
  60082 50256   292789.8828    59   293763.0000   291110.0000  1291154    0.90%
  60083 50257   292789.8828    59   293763.0000   291110.0000  1291155    0.90%
  60084 50258   292793.7814    60   293763.0000   291110.0000  1291161    0.90%
  60085 50259   292854.4126    58   293763.0000   291110.0000  1291168    0.90%
  60086 50260   293149.7874    52   293763.0000   291110.0000  1291186    0.90%
  60087 50261   293168.2067    49   293763.0000   291110.0000  1291188    0.90%
  60088 50262   293209.5750    45   293763.0000   291110.0000  1291192    0.90%
  60089 50261        cutoff         293763.0000   291110.0000  1291207    0.90%
  60090 50262   293407.9075    40   293763.0000   291110.0000  1291226    0.90%
Elapsed time = 54.17 sec. (82392.43 ticks, tree = 265.02 MB, solutions = 23)
  62707 52668   291110.0000    52   293763.0000   291110.0000  1360252    0.90%
  62708 52669   291110.0000    50   293763.0000   291110.0000  1360254    0.90%
  62709 52670   291110.0000    46   293763.0000   291110.0000  1360300    0.90%
  62710 52671   291110.0000    55   293763.0000   291110.0000  1360384    0.90%
  62711 52672   291110.0000    47   293763.0000   291110.0000  1360413    0.90%
  62712 52673   291110.0000    50   293763.0000   291110.0000  1360507    0.90%
  62713 52674   291110.0000    43   293763.0000   291110.0000  1360523    0.90%
  62714 52675   291110.0000    44   293763.0000   291110.0000  1360587    0.90%
  62715 52676   291110.0000    43   293763.0000   291110.0000  1360652    0.90%
  62716 52677   291110.0000    41   293763.0000   291110.0000  1360653    0.90%
Elapsed time = 56.68 sec. (86226.78 ticks, tree = 280.10 MB, solutions = 23)
* 64015+53146                       293633.0000   291110.0000             0.86%
* 64015+52264                       293508.0000   291110.0000             0.82%
* 64215+48211                       293037.0000   291110.0000             0.66%
  64515 48464   292239.4167    54   293037.0000   291110.0000  1418123    0.66%
  64516 48465   292239.4167    57   293037.0000   291110.0000  1418158    0.66%
  64517 48466   292239.4167    54   293037.0000   291110.0000  1418164    0.66%
  64518 48467   292239.4167    49   293037.0000   291110.0000  1418168    0.66%
  64519 48468   292239.4167    55   293037.0000   291110.0000  1418203    0.66%
  64520 48469   292239.4167    55   293037.0000   291110.0000  1418205    0.66%
  64521 48470   292239.4167    53   293037.0000   291110.0000  1418215    0.66%
  64522 48471   292239.4167    53   293037.0000   291110.0000  1418220    0.66%
  64523 48472   292239.4167    50   293037.0000   291110.0000  1418235    0.66%
  64524 48473   292239.4167    50   293037.0000   291110.0000  1418242    0.66%
Elapsed time = 59.39 sec. (90292.72 ticks, tree = 259.89 MB, solutions = 26)
  66592 50364   291110.0000    55   293037.0000   291110.0000  1475061    0.66%
  66593 50365   291110.0000    61   293037.0000   291110.0000  1475133    0.66%
  66594 50366   291110.0000    62   293037.0000   291110.0000  1475192    0.66%
  66595 50367   291110.0000    54   293037.0000   291110.0000  1475241    0.66%
  66596 50368   291110.0000    53   293037.0000   291110.0000  1475242    0.66%
  66597 50369   291110.0000    57   293037.0000   291110.0000  1475262    0.66%
  66598 50370   291110.0000    53   293037.0000   291110.0000  1475288    0.66%
  66599 50371   291110.0000    55   293037.0000   291110.0000  1475304    0.66%
  66600 50372   291110.0000    56   293037.0000   291110.0000  1475356    0.66%
  66601 50373   291110.0000    55   293037.0000   291110.0000  1475387    0.66%
Elapsed time = 61.92 sec. (94124.36 ticks, tree = 271.70 MB, solutions = 26)
  68903 52497   291381.4746    45   293037.0000   291110.0000  1543480    0.66%
  68904 52498   291428.0743    42   293037.0000   291110.0000  1543482    0.66%
  68905 52499   291428.0743    40   293037.0000   291110.0000  1543509    0.66%
  68906 52500   291428.0743    49   293037.0000   291110.0000  1543570    0.66%
  68907 52501   291428.0743    49   293037.0000   291110.0000  1543656    0.66%
  68908 52502   291428.0743    49   293037.0000   291110.0000  1543657    0.66%
  68909 52503   291428.0743    51   293037.0000   291110.0000  1543722    0.66%
  68910 52504   291428.0743    47   293037.0000   291110.0000  1543731    0.66%
  68911 52505   291428.0743    43   293037.0000   291110.0000  1543735    0.66%
  68912 52506   291477.0046    51   293037.0000   291110.0000  1543812    0.66%
Elapsed time = 64.43 sec. (97954.91 ticks, tree = 284.90 MB, solutions = 26)
  70664 54052   291110.0000    84   293037.0000   291110.0000  1609138    0.66%
  70665 54053   291110.0000    84   293037.0000   291110.0000  1609146    0.66%
  70666 54054   291110.0000    80   293037.0000   291110.0000  1609177    0.66%
  70667 54055   291110.0000    82   293037.0000   291110.0000  1609216    0.66%
  70668 54056   291113.1988    94   293037.0000   291110.0000  1609406    0.66%
  70669 54057   291113.2179    94   293037.0000   291110.0000  1609407    0.66%
  70670 54058   291113.2983    94   293037.0000   291110.0000  1609416    0.66%
  70671 54059   291115.1348    92   293037.0000   291110.0000  1609446    0.66%
  70672 54060   291116.1327    99   293037.0000   291110.0000  1609470    0.66%
  70673 54061   291116.1766    98   293037.0000   291110.0000  1609472    0.66%
Elapsed time = 66.97 sec. (101790.17 ticks, tree = 294.62 MB, solutions = 26)
  73029 56196   291110.0000    91   293037.0000   291110.0000  1668646    0.66%
  73030 56197   291110.0000    90   293037.0000   291110.0000  1668648    0.66%
  73031 56198   291110.0000    78   293037.0000   291110.0000  1668674    0.66%
  73032 56199   291110.0000    71   293037.0000   291110.0000  1668704    0.66%
  73033 56200   291110.0000    69   293037.0000   291110.0000  1668873    0.66%
  73034 56201   291110.0000    81   293037.0000   291110.0000  1668979    0.66%
  73035 56202   291110.0000    78   293037.0000   291110.0000  1668983    0.66%
  73036 56203   291203.0051    74   293037.0000   291110.0000  1669294    0.66%
  73037 56204   291204.2061    74   293037.0000   291110.0000  1669298    0.66%
  73038 56205   291275.3678    78   293037.0000   291110.0000  1669320    0.66%
Elapsed time = 69.50 sec. (105659.03 ticks, tree = 307.93 MB, solutions = 26)
  75514 58407   291508.9981    81   293037.0000   291110.0000  1735004    0.66%
  75515 58408   291511.6299    79   293037.0000   291110.0000  1735008    0.66%
  75516 58409   291512.5038    79   293037.0000   291110.0000  1735017    0.66%
  75517 58410   291514.2553    80   293037.0000   291110.0000  1735032    0.66%
  75518 58411   291515.2799    80   293037.0000   291110.0000  1735037    0.66%
  75519 58412   291550.6469    76   293037.0000   291110.0000  1735088    0.66%
  75520 58413   291556.4244    79   293037.0000   291110.0000  1735112    0.66%
  75521 58414   291556.4309    78   293037.0000   291110.0000  1735114    0.66%
  75522 58415   291558.5280    81   293037.0000   291110.0000  1735125    0.66%
  75523 58416   291726.4068    70   293037.0000   291110.0000  1735173    0.66%
Elapsed time = 72.08 sec. (109499.46 ticks, tree = 321.75 MB, solutions = 26)
  77322 59968   291541.0022    63   293037.0000   291110.0000  1795053    0.66%
  77323 59969   291542.0002    65   293037.0000   291110.0000  1795061    0.66%
  77324 59970   291545.9168    62   293037.0000   291110.0000  1795066    0.66%
  77325 59971   291573.8789    58   293037.0000   291110.0000  1795085    0.66%
  77326 59972   291575.4467    57   293037.0000   291110.0000  1795090    0.66%
  77327 59973   291586.7238    60   293037.0000   291110.0000  1795112    0.66%
  77328 59974   291587.7140    61   293037.0000   291110.0000  1795118    0.66%
  77329 59975   291589.5510    62   293037.0000   291110.0000  1795121    0.66%
  77330 59976   291601.6130    54   293037.0000   291110.0000  1795131    0.66%
  77331 59977   291726.3468    47   293037.0000   291110.0000  1795170    0.66%
Elapsed time = 74.69 sec. (113322.55 ticks, tree = 331.49 MB, solutions = 26)
  79111 61577   292870.4167    45   293037.0000   291110.0000  1857859    0.66%
  79112 61578   292870.4167    43   293037.0000   291110.0000  1857874    0.66%
  79113 61577        cutoff         293037.0000   291110.0000  1857919    0.66%
  79114 61578   292870.4167    43   293037.0000   291110.0000  1857928    0.66%
  79115 61579   292870.4167    44   293037.0000   291110.0000  1857935    0.66%
  79116 61578        cutoff         293037.0000   291110.0000  1857943    0.66%
  79117 61577        cutoff         293037.0000   291110.0000  1857956    0.66%
  79118 61576    infeasible         293037.0000   291110.0000  1857957    0.66%
  79119 61577   291110.0000    82   293037.0000   291110.0000  1858232    0.66%
  79120 61578   291110.0000    79   293037.0000   291110.0000  1858242    0.66%
Elapsed time = 77.21 sec. (117158.08 ticks, tree = 341.42 MB, solutions = 26)
  81274 63547   291110.0000    73   293037.0000   291110.0000  1923223    0.66%
  81275 63548   291110.0000    72   293037.0000   291110.0000  1923227    0.66%
  81276 63549   291110.0000    66   293037.0000   291110.0000  1923255    0.66%
  81277 63550   291110.0000    64   293037.0000   291110.0000  1923256    0.66%
  81278 63551   291110.0000    59   293037.0000   291110.0000  1923257    0.66%
  81279 63552   291110.0000    65   293037.0000   291110.0000  1923315    0.66%
  81280 63553   291110.0000    63   293037.0000   291110.0000  1923316    0.66%
  81281 63554   291110.0000    65   293037.0000   291110.0000  1923352    0.66%
  81282 63555   291110.0000    59   293037.0000   291110.0000  1923387    0.66%
  81283 63556   291110.0000    74   293037.0000   291110.0000  1923533    0.66%
Elapsed time = 79.69 sec. (120997.62 ticks, tree = 353.66 MB, solutions = 26)
  82936 65013   291110.0000    62   293037.0000   291110.0000  1986346    0.66%
  82937 65014   291110.0000    59   293037.0000   291110.0000  1986350    0.66%
  82938 65015   291110.0000    63   293037.0000   291110.0000  1986436    0.66%
  82939 65016   291110.0000    61   293037.0000   291110.0000  1986437    0.66%
  82940 65017   291110.0000    59   293037.0000   291110.0000  1986608    0.66%
  82941 65018   291110.0000    63   293037.0000   291110.0000  1986708    0.66%
  82942 65019   291110.0000    61   293037.0000   291110.0000  1986710    0.66%
  82943 65020   291110.0000    56   293037.0000   291110.0000  1986730    0.66%
  82944 65021   291110.0000    54   293037.0000   291110.0000  1986731    0.66%
  82945 65022   291111.1577    69   293037.0000   291110.0000  1986899    0.66%
Elapsed time = 82.17 sec. (124843.32 ticks, tree = 362.82 MB, solutions = 26)
  84975 66781   291289.0641    72   293037.0000   291110.0000  2046786    0.66%
  84976 66782   291293.2296    75   293037.0000   291110.0000  2046797    0.66%
  84977 66783   291293.7726    77   293037.0000   291110.0000  2046803    0.66%
  84978 66784   291301.1311    73   293037.0000   291110.0000  2046818    0.66%
  84979 66785   291301.8811    73   293037.0000   291110.0000  2046820    0.66%
  84980 66786   291304.4799    76   293037.0000   291110.0000  2046827    0.66%
  84981 66787   291305.2959    75   293037.0000   291110.0000  2046833    0.66%
  84982 66788   291319.4266    72   293037.0000   291110.0000  2046847    0.66%
  84983 66789   291319.4347    72   293037.0000   291110.0000  2046848    0.66%
  84984 66790   291342.6208    69   293037.0000   291110.0000  2046860    0.66%
Elapsed time = 84.71 sec. (128663.35 ticks, tree = 375.80 MB, solutions = 26)
  87478 69035   292239.4167    60   293037.0000   291110.0000  2114985    0.66%
  87479 69036   292239.4167    53   293037.0000   291110.0000  2115000    0.66%
  87480 69037   292239.4167    52   293037.0000   291110.0000  2115012    0.66%
  87481 69038   292239.4167    50   293037.0000   291110.0000  2115031    0.66%
  87482 69039   292239.4167    48   293037.0000   291110.0000  2115059    0.66%
  87483 69040   292239.4167    48   293037.0000   291110.0000  2115069    0.66%
  87484 69041   292239.4167    48   293037.0000   291110.0000  2115073    0.66%
  87485 69042   292239.4167    50   293037.0000   291110.0000  2115104    0.66%
  87486 69043   292239.4167    51   293037.0000   291110.0000  2115117    0.66%
  87487 69044   292239.4167    50   293037.0000   291110.0000  2115118    0.66%
Elapsed time = 87.16 sec. (132492.05 ticks, tree = 389.82 MB, solutions = 26)
  89714 71128   292862.8182    59   293037.0000   291110.0000  2176719    0.66%
  89715 71129   292862.8182    57   293037.0000   291110.0000  2176767    0.66%
  89716 71130   292862.8182    56   293037.0000   291110.0000  2176774    0.66%
  89717 71131   292862.8182    60   293037.0000   291110.0000  2176813    0.66%
  89718 71132   292862.8182    60   293037.0000   291110.0000  2176823    0.66%
  89719 71133   292862.8182    58   293037.0000   291110.0000  2176854    0.66%
  89720 71134   292862.8182    58   293037.0000   291110.0000  2176855    0.66%
  89721 71135   292862.8182    58   293037.0000   291110.0000  2176867    0.66%
  89722 71136   292862.8182    56   293037.0000   291110.0000  2176872    0.66%
  89723 71137   292862.8182    56   293037.0000   291110.0000  2176878    0.66%
Elapsed time = 89.63 sec. (136316.80 ticks, tree = 402.80 MB, solutions = 26)
  91302 72506        cutoff         293037.0000   291110.0000  2227228    0.66%
  91303 72505        cutoff         293037.0000   291110.0000  2227230    0.66%
  91304 72506   291771.9362    79   293037.0000   291110.0000  2227723    0.66%
  91305 72507   291773.5161    79   293037.0000   291110.0000  2227730    0.66%
  91306 72508   291774.3038    79   293037.0000   291110.0000  2227735    0.66%
  91307 72509   291792.2593    76   293037.0000   291110.0000  2227754    0.66%
  91308 72510   291797.1701    75   293037.0000   291110.0000  2227773    0.66%
  91309 72511   291797.2067    79   293037.0000   291110.0000  2227777    0.66%
  91310 72512   291797.8603    74   293037.0000   291110.0000  2227785    0.66%
  91311 72513   291799.5955    77   293037.0000   291110.0000  2227792    0.66%
Elapsed time = 92.14 sec. (140170.02 ticks, tree = 411.39 MB, solutions = 26)
  92215 73339   292211.8249    20   293037.0000   291110.0000  2252755    0.66%
  92216 73338        cutoff         293037.0000   291110.0000  2252756    0.66%
  92217 73337        cutoff         293037.0000   291110.0000  2252758    0.66%
  92218 73338   291110.0000    60   293037.0000   291110.0000  2252947    0.66%
  92219 73339   291110.0000    62   293037.0000   291110.0000  2253159    0.66%
  92220 73340   291110.0000    59   293037.0000   291110.0000  2253164    0.66%
  92221 73341   291110.0000    68   293037.0000   291110.0000  2253276    0.66%
  92222 73342   291110.0000    62   293037.0000   291110.0000  2253285    0.66%
  92223 73343   291110.0000    51   293037.0000   291110.0000  2253347    0.66%
  92224 73344   291110.0000    56   293037.0000   291110.0000  2253413    0.66%
Elapsed time = 94.76 sec. (144139.75 ticks, tree = 416.53 MB, solutions = 26)
* 92315+68796                       292840.0000   291110.0000             0.59%
  93258 69568   291110.0000    57   292840.0000   291110.0000  2287483    0.59%
  93259 69569   291110.0000    48   292840.0000   291110.0000  2287516    0.59%
  93260 69570   291110.0000    49   292840.0000   291110.0000  2287575    0.59%
  93261 69571   291110.0000    47   292840.0000   291110.0000  2287579    0.59%
  93262 69572   291110.0000    46   292840.0000   291110.0000  2287598    0.59%
  93263 69573   291110.0000    50   292840.0000   291110.0000  2287630    0.59%
  93264 69574   291110.0000    51   292840.0000   291110.0000  2287638    0.59%
  93265 69575   291110.0000    48   292840.0000   291110.0000  2287655    0.59%
  93266 69576   291110.0000    49   292840.0000   291110.0000  2287661    0.59%
  93267 69577   291110.0000    48   292840.0000   291110.0000  2287672    0.59%
Elapsed time = 97.43 sec. (147967.39 ticks, tree = 396.80 MB, solutions = 27)
* 93715+69140                       292813.0000   291110.0000             0.58%
  94375 69751   291730.5000    81   292813.0000   291110.0000  2325600    0.58%
  94376 69752   291110.0000    68   292813.0000   291110.0000  2325754    0.58%
  94377 69753   291110.0000    57   292813.0000   291110.0000  2325794    0.58%

Cover cuts applied:  94
Flow cuts applied:  4
Mixed integer rounding cuts applied:  295
Zero-half cuts applied:  2
Gomory fractional cuts applied:  2

Root node processing (before b&c):
  Real time             =    0.05 sec. (62.57 ticks)
Sequential b&c:
  Real time             =   99.95 sec. (151746.46 ticks)
                          ------------
Total (root+branch&cut) =  100.00 sec. (151809.03 ticks)

Solution pool: 28 solutions saved.

MIP - Time limit exceeded, integer feasible:  Objective =  2.9281300000e+05
Current MIP best bound =  2.9111000000e+05 (gap = 1703, 0.58%)
Solution time =  100.00 sec.  Iterations = 2325971  Nodes = 94378 (69753)
Deterministic time = 151809.03 ticks  (1518.08 ticks/sec)


Incumbent solution written to file '/tmp/tmpeCNdct.cplex.sol'.
