
Log started (V12.6.3.0) Fri Apr 20 23:46:21 2018

New value for default parallel thread count: 1

Problem '/tmp/tmp2moV7e.pyomo.lp' read.
Read time = 0.14 sec. (12.92 ticks)

Problem name         : /tmp/tmp2moV7e.pyomo.lp
Objective sense      : Minimize
Variables            :    3758  [Nneg: 1,  Binary: 3744,  General Integer: 13]
Objective nonzeros   :       1
Linear constraints   :     650  [Less: 324,  Equal: 326]
  Nonzeros           :  958261
  RHS nonzeros       :     625

Variables            : Min LB: 0.000000         Max UB: 1.000000       
Objective nonzeros   : Min   : 1.000000         Max   : 1.000000       
Linear constraints   :
  Nonzeros           : Min   : 1.000000         Max   : 19298.00       
  RHS nonzeros       : Min   : 1.000000         Max   : 32.00000       
Tried aggregator 2 times.
MIP Presolve eliminated 318 rows and 517 columns.
Aggregator did 28 substitutions.
Reduced MIP has 304 rows, 3213 columns, and 9035 nonzeros.
Reduced MIP has 3212 binaries, 1 generals, 0 SOSs, and 0 indicators.
Presolve time = 0.15 sec. (152.47 ticks)
Found incumbent of value 2893369.000000 after 0.19 sec. (185.96 ticks)
Tried aggregator 1 time.
Reduced MIP has 304 rows, 3213 columns, and 9035 nonzeros.
Reduced MIP has 3212 binaries, 1 generals, 0 SOSs, and 0 indicators.
Presolve time = 0.00 sec. (3.98 ticks)
Probing time = 0.00 sec. (1.95 ticks)
Clique table members: 292.
MIP emphasis: balance optimality and feasibility.
MIP search method: dynamic search.
Parallel mode: none, using 1 thread.
Root relaxation solution time = 0.00 sec. (8.10 ticks)

        Nodes                                         Cuts/
   Node  Left     Objective  IInf  Best Integer    Best Bound    ItCnt     Gap

*     0+    0                      2893369.0000        0.0000           100.00%
      0     0   263033.5455    20  2893369.0000   263033.5455      119   90.91%
*     0+    0                       273573.0000   263033.5455             3.85%
      0     0   263034.0000    22   273573.0000      Fract: 8      141    3.85%
*     0+    0                       273121.0000   263034.0000             3.69%
      0     0   263034.0000    24   273121.0000      Cuts: 18      181    3.69%
*     0+    0                       267465.0000   263034.0000             1.66%
*     0+    0                       266188.0000   263034.0000             1.18%
*     0+    0                       265638.0000   263034.0000             0.98%
*     0+    0                       265601.0000   263034.0000             0.97%
*     0+    0                       265124.0000   263034.0000             0.79%
*     0+    0                       264824.0000   263034.0000             0.68%
*     0+    0                       264759.0000   263034.0000             0.65%
*     0+    0                       264277.0000   263034.0000             0.47%
      0     2   263034.0000    15   264277.0000   263034.0000      181    0.47%
Elapsed time = 0.35 sec. (389.84 ticks, tree = 0.01 MB, solutions = 11)
*   233+  196                       264203.0000   263034.0000             0.44%
    239   204   263212.6082    14   264203.0000   263034.0000     1505    0.44%
    240   205   263034.0000    16   264203.0000   263034.0000     1507    0.44%
    241   206   263034.0000    16   264203.0000   263034.0000     1513    0.44%
    242   207   263034.0000    15   264203.0000   263034.0000     1516    0.44%
    243   208   263034.0000    17   264203.0000   263034.0000     1524    0.44%
    244   209   263034.0000    17   264203.0000   263034.0000     1528    0.44%
    245   210   263034.0000    17   264203.0000   263034.0000     1533    0.44%
    246   211   263034.0000    17   264203.0000   263034.0000     1538    0.44%
    247   212   263034.0000    17   264203.0000   263034.0000     1540    0.44%
    583   468   263034.0000    18   264203.0000   263034.0000     3150    0.44%
Elapsed time = 0.99 sec. (1345.23 ticks, tree = 2.41 MB, solutions = 12)
*   699+  406                       263930.0000   263034.0000             0.34%
    915   495   263034.0000    18   263930.0000   263034.0000     4874    0.34%
    916   496   263034.0000    17   263930.0000   263034.0000     4875    0.34%
    917   497   263034.0000    17   263930.0000   263034.0000     4880    0.34%
    918   498   263034.0000    17   263930.0000   263034.0000     4886    0.34%
    919   498   263034.0000    19   263930.0000   263034.0000     4890    0.34%
    920   498   263034.0000    18   263930.0000   263034.0000     4894    0.34%
    921   499   263034.0000    18   263930.0000   263034.0000     4895    0.34%
    922   500   263034.0000    18   263930.0000   263034.0000     4896    0.34%
    923   500   263034.0000    18   263930.0000   263034.0000     4897    0.34%
    924   501   263034.0000    18   263930.0000   263034.0000     4898    0.34%
Elapsed time = 1.62 sec. (2311.80 ticks, tree = 2.61 MB, solutions = 13)
*   999+  512                       263898.0000   263034.0000             0.33%
   1436   854   263034.0000    19   263898.0000   263034.0000     7405    0.33%
   1437   855   263034.0000    20   263898.0000   263034.0000     7414    0.33%
   1438   856   263034.0000    19   263898.0000   263034.0000     7420    0.33%
   1439   857   263034.0000    18   263898.0000   263034.0000     7423    0.33%
   1440   858   263034.0000    17   263898.0000   263034.0000     7431    0.33%
   1441   859   263034.0000    17   263898.0000   263034.0000     7435    0.33%
   1442   860   263034.0000    18   263898.0000   263034.0000     7462    0.33%
   1443   861   263034.0000    17   263898.0000   263034.0000     7465    0.33%
   1444   862   263034.0000    19   263898.0000   263034.0000     7484    0.33%
   1445   863   263034.0000    18   263898.0000   263034.0000     7489    0.33%
Elapsed time = 2.29 sec. (3287.48 ticks, tree = 4.60 MB, solutions = 14)
*  1999+ 1354                       263798.0000   263034.0000             0.29%
*  2101+ 1430                       263700.0000   263034.0000             0.25%
   2238  1569   263034.0000    17   263700.0000   263034.0000    10520    0.25%
   2239  1570   263034.0000    17   263700.0000   263034.0000    10521    0.25%
   2240  1571   263034.0000    18   263700.0000   263034.0000    10524    0.25%
   2241  1572   263034.0000    17   263700.0000   263034.0000    10527    0.25%
   2242  1573   263034.0000    17   263700.0000   263034.0000    10528    0.25%
   2243  1574   263034.0000    17   263700.0000   263034.0000    10529    0.25%
   2244  1575   263034.0000    16   263700.0000   263034.0000    10539    0.25%
   2245  1576   263034.0000    16   263700.0000   263034.0000    10540    0.25%
   2246  1577   263034.0000    15   263700.0000   263034.0000    10548    0.25%
   2247  1578   263034.0000    16   263700.0000   263034.0000    10555    0.25%
Elapsed time = 3.00 sec. (4249.95 ticks, tree = 8.53 MB, solutions = 16)
*  2499+ 1820                       263659.0000   263034.0000             0.24%
   3099  2401   263324.0000    11   263659.0000   263034.0000    14157    0.24%
   3100  2402   263324.0000    11   263659.0000   263034.0000    14157    0.24%
   3101  2403   263034.0000    15   263659.0000   263034.0000    14161    0.24%
   3102  2404   263034.0000    14   263659.0000   263034.0000    14167    0.24%
   3103  2405   263034.0000    15   263659.0000   263034.0000    14172    0.24%
   3104  2406   263034.0000    15   263659.0000   263034.0000    14173    0.24%
   3105  2407   263034.0000    15   263659.0000   263034.0000    14180    0.24%
   3106  2408   263034.0000    15   263659.0000   263034.0000    14184    0.24%
   3107  2409   263034.0000    16   263659.0000   263034.0000    14188    0.24%
   3108  2410   263034.0000    16   263659.0000   263034.0000    14189    0.24%
Elapsed time = 3.73 sec. (5223.58 ticks, tree = 13.09 MB, solutions = 17)
   4297  3580   263034.0000    19   263659.0000   263034.0000    18906    0.24%
   4298  3581   263034.0000    20   263659.0000   263034.0000    18924    0.24%
   4299  3582   263034.0000    21   263659.0000   263034.0000    18927    0.24%
   4300  3583   263034.0000    21   263659.0000   263034.0000    18928    0.24%
   4301  3584   263034.0000    16   263659.0000   263034.0000    18938    0.24%
   4302  3585   263034.0000    16   263659.0000   263034.0000    18939    0.24%
   4303  3586   263034.0000    16   263659.0000   263034.0000    18940    0.24%
   4304  3587   263034.0000    16   263659.0000   263034.0000    18944    0.24%
   4305  3588   263034.0000    15   263659.0000   263034.0000    18946    0.24%
   4306  3589   263034.0000    15   263659.0000   263034.0000    18947    0.24%
Elapsed time = 4.34 sec. (6191.70 ticks, tree = 19.45 MB, solutions = 17)
   5618  4869   263034.0000    19   263659.0000   263034.0000    24232    0.24%
   5619  4870   263034.0000    19   263659.0000   263034.0000    24233    0.24%
   5620  4871   263034.0000    19   263659.0000   263034.0000    24234    0.24%
   5621  4872   263034.0000    19   263659.0000   263034.0000    24235    0.24%
   5622  4873   263034.0000    20   263659.0000   263034.0000    24238    0.24%
   5623  4874   263034.0000    19   263659.0000   263034.0000    24245    0.24%
   5624  4875   263034.0000    19   263659.0000   263034.0000    24246    0.24%
   5625  4876   263034.0000    19   263659.0000   263034.0000    24249    0.24%
   5626  4877   263034.0000    19   263659.0000   263034.0000    24251    0.24%
   5627  4878   263034.0000    19   263659.0000   263034.0000    24252    0.24%
Elapsed time = 4.95 sec. (7150.07 ticks, tree = 26.53 MB, solutions = 17)
   7252  6484   263034.0000    19   263659.0000   263034.0000    30558    0.24%
   7253  6485   263034.0000    19   263659.0000   263034.0000    30564    0.24%
   7254  6486   263034.0000    19   263659.0000   263034.0000    30570    0.24%
   7255  6487   263034.0000    19   263659.0000   263034.0000    30576    0.24%
   7256  6488   263034.0000    19   263659.0000   263034.0000    30590    0.24%
   7257  6489   263034.0000    18   263659.0000   263034.0000    30607    0.24%
   7258  6490   263034.0000    18   263659.0000   263034.0000    30615    0.24%
   7259  6490   263279.7286    14   263659.0000   263034.0000    30625    0.24%
   7260  6491   263280.0000    13   263659.0000   263034.0000    30626    0.24%
   7261  6492   263280.0000    13   263659.0000   263034.0000    30633    0.24%
Elapsed time = 5.56 sec. (8116.59 ticks, tree = 35.38 MB, solutions = 17)
   8886  7995   263034.0000    20   263659.0000   263034.0000    37535    0.24%
   8887  7996   263034.0000    21   263659.0000   263034.0000    37538    0.24%
   8888  7997   263034.0000    21   263659.0000   263034.0000    37546    0.24%
   8889  7998   263034.0000    20   263659.0000   263034.0000    37550    0.24%
   8890  7999   263034.0000    20   263659.0000   263034.0000    37554    0.24%
   8891  8000   263034.0000    20   263659.0000   263034.0000    37556    0.24%
   8892  8001   263034.0000    19   263659.0000   263034.0000    37568    0.24%
   8893  8002   263034.0000    16   263659.0000   263034.0000    37572    0.24%
   8894  8003   263034.0000    19   263659.0000   263034.0000    37586    0.24%
   8895  8004   263150.3440    17   263659.0000   263034.0000    37589    0.24%
Elapsed time = 6.16 sec. (9075.43 ticks, tree = 43.70 MB, solutions = 17)
* 10419+ 9503                       263658.0000   263034.0000             0.24%
  10419  9505   263034.0000    18   263658.0000   263034.0000    43254    0.24%
  10420  9506   263034.0000    16   263658.0000   263034.0000    43275    0.24%
  10421  9507   263034.0000    16   263658.0000   263034.0000    43296    0.24%
  10422  9508   263034.0000    15   263658.0000   263034.0000    43298    0.24%
  10423  9509   263034.0000    16   263658.0000   263034.0000    43301    0.24%
  10424  9510   263034.0000    16   263658.0000   263034.0000    43308    0.24%
  10425  9511   263034.0000    16   263658.0000   263034.0000    43309    0.24%
  10426  9512   263034.0000    16   263658.0000   263034.0000    43314    0.24%
  10427  9513   263034.0000    16   263658.0000   263034.0000    43315    0.24%
  14337 13250   263034.0000    16   263658.0000   263034.0000    58744    0.24%
Elapsed time = 8.78 sec. (12890.90 ticks, tree = 73.27 MB, solutions = 18)
  21192 19605   263484.0000    17   263658.0000   263034.0000    80921    0.24%
  21193 19606   263484.0000    17   263658.0000   263034.0000    80922    0.24%
  21194 19607   263484.0000    16   263658.0000   263034.0000    80923    0.24%
  21195 19608   263484.0000    15   263658.0000   263034.0000    80925    0.24%
  21196 19609   263484.0000    15   263658.0000   263034.0000    80929    0.24%
  21197 19610   263484.0000    16   263658.0000   263034.0000    80935    0.24%
  21198 19611   263484.0000    16   263658.0000   263034.0000    80936    0.24%
  21199 19612   263484.0000    16   263658.0000   263034.0000    80938    0.24%
  21200 19613   263484.0000    15   263658.0000   263034.0000    80939    0.24%
  21201 19614   263484.0000    15   263658.0000   263034.0000    80940    0.24%
Elapsed time = 11.19 sec. (16709.44 ticks, tree = 110.22 MB, solutions = 18)
  28176 26131   263034.0000    16   263658.0000   263034.0000   101032    0.24%
  28177 26132   263034.0000    15   263658.0000   263034.0000   101036    0.24%
  28178 26133   263034.0000    18   263658.0000   263034.0000   101043    0.24%
  28179 26134   263034.0000    16   263658.0000   263034.0000   101046    0.24%
  28180 26135   263034.0000    16   263658.0000   263034.0000   101049    0.24%
  28181 26136   263034.0000    16   263658.0000   263034.0000   101050    0.24%
  28182 26137   263034.0000    16   263658.0000   263034.0000   101051    0.24%
  28183 26138   263034.0000    16   263658.0000   263034.0000   101053    0.24%
  28184 26139   263034.0000    16   263658.0000   263034.0000   101055    0.24%
  28185 26140   263034.0000    17   263658.0000   263034.0000   101058    0.24%
Elapsed time = 13.70 sec. (20528.28 ticks, tree = 148.68 MB, solutions = 18)
  33557 30441   263034.0000    21   263658.0000   263034.0000   120060    0.24%
  33558 30442   263034.0000    21   263658.0000   263034.0000   120063    0.24%
  33559 30443   263034.0000    21   263658.0000   263034.0000   120068    0.24%
  33560 30443   263115.6112    20   263658.0000   263034.0000   120081    0.24%
  33561 30443   263115.6112    20   263658.0000   263034.0000   120082    0.24%
  33562 30444   263115.6112    21   263658.0000   263034.0000   120083    0.24%
  33563 30445   263115.6112    21   263658.0000   263034.0000   120084    0.24%
  33564 30446   263145.6897    20   263658.0000   263034.0000   120086    0.24%
  33565 30447   263148.1785    20   263658.0000   263034.0000   120087    0.24%
  33566 30448   263153.5681    20   263658.0000   263034.0000   120088    0.24%
Elapsed time = 16.34 sec. (24350.68 ticks, tree = 175.10 MB, solutions = 18)
  39437 35764   263034.0000    15   263658.0000   263034.0000   143076    0.24%
  39438 35765   263034.0000    15   263658.0000   263034.0000   143084    0.24%
  39439 35765   263034.0000    14   263658.0000   263034.0000   143097    0.24%
  39440 35766   263034.0000    14   263658.0000   263034.0000   143098    0.24%
  39441 35765        cutoff         263658.0000   263034.0000   143115    0.24%
  39442 35766   263034.0000    14   263658.0000   263034.0000   143117    0.24%
  39443 35765        cutoff         263658.0000   263034.0000   143120    0.24%
  39444 35766   263034.0000    14   263658.0000   263034.0000   143126    0.24%
  39445 35765        cutoff         263658.0000   263034.0000   143130    0.24%
  39446 35765   263034.0000    14   263658.0000   263034.0000   143134    0.24%
Elapsed time = 18.82 sec. (28173.62 ticks, tree = 209.41 MB, solutions = 18)
  46182 42207   263034.0000    14   263658.0000   263034.0000   162223    0.24%
  46183 42208   263034.0000    13   263658.0000   263034.0000   162226    0.24%
  46184 42209   263034.0000    14   263658.0000   263034.0000   162232    0.24%
  46185 42210   263034.0000    15   263658.0000   263034.0000   162235    0.24%
  46186 42211   263034.0000    15   263658.0000   263034.0000   162241    0.24%
  46187 42212   263034.0000    15   263658.0000   263034.0000   162242    0.24%
  46188 42213   263034.0000    16   263658.0000   263034.0000   162247    0.24%
  46189 42214   263034.0000    16   263658.0000   263034.0000   162264    0.24%
  46190 42215   263034.0000    16   263658.0000   263034.0000   162267    0.24%
  46191 42216   263034.0000    16   263658.0000   263034.0000   162270    0.24%
Elapsed time = 21.22 sec. (31993.46 ticks, tree = 249.02 MB, solutions = 18)
  52699 48442   263034.0000    15   263658.0000   263034.0000   181794    0.24%
  52700 48443   263034.0000    16   263658.0000   263034.0000   181800    0.24%
  52701 48444   263034.0000    15   263658.0000   263034.0000   181804    0.24%
  52702 48445   263034.0000    15   263658.0000   263034.0000   181812    0.24%
  52703 48446   263034.0000    15   263658.0000   263034.0000   181813    0.24%
  52704 48447   263034.0000    15   263658.0000   263034.0000   181814    0.24%
  52705 48448   263034.0000    15   263658.0000   263034.0000   181817    0.24%
  52706 48449   263034.0000    15   263658.0000   263034.0000   181820    0.24%
  52707 48450   263034.0000    16   263658.0000   263034.0000   181826    0.24%
  52708 48451   263034.0000    15   263658.0000   263034.0000   181830    0.24%
Elapsed time = 23.65 sec. (35816.46 ticks, tree = 287.21 MB, solutions = 18)
  58992 54473   263034.0000    19   263658.0000   263034.0000   200967    0.24%
  58993 54474   263034.0000    19   263658.0000   263034.0000   200968    0.24%
  58994 54475   263034.0000    19   263658.0000   263034.0000   200969    0.24%
  58995 54476   263034.0000    19   263658.0000   263034.0000   200970    0.24%
  58996 54477   263034.0000    16   263658.0000   263034.0000   200973    0.24%
  58997 54478   263034.0000    17   263658.0000   263034.0000   200984    0.24%
  58998 54479   263034.0000    17   263658.0000   263034.0000   200986    0.24%
  58999 54480   263034.0000    17   263658.0000   263034.0000   200991    0.24%
  59000 54481   263034.0000    17   263658.0000   263034.0000   200992    0.24%
  59001 54482   263034.0000    18   263658.0000   263034.0000   200997    0.24%
Elapsed time = 26.07 sec. (39635.35 ticks, tree = 323.82 MB, solutions = 18)
* 59899+54006                       263602.0000   263034.0000             0.22%
* 59899+53723                       263571.0000   263034.0000             0.20%
  65299 58853   263034.0000    18   263571.0000   263034.0000   218028    0.20%
  65300 58854   263034.0000    17   263571.0000   263034.0000   218032    0.20%
  65301 58855   263034.0000    16   263571.0000   263034.0000   218039    0.20%
  65302 58856   263034.0000    17   263571.0000   263034.0000   218045    0.20%
  65303 58857   263034.0000    16   263571.0000   263034.0000   218047    0.20%
  65304 58858   263034.0000    16   263571.0000   263034.0000   218048    0.20%
  65305 58859   263034.0000    16   263571.0000   263034.0000   218050    0.20%
  65306 58860   263034.0000    17   263571.0000   263034.0000   218051    0.20%
  65307 58861   263034.0000    17   263571.0000   263034.0000   218052    0.20%
  65308 58862   263034.0000    17   263571.0000   263034.0000   218056    0.20%
Elapsed time = 28.53 sec. (43463.15 ticks, tree = 349.45 MB, solutions = 20)
* 68099+61486                       263563.0000   263034.0000             0.20%
  71858 65131   263553.0000     8   263563.0000   263034.0000   236371    0.20%
  71859 65130        cutoff         263563.0000   263034.0000   236374    0.20%
  71860 65130   263553.0000    10   263563.0000   263034.0000   236376    0.20%
  71861 65131   263553.0000    10   263563.0000   263034.0000   236377    0.20%
  71862 65132   263553.0000    10   263563.0000   263034.0000   236378    0.20%
  71863 65132   263553.0000    10   263563.0000   263034.0000   236379    0.20%
  71864 65133   263553.0000     8   263563.0000   263034.0000   236381    0.20%
  71865 65133   263553.0000     8   263563.0000   263034.0000   236382    0.20%
  71866 65132        cutoff         263563.0000   263034.0000   236384    0.20%
  71867 65133   263034.0000    15   263563.0000   263034.0000   236400    0.20%
Elapsed time = 30.99 sec. (47283.55 ticks, tree = 386.83 MB, solutions = 21)
* 72999+64641                       263546.0000   263034.0000             0.19%
* 73251+64775                       263507.0000   263034.0000             0.18%
  78499 69832   263085.3000    17   263507.0000   263034.0000   253626    0.18%
  78500 69833   263085.3000    16   263507.0000   263034.0000   253628    0.18%
  78501 69834   263085.3000    16   263507.0000   263034.0000   253634    0.18%
  78502 69835   263085.3000    17   263507.0000   263034.0000   253638    0.18%
  78503 69836   263085.3000    17   263507.0000   263034.0000   253639    0.18%
  78504 69837   263085.3000    16   263507.0000   263034.0000   253642    0.18%
  78505 69838   263085.3000    15   263507.0000   263034.0000   253645    0.18%
  78506 69839   263085.3000    16   263507.0000   263034.0000   253646    0.18%
  78507 69840   263085.3000    15   263507.0000   263034.0000   253647    0.18%
  78508 69841   263085.3000    15   263507.0000   263034.0000   253650    0.18%
Elapsed time = 33.47 sec. (51103.74 ticks, tree = 416.66 MB, solutions = 23)
  85051 76216   263034.0000    18   263507.0000   263034.0000   269426    0.18%
  85052 76217   263034.0000    17   263507.0000   263034.0000   269429    0.18%
  85053 76218   263034.0000    17   263507.0000   263034.0000   269432    0.18%
  85054 76219   263034.0000    16   263507.0000   263034.0000   269443    0.18%
  85055 76220   263034.0000    16   263507.0000   263034.0000   269444    0.18%
  85056 76221   263034.0000    19   263507.0000   263034.0000   269468    0.18%
  85057 76222   263034.0000    16   263507.0000   263034.0000   269469    0.18%
  85058 76223   263034.0000    17   263507.0000   263034.0000   269471    0.18%
  85059 76224   263034.0000    16   263507.0000   263034.0000   269478    0.18%
  85060 76225   263034.0000    16   263507.0000   263034.0000   269479    0.18%
Elapsed time = 35.90 sec. (54928.14 ticks, tree = 455.24 MB, solutions = 23)
  91093 81992   263034.0000    18   263507.0000   263034.0000   288331    0.18%
  91094 81993   263034.0000    19   263507.0000   263034.0000   288341    0.18%
  91095 81994   263034.0000    19   263507.0000   263034.0000   288342    0.18%
  91096 81995   263034.0000    19   263507.0000   263034.0000   288345    0.18%
  91097 81996   263034.0000    22   263507.0000   263034.0000   288356    0.18%
  91098 81997   263034.0000    19   263507.0000   263034.0000   288358    0.18%
  91099 81998   263034.0000    19   263507.0000   263034.0000   288360    0.18%
  91100 81999   263034.0000    19   263507.0000   263034.0000   288362    0.18%
  91101 82000   263034.0000    18   263507.0000   263034.0000   288371    0.18%
  91102 82001   263034.0000    18   263507.0000   263034.0000   288382    0.18%
Elapsed time = 38.36 sec. (58749.25 ticks, tree = 490.05 MB, solutions = 23)
  97395 88036   263438.0000    10   263507.0000   263034.0000   306504    0.18%
  97396 88036   263438.0000    10   263507.0000   263034.0000   306507    0.18%
  97397 88036   263438.0000     8   263507.0000   263034.0000   306509    0.18%
  97398 88036   263438.0000     8   263507.0000   263034.0000   306510    0.18%
  97399 88037   263438.0000     8   263507.0000   263034.0000   306511    0.18%
  97400 88038   263438.0000     8   263507.0000   263034.0000   306512    0.18%
  97401 88039   263438.0000     8   263507.0000   263034.0000   306513    0.18%
  97402 88040   263438.0000     8   263507.0000   263034.0000   306516    0.18%
  97403 88041   263438.0000    12   263507.0000   263034.0000   306521    0.18%
  97404 88042   263438.0000    10   263507.0000   263034.0000   306522    0.18%
Elapsed time = 40.86 sec. (62571.13 ticks, tree = 526.32 MB, solutions = 23)
 103862 94257   263085.3000    18   263507.0000   263034.0000   324046    0.18%
 103863 94258   263085.3000    18   263507.0000   263034.0000   324047    0.18%
 103864 94259   263085.3000    18   263507.0000   263034.0000   324048    0.18%
 103865 94260   263085.3000    19   263507.0000   263034.0000   324055    0.18%
 103866 94261   263085.3000    20   263507.0000   263034.0000   324058    0.18%
 103867 94262   263085.3000    19   263507.0000   263034.0000   324059    0.18%
 103868 94263   263085.3000    19   263507.0000   263034.0000   324062    0.18%
 103869 94264   263085.3000    19   263507.0000   263034.0000   324063    0.18%
 103870 94265   263085.3000    19   263507.0000   263034.0000   324064    0.18%
 103871 94266   263085.3000    20   263507.0000   263034.0000   324065    0.18%
Elapsed time = 43.32 sec. (66391.29 ticks, tree = 563.43 MB, solutions = 23)
 110257 100401        cutoff         263507.0000   263034.0000   342167    0.18%
 110258 100402   263034.0000    17   263507.0000   263034.0000   342176    0.18%
 110259 100403   263034.0000    18   263507.0000   263034.0000   342177    0.18%
 110260 100404   263034.0000    19   263507.0000   263034.0000   342178    0.18%
 110261 100405   263034.0000    19   263507.0000   263034.0000   342180    0.18%
 110262 100406   263034.0000    18   263507.0000   263034.0000   342182    0.18%
 110263 100407   263034.0000    18   263507.0000   263034.0000   342183    0.18%
 110264 100408   263034.0000    19   263507.0000   263034.0000   342187    0.18%
 110265 100409   263034.0000    19   263507.0000   263034.0000   342188    0.18%
 110266 100410   263034.0000    19   263507.0000   263034.0000   342189    0.18%
Elapsed time = 45.79 sec. (70241.12 ticks, tree = 600.42 MB, solutions = 23)
 116417 106247   263153.8889    17   263507.0000   263034.0000   361375    0.18%
 116418 106248   263153.8889    17   263507.0000   263034.0000   361376    0.18%
 116419 106249   263153.8889    17   263507.0000   263034.0000   361379    0.18%
 116420 106250   263153.8889    17   263507.0000   263034.0000   361380    0.18%
 116421 106251   263153.8889    17   263507.0000   263034.0000   361382    0.18%
 116422 106252   263153.8889    17   263507.0000   263034.0000   361383    0.18%
 116423 106253   263153.8889    17   263507.0000   263034.0000   361384    0.18%
 116424 106254   263153.8889    17   263507.0000   263034.0000   361385    0.18%
 116425 106255   263153.8889    17   263507.0000   263034.0000   361387    0.18%
 116426 106256   263153.8889    17   263507.0000   263034.0000   361389    0.18%
Elapsed time = 48.30 sec. (74060.89 ticks, tree = 635.78 MB, solutions = 23)
*119199+105242                       263436.0000   263034.0000             0.15%
 123099 109052   263034.0000    19   263436.0000   263034.0000   377512    0.15%
 123100 109053   263034.0000    20   263436.0000   263034.0000   377513    0.15%
 123101 109054   263034.0000    20   263436.0000   263034.0000   377516    0.15%
 123102 109055   263034.0000    21   263436.0000   263034.0000   377520    0.15%
 123103 109056   263034.0000    20   263436.0000   263034.0000   377523    0.15%
 123104 109057   263034.0000    21   263436.0000   263034.0000   377524    0.15%
 123105 109058   263034.0000    21   263436.0000   263034.0000   377525    0.15%
 123106 109059   263034.0000    20   263436.0000   263034.0000   377529    0.15%
 123107 109060   263034.0000    20   263436.0000   263034.0000   377530    0.15%
 123108 109061   263034.0000    20   263436.0000   263034.0000   377531    0.15%
Elapsed time = 50.77 sec. (77901.55 ticks, tree = 651.81 MB, solutions = 24)
 129468 115121   263085.3000    19   263436.0000   263034.0000   395075    0.15%
 129469 115122   263085.3000    19   263436.0000   263034.0000   395076    0.15%
 129470 115123   263085.3000    19   263436.0000   263034.0000   395078    0.15%
 129471 115124   263085.3000    18   263436.0000   263034.0000   395080    0.15%
 129472 115125   263085.3000    15   263436.0000   263034.0000   395084    0.15%
 129473 115126   263085.3000    15   263436.0000   263034.0000   395085    0.15%
 129474 115127   263085.3000    15   263436.0000   263034.0000   395088    0.15%
 129475 115128   263085.3000    15   263436.0000   263034.0000   395089    0.15%
 129476 115129   263085.3000    15   263436.0000   263034.0000   395090    0.15%
 129477 115130   263085.3000    15   263436.0000   263034.0000   395091    0.15%
Elapsed time = 53.18 sec. (81723.09 ticks, tree = 688.14 MB, solutions = 24)
 135739 121271   263295.0000    12   263436.0000   263034.0000   410658    0.15%
 135740 121272   263295.0000    12   263436.0000   263034.0000   410659    0.15%
 135741 121273   263295.0000    12   263436.0000   263034.0000   410660    0.15%
 135742 121274   263295.0000    12   263436.0000   263034.0000   410661    0.15%
 135743 121275   263295.0000    12   263436.0000   263034.0000   410662    0.15%
 135744 121276   263295.0000    12   263436.0000   263034.0000   410663    0.15%
 135745 121277   263295.0000    12   263436.0000   263034.0000   410664    0.15%
 135746 121278   263295.0000    12   263436.0000   263034.0000   410665    0.15%
 135747 121279   263295.0000    12   263436.0000   263034.0000   410666    0.15%
 135748 121280   263295.0000    12   263436.0000   263034.0000   410667    0.15%
Elapsed time = 55.60 sec. (85541.17 ticks, tree = 725.38 MB, solutions = 24)
 141995 127306   263034.0000    17   263436.0000   263034.0000   426281    0.15%
 141996 127307   263034.0000    17   263436.0000   263034.0000   426286    0.15%
 141997 127308   263034.0000    18   263436.0000   263034.0000   426293    0.15%
 141998 127309   263034.0000    17   263436.0000   263034.0000   426300    0.15%
 141999 127310   263034.0000    16   263436.0000   263034.0000   426306    0.15%
 142000 127311   263034.0000    17   263436.0000   263034.0000   426323    0.15%
 142001 127312   263034.0000    18   263436.0000   263034.0000   426325    0.15%
 142002 127313   263034.0000    18   263436.0000   263034.0000   426326    0.15%
 142003 127314   263034.0000    18   263436.0000   263034.0000   426327    0.15%
 142004 127315   263034.0000    18   263436.0000   263034.0000   426328    0.15%
Elapsed time = 58.01 sec. (89362.56 ticks, tree = 761.86 MB, solutions = 24)
 148427 133399   263034.0000    17   263436.0000   263034.0000   441477    0.15%
 148428 133400   263034.0000    17   263436.0000   263034.0000   441478    0.15%
 148429 133401   263034.0000    17   263436.0000   263034.0000   441479    0.15%
 148430 133402   263034.0000    17   263436.0000   263034.0000   441480    0.15%
 148431 133403   263034.0000    17   263436.0000   263034.0000   441481    0.15%
 148432 133404   263034.0000    17   263436.0000   263034.0000   441482    0.15%
 148433 133405   263034.0000    17   263436.0000   263034.0000   441483    0.15%
 148434 133406   263034.0000    17   263436.0000   263034.0000   441484    0.15%
 148435 133407   263034.0000    17   263436.0000   263034.0000   441485    0.15%
 148436 133408   263034.0000    17   263436.0000   263034.0000   441486    0.15%
Elapsed time = 60.41 sec. (93181.05 ticks, tree = 800.25 MB, solutions = 24)
 155109 139801   263034.0000    18   263436.0000   263034.0000   458068    0.15%
 155110 139802   263034.0000    17   263436.0000   263034.0000   458070    0.15%
 155111 139803   263034.0000    17   263436.0000   263034.0000   458071    0.15%
 155112 139804   263034.0000    17   263436.0000   263034.0000   458072    0.15%
 155113 139805   263034.0000    17   263436.0000   263034.0000   458073    0.15%
 155114 139806   263034.0000    17   263436.0000   263034.0000   458074    0.15%
 155115 139807   263034.0000    17   263436.0000   263034.0000   458075    0.15%
 155116 139808   263034.0000    17   263436.0000   263034.0000   458076    0.15%
 155117 139809   263034.0000    17   263436.0000   263034.0000   458077    0.15%
 155118 139810   263034.0000    18   263436.0000   263034.0000   458079    0.15%
Elapsed time = 62.87 sec. (96999.61 ticks, tree = 839.05 MB, solutions = 24)
 161645 145501   263034.0000    16   263436.0000   263034.0000   478406    0.15%
 161646 145502   263034.0000    16   263436.0000   263034.0000   478412    0.15%
 161647 145503   263034.0000    16   263436.0000   263034.0000   478416    0.15%
 161648 145504   263034.0000    15   263436.0000   263034.0000   478419    0.15%
 161649 145505   263034.0000    16   263436.0000   263034.0000   478420    0.15%
 161650 145506   263034.0000    16   263436.0000   263034.0000   478421    0.15%
 161651 145507   263034.0000    16   263436.0000   263034.0000   478422    0.15%
 161652 145508   263034.0000    16   263436.0000   263034.0000   478423    0.15%
 161653 145509   263034.0000    16   263436.0000   263034.0000   478424    0.15%
 161654 145510   263034.0000    16   263436.0000   263034.0000   478430    0.15%
Elapsed time = 65.30 sec. (100819.53 ticks, tree = 874.72 MB, solutions = 24)
 167701 150442   263034.0000    19   263436.0000   263034.0000   499506    0.15%
 167702 150443   263034.0000    17   263436.0000   263034.0000   499510    0.15%
 167703 150444   263034.0000    17   263436.0000   263034.0000   499512    0.15%
 167704 150445   263034.0000    19   263436.0000   263034.0000   499516    0.15%
 167705 150446   263034.0000    17   263436.0000   263034.0000   499520    0.15%
 167706 150447   263034.0000    18   263436.0000   263034.0000   499530    0.15%
 167707 150448   263034.0000    19   263436.0000   263034.0000   499535    0.15%
 167708 150449   263034.0000    20   263436.0000   263034.0000   499545    0.15%
 167709 150450   263034.0000    19   263436.0000   263034.0000   499546    0.15%
 167710 150451   263034.0000    19   263436.0000   263034.0000   499548    0.15%
Elapsed time = 67.89 sec. (104638.43 ticks, tree = 905.10 MB, solutions = 24)
 174357 156921   263085.3000    19   263436.0000   263034.0000   515512    0.15%
 174358 156922   263085.3000    20   263436.0000   263034.0000   515517    0.15%
 174359 156923   263085.3000    20   263436.0000   263034.0000   515520    0.15%
 174360 156924   263085.3000    19   263436.0000   263034.0000   515522    0.15%
 174361 156925   263085.3000    19   263436.0000   263034.0000   515523    0.15%
 174362 156926   263085.3000    20   263436.0000   263034.0000   515527    0.15%
 174363 156927   263085.3000    20   263436.0000   263034.0000   515528    0.15%
 174364 156928   263085.3000    20   263436.0000   263034.0000   515529    0.15%
 174365 156929   263085.3000    20   263436.0000   263034.0000   515530    0.15%
 174366 156930   263085.3000    20   263436.0000   263034.0000   515531    0.15%
Elapsed time = 70.36 sec. (108458.09 ticks, tree = 944.60 MB, solutions = 24)
 181205 163622   263034.0000    19   263436.0000   263034.0000   530243    0.15%
 181206 163623   263034.0000    21   263436.0000   263034.0000   530251    0.15%
 181207 163624   263034.0000    21   263436.0000   263034.0000   530252    0.15%
 181208 163625   263034.0000    21   263436.0000   263034.0000   530253    0.15%
 181209 163626   263034.0000    21   263436.0000   263034.0000   530254    0.15%
 181210 163627   263034.0000    19   263436.0000   263034.0000   530256    0.15%
 181211 163628   263034.0000    19   263436.0000   263034.0000   530257    0.15%
 181212 163629   263034.0000    19   263436.0000   263034.0000   530258    0.15%
 181213 163630   263034.0000    19   263436.0000   263034.0000   530259    0.15%
 181214 163631   263034.0000    19   263436.0000   263034.0000   530260    0.15%
Elapsed time = 72.80 sec. (112277.66 ticks, tree = 986.47 MB, solutions = 24)
 188126 170362   263034.0000    18   263436.0000   263034.0000   545219    0.15%
 188127 170363   263034.0000    17   263436.0000   263034.0000   545222    0.15%
 188128 170364   263034.0000    15   263436.0000   263034.0000   545238    0.15%
 188129 170365   263034.0000    14   263436.0000   263034.0000   545240    0.15%
 188130 170366   263034.0000    15   263436.0000   263034.0000   545241    0.15%
 188131 170367   263034.0000    15   263436.0000   263034.0000   545253    0.15%
 188132 170366        cutoff         263436.0000   263034.0000   545255    0.15%
 188133 170367   263034.0000    15   263436.0000   263034.0000   545257    0.15%
 188134 170368   263034.0000    14   263436.0000   263034.0000   545270    0.15%
 188135 170369   263034.0000    13   263436.0000   263034.0000   545272    0.15%
Elapsed time = 75.25 sec. (116101.16 ticks, tree = 1027.43 MB, solutions = 24)
 195139 177225   263034.0000    24   263436.0000   263034.0000   561132    0.15%
 195140 177226   263034.0000    22   263436.0000   263034.0000   561134    0.15%
 195141 177227   263110.5000    23   263436.0000   263034.0000   561139    0.15%
 195142 177228   263110.5000    23   263436.0000   263034.0000   561141    0.15%
 195143 177229   263110.5000    23   263436.0000   263034.0000   561142    0.15%
 195144 177230   263110.5000    25   263436.0000   263034.0000   561146    0.15%
 195145 177231   263110.5000    25   263436.0000   263034.0000   561147    0.15%
 195146 177232   263110.5000    23   263436.0000   263034.0000   561148    0.15%
 195147 177233   263110.5000    23   263436.0000   263034.0000   561149    0.15%
 195148 177234   263110.5000    23   263436.0000   263034.0000   561150    0.15%
Elapsed time = 77.70 sec. (119922.15 ticks, tree = 1069.38 MB, solutions = 24)
 201984 183890        cutoff         263436.0000   263034.0000   575601    0.15%
 201985 183890   263433.2000     8   263436.0000   263034.0000   575605    0.15%
 201986 183891   263433.2000     7   263436.0000   263034.0000   575607    0.15%
 201987 183891   263433.2000     7   263436.0000   263034.0000   575608    0.15%
 201988 183891   263434.0000     6   263436.0000   263034.0000   575609    0.15%
 201989 183891   263434.0000     7   263436.0000   263034.0000   575612    0.15%
 201990 183890        cutoff         263436.0000   263034.0000   575614    0.15%
 201991 183891   263034.0000    14   263436.0000   263034.0000   575618    0.15%
 201992 183892   263034.0000    15   263436.0000   263034.0000   575620    0.15%
 201993 183893   263034.0000    19   263436.0000   263034.0000   575626    0.15%
Elapsed time = 80.13 sec. (123741.52 ticks, tree = 1110.31 MB, solutions = 24)
 208499 190208   263144.6000    19   263436.0000   263034.0000   590870    0.15%
 208500 190209   263144.6000    19   263436.0000   263034.0000   590871    0.15%
 208501 190210   263144.6000    20   263436.0000   263034.0000   590872    0.15%
 208502 190211   263144.6000    19   263436.0000   263034.0000   590873    0.15%
 208503 190212   263144.6000    19   263436.0000   263034.0000   590874    0.15%
 208504 190213   263144.6000    19   263436.0000   263034.0000   590875    0.15%
 208505 190214   263144.6000    20   263436.0000   263034.0000   590878    0.15%
 208506 190215   263144.6000    20   263436.0000   263034.0000   590879    0.15%
 208507 190216   263144.6000    18   263436.0000   263034.0000   590880    0.15%
 208508 190217   263144.6000    20   263436.0000   263034.0000   590881    0.15%
Elapsed time = 82.59 sec. (127568.99 ticks, tree = 1150.16 MB, solutions = 24)
 215159 196721   263034.0000    19   263436.0000   263034.0000   605392    0.15%
 215160 196722   263034.0000    20   263436.0000   263034.0000   605395    0.15%
 215161 196723   263034.0000    19   263436.0000   263034.0000   605398    0.15%
 215162 196724   263034.0000    20   263436.0000   263034.0000   605400    0.15%
 215163 196725   263034.0000    20   263436.0000   263034.0000   605401    0.15%
 215164 196726   263034.0000    20   263436.0000   263034.0000   605402    0.15%
 215165 196727   263034.0000    20   263436.0000   263034.0000   605403    0.15%
 215166 196728   263034.0000    19   263436.0000   263034.0000   605406    0.15%
 215167 196729   263034.0000    20   263436.0000   263034.0000   605409    0.15%
 215168 196730   263034.0000    20   263436.0000   263034.0000   605410    0.15%
Elapsed time = 85.08 sec. (131387.62 ticks, tree = 1190.65 MB, solutions = 24)
 221921 203250   263262.0000    15   263436.0000   263034.0000   620422    0.15%
 221922 203251   263262.0000    15   263436.0000   263034.0000   620423    0.15%
 221923 203252   263262.0000    15   263436.0000   263034.0000   620424    0.15%
 221924 203253   263262.0000    15   263436.0000   263034.0000   620425    0.15%
 221925 203254   263262.0000    15   263436.0000   263034.0000   620426    0.15%
 221926 203255   263262.0000    15   263436.0000   263034.0000   620427    0.15%
 221927 203256   263262.0000    15   263436.0000   263034.0000   620428    0.15%
 221928 203257   263262.0000    15   263436.0000   263034.0000   620429    0.15%
 221929 203258   263262.0000    15   263436.0000   263034.0000   620430    0.15%
 221930 203259   263262.0000    15   263436.0000   263034.0000   620431    0.15%
Elapsed time = 87.56 sec. (135207.97 ticks, tree = 1230.80 MB, solutions = 24)
 228854 210046   263089.9000    19   263436.0000   263034.0000   635735    0.15%
 228855 210047   263089.9000    19   263436.0000   263034.0000   635736    0.15%
 228856 210048   263089.9000    19   263436.0000   263034.0000   635737    0.15%
 228857 210049   263089.9000    19   263436.0000   263034.0000   635738    0.15%
 228858 210050   263089.9000    19   263436.0000   263034.0000   635739    0.15%
 228859 210051   263089.9000    19   263436.0000   263034.0000   635740    0.15%
 228860 210052   263089.9000    19   263436.0000   263034.0000   635741    0.15%
 228861 210053   263089.9000    16   263436.0000   263034.0000   635745    0.15%
 228862 210054   263089.9000    18   263436.0000   263034.0000   635752    0.15%
 228863 210055   263089.9000    19   263436.0000   263034.0000   635758    0.15%
Elapsed time = 89.97 sec. (139026.78 ticks, tree = 1272.02 MB, solutions = 24)
*229099+195577                       263301.0000   263034.0000             0.10%
 232299 198717   263064.6561    18   263301.0000   263034.0000   642949    0.10%
 232300 198718   263064.6561    18   263301.0000   263034.0000   642952    0.10%
 232301 198719   263064.6561    18   263301.0000   263034.0000   642956    0.10%
 232302 198720   263064.6561    18   263301.0000   263034.0000   642958    0.10%
 232303 198721   263064.7000    16   263301.0000   263034.0000   642959    0.10%
 232304 198722   263064.7000    16   263301.0000   263034.0000   642960    0.10%
 232305 198723   263064.7000    16   263301.0000   263034.0000   642961    0.10%
 232306 198724   263077.6667    14   263301.0000   263034.0000   642963    0.10%
 232307 198723    infeasible         263301.0000   263034.0000   642964    0.10%
 232308 198724   263077.6667    14   263301.0000   263034.0000   642965    0.10%
Elapsed time = 92.92 sec. (143087.19 ticks, tree = 1200.27 MB, solutions = 25)
 239701 205965   263048.5000    17   263301.0000   263034.0000   658588    0.10%
 239702 205966   263048.5000    16   263301.0000   263034.0000   658589    0.10%
 239703 205967   263048.5000    19   263301.0000   263034.0000   658591    0.10%
 239704 205968   263048.5000    19   263301.0000   263034.0000   658592    0.10%
 239705 205969   263048.5000    19   263301.0000   263034.0000   658593    0.10%
 239706 205970   263048.5000    19   263301.0000   263034.0000   658594    0.10%
 239707 205971   263048.5000    18   263301.0000   263034.0000   658596    0.10%
 239708 205972   263048.5000    17   263301.0000   263034.0000   658598    0.10%
 239709 205973   263048.5000    17   263301.0000   263034.0000   658599    0.10%
 239710 205974   263048.5000    18   263301.0000   263034.0000   658601    0.10%
Elapsed time = 95.35 sec. (146906.07 ticks, tree = 1244.39 MB, solutions = 25)
 246811 212838   263034.0000    15   263301.0000   263034.0000   674093    0.10%
 246812 212839   263034.0000    16   263301.0000   263034.0000   674095    0.10%
 246813 212840   263034.0000    15   263301.0000   263034.0000   674099    0.10%
 246814 212841   263034.0000    16   263301.0000   263034.0000   674101    0.10%
 246815 212842   263034.0000    16   263301.0000   263034.0000   674102    0.10%
 246816 212843   263034.0000    16   263301.0000   263034.0000   674104    0.10%
 246817 212844   263034.0000    19   263301.0000   263034.0000   674111    0.10%
 246818 212845   263034.0000    18   263301.0000   263034.0000   674113    0.10%
 246819 212846   263034.0000    17   263301.0000   263034.0000   674116    0.10%
 246820 212847   263034.0000    17   263301.0000   263034.0000   674117    0.10%
Elapsed time = 97.79 sec. (150725.84 ticks, tree = 1286.93 MB, solutions = 25)

Cover cuts applied:  1
Mixed integer rounding cuts applied:  29

Root node processing (before b&c):
  Real time             =    0.35 sec. (390.25 ticks)
Sequential b&c:
  Real time             =   99.65 sec. (153476.65 ticks)
                          ------------
Total (root+branch&cut) =  100.00 sec. (153866.90 ticks)

Solution pool: 25 solutions saved.

MIP - Time limit exceeded, integer feasible:  Objective =  2.6330100000e+05
Current MIP best bound =  2.6303400000e+05 (gap = 267, 0.10%)
Solution time =  100.00 sec.  Iterations = 689232  Nodes = 251834 (217546)
Deterministic time = 153866.91 ticks  (1538.66 ticks/sec)


Incumbent solution written to file '/tmp/tmpvsPtqz.cplex.sol'.
