
Log started (V12.6.3.0) Sat Apr 21 02:26:23 2018

New value for default parallel thread count: 1

Problem '/tmp/tmpHSRrAm.pyomo.lp' read.
Read time = 0.14 sec. (12.88 ticks)

Problem name         : /tmp/tmpHSRrAm.pyomo.lp
Objective sense      : Minimize
Variables            :    3758  [Nneg: 1,  Binary: 3744,  General Integer: 13]
Objective nonzeros   :       1
Linear constraints   :     650  [Less: 324,  Equal: 326]
  Nonzeros           :  954829
  RHS nonzeros       :     625

Variables            : Min LB: 0.000000         Max UB: 1.000000       
Objective nonzeros   : Min   : 1.000000         Max   : 1.000000       
Linear constraints   :
  Nonzeros           : Min   : 1.000000         Max   : 19298.00       
  RHS nonzeros       : Min   : 1.000000         Max   : 32.00000       
Tried aggregator 2 times.
MIP Presolve eliminated 317 rows and 516 columns.
Aggregator did 29 substitutions.
Reduced MIP has 304 rows, 3213 columns, and 9015 nonzeros.
Reduced MIP has 3212 binaries, 1 generals, 0 SOSs, and 0 indicators.
Presolve time = 0.16 sec. (151.94 ticks)
Found incumbent of value 2893369.000000 after 0.19 sec. (185.35 ticks)
Tried aggregator 1 time.
Reduced MIP has 304 rows, 3213 columns, and 9015 nonzeros.
Reduced MIP has 3212 binaries, 1 generals, 0 SOSs, and 0 indicators.
Presolve time = 0.00 sec. (3.97 ticks)
Probing time = 0.00 sec. (1.95 ticks)
Clique table members: 292.
MIP emphasis: balance optimality and feasibility.
MIP search method: dynamic search.
Parallel mode: none, using 1 thread.
Root relaxation solution time = 0.01 sec. (9.66 ticks)

        Nodes                                         Cuts/
   Node  Left     Objective  IInf  Best Integer    Best Bound    ItCnt     Gap

*     0+    0                      2893369.0000        0.0000           100.00%
      0     0   263033.5455    20  2893369.0000   263033.5455      150   90.91%
*     0+    0                       271633.0000   263033.5455             3.17%
      0     0   263034.0000    22   271633.0000      Fract: 8      166    3.17%
*     0+    0                       270417.0000   263034.0000             2.73%
      0     0   263034.0000    24   270417.0000      Cuts: 15      202    2.73%
*     0+    0                       270272.0000   263034.0000             2.68%
*     0+    0                       270205.0000   263034.0000             2.65%
*     0+    0                       269059.0000   263034.0000             2.24%
*     0+    0                       268719.0000   263034.0000             2.12%
*     0+    0                       268708.0000   263034.0000             2.11%
*     0+    0                       268688.0000   263034.0000             2.10%
*     0+    0                       268479.0000   263034.0000             2.03%
*     0+    0                       268321.0000   263034.0000             1.97%
*     0+    0                       267747.0000   263034.0000             1.76%
*     0+    0                       265444.0000   263034.0000             0.91%
*     0+    0                       265291.0000   263034.0000             0.85%
*     0+    0                       265145.0000   263034.0000             0.80%
*     0+    0                       265000.0000   263034.0000             0.74%
      0     2   263034.0000    15   265000.0000   263034.0000      202    0.74%
Elapsed time = 0.38 sec. (414.35 ticks, tree = 0.01 MB, solutions = 16)
*   244+  218                       264894.0000   263034.0000             0.70%
    275   242   263034.0000    18   264894.0000   263034.0000     1759    0.70%
    276   243   263034.0000    18   264894.0000   263034.0000     1760    0.70%
    277   244   263034.0000    18   264894.0000   263034.0000     1766    0.70%
    278   245   263034.0000    17   264894.0000   263034.0000     1770    0.70%
    279   246   263034.0000    16   264894.0000   263034.0000     1774    0.70%
    280   247   263034.0000    17   264894.0000   263034.0000     1777    0.70%
    281   248   263034.0000    18   264894.0000   263034.0000     1781    0.70%
    282   249   263034.0000    16   264894.0000   263034.0000     1788    0.70%
    283   250   263034.0000    15   264894.0000   263034.0000     1794    0.70%
*   995+  513                       264768.0000   263034.0000             0.65%
*   995+  341                       264684.0000   263034.0000             0.62%
*   995+  226                       264433.0000   263034.0000             0.53%
*   995+  150                       263914.0000   263034.0000             0.33%
*   995+  100                       263902.0000   263034.0000             0.33%
*   995+   66                       263875.0000   263034.0000             0.32%
    995    67   263034.0000    15   263875.0000   263034.0000     4996    0.32%
Elapsed time = 1.14 sec. (1518.32 ticks, tree = 0.35 MB, solutions = 23)
   1288   237   263034.0000    17   263875.0000   263034.0000     6451    0.32%
   1289   238   263034.0000    16   263875.0000   263034.0000     6459    0.32%
   1290   239   263034.0000    15   263875.0000   263034.0000     6462    0.32%
   1291   240   263034.0000    16   263875.0000   263034.0000     6472    0.32%
   1292   241   263034.0000    14   263875.0000   263034.0000     6476    0.32%
   1293   242   263034.0000    13   263875.0000   263034.0000     6482    0.32%
   1294   243   263034.0000    16   263875.0000   263034.0000     6497    0.32%
   1295   244   263034.0000    17   263875.0000   263034.0000     6502    0.32%
   1296   245   263034.0000    17   263875.0000   263034.0000     6504    0.32%
   1297   246   263034.0000    15   263875.0000   263034.0000     6510    0.32%
Elapsed time = 1.86 sec. (2563.49 ticks, tree = 1.28 MB, solutions = 23)
   1721   450   263695.1651    17   263875.0000   263034.0000     8045    0.32%
   1722   450   263695.1651    14   263875.0000   263034.0000     8047    0.32%
   1723   451   263696.0000    13   263875.0000   263034.0000     8048    0.32%
   1724   452   263696.0000    15   263875.0000   263034.0000     8052    0.32%
   1725   452   263696.0000    18   263875.0000   263034.0000     8059    0.32%
   1726   453   263696.0000    18   263875.0000   263034.0000     8059    0.32%
   1727   453   263696.0000    18   263875.0000   263034.0000     8060    0.32%
   1728   453   263696.0000    18   263875.0000   263034.0000     8061    0.32%
   1729   453   263696.0000    18   263875.0000   263034.0000     8062    0.32%
   1730   453   263696.0000    18   263875.0000   263034.0000     8063    0.32%
Elapsed time = 2.53 sec. (3527.50 ticks, tree = 2.43 MB, solutions = 23)
*  2095+  662                       263844.0000   263034.0000             0.31%
*  2495+  951                       263766.0000   263034.0000             0.28%
   2537   991   263034.0000    14   263766.0000   263034.0000    10033    0.28%
   2538   992   263034.0000    13   263766.0000   263034.0000    10034    0.28%
   2539   993   263034.0000    17   263766.0000   263034.0000    10039    0.28%
   2540   994   263034.0000    16   263766.0000   263034.0000    10042    0.28%
   2541   995   263034.0000    16   263766.0000   263034.0000    10043    0.28%
   2542   996   263034.0000    15   263766.0000   263034.0000    10045    0.28%
   2543   997   263034.0000    15   263766.0000   263034.0000    10047    0.28%
   2544   998   263034.0000    16   263766.0000   263034.0000    10057    0.28%
   2545   999   263034.0000    17   263766.0000   263034.0000    10066    0.28%
   2546  1000   263034.0000    14   263766.0000   263034.0000    10069    0.28%
Elapsed time = 3.24 sec. (4496.80 ticks, tree = 5.48 MB, solutions = 25)
   3805  2027   263118.0000    15   263766.0000   263034.0000    14138    0.28%
   3806  2028   263118.0000    13   263766.0000   263034.0000    14140    0.28%
   3807  2028   263118.0000    13   263766.0000   263034.0000    14141    0.28%
   3808  2028   263118.0000    16   263766.0000   263034.0000    14143    0.28%
   3809  2029   263118.0000    14   263766.0000   263034.0000    14144    0.28%
   3810  2030   263118.0000    16   263766.0000   263034.0000    14147    0.28%
   3811  2031   263118.0000    14   263766.0000   263034.0000    14148    0.28%
   3812  2030        cutoff         263766.0000   263034.0000    14152    0.28%
   3813  2030   263118.0000    15   263766.0000   263034.0000    14155    0.28%
   3814  2031   263118.0000    13   263766.0000   263034.0000    14156    0.28%
Elapsed time = 3.88 sec. (5456.91 ticks, tree = 11.27 MB, solutions = 25)
   5193  3169   263034.0000    17   263766.0000   263034.0000    18143    0.28%
   5194  3170   263034.0000    18   263766.0000   263034.0000    18148    0.28%
   5195  3171   263034.0000    18   263766.0000   263034.0000    18149    0.28%
   5196  3172   263034.0000    18   263766.0000   263034.0000    18150    0.28%
   5197  3173   263034.0000    16   263766.0000   263034.0000    18153    0.28%
   5198  3174   263034.0000    16   263766.0000   263034.0000    18154    0.28%
   5199  3175   263034.0000    18   263766.0000   263034.0000    18161    0.28%
   5200  3176   263034.0000    16   263766.0000   263034.0000    18164    0.28%
   5201  3177   263034.0000    16   263766.0000   263034.0000    18166    0.28%
   5202  3178   263034.0000    16   263766.0000   263034.0000    18167    0.28%
Elapsed time = 4.52 sec. (6416.66 ticks, tree = 17.77 MB, solutions = 25)
   6813  4574   263034.0000    19   263766.0000   263034.0000    22759    0.28%
   6814  4575   263034.0000    19   263766.0000   263034.0000    22760    0.28%
   6815  4576   263034.0000    17   263766.0000   263034.0000    22762    0.28%
   6816  4577   263034.0000    18   263766.0000   263034.0000    22771    0.28%
   6817  4578   263034.0000    19   263766.0000   263034.0000    22773    0.28%
   6818  4579   263034.0000    19   263766.0000   263034.0000    22774    0.28%
   6819  4580   263034.0000    19   263766.0000   263034.0000    22776    0.28%
   6820  4581   263034.0000    17   263766.0000   263034.0000    22780    0.28%
   6821  4582   263034.0000    17   263766.0000   263034.0000    22783    0.28%
   6822  4583   263034.0000    17   263766.0000   263034.0000    22785    0.28%
Elapsed time = 5.16 sec. (7374.38 ticks, tree = 25.71 MB, solutions = 25)
   8633  6194   263034.0000    19   263766.0000   263034.0000    28779    0.28%
   8634  6195   263034.0000    17   263766.0000   263034.0000    28781    0.28%
   8635  6196   263034.0000    17   263766.0000   263034.0000    28785    0.28%
   8636  6197   263034.0000    17   263766.0000   263034.0000    28786    0.28%
   8637  6198   263034.0000    17   263766.0000   263034.0000    28787    0.28%
   8638  6199   263034.0000    17   263766.0000   263034.0000    28788    0.28%
   8639  6200   263034.0000    17   263766.0000   263034.0000    28789    0.28%
   8640  6201   263034.0000    17   263766.0000   263034.0000    28790    0.28%
   8641  6202   263034.0000    17   263766.0000   263034.0000    28791    0.28%
   8642  6203   263034.0000    17   263766.0000   263034.0000    28792    0.28%
Elapsed time = 5.81 sec. (8331.77 ticks, tree = 34.76 MB, solutions = 25)
  10239  7357   263034.0000    14   263766.0000   263034.0000    34717    0.28%
  10240  7358   263034.0000    14   263766.0000   263034.0000    34721    0.28%
  10241  7359   263034.0000    14   263766.0000   263034.0000    34726    0.28%
  10242  7360   263034.0000    14   263766.0000   263034.0000    34727    0.28%
  10243  7361   263034.0000    15   263766.0000   263034.0000    34728    0.28%
  10244  7362   263034.0000    15   263766.0000   263034.0000    34729    0.28%
  10245  7363   263034.0000    15   263766.0000   263034.0000    34730    0.28%
  10246  7364   263034.0000    15   263766.0000   263034.0000    34737    0.28%
  10247  7365   263034.0000    15   263766.0000   263034.0000    34740    0.28%
  10248  7366   263034.0000    15   263766.0000   263034.0000    34742    0.28%
Elapsed time = 6.46 sec. (9298.56 ticks, tree = 41.23 MB, solutions = 25)
  10915  7915   263034.0000    18   263766.0000   263034.0000    36506    0.28%
  10916  7914        cutoff         263766.0000   263034.0000    36513    0.28%
  10917  7915   263034.0000    16   263766.0000   263034.0000    36522    0.28%
  10918  7916   263034.0000    17   263766.0000   263034.0000    36524    0.28%
  10919  7917   263034.0000    19   263766.0000   263034.0000    36533    0.28%
  10920  7918   263034.0000    18   263766.0000   263034.0000    36539    0.28%
  10921  7919   263034.0000    19   263766.0000   263034.0000    36544    0.28%
  10922  7920   263034.0000    17   263766.0000   263034.0000    36545    0.28%
  10923  7921   263034.0000    18   263766.0000   263034.0000    36550    0.28%
  15227 11099   263034.0000    27   263766.0000   263034.0000    50314    0.28%
Elapsed time = 9.14 sec. (13113.45 ticks, tree = 62.37 MB, solutions = 25)
  21754 17007   263034.0000    19   263766.0000   263034.0000    71755    0.28%
  21755 17008   263034.0000    18   263766.0000   263034.0000    71762    0.28%
  21756 17009   263034.0000    20   263766.0000   263034.0000    71765    0.28%
  21757 17010   263034.0000    18   263766.0000   263034.0000    71776    0.28%
  21758 17011   263034.0000    18   263766.0000   263034.0000    71788    0.28%
  21759 17012   263034.0000    20   263766.0000   263034.0000    71796    0.28%
  21760 17013   263034.0000    16   263766.0000   263034.0000    71801    0.28%
  21761 17014   263034.0000    16   263766.0000   263034.0000    71802    0.28%
  21762 17015   263034.0000    16   263766.0000   263034.0000    71803    0.28%
  21763 17016   263034.0000    17   263766.0000   263034.0000    71825    0.28%
Elapsed time = 11.69 sec. (16934.02 ticks, tree = 97.48 MB, solutions = 25)
  28442 23171   263034.0000    21   263766.0000   263034.0000    93420    0.28%
  28443 23172   263034.0000    21   263766.0000   263034.0000    93421    0.28%
  28444 23173   263034.0000    21   263766.0000   263034.0000    93422    0.28%
  28445 23174   263034.0000    21   263766.0000   263034.0000    93423    0.28%
  28446 23175   263034.0000    21   263766.0000   263034.0000    93424    0.28%
  28447 23176   263034.0000    21   263766.0000   263034.0000    93425    0.28%
  28448 23177   263034.0000    21   263766.0000   263034.0000    93427    0.28%
  28449 23178   263034.0000    21   263766.0000   263034.0000    93428    0.28%
  28450 23179   263034.0000    21   263766.0000   263034.0000    93429    0.28%
  28451 23180   263034.0000    22   263766.0000   263034.0000    93435    0.28%
Elapsed time = 14.27 sec. (20753.56 ticks, tree = 133.74 MB, solutions = 25)
  35410 29780   263053.7303    18   263766.0000   263034.0000   115293    0.28%
  35411 29781   263053.7303    18   263766.0000   263034.0000   115294    0.28%
  35412 29782   263053.7303    18   263766.0000   263034.0000   115295    0.28%
  35413 29783   263053.7303    18   263766.0000   263034.0000   115296    0.28%
  35414 29784   263126.3197    19   263766.0000   263034.0000   115298    0.28%
  35415 29784   263195.8753    18   263766.0000   263034.0000   115300    0.28%
  35416 29785   263195.8753    18   263766.0000   263034.0000   115301    0.28%
  35417 29786   263195.8753    18   263766.0000   263034.0000   115302    0.28%
  35418 29787   263195.8753    19   263766.0000   263034.0000   115307    0.28%
  35419 29788   263195.8753    20   263766.0000   263034.0000   115311    0.28%
Elapsed time = 16.90 sec. (24572.49 ticks, tree = 172.39 MB, solutions = 25)
  42054 36105   263034.0000    19   263766.0000   263034.0000   139685    0.28%
  42055 36106   263034.0000    19   263766.0000   263034.0000   139687    0.28%
  42056 36107   263034.0000    17   263766.0000   263034.0000   139689    0.28%
  42057 36108   263034.0000    17   263766.0000   263034.0000   139691    0.28%
  42058 36109   263034.0000    18   263766.0000   263034.0000   139692    0.28%
  42059 36110   263034.0000    18   263766.0000   263034.0000   139693    0.28%
  42060 36111   263034.0000    20   263766.0000   263034.0000   139699    0.28%
  42061 36112   263034.0000    19   263766.0000   263034.0000   139701    0.28%
  42062 36113   263034.0000    17   263766.0000   263034.0000   139711    0.28%
  42063 36114   263034.0000    20   263766.0000   263034.0000   139724    0.28%
Elapsed time = 19.60 sec. (28392.39 ticks, tree = 211.16 MB, solutions = 25)
* 46595+40189                       263704.0000   263034.0000             0.25%
* 47795+41138                       263625.0000   263034.0000             0.22%
  48297 41625   263034.0000    19   263625.0000   263034.0000   160300    0.22%
  48298 41626   263034.0000    19   263625.0000   263034.0000   160301    0.22%
  48299 41627   263034.0000    19   263625.0000   263034.0000   160302    0.22%
  48300 41628   263034.0000    21   263625.0000   263034.0000   160306    0.22%
  48301 41629   263034.0000    21   263625.0000   263034.0000   160307    0.22%
  48302 41630   263034.0000    21   263625.0000   263034.0000   160308    0.22%
  48303 41631   263034.0000    20   263625.0000   263034.0000   160309    0.22%
  48304 41632   263034.0000    18   263625.0000   263034.0000   160313    0.22%
  48305 41633   263034.0000    17   263625.0000   263034.0000   160316    0.22%
  48306 41634   263034.0000    18   263625.0000   263034.0000   160319    0.22%
Elapsed time = 22.33 sec. (32210.99 ticks, tree = 244.37 MB, solutions = 27)
  54845 47911   263034.0000    20   263625.0000   263034.0000   184393    0.22%
  54846 47912   263034.0000    20   263625.0000   263034.0000   184394    0.22%
  54847 47913   263034.0000    20   263625.0000   263034.0000   184395    0.22%
  54848 47914   263034.0000    20   263625.0000   263034.0000   184396    0.22%
  54849 47915   263034.0000    20   263625.0000   263034.0000   184397    0.22%
  54850 47916   263034.0000    20   263625.0000   263034.0000   184398    0.22%
  54851 47917   263034.0000    20   263625.0000   263034.0000   184399    0.22%
  54852 47918   263034.0000    20   263625.0000   263034.0000   184400    0.22%
  54853 47919   263034.0000    20   263625.0000   263034.0000   184401    0.22%
  54854 47920   263034.0000    19   263625.0000   263034.0000   184402    0.22%
Elapsed time = 24.99 sec. (36028.83 ticks, tree = 282.02 MB, solutions = 27)
  61060 53870   263034.0000    19   263625.0000   263034.0000   207194    0.22%
  61061 53871   263034.0000    17   263625.0000   263034.0000   207197    0.22%
  61062 53872   263034.0000    20   263625.0000   263034.0000   207232    0.22%
  61063 53873   263034.0000    20   263625.0000   263034.0000   207233    0.22%
  61064 53874   263034.0000    20   263625.0000   263034.0000   207234    0.22%
  61065 53875   263034.0000    20   263625.0000   263034.0000   207235    0.22%
  61066 53876   263034.0000    20   263625.0000   263034.0000   207244    0.22%
  61067 53877   263034.0000    19   263625.0000   263034.0000   207277    0.22%
  61068 53878   263034.0000    20   263625.0000   263034.0000   207278    0.22%
  61069 53879   263034.0000    19   263625.0000   263034.0000   207286    0.22%
Elapsed time = 27.69 sec. (39850.53 ticks, tree = 317.58 MB, solutions = 27)
  67239 59764   263034.0000    20   263625.0000   263034.0000   229656    0.22%
  67240 59765   263034.0000    18   263625.0000   263034.0000   229657    0.22%
  67241 59766   263034.0000    19   263625.0000   263034.0000   229660    0.22%
  67242 59767   263034.0000    20   263625.0000   263034.0000   229662    0.22%
  67243 59768   263034.0000    20   263625.0000   263034.0000   229663    0.22%
  67244 59769   263034.0000    20   263625.0000   263034.0000   229665    0.22%
  67245 59770   263034.0000    21   263625.0000   263034.0000   229667    0.22%
  67246 59771   263034.0000    21   263625.0000   263034.0000   229669    0.22%
  67247 59772   263034.0000    21   263625.0000   263034.0000   229679    0.22%
  67248 59773   263034.0000    21   263625.0000   263034.0000   229680    0.22%
Elapsed time = 30.34 sec. (43671.30 ticks, tree = 352.93 MB, solutions = 27)
  73433 65544   263034.0000    19   263625.0000   263034.0000   251202    0.22%
  73434 65545   263034.0000    20   263625.0000   263034.0000   251205    0.22%
  73435 65546   263034.0000    18   263625.0000   263034.0000   251206    0.22%
  73436 65547   263034.0000    19   263625.0000   263034.0000   251213    0.22%
  73437 65548   263034.0000    19   263625.0000   263034.0000   251214    0.22%
  73438 65549   263034.0000    19   263625.0000   263034.0000   251215    0.22%
  73439 65550   263034.0000    18   263625.0000   263034.0000   251216    0.22%
  73440 65551   263034.0000    19   263625.0000   263034.0000   251217    0.22%
  73441 65552   263034.0000    19   263625.0000   263034.0000   251219    0.22%
  73442 65553   263034.0000    19   263625.0000   263034.0000   251221    0.22%
Elapsed time = 33.00 sec. (47490.66 ticks, tree = 389.54 MB, solutions = 27)
  79696 71443   263034.0000    21   263625.0000   263034.0000   272891    0.22%
  79697 71444   263034.0000    21   263625.0000   263034.0000   272892    0.22%
  79698 71445   263034.0000    21   263625.0000   263034.0000   272893    0.22%
  79699 71446   263034.0000    18   263625.0000   263034.0000   272896    0.22%
  79700 71447   263034.0000    20   263625.0000   263034.0000   272909    0.22%
  79701 71448   263034.0000    21   263625.0000   263034.0000   272910    0.22%
  79702 71449   263034.0000    21   263625.0000   263034.0000   272911    0.22%
  79703 71450   263034.0000    20   263625.0000   263034.0000   272912    0.22%
  79704 71451   263034.0000    18   263625.0000   263034.0000   272917    0.22%
  79705 71452   263034.0000    18   263625.0000   263034.0000   272918    0.22%
Elapsed time = 35.71 sec. (51311.81 ticks, tree = 424.68 MB, solutions = 27)
  85706 77167   263034.0000    24   263625.0000   263034.0000   291546    0.22%
  85707 77168   263034.0000    23   263625.0000   263034.0000   291547    0.22%
  85708 77169   263034.0000    24   263625.0000   263034.0000   291548    0.22%
  85709 77170   263034.0000    24   263625.0000   263034.0000   291549    0.22%
  85710 77171   263034.0000    24   263625.0000   263034.0000   291550    0.22%
  85711 77172   263034.0000    23   263625.0000   263034.0000   291553    0.22%
  85712 77173   263034.0000    27   263625.0000   263034.0000   291558    0.22%
  85713 77174   263034.0000    27   263625.0000   263034.0000   291565    0.22%
  85714 77175   263034.0000    23   263625.0000   263034.0000   291569    0.22%
  85715 77176   263034.0000    24   263625.0000   263034.0000   291576    0.22%
Elapsed time = 38.36 sec. (55132.01 ticks, tree = 459.32 MB, solutions = 27)
  91741 82912   263034.0000    20   263625.0000   263034.0000   314795    0.22%
  91742 82913   263034.0000    21   263625.0000   263034.0000   314805    0.22%
  91743 82914   263034.0000    21   263625.0000   263034.0000   314811    0.22%
  91744 82915   263034.0000    18   263625.0000   263034.0000   314815    0.22%
  91745 82916   263034.0000    18   263625.0000   263034.0000   314816    0.22%
  91746 82917   263034.0000    17   263625.0000   263034.0000   314820    0.22%
  91747 82918   263034.0000    17   263625.0000   263034.0000   314821    0.22%
  91748 82919   263034.0000    17   263625.0000   263034.0000   314822    0.22%
  91749 82920   263034.0000    18   263625.0000   263034.0000   314825    0.22%
  91750 82921   263034.0000    19   263625.0000   263034.0000   314831    0.22%
Elapsed time = 41.05 sec. (58952.23 ticks, tree = 494.53 MB, solutions = 27)
* 92695+82586                       263529.0000   263034.0000             0.19%
* 92795+80780                       263346.0000   263034.0000             0.12%
  98005 85824   263034.1648    25   263346.0000   263034.0000   337553    0.12%
  98006 85825   263034.1648    25   263346.0000   263034.0000   337554    0.12%
  98007 85826   263034.1648    24   263346.0000   263034.0000   337555    0.12%
  98008 85827   263034.1648    25   263346.0000   263034.0000   337556    0.12%
  98009 85828   263034.1649    25   263346.0000   263034.0000   337557    0.12%
  98010 85829   263034.1649    24   263346.0000   263034.0000   337558    0.12%
  98011 85830   263039.7266    24   263346.0000   263034.0000   337566    0.12%
  98012 85831   263039.8656    24   263346.0000   263034.0000   337567    0.12%
  98013 85832   263039.8970    23   263346.0000   263034.0000   337568    0.12%
  98014 85833   263040.2251    23   263346.0000   263034.0000   337569    0.12%
Elapsed time = 43.76 sec. (62772.26 ticks, tree = 512.43 MB, solutions = 29)
 103820 91332   263034.0000    23   263346.0000   263034.0000   358877    0.12%
 103821 91333   263034.0000    22   263346.0000   263034.0000   358878    0.12%
 103822 91334   263034.0000    22   263346.0000   263034.0000   358882    0.12%
 103823 91335   263034.0000    21   263346.0000   263034.0000   358883    0.12%
 103824 91336   263034.0000    25   263346.0000   263034.0000   358892    0.12%
 103825 91337   263034.0000    23   263346.0000   263034.0000   358893    0.12%
 103826 91338   263034.0000    24   263346.0000   263034.0000   358900    0.12%
 103827 91339   263034.0000    24   263346.0000   263034.0000   358901    0.12%
 103828 91340   263034.0000    24   263346.0000   263034.0000   358902    0.12%
 103829 91341   263034.0000    22   263346.0000   263034.0000   358904    0.12%
Elapsed time = 46.42 sec. (66594.13 ticks, tree = 545.98 MB, solutions = 29)
 109748 96905   263034.0000    24   263346.0000   263034.0000   381560    0.12%
 109749 96906   263034.0000    24   263346.0000   263034.0000   381561    0.12%
 109750 96907   263034.0000    24   263346.0000   263034.0000   381562    0.12%
 109751 96908   263034.0000    24   263346.0000   263034.0000   381563    0.12%
 109752 96909   263034.0000    24   263346.0000   263034.0000   381564    0.12%
 109753 96910   263034.0000    24   263346.0000   263034.0000   381565    0.12%
 109754 96911   263034.0000    24   263346.0000   263034.0000   381566    0.12%
 109755 96912   263034.0000    24   263346.0000   263034.0000   381567    0.12%
 109756 96913   263034.0000    24   263346.0000   263034.0000   381568    0.12%
 109757 96914   263034.0000    24   263346.0000   263034.0000   381569    0.12%
Elapsed time = 49.03 sec. (70413.33 ticks, tree = 580.09 MB, solutions = 29)
 115735 102565   263034.0000    21   263346.0000   263034.0000   403776    0.12%
 115736 102566   263034.0000    20   263346.0000   263034.0000   403779    0.12%
 115737 102567   263034.0000    20   263346.0000   263034.0000   403781    0.12%
 115738 102568   263034.0000    20   263346.0000   263034.0000   403782    0.12%
 115739 102569   263034.0000    18   263346.0000   263034.0000   403786    0.12%
 115740 102570   263034.0000    20   263346.0000   263034.0000   403791    0.12%
 115741 102569        cutoff         263346.0000   263034.0000   403798    0.12%
 115742 102570   263034.0000    21   263346.0000   263034.0000   403809    0.12%
 115743 102571   263034.0000    16   263346.0000   263034.0000   403819    0.12%
 115744 102572   263034.0000    16   263346.0000   263034.0000   403820    0.12%
Elapsed time = 51.68 sec. (74235.70 ticks, tree = 614.20 MB, solutions = 29)
 121764 108220   263034.0000    21   263346.0000   263034.0000   426792    0.12%
 121765 108221   263034.0000    20   263346.0000   263034.0000   426794    0.12%
 121766 108222   263034.0000    19   263346.0000   263034.0000   426797    0.12%
 121767 108223   263034.0000    22   263346.0000   263034.0000   426801    0.12%
 121768 108224   263034.0000    21   263346.0000   263034.0000   426804    0.12%
 121769 108225   263034.0000    24   263346.0000   263034.0000   426815    0.12%
 121770 108226   263034.0000    21   263346.0000   263034.0000   426818    0.12%
 121771 108227   263034.0000    21   263346.0000   263034.0000   426823    0.12%
 121772 108228   263034.0000    22   263346.0000   263034.0000   426826    0.12%
 121773 108229   263034.0000    21   263346.0000   263034.0000   426828    0.12%
Elapsed time = 54.65 sec. (78055.80 ticks, tree = 648.54 MB, solutions = 29)
 127997 114109   263034.0000    16   263346.0000   263034.0000   447551    0.12%
 127998 114110   263034.0000    16   263346.0000   263034.0000   447554    0.12%
 127999 114111   263034.0000    16   263346.0000   263034.0000   447557    0.12%
 128000 114112   263034.0000    16   263346.0000   263034.0000   447558    0.12%
 128001 114113   263034.0000    16   263346.0000   263034.0000   447559    0.12%
 128002 114114   263034.0000    16   263346.0000   263034.0000   447560    0.12%
 128003 114115   263034.0000    16   263346.0000   263034.0000   447561    0.12%
 128004 114116   263034.0000    16   263346.0000   263034.0000   447564    0.12%
 128005 114117   263034.0000    16   263346.0000   263034.0000   447565    0.12%
 128006 114118   263034.0000    16   263346.0000   263034.0000   447566    0.12%
Elapsed time = 57.28 sec. (81877.41 ticks, tree = 683.97 MB, solutions = 29)
 134086 119463   263034.0000    21   263346.0000   263034.0000   466147    0.12%
 134087 119464   263034.0000    21   263346.0000   263034.0000   466148    0.12%
 134088 119465   263034.0000    21   263346.0000   263034.0000   466149    0.12%
 134089 119466   263034.0000    21   263346.0000   263034.0000   466150    0.12%
 134090 119467   263034.0000    20   263346.0000   263034.0000   466158    0.12%
 134091 119468   263034.0000    21   263346.0000   263034.0000   466160    0.12%
 134092 119469   263034.0000    21   263346.0000   263034.0000   466161    0.12%
 134093 119470   263034.0000    21   263346.0000   263034.0000   466168    0.12%
 134094 119471   263034.0000    19   263346.0000   263034.0000   466173    0.12%
 134095 119472   263034.0000    21   263346.0000   263034.0000   466179    0.12%
Elapsed time = 59.85 sec. (85696.07 ticks, tree = 716.65 MB, solutions = 29)
 139545 123913   263034.0000    17   263346.0000   263034.0000   484910    0.12%
 139546 123914   263034.0000    20   263346.0000   263034.0000   484915    0.12%
 139547 123915   263034.0000    17   263346.0000   263034.0000   484918    0.12%
 139548 123916   263034.0000    20   263346.0000   263034.0000   484923    0.12%
 139549 123917   263034.0000    20   263346.0000   263034.0000   484924    0.12%
 139550 123918   263034.0000    17   263346.0000   263034.0000   484927    0.12%
 139551 123919   263034.0000    19   263346.0000   263034.0000   484935    0.12%
 139552 123920   263034.0000    19   263346.0000   263034.0000   484940    0.12%
 139553 123921   263034.0000    16   263346.0000   263034.0000   484944    0.12%
 139554 123922   263034.0000    19   263346.0000   263034.0000   484949    0.12%
Elapsed time = 62.50 sec. (89515.73 ticks, tree = 743.71 MB, solutions = 29)
 144445 128116   263034.6375    31   263346.0000   263034.0000   504022    0.12%
 144446 128116   263034.6379    31   263346.0000   263034.0000   504023    0.12%
 144447 128117   263034.6379    29   263346.0000   263034.0000   504024    0.12%
 144448 128117   263034.8464    31   263346.0000   263034.0000   504026    0.12%
 144449 128117   263064.4987    26   263346.0000   263034.0000   504031    0.12%
 144450 128118   263064.4987    26   263346.0000   263034.0000   504032    0.12%
 144451 128118   263099.0594    20   263346.0000   263034.0000   504040    0.12%
 144452 128117        cutoff         263346.0000   263034.0000   504045    0.12%
 144453 128118   263034.0000    26   263346.0000   263034.0000   504077    0.12%
 144454 128119   263034.0000    25   263346.0000   263034.0000   504082    0.12%
Elapsed time = 65.08 sec. (93357.76 ticks, tree = 769.04 MB, solutions = 29)
 149981 133110   263034.0000    19   263346.0000   263034.0000   523815    0.12%
 149982 133111   263034.0000    19   263346.0000   263034.0000   523816    0.12%
 149983 133112   263034.0000    19   263346.0000   263034.0000   523817    0.12%
 149984 133113   263034.0000    19   263346.0000   263034.0000   523818    0.12%
 149985 133114   263034.0000    22   263346.0000   263034.0000   523819    0.12%
 149986 133115   263034.0000    18   263346.0000   263034.0000   523820    0.12%
 149987 133116   263034.0000    19   263346.0000   263034.0000   523821    0.12%
 149988 133117   263034.0000    19   263346.0000   263034.0000   523822    0.12%
 149989 133118   263034.0000    19   263346.0000   263034.0000   523823    0.12%
 149990 133119   263034.0000    18   263346.0000   263034.0000   523824    0.12%
Elapsed time = 67.69 sec. (97176.31 ticks, tree = 801.42 MB, solutions = 29)
 156494 139124        cutoff         263346.0000   263034.0000   542496    0.12%
 156495 139125   263034.0000    22   263346.0000   263034.0000   542500    0.12%
 156496 139126   263034.0000    23   263346.0000   263034.0000   542502    0.12%
 156497 139127   263034.0000    23   263346.0000   263034.0000   542503    0.12%
 156498 139128   263034.0000    20   263346.0000   263034.0000   542507    0.12%
 156499 139129   263034.0000    24   263346.0000   263034.0000   542515    0.12%
 156500 139130   263034.0000    24   263346.0000   263034.0000   542516    0.12%
 156501 139131   263034.0000    24   263346.0000   263034.0000   542517    0.12%
 156502 139132   263034.0000    24   263346.0000   263034.0000   542518    0.12%
 156503 139133   263034.0000    24   263346.0000   263034.0000   542519    0.12%
Elapsed time = 70.33 sec. (100997.15 ticks, tree = 838.68 MB, solutions = 29)
 162340 144647   263038.0583    27   263346.0000   263034.0000   564304    0.12%
 162341 144648   263039.0386    27   263346.0000   263034.0000   564307    0.12%
 162342 144649   263039.0389    28   263346.0000   263034.0000   564308    0.12%
 162343 144650   263039.0598    27   263346.0000   263034.0000   564309    0.12%
 162344 144651   263039.4049    27   263346.0000   263034.0000   564311    0.12%
 162345 144652   263039.4388    27   263346.0000   263034.0000   564313    0.12%
 162346 144653   263039.4465    27   263346.0000   263034.0000   564314    0.12%
 162347 144654   263039.4525    27   263346.0000   263034.0000   564315    0.12%
 162348 144655   263039.4636    27   263346.0000   263034.0000   564316    0.12%
 162349 144656   263039.4659    27   263346.0000   263034.0000   564317    0.12%
Elapsed time = 72.96 sec. (104816.14 ticks, tree = 872.38 MB, solutions = 29)
 168205 150176   263034.0000    23   263346.0000   263034.0000   584356    0.12%
 168206 150177   263034.0000    24   263346.0000   263034.0000   584357    0.12%
 168207 150178   263034.0000    21   263346.0000   263034.0000   584367    0.12%
 168208 150179   263034.0000    22   263346.0000   263034.0000   584371    0.12%
 168209 150180   263034.0000    22   263346.0000   263034.0000   584373    0.12%
 168210 150181   263034.0000    24   263346.0000   263034.0000   584387    0.12%
 168211 150182   263034.0000    24   263346.0000   263034.0000   584388    0.12%
 168212 150183   263034.0000    24   263346.0000   263034.0000   584394    0.12%
 168213 150184   263034.0000    24   263346.0000   263034.0000   584395    0.12%
 168214 150185   263034.0000    24   263346.0000   263034.0000   584402    0.12%
Elapsed time = 75.60 sec. (108636.27 ticks, tree = 905.85 MB, solutions = 29)
 174286 155923   263034.0000    18   263346.0000   263034.0000   605898    0.12%
 174287 155924   263034.0000    18   263346.0000   263034.0000   605899    0.12%
 174288 155925   263034.0000    17   263346.0000   263034.0000   605908    0.12%
 174289 155926   263034.0000    20   263346.0000   263034.0000   605910    0.12%
 174290 155927   263034.0000    19   263346.0000   263034.0000   605913    0.12%
 174291 155928   263034.0000    19   263346.0000   263034.0000   605915    0.12%
 174292 155929   263034.0000    19   263346.0000   263034.0000   605916    0.12%
 174293 155930   263034.0000    19   263346.0000   263034.0000   605917    0.12%
 174294 155931   263034.0000    19   263346.0000   263034.0000   605918    0.12%
 174295 155932   263034.0000    18   263346.0000   263034.0000   605920    0.12%
Elapsed time = 78.21 sec. (112456.37 ticks, tree = 940.34 MB, solutions = 29)
 179844 161191   263034.0000    27   263346.0000   263034.0000   629181    0.12%
 179845 161192   263034.0000    26   263346.0000   263034.0000   629190    0.12%
 179846 161193   263034.0000    26   263346.0000   263034.0000   629191    0.12%
 179847 161194   263034.0000    26   263346.0000   263034.0000   629192    0.12%
 179848 161195   263034.0000    26   263346.0000   263034.0000   629193    0.12%
 179849 161196   263034.0000    26   263346.0000   263034.0000   629196    0.12%
 179850 161197   263034.0000    26   263346.0000   263034.0000   629211    0.12%
 179851 161198   263034.0000    24   263346.0000   263034.0000   629212    0.12%
 179852 161199   263034.0000    21   263346.0000   263034.0000   629225    0.12%
 179853 161200   263034.0000    18   263346.0000   263034.0000   629227    0.12%
Elapsed time = 80.88 sec. (116292.33 ticks, tree = 973.34 MB, solutions = 29)
 185495 166552   263068.9546    20   263346.0000   263034.0000   651984    0.12%
 185496 166553   263068.9546    20   263346.0000   263034.0000   651985    0.12%
 185497 166554   263068.9554    20   263346.0000   263034.0000   651986    0.12%
 185498 166553        cutoff         263346.0000   263034.0000   651997    0.12%
 185499 166554   263068.9621    20   263346.0000   263034.0000   651999    0.12%
 185500 166555   263068.9621    20   263346.0000   263034.0000   652000    0.12%
 185501 166556   263068.9633    20   263346.0000   263034.0000   652001    0.12%
 185502 166557   263068.9633    20   263346.0000   263034.0000   652002    0.12%
 185503 166558   263068.9633    20   263346.0000   263034.0000   652003    0.12%
 185504 166559   263068.9652    20   263346.0000   263034.0000   652004    0.12%
Elapsed time = 83.47 sec. (120113.39 ticks, tree = 1005.76 MB, solutions = 29)
 191559 172401   263040.2684    25   263346.0000   263034.0000   674193    0.12%
 191560 172402   263040.2687    25   263346.0000   263034.0000   674194    0.12%
 191561 172403   263040.2691    25   263346.0000   263034.0000   674196    0.12%
 191562 172404   263040.2789    25   263346.0000   263034.0000   674205    0.12%
 191563 172405   263040.2790    25   263346.0000   263034.0000   674207    0.12%
 191564 172406   263040.2790    25   263346.0000   263034.0000   674209    0.12%
 191565 172407   263040.2792    25   263346.0000   263034.0000   674210    0.12%
 191566 172408   263040.2795    25   263346.0000   263034.0000   674211    0.12%
 191567 172409   263040.2811    25   263346.0000   263034.0000   674213    0.12%
 191568 172410   263040.2819    25   263346.0000   263034.0000   674218    0.12%
Elapsed time = 86.11 sec. (123933.44 ticks, tree = 1041.19 MB, solutions = 29)
 198126 178816   263034.0000    20   263346.0000   263034.0000   694815    0.12%
 198127 178817   263034.0000    20   263346.0000   263034.0000   694817    0.12%
 198128 178818   263034.0000    21   263346.0000   263034.0000   694819    0.12%
 198129 178819   263034.0000    21   263346.0000   263034.0000   694821    0.12%
 198130 178820   263034.0000    21   263346.0000   263034.0000   694831    0.12%
 198131 178821   263034.0000    23   263346.0000   263034.0000   694838    0.12%
 198132 178822   263034.0000    23   263346.0000   263034.0000   694840    0.12%
 198133 178823   263034.0000    25   263346.0000   263034.0000   694852    0.12%
 198134 178824   263034.0000    24   263346.0000   263034.0000   694856    0.12%
 198135 178825   263034.0000    24   263346.0000   263034.0000   694857    0.12%
Elapsed time = 88.71 sec. (127752.85 ticks, tree = 1080.31 MB, solutions = 29)
 202380 182940   263034.0000    20   263346.0000   263034.0000   709720    0.12%
 202381 182941   263034.0000    20   263346.0000   263034.0000   709721    0.12%
 202382 182942   263034.0000    24   263346.0000   263034.0000   709735    0.12%
 202383 182943   263034.0000    24   263346.0000   263034.0000   709737    0.12%
 202384 182944   263034.0000    24   263346.0000   263034.0000   709738    0.12%
 202385 182945   263034.0000    24   263346.0000   263034.0000   709739    0.12%
 202386 182946   263034.0000    23   263346.0000   263034.0000   709741    0.12%
 202387 182947   263034.0000    25   263346.0000   263034.0000   709748    0.12%
 202388 182948   263034.0000    25   263346.0000   263034.0000   709752    0.12%
 202389 182949   263034.0000    23   263346.0000   263034.0000   709755    0.12%
Elapsed time = 91.33 sec. (131572.87 ticks, tree = 1105.17 MB, solutions = 29)
 206866 187109   263034.0000    20   263346.0000   263034.0000   730899    0.12%
 206867 187110   263034.0000    20   263346.0000   263034.0000   730901    0.12%
 206868 187111   263034.0000    21   263346.0000   263034.0000   730903    0.12%
 206869 187112   263034.0000    22   263346.0000   263034.0000   730904    0.12%
 206870 187113   263068.2591    25   263346.0000   263034.0000   730942    0.12%
 206871 187114   263075.0426    25   263346.0000   263034.0000   730946    0.12%
 206872 187114   263078.6384    25   263346.0000   263034.0000   730947    0.12%
 206873 187115   263091.3490    24   263346.0000   263034.0000   730948    0.12%
 206874 187115   263092.0591    24   263346.0000   263034.0000   730949    0.12%
 206875 187115   263104.6329    23   263346.0000   263034.0000   730951    0.12%
Elapsed time = 94.01 sec. (135394.12 ticks, tree = 1130.82 MB, solutions = 29)
 212361 192052   263034.0000    21   263346.0000   263034.0000   756100    0.12%
 212362 192053   263034.0000    20   263346.0000   263034.0000   756118    0.12%
 212363 192054   263034.0000    20   263346.0000   263034.0000   756120    0.12%
 212364 192055   263034.0000    20   263346.0000   263034.0000   756121    0.12%
 212365 192056   263034.0000    20   263346.0000   263034.0000   756133    0.12%
 212366 192057   263034.0000    20   263346.0000   263034.0000   756140    0.12%
 212367 192058   263034.0000    23   263346.0000   263034.0000   756148    0.12%
 212368 192059   263034.0000    23   263346.0000   263034.0000   756149    0.12%
 212369 192060   263034.0000    23   263346.0000   263034.0000   756186    0.12%
 212370 192061   263034.0000    20   263346.0000   263034.0000   756192    0.12%
Elapsed time = 96.65 sec. (139216.73 ticks, tree = 1162.30 MB, solutions = 29)
 218234 197574   263153.9130    19   263346.0000   263034.0000   778899    0.12%
 218235 197575   263169.7960    18   263346.0000   263034.0000   778900    0.12%
 218236 197576   263169.7960    18   263346.0000   263034.0000   778901    0.12%
 218237 197577   263177.9591    19   263346.0000   263034.0000   778902    0.12%
 218238 197577   263193.1398    17   263346.0000   263034.0000   778903    0.12%
 218239 197578   263193.1398    16   263346.0000   263034.0000   778905    0.12%
 218240 197578   263197.3299    17   263346.0000   263034.0000   778906    0.12%
 218241 197577        cutoff         263346.0000   263034.0000   778908    0.12%
 218242 197578   263034.0000    23   263346.0000   263034.0000   778924    0.12%
 218243 197579   263034.0000    21   263346.0000   263034.0000   778925    0.12%
Elapsed time = 99.26 sec. (143036.50 ticks, tree = 1196.15 MB, solutions = 29)

Cover cuts applied:  18
Mixed integer rounding cuts applied:  24

Root node processing (before b&c):
  Real time             =    0.38 sec. (414.87 ticks)
Sequential b&c:
  Real time             =   99.62 sec. (143703.13 ticks)
                          ------------
Total (root+branch&cut) =  100.00 sec. (144118.00 ticks)

Solution pool: 29 solutions saved.

MIP - Time limit exceeded, integer feasible:  Objective =  2.6334600000e+05
Current MIP best bound =  2.6303400000e+05 (gap = 312, 0.12%)
Solution time =  100.00 sec.  Iterations = 784959  Nodes = 219995 (199291)
Deterministic time = 144118.01 ticks  (1441.16 ticks/sec)


Incumbent solution written to file '/tmp/tmphB2BM7.cplex.sol'.
