
Log started (V12.6.3.0) Sat Apr 21 00:07:13 2018

New value for default parallel thread count: 1

Problem '/tmp/tmpRpyMKJ.pyomo.lp' read.
Read time = 0.13 sec. (12.60 ticks)

Problem name         : /tmp/tmpRpyMKJ.pyomo.lp
Objective sense      : Minimize
Variables            :    3758  [Nneg: 1,  Binary: 3744,  General Integer: 13]
Objective nonzeros   :       1
Linear constraints   :     650  [Less: 324,  Equal: 326]
  Nonzeros           :  934237
  RHS nonzeros       :     625

Variables            : Min LB: 0.000000         Max UB: 1.000000       
Objective nonzeros   : Min   : 1.000000         Max   : 1.000000       
Linear constraints   :
  Nonzeros           : Min   : 1.000000         Max   : 19298.00       
  RHS nonzeros       : Min   : 1.000000         Max   : 32.00000       
Tried aggregator 2 times.
MIP Presolve eliminated 317 rows and 516 columns.
Aggregator did 29 substitutions.
Reduced MIP has 304 rows, 3213 columns, and 8955 nonzeros.
Reduced MIP has 3212 binaries, 1 generals, 0 SOSs, and 0 indicators.
Presolve time = 0.15 sec. (148.81 ticks)
Found incumbent of value 2893369.000000 after 0.19 sec. (181.79 ticks)
Tried aggregator 1 time.
Reduced MIP has 304 rows, 3213 columns, and 8955 nonzeros.
Reduced MIP has 3212 binaries, 1 generals, 0 SOSs, and 0 indicators.
Presolve time = 0.00 sec. (3.96 ticks)
Probing time = 0.00 sec. (1.95 ticks)
Clique table members: 292.
MIP emphasis: balance optimality and feasibility.
MIP search method: dynamic search.
Parallel mode: none, using 1 thread.
Root relaxation solution time = 0.00 sec. (6.74 ticks)

        Nodes                                         Cuts/
   Node  Left     Objective  IInf  Best Integer    Best Bound    ItCnt     Gap

*     0+    0                      2893369.0000        0.0000           100.00%
      0     0   263033.5455    19  2893369.0000   263033.5455       91   90.91%
*     0+    0                       272797.0000   263033.5455             3.58%
      0     0   263034.0000    22   272797.0000      Fract: 7      113    3.58%
*     0+    0                       268481.0000   263034.0000             2.03%
      0     0   263034.0000    26   268481.0000      Cuts: 19      150    2.03%
*     0+    0                       268014.0000   263034.0000             1.86%
*     0+    0                       267938.0000   263034.0000             1.83%
*     0+    0                       266502.0000   263034.0000             1.30%
*     0+    0                       266319.0000   263034.0000             1.23%
*     0+    0                       265918.0000   263034.0000             1.08%
*     0+    0                       265348.0000   263034.0000             0.87%
*     0+    0                       265142.0000   263034.0000             0.80%
*     0+    0                       264887.0000   263034.0000             0.70%
*     0+    0                       264878.0000   263034.0000             0.70%
*     0+    0                       264711.0000   263034.0000             0.63%
      0     2   263034.0000    18   264711.0000   263034.0000      150    0.63%
Elapsed time = 0.34 sec. (377.25 ticks, tree = 0.01 MB, solutions = 13)
*   100+  100                       264708.0000   263034.0000             0.63%
*   120+  118                       264687.0000   263034.0000             0.62%
*   140+  131                       264682.0000   263034.0000             0.62%
*   150+  139                       264619.0000   263034.0000             0.60%
    260   217   263034.0000    16   264619.0000   263034.0000     1273    0.60%
    261   218   263034.0000    17   264619.0000   263034.0000     1274    0.60%
    262   217        cutoff         264619.0000   263034.0000     1279    0.60%
    263   218   263034.0000    17   264619.0000   263034.0000     1280    0.60%
    264   219   263034.0000    17   264619.0000   263034.0000     1282    0.60%
    265   220   263034.0000    18   264619.0000   263034.0000     1285    0.60%
    266   219        cutoff         264619.0000   263034.0000     1296    0.60%
    267   220   263034.0000    18   264619.0000   263034.0000     1302    0.60%
    268   221   263034.0000    18   264619.0000   263034.0000     1303    0.60%
*   330+  265                       264440.0000   263034.0000             0.53%
*   340   271      integral     0   264411.0000   263034.0000     1660    0.52%
*   440+  331                       264314.0000   263034.0000             0.48%
*   540+  404                       264060.0000   263034.0000             0.39%
*   640+  475                       263860.0000   263034.0000             0.31%
*   700+  397                       263670.0000   263034.0000             0.24%
*   800+  479                       263668.0000   263034.0000             0.24%
    913   587   263034.0000    18   263668.0000   263034.0000     3808    0.24%
Elapsed time = 1.13 sec. (1530.27 ticks, tree = 3.12 MB, solutions = 24)
   1249   744   263034.0000    17   263668.0000   263034.0000     5705    0.24%
   1250   744   263034.0000    17   263668.0000   263034.0000     5706    0.24%
   1251   743   263034.0000    17   263668.0000   263034.0000     5707    0.24%
   1252   743   263034.0000    16   263668.0000   263034.0000     5711    0.24%
   1253   742   263034.0000    15   263668.0000   263034.0000     5713    0.24%
   1254   743   263034.0000    15   263668.0000   263034.0000     5713    0.24%
   1255   744   263034.0000    18   263668.0000   263034.0000     5715    0.24%
   1256   743   263034.0000    18   263668.0000   263034.0000     5726    0.24%
   1257   744   263034.0000    18   263668.0000   263034.0000     5733    0.24%
   1258   745   263034.0000    19   263668.0000   263034.0000     5738    0.24%
Elapsed time = 1.77 sec. (2501.53 ticks, tree = 3.93 MB, solutions = 24)
   1725   931   263034.0000    19   263668.0000   263034.0000     8479    0.24%
   1726   932   263034.0000    20   263668.0000   263034.0000     8504    0.24%
   1727   933   263034.0000    20   263668.0000   263034.0000     8515    0.24%
   1728   934   263034.0000    21   263668.0000   263034.0000     8517    0.24%
   1729   935   263034.0000    20   263668.0000   263034.0000     8524    0.24%
   1730   936   263034.0000    20   263668.0000   263034.0000     8527    0.24%
   1731   937   263034.0000    20   263668.0000   263034.0000     8535    0.24%
   1732   937   263034.0000    19   263668.0000   263034.0000     8550    0.24%
   1733   938   263034.0000    18   263668.0000   263034.0000     8562    0.24%
   1734   939   263034.0000    19   263668.0000   263034.0000     8564    0.24%
Elapsed time = 2.44 sec. (3473.84 ticks, tree = 4.98 MB, solutions = 24)
*  2013+ 1025                       263641.0000   263034.0000             0.23%
   2506  1367   263034.0000    15   263641.0000   263034.0000    12485    0.23%
   2507  1368   263034.0000    15   263641.0000   263034.0000    12487    0.23%
   2508  1369   263034.0000    15   263641.0000   263034.0000    12491    0.23%
   2509  1370   263034.0000    16   263641.0000   263034.0000    12494    0.23%
   2510  1371   263034.0000    16   263641.0000   263034.0000    12495    0.23%
   2511  1372   263034.0000    15   263641.0000   263034.0000    12501    0.23%
   2512  1373   263034.0000    15   263641.0000   263034.0000    12502    0.23%
*  2513+ 1371                       263608.0000   263034.0000             0.22%
   2513  1373   263034.0000    15   263608.0000   263034.0000    12503    0.22%
   2514  1374   263034.0000    16   263608.0000   263034.0000    12505    0.22%
   2515  1375   263034.0000    16   263608.0000   263034.0000    12506    0.22%
Elapsed time = 3.19 sec. (4479.31 ticks, tree = 7.44 MB, solutions = 26)
*  2613+ 1464                       263514.0000   263034.0000             0.18%
*  2713+ 1546                       263416.0000   263034.0000             0.15%
   3380  2156   263034.0000    19   263416.0000   263034.0000    16572    0.15%
   3381  2157   263034.0000    19   263416.0000   263034.0000    16574    0.15%
   3382  2158   263034.0000    19   263416.0000   263034.0000    16575    0.15%
   3383  2159   263034.0000    19   263416.0000   263034.0000    16576    0.15%
   3384  2160   263034.0000    19   263416.0000   263034.0000    16577    0.15%
   3385  2161   263034.0000    19   263416.0000   263034.0000    16578    0.15%
   3386  2162   263034.0000    17   263416.0000   263034.0000    16582    0.15%
   3387  2163   263034.0000    19   263416.0000   263034.0000    16588    0.15%
   3388  2164   263034.0000    19   263416.0000   263034.0000    16596    0.15%
   3389  2165   263034.0000    17   263416.0000   263034.0000    16599    0.15%
Elapsed time = 3.95 sec. (5440.31 ticks, tree = 11.84 MB, solutions = 28)
   4459  3085   263034.0000    15   263416.0000   263034.0000    21593    0.15%
   4460  3086   263034.0000    15   263416.0000   263034.0000    21594    0.15%
   4461  3087   263034.0000    16   263416.0000   263034.0000    21596    0.15%
   4462  3088   263034.0000    17   263416.0000   263034.0000    21598    0.15%
   4463  3089   263034.0000    15   263416.0000   263034.0000    21603    0.15%
   4464  3090   263034.0000    15   263416.0000   263034.0000    21604    0.15%
   4465  3091   263034.0000    15   263416.0000   263034.0000    21605    0.15%
   4466  3092   263034.0000    17   263416.0000   263034.0000    21608    0.15%
   4467  3093   263034.0000    17   263416.0000   263034.0000    21612    0.15%
   4468  3094   263034.0000    17   263416.0000   263034.0000    21616    0.15%
Elapsed time = 4.58 sec. (6398.86 ticks, tree = 17.04 MB, solutions = 28)
   5803  4313   263034.0000    16   263416.0000   263034.0000    27157    0.15%
   5804  4314   263034.0000    16   263416.0000   263034.0000    27170    0.15%
   5805  4315   263034.0000    17   263416.0000   263034.0000    27175    0.15%
   5806  4316   263034.0000    16   263416.0000   263034.0000    27177    0.15%
   5807  4317   263034.0000    17   263416.0000   263034.0000    27184    0.15%
   5808  4318   263034.0000    17   263416.0000   263034.0000    27191    0.15%
   5809  4319   263034.0000    16   263416.0000   263034.0000    27194    0.15%
   5810  4320   263034.0000    16   263416.0000   263034.0000    27199    0.15%
   5811  4319        cutoff         263416.0000   263034.0000    27202    0.15%
   5812  4320   263034.0000    15   263416.0000   263034.0000    27213    0.15%
Elapsed time = 5.23 sec. (7359.40 ticks, tree = 23.94 MB, solutions = 28)
   7346  5674   263034.0000    17   263416.0000   263034.0000    32766    0.15%
   7347  5675   263034.0000    17   263416.0000   263034.0000    32769    0.15%
   7348  5676   263034.0000    17   263416.0000   263034.0000    32775    0.15%
   7349  5677   263034.0000    19   263416.0000   263034.0000    32795    0.15%
   7350  5678   263034.0000    18   263416.0000   263034.0000    32802    0.15%
   7351  5679   263034.0000    18   263416.0000   263034.0000    32815    0.15%
   7352  5680   263034.0000    18   263416.0000   263034.0000    32821    0.15%
   7353  5681   263034.0000    19   263416.0000   263034.0000    32822    0.15%
   7354  5682   263034.0000    19   263416.0000   263034.0000    32826    0.15%
   7355  5683   263034.0000    19   263416.0000   263034.0000    32848    0.15%
Elapsed time = 5.88 sec. (8321.86 ticks, tree = 31.55 MB, solutions = 28)
   8997  7189   263104.0000    19   263416.0000   263034.0000    39958    0.15%
   8998  7190   263104.0000    19   263416.0000   263034.0000    39963    0.15%
   8999  7191   263104.0000    17   263416.0000   263034.0000    39968    0.15%
   9000  7192   263104.0000    17   263416.0000   263034.0000    39969    0.15%
   9001  7193   263104.0000    19   263416.0000   263034.0000    39980    0.15%
   9002  7194   263104.0000    17   263416.0000   263034.0000    39985    0.15%
   9003  7195   263104.0000    17   263416.0000   263034.0000    39987    0.15%
   9004  7196   263104.0000    17   263416.0000   263034.0000    39988    0.15%
   9005  7197   263104.0000    16   263416.0000   263034.0000    39991    0.15%
   9006  7196    infeasible         263416.0000   263034.0000    39991    0.15%
Elapsed time = 6.52 sec. (9280.19 ticks, tree = 40.11 MB, solutions = 28)
  10716  8774   263034.0000    15   263416.0000   263034.0000    46848    0.15%
  10717  8775   263034.0000    15   263416.0000   263034.0000    46849    0.15%
  10718  8776   263034.0000    15   263416.0000   263034.0000    46851    0.15%
  10719  8777   263034.0000    16   263416.0000   263034.0000    46855    0.15%
  10720  8778   263034.0000    16   263416.0000   263034.0000    46856    0.15%
  10721  8779   263034.0000    17   263416.0000   263034.0000    46861    0.15%
  10722  8780   263034.0000    16   263416.0000   263034.0000    46867    0.15%
  10723  8781   263034.0000    16   263416.0000   263034.0000    46873    0.15%
  10724  8782   263034.0000    16   263416.0000   263034.0000    46875    0.15%
  14629 12349   263034.0000    17   263416.0000   263034.0000    60757    0.15%
Elapsed time = 9.19 sec. (13096.58 ticks, tree = 69.76 MB, solutions = 28)
  21990 19156   263034.0000    19   263416.0000   263034.0000    85197    0.15%
  21991 19157   263034.0000    18   263416.0000   263034.0000    85200    0.15%
  21992 19158   263034.0000    17   263416.0000   263034.0000    85203    0.15%
  21993 19159   263034.0000    19   263416.0000   263034.0000    85206    0.15%
  21994 19160   263034.0000    17   263416.0000   263034.0000    85209    0.15%
  21995 19161   263034.0000    18   263416.0000   263034.0000    85210    0.15%
  21996 19162   263034.0000    17   263416.0000   263034.0000    85212    0.15%
  21997 19163   263034.0000    18   263416.0000   263034.0000    85214    0.15%
  21998 19164   263034.0000    19   263416.0000   263034.0000    85217    0.15%
  21999 19165   263034.0000    19   263416.0000   263034.0000    85218    0.15%
Elapsed time = 11.72 sec. (16914.91 ticks, tree = 109.28 MB, solutions = 28)
  29384 26188   263063.0000    18   263416.0000   263034.0000   108507    0.15%
  29385 26189   263063.0000    18   263416.0000   263034.0000   108510    0.15%
  29386 26190   263063.0000    16   263416.0000   263034.0000   108512    0.15%
  29387 26191   263063.0000    18   263416.0000   263034.0000   108519    0.15%
  29388 26192   263063.0000    18   263416.0000   263034.0000   108520    0.15%
  29389 26193   263063.0000    18   263416.0000   263034.0000   108521    0.15%
  29390 26194   263063.0000    19   263416.0000   263034.0000   108525    0.15%
  29391 26195   263063.0000    17   263416.0000   263034.0000   108527    0.15%
  29392 26196   263063.0000    18   263416.0000   263034.0000   108536    0.15%
  29393 26197   263063.0000    18   263416.0000   263034.0000   108539    0.15%
Elapsed time = 14.29 sec. (20735.89 ticks, tree = 149.54 MB, solutions = 28)
  37171 33638   263034.0000    17   263416.0000   263034.0000   130390    0.15%
  37172 33639   263034.0000    17   263416.0000   263034.0000   130392    0.15%
  37173 33640   263034.0000    15   263416.0000   263034.0000   130399    0.15%
  37174 33641   263034.0000    14   263416.0000   263034.0000   130401    0.15%
  37175 33642   263034.0000    15   263416.0000   263034.0000   130404    0.15%
  37176 33643   263034.0000    15   263416.0000   263034.0000   130405    0.15%
  37177 33644   263034.0000    16   263416.0000   263034.0000   130410    0.15%
  37178 33645   263034.0000    16   263416.0000   263034.0000   130415    0.15%
  37179 33646   263034.0000    16   263416.0000   263034.0000   130420    0.15%
  37180 33647   263034.0000    15   263416.0000   263034.0000   130424    0.15%
Elapsed time = 16.89 sec. (24555.66 ticks, tree = 193.04 MB, solutions = 28)
  44764 40870   263304.0267    16   263416.0000   263034.0000   152781    0.15%
  44765 40871   263304.0267    12   263416.0000   263034.0000   152786    0.15%
  44766 40871   263306.7790    12   263416.0000   263034.0000   152787    0.15%
  44767 40870   263403.0319    15   263416.0000   263034.0000   152799    0.15%
  44768 40871   263034.0000    17   263416.0000   263034.0000   152805    0.15%
  44769 40872   263034.0000    17   263416.0000   263034.0000   152807    0.15%
  44770 40873   263034.0000    17   263416.0000   263034.0000   152809    0.15%
  44771 40874   263034.0000    18   263416.0000   263034.0000   152810    0.15%
  44772 40875   263034.0000    17   263416.0000   263034.0000   152812    0.15%
  44773 40876   263034.0000    17   263416.0000   263034.0000   152814    0.15%
Elapsed time = 19.51 sec. (28374.75 ticks, tree = 234.64 MB, solutions = 28)
  52076 47976   263034.0000    15   263416.0000   263034.0000   173488    0.15%
  52077 47977   263034.0000    16   263416.0000   263034.0000   173490    0.15%
  52078 47978   263034.0000    17   263416.0000   263034.0000   173491    0.15%
  52079 47979   263034.0000    17   263416.0000   263034.0000   173492    0.15%
  52080 47980   263034.0000    17   263416.0000   263034.0000   173493    0.15%
  52081 47981   263034.0000    17   263416.0000   263034.0000   173494    0.15%
  52082 47982   263034.0000    17   263416.0000   263034.0000   173495    0.15%
  52083 47983   263034.0000    17   263416.0000   263034.0000   173497    0.15%
  52084 47984   263034.0000    17   263416.0000   263034.0000   173498    0.15%
  52085 47985   263034.0000    17   263416.0000   263034.0000   173499    0.15%
Elapsed time = 22.11 sec. (32195.31 ticks, tree = 275.48 MB, solutions = 28)
  59224 54874   263073.7239    19   263416.0000   263034.0000   193972    0.15%
  59225 54875   263073.7241    19   263416.0000   263034.0000   193976    0.15%
  59226 54876   263073.7241    20   263416.0000   263034.0000   193977    0.15%
  59227 54877   263073.7456    19   263416.0000   263034.0000   193981    0.15%
  59228 54878   263073.7456    19   263416.0000   263034.0000   193982    0.15%
  59229 54879   263073.7456    20   263416.0000   263034.0000   193984    0.15%
  59230 54880   263073.7456    20   263416.0000   263034.0000   193986    0.15%
  59231 54881   263073.7456    19   263416.0000   263034.0000   193987    0.15%
  59232 54882   263073.7462    19   263416.0000   263034.0000   193988    0.15%
  59233 54883   263073.7463    20   263416.0000   263034.0000   193991    0.15%
Elapsed time = 24.72 sec. (36014.95 ticks, tree = 314.95 MB, solutions = 28)
  66430 61734   263203.0000    13   263416.0000   263034.0000   214197    0.15%
  66431 61735   263203.0000    14   263416.0000   263034.0000   214199    0.15%
  66432 61736   263203.0000    13   263416.0000   263034.0000   214200    0.15%
  66433 61737   263203.0000    13   263416.0000   263034.0000   214201    0.15%
  66434 61738   263203.0000    13   263416.0000   263034.0000   214202    0.15%
  66435 61739   263203.0000    14   263416.0000   263034.0000   214204    0.15%
  66436 61740   263203.0000    13   263416.0000   263034.0000   214205    0.15%
  66437 61741   263203.0000    12   263416.0000   263034.0000   214207    0.15%
  66438 61742   263203.0000    11   263416.0000   263034.0000   214208    0.15%
  66439 61743   263203.0000    15   263416.0000   263034.0000   214215    0.15%
Elapsed time = 27.26 sec. (39832.87 ticks, tree = 354.89 MB, solutions = 28)
  74113 69135   263034.0000    20   263416.0000   263034.0000   234412    0.15%
  74114 69136   263034.0000    20   263416.0000   263034.0000   234416    0.15%
  74115 69137   263034.0000    16   263416.0000   263034.0000   234440    0.15%
  74116 69138   263034.0000    16   263416.0000   263034.0000   234443    0.15%
  74117 69139   263034.0000    17   263416.0000   263034.0000   234446    0.15%
  74118 69140   263034.0000    17   263416.0000   263034.0000   234451    0.15%
  74119 69141   263034.0000    17   263416.0000   263034.0000   234460    0.15%
  74120 69142   263034.0000    16   263416.0000   263034.0000   234463    0.15%
  74121 69143   263034.0000    17   263416.0000   263034.0000   234469    0.15%
  74122 69144   263034.0000    16   263416.0000   263034.0000   234472    0.15%
Elapsed time = 29.82 sec. (43657.40 ticks, tree = 399.70 MB, solutions = 28)
  81037 75799   263034.0000    18   263416.0000   263034.0000   255036    0.15%
  81038 75800   263034.0000    18   263416.0000   263034.0000   255037    0.15%
  81039 75801   263034.0000    18   263416.0000   263034.0000   255038    0.15%
  81040 75802   263034.0000    18   263416.0000   263034.0000   255040    0.15%
  81041 75803   263034.0000    18   263416.0000   263034.0000   255041    0.15%
  81042 75804   263034.0000    18   263416.0000   263034.0000   255043    0.15%
  81043 75805   263034.0000    18   263416.0000   263034.0000   255044    0.15%
  81044 75806   263034.0000    18   263416.0000   263034.0000   255045    0.15%
  81045 75807   263034.0000    18   263416.0000   263034.0000   255046    0.15%
  81046 75808   263034.0000    19   263416.0000   263034.0000   255051    0.15%
Elapsed time = 32.38 sec. (47477.33 ticks, tree = 438.35 MB, solutions = 28)
  87831 82431   263034.0000    19   263416.0000   263034.0000   275493    0.15%
  87832 82432   263034.0000    19   263416.0000   263034.0000   275494    0.15%
  87833 82433   263034.0000    17   263416.0000   263034.0000   275496    0.15%
  87834 82434   263052.5224    18   263416.0000   263034.0000   275517    0.15%
  87835 82433        cutoff         263416.0000   263034.0000   275520    0.15%
  87836 82434   263052.5224    18   263416.0000   263034.0000   275521    0.15%
  87837 82435   263052.5224    17   263416.0000   263034.0000   275527    0.15%
  87838 82436   263052.5224    18   263416.0000   263034.0000   275534    0.15%
  87839 82437   263052.5224    18   263416.0000   263034.0000   275535    0.15%
  87840 82436        cutoff         263416.0000   263034.0000   275543    0.15%
Elapsed time = 35.00 sec. (51298.11 ticks, tree = 477.32 MB, solutions = 28)
* 89813+82954                       263305.0000   263034.0000             0.10%
  94758 87776   263034.0000    17   263305.0000   263034.0000   296415    0.10%
  94759 87777   263034.0000    17   263305.0000   263034.0000   296417    0.10%
  94760 87778   263034.0000    17   263305.0000   263034.0000   296418    0.10%
  94761 87779   263034.0000    17   263305.0000   263034.0000   296419    0.10%
  94762 87780   263034.0000    17   263305.0000   263034.0000   296420    0.10%
  94763 87781   263067.5000    16   263305.0000   263034.0000   296421    0.10%
  94764 87780        cutoff         263305.0000   263034.0000   296426    0.10%
  94765 87781   263067.5000    16   263305.0000   263034.0000   296427    0.10%
  94766 87782   263067.5000    16   263305.0000   263034.0000   296429    0.10%
  94767 87783   263067.5000    16   263305.0000   263034.0000   296430    0.10%
Elapsed time = 37.59 sec. (55116.94 ticks, tree = 508.07 MB, solutions = 29)
 101953 94655   263034.0000    18   263305.0000   263034.0000   316605    0.10%
 101954 94656   263034.0000    19   263305.0000   263034.0000   316614    0.10%
 101955 94657   263034.0000    19   263305.0000   263034.0000   316615    0.10%
 101956 94658   263034.0000    19   263305.0000   263034.0000   316616    0.10%
 101957 94659   263034.0000    20   263305.0000   263034.0000   316618    0.10%
 101958 94660   263034.0000    20   263305.0000   263034.0000   316619    0.10%
 101959 94661   263034.0000    20   263305.0000   263034.0000   316622    0.10%
 101960 94662   263034.0000    20   263305.0000   263034.0000   316626    0.10%
 101961 94663   263034.0000    21   263305.0000   263034.0000   316628    0.10%
 101962 94664   263034.0000    20   263305.0000   263034.0000   316634    0.10%
Elapsed time = 40.21 sec. (58936.38 ticks, tree = 548.02 MB, solutions = 29)
 109033 101574   263034.0000    17   263305.0000   263034.0000   337297    0.10%
 109034 101575   263034.0000    16   263305.0000   263034.0000   337300    0.10%
 109035 101576   263034.0000    16   263305.0000   263034.0000   337301    0.10%
 109036 101577   263034.0000    16   263305.0000   263034.0000   337302    0.10%
 109037 101578   263034.0000    16   263305.0000   263034.0000   337303    0.10%
 109038 101579   263034.0000    17   263305.0000   263034.0000   337305    0.10%
 109039 101580   263034.0000    17   263305.0000   263034.0000   337308    0.10%
 109040 101581   263034.0000    17   263305.0000   263034.0000   337309    0.10%
 109041 101582   263034.0000    17   263305.0000   263034.0000   337311    0.10%
 109042 101583   263034.0000    17   263305.0000   263034.0000   337321    0.10%
Elapsed time = 42.78 sec. (62755.16 ticks, tree = 587.78 MB, solutions = 29)
*113813+105720                       263268.0000   263034.0000             0.09%
 116409 108247   263034.0000    17   263268.0000   263034.0000   357144    0.09%
 116410 108248   263034.0000    17   263268.0000   263034.0000   357146    0.09%
 116411 108249   263034.0000    17   263268.0000   263034.0000   357147    0.09%
 116412 108250   263034.0000    16   263268.0000   263034.0000   357148    0.09%
 116413 108251   263034.0000    17   263268.0000   263034.0000   357149    0.09%
 116414 108252   263034.0000    17   263268.0000   263034.0000   357150    0.09%
 116415 108253   263034.0000    17   263268.0000   263034.0000   357151    0.09%
 116416 108254   263034.0000    17   263268.0000   263034.0000   357152    0.09%
 116417 108255   263034.0000    16   263268.0000   263034.0000   357153    0.09%
 116418 108256   263034.0000    17   263268.0000   263034.0000   357159    0.09%
Elapsed time = 45.40 sec. (66573.64 ticks, tree = 626.20 MB, solutions = 30)
 123765 115360   263034.0000    19   263268.0000   263034.0000   376531    0.09%
 123766 115361   263034.0000    19   263268.0000   263034.0000   376532    0.09%
 123767 115362   263034.0000    19   263268.0000   263034.0000   376546    0.09%
 123768 115363   263034.0000    18   263268.0000   263034.0000   376550    0.09%
 123769 115364   263034.0000    17   263268.0000   263034.0000   376554    0.09%
 123770 115365   263034.0000    17   263268.0000   263034.0000   376556    0.09%
 123771 115366   263034.0000    17   263268.0000   263034.0000   376557    0.09%
 123772 115367   263034.0000    20   263268.0000   263034.0000   376568    0.09%
 123773 115368   263034.0000    18   263268.0000   263034.0000   376570    0.09%
 123774 115369   263034.0000    19   263268.0000   263034.0000   376576    0.09%
Elapsed time = 47.99 sec. (70397.61 ticks, tree = 667.63 MB, solutions = 30)
 130546 121977   263034.0000    17   263268.0000   263034.0000   396756    0.09%
 130547 121978   263034.0000    17   263268.0000   263034.0000   396757    0.09%
 130548 121979   263034.0000    17   263268.0000   263034.0000   396761    0.09%
 130549 121980   263034.0000    16   263268.0000   263034.0000   396762    0.09%
 130550 121981   263034.0000    17   263268.0000   263034.0000   396765    0.09%
 130551 121982   263034.0000    17   263268.0000   263034.0000   396768    0.09%
 130552 121983   263034.0000    16   263268.0000   263034.0000   396771    0.09%
 130553 121984   263034.0000    16   263268.0000   263034.0000   396774    0.09%
 130554 121985   263034.0000    16   263268.0000   263034.0000   396775    0.09%
 130555 121986   263034.0000    16   263268.0000   263034.0000   396778    0.09%
Elapsed time = 50.62 sec. (74216.09 ticks, tree = 705.81 MB, solutions = 30)
 137127 127655   263034.0000    16   263268.0000   263034.0000   416472    0.09%
 137128 127656   263034.0000    17   263268.0000   263034.0000   416473    0.09%
 137129 127657   263034.0000    17   263268.0000   263034.0000   416476    0.09%
 137130 127658   263034.0000    17   263268.0000   263034.0000   416477    0.09%
 137131 127659   263034.0000    17   263268.0000   263034.0000   416483    0.09%
 137132 127660   263034.0000    17   263268.0000   263034.0000   416489    0.09%
 137133 127661   263034.0000    17   263268.0000   263034.0000   416490    0.09%
 137134 127662   263034.0000    17   263268.0000   263034.0000   416491    0.09%
 137135 127663   263034.0000    17   263268.0000   263034.0000   416492    0.09%
 137136 127664   263034.0000    17   263268.0000   263034.0000   416493    0.09%
Elapsed time = 53.21 sec. (78034.71 ticks, tree = 738.73 MB, solutions = 30)
 143929 133785   263059.3000    18   263268.0000   263034.0000   434982    0.09%
 143930 133786   263059.3000    19   263268.0000   263034.0000   434984    0.09%
 143931 133787   263059.3000    19   263268.0000   263034.0000   434986    0.09%
 143932 133788   263059.3000    16   263268.0000   263034.0000   434989    0.09%
 143933 133789   263059.3000    16   263268.0000   263034.0000   434990    0.09%
 143934 133790   263059.3000    16   263268.0000   263034.0000   434991    0.09%
 143935 133791   263059.3000    16   263268.0000   263034.0000   434992    0.09%
 143936 133792   263059.3000    16   263268.0000   263034.0000   434993    0.09%
 143937 133793   263059.3000    16   263268.0000   263034.0000   434994    0.09%
 143938 133794   263059.3000    16   263268.0000   263034.0000   434995    0.09%
Elapsed time = 55.74 sec. (81854.07 ticks, tree = 776.62 MB, solutions = 30)
 151158 140715   263198.5552    18   263268.0000   263034.0000   455314    0.09%
 151159 140716   263198.5621    18   263268.0000   263034.0000   455315    0.09%
 151160 140717   263198.5621    18   263268.0000   263034.0000   455316    0.09%
 151161 140718   263198.5661    18   263268.0000   263034.0000   455317    0.09%
 151162 140719   263198.5698    18   263268.0000   263034.0000   455318    0.09%
 151163 140720   263198.5698    18   263268.0000   263034.0000   455319    0.09%
 151164 140721   263198.5702    18   263268.0000   263034.0000   455320    0.09%
 151165 140722   263198.5703    18   263268.0000   263034.0000   455321    0.09%
 151166 140723   263198.5706    18   263268.0000   263034.0000   455322    0.09%
 151167 140724   263198.5711    18   263268.0000   263034.0000   455323    0.09%
Elapsed time = 58.37 sec. (85672.60 ticks, tree = 817.05 MB, solutions = 30)
 158720 148073   263161.0000    16   263268.0000   263034.0000   475819    0.09%
 158721 148074   263161.0000    16   263268.0000   263034.0000   475820    0.09%
 158722 148075   263161.0000    16   263268.0000   263034.0000   475821    0.09%
 158723 148076   263161.0000    16   263268.0000   263034.0000   475822    0.09%
 158724 148077   263161.0000    16   263268.0000   263034.0000   475823    0.09%
 158725 148078   263161.0000    16   263268.0000   263034.0000   475824    0.09%
 158726 148078   263161.0000    16   263268.0000   263034.0000   475825    0.09%
 158727 148079   263161.0000    16   263268.0000   263034.0000   475826    0.09%
 158728 148079   263161.0000    16   263268.0000   263034.0000   475827    0.09%
 158729 148078        cutoff         263268.0000   263034.0000   475834    0.09%
Elapsed time = 60.93 sec. (89492.83 ticks, tree = 860.38 MB, solutions = 30)
 166359 155529   263034.0000    16   263268.0000   263034.0000   494800    0.09%
 166360 155530   263034.0000    16   263268.0000   263034.0000   494802    0.09%
 166361 155531   263034.0000    14   263268.0000   263034.0000   494805    0.09%
 166362 155532   263034.0000    14   263268.0000   263034.0000   494806    0.09%
 166363 155533   263034.0000    15   263268.0000   263034.0000   494828    0.09%
 166364 155534   263034.0000    14   263268.0000   263034.0000   494829    0.09%
 166365 155535   263034.0000    13   263268.0000   263034.0000   494831    0.09%
 166366 155536   263034.0000    14   263268.0000   263034.0000   494833    0.09%
 166367 155537   263034.0000    14   263268.0000   263034.0000   494834    0.09%
 166368 155538   263034.0000    13   263268.0000   263034.0000   494835    0.09%
Elapsed time = 63.43 sec. (93312.16 ticks, tree = 904.54 MB, solutions = 30)
 173668 162497   263034.0000    19   263268.0000   263034.0000   517040    0.09%
 173669 162498   263034.0000    19   263268.0000   263034.0000   517041    0.09%
 173670 162499   263034.0000    18   263268.0000   263034.0000   517042    0.09%
 173671 162500   263034.0000    18   263268.0000   263034.0000   517044    0.09%
 173672 162501   263034.0000    18   263268.0000   263034.0000   517045    0.09%
 173673 162502   263034.0000    19   263268.0000   263034.0000   517047    0.09%
 173674 162503   263034.0000    19   263268.0000   263034.0000   517048    0.09%
 173675 162504   263034.0000    19   263268.0000   263034.0000   517049    0.09%
 173676 162505   263034.0000    19   263268.0000   263034.0000   517050    0.09%
 173677 162506   263034.0000    17   263268.0000   263034.0000   517060    0.09%
Elapsed time = 66.03 sec. (97130.83 ticks, tree = 946.91 MB, solutions = 30)
 181171 169707   263047.9210    19   263268.0000   263034.0000   536326    0.09%
 181172 169708   263047.9210    19   263268.0000   263034.0000   536327    0.09%
 181173 169709   263047.9210    19   263268.0000   263034.0000   536328    0.09%
 181174 169710   263047.9210    19   263268.0000   263034.0000   536329    0.09%
 181175 169711   263047.9210    19   263268.0000   263034.0000   536330    0.09%
 181176 169712   263047.9210    19   263268.0000   263034.0000   536331    0.09%
 181177 169713   263047.9210    19   263268.0000   263034.0000   536332    0.09%
 181178 169714   263047.9210    19   263268.0000   263034.0000   536333    0.09%
 181179 169715   263047.9212    19   263268.0000   263034.0000   536334    0.09%
 181180 169716   263047.9212    19   263268.0000   263034.0000   536335    0.09%
Elapsed time = 68.65 sec. (100948.96 ticks, tree = 989.34 MB, solutions = 30)
 188651 177000   263034.0000    18   263268.0000   263034.0000   554874    0.09%
 188652 177001   263034.0000    18   263268.0000   263034.0000   554875    0.09%
 188653 177002   263034.0000    18   263268.0000   263034.0000   554876    0.09%
 188654 177003   263034.0000    18   263268.0000   263034.0000   554877    0.09%
 188655 177004   263034.0000    17   263268.0000   263034.0000   554880    0.09%
 188656 177005   263034.0000    18   263268.0000   263034.0000   554886    0.09%
 188657 177006   263034.0000    18   263268.0000   263034.0000   554887    0.09%
 188658 177007   263034.0000    17   263268.0000   263034.0000   554888    0.09%
 188659 177008   263034.0000    17   263268.0000   263034.0000   554890    0.09%
 188660 177009   263034.0000    18   263268.0000   263034.0000   554892    0.09%
Elapsed time = 71.23 sec. (104767.73 ticks, tree = 1032.35 MB, solutions = 30)
 196195 184357   263034.0000    15   263268.0000   263034.0000   574554    0.09%
 196196 184358   263034.0000    15   263268.0000   263034.0000   574557    0.09%
 196197 184359   263034.0000    15   263268.0000   263034.0000   574558    0.09%
 196198 184360   263034.0000    15   263268.0000   263034.0000   574561    0.09%
 196199 184361   263034.0000    16   263268.0000   263034.0000   574562    0.09%
 196200 184362   263034.0000    16   263268.0000   263034.0000   574568    0.09%
 196201 184363   263034.0000    14   263268.0000   263034.0000   574572    0.09%
 196202 184364   263034.0000    14   263268.0000   263034.0000   574575    0.09%
 196203 184365   263034.0000    14   263268.0000   263034.0000   574577    0.09%
 196204 184366   263034.0000    14   263268.0000   263034.0000   574578    0.09%
Elapsed time = 73.80 sec. (108586.34 ticks, tree = 1075.76 MB, solutions = 30)
 203449 191216   263225.0000    13   263268.0000   263034.0000   594448    0.09%
 203450 191217   263225.0000    13   263268.0000   263034.0000   594449    0.09%
 203451 191218   263225.0000    13   263268.0000   263034.0000   594450    0.09%
 203452 191219   263225.0000    13   263268.0000   263034.0000   594454    0.09%
 203453 191220   263225.0000    13   263268.0000   263034.0000   594455    0.09%
 203454 191221   263225.0000    13   263268.0000   263034.0000   594456    0.09%
 203455 191222   263225.0000    13   263268.0000   263034.0000   594457    0.09%
 203456 191223   263225.0000    13   263268.0000   263034.0000   594458    0.09%
 203457 191224   263225.0000    14   263268.0000   263034.0000   594460    0.09%
 203458 191225   263225.0000    12   263268.0000   263034.0000   594462    0.09%
Elapsed time = 76.38 sec. (112405.58 ticks, tree = 1117.01 MB, solutions = 30)
 210718 198295   263102.0000    12   263268.0000   263034.0000   613847    0.09%
 210719 198296   263102.0000    15   263268.0000   263034.0000   613855    0.09%
 210720 198297   263102.0000    15   263268.0000   263034.0000   613856    0.09%
 210721 198298   263102.0000    14   263268.0000   263034.0000   613857    0.09%
 210722 198299   263102.0000    15   263268.0000   263034.0000   613866    0.09%
 210723 198300   263102.0000    14   263268.0000   263034.0000   613870    0.09%
 210724 198301   263102.0000    14   263268.0000   263034.0000   613871    0.09%
 210725 198302   263102.0000    14   263268.0000   263034.0000   613872    0.09%
 210726 198303   263102.0000    14   263268.0000   263034.0000   613873    0.09%
 210727 198304   263102.0000    14   263268.0000   263034.0000   613874    0.09%
Elapsed time = 78.93 sec. (116226.35 ticks, tree = 1158.74 MB, solutions = 30)
 218109 205374   263034.0000    21   263268.0000   263034.0000   634564    0.09%
 218110 205375   263034.0000    21   263268.0000   263034.0000   634565    0.09%
 218111 205376   263034.0000    21   263268.0000   263034.0000   634566    0.09%
 218112 205377   263034.0000    20   263268.0000   263034.0000   634569    0.09%
 218113 205378   263034.0000    20   263268.0000   263034.0000   634571    0.09%
 218114 205379   263034.0000    20   263268.0000   263034.0000   634576    0.09%
 218115 205380   263034.0000    21   263268.0000   263034.0000   634578    0.09%
 218116 205381   263034.0000    21   263268.0000   263034.0000   634579    0.09%
 218117 205382   263034.0000    21   263268.0000   263034.0000   634580    0.09%
 218118 205383   263034.0000    21   263268.0000   263034.0000   634581    0.09%
Elapsed time = 81.54 sec. (120047.39 ticks, tree = 1200.12 MB, solutions = 30)
 225883 212933   263034.0000    18   263268.0000   263034.0000   654925    0.09%
 225884 212934   263034.0000    18   263268.0000   263034.0000   654926    0.09%
 225885 212935   263034.0000    18   263268.0000   263034.0000   654929    0.09%
 225886 212936   263034.0000    18   263268.0000   263034.0000   654934    0.09%
 225887 212937   263034.0000    18   263268.0000   263034.0000   654939    0.09%
 225888 212938   263034.0000    17   263268.0000   263034.0000   654941    0.09%
 225889 212939   263034.0000    16   263268.0000   263034.0000   654942    0.09%
 225890 212940   263034.0000    17   263268.0000   263034.0000   654943    0.09%
 225891 212941   263034.0000    17   263268.0000   263034.0000   654944    0.09%
 225892 212942   263034.0000    18   263268.0000   263034.0000   654947    0.09%
Elapsed time = 84.18 sec. (123867.03 ticks, tree = 1244.70 MB, solutions = 30)
 233445 220143   263034.0000    19   263268.0000   263034.0000   675549    0.09%
 233446 220144   263034.0000    19   263268.0000   263034.0000   675550    0.09%
 233447 220145   263034.0000    19   263268.0000   263034.0000   675551    0.09%
 233448 220146   263034.0000    19   263268.0000   263034.0000   675552    0.09%
 233449 220147   263034.0000    19   263268.0000   263034.0000   675553    0.09%
 233450 220148   263034.0000    19   263268.0000   263034.0000   675559    0.09%
 233451 220149   263034.0000    19   263268.0000   263034.0000   675566    0.09%
 233452 220150   263034.0000    19   263268.0000   263034.0000   675572    0.09%
 233453 220151   263034.0000    19   263268.0000   263034.0000   675579    0.09%
 233454 220152   263034.0000    19   263268.0000   263034.0000   675580    0.09%
Elapsed time = 86.74 sec. (127685.71 ticks, tree = 1287.40 MB, solutions = 30)
 241102 227473   263049.5998    18   263268.0000   263034.0000   695124    0.09%
 241103 227474   263049.5998    18   263268.0000   263034.0000   695125    0.09%
 241104 227475   263049.5998    18   263268.0000   263034.0000   695126    0.09%
 241105 227476   263049.5998    18   263268.0000   263034.0000   695127    0.09%
 241106 227477   263049.6204    18   263268.0000   263034.0000   695131    0.09%
 241107 227478   263049.6204    17   263268.0000   263034.0000   695134    0.09%
 241108 227479   263049.6204    17   263268.0000   263034.0000   695136    0.09%
 241109 227480   263049.6204    18   263268.0000   263034.0000   695142    0.09%
 241110 227481   263049.6617    17   263268.0000   263034.0000   695149    0.09%
 241111 227482   263049.6649    18   263268.0000   263034.0000   695151    0.09%
Elapsed time = 89.36 sec. (131505.29 ticks, tree = 1332.39 MB, solutions = 30)
 245113 231303   263034.0000    22   263268.0000   263034.0000   704939    0.09%
 245114 231304   263034.0000    22   263268.0000   263034.0000   704940    0.09%
 245115 231305   263034.0000    22   263268.0000   263034.0000   704942    0.09%
 245116 231306   263034.0000    22   263268.0000   263034.0000   704955    0.09%
 245117 231307   263034.0000    22   263268.0000   263034.0000   704957    0.09%
 245118 231308   263034.0000    22   263268.0000   263034.0000   704959    0.09%
 245119 231309   263034.0000    21   263268.0000   263034.0000   704964    0.09%
 245120 231310   263034.0000    20   263268.0000   263034.0000   704971    0.09%
 245121 231311   263034.0000    22   263268.0000   263034.0000   704980    0.09%
 245122 231312   263034.0000    20   263268.0000   263034.0000   704984    0.09%
Elapsed time = 92.02 sec. (135339.11 ticks, tree = 1355.21 MB, solutions = 30)
 253269 239158   263034.0000    20   263268.0000   263034.0000   725565    0.09%
 253270 239159   263034.0000    20   263268.0000   263034.0000   725567    0.09%
 253271 239160   263034.0000    21   263268.0000   263034.0000   725569    0.09%
 253272 239161   263034.0000    19   263268.0000   263034.0000   725571    0.09%
 253273 239162   263034.0000    21   263268.0000   263034.0000   725574    0.09%
 253274 239163   263034.0000    21   263268.0000   263034.0000   725575    0.09%
 253275 239164   263034.0000    21   263268.0000   263034.0000   725576    0.09%
 253276 239165   263034.0000    21   263268.0000   263034.0000   725578    0.09%
 253277 239166   263034.0000    21   263268.0000   263034.0000   725579    0.09%
 253278 239167   263034.0000    20   263268.0000   263034.0000   725582    0.09%
Elapsed time = 94.59 sec. (139158.09 ticks, tree = 1402.22 MB, solutions = 30)
*259313+244522                       263259.0000   263034.0000             0.09%
 260707 245877   263034.0000    21   263259.0000   263034.0000   744652    0.09%
 260708 245878   263034.0000    21   263259.0000   263034.0000   744653    0.09%
 260709 245879   263034.0000    19   263259.0000   263034.0000   744657    0.09%
 260710 245880   263034.0000    19   263259.0000   263034.0000   744658    0.09%
 260711 245881   263034.0000    19   263259.0000   263034.0000   744659    0.09%
 260712 245882   263034.0000    20   263259.0000   263034.0000   744665    0.09%
 260713 245883   263034.0000    17   263259.0000   263034.0000   744668    0.09%
 260714 245884   263034.0000    19   263259.0000   263034.0000   744675    0.09%
 260715 245885   263034.0000    17   263259.0000   263034.0000   744682    0.09%
 260716 245886   263034.0000    17   263259.0000   263034.0000   744683    0.09%
Elapsed time = 97.23 sec. (142977.46 ticks, tree = 1442.60 MB, solutions = 31)
 268458 253445   263034.0000    17   263259.0000   263034.0000   765237    0.09%
 268459 253446   263034.0000    17   263259.0000   263034.0000   765238    0.09%
 268460 253447   263034.0000    17   263259.0000   263034.0000   765239    0.09%
 268461 253448   263034.0000    17   263259.0000   263034.0000   765240    0.09%
 268462 253449   263034.0000    17   263259.0000   263034.0000   765241    0.09%
 268463 253450   263034.0000    17   263259.0000   263034.0000   765242    0.09%
 268464 253451   263034.0000    16   263259.0000   263034.0000   765243    0.09%
 268465 253452   263034.0000    21   263259.0000   263034.0000   765265    0.09%
 268466 253453   263034.0000    20   263259.0000   263034.0000   765271    0.09%
 268467 253454   263034.0000    19   263259.0000   263034.0000   765277    0.09%
Elapsed time = 99.80 sec. (146796.85 ticks, tree = 1487.55 MB, solutions = 31)

Cover cuts applied:  4
Mixed integer rounding cuts applied:  1

Root node processing (before b&c):
  Real time             =    0.35 sec. (377.83 ticks)
Sequential b&c:
  Real time             =   99.66 sec. (146751.92 ticks)
                          ------------
Total (root+branch&cut) =  100.00 sec. (147129.74 ticks)

Solution pool: 31 solutions saved.

MIP - Time limit exceeded, integer feasible:  Objective =  2.6325900000e+05
Current MIP best bound =  2.6303400000e+05 (gap = 225, 0.09%)
Solution time =  100.00 sec.  Iterations = 766924  Nodes = 269027 (253999)
Deterministic time = 147129.76 ticks  (1471.28 ticks/sec)


Incumbent solution written to file '/tmp/tmpjQwp11.cplex.sol'.
