
Log started (V12.6.3.0) Sat Apr 21 01:23:49 2018

New value for default parallel thread count: 1

Problem '/tmp/tmpb32TT7.pyomo.lp' read.
Read time = 0.15 sec. (12.83 ticks)

Problem name         : /tmp/tmpb32TT7.pyomo.lp
Objective sense      : Minimize
Variables            :    3758  [Nneg: 1,  Binary: 3744,  General Integer: 13]
Objective nonzeros   :       1
Linear constraints   :     650  [Less: 324,  Equal: 326]
  Nonzeros           :  951397
  RHS nonzeros       :     625

Variables            : Min LB: 0.000000         Max UB: 1.000000       
Objective nonzeros   : Min   : 1.000000         Max   : 1.000000       
Linear constraints   :
  Nonzeros           : Min   : 1.000000         Max   : 19298.00       
  RHS nonzeros       : Min   : 1.000000         Max   : 32.00000       
Tried aggregator 2 times.
MIP Presolve eliminated 316 rows and 515 columns.
Aggregator did 30 substitutions.
Reduced MIP has 304 rows, 3213 columns, and 8995 nonzeros.
Reduced MIP has 3212 binaries, 1 generals, 0 SOSs, and 0 indicators.
Presolve time = 0.16 sec. (151.43 ticks)
Found incumbent of value 2893369.000000 after 0.19 sec. (184.77 ticks)
Tried aggregator 1 time.
Reduced MIP has 304 rows, 3213 columns, and 8995 nonzeros.
Reduced MIP has 3212 binaries, 1 generals, 0 SOSs, and 0 indicators.
Presolve time = 0.00 sec. (3.97 ticks)
Probing time = 0.00 sec. (1.95 ticks)
Clique table members: 292.
MIP emphasis: balance optimality and feasibility.
MIP search method: dynamic search.
Parallel mode: none, using 1 thread.
Root relaxation solution time = 0.00 sec. (8.42 ticks)

        Nodes                                         Cuts/
   Node  Left     Objective  IInf  Best Integer    Best Bound    ItCnt     Gap

*     0+    0                      2893369.0000        0.0000           100.00%
      0     0   263033.5455    19  2893369.0000   263033.5455      122   90.91%
*     0+    0                       267595.0000   263033.5455             1.70%
      0     0   263034.0000    20   267595.0000      Fract: 8      142    1.70%
      0     0   263034.0000    21   267595.0000      Cuts: 19      182    1.70%
*     0+    0                       265948.0000   263034.0000             1.10%
*     0+    0                       265749.0000   263034.0000             1.02%
*     0+    0                       265652.0000   263034.0000             0.99%
*     0+    0                       265541.0000   263034.0000             0.94%
*     0+    0                       265469.0000   263034.0000             0.92%
*     0+    0                       265415.0000   263034.0000             0.90%
*     0+    0                       265337.0000   263034.0000             0.87%
*     0+    0                       265030.0000   263034.0000             0.75%
*     0+    0                       264707.0000   263034.0000             0.63%
*     0+    0                       264515.0000   263034.0000             0.56%
      0     2   263034.0000    16   264515.0000   263034.0000      182    0.56%
Elapsed time = 0.35 sec. (386.74 ticks, tree = 0.01 MB, solutions = 12)
    240   201   263034.0000    17   264515.0000   263034.0000     1611    0.56%
    241   202   263034.0000    19   264515.0000   263034.0000     1625    0.56%
    242   203   263034.0000    18   264515.0000   263034.0000     1633    0.56%
    243   204   263034.0000    17   264515.0000   263034.0000     1641    0.56%
    244   205   263034.0000    19   264515.0000   263034.0000     1645    0.56%
    245   206   263034.0000    18   264515.0000   263034.0000     1648    0.56%
    246   207   263034.0000    18   264515.0000   263034.0000     1649    0.56%
    247   208   263034.0000    17   264515.0000   263034.0000     1650    0.56%
    248   209   263034.0000    19   264515.0000   263034.0000     1657    0.56%
*   499+  294                       264406.0000   263034.0000             0.52%
    527   312   263034.0000    17   264406.0000   263034.0000     3123    0.52%
Elapsed time = 1.03 sec. (1342.70 ticks, tree = 1.64 MB, solutions = 13)
*   599+  264                       264282.0000   263034.0000             0.47%
*   599+  209                       264172.0000   263034.0000             0.43%
*   599+  172                       264040.0000   263034.0000             0.38%
    789   227   263034.0000    18   264040.0000   263034.0000     4926    0.38%
    790   228   263034.0000    18   264040.0000   263034.0000     4926    0.38%
    791   228   263034.0000    18   264040.0000   263034.0000     4927    0.38%
    792   228   263034.0000    18   264040.0000   263034.0000     4934    0.38%
    793   228   263034.0000    18   264040.0000   263034.0000     4941    0.38%
    794   228   263034.0000    17   264040.0000   263034.0000     4949    0.38%
    795   228   263034.0000    17   264040.0000   263034.0000     4952    0.38%
    796   228   263034.0000    17   264040.0000   263034.0000     4954    0.38%
    797   228   263034.0000    17   264040.0000   263034.0000     4962    0.38%
    798   228   263034.0000    17   264040.0000   263034.0000     4965    0.38%
Elapsed time = 1.77 sec. (2360.73 ticks, tree = 1.21 MB, solutions = 16)
*  1199+  581                       263996.0000   263034.0000             0.36%
   1292   649   263733.3834    15   263996.0000   263034.0000     7332    0.36%
   1293   649   263782.0632    14   263996.0000   263034.0000     7337    0.36%
   1294   648        cutoff         263996.0000   263034.0000     7341    0.36%
   1295   649   263034.0000    17   263996.0000   263034.0000     7364    0.36%
   1296   650   263034.0000    19   263996.0000   263034.0000     7373    0.36%
   1297   651   263034.0000    16   263996.0000   263034.0000     7381    0.36%
   1298   652   263034.0000    18   263996.0000   263034.0000     7392    0.36%
*  1299+  647                       263927.0000   263034.0000             0.34%
   1299   649   263034.0000    16   263927.0000   263034.0000     7398    0.34%
   1300   650   263034.0000    16   263927.0000   263034.0000     7400    0.34%
   1301   651   263034.0000    17   263927.0000   263034.0000     7402    0.34%
Elapsed time = 2.51 sec. (3384.36 ticks, tree = 3.57 MB, solutions = 18)
*  1499+  824                       263905.0000   263034.0000             0.33%
*  1499+  824                       263875.0000   263034.0000             0.32%
*  1599+  884                       263864.0000   263034.0000             0.31%
*  1799+ 1068                       263849.0000   263034.0000             0.31%
*  1799+ 1066                       263766.0000   263034.0000             0.28%
   2011  1245   263034.0000    19   263766.0000   263034.0000    10364    0.28%
   2012  1246   263034.0000    19   263766.0000   263034.0000    10367    0.28%
   2013  1247   263034.0000    19   263766.0000   263034.0000    10369    0.28%
   2014  1248   263034.0000    19   263766.0000   263034.0000    10373    0.28%
   2015  1249   263034.0000    18   263766.0000   263034.0000    10374    0.28%
   2016  1250   263034.0000    19   263766.0000   263034.0000    10379    0.28%
   2017  1251   263034.0000    19   263766.0000   263034.0000    10380    0.28%
   2018  1252   263034.0000    18   263766.0000   263034.0000    10381    0.28%
   2019  1253   263034.0000    18   263766.0000   263034.0000    10396    0.28%
   2020  1254   263034.0000    18   263766.0000   263034.0000    10406    0.28%
Elapsed time = 3.26 sec. (4347.64 ticks, tree = 6.98 MB, solutions = 23)
   2859  2023   263034.0000    17   263766.0000   263034.0000    14157    0.28%
   2860  2024   263034.0000    15   263766.0000   263034.0000    14164    0.28%
   2861  2025   263034.0000    18   263766.0000   263034.0000    14171    0.28%
   2862  2026   263034.0000    19   263766.0000   263034.0000    14172    0.28%
   2863  2027   263034.0000    18   263766.0000   263034.0000    14176    0.28%
   2864  2028   263034.0000    16   263766.0000   263034.0000    14181    0.28%
   2865  2029   263034.0000    18   263766.0000   263034.0000    14189    0.28%
   2866  2030   263034.0000    16   263766.0000   263034.0000    14196    0.28%
   2867  2031   263034.0000    17   263766.0000   263034.0000    14210    0.28%
   2868  2032   263034.0000    18   263766.0000   263034.0000    14214    0.28%
Elapsed time = 3.96 sec. (5306.61 ticks, tree = 11.37 MB, solutions = 23)
   4059  3094   263034.0000    18   263766.0000   263034.0000    18688    0.28%
   4060  3095   263034.0000    15   263766.0000   263034.0000    18697    0.28%
   4061  3096   263034.0000    17   263766.0000   263034.0000    18701    0.28%
   4062  3097   263034.0000    17   263766.0000   263034.0000    18704    0.28%
   4063  3098   263034.0000    18   263766.0000   263034.0000    18705    0.28%
   4064  3099   263034.0000    18   263766.0000   263034.0000    18706    0.28%
   4065  3100   263034.0000    18   263766.0000   263034.0000    18707    0.28%
   4066  3101   263034.0000    18   263766.0000   263034.0000    18708    0.28%
   4067  3102   263034.0000    18   263766.0000   263034.0000    18712    0.28%
   4068  3103   263034.0000    19   263766.0000   263034.0000    18720    0.28%
Elapsed time = 4.60 sec. (6265.81 ticks, tree = 17.51 MB, solutions = 23)
   5406  4317   263057.0000    18   263766.0000   263034.0000    23944    0.28%
   5407  4317   263704.6667    14   263766.0000   263034.0000    23950    0.28%
   5408  4317   263705.0000    13   263766.0000   263034.0000    23951    0.28%
   5409  4316        cutoff         263766.0000   263034.0000    23955    0.28%
   5410  4317   263034.0000    16   263766.0000   263034.0000    23960    0.28%
   5411  4318   263034.0000    16   263766.0000   263034.0000    23967    0.28%
   5412  4319   263034.0000    17   263766.0000   263034.0000    23970    0.28%
   5413  4320   263034.0000    17   263766.0000   263034.0000    23971    0.28%
   5414  4321   263034.0000    17   263766.0000   263034.0000    23972    0.28%
   5415  4322   263034.0000    17   263766.0000   263034.0000    23973    0.28%
Elapsed time = 5.25 sec. (7228.67 ticks, tree = 24.53 MB, solutions = 23)
   7241  6065   263034.0000    20   263766.0000   263034.0000    30274    0.28%
   7242  6066   263034.0000    21   263766.0000   263034.0000    30277    0.28%
   7243  6067   263034.0000    21   263766.0000   263034.0000    30278    0.28%
   7244  6068   263034.0000    21   263766.0000   263034.0000    30279    0.28%
   7245  6069   263034.0000    21   263766.0000   263034.0000    30280    0.28%
   7246  6070   263034.0000    21   263766.0000   263034.0000    30290    0.28%
   7247  6071   263034.0000    19   263766.0000   263034.0000    30292    0.28%
   7248  6072   263034.0000    19   263766.0000   263034.0000    30294    0.28%
   7249  6073   263034.0000    20   263766.0000   263034.0000    30306    0.28%
   7250  6074   263034.0000    20   263766.0000   263034.0000    30310    0.28%
Elapsed time = 5.89 sec. (8186.55 ticks, tree = 34.52 MB, solutions = 23)
   9052  7745   263034.0000    19   263766.0000   263034.0000    36662    0.28%
   9053  7746   263034.0000    19   263766.0000   263034.0000    36663    0.28%
   9054  7747   263034.0000    19   263766.0000   263034.0000    36664    0.28%
   9055  7748   263034.0000    19   263766.0000   263034.0000    36665    0.28%
   9056  7749   263034.0000    19   263766.0000   263034.0000    36666    0.28%
   9057  7750   263034.0000    19   263766.0000   263034.0000    36667    0.28%
   9058  7751   263034.0000    19   263766.0000   263034.0000    36668    0.28%
   9059  7752   263034.0000    17   263766.0000   263034.0000    36678    0.28%
   9060  7753   263034.0000    17   263766.0000   263034.0000    36679    0.28%
   9061  7754   263034.0000    18   263766.0000   263034.0000    36680    0.28%
Elapsed time = 6.53 sec. (9144.57 ticks, tree = 44.15 MB, solutions = 23)
  10419  9011   263034.0000    17   263766.0000   263034.0000    41743    0.28%
  10420  9012   263034.0000    17   263766.0000   263034.0000    41766    0.28%
  10421  9013   263034.0000    16   263766.0000   263034.0000    41776    0.28%
  10422  9014   263034.0000    16   263766.0000   263034.0000    41779    0.28%
  10423  9015   263034.0000    16   263766.0000   263034.0000    41784    0.28%
  10424  9016   263034.0000    16   263766.0000   263034.0000    41788    0.28%
  10425  9017   263034.0000    16   263766.0000   263034.0000    41792    0.28%
  10426  9018   263034.0000    16   263766.0000   263034.0000    41795    0.28%
  10427  9019   263034.0000    17   263766.0000   263034.0000    41797    0.28%
  14983 13314   263034.0000    20   263766.0000   263034.0000    56700    0.28%
Elapsed time = 9.29 sec. (12959.65 ticks, tree = 76.34 MB, solutions = 23)
  22300 20235   263216.6529    18   263766.0000   263034.0000    78908    0.28%
  22301 20236   263034.0000    19   263766.0000   263034.0000    78922    0.28%
  22302 20237   263034.0000    19   263766.0000   263034.0000    78927    0.28%
  22303 20238   263034.0000    19   263766.0000   263034.0000    78929    0.28%
  22304 20239   263034.0000    19   263766.0000   263034.0000    78931    0.28%
  22305 20240   263034.0000    17   263766.0000   263034.0000    78933    0.28%
  22306 20241   263034.0000    19   263766.0000   263034.0000    78941    0.28%
  22307 20242   263034.0000    17   263766.0000   263034.0000    78946    0.28%
  22308 20243   263034.0000    17   263766.0000   263034.0000    78954    0.28%
  22309 20244   263034.0000    17   263766.0000   263034.0000    78959    0.28%
Elapsed time = 11.77 sec. (16787.75 ticks, tree = 117.69 MB, solutions = 23)
  29481 26973   263034.0000    18   263766.0000   263034.0000   101039    0.28%
  29482 26974   263034.0000    18   263766.0000   263034.0000   101040    0.28%
  29483 26975   263034.0000    18   263766.0000   263034.0000   101042    0.28%
  29484 26976   263034.0000    18   263766.0000   263034.0000   101043    0.28%
  29485 26977   263034.0000    18   263766.0000   263034.0000   101045    0.28%
  29486 26978   263034.0000    18   263766.0000   263034.0000   101046    0.28%
  29487 26979   263034.0000    18   263766.0000   263034.0000   101047    0.28%
  29488 26980   263034.0000    18   263766.0000   263034.0000   101049    0.28%
  29489 26981   263034.0000    18   263766.0000   263034.0000   101050    0.28%
  29490 26982   263034.0000    19   263766.0000   263034.0000   101051    0.28%
Elapsed time = 14.28 sec. (20607.29 ticks, tree = 158.15 MB, solutions = 23)
  36666 33665   263034.0000    16   263766.0000   263034.0000   124885    0.28%
  36667 33666   263034.0000    15   263766.0000   263034.0000   124888    0.28%
  36668 33667   263034.0000    14   263766.0000   263034.0000   124891    0.28%
  36669 33668   263034.0000    14   263766.0000   263034.0000   124893    0.28%
  36670 33669   263034.0000    14   263766.0000   263034.0000   124894    0.28%
  36671 33670   263034.0000    14   263766.0000   263034.0000   124895    0.28%
  36672 33671   263034.0000    14   263766.0000   263034.0000   124896    0.28%
  36673 33672   263034.0000    14   263766.0000   263034.0000   124897    0.28%
  36674 33673   263034.0000    14   263766.0000   263034.0000   124898    0.28%
  36675 33674   263034.0000    14   263766.0000   263034.0000   124899    0.28%
Elapsed time = 16.82 sec. (24425.43 ticks, tree = 199.26 MB, solutions = 23)
* 39199+36043                       263762.0000   263034.0000             0.28%
* 39199+36010                       263726.0000   263034.0000             0.26%
* 43499+39616                       263626.0000   263034.0000             0.22%
  43740 39831   263034.0000    18   263626.0000   263034.0000   148061    0.22%
  43741 39832   263034.0000    18   263626.0000   263034.0000   148062    0.22%
  43742 39833   263034.0000    18   263626.0000   263034.0000   148063    0.22%
  43743 39834   263034.0000    18   263626.0000   263034.0000   148064    0.22%
  43744 39835   263034.0000    18   263626.0000   263034.0000   148065    0.22%
  43745 39836   263034.0000    18   263626.0000   263034.0000   148066    0.22%
  43746 39837   263034.0000    18   263626.0000   263034.0000   148067    0.22%
  43747 39838   263034.0000    18   263626.0000   263034.0000   148068    0.22%
  43748 39839   263034.0000    17   263626.0000   263034.0000   148071    0.22%
  43749 39840   263034.0000    18   263626.0000   263034.0000   148091    0.22%
Elapsed time = 19.36 sec. (28243.95 ticks, tree = 236.40 MB, solutions = 26)
* 43799+39704                       263543.0000   263034.0000             0.19%
  50636 46016   263034.0000    17   263543.0000   263034.0000   168375    0.19%
  50637 46017   263034.0000    16   263543.0000   263034.0000   168376    0.19%
  50638 46018   263034.0000    17   263543.0000   263034.0000   168377    0.19%
  50639 46019   263034.0000    17   263543.0000   263034.0000   168379    0.19%
  50640 46020   263034.0000    16   263543.0000   263034.0000   168381    0.19%
  50641 46021   263034.0000    17   263543.0000   263034.0000   168382    0.19%
  50642 46022   263034.0000    17   263543.0000   263034.0000   168384    0.19%
  50643 46023   263034.0000    17   263543.0000   263034.0000   168386    0.19%
  50644 46024   263034.0000    18   263543.0000   263034.0000   168389    0.19%
  50645 46025   263034.0000    18   263543.0000   263034.0000   168390    0.19%
Elapsed time = 21.86 sec. (32062.19 ticks, tree = 273.93 MB, solutions = 27)
  57721 52726   263034.0000    16   263543.0000   263034.0000   188555    0.19%
  57722 52727   263034.0000    16   263543.0000   263034.0000   188556    0.19%
  57723 52728   263034.0000    16   263543.0000   263034.0000   188557    0.19%
  57724 52729   263034.0000    16   263543.0000   263034.0000   188558    0.19%
  57725 52730   263034.0000    16   263543.0000   263034.0000   188559    0.19%
  57726 52731   263034.0000    16   263543.0000   263034.0000   188560    0.19%
  57727 52732   263034.0000    16   263543.0000   263034.0000   188561    0.19%
  57728 52733   263034.0000    16   263543.0000   263034.0000   188562    0.19%
  57729 52734   263034.0000    16   263543.0000   263034.0000   188563    0.19%
  57730 52735   263235.0000    13   263543.0000   263034.0000   188565    0.19%
Elapsed time = 24.34 sec. (35880.68 ticks, tree = 314.38 MB, solutions = 27)
  64567 58956   263034.0000    19   263543.0000   263034.0000   210409    0.19%
  64568 58957   263034.0000    20   263543.0000   263034.0000   210411    0.19%
  64569 58958   263034.0000    20   263543.0000   263034.0000   210412    0.19%
  64570 58959   263034.0000    20   263543.0000   263034.0000   210413    0.19%
  64571 58960   263034.0000    18   263543.0000   263034.0000   210419    0.19%
  64572 58961   263034.0000    18   263543.0000   263034.0000   210420    0.19%
  64573 58962   263034.0000    18   263543.0000   263034.0000   210421    0.19%
  64574 58963   263034.0000    18   263543.0000   263034.0000   210422    0.19%
  64575 58964   263034.0000    18   263543.0000   263034.0000   210423    0.19%
  64576 58965   263034.0000    18   263543.0000   263034.0000   210424    0.19%
Elapsed time = 26.83 sec. (39700.50 ticks, tree = 352.25 MB, solutions = 27)
* 65299+59312                       263484.0000   263034.0000             0.17%
  70248 63345   263116.8643    26   263484.0000   263034.0000   233274    0.17%
  70249 63346   263116.8646    27   263484.0000   263034.0000   233275    0.17%
  70250 63347   263117.1543    26   263484.0000   263034.0000   233277    0.17%
  70251 63348   263117.1543    27   263484.0000   263034.0000   233280    0.17%
  70252 63349   263422.4202    17   263484.0000   263034.0000   233301    0.17%
  70253 63349   263422.4202    18   263484.0000   263034.0000   233302    0.17%
  70254 63350   263422.4202    17   263484.0000   263034.0000   233305    0.17%
  70255 63349        cutoff         263484.0000   263034.0000   233307    0.17%
  70256 63348        cutoff         263484.0000   263034.0000   233310    0.17%
  70257 63349   263137.1679    33   263484.0000   263034.0000   233429    0.17%
Elapsed time = 29.44 sec. (43538.67 ticks, tree = 379.40 MB, solutions = 28)
* 73599+66475                       263483.0000   263034.0000             0.17%
* 73599+65971                       263422.0000   263034.0000             0.15%
* 73699+65946                       263405.0000   263034.0000             0.14%
* 73699+65107                       263338.0000   263034.0000             0.12%
  75619 66890   263034.0000    17   263338.0000   263034.0000   252787    0.12%
  75620 66891   263034.0000    17   263338.0000   263034.0000   252788    0.12%
  75621 66892   263034.0000    17   263338.0000   263034.0000   252789    0.12%
  75622 66893   263034.0000    17   263338.0000   263034.0000   252790    0.12%
  75623 66894   263034.0000    19   263338.0000   263034.0000   252808    0.12%
  75624 66895   263034.0000    19   263338.0000   263034.0000   252809    0.12%
  75625 66896   263034.0000    19   263338.0000   263034.0000   252810    0.12%
  75626 66897   263034.0000    19   263338.0000   263034.0000   252811    0.12%
  75627 66898   263034.0000    19   263338.0000   263034.0000   252812    0.12%
  75628 66899   263034.0000    18   263338.0000   263034.0000   252817    0.12%
Elapsed time = 31.98 sec. (47358.19 ticks, tree = 404.33 MB, solutions = 32)
  81077 71976   263034.0000    20   263338.0000   263034.0000   274119    0.12%
  81078 71977   263034.0000    21   263338.0000   263034.0000   274120    0.12%
  81079 71978   263034.0000    20   263338.0000   263034.0000   274121    0.12%
  81080 71979   263034.0000    21   263338.0000   263034.0000   274122    0.12%
  81081 71980   263034.0000    21   263338.0000   263034.0000   274125    0.12%
  81082 71981   263034.0000    21   263338.0000   263034.0000   274127    0.12%
  81083 71982   263034.0000    21   263338.0000   263034.0000   274130    0.12%
  81084 71983   263034.0000    24   263338.0000   263034.0000   274135    0.12%
  81085 71984   263037.1390    20   263338.0000   263034.0000   274167    0.12%
  81086 71984   263069.2662    21   263338.0000   263034.0000   274178    0.12%
Elapsed time = 34.42 sec. (51178.47 ticks, tree = 437.49 MB, solutions = 32)
  86529 77049   263112.8889    18   263338.0000   263034.0000   294430    0.12%
  86530 77050   263112.8889    18   263338.0000   263034.0000   294431    0.12%
  86531 77051   263112.8889    18   263338.0000   263034.0000   294432    0.12%
  86532 77052   263112.8889    18   263338.0000   263034.0000   294433    0.12%
  86533 77053   263112.8889    18   263338.0000   263034.0000   294434    0.12%
  86534 77054   263112.8889    17   263338.0000   263034.0000   294435    0.12%
  86535 77055   263112.8889    17   263338.0000   263034.0000   294439    0.12%
  86536 77056   263112.8889    16   263338.0000   263034.0000   294442    0.12%
  86537 77057   263112.8889    15   263338.0000   263034.0000   294443    0.12%
  86538 77058   263141.0000    12   263338.0000   263034.0000   294447    0.12%
Elapsed time = 36.92 sec. (54997.46 ticks, tree = 470.10 MB, solutions = 32)
* 91099+81267                       263329.0000   263034.0000             0.11%
* 91899+81855                       263320.0000   263034.0000             0.11%
  92490 82410   263120.7606    18   263320.0000   263034.0000   314897    0.11%
  92491 82410   263120.7606    19   263320.0000   263034.0000   314899    0.11%
  92492 82411   263132.5293    13   263320.0000   263034.0000   314903    0.11%
  92493 82412   263132.5293    14   263320.0000   263034.0000   314904    0.11%
  92494 82412   263218.7843    15   263320.0000   263034.0000   314910    0.11%
  92495 82412   263218.7843    14   263320.0000   263034.0000   314911    0.11%
  92496 82413   263227.3304    14   263320.0000   263034.0000   314912    0.11%
  92497 82414   263227.3304    14   263320.0000   263034.0000   314913    0.11%
  92498 82415   263227.3304    14   263320.0000   263034.0000   314915    0.11%
  92499 82415   263231.0094    15   263320.0000   263034.0000   314917    0.11%
Elapsed time = 39.44 sec. (58816.55 ticks, tree = 505.53 MB, solutions = 34)
  98604 88055   263034.0000    24   263320.0000   263034.0000   341769    0.11%
  98605 88056   263034.0000    26   263320.0000   263034.0000   341775    0.11%
  98606 88057   263034.0000    22   263320.0000   263034.0000   341781    0.11%
  98607 88058   263034.0000    22   263320.0000   263034.0000   341785    0.11%
  98608 88059   263034.0000    25   263320.0000   263034.0000   341789    0.11%
  98609 88060   263034.0000    27   263320.0000   263034.0000   341794    0.11%
  98610 88061   263034.0000    26   263320.0000   263034.0000   341804    0.11%
  98611 88062   263034.0000    25   263320.0000   263034.0000   341807    0.11%
  98612 88063   263034.0000    26   263320.0000   263034.0000   341813    0.11%
  98613 88064   263034.0000    25   263320.0000   263034.0000   341816    0.11%
Elapsed time = 41.89 sec. (62639.49 ticks, tree = 542.77 MB, solutions = 34)
 104244 93414   263034.0000    22   263320.0000   263034.0000   365225    0.11%
 104245 93415   263034.0000    23   263320.0000   263034.0000   365227    0.11%
 104246 93416   263034.0000    22   263320.0000   263034.0000   365229    0.11%
 104247 93417   263034.0000    23   263320.0000   263034.0000   365231    0.11%
 104248 93418   263034.0000    23   263320.0000   263034.0000   365233    0.11%
 104249 93419   263034.0000    23   263320.0000   263034.0000   365234    0.11%
 104250 93420   263034.0000    23   263320.0000   263034.0000   365235    0.11%
 104251 93421   263034.0000    23   263320.0000   263034.0000   365236    0.11%
 104252 93422   263034.0000    22   263320.0000   263034.0000   365239    0.11%
 104253 93423   263034.0000    22   263320.0000   263034.0000   365246    0.11%
Elapsed time = 44.40 sec. (66459.16 ticks, tree = 577.37 MB, solutions = 34)
 109305 98071   263171.4311    21   263320.0000   263034.0000   389523    0.11%
 109306 98071   263171.6288    21   263320.0000   263034.0000   389524    0.11%
 109307 98072   263171.6288    21   263320.0000   263034.0000   389526    0.11%
 109308 98073   263171.7373    22   263320.0000   263034.0000   389529    0.11%
 109309 98074   263171.7581    22   263320.0000   263034.0000   389530    0.11%
 109310 98075   263172.2217    22   263320.0000   263034.0000   389531    0.11%
 109311 98076   263177.2745    22   263320.0000   263034.0000   389535    0.11%
 109312 98075   263299.3505    19   263320.0000   263034.0000   389545    0.11%
 109313 98074        cutoff         263320.0000   263034.0000   389556    0.11%
 109314 98075   263034.0000    30   263320.0000   263034.0000   389600    0.11%
Elapsed time = 46.89 sec. (70286.97 ticks, tree = 607.46 MB, solutions = 34)
 114368 102826   263034.0000    20   263320.0000   263034.0000   413703    0.11%
 114369 102827   263034.0000    22   263320.0000   263034.0000   413708    0.11%
 114370 102828   263034.0000    22   263320.0000   263034.0000   413709    0.11%
 114371 102829   263034.0000    21   263320.0000   263034.0000   413713    0.11%
 114372 102830   263034.0000    20   263320.0000   263034.0000   413717    0.11%
 114373 102831   263034.0000    21   263320.0000   263034.0000   413734    0.11%
 114374 102832   263034.0000    19   263320.0000   263034.0000   413742    0.11%
 114375 102833   263034.0000    18   263320.0000   263034.0000   413743    0.11%
 114376 102834   263034.0000    18   263320.0000   263034.0000   413750    0.11%
 114377 102835   263034.0000    18   263320.0000   263034.0000   413751    0.11%
Elapsed time = 49.42 sec. (74109.64 ticks, tree = 638.34 MB, solutions = 34)
 119799 107944   263034.0000    32   263320.0000   263034.0000   434782    0.11%
 119800 107945   263034.0000    28   263320.0000   263034.0000   434790    0.11%
 119801 107946   263034.0000    25   263320.0000   263034.0000   434808    0.11%
 119802 107947   263034.0000    23   263320.0000   263034.0000   434810    0.11%
 119803 107948   263034.0000    23   263320.0000   263034.0000   434817    0.11%
 119804 107949   263034.0000    21   263320.0000   263034.0000   434818    0.11%
 119805 107950   263034.0000    27   263320.0000   263034.0000   434832    0.11%
 119806 107951   263034.0000    23   263320.0000   263034.0000   434847    0.11%
 119807 107952   263034.0000    23   263320.0000   263034.0000   434851    0.11%
 119808 107953   263034.0000    21   263320.0000   263034.0000   434868    0.11%
Elapsed time = 51.98 sec. (77990.70 ticks, tree = 671.60 MB, solutions = 34)
 124866 112649   263052.4421    27   263320.0000   263034.0000   461640    0.11%
 124867 112650   263052.5059    29   263320.0000   263034.0000   461641    0.11%
 124868 112651   263052.5061    29   263320.0000   263034.0000   461642    0.11%
 124869 112652   263052.5653    30   263320.0000   263034.0000   461643    0.11%
 124870 112653   263052.5736    30   263320.0000   263034.0000   461644    0.11%
 124871 112654   263053.0364    29   263320.0000   263034.0000   461647    0.11%
 124872 112655   263053.1457    30   263320.0000   263034.0000   461648    0.11%
 124873 112656   263053.6419    28   263320.0000   263034.0000   461653    0.11%
 124874 112657   263053.6500    28   263320.0000   263034.0000   461654    0.11%
 124875 112658   263053.8497    26   263320.0000   263034.0000   461655    0.11%
Elapsed time = 54.50 sec. (81810.17 ticks, tree = 702.48 MB, solutions = 34)
 130236 117632   263147.0830    22   263320.0000   263034.0000   483419    0.11%
 130237 117633   263147.0830    22   263320.0000   263034.0000   483420    0.11%
 130238 117633   263147.1591    22   263320.0000   263034.0000   483421    0.11%
 130239 117634   263147.1591    22   263320.0000   263034.0000   483422    0.11%
 130240 117635   263147.2009    22   263320.0000   263034.0000   483423    0.11%
 130241 117636   263150.1593    22   263320.0000   263034.0000   483425    0.11%
 130242 117637   263160.4652    22   263320.0000   263034.0000   483429    0.11%
 130243 117636        cutoff         263320.0000   263034.0000   483433    0.11%
 130244 117637   263220.7912    23   263320.0000   263034.0000   483438    0.11%
 130245 117638   263220.7912    23   263320.0000   263034.0000   483441    0.11%
Elapsed time = 56.96 sec. (85631.59 ticks, tree = 735.50 MB, solutions = 34)
 136053 123254   263053.6185    20   263320.0000   263034.0000   505181    0.11%
 136054 123255   263053.9786    20   263320.0000   263034.0000   505183    0.11%
 136055 123256   263053.9786    20   263320.0000   263034.0000   505184    0.11%
 136056 123257   263055.3186    20   263320.0000   263034.0000   505185    0.11%
 136057 123258   263074.8329    20   263320.0000   263034.0000   505186    0.11%
 136058 123259   263074.8329    20   263320.0000   263034.0000   505190    0.11%
 136059 123260   263074.8329    20   263320.0000   263034.0000   505192    0.11%
 136060 123261   263074.8329    20   263320.0000   263034.0000   505193    0.11%
 136061 123262   263088.0109    20   263320.0000   263034.0000   505194    0.11%
 136062 123263   263098.0919    21   263320.0000   263034.0000   505197    0.11%
Elapsed time = 59.46 sec. (89450.51 ticks, tree = 772.62 MB, solutions = 34)
 141963 128884   263034.0000    30   263320.0000   263034.0000   526350    0.11%
 141964 128885   263034.0000    30   263320.0000   263034.0000   526352    0.11%
 141965 128886   263034.0000    30   263320.0000   263034.0000   526353    0.11%
 141966 128887   263034.0000    30   263320.0000   263034.0000   526355    0.11%
 141967 128888   263034.0000    30   263320.0000   263034.0000   526357    0.11%
 141968 128889   263034.0000    28   263320.0000   263034.0000   526364    0.11%
 141969 128890   263034.0000    30   263320.0000   263034.0000   526385    0.11%
 141970 128891   263034.0000    26   263320.0000   263034.0000   526389    0.11%
 141971 128892   263034.0000    26   263320.0000   263034.0000   526390    0.11%
 141972 128893   263034.0000    26   263320.0000   263034.0000   526395    0.11%
Elapsed time = 61.91 sec. (93275.27 ticks, tree = 809.82 MB, solutions = 34)
 147895 134558   263034.0000    20   263320.0000   263034.0000   549623    0.11%
 147896 134559   263034.0000    18   263320.0000   263034.0000   549629    0.11%
 147897 134558        cutoff         263320.0000   263034.0000   549634    0.11%
 147898 134559   263034.0000    18   263320.0000   263034.0000   549635    0.11%
 147899 134560   263034.0000    20   263320.0000   263034.0000   549644    0.11%
 147900 134561   263034.0000    20   263320.0000   263034.0000   549646    0.11%
 147901 134562   263034.0000    20   263320.0000   263034.0000   549647    0.11%
 147902 134563   263034.0000    20   263320.0000   263034.0000   549648    0.11%
 147903 134564   263034.0000    20   263320.0000   263034.0000   549649    0.11%
 147904 134564   263060.1145    19   263320.0000   263034.0000   549652    0.11%
Elapsed time = 64.38 sec. (97097.91 ticks, tree = 848.86 MB, solutions = 34)
 152679 138938   263034.0000    26   263320.0000   263034.0000   572891    0.11%
 152680 138939   263034.0000    26   263320.0000   263034.0000   572892    0.11%
 152681 138940   263034.0000    24   263320.0000   263034.0000   572894    0.11%
 152682 138941   263034.0000    31   263320.0000   263034.0000   572918    0.11%
 152683 138942   263034.0000    31   263320.0000   263034.0000   572919    0.11%
 152684 138943   263034.0000    30   263320.0000   263034.0000   572936    0.11%
 152685 138944   263034.0000    28   263320.0000   263034.0000   572937    0.11%
 152686 138945   263034.0000    28   263320.0000   263034.0000   572940    0.11%
 152687 138946   263034.0000    30   263320.0000   263034.0000   572958    0.11%
 152688 138947   263034.0000    32   263320.0000   263034.0000   572961    0.11%
Elapsed time = 66.93 sec. (100919.65 ticks, tree = 877.92 MB, solutions = 34)
*154899+140965                       263317.0000   263034.0000             0.11%
 157368 143311   263034.0000    26   263317.0000   263034.0000   596127    0.11%
 157369 143312   263034.0000    27   263317.0000   263034.0000   596129    0.11%
 157370 143313   263034.0000    27   263317.0000   263034.0000   596130    0.11%
 157371 143314   263034.0000    28   263317.0000   263034.0000   596136    0.11%
 157372 143315   263034.0000    26   263317.0000   263034.0000   596137    0.11%
 157373 143316   263034.0000    26   263317.0000   263034.0000   596138    0.11%
 157374 143317   263034.0000    26   263317.0000   263034.0000   596139    0.11%
 157375 143318   263034.0000    26   263317.0000   263034.0000   596140    0.11%
 157376 143319   263034.0000    26   263317.0000   263034.0000   596141    0.11%
 157377 143320   263034.0000    26   263317.0000   263034.0000   596142    0.11%
Elapsed time = 69.45 sec. (104738.32 ticks, tree = 907.02 MB, solutions = 35)
 162499 148019   263034.0000    21   263317.0000   263034.0000   617602    0.11%
 162500 148020   263034.0000    24   263317.0000   263034.0000   617605    0.11%
 162501 148021   263034.0000    21   263317.0000   263034.0000   617608    0.11%
 162502 148022   263034.0000    21   263317.0000   263034.0000   617611    0.11%
 162503 148023   263034.0000    22   263317.0000   263034.0000   617616    0.11%
 162504 148024   263034.0000    22   263317.0000   263034.0000   617617    0.11%
 162505 148025   263034.0000    22   263317.0000   263034.0000   617633    0.11%
 162506 148026   263034.0000    22   263317.0000   263034.0000   617636    0.11%
 162507 148027   263034.0000    24   263317.0000   263034.0000   617647    0.11%
 162508 148028   263034.0000    23   263317.0000   263034.0000   617650    0.11%
Elapsed time = 71.90 sec. (108577.60 ticks, tree = 938.33 MB, solutions = 35)
 167899 153091   263034.0000    29   263317.0000   263034.0000   641755    0.11%
 167900 153092   263034.0000    25   263317.0000   263034.0000   641765    0.11%
 167901 153093   263034.0000    28   263317.0000   263034.0000   641778    0.11%
 167902 153094   263034.0000    25   263317.0000   263034.0000   641780    0.11%
 167903 153095   263034.0000    25   263317.0000   263034.0000   641783    0.11%
 167904 153096   263034.0000    25   263317.0000   263034.0000   641786    0.11%
 167905 153097   263034.0000    29   263317.0000   263034.0000   641804    0.11%
 167906 153098   263034.0000    31   263317.0000   263034.0000   641808    0.11%
 167907 153099   263034.0000    29   263317.0000   263034.0000   641810    0.11%
 167908 153100   263034.0000    23   263317.0000   263034.0000   641813    0.11%
Elapsed time = 74.43 sec. (112444.76 ticks, tree = 972.50 MB, solutions = 35)
 172371 156807   263042.2422    32   263317.0000   263034.0000   669263    0.11%
 172372 156808   263043.1033    28   263317.0000   263034.0000   669266    0.11%
 172373 156809   263044.2151    27   263317.0000   263034.0000   669270    0.11%
 172374 156810   263046.9799    31   263317.0000   263034.0000   669276    0.11%
 172375 156811   263046.9799    31   263317.0000   263034.0000   669277    0.11%
 172376 156812   263048.1807    30   263317.0000   263034.0000   669280    0.11%
 172377 156813   263048.3262    30   263317.0000   263034.0000   669282    0.11%
 172378 156814   263048.8624    30   263317.0000   263034.0000   669283    0.11%
 172379 156815   263048.8624    30   263317.0000   263034.0000   669284    0.11%
 172380 156816   263048.8624    30   263317.0000   263034.0000   669288    0.11%
Elapsed time = 76.95 sec. (116265.11 ticks, tree = 997.29 MB, solutions = 35)
 177275 161356   263053.2537    31   263317.0000   263034.0000   696130    0.11%
 177276 161357   263053.4019    32   263317.0000   263034.0000   696133    0.11%
 177277 161356        cutoff         263317.0000   263034.0000   696139    0.11%
 177278 161357   263053.4114    31   263317.0000   263034.0000   696140    0.11%
 177279 161357   263056.5561    30   263317.0000   263034.0000   696147    0.11%
 177280 161358   263056.5982    30   263317.0000   263034.0000   696148    0.11%
 177281 161359   263056.6182    31   263317.0000   263034.0000   696149    0.11%
 177282 161360   263058.1838    31   263317.0000   263034.0000   696152    0.11%
 177283 161361   263068.2349    30   263317.0000   263034.0000   696159    0.11%
 177284 161362   263068.8928    31   263317.0000   263034.0000   696161    0.11%
Elapsed time = 79.43 sec. (120085.53 ticks, tree = 1029.23 MB, solutions = 35)
 182269 165921   263034.0000    27   263317.0000   263034.0000   720747    0.11%
 182270 165922   263034.0000    26   263317.0000   263034.0000   720748    0.11%
 182271 165923   263034.0000    26   263317.0000   263034.0000   720751    0.11%
 182272 165924   263034.0000    27   263317.0000   263034.0000   720759    0.11%
 182273 165925   263034.0000    25   263317.0000   263034.0000   720761    0.11%
 182274 165926   263034.0000    25   263317.0000   263034.0000   720762    0.11%
 182275 165927   263034.0000    27   263317.0000   263034.0000   720765    0.11%
 182276 165928   263034.0000    27   263317.0000   263034.0000   720766    0.11%
 182277 165929   263034.0000    25   263317.0000   263034.0000   720767    0.11%
 182278 165930   263034.0000    27   263317.0000   263034.0000   720770    0.11%
Elapsed time = 81.92 sec. (123906.15 ticks, tree = 1060.14 MB, solutions = 35)
 187025 170267   263034.0000    19   263317.0000   263034.0000   744431    0.11%
 187026 170268   263034.0000    18   263317.0000   263034.0000   744438    0.11%
 187027 170269   263034.0000    18   263317.0000   263034.0000   744441    0.11%
 187028 170270   263034.0000    18   263317.0000   263034.0000   744442    0.11%
 187029 170271   263034.0000    18   263317.0000   263034.0000   744443    0.11%
 187030 170272   263034.0000    20   263317.0000   263034.0000   744450    0.11%
 187031 170273   263034.0000    20   263317.0000   263034.0000   744463    0.11%
 187032 170274   263034.0000    19   263317.0000   263034.0000   744464    0.11%
 187033 170275   263034.0000    19   263317.0000   263034.0000   744465    0.11%
 187034 170276   263034.0000    19   263317.0000   263034.0000   744466    0.11%
Elapsed time = 84.46 sec. (127725.94 ticks, tree = 1089.28 MB, solutions = 35)
 192333 175229   263034.0000    25   263317.0000   263034.0000   767912    0.11%
 192334 175230   263034.0000    25   263317.0000   263034.0000   767913    0.11%
 192335 175231   263034.0000    24   263317.0000   263034.0000   767914    0.11%
 192336 175232   263034.0000    22   263317.0000   263034.0000   767931    0.11%
 192337 175233   263034.0000    24   263317.0000   263034.0000   767937    0.11%
 192338 175234   263034.0000    24   263317.0000   263034.0000   767938    0.11%
 192339 175235   263034.0000    22   263317.0000   263034.0000   767940    0.11%
 192340 175236   263034.0000    22   263317.0000   263034.0000   767942    0.11%
 192341 175237   263034.0000    27   263317.0000   263034.0000   767959    0.11%
 192342 175238   263034.0000    25   263317.0000   263034.0000   767960    0.11%
Elapsed time = 86.93 sec. (131547.15 ticks, tree = 1122.61 MB, solutions = 35)
 197892 180528   263155.8441    14   263317.0000   263034.0000   788814    0.11%
 197893 180528   263162.7234    14   263317.0000   263034.0000   788816    0.11%
 197894 180529   263165.7704    14   263317.0000   263034.0000   788817    0.11%
 197895 180529   263165.7704    14   263317.0000   263034.0000   788819    0.11%
 197896 180529   263171.1646    14   263317.0000   263034.0000   788820    0.11%
 197897 180529   263171.1646    15   263317.0000   263034.0000   788823    0.11%
 197898 180529   263171.1646    15   263317.0000   263034.0000   788824    0.11%
 197899 180530   263171.7710    16   263317.0000   263034.0000   788827    0.11%
 197900 180530   263172.2486    16   263317.0000   263034.0000   788828    0.11%
 197901 180530   263172.6989    14   263317.0000   263034.0000   788829    0.11%
Elapsed time = 89.42 sec. (135367.43 ticks, tree = 1157.91 MB, solutions = 35)
 200399 182682   263034.0000    26   263317.0000   263034.0000   800605    0.11%
 200400 182683   263034.0000    28   263317.0000   263034.0000   800609    0.11%
 200401 182684   263034.0000    28   263317.0000   263034.0000   800610    0.11%
 200402 182685   263034.0000    28   263317.0000   263034.0000   800611    0.11%
 200403 182686   263034.0000    27   263317.0000   263034.0000   800653    0.11%
 200404 182687   263034.0000    29   263317.0000   263034.0000   800664    0.11%
 200405 182688   263034.0000    29   263317.0000   263034.0000   800680    0.11%
 200406 182689   263034.0000    30   263317.0000   263034.0000   800709    0.11%
 200407 182690   263034.0000    29   263317.0000   263034.0000   800715    0.11%
 200408 182691   263034.0000    25   263317.0000   263034.0000   800720    0.11%
Elapsed time = 92.06 sec. (139335.61 ticks, tree = 1172.65 MB, solutions = 35)
 204990 186882   263106.1000    20   263317.0000   263034.0000   823108    0.11%
 204991 186883   263106.1000    18   263317.0000   263034.0000   823110    0.11%
 204992 186884   263106.1000    18   263317.0000   263034.0000   823111    0.11%
 204993 186885   263106.1000    20   263317.0000   263034.0000   823112    0.11%
 204994 186886   263106.1000    20   263317.0000   263034.0000   823114    0.11%
 204995 186887   263106.1000    20   263317.0000   263034.0000   823116    0.11%
 204996 186888   263106.1000    20   263317.0000   263034.0000   823117    0.11%
 204997 186889   263106.1000    22   263317.0000   263034.0000   823120    0.11%
 204998 186890   263106.1000    20   263317.0000   263034.0000   823121    0.11%
 204999 186891   263106.1000    20   263317.0000   263034.0000   823122    0.11%
Elapsed time = 94.56 sec. (143154.31 ticks, tree = 1200.94 MB, solutions = 35)
 210574 192192   263034.0000    20   263317.0000   263034.0000   842145    0.11%
 210575 192193   263034.0000    20   263317.0000   263034.0000   842147    0.11%
 210576 192194   263034.0000    19   263317.0000   263034.0000   842155    0.11%
 210577 192195   263034.0000    24   263317.0000   263034.0000   842170    0.11%
 210578 192196   263034.0000    24   263317.0000   263034.0000   842176    0.11%
 210579 192197   263034.0000    23   263317.0000   263034.0000   842183    0.11%
 210580 192198   263034.0000    21   263317.0000   263034.0000   842185    0.11%
 210581 192199   263034.0000    20   263317.0000   263034.0000   842189    0.11%
 210582 192200   263034.0000    24   263317.0000   263034.0000   842197    0.11%
 210583 192199        cutoff         263317.0000   263034.0000   842201    0.11%
Elapsed time = 97.02 sec. (146976.38 ticks, tree = 1238.09 MB, solutions = 35)
 217933 199310   263034.0000    18   263317.0000   263034.0000   861230    0.11%
 217934 199311   263085.4000    15   263317.0000   263034.0000   861232    0.11%
 217935 199312   263085.4000    15   263317.0000   263034.0000   861235    0.11%
 217936 199313   263085.4000    15   263317.0000   263034.0000   861236    0.11%
 217937 199314   263085.4000    16   263317.0000   263034.0000   861237    0.11%
 217938 199315   263085.4000    17   263317.0000   263034.0000   861240    0.11%
 217939 199316   263085.4000    17   263317.0000   263034.0000   861241    0.11%
 217940 199317   263085.4000    17   263317.0000   263034.0000   861242    0.11%
 217941 199318   263085.4000    17   263317.0000   263034.0000   861243    0.11%
 217942 199319   263085.4000    18   263317.0000   263034.0000   861246    0.11%
Elapsed time = 99.33 sec. (150795.08 ticks, tree = 1287.51 MB, solutions = 35)

Cover cuts applied:  55
Mixed integer rounding cuts applied:  15

Root node processing (before b&c):
  Real time             =    0.35 sec. (387.41 ticks)
Sequential b&c:
  Real time             =   99.65 sec. (151444.45 ticks)
                          ------------
Total (root+branch&cut) =  100.00 sec. (151831.86 ticks)

Solution pool: 35 solutions saved.

MIP - Time limit exceeded, integer feasible:  Objective =  2.6331700000e+05
Current MIP best bound =  2.6303400000e+05 (gap = 283, 0.11%)
Solution time =  100.00 sec.  Iterations = 863981  Nodes = 219213 (200553)
Deterministic time = 151831.87 ticks  (1518.30 ticks/sec)


Incumbent solution written to file '/tmp/tmphHZmFM.cplex.sol'.
