
Log started (V12.6.3.0) Sat Apr 21 14:21:48 2018

New value for default parallel thread count: 1

Problem '/tmp/tmpmrm_wz.pyomo.lp' read.
Read time = 0.01 sec. (0.58 ticks)

Problem name         : /tmp/tmpmrm_wz.pyomo.lp
Objective sense      : Minimize
Variables            :     794  [Nneg: 1,  Binary: 780,  General Integer: 13]
Objective nonzeros   :       1
Linear constraints   :     157  [Less: 77,  Equal: 80]
  Nonzeros           :   41016
  RHS nonzeros       :     131

Variables            : Min LB: 0.000000         Max UB: 1.000000       
Objective nonzeros   : Min   : 1.000000         Max   : 1.000000       
Linear constraints   :
  Nonzeros           : Min   : 1.000000         Max   : 8298339.       
  RHS nonzeros       : Min   : 1.000000         Max   : 7.000000       
Tried aggregator 2 times.
MIP Presolve eliminated 71 rows and 160 columns.
Aggregator did 3 substitutions.
Reduced MIP has 83 rows, 631 columns, and 1738 nonzeros.
Reduced MIP has 620 binaries, 11 generals, 0 SOSs, and 0 indicators.
Presolve time = 0.01 sec. (7.35 ticks)
Found incumbent of value 9.3071771e+07 after 0.01 sec. (8.45 ticks)
Probing time = 0.00 sec. (1.74 ticks)
Cover probing fixed 0 vars, tightened 21 bounds.
Tried aggregator 2 times.
Aggregator did 10 substitutions.
Reduced MIP has 73 rows, 621 columns, and 1718 nonzeros.
Reduced MIP has 620 binaries, 1 generals, 0 SOSs, and 0 indicators.
Presolve time = 0.00 sec. (1.61 ticks)
Probing time = 0.00 sec. (0.95 ticks)
Cover probing fixed 0 vars, tightened 6 bounds.
Clique table members: 62.
MIP emphasis: balance optimality and feasibility.
MIP search method: dynamic search.
Parallel mode: none, using 1 thread.
Root relaxation solution time = 0.00 sec. (0.80 ticks)

        Nodes                                         Cuts/
   Node  Left     Objective  IInf  Best Integer    Best Bound    ItCnt     Gap

*     0+    0                       9.30718e+07        0.0000           100.00%
      0     0   2.80999e+07    16   9.30718e+07   2.80999e+07       40   69.81%
*     0+    0                       3.45659e+07   2.80999e+07            18.71%
      0     0   2.80999e+07    23   3.45659e+07     Fract: 10       64   18.71%
*     0+    0                       3.33340e+07   2.80999e+07            15.70%
      0     0   2.80999e+07    28   3.33340e+07       Cuts: 5       90   15.70%
*     0+    0                       3.31122e+07   2.80999e+07            15.14%
*     0+    0                       3.27844e+07   2.80999e+07            14.29%
*     0+    0                       3.26360e+07   2.80999e+07            13.90%
*     0+    0                       3.19603e+07   2.80999e+07            12.08%
*     0+    0                       3.11363e+07   2.80999e+07             9.75%
      0     2   2.80999e+07    17   3.11363e+07   2.80999e+07       90    9.75%
Elapsed time = 0.04 sec. (43.02 ticks, tree = 0.01 MB, solutions = 7)
*   100+   85                       3.10942e+07   2.80999e+07             9.63%
*   150+  127                       3.10057e+07   2.80999e+07             9.37%
*   190+  157                       3.09834e+07   2.80999e+07             9.31%
*   200+  165                       3.08916e+07   2.80999e+07             9.04%
*   280+  239                       3.07855e+07   2.80999e+07             8.72%
*   297   239      integral     0   3.04079e+07   2.80999e+07     1480    7.59%
*   397+  312                       3.02242e+07   2.80999e+07             7.03%
*   397+  312                       3.01316e+07   2.80999e+07             6.74%
*  1000+  757                       2.99252e+07   2.80999e+07             6.10%
*  1000+  757                       2.98862e+07   2.80999e+07             5.98%
   1043   790   2.83279e+07    15   2.98862e+07   2.80999e+07     6481    5.98%
   1044   791   2.82956e+07    15   2.98862e+07   2.80999e+07     6485    5.98%
   1045   792   2.86270e+07    14   2.98862e+07   2.80999e+07     6491    5.98%
   1046   791    infeasible         2.98862e+07   2.80999e+07     6491    5.98%
   1047   792   2.86270e+07    14   2.98862e+07   2.80999e+07     6493    5.98%
   1048   793   2.90279e+07    12   2.98862e+07   2.80999e+07     6497    5.98%
   1049   792    infeasible         2.98862e+07   2.80999e+07     6497    5.98%
   1050   792   2.90279e+07    13   2.98862e+07   2.80999e+07     6499    5.98%
   1051   791        cutoff         2.98862e+07   2.80999e+07     6501    5.98%
*  1112+  799                       2.95378e+07   2.80999e+07             4.87%
*  1113+  533                       2.94602e+07   2.80999e+07             4.62%
*  1213+  340                       2.94212e+07   2.80999e+07             4.49%
*  1413+  262                       2.93685e+07   2.80999e+07             4.32%
   1709   334   2.89628e+07    20   2.93685e+07   2.80999e+07    11036    4.32%
Elapsed time = 0.78 sec. (997.03 ticks, tree = 0.16 MB, solutions = 21)
*  2113+  657                       2.92706e+07   2.80999e+07             4.00%
*  2113+  603                       2.91224e+07   2.80999e+07             3.51%
*  2313+  773                       2.91179e+07   2.80999e+07             3.50%
*  2313+  739                       2.90871e+07   2.80999e+07             3.39%
   2774  1105   2.87618e+07    18   2.90871e+07   2.80999e+07    16355    3.39%
   2775  1106   2.87618e+07    18   2.90871e+07   2.80999e+07    16359    3.39%
   2776  1107   2.87658e+07    17   2.90871e+07   2.80999e+07    16364    3.39%
   2777  1108   2.87658e+07    17   2.90871e+07   2.80999e+07    16367    3.39%
   2778  1109   2.87689e+07    17   2.90871e+07   2.80999e+07    16371    3.39%
   2779  1110   2.87894e+07    17   2.90871e+07   2.80999e+07    16377    3.39%
   2780  1111   2.88202e+07    17   2.90871e+07   2.80999e+07    16381    3.39%
   2781  1111   2.90036e+07    14   2.90871e+07   2.80999e+07    16386    3.39%
   2782  1110        cutoff         2.90871e+07   2.80999e+07    16388    3.39%
   2783  1111   2.81970e+07    22   2.90871e+07   2.80999e+07    16463    3.39%
Elapsed time = 1.58 sec. (1957.57 ticks, tree = 0.55 MB, solutions = 25)
   5541  3386   2.83542e+07    37   2.90871e+07   2.80999e+07    32362    3.39%
   5542  3387   2.83842e+07    36   2.90871e+07   2.80999e+07    32369    3.39%
   5543  3386        cutoff         2.90871e+07   2.80999e+07    32379    3.39%
   5544  3387   2.83946e+07    36   2.90871e+07   2.80999e+07    32382    3.39%
   5545  3388   2.84164e+07    34   2.90871e+07   2.80999e+07    32387    3.39%
   5546  3389   2.84298e+07    39   2.90871e+07   2.80999e+07    32391    3.39%
   5547  3390   2.84356e+07    32   2.90871e+07   2.80999e+07    32394    3.39%
   5548  3391   2.89314e+07    34   2.90871e+07   2.80999e+07    32408    3.39%
   5549  3392   2.89358e+07    39   2.90871e+07   2.80999e+07    32411    3.39%
   5550  3393   2.89561e+07    33   2.90871e+07   2.80999e+07    32415    3.39%
Elapsed time = 2.24 sec. (2913.17 ticks, tree = 1.64 MB, solutions = 25)
   8523  6012   2.81934e+07    24   2.90871e+07   2.80999e+07    51455    3.39%
   8524  6013   2.81934e+07    23   2.90871e+07   2.80999e+07    51457    3.39%
   8525  6014   2.81976e+07    23   2.90871e+07   2.80999e+07    51460    3.39%
   8526  6015   2.82038e+07    23   2.90871e+07   2.80999e+07    51463    3.39%
   8527  6016   2.82073e+07    24   2.90871e+07   2.80999e+07    51466    3.39%
   8528  6017   2.82089e+07    24   2.90871e+07   2.80999e+07    51467    3.39%
   8529  6018   2.82091e+07    25   2.90871e+07   2.80999e+07    51468    3.39%
   8530  6019   2.82132e+07    25   2.90871e+07   2.80999e+07    51469    3.39%
   8531  6020   2.82134e+07    25   2.90871e+07   2.80999e+07    51470    3.39%
   8532  6021   2.82136e+07    25   2.90871e+07   2.80999e+07    51471    3.39%
Elapsed time = 2.90 sec. (3868.51 ticks, tree = 2.94 MB, solutions = 25)
* 10349  7358      integral     0   2.90458e+07   2.80999e+07    66838    3.26%
* 10419  7332      integral     0   2.90336e+07   2.80999e+07    67533    3.22%
  10776  7641   2.80999e+07    25   2.90336e+07   2.80999e+07    70990    3.22%
  10777  7642   2.85906e+07    19   2.90336e+07   2.80999e+07    71037    3.22%
  10778  7641        cutoff         2.90336e+07   2.80999e+07    71045    3.22%
  10779  7640        cutoff         2.90336e+07   2.80999e+07    71051    3.22%
  10780  7641   2.80999e+07    27   2.90336e+07   2.80999e+07    71113    3.22%
  10781  7642   2.80999e+07    31   2.90336e+07   2.80999e+07    71162    3.22%
  10782  7643   2.80999e+07    25   2.90336e+07   2.80999e+07    71212    3.22%
  10783  7644   2.80999e+07    24   2.90336e+07   2.80999e+07    71215    3.22%
  10784  7645   2.80999e+07    25   2.90336e+07   2.80999e+07    71218    3.22%
  10785  7646   2.81078e+07    25   2.90336e+07   2.80999e+07    71225    3.22%
Elapsed time = 3.58 sec. (4832.61 ticks, tree = 3.70 MB, solutions = 27)
* 11073+ 7631                       2.89570e+07   2.80999e+07             2.96%
* 11073+ 7017                       2.88003e+07   2.80999e+07             2.43%
* 11073+ 7003                       2.87924e+07   2.80999e+07             2.41%
* 11073+ 6834                       2.87466e+07   2.80999e+07             2.25%
* 11073+ 6240                       2.86325e+07   2.80999e+07             1.86%
  11692  6729   2.84749e+07    31   2.86325e+07   2.80999e+07    82236    1.86%
  11693  6728        cutoff         2.86325e+07   2.80999e+07    82243    1.86%
  11694  6729   2.83526e+07    27   2.86325e+07   2.80999e+07    82468    1.86%
  11695  6730   2.84337e+07    25   2.86325e+07   2.80999e+07    82477    1.86%
  11696  6731   2.84345e+07    24   2.86325e+07   2.80999e+07    82479    1.86%
  11697  6732   2.84504e+07    23   2.86325e+07   2.80999e+07    82489    1.86%
  11698  6733   2.84508e+07    24   2.86325e+07   2.80999e+07    82491    1.86%
  11699  6734   2.84551e+07    26   2.86325e+07   2.80999e+07    82493    1.86%
  11700  6735   2.84575e+07    26   2.86325e+07   2.80999e+07    82495    1.86%
  11701  6736   2.85719e+07    21   2.86325e+07   2.80999e+07    82501    1.86%
Elapsed time = 4.44 sec. (5797.86 ticks, tree = 3.25 MB, solutions = 32)
  13205  7994   2.80999e+07    34   2.86325e+07   2.80999e+07   102306    1.86%
  13206  7995   2.80999e+07    32   2.86325e+07   2.80999e+07   102311    1.86%
  13207  7996   2.80999e+07    33   2.86325e+07   2.80999e+07   102357    1.86%
  13208  7997   2.80999e+07    35   2.86325e+07   2.80999e+07   102388    1.86%
  13209  7998   2.80999e+07    30   2.86325e+07   2.80999e+07   102406    1.86%
  13210  7999   2.81174e+07    35   2.86325e+07   2.80999e+07   102528    1.86%
  13211  8000   2.81174e+07    35   2.86325e+07   2.80999e+07   102532    1.86%
  13212  8001   2.81181e+07    36   2.86325e+07   2.80999e+07   102533    1.86%
  13213  8002   2.81189e+07    34   2.86325e+07   2.80999e+07   102536    1.86%
  13214  8003   2.81190e+07    35   2.86325e+07   2.80999e+07   102538    1.86%
Elapsed time = 5.07 sec. (6761.45 ticks, tree = 3.82 MB, solutions = 32)
  14584  9100   2.80999e+07    34   2.86325e+07   2.80999e+07   123494    1.86%
  14585  9101   2.80999e+07    36   2.86325e+07   2.80999e+07   123497    1.86%
  14586  9102   2.80999e+07    30   2.86325e+07   2.80999e+07   123533    1.86%
  14587  9103   2.80999e+07    39   2.86325e+07   2.80999e+07   123588    1.86%
  14588  9104   2.80999e+07    34   2.86325e+07   2.80999e+07   123590    1.86%
  14589  9105   2.80999e+07    38   2.86325e+07   2.80999e+07   123632    1.86%
  14590  9106   2.80999e+07    38   2.86325e+07   2.80999e+07   123740    1.86%
  14591  9107   2.80999e+07    39   2.86325e+07   2.80999e+07   123741    1.86%
  14592  9108   2.80999e+07    39   2.86325e+07   2.80999e+07   123744    1.86%
  14593  9109   2.80999e+07    37   2.86325e+07   2.80999e+07   123748    1.86%
Elapsed time = 5.69 sec. (7725.98 ticks, tree = 4.56 MB, solutions = 32)
  15878 10192   2.80999e+07    43   2.86325e+07   2.80999e+07   141412    1.86%
  15879 10193   2.80999e+07    41   2.86325e+07   2.80999e+07   141413    1.86%
  15880 10194   2.80999e+07    39   2.86325e+07   2.80999e+07   141414    1.86%
  15881 10195   2.80999e+07    39   2.86325e+07   2.80999e+07   141418    1.86%
  15882 10196   2.80999e+07    38   2.86325e+07   2.80999e+07   141456    1.86%
  15883 10197   2.80999e+07    50   2.86325e+07   2.80999e+07   141524    1.86%
  15884 10198   2.80999e+07    48   2.86325e+07   2.80999e+07   141544    1.86%
  15885 10199   2.80999e+07    47   2.86325e+07   2.80999e+07   141552    1.86%
  15886 10200   2.80999e+07    48   2.86325e+07   2.80999e+07   141657    1.86%
  15887 10201   2.80999e+07    48   2.86325e+07   2.80999e+07   141661    1.86%
Elapsed time = 6.32 sec. (8693.83 ticks, tree = 5.07 MB, solutions = 32)
  17160 11320        cutoff         2.86325e+07   2.80999e+07   160836    1.86%
  17161 11321   2.82618e+07    52   2.86325e+07   2.80999e+07   160837    1.86%
  17162 11322   2.82699e+07    49   2.86325e+07   2.80999e+07   160844    1.86%
  17163 11323   2.82712e+07    46   2.86325e+07   2.80999e+07   160849    1.86%
  17164 11322        cutoff         2.86325e+07   2.80999e+07   160870    1.86%
  17165 11323   2.82720e+07    39   2.86325e+07   2.80999e+07   160876    1.86%
  17166 11324   2.82821e+07    41   2.86325e+07   2.80999e+07   160895    1.86%
  17167 11323        cutoff         2.86325e+07   2.80999e+07   160916    1.86%
  17168 11324   2.82826e+07    41   2.86325e+07   2.80999e+07   160920    1.86%
  20850 14372   2.81681e+07    32   2.86325e+07   2.80999e+07   221096    1.86%
Elapsed time = 8.91 sec. (12508.59 ticks, tree = 7.06 MB, solutions = 32)
  25774 18459   2.80999e+07    45   2.86325e+07   2.80999e+07   297998    1.86%
  25775 18460   2.80999e+07    41   2.86325e+07   2.80999e+07   298001    1.86%
  25776 18461   2.80999e+07    39   2.86325e+07   2.80999e+07   298002    1.86%
  25777 18462   2.80999e+07    35   2.86325e+07   2.80999e+07   298004    1.86%
  25778 18463   2.80999e+07    34   2.86325e+07   2.80999e+07   298009    1.86%
  25779 18464   2.80999e+07    33   2.86325e+07   2.80999e+07   298024    1.86%
  25780 18465   2.80999e+07    35   2.86325e+07   2.80999e+07   298043    1.86%
  25781 18466   2.80999e+07    32   2.86325e+07   2.80999e+07   298050    1.86%
  25782 18467   2.80999e+07    27   2.86325e+07   2.80999e+07   298092    1.86%
  25783 18468   2.80999e+07    28   2.86325e+07   2.80999e+07   298119    1.86%
Elapsed time = 11.44 sec. (16329.51 ticks, tree = 9.50 MB, solutions = 32)
  30241 22075   2.82621e+07    46   2.86325e+07   2.80999e+07   373537    1.86%
  30242 22074        cutoff         2.86325e+07   2.80999e+07   373543    1.86%
  30243 22075   2.82629e+07    46   2.86325e+07   2.80999e+07   373547    1.86%
  30244 22076   2.82632e+07    44   2.86325e+07   2.80999e+07   373548    1.86%
  30245 22075        cutoff         2.86325e+07   2.80999e+07   373562    1.86%
  30246 22076   2.82681e+07    43   2.86325e+07   2.80999e+07   373571    1.86%
  30247 22077   2.82727e+07    29   2.86325e+07   2.80999e+07   373578    1.86%
  30248 22078   2.83024e+07    48   2.86325e+07   2.80999e+07   373588    1.86%
  30249 22077        cutoff         2.86325e+07   2.80999e+07   373592    1.86%
  30250 22078   2.83026e+07    46   2.86325e+07   2.80999e+07   373593    1.86%
Elapsed time = 13.95 sec. (20148.36 ticks, tree = 11.21 MB, solutions = 32)
  35454 26361   2.80999e+07    51   2.86325e+07   2.80999e+07   447720    1.86%
  35455 26362   2.80999e+07    46   2.86325e+07   2.80999e+07   447726    1.86%
  35456 26363   2.80999e+07    42   2.86325e+07   2.80999e+07   447733    1.86%
  35457 26364   2.80999e+07    38   2.86325e+07   2.80999e+07   447746    1.86%
  35458 26365   2.80999e+07    57   2.86325e+07   2.80999e+07   447893    1.86%
  35459 26366   2.80999e+07    55   2.86325e+07   2.80999e+07   447895    1.86%
  35460 26367   2.80999e+07    52   2.86325e+07   2.80999e+07   447903    1.86%
  35461 26368   2.80999e+07    51   2.86325e+07   2.80999e+07   447907    1.86%
  35462 26369   2.80999e+07    34   2.86325e+07   2.80999e+07   447944    1.86%
  35463 26370   2.80999e+07    42   2.86325e+07   2.80999e+07   448023    1.86%
Elapsed time = 16.45 sec. (23976.48 ticks, tree = 13.25 MB, solutions = 32)
* 38413+28554                       2.86133e+07   2.80999e+07             1.79%
  40489 30302   2.85719e+07    24   2.86133e+07   2.80999e+07   520459    1.79%
  40490 30302   2.85743e+07    22   2.86133e+07   2.80999e+07   520461    1.79%
  40491 30303   2.85749e+07    22   2.86133e+07   2.80999e+07   520462    1.79%
  40492 30302        cutoff         2.86133e+07   2.80999e+07   520464    1.79%
  40493 30301        cutoff         2.86133e+07   2.80999e+07   520466    1.79%
  40494 30302   2.80999e+07    44   2.86133e+07   2.80999e+07   520636    1.79%
  40495 30303   2.80999e+07    48   2.86133e+07   2.80999e+07   520647    1.79%
  40496 30304   2.80999e+07    49   2.86133e+07   2.80999e+07   520648    1.79%
  40497 30305   2.80999e+07    46   2.86133e+07   2.80999e+07   520652    1.79%
  40498 30306   2.80999e+07    45   2.86133e+07   2.80999e+07   520653    1.79%
Elapsed time = 19.03 sec. (27799.71 ticks, tree = 15.10 MB, solutions = 33)
  45764 34545   2.83163e+07    38   2.86133e+07   2.80999e+07   594755    1.79%
  45765 34546   2.83178e+07    36   2.86133e+07   2.80999e+07   594758    1.79%
  45766 34547   2.83208e+07    36   2.86133e+07   2.80999e+07   594769    1.79%
  45767 34548   2.83213e+07    36   2.86133e+07   2.80999e+07   594773    1.79%
  45768 34547        cutoff         2.86133e+07   2.80999e+07   594798    1.79%
  45769 34548   2.83213e+07    35   2.86133e+07   2.80999e+07   594799    1.79%
  45770 34549   2.83239e+07    36   2.86133e+07   2.80999e+07   594804    1.79%
  45771 34550   2.83258e+07    40   2.86133e+07   2.80999e+07   594810    1.79%
  45772 34551   2.83258e+07    35   2.86133e+07   2.80999e+07   594811    1.79%
  45773 34552   2.83258e+07    40   2.86133e+07   2.80999e+07   594817    1.79%
Elapsed time = 21.57 sec. (31619.25 ticks, tree = 18.06 MB, solutions = 33)
  51315 39090   2.81572e+07    40   2.86133e+07   2.80999e+07   665315    1.79%
  51316 39091   2.81770e+07    43   2.86133e+07   2.80999e+07   665334    1.79%
  51317 39092   2.81823e+07    43   2.86133e+07   2.80999e+07   665344    1.79%
  51318 39093   2.81824e+07    43   2.86133e+07   2.80999e+07   665346    1.79%
  51319 39094   2.81824e+07    43   2.86133e+07   2.80999e+07   665347    1.79%
  51320 39095   2.81888e+07    46   2.86133e+07   2.80999e+07   665365    1.79%
  51321 39096   2.81910e+07    47   2.86133e+07   2.80999e+07   665368    1.79%
  51322 39097   2.81915e+07    45   2.86133e+07   2.80999e+07   665371    1.79%
  51323 39098   2.81944e+07    46   2.86133e+07   2.80999e+07   665375    1.79%
  51324 39099   2.81950e+07    46   2.86133e+07   2.80999e+07   665377    1.79%
Elapsed time = 24.08 sec. (35440.80 ticks, tree = 20.21 MB, solutions = 33)
  57344 44060   2.81620e+07    46   2.86133e+07   2.80999e+07   734745    1.79%
  57345 44061   2.81641e+07    31   2.86133e+07   2.80999e+07   734748    1.79%
  57346 44062   2.81654e+07    31   2.86133e+07   2.80999e+07   734752    1.79%
  57347 44063   2.81658e+07    31   2.86133e+07   2.80999e+07   734753    1.79%
  57348 44064   2.81663e+07    31   2.86133e+07   2.80999e+07   734754    1.79%
  57349 44065   2.81693e+07    44   2.86133e+07   2.80999e+07   734758    1.79%
  57350 44066   2.81698e+07    45   2.86133e+07   2.80999e+07   734760    1.79%
  57351 44067   2.81716e+07    47   2.86133e+07   2.80999e+07   734763    1.79%
  57352 44068   2.81722e+07    32   2.86133e+07   2.80999e+07   734764    1.79%
  57353 44069   2.81744e+07    34   2.86133e+07   2.80999e+07   734765    1.79%
Elapsed time = 26.70 sec. (39258.66 ticks, tree = 22.56 MB, solutions = 33)
  63576 49307   2.80999e+07    40   2.86133e+07   2.80999e+07   802655    1.79%
  63577 49308   2.81474e+07    30   2.86133e+07   2.80999e+07   802685    1.79%
  63578 49309   2.81476e+07    30   2.86133e+07   2.80999e+07   802686    1.79%
  63579 49310   2.81521e+07    31   2.86133e+07   2.80999e+07   802690    1.79%
  63580 49311   2.81563e+07    31   2.86133e+07   2.80999e+07   802700    1.79%
  63581 49312   2.81604e+07    31   2.86133e+07   2.80999e+07   802707    1.79%
  63582 49313   2.81615e+07    32   2.86133e+07   2.80999e+07   802710    1.79%
  63583 49314   2.81756e+07    26   2.86133e+07   2.80999e+07   802726    1.79%
  63584 49315   2.81756e+07    31   2.86133e+07   2.80999e+07   802729    1.79%
  63585 49316   2.81757e+07    31   2.86133e+07   2.80999e+07   802731    1.79%
Elapsed time = 29.22 sec. (43077.30 ticks, tree = 25.03 MB, solutions = 33)
  69503 54158        cutoff         2.86133e+07   2.80999e+07   870313    1.79%
  69504 54158   2.84320e+07    29   2.86133e+07   2.80999e+07   870452    1.79%
  69505 54158   2.84415e+07    28   2.86133e+07   2.80999e+07   870455    1.79%
  69506 54158   2.84415e+07    28   2.86133e+07   2.80999e+07   870458    1.79%
  69507 54158   2.84415e+07    28   2.86133e+07   2.80999e+07   870459    1.79%
  69508 54158   2.84415e+07    28   2.86133e+07   2.80999e+07   870460    1.79%
  69509 54158   2.84415e+07    28   2.86133e+07   2.80999e+07   870461    1.79%
  69510 54158   2.84415e+07    29   2.86133e+07   2.80999e+07   870465    1.79%
  69511 54159   2.84415e+07    28   2.86133e+07   2.80999e+07   870466    1.79%
  69512 54159   2.84457e+07    27   2.86133e+07   2.80999e+07   870469    1.79%
Elapsed time = 31.76 sec. (46913.96 ticks, tree = 27.32 MB, solutions = 33)
  75963 59573   2.80999e+07    48   2.86133e+07   2.80999e+07   939114    1.79%
  75964 59574   2.80999e+07    53   2.86133e+07   2.80999e+07   939119    1.79%
  75965 59575   2.80999e+07    50   2.86133e+07   2.80999e+07   939127    1.79%
  75966 59576   2.80999e+07    45   2.86133e+07   2.80999e+07   939137    1.79%
  75967 59577   2.80999e+07    49   2.86133e+07   2.80999e+07   939149    1.79%
  75968 59578   2.80999e+07    48   2.86133e+07   2.80999e+07   939154    1.79%
  75969 59579   2.80999e+07    47   2.86133e+07   2.80999e+07   939157    1.79%
  75970 59580   2.80999e+07    50   2.86133e+07   2.80999e+07   939166    1.79%
  75971 59581   2.80999e+07    49   2.86133e+07   2.80999e+07   939170    1.79%
  75972 59582   2.80999e+07    46   2.86133e+07   2.80999e+07   939174    1.79%
Elapsed time = 34.29 sec. (50732.28 ticks, tree = 29.88 MB, solutions = 33)
* 80613+61298                       2.85357e+07   2.80999e+07             1.53%
* 80613+59816                       2.84997e+07   2.80999e+07             1.40%
  82983 61761   2.80999e+07    43   2.84997e+07   2.80999e+07  1002339    1.40%
  82984 61762   2.80999e+07    43   2.84997e+07   2.80999e+07  1002340    1.40%
  82985 61763   2.80999e+07    38   2.84997e+07   2.80999e+07  1002343    1.40%
  82986 61764   2.80999e+07    33   2.84997e+07   2.80999e+07  1002346    1.40%
  82987 61765   2.80999e+07    29   2.84997e+07   2.80999e+07  1002351    1.40%
  82988 61766   2.80999e+07    38   2.84997e+07   2.80999e+07  1002356    1.40%
  82989 61767   2.80999e+07    38   2.84997e+07   2.80999e+07  1002361    1.40%
  82990 61768   2.80999e+07    36   2.84997e+07   2.80999e+07  1002363    1.40%
  82991 61769   2.80999e+07    32   2.84997e+07   2.80999e+07  1002371    1.40%
  82992 61770   2.81450e+07    31   2.84997e+07   2.80999e+07  1002379    1.40%
Elapsed time = 37.03 sec. (54549.82 ticks, tree = 30.83 MB, solutions = 35)
* 84313+60619                       2.84564e+07   2.80999e+07             1.25%
* 84313+60307                       2.84509e+07   2.80999e+07             1.23%
* 84413+60258                       2.84483e+07   2.80999e+07             1.22%
  88777 63803   2.80999e+07    40   2.84483e+07   2.80999e+07  1066977    1.22%
  88778 63804   2.80999e+07    40   2.84483e+07   2.80999e+07  1066979    1.22%
  88779 63805   2.81217e+07    48   2.84483e+07   2.80999e+07  1066996    1.22%
  88780 63806   2.82662e+07    31   2.84483e+07   2.80999e+07  1067017    1.22%
  88781 63807   2.82709e+07    27   2.84483e+07   2.80999e+07  1067020    1.22%
  88782 63808   2.83151e+07    23   2.84483e+07   2.80999e+07  1067022    1.22%
  88783 63809   2.83191e+07    24   2.84483e+07   2.80999e+07  1067024    1.22%
  88784 63810   2.83191e+07    26   2.84483e+07   2.80999e+07  1067039    1.22%
  88785 63811   2.83196e+07    28   2.84483e+07   2.80999e+07  1067041    1.22%
  88786 63812   2.83219e+07    27   2.84483e+07   2.80999e+07  1067042    1.22%
Elapsed time = 39.63 sec. (58373.05 ticks, tree = 31.70 MB, solutions = 38)
  94313 68088   2.80999e+07    31   2.84483e+07   2.80999e+07  1136802    1.22%
  94314 68089   2.80999e+07    33   2.84483e+07   2.80999e+07  1136805    1.22%
  94315 68090   2.80999e+07    35   2.84483e+07   2.80999e+07  1136810    1.22%
  94316 68091   2.80999e+07    29   2.84483e+07   2.80999e+07  1136812    1.22%
  94317 68092   2.80999e+07    28   2.84483e+07   2.80999e+07  1136814    1.22%
  94318 68093   2.80999e+07    31   2.84483e+07   2.80999e+07  1136827    1.22%
  94319 68094   2.80999e+07    27   2.84483e+07   2.80999e+07  1136830    1.22%
  94320 68095   2.80999e+07    27   2.84483e+07   2.80999e+07  1136832    1.22%
  94321 68096   2.80999e+07    29   2.84483e+07   2.80999e+07  1136833    1.22%
  94322 68097   2.80999e+07    27   2.84483e+07   2.80999e+07  1136834    1.22%
Elapsed time = 42.21 sec. (62200.25 ticks, tree = 35.67 MB, solutions = 38)
* 96513+67145                       2.84077e+07   2.80999e+07             1.08%
* 96513+65080                       2.83816e+07   2.80999e+07             0.99%
* 96513+50796                       2.82434e+07   2.80999e+07             0.51%
  99684 53262   2.80999e+07    32   2.82434e+07   2.80999e+07  1208148    0.51%
  99685 53263   2.80999e+07    30   2.82434e+07   2.80999e+07  1208162    0.51%
  99686 53264   2.80999e+07    27   2.82434e+07   2.80999e+07  1208196    0.51%
  99687 53265   2.80999e+07    27   2.82434e+07   2.80999e+07  1208197    0.51%
  99688 53266   2.80999e+07    25   2.82434e+07   2.80999e+07  1208198    0.51%
  99689 53267   2.80999e+07    31   2.82434e+07   2.80999e+07  1208206    0.51%
  99690 53268   2.80999e+07    29   2.82434e+07   2.80999e+07  1208207    0.51%
  99691 53269   2.80999e+07    28   2.82434e+07   2.80999e+07  1208213    0.51%
  99692 53270   2.80999e+07    28   2.82434e+07   2.80999e+07  1208216    0.51%
  99693 53271   2.80999e+07    27   2.82434e+07   2.80999e+07  1208217    0.51%
Elapsed time = 45.44 sec. (66020.45 ticks, tree = 28.40 MB, solutions = 41)
 104303 56503   2.80999e+07    38   2.82434e+07   2.80999e+07  1280872    0.51%
 104304 56504   2.80999e+07    36   2.82434e+07   2.80999e+07  1280876    0.51%
 104305 56505   2.80999e+07    35   2.82434e+07   2.80999e+07  1280877    0.51%
 104306 56506   2.80999e+07    30   2.82434e+07   2.80999e+07  1280882    0.51%
 104307 56507   2.80999e+07    35   2.82434e+07   2.80999e+07  1280894    0.51%
 104308 56508   2.81204e+07    36   2.82434e+07   2.80999e+07  1280929    0.51%
 104309 56509   2.81224e+07    33   2.82434e+07   2.80999e+07  1280930    0.51%
 104310 56510   2.81237e+07    33   2.82434e+07   2.80999e+07  1280931    0.51%
 104311 56511   2.81305e+07    32   2.82434e+07   2.80999e+07  1280933    0.51%
 104312 56512   2.81596e+07    35   2.82434e+07   2.80999e+07  1280935    0.51%
Elapsed time = 48.00 sec. (69841.40 ticks, tree = 29.90 MB, solutions = 41)
 109807 60638   2.80999e+07    34   2.82434e+07   2.80999e+07  1357830    0.51%
 109808 60639   2.80999e+07    32   2.82434e+07   2.80999e+07  1357831    0.51%
 109809 60640   2.80999e+07    32   2.82434e+07   2.80999e+07  1357832    0.51%
 109810 60641   2.80999e+07    34   2.82434e+07   2.80999e+07  1357833    0.51%
 109811 60642   2.80999e+07    36   2.82434e+07   2.80999e+07  1357838    0.51%
 109812 60643   2.80999e+07    32   2.82434e+07   2.80999e+07  1357841    0.51%
 109813 60644   2.80999e+07    31   2.82434e+07   2.80999e+07  1357843    0.51%
 109814 60645   2.80999e+07    30   2.82434e+07   2.80999e+07  1357850    0.51%
 109815 60646   2.80999e+07    41   2.82434e+07   2.80999e+07  1357856    0.51%
 109816 60647   2.80999e+07    29   2.82434e+07   2.80999e+07  1357859    0.51%
Elapsed time = 50.51 sec. (73658.37 ticks, tree = 31.84 MB, solutions = 41)
 114935 64622   2.81552e+07    35   2.82434e+07   2.80999e+07  1427685    0.51%
 114936 64623   2.81636e+07    32   2.82434e+07   2.80999e+07  1427691    0.51%
 114937 64624   2.81656e+07    34   2.82434e+07   2.80999e+07  1427696    0.51%
 114938 64623        cutoff         2.82434e+07   2.80999e+07  1427698    0.51%
 114939 64622        cutoff         2.82434e+07   2.80999e+07  1427700    0.51%
 114940 64623   2.82080e+07    39   2.82434e+07   2.80999e+07  1427933    0.51%
 114941 64622        cutoff         2.82434e+07   2.80999e+07  1427936    0.51%
 114942 64621        cutoff         2.82434e+07   2.80999e+07  1427938    0.51%
 114943 64622   2.80999e+07    37   2.82434e+07   2.80999e+07  1428034    0.51%
 114944 64623   2.80999e+07    37   2.82434e+07   2.80999e+07  1428037    0.51%
Elapsed time = 53.04 sec. (77493.61 ticks, tree = 33.70 MB, solutions = 41)
 119253 67479   2.82257e+07    53   2.82434e+07   2.80999e+07  1508017    0.51%
 119254 67478        cutoff         2.82434e+07   2.80999e+07  1508023    0.51%
 119255 67479   2.81828e+07    50   2.82434e+07   2.80999e+07  1508284    0.51%
 119256 67480   2.82395e+07    41   2.82434e+07   2.80999e+07  1508294    0.51%
 119257 67479        cutoff         2.82434e+07   2.80999e+07  1508296    0.51%
 119258 67478        cutoff         2.82434e+07   2.80999e+07  1508301    0.51%
 119259 67477        cutoff         2.82434e+07   2.80999e+07  1508440    0.51%
 119260 67476        cutoff         2.82434e+07   2.80999e+07  1508460    0.51%
 119261 67477   2.80999e+07    45   2.82434e+07   2.80999e+07  1508550    0.51%
 119262 67478   2.80999e+07    31   2.82434e+07   2.80999e+07  1508551    0.51%
Elapsed time = 55.57 sec. (81330.43 ticks, tree = 35.04 MB, solutions = 41)
 124596 71360        cutoff         2.82434e+07   2.80999e+07  1589591    0.51%
 124597 71359        cutoff         2.82434e+07   2.80999e+07  1589614    0.51%
 124598 71358        cutoff         2.82434e+07   2.80999e+07  1589739    0.51%
 124599 71359   2.80999e+07    47   2.82434e+07   2.80999e+07  1589836    0.51%
 124600 71360   2.80999e+07    45   2.82434e+07   2.80999e+07  1589841    0.51%
 124601 71361   2.80999e+07    44   2.82434e+07   2.80999e+07  1589844    0.51%
 124602 71360        cutoff         2.82434e+07   2.80999e+07  1589880    0.51%
 124603 71361   2.80999e+07    38   2.82434e+07   2.80999e+07  1589891    0.51%
 124604 71362   2.80999e+07    41   2.82434e+07   2.80999e+07  1589901    0.51%
 124605 71363   2.80999e+07    42   2.82434e+07   2.80999e+07  1589911    0.51%
Elapsed time = 58.06 sec. (85158.25 ticks, tree = 36.85 MB, solutions = 41)
 129955 75092   2.80999e+07    42   2.82434e+07   2.80999e+07  1669575    0.51%
 129956 75093   2.80999e+07    44   2.82434e+07   2.80999e+07  1669583    0.51%
 129957 75094   2.80999e+07    43   2.82434e+07   2.80999e+07  1669588    0.51%
 129958 75095   2.80999e+07    45   2.82434e+07   2.80999e+07  1669590    0.51%
 129959 75096   2.80999e+07    42   2.82434e+07   2.80999e+07  1669594    0.51%
 129960 75097   2.80999e+07    39   2.82434e+07   2.80999e+07  1669600    0.51%
 129961 75098   2.80999e+07    40   2.82434e+07   2.80999e+07  1669603    0.51%
 129962 75099   2.80999e+07    41   2.82434e+07   2.80999e+07  1669623    0.51%
 129963 75100   2.80999e+07    42   2.82434e+07   2.80999e+07  1669638    0.51%
 129964 75101   2.80999e+07    42   2.82434e+07   2.80999e+07  1669643    0.51%
Elapsed time = 60.60 sec. (88977.53 ticks, tree = 38.60 MB, solutions = 41)
 134486 77938   2.80999e+07    32   2.82434e+07   2.80999e+07  1747742    0.51%
 134487 77939   2.80999e+07    32   2.82434e+07   2.80999e+07  1747743    0.51%
 134488 77940   2.80999e+07    27   2.82434e+07   2.80999e+07  1747758    0.51%
 134489 77941   2.80999e+07    26   2.82434e+07   2.80999e+07  1747796    0.51%
 134490 77942   2.80999e+07    27   2.82434e+07   2.80999e+07  1747807    0.51%
 134491 77943   2.80999e+07    29   2.82434e+07   2.80999e+07  1747823    0.51%
 134492 77944   2.80999e+07    32   2.82434e+07   2.80999e+07  1747828    0.51%
 134493 77945   2.80999e+07    30   2.82434e+07   2.80999e+07  1747843    0.51%
 134494 77946   2.80999e+07    31   2.82434e+07   2.80999e+07  1747860    0.51%
 134495 77947   2.80999e+07    29   2.82434e+07   2.80999e+07  1747866    0.51%
Elapsed time = 63.19 sec. (92798.12 ticks, tree = 39.95 MB, solutions = 41)
 139143 80865   2.82421e+07    24   2.82434e+07   2.80999e+07  1828192    0.51%
 139144 80864        cutoff         2.82434e+07   2.80999e+07  1828193    0.51%
 139145 80863    infeasible         2.82434e+07   2.80999e+07  1828193    0.51%
 139146 80864   2.80999e+07    30   2.82434e+07   2.80999e+07  1828234    0.51%
 139147 80865   2.80999e+07    35   2.82434e+07   2.80999e+07  1828277    0.51%
 139148 80866   2.80999e+07    32   2.82434e+07   2.80999e+07  1828278    0.51%
 139149 80867   2.80999e+07    29   2.82434e+07   2.80999e+07  1828284    0.51%
 139150 80868   2.81487e+07    32   2.82434e+07   2.80999e+07  1828420    0.51%
 139151 80867        cutoff         2.82434e+07   2.80999e+07  1828423    0.51%
 139152 80866        cutoff         2.82434e+07   2.80999e+07  1828431    0.51%
Elapsed time = 65.78 sec. (96623.61 ticks, tree = 41.32 MB, solutions = 41)
 144874 85284        cutoff         2.82434e+07   2.80999e+07  1900095    0.51%
 144875 85285   2.80999e+07    44   2.82434e+07   2.80999e+07  1900099    0.51%
 144876 85286   2.80999e+07    44   2.82434e+07   2.80999e+07  1900100    0.51%
 144877 85287   2.80999e+07    42   2.82434e+07   2.80999e+07  1900101    0.51%
 144878 85288   2.80999e+07    42   2.82434e+07   2.80999e+07  1900102    0.51%
 144879 85289   2.80999e+07    41   2.82434e+07   2.80999e+07  1900103    0.51%
 144880 85290   2.80999e+07    40   2.82434e+07   2.80999e+07  1900118    0.51%
 144881 85289        cutoff         2.82434e+07   2.80999e+07  1900150    0.51%
 144882 85290   2.80999e+07    40   2.82434e+07   2.80999e+07  1900151    0.51%
 144883 85291   2.80999e+07    45   2.82434e+07   2.80999e+07  1900155    0.51%
Elapsed time = 68.37 sec. (100446.35 ticks, tree = 43.32 MB, solutions = 41)
 149954 88934        cutoff         2.82434e+07   2.80999e+07  1978821    0.51%
 149955 88935   2.80999e+07    27   2.82434e+07   2.80999e+07  1978822    0.51%
 149956 88936   2.80999e+07    29   2.82434e+07   2.80999e+07  1978824    0.51%
 149957 88937   2.80999e+07    31   2.82434e+07   2.80999e+07  1978828    0.51%
 149958 88938   2.80999e+07    27   2.82434e+07   2.80999e+07  1978834    0.51%
 149959 88939   2.80999e+07    31   2.82434e+07   2.80999e+07  1978837    0.51%
 149960 88940   2.80999e+07    29   2.82434e+07   2.80999e+07  1978841    0.51%
 149961 88941   2.80999e+07    27   2.82434e+07   2.80999e+07  1978843    0.51%
 149962 88942   2.80999e+07    35   2.82434e+07   2.80999e+07  1978849    0.51%
 149963 88943   2.80999e+07    34   2.82434e+07   2.80999e+07  1978853    0.51%
Elapsed time = 70.90 sec. (104266.09 ticks, tree = 44.98 MB, solutions = 41)
 154841 92280        cutoff         2.82434e+07   2.80999e+07  2053156    0.51%
 154842 92281   2.80999e+07    42   2.82434e+07   2.80999e+07  2053158    0.51%
 154843 92282   2.80999e+07    44   2.82434e+07   2.80999e+07  2053163    0.51%
 154844 92281        cutoff         2.82434e+07   2.80999e+07  2053201    0.51%
 154845 92282   2.80999e+07    42   2.82434e+07   2.80999e+07  2053203    0.51%
 154846 92283   2.80999e+07    40   2.82434e+07   2.80999e+07  2053205    0.51%
 154847 92284   2.80999e+07    40   2.82434e+07   2.80999e+07  2053206    0.51%
 154848 92285   2.80999e+07    40   2.82434e+07   2.80999e+07  2053213    0.51%
 154849 92284        cutoff         2.82434e+07   2.80999e+07  2053236    0.51%
 154850 92285   2.80999e+07    39   2.82434e+07   2.80999e+07  2053238    0.51%
Elapsed time = 73.40 sec. (108085.42 ticks, tree = 46.50 MB, solutions = 41)
 159933 95947   2.80999e+07    42   2.82434e+07   2.80999e+07  2127499    0.51%
 159934 95948   2.80999e+07    39   2.82434e+07   2.80999e+07  2127501    0.51%
 159935 95949   2.80999e+07    27   2.82434e+07   2.80999e+07  2127504    0.51%
 159936 95950   2.80999e+07    28   2.82434e+07   2.80999e+07  2127505    0.51%
 159937 95951   2.80999e+07    28   2.82434e+07   2.80999e+07  2127506    0.51%
 159938 95952   2.80999e+07    31   2.82434e+07   2.80999e+07  2127511    0.51%
 159939 95953   2.80999e+07    29   2.82434e+07   2.80999e+07  2127516    0.51%
 159940 95954   2.80999e+07    30   2.82434e+07   2.80999e+07  2127518    0.51%
 159941 95955   2.80999e+07    33   2.82434e+07   2.80999e+07  2127526    0.51%
 159942 95956   2.80999e+07    29   2.82434e+07   2.80999e+07  2127528    0.51%
Elapsed time = 75.89 sec. (111902.15 ticks, tree = 48.19 MB, solutions = 41)
 165742 100236   2.80999e+07    34   2.82434e+07   2.80999e+07  2199907    0.51%
 165743 100237   2.80999e+07    29   2.82434e+07   2.80999e+07  2199912    0.51%
 165744 100238   2.80999e+07    24   2.82434e+07   2.80999e+07  2199918    0.51%
 165745 100239   2.80999e+07    35   2.82434e+07   2.80999e+07  2200002    0.51%
 165746 100240   2.80999e+07    35   2.82434e+07   2.80999e+07  2200003    0.51%
 165747 100241   2.80999e+07    33   2.82434e+07   2.80999e+07  2200008    0.51%
 165748 100242   2.80999e+07    34   2.82434e+07   2.80999e+07  2200012    0.51%
 165749 100243   2.80999e+07    34   2.82434e+07   2.80999e+07  2200015    0.51%
 165750 100244   2.80999e+07    34   2.82434e+07   2.80999e+07  2200026    0.51%
 165751 100245   2.80999e+07    37   2.82434e+07   2.80999e+07  2200028    0.51%
Elapsed time = 78.35 sec. (115724.16 ticks, tree = 50.14 MB, solutions = 41)
 170663 103363   2.82294e+07    25   2.82434e+07   2.80999e+07  2275389    0.51%
 170664 103362        cutoff         2.82434e+07   2.80999e+07  2275391    0.51%
 170665 103363   2.80999e+07    24   2.82434e+07   2.80999e+07  2275464    0.51%
 170666 103362        cutoff         2.82434e+07   2.80999e+07  2275481    0.51%
 170667 103361        cutoff         2.82434e+07   2.80999e+07  2275494    0.51%
 170668 103362   2.80999e+07    27   2.82434e+07   2.80999e+07  2275598    0.51%
 170669 103363   2.81295e+07    28   2.82434e+07   2.80999e+07  2275671    0.51%
 170670 103362        cutoff         2.82434e+07   2.80999e+07  2275674    0.51%
 170671 103361        cutoff         2.82434e+07   2.80999e+07  2275679    0.51%
 170672 103362   2.81747e+07    26   2.82434e+07   2.80999e+07  2275884    0.51%
Elapsed time = 81.03 sec. (119554.85 ticks, tree = 51.60 MB, solutions = 41)
 175831 106485   2.80999e+07    41   2.82434e+07   2.80999e+07  2355010    0.51%
 175832 106484        cutoff         2.82434e+07   2.80999e+07  2355054    0.51%
 175833 106483        cutoff         2.82434e+07   2.80999e+07  2355079    0.51%
 175834 106482    infeasible         2.82434e+07   2.80999e+07  2355104    0.51%
 175835 106481        cutoff         2.82434e+07   2.80999e+07  2355239    0.51%
 175836 106480        cutoff         2.82434e+07   2.80999e+07  2355379    0.51%
 175837 106479        cutoff         2.82434e+07   2.80999e+07  2355550    0.51%
 175838 106478    infeasible         2.82434e+07   2.80999e+07  2355550    0.51%
 175839 106479   2.80999e+07    39   2.82434e+07   2.80999e+07  2355659    0.51%
 175840 106480   2.80999e+07    37   2.82434e+07   2.80999e+07  2355696    0.51%
Elapsed time = 83.59 sec. (123392.87 ticks, tree = 53.07 MB, solutions = 41)
 181213 110059   2.81733e+07    22   2.82434e+07   2.80999e+07  2436692    0.51%
 181214 110059   2.81876e+07    22   2.82434e+07   2.80999e+07  2436695    0.51%
 181215 110059   2.82155e+07    21   2.82434e+07   2.80999e+07  2436697    0.51%
 181216 110059   2.82157e+07    20   2.82434e+07   2.80999e+07  2436698    0.51%
 181217 110058        cutoff         2.82434e+07   2.80999e+07  2436700    0.51%
 181218 110057        cutoff         2.82434e+07   2.80999e+07  2436737    0.51%
 181219 110057   2.82217e+07    19   2.82434e+07   2.80999e+07  2436863    0.51%
 181220 110056        cutoff         2.82434e+07   2.80999e+07  2436865    0.51%
 181221 110056   2.82045e+07    19   2.82434e+07   2.80999e+07  2437042    0.51%
 181222 110055        cutoff         2.82434e+07   2.80999e+07  2437053    0.51%
Elapsed time = 86.12 sec. (127231.36 ticks, tree = 54.74 MB, solutions = 41)
 186401 113893   2.80999e+07    31   2.82434e+07   2.80999e+07  2513388    0.51%
 186402 113894   2.80999e+07    26   2.82434e+07   2.80999e+07  2513432    0.51%
 186403 113895   2.80999e+07    32   2.82434e+07   2.80999e+07  2513440    0.51%
 186404 113896   2.80999e+07    32   2.82434e+07   2.80999e+07  2513442    0.51%
 186405 113897   2.80999e+07    32   2.82434e+07   2.80999e+07  2513443    0.51%
 186406 113898   2.80999e+07    36   2.82434e+07   2.80999e+07  2513454    0.51%
 186407 113899   2.80999e+07    33   2.82434e+07   2.80999e+07  2513457    0.51%
 186408 113900   2.80999e+07    36   2.82434e+07   2.80999e+07  2513466    0.51%
 186409 113901   2.80999e+07    33   2.82434e+07   2.80999e+07  2513468    0.51%
 186410 113902   2.80999e+07    50   2.82434e+07   2.80999e+07  2513479    0.51%
Elapsed time = 88.62 sec. (131051.54 ticks, tree = 56.50 MB, solutions = 41)
 190658 116878   2.81103e+07    41   2.82434e+07   2.80999e+07  2582235    0.51%
 190659 116877        cutoff         2.82434e+07   2.80999e+07  2582312    0.51%
 190660 116878   2.81135e+07    43   2.82434e+07   2.80999e+07  2582317    0.51%
 190661 116879   2.81151e+07    46   2.82434e+07   2.80999e+07  2582320    0.51%
 190662 116878        cutoff         2.82434e+07   2.80999e+07  2582325    0.51%
 190663 116879   2.81151e+07    43   2.82434e+07   2.80999e+07  2582326    0.51%
 190664 116880   2.81153e+07    44   2.82434e+07   2.80999e+07  2582327    0.51%
 190665 116880   2.81270e+07    40   2.82434e+07   2.80999e+07  2582334    0.51%
 190666 116879        cutoff         2.82434e+07   2.80999e+07  2582335    0.51%
 190667 116878        cutoff         2.82434e+07   2.80999e+07  2582338    0.51%
Elapsed time = 91.24 sec. (134872.34 ticks, tree = 57.89 MB, solutions = 41)
 193201 118710   2.81443e+07    30   2.82434e+07   2.80999e+07  2623756    0.51%
 193202 118711   2.80999e+07    35   2.82434e+07   2.80999e+07  2623764    0.51%
 193203 118712   2.80999e+07    43   2.82434e+07   2.80999e+07  2623784    0.51%
 193204 118713   2.81128e+07    32   2.82434e+07   2.80999e+07  2623816    0.51%
 193205 118714   2.81373e+07    32   2.82434e+07   2.80999e+07  2623821    0.51%
 193206 118715   2.81424e+07    29   2.82434e+07   2.80999e+07  2623831    0.51%
 193207 118714        cutoff         2.82434e+07   2.80999e+07  2623840    0.51%
 193208 118715   2.81424e+07    30   2.82434e+07   2.80999e+07  2623841    0.51%
 193209 118714        cutoff         2.82434e+07   2.80999e+07  2623846    0.51%
 193210 118713        cutoff         2.82434e+07   2.80999e+07  2623848    0.51%
Elapsed time = 93.94 sec. (138692.42 ticks, tree = 58.74 MB, solutions = 41)
 195113 119989   2.80999e+07    39   2.82434e+07   2.80999e+07  2657254    0.51%
 195114 119990   2.80999e+07    37   2.82434e+07   2.80999e+07  2657258    0.51%
 195115 119991   2.80999e+07    37   2.82434e+07   2.80999e+07  2657259    0.51%
 195116 119992   2.80999e+07    31   2.82434e+07   2.80999e+07  2657263    0.51%
 195117 119993   2.80999e+07    32   2.82434e+07   2.80999e+07  2657271    0.51%
 195118 119994   2.80999e+07    38   2.82434e+07   2.80999e+07  2657284    0.51%
 195119 119995   2.80999e+07    32   2.82434e+07   2.80999e+07  2657287    0.51%
 195120 119996   2.80999e+07    26   2.82434e+07   2.80999e+07  2657331    0.51%
 195121 119997   2.80999e+07    54   2.82434e+07   2.80999e+07  2657373    0.51%
 195122 119998   2.80999e+07    51   2.82434e+07   2.80999e+07  2657381    0.51%
Elapsed time = 96.83 sec. (142677.17 ticks, tree = 59.34 MB, solutions = 41)
 199901 123553   2.80999e+07    47   2.82434e+07   2.80999e+07  2726046    0.51%
 199902 123554   2.80999e+07    49   2.82434e+07   2.80999e+07  2726049    0.51%
 199903 123555   2.80999e+07    47   2.82434e+07   2.80999e+07  2726055    0.51%
 199904 123556   2.80999e+07    43   2.82434e+07   2.80999e+07  2726056    0.51%
 199905 123556   2.81165e+07    41   2.82434e+07   2.80999e+07  2726064    0.51%
 199906 123555        cutoff         2.82434e+07   2.80999e+07  2726068    0.51%
 199907 123556   2.81874e+07    30   2.82434e+07   2.80999e+07  2726292    0.51%
 199908 123555        cutoff         2.82434e+07   2.80999e+07  2726297    0.51%
 199909 123554        cutoff         2.82434e+07   2.80999e+07  2726298    0.51%
 199910 123555   2.80999e+07    43   2.82434e+07   2.80999e+07  2726476    0.51%
Elapsed time = 99.43 sec. (146508.13 ticks, tree = 61.00 MB, solutions = 41)

Cover cuts applied:  350
Mixed integer rounding cuts applied:  8
Zero-half cuts applied:  2
Gomory fractional cuts applied:  9

Root node processing (before b&c):
  Real time             =    0.04 sec. (43.19 ticks)
Sequential b&c:
  Real time             =   99.96 sec. (147341.99 ticks)
                          ------------
Total (root+branch&cut) =  100.00 sec. (147385.18 ticks)

Solution pool: 41 solutions saved.

MIP - Time limit exceeded, integer feasible:  Objective =  2.8243359000e+07
Current MIP best bound =  2.8099855000e+07 (gap = 143504, 0.51%)
Solution time =  100.00 sec.  Iterations = 2746116  Nodes = 201135 (124407)
Deterministic time = 147385.18 ticks  (1473.85 ticks/sec)


Incumbent solution written to file '/tmp/tmpxpDfKy.cplex.sol'.
