
Log started (V12.6.3.0) Sat Apr 21 12:38:30 2018

New value for default parallel thread count: 1

Problem '/tmp/tmpGZ6S2C.pyomo.lp' read.
Read time = 0.01 sec. (0.58 ticks)

Problem name         : /tmp/tmpGZ6S2C.pyomo.lp
Objective sense      : Minimize
Variables            :     794  [Nneg: 1,  Binary: 780,  General Integer: 13]
Objective nonzeros   :       1
Linear constraints   :     157  [Less: 77,  Equal: 80]
  Nonzeros           :   41016
  RHS nonzeros       :     131

Variables            : Min LB: 0.000000         Max UB: 1.000000       
Objective nonzeros   : Min   : 1.000000         Max   : 1.000000       
Linear constraints   :
  Nonzeros           : Min   : 1.000000         Max   : 8298339.       
  RHS nonzeros       : Min   : 1.000000         Max   : 7.000000       
Tried aggregator 2 times.
MIP Presolve eliminated 71 rows and 160 columns.
Aggregator did 3 substitutions.
Reduced MIP has 83 rows, 631 columns, and 1738 nonzeros.
Reduced MIP has 620 binaries, 11 generals, 0 SOSs, and 0 indicators.
Presolve time = 0.01 sec. (7.34 ticks)
Found incumbent of value 8.9070976e+07 after 0.01 sec. (8.45 ticks)
Probing time = 0.00 sec. (1.74 ticks)
Cover probing fixed 0 vars, tightened 21 bounds.
Tried aggregator 2 times.
Aggregator did 10 substitutions.
Reduced MIP has 73 rows, 621 columns, and 1718 nonzeros.
Reduced MIP has 620 binaries, 1 generals, 0 SOSs, and 0 indicators.
Presolve time = 0.00 sec. (1.61 ticks)
Probing time = 0.00 sec. (0.95 ticks)
Cover probing fixed 0 vars, tightened 6 bounds.
Clique table members: 62.
MIP emphasis: balance optimality and feasibility.
MIP search method: dynamic search.
Parallel mode: none, using 1 thread.
Root relaxation solution time = 0.00 sec. (0.65 ticks)

        Nodes                                         Cuts/
   Node  Left     Objective  IInf  Best Integer    Best Bound    ItCnt     Gap

*     0+    0                       8.90710e+07        0.0000           100.00%
      0     0   2.80999e+07    16   8.90710e+07   2.80999e+07       29   68.45%
*     0+    0                       3.84437e+07   2.80999e+07            26.91%
      0     0   2.80999e+07    24   3.84437e+07     Fract: 10       52   26.91%
*     0+    0                       3.58164e+07   2.80999e+07            21.54%
      0     0   2.80999e+07    24   3.58164e+07       Cuts: 7       80   21.54%
*     0+    0                       3.54341e+07   2.80999e+07            20.70%
*     0+    0                       3.10565e+07   2.80999e+07             9.52%
*     0+    0                       3.07137e+07   2.80999e+07             8.51%
*     0+    0                       3.07137e+07   2.80999e+07             8.51%
      0     2   2.80999e+07    13   3.07137e+07   2.80999e+07       80    8.51%
Elapsed time = 0.04 sec. (44.70 ticks, tree = 0.01 MB, solutions = 6)
*    29    25      integral     0   3.05607e+07   2.80999e+07      277    8.05%
*   129+   76                       3.04889e+07   2.80999e+07             7.84%
*   129+   75                       3.00647e+07   2.80999e+07             6.54%
*   996+  715                       2.99693e+07   2.80999e+07             6.24%
*   997+  716                       2.99660e+07   2.80999e+07             6.23%
*   998+  715                       2.98712e+07   2.80999e+07             5.93%
*   998+  688                       2.93581e+07   2.80999e+07             4.29%
*   998+  687                       2.93213e+07   2.80999e+07             4.17%
*   998+  679                       2.92824e+07   2.80999e+07             4.04%
    998   681   2.80999e+07    22   2.92824e+07   2.80999e+07     6286    4.04%
*   999+  453                       2.91084e+07   2.80999e+07             3.46%
*   999+  301                       2.91006e+07   2.80999e+07             3.44%
    999   302   2.80999e+07    23   2.91006e+07   2.80999e+07     6688    3.44%
   1000   303   2.80999e+07    25   2.91006e+07   2.80999e+07     6693    3.44%
   1001   303   2.80999e+07    23   2.91006e+07   2.80999e+07     6696    3.44%
   1002   304   2.80999e+07    25   2.91006e+07   2.80999e+07     6709    3.44%
   1003   305   2.80999e+07    23   2.91006e+07   2.80999e+07     6711    3.44%
   1004   306   2.80999e+07    23   2.91006e+07   2.80999e+07     6712    3.44%
   1005   307   2.80999e+07    22   2.91006e+07   2.80999e+07     6714    3.44%
   1006   307   2.80999e+07    22   2.91006e+07   2.80999e+07     6741    3.44%
*  1199+  234                       2.90626e+07   2.80999e+07             3.31%
   1399   287   2.87258e+07    14   2.90626e+07   2.80999e+07     9185    3.31%
Elapsed time = 0.82 sec. (1008.51 ticks, tree = 0.13 MB, solutions = 18)
*  1599+  391                       2.89992e+07   2.80999e+07             3.10%
   2221   744   2.87250e+07    30   2.89992e+07   2.80999e+07    18853    3.10%
   2222   744   2.87250e+07    23   2.89992e+07   2.80999e+07    18862    3.10%
   2223   744   2.87250e+07    25   2.89992e+07   2.80999e+07    18868    3.10%
   2224   743        cutoff         2.89992e+07   2.80999e+07    18871    3.10%
   2225   742        cutoff         2.89992e+07   2.80999e+07    18888    3.10%
   2226   742   2.87258e+07    21   2.89992e+07   2.80999e+07    19016    3.10%
   2227   743   2.87258e+07    19   2.89992e+07   2.80999e+07    19039    3.10%
   2228   744   2.87258e+07    18   2.89992e+07   2.80999e+07    19043    3.10%
   2229   745   2.87258e+07    19   2.89992e+07   2.80999e+07    19048    3.10%
   2230   745   2.87459e+07    18   2.89992e+07   2.80999e+07    19059    3.10%
Elapsed time = 1.59 sec. (1978.37 ticks, tree = 0.37 MB, solutions = 19)
   3522  1718   2.87874e+07    29   2.89992e+07   2.80999e+07    37301    3.10%
   3523  1719   2.87966e+07    27   2.89992e+07   2.80999e+07    37305    3.10%
   3524  1720   2.88067e+07    24   2.89992e+07   2.80999e+07    37307    3.10%
   3525  1721   2.88073e+07    26   2.89992e+07   2.80999e+07    37308    3.10%
   3526  1722   2.88094e+07    27   2.89992e+07   2.80999e+07    37311    3.10%
   3527  1723   2.88096e+07    28   2.89992e+07   2.80999e+07    37312    3.10%
   3528  1724   2.88117e+07    27   2.89992e+07   2.80999e+07    37314    3.10%
   3529  1723        cutoff         2.89992e+07   2.80999e+07    37316    3.10%
   3530  1722        cutoff         2.89992e+07   2.80999e+07    37319    3.10%
   3531  1723   2.80999e+07    31   2.89992e+07   2.80999e+07    37379    3.10%
Elapsed time = 2.22 sec. (2944.69 ticks, tree = 0.86 MB, solutions = 19)
   5450  3406   2.81168e+07    28   2.89992e+07   2.80999e+07    55080    3.10%
   5451  3407   2.81168e+07    29   2.89992e+07   2.80999e+07    55081    3.10%
   5452  3408   2.81168e+07    28   2.89992e+07   2.80999e+07    55082    3.10%
   5453  3409   2.81216e+07    30   2.89992e+07   2.80999e+07    55086    3.10%
   5454  3410   2.81224e+07    30   2.89992e+07   2.80999e+07    55087    3.10%
   5455  3411   2.81224e+07    30   2.89992e+07   2.80999e+07    55088    3.10%
   5456  3412   2.81254e+07    30   2.89992e+07   2.80999e+07    55091    3.10%
   5457  3413   2.81267e+07    28   2.89992e+07   2.80999e+07    55092    3.10%
   5458  3414   2.81386e+07    28   2.89992e+07   2.80999e+07    55097    3.10%
   5459  3415   2.81434e+07    28   2.89992e+07   2.80999e+07    55098    3.10%
Elapsed time = 2.85 sec. (3900.24 ticks, tree = 1.70 MB, solutions = 19)
   6784  4462   2.83868e+07    29   2.89992e+07   2.80999e+07    72148    3.10%
   6785  4463   2.83885e+07    29   2.89992e+07   2.80999e+07    72150    3.10%
   6786  4463   2.84266e+07    22   2.89992e+07   2.80999e+07    72157    3.10%
   6787  4463   2.84405e+07    22   2.89992e+07   2.80999e+07    72159    3.10%
   6788  4462   2.87219e+07    20   2.89992e+07   2.80999e+07    72170    3.10%
   6789  4461    infeasible         2.89992e+07   2.80999e+07    72170    3.10%
   6790  4462   2.81300e+07    37   2.89992e+07   2.80999e+07    72425    3.10%
   6791  4463   2.81429e+07    34   2.89992e+07   2.80999e+07    72431    3.10%
   6792  4464   2.81947e+07    29   2.89992e+07   2.80999e+07    72437    3.10%
   6793  4465   2.82043e+07    35   2.89992e+07   2.80999e+07    72449    3.10%
Elapsed time = 3.48 sec. (4868.16 ticks, tree = 2.28 MB, solutions = 19)
   7910  5325   2.80999e+07    32   2.89992e+07   2.80999e+07    90600    3.10%
   7911  5326   2.80999e+07    35   2.89992e+07   2.80999e+07    90608    3.10%
   7912  5327   2.80999e+07    27   2.89992e+07   2.80999e+07    90622    3.10%
   7913  5328   2.80999e+07    23   2.89992e+07   2.80999e+07    90630    3.10%
   7914  5329   2.80999e+07    24   2.89992e+07   2.80999e+07    90633    3.10%
   7915  5330   2.80999e+07    23   2.89992e+07   2.80999e+07    90634    3.10%
   7916  5331   2.80999e+07    24   2.89992e+07   2.80999e+07    90639    3.10%
   7917  5332   2.80999e+07    28   2.89992e+07   2.80999e+07    90642    3.10%
   7918  5333   2.80999e+07    28   2.89992e+07   2.80999e+07    90644    3.10%
   7919  5334   2.80999e+07    28   2.89992e+07   2.80999e+07    90646    3.10%
Elapsed time = 4.09 sec. (5826.18 ticks, tree = 2.68 MB, solutions = 19)
*  8769  5847      integral     0   2.89138e+07   2.80999e+07   107595    2.82%
   8804  5878   2.84009e+07    39   2.89138e+07   2.80999e+07   108637    2.82%
   8805  5879   2.84129e+07    37   2.89138e+07   2.80999e+07   108653    2.82%
   8806  5880   2.84630e+07    31   2.89138e+07   2.80999e+07   108677    2.82%
   8807  5881   2.84794e+07    30   2.89138e+07   2.80999e+07   108685    2.82%
   8808  5882   2.84805e+07    30   2.89138e+07   2.80999e+07   108686    2.82%
   8809  5883   2.84981e+07    30   2.89138e+07   2.80999e+07   108693    2.82%
   8810  5884   2.84984e+07    30   2.89138e+07   2.80999e+07   108694    2.82%
   8811  5885   2.84998e+07    31   2.89138e+07   2.80999e+07   108697    2.82%
   8812  5886   2.85545e+07    41   2.89138e+07   2.80999e+07   108723    2.82%
   8813  5887   2.85545e+07    40   2.89138e+07   2.80999e+07   108724    2.82%
Elapsed time = 4.70 sec. (6784.17 ticks, tree = 2.94 MB, solutions = 20)
*  8869+ 5930                       2.89138e+07   2.80999e+07             2.82%
   9441  6354   2.80999e+07    43   2.89138e+07   2.80999e+07   124664    2.82%
   9442  6355   2.80999e+07    37   2.89138e+07   2.80999e+07   124677    2.82%
   9443  6356   2.80999e+07    36   2.89138e+07   2.80999e+07   124678    2.82%
   9444  6357   2.80999e+07    46   2.89138e+07   2.80999e+07   124823    2.82%
   9445  6358   2.80999e+07    43   2.89138e+07   2.80999e+07   124828    2.82%
   9446  6359   2.80999e+07    41   2.89138e+07   2.80999e+07   124830    2.82%
   9447  6360   2.80999e+07    39   2.89138e+07   2.80999e+07   124842    2.82%
   9448  6361   2.80999e+07    41   2.89138e+07   2.80999e+07   124916    2.82%
   9449  6362   2.80999e+07    38   2.89138e+07   2.80999e+07   125026    2.82%
   9450  6363   2.80999e+07    41   2.89138e+07   2.80999e+07   125030    2.82%
Elapsed time = 5.29 sec. (7757.27 ticks, tree = 3.17 MB, solutions = 21)
  10056  6868   2.80999e+07    54   2.89138e+07   2.80999e+07   143056    2.82%
  10057  6869   2.80999e+07    54   2.89138e+07   2.80999e+07   143070    2.82%
  10058  6870   2.80999e+07    54   2.89138e+07   2.80999e+07   143076    2.82%
  10059  6871   2.80999e+07    53   2.89138e+07   2.80999e+07   143081    2.82%
  10060  6872   2.80999e+07    53   2.89138e+07   2.80999e+07   143087    2.82%
  10061  6873   2.81015e+07    49   2.89138e+07   2.80999e+07   143089    2.82%
  10062  6874   2.81049e+07    50   2.89138e+07   2.80999e+07   143098    2.82%
  10063  6875   2.81203e+07    55   2.89138e+07   2.80999e+07   143112    2.82%
  10064  6876   2.81204e+07    55   2.89138e+07   2.80999e+07   143115    2.82%
  10065  6877   2.81229e+07    52   2.89138e+07   2.80999e+07   143124    2.82%
Elapsed time = 5.89 sec. (8716.40 ticks, tree = 3.42 MB, solutions = 21)
  10809  7460   2.80999e+07    49   2.89138e+07   2.80999e+07   160816    2.82%
  10810  7461   2.80999e+07    47   2.89138e+07   2.80999e+07   160847    2.82%
  10811  7462   2.80999e+07    40   2.89138e+07   2.80999e+07   160848    2.82%
  10812  7463   2.80999e+07    47   2.89138e+07   2.80999e+07   160863    2.82%
  10813  7464   2.80999e+07    45   2.89138e+07   2.80999e+07   160865    2.82%
  10814  7465   2.80999e+07    44   2.89138e+07   2.80999e+07   160881    2.82%
  10815  7466   2.80999e+07    39   2.89138e+07   2.80999e+07   160885    2.82%
  10816  7467   2.80999e+07    40   2.89138e+07   2.80999e+07   160892    2.82%
  10817  7468   2.80999e+07    38   2.89138e+07   2.80999e+07   160895    2.82%
* 10959+ 7430                       2.88148e+07   2.80999e+07             2.48%
* 10959+ 7395                       2.87940e+07   2.80999e+07             2.41%
  12920  8876   2.81315e+07    52   2.87940e+07   2.80999e+07   209486    2.41%
Elapsed time = 8.50 sec. (12531.52 ticks, tree = 4.60 MB, solutions = 23)
  16594 11748   2.80999e+07    44   2.87940e+07   2.80999e+07   284290    2.41%
  16595 11749   2.80999e+07    41   2.87940e+07   2.80999e+07   284339    2.41%
  16596 11750   2.80999e+07    42   2.87940e+07   2.80999e+07   284448    2.41%
  16597 11751   2.80999e+07    39   2.87940e+07   2.80999e+07   284473    2.41%
  16598 11752   2.80999e+07    31   2.87940e+07   2.80999e+07   284475    2.41%
  16599 11753   2.80999e+07    28   2.87940e+07   2.80999e+07   284512    2.41%
  16600 11754   2.80999e+07    39   2.87940e+07   2.80999e+07   284553    2.41%
  16601 11755   2.80999e+07    41   2.87940e+07   2.80999e+07   284558    2.41%
  16602 11756   2.80999e+07    37   2.87940e+07   2.80999e+07   284583    2.41%
  16603 11757   2.81121e+07    39   2.87940e+07   2.80999e+07   284776    2.41%
Elapsed time = 11.05 sec. (16376.29 ticks, tree = 11.31 MB, solutions = 23)
  20449 14848   2.80999e+07    50   2.87940e+07   2.80999e+07   353935    2.41%
  20450 14849   2.80999e+07    48   2.87940e+07   2.80999e+07   353956    2.41%
  20451 14850   2.80999e+07    47   2.87940e+07   2.80999e+07   353960    2.41%
  20452 14851   2.80999e+07    46   2.87940e+07   2.80999e+07   353968    2.41%
  20453 14852   2.80999e+07    45   2.87940e+07   2.80999e+07   353974    2.41%
  20454 14853   2.80999e+07    42   2.87940e+07   2.80999e+07   353986    2.41%
  20455 14854   2.81036e+07    47   2.87940e+07   2.80999e+07   354004    2.41%
  20456 14855   2.81109e+07    40   2.87940e+07   2.80999e+07   354009    2.41%
  20457 14856   2.81110e+07    40   2.87940e+07   2.80999e+07   354010    2.41%
  20458 14857   2.81573e+07    39   2.87940e+07   2.80999e+07   354026    2.41%
Elapsed time = 13.47 sec. (20198.76 ticks, tree = 28.45 MB, solutions = 23)
  24052 17761   2.80999e+07    41   2.87940e+07   2.80999e+07   420982    2.41%
  24053 17762   2.80999e+07    36   2.87940e+07   2.80999e+07   421014    2.41%
  24054 17763   2.80999e+07    36   2.87940e+07   2.80999e+07   421057    2.41%
  24055 17764   2.80999e+07    41   2.87940e+07   2.80999e+07   421144    2.41%
  24056 17765   2.80999e+07    39   2.87940e+07   2.80999e+07   421173    2.41%
  24057 17766   2.80999e+07    38   2.87940e+07   2.80999e+07   421179    2.41%
  24058 17767   2.80999e+07    42   2.87940e+07   2.80999e+07   421229    2.41%
  24059 17768   2.80999e+07    39   2.87940e+07   2.80999e+07   421248    2.41%
  24060 17769   2.80999e+07    36   2.87940e+07   2.80999e+07   421387    2.41%
  24061 17770   2.80999e+07    38   2.87940e+07   2.80999e+07   421393    2.41%
Elapsed time = 15.91 sec. (24031.19 ticks, tree = 43.26 MB, solutions = 23)
  28083 21010   2.81027e+07    46   2.87940e+07   2.80999e+07   488827    2.41%
  28084 21011   2.81027e+07    46   2.87940e+07   2.80999e+07   488828    2.41%
  28085 21012   2.84858e+07    51   2.87940e+07   2.80999e+07   488873    2.41%
  28086 21013   2.84887e+07    50   2.87940e+07   2.80999e+07   488874    2.41%
  28087 21014   2.84915e+07    45   2.87940e+07   2.80999e+07   488878    2.41%
  28088 21013        cutoff         2.87940e+07   2.80999e+07   488904    2.41%
  28089 21014   2.85334e+07    38   2.87940e+07   2.80999e+07   488925    2.41%
  28090 21015   2.85732e+07    42   2.87940e+07   2.80999e+07   488938    2.41%
  28091 21016   2.86515e+07    37   2.87940e+07   2.80999e+07   488958    2.41%
  28092 21015        cutoff         2.87940e+07   2.80999e+07   488965    2.41%
Elapsed time = 18.56 sec. (27855.86 ticks, tree = 55.64 MB, solutions = 23)
* 30199+21463                       2.86636e+07   2.80999e+07             1.97%
  32424 23284   2.85272e+07    39   2.86636e+07   2.80999e+07   555712    1.97%
  32425 23285   2.85753e+07    44   2.86636e+07   2.80999e+07   555727    1.97%
  32426 23284        cutoff         2.86636e+07   2.80999e+07   555731    1.97%
  32427 23283        cutoff         2.86636e+07   2.80999e+07   555741    1.97%
  32428 23283   2.85723e+07    36   2.86636e+07   2.80999e+07   555907    1.97%
  32429 23284   2.85933e+07    37   2.86636e+07   2.80999e+07   555922    1.97%
  32430 23285   2.85982e+07    36   2.86636e+07   2.80999e+07   555927    1.97%
  32431 23286   2.86001e+07    35   2.86636e+07   2.80999e+07   555930    1.97%
  32432 23287   2.86075e+07    39   2.86636e+07   2.80999e+07   555932    1.97%
  32433 23288   2.86092e+07    38   2.86636e+07   2.80999e+07   555934    1.97%
Elapsed time = 21.03 sec. (31682.84 ticks, tree = 65.50 MB, solutions = 24)
* 32699+23203                       2.86302e+07   2.80999e+07             1.85%
* 32699+22430                       2.85542e+07   2.80999e+07             1.59%
* 32699+21830                       2.85152e+07   2.80999e+07             1.46%
* 32699+20616                       2.84539e+07   2.80999e+07             1.24%
  36266 23425   2.81195e+07    44   2.84539e+07   2.80999e+07   620569    1.24%
  36267 23426   2.80999e+07    39   2.84539e+07   2.80999e+07   620570    1.24%
  36268 23427   2.80999e+07    41   2.84539e+07   2.80999e+07   620689    1.24%
  36269 23428   2.80999e+07    44   2.84539e+07   2.80999e+07   620698    1.24%
  36270 23429   2.80999e+07    42   2.84539e+07   2.80999e+07   620706    1.24%
  36271 23430   2.81428e+07    47   2.84539e+07   2.80999e+07   620774    1.24%
  36272 23431   2.80999e+07    38   2.84539e+07   2.80999e+07   620814    1.24%
  36273 23432   2.80999e+07    36   2.84539e+07   2.80999e+07   620816    1.24%
  36274 23433   2.80999e+07    42   2.84539e+07   2.80999e+07   620850    1.24%
  36275 23434   2.80999e+07    36   2.84539e+07   2.80999e+07   620854    1.24%
Elapsed time = 23.56 sec. (35514.12 ticks, tree = 70.90 MB, solutions = 28)
  40634 27010   2.80999e+07    43   2.84539e+07   2.80999e+07   686313    1.24%
  40635 27011   2.80999e+07    42   2.84539e+07   2.80999e+07   686314    1.24%
  40636 27012   2.80999e+07    43   2.84539e+07   2.80999e+07   686316    1.24%
  40637 27013   2.80999e+07    36   2.84539e+07   2.80999e+07   686324    1.24%
  40638 27014   2.80999e+07    35   2.84539e+07   2.80999e+07   686325    1.24%
  40639 27015   2.80999e+07    39   2.84539e+07   2.80999e+07   686360    1.24%
  40640 27016   2.80999e+07    40   2.84539e+07   2.80999e+07   686373    1.24%
  40641 27017   2.80999e+07    40   2.84539e+07   2.80999e+07   686389    1.24%
  40642 27018   2.80999e+07    42   2.84539e+07   2.80999e+07   686399    1.24%
  40643 27019   2.80999e+07    40   2.84539e+07   2.80999e+07   686449    1.24%
Elapsed time = 25.97 sec. (39339.14 ticks, tree = 83.70 MB, solutions = 28)
  44776 30234   2.80999e+07    43   2.84539e+07   2.80999e+07   753443    1.24%
  44777 30235   2.80999e+07    44   2.84539e+07   2.80999e+07   753462    1.24%
  44778 30236   2.80999e+07    44   2.84539e+07   2.80999e+07   753494    1.24%
  44779 30237   2.80999e+07    47   2.84539e+07   2.80999e+07   753509    1.24%
  44780 30238   2.80999e+07    45   2.84539e+07   2.80999e+07   753529    1.24%
  44781 30239   2.80999e+07    45   2.84539e+07   2.80999e+07   753542    1.24%
  44782 30240   2.80999e+07    44   2.84539e+07   2.80999e+07   753543    1.24%
  44783 30241   2.80999e+07    44   2.84539e+07   2.80999e+07   753547    1.24%
  44784 30242   2.80999e+07    42   2.84539e+07   2.80999e+07   753554    1.24%
  44785 30243   2.80999e+07    41   2.84539e+07   2.80999e+07   753571    1.24%
Elapsed time = 28.55 sec. (43161.14 ticks, tree = 95.91 MB, solutions = 28)
  49398 33812   2.81372e+07    39   2.84539e+07   2.80999e+07   817197    1.24%
  49399 33813   2.81372e+07    38   2.84539e+07   2.80999e+07   817198    1.24%
  49400 33814   2.81373e+07    33   2.84539e+07   2.80999e+07   817199    1.24%
  49401 33815   2.81374e+07    33   2.84539e+07   2.80999e+07   817201    1.24%
  49402 33816   2.81374e+07    32   2.84539e+07   2.80999e+07   817202    1.24%
  49403 33817   2.81385e+07    32   2.84539e+07   2.80999e+07   817208    1.24%
  49404 33818   2.81460e+07    39   2.84539e+07   2.80999e+07   817218    1.24%
  49405 33819   2.81482e+07    37   2.84539e+07   2.80999e+07   817226    1.24%
  49406 33820   2.81510e+07    38   2.84539e+07   2.80999e+07   817227    1.24%
  49407 33821   2.81575e+07    39   2.84539e+07   2.80999e+07   817238    1.24%
Elapsed time = 31.08 sec. (46979.04 ticks, tree = 101.13 MB, solutions = 28)
  54019 37498   2.81093e+07    55   2.84539e+07   2.80999e+07   884662    1.24%
  54020 37499   2.81120e+07    55   2.84539e+07   2.80999e+07   884669    1.24%
  54021 37500   2.81129e+07    56   2.84539e+07   2.80999e+07   884672    1.24%
  54022 37501   2.81737e+07    42   2.84539e+07   2.80999e+07   884694    1.24%
  54023 37502   2.81739e+07    52   2.84539e+07   2.80999e+07   884700    1.24%
  54024 37503   2.81740e+07    53   2.84539e+07   2.80999e+07   884702    1.24%
  54025 37504   2.81756e+07    48   2.84539e+07   2.80999e+07   884708    1.24%
  54026 37505   2.81774e+07    39   2.84539e+07   2.80999e+07   884716    1.24%
  54027 37506   2.82756e+07    47   2.84539e+07   2.80999e+07   884745    1.24%
  54028 37507   2.82756e+07    49   2.84539e+07   2.80999e+07   884747    1.24%
Elapsed time = 33.55 sec. (50798.25 ticks, tree = 106.03 MB, solutions = 28)
  58647 41172   2.80999e+07    31   2.84539e+07   2.80999e+07   948977    1.24%
  58648 41173   2.80999e+07    35   2.84539e+07   2.80999e+07   949079    1.24%
  58649 41174   2.80999e+07    35   2.84539e+07   2.80999e+07   949150    1.24%
  58650 41175   2.80999e+07    35   2.84539e+07   2.80999e+07   949194    1.24%
  58651 41176   2.80999e+07    35   2.84539e+07   2.80999e+07   949203    1.24%
  58652 41177   2.80999e+07    26   2.84539e+07   2.80999e+07   949209    1.24%
  58653 41178   2.81190e+07    26   2.84539e+07   2.80999e+07   949239    1.24%
  58654 41178   2.81217e+07    25   2.84539e+07   2.80999e+07   949242    1.24%
  58655 41179   2.81190e+07    26   2.84539e+07   2.80999e+07   949243    1.24%
  58656 41179   2.81190e+07    26   2.84539e+07   2.80999e+07   949244    1.24%
Elapsed time = 36.06 sec. (54625.14 ticks, tree = 112.76 MB, solutions = 28)
* 60699+41810                       2.84280e+07   2.80999e+07             1.15%
  63003 43339   2.80999e+07    35   2.84280e+07   2.80999e+07  1014179    1.15%
  63004 43340   2.80999e+07    33   2.84280e+07   2.80999e+07  1014199    1.15%
  63005 43341   2.80999e+07    34   2.84280e+07   2.80999e+07  1014208    1.15%
  63006 43342   2.80999e+07    36   2.84280e+07   2.80999e+07  1014232    1.15%
  63007 43343   2.80999e+07    40   2.84280e+07   2.80999e+07  1014254    1.15%
  63008 43344   2.80999e+07    38   2.84280e+07   2.80999e+07  1014280    1.15%
  63009 43345   2.80999e+07    36   2.84280e+07   2.80999e+07  1014339    1.15%
  63010 43346   2.80999e+07    35   2.84280e+07   2.80999e+07  1014342    1.15%
  63011 43347   2.80999e+07    35   2.84280e+07   2.80999e+07  1014343    1.15%
  63012 43348   2.80999e+07    35   2.84280e+07   2.80999e+07  1014344    1.15%
Elapsed time = 38.70 sec. (58453.40 ticks, tree = 115.65 MB, solutions = 29)
* 64999+43702                       2.84025e+07   2.80999e+07             1.07%
* 64999+43063                       2.83886e+07   2.80999e+07             1.02%
  67200 44799   2.81524e+07    39   2.83886e+07   2.80999e+07  1076168    1.02%
  67201 44800   2.81545e+07    41   2.83886e+07   2.80999e+07  1076175    1.02%
  67202 44801   2.81588e+07    43   2.83886e+07   2.80999e+07  1076181    1.02%
  67203 44802   2.81690e+07    42   2.83886e+07   2.80999e+07  1076189    1.02%
  67204 44803   2.81691e+07    39   2.83886e+07   2.80999e+07  1076192    1.02%
  67205 44804   2.81724e+07    42   2.83886e+07   2.80999e+07  1076204    1.02%
  67206 44805   2.81754e+07    41   2.83886e+07   2.80999e+07  1076212    1.02%
  67207 44806   2.81810e+07    41   2.83886e+07   2.80999e+07  1076226    1.02%
  67208 44807   2.81841e+07    39   2.83886e+07   2.80999e+07  1076227    1.02%
  67209 44808   2.81975e+07    41   2.83886e+07   2.80999e+07  1076238    1.02%
Elapsed time = 41.26 sec. (62277.42 ticks, tree = 118.89 MB, solutions = 31)
  71849 48311   2.81594e+07    32   2.83886e+07   2.80999e+07  1142837    1.02%
  71850 48312   2.81825e+07    35   2.83886e+07   2.80999e+07  1142846    1.02%
  71851 48313   2.81887e+07    32   2.83886e+07   2.80999e+07  1142848    1.02%
  71852 48314   2.81887e+07    32   2.83886e+07   2.80999e+07  1142849    1.02%
  71853 48315   2.82018e+07    31   2.83886e+07   2.80999e+07  1142851    1.02%
  71854 48316   2.82039e+07    31   2.83886e+07   2.80999e+07  1142852    1.02%
  71855 48317   2.82092e+07    29   2.83886e+07   2.80999e+07  1142854    1.02%
  71856 48318   2.82270e+07    28   2.83886e+07   2.80999e+07  1142856    1.02%
  71857 48317        cutoff         2.83886e+07   2.80999e+07  1142868    1.02%
  71858 48318   2.82288e+07    27   2.83886e+07   2.80999e+07  1142869    1.02%
Elapsed time = 43.80 sec. (66095.03 ticks, tree = 124.67 MB, solutions = 31)
  75946 51481   2.81678e+07    38   2.83886e+07   2.80999e+07  1206591    1.02%
  75947 51482   2.81780e+07    38   2.83886e+07   2.80999e+07  1206597    1.02%
  75948 51483   2.81830e+07    42   2.83886e+07   2.80999e+07  1206601    1.02%
  75949 51484   2.81851e+07    42   2.83886e+07   2.80999e+07  1206602    1.02%
  75950 51485   2.81865e+07    41   2.83886e+07   2.80999e+07  1206604    1.02%
  75951 51486   2.83509e+07    24   2.83886e+07   2.80999e+07  1206622    1.02%
  75952 51485   2.83801e+07    21   2.83886e+07   2.80999e+07  1206627    1.02%
  75953 51484        cutoff         2.83886e+07   2.80999e+07  1206630    1.02%
  75954 51485   2.81106e+07    35   2.83886e+07   2.80999e+07  1206739    1.02%
  75955 51486   2.81110e+07    33   2.83886e+07   2.80999e+07  1206742    1.02%
Elapsed time = 46.69 sec. (69919.10 ticks, tree = 139.78 MB, solutions = 31)
  80607 55167        cutoff         2.83886e+07   2.80999e+07  1272345    1.02%
  80608 55166        cutoff         2.83886e+07   2.80999e+07  1272353    1.02%
  80609 55167   2.80999e+07    35   2.83886e+07   2.80999e+07  1272517    1.02%
  80610 55168   2.80999e+07    35   2.83886e+07   2.80999e+07  1272518    1.02%
  80611 55169   2.80999e+07    35   2.83886e+07   2.80999e+07  1272521    1.02%
  80612 55170   2.81947e+07    33   2.83886e+07   2.80999e+07  1272550    1.02%
  80613 55171   2.81948e+07    32   2.83886e+07   2.80999e+07  1272551    1.02%
  80614 55172   2.81949e+07    30   2.83886e+07   2.80999e+07  1272553    1.02%
  80615 55173   2.81949e+07    32   2.83886e+07   2.80999e+07  1272554    1.02%
  80616 55174   2.81958e+07    32   2.83886e+07   2.80999e+07  1272557    1.02%
Elapsed time = 49.22 sec. (73744.36 ticks, tree = 149.13 MB, solutions = 31)
  84677 58173   2.81110e+07    27   2.83886e+07   2.80999e+07  1336242    1.02%
  84678 58174   2.81133e+07    26   2.83886e+07   2.80999e+07  1336250    1.02%
  84679 58175   2.81149e+07    25   2.83886e+07   2.80999e+07  1336254    1.02%
  84680 58176   2.81150e+07    25   2.83886e+07   2.80999e+07  1336255    1.02%
  84681 58177   2.81424e+07    27   2.83886e+07   2.80999e+07  1336258    1.02%
  84682 58178   2.81424e+07    25   2.83886e+07   2.80999e+07  1336259    1.02%
  84683 58179   2.81436e+07    25   2.83886e+07   2.80999e+07  1336267    1.02%
  84684 58180   2.82306e+07    27   2.83886e+07   2.80999e+07  1336281    1.02%
  84685 58181   2.82425e+07    24   2.83886e+07   2.80999e+07  1336287    1.02%
  84686 58182   2.82614e+07    22   2.83886e+07   2.80999e+07  1336293    1.02%
Elapsed time = 51.80 sec. (77568.55 ticks, tree = 165.80 MB, solutions = 31)
  89100 61458   2.81845e+07    37   2.83886e+07   2.80999e+07  1398106    1.02%
  89101 61459   2.82143e+07    32   2.83886e+07   2.80999e+07  1398117    1.02%
  89102 61460   2.82202e+07    37   2.83886e+07   2.80999e+07  1398125    1.02%
  89103 61461   2.82210e+07    37   2.83886e+07   2.80999e+07  1398126    1.02%
  89104 61462   2.82210e+07    36   2.83886e+07   2.80999e+07  1398127    1.02%
  89105 61463   2.82224e+07    30   2.83886e+07   2.80999e+07  1398129    1.02%
  89106 61463   2.82228e+07    30   2.83886e+07   2.80999e+07  1398130    1.02%
  89107 61464   2.82394e+07    30   2.83886e+07   2.80999e+07  1398133    1.02%
  89108 61465   2.82395e+07    29   2.83886e+07   2.80999e+07  1398134    1.02%
  89109 61466   2.82397e+07    33   2.83886e+07   2.80999e+07  1398135    1.02%
Elapsed time = 54.42 sec. (81388.31 ticks, tree = 184.20 MB, solutions = 31)
  93979 65355   2.81778e+07    29   2.83886e+07   2.80999e+07  1460919    1.02%
  93980 65356   2.81804e+07    35   2.83886e+07   2.80999e+07  1460926    1.02%
  93981 65357   2.81808e+07    36   2.83886e+07   2.80999e+07  1460927    1.02%
  93982 65358   2.81811e+07    34   2.83886e+07   2.80999e+07  1460928    1.02%
  93983 65359   2.81813e+07    34   2.83886e+07   2.80999e+07  1460931    1.02%
  93984 65360   2.82152e+07    30   2.83886e+07   2.80999e+07  1460935    1.02%
  93985 65361   2.82357e+07    32   2.83886e+07   2.80999e+07  1460944    1.02%
  93986 65360        cutoff         2.83886e+07   2.80999e+07  1460957    1.02%
  93987 65361   2.82375e+07    32   2.83886e+07   2.80999e+07  1460958    1.02%
  93988 65360        cutoff         2.83886e+07   2.80999e+07  1460974    1.02%
Elapsed time = 56.91 sec. (85206.00 ticks, tree = 204.72 MB, solutions = 31)
  98339 68503   2.80999e+07    40   2.83886e+07   2.80999e+07  1524784    1.02%
  98340 68504   2.80999e+07    40   2.83886e+07   2.80999e+07  1524786    1.02%
  98341 68505   2.80999e+07    40   2.83886e+07   2.80999e+07  1524793    1.02%
  98342 68506   2.80999e+07    43   2.83886e+07   2.80999e+07  1524820    1.02%
  98343 68507   2.80999e+07    41   2.83886e+07   2.80999e+07  1524821    1.02%
  98344 68508   2.80999e+07    40   2.83886e+07   2.80999e+07  1524822    1.02%
  98345 68509   2.80999e+07    40   2.83886e+07   2.80999e+07  1524829    1.02%
  98346 68510   2.80999e+07    41   2.83886e+07   2.80999e+07  1524835    1.02%
  98347 68511   2.80999e+07    39   2.83886e+07   2.80999e+07  1524838    1.02%
  98348 68512   2.81030e+07    42   2.83886e+07   2.80999e+07  1524840    1.02%
Elapsed time = 59.47 sec. (89024.49 ticks, tree = 211.67 MB, solutions = 31)
 102842 71952   2.80999e+07    37   2.83886e+07   2.80999e+07  1590161    1.02%
 102843 71953   2.80999e+07    39   2.83886e+07   2.80999e+07  1590177    1.02%
 102844 71954   2.80999e+07    35   2.83886e+07   2.80999e+07  1590181    1.02%
 102845 71955   2.80999e+07    35   2.83886e+07   2.80999e+07  1590182    1.02%
 102846 71956   2.80999e+07    34   2.83886e+07   2.80999e+07  1590183    1.02%
 102847 71957   2.80999e+07    36   2.83886e+07   2.80999e+07  1590199    1.02%
 102848 71958   2.80999e+07    42   2.83886e+07   2.80999e+07  1590210    1.02%
 102849 71959   2.80999e+07    36   2.83886e+07   2.80999e+07  1590211    1.02%
 102850 71960   2.80999e+07    37   2.83886e+07   2.80999e+07  1590222    1.02%
 102851 71961   2.80999e+07    32   2.83886e+07   2.80999e+07  1590242    1.02%
Elapsed time = 62.22 sec. (92844.44 ticks, tree = 217.45 MB, solutions = 31)
 107444 75317   2.80999e+07    42   2.83886e+07   2.80999e+07  1655483    1.02%
 107445 75318   2.80999e+07    50   2.83886e+07   2.80999e+07  1655489    1.02%
 107446 75319   2.80999e+07    40   2.83886e+07   2.80999e+07  1655494    1.02%
 107447 75320   2.80999e+07    47   2.83886e+07   2.80999e+07  1655523    1.02%
 107448 75321   2.80999e+07    49   2.83886e+07   2.80999e+07  1655527    1.02%
 107449 75322   2.80999e+07    49   2.83886e+07   2.80999e+07  1655528    1.02%
 107450 75323   2.80999e+07    49   2.83886e+07   2.80999e+07  1655529    1.02%
 107451 75324   2.80999e+07    42   2.83886e+07   2.80999e+07  1655533    1.02%
 107452 75325   2.80999e+07    40   2.83886e+07   2.80999e+07  1655535    1.02%
 107453 75326   2.80999e+07    45   2.83886e+07   2.80999e+07  1655536    1.02%
Elapsed time = 64.73 sec. (96664.47 ticks, tree = 233.74 MB, solutions = 31)
 111938 78782   2.80999e+07    30   2.83886e+07   2.80999e+07  1720268    1.02%
 111939 78783   2.80999e+07    31   2.83886e+07   2.80999e+07  1720269    1.02%
 111940 78784   2.80999e+07    32   2.83886e+07   2.80999e+07  1720276    1.02%
 111941 78785   2.80999e+07    28   2.83886e+07   2.80999e+07  1720277    1.02%
 111942 78786   2.80999e+07    31   2.83886e+07   2.80999e+07  1720279    1.02%
 111943 78787   2.80999e+07    30   2.83886e+07   2.80999e+07  1720282    1.02%
 111944 78788   2.80999e+07    28   2.83886e+07   2.80999e+07  1720284    1.02%
 111945 78789   2.80999e+07    29   2.83886e+07   2.80999e+07  1720288    1.02%
 111946 78790   2.80999e+07    31   2.83886e+07   2.80999e+07  1720289    1.02%
 111947 78791   2.80999e+07    29   2.83886e+07   2.80999e+07  1720290    1.02%
Elapsed time = 67.30 sec. (100481.98 ticks, tree = 246.39 MB, solutions = 31)
 116567 82380   2.80999e+07    33   2.83886e+07   2.80999e+07  1782921    1.02%
 116568 82381   2.80999e+07    33   2.83886e+07   2.80999e+07  1782922    1.02%
 116569 82382   2.80999e+07    33   2.83886e+07   2.80999e+07  1782923    1.02%
 116570 82383   2.80999e+07    34   2.83886e+07   2.80999e+07  1782926    1.02%
 116571 82384   2.80999e+07    32   2.83886e+07   2.80999e+07  1782927    1.02%
 116572 82385   2.80999e+07    32   2.83886e+07   2.80999e+07  1782932    1.02%
 116573 82386   2.80999e+07    32   2.83886e+07   2.80999e+07  1782943    1.02%
 116574 82387   2.80999e+07    40   2.83886e+07   2.80999e+07  1782951    1.02%
 116575 82388   2.80999e+07    40   2.83886e+07   2.80999e+07  1782952    1.02%
 116576 82389   2.80999e+07    37   2.83886e+07   2.80999e+07  1782956    1.02%
Elapsed time = 69.82 sec. (104302.52 ticks, tree = 258.24 MB, solutions = 31)
 120999 85779   2.80999e+07    35   2.83886e+07   2.80999e+07  1845816    1.02%
 121000 85780   2.80999e+07    33   2.83886e+07   2.80999e+07  1845821    1.02%
 121001 85781   2.80999e+07    33   2.83886e+07   2.80999e+07  1845825    1.02%
 121002 85782   2.80999e+07    36   2.83886e+07   2.80999e+07  1845840    1.02%
 121003 85783   2.80999e+07    32   2.83886e+07   2.80999e+07  1845844    1.02%
 121004 85784   2.80999e+07    35   2.83886e+07   2.80999e+07  1845865    1.02%
 121005 85785   2.80999e+07    36   2.83886e+07   2.80999e+07  1845876    1.02%
 121006 85786   2.80999e+07    41   2.83886e+07   2.80999e+07  1845892    1.02%
 121007 85787   2.80999e+07    38   2.83886e+07   2.80999e+07  1845894    1.02%
 121008 85788   2.80999e+07    43   2.83886e+07   2.80999e+07  1845925    1.02%
Elapsed time = 72.35 sec. (108123.38 ticks, tree = 274.68 MB, solutions = 31)
 125533 89320   2.81396e+07    39   2.83886e+07   2.80999e+07  1909923    1.02%
 125534 89321   2.81398e+07    34   2.83886e+07   2.80999e+07  1909926    1.02%
 125535 89322   2.81399e+07    34   2.83886e+07   2.80999e+07  1909931    1.02%
 125536 89323   2.81402e+07    33   2.83886e+07   2.80999e+07  1909941    1.02%
 125537 89324   2.81405e+07    36   2.83886e+07   2.80999e+07  1909946    1.02%
 125538 89325   2.81408e+07    35   2.83886e+07   2.80999e+07  1909950    1.02%
 125539 89326   2.81408e+07    34   2.83886e+07   2.80999e+07  1909951    1.02%
 125540 89327   2.81417e+07    29   2.83886e+07   2.80999e+07  1909955    1.02%
 125541 89328   2.81424e+07    29   2.83886e+07   2.80999e+07  1909958    1.02%
 125542 89329   2.81435e+07    35   2.83886e+07   2.80999e+07  1909962    1.02%
Elapsed time = 75.01 sec. (111941.25 ticks, tree = 290.33 MB, solutions = 31)
 129457 92033   2.82079e+07    32   2.83886e+07   2.80999e+07  1977768    1.02%
 129458 92032        cutoff         2.83886e+07   2.80999e+07  1977782    1.02%
 129459 92031        cutoff         2.83886e+07   2.80999e+07  1977793    1.02%
 129460 92032   2.80999e+07    35   2.83886e+07   2.80999e+07  1977858    1.02%
 129461 92033   2.80999e+07    34   2.83886e+07   2.80999e+07  1977875    1.02%
 129462 92034   2.81272e+07    32   2.83886e+07   2.80999e+07  1977888    1.02%
 129463 92034   2.81554e+07    29   2.83886e+07   2.80999e+07  1977900    1.02%
 129464 92034   2.81605e+07    29   2.83886e+07   2.80999e+07  1977904    1.02%
 129465 92035   2.82075e+07    27   2.83886e+07   2.80999e+07  1977907    1.02%
 129466 92034        cutoff         2.83886e+07   2.80999e+07  1977911    1.02%
Elapsed time = 77.66 sec. (115771.11 ticks, tree = 295.88 MB, solutions = 31)
 133183 94575   2.81161e+07    39   2.83886e+07   2.80999e+07  2040669    1.02%
 133184 94576   2.81161e+07    39   2.83886e+07   2.80999e+07  2040670    1.02%
 133185 94577   2.81162e+07    39   2.83886e+07   2.80999e+07  2040671    1.02%
 133186 94578   2.81165e+07    36   2.83886e+07   2.80999e+07  2040674    1.02%
 133187 94579   2.81192e+07    36   2.83886e+07   2.80999e+07  2040675    1.02%
 133188 94580   2.81214e+07    37   2.83886e+07   2.80999e+07  2040676    1.02%
 133189 94581   2.81246e+07    37   2.83886e+07   2.80999e+07  2040677    1.02%
 133190 94581   2.82698e+07    38   2.83886e+07   2.80999e+07  2040701    1.02%
 133191 94582   2.82879e+07    35   2.83886e+07   2.80999e+07  2040703    1.02%
 133192 94581        cutoff         2.83886e+07   2.80999e+07  2040706    1.02%
Elapsed time = 80.30 sec. (119588.81 ticks, tree = 310.38 MB, solutions = 31)
 137809 97763   2.80999e+07    39   2.83886e+07   2.80999e+07  2106759    1.02%
 137810 97764   2.80999e+07    39   2.83886e+07   2.80999e+07  2106766    1.02%
 137811 97765   2.80999e+07    39   2.83886e+07   2.80999e+07  2106767    1.02%
 137812 97766   2.80999e+07    39   2.83886e+07   2.80999e+07  2106768    1.02%
 137813 97767   2.80999e+07    39   2.83886e+07   2.80999e+07  2106769    1.02%
 137814 97768   2.80999e+07    37   2.83886e+07   2.80999e+07  2106771    1.02%
 137815 97769   2.80999e+07    37   2.83886e+07   2.80999e+07  2106772    1.02%
 137816 97770   2.80999e+07    37   2.83886e+07   2.80999e+07  2106776    1.02%
 137817 97771   2.81325e+07    37   2.83886e+07   2.80999e+07  2106794    1.02%
 137818 97772   2.81332e+07    36   2.83886e+07   2.80999e+07  2106795    1.02%
Elapsed time = 82.86 sec. (123406.05 ticks, tree = 328.60 MB, solutions = 31)
 142210 100723   2.81897e+07    25   2.83886e+07   2.80999e+07  2171969    1.02%
 142211 100724   2.81912e+07    25   2.83886e+07   2.80999e+07  2171970    1.02%
 142212 100724   2.82704e+07    30   2.83886e+07   2.80999e+07  2171979    1.02%
 142213 100725   2.82741e+07    24   2.83886e+07   2.80999e+07  2171982    1.02%
 142214 100725   2.82753e+07    24   2.83886e+07   2.80999e+07  2171983    1.02%
 142215 100725   2.82756e+07    26   2.83886e+07   2.80999e+07  2171984    1.02%
 142216 100726   2.82756e+07    26   2.83886e+07   2.80999e+07  2171985    1.02%
 142217 100727   2.82870e+07    28   2.83886e+07   2.80999e+07  2171987    1.02%
 142218 100728   2.83723e+07    27   2.83886e+07   2.80999e+07  2172004    1.02%
 142219 100728   2.83729e+07    26   2.83886e+07   2.80999e+07  2172005    1.02%
Elapsed time = 85.47 sec. (127225.03 ticks, tree = 345.36 MB, solutions = 31)
 146851 103970    infeasible         2.83886e+07   2.80999e+07  2236774    1.02%
 146852 103971   2.83611e+07    29   2.83886e+07   2.80999e+07  2236797    1.02%
 146853 103970        cutoff         2.83886e+07   2.80999e+07  2236811    1.02%
 146854 103969        cutoff         2.83886e+07   2.80999e+07  2236812    1.02%
 146855 103968        cutoff         2.83886e+07   2.80999e+07  2236814    1.02%
 146856 103969   2.80999e+07    42   2.83886e+07   2.80999e+07  2236992    1.02%
 146857 103970   2.80999e+07    42   2.83886e+07   2.80999e+07  2236999    1.02%
 146858 103971   2.80999e+07    45   2.83886e+07   2.80999e+07  2237007    1.02%
 146859 103972   2.80999e+07    43   2.83886e+07   2.80999e+07  2237014    1.02%
 146860 103973   2.80999e+07    42   2.83886e+07   2.80999e+07  2237018    1.02%
Elapsed time = 88.02 sec. (131052.62 ticks, tree = 363.74 MB, solutions = 31)
 150473 106650   2.81716e+07    47   2.83886e+07   2.80999e+07  2296996    1.02%
 150474 106651   2.81725e+07    48   2.83886e+07   2.80999e+07  2296998    1.02%
 150475 106652   2.81730e+07    48   2.83886e+07   2.80999e+07  2296999    1.02%
 150476 106653   2.81730e+07    46   2.83886e+07   2.80999e+07  2297001    1.02%
 150477 106654   2.81817e+07    39   2.83886e+07   2.80999e+07  2297009    1.02%
 150478 106655   2.81916e+07    41   2.83886e+07   2.80999e+07  2297012    1.02%
 150479 106656   2.81916e+07    40   2.83886e+07   2.80999e+07  2297014    1.02%
 150480 106657   2.81987e+07    40   2.83886e+07   2.80999e+07  2297016    1.02%
 150481 106658   2.82031e+07    38   2.83886e+07   2.80999e+07  2297019    1.02%
 150482 106659   2.82032e+07    37   2.83886e+07   2.80999e+07  2297020    1.02%
Elapsed time = 90.64 sec. (134870.48 ticks, tree = 378.81 MB, solutions = 31)
 153399 108894   2.80999e+07    35   2.83886e+07   2.80999e+07  2335289    1.02%
 153400 108895   2.80999e+07    33   2.83886e+07   2.80999e+07  2335292    1.02%
 153401 108896   2.80999e+07    30   2.83886e+07   2.80999e+07  2335297    1.02%
 153402 108897   2.80999e+07    29   2.83886e+07   2.80999e+07  2335298    1.02%
 153403 108898   2.80999e+07    34   2.83886e+07   2.80999e+07  2335312    1.02%
 153404 108899   2.80999e+07    34   2.83886e+07   2.80999e+07  2335323    1.02%
 153405 108900   2.80999e+07    30   2.83886e+07   2.80999e+07  2335327    1.02%
 153406 108901   2.80999e+07    33   2.83886e+07   2.80999e+07  2335332    1.02%
 153407 108902   2.81001e+07    33   2.83886e+07   2.80999e+07  2335336    1.02%
 153408 108903   2.81001e+07    33   2.83886e+07   2.80999e+07  2335337    1.02%
Elapsed time = 93.45 sec. (138763.99 ticks, tree = 391.49 MB, solutions = 31)
 155299 110407   2.80999e+07    34   2.83886e+07   2.80999e+07  2357316    1.02%
 155300 110408   2.80999e+07    31   2.83886e+07   2.80999e+07  2357327    1.02%
 155301 110409   2.80999e+07    30   2.83886e+07   2.80999e+07  2357328    1.02%
 155302 110410   2.80999e+07    32   2.83886e+07   2.80999e+07  2357359    1.02%
 155303 110411   2.80999e+07    31   2.83886e+07   2.80999e+07  2357364    1.02%
 155304 110412   2.80999e+07    34   2.83886e+07   2.80999e+07  2357375    1.02%
 155305 110413   2.80999e+07    33   2.83886e+07   2.80999e+07  2357381    1.02%
 155306 110414   2.80999e+07    33   2.83886e+07   2.80999e+07  2357384    1.02%
 155307 110415   2.80999e+07    35   2.83886e+07   2.80999e+07  2357392    1.02%
 155308 110416   2.80999e+07    35   2.83886e+07   2.80999e+07  2357393    1.02%
Elapsed time = 96.54 sec. (142678.10 ticks, tree = 400.00 MB, solutions = 31)
 159754 113980        cutoff         2.83886e+07   2.80999e+07  2412004    1.02%
 159755 113979    infeasible         2.83886e+07   2.80999e+07  2412004    1.02%
 159756 113980   2.80999e+07    44   2.83886e+07   2.80999e+07  2412079    1.02%
 159757 113980   2.81838e+07    35   2.83886e+07   2.80999e+07  2412204    1.02%
 159758 113979        cutoff         2.83886e+07   2.80999e+07  2412206    1.02%
 159759 113980   2.81013e+07    40   2.83886e+07   2.80999e+07  2412291    1.02%
 159760 113981   2.81721e+07    35   2.83886e+07   2.80999e+07  2412300    1.02%
 159761 113982   2.82990e+07    30   2.83886e+07   2.80999e+07  2412320    1.02%
 159762 113981        cutoff         2.83886e+07   2.80999e+07  2412321    1.02%
 159763 113980        cutoff         2.83886e+07   2.80999e+07  2412328    1.02%
Elapsed time = 99.12 sec. (146510.05 ticks, tree = 420.07 MB, solutions = 31)

Cover cuts applied:  350
Mixed integer rounding cuts applied:  6
Gomory fractional cuts applied:  10

Root node processing (before b&c):
  Real time             =    0.04 sec. (44.83 ticks)
Sequential b&c:
  Real time             =   99.96 sec. (147746.78 ticks)
                          ------------
Total (root+branch&cut) =  100.00 sec. (147791.61 ticks)

Solution pool: 31 solutions saved.

MIP - Time limit exceeded, integer feasible:  Objective =  2.8388568000e+07
Current MIP best bound =  2.8099855000e+07 (gap = 288713, 1.02%)
Solution time =  100.00 sec.  Iterations = 2430601  Nodes = 161456 (115239)
Deterministic time = 147791.61 ticks  (1477.91 ticks/sec)


Incumbent solution written to file '/tmp/tmpsVJhX3.cplex.sol'.
