
Log started (V12.6.3.0) Sat Apr 21 11:49:57 2018

New value for default parallel thread count: 1

Problem '/tmp/tmpDyuKnZ.pyomo.lp' read.
Read time = 0.01 sec. (0.43 ticks)

Problem name         : /tmp/tmpDyuKnZ.pyomo.lp
Objective sense      : Minimize
Variables            :     794  [Nneg: 1,  Binary: 780,  General Integer: 13]
Objective nonzeros   :       1
Linear constraints   :     157  [Less: 77,  Equal: 80]
  Nonzeros           :   30291
  RHS nonzeros       :     131

Variables            : Min LB: 0.000000         Max UB: 1.000000       
Objective nonzeros   : Min   : 1.000000         Max   : 1.000000       
Linear constraints   :
  Nonzeros           : Min   : 1.000000         Max   : 8298339.       
  RHS nonzeros       : Min   : 1.000000         Max   : 7.000000       
Tried aggregator 2 times.
MIP Presolve eliminated 73 rows and 162 columns.
Aggregator did 1 substitutions.
Reduced MIP has 83 rows, 631 columns, and 1621 nonzeros.
Reduced MIP has 620 binaries, 11 generals, 0 SOSs, and 0 indicators.
Presolve time = 0.01 sec. (5.74 ticks)
Found incumbent of value 1.1005468e+08 after 0.01 sec. (6.63 ticks)
Probing time = 0.00 sec. (1.75 ticks)
Cover probing fixed 0 vars, tightened 21 bounds.
Tried aggregator 2 times.
Aggregator did 10 substitutions.
Reduced MIP has 73 rows, 621 columns, and 1601 nonzeros.
Reduced MIP has 620 binaries, 1 generals, 0 SOSs, and 0 indicators.
Presolve time = 0.00 sec. (1.57 ticks)
Probing time = 0.00 sec. (0.93 ticks)
Cover probing fixed 0 vars, tightened 6 bounds.
Clique table members: 62.
MIP emphasis: balance optimality and feasibility.
MIP search method: dynamic search.
Parallel mode: none, using 1 thread.
Root relaxation solution time = 0.00 sec. (0.53 ticks)

        Nodes                                         Cuts/
   Node  Left     Objective  IInf  Best Integer    Best Bound    ItCnt     Gap

*     0+    0                       1.10055e+08        0.0000           100.00%
      0     0   2.80999e+07    16   1.10055e+08   2.80999e+07       19   74.47%
*     0+    0                       3.59836e+07   2.80999e+07            21.91%
      0     0   2.80999e+07    26   3.59836e+07      Fract: 8       35   21.91%
*     0+    0                       3.41294e+07   2.80999e+07            17.67%
      0     0   2.80999e+07    26   3.41294e+07       Cuts: 5       57   17.67%
*     0+    0                       3.14813e+07   2.80999e+07            10.74%
*     0+    0                       3.01373e+07   2.80999e+07             6.76%
      0     2   2.80999e+07    18   3.01373e+07   2.80999e+07       57    6.76%
Elapsed time = 0.04 sec. (39.27 ticks, tree = 0.01 MB, solutions = 4)
*    20+   20                       3.00662e+07   2.80999e+07             6.54%
*    60+   60                       2.99782e+07   2.80999e+07             6.27%
*    80+   80                       2.95294e+07   2.80999e+07             4.84%
*   110+  104                       2.92061e+07   2.80999e+07             3.79%
*   120+  110                       2.90763e+07   2.80999e+07             3.36%
*   120+  110                       2.90060e+07   2.80999e+07             3.12%
*   790+  552                       2.87981e+07   2.80999e+07             2.42%
   1001   653   2.80999e+07    18   2.87981e+07   2.80999e+07     8907    2.42%
   1002   654   2.80999e+07    19   2.87981e+07   2.80999e+07     8918    2.42%
   1003   655   2.80999e+07    19   2.87981e+07   2.80999e+07     8925    2.42%
   1004   656   2.80999e+07    23   2.87981e+07   2.80999e+07     8943    2.42%
   1005   657   2.80999e+07    20   2.87981e+07   2.80999e+07     8946    2.42%
   1006   658   2.80999e+07    21   2.87981e+07   2.80999e+07     8950    2.42%
   1007   659   2.80999e+07    19   2.87981e+07   2.80999e+07     8961    2.42%
   1008   660   2.80999e+07    17   2.87981e+07   2.80999e+07     8964    2.42%
   1009   661   2.80999e+07    20   2.87981e+07   2.80999e+07     8970    2.42%
*  1320+  863                       2.85184e+07   2.80999e+07             1.47%
*  1340+  794                       2.84758e+07   2.80999e+07             1.32%
*  1497+  581                       2.84512e+07   2.80999e+07             1.24%
*  1597+  424                       2.83020e+07   2.80999e+07             0.71%
*  1597+  311                       2.82482e+07   2.80999e+07             0.53%
   2097   440   2.80999e+07    18   2.82482e+07   2.80999e+07    17306    0.53%
Elapsed time = 0.90 sec. (1020.37 ticks, tree = 0.20 MB, solutions = 16)
*  2497+  767                       2.82443e+07   2.80999e+07             0.51%
*  2497+  766                       2.82053e+07   2.80999e+07             0.37%
   5307  3064   2.80999e+07    15   2.82053e+07   2.80999e+07    30861    0.37%
   5308  3065   2.80999e+07    17   2.82053e+07   2.80999e+07    30865    0.37%
   5309  3066   2.80999e+07    17   2.82053e+07   2.80999e+07    30866    0.37%
   5310  3067   2.80999e+07    16   2.82053e+07   2.80999e+07    30869    0.37%
   5311  3068   2.80999e+07    16   2.82053e+07   2.80999e+07    30871    0.37%
   5312  3069   2.80999e+07    17   2.82053e+07   2.80999e+07    30872    0.37%
   5313  3070   2.80999e+07    16   2.82053e+07   2.80999e+07    30883    0.37%
   5314  3071   2.80999e+07    16   2.82053e+07   2.80999e+07    30893    0.37%
   5315  3072   2.80999e+07    15   2.82053e+07   2.80999e+07    30904    0.37%
   5316  3073   2.80999e+07    15   2.82053e+07   2.80999e+07    30905    0.37%
Elapsed time = 1.73 sec. (1974.96 ticks, tree = 1.47 MB, solutions = 18)
  10436  6019   2.82044e+07    15   2.82053e+07   2.80999e+07    63603    0.37%
  10437  6020   2.82044e+07    15   2.82053e+07   2.80999e+07    63604    0.37%
  10438  6021   2.82044e+07    15   2.82053e+07   2.80999e+07    63608    0.37%
  10439  6022   2.82044e+07    13   2.82053e+07   2.80999e+07    63612    0.37%
  10440  6023   2.82044e+07    15   2.82053e+07   2.80999e+07    63617    0.37%
  10441  6024   2.82044e+07    14   2.82053e+07   2.80999e+07    63622    0.37%
  10442  6025   2.82044e+07    14   2.82053e+07   2.80999e+07    63626    0.37%
  10443  6026   2.82044e+07    14   2.82053e+07   2.80999e+07    63630    0.37%
  10444  6027   2.82044e+07    15   2.82053e+07   2.80999e+07    63633    0.37%
  10445  6028   2.82044e+07    17   2.82053e+07   2.80999e+07    63641    0.37%
Elapsed time = 2.53 sec. (2929.76 ticks, tree = 2.86 MB, solutions = 18)
  13922  7724        cutoff         2.82053e+07   2.80999e+07    89060    0.37%
  13923  7723        cutoff         2.82053e+07   2.80999e+07    89066    0.37%
  13924  7722        cutoff         2.82053e+07   2.80999e+07    89073    0.37%
  13925  7721        cutoff         2.82053e+07   2.80999e+07    89076    0.37%
  13926  7720        cutoff         2.82053e+07   2.80999e+07    89086    0.37%
  13927  7719        cutoff         2.82053e+07   2.80999e+07    89097    0.37%
  13928  7719   2.80999e+07    16   2.82053e+07   2.80999e+07    89105    0.37%
  13929  7720   2.80999e+07    15   2.82053e+07   2.80999e+07    89107    0.37%
  13930  7721   2.80999e+07    15   2.82053e+07   2.80999e+07    89109    0.37%
  13931  7722   2.80999e+07    17   2.82053e+07   2.80999e+07    89113    0.37%
Elapsed time = 3.37 sec. (3886.32 ticks, tree = 3.62 MB, solutions = 18)
  19521 11293   2.80999e+07    19   2.82053e+07   2.80999e+07   123212    0.37%
  19522 11294   2.80999e+07    18   2.82053e+07   2.80999e+07   123215    0.37%
  19523 11295   2.80999e+07    15   2.82053e+07   2.80999e+07   123221    0.37%
  19524 11296   2.80999e+07    17   2.82053e+07   2.80999e+07   123224    0.37%
  19525 11297   2.80999e+07    15   2.82053e+07   2.80999e+07   123232    0.37%
  19526 11298   2.80999e+07    15   2.82053e+07   2.80999e+07   123233    0.37%
  19527 11299   2.80999e+07    16   2.82053e+07   2.80999e+07   123245    0.37%
  19528 11299   2.80999e+07    14   2.82053e+07   2.80999e+07   123260    0.37%
  19529 11300   2.80999e+07    15   2.82053e+07   2.80999e+07   123273    0.37%
  19530 11299        cutoff         2.82053e+07   2.80999e+07   123277    0.37%
Elapsed time = 4.16 sec. (4842.37 ticks, tree = 5.45 MB, solutions = 18)
  24379 14313   2.80999e+07    17   2.82053e+07   2.80999e+07   155434    0.37%
  24380 14314   2.80999e+07    17   2.82053e+07   2.80999e+07   155435    0.37%
  24381 14313        cutoff         2.82053e+07   2.80999e+07   155447    0.37%
  24382 14314   2.80999e+07    17   2.82053e+07   2.80999e+07   155448    0.37%
  24383 14313        cutoff         2.82053e+07   2.80999e+07   155463    0.37%
  24384 14312        cutoff         2.82053e+07   2.80999e+07   155479    0.37%
  24385 14313   2.80999e+07    15   2.82053e+07   2.80999e+07   155483    0.37%
  24386 14314   2.80999e+07    16   2.82053e+07   2.80999e+07   155487    0.37%
  24387 14315   2.80999e+07    17   2.82053e+07   2.80999e+07   155488    0.37%
  24388 14316   2.80999e+07    17   2.82053e+07   2.80999e+07   155489    0.37%
Elapsed time = 4.99 sec. (5797.24 ticks, tree = 6.86 MB, solutions = 18)
  28783 16586   2.80999e+07    18   2.82053e+07   2.80999e+07   187649    0.37%
  28784 16587   2.80999e+07    18   2.82053e+07   2.80999e+07   187651    0.37%
  28785 16588   2.80999e+07    17   2.82053e+07   2.80999e+07   187664    0.37%
  28786 16589   2.80999e+07    18   2.82053e+07   2.80999e+07   187667    0.37%
  28787 16588        cutoff         2.82053e+07   2.80999e+07   187671    0.37%
  28788 16589   2.80999e+07    16   2.82053e+07   2.80999e+07   187675    0.37%
  28789 16590   2.80999e+07    17   2.82053e+07   2.80999e+07   187678    0.37%
  28790 16589        cutoff         2.82053e+07   2.80999e+07   187689    0.37%
  28791 16590   2.80999e+07    17   2.82053e+07   2.80999e+07   187692    0.37%
  28792 16591   2.80999e+07    16   2.82053e+07   2.80999e+07   187711    0.37%
Elapsed time = 5.81 sec. (6753.02 ticks, tree = 8.38 MB, solutions = 18)
  33352 19074   2.81388e+07    18   2.82053e+07   2.80999e+07   222001    0.37%
  33353 19074   2.81395e+07    18   2.82053e+07   2.80999e+07   222002    0.37%
  33354 19075   2.81395e+07    18   2.82053e+07   2.80999e+07   222003    0.37%
  33355 19075   2.81395e+07    19   2.82053e+07   2.80999e+07   222007    0.37%
  33356 19075   2.81395e+07    19   2.82053e+07   2.80999e+07   222008    0.37%
  33357 19076   2.81395e+07    19   2.82053e+07   2.80999e+07   222009    0.37%
  33358 19077   2.81395e+07    19   2.82053e+07   2.80999e+07   222011    0.37%
  33359 19078   2.81395e+07    20   2.82053e+07   2.80999e+07   222012    0.37%
  33360 19078   2.81395e+07    18   2.82053e+07   2.80999e+07   222016    0.37%
  33361 19077        cutoff         2.82053e+07   2.80999e+07   222018    0.37%
Elapsed time = 6.58 sec. (7707.70 ticks, tree = 9.50 MB, solutions = 18)
* 34843 19877      integral     0   2.81978e+07   2.80999e+07   233806    0.35%
* 35058 20028      integral     0   2.81840e+07   2.80999e+07   235247    0.30%
  37288 21207   2.80999e+07    15   2.81840e+07   2.80999e+07   254557    0.30%
  37289 21206        cutoff         2.81840e+07   2.80999e+07   254593    0.30%
  37290 21205    infeasible         2.81840e+07   2.80999e+07   254597    0.30%
  37291 21204        cutoff         2.81840e+07   2.80999e+07   254621    0.30%
  37292 21203        cutoff         2.81840e+07   2.80999e+07   254626    0.30%
  37293 21203   2.80999e+07    17   2.81840e+07   2.80999e+07   254639    0.30%
  37294 21204   2.80999e+07    18   2.81840e+07   2.80999e+07   254653    0.30%
  37295 21205   2.80999e+07    15   2.81840e+07   2.80999e+07   254683    0.30%
  37296 21206   2.80999e+07    15   2.81840e+07   2.80999e+07   254690    0.30%
  37297 21207   2.81026e+07    17   2.81840e+07   2.80999e+07   254729    0.30%
Elapsed time = 7.34 sec. (8665.04 ticks, tree = 10.48 MB, solutions = 20)
  40608 23017   2.80999e+07    19   2.81840e+07   2.80999e+07   287132    0.30%
  40609 23018   2.80999e+07    17   2.81840e+07   2.80999e+07   287135    0.30%
  40610 23019   2.80999e+07    16   2.81840e+07   2.80999e+07   287136    0.30%
  40611 23020   2.80999e+07    16   2.81840e+07   2.80999e+07   287143    0.30%
  40612 23021   2.80999e+07    16   2.81840e+07   2.80999e+07   287146    0.30%
  40613 23022   2.80999e+07    16   2.81840e+07   2.80999e+07   287147    0.30%
  40614 23023   2.80999e+07    17   2.81840e+07   2.80999e+07   287150    0.30%
  40615 23024   2.80999e+07    17   2.81840e+07   2.80999e+07   287154    0.30%
  40616 23025   2.80999e+07    19   2.81840e+07   2.80999e+07   287159    0.30%
  51053 29141   2.80999e+07    15   2.81840e+07   2.80999e+07   390153    0.30%
Elapsed time = 10.29 sec. (12479.80 ticks, tree = 14.11 MB, solutions = 20)
* 52572 29464      integral     0   2.81599e+07   2.80999e+07   405231    0.21%
  62614 34946   2.81514e+07    23   2.81599e+07   2.80999e+07   513053    0.21%
  62615 34946   2.81529e+07    23   2.81599e+07   2.80999e+07   513054    0.21%
  62616 34946   2.81529e+07    23   2.81599e+07   2.80999e+07   513055    0.21%
  62617 34945        cutoff         2.81599e+07   2.80999e+07   513057    0.21%
  62618 34944        cutoff         2.81599e+07   2.80999e+07   513064    0.21%
  62619 34945   2.80999e+07    15   2.81599e+07   2.80999e+07   513070    0.21%
  62620 34946   2.80999e+07    15   2.81599e+07   2.80999e+07   513077    0.21%
  62621 34947   2.80999e+07    15   2.81599e+07   2.80999e+07   513081    0.21%
  62622 34948   2.80999e+07    17   2.81599e+07   2.80999e+07   513082    0.21%
  62623 34949   2.80999e+07    18   2.81599e+07   2.80999e+07   513090    0.21%
Elapsed time = 13.28 sec. (16295.99 ticks, tree = 17.77 MB, solutions = 21)
  75478 43545   2.80999e+07    17   2.81599e+07   2.80999e+07   631649    0.21%
  75479 43546   2.80999e+07    14   2.81599e+07   2.80999e+07   631652    0.21%
  75480 43547   2.80999e+07    17   2.81599e+07   2.80999e+07   631660    0.21%
  75481 43548   2.80999e+07    20   2.81599e+07   2.80999e+07   631662    0.21%
  75482 43549   2.80999e+07    19   2.81599e+07   2.80999e+07   631666    0.21%
  75483 43550   2.80999e+07    19   2.81599e+07   2.80999e+07   631667    0.21%
  75484 43551   2.80999e+07    18   2.81599e+07   2.80999e+07   631670    0.21%
  75485 43552   2.80999e+07    15   2.81599e+07   2.80999e+07   631678    0.21%
  75486 43553   2.80999e+07    17   2.81599e+07   2.80999e+07   631688    0.21%
  75487 43554   2.80999e+07    19   2.81599e+07   2.80999e+07   631694    0.21%
Elapsed time = 16.16 sec. (20113.75 ticks, tree = 22.03 MB, solutions = 21)
* 84797+49518                       2.81491e+07   2.80999e+07             0.17%
  85737 50019   2.80999e+07    18   2.81491e+07   2.80999e+07   754898    0.17%
  85738 50020   2.80999e+07    16   2.81491e+07   2.80999e+07   754905    0.17%
  85739 50021   2.80999e+07    16   2.81491e+07   2.80999e+07   754917    0.17%
  85740 50022   2.80999e+07    16   2.81491e+07   2.80999e+07   754927    0.17%
  85741 50023   2.80999e+07    16   2.81491e+07   2.80999e+07   754929    0.17%
  85742 50024   2.80999e+07    16   2.81491e+07   2.80999e+07   754945    0.17%
  85743 50025   2.80999e+07    18   2.81491e+07   2.80999e+07   754958    0.17%
  85744 50026   2.80999e+07    16   2.81491e+07   2.80999e+07   754959    0.17%
  85745 50027   2.80999e+07    16   2.81491e+07   2.80999e+07   754960    0.17%
  85746 50028   2.80999e+07    16   2.81491e+07   2.80999e+07   754973    0.17%
Elapsed time = 19.04 sec. (23930.09 ticks, tree = 25.14 MB, solutions = 22)
* 87797+51040                       2.81457e+07   2.80999e+07             0.16%
* 88097+51065                       2.81420e+07   2.80999e+07             0.15%
  92674 52845   2.80999e+07    20   2.81420e+07   2.80999e+07   908186    0.15%
  92675 52846   2.80999e+07    19   2.81420e+07   2.80999e+07   908248    0.15%
  92676 52847   2.80999e+07    19   2.81420e+07   2.80999e+07   908263    0.15%
  92677 52846        cutoff         2.81420e+07   2.80999e+07   908277    0.15%
  92678 52845        cutoff         2.81420e+07   2.80999e+07   908285    0.15%
  92679 52844        cutoff         2.81420e+07   2.80999e+07   908292    0.15%
  92680 52843        cutoff         2.81420e+07   2.80999e+07   908306    0.15%
  92681 52844   2.80999e+07    16   2.81420e+07   2.80999e+07   908329    0.15%
  92682 52845   2.80999e+07    21   2.81420e+07   2.80999e+07   908346    0.15%
  92683 52844        cutoff         2.81420e+07   2.80999e+07   908348    0.15%
Elapsed time = 22.10 sec. (27750.47 ticks, tree = 26.56 MB, solutions = 24)
* 99150 56308      integral     0   2.81326e+07   2.80999e+07   987478    0.12%
 102396 58587   2.80999e+07    20   2.81326e+07   2.80999e+07  1025497    0.12%
 102397 58586        cutoff         2.81326e+07   2.80999e+07  1025523    0.12%
 102398 58585        cutoff         2.81326e+07   2.80999e+07  1025547    0.12%
 102399 58586   2.80999e+07    14   2.81326e+07   2.80999e+07  1025552    0.12%
 102400 58587   2.80999e+07    14   2.81326e+07   2.80999e+07  1025558    0.12%
 102401 58588   2.80999e+07    18   2.81326e+07   2.80999e+07  1025565    0.12%
 102402 58589   2.80999e+07    17   2.81326e+07   2.80999e+07  1025569    0.12%
 102403 58590   2.80999e+07    17   2.81326e+07   2.80999e+07  1025571    0.12%
 102404 58591   2.80999e+07    16   2.81326e+07   2.80999e+07  1025574    0.12%
 102405 58592   2.80999e+07    18   2.81326e+07   2.80999e+07  1025581    0.12%
Elapsed time = 25.01 sec. (31567.57 ticks, tree = 29.39 MB, solutions = 25)
 113017 64844   2.80999e+07    18   2.81326e+07   2.80999e+07  1142565    0.12%
 113018 64843        cutoff         2.81326e+07   2.80999e+07  1142575    0.12%
 113019 64842    infeasible         2.81326e+07   2.80999e+07  1142575    0.12%
 113020 64841        cutoff         2.81326e+07   2.80999e+07  1142590    0.12%
 113021 64840    infeasible         2.81326e+07   2.80999e+07  1142604    0.12%
 113022 64839    infeasible         2.81326e+07   2.80999e+07  1142620    0.12%
 113023 64838        cutoff         2.81326e+07   2.80999e+07  1142642    0.12%
 113024 64837        cutoff         2.81326e+07   2.80999e+07  1142657    0.12%
 113025 64836        cutoff         2.81326e+07   2.80999e+07  1142699    0.12%
 113026 64837   2.80999e+07    18   2.81326e+07   2.80999e+07  1142710    0.12%
Elapsed time = 27.92 sec. (35388.58 ticks, tree = 32.39 MB, solutions = 25)
 122673 70402    infeasible         2.81326e+07   2.80999e+07  1265583    0.12%
 122674 70403   2.80999e+07    17   2.81326e+07   2.80999e+07  1265587    0.12%
 122675 70402        cutoff         2.81326e+07   2.80999e+07  1265614    0.12%
 122676 70401    infeasible         2.81326e+07   2.80999e+07  1265614    0.12%
 122677 70400        cutoff         2.81326e+07   2.80999e+07  1265643    0.12%
 122678 70401   2.80999e+07    18   2.81326e+07   2.80999e+07  1265656    0.12%
 122679 70402   2.80999e+07    22   2.81326e+07   2.80999e+07  1265665    0.12%
 122680 70403   2.80999e+07    21   2.81326e+07   2.80999e+07  1265670    0.12%
 122681 70404   2.80999e+07    19   2.81326e+07   2.80999e+07  1265671    0.12%
 122682 70405   2.80999e+07    21   2.81326e+07   2.80999e+07  1265686    0.12%
Elapsed time = 30.78 sec. (39207.60 ticks, tree = 37.01 MB, solutions = 25)
 131995 75608   2.80999e+07    17   2.81326e+07   2.80999e+07  1386745    0.12%
 131996 75609   2.80999e+07    16   2.81326e+07   2.80999e+07  1386749    0.12%
 131997 75610   2.80999e+07    15   2.81326e+07   2.80999e+07  1386753    0.12%
 131998 75611   2.80999e+07    18   2.81326e+07   2.80999e+07  1386766    0.12%
 131999 75612   2.80999e+07    16   2.81326e+07   2.80999e+07  1386778    0.12%
 132000 75613   2.80999e+07    17   2.81326e+07   2.80999e+07  1386784    0.12%
 132001 75614   2.80999e+07    16   2.81326e+07   2.80999e+07  1386792    0.12%
 132002 75615   2.80999e+07    16   2.81326e+07   2.80999e+07  1386804    0.12%
 132003 75616   2.80999e+07    18   2.81326e+07   2.80999e+07  1386840    0.12%
 132004 75617   2.80999e+07    20   2.81326e+07   2.80999e+07  1386865    0.12%
Elapsed time = 33.66 sec. (43028.03 ticks, tree = 39.54 MB, solutions = 25)
 142636 82747   2.80999e+07    16   2.81326e+07   2.80999e+07  1509075    0.12%
 142637 82748   2.80999e+07    14   2.81326e+07   2.80999e+07  1509076    0.12%
 142638 82749   2.80999e+07    14   2.81326e+07   2.80999e+07  1509079    0.12%
 142639 82750   2.80999e+07    15   2.81326e+07   2.80999e+07  1509085    0.12%
 142640 82751   2.80999e+07    16   2.81326e+07   2.80999e+07  1509092    0.12%
 142641 82752   2.80999e+07    18   2.81326e+07   2.80999e+07  1509101    0.12%
 142642 82753   2.80999e+07    17   2.81326e+07   2.80999e+07  1509107    0.12%
 142643 82754   2.80999e+07    18   2.81326e+07   2.80999e+07  1509113    0.12%
 142644 82755   2.80999e+07    20   2.81326e+07   2.80999e+07  1509115    0.12%
 142645 82756   2.80999e+07    19   2.81326e+07   2.80999e+07  1509118    0.12%
Elapsed time = 36.54 sec. (46845.67 ticks, tree = 42.98 MB, solutions = 25)
 152522 88764   2.80999e+07    25   2.81326e+07   2.80999e+07  1622399    0.12%
 152523 88765   2.80999e+07    22   2.81326e+07   2.80999e+07  1622421    0.12%
 152524 88766   2.80999e+07    21   2.81326e+07   2.80999e+07  1622442    0.12%
 152525 88765        cutoff         2.81326e+07   2.80999e+07  1622506    0.12%
 152526 88766   2.80999e+07    22   2.81326e+07   2.80999e+07  1622529    0.12%
 152527 88767   2.80999e+07    21   2.81326e+07   2.80999e+07  1622541    0.12%
 152528 88768   2.80999e+07    22   2.81326e+07   2.80999e+07  1622547    0.12%
 152529 88769   2.80999e+07    20   2.81326e+07   2.80999e+07  1622566    0.12%
 152530 88770   2.80999e+07    28   2.81326e+07   2.80999e+07  1622584    0.12%
 152531 88771   2.80999e+07    25   2.81326e+07   2.80999e+07  1622593    0.12%
Elapsed time = 39.45 sec. (50666.53 ticks, tree = 45.93 MB, solutions = 25)
 162695 94055        cutoff         2.81326e+07   2.80999e+07  1730456    0.12%
 162696 94054        cutoff         2.81326e+07   2.80999e+07  1730484    0.12%
 162697 94053    infeasible         2.81326e+07   2.80999e+07  1730529    0.12%
 162698 94052        cutoff         2.81326e+07   2.80999e+07  1730540    0.12%
 162699 94051        cutoff         2.81326e+07   2.80999e+07  1730549    0.12%
 162700 94052   2.80999e+07    14   2.81326e+07   2.80999e+07  1730568    0.12%
 162701 94053   2.80999e+07    16   2.81326e+07   2.80999e+07  1730585    0.12%
 162702 94054   2.80999e+07    17   2.81326e+07   2.80999e+07  1730595    0.12%
 162703 94055   2.80999e+07    17   2.81326e+07   2.80999e+07  1730596    0.12%
 162704 94056   2.80999e+07    16   2.81326e+07   2.80999e+07  1730599    0.12%
Elapsed time = 42.38 sec. (54487.17 ticks, tree = 48.75 MB, solutions = 25)
*166802 95341      integral     0   2.81249e+07   2.80999e+07  1791413    0.09%
 171285 97242   2.80999e+07    15   2.81249e+07   2.80999e+07  1848875    0.09%
 171286 97243   2.80999e+07    14   2.81249e+07   2.80999e+07  1848892    0.09%
 171287 97244   2.80999e+07    14   2.81249e+07   2.80999e+07  1848906    0.09%
 171288 97245   2.80999e+07    14   2.81249e+07   2.80999e+07  1848922    0.09%
 171289 97246   2.80999e+07    14   2.81249e+07   2.80999e+07  1848923    0.09%
 171290 97247   2.80999e+07    14   2.81249e+07   2.80999e+07  1848960    0.09%
 171291 97248   2.80999e+07    14   2.81249e+07   2.80999e+07  1848976    0.09%
 171292 97249   2.80999e+07    13   2.81249e+07   2.80999e+07  1849008    0.09%
 171293 97250   2.80999e+07    13   2.81249e+07   2.80999e+07  1849014    0.09%
 171294 97251   2.80999e+07    13   2.81249e+07   2.80999e+07  1849056    0.09%
Elapsed time = 45.30 sec. (58305.39 ticks, tree = 50.21 MB, solutions = 26)
 180152 101767   2.81014e+07    13   2.81249e+07   2.80999e+07  1965985    0.09%
 180153 101768   2.81014e+07    13   2.81249e+07   2.80999e+07  1965986    0.09%
 180154 101769   2.81014e+07    13   2.81249e+07   2.80999e+07  1965990    0.09%
 180155 101770   2.81014e+07    13   2.81249e+07   2.80999e+07  1965992    0.09%
 180156 101771   2.81014e+07    12   2.81249e+07   2.80999e+07  1965993    0.09%
 180157 101770        cutoff         2.81249e+07   2.80999e+07  1966002    0.09%
 180158 101771   2.81023e+07    11   2.81249e+07   2.80999e+07  1966005    0.09%
 180159 101772   2.81023e+07    11   2.81249e+07   2.80999e+07  1966006    0.09%
 180160 101773   2.81023e+07    12   2.81249e+07   2.80999e+07  1966007    0.09%
 180161 101774   2.81023e+07    12   2.81249e+07   2.80999e+07  1966009    0.09%
Elapsed time = 48.55 sec. (62124.16 ticks, tree = 52.40 MB, solutions = 26)
 188966 105165   2.80999e+07    13   2.81249e+07   2.80999e+07  2075191    0.09%
 188967 105166   2.80999e+07    14   2.81249e+07   2.80999e+07  2075194    0.09%
 188968 105165        cutoff         2.81249e+07   2.80999e+07  2075220    0.09%
 188969 105166   2.80999e+07    14   2.81249e+07   2.80999e+07  2075227    0.09%
 188970 105165        cutoff         2.81249e+07   2.80999e+07  2075245    0.09%
 188971 105164        cutoff         2.81249e+07   2.80999e+07  2075251    0.09%
 188972 105163        cutoff         2.81249e+07   2.80999e+07  2075257    0.09%
 188973 105162        cutoff         2.81249e+07   2.80999e+07  2075283    0.09%
 188974 105161    infeasible         2.81249e+07   2.80999e+07  2075283    0.09%
 188975 105160        cutoff         2.81249e+07   2.80999e+07  2075294    0.09%
Elapsed time = 51.71 sec. (65942.10 ticks, tree = 54.16 MB, solutions = 26)
 197538 108927   2.80999e+07    17   2.81249e+07   2.80999e+07  2184435    0.09%
 197539 108928   2.80999e+07    17   2.81249e+07   2.80999e+07  2184452    0.09%
 197540 108929   2.80999e+07    16   2.81249e+07   2.80999e+07  2184460    0.09%
 197541 108928    infeasible         2.81249e+07   2.80999e+07  2184460    0.09%
 197542 108929   2.81237e+07    13   2.81249e+07   2.80999e+07  2184484    0.09%
 197543 108930   2.81237e+07    14   2.81249e+07   2.80999e+07  2184486    0.09%
 197544 108931   2.81237e+07    14   2.81249e+07   2.80999e+07  2184487    0.09%
 197545 108932   2.81237e+07    15   2.81249e+07   2.80999e+07  2184490    0.09%
 197546 108933   2.81237e+07    13   2.81249e+07   2.80999e+07  2184493    0.09%
 197547 108934   2.81237e+07    15   2.81249e+07   2.80999e+07  2184496    0.09%
Elapsed time = 54.84 sec. (69758.54 ticks, tree = 56.06 MB, solutions = 26)
 206623 114336   2.80999e+07    19   2.81249e+07   2.80999e+07  2305524    0.09%
 206624 114337   2.80999e+07    19   2.81249e+07   2.80999e+07  2305529    0.09%
 206625 114338   2.80999e+07    19   2.81249e+07   2.80999e+07  2305554    0.09%
 206626 114337        cutoff         2.81249e+07   2.80999e+07  2305564    0.09%
 206627 114336        cutoff         2.81249e+07   2.80999e+07  2305573    0.09%
 206628 114335    infeasible         2.81249e+07   2.80999e+07  2305577    0.09%
 206629 114336   2.80999e+07    19   2.81249e+07   2.80999e+07  2305590    0.09%
 206630 114337   2.80999e+07    21   2.81249e+07   2.80999e+07  2305598    0.09%
 206631 114338   2.80999e+07    20   2.81249e+07   2.80999e+07  2305601    0.09%
 206632 114339   2.80999e+07    23   2.81249e+07   2.80999e+07  2305616    0.09%
Elapsed time = 57.81 sec. (73580.15 ticks, tree = 58.65 MB, solutions = 26)
*209786 116096      integral     0   2.81242e+07   2.80999e+07  2348044    0.09%
 215274 118659   2.80999e+07    16   2.81242e+07   2.80999e+07  2420409    0.09%
 215275 118660   2.80999e+07    21   2.81242e+07   2.80999e+07  2420419    0.09%
 215276 118661   2.80999e+07    21   2.81242e+07   2.80999e+07  2420421    0.09%
 215277 118662   2.80999e+07    21   2.81242e+07   2.80999e+07  2420426    0.09%
 215278 118663   2.80999e+07    27   2.81242e+07   2.80999e+07  2420451    0.09%
 215279 118664   2.80999e+07    24   2.81242e+07   2.80999e+07  2420456    0.09%
 215280 118665   2.80999e+07    23   2.81242e+07   2.80999e+07  2420520    0.09%
 215281 118666   2.80999e+07    23   2.81242e+07   2.80999e+07  2420589    0.09%
 215282 118665        cutoff         2.81242e+07   2.80999e+07  2420615    0.09%
 215283 118664        cutoff         2.81242e+07   2.80999e+07  2420656    0.09%
Elapsed time = 60.70 sec. (77402.97 ticks, tree = 60.71 MB, solutions = 27)
 224530 123335   2.80999e+07    18   2.81242e+07   2.80999e+07  2537180    0.09%
 224531 123336   2.80999e+07    18   2.81242e+07   2.80999e+07  2537182    0.09%
 224532 123337   2.80999e+07    18   2.81242e+07   2.80999e+07  2537184    0.09%
 224533 123338   2.80999e+07    18   2.81242e+07   2.80999e+07  2537185    0.09%
 224534 123339   2.80999e+07    18   2.81242e+07   2.80999e+07  2537186    0.09%
 224535 123340   2.80999e+07    18   2.81242e+07   2.80999e+07  2537187    0.09%
 224536 123341   2.80999e+07    20   2.81242e+07   2.80999e+07  2537199    0.09%
 224537 123342   2.80999e+07    20   2.81242e+07   2.80999e+07  2537210    0.09%
 224538 123343   2.80999e+07    19   2.81242e+07   2.80999e+07  2537217    0.09%
 224539 123344   2.80999e+07    17   2.81242e+07   2.80999e+07  2537230    0.09%
Elapsed time = 63.59 sec. (81219.48 ticks, tree = 63.02 MB, solutions = 27)
*229568 122768      integral     0   2.81146e+07   2.80999e+07  2599588    0.05%
 233238 123977        cutoff         2.81146e+07   2.80999e+07  2648251    0.05%
 233239 123976        cutoff         2.81146e+07   2.80999e+07  2648272    0.05%
 233240 123975    infeasible         2.81146e+07   2.80999e+07  2648330    0.05%
 233241 123974    infeasible         2.81146e+07   2.80999e+07  2648330    0.05%
 233242 123973    infeasible         2.81146e+07   2.80999e+07  2648330    0.05%
 233243 123974   2.80999e+07    15   2.81146e+07   2.80999e+07  2648338    0.05%
 233244 123975   2.80999e+07    16   2.81146e+07   2.80999e+07  2648340    0.05%
 233245 123976   2.80999e+07    16   2.81146e+07   2.80999e+07  2648345    0.05%
 233246 123977   2.80999e+07    20   2.81146e+07   2.80999e+07  2648350    0.05%
 233247 123978   2.80999e+07    20   2.81146e+07   2.80999e+07  2648358    0.05%
Elapsed time = 66.49 sec. (85039.54 ticks, tree = 63.12 MB, solutions = 28)
 242564 127920   2.80999e+07    16   2.81146e+07   2.80999e+07  2759621    0.05%
 242565 127921   2.80999e+07    17   2.81146e+07   2.80999e+07  2759622    0.05%
 242566 127922   2.80999e+07    17   2.81146e+07   2.80999e+07  2759623    0.05%
 242567 127923   2.80999e+07    17   2.81146e+07   2.80999e+07  2759625    0.05%
 242568 127924   2.80999e+07    17   2.81146e+07   2.80999e+07  2759627    0.05%
 242569 127925   2.80999e+07    17   2.81146e+07   2.80999e+07  2759628    0.05%
 242570 127926   2.80999e+07    17   2.81146e+07   2.80999e+07  2759660    0.05%
 242571 127927   2.80999e+07    18   2.81146e+07   2.80999e+07  2759679    0.05%
 242572 127928   2.80999e+07    18   2.81146e+07   2.80999e+07  2759699    0.05%
 242573 127929   2.80999e+07    17   2.81146e+07   2.80999e+07  2759723    0.05%
Elapsed time = 69.48 sec. (88857.10 ticks, tree = 65.10 MB, solutions = 28)
 251372 131028   2.80999e+07    17   2.81146e+07   2.80999e+07  2877589    0.05%
 251373 131029   2.80999e+07    16   2.81146e+07   2.80999e+07  2877590    0.05%
 251374 131030   2.80999e+07    13   2.81146e+07   2.80999e+07  2877592    0.05%
 251375 131031   2.80999e+07    15   2.81146e+07   2.80999e+07  2877597    0.05%
 251376 131032   2.80999e+07    15   2.81146e+07   2.80999e+07  2877598    0.05%
 251377 131033   2.80999e+07    15   2.81146e+07   2.80999e+07  2877604    0.05%
 251378 131034   2.80999e+07    15   2.81146e+07   2.80999e+07  2877608    0.05%
 251379 131035   2.80999e+07    14   2.81146e+07   2.80999e+07  2877615    0.05%
 251380 131036   2.80999e+07    14   2.81146e+07   2.80999e+07  2877616    0.05%
 251381 131037   2.80999e+07    15   2.81146e+07   2.80999e+07  2877631    0.05%
Elapsed time = 72.42 sec. (92673.63 ticks, tree = 66.64 MB, solutions = 28)
 260332 134586   2.80999e+07    15   2.81146e+07   2.80999e+07  2992841    0.05%
 260333 134587   2.80999e+07    20   2.81146e+07   2.80999e+07  2992857    0.05%
 260334 134586        cutoff         2.81146e+07   2.80999e+07  2992893    0.05%
 260335 134587   2.80999e+07    21   2.81146e+07   2.80999e+07  2992924    0.05%
 260336 134588   2.80999e+07    23   2.81146e+07   2.80999e+07  2992945    0.05%
 260337 134587        cutoff         2.81146e+07   2.80999e+07  2992977    0.05%
 260338 134588   2.80999e+07    26   2.81146e+07   2.80999e+07  2993032    0.05%
 260339 134589   2.80999e+07    24   2.81146e+07   2.80999e+07  2993036    0.05%
 260340 134588        cutoff         2.81146e+07   2.80999e+07  2993046    0.05%
 260341 134587        cutoff         2.81146e+07   2.80999e+07  2993070    0.05%
Elapsed time = 75.28 sec. (96492.03 ticks, tree = 70.06 MB, solutions = 28)
 269471 139220   2.80999e+07    19   2.81146e+07   2.80999e+07  3110117    0.05%
 269472 139221   2.80999e+07    20   2.81146e+07   2.80999e+07  3110119    0.05%
 269473 139222   2.80999e+07    21   2.81146e+07   2.80999e+07  3110134    0.05%
 269474 139223   2.80999e+07    18   2.81146e+07   2.80999e+07  3110146    0.05%
 269475 139224   2.80999e+07    17   2.81146e+07   2.80999e+07  3110199    0.05%
 269476 139223        cutoff         2.81146e+07   2.80999e+07  3110202    0.05%
 269477 139222        cutoff         2.81146e+07   2.80999e+07  3110225    0.05%
 269478 139223   2.80999e+07    17   2.81146e+07   2.80999e+07  3110240    0.05%
 269479 139224   2.80999e+07    19   2.81146e+07   2.80999e+07  3110263    0.05%
 269480 139225   2.80999e+07    22   2.81146e+07   2.80999e+07  3110299    0.05%
Elapsed time = 78.13 sec. (100311.03 ticks, tree = 72.30 MB, solutions = 28)
 277494 142513   2.80999e+07    15   2.81146e+07   2.80999e+07  3219008    0.05%
 277495 142514   2.80999e+07    15   2.81146e+07   2.80999e+07  3219013    0.05%
 277496 142515   2.80999e+07    14   2.81146e+07   2.80999e+07  3219015    0.05%
 277497 142516   2.80999e+07    14   2.81146e+07   2.80999e+07  3219033    0.05%
 277498 142517   2.80999e+07    15   2.81146e+07   2.80999e+07  3219041    0.05%
 277499 142518   2.80999e+07    15   2.81146e+07   2.80999e+07  3219063    0.05%
 277500 142519   2.80999e+07    14   2.81146e+07   2.80999e+07  3219065    0.05%
 277501 142520   2.80999e+07    14   2.81146e+07   2.80999e+07  3219070    0.05%
 277502 142519        cutoff         2.81146e+07   2.80999e+07  3219107    0.05%
 277503 142520   2.80999e+07    14   2.81146e+07   2.80999e+07  3219127    0.05%
Elapsed time = 81.03 sec. (104129.84 ticks, tree = 73.88 MB, solutions = 28)
 286246 146691        cutoff         2.81146e+07   2.80999e+07  3342930    0.05%
 286247 146692   2.80999e+07    16   2.81146e+07   2.80999e+07  3342949    0.05%
 286248 146693   2.80999e+07    17   2.81146e+07   2.80999e+07  3342966    0.05%
 286249 146694   2.80999e+07    17   2.81146e+07   2.80999e+07  3342978    0.05%
 286250 146695   2.80999e+07    16   2.81146e+07   2.80999e+07  3342980    0.05%
 286251 146696   2.80999e+07    18   2.81146e+07   2.80999e+07  3343001    0.05%
 286252 146697   2.80999e+07    19   2.81146e+07   2.80999e+07  3343014    0.05%
 286253 146698   2.80999e+07    20   2.81146e+07   2.80999e+07  3343030    0.05%
 286254 146699   2.80999e+07    20   2.81146e+07   2.80999e+07  3343032    0.05%
 286255 146700   2.80999e+07    16   2.81146e+07   2.80999e+07  3343053    0.05%
Elapsed time = 83.87 sec. (107949.01 ticks, tree = 75.89 MB, solutions = 28)
 294654 150750        cutoff         2.81146e+07   2.80999e+07  3454155    0.05%
 294655 150749        cutoff         2.81146e+07   2.80999e+07  3454182    0.05%
 294656 150748        cutoff         2.81146e+07   2.80999e+07  3454205    0.05%
 294657 150747        cutoff         2.81146e+07   2.80999e+07  3454229    0.05%
 294658 150746    infeasible         2.81146e+07   2.80999e+07  3454229    0.05%
 294659 150745    infeasible         2.81146e+07   2.80999e+07  3454298    0.05%
 294660 150744        cutoff         2.81146e+07   2.80999e+07  3454304    0.05%
 294661 150743    infeasible         2.81146e+07   2.80999e+07  3454304    0.05%
 294662 150742        cutoff         2.81146e+07   2.80999e+07  3454320    0.05%
 294663 150741        cutoff         2.81146e+07   2.80999e+07  3454348    0.05%
Elapsed time = 86.75 sec. (111768.55 ticks, tree = 77.84 MB, solutions = 28)
 304576 157533   2.80999e+07    16   2.81146e+07   2.80999e+07  3569165    0.05%
 304577 157532        cutoff         2.81146e+07   2.80999e+07  3569168    0.05%
 304578 157531    infeasible         2.81146e+07   2.80999e+07  3569168    0.05%
 304579 157530        cutoff         2.81146e+07   2.80999e+07  3569181    0.05%
 304580 157529    infeasible         2.81146e+07   2.80999e+07  3569207    0.05%
 304581 157528    infeasible         2.81146e+07   2.80999e+07  3569227    0.05%
 304582 157527        cutoff         2.81146e+07   2.80999e+07  3569240    0.05%
 304583 157526        cutoff         2.81146e+07   2.80999e+07  3569252    0.05%
 304584 157527   2.80999e+07    20   2.81146e+07   2.80999e+07  3569262    0.05%
 304585 157528   2.80999e+07    21   2.81146e+07   2.80999e+07  3569271    0.05%
Elapsed time = 89.67 sec. (115598.85 ticks, tree = 82.16 MB, solutions = 28)
 309397 160912   2.80999e+07    19   2.81146e+07   2.80999e+07  3625189    0.05%
 309398 160911        cutoff         2.81146e+07   2.80999e+07  3625205    0.05%
 309399 160912   2.80999e+07    20   2.81146e+07   2.80999e+07  3625212    0.05%
 309400 160913   2.80999e+07    20   2.81146e+07   2.80999e+07  3625223    0.05%
 309401 160912        cutoff         2.81146e+07   2.80999e+07  3625257    0.05%
 309402 160911        cutoff         2.81146e+07   2.80999e+07  3625271    0.05%
 309403 160912   2.80999e+07    18   2.81146e+07   2.80999e+07  3625293    0.05%
 309404 160913   2.80999e+07    16   2.81146e+07   2.80999e+07  3625295    0.05%
 309405 160914   2.80999e+07    19   2.81146e+07   2.80999e+07  3625326    0.05%
 309406 160915   2.80999e+07    19   2.81146e+07   2.80999e+07  3625340    0.05%
Elapsed time = 92.74 sec. (119423.97 ticks, tree = 83.73 MB, solutions = 28)
 319006 166067   2.80999e+07    17   2.81146e+07   2.80999e+07  3738720    0.05%
 319007 166068   2.80999e+07    18   2.81146e+07   2.80999e+07  3738726    0.05%
 319008 166069   2.80999e+07    20   2.81146e+07   2.80999e+07  3738732    0.05%
 319009 166070   2.80999e+07    18   2.81146e+07   2.80999e+07  3738736    0.05%
 319010 166071   2.80999e+07    18   2.81146e+07   2.80999e+07  3738744    0.05%
 319011 166072   2.80999e+07    19   2.81146e+07   2.80999e+07  3738753    0.05%
 319012 166071        cutoff         2.81146e+07   2.80999e+07  3738764    0.05%
 319013 166072   2.80999e+07    19   2.81146e+07   2.80999e+07  3738780    0.05%
 319014 166073   2.80999e+07    19   2.81146e+07   2.80999e+07  3738781    0.05%
 319015 166074   2.80999e+07    17   2.81146e+07   2.80999e+07  3738795    0.05%
Elapsed time = 95.64 sec. (123241.36 ticks, tree = 86.16 MB, solutions = 28)
 327839 171172   2.80999e+07    19   2.81146e+07   2.80999e+07  3852254    0.05%
 327840 171173   2.80999e+07    19   2.81146e+07   2.80999e+07  3852255    0.05%
 327841 171172        cutoff         2.81146e+07   2.80999e+07  3852259    0.05%
 327842 171171        cutoff         2.81146e+07   2.80999e+07  3852270    0.05%
 327843 171172   2.80999e+07    17   2.81146e+07   2.80999e+07  3852310    0.05%
 327844 171173   2.80999e+07    17   2.81146e+07   2.80999e+07  3852311    0.05%
 327845 171174   2.80999e+07    19   2.81146e+07   2.80999e+07  3852317    0.05%
 327846 171175   2.80999e+07    17   2.81146e+07   2.80999e+07  3852322    0.05%
 327847 171176   2.80999e+07    23   2.81146e+07   2.80999e+07  3852340    0.05%
 327848 171175    infeasible         2.81146e+07   2.80999e+07  3852340    0.05%
Elapsed time = 98.51 sec. (127060.43 ticks, tree = 88.58 MB, solutions = 28)

Cover cuts applied:  185
Mixed integer rounding cuts applied:  3
Zero-half cuts applied:  1
Gomory fractional cuts applied:  4

Root node processing (before b&c):
  Real time             =    0.04 sec. (39.38 ticks)
Sequential b&c:
  Real time             =   99.96 sec. (128987.40 ticks)
                          ------------
Total (root+branch&cut) =  100.00 sec. (129026.78 ticks)

Solution pool: 28 solutions saved.

MIP - Time limit exceeded, integer feasible:  Objective =  2.8114581000e+07
Current MIP best bound =  2.8099855000e+07 (gap = 14726, 0.05%)
Solution time =  100.00 sec.  Iterations = 3909252  Nodes = 332644 (174085)
Deterministic time = 129026.78 ticks  (1290.26 ticks/sec)


Incumbent solution written to file '/tmp/tmpAaeMWO.cplex.sol'.
