
Log started (V12.6.3.0) Sat Apr 21 13:53:20 2018

New value for default parallel thread count: 1

Problem '/tmp/tmpeo9zE6.pyomo.lp' read.
Read time = 0.01 sec. (0.58 ticks)

Problem name         : /tmp/tmpeo9zE6.pyomo.lp
Objective sense      : Minimize
Variables            :     794  [Nneg: 1,  Binary: 780,  General Integer: 13]
Objective nonzeros   :       1
Linear constraints   :     157  [Less: 77,  Equal: 80]
  Nonzeros           :   41731
  RHS nonzeros       :     131

Variables            : Min LB: 0.000000         Max UB: 1.000000       
Objective nonzeros   : Min   : 1.000000         Max   : 1.000000       
Linear constraints   :
  Nonzeros           : Min   : 1.000000         Max   : 8298339.       
  RHS nonzeros       : Min   : 1.000000         Max   : 7.000000       
Tried aggregator 2 times.
MIP Presolve eliminated 71 rows and 160 columns.
Aggregator did 3 substitutions.
Reduced MIP has 83 rows, 631 columns, and 1747 nonzeros.
Reduced MIP has 620 binaries, 11 generals, 0 SOSs, and 0 indicators.
Presolve time = 0.01 sec. (7.46 ticks)
Found incumbent of value 9.4610317e+07 after 0.01 sec. (8.58 ticks)
Probing time = 0.00 sec. (1.74 ticks)
Cover probing fixed 0 vars, tightened 21 bounds.
Tried aggregator 2 times.
Aggregator did 10 substitutions.
Reduced MIP has 73 rows, 621 columns, and 1727 nonzeros.
Reduced MIP has 620 binaries, 1 generals, 0 SOSs, and 0 indicators.
Presolve time = 0.00 sec. (1.61 ticks)
Probing time = 0.00 sec. (0.95 ticks)
Cover probing fixed 0 vars, tightened 6 bounds.
Clique table members: 62.
MIP emphasis: balance optimality and feasibility.
MIP search method: dynamic search.
Parallel mode: none, using 1 thread.
Root relaxation solution time = 0.00 sec. (0.56 ticks)

        Nodes                                         Cuts/
   Node  Left     Objective  IInf  Best Integer    Best Bound    ItCnt     Gap

*     0+    0                       9.46103e+07        0.0000           100.00%
      0     0   2.80999e+07    15   9.46103e+07   2.80999e+07       22   70.30%
*     0+    0                       3.91563e+07   2.80999e+07            28.24%
      0     0   2.80999e+07    20   3.91563e+07     Fract: 12       44   28.24%
*     0+    0                       3.58126e+07   2.80999e+07            21.54%
      0     0   2.80999e+07    21   3.58126e+07       Cuts: 5       61   21.54%
*     0+    0                       3.19980e+07   2.80999e+07            12.18%
*     0+    0                       3.19274e+07   2.80999e+07            11.99%
*     0+    0                       3.13964e+07   2.80999e+07            10.50%
      0     2   2.80999e+07    14   3.13964e+07   2.80999e+07       61   10.50%
Elapsed time = 0.04 sec. (39.28 ticks, tree = 0.01 MB, solutions = 5)
*    30+   30                       3.13337e+07   2.80999e+07            10.32%
*   110+  101                       3.11102e+07   2.80999e+07             9.68%
*   130+  121                       3.10540e+07   2.80999e+07             9.51%
*   230+  216                       3.09527e+07   2.80999e+07             9.22%
*   230+  216                       3.05499e+07   2.80999e+07             8.02%
*   230+  216                       3.04360e+07   2.80999e+07             7.68%
*   230+  214                       2.97470e+07   2.80999e+07             5.54%
*   499+  471                       2.96054e+07   2.80999e+07             5.09%
*   499+  471                       2.95602e+07   2.80999e+07             4.94%
*   499+  471                       2.95253e+07   2.80999e+07             4.83%
    501   475   2.80999e+07    23   2.95253e+07   2.80999e+07     2698    4.83%
    502   475   2.80999e+07    25   2.95253e+07   2.80999e+07     2714    4.83%
    503   476   2.80999e+07    21   2.95253e+07   2.80999e+07     2723    4.83%
    504   477   2.80999e+07    21   2.95253e+07   2.80999e+07     2732    4.83%
    505   477   2.80999e+07    21   2.95253e+07   2.80999e+07     2738    4.83%
    506   478   2.80999e+07    21   2.95253e+07   2.80999e+07     2741    4.83%
    507   479   2.80999e+07    13   2.95253e+07   2.80999e+07     2753    4.83%
    508   479   2.80999e+07    18   2.95253e+07   2.80999e+07     2762    4.83%
    509   479   2.80999e+07    14   2.95253e+07   2.80999e+07     2764    4.83%
*   801+  417                       2.94841e+07   2.80999e+07             4.69%
*   901+  396                       2.94568e+07   2.80999e+07             4.61%
*   901+  359                       2.92979e+07   2.80999e+07             4.09%
    901   361   2.81322e+07    28   2.92979e+07   2.80999e+07     5582    4.09%
Elapsed time = 0.81 sec. (1039.14 ticks, tree = 0.17 MB, solutions = 18)
*  1001+  387                       2.92303e+07   2.80999e+07             3.87%
*  1001+  362                       2.90395e+07   2.80999e+07             3.24%
*  1201+  480                       2.87894e+07   2.80999e+07             2.39%
*  1301+  548                       2.87531e+07   2.80999e+07             2.27%
*  1301+  547                       2.87431e+07   2.80999e+07             2.24%
*  1401+  615                       2.87329e+07   2.80999e+07             2.20%
*  1401+  554                       2.86142e+07   2.80999e+07             1.80%
*  1701+  723                       2.85580e+07   2.80999e+07             1.60%
   1783   794        cutoff         2.85580e+07   2.80999e+07    12939    1.60%
   1784   795   2.80999e+07    34   2.85580e+07   2.80999e+07    13066    1.60%
   1785   796   2.80999e+07    29   2.85580e+07   2.80999e+07    13123    1.60%
   1786   797   2.80999e+07    37   2.85580e+07   2.80999e+07    13232    1.60%
   1787   798   2.80999e+07    33   2.85580e+07   2.80999e+07    13292    1.60%
   1788   799   2.80999e+07    27   2.85580e+07   2.80999e+07    13306    1.60%
   1789   800   2.80999e+07    33   2.85580e+07   2.80999e+07    13430    1.60%
   1790   801   2.80999e+07    29   2.85580e+07   2.80999e+07    13444    1.60%
   1791   802   2.80999e+07    29   2.85580e+07   2.80999e+07    13445    1.60%
   1792   803   2.80999e+07    36   2.85580e+07   2.80999e+07    13542    1.60%
Elapsed time = 1.54 sec. (2026.20 ticks, tree = 0.37 MB, solutions = 26)
   3560  2365   2.82788e+07    31   2.85580e+07   2.80999e+07    31451    1.60%
   3561  2366   2.82790e+07    31   2.85580e+07   2.80999e+07    31452    1.60%
   3562  2367   2.83136e+07    43   2.85580e+07   2.80999e+07    31478    1.60%
   3563  2368   2.83142e+07    43   2.85580e+07   2.80999e+07    31481    1.60%
   3564  2369   2.83145e+07    46   2.85580e+07   2.80999e+07    31483    1.60%
   3565  2370   2.83145e+07    42   2.85580e+07   2.80999e+07    31484    1.60%
   3566  2371   2.83158e+07    42   2.85580e+07   2.80999e+07    31486    1.60%
   3567  2372   2.83175e+07    46   2.85580e+07   2.80999e+07    31488    1.60%
   3568  2373   2.83239e+07    42   2.85580e+07   2.80999e+07    31498    1.60%
   3569  2374   2.84866e+07    35   2.85580e+07   2.80999e+07    31523    1.60%
Elapsed time = 2.13 sec. (2983.16 ticks, tree = 1.16 MB, solutions = 26)
   5225  3830   2.84481e+07    19   2.85580e+07   2.80999e+07    49727    1.60%
   5226  3829        cutoff         2.85580e+07   2.80999e+07    49732    1.60%
   5227  3828    infeasible         2.85580e+07   2.80999e+07    49732    1.60%
   5228  3829   2.80999e+07    29   2.85580e+07   2.80999e+07    49777    1.60%
   5229  3830   2.80999e+07    29   2.85580e+07   2.80999e+07    49805    1.60%
   5230  3831   2.80999e+07    29   2.85580e+07   2.80999e+07    49809    1.60%
   5231  3832   2.80999e+07    29   2.85580e+07   2.80999e+07    49812    1.60%
   5232  3833   2.80999e+07    27   2.85580e+07   2.80999e+07    49829    1.60%
   5233  3834   2.80999e+07    28   2.85580e+07   2.80999e+07    49842    1.60%
   5234  3835   2.80999e+07    29   2.85580e+07   2.80999e+07    49862    1.60%
Elapsed time = 2.74 sec. (3948.82 ticks, tree = 1.84 MB, solutions = 26)
   6577  5036   2.82899e+07    40   2.85580e+07   2.80999e+07    66400    1.60%
   6578  5037   2.83154e+07    39   2.85580e+07   2.80999e+07    66442    1.60%
   6579  5038   2.83155e+07    39   2.85580e+07   2.80999e+07    66444    1.60%
   6580  5039   2.83160e+07    39   2.85580e+07   2.80999e+07    66447    1.60%
   6581  5040   2.83161e+07    39   2.85580e+07   2.80999e+07    66448    1.60%
   6582  5041   2.83162e+07    39   2.85580e+07   2.80999e+07    66451    1.60%
   6583  5042   2.83163e+07    39   2.85580e+07   2.80999e+07    66453    1.60%
   6584  5043   2.83165e+07    38   2.85580e+07   2.80999e+07    66456    1.60%
   6585  5044   2.83183e+07    33   2.85580e+07   2.80999e+07    66464    1.60%
   6586  5045   2.83186e+07    32   2.85580e+07   2.80999e+07    66466    1.60%
Elapsed time = 3.32 sec. (4908.56 ticks, tree = 2.49 MB, solutions = 26)
   7675  5976   2.80999e+07    38   2.85580e+07   2.80999e+07    84557    1.60%
   7676  5977   2.80999e+07    38   2.85580e+07   2.80999e+07    84613    1.60%
   7677  5978   2.80999e+07    42   2.85580e+07   2.80999e+07    84655    1.60%
   7678  5979   2.80999e+07    41   2.85580e+07   2.80999e+07    84656    1.60%
   7679  5980   2.81091e+07    49   2.85580e+07   2.80999e+07    84783    1.60%
   7680  5981   2.81050e+07    51   2.85580e+07   2.80999e+07    84869    1.60%
   7681  5982   2.81053e+07    48   2.85580e+07   2.80999e+07    84874    1.60%
   7682  5983   2.81056e+07    50   2.85580e+07   2.80999e+07    84883    1.60%
   7683  5984   2.82496e+07    39   2.85580e+07   2.80999e+07    84946    1.60%
   7684  5985   2.81057e+07    46   2.85580e+07   2.80999e+07    84954    1.60%
Elapsed time = 3.91 sec. (5878.18 ticks, tree = 2.92 MB, solutions = 26)
   8886  7068   2.80999e+07    34   2.85580e+07   2.80999e+07   101404    1.60%
   8887  7069   2.80999e+07    33   2.85580e+07   2.80999e+07   101405    1.60%
   8888  7070   2.80999e+07    33   2.85580e+07   2.80999e+07   101406    1.60%
   8889  7071   2.80999e+07    34   2.85580e+07   2.80999e+07   101420    1.60%
   8890  7072   2.80999e+07    33   2.85580e+07   2.80999e+07   101421    1.60%
   8891  7073   2.80999e+07    32   2.85580e+07   2.80999e+07   101427    1.60%
   8892  7074   2.80999e+07    31   2.85580e+07   2.80999e+07   101432    1.60%
   8893  7075   2.81021e+07    31   2.85580e+07   2.80999e+07   101453    1.60%
   8894  7076   2.81054e+07    35   2.85580e+07   2.80999e+07   101461    1.60%
   8895  7077   2.81061e+07    38   2.85580e+07   2.80999e+07   101467    1.60%
Elapsed time = 4.49 sec. (6837.37 ticks, tree = 3.42 MB, solutions = 26)
   9921  7991   2.83570e+07    31   2.85580e+07   2.80999e+07   117733    1.60%
   9922  7992   2.83570e+07    31   2.85580e+07   2.80999e+07   117733    1.60%
   9923  7993   2.83602e+07    31   2.85580e+07   2.80999e+07   117737    1.60%
   9924  7994   2.83603e+07    30   2.85580e+07   2.80999e+07   117738    1.60%
   9925  7995   2.83642e+07    30   2.85580e+07   2.80999e+07   117741    1.60%
   9926  7996   2.83830e+07    36   2.85580e+07   2.80999e+07   117757    1.60%
   9927  7997   2.83845e+07    36   2.85580e+07   2.80999e+07   117758    1.60%
   9928  7998   2.83905e+07    34   2.85580e+07   2.80999e+07   117765    1.60%
   9929  7999   2.83912e+07    35   2.85580e+07   2.80999e+07   117770    1.60%
   9930  8000   2.84085e+07    32   2.85580e+07   2.80999e+07   117785    1.60%
Elapsed time = 5.06 sec. (7794.49 ticks, tree = 3.84 MB, solutions = 26)
  10463  8476   2.81969e+07    44   2.85580e+07   2.80999e+07   125426    1.60%
  10464  8477   2.83527e+07    30   2.85580e+07   2.80999e+07   125487    1.60%
  10465  8478   2.83550e+07    31   2.85580e+07   2.80999e+07   125495    1.60%
  10466  8479   2.83552e+07    31   2.85580e+07   2.80999e+07   125500    1.60%
  10467  8480   2.83552e+07    29   2.85580e+07   2.80999e+07   125501    1.60%
  10468  8481   2.83559e+07    31   2.85580e+07   2.80999e+07   125507    1.60%
  10469  8482   2.83636e+07    34   2.85580e+07   2.80999e+07   125531    1.60%
  10470  8483   2.83683e+07    34   2.85580e+07   2.80999e+07   125533    1.60%
  10471  8484   2.84164e+07    30   2.85580e+07   2.80999e+07   125555    1.60%
  10472  8485   2.84348e+07    27   2.85580e+07   2.80999e+07   125573    1.60%
Elapsed time = 5.81 sec. (8756.71 ticks, tree = 4.29 MB, solutions = 26)
  11556  9441   2.82240e+07    63   2.85580e+07   2.80999e+07   143379    1.60%
  11557  9442   2.82278e+07    61   2.85580e+07   2.80999e+07   143400    1.60%
  11558  9443   2.82299e+07    57   2.85580e+07   2.80999e+07   143413    1.60%
  11559  9444   2.82303e+07    58   2.85580e+07   2.80999e+07   143425    1.60%
  11560  9445   2.82305e+07    58   2.85580e+07   2.80999e+07   143432    1.60%
  11561  9446   2.84490e+07    33   2.85580e+07   2.80999e+07   143574    1.60%
  11562  9447   2.84490e+07    33   2.85580e+07   2.80999e+07   143575    1.60%
  11563  9448   2.85065e+07    28   2.85580e+07   2.80999e+07   143600    1.60%
  11564  9448   2.85522e+07    26   2.85580e+07   2.80999e+07   143618    1.60%
  14094 11611   2.84111e+07    31   2.85580e+07   2.80999e+07   190593    1.60%
Elapsed time = 8.14 sec. (12571.47 ticks, tree = 5.76 MB, solutions = 26)
* 17801+14256                       2.84972e+07   2.80999e+07             1.39%
* 17801+11574                       2.83829e+07   2.80999e+07             1.00%
  17916 11669   2.81556e+07    34   2.83829e+07   2.80999e+07   255358    1.00%
  17917 11670   2.81612e+07    34   2.83829e+07   2.80999e+07   255364    1.00%
  17918 11671   2.81612e+07    33   2.83829e+07   2.80999e+07   255365    1.00%
  17919 11672   2.81641e+07    34   2.83829e+07   2.80999e+07   255368    1.00%
  17920 11673   2.81702e+07    33   2.83829e+07   2.80999e+07   255375    1.00%
  17921 11674   2.81702e+07    33   2.83829e+07   2.80999e+07   255377    1.00%
  17922 11675   2.81825e+07    35   2.83829e+07   2.80999e+07   255386    1.00%
  17923 11676   2.81870e+07    34   2.83829e+07   2.80999e+07   255393    1.00%
  17924 11677   2.81871e+07    33   2.83829e+07   2.80999e+07   255395    1.00%
  17925 11678   2.81887e+07    38   2.83829e+07   2.80999e+07   255403    1.00%
Elapsed time = 10.55 sec. (16389.43 ticks, tree = 5.72 MB, solutions = 28)
  21099 14348   2.81343e+07    56   2.83829e+07   2.80999e+07   324517    1.00%
  21100 14349   2.81343e+07    56   2.83829e+07   2.80999e+07   324518    1.00%
  21101 14350   2.81366e+07    61   2.83829e+07   2.80999e+07   324548    1.00%
  21102 14351   2.81367e+07    61   2.83829e+07   2.80999e+07   324550    1.00%
  21103 14352   2.81373e+07    50   2.83829e+07   2.80999e+07   324554    1.00%
  21104 14353   2.81395e+07    48   2.83829e+07   2.80999e+07   324564    1.00%
  21105 14354   2.81398e+07    48   2.83829e+07   2.80999e+07   324566    1.00%
  21106 14355   2.81400e+07    59   2.83829e+07   2.80999e+07   324572    1.00%
  21107 14356   2.81402e+07    59   2.83829e+07   2.80999e+07   324573    1.00%
  21108 14357   2.81402e+07    59   2.83829e+07   2.80999e+07   324574    1.00%
Elapsed time = 12.93 sec. (20210.27 ticks, tree = 7.00 MB, solutions = 28)
* 22601+14483                       2.83423e+07   2.80999e+07             0.86%
* 23818 15369      integral     0   2.83390e+07   2.80999e+07   388174    0.84%
  24101 15606   2.80999e+07    36   2.83390e+07   2.80999e+07   395785    0.84%
  24102 15607   2.80999e+07    37   2.83390e+07   2.80999e+07   395802    0.84%
  24103 15608   2.80999e+07    43   2.83390e+07   2.80999e+07   395823    0.84%
  24104 15609   2.80999e+07    44   2.83390e+07   2.80999e+07   395829    0.84%
  24105 15610   2.80999e+07    42   2.83390e+07   2.80999e+07   395839    0.84%
  24106 15611   2.80999e+07    41   2.83390e+07   2.80999e+07   395852    0.84%
  24107 15612   2.80999e+07    40   2.83390e+07   2.80999e+07   395860    0.84%
  24108 15613   2.80999e+07    43   2.83390e+07   2.80999e+07   395872    0.84%
  24109 15614   2.80999e+07    45   2.83390e+07   2.80999e+07   395876    0.84%
  24110 15615   2.80999e+07    45   2.83390e+07   2.80999e+07   395877    0.84%
Elapsed time = 15.39 sec. (24035.34 ticks, tree = 7.60 MB, solutions = 30)
  27607 18482   2.83051e+07    33   2.83390e+07   2.80999e+07   469835    0.84%
  27608 18482   2.83068e+07    37   2.83390e+07   2.80999e+07   469853    0.84%
  27609 18483   2.83068e+07    37   2.83390e+07   2.80999e+07   469854    0.84%
  27610 18482        cutoff         2.83390e+07   2.80999e+07   469857    0.84%
  27611 18481        cutoff         2.83390e+07   2.80999e+07   469874    0.84%
  27612 18482   2.81286e+07    33   2.83390e+07   2.80999e+07   470004    0.84%
  27613 18483   2.81295e+07    33   2.83390e+07   2.80999e+07   470008    0.84%
  27614 18484   2.81299e+07    33   2.83390e+07   2.80999e+07   470009    0.84%
  27615 18485   2.81312e+07    34   2.83390e+07   2.80999e+07   470018    0.84%
  27616 18486   2.81314e+07    35   2.83390e+07   2.80999e+07   470023    0.84%
Elapsed time = 17.84 sec. (27876.00 ticks, tree = 9.44 MB, solutions = 30)
* 29701+19770                       2.83294e+07   2.80999e+07             0.81%
  30784 20555   2.80999e+07    44   2.83294e+07   2.80999e+07   538199    0.81%
  30785 20556   2.80999e+07    43   2.83294e+07   2.80999e+07   538237    0.81%
  30786 20557   2.81065e+07    40   2.83294e+07   2.80999e+07   538313    0.81%
  30787 20558   2.81065e+07    40   2.83294e+07   2.80999e+07   538314    0.81%
  30788 20558   2.83217e+07    34   2.83294e+07   2.80999e+07   538354    0.81%
  30789 20557        cutoff         2.83294e+07   2.80999e+07   538357    0.81%
  30790 20558   2.80999e+07    50   2.83294e+07   2.80999e+07   538503    0.81%
  30791 20559   2.80999e+07    48   2.83294e+07   2.80999e+07   538506    0.81%
  30792 20560   2.80999e+07    43   2.83294e+07   2.80999e+07   538508    0.81%
  30793 20561   2.80999e+07    42   2.83294e+07   2.80999e+07   538516    0.81%
Elapsed time = 20.35 sec. (31704.38 ticks, tree = 10.46 MB, solutions = 31)
  34205 23264   2.80999e+07    46   2.83294e+07   2.80999e+07   610661    0.81%
  34206 23265   2.80999e+07    42   2.83294e+07   2.80999e+07   610662    0.81%
  34207 23266   2.80999e+07    43   2.83294e+07   2.80999e+07   610720    0.81%
  34208 23267   2.80999e+07    42   2.83294e+07   2.80999e+07   610723    0.81%
  34209 23268   2.80999e+07    40   2.83294e+07   2.80999e+07   610738    0.81%
  34210 23269   2.80999e+07    53   2.83294e+07   2.80999e+07   610903    0.81%
  34211 23270   2.80999e+07    49   2.83294e+07   2.80999e+07   610962    0.81%
  34212 23271   2.80999e+07    45   2.83294e+07   2.80999e+07   610971    0.81%
  34213 23272   2.80999e+07    51   2.83294e+07   2.80999e+07   611028    0.81%
  34214 23273   2.80999e+07    42   2.83294e+07   2.80999e+07   611031    0.81%
Elapsed time = 22.79 sec. (35536.29 ticks, tree = 11.74 MB, solutions = 31)
  37820 26118   2.82036e+07    57   2.83294e+07   2.80999e+07   683977    0.81%
  37821 26119   2.82042e+07    52   2.83294e+07   2.80999e+07   683983    0.81%
  37822 26120   2.82047e+07    55   2.83294e+07   2.80999e+07   683989    0.81%
  37823 26121   2.82048e+07    56   2.83294e+07   2.80999e+07   683992    0.81%
  37824 26122   2.82079e+07    63   2.83294e+07   2.80999e+07   684006    0.81%
  37825 26123   2.82083e+07    62   2.83294e+07   2.80999e+07   684007    0.81%
  37826 26124   2.82084e+07    50   2.83294e+07   2.80999e+07   684010    0.81%
  37827 26125   2.82192e+07    62   2.83294e+07   2.80999e+07   684017    0.81%
  37828 26126   2.82197e+07    56   2.83294e+07   2.80999e+07   684018    0.81%
  37829 26127   2.82215e+07    53   2.83294e+07   2.80999e+07   684024    0.81%
Elapsed time = 25.23 sec. (39355.34 ticks, tree = 19.35 MB, solutions = 31)
  41455 29041   2.80999e+07    33   2.83294e+07   2.80999e+07   748062    0.81%
  41456 29042   2.80999e+07    32   2.83294e+07   2.80999e+07   748063    0.81%
  41457 29043   2.80999e+07    33   2.83294e+07   2.80999e+07   748064    0.81%
  41458 29044   2.80999e+07    39   2.83294e+07   2.80999e+07   748073    0.81%
  41459 29045   2.80999e+07    44   2.83294e+07   2.80999e+07   748157    0.81%
  41460 29046   2.80999e+07    42   2.83294e+07   2.80999e+07   748160    0.81%
  41461 29047   2.80999e+07    43   2.83294e+07   2.80999e+07   748208    0.81%
  41462 29048   2.80999e+07    36   2.83294e+07   2.80999e+07   748212    0.81%
  41463 29049   2.80999e+07    42   2.83294e+07   2.80999e+07   748242    0.81%
  41464 29050   2.80999e+07    41   2.83294e+07   2.80999e+07   748257    0.81%
Elapsed time = 27.71 sec. (43178.91 ticks, tree = 28.47 MB, solutions = 31)
  44959 31650   2.80999e+07    40   2.83294e+07   2.80999e+07   816236    0.81%
  44960 31651   2.80999e+07    44   2.83294e+07   2.80999e+07   816284    0.81%
  44961 31652   2.80999e+07    44   2.83294e+07   2.80999e+07   816326    0.81%
  44962 31653   2.80999e+07    48   2.83294e+07   2.80999e+07   816370    0.81%
  44963 31654   2.80999e+07    44   2.83294e+07   2.80999e+07   816403    0.81%
  44964 31655   2.80999e+07    44   2.83294e+07   2.80999e+07   816447    0.81%
  44965 31656   2.80999e+07    43   2.83294e+07   2.80999e+07   816448    0.81%
  44966 31657   2.80999e+07    43   2.83294e+07   2.80999e+07   816488    0.81%
  44967 31658   2.80999e+07    44   2.83294e+07   2.80999e+07   816520    0.81%
  44968 31659   2.81873e+07    38   2.83294e+07   2.80999e+07   816609    0.81%
Elapsed time = 30.16 sec. (47011.35 ticks, tree = 41.38 MB, solutions = 31)
  48710 34487   2.82145e+07    63   2.83294e+07   2.80999e+07   883619    0.81%
  48711 34488   2.82696e+07    64   2.83294e+07   2.80999e+07   883644    0.81%
  48712 34489   2.82701e+07    67   2.83294e+07   2.80999e+07   883652    0.81%
  48713 34490   2.82727e+07    68   2.83294e+07   2.80999e+07   883661    0.81%
  48714 34491   2.82727e+07    61   2.83294e+07   2.80999e+07   883662    0.81%
  48715 34492   2.82756e+07    44   2.83294e+07   2.80999e+07   883671    0.81%
  48716 34493   2.82786e+07    49   2.83294e+07   2.80999e+07   883679    0.81%
  48717 34494   2.82834e+07    47   2.83294e+07   2.80999e+07   883689    0.81%
  48718 34493        cutoff         2.83294e+07   2.80999e+07   883714    0.81%
  48719 34492        cutoff         2.83294e+07   2.80999e+07   883723    0.81%
Elapsed time = 32.64 sec. (50835.41 ticks, tree = 58.42 MB, solutions = 31)
  52411 37350   2.80999e+07    35   2.83294e+07   2.80999e+07   948692    0.81%
  52412 37351   2.80999e+07    33   2.83294e+07   2.80999e+07   948694    0.81%
  52413 37352   2.80999e+07    35   2.83294e+07   2.80999e+07   948712    0.81%
  52414 37353   2.80999e+07    34   2.83294e+07   2.80999e+07   948713    0.81%
  52415 37354   2.80999e+07    40   2.83294e+07   2.80999e+07   948728    0.81%
  52416 37355   2.80999e+07    38   2.83294e+07   2.80999e+07   948735    0.81%
  52417 37356   2.80999e+07    40   2.83294e+07   2.80999e+07   948742    0.81%
  52418 37357   2.80999e+07    38   2.83294e+07   2.80999e+07   948746    0.81%
  52419 37358   2.80999e+07    29   2.83294e+07   2.80999e+07   948766    0.81%
  52420 37359   2.80999e+07    39   2.83294e+07   2.80999e+07   948781    0.81%
Elapsed time = 35.09 sec. (54655.24 ticks, tree = 75.00 MB, solutions = 31)
  56090 40186   2.81686e+07    30   2.83294e+07   2.80999e+07  1015185    0.81%
  56091 40187   2.81715e+07    33   2.83294e+07   2.80999e+07  1015197    0.81%
  56092 40188   2.81715e+07    32   2.83294e+07   2.80999e+07  1015198    0.81%
  56093 40189   2.81766e+07    32   2.83294e+07   2.80999e+07  1015201    0.81%
  56094 40190   2.81766e+07    35   2.83294e+07   2.80999e+07  1015202    0.81%
  56095 40191   2.81766e+07    35   2.83294e+07   2.80999e+07  1015203    0.81%
  56096 40192   2.81767e+07    35   2.83294e+07   2.80999e+07  1015204    0.81%
  56097 40193   2.81880e+07    40   2.83294e+07   2.80999e+07  1015218    0.81%
  56098 40194   2.81897e+07    38   2.83294e+07   2.80999e+07  1015219    0.81%
  56099 40195   2.81942e+07    39   2.83294e+07   2.80999e+07  1015228    0.81%
Elapsed time = 37.50 sec. (58477.33 ticks, tree = 91.46 MB, solutions = 31)
  59603 42611   2.80999e+07    44   2.83294e+07   2.80999e+07  1079140    0.81%
  59604 42612   2.80999e+07    45   2.83294e+07   2.80999e+07  1079158    0.81%
  59605 42613   2.80999e+07    39   2.83294e+07   2.80999e+07  1079163    0.81%
  59606 42614   2.80999e+07    42   2.83294e+07   2.80999e+07  1079199    0.81%
  59607 42615   2.80999e+07    47   2.83294e+07   2.80999e+07  1079202    0.81%
  59608 42616   2.80999e+07    48   2.83294e+07   2.80999e+07  1079217    0.81%
  59609 42617   2.80999e+07    40   2.83294e+07   2.80999e+07  1079232    0.81%
  59610 42618   2.80999e+07    44   2.83294e+07   2.80999e+07  1079265    0.81%
  59611 42619   2.80999e+07    44   2.83294e+07   2.80999e+07  1079289    0.81%
  59612 42620   2.80999e+07    43   2.83294e+07   2.80999e+07  1079336    0.81%
Elapsed time = 40.03 sec. (62300.51 ticks, tree = 103.44 MB, solutions = 31)
  62989 45001   2.80999e+07    45   2.83294e+07   2.80999e+07  1143189    0.81%
  62990 45002   2.81146e+07    38   2.83294e+07   2.80999e+07  1143311    0.81%
  62991 45003   2.81184e+07    38   2.83294e+07   2.80999e+07  1143312    0.81%
  62992 45002        cutoff         2.83294e+07   2.80999e+07  1143316    0.81%
  62993 45003   2.81223e+07    37   2.83294e+07   2.80999e+07  1143317    0.81%
  62994 45004   2.81263e+07    39   2.83294e+07   2.80999e+07  1143320    0.81%
  62995 45004   2.81536e+07    39   2.83294e+07   2.80999e+07  1143334    0.81%
  62996 45005   2.81623e+07    39   2.83294e+07   2.80999e+07  1143336    0.81%
  62997 45006   2.81739e+07    38   2.83294e+07   2.80999e+07  1143339    0.81%
  62998 45007   2.81742e+07    38   2.83294e+07   2.80999e+07  1143345    0.81%
Elapsed time = 42.51 sec. (66127.27 ticks, tree = 116.22 MB, solutions = 31)
  66327 47478   2.83042e+07    42   2.83294e+07   2.80999e+07  1211105    0.81%
  66328 47477        cutoff         2.83294e+07   2.80999e+07  1211109    0.81%
  66329 47478   2.81154e+07    49   2.83294e+07   2.80999e+07  1211205    0.81%
  66330 47478   2.81160e+07    48   2.83294e+07   2.80999e+07  1211212    0.81%
  66331 47479   2.81233e+07    49   2.83294e+07   2.80999e+07  1211214    0.81%
  66332 47480   2.81240e+07    49   2.83294e+07   2.80999e+07  1211218    0.81%
  66333 47481   2.81802e+07    46   2.83294e+07   2.80999e+07  1211237    0.81%
  66334 47482   2.81824e+07    44   2.83294e+07   2.80999e+07  1211245    0.81%
  66335 47483   2.81469e+07    38   2.83294e+07   2.80999e+07  1211255    0.81%
  66336 47484   2.81478e+07    33   2.83294e+07   2.80999e+07  1211263    0.81%
Elapsed time = 44.95 sec. (69958.24 ticks, tree = 130.65 MB, solutions = 31)
  69863 49972   2.81400e+07    35   2.83294e+07   2.80999e+07  1278405    0.81%
  69864 49973   2.81507e+07    35   2.83294e+07   2.80999e+07  1278409    0.81%
  69865 49972        cutoff         2.83294e+07   2.80999e+07  1278411    0.81%
  69866 49971        cutoff         2.83294e+07   2.80999e+07  1278413    0.81%
  69867 49972   2.81986e+07    37   2.83294e+07   2.80999e+07  1278530    0.81%
  69868 49971        cutoff         2.83294e+07   2.80999e+07  1278535    0.81%
  69869 49970        cutoff         2.83294e+07   2.80999e+07  1278539    0.81%
  69870 49970   2.82493e+07    40   2.83294e+07   2.80999e+07  1278637    0.81%
  69871 49971   2.82495e+07    40   2.83294e+07   2.80999e+07  1278642    0.81%
  69872 49972   2.82865e+07    33   2.83294e+07   2.80999e+07  1278680    0.81%
Elapsed time = 47.40 sec. (73792.83 ticks, tree = 144.84 MB, solutions = 31)
  73012 52178        cutoff         2.83294e+07   2.80999e+07  1346274    0.81%
  73013 52179   2.82170e+07    43   2.83294e+07   2.80999e+07  1346283    0.81%
  73014 52180   2.82174e+07    43   2.83294e+07   2.80999e+07  1346289    0.81%
  73015 52180   2.82213e+07    47   2.83294e+07   2.80999e+07  1346307    0.81%
  73016 52180   2.82225e+07    47   2.83294e+07   2.80999e+07  1346311    0.81%
  73017 52181   2.82229e+07    47   2.83294e+07   2.80999e+07  1346312    0.81%
  73018 52182   2.82456e+07    55   2.83294e+07   2.80999e+07  1346343    0.81%
  73019 52183   2.82618e+07    52   2.83294e+07   2.80999e+07  1346360    0.81%
  73020 52184   2.82625e+07    50   2.83294e+07   2.80999e+07  1346364    0.81%
  73021 52185   2.82862e+07    48   2.83294e+07   2.80999e+07  1346379    0.81%
Elapsed time = 49.91 sec. (77614.85 ticks, tree = 157.14 MB, solutions = 31)
  76122 54234   2.82095e+07    35   2.83294e+07   2.80999e+07  1421818    0.81%
  76123 54235   2.82097e+07    36   2.83294e+07   2.80999e+07  1421823    0.81%
  76124 54236   2.82269e+07    49   2.83294e+07   2.80999e+07  1421829    0.81%
  76125 54237   2.82271e+07    43   2.83294e+07   2.80999e+07  1421834    0.81%
  76126 54238   2.82401e+07    41   2.83294e+07   2.80999e+07  1421835    0.81%
  76127 54239   2.82413e+07    41   2.83294e+07   2.80999e+07  1421836    0.81%
  76128 54240   2.82473e+07    41   2.83294e+07   2.80999e+07  1421837    0.81%
  76129 54241   2.82714e+07    41   2.83294e+07   2.80999e+07  1421849    0.81%
  76130 54242   2.82715e+07    37   2.83294e+07   2.80999e+07  1421851    0.81%
  76131 54243   2.82715e+07    37   2.83294e+07   2.80999e+07  1421853    0.81%
Elapsed time = 52.34 sec. (81433.14 ticks, tree = 166.43 MB, solutions = 31)
  79791 56931   2.80999e+07    43   2.83294e+07   2.80999e+07  1490319    0.81%
  79792 56932   2.80999e+07    41   2.83294e+07   2.80999e+07  1490321    0.81%
  79793 56933   2.80999e+07    53   2.83294e+07   2.80999e+07  1490389    0.81%
  79794 56934   2.80999e+07    57   2.83294e+07   2.80999e+07  1490392    0.81%
  79795 56935   2.80999e+07    50   2.83294e+07   2.80999e+07  1490396    0.81%
  79796 56936   2.80999e+07    39   2.83294e+07   2.80999e+07  1490434    0.81%
  79797 56937   2.80999e+07    42   2.83294e+07   2.80999e+07  1490461    0.81%
  79798 56938   2.80999e+07    41   2.83294e+07   2.80999e+07  1490463    0.81%
  79799 56939   2.80999e+07    51   2.83294e+07   2.80999e+07  1490475    0.81%
  79800 56940   2.80999e+07    50   2.83294e+07   2.80999e+07  1490487    0.81%
Elapsed time = 54.80 sec. (85256.31 ticks, tree = 180.15 MB, solutions = 31)
  83719 59613   2.81066e+07    52   2.83294e+07   2.80999e+07  1558192    0.81%
  83720 59614   2.81088e+07    55   2.83294e+07   2.80999e+07  1558199    0.81%
  83721 59615   2.81099e+07    55   2.83294e+07   2.80999e+07  1558202    0.81%
  83722 59616   2.81139e+07    53   2.83294e+07   2.80999e+07  1558208    0.81%
  83723 59617   2.81419e+07    52   2.83294e+07   2.80999e+07  1558216    0.81%
  83724 59618   2.81425e+07    53   2.83294e+07   2.80999e+07  1558217    0.81%
  83725 59619   2.81543e+07    43   2.83294e+07   2.80999e+07  1558230    0.81%
  83726 59620   2.81560e+07    59   2.83294e+07   2.80999e+07  1558244    0.81%
  83727 59621   2.82342e+07    45   2.83294e+07   2.80999e+07  1558298    0.81%
  83728 59622   2.82685e+07    44   2.83294e+07   2.80999e+07  1558315    0.81%
Elapsed time = 57.31 sec. (89081.82 ticks, tree = 189.86 MB, solutions = 31)
  86996 61983   2.80999e+07    50   2.83294e+07   2.80999e+07  1626036    0.81%
  86997 61984   2.81157e+07    45   2.83294e+07   2.80999e+07  1626087    0.81%
  86998 61985   2.81159e+07    41   2.83294e+07   2.80999e+07  1626092    0.81%
  86999 61986   2.81168e+07    45   2.83294e+07   2.80999e+07  1626100    0.81%
  87000 61987   2.81172e+07    45   2.83294e+07   2.80999e+07  1626105    0.81%
  87001 61988   2.81172e+07    39   2.83294e+07   2.80999e+07  1626108    0.81%
  87002 61989   2.81188e+07    34   2.83294e+07   2.80999e+07  1626122    0.81%
  87003 61990   2.81195e+07    39   2.83294e+07   2.80999e+07  1626128    0.81%
  87004 61991   2.81388e+07    39   2.83294e+07   2.80999e+07  1626144    0.81%
  87005 61992   2.81417e+07    37   2.83294e+07   2.80999e+07  1626157    0.81%
Elapsed time = 59.75 sec. (92912.90 ticks, tree = 202.90 MB, solutions = 31)
  90931 64808   2.80999e+07    40   2.83294e+07   2.80999e+07  1695847    0.81%
  90932 64809   2.80999e+07    36   2.83294e+07   2.80999e+07  1695850    0.81%
  90933 64810   2.81886e+07    35   2.83294e+07   2.80999e+07  1695864    0.81%
  90934 64811   2.82241e+07    33   2.83294e+07   2.80999e+07  1695913    0.81%
  90935 64810        cutoff         2.83294e+07   2.80999e+07  1695927    0.81%
  90936 64809    infeasible         2.83294e+07   2.80999e+07  1695927    0.81%
  90937 64810   2.80999e+07    50   2.83294e+07   2.80999e+07  1696045    0.81%
  90938 64811   2.80999e+07    48   2.83294e+07   2.80999e+07  1696168    0.81%
  90939 64812   2.81069e+07    39   2.83294e+07   2.80999e+07  1696440    0.81%
  90940 64813   2.81118e+07    42   2.83294e+07   2.80999e+07  1696446    0.81%
Elapsed time = 62.23 sec. (96759.00 ticks, tree = 216.90 MB, solutions = 31)
  94529 67400   2.81486e+07    42   2.83294e+07   2.80999e+07  1765446    0.81%
  94530 67401   2.81488e+07    42   2.83294e+07   2.80999e+07  1765447    0.81%
  94531 67402   2.81525e+07    41   2.83294e+07   2.80999e+07  1765449    0.81%
  94532 67403   2.81564e+07    43   2.83294e+07   2.80999e+07  1765455    0.81%
  94533 67404   2.81578e+07    43   2.83294e+07   2.80999e+07  1765472    0.81%
  94534 67405   2.81715e+07    43   2.83294e+07   2.80999e+07  1765481    0.81%
  94535 67406   2.81728e+07    43   2.83294e+07   2.80999e+07  1765485    0.81%
  94536 67407   2.81816e+07    43   2.83294e+07   2.80999e+07  1765490    0.81%
  94537 67408   2.81821e+07    40   2.83294e+07   2.80999e+07  1765493    0.81%
  94538 67409   2.81949e+07    41   2.83294e+07   2.80999e+07  1765497    0.81%
Elapsed time = 64.68 sec. (100579.20 ticks, tree = 228.17 MB, solutions = 31)
  97649 69322   2.80999e+07    49   2.83294e+07   2.80999e+07  1838203    0.81%
  97650 69323   2.80999e+07    47   2.83294e+07   2.80999e+07  1838224    0.81%
  97651 69324   2.80999e+07    45   2.83294e+07   2.80999e+07  1838242    0.81%
  97652 69325   2.80999e+07    47   2.83294e+07   2.80999e+07  1838252    0.81%
  97653 69326   2.80999e+07    43   2.83294e+07   2.80999e+07  1838257    0.81%
  97654 69327   2.80999e+07    43   2.83294e+07   2.80999e+07  1838259    0.81%
  97655 69328   2.80999e+07    48   2.83294e+07   2.80999e+07  1838274    0.81%
  97656 69329   2.80999e+07    47   2.83294e+07   2.80999e+07  1838285    0.81%
  97657 69330   2.80999e+07    46   2.83294e+07   2.80999e+07  1838290    0.81%
  97658 69331   2.80999e+07    44   2.83294e+07   2.80999e+07  1838299    0.81%
Elapsed time = 67.17 sec. (104400.21 ticks, tree = 233.47 MB, solutions = 31)
 101099 71888   2.80999e+07    45   2.83294e+07   2.80999e+07  1903711    0.81%
 101100 71889   2.80999e+07    47   2.83294e+07   2.80999e+07  1903721    0.81%
 101101 71890   2.80999e+07    46   2.83294e+07   2.80999e+07  1903725    0.81%
 101102 71891   2.80999e+07    58   2.83294e+07   2.80999e+07  1903742    0.81%
 101103 71892   2.80999e+07    55   2.83294e+07   2.80999e+07  1903747    0.81%
 101104 71893   2.80999e+07    56   2.83294e+07   2.80999e+07  1903748    0.81%
 101105 71894   2.80999e+07    55   2.83294e+07   2.80999e+07  1903749    0.81%
 101106 71895   2.80999e+07    61   2.83294e+07   2.80999e+07  1903755    0.81%
 101107 71896   2.80999e+07    57   2.83294e+07   2.80999e+07  1903765    0.81%
 101108 71897   2.80999e+07    57   2.83294e+07   2.80999e+07  1903775    0.81%
Elapsed time = 69.66 sec. (108223.39 ticks, tree = 241.30 MB, solutions = 31)
 104862 74640   2.83036e+07    27   2.83294e+07   2.80999e+07  1971695    0.81%
 104863 74639        cutoff         2.83294e+07   2.80999e+07  1971701    0.81%
 104864 74638    infeasible         2.83294e+07   2.80999e+07  1971701    0.81%
 104865 74637        cutoff         2.83294e+07   2.80999e+07  1971726    0.81%
 104866 74638   2.80999e+07    39   2.83294e+07   2.80999e+07  1971794    0.81%
 104867 74639   2.80999e+07    41   2.83294e+07   2.80999e+07  1971812    0.81%
 104868 74640   2.80999e+07    31   2.83294e+07   2.80999e+07  1971834    0.81%
 104869 74641   2.80999e+07    39   2.83294e+07   2.80999e+07  1971883    0.81%
 104870 74642   2.80999e+07    31   2.83294e+07   2.80999e+07  1971913    0.81%
 104871 74643   2.80999e+07    31   2.83294e+07   2.80999e+07  1971927    0.81%
Elapsed time = 72.09 sec. (112052.05 ticks, tree = 249.24 MB, solutions = 31)
 108397 77218   2.80999e+07    24   2.83294e+07   2.80999e+07  2035473    0.81%
 108398 77219   2.80999e+07    29   2.83294e+07   2.80999e+07  2035482    0.81%
 108399 77220   2.80999e+07    25   2.83294e+07   2.80999e+07  2035483    0.81%
 108400 77221   2.80999e+07    30   2.83294e+07   2.80999e+07  2035503    0.81%
 108401 77222   2.80999e+07    28   2.83294e+07   2.80999e+07  2035504    0.81%
 108402 77223   2.80999e+07    27   2.83294e+07   2.80999e+07  2035524    0.81%
 108403 77224   2.80999e+07    30   2.83294e+07   2.80999e+07  2035531    0.81%
 108404 77225   2.80999e+07    26   2.83294e+07   2.80999e+07  2035539    0.81%
 108405 77226   2.80999e+07    27   2.83294e+07   2.80999e+07  2035547    0.81%
 108406 77227   2.80999e+07    26   2.83294e+07   2.80999e+07  2035553    0.81%
Elapsed time = 75.12 sec. (115872.36 ticks, tree = 261.75 MB, solutions = 31)
 112601 79692   2.80999e+07    41   2.83294e+07   2.80999e+07  2109311    0.81%
 112602 79691        cutoff         2.83294e+07   2.80999e+07  2109330    0.81%
 112603 79690        cutoff         2.83294e+07   2.80999e+07  2109343    0.81%
 112604 79691   2.81608e+07    39   2.83294e+07   2.80999e+07  2109497    0.81%
 112605 79692   2.81815e+07    34   2.83294e+07   2.80999e+07  2109515    0.81%
 112606 79693   2.81898e+07    32   2.83294e+07   2.80999e+07  2109525    0.81%
 112607 79692        cutoff         2.83294e+07   2.80999e+07  2109538    0.81%
 112608 79693   2.81901e+07    33   2.83294e+07   2.80999e+07  2109542    0.81%
 112609 79694   2.82047e+07    40   2.83294e+07   2.80999e+07  2109552    0.81%
 112610 79695   2.83266e+07    29   2.83294e+07   2.80999e+07  2109592    0.81%
Elapsed time = 77.79 sec. (119825.76 ticks, tree = 262.84 MB, solutions = 31)
 115982 82041   2.81196e+07    32   2.83294e+07   2.80999e+07  2181755    0.81%
 115983 82042   2.81201e+07    42   2.83294e+07   2.80999e+07  2181760    0.81%
 115984 82043   2.81205e+07    31   2.83294e+07   2.80999e+07  2181764    0.81%
 115985 82044   2.81213e+07    30   2.83294e+07   2.80999e+07  2181767    0.81%
 115986 82045   2.81320e+07    39   2.83294e+07   2.80999e+07  2181773    0.81%
 115987 82046   2.81322e+07    32   2.83294e+07   2.80999e+07  2181777    0.81%
 115988 82047   2.81389e+07    41   2.83294e+07   2.80999e+07  2181782    0.81%
 115989 82048   2.81392e+07    32   2.83294e+07   2.80999e+07  2181785    0.81%
 115990 82049   2.81524e+07    41   2.83294e+07   2.80999e+07  2181794    0.81%
 115991 82050   2.81530e+07    40   2.83294e+07   2.80999e+07  2181799    0.81%
Elapsed time = 80.23 sec. (123645.02 ticks, tree = 273.54 MB, solutions = 31)
 119331 84446   2.81049e+07    39   2.83294e+07   2.80999e+07  2248423    0.81%
 119332 84447   2.81213e+07    43   2.83294e+07   2.80999e+07  2248440    0.81%
 119333 84448   2.81252e+07    42   2.83294e+07   2.80999e+07  2248446    0.81%
 119334 84449   2.82641e+07    42   2.83294e+07   2.80999e+07  2248498    0.81%
 119335 84448        cutoff         2.83294e+07   2.80999e+07  2248503    0.81%
 119336 84447        cutoff         2.83294e+07   2.80999e+07  2248513    0.81%
 119337 84448   2.80999e+07    33   2.83294e+07   2.80999e+07  2248613    0.81%
 119338 84449   2.80999e+07    34   2.83294e+07   2.80999e+07  2248626    0.81%
 119339 84450   2.80999e+07    53   2.83294e+07   2.80999e+07  2248708    0.81%
 119340 84451   2.80999e+07    61   2.83294e+07   2.80999e+07  2248715    0.81%
Elapsed time = 82.71 sec. (127475.34 ticks, tree = 287.39 MB, solutions = 31)
 122739 86920   2.80999e+07    42   2.83294e+07   2.80999e+07  2314989    0.81%
 122740 86921   2.81010e+07    44   2.83294e+07   2.80999e+07  2315010    0.81%
 122741 86922   2.81019e+07    44   2.83294e+07   2.80999e+07  2315013    0.81%
 122742 86923   2.82498e+07    53   2.83294e+07   2.80999e+07  2315078    0.81%
 122743 86924   2.81020e+07    44   2.83294e+07   2.80999e+07  2315080    0.81%
 122744 86925   2.81021e+07    44   2.83294e+07   2.80999e+07  2315082    0.81%
 122745 86926   2.81028e+07    44   2.83294e+07   2.80999e+07  2315083    0.81%
 122746 86927   2.82904e+07    31   2.83294e+07   2.80999e+07  2315155    0.81%
 122747 86926        cutoff         2.83294e+07   2.80999e+07  2315158    0.81%
 122748 86925        cutoff         2.83294e+07   2.80999e+07  2315160    0.81%
Elapsed time = 85.19 sec. (131304.78 ticks, tree = 300.83 MB, solutions = 31)
 126091 89213   2.81303e+07    39   2.83294e+07   2.80999e+07  2384328    0.81%
 126092 89214   2.81458e+07    39   2.83294e+07   2.80999e+07  2384345    0.81%
 126093 89215   2.81560e+07    39   2.83294e+07   2.80999e+07  2384351    0.81%
 126094 89216   2.81646e+07    40   2.83294e+07   2.80999e+07  2384359    0.81%
 126095 89217   2.81651e+07    39   2.83294e+07   2.80999e+07  2384364    0.81%
 126096 89218   2.81699e+07    34   2.83294e+07   2.80999e+07  2384377    0.81%
 126097 89219   2.81715e+07    38   2.83294e+07   2.80999e+07  2384382    0.81%
 126098 89220   2.81732e+07    38   2.83294e+07   2.80999e+07  2384383    0.81%
 126099 89221   2.81742e+07    39   2.83294e+07   2.80999e+07  2384388    0.81%
 126100 89222   2.81742e+07    39   2.83294e+07   2.80999e+07  2384389    0.81%
Elapsed time = 87.66 sec. (135131.72 ticks, tree = 312.32 MB, solutions = 31)
 129728 91637        cutoff         2.83294e+07   2.80999e+07  2455128    0.81%
 129729 91638   2.80999e+07    36   2.83294e+07   2.80999e+07  2455214    0.81%
 129730 91639   2.80999e+07    32   2.83294e+07   2.80999e+07  2455235    0.81%
 129731 91640   2.80999e+07    39   2.83294e+07   2.80999e+07  2455264    0.81%
 129732 91641   2.80999e+07    35   2.83294e+07   2.80999e+07  2455268    0.81%
 129733 91640        cutoff         2.83294e+07   2.80999e+07  2455407    0.81%
 129734 91641   2.80999e+07    35   2.83294e+07   2.80999e+07  2455421    0.81%
 129735 91642   2.80999e+07    33   2.83294e+07   2.80999e+07  2455473    0.81%
 129736 91643   2.80999e+07    33   2.83294e+07   2.80999e+07  2455507    0.81%
 129737 91644   2.80999e+07    38   2.83294e+07   2.80999e+07  2455550    0.81%
Elapsed time = 90.14 sec. (138968.83 ticks, tree = 325.43 MB, solutions = 31)
 132669 93263        cutoff         2.83294e+07   2.80999e+07  2500673    0.81%
 132670 93263   2.82330e+07    31   2.83294e+07   2.80999e+07  2500754    0.81%
 132671 93262        cutoff         2.83294e+07   2.80999e+07  2500759    0.81%
 132672 93263   2.80999e+07    27   2.83294e+07   2.80999e+07  2500827    0.81%
 132673 93264   2.80999e+07    27   2.83294e+07   2.80999e+07  2500835    0.81%
 132674 93265   2.80999e+07    26   2.83294e+07   2.80999e+07  2500837    0.81%
 132675 93266   2.80999e+07    26   2.83294e+07   2.80999e+07  2500853    0.81%
 132676 93267   2.80999e+07    27   2.83294e+07   2.80999e+07  2500854    0.81%
 132677 93268   2.80999e+07    27   2.83294e+07   2.80999e+07  2500859    0.81%
 132678 93269   2.80999e+07    29   2.83294e+07   2.80999e+07  2500860    0.81%
Elapsed time = 92.83 sec. (142793.59 ticks, tree = 332.18 MB, solutions = 31)
 134501 94054   2.80999e+07    31   2.83294e+07   2.80999e+07  2533757    0.81%
 134502 94055   2.80999e+07    28   2.83294e+07   2.80999e+07  2533778    0.81%
 134503 94056   2.80999e+07    26   2.83294e+07   2.80999e+07  2533787    0.81%
 134504 94057   2.80999e+07    30   2.83294e+07   2.80999e+07  2533820    0.81%
 134505 94058   2.80999e+07    26   2.83294e+07   2.80999e+07  2533821    0.81%
 134506 94059   2.80999e+07    26   2.83294e+07   2.80999e+07  2533838    0.81%
 134507 94060   2.80999e+07    29   2.83294e+07   2.80999e+07  2533868    0.81%
 134508 94061   2.80999e+07    28   2.83294e+07   2.80999e+07  2533916    0.81%
 134509 94062   2.80999e+07    27   2.83294e+07   2.80999e+07  2533920    0.81%
 134510 94063   2.80999e+07    39   2.83294e+07   2.80999e+07  2533975    0.81%
Elapsed time = 95.62 sec. (146623.39 ticks, tree = 332.26 MB, solutions = 31)
 136343 94990   2.80999e+07    40   2.83294e+07   2.80999e+07  2572832    0.81%
 136344 94991   2.80999e+07    39   2.83294e+07   2.80999e+07  2572850    0.81%
 136345 94992   2.80999e+07    38   2.83294e+07   2.80999e+07  2572867    0.81%
 136346 94992   2.82790e+07    27   2.83294e+07   2.80999e+07  2573013    0.81%
 136347 94991        cutoff         2.83294e+07   2.80999e+07  2573016    0.81%
 136348 94992   2.82036e+07    30   2.83294e+07   2.80999e+07  2573106    0.81%
 136349 94991        cutoff         2.83294e+07   2.80999e+07  2573115    0.81%
 136350 94990    infeasible         2.83294e+07   2.80999e+07  2573115    0.81%
 136351 94991   2.80999e+07    34   2.83294e+07   2.80999e+07  2573116    0.81%
 136352 94992   2.80999e+07    36   2.83294e+07   2.80999e+07  2573167    0.81%
Elapsed time = 98.35 sec. (150458.56 ticks, tree = 332.51 MB, solutions = 31)

Cover cuts applied:  353
Mixed integer rounding cuts applied:  6
Gomory fractional cuts applied:  9

Root node processing (before b&c):
  Real time             =    0.04 sec. (39.40 ticks)
Sequential b&c:
  Real time             =   99.96 sec. (152960.20 ticks)
                          ------------
Total (root+branch&cut) =  100.00 sec. (152999.60 ticks)

Solution pool: 31 solutions saved.

MIP - Time limit exceeded, integer feasible:  Objective =  2.8329357000e+07
Current MIP best bound =  2.8099855000e+07 (gap = 229502, 0.81%)
Solution time =  100.00 sec.  Iterations = 2616126  Nodes = 138260 (96292)
Deterministic time = 152999.60 ticks  (1529.99 ticks/sec)


Incumbent solution written to file '/tmp/tmpkkXU3R.cplex.sol'.
