
Log started (V12.6.3.0) Sat Apr 21 14:06:44 2018

New value for default parallel thread count: 1

Problem '/tmp/tmp1IUp6H.pyomo.lp' read.
Read time = 0.01 sec. (0.57 ticks)

Problem name         : /tmp/tmp1IUp6H.pyomo.lp
Objective sense      : Minimize
Variables            :     794  [Nneg: 1,  Binary: 780,  General Integer: 13]
Objective nonzeros   :       1
Linear constraints   :     157  [Less: 77,  Equal: 80]
  Nonzeros           :   40301
  RHS nonzeros       :     131

Variables            : Min LB: 0.000000         Max UB: 1.000000       
Objective nonzeros   : Min   : 1.000000         Max   : 1.000000       
Linear constraints   :
  Nonzeros           : Min   : 1.000000         Max   : 8298339.       
  RHS nonzeros       : Min   : 1.000000         Max   : 7.000000       
Tried aggregator 2 times.
MIP Presolve eliminated 71 rows and 160 columns.
Aggregator did 3 substitutions.
Reduced MIP has 83 rows, 631 columns, and 1729 nonzeros.
Reduced MIP has 620 binaries, 11 generals, 0 SOSs, and 0 indicators.
Presolve time = 0.01 sec. (7.25 ticks)
Found incumbent of value 9.5959878e+07 after 0.01 sec. (8.34 ticks)
Probing time = 0.00 sec. (1.74 ticks)
Cover probing fixed 0 vars, tightened 21 bounds.
Tried aggregator 2 times.
Aggregator did 10 substitutions.
Reduced MIP has 73 rows, 621 columns, and 1709 nonzeros.
Reduced MIP has 620 binaries, 1 generals, 0 SOSs, and 0 indicators.
Presolve time = 0.00 sec. (1.61 ticks)
Probing time = 0.00 sec. (0.95 ticks)
Cover probing fixed 0 vars, tightened 6 bounds.
Clique table members: 62.
MIP emphasis: balance optimality and feasibility.
MIP search method: dynamic search.
Parallel mode: none, using 1 thread.
Root relaxation solution time = 0.00 sec. (0.67 ticks)

        Nodes                                         Cuts/
   Node  Left     Objective  IInf  Best Integer    Best Bound    ItCnt     Gap

*     0+    0                       9.59599e+07        0.0000           100.00%
      0     0   2.80999e+07    17   9.59599e+07   2.80999e+07       33   70.72%
*     0+    0                       3.14745e+07   2.80999e+07            10.72%
      0     0   2.80999e+07    17   3.14745e+07      Fract: 8       59   10.72%
      0     0   2.80999e+07    22   3.14745e+07      Cuts: 12       99   10.72%
*     0+    0                       3.12331e+07   2.80999e+07            10.03%
      0     2   2.80999e+07    15   3.12331e+07   2.80999e+07       99   10.03%
Elapsed time = 0.03 sec. (32.60 ticks, tree = 0.01 MB, solutions = 2)
*   240+  179                       3.12160e+07   2.80999e+07             9.98%
*   260+  178                       3.09438e+07   2.80999e+07             9.19%
*   270+  188                       3.08996e+07   2.80999e+07             9.06%
*   414+  323                       3.01503e+07   2.80999e+07             6.80%
*   414+  323                       2.98998e+07   2.80999e+07             6.02%
*   525+  433                       2.96622e+07   2.80999e+07             5.27%
*   525+  433                       2.96593e+07   2.80999e+07             5.26%
*   526+  433                       2.95994e+07   2.80999e+07             5.07%
*   527+  289                       2.94312e+07   2.80999e+07             4.52%
*   527+  192                       2.93432e+07   2.80999e+07             4.24%
    527   193   2.80999e+07    19   2.93432e+07   2.80999e+07     2394    4.24%
    528   193   2.80999e+07    23   2.93432e+07   2.80999e+07     2399    4.24%
    529   194   2.80999e+07    20   2.93432e+07   2.80999e+07     2412    4.24%
    530   195   2.80999e+07    20   2.93432e+07   2.80999e+07     2413    4.24%
    531   195   2.80999e+07    20   2.93432e+07   2.80999e+07     2414    4.24%
    532   195   2.80999e+07    21   2.93432e+07   2.80999e+07     2416    4.24%
    533   196   2.80999e+07    21   2.93432e+07   2.80999e+07     2417    4.24%
    534   196   2.80999e+07    20   2.93432e+07   2.80999e+07     2425    4.24%
    535   197   2.80999e+07    20   2.93432e+07   2.80999e+07     2426    4.24%
*   627+  162                       2.91611e+07   2.80999e+07             3.64%
*   627+  125                       2.91461e+07   2.80999e+07             3.59%
*   627+  104                       2.91083e+07   2.80999e+07             3.46%
*   627+   90                       2.90819e+07   2.80999e+07             3.38%
*   627+   81                       2.90404e+07   2.80999e+07             3.24%
*   927+  242                       2.89623e+07   2.80999e+07             2.98%
*   927+  238                       2.88561e+07   2.80999e+07             2.62%
*  1127+  380                       2.87951e+07   2.80999e+07             2.41%
*  1127+  373                       2.86835e+07   2.80999e+07             2.03%
*  1127+  352                       2.86133e+07   2.80999e+07             1.79%
*  1127+  246                       2.82434e+07   2.80999e+07             0.51%
   1145   253   2.80999e+07    20   2.82434e+07   2.80999e+07     5539    0.51%
Elapsed time = 0.80 sec. (986.59 ticks, tree = 0.13 MB, solutions = 23)
*  1727+  540                       2.82382e+07   2.80999e+07             0.49%
   2729  1040   2.80999e+07    22   2.82382e+07   2.80999e+07    18220    0.49%
   2730  1041   2.80999e+07    22   2.82382e+07   2.80999e+07    18229    0.49%
   2731  1042   2.80999e+07    20   2.82382e+07   2.80999e+07    18234    0.49%
   2732  1043   2.80999e+07    20   2.82382e+07   2.80999e+07    18238    0.49%
   2733  1044   2.80999e+07    20   2.82382e+07   2.80999e+07    18239    0.49%
   2734  1045   2.80999e+07    20   2.82382e+07   2.80999e+07    18240    0.49%
   2735  1046   2.80999e+07    16   2.82382e+07   2.80999e+07    18244    0.49%
   2736  1047   2.80999e+07    20   2.82382e+07   2.80999e+07    18254    0.49%
   2737  1048   2.81347e+07    21   2.82382e+07   2.80999e+07    18279    0.49%
   2738  1047        cutoff         2.82382e+07   2.80999e+07    18280    0.49%
Elapsed time = 1.56 sec. (1942.18 ticks, tree = 0.54 MB, solutions = 24)
   4535  2172   2.80999e+07    18   2.82382e+07   2.80999e+07    37679    0.49%
   4536  2171        cutoff         2.82382e+07   2.80999e+07    37698    0.49%
   4537  2170        cutoff         2.82382e+07   2.80999e+07    37717    0.49%
   4538  2169        cutoff         2.82382e+07   2.80999e+07    37730    0.49%
   4539  2168        cutoff         2.82382e+07   2.80999e+07    37799    0.49%
   4540  2169   2.81441e+07    23   2.82382e+07   2.80999e+07    37864    0.49%
   4541  2170   2.81669e+07    15   2.82382e+07   2.80999e+07    37874    0.49%
   4542  2171   2.81670e+07    15   2.82382e+07   2.80999e+07    37876    0.49%
   4543  2172   2.81687e+07    18   2.82382e+07   2.80999e+07    37880    0.49%
   4544  2173   2.81731e+07    17   2.82382e+07   2.80999e+07    37882    0.49%
Elapsed time = 2.25 sec. (2902.86 ticks, tree = 1.12 MB, solutions = 24)
   5898  3028   2.80999e+07    30   2.82382e+07   2.80999e+07    57331    0.49%
   5899  3029   2.80999e+07    33   2.82382e+07   2.80999e+07    57341    0.49%
   5900  3030   2.81427e+07    28   2.82382e+07   2.80999e+07    57435    0.49%
   5901  3031   2.80999e+07    28   2.82382e+07   2.80999e+07    57442    0.49%
   5902  3032   2.80999e+07    30   2.82382e+07   2.80999e+07    57445    0.49%
   5903  3033   2.80999e+07    26   2.82382e+07   2.80999e+07    57446    0.49%
   5904  3034   2.80999e+07    30   2.82382e+07   2.80999e+07    57449    0.49%
   5905  3035   2.80999e+07    29   2.82382e+07   2.80999e+07    57451    0.49%
   5906  3036   2.80999e+07    26   2.82382e+07   2.80999e+07    57460    0.49%
   5907  3037   2.80999e+07    28   2.82382e+07   2.80999e+07    57466    0.49%
Elapsed time = 2.91 sec. (3863.85 ticks, tree = 1.53 MB, solutions = 24)
   7597  4281   2.80999e+07    34   2.82382e+07   2.80999e+07    77204    0.49%
   7598  4282   2.80999e+07    32   2.82382e+07   2.80999e+07    77205    0.49%
   7599  4283   2.82059e+07    28   2.82382e+07   2.80999e+07    77214    0.49%
   7600  4282        cutoff         2.82382e+07   2.80999e+07    77223    0.49%
   7601  4281        cutoff         2.82382e+07   2.80999e+07    77224    0.49%
   7602  4280        cutoff         2.82382e+07   2.80999e+07    77226    0.49%
   7603  4279        cutoff         2.82382e+07   2.80999e+07    77267    0.49%
   7604  4278        cutoff         2.82382e+07   2.80999e+07    77335    0.49%
   7605  4277        cutoff         2.82382e+07   2.80999e+07    77400    0.49%
   7606  4278   2.81878e+07    30   2.82382e+07   2.80999e+07    77492    0.49%
Elapsed time = 3.57 sec. (4828.40 ticks, tree = 5.77 MB, solutions = 24)
   8760  4984   2.80999e+07    46   2.82382e+07   2.80999e+07    98045    0.49%
   8761  4985   2.80999e+07    49   2.82382e+07   2.80999e+07    98067    0.49%
   8762  4984        cutoff         2.82382e+07   2.80999e+07    98073    0.49%
   8763  4985   2.80999e+07    51   2.82382e+07   2.80999e+07    98078    0.49%
   8764  4986   2.80999e+07    49   2.82382e+07   2.80999e+07    98098    0.49%
   8765  4985        cutoff         2.82382e+07   2.80999e+07    98110    0.49%
   8766  4986   2.80999e+07    52   2.82382e+07   2.80999e+07    98129    0.49%
   8767  4985        cutoff         2.82382e+07   2.80999e+07    98168    0.49%
   8768  4984        cutoff         2.82382e+07   2.80999e+07    98183    0.49%
   8769  4983        cutoff         2.82382e+07   2.80999e+07    98321    0.49%
Elapsed time = 4.23 sec. (5792.36 ticks, tree = 6.86 MB, solutions = 24)
   9606  5425        cutoff         2.82382e+07   2.80999e+07   117382    0.49%
   9607  5426   2.80999e+07    45   2.82382e+07   2.80999e+07   117619    0.49%
   9608  5427   2.80999e+07    44   2.82382e+07   2.80999e+07   117621    0.49%
   9609  5428   2.80999e+07    44   2.82382e+07   2.80999e+07   117622    0.49%
   9610  5429   2.80999e+07    43   2.82382e+07   2.80999e+07   117629    0.49%
   9611  5430   2.80999e+07    42   2.82382e+07   2.80999e+07   117630    0.49%
   9612  5431   2.80999e+07    42   2.82382e+07   2.80999e+07   117632    0.49%
   9613  5432   2.80999e+07    41   2.82382e+07   2.80999e+07   117634    0.49%
   9614  5433   2.80999e+07    43   2.82382e+07   2.80999e+07   117637    0.49%
   9615  5434   2.80999e+07    45   2.82382e+07   2.80999e+07   117647    0.49%
Elapsed time = 4.88 sec. (6760.22 ticks, tree = 8.04 MB, solutions = 24)
  10451  5997   2.80999e+07    40   2.82382e+07   2.80999e+07   136061    0.49%
  10452  5998   2.81304e+07    61   2.82382e+07   2.80999e+07   136114    0.49%
  10453  5997        cutoff         2.82382e+07   2.80999e+07   136116    0.49%
  10454  5996        cutoff         2.82382e+07   2.80999e+07   136141    0.49%
  10455  5995        cutoff         2.82382e+07   2.80999e+07   136153    0.49%
  10456  5994        cutoff         2.82382e+07   2.80999e+07   136306    0.49%
  10457  5993        cutoff         2.82382e+07   2.80999e+07   136415    0.49%
  10458  5992    infeasible         2.82382e+07   2.80999e+07   136415    0.49%
  10459  5993   2.81253e+07    46   2.82382e+07   2.80999e+07   136570    0.49%
  10460  5994   2.81445e+07    41   2.82382e+07   2.80999e+07   136577    0.49%
Elapsed time = 5.51 sec. (7737.36 ticks, tree = 9.93 MB, solutions = 24)
* 10487+ 5962                       2.82330e+07   2.80999e+07             0.47%
* 10487+ 5827                       2.82196e+07   2.80999e+07             0.42%
  10699  5848   2.80999e+07    40   2.82196e+07   2.80999e+07   148832    0.42%
  10700  5849   2.80999e+07    38   2.82196e+07   2.80999e+07   148836    0.42%
  10701  5850   2.80999e+07    34   2.82196e+07   2.80999e+07   148841    0.42%
  10702  5851   2.80999e+07    36   2.82196e+07   2.80999e+07   148848    0.42%
  10703  5852   2.80999e+07    35   2.82196e+07   2.80999e+07   148851    0.42%
  10704  5853   2.80999e+07    31   2.82196e+07   2.80999e+07   148855    0.42%
  10705  5854   2.80999e+07    43   2.82196e+07   2.80999e+07   148873    0.42%
  10706  5855   2.80999e+07    38   2.82196e+07   2.80999e+07   148876    0.42%
  10707  5856   2.80999e+07    42   2.82196e+07   2.80999e+07   148882    0.42%
  10708  5857   2.80999e+07    37   2.82196e+07   2.80999e+07   148884    0.42%
Elapsed time = 6.31 sec. (8696.92 ticks, tree = 9.90 MB, solutions = 26)
  11466  6329   2.80999e+07    27   2.82196e+07   2.80999e+07   167786    0.42%
  11467  6330   2.80999e+07    27   2.82196e+07   2.80999e+07   167788    0.42%
  11468  6331   2.80999e+07    27   2.82196e+07   2.80999e+07   167827    0.42%
  11469  6332   2.80999e+07    32   2.82196e+07   2.80999e+07   167839    0.42%
  11470  6333   2.80999e+07    31   2.82196e+07   2.80999e+07   167840    0.42%
  11471  6334   2.80999e+07    27   2.82196e+07   2.80999e+07   167841    0.42%
  11472  6335   2.80999e+07    28   2.82196e+07   2.80999e+07   167846    0.42%
  11473  6336   2.80999e+07    27   2.82196e+07   2.80999e+07   167848    0.42%
  11474  6337   2.81243e+07    34   2.82196e+07   2.80999e+07   167912    0.42%
  14227  8182   2.81101e+07    23   2.82196e+07   2.80999e+07   224220    0.42%
Elapsed time = 8.83 sec. (12516.72 ticks, tree = 15.03 MB, solutions = 26)
  19926 12098        cutoff         2.82196e+07   2.80999e+07   299088    0.42%
  19927 12097        cutoff         2.82196e+07   2.80999e+07   299135    0.42%
  19928 12096        cutoff         2.82196e+07   2.80999e+07   299146    0.42%
  19929 12097   2.80999e+07    20   2.82196e+07   2.80999e+07   299164    0.42%
  19930 12098   2.80999e+07    26   2.82196e+07   2.80999e+07   299188    0.42%
  19931 12099   2.80999e+07    23   2.82196e+07   2.80999e+07   299197    0.42%
  19932 12100   2.80999e+07    22   2.82196e+07   2.80999e+07   299199    0.42%
  19933 12101   2.81043e+07    29   2.82196e+07   2.80999e+07   299230    0.42%
  19934 12102   2.81020e+07    20   2.82196e+07   2.80999e+07   299257    0.42%
  19935 12103   2.81529e+07    23   2.82196e+07   2.80999e+07   299298    0.42%
Elapsed time = 11.52 sec. (16340.45 ticks, tree = 31.19 MB, solutions = 26)
* 22727+13096                       2.81998e+07   2.80999e+07             0.35%
* 22827+13071                       2.81969e+07   2.80999e+07             0.34%
  25586 14704   2.80999e+07    45   2.81969e+07   2.80999e+07   375397    0.34%
  25587 14705   2.80999e+07    42   2.81969e+07   2.80999e+07   375399    0.34%
  25588 14706   2.80999e+07    38   2.81969e+07   2.80999e+07   375433    0.34%
  25589 14707   2.80999e+07    34   2.81969e+07   2.80999e+07   375436    0.34%
  25590 14708   2.80999e+07    35   2.81969e+07   2.80999e+07   375441    0.34%
  25591 14709   2.80999e+07    39   2.81969e+07   2.80999e+07   375450    0.34%
  25592 14710   2.80999e+07    37   2.81969e+07   2.80999e+07   375465    0.34%
  25593 14711   2.80999e+07    34   2.81969e+07   2.80999e+07   375483    0.34%
  25594 14712   2.80999e+07    39   2.81969e+07   2.80999e+07   375508    0.34%
  25595 14713   2.80999e+07    36   2.81969e+07   2.80999e+07   375511    0.34%
Elapsed time = 14.19 sec. (20161.61 ticks, tree = 47.66 MB, solutions = 28)
  30174 17150   2.80999e+07    36   2.81969e+07   2.80999e+07   453016    0.34%
  30175 17151   2.80999e+07    35   2.81969e+07   2.80999e+07   453056    0.34%
  30176 17152   2.80999e+07    36   2.81969e+07   2.80999e+07   453075    0.34%
  30177 17153   2.80999e+07    38   2.81969e+07   2.80999e+07   453120    0.34%
  30178 17154   2.80999e+07    35   2.81969e+07   2.80999e+07   453130    0.34%
  30179 17155   2.80999e+07    33   2.81969e+07   2.80999e+07   453141    0.34%
  30180 17156   2.80999e+07    37   2.81969e+07   2.80999e+07   453150    0.34%
  30181 17157   2.80999e+07    32   2.81969e+07   2.80999e+07   453188    0.34%
  30182 17158   2.80999e+07    28   2.81969e+07   2.80999e+07   453202    0.34%
  30183 17159   2.80999e+07    33   2.81969e+07   2.80999e+07   453258    0.34%
Elapsed time = 16.88 sec. (23988.82 ticks, tree = 61.05 MB, solutions = 28)
  34837 19843   2.80999e+07    23   2.81969e+07   2.80999e+07   536155    0.34%
  34838 19844   2.80999e+07    24   2.81969e+07   2.80999e+07   536157    0.34%
  34839 19845   2.80999e+07    22   2.81969e+07   2.80999e+07   536165    0.34%
  34840 19846   2.80999e+07    31   2.81969e+07   2.80999e+07   536201    0.34%
  34841 19847   2.80999e+07    31   2.81969e+07   2.80999e+07   536224    0.34%
  34842 19848   2.80999e+07    28   2.81969e+07   2.80999e+07   536225    0.34%
  34843 19849   2.80999e+07    26   2.81969e+07   2.80999e+07   536226    0.34%
  34844 19850   2.80999e+07    30   2.81969e+07   2.80999e+07   536229    0.34%
  34845 19851   2.80999e+07    30   2.81969e+07   2.80999e+07   536230    0.34%
  34846 19852   2.80999e+07    28   2.81969e+07   2.80999e+07   536231    0.34%
Elapsed time = 19.48 sec. (27807.21 ticks, tree = 66.10 MB, solutions = 28)
  39127 21860   2.81545e+07    28   2.81969e+07   2.80999e+07   611629    0.34%
  39128 21861   2.81545e+07    29   2.81969e+07   2.80999e+07   611632    0.34%
  39129 21862   2.81546e+07    28   2.81969e+07   2.80999e+07   611633    0.34%
  39130 21863   2.81547e+07    28   2.81969e+07   2.80999e+07   611635    0.34%
  39131 21864   2.81549e+07    28   2.81969e+07   2.80999e+07   611636    0.34%
  39132 21865   2.81550e+07    28   2.81969e+07   2.80999e+07   611637    0.34%
  39133 21865   2.81550e+07    29   2.81969e+07   2.80999e+07   611638    0.34%
  39134 21866   2.81594e+07    29   2.81969e+07   2.80999e+07   611640    0.34%
  39135 21867   2.81622e+07    29   2.81969e+07   2.80999e+07   611641    0.34%
  39136 21867   2.81630e+07    34   2.81969e+07   2.80999e+07   611644    0.34%
Elapsed time = 22.32 sec. (31625.24 ticks, tree = 72.55 MB, solutions = 28)
  44565 25441   2.81126e+07    29   2.81969e+07   2.80999e+07   682748    0.34%
  44566 25442   2.81580e+07    24   2.81969e+07   2.80999e+07   682752    0.34%
  44567 25441        cutoff         2.81969e+07   2.80999e+07   682755    0.34%
  44568 25442   2.81580e+07    24   2.81969e+07   2.80999e+07   682757    0.34%
  44569 25443   2.81580e+07    33   2.81969e+07   2.80999e+07   682771    0.34%
  44570 25442        cutoff         2.81969e+07   2.80999e+07   682788    0.34%
  44571 25441        cutoff         2.81969e+07   2.80999e+07   682814    0.34%
  44572 25442   2.80999e+07    28   2.81969e+07   2.80999e+07   682837    0.34%
  44573 25443   2.80999e+07    34   2.81969e+07   2.80999e+07   682864    0.34%
  44574 25444   2.80999e+07    28   2.81969e+07   2.80999e+07   682871    0.34%
Elapsed time = 25.92 sec. (35445.45 ticks, tree = 92.93 MB, solutions = 28)
  49332 28090   2.81656e+07    24   2.81969e+07   2.80999e+07   755008    0.34%
  49333 28089        cutoff         2.81969e+07   2.80999e+07   755010    0.34%
  49334 28088    infeasible         2.81969e+07   2.80999e+07   755011    0.34%
  49335 28087        cutoff         2.81969e+07   2.80999e+07   755046    0.34%
  49336 28086        cutoff         2.81969e+07   2.80999e+07   755120    0.34%
  49337 28085    infeasible         2.81969e+07   2.80999e+07   755120    0.34%
  49338 28086   2.80999e+07    34   2.81969e+07   2.80999e+07   755179    0.34%
  49339 28087   2.80999e+07    33   2.81969e+07   2.80999e+07   755180    0.34%
  49340 28088   2.80999e+07    32   2.81969e+07   2.80999e+07   755185    0.34%
  49341 28089   2.80999e+07    33   2.81969e+07   2.80999e+07   755197    0.34%
Elapsed time = 29.50 sec. (39267.45 ticks, tree = 107.44 MB, solutions = 28)
  53950 30051   2.81558e+07    28   2.81969e+07   2.80999e+07   828860    0.34%
  53951 30050        cutoff         2.81969e+07   2.80999e+07   828862    0.34%
  53952 30049        cutoff         2.81969e+07   2.80999e+07   828863    0.34%
  53953 30048        cutoff         2.81969e+07   2.80999e+07   828920    0.34%
  53954 30049   2.81256e+07    26   2.81969e+07   2.80999e+07   828999    0.34%
  53955 30048        cutoff         2.81969e+07   2.80999e+07   829011    0.34%
  53956 30047        cutoff         2.81969e+07   2.80999e+07   829026    0.34%
  53957 30046        cutoff         2.81969e+07   2.80999e+07   829045    0.34%
  53958 30047   2.80999e+07    28   2.81969e+07   2.80999e+07   829086    0.34%
  53959 30048   2.80999e+07    25   2.81969e+07   2.80999e+07   829097    0.34%
Elapsed time = 33.11 sec. (43093.52 ticks, tree = 118.61 MB, solutions = 28)
  58470 32210   2.80999e+07    25   2.81969e+07   2.80999e+07   901052    0.34%
  58471 32211   2.81088e+07    31   2.81969e+07   2.80999e+07   901081    0.34%
  58472 32212   2.81092e+07    30   2.81969e+07   2.80999e+07   901085    0.34%
  58473 32213   2.81098e+07    28   2.81969e+07   2.80999e+07   901086    0.34%
  58474 32214   2.81211e+07    23   2.81969e+07   2.80999e+07   901091    0.34%
  58475 32215   2.81244e+07    24   2.81969e+07   2.80999e+07   901094    0.34%
  58476 32216   2.81255e+07    24   2.81969e+07   2.80999e+07   901096    0.34%
  58477 32216   2.81259e+07    26   2.81969e+07   2.80999e+07   901098    0.34%
  58478 32217   2.81260e+07    24   2.81969e+07   2.80999e+07   901099    0.34%
  58479 32216   2.81443e+07    22   2.81969e+07   2.80999e+07   901101    0.34%
Elapsed time = 37.16 sec. (46911.58 ticks, tree = 130.54 MB, solutions = 28)
  63237 35007   2.80999e+07    24   2.81969e+07   2.80999e+07   973426    0.34%
  63238 35008   2.80999e+07    24   2.81969e+07   2.80999e+07   973434    0.34%
  63239 35009   2.80999e+07    26   2.81969e+07   2.80999e+07   973443    0.34%
  63240 35010   2.80999e+07    25   2.81969e+07   2.80999e+07   973445    0.34%
  63241 35011   2.80999e+07    26   2.81969e+07   2.80999e+07   973454    0.34%
  63242 35012   2.80999e+07    29   2.81969e+07   2.80999e+07   973459    0.34%
  63243 35013   2.80999e+07    28   2.81969e+07   2.80999e+07   973463    0.34%
  63244 35013   2.81710e+07    30   2.81969e+07   2.80999e+07   973526    0.34%
  63245 35014   2.80999e+07    29   2.81969e+07   2.80999e+07   973527    0.34%
  63246 35015   2.80999e+07    28   2.81969e+07   2.80999e+07   973528    0.34%
Elapsed time = 40.80 sec. (50735.47 ticks, tree = 145.38 MB, solutions = 28)
  68159 37648   2.80999e+07    29   2.81969e+07   2.80999e+07  1044528    0.34%
  68160 37649   2.80999e+07    30   2.81969e+07   2.80999e+07  1044535    0.34%
  68161 37650   2.80999e+07    31   2.81969e+07   2.80999e+07  1044548    0.34%
  68162 37651   2.80999e+07    33   2.81969e+07   2.80999e+07  1044550    0.34%
  68163 37652   2.80999e+07    39   2.81969e+07   2.80999e+07  1044555    0.34%
  68164 37653   2.80999e+07    35   2.81969e+07   2.80999e+07  1044556    0.34%
  68165 37654   2.80999e+07    37   2.81969e+07   2.80999e+07  1044567    0.34%
  68166 37655   2.80999e+07    27   2.81969e+07   2.80999e+07  1044573    0.34%
  68167 37656   2.80999e+07    28   2.81969e+07   2.80999e+07  1044580    0.34%
  68168 37655        cutoff         2.81969e+07   2.80999e+07  1044615    0.34%
Elapsed time = 44.43 sec. (54555.22 ticks, tree = 160.29 MB, solutions = 28)
  72778 40020        cutoff         2.81969e+07   2.80999e+07  1118144    0.34%
  72779 40019        cutoff         2.81969e+07   2.80999e+07  1118176    0.34%
  72780 40018        cutoff         2.81969e+07   2.80999e+07  1118274    0.34%
  72781 40019   2.80999e+07    28   2.81969e+07   2.80999e+07  1118337    0.34%
  72782 40020   2.80999e+07    25   2.81969e+07   2.80999e+07  1118342    0.34%
  72783 40021   2.80999e+07    29   2.81969e+07   2.80999e+07  1118356    0.34%
  72784 40022   2.80999e+07    25   2.81969e+07   2.80999e+07  1118358    0.34%
  72785 40023   2.80999e+07    28   2.81969e+07   2.80999e+07  1118391    0.34%
  72786 40024   2.80999e+07    32   2.81969e+07   2.80999e+07  1118415    0.34%
  72787 40025   2.80999e+07    29   2.81969e+07   2.80999e+07  1118417    0.34%
Elapsed time = 48.10 sec. (58383.07 ticks, tree = 170.30 MB, solutions = 28)
  77248 42364   2.80999e+07    25   2.81969e+07   2.80999e+07  1192566    0.34%
  77249 42365   2.80999e+07    24   2.81969e+07   2.80999e+07  1192577    0.34%
  77250 42366   2.80999e+07    24   2.81969e+07   2.80999e+07  1192616    0.34%
  77251 42367   2.80999e+07    26   2.81969e+07   2.80999e+07  1192621    0.34%
  77252 42368   2.80999e+07    22   2.81969e+07   2.80999e+07  1192622    0.34%
  77253 42369   2.80999e+07    22   2.81969e+07   2.80999e+07  1192648    0.34%
  77254 42370   2.80999e+07    26   2.81969e+07   2.80999e+07  1192675    0.34%
  77255 42370   2.81045e+07    27   2.81969e+07   2.80999e+07  1192688    0.34%
  77256 42370   2.81045e+07    27   2.81969e+07   2.80999e+07  1192689    0.34%
  77257 42371   2.81045e+07    26   2.81969e+07   2.80999e+07  1192691    0.34%
Elapsed time = 51.75 sec. (62203.35 ticks, tree = 179.87 MB, solutions = 28)
  82275 45537   2.80999e+07    35   2.81969e+07   2.80999e+07  1265077    0.34%
  82276 45538   2.80999e+07    35   2.81969e+07   2.80999e+07  1265078    0.34%
  82277 45539   2.80999e+07    35   2.81969e+07   2.80999e+07  1265079    0.34%
  82278 45540   2.80999e+07    35   2.81969e+07   2.80999e+07  1265080    0.34%
  82279 45541   2.80999e+07    34   2.81969e+07   2.80999e+07  1265089    0.34%
  82280 45542   2.80999e+07    35   2.81969e+07   2.80999e+07  1265090    0.34%
  82281 45543   2.80999e+07    37   2.81969e+07   2.80999e+07  1265093    0.34%
  82282 45544   2.80999e+07    35   2.81969e+07   2.80999e+07  1265096    0.34%
  82283 45545   2.80999e+07    37   2.81969e+07   2.80999e+07  1265103    0.34%
  82284 45546   2.80999e+07    37   2.81969e+07   2.80999e+07  1265105    0.34%
Elapsed time = 55.36 sec. (66025.11 ticks, tree = 192.54 MB, solutions = 28)
  86625 47699        cutoff         2.81969e+07   2.80999e+07  1338625    0.34%
  86626 47698        cutoff         2.81969e+07   2.80999e+07  1338769    0.34%
  86627 47697        cutoff         2.81969e+07   2.80999e+07  1338801    0.34%
  86628 47696        cutoff         2.81969e+07   2.80999e+07  1338878    0.34%
  86629 47695        cutoff         2.81969e+07   2.80999e+07  1338889    0.34%
  86630 47694        cutoff         2.81969e+07   2.80999e+07  1338908    0.34%
  86631 47693    infeasible         2.81969e+07   2.80999e+07  1338908    0.34%
  86632 47692        cutoff         2.81969e+07   2.80999e+07  1338937    0.34%
  86633 47693   2.81140e+07    29   2.81969e+07   2.80999e+07  1338967    0.34%
  86634 47692        cutoff         2.81969e+07   2.80999e+07  1338975    0.34%
Elapsed time = 59.02 sec. (69854.32 ticks, tree = 201.67 MB, solutions = 28)
  91636 50783   2.80999e+07    30   2.81969e+07   2.80999e+07  1412409    0.34%
  91637 50784   2.80999e+07    38   2.81969e+07   2.80999e+07  1412411    0.34%
  91638 50785   2.80999e+07    33   2.81969e+07   2.80999e+07  1412413    0.34%
  91639 50786   2.80999e+07    30   2.81969e+07   2.80999e+07  1412415    0.34%
  91640 50787   2.80999e+07    28   2.81969e+07   2.80999e+07  1412431    0.34%
  91641 50788   2.80999e+07    28   2.81969e+07   2.80999e+07  1412435    0.34%
  91642 50789   2.80999e+07    35   2.81969e+07   2.80999e+07  1412444    0.34%
  91643 50790   2.80999e+07    30   2.81969e+07   2.80999e+07  1412451    0.34%
  91644 50791   2.80999e+07    36   2.81969e+07   2.80999e+07  1412455    0.34%
  91645 50792   2.80999e+07    37   2.81969e+07   2.80999e+07  1412456    0.34%
Elapsed time = 62.79 sec. (73672.76 ticks, tree = 218.24 MB, solutions = 28)
  96410 53345   2.81242e+07    26   2.81969e+07   2.80999e+07  1486761    0.34%
  96411 53344        cutoff         2.81969e+07   2.80999e+07  1486763    0.34%
  96412 53345   2.80999e+07    35   2.81969e+07   2.80999e+07  1486832    0.34%
  96413 53346   2.80999e+07    27   2.81969e+07   2.80999e+07  1486850    0.34%
  96414 53347   2.80999e+07    27   2.81969e+07   2.80999e+07  1486859    0.34%
  96415 53348   2.80999e+07    31   2.81969e+07   2.80999e+07  1486867    0.34%
  96416 53349   2.80999e+07    29   2.81969e+07   2.80999e+07  1486871    0.34%
  96417 53350   2.80999e+07    39   2.81969e+07   2.80999e+07  1486928    0.34%
  96418 53351   2.80999e+07    37   2.81969e+07   2.80999e+07  1487042    0.34%
  96419 53352   2.80999e+07    41   2.81969e+07   2.80999e+07  1487048    0.34%
Elapsed time = 66.45 sec. (77509.90 ticks, tree = 228.40 MB, solutions = 28)
 101023 55661        cutoff         2.81969e+07   2.80999e+07  1562750    0.34%
 101024 55662   2.80999e+07    33   2.81969e+07   2.80999e+07  1562755    0.34%
 101025 55663   2.80999e+07    33   2.81969e+07   2.80999e+07  1562756    0.34%
 101026 55664   2.80999e+07    31   2.81969e+07   2.80999e+07  1562759    0.34%
 101027 55663        cutoff         2.81969e+07   2.80999e+07  1562779    0.34%
 101028 55664   2.80999e+07    33   2.81969e+07   2.80999e+07  1562785    0.34%
 101029 55663        cutoff         2.81969e+07   2.80999e+07  1562811    0.34%
 101030 55662        cutoff         2.81969e+07   2.80999e+07  1562871    0.34%
 101031 55663   2.80999e+07    26   2.81969e+07   2.80999e+07  1562907    0.34%
 101032 55664   2.80999e+07    29   2.81969e+07   2.80999e+07  1562924    0.34%
Elapsed time = 70.07 sec. (81331.64 ticks, tree = 239.14 MB, solutions = 28)
 106289 58331        cutoff         2.81969e+07   2.80999e+07  1636340    0.34%
 106290 58332   2.80999e+07    33   2.81969e+07   2.80999e+07  1636476    0.34%
 106291 58333   2.80999e+07    34   2.81969e+07   2.80999e+07  1636484    0.34%
 106292 58334   2.80999e+07    34   2.81969e+07   2.80999e+07  1636485    0.34%
 106293 58335   2.80999e+07    34   2.81969e+07   2.80999e+07  1636486    0.34%
 106294 58336   2.80999e+07    41   2.81969e+07   2.80999e+07  1636499    0.34%
 106295 58337   2.80999e+07    42   2.81969e+07   2.80999e+07  1636500    0.34%
 106296 58338   2.80999e+07    39   2.81969e+07   2.80999e+07  1636506    0.34%
 106297 58339   2.80999e+07    37   2.81969e+07   2.80999e+07  1636507    0.34%
 106298 58340   2.80999e+07    35   2.81969e+07   2.80999e+07  1636523    0.34%
Elapsed time = 73.68 sec. (85155.25 ticks, tree = 254.31 MB, solutions = 28)
 110939 61208        cutoff         2.81969e+07   2.80999e+07  1706829    0.34%
 110940 61209   2.81015e+07    38   2.81969e+07   2.80999e+07  1706942    0.34%
 110941 61208        cutoff         2.81969e+07   2.80999e+07  1706949    0.34%
 110942 61207        cutoff         2.81969e+07   2.80999e+07  1706952    0.34%
 110943 61208   2.80999e+07    38   2.81969e+07   2.80999e+07  1707023    0.34%
 110944 61209   2.80999e+07    31   2.81969e+07   2.80999e+07  1707025    0.34%
 110945 61210   2.80999e+07    33   2.81969e+07   2.80999e+07  1707034    0.34%
 110946 61211   2.80999e+07    34   2.81969e+07   2.80999e+07  1707035    0.34%
 110947 61212   2.80999e+07    33   2.81969e+07   2.80999e+07  1707036    0.34%
 110948 61213   2.80999e+07    34   2.81969e+07   2.80999e+07  1707053    0.34%
Elapsed time = 77.30 sec. (88981.92 ticks, tree = 267.89 MB, solutions = 28)
 115537 64049   2.80999e+07    40   2.81969e+07   2.80999e+07  1781208    0.34%
 115538 64050   2.81036e+07    33   2.81969e+07   2.80999e+07  1781218    0.34%
 115539 64051   2.81154e+07    37   2.81969e+07   2.80999e+07  1781232    0.34%
 115540 64052   2.81201e+07    52   2.81969e+07   2.80999e+07  1781237    0.34%
 115541 64053   2.81210e+07    50   2.81969e+07   2.80999e+07  1781239    0.34%
 115542 64054   2.81221e+07    34   2.81969e+07   2.80999e+07  1781240    0.34%
 115543 64055   2.81253e+07    45   2.81969e+07   2.80999e+07  1781244    0.34%
 115544 64056   2.81271e+07    43   2.81969e+07   2.80999e+07  1781245    0.34%
 115545 64057   2.81271e+07    44   2.81969e+07   2.80999e+07  1781251    0.34%
 115546 64058   2.81271e+07    44   2.81969e+07   2.80999e+07  1781254    0.34%
Elapsed time = 80.91 sec. (92799.69 ticks, tree = 283.09 MB, solutions = 28)
 119762 66677        cutoff         2.81969e+07   2.80999e+07  1852601    0.34%
 119763 66676        cutoff         2.81969e+07   2.80999e+07  1852604    0.34%
 119764 66677   2.80999e+07    36   2.81969e+07   2.80999e+07  1852675    0.34%
 119765 66678   2.81490e+07    35   2.81969e+07   2.80999e+07  1852697    0.34%
 119766 66677        cutoff         2.81969e+07   2.80999e+07  1852710    0.34%
 119767 66676        cutoff         2.81969e+07   2.80999e+07  1852714    0.34%
 119768 66677   2.81575e+07    37   2.81969e+07   2.80999e+07  1852875    0.34%
 119769 66676        cutoff         2.81969e+07   2.80999e+07  1852890    0.34%
 119770 66675        cutoff         2.81969e+07   2.80999e+07  1852902    0.34%
 119771 66674        cutoff         2.81969e+07   2.80999e+07  1852907    0.34%
Elapsed time = 84.55 sec. (96630.67 ticks, tree = 299.92 MB, solutions = 28)
 124783 69414   2.80999e+07    31   2.81969e+07   2.80999e+07  1925083    0.34%
 124784 69415   2.80999e+07    29   2.81969e+07   2.80999e+07  1925084    0.34%
 124785 69416   2.80999e+07    36   2.81969e+07   2.80999e+07  1925139    0.34%
 124786 69417   2.80999e+07    34   2.81969e+07   2.80999e+07  1925145    0.34%
 124787 69418   2.80999e+07    36   2.81969e+07   2.80999e+07  1925284    0.34%
 124788 69419   2.80999e+07    39   2.81969e+07   2.80999e+07  1925296    0.34%
 124789 69420   2.80999e+07    33   2.81969e+07   2.80999e+07  1925300    0.34%
 124790 69421   2.81082e+07    33   2.81969e+07   2.80999e+07  1925307    0.34%
 124791 69422   2.81099e+07    33   2.81969e+07   2.80999e+07  1925313    0.34%
 124792 69423   2.81100e+07    34   2.81969e+07   2.80999e+07  1925318    0.34%
Elapsed time = 88.18 sec. (100459.32 ticks, tree = 315.55 MB, solutions = 28)
 128827 71695   2.80999e+07    27   2.81969e+07   2.80999e+07  1988509    0.34%
 128828 71696   2.80999e+07    33   2.81969e+07   2.80999e+07  1988526    0.34%
 128829 71697   2.80999e+07    35   2.81969e+07   2.80999e+07  1988528    0.34%
 128830 71696        cutoff         2.81969e+07   2.80999e+07  1988584    0.34%
 128831 71697   2.80999e+07    28   2.81969e+07   2.80999e+07  1988588    0.34%
 128832 71698   2.80999e+07    26   2.81969e+07   2.80999e+07  1988596    0.34%
 128833 71699   2.80999e+07    25   2.81969e+07   2.80999e+07  1988609    0.34%
 128834 71700   2.80999e+07    31   2.81969e+07   2.80999e+07  1988622    0.34%
 128835 71701   2.80999e+07    38   2.81969e+07   2.80999e+07  1988623    0.34%
 128836 71702   2.80999e+07    28   2.81969e+07   2.80999e+07  1988639    0.34%
Elapsed time = 91.85 sec. (104429.14 ticks, tree = 328.75 MB, solutions = 28)
 130631 72435        cutoff         2.81969e+07   2.80999e+07  2023426    0.34%
 130632 72436   2.80999e+07    26   2.81969e+07   2.80999e+07  2023487    0.34%
 130633 72437   2.80999e+07    27   2.81969e+07   2.80999e+07  2023488    0.34%
 130634 72438   2.80999e+07    28   2.81969e+07   2.80999e+07  2023499    0.34%
 130635 72439   2.80999e+07    27   2.81969e+07   2.80999e+07  2023554    0.34%
 130636 72440   2.80999e+07    27   2.81969e+07   2.80999e+07  2023568    0.34%
 130637 72441   2.80999e+07    33   2.81969e+07   2.80999e+07  2023585    0.34%
 130638 72442   2.80999e+07    29   2.81969e+07   2.80999e+07  2023597    0.34%
 130639 72443   2.80999e+07    29   2.81969e+07   2.80999e+07  2023616    0.34%
 130640 72444   2.80999e+07    34   2.81969e+07   2.80999e+07  2023651    0.34%
Elapsed time = 95.14 sec. (108254.20 ticks, tree = 329.02 MB, solutions = 28)
 133519 73553        cutoff         2.81969e+07   2.80999e+07  2079593    0.34%
 133520 73554   2.80999e+07    21   2.81969e+07   2.80999e+07  2079634    0.34%
 133521 73555   2.80999e+07    37   2.81969e+07   2.80999e+07  2079707    0.34%
 133522 73556   2.80999e+07    30   2.81969e+07   2.80999e+07  2079735    0.34%
 133523 73557   2.80999e+07    29   2.81969e+07   2.80999e+07  2079755    0.34%
 133524 73558   2.80999e+07    29   2.81969e+07   2.80999e+07  2079756    0.34%
 133525 73559   2.80999e+07    25   2.81969e+07   2.80999e+07  2079777    0.34%
 133526 73558        cutoff         2.81969e+07   2.80999e+07  2079791    0.34%
 133527 73559   2.80999e+07    27   2.81969e+07   2.80999e+07  2079794    0.34%
 133528 73560   2.80999e+07    28   2.81969e+07   2.80999e+07  2079815    0.34%
Elapsed time = 98.63 sec. (112080.13 ticks, tree = 328.77 MB, solutions = 28)

Cover cuts applied:  360
Flow cuts applied:  1
Mixed integer rounding cuts applied:  2
Gomory fractional cuts applied:  8

Root node processing (before b&c):
  Real time             =    0.03 sec. (32.71 ticks)
Sequential b&c:
  Real time             =   99.97 sec. (113471.83 ticks)
                          ------------
Total (root+branch&cut) =  100.00 sec. (113504.54 ticks)

Solution pool: 28 solutions saved.

MIP - Time limit exceeded, integer feasible:  Objective =  2.8196896000e+07
Current MIP best bound =  2.8099855000e+07 (gap = 97041, 0.34%)
Solution time =  100.00 sec.  Iterations = 2109211  Nodes = 135143 (74215)
Deterministic time = 113504.54 ticks  (1135.04 ticks/sec)


Incumbent solution written to file '/tmp/tmpMh6CMP.cplex.sol'.
