
Log started (V12.6.3.0) Sat Apr 21 15:00:21 2018

New value for default parallel thread count: 1

Problem '/tmp/tmpn3Wq0i.pyomo.lp' read.
Read time = 0.01 sec. (0.85 ticks)

Problem name         : /tmp/tmpn3Wq0i.pyomo.lp
Objective sense      : Minimize
Variables            :     950  [Nneg: 1,  Binary: 936,  General Integer: 13]
Objective nonzeros   :       1
Linear constraints   :     182  [Less: 90,  Equal: 92]
  Nonzeros           :   61117
  RHS nonzeros       :     157

Variables            : Min LB: 0.000000         Max UB: 1.000000       
Objective nonzeros   : Min   : 1.000000         Max   : 1.000000       
Linear constraints   :
  Nonzeros           : Min   : 1.000000         Max   : 6.145599e+07   
  RHS nonzeros       : Min   : 1.000000         Max   : 8.000000       
Tried aggregator 2 times.
MIP Presolve eliminated 83 rows and 142 columns.
Aggregator did 4 substitutions.
Reduced MIP has 95 rows, 804 columns, and 2267 nonzeros.
Reduced MIP has 792 binaries, 12 generals, 0 SOSs, and 0 indicators.
Presolve time = 0.01 sec. (11.05 ticks)
Found incumbent of value 7.6818391e+08 after 0.01 sec. (12.60 ticks)
Probing time = 0.00 sec. (1.59 ticks)
Tried aggregator 1 time.
Reduced MIP has 95 rows, 804 columns, and 2267 nonzeros.
Reduced MIP has 792 binaries, 12 generals, 0 SOSs, and 0 indicators.
Presolve time = 0.00 sec. (1.15 ticks)
Probing time = 0.00 sec. (1.59 ticks)
Clique table members: 72.
MIP emphasis: balance optimality and feasibility.
MIP search method: dynamic search.
Parallel mode: none, using 1 thread.
Root relaxation solution time = 0.00 sec. (1.48 ticks)

        Nodes                                         Cuts/
   Node  Left     Objective  IInf  Best Integer    Best Bound    ItCnt     Gap

*     0+    0                       7.68184e+08        0.0000           100.00%
      0     0   2.25673e+08    29   7.68184e+08   2.25673e+08      133   70.62%
      0     0   2.25673e+08    35   7.68184e+08      Fract: 4      146   70.62%
*     0+    0                       2.75037e+08   2.25673e+08            17.95%
*     0+    0                       2.62764e+08   2.25673e+08            14.12%
*     0+    0                       2.57518e+08   2.25673e+08            12.37%
*     0+    0                       2.54563e+08   2.25673e+08            11.35%
*     0+    0                       2.54289e+08   2.25673e+08            11.25%
*     0+    0                       2.54081e+08   2.25673e+08            11.18%
*     0+    0                       2.53908e+08   2.25673e+08            11.12%
      0     2   2.25673e+08    14   2.53908e+08   2.25673e+08      147   11.12%
Elapsed time = 0.05 sec. (58.28 ticks, tree = 0.01 MB, solutions = 8)
*    40+   40                       2.46561e+08   2.25673e+08             8.47%
*   200+  183                       2.40781e+08   2.25673e+08             6.27%
*   300+  264                       2.39694e+08   2.25673e+08             5.85%
*   300+  263                       2.39530e+08   2.25673e+08             5.79%
*   300+  263                       2.39041e+08   2.25673e+08             5.59%
*   300+  257                       2.36955e+08   2.25673e+08             4.76%
    960   780   2.25866e+08    31   2.36955e+08   2.25673e+08     4715    4.76%
    961   781   2.25974e+08    31   2.36955e+08   2.25673e+08     4724    4.76%
    962   782   2.26195e+08    32   2.36955e+08   2.25673e+08     4727    4.76%
    963   783   2.26195e+08    31   2.36955e+08   2.25673e+08     4729    4.76%
    964   784   2.26195e+08    32   2.36955e+08   2.25673e+08     4733    4.76%
    965   785   2.26914e+08    32   2.36955e+08   2.25673e+08     4738    4.76%
    966   786   2.27016e+08    31   2.36955e+08   2.25673e+08     4742    4.76%
    967   787   2.27046e+08    31   2.36955e+08   2.25673e+08     4743    4.76%
    968   788   2.27175e+08    31   2.36955e+08   2.25673e+08     4748    4.76%
*   997+  795                       2.34975e+08   2.25673e+08             3.96%
*   997+  786                       2.34819e+08   2.25673e+08             3.89%
*   997+  777                       2.34268e+08   2.25673e+08             3.67%
*   997+  777                       2.34199e+08   2.25673e+08             3.64%
*   999+  520                       2.33225e+08   2.25673e+08             3.24%
*  1039+  308                       2.32150e+08   2.25673e+08             2.79%
*  1099+  205                       2.32110e+08   2.25673e+08             2.77%
*  1199+  145                       2.31517e+08   2.25673e+08             2.52%
   1305   117   2.28892e+08    14   2.31517e+08   2.25673e+08     6552    2.52%
Elapsed time = 0.84 sec. (1012.00 ticks, tree = 0.07 MB, solutions = 22)
*  1599+  314                       2.31363e+08   2.25673e+08             2.46%
*  2499+  974                       2.30333e+08   2.25673e+08             2.02%
   2499   974   2.30333e+08     7   2.30333e+08   2.25673e+08    10696    2.02%
   2500   975   2.25673e+08    18   2.30333e+08   2.25673e+08    10716    2.02%
   2501   976   2.25673e+08    18   2.30333e+08   2.25673e+08    10718    2.02%
   2502   977   2.25673e+08    19   2.30333e+08   2.25673e+08    10723    2.02%
   2503   978   2.25673e+08    19   2.30333e+08   2.25673e+08    10728    2.02%
   2504   979   2.25673e+08    19   2.30333e+08   2.25673e+08    10730    2.02%
   2505   980   2.25673e+08    19   2.30333e+08   2.25673e+08    10731    2.02%
   2506   981   2.25673e+08    20   2.30333e+08   2.25673e+08    10735    2.02%
   2507   982   2.25673e+08    18   2.30333e+08   2.25673e+08    10736    2.02%
   2508   983   2.25673e+08    18   2.30333e+08   2.25673e+08    10737    2.02%
Elapsed time = 1.63 sec. (1971.44 ticks, tree = 0.59 MB, solutions = 24)
*  2599+ 1055                       2.30303e+08   2.25673e+08             2.01%
   5576  3497   2.25673e+08    26   2.30303e+08   2.25673e+08    28426    2.01%
   5577  3498   2.25673e+08    25   2.30303e+08   2.25673e+08    28430    2.01%
   5578  3499   2.25673e+08    25   2.30303e+08   2.25673e+08    28433    2.01%
   5579  3500   2.25673e+08    24   2.30303e+08   2.25673e+08    28440    2.01%
   5580  3501   2.25673e+08    24   2.30303e+08   2.25673e+08    28443    2.01%
   5581  3502   2.25673e+08    26   2.30303e+08   2.25673e+08    28450    2.01%
   5582  3503   2.25673e+08    27   2.30303e+08   2.25673e+08    28453    2.01%
   5583  3504   2.25673e+08    25   2.30303e+08   2.25673e+08    28454    2.01%
   5584  3505   2.25673e+08    27   2.30303e+08   2.25673e+08    28461    2.01%
   5585  3506   2.25673e+08    29   2.30303e+08   2.25673e+08    28469    2.01%
Elapsed time = 2.45 sec. (2928.82 ticks, tree = 2.19 MB, solutions = 25)
   8541  6075   2.26526e+08    35   2.30303e+08   2.25673e+08    48370    2.01%
   8542  6076   2.26526e+08    34   2.30303e+08   2.25673e+08    48372    2.01%
   8543  6077   2.26526e+08    37   2.30303e+08   2.25673e+08    48380    2.01%
   8544  6077   2.26526e+08    32   2.30303e+08   2.25673e+08    48392    2.01%
   8545  6078   2.26526e+08    31   2.30303e+08   2.25673e+08    48405    2.01%
   8546  6078   2.26526e+08    30   2.30303e+08   2.25673e+08    48406    2.01%
   8547  6078   2.26526e+08    31   2.30303e+08   2.25673e+08    48407    2.01%
   8548  6079   2.26526e+08    30   2.30303e+08   2.25673e+08    48410    2.01%
   8549  6078    infeasible         2.30303e+08   2.25673e+08    48410    2.01%
   8550  6079   2.26526e+08    29   2.30303e+08   2.25673e+08    48412    2.01%
Elapsed time = 3.18 sec. (3885.89 ticks, tree = 3.83 MB, solutions = 25)
  10740  7890   2.25684e+08    39   2.30303e+08   2.25673e+08    75109    2.01%
  10741  7891   2.28989e+08    27   2.30303e+08   2.25673e+08    75161    2.01%
  10742  7892   2.25685e+08    39   2.30303e+08   2.25673e+08    75172    2.01%
  10743  7893   2.25685e+08    33   2.30303e+08   2.25673e+08    75178    2.01%
  10744  7892        cutoff         2.30303e+08   2.25673e+08    75190    2.01%
  10745  7893   2.25685e+08    33   2.30303e+08   2.25673e+08    75191    2.01%
  10746  7894   2.25685e+08    33   2.30303e+08   2.25673e+08    75195    2.01%
  10747  7893        cutoff         2.30303e+08   2.25673e+08    75251    2.01%
  10748  7894   2.25685e+08    33   2.30303e+08   2.25673e+08    75253    2.01%
  10749  7895   2.25685e+08    33   2.30303e+08   2.25673e+08    75268    2.01%
Elapsed time = 3.92 sec. (4844.76 ticks, tree = 4.91 MB, solutions = 25)
  11821  8781   2.25673e+08    33   2.30303e+08   2.25673e+08    87537    2.01%
  11822  8782   2.25673e+08    35   2.30303e+08   2.25673e+08    87584    2.01%
  11823  8783   2.25673e+08    32   2.30303e+08   2.25673e+08    87586    2.01%
  11824  8784   2.25673e+08    28   2.30303e+08   2.25673e+08    87587    2.01%
  11825  8785   2.25673e+08    28   2.30303e+08   2.25673e+08    87613    2.01%
  11826  8786   2.25673e+08    28   2.30303e+08   2.25673e+08    87622    2.01%
  11827  8787   2.25673e+08    35   2.30303e+08   2.25673e+08    87661    2.01%
  11828  8788   2.25673e+08    36   2.30303e+08   2.25673e+08    87669    2.01%
  11829  8789   2.25673e+08    33   2.30303e+08   2.25673e+08    87673    2.01%
  11830  8790   2.25673e+08    35   2.30303e+08   2.25673e+08    87677    2.01%
Elapsed time = 4.72 sec. (5802.62 ticks, tree = 5.69 MB, solutions = 25)
  14171 10862   2.25673e+08    22   2.30303e+08   2.25673e+08   114775    2.01%
  14172 10863   2.25673e+08    23   2.30303e+08   2.25673e+08   114792    2.01%
  14173 10864   2.25673e+08    21   2.30303e+08   2.25673e+08   114813    2.01%
  14174 10865   2.25673e+08    23   2.30303e+08   2.25673e+08   114845    2.01%
  14175 10866   2.25673e+08    21   2.30303e+08   2.25673e+08   114846    2.01%
  14176 10867   2.25673e+08    23   2.30303e+08   2.25673e+08   114877    2.01%
  14177 10868   2.25673e+08    23   2.30303e+08   2.25673e+08   114886    2.01%
  14178 10869   2.25673e+08    23   2.30303e+08   2.25673e+08   114900    2.01%
  14179 10870   2.25673e+08    30   2.30303e+08   2.25673e+08   114911    2.01%
  14180 10871   2.25673e+08    23   2.30303e+08   2.25673e+08   114912    2.01%
Elapsed time = 5.44 sec. (6760.03 ticks, tree = 6.96 MB, solutions = 25)
  15597 12019   2.28697e+08    31   2.30303e+08   2.25673e+08   140316    2.01%
  15598 12020   2.28697e+08    30   2.30303e+08   2.25673e+08   140318    2.01%
  15599 12020   2.29414e+08    28   2.30303e+08   2.25673e+08   140323    2.01%
  15600 12021   2.29588e+08    29   2.30303e+08   2.25673e+08   140325    2.01%
  15601 12022   2.29621e+08    29   2.30303e+08   2.25673e+08   140326    2.01%
  15602 12023   2.29621e+08    26   2.30303e+08   2.25673e+08   140328    2.01%
  15603 12023   2.29681e+08    32   2.30303e+08   2.25673e+08   140331    2.01%
  15604 12023   2.29681e+08    30   2.30303e+08   2.25673e+08   140332    2.01%
  15605 12024   2.29682e+08    29   2.30303e+08   2.25673e+08   140333    2.01%
  15606 12023        cutoff         2.30303e+08   2.25673e+08   140337    2.01%
Elapsed time = 6.22 sec. (7718.18 ticks, tree = 7.67 MB, solutions = 25)
  17013 13168   2.25673e+08    35   2.30303e+08   2.25673e+08   166829    2.01%
  17014 13169   2.25673e+08    33   2.30303e+08   2.25673e+08   166830    2.01%
  17015 13170   2.25673e+08    35   2.30303e+08   2.25673e+08   166846    2.01%
  17016 13171   2.25673e+08    34   2.30303e+08   2.25673e+08   166853    2.01%
  17017 13172   2.25673e+08    30   2.30303e+08   2.25673e+08   166872    2.01%
  17018 13173   2.25673e+08    27   2.30303e+08   2.25673e+08   166881    2.01%
  17019 13174   2.25673e+08    27   2.30303e+08   2.25673e+08   166885    2.01%
  17020 13175   2.25673e+08    29   2.30303e+08   2.25673e+08   166903    2.01%
  17021 13176   2.25673e+08    30   2.30303e+08   2.25673e+08   166911    2.01%
  17022 13177   2.25673e+08    32   2.30303e+08   2.25673e+08   166941    2.01%
Elapsed time = 6.94 sec. (8676.66 ticks, tree = 8.39 MB, solutions = 25)
  18662 14569   2.26417e+08    27   2.30303e+08   2.25673e+08   189623    2.01%
  18663 14570   2.26417e+08    27   2.30303e+08   2.25673e+08   189625    2.01%
  18664 14569        cutoff         2.30303e+08   2.25673e+08   189679    2.01%
  18665 14568        cutoff         2.30303e+08   2.25673e+08   189685    2.01%
  18666 14569   2.25673e+08    31   2.30303e+08   2.25673e+08   189840    2.01%
  18667 14570   2.25673e+08    34   2.30303e+08   2.25673e+08   189845    2.01%
  18668 14571   2.25673e+08    31   2.30303e+08   2.25673e+08   189847    2.01%
  18669 14572   2.25673e+08    30   2.30303e+08   2.25673e+08   189852    2.01%
  18670 14573   2.25673e+08    31   2.30303e+08   2.25673e+08   189858    2.01%
  24047 19127   2.25673e+08    45   2.30303e+08   2.25673e+08   262677    2.01%
Elapsed time = 9.81 sec. (12493.19 ticks, tree = 12.53 MB, solutions = 25)
  30767 24958   2.25673e+08    34   2.30303e+08   2.25673e+08   358065    2.01%
  30768 24959   2.25673e+08    33   2.30303e+08   2.25673e+08   358067    2.01%
  30769 24960   2.25673e+08    25   2.30303e+08   2.25673e+08   358069    2.01%
  30770 24961   2.25673e+08    27   2.30303e+08   2.25673e+08   358070    2.01%
  30771 24962   2.25673e+08    39   2.30303e+08   2.25673e+08   358078    2.01%
  30772 24963   2.25673e+08    41   2.30303e+08   2.25673e+08   358082    2.01%
  30773 24964   2.25673e+08    39   2.30303e+08   2.25673e+08   358083    2.01%
  30774 24965   2.25673e+08    37   2.30303e+08   2.25673e+08   358085    2.01%
  30775 24966   2.25673e+08    32   2.30303e+08   2.25673e+08   358093    2.01%
  30776 24967   2.25736e+08    30   2.30303e+08   2.25673e+08   358113    2.01%
Elapsed time = 12.66 sec. (16314.07 ticks, tree = 16.21 MB, solutions = 25)
  34969 28524   2.25673e+08    34   2.30303e+08   2.25673e+08   444118    2.01%
  34970 28525   2.25673e+08    34   2.30303e+08   2.25673e+08   444126    2.01%
  34971 28526   2.25673e+08    34   2.30303e+08   2.25673e+08   444172    2.01%
  34972 28527   2.25673e+08    36   2.30303e+08   2.25673e+08   444208    2.01%
  34973 28528   2.25673e+08    36   2.30303e+08   2.25673e+08   444253    2.01%
  34974 28529   2.25673e+08    38   2.30303e+08   2.25673e+08   444269    2.01%
  34975 28530   2.25673e+08    38   2.30303e+08   2.25673e+08   444302    2.01%
  34976 28531   2.25673e+08    37   2.30303e+08   2.25673e+08   444303    2.01%
  34977 28532   2.25673e+08    41   2.30303e+08   2.25673e+08   444403    2.01%
  34978 28533   2.25673e+08    43   2.30303e+08   2.25673e+08   444522    2.01%
Elapsed time = 15.51 sec. (20140.23 ticks, tree = 18.40 MB, solutions = 25)
* 36699+29700                       2.30177e+08   2.25673e+08             1.96%
  38870 31513   2.29383e+08    17   2.30177e+08   2.25673e+08   524083    1.96%
  38871 31512        cutoff         2.30177e+08   2.25673e+08   524118    1.96%
  38872 31511    infeasible         2.30177e+08   2.25673e+08   524118    1.96%
  38873 31512   2.29446e+08    16   2.30177e+08   2.25673e+08   524323    1.96%
  38874 31511        cutoff         2.30177e+08   2.25673e+08   524338    1.96%
  38875 31510    infeasible         2.30177e+08   2.25673e+08   524338    1.96%
  38876 31511   2.25673e+08    23   2.30177e+08   2.25673e+08   524391    1.96%
  38877 31512   2.25673e+08    22   2.30177e+08   2.25673e+08   524398    1.96%
  38878 31513   2.25673e+08    25   2.30177e+08   2.25673e+08   524408    1.96%
  38879 31514   2.25673e+08    27   2.30177e+08   2.25673e+08   524412    1.96%
Elapsed time = 18.39 sec. (23981.69 ticks, tree = 20.27 MB, solutions = 26)
  43209 35295   2.25673e+08    35   2.30177e+08   2.25673e+08   603541    1.96%
  43210 35296   2.25673e+08    33   2.30177e+08   2.25673e+08   603549    1.96%
  43211 35297   2.25673e+08    34   2.30177e+08   2.25673e+08   603550    1.96%
  43212 35298   2.25673e+08    32   2.30177e+08   2.25673e+08   603553    1.96%
  43213 35299   2.25673e+08    28   2.30177e+08   2.25673e+08   603578    1.96%
  43214 35300   2.25673e+08    42   2.30177e+08   2.25673e+08   603657    1.96%
  43215 35301   2.25673e+08    36   2.30177e+08   2.25673e+08   603660    1.96%
  43216 35302   2.25673e+08    36   2.30177e+08   2.25673e+08   603661    1.96%
  43217 35303   2.25673e+08    36   2.30177e+08   2.25673e+08   603662    1.96%
  43218 35304   2.25673e+08    35   2.30177e+08   2.25673e+08   603663    1.96%
Elapsed time = 21.08 sec. (27801.47 ticks, tree = 23.70 MB, solutions = 26)
* 45199+34254                       2.28986e+08   2.25673e+08             1.45%
* 45331+33760                       2.28515e+08   2.25673e+08             1.24%
  46188 34519   2.25673e+08    32   2.28515e+08   2.25673e+08   680641    1.24%
  46189 34520   2.25673e+08    31   2.28515e+08   2.25673e+08   680653    1.24%
  46190 34521   2.25673e+08    31   2.28515e+08   2.25673e+08   680663    1.24%
  46191 34522   2.25673e+08    32   2.28515e+08   2.25673e+08   680665    1.24%
  46192 34523   2.25673e+08    32   2.28515e+08   2.25673e+08   680675    1.24%
  46193 34524   2.25673e+08    32   2.28515e+08   2.25673e+08   680682    1.24%
  46194 34525   2.25673e+08    30   2.28515e+08   2.25673e+08   680691    1.24%
  46195 34526   2.25673e+08    30   2.28515e+08   2.25673e+08   680701    1.24%
  46196 34527   2.25673e+08    29   2.28515e+08   2.25673e+08   680706    1.24%
  46197 34528   2.25673e+08    28   2.28515e+08   2.25673e+08   680716    1.24%
Elapsed time = 24.60 sec. (31620.11 ticks, tree = 23.09 MB, solutions = 28)
  50916 38661   2.25673e+08    20   2.28515e+08   2.25673e+08   758163    1.24%
  50917 38662   2.25673e+08    34   2.28515e+08   2.25673e+08   758279    1.24%
  50918 38663   2.25673e+08    34   2.28515e+08   2.25673e+08   758294    1.24%
  50919 38664   2.25673e+08    34   2.28515e+08   2.25673e+08   758327    1.24%
  50920 38665   2.25673e+08    37   2.28515e+08   2.25673e+08   758328    1.24%
  50921 38666   2.25673e+08    37   2.28515e+08   2.25673e+08   758329    1.24%
  50922 38667   2.25673e+08    36   2.28515e+08   2.25673e+08   758337    1.24%
  50923 38668   2.25673e+08    35   2.28515e+08   2.25673e+08   758338    1.24%
  50924 38669   2.25673e+08    37   2.28515e+08   2.25673e+08   758340    1.24%
  50925 38670   2.25673e+08    34   2.28515e+08   2.25673e+08   758350    1.24%
Elapsed time = 28.15 sec. (35442.96 ticks, tree = 25.78 MB, solutions = 28)
  57312 44002   2.27383e+08    35   2.28515e+08   2.25673e+08   831283    1.24%
  57313 44003   2.27388e+08    34   2.28515e+08   2.25673e+08   831284    1.24%
  57314 44004   2.27526e+08    32   2.28515e+08   2.25673e+08   831286    1.24%
  57315 44003   2.27526e+08    35   2.28515e+08   2.25673e+08   831290    1.24%
  57316 44002        cutoff         2.28515e+08   2.25673e+08   831292    1.24%
  57317 44003   2.25673e+08    26   2.28515e+08   2.25673e+08   831344    1.24%
  57318 44004   2.26200e+08    26   2.28515e+08   2.25673e+08   831473    1.24%
  57319 44004   2.27025e+08    28   2.28515e+08   2.25673e+08   831490    1.24%
  57320 44003        cutoff         2.28515e+08   2.25673e+08   831496    1.24%
  57321 44004   2.25673e+08    29   2.28515e+08   2.25673e+08   831586    1.24%
Elapsed time = 31.55 sec. (39267.87 ticks, tree = 29.19 MB, solutions = 28)
  62689 47917   2.25673e+08    21   2.28515e+08   2.25673e+08   911291    1.24%
  62690 47918   2.25673e+08    21   2.28515e+08   2.25673e+08   911291    1.24%
  62691 47919   2.25673e+08    24   2.28515e+08   2.25673e+08   911303    1.24%
  62692 47920   2.25673e+08    24   2.28515e+08   2.25673e+08   911304    1.24%
  62693 47921   2.25673e+08    34   2.28515e+08   2.25673e+08   911326    1.24%
  62694 47922   2.25673e+08    28   2.28515e+08   2.25673e+08   911331    1.24%
  62695 47923   2.25673e+08    28   2.28515e+08   2.25673e+08   911365    1.24%
  62696 47924   2.25673e+08    29   2.28515e+08   2.25673e+08   911377    1.24%
  62697 47925   2.25673e+08    31   2.28515e+08   2.25673e+08   911422    1.24%
  62698 47926   2.25673e+08    35   2.28515e+08   2.25673e+08   911426    1.24%
Elapsed time = 34.98 sec. (43092.71 ticks, tree = 31.76 MB, solutions = 28)
  67299 51165   2.25673e+08    19   2.28515e+08   2.25673e+08   992395    1.24%
  67300 51166   2.25673e+08    23   2.28515e+08   2.25673e+08   992432    1.24%
  67301 51167   2.25673e+08    22   2.28515e+08   2.25673e+08   992433    1.24%
  67302 51168   2.25673e+08    21   2.28515e+08   2.25673e+08   992438    1.24%
  67303 51169   2.25673e+08    21   2.28515e+08   2.25673e+08   992439    1.24%
  67304 51170   2.25673e+08    21   2.28515e+08   2.25673e+08   992441    1.24%
  67305 51171   2.25673e+08    20   2.28515e+08   2.25673e+08   992528    1.24%
  67306 51172   2.25673e+08    20   2.28515e+08   2.25673e+08   992539    1.24%
  67307 51173   2.25673e+08    20   2.28515e+08   2.25673e+08   992545    1.24%
  67308 51174   2.25673e+08    20   2.28515e+08   2.25673e+08   992551    1.24%
Elapsed time = 38.58 sec. (47015.58 ticks, tree = 33.83 MB, solutions = 28)
  72118 54835   2.25673e+08    24   2.28515e+08   2.25673e+08  1075686    1.24%
  72119 54836   2.25673e+08    24   2.28515e+08   2.25673e+08  1075689    1.24%
  72120 54837   2.25673e+08    23   2.28515e+08   2.25673e+08  1075702    1.24%
  72121 54838   2.25673e+08    24   2.28515e+08   2.25673e+08  1075742    1.24%
  72122 54839   2.25673e+08    24   2.28515e+08   2.25673e+08  1075746    1.24%
  72123 54840   2.25673e+08    28   2.28515e+08   2.25673e+08  1075784    1.24%
  72124 54841   2.25673e+08    24   2.28515e+08   2.25673e+08  1075799    1.24%
  72125 54842   2.25673e+08    23   2.28515e+08   2.25673e+08  1075812    1.24%
  72126 54843   2.25673e+08    25   2.28515e+08   2.25673e+08  1075814    1.24%
  72127 54844   2.25673e+08    25   2.28515e+08   2.25673e+08  1075817    1.24%
Elapsed time = 42.07 sec. (50836.79 ticks, tree = 36.20 MB, solutions = 28)
* 73699+55796                       2.28507e+08   2.25673e+08             1.24%
  76276 57913   2.25673e+08    62   2.28507e+08   2.25673e+08  1151417    1.24%
  76277 57914   2.25673e+08    57   2.28507e+08   2.25673e+08  1151420    1.24%
  76278 57915   2.25673e+08    42   2.28507e+08   2.25673e+08  1151472    1.24%
  76279 57916   2.25673e+08    45   2.28507e+08   2.25673e+08  1151543    1.24%
  76280 57917   2.25673e+08    46   2.28507e+08   2.25673e+08  1151547    1.24%
  76281 57918   2.25673e+08    47   2.28507e+08   2.25673e+08  1151649    1.24%
  76282 57919   2.25673e+08    61   2.28507e+08   2.25673e+08  1151937    1.24%
  76283 57920   2.25673e+08    60   2.28507e+08   2.25673e+08  1151938    1.24%
  76284 57921   2.25673e+08    62   2.28507e+08   2.25673e+08  1151946    1.24%
  76285 57922   2.25673e+08    64   2.28507e+08   2.25673e+08  1151952    1.24%
Elapsed time = 45.58 sec. (54693.55 ticks, tree = 38.17 MB, solutions = 29)
  80392 60920   2.25673e+08    46   2.28507e+08   2.25673e+08  1238735    1.24%
  80393 60919        cutoff         2.28507e+08   2.25673e+08  1238812    1.24%
  80394 60920   2.25673e+08    47   2.28507e+08   2.25673e+08  1238813    1.24%
  80395 60921   2.26036e+08    39   2.28507e+08   2.25673e+08  1238834    1.24%
  80396 60920    infeasible         2.28507e+08   2.25673e+08  1238875    1.24%
  80397 60921   2.26055e+08    38   2.28507e+08   2.25673e+08  1238882    1.24%
  80398 60922   2.26130e+08    39   2.28507e+08   2.25673e+08  1238898    1.24%
  80399 60923   2.26168e+08    36   2.28507e+08   2.25673e+08  1238910    1.24%
  80400 60924   2.26286e+08    38   2.28507e+08   2.25673e+08  1238919    1.24%
  80401 60923        cutoff         2.28507e+08   2.25673e+08  1238923    1.24%
Elapsed time = 49.22 sec. (58518.79 ticks, tree = 40.10 MB, solutions = 29)
  85049 64481   2.25673e+08    31   2.28507e+08   2.25673e+08  1312556    1.24%
  85050 64482   2.25673e+08    24   2.28507e+08   2.25673e+08  1312608    1.24%
  85051 64483   2.25673e+08    26   2.28507e+08   2.25673e+08  1312617    1.24%
  85052 64484   2.25673e+08    24   2.28507e+08   2.25673e+08  1312625    1.24%
  85053 64485   2.25673e+08    26   2.28507e+08   2.25673e+08  1312640    1.24%
  85054 64486   2.25673e+08    25   2.28507e+08   2.25673e+08  1312644    1.24%
  85055 64487   2.25673e+08    26   2.28507e+08   2.25673e+08  1312656    1.24%
  85056 64488   2.25673e+08    27   2.28507e+08   2.25673e+08  1312658    1.24%
  85057 64489   2.25673e+08    26   2.28507e+08   2.25673e+08  1312660    1.24%
  85058 64490   2.25673e+08    28   2.28507e+08   2.25673e+08  1312708    1.24%
Elapsed time = 52.61 sec. (62339.33 ticks, tree = 42.48 MB, solutions = 29)
  88699 66939   2.25673e+08    27   2.28507e+08   2.25673e+08  1400418    1.24%
  88700 66940   2.25673e+08    31   2.28507e+08   2.25673e+08  1400436    1.24%
  88701 66941   2.25673e+08    29   2.28507e+08   2.25673e+08  1400440    1.24%
  88702 66942   2.25673e+08    32   2.28507e+08   2.25673e+08  1400459    1.24%
  88703 66943   2.25673e+08    31   2.28507e+08   2.25673e+08  1400499    1.24%
  88704 66944   2.25673e+08    29   2.28507e+08   2.25673e+08  1400501    1.24%
  88705 66945   2.25673e+08    29   2.28507e+08   2.25673e+08  1400506    1.24%
  88706 66946   2.25673e+08    54   2.28507e+08   2.25673e+08  1400634    1.24%
  88707 66947   2.25673e+08    53   2.28507e+08   2.25673e+08  1400636    1.24%
  88708 66948   2.25673e+08    32   2.28507e+08   2.25673e+08  1400749    1.24%
Elapsed time = 56.30 sec. (66215.75 ticks, tree = 45.98 MB, solutions = 29)
  91546 68908   2.25673e+08    24   2.28507e+08   2.25673e+08  1483527    1.24%
  91547 68909   2.25673e+08    24   2.28507e+08   2.25673e+08  1483529    1.24%
  91548 68909   2.25673e+08    20   2.28507e+08   2.25673e+08  1483576    1.24%
  91549 68910   2.25673e+08    24   2.28507e+08   2.25673e+08  1483648    1.24%
  91550 68911   2.25673e+08    21   2.28507e+08   2.25673e+08  1483649    1.24%
  91551 68912   2.25673e+08    24   2.28507e+08   2.25673e+08  1483650    1.24%
  91552 68913   2.25673e+08    21   2.28507e+08   2.25673e+08  1483660    1.24%
  91553 68914   2.25673e+08    21   2.28507e+08   2.25673e+08  1483661    1.24%
  91554 68915   2.25673e+08    21   2.28507e+08   2.25673e+08  1483664    1.24%
  91555 68916   2.25673e+08    21   2.28507e+08   2.25673e+08  1483666    1.24%
Elapsed time = 59.99 sec. (70041.90 ticks, tree = 47.26 MB, solutions = 29)
  95625 71889   2.26460e+08    24   2.28507e+08   2.25673e+08  1559367    1.24%
  95626 71888    infeasible         2.28507e+08   2.25673e+08  1559367    1.24%
  95627 71887        cutoff         2.28507e+08   2.25673e+08  1559368    1.24%
  95628 71886        cutoff         2.28507e+08   2.25673e+08  1559479    1.24%
  95629 71885        cutoff         2.28507e+08   2.25673e+08  1559527    1.24%
  95630 71886   2.25673e+08    22   2.28507e+08   2.25673e+08  1559547    1.24%
  95631 71887   2.25673e+08    22   2.28507e+08   2.25673e+08  1559566    1.24%
  95632 71888   2.25673e+08    21   2.28507e+08   2.25673e+08  1559567    1.24%
  95633 71889   2.25673e+08    22   2.28507e+08   2.25673e+08  1559580    1.24%
  95634 71890   2.25673e+08    23   2.28507e+08   2.25673e+08  1559585    1.24%
Elapsed time = 63.50 sec. (73864.15 ticks, tree = 49.21 MB, solutions = 29)
  99827 74679   2.25673e+08    23   2.28507e+08   2.25673e+08  1644626    1.24%
  99828 74680   2.25673e+08    27   2.28507e+08   2.25673e+08  1644641    1.24%
  99829 74681   2.25673e+08    23   2.28507e+08   2.25673e+08  1644650    1.24%
  99830 74682   2.25673e+08    26   2.28507e+08   2.25673e+08  1644696    1.24%
  99831 74683   2.25673e+08    24   2.28507e+08   2.25673e+08  1644697    1.24%
  99832 74684   2.25673e+08    26   2.28507e+08   2.25673e+08  1644710    1.24%
  99833 74685   2.25673e+08    24   2.28507e+08   2.25673e+08  1644726    1.24%
  99834 74686   2.25673e+08    26   2.28507e+08   2.25673e+08  1644730    1.24%
  99835 74687   2.25673e+08    27   2.28507e+08   2.25673e+08  1644733    1.24%
  99836 74688   2.25673e+08    25   2.28507e+08   2.25673e+08  1644734    1.24%
Elapsed time = 67.11 sec. (77683.76 ticks, tree = 51.05 MB, solutions = 29)
 103968 77725   2.25673e+08    43   2.28507e+08   2.25673e+08  1730338    1.24%
 103969 77726   2.25673e+08    40   2.28507e+08   2.25673e+08  1730339    1.24%
 103970 77727   2.25673e+08    35   2.28507e+08   2.25673e+08  1730348    1.24%
 103971 77728   2.25673e+08    47   2.28507e+08   2.25673e+08  1730385    1.24%
 103972 77729   2.25673e+08    48   2.28507e+08   2.25673e+08  1730391    1.24%
 103973 77730   2.25673e+08    41   2.28507e+08   2.25673e+08  1730393    1.24%
 103974 77731   2.25673e+08    43   2.28507e+08   2.25673e+08  1730395    1.24%
 103975 77732   2.25964e+08    47   2.28507e+08   2.25673e+08  1730433    1.24%
 103976 77733   2.25964e+08    47   2.28507e+08   2.25673e+08  1730434    1.24%
 103977 77734   2.26011e+08    50   2.28507e+08   2.25673e+08  1730446    1.24%
Elapsed time = 70.66 sec. (81504.19 ticks, tree = 53.00 MB, solutions = 29)
*104799+76915                       2.28401e+08   2.25673e+08             1.19%
*104899+76741                       2.28324e+08   2.25673e+08             1.16%
*106199+77750                       2.28323e+08   2.25673e+08             1.16%
 108105 79195        cutoff         2.28323e+08   2.25673e+08  1806971    1.16%
 108106 79196   2.25673e+08    32   2.28323e+08   2.25673e+08  1807061    1.16%
 108107 79197   2.25673e+08    29   2.28323e+08   2.25673e+08  1807082    1.16%
 108108 79198   2.25673e+08    29   2.28323e+08   2.25673e+08  1807084    1.16%
 108109 79199   2.25673e+08    28   2.28323e+08   2.25673e+08  1807085    1.16%
 108110 79200   2.26150e+08    27   2.28323e+08   2.25673e+08  1807120    1.16%
 108111 79201   2.26873e+08    26   2.28323e+08   2.25673e+08  1807122    1.16%
 108112 79202   2.26873e+08    26   2.28323e+08   2.25673e+08  1807124    1.16%
 108113 79203   2.27947e+08    14   2.28323e+08   2.25673e+08  1807132    1.16%
 108114 79202    infeasible         2.28323e+08   2.25673e+08  1807132    1.16%
Elapsed time = 74.19 sec. (85325.69 ticks, tree = 53.83 MB, solutions = 32)
*111599+80420                       2.28021e+08   2.25673e+08             1.03%
 112872 81348   2.25673e+08    30   2.28021e+08   2.25673e+08  1887499    1.03%
 112873 81349   2.25673e+08    29   2.28021e+08   2.25673e+08  1887500    1.03%
 112874 81350   2.25673e+08    28   2.28021e+08   2.25673e+08  1887504    1.03%
 112875 81351   2.25864e+08    34   2.28021e+08   2.25673e+08  1887528    1.03%
 112876 81352   2.25874e+08    26   2.28021e+08   2.25673e+08  1887534    1.03%
 112877 81352   2.26076e+08    31   2.28021e+08   2.25673e+08  1887541    1.03%
 112878 81352   2.26451e+08    28   2.28021e+08   2.25673e+08  1887545    1.03%
 112879 81352   2.27233e+08    25   2.28021e+08   2.25673e+08  1887549    1.03%
 112880 81353   2.27233e+08    25   2.28021e+08   2.25673e+08  1887549    1.03%
 112881 81353   2.27233e+08    25   2.28021e+08   2.25673e+08  1887550    1.03%
Elapsed time = 77.72 sec. (89145.56 ticks, tree = 55.12 MB, solutions = 33)
 117410 84717   2.25673e+08    24   2.28021e+08   2.25673e+08  1973005    1.03%
 117411 84718   2.25673e+08    25   2.28021e+08   2.25673e+08  1973016    1.03%
 117412 84719   2.25673e+08    24   2.28021e+08   2.25673e+08  1973045    1.03%
 117413 84720   2.25673e+08    28   2.28021e+08   2.25673e+08  1973169    1.03%
 117414 84721   2.25673e+08    29   2.28021e+08   2.25673e+08  1973261    1.03%
 117415 84722   2.25673e+08    29   2.28021e+08   2.25673e+08  1973272    1.03%
 117416 84723   2.25673e+08    29   2.28021e+08   2.25673e+08  1973276    1.03%
 117417 84724   2.25673e+08    25   2.28021e+08   2.25673e+08  1973283    1.03%
 117418 84725   2.25673e+08    24   2.28021e+08   2.25673e+08  1973331    1.03%
 117419 84726   2.25673e+08    30   2.28021e+08   2.25673e+08  1973400    1.03%
Elapsed time = 81.33 sec. (92973.81 ticks, tree = 57.28 MB, solutions = 33)
 121837 88044   2.25673e+08    38   2.28021e+08   2.25673e+08  2055451    1.03%
 121838 88045   2.25673e+08    37   2.28021e+08   2.25673e+08  2055452    1.03%
 121839 88046   2.25673e+08    29   2.28021e+08   2.25673e+08  2055479    1.03%
 121840 88047   2.25673e+08    36   2.28021e+08   2.25673e+08  2055598    1.03%
 121841 88048   2.25673e+08    30   2.28021e+08   2.25673e+08  2055670    1.03%
 121842 88049   2.25673e+08    32   2.28021e+08   2.25673e+08  2055819    1.03%
 121843 88050   2.25673e+08    37   2.28021e+08   2.25673e+08  2055998    1.03%
 121844 88051   2.25673e+08    34   2.28021e+08   2.25673e+08  2056006    1.03%
 121845 88052   2.25673e+08    36   2.28021e+08   2.25673e+08  2056010    1.03%
 121846 88053   2.25673e+08    34   2.28021e+08   2.25673e+08  2056019    1.03%
Elapsed time = 84.89 sec. (96813.86 ticks, tree = 59.39 MB, solutions = 33)
 125809 90762   2.25684e+08    76   2.28021e+08   2.25673e+08  2139762    1.03%
 125810 90763   2.25684e+08    74   2.28021e+08   2.25673e+08  2139772    1.03%
 125811 90764   2.25685e+08    66   2.28021e+08   2.25673e+08  2139794    1.03%
 125812 90765   2.26060e+08    69   2.28021e+08   2.25673e+08  2139864    1.03%
 125813 90766   2.26103e+08    67   2.28021e+08   2.25673e+08  2139885    1.03%
 125814 90767   2.26127e+08    65   2.28021e+08   2.25673e+08  2139887    1.03%
 125815 90768   2.26131e+08    65   2.28021e+08   2.25673e+08  2139890    1.03%
 125816 90769   2.26133e+08    69   2.28021e+08   2.25673e+08  2139893    1.03%
 125817 90770   2.26133e+08    64   2.28021e+08   2.25673e+08  2139894    1.03%
 125818 90771   2.26172e+08    60   2.28021e+08   2.25673e+08  2139908    1.03%
Elapsed time = 88.50 sec. (100651.64 ticks, tree = 61.13 MB, solutions = 33)
 129099 92689   2.25923e+08    18   2.28021e+08   2.25673e+08  2210875    1.03%
 129100 92690   2.25923e+08    17   2.28021e+08   2.25673e+08  2210882    1.03%
 129101 92691   2.25923e+08    18   2.28021e+08   2.25673e+08  2210889    1.03%
 129102 92692   2.25923e+08    17   2.28021e+08   2.25673e+08  2210890    1.03%
 129103 92693   2.25923e+08    19   2.28021e+08   2.25673e+08  2210894    1.03%
 129104 92694   2.25941e+08    24   2.28021e+08   2.25673e+08  2210918    1.03%
 129105 92694   2.25941e+08    23   2.28021e+08   2.25673e+08  2210922    1.03%
 129106 92694   2.25942e+08    24   2.28021e+08   2.25673e+08  2210923    1.03%
 129107 92695   2.25942e+08    24   2.28021e+08   2.25673e+08  2210926    1.03%
 129108 92695   2.25942e+08    23   2.28021e+08   2.25673e+08  2210928    1.03%
Elapsed time = 92.16 sec. (104693.99 ticks, tree = 62.47 MB, solutions = 33)
 131827 94998   2.25673e+08    46   2.28021e+08   2.25673e+08  2264818    1.03%
 131828 94999   2.25807e+08    49   2.28021e+08   2.25673e+08  2264967    1.03%
 131829 95000   2.25831e+08    48   2.28021e+08   2.25673e+08  2264979    1.03%
 131830 95001   2.25973e+08    48   2.28021e+08   2.25673e+08  2265022    1.03%
 131831 95002   2.25999e+08    49   2.28021e+08   2.25673e+08  2265029    1.03%
 131832 95003   2.25999e+08    49   2.28021e+08   2.25673e+08  2265030    1.03%
 131833 95003   2.26168e+08    45   2.28021e+08   2.25673e+08  2265055    1.03%
 131834 95002        cutoff         2.28021e+08   2.25673e+08  2265061    1.03%
 131835 95003   2.25673e+08    25   2.28021e+08   2.25673e+08  2265139    1.03%
 131836 95004   2.25673e+08    30   2.28021e+08   2.25673e+08  2265243    1.03%
Elapsed time = 95.51 sec. (108530.55 ticks, tree = 63.99 MB, solutions = 33)
 137832 100235   2.25861e+08    34   2.28021e+08   2.25673e+08  2344771    1.03%
 137833 100236   2.25861e+08    35   2.28021e+08   2.25673e+08  2344781    1.03%
 137834 100237   2.25861e+08    35   2.28021e+08   2.25673e+08  2344782    1.03%
 137835 100238   2.25861e+08    40   2.28021e+08   2.25673e+08  2344802    1.03%
 137836 100239   2.25861e+08    37   2.28021e+08   2.25673e+08  2344814    1.03%
 137837 100240   2.25862e+08    38   2.28021e+08   2.25673e+08  2344816    1.03%
 137838 100241   2.25862e+08    38   2.28021e+08   2.25673e+08  2344817    1.03%
 137839 100242   2.25864e+08    37   2.28021e+08   2.25673e+08  2344822    1.03%
 137840 100243   2.25867e+08    35   2.28021e+08   2.25673e+08  2344837    1.03%
 137841 100244   2.25868e+08    37   2.28021e+08   2.25673e+08  2344839    1.03%
Elapsed time = 99.05 sec. (112348.40 ticks, tree = 67.48 MB, solutions = 33)

Cover cuts applied:  460
Mixed integer rounding cuts applied:  11
Gomory fractional cuts applied:  5

Root node processing (before b&c):
  Real time             =    0.05 sec. (58.48 ticks)
Sequential b&c:
  Real time             =   99.95 sec. (113380.68 ticks)
                          ------------
Total (root+branch&cut) =  100.00 sec. (113439.16 ticks)

Solution pool: 33 solutions saved.

MIP - Time limit exceeded, integer feasible:  Objective =  2.2802117800e+08
Current MIP best bound =  2.2567326400e+08 (gap = 2.34791e+06, 1.03%)
Solution time =  100.00 sec.  Iterations = 2364992  Nodes = 140118 (102306)
Deterministic time = 113439.17 ticks  (1134.39 ticks/sec)


Incumbent solution written to file '/tmp/tmpFKuLvD.cplex.sol'.
