
Log started (V12.6.3.0) Sat Apr 21 16:00:38 2018

New value for default parallel thread count: 1

Problem '/tmp/tmp7a5RQ3.pyomo.lp' read.
Read time = 0.01 sec. (0.85 ticks)

Problem name         : /tmp/tmp7a5RQ3.pyomo.lp
Objective sense      : Minimize
Variables            :     950  [Nneg: 1,  Binary: 936,  General Integer: 13]
Objective nonzeros   :       1
Linear constraints   :     182  [Less: 90,  Equal: 92]
  Nonzeros           :   61117
  RHS nonzeros       :     157

Variables            : Min LB: 0.000000         Max UB: 1.000000       
Objective nonzeros   : Min   : 1.000000         Max   : 1.000000       
Linear constraints   :
  Nonzeros           : Min   : 1.000000         Max   : 6.145599e+07   
  RHS nonzeros       : Min   : 1.000000         Max   : 8.000000       
Tried aggregator 2 times.
MIP Presolve eliminated 81 rows and 140 columns.
Aggregator did 6 substitutions.
Reduced MIP has 95 rows, 804 columns, and 2247 nonzeros.
Reduced MIP has 792 binaries, 12 generals, 0 SOSs, and 0 indicators.
Presolve time = 0.01 sec. (11.05 ticks)
Found incumbent of value 8.5413312e+08 after 0.01 sec. (12.60 ticks)
Probing time = 0.00 sec. (1.59 ticks)
Tried aggregator 1 time.
Reduced MIP has 95 rows, 804 columns, and 2247 nonzeros.
Reduced MIP has 792 binaries, 12 generals, 0 SOSs, and 0 indicators.
Presolve time = 0.00 sec. (1.15 ticks)
Probing time = 0.00 sec. (1.59 ticks)
Clique table members: 72.
MIP emphasis: balance optimality and feasibility.
MIP search method: dynamic search.
Parallel mode: none, using 1 thread.
Root relaxation solution time = 0.00 sec. (1.42 ticks)

        Nodes                                         Cuts/
   Node  Left     Objective  IInf  Best Integer    Best Bound    ItCnt     Gap

*     0+    0                       8.54133e+08        0.0000           100.00%
      0     0   2.25673e+08    31   8.54133e+08   2.25673e+08      126   73.58%
      0     0   2.25673e+08    23   8.54133e+08      Fract: 7      147   73.58%
      0     0   2.25673e+08    28   8.54133e+08      Fract: 4      166   73.58%
*     0+    0                       2.58275e+08   2.25673e+08            12.62%
*     0+    0                       2.56292e+08   2.25673e+08            11.95%
*     0+    0                       2.45254e+08   2.25673e+08             7.98%
      0     2   2.25673e+08    17   2.45254e+08   2.25673e+08      166    7.98%
Elapsed time = 0.05 sec. (57.41 ticks, tree = 0.01 MB, solutions = 4)
*   140+  128                       2.35999e+08   2.25673e+08             4.38%
*   240+  209                       2.35499e+08   2.25673e+08             4.17%
*   498+  455                       2.33552e+08   2.25673e+08             3.37%
*   498+  455                       2.33423e+08   2.25673e+08             3.32%
*   499+  455                       2.31835e+08   2.25673e+08             2.66%
*   499+  455                       2.30619e+08   2.25673e+08             2.14%
    500   458   2.25673e+08    20   2.30619e+08   2.25673e+08     2175    2.14%
    501   459   2.25673e+08    25   2.30619e+08   2.25673e+08     2621    2.14%
    502   459   2.25673e+08    22   2.30619e+08   2.25673e+08     2637    2.14%
    503   460   2.25673e+08    20   2.30619e+08   2.25673e+08     2643    2.14%
    504   461   2.25673e+08    20   2.30619e+08   2.25673e+08     2648    2.14%
    505   462   2.25673e+08    23   2.30619e+08   2.25673e+08     2657    2.14%
    506   463   2.25673e+08    20   2.30619e+08   2.25673e+08     2659    2.14%
    507   464   2.25673e+08    24   2.30619e+08   2.25673e+08     2669    2.14%
    508   464   2.25673e+08    20   2.30619e+08   2.25673e+08     2673    2.14%
*   901+  436                       2.29755e+08   2.25673e+08             1.78%
*   901+  381                       2.28458e+08   2.25673e+08             1.22%
    901   383   2.25673e+08    20   2.28458e+08   2.25673e+08     4770    1.22%
Elapsed time = 0.91 sec. (1088.52 ticks, tree = 0.21 MB, solutions = 12)
   2048  1098   2.25673e+08    23   2.28458e+08   2.25673e+08     9605    1.22%
   2049  1099   2.25673e+08    23   2.28458e+08   2.25673e+08     9606    1.22%
   2050  1100   2.25673e+08    22   2.28458e+08   2.25673e+08     9611    1.22%
   2051  1101   2.25673e+08    22   2.28458e+08   2.25673e+08     9613    1.22%
   2052  1102   2.25673e+08    22   2.28458e+08   2.25673e+08     9615    1.22%
   2053  1103   2.25673e+08    20   2.28458e+08   2.25673e+08     9619    1.22%
   2054  1104   2.25673e+08    20   2.28458e+08   2.25673e+08     9620    1.22%
   2055  1105   2.25673e+08    20   2.28458e+08   2.25673e+08     9622    1.22%
   2056  1106   2.25673e+08    21   2.28458e+08   2.25673e+08     9624    1.22%
   2057  1107   2.25673e+08    22   2.28458e+08   2.25673e+08     9628    1.22%
Elapsed time = 1.71 sec. (2044.18 ticks, tree = 0.65 MB, solutions = 12)
   6293  4614   2.26340e+08    29   2.28458e+08   2.25673e+08    27445    1.22%
   6294  4615   2.26340e+08    29   2.28458e+08   2.25673e+08    27446    1.22%
   6295  4616   2.26340e+08    32   2.28458e+08   2.25673e+08    27450    1.22%
   6296  4617   2.26340e+08    30   2.28458e+08   2.25673e+08    27451    1.22%
   6297  4618   2.26340e+08    28   2.28458e+08   2.25673e+08    27452    1.22%
   6298  4619   2.26340e+08    26   2.28458e+08   2.25673e+08    27454    1.22%
   6299  4620   2.26340e+08    29   2.28458e+08   2.25673e+08    27461    1.22%
   6300  4621   2.26340e+08    32   2.28458e+08   2.25673e+08    27467    1.22%
   6301  4622   2.26340e+08    30   2.28458e+08   2.25673e+08    27468    1.22%
   6302  4623   2.26340e+08    30   2.28458e+08   2.25673e+08    27473    1.22%
Elapsed time = 2.45 sec. (2999.62 ticks, tree = 2.83 MB, solutions = 12)
  10461  8006   2.25673e+08    19   2.28458e+08   2.25673e+08    45853    1.22%
  10462  8007   2.25673e+08    20   2.28458e+08   2.25673e+08    45892    1.22%
  10463  8006    infeasible         2.28458e+08   2.25673e+08    45904    1.22%
  10464  8005        cutoff         2.28458e+08   2.25673e+08    45958    1.22%
  10465  8004        cutoff         2.28458e+08   2.25673e+08    45972    1.22%
  10466  8003        cutoff         2.28458e+08   2.25673e+08    45987    1.22%
  10467  8004   2.25673e+08    16   2.28458e+08   2.25673e+08    45999    1.22%
  10468  8005   2.25673e+08    16   2.28458e+08   2.25673e+08    46000    1.22%
  10469  8006   2.25673e+08    16   2.28458e+08   2.25673e+08    46001    1.22%
  10470  8007   2.25673e+08    15   2.28458e+08   2.25673e+08    46003    1.22%
Elapsed time = 3.34 sec. (4148.40 ticks, tree = 4.76 MB, solutions = 12)
  13592 10501   2.25673e+08    27   2.28458e+08   2.25673e+08    73574    1.22%
  13593 10502   2.25673e+08    25   2.28458e+08   2.25673e+08    73593    1.22%
  13594 10503   2.25673e+08    24   2.28458e+08   2.25673e+08    73599    1.22%
  13595 10504   2.25673e+08    24   2.28458e+08   2.25673e+08    73602    1.22%
  13596 10505   2.25673e+08    24   2.28458e+08   2.25673e+08    73603    1.22%
  13597 10506   2.25673e+08    29   2.28458e+08   2.25673e+08    73613    1.22%
  13598 10507   2.25673e+08    30   2.28458e+08   2.25673e+08    73616    1.22%
  13599 10508   2.25673e+08    27   2.28458e+08   2.25673e+08    73619    1.22%
  13600 10507        cutoff         2.28458e+08   2.25673e+08    73663    1.22%
  13601 10508   2.25673e+08    24   2.28458e+08   2.25673e+08    73664    1.22%
Elapsed time = 4.08 sec. (5104.29 ticks, tree = 6.41 MB, solutions = 12)
  16218 12635   2.25699e+08    34   2.28458e+08   2.25673e+08    98155    1.22%
  16219 12636   2.25699e+08    34   2.28458e+08   2.25673e+08    98159    1.22%
  16220 12637   2.25699e+08    35   2.28458e+08   2.25673e+08    98164    1.22%
  16221 12638   2.25699e+08    34   2.28458e+08   2.25673e+08    98168    1.22%
  16222 12639   2.25699e+08    37   2.28458e+08   2.25673e+08    98184    1.22%
  16223 12640   2.25699e+08    36   2.28458e+08   2.25673e+08    98191    1.22%
  16224 12641   2.25706e+08    33   2.28458e+08   2.25673e+08    98208    1.22%
  16225 12642   2.25706e+08    33   2.28458e+08   2.25673e+08    98209    1.22%
  16226 12643   2.25707e+08    38   2.28458e+08   2.25673e+08    98212    1.22%
  16227 12644   2.25707e+08    34   2.28458e+08   2.25673e+08    98213    1.22%
Elapsed time = 4.78 sec. (6060.02 ticks, tree = 7.68 MB, solutions = 12)
  18407 14304   2.25673e+08    26   2.28458e+08   2.25673e+08   126140    1.22%
  18408 14305   2.25673e+08    26   2.28458e+08   2.25673e+08   126144    1.22%
  18409 14306   2.25673e+08    31   2.28458e+08   2.25673e+08   126155    1.22%
  18410 14307   2.25673e+08    30   2.28458e+08   2.25673e+08   126161    1.22%
  18411 14308   2.25673e+08    28   2.28458e+08   2.25673e+08   126166    1.22%
  18412 14309   2.25673e+08    29   2.28458e+08   2.25673e+08   126173    1.22%
  18413 14310   2.25673e+08    27   2.28458e+08   2.25673e+08   126192    1.22%
  18414 14311   2.25673e+08    27   2.28458e+08   2.25673e+08   126203    1.22%
  18415 14312   2.25673e+08    31   2.28458e+08   2.25673e+08   126221    1.22%
  18416 14313   2.25673e+08    29   2.28458e+08   2.25673e+08   126226    1.22%
Elapsed time = 5.49 sec. (7018.80 ticks, tree = 8.69 MB, solutions = 12)
  20152 15720        cutoff         2.28458e+08   2.25673e+08   150049    1.22%
  20153 15721   2.25673e+08    18   2.28458e+08   2.25673e+08   150050    1.22%
  20154 15722   2.25673e+08    20   2.28458e+08   2.25673e+08   150065    1.22%
  20155 15722   2.26297e+08    27   2.28458e+08   2.25673e+08   150175    1.22%
  20156 15721        cutoff         2.28458e+08   2.25673e+08   150186    1.22%
  20157 15720        cutoff         2.28458e+08   2.25673e+08   150212    1.22%
  20158 15721   2.25673e+08    27   2.28458e+08   2.25673e+08   150240    1.22%
  20159 15722   2.25673e+08    25   2.28458e+08   2.25673e+08   150244    1.22%
  20160 15723   2.25673e+08    31   2.28458e+08   2.25673e+08   150252    1.22%
  20161 15724   2.25673e+08    26   2.28458e+08   2.25673e+08   150254    1.22%
Elapsed time = 6.20 sec. (7985.24 ticks, tree = 9.53 MB, solutions = 12)
  21906 17120   2.25673e+08    32   2.28458e+08   2.25673e+08   178182    1.22%
  21907 17121   2.25673e+08    28   2.28458e+08   2.25673e+08   178185    1.22%
  21908 17122   2.25673e+08    30   2.28458e+08   2.25673e+08   178216    1.22%
  21909 17123   2.25673e+08    30   2.28458e+08   2.25673e+08   178217    1.22%
  21910 17124   2.25673e+08    33   2.28458e+08   2.25673e+08   178220    1.22%
  21911 17125   2.25673e+08    32   2.28458e+08   2.25673e+08   178225    1.22%
  21912 17124        cutoff         2.28458e+08   2.25673e+08   178251    1.22%
  21913 17125   2.25673e+08    29   2.28458e+08   2.25673e+08   178278    1.22%
  21914 17126   2.25673e+08    29   2.28458e+08   2.25673e+08   178279    1.22%
  21915 17127   2.25673e+08    29   2.28458e+08   2.25673e+08   178280    1.22%
Elapsed time = 6.91 sec. (8949.09 ticks, tree = 10.81 MB, solutions = 12)
  23442 18384   2.25673e+08    41   2.28458e+08   2.25673e+08   202543    1.22%
  23443 18385   2.25673e+08    37   2.28458e+08   2.25673e+08   202547    1.22%
  23444 18386   2.25673e+08    34   2.28458e+08   2.25673e+08   202561    1.22%
  23445 18385        cutoff         2.28458e+08   2.25673e+08   202651    1.22%
  23446 18386   2.25673e+08    31   2.28458e+08   2.25673e+08   202688    1.22%
  23447 18387   2.25673e+08    30   2.28458e+08   2.25673e+08   202702    1.22%
  23448 18388   2.25673e+08    31   2.28458e+08   2.25673e+08   202706    1.22%
  23449 18387        cutoff         2.28458e+08   2.25673e+08   202793    1.22%
  23450 18388   2.26249e+08    33   2.28458e+08   2.25673e+08   202848    1.22%
  26957 21028   2.27587e+08    21   2.28458e+08   2.25673e+08   271488    1.22%
Elapsed time = 9.67 sec. (12763.96 ticks, tree = 13.18 MB, solutions = 12)
  30906 24152   2.25673e+08    53   2.28458e+08   2.25673e+08   351881    1.22%
  30907 24153   2.25673e+08    43   2.28458e+08   2.25673e+08   351888    1.22%
  30908 24154   2.25673e+08    41   2.28458e+08   2.25673e+08   351891    1.22%
  30909 24155   2.25673e+08    43   2.28458e+08   2.25673e+08   351941    1.22%
  30910 24156   2.25673e+08    41   2.28458e+08   2.25673e+08   351943    1.22%
  30911 24157   2.25673e+08    42   2.28458e+08   2.25673e+08   351959    1.22%
  30912 24158   2.25673e+08    40   2.28458e+08   2.25673e+08   351960    1.22%
  30913 24159   2.25673e+08    40   2.28458e+08   2.25673e+08   351964    1.22%
  30914 24160   2.25673e+08    42   2.28458e+08   2.25673e+08   351967    1.22%
  30915 24161   2.25673e+08    42   2.28458e+08   2.25673e+08   351976    1.22%
Elapsed time = 12.37 sec. (16586.93 ticks, tree = 15.23 MB, solutions = 12)
  34127 26820   2.25673e+08    38   2.28458e+08   2.25673e+08   430395    1.22%
  34128 26821   2.25673e+08    38   2.28458e+08   2.25673e+08   430397    1.22%
  34129 26822   2.25673e+08    34   2.28458e+08   2.25673e+08   430412    1.22%
  34130 26823   2.25673e+08    35   2.28458e+08   2.25673e+08   430424    1.22%
  34131 26824   2.25673e+08    34   2.28458e+08   2.25673e+08   430427    1.22%
  34132 26825   2.25673e+08    36   2.28458e+08   2.25673e+08   430432    1.22%
  34133 26826   2.25673e+08    34   2.28458e+08   2.25673e+08   430434    1.22%
  34134 26827   2.25673e+08    34   2.28458e+08   2.25673e+08   430435    1.22%
  34135 26828   2.25673e+08    37   2.28458e+08   2.25673e+08   430442    1.22%
  34136 26829   2.25673e+08    32   2.28458e+08   2.25673e+08   430447    1.22%
Elapsed time = 15.07 sec. (20404.94 ticks, tree = 16.94 MB, solutions = 12)
  38588 30656   2.25673e+08    48   2.28458e+08   2.25673e+08   510408    1.22%
  38589 30657   2.25673e+08    46   2.28458e+08   2.25673e+08   510450    1.22%
  38590 30658   2.25673e+08    46   2.28458e+08   2.25673e+08   510454    1.22%
  38591 30659   2.25673e+08    52   2.28458e+08   2.25673e+08   510578    1.22%
  38592 30660   2.25673e+08    38   2.28458e+08   2.25673e+08   510601    1.22%
  38593 30661   2.25673e+08    37   2.28458e+08   2.25673e+08   510699    1.22%
  38594 30662   2.25673e+08    35   2.28458e+08   2.25673e+08   510714    1.22%
  38595 30663   2.25673e+08    51   2.28458e+08   2.25673e+08   510800    1.22%
  38596 30664   2.25673e+08    56   2.28458e+08   2.25673e+08   510807    1.22%
  38597 30665   2.25673e+08    57   2.28458e+08   2.25673e+08   510809    1.22%
Elapsed time = 17.77 sec. (24237.96 ticks, tree = 19.42 MB, solutions = 12)
* 39301+30235                       2.27763e+08   2.25673e+08             0.92%
  43524 33625   2.25673e+08    38   2.27763e+08   2.25673e+08   582480    0.92%
  43525 33626   2.25673e+08    48   2.27763e+08   2.25673e+08   582552    0.92%
  43526 33627   2.25673e+08    36   2.27763e+08   2.25673e+08   582576    0.92%
  43527 33628   2.25673e+08    36   2.27763e+08   2.25673e+08   582577    0.92%
  43528 33629   2.25673e+08    34   2.27763e+08   2.25673e+08   582604    0.92%
  43529 33630   2.25673e+08    36   2.27763e+08   2.25673e+08   582660    0.92%
  43530 33631   2.25673e+08    37   2.27763e+08   2.25673e+08   582705    0.92%
  43531 33632   2.25673e+08    37   2.27763e+08   2.25673e+08   582712    0.92%
  43532 33633   2.25673e+08    36   2.27763e+08   2.25673e+08   582752    0.92%
  43533 33634   2.25673e+08    40   2.27763e+08   2.25673e+08   582806    0.92%
Elapsed time = 20.53 sec. (28064.89 ticks, tree = 22.24 MB, solutions = 13)
* 45101+34111                       2.27589e+08   2.25673e+08             0.84%
  46458 35173   2.27487e+08    28   2.27589e+08   2.25673e+08   661027    0.84%
  46459 35172    infeasible         2.27589e+08   2.25673e+08   661027    0.84%
  46460 35171    infeasible         2.27589e+08   2.25673e+08   661027    0.84%
  46461 35172   2.25673e+08    61   2.27589e+08   2.25673e+08   661177    0.84%
  46462 35173   2.25673e+08    53   2.27589e+08   2.25673e+08   661183    0.84%
  46463 35174   2.25673e+08    36   2.27589e+08   2.25673e+08   661220    0.84%
  46464 35175   2.25673e+08    34   2.27589e+08   2.25673e+08   661231    0.84%
  46465 35176   2.25673e+08    40   2.27589e+08   2.25673e+08   661251    0.84%
  46466 35177   2.25673e+08    40   2.27589e+08   2.25673e+08   661268    0.84%
  46467 35178   2.25673e+08    42   2.27589e+08   2.25673e+08   661309    0.84%
Elapsed time = 23.48 sec. (31897.93 ticks, tree = 23.17 MB, solutions = 14)
  50122 38195   2.26573e+08    29   2.27589e+08   2.25673e+08   736096    0.84%
  50123 38196   2.27225e+08    35   2.27589e+08   2.25673e+08   736178    0.84%
  50124 38197   2.27225e+08    37   2.27589e+08   2.25673e+08   736185    0.84%
  50125 38197   2.27225e+08    34   2.27589e+08   2.25673e+08   736186    0.84%
  50126 38198   2.27418e+08    37   2.27589e+08   2.25673e+08   736239    0.84%
  50127 38199   2.27418e+08    36   2.27589e+08   2.25673e+08   736240    0.84%
  50128 38200   2.27418e+08    37   2.27589e+08   2.25673e+08   736247    0.84%
  50129 38201   2.27545e+08    27   2.27589e+08   2.25673e+08   736261    0.84%
  50130 38202   2.27545e+08    30   2.27589e+08   2.25673e+08   736281    0.84%
  50131 38201        cutoff         2.27589e+08   2.25673e+08   736290    0.84%
Elapsed time = 27.04 sec. (35720.52 ticks, tree = 25.13 MB, solutions = 14)
* 51301+38357                       2.27419e+08   2.25673e+08             0.77%
  53765 40504   2.26041e+08    53   2.27419e+08   2.25673e+08   806883    0.77%
  53766 40505   2.26041e+08    51   2.27419e+08   2.25673e+08   806894    0.77%
  53767 40506   2.26041e+08    44   2.27419e+08   2.25673e+08   806910    0.77%
  53768 40507   2.26041e+08    42   2.27419e+08   2.25673e+08   806966    0.77%
  53769 40508   2.26041e+08    43   2.27419e+08   2.25673e+08   806988    0.77%
  53770 40509   2.26041e+08    40   2.27419e+08   2.25673e+08   807009    0.77%
  53771 40510   2.26041e+08    52   2.27419e+08   2.25673e+08   807122    0.77%
  53772 40511   2.26041e+08    48   2.27419e+08   2.25673e+08   807126    0.77%
  53773 40512   2.26041e+08    50   2.27419e+08   2.25673e+08   807130    0.77%
  53774 40513   2.26041e+08    51   2.27419e+08   2.25673e+08   807133    0.77%
Elapsed time = 30.57 sec. (39548.51 ticks, tree = 26.61 MB, solutions = 15)
  57088 43107        cutoff         2.27419e+08   2.25673e+08   883009    0.77%
  57089 43108   2.25673e+08    27   2.27419e+08   2.25673e+08   883018    0.77%
  57090 43109   2.25673e+08    30   2.27419e+08   2.25673e+08   883053    0.77%
  57091 43108        cutoff         2.27419e+08   2.25673e+08   883100    0.77%
  57092 43109   2.25673e+08    30   2.27419e+08   2.25673e+08   883101    0.77%
  57093 43110   2.25673e+08    29   2.27419e+08   2.25673e+08   883115    0.77%
  57094 43111   2.25673e+08    28   2.27419e+08   2.25673e+08   883117    0.77%
  57095 43112   2.25673e+08    28   2.27419e+08   2.25673e+08   883121    0.77%
  57096 43113   2.25673e+08    26   2.27419e+08   2.25673e+08   883124    0.77%
  57097 43114   2.25673e+08    32   2.27419e+08   2.25673e+08   883148    0.77%
Elapsed time = 34.15 sec. (43371.23 ticks, tree = 28.27 MB, solutions = 15)
  60740 45905        cutoff         2.27419e+08   2.25673e+08   955611    0.77%
  60741 45904        cutoff         2.27419e+08   2.25673e+08   955703    0.77%
  60742 45903        cutoff         2.27419e+08   2.25673e+08   955773    0.77%
  60743 45904   2.27418e+08    23   2.27419e+08   2.25673e+08   955946    0.77%
  60744 45903        cutoff         2.27419e+08   2.25673e+08   955950    0.77%
  60745 45902        cutoff         2.27419e+08   2.25673e+08   955958    0.77%
  60746 45903   2.27418e+08    23   2.27419e+08   2.25673e+08   956127    0.77%
  60747 45902        cutoff         2.27419e+08   2.25673e+08   956132    0.77%
  60748 45901    infeasible         2.27419e+08   2.25673e+08   956132    0.77%
  60749 45900    infeasible         2.27419e+08   2.25673e+08   956132    0.77%
Elapsed time = 37.72 sec. (47210.47 ticks, tree = 30.03 MB, solutions = 15)
  64551 49107   2.25673e+08    22   2.27419e+08   2.25673e+08  1028705    0.77%
  64552 49108   2.25673e+08    22   2.27419e+08   2.25673e+08  1028714    0.77%
  64553 49109   2.25673e+08    32   2.27419e+08   2.25673e+08  1028720    0.77%
  64554 49110   2.25673e+08    29   2.27419e+08   2.25673e+08  1028735    0.77%
  64555 49111   2.25673e+08    27   2.27419e+08   2.25673e+08  1028743    0.77%
  64556 49112   2.25673e+08    28   2.27419e+08   2.25673e+08  1028746    0.77%
  64557 49113   2.25673e+08    28   2.27419e+08   2.25673e+08  1028748    0.77%
  64558 49114   2.25673e+08    28   2.27419e+08   2.25673e+08  1028749    0.77%
  64559 49115   2.25673e+08    26   2.27419e+08   2.25673e+08  1028757    0.77%
  64560 49116   2.25673e+08    26   2.27419e+08   2.25673e+08  1028760    0.77%
Elapsed time = 41.23 sec. (51028.16 ticks, tree = 32.09 MB, solutions = 15)
  70421 54161   2.25673e+08    29   2.27419e+08   2.25673e+08  1095849    0.77%
  70422 54162   2.25673e+08    29   2.27419e+08   2.25673e+08  1095850    0.77%
  70423 54163   2.25673e+08    29   2.27419e+08   2.25673e+08  1095851    0.77%
  70424 54164   2.25673e+08    31   2.27419e+08   2.25673e+08  1095855    0.77%
  70425 54165   2.25673e+08    34   2.27419e+08   2.25673e+08  1095859    0.77%
  70426 54166   2.25673e+08    35   2.27419e+08   2.25673e+08  1095862    0.77%
  70427 54167   2.25673e+08    34   2.27419e+08   2.25673e+08  1095865    0.77%
  70428 54168   2.25673e+08    35   2.27419e+08   2.25673e+08  1095890    0.77%
  70429 54169   2.25673e+08    32   2.27419e+08   2.25673e+08  1095894    0.77%
  70430 54170   2.25673e+08    32   2.27419e+08   2.25673e+08  1095897    0.77%
Elapsed time = 44.63 sec. (54855.55 ticks, tree = 35.39 MB, solutions = 15)
  77419 60275        cutoff         2.27419e+08   2.25673e+08  1161602    0.77%
  77420 60274        cutoff         2.27419e+08   2.25673e+08  1161622    0.77%
  77421 60275   2.25673e+08    17   2.27419e+08   2.25673e+08  1161646    0.77%
  77422 60276   2.25673e+08    19   2.27419e+08   2.25673e+08  1161653    0.77%
  77423 60277   2.25673e+08    25   2.27419e+08   2.25673e+08  1161668    0.77%
  77424 60278   2.25673e+08    23   2.27419e+08   2.25673e+08  1161670    0.77%
  77425 60279   2.25673e+08    28   2.27419e+08   2.25673e+08  1161687    0.77%
  77426 60280   2.25673e+08    26   2.27419e+08   2.25673e+08  1161688    0.77%
  77427 60281   2.25673e+08    22   2.27419e+08   2.25673e+08  1161691    0.77%
  77428 60282   2.25673e+08    29   2.27419e+08   2.25673e+08  1161714    0.77%
Elapsed time = 47.97 sec. (58678.03 ticks, tree = 39.30 MB, solutions = 15)
  82617 64258    infeasible         2.27419e+08   2.25673e+08  1233497    0.77%
  82618 64259   2.25673e+08    22   2.27419e+08   2.25673e+08  1233504    0.77%
  82619 64260   2.25673e+08    25   2.27419e+08   2.25673e+08  1233507    0.77%
  82620 64261   2.25673e+08    22   2.27419e+08   2.25673e+08  1233526    0.77%
  82621 64262   2.25673e+08    22   2.27419e+08   2.25673e+08  1233538    0.77%
  82622 64261        cutoff         2.27419e+08   2.25673e+08  1233579    0.77%
  82623 64262   2.25673e+08    22   2.27419e+08   2.25673e+08  1233581    0.77%
  82624 64263   2.25673e+08    22   2.27419e+08   2.25673e+08  1233583    0.77%
  82625 64264   2.25837e+08    32   2.27419e+08   2.25673e+08  1233633    0.77%
  82626 64264   2.25837e+08    30   2.27419e+08   2.25673e+08  1233637    0.77%
Elapsed time = 51.40 sec. (62500.51 ticks, tree = 41.84 MB, solutions = 15)
  87156 67343   2.26123e+08    29   2.27419e+08   2.25673e+08  1308916    0.77%
  87157 67343   2.26123e+08    25   2.27419e+08   2.25673e+08  1308918    0.77%
  87158 67344   2.27235e+08    15   2.27419e+08   2.25673e+08  1308941    0.77%
  87159 67345   2.27235e+08    19   2.27419e+08   2.25673e+08  1308946    0.77%
  87160 67345   2.27235e+08    15   2.27419e+08   2.25673e+08  1308948    0.77%
  87161 67346   2.27235e+08    18   2.27419e+08   2.25673e+08  1308952    0.77%
  87162 67347   2.27235e+08    15   2.27419e+08   2.25673e+08  1308953    0.77%
  87163 67348   2.27235e+08    14   2.27419e+08   2.25673e+08  1308955    0.77%
  87164 67347        cutoff         2.27419e+08   2.25673e+08  1308976    0.77%
  87165 67346    infeasible         2.27419e+08   2.25673e+08  1308976    0.77%
Elapsed time = 54.90 sec. (66323.51 ticks, tree = 45.71 MB, solutions = 15)
  92161 71048   2.26501e+08    28   2.27419e+08   2.25673e+08  1385777    0.77%
  92162 71049   2.26501e+08    26   2.27419e+08   2.25673e+08  1385794    0.77%
  92163 71050   2.26501e+08    23   2.27419e+08   2.25673e+08  1385796    0.77%
  92164 71051   2.26501e+08    31   2.27419e+08   2.25673e+08  1385809    0.77%
  92165 71052   2.26501e+08    28   2.27419e+08   2.25673e+08  1385810    0.77%
  92166 71053   2.26501e+08    29   2.27419e+08   2.25673e+08  1385812    0.77%
  92167 71054   2.26501e+08    28   2.27419e+08   2.25673e+08  1385813    0.77%
  92168 71055   2.26501e+08    29   2.27419e+08   2.25673e+08  1385814    0.77%
  92169 71056   2.26501e+08    28   2.27419e+08   2.25673e+08  1385823    0.77%
  92170 71057   2.26543e+08    31   2.27419e+08   2.25673e+08  1385831    0.77%
Elapsed time = 58.37 sec. (70146.16 ticks, tree = 48.11 MB, solutions = 15)
  97960 75919   2.25673e+08    40   2.27419e+08   2.25673e+08  1461058    0.77%
  97961 75920   2.25673e+08    37   2.27419e+08   2.25673e+08  1461064    0.77%
  97962 75921   2.25673e+08    38   2.27419e+08   2.25673e+08  1461067    0.77%
  97963 75922   2.25673e+08    37   2.27419e+08   2.25673e+08  1461074    0.77%
  97964 75923   2.25673e+08    37   2.27419e+08   2.25673e+08  1461075    0.77%
  97965 75924   2.25673e+08    35   2.27419e+08   2.25673e+08  1461081    0.77%
  97966 75925   2.25673e+08    38   2.27419e+08   2.25673e+08  1461083    0.77%
  97967 75926   2.25673e+08    37   2.27419e+08   2.25673e+08  1461084    0.77%
  97968 75927   2.25673e+08    34   2.27419e+08   2.25673e+08  1461087    0.77%
  97969 75928   2.25703e+08    52   2.27419e+08   2.25673e+08  1461170    0.77%
Elapsed time = 61.86 sec. (73966.67 ticks, tree = 51.24 MB, solutions = 15)
 103313 80315   2.26475e+08    37   2.27419e+08   2.25673e+08  1539768    0.77%
 103314 80316   2.26475e+08    33   2.27419e+08   2.25673e+08  1539772    0.77%
 103315 80317   2.26484e+08    33   2.27419e+08   2.25673e+08  1539776    0.77%
 103316 80318   2.26484e+08    33   2.27419e+08   2.25673e+08  1539777    0.77%
 103317 80319   2.26499e+08    35   2.27419e+08   2.25673e+08  1539779    0.77%
 103318 80320   2.26500e+08    35   2.27419e+08   2.25673e+08  1539782    0.77%
 103319 80321   2.26525e+08    36   2.27419e+08   2.25673e+08  1539789    0.77%
 103320 80322   2.26536e+08    36   2.27419e+08   2.25673e+08  1539790    0.77%
 103321 80323   2.26539e+08    36   2.27419e+08   2.25673e+08  1539791    0.77%
 103322 80323   2.26556e+08    36   2.27419e+08   2.25673e+08  1539793    0.77%
Elapsed time = 65.31 sec. (77789.68 ticks, tree = 54.11 MB, solutions = 15)
 108715 84783   2.25673e+08    17   2.27419e+08   2.25673e+08  1620342    0.77%
 108716 84784   2.25673e+08    17   2.27419e+08   2.25673e+08  1620355    0.77%
 108717 84785   2.25673e+08    17   2.27419e+08   2.25673e+08  1620378    0.77%
 108718 84786   2.25673e+08    16   2.27419e+08   2.25673e+08  1620420    0.77%
 108719 84787   2.25673e+08    17   2.27419e+08   2.25673e+08  1620427    0.77%
 108720 84788   2.25673e+08    18   2.27419e+08   2.25673e+08  1620431    0.77%
 108721 84789   2.26254e+08    35   2.27419e+08   2.25673e+08  1620521    0.77%
 108722 84790   2.26254e+08    33   2.27419e+08   2.25673e+08  1620525    0.77%
 108723 84791   2.26254e+08    33   2.27419e+08   2.25673e+08  1620528    0.77%
 108724 84790        cutoff         2.27419e+08   2.25673e+08  1620529    0.77%
Elapsed time = 68.81 sec. (81611.47 ticks, tree = 56.92 MB, solutions = 15)
 113127 87395   2.25673e+08    21   2.27419e+08   2.25673e+08  1699523    0.77%
 113128 87396   2.25673e+08    18   2.27419e+08   2.25673e+08  1699526    0.77%
 113129 87397   2.25673e+08    19   2.27419e+08   2.25673e+08  1699556    0.77%
 113130 87398   2.25673e+08    19   2.27419e+08   2.25673e+08  1699575    0.77%
 113131 87399   2.25673e+08    21   2.27419e+08   2.25673e+08  1699646    0.77%
 113132 87400   2.25673e+08    22   2.27419e+08   2.25673e+08  1699716    0.77%
 113133 87401   2.25673e+08    21   2.27419e+08   2.25673e+08  1699718    0.77%
 113134 87402   2.25673e+08    30   2.27419e+08   2.25673e+08  1699800    0.77%
 113135 87403   2.25673e+08    30   2.27419e+08   2.25673e+08  1699801    0.77%
 113136 87404   2.25673e+08    30   2.27419e+08   2.25673e+08  1699802    0.77%
Elapsed time = 72.34 sec. (85435.21 ticks, tree = 58.60 MB, solutions = 15)
 117901 90826   2.25673e+08    36   2.27419e+08   2.25673e+08  1774782    0.77%
 117902 90827   2.25673e+08    44   2.27419e+08   2.25673e+08  1774807    0.77%
 117903 90826        cutoff         2.27419e+08   2.25673e+08  1774822    0.77%
 117904 90825        cutoff         2.27419e+08   2.25673e+08  1774837    0.77%
 117905 90826   2.25673e+08    22   2.27419e+08   2.25673e+08  1774861    0.77%
 117906 90827   2.25673e+08    20   2.27419e+08   2.25673e+08  1774862    0.77%
 117907 90828   2.25673e+08    17   2.27419e+08   2.25673e+08  1774868    0.77%
 117908 90829   2.25673e+08    29   2.27419e+08   2.25673e+08  1774906    0.77%
 117909 90830   2.25673e+08    31   2.27419e+08   2.25673e+08  1774908    0.77%
 117910 90831   2.25673e+08    31   2.27419e+08   2.25673e+08  1774911    0.77%
Elapsed time = 75.81 sec. (89255.65 ticks, tree = 60.78 MB, solutions = 15)
 123306 95126   2.25673e+08    22   2.27419e+08   2.25673e+08  1856744    0.77%
 123307 95127   2.25673e+08    25   2.27419e+08   2.25673e+08  1856763    0.77%
 123308 95128   2.25673e+08    26   2.27419e+08   2.25673e+08  1856766    0.77%
 123309 95129   2.25673e+08    24   2.27419e+08   2.25673e+08  1856769    0.77%
 123310 95130   2.25673e+08    26   2.27419e+08   2.25673e+08  1856775    0.77%
 123311 95131   2.25673e+08    26   2.27419e+08   2.25673e+08  1856779    0.77%
 123312 95132   2.25673e+08    26   2.27419e+08   2.25673e+08  1856780    0.77%
 123313 95133   2.25673e+08    26   2.27419e+08   2.25673e+08  1856786    0.77%
 123314 95134   2.25673e+08    26   2.27419e+08   2.25673e+08  1856787    0.77%
 123315 95135   2.25673e+08    25   2.27419e+08   2.25673e+08  1856791    0.77%
Elapsed time = 79.34 sec. (93073.87 ticks, tree = 63.57 MB, solutions = 15)
 128701 99349   2.25673e+08    22   2.27419e+08   2.25673e+08  1934436    0.77%
 128702 99350   2.25673e+08    29   2.27419e+08   2.25673e+08  1934463    0.77%
 128703 99351   2.25673e+08    29   2.27419e+08   2.25673e+08  1934464    0.77%
 128704 99352   2.25673e+08    29   2.27419e+08   2.25673e+08  1934474    0.77%
 128705 99353   2.25673e+08    29   2.27419e+08   2.25673e+08  1934475    0.77%
 128706 99354   2.25673e+08    30   2.27419e+08   2.25673e+08  1934477    0.77%
 128707 99355   2.25673e+08    29   2.27419e+08   2.25673e+08  1934479    0.77%
 128708 99356   2.25673e+08    29   2.27419e+08   2.25673e+08  1934480    0.77%
 128709 99357   2.25673e+08    29   2.27419e+08   2.25673e+08  1934502    0.77%
 128710 99358   2.25673e+08    27   2.27419e+08   2.25673e+08  1934503    0.77%
Elapsed time = 82.88 sec. (96989.91 ticks, tree = 66.33 MB, solutions = 15)
 133258 102523   2.25673e+08    25   2.27419e+08   2.25673e+08  2017572    0.77%
 133259 102524   2.25673e+08    25   2.27419e+08   2.25673e+08  2017573    0.77%
 133260 102525   2.25673e+08    25   2.27419e+08   2.25673e+08  2017575    0.77%
 133261 102526   2.25673e+08    27   2.27419e+08   2.25673e+08  2017593    0.77%
 133262 102527   2.25673e+08    26   2.27419e+08   2.25673e+08  2017594    0.77%
 133263 102528   2.25673e+08    28   2.27419e+08   2.25673e+08  2017602    0.77%
 133264 102529   2.25673e+08    26   2.27419e+08   2.25673e+08  2017605    0.77%
 133265 102530   2.25673e+08    30   2.27419e+08   2.25673e+08  2017617    0.77%
 133266 102531   2.25673e+08    43   2.27419e+08   2.25673e+08  2017656    0.77%
 133267 102532   2.25676e+08    44   2.27419e+08   2.25673e+08  2017700    0.77%
Elapsed time = 86.44 sec. (100810.38 ticks, tree = 68.40 MB, solutions = 15)
 137910 105610   2.25673e+08    24   2.27419e+08   2.25673e+08  2103488    0.77%
 137911 105611   2.25673e+08    24   2.27419e+08   2.25673e+08  2103573    0.77%
 137912 105612   2.25673e+08    23   2.27419e+08   2.25673e+08  2103597    0.77%
 137913 105613   2.25673e+08    22   2.27419e+08   2.25673e+08  2103601    0.77%
 137914 105614   2.25673e+08    36   2.27419e+08   2.25673e+08  2103662    0.77%
 137915 105613    infeasible         2.27419e+08   2.25673e+08  2103782    0.77%
 137916 105614   2.25673e+08    37   2.27419e+08   2.25673e+08  2103789    0.77%
 137917 105615   2.25673e+08    36   2.27419e+08   2.25673e+08  2103794    0.77%
 137918 105616   2.25673e+08    33   2.27419e+08   2.25673e+08  2103800    0.77%
 137919 105617   2.25673e+08    34   2.27419e+08   2.25673e+08  2103803    0.77%
Elapsed time = 90.01 sec. (104639.19 ticks, tree = 70.36 MB, solutions = 15)
 140629 107076   2.25673e+08    35   2.27419e+08   2.25673e+08  2157669    0.77%
 140630 107077   2.25673e+08    33   2.27419e+08   2.25673e+08  2157690    0.77%
 140631 107078   2.25673e+08    32   2.27419e+08   2.25673e+08  2157695    0.77%
 140632 107079   2.25673e+08    32   2.27419e+08   2.25673e+08  2157697    0.77%
 140633 107078        cutoff         2.27419e+08   2.25673e+08  2157732    0.77%
 140634 107077        cutoff         2.27419e+08   2.25673e+08  2157759    0.77%
 140635 107078   2.25673e+08    21   2.27419e+08   2.25673e+08  2157787    0.77%
 140636 107079   2.25673e+08    22   2.27419e+08   2.25673e+08  2157792    0.77%
 140637 107080   2.25673e+08    21   2.27419e+08   2.25673e+08  2157798    0.77%
 140638 107081   2.25673e+08    29   2.27419e+08   2.25673e+08  2157833    0.77%
Elapsed time = 93.31 sec. (108461.97 ticks, tree = 71.30 MB, solutions = 15)
 143397 108969        cutoff         2.27419e+08   2.25673e+08  2206334    0.77%
 143398 108970   2.25673e+08    35   2.27419e+08   2.25673e+08  2206338    0.77%
 143399 108971   2.25673e+08    37   2.27419e+08   2.25673e+08  2206346    0.77%
 143400 108972   2.25673e+08    35   2.27419e+08   2.25673e+08  2206350    0.77%
 143401 108973   2.25673e+08    34   2.27419e+08   2.25673e+08  2206351    0.77%
 143402 108974   2.25673e+08    34   2.27419e+08   2.25673e+08  2206352    0.77%
 143403 108975   2.25673e+08    29   2.27419e+08   2.25673e+08  2206356    0.77%
 143404 108976   2.25673e+08    29   2.27419e+08   2.25673e+08  2206357    0.77%
 143405 108977   2.25673e+08    27   2.27419e+08   2.25673e+08  2206362    0.77%
 143406 108978   2.25673e+08    28   2.27419e+08   2.25673e+08  2206369    0.77%
Elapsed time = 96.57 sec. (112279.33 ticks, tree = 72.58 MB, solutions = 15)

Cover cuts applied:  454
Mixed integer rounding cuts applied:  13
Zero-half cuts applied:  1
Gomory fractional cuts applied:  7

Root node processing (before b&c):
  Real time             =    0.05 sec. (57.50 ticks)
Sequential b&c:
  Real time             =   99.95 sec. (115904.21 ticks)
                          ------------
Total (root+branch&cut) =  100.00 sec. (115961.71 ticks)

Solution pool: 15 solutions saved.

MIP - Time limit exceeded, integer feasible:  Objective =  2.2741931700e+08
Current MIP best bound =  2.2567326400e+08 (gap = 1.74605e+06, 0.77%)
Solution time =  100.00 sec.  Iterations = 2284298  Nodes = 147472 (111604)
Deterministic time = 115961.71 ticks  (1159.61 ticks/sec)


Incumbent solution written to file '/tmp/tmpFcZw6E.cplex.sol'.
