
Log started (V12.6.3.0) Sat Apr 21 16:34:09 2018

New value for default parallel thread count: 1

Problem '/tmp/tmpqvqOTb.pyomo.lp' read.
Read time = 0.02 sec. (0.84 ticks)

Problem name         : /tmp/tmpqvqOTb.pyomo.lp
Objective sense      : Minimize
Variables            :     950  [Nneg: 1,  Binary: 936,  General Integer: 13]
Objective nonzeros   :       1
Linear constraints   :     182  [Less: 90,  Equal: 92]
  Nonzeros           :   60259
  RHS nonzeros       :     157

Variables            : Min LB: 0.000000         Max UB: 1.000000       
Objective nonzeros   : Min   : 1.000000         Max   : 1.000000       
Linear constraints   :
  Nonzeros           : Min   : 1.000000         Max   : 6.145599e+07   
  RHS nonzeros       : Min   : 1.000000         Max   : 8.000000       
Tried aggregator 2 times.
MIP Presolve eliminated 82 rows and 141 columns.
Aggregator did 5 substitutions.
Reduced MIP has 95 rows, 804 columns, and 2247 nonzeros.
Reduced MIP has 792 binaries, 12 generals, 0 SOSs, and 0 indicators.
Presolve time = 0.01 sec. (10.91 ticks)
Found incumbent of value 7.7769663e+08 after 0.01 sec. (12.44 ticks)
Probing time = 0.00 sec. (1.59 ticks)
Tried aggregator 1 time.
Reduced MIP has 95 rows, 804 columns, and 2247 nonzeros.
Reduced MIP has 792 binaries, 12 generals, 0 SOSs, and 0 indicators.
Presolve time = 0.00 sec. (1.15 ticks)
Probing time = 0.00 sec. (1.59 ticks)
Clique table members: 72.
MIP emphasis: balance optimality and feasibility.
MIP search method: dynamic search.
Parallel mode: none, using 1 thread.
Root relaxation solution time = 0.00 sec. (1.45 ticks)

        Nodes                                         Cuts/
   Node  Left     Objective  IInf  Best Integer    Best Bound    ItCnt     Gap

*     0+    0                       7.77697e+08        0.0000           100.00%
      0     0   2.25673e+08    27   7.77697e+08   2.25673e+08      133   70.98%
      0     0   2.25673e+08    20   7.77697e+08      Fract: 4      145   70.98%
      0     0   2.25673e+08    26   7.77697e+08      Fract: 5      164   70.98%
*     0+    0                       2.42698e+08   2.25673e+08             7.01%
*     0+    0                       2.41136e+08   2.25673e+08             6.41%
*     0+    0                       2.40834e+08   2.25673e+08             6.29%
*     0+    0                       2.40290e+08   2.25673e+08             6.08%
*     0+    0                       2.38024e+08   2.25673e+08             5.19%
*     0+    0                       2.36595e+08   2.25673e+08             4.62%
      0     2   2.25673e+08    19   2.36595e+08   2.25673e+08      164    4.62%
Elapsed time = 0.06 sec. (59.06 ticks, tree = 0.01 MB, solutions = 7)
*    89    53      integral     0   2.35669e+08   2.25673e+08      704    4.24%
*   180+   77                       2.35085e+08   2.25673e+08             4.00%
*   280+  170                       2.32211e+08   2.25673e+08             2.82%
*   280+  170                       2.31359e+08   2.25673e+08             2.46%
    990   721   2.30276e+08    28   2.31359e+08   2.25673e+08     5037    2.46%
    991   720        cutoff         2.31359e+08   2.25673e+08     5040    2.46%
    992   721   2.26304e+08    27   2.31359e+08   2.25673e+08     5074    2.46%
    993   722   2.27791e+08    30   2.31359e+08   2.25673e+08     5080    2.46%
    994   723   2.27791e+08    30   2.31359e+08   2.25673e+08     5084    2.46%
    995   724   2.27791e+08    29   2.31359e+08   2.25673e+08     5089    2.46%
    996   725   2.27791e+08    29   2.31359e+08   2.25673e+08     5091    2.46%
*   997+  722                       2.31179e+08   2.25673e+08             2.38%
    997   724   2.25673e+08    19   2.31179e+08   2.25673e+08     5096    2.38%
*   998+  723                       2.30921e+08   2.25673e+08             2.27%
    998   725   2.25673e+08    17   2.30921e+08   2.25673e+08     5098    2.27%
*   999+  482                       2.29802e+08   2.25673e+08             1.80%
*  1099+  354                       2.29683e+08   2.25673e+08             1.75%
   1365   361   2.26155e+08    13   2.29683e+08   2.25673e+08     7779    1.75%
Elapsed time = 0.83 sec. (1013.03 ticks, tree = 0.21 MB, solutions = 15)
*  1399+  341                       2.28664e+08   2.25673e+08             1.31%
*  1399+  316                       2.28288e+08   2.25673e+08             1.15%
*  1399+  294                       2.27910e+08   2.25673e+08             0.98%
   2259   752   2.27101e+08    28   2.27910e+08   2.25673e+08    12564    0.98%
   2260   753   2.27101e+08    28   2.27910e+08   2.25673e+08    12564    0.98%
   2261   754   2.27103e+08    28   2.27910e+08   2.25673e+08    12565    0.98%
   2262   755   2.27114e+08    29   2.27910e+08   2.25673e+08    12568    0.98%
   2263   756   2.27121e+08    31   2.27910e+08   2.25673e+08    12571    0.98%
   2264   757   2.27121e+08    31   2.27910e+08   2.25673e+08    12572    0.98%
   2265   758   2.27121e+08    31   2.27910e+08   2.25673e+08    12573    0.98%
   2266   757        cutoff         2.27910e+08   2.25673e+08    12583    0.98%
   2267   756        cutoff         2.27910e+08   2.25673e+08    12590    0.98%
   2268   755        cutoff         2.27910e+08   2.25673e+08    12623    0.98%
Elapsed time = 1.66 sec. (1968.85 ticks, tree = 0.49 MB, solutions = 18)
   5799  3733   2.27202e+08    25   2.27910e+08   2.25673e+08    33131    0.98%
   5800  3733   2.27202e+08    25   2.27910e+08   2.25673e+08    33132    0.98%
   5801  3734   2.27220e+08    28   2.27910e+08   2.25673e+08    33135    0.98%
   5802  3733        cutoff         2.27910e+08   2.25673e+08    33138    0.98%
   5803  3732        cutoff         2.27910e+08   2.25673e+08    33140    0.98%
   5804  3733   2.25673e+08    22   2.27910e+08   2.25673e+08    33156    0.98%
   5805  3734   2.25673e+08    22   2.27910e+08   2.25673e+08    33161    0.98%
   5806  3735   2.25673e+08    24   2.27910e+08   2.25673e+08    33165    0.98%
   5807  3736   2.25673e+08    24   2.27910e+08   2.25673e+08    33168    0.98%
   5808  3737   2.25673e+08    21   2.27910e+08   2.25673e+08    33170    0.98%
Elapsed time = 2.39 sec. (2924.69 ticks, tree = 2.42 MB, solutions = 18)
   9980  7222   2.25912e+08    27   2.27910e+08   2.25673e+08    51162    0.98%
   9981  7223   2.25912e+08    28   2.27910e+08   2.25673e+08    51164    0.98%
   9982  7224   2.25912e+08    28   2.27910e+08   2.25673e+08    51171    0.98%
   9983  7225   2.25912e+08    29   2.27910e+08   2.25673e+08    51173    0.98%
   9984  7226   2.25912e+08    29   2.27910e+08   2.25673e+08    51174    0.98%
   9985  7227   2.25912e+08    27   2.27910e+08   2.25673e+08    51176    0.98%
   9986  7228   2.25912e+08    25   2.27910e+08   2.25673e+08    51180    0.98%
   9987  7229   2.25912e+08    25   2.27910e+08   2.25673e+08    51181    0.98%
   9988  7230   2.25912e+08    25   2.27910e+08   2.25673e+08    51183    0.98%
   9989  7231   2.25912e+08    28   2.27910e+08   2.25673e+08    51189    0.98%
Elapsed time = 3.11 sec. (3881.81 ticks, tree = 4.58 MB, solutions = 18)
  12274  9002   2.27846e+08    22   2.27910e+08   2.25673e+08    63577    0.98%
  12275  9003   2.27846e+08    21   2.27910e+08   2.25673e+08    63578    0.98%
  12276  9004   2.27846e+08    19   2.27910e+08   2.25673e+08    63585    0.98%
  12277  9005   2.27846e+08    18   2.27910e+08   2.25673e+08    63588    0.98%
  12278  9006   2.27846e+08    17   2.27910e+08   2.25673e+08    63593    0.98%
  12279  9007   2.27846e+08    17   2.27910e+08   2.25673e+08    63597    0.98%
  12280  9008   2.27846e+08    18   2.27910e+08   2.25673e+08    63598    0.98%
  12281  9009   2.27846e+08    18   2.27910e+08   2.25673e+08    63599    0.98%
  12282  9010   2.27846e+08    18   2.27910e+08   2.25673e+08    63601    0.98%
  12283  9011   2.27846e+08    18   2.27910e+08   2.25673e+08    63602    0.98%
Elapsed time = 3.91 sec. (4837.82 ticks, tree = 5.81 MB, solutions = 18)
  16352 12717   2.25673e+08    22   2.27910e+08   2.25673e+08    87837    0.98%
  16353 12718   2.25673e+08    22   2.27910e+08   2.25673e+08    87838    0.98%
  16354 12719   2.25673e+08    24   2.27910e+08   2.25673e+08    87841    0.98%
  16355 12720   2.25673e+08    25   2.27910e+08   2.25673e+08    87842    0.98%
  16356 12721   2.25673e+08    23   2.27910e+08   2.25673e+08    87844    0.98%
  16357 12722   2.25673e+08    25   2.27910e+08   2.25673e+08    87848    0.98%
  16358 12723   2.25673e+08    24   2.27910e+08   2.25673e+08    87850    0.98%
  16359 12724   2.25673e+08    22   2.27910e+08   2.25673e+08    87853    0.98%
  16360 12725   2.25673e+08    22   2.27910e+08   2.25673e+08    87857    0.98%
  16361 12726   2.25673e+08    23   2.27910e+08   2.25673e+08    87858    0.98%
Elapsed time = 4.64 sec. (5793.31 ticks, tree = 7.87 MB, solutions = 18)
  19982 15775   2.26134e+08    28   2.27910e+08   2.25673e+08   111590    0.98%
  19983 15776   2.26134e+08    26   2.27910e+08   2.25673e+08   111597    0.98%
  19984 15777   2.26134e+08    28   2.27910e+08   2.25673e+08   111602    0.98%
  19985 15778   2.26134e+08    26   2.27910e+08   2.25673e+08   111603    0.98%
  19986 15779   2.26134e+08    26   2.27910e+08   2.25673e+08   111604    0.98%
  19987 15780   2.26134e+08    28   2.27910e+08   2.25673e+08   111620    0.98%
  19988 15781   2.26134e+08    29   2.27910e+08   2.25673e+08   111621    0.98%
  19989 15782   2.26134e+08    28   2.27910e+08   2.25673e+08   111626    0.98%
  19990 15783   2.26134e+08    32   2.27910e+08   2.25673e+08   111631    0.98%
  19991 15784   2.26134e+08    29   2.27910e+08   2.25673e+08   111632    0.98%
Elapsed time = 5.36 sec. (6749.12 ticks, tree = 9.59 MB, solutions = 18)
  23074 18519   2.26210e+08    39   2.27910e+08   2.25673e+08   134187    0.98%
  23075 18520   2.26222e+08    42   2.27910e+08   2.25673e+08   134203    0.98%
  23076 18521   2.26229e+08    40   2.27910e+08   2.25673e+08   134230    0.98%
  23077 18522   2.26229e+08    40   2.27910e+08   2.25673e+08   134231    0.98%
  23078 18523   2.26237e+08    38   2.27910e+08   2.25673e+08   134233    0.98%
  23079 18524   2.26237e+08    38   2.27910e+08   2.25673e+08   134234    0.98%
  23080 18525   2.26243e+08    39   2.27910e+08   2.25673e+08   134242    0.98%
  23081 18526   2.26243e+08    39   2.27910e+08   2.25673e+08   134243    0.98%
  23082 18527   2.26244e+08    39   2.27910e+08   2.25673e+08   134244    0.98%
  23083 18528   2.26244e+08    39   2.27910e+08   2.25673e+08   134246    0.98%
Elapsed time = 6.07 sec. (7705.31 ticks, tree = 11.62 MB, solutions = 18)
  26225 21413   2.27279e+08    23   2.27910e+08   2.25673e+08   158634    0.98%
  26226 21414   2.27302e+08    22   2.27910e+08   2.25673e+08   158635    0.98%
  26227 21415   2.27302e+08    23   2.27910e+08   2.25673e+08   158636    0.98%
  26228 21416   2.27313e+08    23   2.27910e+08   2.25673e+08   158640    0.98%
  26229 21415   2.27777e+08    20   2.27910e+08   2.25673e+08   158649    0.98%
  26230 21415   2.27470e+08    23   2.27910e+08   2.25673e+08   158652    0.98%
  26231 21416   2.27476e+08    25   2.27910e+08   2.25673e+08   158656    0.98%
  26232 21417   2.27479e+08    23   2.27910e+08   2.25673e+08   158657    0.98%
  26233 21417   2.27483e+08    25   2.27910e+08   2.25673e+08   158658    0.98%
  26234 21417   2.27483e+08    25   2.27910e+08   2.25673e+08   158660    0.98%
Elapsed time = 6.77 sec. (8660.60 ticks, tree = 13.24 MB, solutions = 18)
  28679 23536   2.25673e+08    33   2.27910e+08   2.25673e+08   181374    0.98%
  28680 23537   2.25673e+08    32   2.27910e+08   2.25673e+08   181378    0.98%
  28681 23538   2.25673e+08    33   2.27910e+08   2.25673e+08   181379    0.98%
  28682 23539   2.25673e+08    33   2.27910e+08   2.25673e+08   181381    0.98%
  28683 23540   2.25673e+08    34   2.27910e+08   2.25673e+08   181382    0.98%
  28684 23541   2.25673e+08    33   2.27910e+08   2.25673e+08   181387    0.98%
  28685 23542   2.25673e+08    28   2.27910e+08   2.25673e+08   181393    0.98%
  28686 23543   2.25673e+08    29   2.27910e+08   2.25673e+08   181401    0.98%
  28687 23544   2.25673e+08    30   2.27910e+08   2.25673e+08   181407    0.98%
  35138 29265   2.25673e+08    45   2.27910e+08   2.25673e+08   251213    0.98%
Elapsed time = 9.56 sec. (12483.56 ticks, tree = 17.86 MB, solutions = 18)
  44018 37161   2.25673e+08    31   2.27910e+08   2.25673e+08   336226    0.98%
  44019 37162   2.25673e+08    30   2.27910e+08   2.25673e+08   336228    0.98%
  44020 37163   2.25673e+08    24   2.27910e+08   2.25673e+08   336240    0.98%
  44021 37164   2.25673e+08    25   2.27910e+08   2.25673e+08   336252    0.98%
  44022 37165   2.25673e+08    27   2.27910e+08   2.25673e+08   336309    0.98%
  44023 37166   2.25673e+08    34   2.27910e+08   2.25673e+08   336323    0.98%
  44024 37167   2.25785e+08    36   2.27910e+08   2.25673e+08   336424    0.98%
  44025 37168   2.25875e+08    34   2.27910e+08   2.25673e+08   336433    0.98%
  44026 37169   2.25875e+08    34   2.27910e+08   2.25673e+08   336434    0.98%
  44027 37170   2.25942e+08    34   2.27910e+08   2.25673e+08   336436    0.98%
Elapsed time = 12.30 sec. (16306.10 ticks, tree = 23.69 MB, solutions = 18)
  51128 43569   2.25673e+08    37   2.27910e+08   2.25673e+08   418547    0.98%
  51129 43570   2.25673e+08    33   2.27910e+08   2.25673e+08   418549    0.98%
  51130 43571   2.25673e+08    37   2.27910e+08   2.25673e+08   418561    0.98%
  51131 43572   2.25673e+08    35   2.27910e+08   2.25673e+08   418563    0.98%
  51132 43573   2.25673e+08    36   2.27910e+08   2.25673e+08   418566    0.98%
  51133 43574   2.25673e+08    35   2.27910e+08   2.25673e+08   418567    0.98%
  51134 43575   2.25673e+08    35   2.27910e+08   2.25673e+08   418569    0.98%
  51135 43576   2.25673e+08    42   2.27910e+08   2.25673e+08   418609    0.98%
  51136 43577   2.25673e+08    42   2.27910e+08   2.25673e+08   418615    0.98%
  51137 43578   2.25673e+08    40   2.27910e+08   2.25673e+08   418620    0.98%
Elapsed time = 15.02 sec. (20123.35 ticks, tree = 27.65 MB, solutions = 18)
  56257 48257   2.25673e+08    40   2.27910e+08   2.25673e+08   507093    0.98%
  56258 48258   2.25673e+08    41   2.27910e+08   2.25673e+08   507095    0.98%
  56259 48259   2.25673e+08    40   2.27910e+08   2.25673e+08   507104    0.98%
  56260 48260   2.25673e+08    39   2.27910e+08   2.25673e+08   507105    0.98%
  56261 48261   2.25673e+08    39   2.27910e+08   2.25673e+08   507108    0.98%
  56262 48262   2.25673e+08    38   2.27910e+08   2.25673e+08   507109    0.98%
  56263 48263   2.25673e+08    38   2.27910e+08   2.25673e+08   507130    0.98%
  56264 48264   2.25673e+08    36   2.27910e+08   2.25673e+08   507146    0.98%
  56265 48265   2.25673e+08    36   2.27910e+08   2.25673e+08   507147    0.98%
  56266 48266   2.25673e+08    36   2.27910e+08   2.25673e+08   507149    0.98%
Elapsed time = 17.71 sec. (23942.56 ticks, tree = 30.50 MB, solutions = 18)
  60589 51995   2.25721e+08    51   2.27910e+08   2.25673e+08   588703    0.98%
  60590 51996   2.25721e+08    51   2.27910e+08   2.25673e+08   588704    0.98%
  60591 51997   2.25723e+08    53   2.27910e+08   2.25673e+08   588706    0.98%
  60592 51998   2.25905e+08    47   2.27910e+08   2.25673e+08   588724    0.98%
  60593 51999   2.25905e+08    46   2.27910e+08   2.25673e+08   588725    0.98%
  60594 52000   2.25905e+08    46   2.27910e+08   2.25673e+08   588726    0.98%
  60595 52001   2.25907e+08    46   2.27910e+08   2.25673e+08   588730    0.98%
  60596 52002   2.25907e+08    45   2.27910e+08   2.25673e+08   588731    0.98%
  60597 52003   2.25944e+08    41   2.27910e+08   2.25673e+08   588743    0.98%
  60598 52004   2.25944e+08    52   2.27910e+08   2.25673e+08   588751    0.98%
Elapsed time = 20.39 sec. (27763.74 ticks, tree = 32.77 MB, solutions = 18)
  64231 55281   2.25802e+08    53   2.27910e+08   2.25673e+08   669547    0.98%
  64232 55282   2.25802e+08    54   2.27910e+08   2.25673e+08   669548    0.98%
  64233 55283   2.25802e+08    46   2.27910e+08   2.25673e+08   669555    0.98%
  64234 55284   2.25802e+08    47   2.27910e+08   2.25673e+08   669556    0.98%
  64235 55285   2.25802e+08    49   2.27910e+08   2.25673e+08   669557    0.98%
  64236 55286   2.25802e+08    45   2.27910e+08   2.25673e+08   669560    0.98%
  64237 55287   2.25802e+08    47   2.27910e+08   2.25673e+08   669567    0.98%
  64238 55288   2.25802e+08    45   2.27910e+08   2.25673e+08   669570    0.98%
  64239 55289   2.25802e+08    35   2.27910e+08   2.25673e+08   669604    0.98%
  64240 55290   2.25802e+08    38   2.27910e+08   2.25673e+08   669608    0.98%
Elapsed time = 23.03 sec. (31589.17 ticks, tree = 34.79 MB, solutions = 18)
  67053 57832   2.27097e+08    37   2.27910e+08   2.25673e+08   736145    0.98%
  67054 57832   2.27195e+08    36   2.27910e+08   2.25673e+08   736156    0.98%
  67055 57833   2.27195e+08    37   2.27910e+08   2.25673e+08   736157    0.98%
  67056 57834   2.27207e+08    32   2.27910e+08   2.25673e+08   736158    0.98%
  67057 57835   2.27612e+08    36   2.27910e+08   2.25673e+08   736172    0.98%
  67058 57834        cutoff         2.27910e+08   2.25673e+08   736177    0.98%
  67059 57833        cutoff         2.27910e+08   2.25673e+08   736184    0.98%
  67060 57834   2.26261e+08    48   2.27910e+08   2.25673e+08   736379    0.98%
  67061 57835   2.26261e+08    49   2.27910e+08   2.25673e+08   736380    0.98%
  67062 57836   2.26367e+08    44   2.27910e+08   2.25673e+08   736387    0.98%
Elapsed time = 25.67 sec. (35415.95 ticks, tree = 36.35 MB, solutions = 18)
  70119 60574   2.25673e+08    65   2.27910e+08   2.25673e+08   810984    0.98%
  70120 60575   2.25673e+08    62   2.27910e+08   2.25673e+08   811037    0.98%
  70121 60576   2.25856e+08    60   2.27910e+08   2.25673e+08   811101    0.98%
  70122 60577   2.25856e+08    60   2.27910e+08   2.25673e+08   811102    0.98%
  70123 60578   2.25897e+08    70   2.27910e+08   2.25673e+08   811116    0.98%
  70124 60579   2.25897e+08    70   2.27910e+08   2.25673e+08   811117    0.98%
  70125 60580   2.25918e+08    69   2.27910e+08   2.25673e+08   811123    0.98%
  70126 60581   2.25945e+08    66   2.27910e+08   2.25673e+08   811131    0.98%
  70127 60582   2.25961e+08    67   2.27910e+08   2.25673e+08   811134    0.98%
  70128 60583   2.26067e+08    66   2.27910e+08   2.25673e+08   811142    0.98%
Elapsed time = 28.45 sec. (39372.98 ticks, tree = 38.06 MB, solutions = 18)
  75126 65195   2.26921e+08    32   2.27910e+08   2.25673e+08   889786    0.98%
  75127 65196   2.26078e+08    37   2.27910e+08   2.25673e+08   889810    0.98%
  75128 65197   2.26078e+08    38   2.27910e+08   2.25673e+08   889811    0.98%
  75129 65198   2.26078e+08    37   2.27910e+08   2.25673e+08   889812    0.98%
  75130 65197        cutoff         2.27910e+08   2.25673e+08   889841    0.98%
  75131 65198   2.26081e+08    36   2.27910e+08   2.25673e+08   889849    0.98%
  75132 65199   2.26115e+08    34   2.27910e+08   2.25673e+08   889864    0.98%
  75133 65200   2.26116e+08    35   2.27910e+08   2.25673e+08   889866    0.98%
  75134 65201   2.26116e+08    36   2.27910e+08   2.25673e+08   889867    0.98%
  75135 65202   2.26121e+08    37   2.27910e+08   2.25673e+08   889880    0.98%
Elapsed time = 32.00 sec. (43193.59 ticks, tree = 40.96 MB, solutions = 18)
  81664 71246   2.26075e+08    38   2.27910e+08   2.25673e+08   969039    0.98%
  81665 71247   2.26076e+08    36   2.27910e+08   2.25673e+08   969040    0.98%
  81666 71248   2.26076e+08    36   2.27910e+08   2.25673e+08   969041    0.98%
  81667 71249   2.26076e+08    37   2.27910e+08   2.25673e+08   969042    0.98%
  81668 71250   2.26076e+08    36   2.27910e+08   2.25673e+08   969043    0.98%
  81669 71251   2.26076e+08    36   2.27910e+08   2.25673e+08   969044    0.98%
  81670 71252   2.26076e+08    36   2.27910e+08   2.25673e+08   969045    0.98%
  81671 71253   2.26076e+08    36   2.27910e+08   2.25673e+08   969046    0.98%
  81672 71254   2.26078e+08    36   2.27910e+08   2.25673e+08   969048    0.98%
  81673 71255   2.26078e+08    36   2.27910e+08   2.25673e+08   969049    0.98%
Elapsed time = 35.50 sec. (47010.11 ticks, tree = 46.78 MB, solutions = 18)
  86119 75328   2.25673e+08    44   2.27910e+08   2.25673e+08  1048720    0.98%
  86120 75329   2.25673e+08    42   2.27910e+08   2.25673e+08  1048721    0.98%
  86121 75330   2.25673e+08    45   2.27910e+08   2.25673e+08  1048757    0.98%
  86122 75331   2.25673e+08    47   2.27910e+08   2.25673e+08  1048794    0.98%
  86123 75332   2.25673e+08    46   2.27910e+08   2.25673e+08  1048819    0.98%
  86124 75333   2.25673e+08    49   2.27910e+08   2.25673e+08  1048949    0.98%
  86125 75334   2.25673e+08    45   2.27910e+08   2.25673e+08  1049055    0.98%
  86126 75335   2.25673e+08    41   2.27910e+08   2.25673e+08  1049058    0.98%
  86127 75336   2.25673e+08    44   2.27910e+08   2.25673e+08  1049084    0.98%
  86128 75337   2.25673e+08    43   2.27910e+08   2.25673e+08  1049099    0.98%
Elapsed time = 39.05 sec. (50836.96 ticks, tree = 49.26 MB, solutions = 18)
  90999 79637   2.25790e+08    32   2.27910e+08   2.25673e+08  1124498    0.98%
  91000 79638   2.25790e+08    32   2.27910e+08   2.25673e+08  1124499    0.98%
  91001 79639   2.25790e+08    29   2.27910e+08   2.25673e+08  1124511    0.98%
  91002 79640   2.25790e+08    28   2.27910e+08   2.25673e+08  1124515    0.98%
  91003 79641   2.25790e+08    28   2.27910e+08   2.25673e+08  1124522    0.98%
  91004 79642   2.25790e+08    28   2.27910e+08   2.25673e+08  1124523    0.98%
  91005 79643   2.25790e+08    31   2.27910e+08   2.25673e+08  1124539    0.98%
  91006 79644   2.25790e+08    30   2.27910e+08   2.25673e+08  1124546    0.98%
  91007 79645   2.25790e+08    30   2.27910e+08   2.25673e+08  1124548    0.98%
  91008 79646   2.25790e+08    29   2.27910e+08   2.25673e+08  1124552    0.98%
Elapsed time = 42.61 sec. (54657.38 ticks, tree = 51.97 MB, solutions = 18)
  95788 84055   2.25673e+08    21   2.27910e+08   2.25673e+08  1200954    0.98%
  95789 84056   2.25673e+08    26   2.27910e+08   2.25673e+08  1200973    0.98%
  95790 84057   2.25673e+08    26   2.27910e+08   2.25673e+08  1200975    0.98%
  95791 84058   2.25673e+08    26   2.27910e+08   2.25673e+08  1200976    0.98%
  95792 84059   2.25673e+08    35   2.27910e+08   2.25673e+08  1201063    0.98%
  95793 84060   2.25673e+08    27   2.27910e+08   2.25673e+08  1201065    0.98%
  95794 84061   2.25673e+08    21   2.27910e+08   2.25673e+08  1201078    0.98%
  95795 84062   2.25673e+08    21   2.27910e+08   2.25673e+08  1201094    0.98%
  95796 84063   2.25673e+08    19   2.27910e+08   2.25673e+08  1201098    0.98%
  95797 84064   2.25673e+08    19   2.27910e+08   2.25673e+08  1201099    0.98%
Elapsed time = 46.13 sec. (58478.52 ticks, tree = 54.68 MB, solutions = 18)
 103116 90126   2.26049e+08    30   2.27910e+08   2.25673e+08  1284857    0.98%
 103117 90127   2.26049e+08    31   2.27910e+08   2.25673e+08  1284861    0.98%
 103118 90128   2.26049e+08    31   2.27910e+08   2.25673e+08  1284863    0.98%
 103119 90129   2.26049e+08    30   2.27910e+08   2.25673e+08  1284864    0.98%
 103120 90130   2.26049e+08    31   2.27910e+08   2.25673e+08  1284870    0.98%
 103121 90131   2.26093e+08    33   2.27910e+08   2.25673e+08  1284907    0.98%
 103122 90132   2.26108e+08    37   2.27910e+08   2.25673e+08  1284911    0.98%
 103123 90133   2.26110e+08    32   2.27910e+08   2.25673e+08  1284915    0.98%
 103124 90134   2.26111e+08    33   2.27910e+08   2.25673e+08  1284917    0.98%
 103125 90135   2.26115e+08    33   2.27910e+08   2.25673e+08  1284918    0.98%
Elapsed time = 49.48 sec. (62296.42 ticks, tree = 58.65 MB, solutions = 18)
*103199+87558                       2.27589e+08   2.25673e+08             0.84%
*103399+87011                       2.27535e+08   2.25673e+08             0.82%
*106799+89465                       2.27483e+08   2.25673e+08             0.80%
 107452 90047   2.25673e+08    58   2.27483e+08   2.25673e+08  1343842    0.80%
 107453 90048   2.25673e+08    56   2.27483e+08   2.25673e+08  1343844    0.80%
 107454 90049   2.25673e+08    56   2.27483e+08   2.25673e+08  1343847    0.80%
 107455 90050   2.25673e+08    54   2.27483e+08   2.25673e+08  1343852    0.80%
 107456 90051   2.25673e+08    53   2.27483e+08   2.25673e+08  1343853    0.80%
 107457 90052   2.25673e+08    51   2.27483e+08   2.25673e+08  1343856    0.80%
 107458 90053   2.25673e+08    50   2.27483e+08   2.25673e+08  1343857    0.80%
 107459 90054   2.25673e+08    45   2.27483e+08   2.25673e+08  1343861    0.80%
 107460 90055   2.25673e+08    49   2.27483e+08   2.25673e+08  1343932    0.80%
 107461 90056   2.25673e+08    44   2.27483e+08   2.25673e+08  1343941    0.80%
Elapsed time = 53.03 sec. (66125.32 ticks, tree = 58.58 MB, solutions = 21)
 111963 93914   2.25673e+08    37   2.27483e+08   2.25673e+08  1418930    0.80%
 111964 93915   2.25673e+08    50   2.27483e+08   2.25673e+08  1419157    0.80%
 111965 93916   2.25673e+08    51   2.27483e+08   2.25673e+08  1419167    0.80%
 111966 93917   2.25673e+08    48   2.27483e+08   2.25673e+08  1419170    0.80%
 111967 93918   2.25706e+08    50   2.27483e+08   2.25673e+08  1419416    0.80%
 111968 93919   2.26992e+08    44   2.27483e+08   2.25673e+08  1419430    0.80%
 111969 93918        cutoff         2.27483e+08   2.25673e+08  1419439    0.80%
 111970 93917        cutoff         2.27483e+08   2.25673e+08  1419442    0.80%
 111971 93916        cutoff         2.27483e+08   2.25673e+08  1419667    0.80%
 111972 93916   2.26267e+08    27   2.27483e+08   2.25673e+08  1419742    0.80%
Elapsed time = 56.57 sec. (69976.54 ticks, tree = 61.05 MB, solutions = 21)
 116746 98216   2.25673e+08    41   2.27483e+08   2.25673e+08  1502832    0.80%
 116747 98217   2.25673e+08    39   2.27483e+08   2.25673e+08  1502834    0.80%
 116748 98218   2.25673e+08    41   2.27483e+08   2.25673e+08  1502865    0.80%
 116749 98219   2.25673e+08    38   2.27483e+08   2.25673e+08  1502886    0.80%
 116750 98220   2.25673e+08    39   2.27483e+08   2.25673e+08  1502897    0.80%
 116751 98221   2.25673e+08    37   2.27483e+08   2.25673e+08  1502900    0.80%
 116752 98222   2.25673e+08    34   2.27483e+08   2.25673e+08  1502988    0.80%
 116753 98223   2.25673e+08    34   2.27483e+08   2.25673e+08  1502996    0.80%
 116754 98224   2.25673e+08    31   2.27483e+08   2.25673e+08  1502998    0.80%
 116755 98225   2.25673e+08    34   2.27483e+08   2.25673e+08  1503017    0.80%
Elapsed time = 60.25 sec. (73798.60 ticks, tree = 63.73 MB, solutions = 21)
 120988 101929   2.25673e+08    38   2.27483e+08   2.25673e+08  1581696    0.80%
 120989 101930   2.25673e+08    37   2.27483e+08   2.25673e+08  1581699    0.80%
 120990 101931   2.25673e+08    35   2.27483e+08   2.25673e+08  1581721    0.80%
 120991 101932   2.25673e+08    34   2.27483e+08   2.25673e+08  1581743    0.80%
 120992 101933   2.25673e+08    33   2.27483e+08   2.25673e+08  1581749    0.80%
 120993 101934   2.25673e+08    36   2.27483e+08   2.25673e+08  1581766    0.80%
 120994 101935   2.25673e+08    36   2.27483e+08   2.25673e+08  1581773    0.80%
 120995 101936   2.25673e+08    36   2.27483e+08   2.25673e+08  1581778    0.80%
 120996 101937   2.25673e+08    35   2.27483e+08   2.25673e+08  1581811    0.80%
 120997 101938   2.25673e+08    34   2.27483e+08   2.25673e+08  1581833    0.80%
Elapsed time = 63.82 sec. (77619.85 ticks, tree = 66.03 MB, solutions = 21)
 125299 105733   2.25673e+08    22   2.27483e+08   2.25673e+08  1654092    0.80%
 125300 105734   2.25673e+08    25   2.27483e+08   2.25673e+08  1654109    0.80%
 125301 105735   2.25673e+08    26   2.27483e+08   2.25673e+08  1654123    0.80%
 125302 105736   2.25673e+08    30   2.27483e+08   2.25673e+08  1654145    0.80%
 125303 105737   2.25673e+08    28   2.27483e+08   2.25673e+08  1654161    0.80%
 125304 105738   2.25673e+08    28   2.27483e+08   2.25673e+08  1654194    0.80%
 125305 105739   2.25673e+08    28   2.27483e+08   2.25673e+08  1654195    0.80%
 125306 105740   2.25673e+08    25   2.27483e+08   2.25673e+08  1654215    0.80%
 125307 105741   2.25673e+08    26   2.27483e+08   2.25673e+08  1654231    0.80%
 125308 105742   2.25673e+08    24   2.27483e+08   2.25673e+08  1654247    0.80%
Elapsed time = 67.40 sec. (81463.68 ticks, tree = 68.39 MB, solutions = 21)
 131333 111067   2.25673e+08    29   2.27483e+08   2.25673e+08  1744818    0.80%
 131334 111068   2.25673e+08    32   2.27483e+08   2.25673e+08  1744873    0.80%
 131335 111069   2.25673e+08    30   2.27483e+08   2.25673e+08  1744874    0.80%
 131336 111070   2.25673e+08    27   2.27483e+08   2.25673e+08  1744892    0.80%
 131337 111071   2.25673e+08    40   2.27483e+08   2.25673e+08  1745038    0.80%
 131338 111072   2.25673e+08    38   2.27483e+08   2.25673e+08  1745046    0.80%
 131339 111073   2.25673e+08    37   2.27483e+08   2.25673e+08  1745047    0.80%
 131340 111074   2.25673e+08    39   2.27483e+08   2.25673e+08  1745052    0.80%
 131341 111075   2.25673e+08    40   2.27483e+08   2.25673e+08  1745062    0.80%
 131342 111076   2.25673e+08    40   2.27483e+08   2.25673e+08  1745063    0.80%
Elapsed time = 70.92 sec. (85289.78 ticks, tree = 71.61 MB, solutions = 21)
*132499+110721                       2.27344e+08   2.25673e+08             0.73%
*132499+110692                       2.27339e+08   2.25673e+08             0.73%
*132499+109871                       2.27282e+08   2.25673e+08             0.71%
*132599+105154                       2.26998e+08   2.25673e+08             0.58%
 137052 109199   2.25673e+08    23   2.26998e+08   2.25673e+08  1827467    0.58%
 137053 109200   2.25673e+08    23   2.26998e+08   2.25673e+08  1827477    0.58%
 137054 109201   2.25673e+08    22   2.26998e+08   2.25673e+08  1827506    0.58%
 137055 109200        cutoff         2.26998e+08   2.25673e+08  1827574    0.58%
 137056 109201   2.25673e+08    25   2.26998e+08   2.25673e+08  1827594    0.58%
 137057 109202   2.25673e+08    25   2.26998e+08   2.25673e+08  1827608    0.58%
 137058 109203   2.25673e+08    33   2.26998e+08   2.25673e+08  1827613    0.58%
 137059 109204   2.25673e+08    31   2.26998e+08   2.25673e+08  1827614    0.58%
 137060 109205   2.25673e+08    29   2.26998e+08   2.25673e+08  1827615    0.58%
 137061 109206   2.25673e+08    29   2.26998e+08   2.25673e+08  1827617    0.58%
Elapsed time = 74.37 sec. (89110.92 ticks, tree = 70.01 MB, solutions = 25)
 142359 113736   2.25673e+08    30   2.26998e+08   2.25673e+08  1917122    0.58%
 142360 113737   2.25673e+08    27   2.26998e+08   2.25673e+08  1917124    0.58%
 142361 113738   2.25673e+08    29   2.26998e+08   2.25673e+08  1917151    0.58%
 142362 113739   2.25673e+08    27   2.26998e+08   2.25673e+08  1917153    0.58%
 142363 113740   2.25673e+08    31   2.26998e+08   2.25673e+08  1917164    0.58%
 142364 113741   2.25673e+08    32   2.26998e+08   2.25673e+08  1917168    0.58%
 142365 113742   2.25673e+08    29   2.26998e+08   2.25673e+08  1917175    0.58%
 142366 113743   2.25673e+08    28   2.26998e+08   2.25673e+08  1917178    0.58%
 142367 113744   2.25673e+08    31   2.26998e+08   2.25673e+08  1917196    0.58%
 142368 113745   2.25673e+08    31   2.26998e+08   2.25673e+08  1917197    0.58%
Elapsed time = 77.87 sec. (92929.82 ticks, tree = 72.76 MB, solutions = 25)
 148125 118817   2.26304e+08    53   2.26998e+08   2.25673e+08  1998011    0.58%
 148126 118817   2.26305e+08    53   2.26998e+08   2.25673e+08  1998012    0.58%
 148127 118817   2.26305e+08    53   2.26998e+08   2.25673e+08  1998014    0.58%
 148128 118818   2.26305e+08    47   2.26998e+08   2.25673e+08  1998015    0.58%
 148129 118819   2.26309e+08    46   2.26998e+08   2.25673e+08  1998016    0.58%
 148130 118820   2.26310e+08    44   2.26998e+08   2.25673e+08  1998017    0.58%
 148131 118821   2.26310e+08    44   2.26998e+08   2.25673e+08  1998018    0.58%
 148132 118821   2.26313e+08    45   2.26998e+08   2.25673e+08  1998022    0.58%
 148133 118822   2.26313e+08    46   2.26998e+08   2.25673e+08  1998024    0.58%
 148134 118823   2.26313e+08    43   2.26998e+08   2.25673e+08  1998031    0.58%
Elapsed time = 81.29 sec. (96748.84 ticks, tree = 75.86 MB, solutions = 25)
 153779 123529   2.25673e+08    27   2.26998e+08   2.25673e+08  2085896    0.58%
 153780 123530   2.25673e+08    29   2.26998e+08   2.25673e+08  2085906    0.58%
 153781 123531   2.25673e+08    29   2.26998e+08   2.25673e+08  2085917    0.58%
 153782 123532   2.25673e+08    27   2.26998e+08   2.25673e+08  2085934    0.58%
 153783 123533   2.25673e+08    29   2.26998e+08   2.25673e+08  2085943    0.58%
 153784 123534   2.25673e+08    29   2.26998e+08   2.25673e+08  2085952    0.58%
 153785 123535   2.25673e+08    29   2.26998e+08   2.25673e+08  2085963    0.58%
 153786 123536   2.25673e+08    28   2.26998e+08   2.25673e+08  2085965    0.58%
 153787 123537   2.25673e+08    29   2.26998e+08   2.25673e+08  2085966    0.58%
 153788 123538   2.25673e+08    29   2.26998e+08   2.25673e+08  2085967    0.58%
Elapsed time = 84.81 sec. (100567.99 ticks, tree = 78.73 MB, solutions = 25)
 159298 128172        cutoff         2.26998e+08   2.25673e+08  2169185    0.58%
 159299 128171        cutoff         2.26998e+08   2.25673e+08  2169272    0.58%
 159300 128172   2.25673e+08    22   2.26998e+08   2.25673e+08  2169321    0.58%
 159301 128173   2.25673e+08    21   2.26998e+08   2.25673e+08  2169322    0.58%
 159302 128174   2.25673e+08    21   2.26998e+08   2.25673e+08  2169352    0.58%
 159303 128173    infeasible         2.26998e+08   2.25673e+08  2169404    0.58%
 159304 128174   2.25673e+08    23   2.26998e+08   2.25673e+08  2169554    0.58%
 159305 128174   2.26007e+08    30   2.26998e+08   2.25673e+08  2169671    0.58%
 159306 128175   2.26007e+08    30   2.26998e+08   2.25673e+08  2169672    0.58%
 159307 128174    infeasible         2.26998e+08   2.25673e+08  2169672    0.58%
Elapsed time = 88.28 sec. (104400.33 ticks, tree = 81.58 MB, solutions = 25)
 163178 131276   2.25773e+08    38   2.26998e+08   2.25673e+08  2237309    0.58%
 163179 131277   2.25774e+08    34   2.26998e+08   2.25673e+08  2237311    0.58%
 163180 131278   2.25774e+08    32   2.26998e+08   2.25673e+08  2237315    0.58%
 163181 131279   2.25774e+08    32   2.26998e+08   2.25673e+08  2237316    0.58%
 163182 131280   2.25774e+08    31   2.26998e+08   2.25673e+08  2237322    0.58%
 163183 131281   2.25856e+08    37   2.26998e+08   2.25673e+08  2237354    0.58%
 163184 131282   2.25856e+08    35   2.26998e+08   2.25673e+08  2237408    0.58%
 163185 131283   2.25856e+08    33   2.26998e+08   2.25673e+08  2237419    0.58%
 163186 131284   2.25856e+08    32   2.26998e+08   2.25673e+08  2237422    0.58%
 163187 131285   2.25856e+08    31   2.26998e+08   2.25673e+08  2237426    0.58%
Elapsed time = 91.70 sec. (108220.48 ticks, tree = 85.16 MB, solutions = 25)
*165199+131762                       2.26936e+08   2.25673e+08             0.56%
 166409 132781   2.25673e+08    30   2.26936e+08   2.25673e+08  2283422    0.56%
 166410 132782   2.25673e+08    30   2.26936e+08   2.25673e+08  2283446    0.56%
 166411 132783   2.25673e+08    31   2.26936e+08   2.25673e+08  2283463    0.56%
 166412 132784   2.25673e+08    32   2.26936e+08   2.25673e+08  2283477    0.56%
 166413 132785   2.25728e+08    34   2.26936e+08   2.25673e+08  2283603    0.56%
 166414 132786   2.25728e+08    34   2.26936e+08   2.25673e+08  2283613    0.56%
 166415 132787   2.25728e+08    34   2.26936e+08   2.25673e+08  2283625    0.56%
 166416 132786    infeasible         2.26936e+08   2.25673e+08  2283629    0.56%
 166417 132787   2.25728e+08    35   2.26936e+08   2.25673e+08  2283636    0.56%
 166418 132788   2.25728e+08    35   2.26936e+08   2.25673e+08  2283643    0.56%
Elapsed time = 95.02 sec. (112046.28 ticks, tree = 86.02 MB, solutions = 26)
 171486 137288   2.25673e+08    28   2.26936e+08   2.25673e+08  2362058    0.56%
 171487 137289   2.25673e+08    31   2.26936e+08   2.25673e+08  2362103    0.56%
 171488 137290   2.25673e+08    26   2.26936e+08   2.25673e+08  2362155    0.56%
 171489 137291   2.25673e+08    29   2.26936e+08   2.25673e+08  2362220    0.56%
 171490 137292   2.25673e+08    26   2.26936e+08   2.25673e+08  2362233    0.56%
 171491 137293   2.25673e+08    36   2.26936e+08   2.25673e+08  2362310    0.56%
 171492 137294   2.25673e+08    29   2.26936e+08   2.25673e+08  2362326    0.56%
 171493 137295   2.25673e+08    31   2.26936e+08   2.25673e+08  2362458    0.56%
 171494 137296   2.25673e+08    35   2.26936e+08   2.25673e+08  2362459    0.56%
 171495 137297   2.25673e+08    33   2.26936e+08   2.25673e+08  2362461    0.56%
Elapsed time = 98.52 sec. (115875.16 ticks, tree = 88.73 MB, solutions = 26)

GUB cover cuts applied:  2
Cover cuts applied:  448
Mixed integer rounding cuts applied:  16
Zero-half cuts applied:  2
Gomory fractional cuts applied:  10

Root node processing (before b&c):
  Real time             =    0.06 sec. (59.21 ticks)
Sequential b&c:
  Real time             =   99.94 sec. (117423.97 ticks)
                          ------------
Total (root+branch&cut) =  100.00 sec. (117483.18 ticks)

Solution pool: 26 solutions saved.

MIP - Time limit exceeded, integer feasible:  Objective =  2.2693558900e+08
Current MIP best bound =  2.2567326400e+08 (gap = 1.26232e+06, 0.56%)
Solution time =  100.00 sec.  Iterations = 2398116  Nodes = 173599 (138980)
Deterministic time = 117483.19 ticks  (1174.83 ticks/sec)


Incumbent solution written to file '/tmp/tmp8A29HE.cplex.sol'.
