
Log started (V12.6.3.0) Sat Apr 21 16:47:37 2018

New value for default parallel thread count: 1

Problem '/tmp/tmpwsgqbs.pyomo.lp' read.
Read time = 0.01 sec. (0.85 ticks)

Problem name         : /tmp/tmpwsgqbs.pyomo.lp
Objective sense      : Minimize
Variables            :     950  [Nneg: 1,  Binary: 936,  General Integer: 13]
Objective nonzeros   :       1
Linear constraints   :     182  [Less: 90,  Equal: 92]
  Nonzeros           :   61117
  RHS nonzeros       :     157

Variables            : Min LB: 0.000000         Max UB: 1.000000       
Objective nonzeros   : Min   : 1.000000         Max   : 1.000000       
Linear constraints   :
  Nonzeros           : Min   : 1.000000         Max   : 6.145599e+07   
  RHS nonzeros       : Min   : 1.000000         Max   : 8.000000       
Tried aggregator 2 times.
MIP Presolve eliminated 81 rows and 140 columns.
Aggregator did 6 substitutions.
Reduced MIP has 95 rows, 804 columns, and 2247 nonzeros.
Reduced MIP has 792 binaries, 12 generals, 0 SOSs, and 0 indicators.
Presolve time = 0.01 sec. (11.05 ticks)
Found incumbent of value 8.1846851e+08 after 0.01 sec. (12.60 ticks)
Probing time = 0.00 sec. (1.59 ticks)
Tried aggregator 1 time.
Reduced MIP has 95 rows, 804 columns, and 2247 nonzeros.
Reduced MIP has 792 binaries, 12 generals, 0 SOSs, and 0 indicators.
Presolve time = 0.00 sec. (1.15 ticks)
Probing time = 0.00 sec. (1.59 ticks)
Clique table members: 72.
MIP emphasis: balance optimality and feasibility.
MIP search method: dynamic search.
Parallel mode: none, using 1 thread.
Root relaxation solution time = 0.00 sec. (1.54 ticks)

        Nodes                                         Cuts/
   Node  Left     Objective  IInf  Best Integer    Best Bound    ItCnt     Gap

*     0+    0                       8.18469e+08        0.0000           100.00%
      0     0   2.25673e+08    27   8.18469e+08   2.25673e+08      136   72.43%
      0     0   2.25673e+08    18   8.18469e+08      Fract: 2      154   72.43%
      0     0   2.25673e+08    25   8.18469e+08      Fract: 6      175   72.43%
*     0+    0                       2.45908e+08   2.25673e+08             8.23%
*     0+    0                       2.45877e+08   2.25673e+08             8.22%
*     0+    0                       2.43171e+08   2.25673e+08             7.20%
*     0+    0                       2.39971e+08   2.25673e+08             5.96%
*     0+    0                       2.38311e+08   2.25673e+08             5.30%
*     0+    0                       2.33685e+08   2.25673e+08             3.43%
      0     2   2.25673e+08    22   2.33685e+08   2.25673e+08      175    3.43%
Elapsed time = 0.06 sec. (62.87 ticks, tree = 0.01 MB, solutions = 7)
*    80+   61                       2.33584e+08   2.25673e+08             3.39%
*   180+   93                       2.32128e+08   2.25673e+08             2.78%
*   180+   93                       2.31946e+08   2.25673e+08             2.70%
*   180+   92                       2.31587e+08   2.25673e+08             2.55%
    750   457   2.25673e+08    24   2.31587e+08   2.25673e+08     5972    2.55%
    751   458   2.25673e+08    21   2.31587e+08   2.25673e+08     5975    2.55%
    752   459   2.25673e+08    21   2.31587e+08   2.25673e+08     5976    2.55%
    753   460   2.25673e+08    21   2.31587e+08   2.25673e+08     5977    2.55%
    754   461   2.25673e+08    21   2.31587e+08   2.25673e+08     5978    2.55%
    755   462   2.25673e+08    21   2.31587e+08   2.25673e+08     5979    2.55%
    756   463   2.25673e+08    21   2.31587e+08   2.25673e+08     5980    2.55%
    757   464   2.25673e+08    21   2.31587e+08   2.25673e+08     5981    2.55%
    758   465   2.25673e+08    21   2.31587e+08   2.25673e+08     5982    2.55%
*  1199+  515                       2.30309e+08   2.25673e+08             2.01%
*  1299+  424                       2.29293e+08   2.25673e+08             1.58%
   1399   433   2.25673e+08    19   2.29293e+08   2.25673e+08     9541    1.58%
Elapsed time = 1.00 sec. (1245.50 ticks, tree = 0.24 MB, solutions = 13)
*  1999+  662                       2.29103e+08   2.25673e+08             1.50%
*  2099+  729                       2.28691e+08   2.25673e+08             1.32%
   3080  1442   2.27280e+08    29   2.28691e+08   2.25673e+08    15978    1.32%
   3081  1443   2.27284e+08    29   2.28691e+08   2.25673e+08    15979    1.32%
   3082  1444   2.27284e+08    29   2.28691e+08   2.25673e+08    15980    1.32%
   3083  1445   2.28007e+08    25   2.28691e+08   2.25673e+08    15988    1.32%
   3084  1446   2.28010e+08    25   2.28691e+08   2.25673e+08    15991    1.32%
   3085  1445        cutoff         2.28691e+08   2.25673e+08    15993    1.32%
   3086  1444        cutoff         2.28691e+08   2.25673e+08    15998    1.32%
   3087  1443        cutoff         2.28691e+08   2.25673e+08    16042    1.32%
   3088  1444   2.25673e+08    31   2.28691e+08   2.25673e+08    16075    1.32%
   3089  1445   2.25673e+08    27   2.28691e+08   2.25673e+08    16079    1.32%
Elapsed time = 1.79 sec. (2207.01 ticks, tree = 0.87 MB, solutions = 15)
   5609  3493   2.26301e+08    33   2.28691e+08   2.25673e+08    34611    1.32%
   5610  3494   2.26305e+08    34   2.28691e+08   2.25673e+08    34615    1.32%
   5611  3495   2.26305e+08    33   2.28691e+08   2.25673e+08    34616    1.32%
   5612  3496   2.26305e+08    34   2.28691e+08   2.25673e+08    34618    1.32%
   5613  3497   2.26778e+08    26   2.28691e+08   2.25673e+08    34631    1.32%
   5614  3498   2.26778e+08    26   2.28691e+08   2.25673e+08    34632    1.32%
   5615  3499   2.26821e+08    26   2.28691e+08   2.25673e+08    34633    1.32%
   5616  3500   2.26821e+08    26   2.28691e+08   2.25673e+08    34634    1.32%
   5617  3500   2.26954e+08    26   2.28691e+08   2.25673e+08    34635    1.32%
   5618  3501   2.27798e+08    27   2.28691e+08   2.25673e+08    34638    1.32%
Elapsed time = 2.48 sec. (3162.33 ticks, tree = 2.12 MB, solutions = 15)
   9244  6836   2.26904e+08    26   2.28691e+08   2.25673e+08    52196    1.32%
   9245  6837   2.26904e+08    24   2.28691e+08   2.25673e+08    52197    1.32%
   9246  6837   2.27360e+08    24   2.28691e+08   2.25673e+08    52198    1.32%
   9247  6837   2.27360e+08    24   2.28691e+08   2.25673e+08    52199    1.32%
   9248  6836        cutoff         2.28691e+08   2.25673e+08    52200    1.32%
   9249  6837   2.25673e+08    24   2.28691e+08   2.25673e+08    52215    1.32%
   9250  6838   2.25673e+08    25   2.28691e+08   2.25673e+08    52221    1.32%
   9251  6839   2.25673e+08    26   2.28691e+08   2.25673e+08    52227    1.32%
   9252  6840   2.25673e+08    25   2.28691e+08   2.25673e+08    52228    1.32%
   9253  6841   2.25673e+08    27   2.28691e+08   2.25673e+08    52234    1.32%
Elapsed time = 3.17 sec. (4120.73 ticks, tree = 4.18 MB, solutions = 15)
* 10959+ 8299                       2.28385e+08   2.25673e+08             1.19%
  11454  8721   2.26994e+08    33   2.28385e+08   2.25673e+08    65312    1.19%
  11455  8722   2.26994e+08    36   2.28385e+08   2.25673e+08    65314    1.19%
  11456  8723   2.26994e+08    36   2.28385e+08   2.25673e+08    65315    1.19%
  11457  8724   2.26997e+08    32   2.28385e+08   2.25673e+08    65318    1.19%
  11458  8725   2.27006e+08    33   2.28385e+08   2.25673e+08    65319    1.19%
  11459  8726   2.27007e+08    32   2.28385e+08   2.25673e+08    65320    1.19%
  11460  8727   2.27055e+08    37   2.28385e+08   2.25673e+08    65323    1.19%
  11461  8728   2.27132e+08    29   2.28385e+08   2.25673e+08    65326    1.19%
  11462  8729   2.27132e+08    29   2.28385e+08   2.25673e+08    65327    1.19%
  11463  8730   2.27135e+08    34   2.28385e+08   2.25673e+08    65340    1.19%
Elapsed time = 3.88 sec. (5075.85 ticks, tree = 5.52 MB, solutions = 16)
  14342 11289        cutoff         2.28385e+08   2.25673e+08    88358    1.19%
  14343 11288        cutoff         2.28385e+08   2.25673e+08    88475    1.19%
  14344 11289   2.25673e+08    27   2.28385e+08   2.25673e+08    88491    1.19%
  14345 11290   2.25673e+08    23   2.28385e+08   2.25673e+08    88492    1.19%
  14346 11291   2.25673e+08    26   2.28385e+08   2.25673e+08    88503    1.19%
  14347 11292   2.25673e+08    26   2.28385e+08   2.25673e+08    88519    1.19%
  14348 11293   2.25673e+08    26   2.28385e+08   2.25673e+08    88524    1.19%
  14349 11294   2.25673e+08    26   2.28385e+08   2.25673e+08    88525    1.19%
  14350 11295   2.25673e+08    26   2.28385e+08   2.25673e+08    88526    1.19%
  14351 11296   2.25673e+08    27   2.28385e+08   2.25673e+08    88531    1.19%
Elapsed time = 4.61 sec. (6049.77 ticks, tree = 7.05 MB, solutions = 16)
  17033 13693   2.26507e+08    34   2.28385e+08   2.25673e+08   107768    1.19%
  17034 13694   2.26508e+08    34   2.28385e+08   2.25673e+08   107769    1.19%
  17035 13695   2.26525e+08    36   2.28385e+08   2.25673e+08   107777    1.19%
  17036 13696   2.26533e+08    36   2.28385e+08   2.25673e+08   107778    1.19%
  17037 13697   2.26534e+08    34   2.28385e+08   2.25673e+08   107779    1.19%
  17038 13698   2.26535e+08    35   2.28385e+08   2.25673e+08   107781    1.19%
  17039 13699   2.26535e+08    34   2.28385e+08   2.25673e+08   107782    1.19%
  17040 13700   2.26538e+08    34   2.28385e+08   2.25673e+08   107784    1.19%
  17041 13701   2.26539e+08    35   2.28385e+08   2.25673e+08   107785    1.19%
  17042 13702   2.26561e+08    33   2.28385e+08   2.25673e+08   107788    1.19%
Elapsed time = 5.27 sec. (7004.80 ticks, tree = 8.47 MB, solutions = 16)
  20151 16569        cutoff         2.28385e+08   2.25673e+08   134077    1.19%
  20152 16570   2.26171e+08    31   2.28385e+08   2.25673e+08   134078    1.19%
  20153 16571   2.26171e+08    31   2.28385e+08   2.25673e+08   134080    1.19%
  20154 16572   2.26171e+08    31   2.28385e+08   2.25673e+08   134081    1.19%
  20155 16573   2.26171e+08    33   2.28385e+08   2.25673e+08   134084    1.19%
  20156 16574   2.26171e+08    32   2.28385e+08   2.25673e+08   134085    1.19%
  20157 16575   2.26171e+08    32   2.28385e+08   2.25673e+08   134086    1.19%
  20158 16576   2.26171e+08    32   2.28385e+08   2.25673e+08   134089    1.19%
  20159 16577   2.26171e+08    32   2.28385e+08   2.25673e+08   134091    1.19%
  20160 16578   2.26171e+08    31   2.28385e+08   2.25673e+08   134092    1.19%
Elapsed time = 5.97 sec. (7960.10 ticks, tree = 10.69 MB, solutions = 16)
  23158 19314   2.26268e+08    32   2.28385e+08   2.25673e+08   154223    1.19%
  23159 19315   2.27501e+08    30   2.28385e+08   2.25673e+08   154237    1.19%
  23160 19316   2.27501e+08    30   2.28385e+08   2.25673e+08   154238    1.19%
  23161 19315        cutoff         2.28385e+08   2.25673e+08   154242    1.19%
  23162 19316   2.27507e+08    29   2.28385e+08   2.25673e+08   154253    1.19%
  23163 19317   2.27543e+08    29   2.28385e+08   2.25673e+08   154260    1.19%
  23164 19318   2.27554e+08    29   2.28385e+08   2.25673e+08   154261    1.19%
  23165 19319   2.27554e+08    29   2.28385e+08   2.25673e+08   154262    1.19%
  23166 19319   2.27581e+08    29   2.28385e+08   2.25673e+08   154263    1.19%
  23167 19320   2.27581e+08    26   2.28385e+08   2.25673e+08   154267    1.19%
Elapsed time = 6.66 sec. (8917.21 ticks, tree = 12.34 MB, solutions = 16)
  26095 21998   2.25673e+08    26   2.28385e+08   2.25673e+08   178358    1.19%
  26096 21999   2.25673e+08    27   2.28385e+08   2.25673e+08   178361    1.19%
  26097 22000   2.25673e+08    27   2.28385e+08   2.25673e+08   178362    1.19%
  26098 22001   2.25673e+08    27   2.28385e+08   2.25673e+08   178363    1.19%
  26099 22002   2.25673e+08    28   2.28385e+08   2.25673e+08   178364    1.19%
  26100 22003   2.25673e+08    28   2.28385e+08   2.25673e+08   178365    1.19%
  26101 22004   2.25673e+08    29   2.28385e+08   2.25673e+08   178373    1.19%
  26102 22005   2.25673e+08    29   2.28385e+08   2.25673e+08   178374    1.19%
  26103 22006   2.25673e+08    34   2.28385e+08   2.25673e+08   178389    1.19%
  34104 29254   2.26325e+08    39   2.28385e+08   2.25673e+08   241529    1.19%
Elapsed time = 9.37 sec. (12732.00 ticks, tree = 18.38 MB, solutions = 16)
  42179 36562   2.26098e+08    39   2.28385e+08   2.25673e+08   332220    1.19%
  42180 36563   2.26098e+08    39   2.28385e+08   2.25673e+08   332221    1.19%
  42181 36564   2.26105e+08    38   2.28385e+08   2.25673e+08   332225    1.19%
  42182 36565   2.26105e+08    39   2.28385e+08   2.25673e+08   332227    1.19%
  42183 36566   2.26105e+08    38   2.28385e+08   2.25673e+08   332229    1.19%
  42184 36567   2.26105e+08    38   2.28385e+08   2.25673e+08   332231    1.19%
  42185 36568   2.26177e+08    46   2.28385e+08   2.25673e+08   332247    1.19%
  42186 36569   2.26178e+08    42   2.28385e+08   2.25673e+08   332250    1.19%
  42187 36570   2.26187e+08    42   2.28385e+08   2.25673e+08   332254    1.19%
  42188 36571   2.26205e+08    36   2.28385e+08   2.25673e+08   332257    1.19%
Elapsed time = 12.04 sec. (16549.73 ticks, tree = 23.80 MB, solutions = 16)
  51891 45460   2.27420e+08    28   2.28385e+08   2.25673e+08   409991    1.19%
  51892 45461   2.27420e+08    27   2.28385e+08   2.25673e+08   409997    1.19%
  51893 45462   2.27812e+08    25   2.28385e+08   2.25673e+08   410010    1.19%
  51894 45461        cutoff         2.28385e+08   2.25673e+08   410012    1.19%
  51895 45460        cutoff         2.28385e+08   2.25673e+08   410013    1.19%
  51896 45461   2.25673e+08    26   2.28385e+08   2.25673e+08   410024    1.19%
  51897 45462   2.25673e+08    23   2.28385e+08   2.25673e+08   410025    1.19%
  51898 45463   2.25673e+08    22   2.28385e+08   2.25673e+08   410027    1.19%
  51899 45464   2.25673e+08    22   2.28385e+08   2.25673e+08   410029    1.19%
  51900 45465   2.25673e+08    26   2.28385e+08   2.25673e+08   410038    1.19%
Elapsed time = 14.76 sec. (20369.71 ticks, tree = 29.48 MB, solutions = 16)
  62699 55475   2.25673e+08    23   2.28385e+08   2.25673e+08   491675    1.19%
  62700 55476   2.25673e+08    22   2.28385e+08   2.25673e+08   491677    1.19%
  62701 55477   2.25673e+08    25   2.28385e+08   2.25673e+08   491699    1.19%
  62702 55478   2.26316e+08    30   2.28385e+08   2.25673e+08   491898    1.19%
  62703 55479   2.26316e+08    27   2.28385e+08   2.25673e+08   491900    1.19%
  62704 55480   2.26316e+08    28   2.28385e+08   2.25673e+08   491910    1.19%
  62705 55481   2.26316e+08    25   2.28385e+08   2.25673e+08   491915    1.19%
  62706 55482   2.26316e+08    26   2.28385e+08   2.25673e+08   491929    1.19%
  62707 55483   2.26316e+08    26   2.28385e+08   2.25673e+08   491932    1.19%
  62708 55484   2.26316e+08    29   2.28385e+08   2.25673e+08   491953    1.19%
Elapsed time = 17.55 sec. (24305.10 ticks, tree = 35.86 MB, solutions = 16)
  73298 64582   2.25673e+08    44   2.28385e+08   2.25673e+08   564805    1.19%
  73299 64583   2.25673e+08    41   2.28385e+08   2.25673e+08   564810    1.19%
  73300 64584   2.25673e+08    41   2.28385e+08   2.25673e+08   564811    1.19%
  73301 64585   2.25673e+08    41   2.28385e+08   2.25673e+08   564814    1.19%
  73302 64586   2.25673e+08    40   2.28385e+08   2.25673e+08   564815    1.19%
  73303 64587   2.25673e+08    38   2.28385e+08   2.25673e+08   564840    1.19%
  73304 64588   2.25673e+08    39   2.28385e+08   2.25673e+08   564851    1.19%
  73305 64589   2.25673e+08    44   2.28385e+08   2.25673e+08   564873    1.19%
  73306 64590   2.25673e+08    43   2.28385e+08   2.25673e+08   564884    1.19%
  73307 64591   2.25673e+08    44   2.28385e+08   2.25673e+08   564888    1.19%
Elapsed time = 20.32 sec. (28124.03 ticks, tree = 41.92 MB, solutions = 16)
  84499 75011   2.25673e+08    26   2.28385e+08   2.25673e+08   648425    1.19%
  84500 75012   2.25673e+08    26   2.28385e+08   2.25673e+08   648427    1.19%
  84501 75013   2.25673e+08    27   2.28385e+08   2.25673e+08   648438    1.19%
  84502 75014   2.25673e+08    28   2.28385e+08   2.25673e+08   648452    1.19%
  84503 75015   2.25673e+08    26   2.28385e+08   2.25673e+08   648453    1.19%
  84504 75016   2.25673e+08    28   2.28385e+08   2.25673e+08   648466    1.19%
  84505 75017   2.25673e+08    27   2.28385e+08   2.25673e+08   648481    1.19%
  84506 75018   2.25673e+08    26   2.28385e+08   2.25673e+08   648484    1.19%
  84507 75019   2.25673e+08    30   2.28385e+08   2.25673e+08   648486    1.19%
  84508 75020   2.25673e+08    30   2.28385e+08   2.25673e+08   648487    1.19%
Elapsed time = 23.06 sec. (31941.03 ticks, tree = 50.64 MB, solutions = 16)
  90186 79745   2.27374e+08    44   2.28385e+08   2.25673e+08   721642    1.19%
  90187 79745   2.27376e+08    41   2.28385e+08   2.25673e+08   721643    1.19%
  90188 79746   2.27428e+08    38   2.28385e+08   2.25673e+08   721650    1.19%
  90189 79747   2.27620e+08    46   2.28385e+08   2.25673e+08   721666    1.19%
  90190 79748   2.27664e+08    42   2.28385e+08   2.25673e+08   721677    1.19%
  90191 79749   2.27664e+08    43   2.28385e+08   2.25673e+08   721680    1.19%
  90192 79749   2.27664e+08    42   2.28385e+08   2.25673e+08   721681    1.19%
  90193 79750   2.27664e+08    42   2.28385e+08   2.25673e+08   721685    1.19%
  90194 79751   2.27678e+08    41   2.28385e+08   2.25673e+08   721688    1.19%
  90195 79750    infeasible         2.28385e+08   2.25673e+08   721688    1.19%
Elapsed time = 25.80 sec. (35759.43 ticks, tree = 53.79 MB, solutions = 16)
  96429 85475   2.25673e+08    33   2.28385e+08   2.25673e+08   799186    1.19%
  96430 85476   2.25673e+08    31   2.28385e+08   2.25673e+08   799197    1.19%
  96431 85477   2.25673e+08    31   2.28385e+08   2.25673e+08   799198    1.19%
  96432 85478   2.25673e+08    36   2.28385e+08   2.25673e+08   799235    1.19%
  96433 85479   2.25673e+08    39   2.28385e+08   2.25673e+08   799257    1.19%
  96434 85480   2.25673e+08    39   2.28385e+08   2.25673e+08   799260    1.19%
  96435 85481   2.25673e+08    47   2.28385e+08   2.25673e+08   799274    1.19%
  96436 85482   2.25673e+08    47   2.28385e+08   2.25673e+08   799280    1.19%
  96437 85483   2.25673e+08    46   2.28385e+08   2.25673e+08   799281    1.19%
  96438 85484   2.25673e+08    49   2.28385e+08   2.25673e+08   799285    1.19%
Elapsed time = 28.48 sec. (39577.82 ticks, tree = 57.62 MB, solutions = 16)
 103017 91628   2.25673e+08    38   2.28385e+08   2.25673e+08   876631    1.19%
 103018 91629   2.25673e+08    39   2.28385e+08   2.25673e+08   876643    1.19%
 103019 91630   2.25673e+08    33   2.28385e+08   2.25673e+08   876648    1.19%
 103020 91631   2.25673e+08    28   2.28385e+08   2.25673e+08   876655    1.19%
 103021 91632   2.25673e+08    26   2.28385e+08   2.25673e+08   876658    1.19%
 103022 91633   2.25673e+08    26   2.28385e+08   2.25673e+08   876661    1.19%
 103023 91634   2.25673e+08    27   2.28385e+08   2.25673e+08   876668    1.19%
 103024 91635   2.25673e+08    28   2.28385e+08   2.25673e+08   876669    1.19%
 103025 91636   2.25673e+08    34   2.28385e+08   2.25673e+08   876676    1.19%
 103026 91637   2.25673e+08    29   2.28385e+08   2.25673e+08   876679    1.19%
Elapsed time = 31.69 sec. (43396.59 ticks, tree = 61.68 MB, solutions = 16)
 110003 98041   2.25673e+08    29   2.28385e+08   2.25673e+08   950867    1.19%
 110004 98042   2.25673e+08    28   2.28385e+08   2.25673e+08   950868    1.19%
 110005 98043   2.25673e+08    27   2.28385e+08   2.25673e+08   950890    1.19%
 110006 98044   2.25673e+08    23   2.28385e+08   2.25673e+08   950896    1.19%
 110007 98045   2.25673e+08    24   2.28385e+08   2.25673e+08   950899    1.19%
 110008 98046   2.25673e+08    24   2.28385e+08   2.25673e+08   950905    1.19%
 110009 98047   2.25673e+08    24   2.28385e+08   2.25673e+08   950910    1.19%
 110010 98048   2.25673e+08    24   2.28385e+08   2.25673e+08   950921    1.19%
 110011 98049   2.25673e+08    23   2.28385e+08   2.25673e+08   950924    1.19%
 110012 98050   2.25673e+08    25   2.28385e+08   2.25673e+08   950981    1.19%
Elapsed time = 35.11 sec. (47216.02 ticks, tree = 65.84 MB, solutions = 16)
 115407 102672   2.25673e+08    35   2.28385e+08   2.25673e+08  1028143    1.19%
 115408 102673   2.25673e+08    43   2.28385e+08   2.25673e+08  1028323    1.19%
 115409 102674   2.25673e+08    38   2.28385e+08   2.25673e+08  1028344    1.19%
 115410 102675   2.25673e+08    39   2.28385e+08   2.25673e+08  1028475    1.19%
 115411 102676   2.25673e+08    38   2.28385e+08   2.25673e+08  1028480    1.19%
 115412 102677   2.25673e+08    56   2.28385e+08   2.25673e+08  1028516    1.19%
 115413 102678   2.25673e+08    48   2.28385e+08   2.25673e+08  1028520    1.19%
 115414 102679   2.25673e+08    61   2.28385e+08   2.25673e+08  1028539    1.19%
 115415 102680   2.25673e+08    57   2.28385e+08   2.25673e+08  1028544    1.19%
 115416 102681   2.25673e+08    64   2.28385e+08   2.25673e+08  1028550    1.19%
Elapsed time = 38.63 sec. (51047.86 ticks, tree = 68.93 MB, solutions = 16)
 121397 108044   2.25673e+08    43   2.28385e+08   2.25673e+08  1104819    1.19%
 121398 108045   2.25673e+08    45   2.28385e+08   2.25673e+08  1104824    1.19%
 121399 108046   2.25673e+08    45   2.28385e+08   2.25673e+08  1104825    1.19%
 121400 108047   2.25674e+08    46   2.28385e+08   2.25673e+08  1104831    1.19%
 121401 108048   2.25677e+08    47   2.28385e+08   2.25673e+08  1104836    1.19%
 121402 108049   2.25788e+08    42   2.28385e+08   2.25673e+08  1104844    1.19%
 121403 108050   2.25788e+08    42   2.28385e+08   2.25673e+08  1104845    1.19%
 121404 108051   2.25801e+08    40   2.28385e+08   2.25673e+08  1104852    1.19%
 121405 108052   2.25801e+08    41   2.28385e+08   2.25673e+08  1104855    1.19%
 121406 108053   2.26875e+08    30   2.28385e+08   2.25673e+08  1104883    1.19%
Elapsed time = 42.15 sec. (54866.92 ticks, tree = 72.51 MB, solutions = 16)
*123099+109146                       2.28377e+08   2.25673e+08             1.18%
 127136 112655   2.26737e+08    21   2.28377e+08   2.25673e+08  1177413    1.18%
 127137 112656   2.26737e+08    22   2.28377e+08   2.25673e+08  1177431    1.18%
 127138 112657   2.26737e+08    22   2.28377e+08   2.25673e+08  1177447    1.18%
 127139 112658   2.26737e+08    22   2.28377e+08   2.25673e+08  1177463    1.18%
 127140 112659   2.26737e+08    22   2.28377e+08   2.25673e+08  1177464    1.18%
 127141 112660   2.26737e+08    22   2.28377e+08   2.25673e+08  1177465    1.18%
 127142 112660   2.26737e+08    21   2.28377e+08   2.25673e+08  1177466    1.18%
 127143 112661   2.26737e+08    22   2.28377e+08   2.25673e+08  1177483    1.18%
 127144 112662   2.26737e+08    23   2.28377e+08   2.25673e+08  1177507    1.18%
 127145 112663   2.26737e+08    23   2.28377e+08   2.25673e+08  1177509    1.18%
Elapsed time = 45.57 sec. (58689.45 ticks, tree = 75.67 MB, solutions = 17)
*128899+110600                       2.27970e+08   2.25673e+08             1.01%
*128999+100961                       2.27209e+08   2.25673e+08             0.68%
 133414 105016   2.25673e+08    32   2.27209e+08   2.25673e+08  1252714    0.68%
 133415 105017   2.25673e+08    26   2.27209e+08   2.25673e+08  1252715    0.68%
 133416 105018   2.25673e+08    26   2.27209e+08   2.25673e+08  1252727    0.68%
 133417 105019   2.25673e+08    25   2.27209e+08   2.25673e+08  1252728    0.68%
 133418 105020   2.25673e+08    25   2.27209e+08   2.25673e+08  1252731    0.68%
 133419 105021   2.25673e+08    27   2.27209e+08   2.25673e+08  1252740    0.68%
 133420 105022   2.25673e+08    26   2.27209e+08   2.25673e+08  1252755    0.68%
 133421 105023   2.25673e+08    28   2.27209e+08   2.25673e+08  1252774    0.68%
 133422 105024   2.25673e+08    29   2.27209e+08   2.25673e+08  1252784    0.68%
 133423 105025   2.25673e+08    28   2.27209e+08   2.25673e+08  1252785    0.68%
Elapsed time = 49.05 sec. (62507.15 ticks, tree = 70.04 MB, solutions = 19)
 139098 109930   2.25673e+08    25   2.27209e+08   2.25673e+08  1321456    0.68%
 139099 109931   2.25753e+08    35   2.27209e+08   2.25673e+08  1321582    0.68%
 139100 109932   2.25753e+08    34   2.27209e+08   2.25673e+08  1321589    0.68%
 139101 109933   2.25753e+08    31   2.27209e+08   2.25673e+08  1321592    0.68%
 139102 109934   2.25753e+08    31   2.27209e+08   2.25673e+08  1321594    0.68%
 139103 109935   2.25753e+08    30   2.27209e+08   2.25673e+08  1321598    0.68%
 139104 109934        cutoff         2.27209e+08   2.25673e+08  1321623    0.68%
 139105 109933        cutoff         2.27209e+08   2.25673e+08  1321637    0.68%
 139106 109934   2.25753e+08    29   2.27209e+08   2.25673e+08  1321663    0.68%
 139107 109935   2.27170e+08    25   2.27209e+08   2.25673e+08  1321712    0.68%
Elapsed time = 52.37 sec. (66331.75 ticks, tree = 73.24 MB, solutions = 19)
 146040 115806   2.25673e+08    26   2.27209e+08   2.25673e+08  1395971    0.68%
 146041 115807   2.25673e+08    25   2.27209e+08   2.25673e+08  1395976    0.68%
 146042 115808   2.26040e+08    32   2.27209e+08   2.25673e+08  1396092    0.68%
 146043 115809   2.26040e+08    33   2.27209e+08   2.25673e+08  1396096    0.68%
 146044 115809   2.26040e+08    32   2.27209e+08   2.25673e+08  1396098    0.68%
 146045 115810   2.26040e+08    32   2.27209e+08   2.25673e+08  1396100    0.68%
 146046 115811   2.26040e+08    31   2.27209e+08   2.25673e+08  1396105    0.68%
 146047 115812   2.26040e+08    31   2.27209e+08   2.25673e+08  1396106    0.68%
 146048 115813   2.26040e+08    32   2.27209e+08   2.25673e+08  1396108    0.68%
 146049 115814   2.26040e+08    32   2.27209e+08   2.25673e+08  1396109    0.68%
Elapsed time = 55.70 sec. (70152.07 ticks, tree = 76.93 MB, solutions = 19)
 152599 121168   2.25673e+08    25   2.27209e+08   2.25673e+08  1476214    0.68%
 152600 121169   2.25673e+08    25   2.27209e+08   2.25673e+08  1476218    0.68%
 152601 121168        cutoff         2.27209e+08   2.25673e+08  1476267    0.68%
 152602 121167        cutoff         2.27209e+08   2.25673e+08  1476286    0.68%
 152603 121168   2.25673e+08    24   2.27209e+08   2.25673e+08  1476332    0.68%
 152604 121167        cutoff         2.27209e+08   2.25673e+08  1476339    0.68%
 152605 121166        cutoff         2.27209e+08   2.25673e+08  1476347    0.68%
 152606 121167   2.25673e+08    20   2.27209e+08   2.25673e+08  1476360    0.68%
 152607 121168   2.25673e+08    26   2.27209e+08   2.25673e+08  1476431    0.68%
 152608 121167        cutoff         2.27209e+08   2.25673e+08  1476440    0.68%
Elapsed time = 59.17 sec. (74018.54 ticks, tree = 80.33 MB, solutions = 19)
 159045 126198   2.26764e+08    19   2.27209e+08   2.25673e+08  1556173    0.68%
 159046 126199   2.26764e+08    20   2.27209e+08   2.25673e+08  1556203    0.68%
 159047 126198        cutoff         2.27209e+08   2.25673e+08  1556213    0.68%
 159048 126199   2.26764e+08    18   2.27209e+08   2.25673e+08  1556227    0.68%
 159049 126200   2.26764e+08    18   2.27209e+08   2.25673e+08  1556228    0.68%
 159050 126201   2.26764e+08    17   2.27209e+08   2.25673e+08  1556239    0.68%
 159051 126202   2.26764e+08    18   2.27209e+08   2.25673e+08  1556256    0.68%
 159052 126203   2.26764e+08    16   2.27209e+08   2.25673e+08  1556290    0.68%
 159053 126204   2.26764e+08    23   2.27209e+08   2.25673e+08  1556324    0.68%
 159054 126205   2.26764e+08    22   2.27209e+08   2.25673e+08  1556327    0.68%
Elapsed time = 62.53 sec. (77839.22 ticks, tree = 83.59 MB, solutions = 19)
 165539 131508   2.25673e+08    23   2.27209e+08   2.25673e+08  1634931    0.68%
 165540 131509   2.26764e+08    20   2.27209e+08   2.25673e+08  1635094    0.68%
 165541 131510   2.26938e+08    28   2.27209e+08   2.25673e+08  1635180    0.68%
 165542 131510   2.26938e+08    28   2.27209e+08   2.25673e+08  1635183    0.68%
 165543 131511   2.26938e+08    28   2.27209e+08   2.25673e+08  1635191    0.68%
 165544 131512   2.26938e+08    29   2.27209e+08   2.25673e+08  1635192    0.68%
 165545 131513   2.26938e+08    29   2.27209e+08   2.25673e+08  1635194    0.68%
 165546 131513   2.26939e+08    29   2.27209e+08   2.25673e+08  1635195    0.68%
 165547 131514   2.26939e+08    29   2.27209e+08   2.25673e+08  1635198    0.68%
 165548 131515   2.26939e+08    30   2.27209e+08   2.25673e+08  1635199    0.68%
Elapsed time = 65.91 sec. (81667.84 ticks, tree = 88.53 MB, solutions = 19)
 171569 136569   2.25673e+08    24   2.27209e+08   2.25673e+08  1714483    0.68%
 171570 136570   2.25673e+08    29   2.27209e+08   2.25673e+08  1714493    0.68%
 171571 136571   2.25673e+08    24   2.27209e+08   2.25673e+08  1714495    0.68%
 171572 136572   2.25673e+08    30   2.27209e+08   2.25673e+08  1714506    0.68%
 171573 136573   2.25673e+08    32   2.27209e+08   2.25673e+08  1714516    0.68%
 171574 136574   2.25673e+08    30   2.27209e+08   2.25673e+08  1714517    0.68%
 171575 136575   2.25673e+08    28   2.27209e+08   2.25673e+08  1714521    0.68%
 171576 136576   2.25673e+08    31   2.27209e+08   2.25673e+08  1714526    0.68%
 171577 136577   2.25673e+08    29   2.27209e+08   2.25673e+08  1714528    0.68%
 171578 136578   2.25673e+08    32   2.27209e+08   2.25673e+08  1714536    0.68%
Elapsed time = 69.29 sec. (85486.89 ticks, tree = 91.64 MB, solutions = 19)
 178571 142783   2.25983e+08    33   2.27209e+08   2.25673e+08  1791138    0.68%
 178572 142784   2.25983e+08    36   2.27209e+08   2.25673e+08  1791148    0.68%
 178573 142785   2.25983e+08    32   2.27209e+08   2.25673e+08  1791152    0.68%
 178574 142786   2.25983e+08    34   2.27209e+08   2.25673e+08  1791154    0.68%
 178575 142787   2.25983e+08    34   2.27209e+08   2.25673e+08  1791155    0.68%
 178576 142788   2.25983e+08    35   2.27209e+08   2.25673e+08  1791162    0.68%
 178577 142789   2.25983e+08    33   2.27209e+08   2.25673e+08  1791168    0.68%
 178578 142790   2.25983e+08    34   2.27209e+08   2.25673e+08  1791182    0.68%
 178579 142791   2.25983e+08    34   2.27209e+08   2.25673e+08  1791185    0.68%
 178580 142792   2.25983e+08    34   2.27209e+08   2.25673e+08  1791190    0.68%
Elapsed time = 72.62 sec. (89306.46 ticks, tree = 95.53 MB, solutions = 19)
 185176 148533   2.25673e+08    28   2.27209e+08   2.25673e+08  1864322    0.68%
 185177 148534   2.25680e+08    35   2.27209e+08   2.25673e+08  1864463    0.68%
 185178 148535   2.25680e+08    35   2.27209e+08   2.25673e+08  1864464    0.68%
 185179 148536   2.25827e+08    39   2.27209e+08   2.25673e+08  1864470    0.68%
 185180 148536   2.25828e+08    40   2.27209e+08   2.25673e+08  1864475    0.68%
 185181 148537   2.25832e+08    39   2.27209e+08   2.25673e+08  1864479    0.68%
 185182 148538   2.25835e+08    38   2.27209e+08   2.25673e+08  1864481    0.68%
 185183 148539   2.25846e+08    37   2.27209e+08   2.25673e+08  1864482    0.68%
 185184 148539   2.25865e+08    37   2.27209e+08   2.25673e+08  1864490    0.68%
 185185 148539   2.25872e+08    37   2.27209e+08   2.25673e+08  1864491    0.68%
Elapsed time = 76.07 sec. (93127.76 ticks, tree = 99.37 MB, solutions = 19)
 190803 152932   2.25753e+08    38   2.27209e+08   2.25673e+08  1938465    0.68%
 190804 152933   2.25753e+08    35   2.27209e+08   2.25673e+08  1938467    0.68%
 190805 152934   2.25753e+08    39   2.27209e+08   2.25673e+08  1938470    0.68%
 190806 152935   2.25753e+08    36   2.27209e+08   2.25673e+08  1938472    0.68%
 190807 152936   2.25753e+08    34   2.27209e+08   2.25673e+08  1938473    0.68%
 190808 152937   2.25753e+08    35   2.27209e+08   2.25673e+08  1938515    0.68%
 190809 152936        cutoff         2.27209e+08   2.25673e+08  1938562    0.68%
 190810 152937   2.25753e+08    38   2.27209e+08   2.25673e+08  1938570    0.68%
 190811 152938   2.25952e+08    31   2.27209e+08   2.25673e+08  1938623    0.68%
 190812 152937        cutoff         2.27209e+08   2.25673e+08  1938625    0.68%
Elapsed time = 79.59 sec. (96948.31 ticks, tree = 102.26 MB, solutions = 19)
 197210 158141        cutoff         2.27209e+08   2.25673e+08  2011203    0.68%
 197211 158142   2.25753e+08    31   2.27209e+08   2.25673e+08  2011235    0.68%
 197212 158143   2.25753e+08    30   2.27209e+08   2.25673e+08  2011236    0.68%
 197213 158144   2.25753e+08    26   2.27209e+08   2.25673e+08  2011239    0.68%
 197214 158145   2.25753e+08    26   2.27209e+08   2.25673e+08  2011240    0.68%
 197215 158146   2.25753e+08    26   2.27209e+08   2.25673e+08  2011241    0.68%
 197216 158147   2.25753e+08    29   2.27209e+08   2.25673e+08  2011256    0.68%
 197217 158148   2.25753e+08    29   2.27209e+08   2.25673e+08  2011257    0.68%
 197218 158149   2.25753e+08    28   2.27209e+08   2.25673e+08  2011267    0.68%
 197219 158150   2.25753e+08    27   2.27209e+08   2.25673e+08  2011268    0.68%
Elapsed time = 83.04 sec. (100767.17 ticks, tree = 106.86 MB, solutions = 19)
 204299 163915   2.26288e+08    25   2.27209e+08   2.25673e+08  2092096    0.68%
 204300 163916   2.26288e+08    25   2.27209e+08   2.25673e+08  2092098    0.68%
 204301 163916   2.26288e+08    25   2.27209e+08   2.25673e+08  2092099    0.68%
 204302 163915   2.26288e+08    25   2.27209e+08   2.25673e+08  2092100    0.68%
 204303 163916   2.25769e+08    32   2.27209e+08   2.25673e+08  2092199    0.68%
 204304 163917   2.25769e+08    32   2.27209e+08   2.25673e+08  2092200    0.68%
 204305 163917   2.26026e+08    29   2.27209e+08   2.25673e+08  2092221    0.68%
 204306 163918   2.26026e+08    29   2.27209e+08   2.25673e+08  2092222    0.68%
 204307 163918   2.26248e+08    30   2.27209e+08   2.25673e+08  2092226    0.68%
 204308 163917   2.26298e+08    30   2.27209e+08   2.25673e+08  2092229    0.68%
Elapsed time = 86.57 sec. (104740.69 ticks, tree = 110.59 MB, solutions = 19)
 210774 169092        cutoff         2.27209e+08   2.25673e+08  2164707    0.68%
 210775 169091    infeasible         2.27209e+08   2.25673e+08  2164707    0.68%
 210776 169091   2.26939e+08    24   2.27209e+08   2.25673e+08  2164789    0.68%
 210777 169091   2.26939e+08    25   2.27209e+08   2.25673e+08  2164797    0.68%
 210778 169091   2.26939e+08    26   2.27209e+08   2.25673e+08  2164802    0.68%
 210779 169090        cutoff         2.27209e+08   2.25673e+08  2164806    0.68%
 210780 169089    infeasible         2.27209e+08   2.25673e+08  2164806    0.68%
 210781 169088        cutoff         2.27209e+08   2.25673e+08  2164860    0.68%
 210782 169088   2.26539e+08    28   2.27209e+08   2.25673e+08  2164928    0.68%
 210783 169087    infeasible         2.27209e+08   2.25673e+08  2164928    0.68%
Elapsed time = 90.05 sec. (108567.40 ticks, tree = 113.84 MB, solutions = 19)
 212946 170806   2.25673e+08    23   2.27209e+08   2.25673e+08  2188189    0.68%
 212947 170807   2.25673e+08    25   2.27209e+08   2.25673e+08  2188209    0.68%
 212948 170808   2.25763e+08    33   2.27209e+08   2.25673e+08  2188219    0.68%
 212949 170809   2.26130e+08    34   2.27209e+08   2.25673e+08  2188229    0.68%
 212950 170808        cutoff         2.27209e+08   2.25673e+08  2188232    0.68%
 212951 170807        cutoff         2.27209e+08   2.25673e+08  2188238    0.68%
 212952 170806        cutoff         2.27209e+08   2.25673e+08  2188375    0.68%
 212953 170807   2.25673e+08    22   2.27209e+08   2.25673e+08  2188399    0.68%
 212954 170808   2.25673e+08    23   2.27209e+08   2.25673e+08  2188400    0.68%
 212955 170809   2.25673e+08    23   2.27209e+08   2.25673e+08  2188401    0.68%
Elapsed time = 93.13 sec. (112390.85 ticks, tree = 114.94 MB, solutions = 19)
 219167 175605   2.25899e+08    52   2.27209e+08   2.25673e+08  2260418    0.68%
 219168 175606   2.25899e+08    43   2.27209e+08   2.25673e+08  2260419    0.68%
 219169 175607   2.26318e+08    35   2.27209e+08   2.25673e+08  2260450    0.68%
 219170 175608   2.26514e+08    38   2.27209e+08   2.25673e+08  2260462    0.68%
 219171 175607        cutoff         2.27209e+08   2.25673e+08  2260471    0.68%
 219172 175606        cutoff         2.27209e+08   2.25673e+08  2260475    0.68%
 219173 175607   2.26625e+08    32   2.27209e+08   2.25673e+08  2260628    0.68%
 219174 175606        cutoff         2.27209e+08   2.25673e+08  2260633    0.68%
 219175 175605        cutoff         2.27209e+08   2.25673e+08  2260634    0.68%
 219176 175604        cutoff         2.27209e+08   2.25673e+08  2260751    0.68%
Elapsed time = 96.57 sec. (116217.33 ticks, tree = 117.95 MB, solutions = 19)
 227688 183379   2.25707e+08    33   2.27209e+08   2.25673e+08  2326290    0.68%
 227689 183380   2.25707e+08    32   2.27209e+08   2.25673e+08  2326291    0.68%
 227690 183381   2.25707e+08    31   2.27209e+08   2.25673e+08  2326294    0.68%
 227691 183382   2.25707e+08    31   2.27209e+08   2.25673e+08  2326295    0.68%
 227692 183383   2.25707e+08    32   2.27209e+08   2.25673e+08  2326297    0.68%
 227693 183384   2.25707e+08    32   2.27209e+08   2.25673e+08  2326299    0.68%
 227694 183385   2.25707e+08    32   2.27209e+08   2.25673e+08  2326302    0.68%
 227695 183386   2.25707e+08    28   2.27209e+08   2.25673e+08  2326306    0.68%
 227696 183387   2.25707e+08    26   2.27209e+08   2.25673e+08  2326308    0.68%
 227697 183388   2.25707e+08    33   2.27209e+08   2.25673e+08  2326332    0.68%
Elapsed time = 99.86 sec. (120037.06 ticks, tree = 123.01 MB, solutions = 19)

Cover cuts applied:  462
Mixed integer rounding cuts applied:  7
Gomory fractional cuts applied:  8

Root node processing (before b&c):
  Real time             =    0.06 sec. (62.97 ticks)
Sequential b&c:
  Real time             =   99.94 sec. (120157.76 ticks)
                          ------------
Total (root+branch&cut) =  100.00 sec. (120220.73 ticks)

Solution pool: 19 solutions saved.

MIP - Time limit exceeded, integer feasible:  Objective =  2.2720850100e+08
Current MIP best bound =  2.2567326400e+08 (gap = 1.53524e+06, 0.68%)
Solution time =  100.00 sec.  Iterations = 2329326  Nodes = 228157 (183773)
Deterministic time = 120220.73 ticks  (1202.20 ticks/sec)


Incumbent solution written to file '/tmp/tmpJ1nL30.cplex.sol'.
