
Log started (V12.6.3.0) Sat Apr 21 16:49:18 2018

New value for default parallel thread count: 1

Problem '/tmp/tmpw7ugw3.pyomo.lp' read.
Read time = 0.02 sec. (0.84 ticks)

Problem name         : /tmp/tmpw7ugw3.pyomo.lp
Objective sense      : Minimize
Variables            :     950  [Nneg: 1,  Binary: 936,  General Integer: 13]
Objective nonzeros   :       1
Linear constraints   :     182  [Less: 90,  Equal: 92]
  Nonzeros           :   60259
  RHS nonzeros       :     157

Variables            : Min LB: 0.000000         Max UB: 1.000000       
Objective nonzeros   : Min   : 1.000000         Max   : 1.000000       
Linear constraints   :
  Nonzeros           : Min   : 1.000000         Max   : 6.145599e+07   
  RHS nonzeros       : Min   : 1.000000         Max   : 8.000000       
Tried aggregator 2 times.
MIP Presolve eliminated 82 rows and 141 columns.
Aggregator did 5 substitutions.
Reduced MIP has 95 rows, 804 columns, and 2247 nonzeros.
Reduced MIP has 792 binaries, 12 generals, 0 SOSs, and 0 indicators.
Presolve time = 0.01 sec. (10.91 ticks)
Found incumbent of value 7.6738612e+08 after 0.01 sec. (12.44 ticks)
Probing time = 0.00 sec. (1.59 ticks)
Tried aggregator 1 time.
Reduced MIP has 95 rows, 804 columns, and 2247 nonzeros.
Reduced MIP has 792 binaries, 12 generals, 0 SOSs, and 0 indicators.
Presolve time = 0.00 sec. (1.15 ticks)
Probing time = 0.00 sec. (1.59 ticks)
Clique table members: 72.
MIP emphasis: balance optimality and feasibility.
MIP search method: dynamic search.
Parallel mode: none, using 1 thread.
Root relaxation solution time = 0.00 sec. (1.48 ticks)

        Nodes                                         Cuts/
   Node  Left     Objective  IInf  Best Integer    Best Bound    ItCnt     Gap

*     0+    0                       7.67386e+08        0.0000           100.00%
      0     0   2.25673e+08    26   7.67386e+08   2.25673e+08      133   70.59%
      0     0   2.25673e+08    22   7.67386e+08      Fract: 6      155   70.59%
      0     0   2.25673e+08    25   7.67386e+08      Fract: 2      164   70.59%
*     0+    0                       2.74736e+08   2.25673e+08            17.86%
*     0+    0                       2.61816e+08   2.25673e+08            13.80%
*     0+    0                       2.53833e+08   2.25673e+08            11.09%
*     0+    0                       2.51166e+08   2.25673e+08            10.15%
*     0+    0                       2.50079e+08   2.25673e+08             9.76%
*     0+    0                       2.49824e+08   2.25673e+08             9.67%
*     0+    0                       2.46333e+08   2.25673e+08             8.39%
*     0+    0                       2.46156e+08   2.25673e+08             8.32%
*     0+    0                       2.46013e+08   2.25673e+08             8.27%
      0     2   2.25673e+08    18   2.46013e+08   2.25673e+08      164    8.27%
Elapsed time = 0.06 sec. (61.55 ticks, tree = 0.01 MB, solutions = 10)
*   136    98      integral     0   2.42365e+08   2.25673e+08     1444    6.89%
*   236+   86                       2.33896e+08   2.25673e+08             3.52%
    910   463   2.26799e+08    25   2.33896e+08   2.25673e+08     6302    3.52%
    911   464   2.26799e+08    25   2.33896e+08   2.25673e+08     6305    3.52%
    912   463    infeasible         2.33896e+08   2.25673e+08     6305    3.52%
    913   464   2.26799e+08    25   2.33896e+08   2.25673e+08     6310    3.52%
    914   463    infeasible         2.33896e+08   2.25673e+08     6310    3.52%
    915   462    infeasible         2.33896e+08   2.25673e+08     6310    3.52%
    916   461    infeasible         2.33896e+08   2.25673e+08     6310    3.52%
    917   460        cutoff         2.33896e+08   2.25673e+08     6324    3.52%
    918   461   2.26799e+08    26   2.33896e+08   2.25673e+08     6366    3.52%
*  1000+  453                       2.31107e+08   2.25673e+08             2.35%
*  1000+  451                       2.30852e+08   2.25673e+08             2.24%
*  1496+  803                       2.29900e+08   2.25673e+08             1.84%
*  1496+  800                       2.29562e+08   2.25673e+08             1.69%
*  1497+  534                       2.29168e+08   2.25673e+08             1.53%
   1897   326   2.25673e+08    20   2.29168e+08   2.25673e+08    11632    1.53%
Elapsed time = 0.86 sec. (1070.22 ticks, tree = 0.18 MB, solutions = 17)
*  2197+  291                       2.28952e+08   2.25673e+08             1.43%
*  2297+  326                       2.28884e+08   2.25673e+08             1.40%
*  2397+  389                       2.28881e+08   2.25673e+08             1.40%
*  2697+  500                       2.28855e+08   2.25673e+08             1.39%
   2797   552   2.25673e+08    23   2.28855e+08   2.25673e+08    18501    1.39%
   2798   553   2.25673e+08    21   2.28855e+08   2.25673e+08    18502    1.39%
   2799   554   2.25673e+08    21   2.28855e+08   2.25673e+08    18503    1.39%
   2800   555   2.25673e+08    21   2.28855e+08   2.25673e+08    18504    1.39%
   2801   556   2.25673e+08    23   2.28855e+08   2.25673e+08    18516    1.39%
   2802   557   2.25673e+08    24   2.28855e+08   2.25673e+08    18517    1.39%
   2803   558   2.25673e+08    24   2.28855e+08   2.25673e+08    18518    1.39%
   2804   559   2.25673e+08    24   2.28855e+08   2.25673e+08    18519    1.39%
   2805   560   2.25673e+08    23   2.28855e+08   2.25673e+08    18520    1.39%
   2806   561   2.25673e+08    21   2.28855e+08   2.25673e+08    18521    1.39%
Elapsed time = 1.68 sec. (2049.38 ticks, tree = 0.34 MB, solutions = 21)
   5061  2006   2.25673e+08    22   2.28855e+08   2.25673e+08    39018    1.39%
   5062  2007   2.25673e+08    22   2.28855e+08   2.25673e+08    39019    1.39%
   5063  2008   2.25673e+08    22   2.28855e+08   2.25673e+08    39020    1.39%
   5064  2009   2.25673e+08    22   2.28855e+08   2.25673e+08    39023    1.39%
   5065  2010   2.25673e+08    22   2.28855e+08   2.25673e+08    39030    1.39%
   5066  2011   2.25673e+08    22   2.28855e+08   2.25673e+08    39031    1.39%
   5067  2012   2.25673e+08    24   2.28855e+08   2.25673e+08    39038    1.39%
   5068  2013   2.25673e+08    23   2.28855e+08   2.25673e+08    39056    1.39%
   5069  2014   2.25673e+08    23   2.28855e+08   2.25673e+08    39058    1.39%
   5070  2015   2.25673e+08    23   2.28855e+08   2.25673e+08    39061    1.39%
Elapsed time = 2.43 sec. (3005.31 ticks, tree = 1.32 MB, solutions = 21)
   7205  3683   2.26402e+08    35   2.28855e+08   2.25673e+08    60397    1.39%
   7206  3684   2.26402e+08    35   2.28855e+08   2.25673e+08    60402    1.39%
   7207  3685   2.26425e+08    29   2.28855e+08   2.25673e+08    60434    1.39%
   7208  3686   2.26662e+08    12   2.28855e+08   2.25673e+08    60439    1.39%
   7209  3687   2.26662e+08    13   2.28855e+08   2.25673e+08    60444    1.39%
   7210  3688   2.26662e+08    18   2.28855e+08   2.25673e+08    60452    1.39%
   7211  3689   2.26662e+08    19   2.28855e+08   2.25673e+08    60459    1.39%
   7212  3690   2.26662e+08    19   2.28855e+08   2.25673e+08    60462    1.39%
   7213  3689    infeasible         2.28855e+08   2.25673e+08    60463    1.39%
   7214  3690   2.26662e+08    20   2.28855e+08   2.25673e+08    60470    1.39%
Elapsed time = 3.17 sec. (3964.87 ticks, tree = 2.47 MB, solutions = 21)
   8523  4668   2.28786e+08    17   2.28855e+08   2.25673e+08    85604    1.39%
   8524  4669   2.25673e+08    25   2.28855e+08   2.25673e+08    85622    1.39%
   8525  4670   2.25673e+08    23   2.28855e+08   2.25673e+08    85633    1.39%
   8526  4671   2.25673e+08    24   2.28855e+08   2.25673e+08    85639    1.39%
   8527  4672   2.25673e+08    26   2.28855e+08   2.25673e+08    85663    1.39%
   8528  4673   2.25673e+08    24   2.28855e+08   2.25673e+08    85668    1.39%
   8529  4674   2.25673e+08    23   2.28855e+08   2.25673e+08    85679    1.39%
   8530  4675   2.25673e+08    27   2.28855e+08   2.25673e+08    85695    1.39%
   8531  4676   2.25673e+08    24   2.28855e+08   2.25673e+08    85721    1.39%
   8532  4677   2.25673e+08    24   2.28855e+08   2.25673e+08    85734    1.39%
Elapsed time = 3.91 sec. (4927.14 ticks, tree = 3.21 MB, solutions = 21)
   9687  5583   2.28786e+08    18   2.28855e+08   2.25673e+08   107969    1.39%
   9688  5584   2.28786e+08    18   2.28855e+08   2.25673e+08   107978    1.39%
   9689  5585   2.28786e+08    18   2.28855e+08   2.25673e+08   107979    1.39%
   9690  5586   2.28786e+08    10   2.28855e+08   2.25673e+08   108010    1.39%
   9691  5587   2.28786e+08    10   2.28855e+08   2.25673e+08   108019    1.39%
   9692  5588   2.28786e+08    19   2.28855e+08   2.25673e+08   108047    1.39%
   9693  5589   2.28786e+08    21   2.28855e+08   2.25673e+08   108100    1.39%
   9694  5590   2.28786e+08    19   2.28855e+08   2.25673e+08   108111    1.39%
   9695  5591   2.28786e+08    12   2.28855e+08   2.25673e+08   108136    1.39%
   9696  5590        cutoff         2.28855e+08   2.25673e+08   108195    1.39%
Elapsed time = 4.63 sec. (5890.03 ticks, tree = 3.76 MB, solutions = 21)
  10925  6596   2.26218e+08    37   2.28855e+08   2.25673e+08   130921    1.39%
  10926  6597   2.26218e+08    40   2.28855e+08   2.25673e+08   130942    1.39%
  10927  6598   2.26218e+08    39   2.28855e+08   2.25673e+08   130949    1.39%
  10928  6599   2.26218e+08    40   2.28855e+08   2.25673e+08   130961    1.39%
  10929  6600   2.26218e+08    37   2.28855e+08   2.25673e+08   130964    1.39%
  10930  6601   2.26218e+08    35   2.28855e+08   2.25673e+08   130967    1.39%
  10931  6602   2.26218e+08    34   2.28855e+08   2.25673e+08   130968    1.39%
  10932  6603   2.26218e+08    34   2.28855e+08   2.25673e+08   130972    1.39%
  10933  6604   2.26218e+08    35   2.28855e+08   2.25673e+08   130976    1.39%
  10934  6605   2.26218e+08    35   2.28855e+08   2.25673e+08   130982    1.39%
Elapsed time = 5.35 sec. (6858.92 ticks, tree = 4.43 MB, solutions = 21)
  11876  7439   2.25695e+08    35   2.28855e+08   2.25673e+08   144513    1.39%
  11877  7440   2.25695e+08    37   2.28855e+08   2.25673e+08   144516    1.39%
  11878  7441   2.25695e+08    37   2.28855e+08   2.25673e+08   144517    1.39%
  11879  7442   2.25695e+08    35   2.28855e+08   2.25673e+08   144526    1.39%
  11880  7443   2.25695e+08    35   2.28855e+08   2.25673e+08   144533    1.39%
  11881  7444   2.25830e+08    34   2.28855e+08   2.25673e+08   144614    1.39%
  11882  7445   2.25830e+08    33   2.28855e+08   2.25673e+08   144622    1.39%
  11883  7446   2.25891e+08    32   2.28855e+08   2.25673e+08   144668    1.39%
  11884  7447   2.26179e+08    36   2.28855e+08   2.25673e+08   144697    1.39%
  11885  7448   2.26179e+08    39   2.28855e+08   2.25673e+08   144706    1.39%
Elapsed time = 6.08 sec. (7817.94 ticks, tree = 4.94 MB, solutions = 21)
  13088  8484   2.27714e+08    43   2.28855e+08   2.25673e+08   162497    1.39%
  13089  8485   2.27716e+08    37   2.28855e+08   2.25673e+08   162499    1.39%
  13090  8485   2.27830e+08    43   2.28855e+08   2.25673e+08   162534    1.39%
  13091  8485   2.27878e+08    42   2.28855e+08   2.25673e+08   162537    1.39%
  13092  8486   2.27999e+08    40   2.28855e+08   2.25673e+08   162544    1.39%
  13093  8487   2.27999e+08    41   2.28855e+08   2.25673e+08   162545    1.39%
  13094  8488   2.27999e+08    41   2.28855e+08   2.25673e+08   162547    1.39%
  13095  8489   2.28075e+08    38   2.28855e+08   2.25673e+08   162555    1.39%
  13096  8490   2.28503e+08    32   2.28855e+08   2.25673e+08   162575    1.39%
  13097  8491   2.28503e+08    33   2.28855e+08   2.25673e+08   162586    1.39%
Elapsed time = 6.76 sec. (8775.04 ticks, tree = 5.80 MB, solutions = 21)
  13942  9120        cutoff         2.28855e+08   2.25673e+08   182930    1.39%
  13943  9121   2.27463e+08    25   2.28855e+08   2.25673e+08   183132    1.39%
  13944  9122   2.27782e+08    22   2.28855e+08   2.25673e+08   183165    1.39%
  13945  9123   2.28354e+08    20   2.28855e+08   2.25673e+08   183177    1.39%
  13946  9122        cutoff         2.28855e+08   2.25673e+08   183187    1.39%
  13947  9123   2.28494e+08    23   2.28855e+08   2.25673e+08   183207    1.39%
  13948  9122        cutoff         2.28855e+08   2.25673e+08   183215    1.39%
  13949  9121        cutoff         2.28855e+08   2.25673e+08   183219    1.39%
  13950  9120        cutoff         2.28855e+08   2.25673e+08   183347    1.39%
  16009 10688   2.25673e+08    43   2.28855e+08   2.25673e+08   241852    1.39%
Elapsed time = 9.46 sec. (12592.19 ticks, tree = 7.19 MB, solutions = 21)
  23277 15946   2.25673e+08    32   2.28855e+08   2.25673e+08   309914    1.39%
  23278 15947   2.25673e+08    31   2.28855e+08   2.25673e+08   309916    1.39%
  23279 15948   2.25673e+08    32   2.28855e+08   2.25673e+08   309918    1.39%
  23280 15949   2.25803e+08    26   2.28855e+08   2.25673e+08   309923    1.39%
  23281 15950   2.26951e+08    26   2.28855e+08   2.25673e+08   309925    1.39%
  23282 15951   2.26994e+08    26   2.28855e+08   2.25673e+08   309932    1.39%
  23283 15951   2.27043e+08    26   2.28855e+08   2.25673e+08   309934    1.39%
  23284 15952   2.27043e+08    26   2.28855e+08   2.25673e+08   309935    1.39%
  23285 15953   2.27056e+08    26   2.28855e+08   2.25673e+08   309936    1.39%
  23286 15954   2.27067e+08    26   2.28855e+08   2.25673e+08   309937    1.39%
Elapsed time = 12.19 sec. (16409.35 ticks, tree = 10.90 MB, solutions = 21)
  31083 20333   2.25673e+08    17   2.28855e+08   2.25673e+08   373570    1.39%
  31084 20334   2.25673e+08    18   2.28855e+08   2.25673e+08   373572    1.39%
  31085 20335   2.25673e+08    18   2.28855e+08   2.25673e+08   373573    1.39%
  31086 20336   2.25673e+08    17   2.28855e+08   2.25673e+08   373576    1.39%
  31087 20337   2.25673e+08    18   2.28855e+08   2.25673e+08   373577    1.39%
  31088 20338   2.25673e+08    18   2.28855e+08   2.25673e+08   373578    1.39%
  31089 20339   2.25673e+08    18   2.28855e+08   2.25673e+08   373579    1.39%
  31090 20340   2.25673e+08    18   2.28855e+08   2.25673e+08   373580    1.39%
  31091 20339        cutoff         2.28855e+08   2.25673e+08   373606    1.39%
  31092 20338    infeasible         2.28855e+08   2.25673e+08   373681    1.39%
Elapsed time = 15.42 sec. (20228.56 ticks, tree = 14.63 MB, solutions = 21)
* 33297+21315                       2.28786e+08   2.25673e+08             1.36%
  37840 23446        cutoff         2.28786e+08   2.25673e+08   435635    1.36%
  37841 23447   2.25673e+08    18   2.28786e+08   2.25673e+08   435651    1.36%
  37842 23448   2.25673e+08    17   2.28786e+08   2.25673e+08   435656    1.36%
  37843 23449   2.25673e+08    15   2.28786e+08   2.25673e+08   435659    1.36%
  37844 23450   2.25673e+08    15   2.28786e+08   2.25673e+08   435660    1.36%
  37845 23451   2.25673e+08    16   2.28786e+08   2.25673e+08   435661    1.36%
  37846 23452   2.25673e+08    16   2.28786e+08   2.25673e+08   435663    1.36%
  37847 23453   2.25673e+08    16   2.28786e+08   2.25673e+08   435664    1.36%
  37848 23454   2.25673e+08    16   2.28786e+08   2.25673e+08   435665    1.36%
  37849 23455   2.25673e+08    15   2.28786e+08   2.25673e+08   435666    1.36%
Elapsed time = 18.70 sec. (24046.23 ticks, tree = 16.93 MB, solutions = 22)
  44414 26943        cutoff         2.28786e+08   2.25673e+08   504834    1.36%
  44415 26944   2.25673e+08    20   2.28786e+08   2.25673e+08   504848    1.36%
  44416 26945   2.26269e+08    29   2.28786e+08   2.25673e+08   504915    1.36%
  44417 26945   2.26269e+08    28   2.28786e+08   2.25673e+08   504916    1.36%
  44418 26946   2.26269e+08    28   2.28786e+08   2.25673e+08   504917    1.36%
  44419 26947   2.26330e+08    24   2.28786e+08   2.25673e+08   504920    1.36%
  44420 26948   2.26330e+08    25   2.28786e+08   2.25673e+08   504921    1.36%
  44421 26948   2.26330e+08    24   2.28786e+08   2.25673e+08   504922    1.36%
  44422 26948   2.26330e+08    25   2.28786e+08   2.25673e+08   504923    1.36%
  44423 26949   2.26330e+08    24   2.28786e+08   2.25673e+08   504924    1.36%
Elapsed time = 22.62 sec. (27866.12 ticks, tree = 19.55 MB, solutions = 22)
* 47297+28070                       2.28638e+08   2.25673e+08             1.30%
* 47297+27707                       2.28377e+08   2.25673e+08             1.18%
  51117 28922   2.25673e+08    20   2.28377e+08   2.25673e+08   577886    1.18%
  51118 28923   2.25673e+08    21   2.28377e+08   2.25673e+08   577916    1.18%
  51119 28924   2.25673e+08    22   2.28377e+08   2.25673e+08   577921    1.18%
  51120 28925   2.25673e+08    22   2.28377e+08   2.25673e+08   577955    1.18%
  51121 28926   2.25673e+08    20   2.28377e+08   2.25673e+08   577968    1.18%
  51122 28927   2.25673e+08    21   2.28377e+08   2.25673e+08   577974    1.18%
  51123 28928   2.25673e+08    22   2.28377e+08   2.25673e+08   577975    1.18%
  51124 28929   2.25673e+08    18   2.28377e+08   2.25673e+08   578000    1.18%
  51125 28930   2.25673e+08    20   2.28377e+08   2.25673e+08   578021    1.18%
  51126 28931   2.25673e+08    20   2.28377e+08   2.25673e+08   578029    1.18%
Elapsed time = 25.97 sec. (31685.46 ticks, tree = 21.06 MB, solutions = 24)
  57454 31520   2.27489e+08    24   2.28377e+08   2.25673e+08   651509    1.18%
  57455 31519        cutoff         2.28377e+08   2.25673e+08   651517    1.18%
  57456 31520   2.25673e+08    18   2.28377e+08   2.25673e+08   651532    1.18%
  57457 31521   2.25673e+08    18   2.28377e+08   2.25673e+08   651536    1.18%
  57458 31522   2.25673e+08    19   2.28377e+08   2.25673e+08   651537    1.18%
  57459 31523   2.25673e+08    21   2.28377e+08   2.25673e+08   651555    1.18%
  57460 31522        cutoff         2.28377e+08   2.25673e+08   651565    1.18%
  57461 31523   2.25673e+08    19   2.28377e+08   2.25673e+08   651568    1.18%
  57462 31524   2.25673e+08    20   2.28377e+08   2.25673e+08   651580    1.18%
  57463 31524   2.25769e+08    27   2.28377e+08   2.25673e+08   651613    1.18%
Elapsed time = 29.31 sec. (35507.01 ticks, tree = 23.00 MB, solutions = 24)
  64071 33788        cutoff         2.28377e+08   2.25673e+08   725908    1.18%
  64072 33789   2.26180e+08    25   2.28377e+08   2.25673e+08   725936    1.18%
  64073 33788        cutoff         2.28377e+08   2.25673e+08   725938    1.18%
  64074 33787        cutoff         2.28377e+08   2.25673e+08   725943    1.18%
  64075 33786        cutoff         2.28377e+08   2.25673e+08   725961    1.18%
  64076 33785        cutoff         2.28377e+08   2.25673e+08   725971    1.18%
  64077 33784        cutoff         2.28377e+08   2.25673e+08   725987    1.18%
  64078 33783    infeasible         2.28377e+08   2.25673e+08   725987    1.18%
  64079 33782        cutoff         2.28377e+08   2.25673e+08   725997    1.18%
  64080 33781    infeasible         2.28377e+08   2.25673e+08   725997    1.18%
Elapsed time = 32.61 sec. (39326.89 ticks, tree = 25.64 MB, solutions = 24)
  71074 37340        cutoff         2.28377e+08   2.25673e+08   789664    1.18%
  71075 37339        cutoff         2.28377e+08   2.25673e+08   789680    1.18%
  71076 37338        cutoff         2.28377e+08   2.25673e+08   789694    1.18%
  71077 37339   2.25673e+08    15   2.28377e+08   2.25673e+08   789696    1.18%
  71078 37340   2.25673e+08    15   2.28377e+08   2.25673e+08   789699    1.18%
  71079 37341   2.25673e+08    15   2.28377e+08   2.25673e+08   789700    1.18%
  71080 37342   2.25673e+08    16   2.28377e+08   2.25673e+08   789701    1.18%
  71081 37343   2.25673e+08    16   2.28377e+08   2.25673e+08   789702    1.18%
  71082 37344   2.25673e+08    16   2.28377e+08   2.25673e+08   789703    1.18%
  71083 37345   2.25673e+08    16   2.28377e+08   2.25673e+08   789704    1.18%
Elapsed time = 35.84 sec. (43146.60 ticks, tree = 28.31 MB, solutions = 24)
  78631 42012   2.25673e+08    17   2.28377e+08   2.25673e+08   848927    1.18%
  78632 42013   2.25673e+08    20   2.28377e+08   2.25673e+08   848941    1.18%
  78633 42014   2.25673e+08    23   2.28377e+08   2.25673e+08   848963    1.18%
  78634 42015   2.25673e+08    22   2.28377e+08   2.25673e+08   848978    1.18%
  78635 42015   2.28164e+08    29   2.28377e+08   2.25673e+08   849004    1.18%
  78636 42014   2.28164e+08    30   2.28377e+08   2.25673e+08   849007    1.18%
  78637 42015   2.25673e+08    17   2.28377e+08   2.25673e+08   849020    1.18%
  78638 42016   2.25673e+08    17   2.28377e+08   2.25673e+08   849022    1.18%
  78639 42017   2.25673e+08    17   2.28377e+08   2.25673e+08   849023    1.18%
  78640 42018   2.25673e+08    19   2.28377e+08   2.25673e+08   849029    1.18%
Elapsed time = 39.05 sec. (46966.42 ticks, tree = 31.84 MB, solutions = 24)
  86344 46235   2.25673e+08    16   2.28377e+08   2.25673e+08   906971    1.18%
  86345 46236   2.25673e+08    17   2.28377e+08   2.25673e+08   906983    1.18%
  86346 46237   2.25673e+08    18   2.28377e+08   2.25673e+08   907007    1.18%
  86347 46238   2.25673e+08    19   2.28377e+08   2.25673e+08   907023    1.18%
  86348 46237        cutoff         2.28377e+08   2.25673e+08   907056    1.18%
  86349 46236        cutoff         2.28377e+08   2.25673e+08   907086    1.18%
  86350 46237   2.25673e+08    25   2.28377e+08   2.25673e+08   907169    1.18%
  86351 46238   2.25673e+08    25   2.28377e+08   2.25673e+08   907171    1.18%
  86352 46239   2.25673e+08    25   2.28377e+08   2.25673e+08   907172    1.18%
  86353 46238        cutoff         2.28377e+08   2.25673e+08   907196    1.18%
Elapsed time = 42.27 sec. (50789.28 ticks, tree = 34.91 MB, solutions = 24)
  94456 51105   2.27484e+08    22   2.28377e+08   2.25673e+08   970974    1.18%
  94457 51104        cutoff         2.28377e+08   2.25673e+08   970978    1.18%
  94458 51103    infeasible         2.28377e+08   2.25673e+08   970980    1.18%
  94459 51104   2.25673e+08    22   2.28377e+08   2.25673e+08   971040    1.18%
  94460 51105   2.25673e+08    18   2.28377e+08   2.25673e+08   971041    1.18%
  94461 51106   2.25673e+08    21   2.28377e+08   2.25673e+08   971045    1.18%
  94462 51107   2.25673e+08    23   2.28377e+08   2.25673e+08   971064    1.18%
  94463 51108   2.27624e+08    22   2.28377e+08   2.25673e+08   971097    1.18%
  94464 51109   2.28224e+08    20   2.28377e+08   2.25673e+08   971098    1.18%
  94465 51109   2.28224e+08    19   2.28377e+08   2.25673e+08   971101    1.18%
Elapsed time = 45.53 sec. (54612.33 ticks, tree = 38.48 MB, solutions = 24)
* 98997+52845                       2.28067e+08   2.25673e+08             1.05%
* 99097+51775                       2.27752e+08   2.25673e+08             0.91%
* 99097+48558                       2.27225e+08   2.25673e+08             0.68%
 101814 50235        cutoff         2.27225e+08   2.25673e+08  1035194    0.68%
 101815 50234        cutoff         2.27225e+08   2.25673e+08  1035210    0.68%
 101816 50235   2.25673e+08    19   2.27225e+08   2.25673e+08  1035233    0.68%
 101817 50236   2.25673e+08    21   2.27225e+08   2.25673e+08  1035254    0.68%
 101818 50237   2.25673e+08    21   2.27225e+08   2.25673e+08  1035295    0.68%
 101819 50238   2.25673e+08    21   2.27225e+08   2.25673e+08  1035309    0.68%
 101820 50239   2.25673e+08    24   2.27225e+08   2.25673e+08  1035343    0.68%
 101821 50240   2.25673e+08    32   2.27225e+08   2.25673e+08  1035359    0.68%
 101822 50241   2.25673e+08    33   2.27225e+08   2.25673e+08  1035360    0.68%
 101823 50242   2.25673e+08    34   2.27225e+08   2.25673e+08  1035361    0.68%
Elapsed time = 48.88 sec. (58433.15 ticks, tree = 37.65 MB, solutions = 27)
 110498 55822   2.25673e+08    16   2.27225e+08   2.25673e+08  1100346    0.68%
 110499 55823   2.25673e+08    16   2.27225e+08   2.25673e+08  1100350    0.68%
 110500 55824   2.25673e+08    17   2.27225e+08   2.25673e+08  1100352    0.68%
 110501 55825   2.25673e+08    16   2.27225e+08   2.25673e+08  1100353    0.68%
 110502 55826   2.25673e+08    18   2.27225e+08   2.25673e+08  1100354    0.68%
 110503 55827   2.25673e+08    21   2.27225e+08   2.25673e+08  1100358    0.68%
 110504 55828   2.25673e+08    18   2.27225e+08   2.25673e+08  1100362    0.68%
 110505 55829   2.25673e+08    18   2.27225e+08   2.25673e+08  1100367    0.68%
 110506 55830   2.25673e+08    21   2.27225e+08   2.25673e+08  1100371    0.68%
 110507 55831   2.25673e+08    21   2.27225e+08   2.25673e+08  1100372    0.68%
Elapsed time = 52.11 sec. (62249.96 ticks, tree = 41.69 MB, solutions = 27)
 119446 61722   2.25673e+08    19   2.27225e+08   2.25673e+08  1167781    0.68%
 119447 61723   2.25673e+08    20   2.27225e+08   2.25673e+08  1167802    0.68%
 119448 61722    infeasible         2.27225e+08   2.25673e+08  1167819    0.68%
 119449 61721        cutoff         2.27225e+08   2.25673e+08  1167847    0.68%
 119450 61720        cutoff         2.27225e+08   2.25673e+08  1167877    0.68%
 119451 61719        cutoff         2.27225e+08   2.25673e+08  1167896    0.68%
 119452 61718        cutoff         2.27225e+08   2.25673e+08  1167910    0.68%
 119453 61717    infeasible         2.27225e+08   2.25673e+08  1167910    0.68%
 119454 61716    infeasible         2.27225e+08   2.25673e+08  1167910    0.68%
 119455 61715        cutoff         2.27225e+08   2.25673e+08  1167941    0.68%
Elapsed time = 55.38 sec. (66071.25 ticks, tree = 45.94 MB, solutions = 27)
 127197 66120   2.26489e+08    23   2.27225e+08   2.25673e+08  1236177    0.68%
 127198 66121   2.25673e+08    21   2.27225e+08   2.25673e+08  1236236    0.68%
 127199 66122   2.25673e+08    19   2.27225e+08   2.25673e+08  1236237    0.68%
 127200 66123   2.26375e+08    23   2.27225e+08   2.25673e+08  1236275    0.68%
 127201 66122    infeasible         2.27225e+08   2.25673e+08  1236287    0.68%
 127202 66121        cutoff         2.27225e+08   2.25673e+08  1236290    0.68%
 127203 66122   2.25673e+08    24   2.27225e+08   2.25673e+08  1236323    0.68%
 127204 66123   2.25673e+08    27   2.27225e+08   2.25673e+08  1236372    0.68%
 127205 66124   2.25673e+08    25   2.27225e+08   2.25673e+08  1236373    0.68%
 127206 66125   2.25673e+08    26   2.27225e+08   2.25673e+08  1236380    0.68%
Elapsed time = 58.64 sec. (69897.02 ticks, tree = 51.18 MB, solutions = 27)
 135318 70563   2.25673e+08    23   2.27225e+08   2.25673e+08  1303661    0.68%
 135319 70564   2.25673e+08    23   2.27225e+08   2.25673e+08  1303662    0.68%
 135320 70565   2.25673e+08    22   2.27225e+08   2.25673e+08  1303663    0.68%
 135321 70566   2.25673e+08    22   2.27225e+08   2.25673e+08  1303668    0.68%
 135322 70567   2.25673e+08    30   2.27225e+08   2.25673e+08  1303686    0.68%
 135323 70568   2.25673e+08    25   2.27225e+08   2.25673e+08  1303689    0.68%
 135324 70569   2.25673e+08    28   2.27225e+08   2.25673e+08  1303694    0.68%
 135325 70570   2.25673e+08    27   2.27225e+08   2.25673e+08  1303695    0.68%
 135326 70571   2.25673e+08    25   2.27225e+08   2.25673e+08  1303700    0.68%
 135327 70572   2.25673e+08    26   2.27225e+08   2.25673e+08  1303701    0.68%
Elapsed time = 61.90 sec. (73714.50 ticks, tree = 54.40 MB, solutions = 27)
 143039 73843        cutoff         2.27225e+08   2.25673e+08  1376582    0.68%
 143040 73844   2.26459e+08    24   2.27225e+08   2.25673e+08  1376604    0.68%
 143041 73843        cutoff         2.27225e+08   2.25673e+08  1376607    0.68%
 143042 73842    infeasible         2.27225e+08   2.25673e+08  1376607    0.68%
 143043 73841    infeasible         2.27225e+08   2.25673e+08  1376608    0.68%
 143044 73842   2.25673e+08    25   2.27225e+08   2.25673e+08  1376654    0.68%
 143045 73841    infeasible         2.27225e+08   2.25673e+08  1376694    0.68%
 143046 73840    infeasible         2.27225e+08   2.25673e+08  1376711    0.68%
 143047 73839        cutoff         2.27225e+08   2.25673e+08  1376738    0.68%
 143048 73838        cutoff         2.27225e+08   2.25673e+08  1376743    0.68%
Elapsed time = 65.21 sec. (77537.18 ticks, tree = 56.76 MB, solutions = 27)
*145897+75036                       2.27208e+08   2.25673e+08             0.68%
 149827 76877   2.25673e+08    26   2.27208e+08   2.25673e+08  1444413    0.68%
 149828 76878   2.25673e+08    27   2.27208e+08   2.25673e+08  1444417    0.68%
 149829 76879   2.25740e+08    25   2.27208e+08   2.25673e+08  1444426    0.68%
 149830 76880   2.25803e+08    25   2.27208e+08   2.25673e+08  1444428    0.68%
 149831 76881   2.25807e+08    25   2.27208e+08   2.25673e+08  1444435    0.68%
 149832 76882   2.25807e+08    27   2.27208e+08   2.25673e+08  1444437    0.68%
 149833 76883   2.25807e+08    25   2.27208e+08   2.25673e+08  1444438    0.68%
 149834 76884   2.25828e+08    25   2.27208e+08   2.25673e+08  1444440    0.68%
 149835 76885   2.25828e+08    26   2.27208e+08   2.25673e+08  1444441    0.68%
 149836 76886   2.26059e+08    26   2.27208e+08   2.25673e+08  1444444    0.68%
Elapsed time = 68.53 sec. (81354.44 ticks, tree = 58.97 MB, solutions = 28)
 157359 81284   2.25673e+08    24   2.27208e+08   2.25673e+08  1519443    0.68%
 157360 81285   2.25673e+08    24   2.27208e+08   2.25673e+08  1519451    0.68%
 157361 81285   2.26091e+08    29   2.27208e+08   2.25673e+08  1519504    0.68%
 157362 81285   2.26424e+08    26   2.27208e+08   2.25673e+08  1519513    0.68%
 157363 81285   2.26564e+08    25   2.27208e+08   2.25673e+08  1519519    0.68%
 157364 81284    infeasible         2.27208e+08   2.25673e+08  1519519    0.68%
 157365 81285   2.25747e+08    21   2.27208e+08   2.25673e+08  1519570    0.68%
 157366 81284        cutoff         2.27208e+08   2.25673e+08  1519589    0.68%
 157367 81283    infeasible         2.27208e+08   2.25673e+08  1519619    0.68%
 157368 81282        cutoff         2.27208e+08   2.25673e+08  1519645    0.68%
Elapsed time = 71.86 sec. (85175.88 ticks, tree = 62.15 MB, solutions = 28)
 165875 86540    infeasible         2.27208e+08   2.25673e+08  1586923    0.68%
 165876 86539    infeasible         2.27208e+08   2.25673e+08  1586923    0.68%
 165877 86538    infeasible         2.27208e+08   2.25673e+08  1586941    0.68%
 165878 86537    infeasible         2.27208e+08   2.25673e+08  1586995    0.68%
 165879 86536    infeasible         2.27208e+08   2.25673e+08  1586995    0.68%
 165880 86537   2.25673e+08    17   2.27208e+08   2.25673e+08  1587001    0.68%
 165881 86538   2.25673e+08    17   2.27208e+08   2.25673e+08  1587010    0.68%
 165882 86539   2.25673e+08    18   2.27208e+08   2.25673e+08  1587011    0.68%
 165883 86540   2.25673e+08    19   2.27208e+08   2.25673e+08  1587017    0.68%
 165884 86541   2.25673e+08    19   2.27208e+08   2.25673e+08  1587024    0.68%
Elapsed time = 75.25 sec. (88995.55 ticks, tree = 65.92 MB, solutions = 28)
*171197+89209                       2.27165e+08   2.25673e+08             0.66%
 174196 90846        cutoff         2.27165e+08   2.25673e+08  1655847    0.66%
 174197 90845        cutoff         2.27165e+08   2.25673e+08  1655858    0.66%
 174198 90844    infeasible         2.27165e+08   2.25673e+08  1655858    0.66%
 174199 90845   2.26522e+08    23   2.27165e+08   2.25673e+08  1655902    0.66%
 174200 90844        cutoff         2.27165e+08   2.25673e+08  1655904    0.66%
 174201 90843    infeasible         2.27165e+08   2.25673e+08  1655904    0.66%
 174202 90842        cutoff         2.27165e+08   2.25673e+08  1655922    0.66%
 174203 90841        cutoff         2.27165e+08   2.25673e+08  1655935    0.66%
 174204 90840        cutoff         2.27165e+08   2.25673e+08  1655945    0.66%
 174205 90839        cutoff         2.27165e+08   2.25673e+08  1655956    0.66%
Elapsed time = 78.51 sec. (92815.08 ticks, tree = 69.12 MB, solutions = 29)
 181985 95717   2.25673e+08    18   2.27165e+08   2.25673e+08  1725796    0.66%
 181986 95718   2.25673e+08    18   2.27165e+08   2.25673e+08  1725797    0.66%
 181987 95717    infeasible         2.27165e+08   2.25673e+08  1725894    0.66%
 181988 95716        cutoff         2.27165e+08   2.25673e+08  1725931    0.66%
 181989 95715        cutoff         2.27165e+08   2.25673e+08  1725946    0.66%
 181990 95716   2.25673e+08    19   2.27165e+08   2.25673e+08  1726025    0.66%
 181991 95717   2.25673e+08    20   2.27165e+08   2.25673e+08  1726033    0.66%
 181992 95718   2.25673e+08    20   2.27165e+08   2.25673e+08  1726036    0.66%
 181993 95719   2.25673e+08    18   2.27165e+08   2.25673e+08  1726048    0.66%
 181994 95720   2.25673e+08    18   2.27165e+08   2.25673e+08  1726052    0.66%
Elapsed time = 81.81 sec. (96636.84 ticks, tree = 72.72 MB, solutions = 29)
 189917 100373   2.25730e+08    28   2.27165e+08   2.25673e+08  1794137    0.66%
 189918 100374   2.25730e+08    28   2.27165e+08   2.25673e+08  1794138    0.66%
 189919 100375   2.25730e+08    26   2.27165e+08   2.25673e+08  1794139    0.66%
 189920 100376   2.25730e+08    25   2.27165e+08   2.25673e+08  1794141    0.66%
 189921 100377   2.25730e+08    26   2.27165e+08   2.25673e+08  1794148    0.66%
 189922 100378   2.25730e+08    26   2.27165e+08   2.25673e+08  1794152    0.66%
 189923 100379   2.25730e+08    26   2.27165e+08   2.25673e+08  1794154    0.66%
 189924 100380   2.25730e+08    26   2.27165e+08   2.25673e+08  1794155    0.66%
 189925 100381   2.25730e+08    25   2.27165e+08   2.25673e+08  1794156    0.66%
 189926 100382   2.25730e+08    25   2.27165e+08   2.25673e+08  1794157    0.66%
Elapsed time = 85.07 sec. (100454.32 ticks, tree = 76.15 MB, solutions = 29)
 197366 103840   2.26324e+08    18   2.27165e+08   2.25673e+08  1858820    0.66%
 197367 103839        cutoff         2.27165e+08   2.25673e+08  1858822    0.66%
 197368 103838        cutoff         2.27165e+08   2.25673e+08  1858827    0.66%
 197369 103837        cutoff         2.27165e+08   2.25673e+08  1858838    0.66%
 197370 103836        cutoff         2.27165e+08   2.25673e+08  1858843    0.66%
 197371 103835        cutoff         2.27165e+08   2.25673e+08  1858850    0.66%
 197372 103834        cutoff         2.27165e+08   2.25673e+08  1858906    0.66%
 197373 103833        cutoff         2.27165e+08   2.25673e+08  1858922    0.66%
 197374 103834   2.25730e+08    24   2.27165e+08   2.25673e+08  1858938    0.66%
 197375 103835   2.25730e+08    24   2.27165e+08   2.25673e+08  1858940    0.66%
Elapsed time = 88.37 sec. (104276.72 ticks, tree = 78.75 MB, solutions = 29)
*202097+106035                       2.27095e+08   2.25673e+08             0.63%
 202997 106698   2.25673e+08    17   2.27095e+08   2.25673e+08  1900174    0.63%
 202998 106699   2.25673e+08    17   2.27095e+08   2.25673e+08  1900176    0.63%
 202999 106700   2.25730e+08    24   2.27095e+08   2.25673e+08  1900178    0.63%
 203000 106701   2.25730e+08    23   2.27095e+08   2.25673e+08  1900184    0.63%
 203001 106702   2.25730e+08    22   2.27095e+08   2.25673e+08  1900192    0.63%
 203002 106703   2.25730e+08    22   2.27095e+08   2.25673e+08  1900193    0.63%
 203003 106704   2.25730e+08    25   2.27095e+08   2.25673e+08  1900196    0.63%
 203004 106705   2.25730e+08    23   2.27095e+08   2.25673e+08  1900198    0.63%
 203005 106706   2.25730e+08    27   2.27095e+08   2.25673e+08  1900204    0.63%
 203006 106707   2.25730e+08    27   2.27095e+08   2.25673e+08  1900205    0.63%
Elapsed time = 91.68 sec. (108252.15 ticks, tree = 80.84 MB, solutions = 30)
 208744 110833   2.25673e+08    18   2.27095e+08   2.25673e+08  1944923    0.63%
 208745 110834   2.25673e+08    16   2.27095e+08   2.25673e+08  1944939    0.63%
 208746 110835   2.25673e+08    14   2.27095e+08   2.25673e+08  1944945    0.63%
 208747 110836   2.25673e+08    14   2.27095e+08   2.25673e+08  1944946    0.63%
 208748 110837   2.25673e+08    14   2.27095e+08   2.25673e+08  1944948    0.63%
 208749 110838   2.25673e+08    15   2.27095e+08   2.25673e+08  1944956    0.63%
 208750 110839   2.25673e+08    14   2.27095e+08   2.25673e+08  1944958    0.63%
 208751 110839   2.26440e+08    25   2.27095e+08   2.25673e+08  1944972    0.63%
 208752 110840   2.26790e+08    22   2.27095e+08   2.25673e+08  1944973    0.63%
 208753 110841   2.26790e+08    23   2.27095e+08   2.25673e+08  1944978    0.63%
Elapsed time = 94.87 sec. (112069.67 ticks, tree = 83.88 MB, solutions = 30)
 216135 113917        cutoff         2.27095e+08   2.25673e+08  2014914    0.63%
 216136 113916        cutoff         2.27095e+08   2.25673e+08  2014921    0.63%
 216137 113917   2.26610e+08    26   2.27095e+08   2.25673e+08  2015016    0.63%
 216138 113916        cutoff         2.27095e+08   2.25673e+08  2015022    0.63%
 216139 113915    infeasible         2.27095e+08   2.25673e+08  2015022    0.63%
 216140 113914        cutoff         2.27095e+08   2.25673e+08  2015045    0.63%
 216141 113913    infeasible         2.27095e+08   2.25673e+08  2015081    0.63%
 216142 113912        cutoff         2.27095e+08   2.25673e+08  2015122    0.63%
 216143 113911        cutoff         2.27095e+08   2.25673e+08  2015156    0.63%
 216144 113912   2.25673e+08    23   2.27095e+08   2.25673e+08  2015245    0.63%
Elapsed time = 98.18 sec. (115895.55 ticks, tree = 86.24 MB, solutions = 30)

Cover cuts applied:  462
Mixed integer rounding cuts applied:  7
Gomory fractional cuts applied:  8

Root node processing (before b&c):
  Real time             =    0.06 sec. (61.73 ticks)
Sequential b&c:
  Real time             =   99.94 sec. (117945.16 ticks)
                          ------------
Total (root+branch&cut) =  100.00 sec. (118006.89 ticks)

Solution pool: 30 solutions saved.

MIP - Time limit exceeded, integer feasible:  Objective =  2.2709523400e+08
Current MIP best bound =  2.2567326400e+08 (gap = 1.42197e+06, 0.63%)
Solution time =  100.00 sec.  Iterations = 2054601  Nodes = 219942 (115491)
Deterministic time = 118006.90 ticks  (1180.07 ticks/sec)


Incumbent solution written to file '/tmp/tmpe40sdV.cplex.sol'.
