Found incumbent of value 11746.000000 after 0.00 sec. (0.02 ticks)
Tried aggregator 2 times.
Aggregator did 5 substitutions.
Reduced MIP has 35 rows, 151 columns, and 305 nonzeros.
Reduced MIP has 150 binaries, 0 generals, 0 SOSs, and 0 indicators.
Presolve time = 0.00 sec. (0.37 ticks)
Probing time = 0.00 sec. (0.12 ticks)
Cover probing fixed 0 vars, tightened 1 bounds.
Tried aggregator 1 time.
Reduced MIP has 35 rows, 151 columns, and 305 nonzeros.
Reduced MIP has 150 binaries, 1 generals, 0 SOSs, and 0 indicators.
Presolve time = 0.00 sec. (0.22 ticks)
Probing time = 0.00 sec. (0.08 ticks)
Clique table members: 30.
MIP emphasis: balance optimality and feasibility.
MIP search method: dynamic search.
Parallel mode: none, using 1 thread.
Root relaxation solution time = 0.00 sec. (0.23 ticks)

        Nodes                                         Cuts/
   Node  Left     Objective  IInf  Best Integer    Best Bound    ItCnt     Gap

*     0+    0                        11746.0000      989.0000            91.58%
      0     0     2349.2000     9    11746.0000     2349.2000       36   80.00%
*     0+    0                         2494.0000     2349.2000             5.81%
      0     0     2350.0000    10     2494.0000       Cuts: 7       46    5.77%
      0     0     2350.0000     9     2494.0000      Cuts: 15       66    5.77%
      0     0     2350.0000    12     2494.0000      Cuts: 13       84    5.77%
*     0+    0                         2469.0000     2350.0000             4.82%
*     0+    0                         2463.0000     2350.0000             4.59%
      0     2     2350.0000     8     2463.0000     2350.0000       89    4.59%
Elapsed time = 0.01 sec. (7.72 ticks, tree = 0.01 MB, solutions = 4)
*    20+   20                         2452.0000     2350.0000             4.16%
*    30+   30                         2430.0000     2350.0000             3.29%
*    40+   35                         2392.0000     2350.0000             1.76%
*    70+   61                         2377.0000     2350.0000             1.14%
*    80+   69                         2361.0000     2350.0000             0.47%
*    87    76      integral     0     2360.0000     2350.0000      407    0.42%
*    95    78      integral     0     2357.0000     2350.0000      419    0.30%
*   183   137      integral     0     2356.0000     2350.0000      594    0.25%
*   275   216      integral     0     2355.0000     2350.0000      774    0.21%
*   579   398      integral     0     2354.0000     2350.0000     1382    0.17%
*   596   369      integral     0     2353.0000     2350.0000     1418    0.13%
*   689   325      integral     0     2351.0000     2350.0000     1585    0.04%
*   850+    0                         2350.0000     2350.0000             0.00%

Zero-half cuts applied:  2

Root node processing (before b&c):
  Real time             =    0.01 sec. (7.73 ticks)
Sequential b&c:
  Real time             =    0.05 sec. (35.56 ticks)
                          ------------
Total (root+branch&cut) =    0.07 sec. (43.29 ticks)

Populate: phase II 
Tried aggregator 2 times.
Aggregator did 5 substitutions.
Reduced MIP has 35 rows, 151 columns, and 305 nonzeros.
Reduced MIP has 150 binaries, 0 generals, 0 SOSs, and 0 indicators.
Presolve time = 0.00 sec. (0.37 ticks)
Probing time = 0.00 sec. (0.12 ticks)
Cover probing fixed 0 vars, tightened 1 bounds.
Clique table members: 30.
MIP emphasis: balance optimality and feasibility.
MIP search method: dynamic search.
Parallel mode: none, using 1 thread.
Root relaxation solution time = 0.00 sec. (0.23 ticks)

        Nodes                                         Cuts/
   Node  Left     Objective  IInf  Best Integer    Best Bound    ItCnt     Gap

*     0+    0                         2350.0000        0.0000           100.00%
      0     0     2349.2000     9     2350.0000     2349.2000       36    0.03%
      0     2     2350.0000     8     2350.0000     2350.0000       36    0.00%
Elapsed time = 0.02 sec. (9.34 ticks, tree = 0.01 MB, solutions = 34)
     13    15     2350.0000     8     2350.0000     2350.0000       96    0.00%
     14    16     2350.0000     8     2350.0000     2350.0000       98    0.00%
     15    17     2350.0000     6     2350.0000     2350.0000      108    0.00%
     16    18     2350.0000     8     2350.0000     2350.0000      114    0.00%
     17    19     2350.0000     8     2350.0000     2350.0000      115    0.00%
     18    20     2350.0000     7     2350.0000     2350.0000      122    0.00%
     19    21     2350.0000     8     2350.0000     2350.0000      125    0.00%
     20    22     2350.0000     7     2350.0000     2350.0000      131    0.00%
     21    23     2582.0000     2     2350.0000     2350.0000      135    0.00%
   1517  1519     2350.0000     8     2350.0000     2350.0000      239    0.00%
Elapsed time = 1.78 sec. (985.87 ticks, tree = 0.60 MB, solutions = 1642)

Root node processing (before b&c):
  Real time             =    0.25 sec. (11.48 ticks)
Sequential b&c:
  Real time             =    2.67 sec. (1460.42 ticks)
                          ------------
Total (root+branch&cut) =    2.93 sec. (1471.90 ticks)
