Found incumbent of value 5040117.000000 after 0.00 sec. (0.81 ticks)
Tried aggregator 2 times.
Aggregator did 20 substitutions.
Reduced MIP has 520 rows, 10001 columns, and 20020 nonzeros.
Reduced MIP has 10000 binaries, 0 generals, 0 SOSs, and 0 indicators.
Presolve time = 0.02 sec. (17.20 ticks)
Tried aggregator 1 time.
Reduced MIP has 520 rows, 10001 columns, and 20020 nonzeros.
Reduced MIP has 10000 binaries, 1 generals, 0 SOSs, and 0 indicators.
Presolve time = 0.01 sec. (10.65 ticks)
Probing time = 0.00 sec. (2.98 ticks)
Clique table members: 500.
MIP emphasis: balance optimality and feasibility.
MIP search method: dynamic search.
Parallel mode: none, using 1 thread.
Root relaxation solution time = 0.03 sec. (44.57 ticks)

        Nodes                                         Cuts/
   Node  Left     Objective  IInf  Best Integer    Best Bound    ItCnt     Gap

*     0+    0                      5040117.0000        0.0000           100.00%
      0     0   252005.8500    39  5040117.0000   252005.8500      463   95.00%
*     0+    0                       263768.0000   252005.8500             4.46%
      0     0   252006.0000    36   263768.0000      Fract: 8      489    4.46%
*     0+    0                       262731.0000   252006.0000             4.08%
      0     0   252006.0000    43   262731.0000      Cuts: 42      561    4.08%
*     0+    0                       260435.0000   252006.0000             3.24%
      0     0   252006.0000    43   260435.0000      Cuts: 14      614    3.24%
*     0+    0                       258448.0000   252006.0000             2.49%
*     0+    0                       257265.0000   252006.0000             2.04%
*     0+    0                       257164.0000   252006.0000             2.01%
*     0+    0                       256909.0000   252006.0000             1.91%
*     0+    0                       256194.0000   252006.0000             1.63%
*     0+    0                       254440.0000   252006.0000             0.96%
*     0+    0                       254233.0000   252006.0000             0.88%
      0     2   252006.0000    38   254233.0000   252006.0000      615    0.88%
Elapsed time = 0.81 sec. (1077.59 ticks, tree = 0.01 MB, solutions = 11)
     40    42   252006.0000    34   254233.0000   252006.0000      890    0.88%
     41    43   252006.0000    39   254233.0000   252006.0000      907    0.88%
     42    44   252006.0000    37   254233.0000   252006.0000      921    0.88%
     43    45   252006.0000    37   254233.0000   252006.0000      927    0.88%
     44    46   252006.0000    36   254233.0000   252006.0000      937    0.88%
     45    47   252006.0000    35   254233.0000   252006.0000      945    0.88%
     46    48   252006.0000    36   254233.0000   252006.0000      958    0.88%
     47    49   252006.0000    34   254233.0000   252006.0000      969    0.88%
     48    50   252006.0000    33   254233.0000   252006.0000      978    0.88%
    280   282   252006.0000    33   254233.0000   252006.0000     2741    0.88%
Elapsed time = 1.46 sec. (2039.19 ticks, tree = 2.93 MB, solutions = 11)
*   480+  480                       253747.0000   252006.0000             0.69%
*   591+  591                       253617.0000   252006.0000             0.64%
*   591+  591                       253581.0000   252006.0000             0.62%
*   591+  591                       253548.0000   252006.0000             0.61%
*   591+  589                       253415.0000   252006.0000             0.56%
*   591+  589                       253390.0000   252006.0000             0.55%
*   591+  587                       253305.0000   252006.0000             0.51%
*   591+  585                       253068.0000   252006.0000             0.42%
    591   587   252006.0000    32   253068.0000   252006.0000     4361    0.42%
    592   588   252006.0000    32   253068.0000   252006.0000     4384    0.42%
*   593+  392                       252927.0000   252006.0000             0.36%
*   593+  261                       252751.0000   252006.0000             0.29%
*   593+  173                       252591.0000   252006.0000             0.23%
*   593+  114                       252558.0000   252006.0000             0.22%
*   593+   76                       252532.0000   252006.0000             0.21%
    593    77   252006.0000    30   252532.0000   252006.0000     4939    0.21%
    594    78   252006.0000    33   252532.0000   252006.0000     4946    0.21%
    595    78   252006.0000    34   252532.0000   252006.0000     4953    0.21%
    596    79   252006.0000    33   252532.0000   252006.0000     4957    0.21%
    597    79   252006.0000    33   252532.0000   252006.0000     4960    0.21%
    598    80   252006.0000    34   252532.0000   252006.0000     4967    0.21%
    599    81   252006.0000    33   252532.0000   252006.0000     4975    0.21%
    600    81   252006.0000    33   252532.0000   252006.0000     4979    0.21%
Elapsed time = 3.27 sec. (4498.32 ticks, tree = 0.84 MB, solutions = 24)
    693   134   252006.0000    29   252532.0000   252006.0000     5678    0.21%
    694   135   252006.0000    28   252532.0000   252006.0000     5687    0.21%
    695   136   252006.0000    28   252532.0000   252006.0000     5697    0.21%
    696   136   252006.0000    27   252532.0000   252006.0000     5704    0.21%
    697   137   252006.0000    28   252532.0000   252006.0000     5711    0.21%
    698   137   252006.0000    27   252532.0000   252006.0000     5717    0.21%
    699   138   252006.0000    27   252532.0000   252006.0000     5723    0.21%
    700   138   252006.0000    27   252532.0000   252006.0000     5727    0.21%
    701   139   252006.0000    28   252532.0000   252006.0000     5730    0.21%
    702   139   252006.0000    28   252532.0000   252006.0000     5731    0.21%
Elapsed time = 4.04 sec. (5678.03 ticks, tree = 1.40 MB, solutions = 24)
    807   216   252006.0000    30   252532.0000   252006.0000     6629    0.21%
    808   217   252006.0000    29   252532.0000   252006.0000     6638    0.21%
    809   218   252006.0000    29   252532.0000   252006.0000     6647    0.21%
    810   219   252006.0000    28   252532.0000   252006.0000     6651    0.21%
    811   220   252006.0000    29   252532.0000   252006.0000     6658    0.21%
    812   221   252006.0000    28   252532.0000   252006.0000     6669    0.21%
    813   222   252006.0000    29   252532.0000   252006.0000     6687    0.21%
    814   223   252006.0000    28   252532.0000   252006.0000     6690    0.21%
    815   224   252006.0000    28   252532.0000   252006.0000     6694    0.21%
    816   225   252006.0000    28   252532.0000   252006.0000     6700    0.21%
Elapsed time = 4.73 sec. (6739.86 ticks, tree = 2.33 MB, solutions = 24)
    915   324   252006.0000    31   252532.0000   252006.0000     7509    0.21%
    916   325   252006.0000    31   252532.0000   252006.0000     7513    0.21%
    917   326   252006.0000    30   252532.0000   252006.0000     7517    0.21%
    918   327   252006.0000    30   252532.0000   252006.0000     7518    0.21%
    919   328   252006.0000    30   252532.0000   252006.0000     7520    0.21%
    920   329   252006.0000    30   252532.0000   252006.0000     7523    0.21%
    921   330   252006.0000    29   252532.0000   252006.0000     7528    0.21%
    922   331   252006.0000    29   252532.0000   252006.0000     7529    0.21%
    923   332   252006.0000    30   252532.0000   252006.0000     7534    0.21%
    924   333   252006.0000    30   252532.0000   252006.0000     7540    0.21%
Elapsed time = 5.43 sec. (7734.78 ticks, tree = 3.55 MB, solutions = 24)
   1093   501   252007.0000    28   252532.0000   252006.0000     8355    0.21%
   1094   502   252007.0000    26   252532.0000   252006.0000     8363    0.21%
   1095   503   252007.0000    27   252532.0000   252006.0000     8369    0.21%
   1096   504   252007.0000    26   252532.0000   252006.0000     8371    0.21%
   1097   505   252007.0000    30   252532.0000   252006.0000     8385    0.21%
   1098   506   252007.0000    31   252532.0000   252006.0000     8394    0.21%
   1099   507   252007.0000    30   252532.0000   252006.0000     8395    0.21%
   1100   508   252007.0000    30   252532.0000   252006.0000     8402    0.21%
   1101   509   252007.0000    30   252532.0000   252006.0000     8405    0.21%
   1102   510   252007.0000    31   252532.0000   252006.0000     8410    0.21%
Elapsed time = 6.15 sec. (8765.12 ticks, tree = 5.62 MB, solutions = 24)
   1304   712   252007.0000    25   252532.0000   252006.0000     9152    0.21%
   1305   713   252007.0000    26   252532.0000   252006.0000     9155    0.21%
   1306   714   252007.0000    26   252532.0000   252006.0000     9160    0.21%
   1307   715   252007.0000    26   252532.0000   252006.0000     9162    0.21%
   1308   716   252007.0000    27   252532.0000   252006.0000     9167    0.21%
   1309   717   252007.0000    27   252532.0000   252006.0000     9169    0.21%
   1310   718   252007.0000    27   252532.0000   252006.0000     9174    0.21%
   1311   719   252007.0000    27   252532.0000   252006.0000     9181    0.21%
   1312   720   252007.0000    26   252532.0000   252006.0000     9187    0.21%
*  1313+  719                       252530.0000   252006.0000             0.21%
   1313   721   252007.0000    26   252530.0000   252006.0000     9194    0.21%
Elapsed time = 6.79 sec. (9786.70 ticks, tree = 8.17 MB, solutions = 25)
*  1343+  747                       252498.0000   252006.0000             0.19%
*  1363+  766                       252430.0000   252006.0000             0.17%
*  1383+  785                       252416.0000   252006.0000             0.16%
*  1393+  791                       252251.0000   252006.0000             0.10%
*  1413+  811                       252230.0000   252006.0000             0.09%
*  1463+  859                       252207.0000   252006.0000             0.08%
*  1503+  899                       252195.0000   252006.0000             0.07%
   1513   911   252007.0000    27   252195.0000   252006.0000    10003    0.07%
   1514   912   252007.0000    28   252195.0000   252006.0000    10005    0.07%
   1515   913   252007.0000    27   252195.0000   252006.0000    10009    0.07%
   1516   914   252007.0000    27   252195.0000   252006.0000    10011    0.07%
   1517   915   252007.0000    28   252195.0000   252006.0000    10012    0.07%
   1518   916   252087.0000    17   252195.0000   252006.0000    10023    0.07%
   1519   917   252007.0000    27   252195.0000   252006.0000    10025    0.07%
   1520   918   252007.0000    25   252195.0000   252006.0000    10033    0.07%
   1521   919   252007.0000    26   252195.0000   252006.0000    10039    0.07%
   1522   920   252007.0000    26   252195.0000   252006.0000    10042    0.07%
Elapsed time = 7.36 sec. (10791.20 ticks, tree = 10.63 MB, solutions = 32)
*  1593+  979                       252150.0000   252006.0000             0.06%
*  1623+ 1004                       252131.0000   252006.0000             0.05%
*  1653+ 1024                       252106.0000   252006.0000             0.04%
   1726  1086   252006.0000    27   252106.0000   252006.0000    11006    0.04%
   1727  1087   252006.0000    27   252106.0000   252006.0000    11009    0.04%
   1728  1088   252006.0000    27   252106.0000   252006.0000    11012    0.04%
   1729  1089   252006.0000    27   252106.0000   252006.0000    11015    0.04%
   1730  1090   252006.0000    27   252106.0000   252006.0000    11018    0.04%
   1731  1091   252006.0000    27   252106.0000   252006.0000    11021    0.04%
   1732  1092   252006.0000    27   252106.0000   252006.0000    11042    0.04%
   1733  1093   252006.0000    26   252106.0000   252006.0000    11052    0.04%
   1734  1094   252006.0000    28   252106.0000   252006.0000    11058    0.04%
   1735  1095   252006.0000    28   252106.0000   252006.0000    11062    0.04%
Elapsed time = 7.97 sec. (11790.53 ticks, tree = 12.80 MB, solutions = 35)
*  1753+ 1087                       252074.0000   252006.0000             0.03%
   1902  1238   252006.0000    31   252074.0000   252006.0000    12347    0.03%
   1903  1239   252006.0000    31   252074.0000   252006.0000    12356    0.03%
   1904  1240   252006.0000    29   252074.0000   252006.0000    12380    0.03%
   1905  1241   252006.0000    30   252074.0000   252006.0000    12382    0.03%
   1906  1242   252006.0000    29   252074.0000   252006.0000    12386    0.03%
   1907  1243   252006.0000    32   252074.0000   252006.0000    12393    0.03%
   1908  1244   252006.0000    30   252074.0000   252006.0000    12403    0.03%
   1909  1245   252006.0000    30   252074.0000   252006.0000    12411    0.03%
   1910  1246   252006.0000    30   252074.0000   252006.0000    12416    0.03%
*  2233+ 1560                       252060.0000   252006.0000             0.02%
*  2243+ 1570                       252058.0000   252006.0000             0.02%
   2650  1944   252006.0000    27   252058.0000   252006.0000    16636    0.02%
Elapsed time = 10.38 sec. (15611.62 ticks, tree = 22.97 MB, solutions = 38)
   4005  3299   252006.0000    25   252058.0000   252006.0000    26464    0.02%
   4006  3300   252006.0000    25   252058.0000   252006.0000    26466    0.02%
   4007  3301   252006.0000    24   252058.0000   252006.0000    26470    0.02%
   4008  3302   252006.0000    24   252058.0000   252006.0000    26473    0.02%
   4009  3303   252006.0000    25   252058.0000   252006.0000    26475    0.02%
   4010  3304   252006.0000    24   252058.0000   252006.0000    26478    0.02%
   4011  3305   252006.0000    24   252058.0000   252006.0000    26479    0.02%
   4012  3306   252006.0000    26   252058.0000   252006.0000    26485    0.02%
   4013  3307   252006.0000    25   252058.0000   252006.0000    26488    0.02%
   4014  3308   252006.0000    26   252058.0000   252006.0000    26492    0.02%
Elapsed time = 12.93 sec. (19448.63 ticks, tree = 38.72 MB, solutions = 38)
   5815  5107   252006.0000    27   252058.0000   252006.0000    39260    0.02%
   5816  5108   252006.0000    27   252058.0000   252006.0000    39270    0.02%
   5817  5109   252006.0000    32   252058.0000   252006.0000    39290    0.02%
   5818  5110   252006.0000    31   252058.0000   252006.0000    39295    0.02%
   5819  5111   252006.0000    28   252058.0000   252006.0000    39305    0.02%
   5820  5112   252006.0000    28   252058.0000   252006.0000    39312    0.02%
   5821  5113   252006.0000    29   252058.0000   252006.0000    39324    0.02%
   5822  5114   252006.0000    29   252058.0000   252006.0000    39335    0.02%
   5823  5115   252006.0000    29   252058.0000   252006.0000    39339    0.02%
   5824  5116   252006.0000    29   252058.0000   252006.0000    39345    0.02%
Elapsed time = 15.34 sec. (23280.87 ticks, tree = 60.28 MB, solutions = 38)
   7974  7261   252006.0000    32   252058.0000   252006.0000    53916    0.02%
   7975  7262   252006.0000    32   252058.0000   252006.0000    53918    0.02%
   7976  7263   252006.0000    31   252058.0000   252006.0000    53921    0.02%
   7977  7264   252006.0000    31   252058.0000   252006.0000    53922    0.02%
   7978  7265   252006.0000    30   252058.0000   252006.0000    53924    0.02%
   7979  7266   252006.0000    29   252058.0000   252006.0000    53933    0.02%
   7980  7267   252006.0000    28   252058.0000   252006.0000    53940    0.02%
   7981  7268   252006.0000    30   252058.0000   252006.0000    53965    0.02%
   7982  7269   252006.0000    30   252058.0000   252006.0000    53977    0.02%
   7983  7270   252006.0000    30   252058.0000   252006.0000    53984    0.02%
Elapsed time = 17.77 sec. (27117.02 ticks, tree = 86.00 MB, solutions = 38)
*  9393+ 8513                       252056.0000   252006.0000             0.02%
  10158  9279   252026.0000    29   252056.0000   252006.0000    67762    0.02%
  10159  9280   252026.0000    29   252056.0000   252006.0000    67763    0.02%
  10160  9281   252026.0000    29   252056.0000   252006.0000    67764    0.02%
  10161  9282   252026.0000    29   252056.0000   252006.0000    67767    0.02%
  10162  9283   252026.0000    29   252056.0000   252006.0000    67768    0.02%
  10163  9284   252026.0000    30   252056.0000   252006.0000    67774    0.02%
  10164  9285   252026.0000    30   252056.0000   252006.0000    67775    0.02%
  10165  9286   252026.0000    28   252056.0000   252006.0000    67783    0.02%
  10166  9287   252026.0000    28   252056.0000   252006.0000    67784    0.02%
  10167  9288   252026.0000    28   252056.0000   252006.0000    67796    0.02%
Elapsed time = 20.17 sec. (30943.99 ticks, tree = 110.38 MB, solutions = 39)
  11266 10361   252006.0000    28   252056.0000   252006.0000    74748    0.02%
  11267 10362   252006.0000    28   252056.0000   252006.0000    74750    0.02%
  11268 10363   252006.0000    30   252056.0000   252006.0000    74758    0.02%
  11269 10364   252043.0000    27   252056.0000   252006.0000    74764    0.02%
  11270 10365   252043.0000    27   252056.0000   252006.0000    74768    0.02%
  11271 10366   252043.0000    24   252056.0000   252006.0000    74772    0.02%
  11272 10367   252043.0000    24   252056.0000   252006.0000    74773    0.02%
  11273 10368   252043.0000    23   252056.0000   252006.0000    74779    0.02%
  11274 10369   252043.0000    23   252056.0000   252006.0000    74790    0.02%
  11275 10370   252043.0000    24   252056.0000   252006.0000    74796    0.02%
Elapsed time = 22.84 sec. (34774.57 ticks, tree = 123.44 MB, solutions = 39)
  13598 12691   252006.0000    29   252056.0000   252006.0000    90981    0.02%
  13599 12692   252006.0000    29   252056.0000   252006.0000    90982    0.02%
  13600 12693   252006.0000    28   252056.0000   252006.0000    90988    0.02%
  13601 12694   252006.0000    28   252056.0000   252006.0000    90998    0.02%
  13602 12695   252006.0000    29   252056.0000   252006.0000    91006    0.02%
  13603 12696   252006.0000    29   252056.0000   252006.0000    91016    0.02%
  13604 12697   252006.0000    29   252056.0000   252006.0000    91026    0.02%
  13605 12698   252006.0000    29   252056.0000   252006.0000    91031    0.02%
  13606 12699   252006.0000    28   252056.0000   252006.0000    91040    0.02%
  13607 12700   252006.0000    29   252056.0000   252006.0000    91050    0.02%
Elapsed time = 25.25 sec. (38607.49 ticks, tree = 151.30 MB, solutions = 39)
  15885 14974   252007.0000    27   252056.0000   252006.0000   106326    0.02%
  15886 14975   252007.0000    26   252056.0000   252006.0000   106329    0.02%
  15887 14976   252007.0000    29   252056.0000   252006.0000   106347    0.02%
  15888 14977   252007.0000    27   252056.0000   252006.0000   106355    0.02%
  15889 14978   252007.0000    27   252056.0000   252006.0000   106357    0.02%
  15890 14979   252007.0000    26   252056.0000   252006.0000   106363    0.02%
  15891 14980   252007.0000    27   252056.0000   252006.0000   106374    0.02%
  15892 14981   252007.0000    27   252056.0000   252006.0000   106378    0.02%
  15893 14982   252007.0000    26   252056.0000   252006.0000   106382    0.02%
  15894 14983   252007.0000    26   252056.0000   252006.0000   106384    0.02%
Elapsed time = 27.72 sec. (42435.79 ticks, tree = 178.61 MB, solutions = 39)
  18221 17299   252006.0000    31   252056.0000   252006.0000   121478    0.02%
  18222 17300   252006.0000    30   252056.0000   252006.0000   121490    0.02%
  18223 17301   252006.0000    31   252056.0000   252006.0000   121499    0.02%
  18224 17302   252006.0000    31   252056.0000   252006.0000   121501    0.02%
  18225 17303   252006.0000    30   252056.0000   252006.0000   121503    0.02%
  18226 17304   252006.0000    30   252056.0000   252006.0000   121506    0.02%
  18227 17305   252006.0000    29   252056.0000   252006.0000   121516    0.02%
  18228 17306   252006.0000    29   252056.0000   252006.0000   121523    0.02%
  18229 17307   252006.0000    28   252056.0000   252006.0000   121526    0.02%
  18230 17308   252006.0000    29   252056.0000   252006.0000   121533    0.02%
Elapsed time = 30.15 sec. (46266.11 ticks, tree = 206.92 MB, solutions = 39)
  20530 19603   252006.0000    25   252056.0000   252006.0000   135640    0.02%
  20531 19604   252006.0000    25   252056.0000   252006.0000   135646    0.02%
  20532 19605   252006.0000    25   252056.0000   252006.0000   135659    0.02%
  20533 19606   252006.0000    24   252056.0000   252006.0000   135666    0.02%
  20534 19607   252006.0000    25   252056.0000   252006.0000   135670    0.02%
  20535 19608   252006.0000    25   252056.0000   252006.0000   135682    0.02%
  20536 19609   252006.0000    26   252056.0000   252006.0000   135690    0.02%
  20537 19610   252006.0000    25   252056.0000   252006.0000   135695    0.02%
  20538 19611   252006.0000    25   252056.0000   252006.0000   135697    0.02%
  20539 19612   252006.0000    25   252056.0000   252006.0000   135703    0.02%
Elapsed time = 32.51 sec. (50095.69 ticks, tree = 234.82 MB, solutions = 39)
* 20993+19868                       252055.0000   252006.0000             0.02%
* 21393+19819                       252053.0000   252006.0000             0.02%
  22709 21131   252052.0000    18   252053.0000   252006.0000   147670    0.02%
  22710 21132   252052.0000    18   252053.0000   252006.0000   147672    0.02%
  22711 21133   252052.0000    20   252053.0000   252006.0000   147679    0.02%
  22712 21134   252052.0000    18   252053.0000   252006.0000   147681    0.02%
  22713 21135   252052.0000    16   252053.0000   252006.0000   147682    0.02%
  22714 21136   252052.0000    14   252053.0000   252006.0000   147685    0.02%
  22715 21137   252052.0000    14   252053.0000   252006.0000   147691    0.02%
  22716 21138   252052.0000    14   252053.0000   252006.0000   147694    0.02%
  22717 21139   252052.0000    14   252053.0000   252006.0000   147701    0.02%
  22718 21140   252052.0000    15   252053.0000   252006.0000   147707    0.02%
Elapsed time = 34.84 sec. (53922.51 ticks, tree = 253.46 MB, solutions = 41)
* 23793+21663                       252048.0000   252006.0000             0.02%
  25188 23055   252022.0000    21   252048.0000   252006.0000   160893    0.02%
  25189 23056   252022.0000    21   252048.0000   252006.0000   160894    0.02%
  25190 23057   252022.0000    20   252048.0000   252006.0000   160900    0.02%
  25191 23058   252022.0000    20   252048.0000   252006.0000   160904    0.02%
  25192 23059   252022.0000    20   252048.0000   252006.0000   160906    0.02%
  25193 23060   252022.0000    20   252048.0000   252006.0000   160908    0.02%
  25194 23061   252022.0000    20   252048.0000   252006.0000   160910    0.02%
  25195 23062   252006.0000    21   252048.0000   252006.0000   160912    0.02%
  25196 23063   252006.0000    22   252048.0000   252006.0000   160926    0.02%
  25197 23064   252006.0000    24   252048.0000   252006.0000   160944    0.02%
Elapsed time = 37.10 sec. (57752.16 ticks, tree = 276.96 MB, solutions = 42)
* 25793+23240                       252046.0000   252006.0000             0.02%
  27638 25068   252037.0000    20   252046.0000   252006.0000   173775    0.02%
  27639 25069   252037.0000    24   252046.0000   252006.0000   173785    0.02%
  27640 25070   252037.0000    27   252046.0000   252006.0000   173796    0.02%
  27641 25071   252037.0000    26   252046.0000   252006.0000   173798    0.02%
  27642 25072   252037.0000    24   252046.0000   252006.0000   173802    0.02%
  27643 25073   252037.0000    24   252046.0000   252006.0000   173804    0.02%
  27644 25074   252037.0000    25   252046.0000   252006.0000   173807    0.02%
  27645 25075   252037.0000    23   252046.0000   252006.0000   173815    0.02%
  27646 25076   252037.0000    22   252046.0000   252006.0000   173819    0.02%
  27647 25077   252037.0000    21   252046.0000   252006.0000   173825    0.02%
Elapsed time = 39.40 sec. (61580.61 ticks, tree = 301.47 MB, solutions = 43)
  30325 27750   252030.0000    17   252046.0000   252006.0000   186823    0.02%
  30326 27751   252030.0000    17   252046.0000   252006.0000   186828    0.02%
  30327 27752   252030.0000    18   252046.0000   252006.0000   186829    0.02%
  30328 27753   252030.0000    18   252046.0000   252006.0000   186830    0.02%
  30329 27754   252030.0000    18   252046.0000   252006.0000   186832    0.02%
  30330 27755   252030.0000    16   252046.0000   252006.0000   186839    0.02%
  30331 27756   252030.0000    17   252046.0000   252006.0000   186854    0.02%
  30332 27757   252030.0000    15   252046.0000   252006.0000   186862    0.02%
  30333 27758   252030.0000    15   252046.0000   252006.0000   186875    0.02%
  30334 27759   252030.0000    15   252046.0000   252006.0000   186883    0.02%
Elapsed time = 41.66 sec. (65408.65 ticks, tree = 334.43 MB, solutions = 43)
  33126 30544   252031.0000    16   252046.0000   252006.0000   199130    0.02%
  33127 30545   252031.0000    17   252046.0000   252006.0000   199133    0.02%
  33128 30546   252031.0000    17   252046.0000   252006.0000   199139    0.02%
  33129 30547   252031.0000    17   252046.0000   252006.0000   199140    0.02%
  33130 30548   252031.0000    17   252046.0000   252006.0000   199142    0.02%
  33131 30549   252031.0000    18   252046.0000   252006.0000   199149    0.02%
  33132 30550   252031.0000    17   252046.0000   252006.0000   199153    0.02%
  33133 30551   252031.0000    18   252046.0000   252006.0000   199156    0.02%
  33134 30552   252031.0000    17   252046.0000   252006.0000   199160    0.02%
  33135 30553   252031.0000    17   252046.0000   252006.0000   199163    0.02%
Elapsed time = 43.85 sec. (69234.38 ticks, tree = 368.94 MB, solutions = 43)
* 34493+30772                       252044.0000   252006.0000             0.02%
  35579 31849   252006.0000    25   252044.0000   252006.0000   210417    0.02%
  35580 31850   252006.0000    25   252044.0000   252006.0000   210427    0.02%
  35581 31851   252006.0000    26   252044.0000   252006.0000   210431    0.02%
  35582 31852   252006.0000    27   252044.0000   252006.0000   210438    0.02%
  35583 31853   252006.0000    26   252044.0000   252006.0000   210442    0.02%
  35584 31854   252006.0000    26   252044.0000   252006.0000   210448    0.02%
  35585 31855   252006.0000    26   252044.0000   252006.0000   210456    0.02%
  35586 31856   252006.0000    26   252044.0000   252006.0000   210464    0.02%
  35587 31857   252006.0000    25   252044.0000   252006.0000   210466    0.02%
  35588 31858   252006.0000    25   252044.0000   252006.0000   210467    0.02%
Elapsed time = 46.20 sec. (73063.63 ticks, tree = 385.01 MB, solutions = 44)
* 36193+31051                       252040.0000   252006.0000             0.01%
  38000 32805   252006.0000    23   252040.0000   252006.0000   219806    0.01%
  38001 32806   252006.0000    23   252040.0000   252006.0000   219807    0.01%
  38002 32807   252006.0000    23   252040.0000   252006.0000   219808    0.01%
  38003 32808   252006.0000    23   252040.0000   252006.0000   219809    0.01%
  38004 32809   252006.0000    25   252040.0000   252006.0000   219811    0.01%
  38005 32810   252006.0000    24   252040.0000   252006.0000   219817    0.01%
  38006 32811   252009.8750    26   252040.0000   252006.0000   219822    0.01%
  38007 32811   252009.8750    27   252040.0000   252006.0000   219825    0.01%
  38008 32812   252010.0000    26   252040.0000   252006.0000   219826    0.01%
  38009 32813   252010.0000    28   252040.0000   252006.0000   219828    0.01%
Elapsed time = 48.41 sec. (76890.88 ticks, tree = 397.90 MB, solutions = 45)
  40592 35311   252006.0000    28   252040.0000   252006.0000   229340    0.01%
  40593 35312   252006.0000    28   252040.0000   252006.0000   229343    0.01%
  40594 35313   252006.0000    27   252040.0000   252006.0000   229345    0.01%
  40595 35314   252006.0000    21   252040.0000   252006.0000   229357    0.01%
  40596 35315   252006.0000    21   252040.0000   252006.0000   229359    0.01%
  40597 35316   252006.0000    22   252040.0000   252006.0000   229372    0.01%
  40598 35317   252006.0000    21   252040.0000   252006.0000   229376    0.01%
  40599 35318   252006.0000    21   252040.0000   252006.0000   229377    0.01%
  40600 35319   252006.0000    22   252040.0000   252006.0000   229385    0.01%
  40601 35320   252006.0000    22   252040.0000   252006.0000   229391    0.01%
Elapsed time = 50.44 sec. (80719.69 ticks, tree = 429.18 MB, solutions = 45)
* 42593+36534                       252039.0000   252006.0000             0.01%
  43261 37181   252027.0000    20   252039.0000   252006.0000   238750    0.01%
  43262 37182   252027.0000    20   252039.0000   252006.0000   238751    0.01%
  43263 37183   252027.0000    19   252039.0000   252006.0000   238752    0.01%
  43264 37184   252027.0000    20   252039.0000   252006.0000   238755    0.01%
  43265 37185   252027.0000    20   252039.0000   252006.0000   238757    0.01%
  43266 37186   252027.0000    19   252039.0000   252006.0000   238758    0.01%
  43267 37187   252027.0000    20   252039.0000   252006.0000   238761    0.01%
  43268 37188   252027.0000    19   252039.0000   252006.0000   238762    0.01%
  43269 37189   252027.0000    19   252039.0000   252006.0000   238764    0.01%
  43270 37190   252027.0000    20   252039.0000   252006.0000   238768    0.01%
Elapsed time = 52.58 sec. (84547.45 ticks, tree = 452.52 MB, solutions = 46)
  46219 40009   252006.0000    23   252039.0000   252006.0000   248316    0.01%
  46220 40010   252006.0000    23   252039.0000   252006.0000   248317    0.01%
  46221 40011   252006.0000    23   252039.0000   252006.0000   248320    0.01%
  46222 40012   252006.0000    23   252039.0000   252006.0000   248321    0.01%
  46223 40013   252006.0000    23   252039.0000   252006.0000   248322    0.01%
  46224 40014   252006.0000    23   252039.0000   252006.0000   248324    0.01%
  46225 40015   252006.0000    25   252039.0000   252006.0000   248329    0.01%
  46226 40016   252006.0000    25   252039.0000   252006.0000   248330    0.01%
  46227 40017   252006.0000    24   252039.0000   252006.0000   248333    0.01%
  46228 40018   252006.0000    25   252039.0000   252006.0000   248335    0.01%
Elapsed time = 54.72 sec. (88371.90 ticks, tree = 487.85 MB, solutions = 46)
  49154 42858   252030.0000    15   252039.0000   252006.0000   258309    0.01%
  49155 42859   252030.0000    15   252039.0000   252006.0000   258310    0.01%
  49156 42860   252030.0000    14   252039.0000   252006.0000   258315    0.01%
  49157 42861   252030.0000    17   252039.0000   252006.0000   258329    0.01%
  49158 42862   252030.0000    15   252039.0000   252006.0000   258330    0.01%
  49159 42863   252030.0000    15   252039.0000   252006.0000   258332    0.01%
  49160 42864   252030.0000    15   252039.0000   252006.0000   258334    0.01%
  49161 42865   252030.0000    15   252039.0000   252006.0000   258335    0.01%
  49162 42866   252030.0000    15   252039.0000   252006.0000   258336    0.01%
  49163 42867   252030.0000    15   252039.0000   252006.0000   258337    0.01%
Elapsed time = 56.86 sec. (92196.78 ticks, tree = 523.44 MB, solutions = 46)
* 49793+42815                       252038.0000   252006.0000             0.01%
  51565 44500   252007.0000    21   252038.0000   252006.0000   266532    0.01%
  51566 44501   252007.0000    22   252038.0000   252006.0000   266537    0.01%
  51567 44502   252007.0000    21   252038.0000   252006.0000   266538    0.01%
  51568 44503   252007.0000    21   252038.0000   252006.0000   266539    0.01%
  51569 44504   252007.0000    21   252038.0000   252006.0000   266540    0.01%
  51570 44505   252007.0000    22   252038.0000   252006.0000   266548    0.01%
  51571 44506   252007.0000    22   252038.0000   252006.0000   266553    0.01%
  51572 44507   252007.0000    22   252038.0000   252006.0000   266555    0.01%
  51573 44508   252007.0000    21   252038.0000   252006.0000   266559    0.01%
  51574 44509   252007.0000    21   252038.0000   252006.0000   266565    0.01%
Elapsed time = 59.10 sec. (96032.18 ticks, tree = 543.87 MB, solutions = 47)
* 53893+45679                       252036.0000   252006.0000             0.01%
  54330 46092   252006.0000    21   252036.0000   252006.0000   275045    0.01%
  54331 46093   252012.0714    21   252036.0000   252006.0000   275054    0.01%
  54332 46094   252007.0000    20   252036.0000   252006.0000   275057    0.01%
  54333 46095   252007.0000    20   252036.0000   252006.0000   275061    0.01%
  54334 46096   252007.0000    22   252036.0000   252006.0000   275067    0.01%
  54335 46097   252007.0000    20   252036.0000   252006.0000   275068    0.01%
  54336 46098   252007.0000    22   252036.0000   252006.0000   275075    0.01%
  54337 46099   252007.0000    20   252036.0000   252006.0000   275078    0.01%
  54338 46100   252007.0000    23   252036.0000   252006.0000   275088    0.01%
  54339 46101   252007.0000    21   252036.0000   252006.0000   275093    0.01%
Elapsed time = 61.24 sec. (99862.21 ticks, tree = 563.77 MB, solutions = 48)
  57239 48845   252006.0000    22   252036.0000   252006.0000   284396    0.01%
  57240 48846   252006.0000    21   252036.0000   252006.0000   284401    0.01%
  57241 48847   252006.0000    21   252036.0000   252006.0000   284402    0.01%
  57242 48848   252006.0000    20   252036.0000   252006.0000   284408    0.01%
  57243 48849   252006.0000    20   252036.0000   252006.0000   284412    0.01%
  57244 48850   252006.0000    21   252036.0000   252006.0000   284418    0.01%
  57245 48851   252006.0000    21   252036.0000   252006.0000   284421    0.01%
  57246 48852   252006.0000    21   252036.0000   252006.0000   284422    0.01%
  57247 48853   252006.0000    21   252036.0000   252006.0000   284425    0.01%
  57248 48854   252006.0000    21   252036.0000   252006.0000   284426    0.01%
Elapsed time = 63.36 sec. (103687.12 ticks, tree = 598.25 MB, solutions = 48)
  60237 51654   252012.0000    22   252036.0000   252006.0000   292964    0.01%
  60238 51655   252012.0000    22   252036.0000   252006.0000   292968    0.01%
  60239 51656   252012.0000    22   252036.0000   252006.0000   292971    0.01%
  60240 51657   252012.0000    22   252036.0000   252006.0000   292974    0.01%
  60241 51658   252012.0000    22   252036.0000   252006.0000   292978    0.01%
  60242 51659   252012.0000    22   252036.0000   252006.0000   292979    0.01%
  60243 51660   252012.0000    22   252036.0000   252006.0000   292980    0.01%
  60244 51661   252012.0000    22   252036.0000   252006.0000   292981    0.01%
  60245 51662   252012.0000    22   252036.0000   252006.0000   292982    0.01%
  60246 51663   252012.0000    22   252036.0000   252006.0000   292983    0.01%
Elapsed time = 65.46 sec. (107511.56 ticks, tree = 633.46 MB, solutions = 48)
  62895 54175   252008.0000    20   252036.0000   252006.0000   301217    0.01%
  62896 54176   252008.0000    20   252036.0000   252006.0000   301218    0.01%
  62897 54177   252008.0000    20   252036.0000   252006.0000   301219    0.01%
  62898 54178   252008.0000    20   252036.0000   252006.0000   301220    0.01%
  62899 54179   252008.0000    20   252036.0000   252006.0000   301221    0.01%
  62900 54180   252008.0000    20   252036.0000   252006.0000   301222    0.01%
  62901 54181   252008.0000    20   252036.0000   252006.0000   301223    0.01%
  62902 54182   252008.0000    18   252036.0000   252006.0000   301228    0.01%
  62903 54183   252008.0000    18   252036.0000   252006.0000   301229    0.01%
  62904 54183   252008.0000    18   252036.0000   252006.0000   301230    0.01%
Elapsed time = 67.54 sec. (111339.90 ticks, tree = 665.09 MB, solutions = 48)
  65886 57005   252016.0000    19   252036.0000   252006.0000   309491    0.01%
  65887 57006   252016.0000    17   252036.0000   252006.0000   309492    0.01%
  65888 57007   252016.0000    17   252036.0000   252006.0000   309493    0.01%
  65889 57008   252016.0000    17   252036.0000   252006.0000   309496    0.01%
  65890 57008   252033.1000    15   252036.0000   252006.0000   309498    0.01%
  65891 57009   252034.0000    14   252036.0000   252006.0000   309499    0.01%
  65892 57010   252034.0000    15   252036.0000   252006.0000   309509    0.01%
  65893 57011   252034.0000    17   252036.0000   252006.0000   309513    0.01%
  65894 57012   252034.0000    15   252036.0000   252006.0000   309516    0.01%
  65895 57013   252034.0000    15   252036.0000   252006.0000   309522    0.01%
Elapsed time = 69.63 sec. (115167.11 ticks, tree = 700.57 MB, solutions = 48)
  68938 59871   252017.0000    18   252036.0000   252006.0000   317657    0.01%
  68939 59872   252017.0000    19   252036.0000   252006.0000   317659    0.01%
  68940 59873   252017.0000    19   252036.0000   252006.0000   317667    0.01%
  68941 59874   252017.0000    19   252036.0000   252006.0000   317670    0.01%
  68942 59875   252017.0000    19   252036.0000   252006.0000   317672    0.01%
  68943 59876   252017.0000    19   252036.0000   252006.0000   317680    0.01%
  68944 59877   252017.0000    20   252036.0000   252006.0000   317682    0.01%
  68945 59878   252017.0000    19   252036.0000   252006.0000   317688    0.01%
  68946 59879   252017.0000    19   252036.0000   252006.0000   317689    0.01%
  68947 59880   252017.0000    19   252036.0000   252006.0000   317693    0.01%
Elapsed time = 71.71 sec. (118994.94 ticks, tree = 736.58 MB, solutions = 48)
  71982 62687   252006.0000    20   252036.0000   252006.0000   325898    0.01%
  71983 62688   252006.0000    20   252036.0000   252006.0000   325899    0.01%
  71984 62689   252006.0000    20   252036.0000   252006.0000   325900    0.01%
  71985 62690   252006.0000    20   252036.0000   252006.0000   325901    0.01%
  71986 62691   252006.0000    22   252036.0000   252006.0000   325905    0.01%
  71987 62692   252006.0000    22   252036.0000   252006.0000   325906    0.01%
  71988 62693   252006.0000    22   252036.0000   252006.0000   325910    0.01%
  71989 62694   252006.0000    23   252036.0000   252006.0000   325912    0.01%
  71990 62695   252006.0000    22   252036.0000   252006.0000   325913    0.01%
  71991 62696   252006.0000    22   252036.0000   252006.0000   325914    0.01%
Elapsed time = 73.84 sec. (122819.34 ticks, tree = 771.93 MB, solutions = 48)
  75007 65461   252033.0000    13   252036.0000   252006.0000   333473    0.01%
  75008 65462   252033.0000    13   252036.0000   252006.0000   333474    0.01%
  75009 65463   252033.0000    12   252036.0000   252006.0000   333477    0.01%
  75010 65463   252033.0000    13   252036.0000   252006.0000   333481    0.01%
  75011 65464   252033.0000    13   252036.0000   252006.0000   333483    0.01%
  75012 65465   252033.0000    13   252036.0000   252006.0000   333484    0.01%
  75013 65464        cutoff         252036.0000   252006.0000   333487    0.01%
  75014 65465   252033.0000    13   252036.0000   252006.0000   333488    0.01%
  75015 65464        cutoff         252036.0000   252006.0000   333490    0.01%
  75016 65465   252033.8571    12   252036.0000   252006.0000   333493    0.01%
Elapsed time = 75.97 sec. (126645.57 ticks, tree = 806.69 MB, solutions = 48)
  77941 68126   252023.0000    12   252036.0000   252006.0000   340852    0.01%
  77942 68127   252023.0000    11   252036.0000   252006.0000   340853    0.01%
  77943 68128   252023.0000    11   252036.0000   252006.0000   340855    0.01%
  77944 68128   252023.0000    11   252036.0000   252006.0000   340861    0.01%
  77945 68129   252023.0000    12   252036.0000   252006.0000   340867    0.01%
  77946 68130   252023.0000    11   252036.0000   252006.0000   340868    0.01%
  77947 68131   252023.0000    11   252036.0000   252006.0000   340871    0.01%
  77948 68132   252023.0000    11   252036.0000   252006.0000   340876    0.01%
  77949 68133   252023.0000     9   252036.0000   252006.0000   340878    0.01%
  77950 68134   252023.0000     9   252036.0000   252006.0000   340879    0.01%
Elapsed time = 78.13 sec. (130473.29 ticks, tree = 842.13 MB, solutions = 48)
  80807 70735   252025.2222    14   252036.0000   252006.0000   347376    0.01%
  80808 70735   252025.2222    14   252036.0000   252006.0000   347377    0.01%
  80809 70736   252026.0000    13   252036.0000   252006.0000   347378    0.01%
  80810 70737   252026.0000    13   252036.0000   252006.0000   347380    0.01%
  80811 70738   252026.0000    13   252036.0000   252006.0000   347381    0.01%
  80812 70739   252026.0000    13   252036.0000   252006.0000   347382    0.01%
  80813 70740   252026.0000    13   252036.0000   252006.0000   347383    0.01%
  80814 70741   252026.0000    13   252036.0000   252006.0000   347385    0.01%
  80815 70742   252026.0000    13   252036.0000   252006.0000   347386    0.01%
  80816 70743   252026.0000    13   252036.0000   252006.0000   347387    0.01%
Elapsed time = 80.19 sec. (134313.78 ticks, tree = 874.93 MB, solutions = 48)
  83741 73430   252006.0000    22   252036.0000   252006.0000   353920    0.01%
  83742 73431   252006.0000    23   252036.0000   252006.0000   353921    0.01%
  83743 73432   252006.0000    22   252036.0000   252006.0000   353923    0.01%
  83744 73433   252006.0000    23   252036.0000   252006.0000   353924    0.01%
  83745 73434   252006.0000    23   252036.0000   252006.0000   353925    0.01%
  83746 73435   252006.0000    23   252036.0000   252006.0000   353926    0.01%
  83747 73436   252006.0000    23   252036.0000   252006.0000   353927    0.01%
  83748 73437   252006.0000    22   252036.0000   252006.0000   353935    0.01%
  83749 73438   252006.0000    22   252036.0000   252006.0000   353936    0.01%
  83750 73439   252006.0000    22   252036.0000   252006.0000   353938    0.01%
Elapsed time = 82.38 sec. (138142.14 ticks, tree = 908.75 MB, solutions = 48)
  86522 75976   252007.0000    19   252036.0000   252006.0000   360213    0.01%
  86523 75977   252007.0000    19   252036.0000   252006.0000   360218    0.01%
  86524 75978   252007.0000    19   252036.0000   252006.0000   360219    0.01%
  86525 75979   252007.0000    20   252036.0000   252006.0000   360221    0.01%
  86526 75980   252007.0000    20   252036.0000   252006.0000   360223    0.01%
  86527 75981   252007.0000    20   252036.0000   252006.0000   360225    0.01%
  86528 75982   252007.0000    20   252036.0000   252006.0000   360226    0.01%
  86529 75983   252007.0000    20   252036.0000   252006.0000   360228    0.01%
  86530 75984   252007.0000    20   252036.0000   252006.0000   360229    0.01%
  86531 75985   252007.0000    20   252036.0000   252006.0000   360230    0.01%
Elapsed time = 84.55 sec. (141966.92 ticks, tree = 940.67 MB, solutions = 48)
  89485 78698   252020.0000    16   252036.0000   252006.0000   366846    0.01%
  89486 78699   252020.0000    16   252036.0000   252006.0000   366847    0.01%
  89487 78700   252020.0000    16   252036.0000   252006.0000   366848    0.01%
  89488 78701   252020.0000    16   252036.0000   252006.0000   366849    0.01%
  89489 78702   252024.4444    15   252036.0000   252006.0000   366850    0.01%
  89490 78702   252024.4444    15   252036.0000   252006.0000   366851    0.01%
  89491 78703   252025.0000    14   252036.0000   252006.0000   366852    0.01%
  89492 78704   252025.0000    13   252036.0000   252006.0000   366860    0.01%
  89493 78705   252025.0000    13   252036.0000   252006.0000   366862    0.01%
  89494 78706   252025.0000    13   252036.0000   252006.0000   366864    0.01%
Elapsed time = 86.73 sec. (145792.30 ticks, tree = 974.82 MB, solutions = 48)
  92273 81205        cutoff         252036.0000   252006.0000   373050    0.01%
  92274 81206   252035.0000    10   252036.0000   252006.0000   373051    0.01%
  92275 81207   252035.0000    10   252036.0000   252006.0000   373052    0.01%
  92276 81206        cutoff         252036.0000   252006.0000   373054    0.01%
  92277 81207   252035.0000    10   252036.0000   252006.0000   373057    0.01%
  92278 81208   252035.0000     9   252036.0000   252006.0000   373059    0.01%
  92279 81209   252035.0000     9   252036.0000   252006.0000   373064    0.01%
  92280 81210   252035.0000    10   252036.0000   252006.0000   373067    0.01%
  92281 81210   252035.0000    10   252036.0000   252006.0000   373068    0.01%
  92282 81211   252035.0000    10   252036.0000   252006.0000   373070    0.01%
Elapsed time = 88.96 sec. (149620.58 ticks, tree = 1006.30 MB, solutions = 48)
  95017 83637   252024.0000    15   252036.0000   252006.0000   378656    0.01%
  95018 83638   252024.0000    15   252036.0000   252006.0000   378657    0.01%
  95019 83639   252024.0000    15   252036.0000   252006.0000   378658    0.01%
  95020 83640   252024.0000    15   252036.0000   252006.0000   378659    0.01%
  95021 83641   252024.0000    15   252036.0000   252006.0000   378660    0.01%
  95022 83642   252024.0000    15   252036.0000   252006.0000   378667    0.01%
  95023 83643   252024.0000    14   252036.0000   252006.0000   378669    0.01%
  95024 83644   252024.0000    15   252036.0000   252006.0000   378670    0.01%
  95025 83645   252024.0000    14   252036.0000   252006.0000   378674    0.01%
  95026 83646   252024.0000    15   252036.0000   252006.0000   378676    0.01%
Elapsed time = 91.21 sec. (153446.70 ticks, tree = 1036.91 MB, solutions = 48)
  98048 86333   252034.2222    16   252036.0000   252006.0000   384719    0.01%
  98049 86332        cutoff         252036.0000   252006.0000   384720    0.01%
  98050 86331        cutoff         252036.0000   252006.0000   384722    0.01%
  98051 86332   252008.1538    21   252036.0000   252006.0000   384730    0.01%
  98052 86333   252008.1538    21   252036.0000   252006.0000   384731    0.01%
  98053 86334   252008.1538    21   252036.0000   252006.0000   384732    0.01%
  98054 86335   252008.3333    19   252036.0000   252006.0000   384733    0.01%
  98055 86336   252008.3333    19   252036.0000   252006.0000   384734    0.01%
  98056 86337   252008.3333    19   252036.0000   252006.0000   384735    0.01%
  98057 86338   252008.5455    17   252036.0000   252006.0000   384736    0.01%
Elapsed time = 93.37 sec. (157274.92 ticks, tree = 1070.74 MB, solutions = 48)
 101032 89023   252017.4615    21   252036.0000   252006.0000   390398    0.01%
 101033 89024   252017.4615    22   252036.0000   252006.0000   390401    0.01%
 101034 89025   252017.4615    21   252036.0000   252006.0000   390403    0.01%
 101035 89026   252017.4615    20   252036.0000   252006.0000   390404    0.01%
 101036 89027   252017.4615    21   252036.0000   252006.0000   390405    0.01%
 101037 89028   252018.4167    19   252036.0000   252006.0000   390407    0.01%
 101038 89029   252026.1818    17   252036.0000   252006.0000   390408    0.01%
 101039 89030   252026.1818    17   252036.0000   252006.0000   390409    0.01%
 101040 89031   252026.1818    17   252036.0000   252006.0000   390410    0.01%
 101041 89032   252026.1818    16   252036.0000   252006.0000   390411    0.01%
Elapsed time = 95.53 sec. (161102.09 ticks, tree = 1104.60 MB, solutions = 48)
 103999 91636   252034.0000    11   252036.0000   252006.0000   395872    0.01%
 104000 91637   252034.0000    11   252036.0000   252006.0000   395874    0.01%
 104001 91638   252034.0000    11   252036.0000   252006.0000   395877    0.01%
 104002 91639   252034.0000    11   252036.0000   252006.0000   395878    0.01%
 104003 91640   252034.0000    11   252036.0000   252006.0000   395879    0.01%
 104004 91641   252034.0000    12   252036.0000   252006.0000   395887    0.01%
 104005 91642   252034.0000    12   252036.0000   252006.0000   395888    0.01%
 104006 91643   252034.0000    12   252036.0000   252006.0000   395889    0.01%
 104007 91644   252034.0000    12   252036.0000   252006.0000   395890    0.01%
 104008 91645   252034.0000    12   252036.0000   252006.0000   395892    0.01%
Elapsed time = 97.76 sec. (164927.09 ticks, tree = 1137.43 MB, solutions = 48)
 106956 94292   252024.0000     7   252036.0000   252006.0000   401403    0.01%
 106957 94293   252024.0000     7   252036.0000   252006.0000   401407    0.01%
 106958 94294   252024.0000     8   252036.0000   252006.0000   401410    0.01%
 106959 94295   252024.0000     8   252036.0000   252006.0000   401411    0.01%
 106960 94296   252024.0000     8   252036.0000   252006.0000   401415    0.01%
 106961 94297   252024.0000     8   252036.0000   252006.0000   401416    0.01%
 106962 94298   252024.0000     8   252036.0000   252006.0000   401417    0.01%
 106963 94299   252024.0000     8   252036.0000   252006.0000   401418    0.01%
 106964 94300   252024.0000     8   252036.0000   252006.0000   401419    0.01%
 106965 94301   252024.0000     8   252036.0000   252006.0000   401421    0.01%
Elapsed time = 99.98 sec. (168757.59 ticks, tree = 1170.78 MB, solutions = 48)
 110002 97000   252010.4615    24   252036.0000   252006.0000   407233    0.01%
 110003 97001   252010.4615    24   252036.0000   252006.0000   407234    0.01%
 110004 97002   252010.4615    24   252036.0000   252006.0000   407235    0.01%
 110005 97003   252010.4615    24   252036.0000   252006.0000   407237    0.01%
 110006 97004   252010.4615    24   252036.0000   252006.0000   407238    0.01%
 110007 97005   252014.3333    22   252036.0000   252006.0000   407239    0.01%
 110008 97005   252021.0000    19   252036.0000   252006.0000   407241    0.01%
 110009 97005   252021.0000    19   252036.0000   252006.0000   407242    0.01%
 110010 97005   252021.0000    19   252036.0000   252006.0000   407243    0.01%
 110011 97005   252021.0000    19   252036.0000   252006.0000   407244    0.01%
Elapsed time = 102.16 sec. (172583.72 ticks, tree = 1204.77 MB, solutions = 48)
 113077 99747   252030.0000    17   252036.0000   252006.0000   412679    0.01%
 113078 99748   252030.0000    17   252036.0000   252006.0000   412680    0.01%
 113079 99749   252030.0000    17   252036.0000   252006.0000   412681    0.01%
 113080 99750   252030.0000    17   252036.0000   252006.0000   412682    0.01%
 113081 99751   252030.0000    17   252036.0000   252006.0000   412683    0.01%
 113082 99752   252030.0000    17   252036.0000   252006.0000   412684    0.01%
 113083 99753   252030.0000    17   252036.0000   252006.0000   412685    0.01%
 113084 99754   252030.0000    17   252036.0000   252006.0000   412686    0.01%
 113085 99755   252032.2222    16   252036.0000   252006.0000   412687    0.01%
 113086 99756   252032.2222    16   252036.0000   252006.0000   412692    0.01%
Elapsed time = 104.34 sec. (176410.80 ticks, tree = 1239.29 MB, solutions = 48)
 116111 102541   252006.0000    19   252036.0000   252006.0000   418293    0.01%
 116112 102542   252006.0000    18   252036.0000   252006.0000   418296    0.01%
 116113 102543   252006.0000    19   252036.0000   252006.0000   418298    0.01%
 116114 102544   252006.0000    19   252036.0000   252006.0000   418299    0.01%
 116115 102545   252006.0000    19   252036.0000   252006.0000   418300    0.01%
 116116 102546   252006.0000    19   252036.0000   252006.0000   418301    0.01%
 116117 102547   252006.0000    19   252036.0000   252006.0000   418302    0.01%
 116118 102548   252006.0000    19   252036.0000   252006.0000   418305    0.01%
 116119 102549   252006.0000    19   252036.0000   252006.0000   418306    0.01%
 116120 102550   252006.0000    19   252036.0000   252006.0000   418308    0.01%
Elapsed time = 106.54 sec. (180235.43 ticks, tree = 1274.38 MB, solutions = 48)
 119115 105290   252029.0000     9   252036.0000   252006.0000   423959    0.01%
 119116 105291   252029.0000     9   252036.0000   252006.0000   423962    0.01%
 119117 105292   252029.0000     9   252036.0000   252006.0000   423965    0.01%
 119118 105293   252029.0000     9   252036.0000   252006.0000   423966    0.01%
 119119 105294   252029.0000     9   252036.0000   252006.0000   423967    0.01%
 119120 105295   252029.0000     8   252036.0000   252006.0000   423968    0.01%
 119121 105296   252029.0000     9   252036.0000   252006.0000   423969    0.01%
 119122 105297   252029.0000     9   252036.0000   252006.0000   423970    0.01%
 119123 105298   252029.0000     9   252036.0000   252006.0000   423971    0.01%
 119124 105299   252029.0000     9   252036.0000   252006.0000   423972    0.01%
Elapsed time = 108.73 sec. (184060.47 ticks, tree = 1308.95 MB, solutions = 48)
 122084 107978   252023.2857    11   252036.0000   252006.0000   429433    0.01%
 122085 107979   252022.5000    13   252036.0000   252006.0000   429434    0.01%
 122086 107980   252022.5000    13   252036.0000   252006.0000   429435    0.01%
 122087 107981   252022.5000    13   252036.0000   252006.0000   429437    0.01%
 122088 107982   252022.5000    13   252036.0000   252006.0000   429438    0.01%
 122089 107983   252022.5000    13   252036.0000   252006.0000   429443    0.01%
 122090 107984   252022.5000    13   252036.0000   252006.0000   429445    0.01%
 122091 107985   252022.5000    13   252036.0000   252006.0000   429450    0.01%
 122092 107986   252022.5000    13   252036.0000   252006.0000   429451    0.01%
 122093 107987   252022.5000    13   252036.0000   252006.0000   429452    0.01%
Elapsed time = 110.93 sec. (187887.24 ticks, tree = 1342.75 MB, solutions = 48)
 125154 110664   252032.0000    18   252036.0000   252006.0000   435195    0.01%
 125155 110665   252032.0000    19   252036.0000   252006.0000   435196    0.01%
 125156 110665   252032.0000    18   252036.0000   252006.0000   435197    0.01%
 125157 110666   252032.0000    20   252036.0000   252006.0000   435204    0.01%
 125158 110667   252032.0000    20   252036.0000   252006.0000   435205    0.01%
 125159 110668   252032.0000    16   252036.0000   252006.0000   435207    0.01%
 125160 110668   252032.0000    20   252036.0000   252006.0000   435211    0.01%
 125161 110669   252032.0000    14   252036.0000   252006.0000   435214    0.01%
 125162 110668        cutoff         252036.0000   252006.0000   435217    0.01%
 125163 110669   252032.0000    12   252036.0000   252006.0000   435218    0.01%
Elapsed time = 113.08 sec. (191718.83 ticks, tree = 1376.49 MB, solutions = 48)
 128072 113148        cutoff         252036.0000   252006.0000   440982    0.01%
 128073 113149   252027.0000     6   252036.0000   252006.0000   440985    0.01%
 128074 113150   252027.0000     6   252036.0000   252006.0000   440988    0.01%
 128075 113151   252027.0000     6   252036.0000   252006.0000   440990    0.01%
 128076 113152   252027.0000     6   252036.0000   252006.0000   440993    0.01%
 128077 113153   252027.0000     6   252036.0000   252006.0000   440994    0.01%
 128078 113152    infeasible         252036.0000   252006.0000   440994    0.01%
 128079 113151    infeasible         252036.0000   252006.0000   440994    0.01%
 128080 113152   252006.7692    21   252036.0000   252006.0000   441001    0.01%
 128081 113153   252006.7692    21   252036.0000   252006.0000   441002    0.01%
Elapsed time = 115.29 sec. (195547.09 ticks, tree = 1407.74 MB, solutions = 48)
 131109 115852   252018.1000    18   252036.0000   252006.0000   446544    0.01%
 131110 115853   252018.1000    17   252036.0000   252006.0000   446546    0.01%
 131111 115854   252018.1000    17   252036.0000   252006.0000   446548    0.01%
 131112 115855   252018.1000    17   252036.0000   252006.0000   446549    0.01%
 131113 115856   252018.1000    17   252036.0000   252006.0000   446550    0.01%
 131114 115857   252018.1000    17   252036.0000   252006.0000   446551    0.01%
 131115 115858   252018.1000    17   252036.0000   252006.0000   446552    0.01%
 131116 115859   252023.0000    14   252036.0000   252006.0000   446553    0.01%
 131117 115860   252023.0000    14   252036.0000   252006.0000   446554    0.01%
 131118 115861   252023.0000    14   252036.0000   252006.0000   446555    0.01%
Elapsed time = 117.47 sec. (199373.04 ticks, tree = 1441.82 MB, solutions = 48)
 134000 118319   252017.3333    15   252036.0000   252006.0000   451854    0.01%
 134001 118319   252017.3333    15   252036.0000   252006.0000   451855    0.01%
 134002 118318        cutoff         252036.0000   252006.0000   451856    0.01%
 134003 118319   252009.1538    23   252036.0000   252006.0000   451870    0.01%
 134004 118320   252009.1538    23   252036.0000   252006.0000   451872    0.01%
 134005 118321   252009.1538    23   252036.0000   252006.0000   451873    0.01%
 134006 118322   252009.1538    23   252036.0000   252006.0000   451875    0.01%
 134007 118323   252009.1538    23   252036.0000   252006.0000   451878    0.01%
 134008 118324   252009.1538    23   252036.0000   252006.0000   451879    0.01%
 134009 118325   252014.3636    21   252036.0000   252006.0000   451880    0.01%
Elapsed time = 119.68 sec. (203198.56 ticks, tree = 1472.85 MB, solutions = 48)
 136957 120850   252026.4286    12   252036.0000   252006.0000   457090    0.01%
 136958 120851   252026.4286    12   252036.0000   252006.0000   457091    0.01%
 136959 120852   252026.4286    12   252036.0000   252006.0000   457092    0.01%
 136960 120853   252026.4286    12   252036.0000   252006.0000   457093    0.01%
 136961 120854   252026.4286    12   252036.0000   252006.0000   457094    0.01%
 136962 120855   252026.4286    12   252036.0000   252006.0000   457095    0.01%
 136963 120855   252026.4286    10   252036.0000   252006.0000   457098    0.01%
 136964 120855   252026.4286    10   252036.0000   252006.0000   457099    0.01%
 136965 120855   252026.4286    10   252036.0000   252006.0000   457100    0.01%
 136966 120856   252029.8333     9   252036.0000   252006.0000   457103    0.01%
Elapsed time = 121.88 sec. (207023.08 ticks, tree = 1504.72 MB, solutions = 48)
 139853 123406   252032.0000    18   252036.0000   252006.0000   462804    0.01%
 139854 123407   252032.0000    16   252036.0000   252006.0000   462805    0.01%
 139855 123408   252032.0000    18   252036.0000   252006.0000   462808    0.01%
 139856 123409   252032.0000    18   252036.0000   252006.0000   462809    0.01%
 139857 123410   252032.0000    18   252036.0000   252006.0000   462810    0.01%
 139858 123411   252032.0000    18   252036.0000   252006.0000   462811    0.01%
 139859 123412   252032.0000    18   252036.0000   252006.0000   462812    0.01%
 139860 123413   252032.0000    18   252036.0000   252006.0000   462813    0.01%
 139861 123414   252032.0000    18   252036.0000   252006.0000   462814    0.01%
 139862 123415   252032.0000    18   252036.0000   252006.0000   462815    0.01%
Elapsed time = 124.10 sec. (210847.68 ticks, tree = 1536.94 MB, solutions = 48)
 142886 126108   252026.6250    13   252036.0000   252006.0000   468805    0.01%
 142887 126109   252026.6250    13   252036.0000   252006.0000   468806    0.01%
 142888 126110   252026.6250    13   252036.0000   252006.0000   468807    0.01%
 142889 126111   252026.6250    13   252036.0000   252006.0000   468808    0.01%
 142890 126112   252026.6250    13   252036.0000   252006.0000   468809    0.01%
 142891 126113   252026.6250    13   252036.0000   252006.0000   468810    0.01%
 142892 126114   252026.6250    13   252036.0000   252006.0000   468811    0.01%
*142893+104887                       252031.0000   252006.0000             0.01%

Mixed integer rounding cuts applied:  1
Gomory fractional cuts applied:  1

Root node processing (before b&c):
  Real time             =    0.82 sec. (1080.23 ticks)
Sequential b&c:
  Real time             =  125.43 sec. (213831.59 ticks)
                          ------------
Total (root+branch&cut) =  126.25 sec. (214911.82 ticks)

Populate: phase II 
Tried aggregator 2 times.
Aggregator did 20 substitutions.
Reduced MIP has 520 rows, 10001 columns, and 20020 nonzeros.
Reduced MIP has 10000 binaries, 0 generals, 0 SOSs, and 0 indicators.
Presolve time = 0.02 sec. (17.20 ticks)
Probing time = 0.00 sec. (2.98 ticks)
Clique table members: 500.
MIP emphasis: balance optimality and feasibility.
MIP search method: dynamic search.
Parallel mode: none, using 1 thread.
Root relaxation solution time = 0.02 sec. (44.57 ticks)

        Nodes                                         Cuts/
   Node  Left     Objective  IInf  Best Integer    Best Bound    ItCnt     Gap

*     0+    0                       252031.0000        0.0000           100.00%
      0     0   252005.8500    39   252031.0000   252005.8500      463    0.01%
      0     2   252005.8500    39   252031.0000   252005.8500      463    0.01%
Elapsed time = 0.84 sec. (928.90 ticks, tree = 0.01 MB, solutions = 81)
      1     2   252006.0000    36   252031.0000   252005.8500      473    0.01%
      2     3   252006.0000    36   252031.0000   252005.8500      473    0.01%
      3     4   252006.0000    34   252031.0000   252005.8500      481    0.01%
      4     5   252006.0000    34   252031.0000   252005.8500      485    0.01%
      5     6   252006.0000    31   252031.0000   252005.8500      494    0.01%
      6     7   252006.0000    33   252031.0000   252005.8500      505    0.01%
      7     8   252006.0000    32   252031.0000   252005.8500      512    0.01%
      8     9   252006.0000    35   252031.0000   252005.8500      525    0.01%
      9    10   252006.0000    32   252031.0000   252005.8500      528    0.01%
     10    11   252006.0000    33   252031.0000   252005.8500      534    0.01%
Elapsed time = 4.55 sec. (5156.69 ticks, tree = 0.08 MB, solutions = 176)
     21    22   252006.0000    30   252031.0000   252005.8500      579    0.01%
     22    23   252006.0000    30   252031.0000   252005.8500      585    0.01%
     23    24   252006.0000    30   252031.0000   252005.8500      590    0.01%
     24    25   252006.0000    32   252031.0000   252005.8500      596    0.01%
     25    26   252006.0000    31   252031.0000   252005.8500      605    0.01%
     26    27   252006.0000    30   252031.0000   252005.8500      611    0.01%
     27    28   252006.0000    29   252031.0000   252005.8500      615    0.01%
     28    29   252006.0000    30   252031.0000   252005.8500      625    0.01%
     29    30   252006.0000    30   252031.0000   252005.8500      632    0.01%
     30    31   252006.0000    30   252031.0000   252005.8500      636    0.01%
Elapsed time = 6.61 sec. (7193.00 ticks, tree = 0.27 MB, solutions = 338)
     37    38   252006.0000    30   252031.0000   252005.8500      677    0.01%
     38    39   252006.0000    29   252031.0000   252005.8500      687    0.01%
     39    40   252006.0000    29   252031.0000   252005.8500      697    0.01%
     40    41   252006.0000    30   252031.0000   252005.8500      699    0.01%
     41    42   252006.0000    31   252031.0000   252005.8500      714    0.01%
     42    43   252006.0000    30   252031.0000   252005.8500      716    0.01%
     43    44   252006.0000    30   252031.0000   252005.8500      717    0.01%
     44    45   252006.0000    30   252031.0000   252005.8500      725    0.01%
     45    46   252006.0000    30   252031.0000   252005.8500      733    0.01%
     46    47   252006.0000    30   252031.0000   252005.8500      738    0.01%
Elapsed time = 9.13 sec. (9601.56 ticks, tree = 0.44 MB, solutions = 561)
     55    56   252006.0000    31   252031.0000   252005.8500      777    0.01%
     56    57   252006.0000    31   252031.0000   252005.8500      780    0.01%
     57    58   252006.0000    31   252031.0000   252005.8500      785    0.01%
     58    59   252006.0000    30   252031.0000   252005.8500      791    0.01%
     59    60   252006.0000    30   252031.0000   252005.8500      798    0.01%
     60    61   252006.0000    30   252031.0000   252005.8500      803    0.01%
     61    62   252006.0000    30   252031.0000   252005.8500      807    0.01%
     62    63   252006.0000    29   252031.0000   252005.8500      813    0.01%
     63    64   252006.0000    29   252031.0000   252005.8500      817    0.01%
     64    65   252006.0000    29   252031.0000   252005.8500      822    0.01%
Elapsed time = 11.48 sec. (11890.71 ticks, tree = 0.61 MB, solutions = 711)
     72    73   252006.0000    29   252031.0000   252005.8500      881    0.01%
     73    74   252006.0000    29   252031.0000   252005.8500      891    0.01%
     74    75   252006.0000    29   252031.0000   252005.8500      902    0.01%
     75    76   252006.0000    29   252031.0000   252005.8500      909    0.01%
     76    77   252006.0000    29   252031.0000   252005.8500      928    0.01%
     77    78   252006.0000    29   252031.0000   252005.8500      942    0.01%
     78    79   252006.0000    29   252031.0000   252005.8500      947    0.01%
     79    80   252006.0000    30   252031.0000   252005.8500      954    0.01%
     80    81   252006.0000    29   252031.0000   252005.8500      963    0.01%
     81    82   252006.0000    31   252031.0000   252005.8500      970    0.01%
Elapsed time = 13.75 sec. (14092.07 ticks, tree = 0.77 MB, solutions = 896)
     91    92   252006.0000    29   252031.0000   252005.8500     1032    0.01%
     92    93   252006.0000    29   252031.0000   252005.8500     1041    0.01%
     93    94   252006.0000    30   252031.0000   252005.8500     1054    0.01%
     94    95   252006.0000    29   252031.0000   252005.8500     1055    0.01%
     95    96   252006.0000    29   252031.0000   252005.8500     1059    0.01%
     96    97   252006.0000    29   252031.0000   252005.8500     1067    0.01%
     97    98   252006.0000    30   252031.0000   252005.8500     1078    0.01%
     98    99   252006.0000    29   252031.0000   252005.8500     1081    0.01%
     99   100   252006.0000    30   252031.0000   252005.8500     1096    0.01%
    100   101   252006.0000    30   252031.0000   252005.8500     1101    0.01%
Elapsed time = 15.90 sec. (16147.42 ticks, tree = 0.97 MB, solutions = 1069)
    110   111   252006.0000    29   252031.0000   252005.8500     1191    0.01%
    111   112   252006.0000    31   252031.0000   252005.8500     1202    0.01%
    112   113   252006.0000    29   252031.0000   252005.8500     1211    0.01%
    113   114   252006.0000    31   252031.0000   252005.8500     1223    0.01%
    114   115   252006.0000    29   252031.0000   252005.8500     1228    0.01%
    115   116   252006.0000    30   252031.0000   252005.8500     1246    0.01%
    116   117   252006.0000    29   252031.0000   252005.8500     1247    0.01%
    117   118   252006.0000    30   252031.0000   252005.8500     1252    0.01%
    118   119   252006.0000    30   252031.0000   252005.8500     1268    0.01%
    119   120   252006.0000    30   252031.0000   252005.8500     1274    0.01%
Elapsed time = 17.55 sec. (17755.82 ticks, tree = 1.16 MB, solutions = 1182)
    131   132   252006.0000    32   252031.0000   252005.8500     1366    0.01%
    132   133   252006.0000    30   252031.0000   252005.8500     1372    0.01%
    133   134   252006.0000    32   252031.0000   252005.8500     1378    0.01%
    134   135   252006.0000    32   252031.0000   252005.8500     1389    0.01%
    135   136   252006.0000    32   252031.0000   252005.8500     1403    0.01%
    136   137   252006.0000    31   252031.0000   252005.8500     1410    0.01%
    137   138   252006.0000    32   252031.0000   252005.8500     1419    0.01%
    138   139   252006.0000    32   252031.0000   252005.8500     1425    0.01%
    139   140   252006.0000    32   252031.0000   252005.8500     1429    0.01%
    140   141   252006.0000    32   252031.0000   252005.8500     1436    0.01%
Elapsed time = 19.53 sec. (19656.72 ticks, tree = 1.38 MB, solutions = 1331)
    152   153   252006.0000    29   252031.0000   252005.8500     1536    0.01%
    153   154   252006.0000    30   252031.0000   252005.8500     1544    0.01%
    154   155   252006.0000    29   252031.0000   252005.8500     1555    0.01%
    155   156   252006.0000    30   252031.0000   252005.8500     1564    0.01%
    156   157   252006.0000    30   252031.0000   252005.8500     1571    0.01%
    157   158   252006.0000    29   252031.0000   252005.8500     1586    0.01%
    158   159   252006.0000    29   252031.0000   252005.8500     1588    0.01%
    159   160   252006.0000    29   252031.0000   252005.8500     1594    0.01%
    160   161   252006.0000    29   252031.0000   252005.8500     1596    0.01%
    161   162   252006.0000    30   252031.0000   252005.8500     1600    0.01%
Elapsed time = 21.30 sec. (21392.06 ticks, tree = 1.59 MB, solutions = 1483)
    173   174   252006.0000    30   252031.0000   252005.8500     1654    0.01%
    174   175   252006.0000    31   252031.0000   252005.8500     1660    0.01%
    175   176   252006.0000    30   252031.0000   252005.8500     1664    0.01%
    176   177   252006.0000    30   252031.0000   252005.8500     1670    0.01%
    177   178   252006.0000    30   252031.0000   252005.8500     1674    0.01%
    178   179   252006.0000    31   252031.0000   252005.8500     1683    0.01%
    179   180   252006.0000    30   252031.0000   252005.8500     1690    0.01%
    180   181   252006.0000    32   252031.0000   252005.8500     1710    0.01%
    181   182   252006.0000    30   252031.0000   252005.8500     1712    0.01%
    200   201   252006.0000    30   252031.0000   252005.8500     1849    0.01%
Elapsed time = 25.32 sec. (25303.55 ticks, tree = 1.98 MB, solutions = 1807)

Root node processing (before b&c):
  Real time             =    0.89 sec. (1065.57 ticks)
Sequential b&c:
  Real time             =   28.42 sec. (28204.75 ticks)
                          ------------
Total (root+branch&cut) =   29.31 sec. (29270.32 ticks)
