Found incumbent of value 2506190.000000 after 0.00 sec. (0.61 ticks)
Tried aggregator 2 times.
Aggregator did 15 substitutions.
Reduced MIP has 515 rows, 7501 columns, and 15015 nonzeros.
Reduced MIP has 7500 binaries, 0 generals, 0 SOSs, and 0 indicators.
Presolve time = 0.01 sec. (13.43 ticks)
Tried aggregator 1 time.
Reduced MIP has 515 rows, 7501 columns, and 15015 nonzeros.
Reduced MIP has 7500 binaries, 1 generals, 0 SOSs, and 0 indicators.
Presolve time = 0.01 sec. (8.35 ticks)
Probing time = 0.00 sec. (2.51 ticks)
Clique table members: 500.
MIP emphasis: balance optimality and feasibility.
MIP search method: dynamic search.
Parallel mode: none, using 1 thread.
Root relaxation solution time = 0.02 sec. (31.86 ticks)

        Nodes                                         Cuts/
   Node  Left     Objective  IInf  Best Integer    Best Bound    ItCnt     Gap

*     0+    0                      2506190.0000        0.0000           100.00%
      0     0   167079.3333    29  2506190.0000   167079.3333      477   93.33%
*     0+    0                       176459.0000   167079.3333             5.32%
      0     0   167080.0000    30   176459.0000      Fract: 7      504    5.32%
*     0+    0                       174217.0000   167080.0000             4.10%
      0     0   167080.0000    29   174217.0000      Cuts: 21      561    4.10%
*     0+    0                       171931.0000   167080.0000             2.82%
*     0+    0                       171495.0000   167080.0000             2.57%
*     0+    0                       170252.0000   167080.0000             1.86%
*     0+    0                       169196.0000   167080.0000             1.25%
*     0+    0                       169076.0000   167080.0000             1.18%
*     0+    0                       168972.0000   167080.0000             1.12%
*     0+    0                       168585.0000   167080.0000             0.89%
*     0+    0                       168577.0000   167080.0000             0.89%
*     0+    0                       168523.0000   167080.0000             0.86%
*     0+    0                       168109.0000   167080.0000             0.61%
*     0+    0                       168091.0000   167080.0000             0.60%
*     0+    0                       168083.0000   167080.0000             0.60%
*     0+    0                       168076.0000   167080.0000             0.59%
*     0+    0                       168052.0000   167080.0000             0.58%
*     0+    0                       167956.0000   167080.0000             0.52%
*     0+    0                       167908.0000   167080.0000             0.49%
*     0+    0                       167682.0000   167080.0000             0.36%
*     0+    0                       167626.0000   167080.0000             0.33%
      0     2   167080.0000    29   167626.0000   167080.0000      570    0.33%
Elapsed time = 0.55 sec. (712.62 ticks, tree = 0.01 MB, solutions = 21)
     98   100   167080.0000    23   167626.0000   167080.0000     1081    0.33%
     99   101   167080.0000    22   167626.0000   167080.0000     1083    0.33%
    100   102   167080.0000    23   167626.0000   167080.0000     1099    0.33%
    101   103   167080.0000    23   167626.0000   167080.0000     1102    0.33%
    102   104   167080.0000    23   167626.0000   167080.0000     1107    0.33%
    103   105   167080.0000    23   167626.0000   167080.0000     1118    0.33%
    104   106   167080.0000    24   167626.0000   167080.0000     1134    0.33%
    105   107   167080.0000    23   167626.0000   167080.0000     1140    0.33%
    106   108   167080.0000    23   167626.0000   167080.0000     1145    0.33%
    387   389   167080.0000    21   167626.0000   167080.0000     4307    0.33%
Elapsed time = 1.20 sec. (1666.77 ticks, tree = 3.76 MB, solutions = 21)
*   505+  505                       167599.0000   167080.0000             0.31%
*   508+  338                       167585.0000   167080.0000             0.30%
*   508+  225                       167545.0000   167080.0000             0.28%
    508   226   167080.0000    23   167545.0000   167080.0000     5888    0.28%
    509   227   167080.0000    25   167545.0000   167080.0000     5901    0.28%
    510   227   167080.0000    25   167545.0000   167080.0000     5910    0.28%
    511   228   167080.0000    23   167545.0000   167080.0000     5913    0.28%
    512   228   167080.0000    25   167545.0000   167080.0000     5920    0.28%
    513   229   167080.0000    25   167545.0000   167080.0000     5921    0.28%
    514   230   167080.0000    23   167545.0000   167080.0000     5935    0.28%
    515   230   167080.0000    25   167545.0000   167080.0000     5940    0.28%
    516   231   167080.0000    25   167545.0000   167080.0000     5941    0.28%
    517   232   167080.0000    25   167545.0000   167080.0000     5944    0.28%
Elapsed time = 2.17 sec. (2904.94 ticks, tree = 2.27 MB, solutions = 24)
    647   304   167080.0000    21   167545.0000   167080.0000     6810    0.28%
    648   304   167080.0000    22   167545.0000   167080.0000     6814    0.28%
    649   305   167080.0000    21   167545.0000   167080.0000     6819    0.28%
    650   306   167080.0000    21   167545.0000   167080.0000     6834    0.28%
    651   307   167501.0000    14   167545.0000   167080.0000     6844    0.28%
    652   307   167080.0000    21   167545.0000   167080.0000     6848    0.28%
    653   308   167080.0000    21   167545.0000   167080.0000     6857    0.28%
    654   309   167080.0000    21   167545.0000   167080.0000     6863    0.28%
    655   309   167080.0000    21   167545.0000   167080.0000     6868    0.28%
    656   310   167080.0000    21   167545.0000   167080.0000     6873    0.28%
Elapsed time = 2.81 sec. (3905.48 ticks, tree = 2.93 MB, solutions = 24)
    808   408   167080.0000    23   167545.0000   167080.0000     7887    0.28%
    809   408   167080.0000    23   167545.0000   167080.0000     7893    0.28%
    810   409   167080.0000    23   167545.0000   167080.0000     7900    0.28%
    811   409   167080.0000    23   167545.0000   167080.0000     7907    0.28%
    812   409   167080.0000    24   167545.0000   167080.0000     7909    0.28%
    813   410   167080.0000    23   167545.0000   167080.0000     7921    0.28%
    814   411   167080.0000    23   167545.0000   167080.0000     7924    0.28%
    815   411   167080.0000    24   167545.0000   167080.0000     7930    0.28%
    816   411   167080.0000    23   167545.0000   167080.0000     7941    0.28%
    817   412   167080.0000    24   167545.0000   167080.0000     7948    0.28%
Elapsed time = 3.54 sec. (4975.07 ticks, tree = 3.86 MB, solutions = 24)
   1017   531   167080.0000    24   167545.0000   167080.0000     8973    0.28%
   1018   532   167080.0000    23   167545.0000   167080.0000     8976    0.28%
   1019   532   167080.0000    22   167545.0000   167080.0000     8979    0.28%
   1020   532   167080.0000    22   167545.0000   167080.0000     8985    0.28%
   1021   533   167080.0000    22   167545.0000   167080.0000     8989    0.28%
   1022   533   167080.0000    23   167545.0000   167080.0000     8995    0.28%
   1023   534   167080.0000    23   167545.0000   167080.0000     9001    0.28%
   1024   535   167080.0000    23   167545.0000   167080.0000     9004    0.28%
   1025   535   167080.0000    23   167545.0000   167080.0000     9007    0.28%
   1026   535   167080.0000    23   167545.0000   167080.0000     9013    0.28%
Elapsed time = 4.19 sec. (5972.04 ticks, tree = 5.09 MB, solutions = 24)
   1258   752   167080.0000    24   167545.0000   167080.0000    10096    0.28%
   1259   753   167080.0000    22   167545.0000   167080.0000    10101    0.28%
   1260   754   167080.0000    22   167545.0000   167080.0000    10104    0.28%
   1261   755   167080.0000    22   167545.0000   167080.0000    10105    0.28%
   1262   756   167080.0000    23   167545.0000   167080.0000    10106    0.28%
   1263   757   167080.0000    22   167545.0000   167080.0000    10112    0.28%
   1264   758   167080.0000    23   167545.0000   167080.0000    10126    0.28%
   1265   759   167080.0000    22   167545.0000   167080.0000    10129    0.28%
   1266   760   167080.0000    21   167545.0000   167080.0000    10134    0.28%
   1267   761   167080.0000    24   167545.0000   167080.0000    10141    0.28%
Elapsed time = 4.78 sec. (6949.84 ticks, tree = 7.40 MB, solutions = 24)
*  1388+  873                       167520.0000   167080.0000             0.26%
*  1388+  867                       167314.0000   167080.0000             0.14%
*  1408+  887                       167311.0000   167080.0000             0.14%
*  1408+  881                       167238.0000   167080.0000             0.09%
*  1418+  890                       167218.0000   167080.0000             0.08%
*  1447   916      integral     0   167179.0000   167080.0000    10717    0.06%
*  1448+  844                       167141.0000   167080.0000             0.04%
   1518   914   167080.0000    20   167141.0000   167080.0000    11125    0.04%
   1519   915   167080.0000    19   167141.0000   167080.0000    11129    0.04%
   1520   916   167080.0000    20   167141.0000   167080.0000    11136    0.04%
   1521   917   167080.0000    20   167141.0000   167080.0000    11137    0.04%
   1522   918   167080.0000    20   167141.0000   167080.0000    11138    0.04%
   1523   919   167080.0000    20   167141.0000   167080.0000    11139    0.04%
   1524   920   167080.0000    19   167141.0000   167080.0000    11142    0.04%
   1525   921   167080.0000    19   167141.0000   167080.0000    11153    0.04%
   1526   922   167080.0000    19   167141.0000   167080.0000    11156    0.04%
   1527   923   167080.0000    19   167141.0000   167080.0000    11159    0.04%
Elapsed time = 5.39 sec. (7960.25 ticks, tree = 8.99 MB, solutions = 31)
   1723  1119   167080.0000    23   167141.0000   167080.0000    12244    0.04%
   1724  1120   167080.0000    24   167141.0000   167080.0000    12248    0.04%
   1725  1121   167080.0000    22   167141.0000   167080.0000    12254    0.04%
   1726  1122   167080.0000    22   167141.0000   167080.0000    12262    0.04%
   1727  1123   167080.0000    22   167141.0000   167080.0000    12274    0.04%
   1728  1124   167080.0000    23   167141.0000   167080.0000    12279    0.04%
   1729  1125   167080.0000    24   167141.0000   167080.0000    12289    0.04%
   1730  1126   167080.0000    23   167141.0000   167080.0000    12294    0.04%
   1731  1127   167080.0000    23   167141.0000   167080.0000    12302    0.04%
   1732  1128   167080.0000    21   167141.0000   167080.0000    12310    0.04%
Elapsed time = 6.12 sec. (8951.19 ticks, tree = 10.97 MB, solutions = 31)
   1988  1384   167080.0000    23   167141.0000   167080.0000    13864    0.04%
   1989  1385   167080.0000    22   167141.0000   167080.0000    13868    0.04%
   1990  1386   167080.0000    23   167141.0000   167080.0000    13874    0.04%
   1991  1387   167080.0000    23   167141.0000   167080.0000    13877    0.04%
   1992  1388   167080.0000    24   167141.0000   167080.0000    13885    0.04%
   1993  1389   167080.0000    21   167141.0000   167080.0000    13891    0.04%
   1994  1390   167080.0000    22   167141.0000   167080.0000    13897    0.04%
   1995  1391   167080.0000    22   167141.0000   167080.0000    13905    0.04%
   1996  1392   167080.0000    22   167141.0000   167080.0000    13906    0.04%
   1997  1393   167080.0000    23   167141.0000   167080.0000    13907    0.04%
Elapsed time = 6.74 sec. (9923.70 ticks, tree = 13.63 MB, solutions = 31)
   2342  1721   167080.0000    18   167141.0000   167080.0000    15519    0.04%
   2343  1722   167080.0000    18   167141.0000   167080.0000    15520    0.04%
   2344  1723   167080.0000    18   167141.0000   167080.0000    15528    0.04%
   2345  1724   167080.0000    19   167141.0000   167080.0000    15534    0.04%
   2346  1725   167080.0000    19   167141.0000   167080.0000    15544    0.04%
   2347  1726   167080.0000    19   167141.0000   167080.0000    15549    0.04%
   2348  1727   167080.0000    19   167141.0000   167080.0000    15550    0.04%
   2349  1728   167080.0000    19   167141.0000   167080.0000    15551    0.04%
   2350  1729   167080.0000    19   167141.0000   167080.0000    15561    0.04%
   3434  2813   167080.0000    24   167141.0000   167080.0000    22254    0.04%
Elapsed time = 9.15 sec. (13738.87 ticks, tree = 27.66 MB, solutions = 31)
   5790  5167   167080.0000    24   167141.0000   167080.0000    37002    0.04%
   5791  5168   167080.0000    23   167141.0000   167080.0000    37006    0.04%
   5792  5169   167080.0000    23   167141.0000   167080.0000    37011    0.04%
   5793  5170   167080.0000    23   167141.0000   167080.0000    37016    0.04%
   5794  5171   167080.0000    22   167141.0000   167080.0000    37021    0.04%
   5795  5172   167080.0000    23   167141.0000   167080.0000    37031    0.04%
   5796  5173   167080.0000    22   167141.0000   167080.0000    37037    0.04%
   5797  5174   167080.0000    23   167141.0000   167080.0000    37047    0.04%
   5798  5175   167080.0000    22   167141.0000   167080.0000    37053    0.04%
   5799  5176   167080.0000    21   167141.0000   167080.0000    37055    0.04%
Elapsed time = 11.59 sec. (17565.61 ticks, tree = 50.89 MB, solutions = 31)
   8357  7730   167080.0000    18   167141.0000   167080.0000    51033    0.04%
   8358  7731   167080.0000    19   167141.0000   167080.0000    51043    0.04%
   8359  7732   167080.0000    18   167141.0000   167080.0000    51051    0.04%
   8360  7733   167080.0000    19   167141.0000   167080.0000    51057    0.04%
   8361  7734   167080.0000    21   167141.0000   167080.0000    51071    0.04%
   8362  7735   167080.0000    22   167141.0000   167080.0000    51077    0.04%
   8363  7736   167080.0000    23   167141.0000   167080.0000    51089    0.04%
   8364  7737   167080.0000    23   167141.0000   167080.0000    51090    0.04%
   8365  7738   167080.0000    22   167141.0000   167080.0000    51095    0.04%
   8366  7739   167080.0000    22   167141.0000   167080.0000    51100    0.04%
Elapsed time = 13.84 sec. (21394.21 ticks, tree = 76.95 MB, solutions = 31)
*  9708+ 9078                       167139.0000   167080.0000             0.04%
* 10301  9556      integral     0   167138.0000   167080.0000    61358    0.03%
* 10306  8924      integral     0   167130.0000   167080.0000    61365    0.03%
  10608  9225   167080.0000    20   167130.0000   167080.0000    63125    0.03%
  10609  9226   167080.0000    18   167130.0000   167080.0000    63127    0.03%
  10610  9227   167080.0000    18   167130.0000   167080.0000    63129    0.03%
  10611  9228   167080.0000    17   167130.0000   167080.0000    63140    0.03%
  10612  9229   167080.0000    18   167130.0000   167080.0000    63145    0.03%
  10613  9230   167080.0000    17   167130.0000   167080.0000    63147    0.03%
  10614  9231   167080.0000    17   167130.0000   167080.0000    63153    0.03%
  10615  9232   167080.0000    17   167130.0000   167080.0000    63162    0.03%
  10616  9233   167080.0000    17   167130.0000   167080.0000    63178    0.03%
  10617  9234   167080.0000    17   167130.0000   167080.0000    63181    0.03%
Elapsed time = 17.10 sec. (26083.94 ticks, tree = 92.40 MB, solutions = 34)
* 11115  9338      integral     0   167124.0000   167080.0000    65440    0.03%
  13790 11995   167104.0000    15   167124.0000   167080.0000    79088    0.03%
  13791 11996   167104.0000    15   167124.0000   167080.0000    79094    0.03%
  13792 11997   167104.0000    15   167124.0000   167080.0000    79108    0.03%
  13793 11998   167104.0000    20   167124.0000   167080.0000    79125    0.03%
  13794 11999   167104.0000    19   167124.0000   167080.0000    79126    0.03%
  13795 12000   167104.0000    19   167124.0000   167080.0000    79134    0.03%
  13796 12001   167104.0000    18   167124.0000   167080.0000    79135    0.03%
  13797 12002   167104.0000    19   167124.0000   167080.0000    79143    0.03%
  13798 12003   167104.0000    16   167124.0000   167080.0000    79147    0.03%
  13799 12004   167104.0000    16   167124.0000   167080.0000    79155    0.03%
Elapsed time = 19.33 sec. (29909.54 ticks, tree = 120.67 MB, solutions = 35)
  17092 15290   167083.0000    18   167124.0000   167080.0000    94679    0.03%
  17093 15291   167083.0000    18   167124.0000   167080.0000    94680    0.03%
  17094 15292   167083.0000    18   167124.0000   167080.0000    94681    0.03%
  17095 15293   167083.0000    18   167124.0000   167080.0000    94684    0.03%
  17096 15294   167083.0000    20   167124.0000   167080.0000    94686    0.03%
  17097 15295   167083.0000    18   167124.0000   167080.0000    94689    0.03%
  17098 15296   167083.0000    18   167124.0000   167080.0000    94690    0.03%
  17099 15297   167083.0000    17   167124.0000   167080.0000    94692    0.03%
  17100 15298   167083.0000    18   167124.0000   167080.0000    94694    0.03%
  17101 15299   167083.0000    18   167124.0000   167080.0000    94697    0.03%
Elapsed time = 21.58 sec. (33734.58 ticks, tree = 154.32 MB, solutions = 35)
  20330 18515   167080.0000    18   167124.0000   167080.0000   109423    0.03%
  20331 18516   167080.0000    19   167124.0000   167080.0000   109429    0.03%
  20332 18517   167080.0000    20   167124.0000   167080.0000   109433    0.03%
  20333 18518   167080.0000    20   167124.0000   167080.0000   109436    0.03%
  20334 18519   167080.0000    18   167124.0000   167080.0000   109441    0.03%
  20335 18520   167080.0000    19   167124.0000   167080.0000   109449    0.03%
  20336 18521   167080.0000    19   167124.0000   167080.0000   109455    0.03%
  20337 18522   167080.0000    20   167124.0000   167080.0000   109471    0.03%
  20338 18523   167080.0000    19   167124.0000   167080.0000   109481    0.03%
  20339 18524   167080.0000    20   167124.0000   167080.0000   109496    0.03%
Elapsed time = 23.87 sec. (37562.32 ticks, tree = 187.84 MB, solutions = 35)
  23392 21574   167080.0000    20   167124.0000   167080.0000   126896    0.03%
  23393 21575   167080.0000    19   167124.0000   167080.0000   126909    0.03%
  23394 21576   167080.0000    24   167124.0000   167080.0000   126921    0.03%
  23395 21577   167080.0000    20   167124.0000   167080.0000   126929    0.03%
  23396 21578   167080.0000    20   167124.0000   167080.0000   126930    0.03%
  23397 21579   167080.0000    20   167124.0000   167080.0000   126935    0.03%
  23398 21580   167080.0000    20   167124.0000   167080.0000   126938    0.03%
  23399 21581   167080.0000    20   167124.0000   167080.0000   126942    0.03%
  23400 21582   167080.0000    24   167124.0000   167080.0000   126950    0.03%
  23401 21583   167080.0000    21   167124.0000   167080.0000   126957    0.03%
Elapsed time = 26.24 sec. (41388.97 ticks, tree = 218.98 MB, solutions = 35)
* 24108+21523                       167122.0000   167080.0000             0.03%
* 24288+20465                       167116.0000   167080.0000             0.02%
* 26108+21871                       167114.0000   167080.0000             0.02%
  26328 22091   167080.0000    17   167114.0000   167080.0000   140275    0.02%
  26329 22092   167080.0000    18   167114.0000   167080.0000   140280    0.02%
  26330 22093   167080.0000    18   167114.0000   167080.0000   140296    0.02%
  26331 22094   167080.0000    18   167114.0000   167080.0000   140298    0.02%
  26332 22095   167080.0000    18   167114.0000   167080.0000   140310    0.02%
  26333 22096   167080.0000    18   167114.0000   167080.0000   140314    0.02%
  26334 22097   167080.0000    18   167114.0000   167080.0000   140326    0.02%
  26335 22098   167080.0000    22   167114.0000   167080.0000   140335    0.02%
  26336 22099   167080.0000    18   167114.0000   167080.0000   140337    0.02%
  26337 22100   167080.0000    20   167114.0000   167080.0000   140343    0.02%
Elapsed time = 28.55 sec. (45228.50 ticks, tree = 224.03 MB, solutions = 38)
  29536 25280   167080.0000    20   167114.0000   167080.0000   155115    0.02%
  29537 25281   167080.0000    20   167114.0000   167080.0000   155117    0.02%
  29538 25282   167080.0000    19   167114.0000   167080.0000   155122    0.02%
  29539 25283   167080.0000    22   167114.0000   167080.0000   155134    0.02%
  29540 25284   167080.0000    22   167114.0000   167080.0000   155136    0.02%
  29541 25285   167080.0000    22   167114.0000   167080.0000   155138    0.02%
  29542 25286   167080.0000    22   167114.0000   167080.0000   155140    0.02%
  29543 25287   167080.0000    22   167114.0000   167080.0000   155142    0.02%
  29544 25288   167080.0000    22   167114.0000   167080.0000   155144    0.02%
  29545 25289   167080.0000    24   167114.0000   167080.0000   155154    0.02%
Elapsed time = 30.85 sec. (49054.18 ticks, tree = 256.72 MB, solutions = 38)
* 30298 23325      integral     0   167107.0000   167080.0000   158078    0.02%
  32753 25754   167080.0000    23   167107.0000   167080.0000   168866    0.02%
  32754 25755   167080.0000    22   167107.0000   167080.0000   168877    0.02%
  32755 25756   167080.0000    22   167107.0000   167080.0000   168882    0.02%
  32756 25757   167080.0000    22   167107.0000   167080.0000   168886    0.02%
  32757 25758   167080.0000    23   167107.0000   167080.0000   168891    0.02%
  32758 25759   167080.0000    22   167107.0000   167080.0000   168896    0.02%
  32759 25760   167080.0000    23   167107.0000   167080.0000   168907    0.02%
  32760 25761   167080.0000    24   167107.0000   167080.0000   168912    0.02%
  32761 25762   167080.0000    24   167107.0000   167080.0000   168918    0.02%
  32762 25763   167080.0000    23   167107.0000   167080.0000   168922    0.02%
Elapsed time = 33.21 sec. (52880.05 ticks, tree = 261.43 MB, solutions = 39)
* 32908+24104                       167099.0000   167080.0000             0.01%
  35588 26717   167080.0000    22   167099.0000   167080.0000   180492    0.01%
  35589 26718   167080.0000    22   167099.0000   167080.0000   180493    0.01%
  35590 26719   167080.0000    22   167099.0000   167080.0000   180494    0.01%
  35591 26720   167080.0000    21   167099.0000   167080.0000   180496    0.01%
  35592 26721   167080.0000    21   167099.0000   167080.0000   180498    0.01%
  35593 26722   167080.0000    22   167099.0000   167080.0000   180500    0.01%
  35594 26723   167080.0000    22   167099.0000   167080.0000   180502    0.01%
  35595 26724   167080.0000    22   167099.0000   167080.0000   180504    0.01%
  35596 26725   167080.0000    21   167099.0000   167080.0000   180512    0.01%
  35597 26726   167080.0000    21   167099.0000   167080.0000   180514    0.01%
Elapsed time = 35.40 sec. (56709.48 ticks, tree = 271.30 MB, solutions = 40)
  38578 29645   167087.0000    14   167099.0000   167080.0000   192418    0.01%
  38579 29646   167087.0000    14   167099.0000   167080.0000   192426    0.01%
  38580 29647   167087.0000    14   167099.0000   167080.0000   192428    0.01%
  38581 29648   167087.0000    14   167099.0000   167080.0000   192432    0.01%
  38582 29649   167087.0000    15   167099.0000   167080.0000   192436    0.01%
  38583 29650   167087.0000    15   167099.0000   167080.0000   192437    0.01%
  38584 29651   167087.0000    14   167099.0000   167080.0000   192444    0.01%
  38585 29652   167087.0000    15   167099.0000   167080.0000   192452    0.01%
  38586 29653   167087.0000    16   167099.0000   167080.0000   192459    0.01%
  38587 29654   167087.0000    15   167099.0000   167080.0000   192461    0.01%
Elapsed time = 37.63 sec. (60533.22 ticks, tree = 301.47 MB, solutions = 40)
  41702 32704   167095.0000    13   167099.0000   167080.0000   205174    0.01%
  41703 32705   167095.0000    13   167099.0000   167080.0000   205176    0.01%
  41704 32706   167095.0000    14   167099.0000   167080.0000   205177    0.01%
  41705 32705        cutoff         167099.0000   167080.0000   205181    0.01%
  41706 32706   167095.0000    14   167099.0000   167080.0000   205184    0.01%
  41707 32707   167095.0000    13   167099.0000   167080.0000   205185    0.01%
  41708 32706        cutoff         167099.0000   167080.0000   205188    0.01%
  41709 32707   167095.0000    13   167099.0000   167080.0000   205190    0.01%
  41710 32708   167080.0000    19   167099.0000   167080.0000   205200    0.01%
  41711 32709   167080.0000    20   167099.0000   167080.0000   205204    0.01%
Elapsed time = 39.90 sec. (64358.12 ticks, tree = 332.92 MB, solutions = 40)
  45159 36034   167080.0000    22   167099.0000   167080.0000   218200    0.01%
  45160 36035   167080.0000    24   167099.0000   167080.0000   218209    0.01%
  45161 36036   167080.0000    20   167099.0000   167080.0000   218210    0.01%
  45162 36037   167080.0000    19   167099.0000   167080.0000   218215    0.01%
  45163 36038   167080.0000    20   167099.0000   167080.0000   218218    0.01%
  45164 36039   167080.0000    19   167099.0000   167080.0000   218221    0.01%
  45165 36040   167080.0000    19   167099.0000   167080.0000   218222    0.01%
  45166 36041   167080.0000    21   167099.0000   167080.0000   218226    0.01%
  45167 36042   167080.0000    20   167099.0000   167080.0000   218228    0.01%
  45168 36043   167080.0000    20   167099.0000   167080.0000   218229    0.01%
Elapsed time = 42.15 sec. (68183.61 ticks, tree = 368.23 MB, solutions = 40)
  48368 39082   167080.0000    20   167099.0000   167080.0000   229122    0.01%
  48369 39083   167080.0000    19   167099.0000   167080.0000   229126    0.01%
  48370 39084   167080.0000    20   167099.0000   167080.0000   229130    0.01%
  48371 39085   167080.0000    18   167099.0000   167080.0000   229136    0.01%
  48372 39086   167080.0000    17   167099.0000   167080.0000   229141    0.01%
  48373 39087   167080.0000    17   167099.0000   167080.0000   229143    0.01%
  48374 39088   167080.0000    17   167099.0000   167080.0000   229144    0.01%
  48375 39089   167080.0000    19   167099.0000   167080.0000   229148    0.01%
  48376 39090   167080.0000    19   167099.0000   167080.0000   229149    0.01%
  48377 39091   167080.0000    19   167099.0000   167080.0000   229150    0.01%
Elapsed time = 44.36 sec. (72008.02 ticks, tree = 399.80 MB, solutions = 40)
  51588 42145   167096.0000    11   167099.0000   167080.0000   240181    0.01%
  51589 42146   167096.0000    11   167099.0000   167080.0000   240182    0.01%
  51590 42147   167096.0000    11   167099.0000   167080.0000   240183    0.01%
  51591 42148   167096.0000    11   167099.0000   167080.0000   240184    0.01%
  51592 42149   167096.0000    11   167099.0000   167080.0000   240185    0.01%
  51593 42150   167096.0000    11   167099.0000   167080.0000   240186    0.01%
  51594 42151   167096.0000    11   167099.0000   167080.0000   240189    0.01%
  51595 42152   167096.0000    11   167099.0000   167080.0000   240191    0.01%
  51596 42153   167096.0000    11   167099.0000   167080.0000   240192    0.01%
  51597 42154   167096.0000    11   167099.0000   167080.0000   240193    0.01%
Elapsed time = 46.49 sec. (75830.61 ticks, tree = 431.52 MB, solutions = 40)
  55308 45559   167080.0000    19   167099.0000   167080.0000   249284    0.01%
  55309 45560   167080.0000    18   167099.0000   167080.0000   249287    0.01%
  55310 45561   167080.0000    18   167099.0000   167080.0000   249291    0.01%
  55311 45562   167080.0000    18   167099.0000   167080.0000   249295    0.01%
  55312 45563   167080.0000    18   167099.0000   167080.0000   249303    0.01%
  55313 45564   167080.0000    19   167099.0000   167080.0000   249309    0.01%
  55314 45565   167080.0000    18   167099.0000   167080.0000   249317    0.01%
  55315 45566   167080.0000    18   167099.0000   167080.0000   249324    0.01%
  55316 45567   167080.0000    18   167099.0000   167080.0000   249327    0.01%
  55317 45568   167080.0000    18   167099.0000   167080.0000   249330    0.01%
Elapsed time = 48.67 sec. (79666.35 ticks, tree = 467.05 MB, solutions = 40)
* 56833 45587      integral     0   167097.0000   167080.0000   253930    0.01%
  58785 47424   167080.0000    16   167097.0000   167080.0000   259312    0.01%
  58786 47425   167080.0000    17   167097.0000   167080.0000   259316    0.01%
  58787 47426   167080.0000    16   167097.0000   167080.0000   259321    0.01%
  58788 47427   167080.0000    19   167097.0000   167080.0000   259325    0.01%
  58789 47428   167080.0000    18   167097.0000   167080.0000   259329    0.01%
  58790 47429   167080.0000    18   167097.0000   167080.0000   259330    0.01%
  58791 47430   167080.0000    20   167097.0000   167080.0000   259335    0.01%
  58792 47431   167080.0000    21   167097.0000   167080.0000   259337    0.01%
  58793 47432   167080.0000    23   167097.0000   167080.0000   259341    0.01%
  58794 47433   167080.0000    23   167097.0000   167080.0000   259345    0.01%
Elapsed time = 50.91 sec. (83492.10 ticks, tree = 486.28 MB, solutions = 41)
* 61480 47268      integral     0   167094.0000   167080.0000   265137    0.01%

Mixed integer rounding cuts applied:  3

Root node processing (before b&c):
  Real time             =    0.55 sec. (714.19 ticks)
Sequential b&c:
  Real time             =   51.88 sec. (85506.66 ticks)
                          ------------
Total (root+branch&cut) =   52.43 sec. (86220.85 ticks)

Populate: phase II 
Tried aggregator 2 times.
Aggregator did 15 substitutions.
Reduced MIP has 515 rows, 7501 columns, and 15015 nonzeros.
Reduced MIP has 7500 binaries, 0 generals, 0 SOSs, and 0 indicators.
Presolve time = 0.02 sec. (13.43 ticks)
Probing time = 0.00 sec. (2.51 ticks)
Clique table members: 500.
MIP emphasis: balance optimality and feasibility.
MIP search method: dynamic search.
Parallel mode: none, using 1 thread.
Root relaxation solution time = 0.02 sec. (31.86 ticks)

        Nodes                                         Cuts/
   Node  Left     Objective  IInf  Best Integer    Best Bound    ItCnt     Gap

*     0+    0                       167094.0000        0.0000           100.00%
      0     0   167079.3333    29   167094.0000   167079.3333      477    0.01%
      0     2   167080.0000    28   167094.0000   167080.0000      477    0.01%
Elapsed time = 0.49 sec. (538.98 ticks, tree = 0.01 MB, solutions = 66)
      1     3   167080.0000    28   167094.0000   167080.0000      482    0.01%
      2     4   167080.0000    28   167094.0000   167080.0000      485    0.01%
      3     5   167080.0000    26   167094.0000   167080.0000      488    0.01%
      4     6   167080.0000    23   167094.0000   167080.0000      492    0.01%
      5     7   167080.0000    23   167094.0000   167080.0000      498    0.01%
      6     8   167080.0000    22   167094.0000   167080.0000      502    0.01%
      7     9   167080.0000    22   167094.0000   167080.0000      506    0.01%
      8    10   167080.0000    23   167094.0000   167080.0000      510    0.01%
      9    11   167080.0000    21   167094.0000   167080.0000      515    0.01%
     10    12   167080.0000    23   167094.0000   167080.0000      519    0.01%
Elapsed time = 3.22 sec. (3415.75 ticks, tree = 0.08 MB, solutions = 198)
     27    29   167080.0000    20   167094.0000   167080.0000      651    0.01%
     28    30   167080.0000    20   167094.0000   167080.0000      653    0.01%
     29    31   167080.0000    20   167094.0000   167080.0000      658    0.01%
     30    32   167080.0000    19   167094.0000   167080.0000      665    0.01%
     31    33   167080.0000    22   167094.0000   167080.0000      674    0.01%
     32    34   167080.0000    20   167094.0000   167080.0000      680    0.01%
     33    35   167080.0000    23   167094.0000   167080.0000      691    0.01%
     34    36   167080.0000    20   167094.0000   167080.0000      695    0.01%
     35    37   167080.0000    23   167094.0000   167080.0000      701    0.01%
     36    38   167080.0000    20   167094.0000   167080.0000      707    0.01%
Elapsed time = 5.04 sec. (5045.25 ticks, tree = 0.32 MB, solutions = 435)
     56    58   167080.0000    19   167094.0000   167080.0000      824    0.01%
     57    59   167080.0000    19   167094.0000   167080.0000      828    0.01%
     58    60   167080.0000    19   167094.0000   167080.0000      837    0.01%
     59    61   167080.0000    18   167094.0000   167080.0000      844    0.01%
     60    62   167080.0000    19   167094.0000   167080.0000      848    0.01%
     61    63   167080.0000    19   167094.0000   167080.0000      850    0.01%
     62    64   167080.0000    19   167094.0000   167080.0000      851    0.01%
     63    65   167080.0000    19   167094.0000   167080.0000      853    0.01%
     64    66   167080.0000    20   167094.0000   167080.0000      861    0.01%
     65    67   167080.0000    19   167094.0000   167080.0000      866    0.01%
Elapsed time = 6.74 sec. (6532.28 ticks, tree = 0.58 MB, solutions = 592)
     83    85   167080.0000    20   167094.0000   167080.0000      979    0.01%
     84    86   167080.0000    19   167094.0000   167080.0000      987    0.01%
     85    87   167080.0000    20   167094.0000   167080.0000      994    0.01%
     86    88   167080.0000    18   167094.0000   167080.0000     1005    0.01%
     87    89   167080.0000    18   167094.0000   167080.0000     1007    0.01%
     88    90   167080.0000    21   167094.0000   167080.0000     1016    0.01%
     89    91   167080.0000    20   167094.0000   167080.0000     1024    0.01%
     90    92   167080.0000    19   167094.0000   167080.0000     1028    0.01%
     91    93   167080.0000    20   167094.0000   167080.0000     1032    0.01%
     92    94   167080.0000    21   167094.0000   167080.0000     1041    0.01%
Elapsed time = 8.55 sec. (8079.87 ticks, tree = 0.82 MB, solutions = 736)
    112   114   167080.0000    21   167094.0000   167080.0000     1188    0.01%
    113   115   167080.0000    21   167094.0000   167080.0000     1190    0.01%
    114   116   167080.0000    21   167094.0000   167080.0000     1195    0.01%
    115   117   167080.0000    22   167094.0000   167080.0000     1207    0.01%
    116   118   167080.0000    21   167094.0000   167080.0000     1212    0.01%
    117   119   167080.0000    22   167094.0000   167080.0000     1214    0.01%
    118   120   167080.0000    20   167094.0000   167080.0000     1220    0.01%
    119   121   167080.0000    23   167094.0000   167080.0000     1229    0.01%
    120   122   167080.0000    20   167094.0000   167080.0000     1235    0.01%
    121   123   167080.0000    20   167094.0000   167080.0000     1239    0.01%
Elapsed time = 10.11 sec. (9402.99 ticks, tree = 1.07 MB, solutions = 827)
    138   140   167080.0000    22   167094.0000   167080.0000     1348    0.01%
    139   141   167080.0000    21   167094.0000   167080.0000     1351    0.01%
    140   142   167080.0000    21   167094.0000   167080.0000     1352    0.01%
    141   143   167080.0000    21   167094.0000   167080.0000     1359    0.01%
    142   144   167080.0000    21   167094.0000   167080.0000     1364    0.01%
    143   145   167080.0000    21   167094.0000   167080.0000     1371    0.01%
    144   146   167080.0000    23   167094.0000   167080.0000     1377    0.01%
    145   147   167080.0000    22   167094.0000   167080.0000     1384    0.01%
    146   148   167080.0000    24   167094.0000   167080.0000     1391    0.01%
    147   149   167080.0000    21   167094.0000   167080.0000     1397    0.01%
Elapsed time = 11.59 sec. (10679.81 ticks, tree = 1.32 MB, solutions = 977)
    170   172   167080.0000    21   167094.0000   167080.0000     1546    0.01%
    171   173   167080.0000    23   167094.0000   167080.0000     1552    0.01%
    172   174   167080.0000    22   167094.0000   167080.0000     1560    0.01%
    173   175   167080.0000    22   167094.0000   167080.0000     1561    0.01%
    174   176   167080.0000    22   167094.0000   167080.0000     1570    0.01%
    175   177   167080.0000    23   167094.0000   167080.0000     1575    0.01%
    176   178   167080.0000    22   167094.0000   167080.0000     1579    0.01%
    177   179   167080.0000    24   167094.0000   167080.0000     1587    0.01%
    178   180   167080.0000    22   167094.0000   167080.0000     1592    0.01%
    179   181   167080.0000    21   167094.0000   167080.0000     1598    0.01%
Elapsed time = 13.33 sec. (12173.15 ticks, tree = 1.61 MB, solutions = 1170)
    203   205   167080.0000    20   167094.0000   167080.0000     1743    0.01%
    204   206   167080.0000    22   167094.0000   167080.0000     1751    0.01%
    205   207   167080.0000    20   167094.0000   167080.0000     1760    0.01%
    206   208   167080.0000    20   167094.0000   167080.0000     1764    0.01%
    207   209   167080.0000    19   167094.0000   167080.0000     1772    0.01%
    208   210   167080.0000    24   167094.0000   167080.0000     1788    0.01%
    209   211   167080.0000    20   167094.0000   167080.0000     1796    0.01%
    210   212   167080.0000    24   167094.0000   167080.0000     1812    0.01%
    211   213   167080.0000    20   167094.0000   167080.0000     1815    0.01%
    212   214   167080.0000    23   167094.0000   167080.0000     1830    0.01%
Elapsed time = 14.95 sec. (13575.58 ticks, tree = 1.91 MB, solutions = 1300)
    230   232   167080.0000    21   167094.0000   167080.0000     1929    0.01%
    231   233   167080.0000    21   167094.0000   167080.0000     1931    0.01%
    232   234   167080.0000    21   167094.0000   167080.0000     1941    0.01%
    233   235   167080.0000    20   167094.0000   167080.0000     1947    0.01%
    234   236   167080.0000    20   167094.0000   167080.0000     1953    0.01%
    235   237   167080.0000    19   167094.0000   167080.0000     1963    0.01%
    236   238   167080.0000    20   167094.0000   167080.0000     1976    0.01%
    237   239   167080.0000    19   167094.0000   167080.0000     1982    0.01%
    238   240   167080.0000    20   167094.0000   167080.0000     1986    0.01%
    239   241   167080.0000    20   167094.0000   167080.0000     1989    0.01%
Elapsed time = 16.59 sec. (14968.65 ticks, tree = 2.16 MB, solutions = 1501)
    256   258   167080.0000    19   167094.0000   167080.0000     2095    0.01%
    257   259   167080.0000    18   167094.0000   167080.0000     2102    0.01%
    258   260   167080.0000    20   167094.0000   167080.0000     2115    0.01%
    259   261   167080.0000    19   167094.0000   167080.0000     2116    0.01%
    260   262   167080.0000    21   167094.0000   167080.0000     2130    0.01%
    261   263   167080.0000    19   167094.0000   167080.0000     2131    0.01%
    262   264   167080.0000    20   167094.0000   167080.0000     2139    0.01%
    263   265   167080.0000    18   167094.0000   167080.0000     2146    0.01%
    264   266   167080.0000    20   167094.0000   167080.0000     2158    0.01%
    315   317   167080.0000    19   167094.0000   167080.0000     2569    0.01%
Elapsed time = 21.05 sec. (18793.72 ticks, tree = 2.88 MB, solutions = 1986)

Root node processing (before b&c):
  Real time             =    0.55 sec. (641.36 ticks)
Sequential b&c:
  Real time             =   21.08 sec. (18683.62 ticks)
                          ------------
Total (root+branch&cut) =   21.63 sec. (19324.98 ticks)
