
Log started (V12.6.3.0) Sat Apr 21 08:55:59 2018

New value for default parallel thread count: 1

Problem '/tmp/tmpbbSgyd.pyomo.lp' read.
Read time = 0.30 sec. (29.65 ticks)

Problem name         : /tmp/tmpbbSgyd.pyomo.lp
Objective sense      : Minimize
Variables            :    5924  [Nneg: 1,  Binary: 5908,  General Integer: 15]
Objective nonzeros   :       1
Linear constraints   :     873  [Less: 436,  Equal: 437]
  Nonzeros           : 2206021
  RHS nonzeros       :     845

Variables            : Min LB: 0.000000         Max UB: 1.000000       
Objective nonzeros   : Min   : 1.000000         Max   : 1.000000       
Linear constraints   :
  Nonzeros           : Min   : 1.000000         Max   : 1991.000       
  RHS nonzeros       : Min   : 1.000000         Max   : 43.00000       
Tried aggregator 2 times.
MIP Presolve eliminated 422 rows and 222 columns.
Aggregator did 31 substitutions.
Reduced MIP has 420 rows, 5671 columns, and 16333 nonzeros.
Reduced MIP has 5670 binaries, 1 generals, 0 SOSs, and 0 indicators.
Presolve time = 0.28 sec. (335.87 ticks)
Found incumbent of value 385571.000000 after 0.35 sec. (384.83 ticks)
Tried aggregator 1 time.
Reduced MIP has 420 rows, 5671 columns, and 16333 nonzeros.
Reduced MIP has 5670 binaries, 1 generals, 0 SOSs, and 0 indicators.
Presolve time = 0.01 sec. (6.40 ticks)
Probing time = 0.00 sec. (2.34 ticks)
Clique table members: 405.
MIP emphasis: balance optimality and feasibility.
MIP search method: dynamic search.
Parallel mode: none, using 1 thread.
Root relaxation solution time = 0.01 sec. (14.90 ticks)

        Nodes                                         Cuts/
   Node  Left     Objective  IInf  Best Integer    Best Bound    ItCnt     Gap

*     0+    0                       385571.0000        0.0000           100.00%
      0     0    27540.7857    23   385571.0000    27540.7857      152   92.86%
*     0+    0                        29018.0000    27540.7857             5.09%
      0     0    27541.0000    25    29018.0000      Fract: 8      171    5.09%
*     0+    0                        28210.0000    27541.0000             2.37%
      0     0    27541.0000    30    28210.0000      Cuts: 24      220    2.37%
*     0+    0                        28168.0000    27541.0000             2.23%
*     0+    0                        28132.0000    27541.0000             2.10%
*     0+    0                        28077.0000    27541.0000             1.91%
*     0+    0                        28058.0000    27541.0000             1.84%
*     0+    0                        27886.0000    27541.0000             1.24%
*     0+    0                        27808.0000    27541.0000             0.96%
*     0+    0                        27807.0000    27541.0000             0.96%
*     0+    0                        27783.0000    27541.0000             0.87%
      0     2    27541.0000    21    27783.0000    27541.0000      220    0.87%
Elapsed time = 0.82 sec. (1083.71 ticks, tree = 0.01 MB, solutions = 11)
    114   116    27541.0000    25    27783.0000    27541.0000     1049    0.87%
    115   117    27541.0000    23    27783.0000    27541.0000     1054    0.87%
    116   118    27541.0000    25    27783.0000    27541.0000     1063    0.87%
    117   119    27541.0000    25    27783.0000    27541.0000     1077    0.87%
    118   120    27541.0000    24    27783.0000    27541.0000     1084    0.87%
    119   121    27541.0000    21    27783.0000    27541.0000     1088    0.87%
    120   122    27541.0000    23    27783.0000    27541.0000     1095    0.87%
    121   123    27541.0000    23    27783.0000    27541.0000     1103    0.87%
    122   124    27541.0000    23    27783.0000    27541.0000     1113    0.87%
*   186+  170                        27772.0000    27541.0000             0.83%
*   200+  182                        27673.0000    27541.0000             0.48%
    426   395    27541.0000    23    27673.0000    27541.0000     3337    0.48%
Elapsed time = 1.42 sec. (2038.17 ticks, tree = 2.95 MB, solutions = 13)
*   478+  297                        27661.0000    27541.0000             0.43%
    484   303    27541.0000    23    27661.0000    27541.0000     3921    0.43%
    485   303    27541.0000    23    27661.0000    27541.0000     3927    0.43%
    486   304    27541.0000    22    27661.0000    27541.0000     3932    0.43%
    487   305    27541.0000    22    27661.0000    27541.0000     3936    0.43%
    488   305    27541.0000    23    27661.0000    27541.0000     3946    0.43%
    489   306    27541.0000    23    27661.0000    27541.0000     3956    0.43%
    490   307    27541.0000    25    27661.0000    27541.0000     3964    0.43%
    491   308    27541.0000    26    27661.0000    27541.0000     3968    0.43%
    492   308    27541.0000    24    27661.0000    27541.0000     3973    0.43%
    493   309    27541.0000    25    27661.0000    27541.0000     3979    0.43%
Elapsed time = 2.13 sec. (3063.25 ticks, tree = 2.30 MB, solutions = 14)
*   605+  272                        27656.0000    27541.0000             0.42%
*   605+  218                        27652.0000    27541.0000             0.40%
    664   253    27541.0000    24    27652.0000    27541.0000     4940    0.40%
    665   254    27541.0000    25    27652.0000    27541.0000     4946    0.40%
    666   255    27541.0000    22    27652.0000    27541.0000     4956    0.40%
    667   255    27541.0000    21    27652.0000    27541.0000     4959    0.40%
    668   255    27541.0000    21    27652.0000    27541.0000     4962    0.40%
    669   255    27541.0000    22    27652.0000    27541.0000     4964    0.40%
    670   256    27541.0000    23    27652.0000    27541.0000     4967    0.40%
    671   257    27541.0000    22    27652.0000    27541.0000     4969    0.40%
    672   258    27541.0000    22    27652.0000    27541.0000     4974    0.40%
    673   259    27541.0000    21    27652.0000    27541.0000     4977    0.40%
Elapsed time = 2.74 sec. (4052.91 ticks, tree = 1.88 MB, solutions = 16)
    833   332    27541.0000    21    27652.0000    27541.0000     6090    0.40%
    834   332    27541.0000    22    27652.0000    27541.0000     6103    0.40%
    835   331    27541.0000    22    27652.0000    27541.0000     6110    0.40%
    836   331    27541.0000    20    27652.0000    27541.0000     6112    0.40%
    837   331    27541.0000    21    27652.0000    27541.0000     6116    0.40%
    838   331    27541.0000    19    27652.0000    27541.0000     6122    0.40%
    839   332    27541.0000    19    27652.0000    27541.0000     6122    0.40%
    840   332    27639.3098    14    27652.0000    27541.0000     6133    0.40%
    841   331    27639.3098    15    27652.0000    27541.0000     6138    0.40%
    842   330    27639.3098    16    27652.0000    27541.0000     6142    0.40%
Elapsed time = 3.35 sec. (5044.62 ticks, tree = 2.42 MB, solutions = 16)
   1133   567    27541.0000    23    27652.0000    27541.0000     7738    0.40%
   1134   568    27541.0000    23    27652.0000    27541.0000     7740    0.40%
   1135   569    27541.0000    23    27652.0000    27541.0000     7742    0.40%
   1136   569    27541.0000    24    27652.0000    27541.0000     7760    0.40%
   1137   569    27541.0000    25    27652.0000    27541.0000     7763    0.40%
   1138   569    27541.0000    24    27652.0000    27541.0000     7764    0.40%
   1139   570    27541.0000    24    27652.0000    27541.0000     7764    0.40%
   1140   570    27541.0000    24    27652.0000    27541.0000     7775    0.40%
   1141   571    27541.0000    24    27652.0000    27541.0000     7781    0.40%
   1142   572    27541.0000    24    27652.0000    27541.0000     7783    0.40%
Elapsed time = 3.98 sec. (6029.16 ticks, tree = 4.21 MB, solutions = 16)
   1517   829    27541.0000    19    27652.0000    27541.0000     9323    0.40%
   1518   830    27541.0000    20    27652.0000    27541.0000     9338    0.40%
   1519   831    27541.0000    20    27652.0000    27541.0000     9340    0.40%
   1520   832    27541.0000    21    27652.0000    27541.0000     9341    0.40%
   1521   833    27541.0000    22    27652.0000    27541.0000     9343    0.40%
   1522   834    27541.0000    22    27652.0000    27541.0000     9344    0.40%
   1523   835    27541.0000    23    27652.0000    27541.0000     9357    0.40%
   1524   836    27541.0000    23    27652.0000    27541.0000     9358    0.40%
   1525   837    27541.0000    23    27652.0000    27541.0000     9359    0.40%
   1526   838    27541.0000    21    27652.0000    27541.0000     9367    0.40%
Elapsed time = 4.63 sec. (6996.21 ticks, tree = 6.21 MB, solutions = 16)
*  1978+ 1128                        27637.0000    27541.0000             0.35%
*  1978+ 1124                        27631.0000    27541.0000             0.33%
*  1978+ 1124                        27630.0000    27541.0000             0.32%
*  1978+ 1073                        27608.0000    27541.0000             0.24%
   1981  1075    27545.7254    24    27608.0000    27541.0000    11017    0.24%
   1982  1075    27545.7815    23    27608.0000    27541.0000    11020    0.24%
   1983  1075    27545.7815    24    27608.0000    27541.0000    11023    0.24%
   1984  1075    27545.9306    24    27608.0000    27541.0000    11024    0.24%
   1985  1075    27545.9969    24    27608.0000    27541.0000    11025    0.24%
   1986  1075    27545.9969    24    27608.0000    27541.0000    11027    0.24%
   1987  1075    27546.2218    24    27608.0000    27541.0000    11028    0.24%
   1988  1075    27546.2218    24    27608.0000    27541.0000    11029    0.24%
   1989  1076    27546.2218    24    27608.0000    27541.0000    11029    0.24%
   1990  1076    27546.6382    23    27608.0000    27541.0000    11031    0.24%
Elapsed time = 5.29 sec. (7972.80 ticks, tree = 8.02 MB, solutions = 20)
   2437  1375    27541.0000    26    27608.0000    27541.0000    12818    0.24%
   2438  1375    27541.0000    26    27608.0000    27541.0000    12820    0.24%
   2439  1376    27541.0000    26    27608.0000    27541.0000    12820    0.24%
   2440  1376    27541.0000    26    27608.0000    27541.0000    12822    0.24%
   2441  1376    27541.0000    26    27608.0000    27541.0000    12824    0.24%
   2442  1376    27541.0000    26    27608.0000    27541.0000    12827    0.24%
   2443  1376    27541.0000    26    27608.0000    27541.0000    12830    0.24%
   2444  1377    27541.0000    26    27608.0000    27541.0000    12831    0.24%
   2445  1378    27541.0000    26    27608.0000    27541.0000    12832    0.24%
   2446  1378    27541.0000    26    27608.0000    27541.0000    12834    0.24%
Elapsed time = 5.94 sec. (8952.91 ticks, tree = 10.30 MB, solutions = 20)
   3046  1885    27541.0000    21    27608.0000    27541.0000    15101    0.24%
   3047  1886    27541.0000    22    27608.0000    27541.0000    15102    0.24%
   3048  1887    27541.0000    22    27608.0000    27541.0000    15103    0.24%
   3049  1888    27541.0000    22    27608.0000    27541.0000    15104    0.24%
   3050  1889    27541.0000    21    27608.0000    27541.0000    15106    0.24%
   3051  1890    27541.0000    21    27608.0000    27541.0000    15112    0.24%
   3052  1891    27541.0000    22    27608.0000    27541.0000    15115    0.24%
   3053  1892    27541.0000    21    27608.0000    27541.0000    15117    0.24%
   3054  1893    27541.0000    21    27608.0000    27541.0000    15119    0.24%
   3055  1894    27541.0000    22    27608.0000    27541.0000    15125    0.24%
Elapsed time = 6.59 sec. (9917.55 ticks, tree = 14.19 MB, solutions = 20)
   3693  2418    27541.0000    22    27608.0000    27541.0000    17693    0.24%
   3694  2419    27541.0000    23    27608.0000    27541.0000    17698    0.24%
   3695  2420    27541.0000    21    27608.0000    27541.0000    17700    0.24%
   3696  2421    27541.0000    23    27608.0000    27541.0000    17704    0.24%
   3697  2422    27541.0000    22    27608.0000    27541.0000    17712    0.24%
   3698  2423    27541.0000    22    27608.0000    27541.0000    17714    0.24%
   3699  2423    27546.5987    22    27608.0000    27541.0000    17729    0.24%
   3700  2424    27547.0000    21    27608.0000    27541.0000    17730    0.24%
   3701  2425    27547.0000    17    27608.0000    27541.0000    17739    0.24%
   6090  4251    27541.0000    25    27608.0000    27541.0000    27382    0.24%
Elapsed time = 9.03 sec. (13732.94 ticks, tree = 32.54 MB, solutions = 20)
   9910  7701    27541.0000    23    27608.0000    27541.0000    41154    0.24%
   9911  7702    27541.0000    21    27608.0000    27541.0000    41157    0.24%
   9912  7703    27541.0000    23    27608.0000    27541.0000    41159    0.24%
   9913  7704    27541.0000    23    27608.0000    27541.0000    41160    0.24%
   9914  7705    27541.0000    23    27608.0000    27541.0000    41161    0.24%
   9915  7706    27541.0000    23    27608.0000    27541.0000    41162    0.24%
   9916  7707    27541.0000    23    27608.0000    27541.0000    41163    0.24%
   9917  7708    27541.0000    23    27608.0000    27541.0000    41164    0.24%
   9918  7709    27541.0000    23    27608.0000    27541.0000    41165    0.24%
   9919  7710    27541.0000    23    27608.0000    27541.0000    41166    0.24%
Elapsed time = 11.49 sec. (17560.19 ticks, tree = 59.56 MB, solutions = 20)
  12657 10255    27582.0000    16    27608.0000    27541.0000    50403    0.24%
  12658 10256    27582.0000    16    27608.0000    27541.0000    50406    0.24%
  12659 10255        cutoff          27608.0000    27541.0000    50414    0.24%
  12660 10256    27582.0000    14    27608.0000    27541.0000    50419    0.24%
  12661 10256    27582.0000    17    27608.0000    27541.0000    50423    0.24%
  12662 10257    27582.0000    15    27608.0000    27541.0000    50424    0.24%
  12663 10258    27582.0000    14    27608.0000    27541.0000    50425    0.24%
  12664 10259    27582.0000    13    27608.0000    27541.0000    50426    0.24%
  12665 10260    27582.0000    13    27608.0000    27541.0000    50428    0.24%
  12666 10261    27582.0000    16    27608.0000    27541.0000    50435    0.24%
Elapsed time = 14.08 sec. (21382.72 ticks, tree = 79.86 MB, solutions = 20)
  16856 14263    27577.6518    19    27608.0000    27541.0000    64394    0.24%
  16857 14264    27577.6518    19    27608.0000    27541.0000    64397    0.24%
  16858 14264    27579.7749    18    27608.0000    27541.0000    64399    0.24%
  16859 14265    27579.7749    18    27608.0000    27541.0000    64400    0.24%
  16860 14265    27579.7749    20    27608.0000    27541.0000    64403    0.24%
  16861 14265    27579.7749    19    27608.0000    27541.0000    64407    0.24%
  16862 14266    27579.7749    19    27608.0000    27541.0000    64410    0.24%
  16863 14266    27579.8772    18    27608.0000    27541.0000    64412    0.24%
  16864 14266    27579.8772    18    27608.0000    27541.0000    64413    0.24%
  16865 14266    27580.4735    18    27608.0000    27541.0000    64414    0.24%
Elapsed time = 16.60 sec. (25210.89 ticks, tree = 111.40 MB, solutions = 20)
  21139 18336    27541.0000    24    27608.0000    27541.0000    78746    0.24%
  21140 18337    27541.0000    23    27608.0000    27541.0000    78756    0.24%
  21141 18338    27541.0000    20    27608.0000    27541.0000    78760    0.24%
  21142 18339    27541.0000    24    27608.0000    27541.0000    78767    0.24%
  21143 18340    27541.0000    24    27608.0000    27541.0000    78774    0.24%
  21144 18341    27541.0000    25    27608.0000    27541.0000    78778    0.24%
  21145 18342    27541.0000    23    27608.0000    27541.0000    78780    0.24%
  21146 18343    27541.0000    25    27608.0000    27541.0000    78784    0.24%
  21147 18344    27541.0000    25    27608.0000    27541.0000    78791    0.24%
  21148 18345    27541.0000    25    27608.0000    27541.0000    78797    0.24%
Elapsed time = 19.05 sec. (29033.93 ticks, tree = 143.93 MB, solutions = 20)
  25161 22141    27541.0000    22    27608.0000    27541.0000    94127    0.24%
  25162 22142    27541.0000    24    27608.0000    27541.0000    94132    0.24%
  25163 22143    27541.0000    26    27608.0000    27541.0000    94142    0.24%
  25164 22144    27541.0000    23    27608.0000    27541.0000    94152    0.24%
  25165 22145    27541.0000    23    27608.0000    27541.0000    94158    0.24%
  25166 22146    27541.0000    23    27608.0000    27541.0000    94159    0.24%
  25167 22147    27541.0000    24    27608.0000    27541.0000    94164    0.24%
  25168 22148    27541.0000    25    27608.0000    27541.0000    94166    0.24%
  25169 22149    27541.0000    27    27608.0000    27541.0000    94170    0.24%
  25170 22150    27541.0000    26    27608.0000    27541.0000    94172    0.24%
Elapsed time = 21.60 sec. (32856.68 ticks, tree = 174.04 MB, solutions = 20)
  29412 26244    27541.0000    25    27608.0000    27541.0000   107570    0.24%
  29413 26245    27541.0000    22    27608.0000    27541.0000   107574    0.24%
  29414 26246    27541.0000    24    27608.0000    27541.0000   107577    0.24%
  29415 26247    27541.0000    23    27608.0000    27541.0000   107581    0.24%
  29416 26248    27541.0000    23    27608.0000    27541.0000   107602    0.24%
  29417 26249    27541.0000    23    27608.0000    27541.0000   107603    0.24%
  29418 26250    27541.0000    23    27608.0000    27541.0000   107604    0.24%
  29419 26251    27541.0000    26    27608.0000    27541.0000   107613    0.24%
  29420 26252    27541.0000    25    27608.0000    27541.0000   107615    0.24%
  29421 26253    27541.0000    24    27608.0000    27541.0000   107619    0.24%
Elapsed time = 24.07 sec. (36679.42 ticks, tree = 206.56 MB, solutions = 20)
  33709 30399    27541.0000    23    27608.0000    27541.0000   121027    0.24%
  33710 30400    27541.0000    23    27608.0000    27541.0000   121028    0.24%
  33711 30401    27541.0000    24    27608.0000    27541.0000   121029    0.24%
  33712 30402    27541.0000    24    27608.0000    27541.0000   121030    0.24%
  33713 30403    27541.0000    24    27608.0000    27541.0000   121031    0.24%
  33714 30404    27541.0000    24    27608.0000    27541.0000   121032    0.24%
  33715 30405    27541.0000    24    27608.0000    27541.0000   121033    0.24%
  33716 30406    27541.0000    24    27608.0000    27541.0000   121034    0.24%
  33717 30407    27541.0000    24    27608.0000    27541.0000   121035    0.24%
  33718 30408    27541.0000    23    27608.0000    27541.0000   121036    0.24%
Elapsed time = 26.54 sec. (40500.04 ticks, tree = 239.53 MB, solutions = 20)
  37578 34021    27541.0000    23    27608.0000    27541.0000   134505    0.24%
  37579 34022    27541.0000    24    27608.0000    27541.0000   134507    0.24%
  37580 34023    27541.0000    24    27608.0000    27541.0000   134509    0.24%
  37581 34024    27541.0000    24    27608.0000    27541.0000   134513    0.24%
  37582 34025    27541.0000    24    27608.0000    27541.0000   134514    0.24%
  37583 34026    27541.0000    24    27608.0000    27541.0000   134516    0.24%
  37584 34027    27541.0000    24    27608.0000    27541.0000   134521    0.24%
  37585 34028    27541.0000    24    27608.0000    27541.0000   134523    0.24%
  37586 34029    27541.0000    24    27608.0000    27541.0000   134524    0.24%
  37587 34030    27541.0000    24    27608.0000    27541.0000   134527    0.24%
Elapsed time = 29.09 sec. (44337.87 ticks, tree = 269.45 MB, solutions = 20)
  41533 37737    27541.0000    25    27608.0000    27541.0000   146989    0.24%
  41534 37738    27541.0000    25    27608.0000    27541.0000   146990    0.24%
  41535 37739    27541.0000    25    27608.0000    27541.0000   146992    0.24%
  41536 37740    27541.0000    25    27608.0000    27541.0000   146993    0.24%
  41537 37741    27541.0000    24    27608.0000    27541.0000   147004    0.24%
  41538 37742    27541.0000    24    27608.0000    27541.0000   147008    0.24%
  41539 37743    27541.0000    24    27608.0000    27541.0000   147011    0.24%
  41540 37744    27541.0000    27    27608.0000    27541.0000   147020    0.24%
  41541 37745    27541.0000    25    27608.0000    27541.0000   147023    0.24%
  41542 37746    27541.0000    26    27608.0000    27541.0000   147027    0.24%
Elapsed time = 31.54 sec. (48160.37 ticks, tree = 299.01 MB, solutions = 20)
  45261 41394    27541.0000    25    27608.0000    27541.0000   158542    0.24%
  45262 41395    27541.0000    25    27608.0000    27541.0000   158543    0.24%
  45263 41396    27541.0000    25    27608.0000    27541.0000   158544    0.24%
  45264 41397    27541.0000    25    27608.0000    27541.0000   158545    0.24%
  45265 41398    27541.0000    27    27608.0000    27541.0000   158547    0.24%
  45266 41399    27541.0000    27    27608.0000    27541.0000   158548    0.24%
  45267 41400    27541.0000    27    27608.0000    27541.0000   158549    0.24%
  45268 41401    27541.0000    27    27608.0000    27541.0000   158550    0.24%
  45269 41402    27541.0000    27    27608.0000    27541.0000   158551    0.24%
  45270 41403    27541.0000    27    27608.0000    27541.0000   158563    0.24%
Elapsed time = 34.00 sec. (51981.34 ticks, tree = 327.55 MB, solutions = 20)
  48591 44407    27558.4973    23    27608.0000    27541.0000   171269    0.24%
  48592 44407    27559.5696    24    27608.0000    27541.0000   171272    0.24%
  48593 44406    27559.5696    20    27608.0000    27541.0000   171274    0.24%
  48594 44407    27541.0000    22    27608.0000    27541.0000   171298    0.24%
  48595 44408    27541.0000    22    27608.0000    27541.0000   171301    0.24%
  48596 44409    27541.0000    23    27608.0000    27541.0000   171303    0.24%
  48597 44410    27541.0000    23    27608.0000    27541.0000   171304    0.24%
  48598 44411    27541.0000    24    27608.0000    27541.0000   171306    0.24%
  48599 44412    27541.0000    24    27608.0000    27541.0000   171311    0.24%
  48600 44413    27541.0000    24    27608.0000    27541.0000   171316    0.24%
Elapsed time = 36.49 sec. (55835.25 ticks, tree = 351.56 MB, solutions = 20)
  52035 47599    27541.0000    21    27608.0000    27541.0000   184046    0.24%
  52036 47600    27541.0000    22    27608.0000    27541.0000   184052    0.24%
  52037 47601    27541.0000    20    27608.0000    27541.0000   184060    0.24%
  52038 47602    27541.0000    20    27608.0000    27541.0000   184063    0.24%
  52039 47603    27541.0000    21    27608.0000    27541.0000   184068    0.24%
  52040 47604    27541.0000    21    27608.0000    27541.0000   184073    0.24%
  52041 47605    27541.0000    21    27608.0000    27541.0000   184079    0.24%
  52042 47606    27541.0000    21    27608.0000    27541.0000   184086    0.24%
  52043 47607    27541.0000    21    27608.0000    27541.0000   184089    0.24%
  52044 47608    27541.0000    20    27608.0000    27541.0000   184093    0.24%
Elapsed time = 39.00 sec. (59658.28 ticks, tree = 377.01 MB, solutions = 20)
  55318 50597    27541.0000    24    27608.0000    27541.0000   197002    0.24%
  55319 50598    27541.0000    26    27608.0000    27541.0000   197004    0.24%
  55320 50599    27541.0000    24    27608.0000    27541.0000   197006    0.24%
  55321 50600    27541.0000    24    27608.0000    27541.0000   197009    0.24%
  55322 50601    27541.0000    27    27608.0000    27541.0000   197014    0.24%
  55323 50602    27541.0000    25    27608.0000    27541.0000   197015    0.24%
  55324 50603    27541.0000    27    27608.0000    27541.0000   197018    0.24%
  55325 50604    27541.0000    25    27608.0000    27541.0000   197019    0.24%
  55326 50605    27541.0000    25    27608.0000    27541.0000   197023    0.24%
  55327 50606    27541.0000    26    27608.0000    27541.0000   197031    0.24%
Elapsed time = 41.51 sec. (63480.29 ticks, tree = 401.00 MB, solutions = 20)
  58697 53738    27541.0000    33    27608.0000    27541.0000   209118    0.24%
  58698 53739    27541.0000    33    27608.0000    27541.0000   209125    0.24%
  58699 53740    27541.0000    32    27608.0000    27541.0000   209126    0.24%
  58700 53741    27541.0000    30    27608.0000    27541.0000   209132    0.24%
  58701 53742    27541.0000    30    27608.0000    27541.0000   209133    0.24%
  58702 53743    27541.0000    32    27608.0000    27541.0000   209142    0.24%
  58703 53744    27541.0000    31    27608.0000    27541.0000   209151    0.24%
  58704 53745    27541.0000    31    27608.0000    27541.0000   209152    0.24%
  58705 53746    27541.0000    31    27608.0000    27541.0000   209153    0.24%
  58706 53747    27541.0000    27    27608.0000    27541.0000   209157    0.24%
Elapsed time = 43.98 sec. (67325.67 ticks, tree = 426.25 MB, solutions = 20)
  62213 57012    27541.0000    22    27608.0000    27541.0000   221545    0.24%
  62214 57013    27541.0000    21    27608.0000    27541.0000   221549    0.24%
  62215 57014    27541.0000    24    27608.0000    27541.0000   221551    0.24%
  62216 57015    27541.0000    24    27608.0000    27541.0000   221555    0.24%
  62217 57016    27541.0000    23    27608.0000    27541.0000   221560    0.24%
  62218 57017    27541.0000    23    27608.0000    27541.0000   221566    0.24%
  62219 57018    27541.0000    23    27608.0000    27541.0000   221567    0.24%
  62220 57019    27541.0000    23    27608.0000    27541.0000   221568    0.24%
  62221 57020    27541.0000    23    27608.0000    27541.0000   221569    0.24%
  62222 57021    27541.0000    23    27608.0000    27541.0000   221571    0.24%
Elapsed time = 46.45 sec. (71147.65 ticks, tree = 452.80 MB, solutions = 20)
  65554 59964    27541.0000    17    27608.0000    27541.0000   235214    0.24%
  65555 59965    27541.0000    23    27608.0000    27541.0000   235224    0.24%
  65556 59966    27541.0000    21    27608.0000    27541.0000   235225    0.24%
  65557 59967    27541.0000    22    27608.0000    27541.0000   235236    0.24%
  65558 59968    27541.0000    25    27608.0000    27541.0000   235244    0.24%
  65559 59969    27541.0000    24    27608.0000    27541.0000   235246    0.24%
  65560 59970    27541.0000    24    27608.0000    27541.0000   235248    0.24%
  65561 59971    27541.0000    24    27608.0000    27541.0000   235250    0.24%
  65562 59972    27541.0000    24    27608.0000    27541.0000   235251    0.24%
  65563 59973    27541.0000    24    27608.0000    27541.0000   235252    0.24%
Elapsed time = 49.03 sec. (74970.16 ticks, tree = 476.84 MB, solutions = 20)
  68508 62367    27541.0000    28    27608.0000    27541.0000   249546    0.24%
  68509 62368    27541.0000    28    27608.0000    27541.0000   249551    0.24%
  68510 62369    27541.0000    26    27608.0000    27541.0000   249559    0.24%
  68511 62370    27541.0000    25    27608.0000    27541.0000   249564    0.24%
  68512 62371    27541.0000    27    27608.0000    27541.0000   249576    0.24%
  68513 62372    27541.0000    27    27608.0000    27541.0000   249577    0.24%
  68514 62373    27541.0000    32    27608.0000    27541.0000   249609    0.24%
  68515 62374    27541.0000    30    27608.0000    27541.0000   249622    0.24%
  68516 62375    27541.0000    30    27608.0000    27541.0000   249624    0.24%
  68517 62376    27541.0000    28    27608.0000    27541.0000   249628    0.24%
Elapsed time = 51.50 sec. (78799.93 ticks, tree = 496.61 MB, solutions = 20)
  71591 65184    27591.0000    17    27608.0000    27541.0000   264218    0.24%
  71592 65185    27591.0000    15    27608.0000    27541.0000   264219    0.24%
  71593 65186    27591.0000    11    27608.0000    27541.0000   264222    0.24%
  71594 65185        cutoff          27608.0000    27541.0000   264243    0.24%
  71595 65185    27591.0000    14    27608.0000    27541.0000   264251    0.24%
  71596 65185    27591.0000    15    27608.0000    27541.0000   264253    0.24%
  71597 65186    27591.0000    14    27608.0000    27541.0000   264254    0.24%
  71598 65186    27591.0000    16    27608.0000    27541.0000   264259    0.24%
  71599 65187    27591.0000    14    27608.0000    27541.0000   264260    0.24%
  71600 65188    27591.0000    13    27608.0000    27541.0000   264261    0.24%
Elapsed time = 54.05 sec. (82632.04 ticks, tree = 520.08 MB, solutions = 20)
* 73323 66712      integral     0    27605.0000    27541.0000   272723    0.23%
* 73978+67248                        27603.0000    27541.0000             0.22%
  74378 67609    27600.1751    18    27603.0000    27541.0000   277423    0.22%
  74379 67608        cutoff          27603.0000    27541.0000   277447    0.22%
  74380 67608    27541.0000    29    27603.0000    27541.0000   277489    0.22%
  74381 67609    27541.0000    25    27603.0000    27541.0000   277497    0.22%
  74382 67610    27541.0000    26    27603.0000    27541.0000   277499    0.22%
  74383 67611    27541.0000    25    27603.0000    27541.0000   277500    0.22%
  74384 67612    27541.0000    28    27603.0000    27541.0000   277507    0.22%
  74385 67613    27541.0000    26    27603.0000    27541.0000   277510    0.22%
  74386 67614    27541.0000    27    27603.0000    27541.0000   277524    0.22%
  74387 67615    27541.0000    29    27603.0000    27541.0000   277529    0.22%
Elapsed time = 56.65 sec. (86513.01 ticks, tree = 542.14 MB, solutions = 22)
  77103 69944    27541.0000    33    27603.0000    27541.0000   290418    0.22%
  77104 69945    27541.0000    31    27603.0000    27541.0000   290419    0.22%
  77105 69946    27541.0000    29    27603.0000    27541.0000   290428    0.22%
  77106 69947    27541.0000    29    27603.0000    27541.0000   290429    0.22%
  77107 69948    27541.0000    29    27603.0000    27541.0000   290430    0.22%
  77108 69949    27541.0000    33    27603.0000    27541.0000   290433    0.22%
  77109 69950    27541.0000    29    27603.0000    27541.0000   290436    0.22%
  77110 69951    27541.0000    31    27603.0000    27541.0000   290443    0.22%
  77111 69952    27541.0000    29    27603.0000    27541.0000   290445    0.22%
  77112 69953    27541.0000    31    27603.0000    27541.0000   290454    0.22%
Elapsed time = 59.11 sec. (90345.49 ticks, tree = 561.67 MB, solutions = 22)
* 77178+69528                        27594.0000    27541.0000             0.19%
* 77296+67039                        27591.0000    27541.0000             0.18%
  80333 69909    27589.0000    15    27591.0000    27541.0000   302061    0.18%
  80334 69910    27589.0000    13    27591.0000    27541.0000   302064    0.18%
  80335 69911    27589.0000    13    27591.0000    27541.0000   302066    0.18%
  80336 69912    27589.0000    14    27591.0000    27541.0000   302068    0.18%
  80337 69913    27589.0000    14    27591.0000    27541.0000   302069    0.18%
  80338 69914    27589.0000    14    27591.0000    27541.0000   302070    0.18%
  80339 69915    27589.0000    14    27591.0000    27541.0000   302071    0.18%
  80340 69916    27589.0000    14    27591.0000    27541.0000   302074    0.18%
  80341 69917    27589.0000    14    27591.0000    27541.0000   302075    0.18%
  80342 69918    27589.0000    12    27591.0000    27541.0000   302077    0.18%
Elapsed time = 61.60 sec. (94166.88 ticks, tree = 561.78 MB, solutions = 24)
  83478 72919    27541.0000    24    27591.0000    27541.0000   313225    0.18%
  83479 72920    27541.0000    25    27591.0000    27541.0000   313236    0.18%
  83480 72921    27541.0000    23    27591.0000    27541.0000   313238    0.18%
  83481 72922    27541.0000    25    27591.0000    27541.0000   313243    0.18%
  83482 72923    27541.0000    25    27591.0000    27541.0000   313244    0.18%
  83483 72924    27541.0000    25    27591.0000    27541.0000   313245    0.18%
  83484 72925    27541.0000    25    27591.0000    27541.0000   313246    0.18%
  83485 72926    27541.0000    25    27591.0000    27541.0000   313247    0.18%
  83486 72927    27541.0000    26    27591.0000    27541.0000   313251    0.18%
  83487 72928    27541.0000    24    27591.0000    27541.0000   313253    0.18%
Elapsed time = 64.02 sec. (97995.01 ticks, tree = 586.85 MB, solutions = 24)
* 85478+72920                        27589.0000    27541.0000             0.17%
  86399 73765    27541.0000    31    27589.0000    27541.0000   326422    0.17%
  86400 73766    27541.0000    35    27589.0000    27541.0000   326444    0.17%
  86401 73767    27541.0000    33    27589.0000    27541.0000   326445    0.17%
  86402 73768    27541.0000    29    27589.0000    27541.0000   326454    0.17%
  86403 73769    27541.0000    27    27589.0000    27541.0000   326468    0.17%
  86404 73770    27541.0000    27    27589.0000    27541.0000   326469    0.17%
  86405 73771    27541.0000    27    27589.0000    27541.0000   326470    0.17%
  86406 73772    27541.0000    27    27589.0000    27541.0000   326471    0.17%
  86407 73773    27541.0000    27    27589.0000    27541.0000   326473    0.17%
  86408 73774    27541.0000    27    27589.0000    27541.0000   326488    0.17%
Elapsed time = 66.50 sec. (101822.97 ticks, tree = 594.24 MB, solutions = 25)
  89498 76703    27541.0000    31    27589.0000    27541.0000   340712    0.17%
  89499 76704    27541.0000    27    27589.0000    27541.0000   340715    0.17%
  89500 76705    27541.0000    28    27589.0000    27541.0000   340720    0.17%
  89501 76706    27541.0000    26    27589.0000    27541.0000   340723    0.17%
  89502 76707    27541.0000    28    27589.0000    27541.0000   340730    0.17%
  89503 76708    27541.0000    29    27589.0000    27541.0000   340731    0.17%
  89504 76709    27541.0000    29    27589.0000    27541.0000   340732    0.17%
  89505 76710    27541.0000    29    27589.0000    27541.0000   340733    0.17%
  89506 76711    27541.0000    28    27589.0000    27541.0000   340736    0.17%
  89507 76712    27541.0000    27    27589.0000    27541.0000   340737    0.17%
Elapsed time = 69.00 sec. (105649.39 ticks, tree = 619.10 MB, solutions = 25)
  92546 79589    27541.0000    24    27589.0000    27541.0000   353379    0.17%
  92547 79590    27541.0000    24    27589.0000    27541.0000   353380    0.17%
  92548 79591    27541.0000    24    27589.0000    27541.0000   353381    0.17%
  92549 79592    27541.0000    24    27589.0000    27541.0000   353382    0.17%
  92550 79593    27541.0000    24    27589.0000    27541.0000   353383    0.17%
  92551 79594    27541.0000    24    27589.0000    27541.0000   353384    0.17%
  92552 79595    27541.0000    24    27589.0000    27541.0000   353385    0.17%
  92553 79596    27541.0000    24    27589.0000    27541.0000   353386    0.17%
  92554 79597    27541.0000    24    27589.0000    27541.0000   353387    0.17%
  92555 79598    27541.0000    24    27589.0000    27541.0000   353391    0.17%
Elapsed time = 71.45 sec. (109472.76 ticks, tree = 643.27 MB, solutions = 25)
  95786 82670    27541.0000    33    27589.0000    27541.0000   365200    0.17%
  95787 82671    27541.0000    30    27589.0000    27541.0000   365206    0.17%
  95788 82672    27541.0000    30    27589.0000    27541.0000   365207    0.17%
  95789 82673    27541.0000    30    27589.0000    27541.0000   365208    0.17%
  95790 82674    27541.0000    30    27589.0000    27541.0000   365209    0.17%
  95791 82675    27541.0000    30    27589.0000    27541.0000   365211    0.17%
  95792 82676    27541.0000    28    27589.0000    27541.0000   365222    0.17%
  95793 82677    27541.0000    30    27589.0000    27541.0000   365229    0.17%
  95794 82678    27541.0000    30    27589.0000    27541.0000   365230    0.17%
  95795 82679    27541.0000    28    27589.0000    27541.0000   365231    0.17%
Elapsed time = 73.85 sec. (113296.67 ticks, tree = 668.95 MB, solutions = 25)
  99001 85678    27559.0000    22    27589.0000    27541.0000   376825    0.17%
  99002 85679    27559.0000    23    27589.0000    27541.0000   376826    0.17%
  99003 85680    27559.0000    23    27589.0000    27541.0000   376827    0.17%
  99004 85681    27559.0000    20    27589.0000    27541.0000   376832    0.17%
  99005 85682    27559.0000    21    27589.0000    27541.0000   376892    0.17%
  99006 85683    27559.0000    19    27589.0000    27541.0000   376893    0.17%
  99007 85684    27559.0000    16    27589.0000    27541.0000   376896    0.17%
  99008 85685    27559.0000    15    27589.0000    27541.0000   376899    0.17%
  99009 85686    27559.0000    20    27589.0000    27541.0000   376927    0.17%
  99010 85687    27559.0000    22    27589.0000    27541.0000   376938    0.17%
Elapsed time = 76.27 sec. (117122.81 ticks, tree = 694.13 MB, solutions = 25)
 102187 88583    27541.0000    39    27589.0000    27541.0000   390959    0.17%
 102188 88584    27541.0000    40    27589.0000    27541.0000   390960    0.17%
 102189 88585    27541.0000    37    27589.0000    27541.0000   390979    0.17%
 102190 88586    27541.0000    31    27589.0000    27541.0000   390992    0.17%
 102191 88587    27541.0000    35    27589.0000    27541.0000   391001    0.17%
 102192 88588    27541.0000    36    27589.0000    27541.0000   391004    0.17%
 102193 88589    27541.0000    36    27589.0000    27541.0000   391006    0.17%
 102194 88590    27541.0000    34    27589.0000    27541.0000   391007    0.17%
 102195 88591    27541.0000    34    27589.0000    27541.0000   391022    0.17%
 102196 88592    27541.0000    30    27589.0000    27541.0000   391024    0.17%
Elapsed time = 78.70 sec. (120953.65 ticks, tree = 718.41 MB, solutions = 25)
 105057 91269    27541.0000    29    27589.0000    27541.0000   406473    0.17%
 105058 91270    27541.0000    28    27589.0000    27541.0000   406474    0.17%
 105059 91271    27541.0000    27    27589.0000    27541.0000   406475    0.17%
 105060 91272    27541.0000    25    27589.0000    27541.0000   406478    0.17%
 105061 91273    27541.0000    23    27589.0000    27541.0000   406479    0.17%
 105062 91274    27541.0000    26    27589.0000    27541.0000   406486    0.17%
 105063 91275    27541.0000    27    27589.0000    27541.0000   406495    0.17%
 105064 91276    27541.0000    24    27589.0000    27541.0000   406497    0.17%
 105065 91277    27541.0000    25    27589.0000    27541.0000   406499    0.17%
 105066 91278    27541.0000    31    27589.0000    27541.0000   406526    0.17%
Elapsed time = 81.17 sec. (124779.85 ticks, tree = 740.84 MB, solutions = 25)
 108130 94082    27554.7815    26    27589.0000    27541.0000   421208    0.17%
 108131 94083    27541.6726    31    27589.0000    27541.0000   421214    0.17%
 108132 94084    27560.9798    20    27589.0000    27541.0000   421249    0.17%
 108133 94085    27560.9798    19    27589.0000    27541.0000   421250    0.17%
 108134 94086    27560.9798    21    27589.0000    27541.0000   421253    0.17%
 108135 94087    27560.9798    20    27589.0000    27541.0000   421254    0.17%
 108136 94088    27560.9798    20    27589.0000    27541.0000   421260    0.17%
 108137 94089    27560.9798    20    27589.0000    27541.0000   421264    0.17%
 108138 94090    27560.9798    18    27589.0000    27541.0000   421266    0.17%
 108139 94091    27560.9798    21    27589.0000    27541.0000   421283    0.17%
Elapsed time = 83.59 sec. (128608.78 ticks, tree = 764.50 MB, solutions = 25)
*108378+92916                        27580.0000    27541.0000             0.14%
 110872 95270    27541.0000    33    27580.0000    27541.0000   436716    0.14%
 110873 95271    27541.0000    32    27580.0000    27541.0000   436722    0.14%
 110874 95272    27541.0000    34    27580.0000    27541.0000   436738    0.14%
 110875 95273    27541.0000    32    27580.0000    27541.0000   436740    0.14%
 110876 95274    27541.0000    30    27580.0000    27541.0000   436741    0.14%
 110877 95275    27541.0000    31    27580.0000    27541.0000   436746    0.14%
 110878 95276    27541.0000    33    27580.0000    27541.0000   436749    0.14%
 110879 95277    27541.0000    33    27580.0000    27541.0000   436759    0.14%
 110880 95278    27541.0000    33    27580.0000    27541.0000   436764    0.14%
 110881 95279    27541.0000    32    27580.0000    27541.0000   436770    0.14%
Elapsed time = 86.14 sec. (132462.50 ticks, tree = 774.88 MB, solutions = 26)
 113723 97904    27541.0000    27    27580.0000    27541.0000   451732    0.14%
 113724 97905    27541.0000    27    27580.0000    27541.0000   451734    0.14%
 113725 97906    27541.0000    27    27580.0000    27541.0000   451742    0.14%
 113726 97907    27541.0000    27    27580.0000    27541.0000   451746    0.14%
 113727 97908    27541.0000    27    27580.0000    27541.0000   451759    0.14%
 113728 97909    27541.0000    28    27580.0000    27541.0000   451765    0.14%
 113729 97910    27541.0000    27    27580.0000    27541.0000   451769    0.14%
 113730 97911    27541.0000    27    27580.0000    27541.0000   451770    0.14%
 113731 97912    27541.0000    26    27580.0000    27541.0000   451771    0.14%
 113732 97913    27541.0000    27    27580.0000    27541.0000   451773    0.14%
Elapsed time = 88.56 sec. (136287.41 ticks, tree = 797.19 MB, solutions = 26)
 115478 99425    27541.0000    27    27580.0000    27541.0000   463328    0.14%
 115479 99426    27541.0000    28    27580.0000    27541.0000   463336    0.14%
 115480 99427    27541.0000    30    27580.0000    27541.0000   463346    0.14%
 115481 99428    27541.0000    28    27580.0000    27541.0000   463353    0.14%
 115482 99429    27541.0000    29    27580.0000    27541.0000   463360    0.14%
 115483 99430    27541.0000    27    27580.0000    27541.0000   463362    0.14%
 115484 99431    27541.0000    26    27580.0000    27541.0000   463367    0.14%
 115485 99432    27541.0000    34    27580.0000    27541.0000   463393    0.14%
 115486 99433    27541.0000    33    27580.0000    27541.0000   463398    0.14%
 115487 99434    27541.0000    31    27580.0000    27541.0000   463402    0.14%
Elapsed time = 91.30 sec. (140422.09 ticks, tree = 810.08 MB, solutions = 26)
 117062 100817    27541.0000    28    27580.0000    27541.0000   475300    0.14%
 117063 100818    27541.0000    26    27580.0000    27541.0000   475304    0.14%
 117064 100819    27541.0000    29    27580.0000    27541.0000   475313    0.14%
 117065 100820    27541.0000    29    27580.0000    27541.0000   475320    0.14%
 117066 100821    27541.0000    27    27580.0000    27541.0000   475321    0.14%
 117067 100822    27541.0000    27    27580.0000    27541.0000   475331    0.14%
 117068 100823    27541.0000    28    27580.0000    27541.0000   475338    0.14%
 117069 100824    27541.0000    26    27580.0000    27541.0000   475356    0.14%
 117070 100825    27541.0000    25    27580.0000    27541.0000   475357    0.14%
 117071 100826    27541.0000    27    27580.0000    27541.0000   475363    0.14%
Elapsed time = 93.84 sec. (144247.42 ticks, tree = 821.92 MB, solutions = 26)
 119662 103176    27541.0000    29    27580.0000    27541.0000   489713    0.14%
 119663 103177    27541.0000    28    27580.0000    27541.0000   489720    0.14%
 119664 103178    27541.0000    29    27580.0000    27541.0000   489721    0.14%
 119665 103179    27541.0000    29    27580.0000    27541.0000   489722    0.14%
 119666 103180    27541.0000    28    27580.0000    27541.0000   489723    0.14%
 119667 103181    27541.0000    29    27580.0000    27541.0000   489724    0.14%
 119668 103182    27541.0000    29    27580.0000    27541.0000   489725    0.14%
 119669 103183    27541.0000    27    27580.0000    27541.0000   489728    0.14%
 119670 103184    27541.0000    28    27580.0000    27541.0000   489738    0.14%
 119671 103185    27541.0000    29    27580.0000    27541.0000   489745    0.14%
Elapsed time = 96.28 sec. (148072.73 ticks, tree = 841.93 MB, solutions = 26)
 122496 105712    27550.8877    25    27580.0000    27541.0000   506919    0.14%
 122497 105713    27551.8430    27    27580.0000    27541.0000   506921    0.14%
 122498 105714    27552.4037    27    27580.0000    27541.0000   506922    0.14%
 122499 105715    27552.4037    27    27580.0000    27541.0000   506923    0.14%
 122500 105716    27552.6099    25    27580.0000    27541.0000   506924    0.14%
 122501 105716    27552.7321    25    27580.0000    27541.0000   506926    0.14%
 122502 105715    27573.1926    22    27580.0000    27541.0000   506931    0.14%
 122503 105714        cutoff          27580.0000    27541.0000   506961    0.14%
 122504 105715    27541.0000    36    27580.0000    27541.0000   507002    0.14%
 122505 105716    27541.0000    37    27580.0000    27541.0000   507005    0.14%
Elapsed time = 98.79 sec. (151923.75 ticks, tree = 863.37 MB, solutions = 26)

Cover cuts applied:  33
Mixed integer rounding cuts applied:  27

Root node processing (before b&c):
  Real time             =    0.82 sec. (1084.35 ticks)
Sequential b&c:
  Real time             =   99.18 sec. (152775.97 ticks)
                          ------------
Total (root+branch&cut) =  100.00 sec. (153860.31 ticks)

Solution pool: 26 solutions saved.

MIP - Time limit exceeded, integer feasible:  Objective =  2.7580000000e+04
Current MIP best bound =  2.7541000000e+04 (gap = 39, 0.14%)
Solution time =  100.00 sec.  Iterations = 513346  Nodes = 124081 (107239)
Deterministic time = 153860.33 ticks  (1538.59 ticks/sec)


Incumbent solution written to file '/tmp/tmpUynNFv.cplex.sol'.
