
Log started (V12.6.3.0) Sat Apr 21 09:25:06 2018

New value for default parallel thread count: 1

Problem '/tmp/tmpmd1hLg.pyomo.lp' read.
Read time = 0.30 sec. (29.65 ticks)

Problem name         : /tmp/tmpmd1hLg.pyomo.lp
Objective sense      : Minimize
Variables            :    5924  [Nneg: 1,  Binary: 5908,  General Integer: 15]
Objective nonzeros   :       1
Linear constraints   :     873  [Less: 436,  Equal: 437]
  Nonzeros           : 2206021
  RHS nonzeros       :     845

Variables            : Min LB: 0.000000         Max UB: 1.000000       
Objective nonzeros   : Min   : 1.000000         Max   : 1.000000       
Linear constraints   :
  Nonzeros           : Min   : 1.000000         Max   : 1991.000       
  RHS nonzeros       : Min   : 1.000000         Max   : 43.00000       
Tried aggregator 2 times.
MIP Presolve eliminated 422 rows and 222 columns.
Aggregator did 31 substitutions.
Reduced MIP has 420 rows, 5671 columns, and 16333 nonzeros.
Reduced MIP has 5670 binaries, 1 generals, 0 SOSs, and 0 indicators.
Presolve time = 0.28 sec. (335.90 ticks)
Found incumbent of value 385571.000000 after 0.35 sec. (384.86 ticks)
Tried aggregator 1 time.
Reduced MIP has 420 rows, 5671 columns, and 16333 nonzeros.
Reduced MIP has 5670 binaries, 1 generals, 0 SOSs, and 0 indicators.
Presolve time = 0.01 sec. (6.40 ticks)
Probing time = 0.00 sec. (2.34 ticks)
Clique table members: 405.
MIP emphasis: balance optimality and feasibility.
MIP search method: dynamic search.
Parallel mode: none, using 1 thread.
Root relaxation solution time = 0.01 sec. (19.37 ticks)

        Nodes                                         Cuts/
   Node  Left     Objective  IInf  Best Integer    Best Bound    ItCnt     Gap

*     0+    0                       385571.0000        0.0000           100.00%
      0     0    27540.7857    24   385571.0000    27540.7857      194   92.86%
*     0+    0                        29448.0000    27540.7857             6.48%
      0     0    27541.0000    26    29448.0000      Fract: 9      219    6.48%
*     0+    0                        29131.0000    27541.0000             5.46%
      0     0    27541.0000    29    29131.0000      Cuts: 24      278    5.46%
*     0+    0                        28748.0000    27541.0000             4.20%
*     0+    0                        28637.0000    27541.0000             3.83%
*     0+    0                        28267.0000    27541.0000             2.57%
*     0+    0                        28167.0000    27541.0000             2.22%
*     0+    0                        28044.0000    27541.0000             1.79%
*     0+    0                        28000.0000    27541.0000             1.64%
*     0+    0                        27887.0000    27541.0000             1.24%
*     0+    0                        27877.0000    27541.0000             1.21%
*     0+    0                        27873.0000    27541.0000             1.19%
      0     2    27541.0000    21    27873.0000    27541.0000      278    1.19%
Elapsed time = 0.72 sec. (948.28 ticks, tree = 0.01 MB, solutions = 12)
    118   120    27541.0000    22    27873.0000    27541.0000     1073    1.19%
    119   121    27541.0000    23    27873.0000    27541.0000     1084    1.19%
    120   122    27541.0000    22    27873.0000    27541.0000     1087    1.19%
    121   123    27541.0000    22    27873.0000    27541.0000     1097    1.19%
    122   124    27541.0000    22    27873.0000    27541.0000     1109    1.19%
    123   125    27541.0000    23    27873.0000    27541.0000     1121    1.19%
    124   126    27541.0000    22    27873.0000    27541.0000     1126    1.19%
    125   127    27541.0000    21    27873.0000    27541.0000     1131    1.19%
    126   128    27541.0000    21    27873.0000    27541.0000     1138    1.19%
*   240+  239                        27827.0000    27541.0000             1.03%
*   260+  251                        27794.0000    27541.0000             0.91%
*   360+  308                        27757.0000    27541.0000             0.78%
*   475+  419                        27723.0000    27541.0000             0.66%
*   475+  419                        27720.0000    27541.0000             0.65%
    475   421    27541.0000    23    27720.0000    27541.0000     3853    0.65%
Elapsed time = 1.34 sec. (1921.92 ticks, tree = 3.08 MB, solutions = 17)
*   476+  418                        27703.0000    27541.0000             0.58%
*   476+  414                        27671.0000    27541.0000             0.47%
*   476+  411                        27641.0000    27541.0000             0.36%
    511   435    27541.0000    24    27641.0000    27541.0000     4503    0.36%
    512   435    27541.0000    24    27641.0000    27541.0000     4510    0.36%
    513   435    27541.0000    24    27641.0000    27541.0000     4520    0.36%
    514   435    27541.0000    27    27641.0000    27541.0000     4535    0.36%
    515   435    27541.0000    26    27641.0000    27541.0000     4546    0.36%
    516   435    27541.0000    26    27641.0000    27541.0000     4548    0.36%
    517   436    27541.0000    28    27641.0000    27541.0000     4554    0.36%
    518   437    27541.0000    25    27641.0000    27541.0000     4559    0.36%
    519   438    27541.0000    26    27641.0000    27541.0000     4568    0.36%
    520   438    27541.0000    25    27641.0000    27541.0000     4573    0.36%
Elapsed time = 2.02 sec. (2953.19 ticks, tree = 3.18 MB, solutions = 20)
    638   488    27581.0000    17    27641.0000    27541.0000     5569    0.36%
    639   488    27581.0000    17    27641.0000    27541.0000     5569    0.36%
    640   488    27585.4743    17    27641.0000    27541.0000     5575    0.36%
    641   488    27585.4743    22    27641.0000    27541.0000     5583    0.36%
    642   488    27585.4743    22    27641.0000    27541.0000     5589    0.36%
    643   488    27585.4743    21    27641.0000    27541.0000     5590    0.36%
    644   489    27586.0000    20    27641.0000    27541.0000     5591    0.36%
    645   488    27586.4258    20    27641.0000    27541.0000     5596    0.36%
    646   487    27586.4258    18    27641.0000    27541.0000     5598    0.36%
    647   488    27587.0000    17    27641.0000    27541.0000     5599    0.36%
Elapsed time = 2.60 sec. (3932.32 ticks, tree = 3.56 MB, solutions = 20)
    864   536    27541.0000    25    27641.0000    27541.0000     6831    0.36%
    865   537    27541.0000    22    27641.0000    27541.0000     6834    0.36%
    866   538    27541.0000    23    27641.0000    27541.0000     6845    0.36%
    867   539    27541.0000    25    27641.0000    27541.0000     6859    0.36%
    868   540    27541.0000    24    27641.0000    27541.0000     6864    0.36%
    869   541    27541.0000    24    27641.0000    27541.0000     6869    0.36%
    870   541    27541.0000    24    27641.0000    27541.0000     6872    0.36%
    871   542    27541.0000    22    27641.0000    27541.0000     6875    0.36%
    872   543    27541.0000    22    27641.0000    27541.0000     6878    0.36%
    873   543    27541.0000    24    27641.0000    27541.0000     6890    0.36%
Elapsed time = 3.20 sec. (4921.53 ticks, tree = 3.99 MB, solutions = 20)
   1134   590    27541.0000    25    27641.0000    27541.0000     8445    0.36%
   1135   590    27541.0000    24    27641.0000    27541.0000     8446    0.36%
   1136   590    27541.0000    24    27641.0000    27541.0000     8449    0.36%
   1137   590    27541.0000    24    27641.0000    27541.0000     8450    0.36%
   1138   591    27541.0000    24    27641.0000    27541.0000     8462    0.36%
   1139   592    27541.0000    25    27641.0000    27541.0000     8482    0.36%
   1140   592    27541.0000    26    27641.0000    27541.0000     8486    0.36%
   1141   592    27541.0000    25    27641.0000    27541.0000     8500    0.36%
   1142   592    27541.0000    22    27641.0000    27541.0000     8505    0.36%
   1143   592    27541.0000    23    27641.0000    27541.0000     8507    0.36%
Elapsed time = 3.83 sec. (5910.02 ticks, tree = 4.38 MB, solutions = 20)
*  1378+  619                        27639.0000    27541.0000             0.35%
   1537   700    27587.0000    19    27639.0000    27541.0000    10185    0.35%
   1538   701    27587.0000    19    27639.0000    27541.0000    10186    0.35%
   1539   702    27587.0000    18    27639.0000    27541.0000    10187    0.35%
   1540   702    27595.7120    21    27639.0000    27541.0000    10202    0.35%
   1541   702    27595.7120    21    27639.0000    27541.0000    10203    0.35%
   1542   702    27595.7171    21    27639.0000    27541.0000    10204    0.35%
   1543   702    27595.7171    21    27639.0000    27541.0000    10205    0.35%
   1544   703    27595.7171    20    27639.0000    27541.0000    10206    0.35%
   1545   703    27595.7171    19    27639.0000    27541.0000    10207    0.35%
   1546   704    27596.0000    18    27639.0000    27541.0000    10208    0.35%
Elapsed time = 4.46 sec. (6875.85 ticks, tree = 5.26 MB, solutions = 21)
*  1978+ 1012                        27638.0000    27541.0000             0.35%
   1978  1014    27541.0000    25    27638.0000    27541.0000    11996    0.35%
   1979  1015    27541.0000    21    27638.0000    27541.0000    12003    0.35%
   1980  1016    27541.0000    21    27638.0000    27541.0000    12005    0.35%
   1981  1017    27541.0000    21    27638.0000    27541.0000    12007    0.35%
   1982  1018    27541.0000    24    27638.0000    27541.0000    12024    0.35%
   1983  1019    27541.0000    23    27638.0000    27541.0000    12033    0.35%
   1984  1020    27541.0000    20    27638.0000    27541.0000    12043    0.35%
   1985  1021    27541.0000    25    27638.0000    27541.0000    12066    0.35%
   1986  1022    27541.0000    20    27638.0000    27541.0000    12072    0.35%
   1987  1023    27541.0000    24    27638.0000    27541.0000    12081    0.35%
Elapsed time = 5.15 sec. (7857.48 ticks, tree = 7.65 MB, solutions = 22)
   2458  1372    27541.0000    22    27638.0000    27541.0000    13791    0.35%
   2459  1373    27541.0000    22    27638.0000    27541.0000    13796    0.35%
   2460  1374    27541.0000    23    27638.0000    27541.0000    13801    0.35%
   2461  1375    27541.0000    23    27638.0000    27541.0000    13802    0.35%
   2462  1376    27541.0000    23    27638.0000    27541.0000    13807    0.35%
   2463  1377    27541.0000    22    27638.0000    27541.0000    13813    0.35%
   2464  1378    27541.0000    23    27638.0000    27541.0000    13816    0.35%
   2465  1379    27541.0000    23    27638.0000    27541.0000    13817    0.35%
   2466  1380    27541.0000    24    27638.0000    27541.0000    13818    0.35%
   2467  1381    27541.0000    22    27638.0000    27541.0000    13821    0.35%
Elapsed time = 5.78 sec. (8820.51 ticks, tree = 10.39 MB, solutions = 22)
   3083  1803    27541.0000    24    27638.0000    27541.0000    16116    0.35%
   3084  1804    27541.0000    25    27638.0000    27541.0000    16122    0.35%
   3085  1805    27612.7152    17    27638.0000    27541.0000    16138    0.35%
   3086  1806    27541.0000    25    27638.0000    27541.0000    16141    0.35%
   3087  1807    27541.0000    26    27638.0000    27541.0000    16142    0.35%
   3088  1808    27541.0000    26    27638.0000    27541.0000    16143    0.35%
   3089  1809    27541.0000    24    27638.0000    27541.0000    16150    0.35%
   3090  1810    27541.0000    24    27638.0000    27541.0000    16157    0.35%
   3091  1810    27612.7152    18    27638.0000    27541.0000    16171    0.35%
   3092  1811    27541.0000    24    27638.0000    27541.0000    16179    0.35%
Elapsed time = 6.36 sec. (9788.12 ticks, tree = 13.66 MB, solutions = 22)
   3777  2331    27541.0000    25    27638.0000    27541.0000    18803    0.35%
   3778  2332    27541.0000    25    27638.0000    27541.0000    18804    0.35%
   3779  2333    27541.0000    25    27638.0000    27541.0000    18805    0.35%
   3780  2334    27541.0000    25    27638.0000    27541.0000    18806    0.35%
   3781  2335    27541.0000    25    27638.0000    27541.0000    18807    0.35%
   3782  2336    27541.0000    25    27638.0000    27541.0000    18808    0.35%
   3783  2337    27541.0000    25    27638.0000    27541.0000    18810    0.35%
   3784  2338    27541.0000    25    27638.0000    27541.0000    18813    0.35%
   3785  2339    27541.0000    26    27638.0000    27541.0000    18816    0.35%
   6241  4372    27568.0000    15    27638.0000    27541.0000    28329    0.35%
Elapsed time = 8.66 sec. (13603.71 ticks, tree = 33.23 MB, solutions = 22)
   9978  7742    27541.0000    24    27638.0000    27541.0000    42945    0.35%
   9979  7743    27541.0000    24    27638.0000    27541.0000    42963    0.35%
   9980  7744    27541.0000    24    27638.0000    27541.0000    42975    0.35%
   9981  7745    27541.0000    26    27638.0000    27541.0000    42996    0.35%
   9982  7746    27541.0000    26    27638.0000    27541.0000    43005    0.35%
   9983  7747    27541.0000    27    27638.0000    27541.0000    43012    0.35%
   9984  7748    27541.0000    27    27638.0000    27541.0000    43030    0.35%
   9985  7749    27541.0000    26    27638.0000    27541.0000    43036    0.35%
   9986  7750    27541.0000    26    27638.0000    27541.0000    43037    0.35%
   9987  7751    27541.0000    26    27638.0000    27541.0000    43040    0.35%
Elapsed time = 11.84 sec. (18512.83 ticks, tree = 59.05 MB, solutions = 22)
* 10540  8163      integral     0    27637.0000    27541.0000    45908    0.35%
* 11450  8660      integral     0    27630.0000    27541.0000    49903    0.32%
  13349 10238    27541.0000    22    27630.0000    27541.0000    56192    0.32%
  13350 10238    27541.0000    23    27630.0000    27541.0000    56194    0.32%
  13351 10239    27541.0000    22    27630.0000    27541.0000    56196    0.32%
  13352 10240    27541.0000    22    27630.0000    27541.0000    56197    0.32%
  13353 10241    27541.0000    22    27630.0000    27541.0000    56198    0.32%
  13354 10242    27541.0000    22    27630.0000    27541.0000    56199    0.32%
  13355 10243    27541.0000    22    27630.0000    27541.0000    56200    0.32%
  13356 10244    27541.0000    22    27630.0000    27541.0000    56201    0.32%
  13357 10245    27541.0000    23    27630.0000    27541.0000    56230    0.32%
  13358 10246    27541.0000    22    27630.0000    27541.0000    56231    0.32%
Elapsed time = 14.30 sec. (22338.67 ticks, tree = 78.68 MB, solutions = 24)
  16138 12309    27541.0000    24    27630.0000    27541.0000    70633    0.32%
  16139 12310    27541.0000    24    27630.0000    27541.0000    70635    0.32%
  16140 12311    27541.0000    24    27630.0000    27541.0000    70637    0.32%
  16141 12312    27541.0000    24    27630.0000    27541.0000    70639    0.32%
  16142 12313    27541.0000    24    27630.0000    27541.0000    70640    0.32%
  16143 12314    27541.0000    24    27630.0000    27541.0000    70642    0.32%
  16144 12315    27541.0000    26    27630.0000    27541.0000    70645    0.32%
  16145 12316    27541.0000    24    27630.0000    27541.0000    70646    0.32%
  16146 12317    27541.0000    28    27630.0000    27541.0000    70662    0.32%
  16147 12318    27541.0000    28    27630.0000    27541.0000    70666    0.32%
Elapsed time = 16.73 sec. (26164.91 ticks, tree = 95.25 MB, solutions = 24)
  19108 14963    27541.0000    20    27630.0000    27541.0000    87988    0.32%
  19109 14964    27541.0000    22    27630.0000    27541.0000    87996    0.32%
  19110 14965    27541.0000    21    27630.0000    27541.0000    87997    0.32%
  19111 14966    27541.0000    20    27630.0000    27541.0000    88002    0.32%
  19112 14967    27541.0000    24    27630.0000    27541.0000    88012    0.32%
  19113 14968    27541.0000    24    27630.0000    27541.0000    88013    0.32%
  19114 14969    27541.0000    24    27630.0000    27541.0000    88015    0.32%
  19115 14970    27541.0000    22    27630.0000    27541.0000    88016    0.32%
  19116 14971    27541.0000    24    27630.0000    27541.0000    88017    0.32%
  19117 14972    27541.0000    24    27630.0000    27541.0000    88018    0.32%
Elapsed time = 19.13 sec. (30003.05 ticks, tree = 116.70 MB, solutions = 24)
  21969 17589    27541.0000    33    27630.0000    27541.0000   104602    0.32%
  21970 17590    27541.0000    33    27630.0000    27541.0000   104605    0.32%
  21971 17591    27541.0000    38    27630.0000    27541.0000   104618    0.32%
  21972 17592    27541.0000    36    27630.0000    27541.0000   104634    0.32%
  21973 17593    27541.0000    37    27630.0000    27541.0000   104637    0.32%
  21974 17594    27541.0000    37    27630.0000    27541.0000   104638    0.32%
  21975 17595    27541.0000    36    27630.0000    27541.0000   104641    0.32%
  21976 17596    27541.0000    36    27630.0000    27541.0000   104653    0.32%
  21977 17597    27541.0000    35    27630.0000    27541.0000   104657    0.32%
  21978 17598    27541.0000    41    27630.0000    27541.0000   104677    0.32%
Elapsed time = 21.64 sec. (33831.83 ticks, tree = 138.46 MB, solutions = 24)
* 22378+17826                        27621.0000    27541.0000             0.29%
* 22478+17649                        27614.0000    27541.0000             0.26%
* 22578+17593                        27612.0000    27541.0000             0.26%
* 22678+17545                        27609.0000    27541.0000             0.25%
  24678 19480    27541.0000    32    27609.0000    27541.0000   120241    0.25%
  24679 19481    27541.0000    32    27609.0000    27541.0000   120242    0.25%
  24680 19482    27541.0000    34    27609.0000    27541.0000   120249    0.25%
  24681 19483    27541.0000    34    27609.0000    27541.0000   120250    0.25%
  24682 19484    27541.0000    33    27609.0000    27541.0000   120259    0.25%
  24683 19485    27541.0000    28    27609.0000    27541.0000   120277    0.25%
  24684 19486    27541.0000    29    27609.0000    27541.0000   120285    0.25%
  24685 19487    27541.0000    28    27609.0000    27541.0000   120288    0.25%
  24686 19488    27541.0000    29    27609.0000    27541.0000   120289    0.25%
  24687 19489    27541.0000    29    27609.0000    27541.0000   120294    0.25%
Elapsed time = 24.20 sec. (37672.96 ticks, tree = 154.20 MB, solutions = 28)
  27496 21907        cutoff          27609.0000    27541.0000   137880    0.25%
  27497 21908    27595.0000    16    27609.0000    27541.0000   137881    0.25%
  27498 21909    27595.0000    16    27609.0000    27541.0000   137884    0.25%
  27499 21910    27595.0000    15    27609.0000    27541.0000   137890    0.25%
  27500 21911    27595.0000    16    27609.0000    27541.0000   137891    0.25%
  27501 21912    27595.0000    17    27609.0000    27541.0000   137904    0.25%
  27502 21913    27595.0000    18    27609.0000    27541.0000   137905    0.25%
  27503 21913    27595.0000    17    27609.0000    27541.0000   137911    0.25%
  27504 21914    27595.0000    17    27609.0000    27541.0000   137918    0.25%
  27505 21915    27595.0000    17    27609.0000    27541.0000   137920    0.25%
Elapsed time = 26.74 sec. (41494.97 ticks, tree = 173.84 MB, solutions = 28)
  30304 24534    27541.0000    28    27609.0000    27541.0000   152233    0.25%
  30305 24535    27541.0000    27    27609.0000    27541.0000   152236    0.25%
  30306 24536    27541.0000    30    27609.0000    27541.0000   152241    0.25%
  30307 24537    27541.0000    30    27609.0000    27541.0000   152247    0.25%
  30308 24538    27541.0000    26    27609.0000    27541.0000   152254    0.25%
  30309 24539    27541.0000    26    27609.0000    27541.0000   152255    0.25%
  30310 24540    27541.0000    26    27609.0000    27541.0000   152258    0.25%
  30311 24541    27541.0000    28    27609.0000    27541.0000   152262    0.25%
  30312 24542    27541.0000    28    27609.0000    27541.0000   152267    0.25%
  30313 24543    27541.0000    28    27609.0000    27541.0000   152269    0.25%
Elapsed time = 29.15 sec. (45321.43 ticks, tree = 195.04 MB, solutions = 28)
  33583 27712    27582.0000    17    27609.0000    27541.0000   166416    0.25%
  33584 27713    27582.0000    19    27609.0000    27541.0000   166418    0.25%
  33585 27714    27582.0000    20    27609.0000    27541.0000   166421    0.25%
  33586 27715    27582.0000    20    27609.0000    27541.0000   166422    0.25%
  33587 27716    27582.0000    17    27609.0000    27541.0000   166428    0.25%
  33588 27717    27582.0000    22    27609.0000    27541.0000   166435    0.25%
  33589 27717    27582.0000    23    27609.0000    27541.0000   166439    0.25%
  33590 27718    27582.0000    22    27609.0000    27541.0000   166441    0.25%
  33591 27719    27582.0000    20    27609.0000    27541.0000   166442    0.25%
  33592 27720    27582.0000    20    27609.0000    27541.0000   166443    0.25%
Elapsed time = 31.55 sec. (49141.95 ticks, tree = 220.74 MB, solutions = 28)
  35974 29637    27552.4797    26    27609.0000    27541.0000   181137    0.25%
  35975 29638    27552.4797    26    27609.0000    27541.0000   181138    0.25%
  35976 29639    27553.2965    26    27609.0000    27541.0000   181140    0.25%
  35977 29639    27556.5115    26    27609.0000    27541.0000   181146    0.25%
  35978 29640    27556.7480    25    27609.0000    27541.0000   181148    0.25%
  35979 29641    27575.9900    18    27609.0000    27541.0000   181155    0.25%
  35980 29642    27575.9900    18    27609.0000    27541.0000   181156    0.25%
  35981 29643    27577.1738    20    27609.0000    27541.0000   181159    0.25%
  35982 29644    27577.1738    19    27609.0000    27541.0000   181160    0.25%
  35983 29645    27578.7990    18    27609.0000    27541.0000   181162    0.25%
Elapsed time = 33.98 sec. (52967.30 ticks, tree = 236.48 MB, solutions = 28)
* 36878+30159                        27601.0000    27541.0000             0.22%
  38460 31547    27572.4384    21    27601.0000    27541.0000   195510    0.22%
  38461 31548    27573.0000    22    27601.0000    27541.0000   195513    0.22%
  38462 31547        cutoff          27601.0000    27541.0000   195519    0.22%
  38463 31546        cutoff          27601.0000    27541.0000   195525    0.22%
  38464 31547    27541.0000    26    27601.0000    27541.0000   195562    0.22%
  38465 31548    27546.2267    32    27601.0000    27541.0000   195590    0.22%
  38466 31548    27546.5147    31    27601.0000    27541.0000   195592    0.22%
  38467 31548    27546.6616    31    27601.0000    27541.0000   195593    0.22%
  38468 31549    27546.7642    30    27601.0000    27541.0000   195594    0.22%
  38469 31550    27546.7642    28    27601.0000    27541.0000   195596    0.22%
Elapsed time = 36.48 sec. (56830.83 ticks, tree = 252.16 MB, solutions = 29)
* 39835 32140      integral     0    27598.0000    27541.0000   210354    0.21%
  39873 32108        cutoff          27598.0000    27541.0000   211791    0.21%
  39874 32107        cutoff          27598.0000    27541.0000   211836    0.21%
  39875 32106        cutoff          27598.0000    27541.0000   211863    0.21%
  39876 32105        cutoff          27598.0000    27541.0000   211951    0.21%
  39877 32106    27548.7692    37    27598.0000    27541.0000   212147    0.21%
  39878 32105        cutoff          27598.0000    27541.0000   212152    0.21%
  39879 32106    27567.8015    28    27598.0000    27541.0000   212221    0.21%
  39880 32107    27568.7481    27    27598.0000    27541.0000   212230    0.21%
  39881 32108    27573.0000    17    27598.0000    27541.0000   212239    0.21%
Elapsed time = 38.95 sec. (60722.95 ticks, tree = 257.17 MB, solutions = 30)
* 39901 31774      integral     0    27591.0000    27541.0000   212683    0.18%
  41754 33258    27568.2515    25    27591.0000    27541.0000   226596    0.18%
  41755 33259    27568.2515    26    27591.0000    27541.0000   226604    0.18%
  41756 33260    27568.2515    24    27591.0000    27541.0000   226606    0.18%
  41757 33261    27568.2515    24    27591.0000    27541.0000   226612    0.18%
  41758 33262    27568.2515    25    27591.0000    27541.0000   226619    0.18%
  41759 33263    27568.2515    24    27591.0000    27541.0000   226620    0.18%
  41760 33264    27568.2515    24    27591.0000    27541.0000   226625    0.18%
  41761 33264    27568.2515    24    27591.0000    27541.0000   226627    0.18%
  41762 33264    27568.2515    24    27591.0000    27541.0000   226628    0.18%
  41763 33264    27569.0000    23    27591.0000    27541.0000   226629    0.18%
Elapsed time = 41.48 sec. (64548.82 ticks, tree = 268.44 MB, solutions = 31)
* 41878+33256                        27588.0000    27541.0000             0.17%
  43379 34463    27541.5385    43    27588.0000    27541.0000   242317    0.17%
  43380 34464    27541.5385    42    27588.0000    27541.0000   242319    0.17%
  43381 34464    27541.5385    43    27588.0000    27541.0000   242320    0.17%
  43382 34464    27541.5385    43    27588.0000    27541.0000   242321    0.17%
  43383 34464    27541.5385    43    27588.0000    27541.0000   242322    0.17%
  43384 34465    27541.5385    43    27588.0000    27541.0000   242323    0.17%
  43385 34466    27541.5385    39    27588.0000    27541.0000   242325    0.17%
  43386 34467    27547.0299    30    27588.0000    27541.0000   242376    0.17%
  43387 34468    27547.3502    30    27588.0000    27541.0000   242379    0.17%
  43388 34468    27556.8889    29    27588.0000    27541.0000   242403    0.17%
Elapsed time = 43.96 sec. (68403.26 ticks, tree = 279.25 MB, solutions = 32)
* 44078+34728                        27585.0000    27541.0000             0.16%
* 44078+34278                        27583.0000    27541.0000             0.15%
  44918 34861    27545.1557    29    27583.0000    27541.0000   257139    0.15%
  44919 34862    27545.1557    28    27583.0000    27541.0000   257139    0.15%
  44920 34862    27545.1557    27    27583.0000    27541.0000   257142    0.15%
  44921 34863    27545.1557    27    27583.0000    27541.0000   257147    0.15%
  44922 34863    27545.1557    30    27583.0000    27541.0000   257182    0.15%
  44923 34864    27545.1557    29    27583.0000    27541.0000   257183    0.15%
  44924 34864    27545.1557    31    27583.0000    27541.0000   257195    0.15%
  44925 34865    27545.1557    30    27583.0000    27541.0000   257196    0.15%
  44926 34866    27545.1557    30    27583.0000    27541.0000   257198    0.15%
  44927 34865        cutoff          27583.0000    27541.0000   257205    0.15%
Elapsed time = 46.48 sec. (72230.06 ticks, tree = 283.41 MB, solutions = 34)
  47006 36785    27541.0000    30    27583.0000    27541.0000   272314    0.15%
  47007 36786    27541.0000    32    27583.0000    27541.0000   272325    0.15%
  47008 36787    27541.0000    32    27583.0000    27541.0000   272327    0.15%
  47009 36788    27541.0000    29    27583.0000    27541.0000   272350    0.15%
  47010 36789    27541.0000    30    27583.0000    27541.0000   272366    0.15%
  47011 36790    27541.0000    31    27583.0000    27541.0000   272396    0.15%
  47012 36791    27541.0000    32    27583.0000    27541.0000   272397    0.15%
  47013 36792    27541.0000    29    27583.0000    27541.0000   272404    0.15%
  47014 36793    27541.0000    30    27583.0000    27541.0000   272418    0.15%
  47015 36794    27541.0000    30    27583.0000    27541.0000   272419    0.15%
Elapsed time = 48.95 sec. (76061.93 ticks, tree = 300.77 MB, solutions = 34)
  49112 38733    27573.0000    26    27583.0000    27541.0000   288130    0.15%
  49113 38734    27573.0000    26    27583.0000    27541.0000   288133    0.15%
  49114 38735    27573.0000    26    27583.0000    27541.0000   288134    0.15%
  49115 38736    27573.0000    25    27583.0000    27541.0000   288135    0.15%
  49116 38737    27573.0000    26    27583.0000    27541.0000   288136    0.15%
  49117 38737    27573.0000    25    27583.0000    27541.0000   288137    0.15%
  49118 38738    27573.0000    21    27583.0000    27541.0000   288138    0.15%
  49119 38737        cutoff          27583.0000    27541.0000   288146    0.15%
  49120 38738    27573.0000    19    27583.0000    27541.0000   288147    0.15%
  49121 38738    27573.0000    20    27583.0000    27541.0000   288154    0.15%
Elapsed time = 51.38 sec. (79885.91 ticks, tree = 318.29 MB, solutions = 34)
* 49678+38392                        27577.0000    27541.0000             0.13%
  51030 39568    27541.0000    40    27577.0000    27541.0000   301464    0.13%
  51031 39569    27541.0000    36    27577.0000    27541.0000   301473    0.13%
  51032 39570    27541.0000    38    27577.0000    27541.0000   301475    0.13%
  51033 39571    27541.0000    36    27577.0000    27541.0000   301486    0.13%
  51034 39572    27541.0000    37    27577.0000    27541.0000   301498    0.13%
  51035 39573    27541.0000    36    27577.0000    27541.0000   301503    0.13%
  51036 39574    27541.0000    36    27577.0000    27541.0000   301504    0.13%
  51037 39575    27541.0000    38    27577.0000    27541.0000   301507    0.13%
  51038 39576    27541.0000    38    27577.0000    27541.0000   301511    0.13%
  51039 39577    27541.0000    38    27577.0000    27541.0000   301512    0.13%
Elapsed time = 53.75 sec. (83715.39 ticks, tree = 326.42 MB, solutions = 35)
  53278 41729    27541.0000    35    27577.0000    27541.0000   315732    0.13%
  53279 41730    27541.0000    35    27577.0000    27541.0000   315733    0.13%
  53280 41731    27541.0000    35    27577.0000    27541.0000   315734    0.13%
  53281 41732    27541.0000    35    27577.0000    27541.0000   315737    0.13%
  53282 41733    27541.0000    35    27577.0000    27541.0000   315738    0.13%
  53283 41734    27541.0000    35    27577.0000    27541.0000   315740    0.13%
  53284 41735    27541.0000    35    27577.0000    27541.0000   315742    0.13%
  53285 41736    27541.0000    31    27577.0000    27541.0000   315753    0.13%
  53286 41737    27541.0000    31    27577.0000    27541.0000   315754    0.13%
  53287 41738    27541.0000    31    27577.0000    27541.0000   315755    0.13%
Elapsed time = 56.19 sec. (87618.64 ticks, tree = 345.93 MB, solutions = 35)
  55686 43980    27541.0000    24    27577.0000    27541.0000   330548    0.13%
  55687 43981    27541.0000    24    27577.0000    27541.0000   330552    0.13%
  55688 43982    27541.0000    24    27577.0000    27541.0000   330556    0.13%
  55689 43983    27541.0000    26    27577.0000    27541.0000   330560    0.13%
  55690 43984    27541.0000    28    27577.0000    27541.0000   330564    0.13%
  55691 43985    27541.0000    23    27577.0000    27541.0000   330570    0.13%
  55692 43986    27541.0000    27    27577.0000    27541.0000   330575    0.13%
  55693 43987    27541.0000    29    27577.0000    27541.0000   330582    0.13%
  55694 43988    27541.0000    30    27577.0000    27541.0000   330598    0.13%
  55695 43989    27541.0000    28    27577.0000    27541.0000   330599    0.13%
Elapsed time = 58.62 sec. (91446.57 ticks, tree = 366.44 MB, solutions = 35)
  57672 45740    27541.0000    28    27577.0000    27541.0000   346153    0.13%
  57673 45741    27541.0000    25    27577.0000    27541.0000   346161    0.13%
  57674 45742    27541.0000    26    27577.0000    27541.0000   346171    0.13%
  57675 45743    27541.0000    31    27577.0000    27541.0000   346197    0.13%
  57676 45744    27541.0000    26    27577.0000    27541.0000   346202    0.13%
  57677 45745    27541.0000    28    27577.0000    27541.0000   346219    0.13%
  57678 45746    27541.0000    25    27577.0000    27541.0000   346221    0.13%
  57679 45747    27541.0000    27    27577.0000    27541.0000   346224    0.13%
  57680 45748    27541.0000    27    27577.0000    27541.0000   346225    0.13%
  57681 45749    27541.0000    27    27577.0000    27541.0000   346226    0.13%
Elapsed time = 61.05 sec. (95279.82 ticks, tree = 382.35 MB, solutions = 35)
  59632 47424    27561.0000    22    27577.0000    27541.0000   362041    0.13%
  59633 47425    27561.0000    15    27577.0000    27541.0000   362051    0.13%
  59634 47426    27561.0000    16    27577.0000    27541.0000   362054    0.13%
  59635 47427    27561.0000    21    27577.0000    27541.0000   362059    0.13%
  59636 47427    27561.0000    21    27577.0000    27541.0000   362068    0.13%
  59637 47428    27561.0000    21    27577.0000    27541.0000   362070    0.13%
  59638 47429    27561.0000    21    27577.0000    27541.0000   362075    0.13%
  59639 47430    27561.0000    17    27577.0000    27541.0000   362077    0.13%
  59640 47431    27561.0000    21    27577.0000    27541.0000   362086    0.13%
  59641 47430        cutoff          27577.0000    27541.0000   362097    0.13%
Elapsed time = 63.45 sec. (99104.20 ticks, tree = 397.59 MB, solutions = 35)
  61796 49421    27541.0000    32    27577.0000    27541.0000   375630    0.13%
  61797 49422    27541.0000    32    27577.0000    27541.0000   375632    0.13%
  61798 49423    27541.0000    25    27577.0000    27541.0000   375641    0.13%
  61799 49424    27541.0000    26    27577.0000    27541.0000   375647    0.13%
  61800 49425    27541.0000    27    27577.0000    27541.0000   375648    0.13%
  61801 49426    27541.0000    31    27577.0000    27541.0000   375668    0.13%
  61802 49427    27541.0000    28    27577.0000    27541.0000   375686    0.13%
  61803 49428    27541.0000    27    27577.0000    27541.0000   375690    0.13%
  61804 49429    27541.0000    30    27577.0000    27541.0000   375694    0.13%
  61805 49430    27541.0000    31    27577.0000    27541.0000   375717    0.13%
Elapsed time = 65.84 sec. (102934.86 ticks, tree = 415.81 MB, solutions = 35)
  64091 51554    27541.0000    30    27577.0000    27541.0000   390901    0.13%
  64092 51555    27541.0000    31    27577.0000    27541.0000   390914    0.13%
  64093 51556    27541.0000    35    27577.0000    27541.0000   390940    0.13%
  64094 51557    27541.0000    38    27577.0000    27541.0000   390994    0.13%
  64095 51558    27541.0000    33    27577.0000    27541.0000   391002    0.13%
  64096 51559    27541.0000    37    27577.0000    27541.0000   391021    0.13%
  64097 51560    27541.0000    36    27577.0000    27541.0000   391022    0.13%
  64098 51561    27541.0000    32    27577.0000    27541.0000   391032    0.13%
  64099 51562    27541.0000    32    27577.0000    27541.0000   391033    0.13%
  64100 51563    27541.0000    32    27577.0000    27541.0000   391034    0.13%
Elapsed time = 68.24 sec. (106781.76 ticks, tree = 435.36 MB, solutions = 35)
  66099 53335    27541.0000    28    27577.0000    27541.0000   406929    0.13%
  66100 53336    27541.0000    28    27577.0000    27541.0000   406930    0.13%
  66101 53337    27541.0000    28    27577.0000    27541.0000   406931    0.13%
  66102 53338    27541.0000    28    27577.0000    27541.0000   406933    0.13%
  66103 53339    27541.0000    28    27577.0000    27541.0000   406934    0.13%
  66104 53340    27541.0000    28    27577.0000    27541.0000   406935    0.13%
  66105 53341    27541.0000    28    27577.0000    27541.0000   406936    0.13%
  66106 53342    27541.0000    28    27577.0000    27541.0000   406937    0.13%
  66107 53343    27541.0000    28    27577.0000    27541.0000   406938    0.13%
  66108 53344    27541.0000    28    27577.0000    27541.0000   406939    0.13%
Elapsed time = 70.64 sec. (110602.80 ticks, tree = 451.63 MB, solutions = 35)
  68251 55301    27541.0000    25    27577.0000    27541.0000   423620    0.13%
  68252 55302    27541.0000    25    27577.0000    27541.0000   423621    0.13%
  68253 55303    27541.0000    25    27577.0000    27541.0000   423622    0.13%
  68254 55304    27541.0000    25    27577.0000    27541.0000   423623    0.13%
  68255 55305    27541.0000    25    27577.0000    27541.0000   423624    0.13%
  68256 55306    27541.0000    25    27577.0000    27541.0000   423625    0.13%
  68257 55307    27541.0000    25    27577.0000    27541.0000   423626    0.13%
  68258 55308    27541.0000    25    27577.0000    27541.0000   423627    0.13%
  68259 55309    27541.0000    25    27577.0000    27541.0000   423628    0.13%
  68260 55310    27541.0000    25    27577.0000    27541.0000   423629    0.13%
Elapsed time = 73.07 sec. (114424.20 ticks, tree = 469.54 MB, solutions = 35)
  70814 57821    27541.0000    33    27577.0000    27541.0000   438592    0.13%
  70815 57822    27541.0000    32    27577.0000    27541.0000   438595    0.13%
  70816 57823    27541.0000    35    27577.0000    27541.0000   438615    0.13%
  70817 57824    27541.0000    30    27577.0000    27541.0000   438619    0.13%
  70818 57825    27541.0000    30    27577.0000    27541.0000   438623    0.13%
  70819 57826    27541.0000    34    27577.0000    27541.0000   438634    0.13%
  70820 57827    27541.0000    37    27577.0000    27541.0000   438660    0.13%
  70821 57828    27541.0000    37    27577.0000    27541.0000   438682    0.13%
  70822 57829    27541.0000    37    27577.0000    27541.0000   438683    0.13%
  70823 57830    27541.0000    36    27577.0000    27541.0000   438692    0.13%
Elapsed time = 75.51 sec. (118255.98 ticks, tree = 492.57 MB, solutions = 35)
  72598 59482    27541.0000    30    27577.0000    27541.0000   454866    0.13%
  72599 59483    27541.0000    29    27577.0000    27541.0000   454869    0.13%
  72600 59484    27541.0000    30    27577.0000    27541.0000   454872    0.13%
  72601 59485    27541.0000    29    27577.0000    27541.0000   454873    0.13%
  72602 59486    27541.0000    28    27577.0000    27541.0000   454874    0.13%
  72603 59487    27541.0000    28    27577.0000    27541.0000   454876    0.13%
  72604 59488    27541.0000    28    27577.0000    27541.0000   454885    0.13%
  72605 59489    27541.0000    29    27577.0000    27541.0000   454898    0.13%
  72606 59490    27541.0000    30    27577.0000    27541.0000   454910    0.13%
  72607 59491    27541.0000    30    27577.0000    27541.0000   454919    0.13%
Elapsed time = 77.94 sec. (122080.97 ticks, tree = 507.74 MB, solutions = 35)
  74862 61665    27541.0000    28    27577.0000    27541.0000   470646    0.13%
  74863 61666    27541.0000    28    27577.0000    27541.0000   470649    0.13%
  74864 61667    27541.0000    30    27577.0000    27541.0000   470657    0.13%
  74865 61668    27541.0000    31    27577.0000    27541.0000   470660    0.13%
  74866 61669    27541.0000    24    27577.0000    27541.0000   470684    0.13%
  74867 61670    27541.0000    24    27577.0000    27541.0000   470726    0.13%
  74868 61671    27541.0000    28    27577.0000    27541.0000   470730    0.13%
  74869 61672    27541.0000    26    27577.0000    27541.0000   470738    0.13%
  74870 61673    27541.0000    28    27577.0000    27541.0000   470740    0.13%
  74871 61674    27541.0000    28    27577.0000    27541.0000   470743    0.13%
Elapsed time = 80.36 sec. (125923.57 ticks, tree = 527.57 MB, solutions = 35)
* 75178+61258                        27575.0000    27541.0000             0.12%
  77020 63062    27541.0000    47    27575.0000    27541.0000   486542    0.12%
  77021 63063    27541.0000    41    27575.0000    27541.0000   486600    0.12%
  77022 63064    27541.0000    42    27575.0000    27541.0000   486606    0.12%
  77023 63065    27541.0000    38    27575.0000    27541.0000   486621    0.12%
  77024 63066    27541.0000    39    27575.0000    27541.0000   486626    0.12%
  77025 63067    27541.0000    37    27575.0000    27541.0000   486656    0.12%
  77026 63068    27541.0000    38    27575.0000    27541.0000   486659    0.12%
  77027 63069    27541.0000    34    27575.0000    27541.0000   486675    0.12%
  77028 63070    27541.0000    32    27575.0000    27541.0000   486677    0.12%
  77029 63071    27541.0000    39    27575.0000    27541.0000   486702    0.12%
Elapsed time = 82.84 sec. (129805.29 ticks, tree = 540.61 MB, solutions = 36)
  78822 64737    27541.0000    49    27575.0000    27541.0000   503155    0.12%
  78823 64738    27541.0000    46    27575.0000    27541.0000   503179    0.12%
  78824 64739    27541.0000    44    27575.0000    27541.0000   503181    0.12%
  78825 64740    27541.0000    43    27575.0000    27541.0000   503194    0.12%
  78826 64741    27541.0000    40    27575.0000    27541.0000   503229    0.12%
  78827 64742    27541.0000    40    27575.0000    27541.0000   503268    0.12%
  78828 64743    27541.0000    40    27575.0000    27541.0000   503269    0.12%
  78829 64744    27541.0000    40    27575.0000    27541.0000   503270    0.12%
  78830 64745    27541.0000    37    27575.0000    27541.0000   503287    0.12%
  78831 64746    27541.0000    36    27575.0000    27541.0000   503290    0.12%
Elapsed time = 85.30 sec. (133699.99 ticks, tree = 555.87 MB, solutions = 36)
  81078 66883    27541.0000    27    27575.0000    27541.0000   518157    0.12%
  81079 66884    27541.0000    27    27575.0000    27541.0000   518157    0.12%
  81080 66885    27541.0000    30    27575.0000    27541.0000   518163    0.12%
  81081 66886    27541.0000    30    27575.0000    27541.0000   518171    0.12%
  81082 66886    27541.0000    30    27575.0000    27541.0000   518183    0.12%
  81083 66887    27541.0000    30    27575.0000    27541.0000   518184    0.12%
  81084 66888    27541.0000    32    27575.0000    27541.0000   518192    0.12%
  81085 66889    27541.0000    29    27575.0000    27541.0000   518208    0.12%
  81086 66890    27541.0000    28    27575.0000    27541.0000   518210    0.12%
  81087 66891    27541.0000    30    27575.0000    27541.0000   518232    0.12%
Elapsed time = 87.79 sec. (137563.45 ticks, tree = 577.42 MB, solutions = 36)
  83471 69126    27541.0000    28    27575.0000    27541.0000   532876    0.12%
  83472 69127    27541.0000    29    27575.0000    27541.0000   532878    0.12%
  83473 69128    27541.0000    29    27575.0000    27541.0000   532885    0.12%
  83474 69129    27541.0000    27    27575.0000    27541.0000   532887    0.12%
  83475 69130    27541.0000    27    27575.0000    27541.0000   532892    0.12%
  83476 69131    27541.0000    30    27575.0000    27541.0000   532908    0.12%
  83477 69132    27541.0000    30    27575.0000    27541.0000   532911    0.12%
  83478 69133    27541.0000    30    27575.0000    27541.0000   532912    0.12%
  83479 69134    27541.0000    30    27575.0000    27541.0000   532913    0.12%
  83480 69135    27541.0000    30    27575.0000    27541.0000   532914    0.12%
Elapsed time = 90.65 sec. (142098.53 ticks, tree = 597.98 MB, solutions = 36)
  84765 70398    27541.0000    32    27575.0000    27541.0000   539318    0.12%
  84766 70399    27541.0000    34    27575.0000    27541.0000   539324    0.12%
  84767 70400    27541.0000    34    27575.0000    27541.0000   539329    0.12%
  84768 70401    27541.0000    35    27575.0000    27541.0000   539330    0.12%
  84769 70402    27541.0000    34    27575.0000    27541.0000   539331    0.12%
  84770 70403    27541.0000    34    27575.0000    27541.0000   539333    0.12%
  84771 70404    27541.0000    35    27575.0000    27541.0000   539339    0.12%
  84772 70405    27541.0000    35    27575.0000    27541.0000   539340    0.12%
  84773 70406    27541.0000    35    27575.0000    27541.0000   539343    0.12%
  84774 70407    27541.0000    34    27575.0000    27541.0000   539346    0.12%
Elapsed time = 93.14 sec. (145924.79 ticks, tree = 609.57 MB, solutions = 36)
  87218 72764    27541.0000    30    27575.0000    27541.0000   555426    0.12%
  87219 72765    27541.0000    28    27575.0000    27541.0000   555429    0.12%
  87220 72766    27541.0000    30    27575.0000    27541.0000   555432    0.12%
  87221 72767    27541.0000    30    27575.0000    27541.0000   555433    0.12%
  87222 72768    27541.0000    30    27575.0000    27541.0000   555435    0.12%
  87223 72769    27541.0000    30    27575.0000    27541.0000   555436    0.12%
  87224 72770    27541.0000    30    27575.0000    27541.0000   555437    0.12%
  87225 72771    27541.0000    30    27575.0000    27541.0000   555438    0.12%
  87226 72772    27541.0000    30    27575.0000    27541.0000   555440    0.12%
  87227 72773    27541.0000    32    27575.0000    27541.0000   555442    0.12%
Elapsed time = 95.64 sec. (149747.30 ticks, tree = 631.16 MB, solutions = 36)
  89306 74796    27541.0000    28    27575.0000    27541.0000   569873    0.12%
  89307 74797    27541.0000    25    27575.0000    27541.0000   569876    0.12%
  89308 74798    27541.0000    25    27575.0000    27541.0000   569891    0.12%
  89309 74799    27541.0000    28    27575.0000    27541.0000   569906    0.12%
  89310 74800    27541.0000    36    27575.0000    27541.0000   569921    0.12%
  89311 74801    27541.0000    28    27575.0000    27541.0000   569931    0.12%
  89312 74801    27541.0000    33    27575.0000    27541.0000   569944    0.12%
  89313 74802    27541.0000    33    27575.0000    27541.0000   569946    0.12%
  89314 74803    27541.0000    30    27575.0000    27541.0000   569948    0.12%
  89315 74804    27541.0000    29    27575.0000    27541.0000   569952    0.12%
Elapsed time = 98.09 sec. (153580.13 ticks, tree = 649.86 MB, solutions = 36)

Cover cuts applied:  77
Mixed integer rounding cuts applied:  51
Zero-half cuts applied:  1

Root node processing (before b&c):
  Real time             =    0.72 sec. (949.34 ticks)
Sequential b&c:
  Real time             =   99.28 sec. (155644.19 ticks)
                          ------------
Total (root+branch&cut) =  100.00 sec. (156593.53 ticks)

Solution pool: 36 solutions saved.

MIP - Time limit exceeded, integer feasible:  Objective =  2.7575000000e+04
Current MIP best bound =  2.7541000000e+04 (gap = 34, 0.12%)
Solution time =  100.00 sec.  Iterations = 581897  Nodes = 91130 (76554)
Deterministic time = 156593.55 ticks  (1565.91 ticks/sec)


Incumbent solution written to file '/tmp/tmpiB0DzV.cplex.sol'.
