
Log started (V12.6.3.0) Sat Apr 21 09:54:42 2018

New value for default parallel thread count: 1

Problem '/tmp/tmpuIlnjp.pyomo.lp' read.
Read time = 0.29 sec. (29.65 ticks)

Problem name         : /tmp/tmpuIlnjp.pyomo.lp
Objective sense      : Minimize
Variables            :    5924  [Nneg: 1,  Binary: 5908,  General Integer: 15]
Objective nonzeros   :       1
Linear constraints   :     873  [Less: 436,  Equal: 437]
  Nonzeros           : 2206021
  RHS nonzeros       :     845

Variables            : Min LB: 0.000000         Max UB: 1.000000       
Objective nonzeros   : Min   : 1.000000         Max   : 1.000000       
Linear constraints   :
  Nonzeros           : Min   : 1.000000         Max   : 1991.000       
  RHS nonzeros       : Min   : 1.000000         Max   : 43.00000       
Tried aggregator 2 times.
MIP Presolve eliminated 422 rows and 222 columns.
Aggregator did 31 substitutions.
Reduced MIP has 420 rows, 5671 columns, and 16333 nonzeros.
Reduced MIP has 5670 binaries, 1 generals, 0 SOSs, and 0 indicators.
Presolve time = 0.28 sec. (335.90 ticks)
Found incumbent of value 385571.000000 after 0.35 sec. (384.86 ticks)
Tried aggregator 1 time.
Reduced MIP has 420 rows, 5671 columns, and 16333 nonzeros.
Reduced MIP has 5670 binaries, 1 generals, 0 SOSs, and 0 indicators.
Presolve time = 0.01 sec. (6.40 ticks)
Probing time = 0.00 sec. (2.34 ticks)
Clique table members: 405.
MIP emphasis: balance optimality and feasibility.
MIP search method: dynamic search.
Parallel mode: none, using 1 thread.
Root relaxation solution time = 0.01 sec. (16.00 ticks)

        Nodes                                         Cuts/
   Node  Left     Objective  IInf  Best Integer    Best Bound    ItCnt     Gap

*     0+    0                       385571.0000        0.0000           100.00%
      0     0    27540.7857    25   385571.0000    27540.7857      144   92.86%
*     0+    0                        28617.0000    27540.7857             3.76%
      0     0    27541.0000    25    28617.0000      Fract: 7      162    3.76%
*     0+    0                        28191.0000    27541.0000             2.31%
      0     0    27541.0000    26    28191.0000      Cuts: 17      209    2.31%
*     0+    0                        28046.0000    27541.0000             1.80%
*     0+    0                        28040.0000    27541.0000             1.78%
*     0+    0                        27904.0000    27541.0000             1.30%
*     0+    0                        27834.0000    27541.0000             1.05%
*     0+    0                        27832.0000    27541.0000             1.05%
*     0+    0                        27816.0000    27541.0000             0.99%
      0     2    27541.0000    17    27816.0000    27541.0000      209    0.99%
Elapsed time = 0.69 sec. (891.36 ticks, tree = 0.01 MB, solutions = 9)
*    50+   50                        27808.0000    27541.0000             0.96%
*    60+   60                        27797.0000    27541.0000             0.92%
*    70+   70                        27793.0000    27541.0000             0.91%
*   100+  100                        27788.0000    27541.0000             0.89%
    130   132    27541.0000    22    27788.0000    27541.0000      976    0.89%
    131   133    27541.0000    20    27788.0000    27541.0000      982    0.89%
    132   134    27541.0000    21    27788.0000    27541.0000      987    0.89%
    133   135    27541.0000    20    27788.0000    27541.0000      992    0.89%
    134   136    27541.0000    21    27788.0000    27541.0000      999    0.89%
    135   137    27541.0000    21    27788.0000    27541.0000     1005    0.89%
    136   138    27541.0000    22    27788.0000    27541.0000     1011    0.89%
    137   139    27541.0000    21    27788.0000    27541.0000     1015    0.89%
    138   140    27541.0000    23    27788.0000    27541.0000     1024    0.89%
*   200+  200                        27781.0000    27541.0000             0.86%
*   200+  200                        27778.0000    27541.0000             0.85%
*   340+  315                        27761.0000    27541.0000             0.79%
*   475+  448                        27733.0000    27541.0000             0.69%
*   475+  429                        27681.0000    27541.0000             0.51%
*   475+  429                        27678.0000    27541.0000             0.49%
    476   432    27541.0000    18    27678.0000    27541.0000     3035    0.49%
Elapsed time = 1.42 sec. (2013.12 ticks, tree = 3.16 MB, solutions = 19)
*   477+  429                        27655.0000    27541.0000             0.41%
*   477+  429                        27634.0000    27541.0000             0.34%
*   477+  429                        27630.0000    27541.0000             0.32%
*   477+  429                        27625.0000    27541.0000             0.30%
*   477+  429                        27622.0000    27541.0000             0.29%
    548   467    27541.0000    24    27622.0000    27541.0000     3740    0.29%
    549   467    27541.0000    22    27622.0000    27541.0000     3748    0.29%
    550   467    27541.0000    22    27622.0000    27541.0000     3750    0.29%
    551   467    27541.0000    23    27622.0000    27541.0000     3758    0.29%
    552   468    27541.0000    22    27622.0000    27541.0000     3771    0.29%
    553   469    27541.0000    22    27622.0000    27541.0000     3782    0.29%
    554   470    27541.0000    21    27622.0000    27541.0000     3790    0.29%
    555   470    27541.0000    21    27622.0000    27541.0000     3794    0.29%
    556   470    27541.0000    21    27622.0000    27541.0000     3798    0.29%
    557   471    27541.0000    23    27622.0000    27541.0000     3804    0.29%
Elapsed time = 2.08 sec. (3016.26 ticks, tree = 3.43 MB, solutions = 24)
    677   488    27553.0000    22    27622.0000    27541.0000     5000    0.29%
    678   488    27553.0000    22    27622.0000    27541.0000     5006    0.29%
    679   487    27553.9317    23    27622.0000    27541.0000     5012    0.29%
    680   487    27553.9317    23    27622.0000    27541.0000     5013    0.29%
    681   486    27553.9317    23    27622.0000    27541.0000     5014    0.29%
    682   485    27553.9317    23    27622.0000    27541.0000     5015    0.29%
    683   485    27553.9317    23    27622.0000    27541.0000     5016    0.29%
    684   485    27554.0000    22    27622.0000    27541.0000     5017    0.29%
    685   485    27554.0000    23    27622.0000    27541.0000     5019    0.29%
    686   484    27554.1608    22    27622.0000    27541.0000     5031    0.29%
Elapsed time = 2.75 sec. (4041.99 ticks, tree = 3.55 MB, solutions = 24)
    878   542    27541.0000    25    27622.0000    27541.0000     6523    0.29%
    879   543    27541.0000    25    27622.0000    27541.0000     6532    0.29%
    880   543    27541.0000    25    27622.0000    27541.0000     6533    0.29%
    881   544    27541.0000    26    27622.0000    27541.0000     6546    0.29%
    882   545    27541.0000    23    27622.0000    27541.0000     6559    0.29%
    883   546    27541.0000    25    27622.0000    27541.0000     6573    0.29%
    884   546    27541.0000    23    27622.0000    27541.0000     6583    0.29%
    885   547    27541.0000    22    27622.0000    27541.0000     6584    0.29%
    886   548    27541.0000    21    27622.0000    27541.0000     6603    0.29%
    887   549    27541.0000    23    27622.0000    27541.0000     6621    0.29%
Elapsed time = 3.41 sec. (5109.19 ticks, tree = 4.05 MB, solutions = 24)
   1179   623    27541.0000    22    27622.0000    27541.0000     8524    0.29%
   1180   624    27541.0000    23    27622.0000    27541.0000     8533    0.29%
   1181   625    27541.0000    22    27622.0000    27541.0000     8541    0.29%
   1182   625    27541.0000    20    27622.0000    27541.0000     8548    0.29%
   1183   626    27541.0000    20    27622.0000    27541.0000     8554    0.29%
   1184   626    27541.0000    20    27622.0000    27541.0000     8567    0.29%
   1185   626    27541.0000    20    27622.0000    27541.0000     8571    0.29%
   1186   627    27541.0000    20    27622.0000    27541.0000     8575    0.29%
   1187   627    27541.0000    20    27622.0000    27541.0000     8576    0.29%
   1188   628    27541.0000    21    27622.0000    27541.0000     8580    0.29%
Elapsed time = 4.05 sec. (6078.86 ticks, tree = 4.69 MB, solutions = 24)
   1600   863    27604.6580    21    27622.0000    27541.0000    11420    0.29%
   1601   863    27606.9981    19    27622.0000    27541.0000    11426    0.29%
   1602   863    27607.5075    19    27622.0000    27541.0000    11430    0.29%
   1603   863    27608.8798    19    27622.0000    27541.0000    11434    0.29%
   1604   863    27612.5819    19    27622.0000    27541.0000    11438    0.29%
   1605   863    27618.7093    19    27622.0000    27541.0000    11442    0.29%
   1606   862        cutoff          27622.0000    27541.0000    11446    0.29%
   1607   861        cutoff          27622.0000    27541.0000    11459    0.29%
   1608   860        cutoff          27622.0000    27541.0000    11478    0.29%
   1609   860    27580.1050    26    27622.0000    27541.0000    11555    0.29%
Elapsed time = 4.72 sec. (7104.08 ticks, tree = 6.47 MB, solutions = 24)
   2008  1151    27541.0000    26    27622.0000    27541.0000    13952    0.29%
   2009  1152    27541.0000    26    27622.0000    27541.0000    13953    0.29%
   2010  1153    27541.0000    24    27622.0000    27541.0000    13968    0.29%
   2011  1154    27541.0000    25    27622.0000    27541.0000    13974    0.29%
   2012  1155    27541.0000    27    27622.0000    27541.0000    13982    0.29%
   2013  1156    27541.0000    26    27622.0000    27541.0000    13989    0.29%
   2014  1157    27541.0000    26    27622.0000    27541.0000    13990    0.29%
   2015  1158    27541.0000    25    27622.0000    27541.0000    14006    0.29%
   2016  1159    27541.0000    24    27622.0000    27541.0000    14015    0.29%
   2017  1160    27541.0000    26    27622.0000    27541.0000    14022    0.29%
Elapsed time = 5.35 sec. (8080.67 ticks, tree = 8.79 MB, solutions = 24)
*  2178+ 1280                        27600.0000    27541.0000             0.21%
   2478  1546    27541.0000    25    27600.0000    27541.0000    16685    0.21%
   2479  1547    27541.0000    25    27600.0000    27541.0000    16686    0.21%
   2480  1548    27541.0000    25    27600.0000    27541.0000    16687    0.21%
   2481  1549    27541.0000    25    27600.0000    27541.0000    16688    0.21%
   2482  1550    27541.0000    25    27600.0000    27541.0000    16689    0.21%
   2483  1551    27541.0000    25    27600.0000    27541.0000    16690    0.21%
   2484  1552    27541.0000    25    27600.0000    27541.0000    16691    0.21%
   2485  1553    27541.0000    25    27600.0000    27541.0000    16699    0.21%
   2486  1554    27541.0000    26    27600.0000    27541.0000    16708    0.21%
   2487  1555    27541.0000    26    27600.0000    27541.0000    16718    0.21%
Elapsed time = 6.06 sec. (9079.34 ticks, tree = 11.83 MB, solutions = 25)
   2875  1920    27541.0000    27    27600.0000    27541.0000    19489    0.21%
   2876  1921    27541.0000    28    27600.0000    27541.0000    19494    0.21%
   2877  1922    27541.0000    24    27600.0000    27541.0000    19500    0.21%
   2878  1923    27541.0000    26    27600.0000    27541.0000    19505    0.21%
   2879  1924    27541.0000    27    27600.0000    27541.0000    19512    0.21%
   2880  1925    27541.0000    26    27600.0000    27541.0000    19518    0.21%
   2881  1926    27541.0000    24    27600.0000    27541.0000    19522    0.21%
   2882  1927    27541.0000    22    27600.0000    27541.0000    19525    0.21%
   2883  1928    27541.0000    26    27600.0000    27541.0000    19532    0.21%
   2884  1929    27541.0000    25    27600.0000    27541.0000    19539    0.21%
Elapsed time = 6.73 sec. (10064.54 ticks, tree = 14.75 MB, solutions = 25)
   3401  2375    27541.0000    24    27600.0000    27541.0000    22588    0.21%
   3402  2376    27541.0000    23    27600.0000    27541.0000    22606    0.21%
   3403  2377    27541.0000    23    27600.0000    27541.0000    22611    0.21%
   3404  2378    27541.0000    22    27600.0000    27541.0000    22612    0.21%
   3405  2379    27541.0000    28    27600.0000    27541.0000    22632    0.21%
   3406  2380    27541.0000    21    27600.0000    27541.0000    22635    0.21%
   3407  2381    27541.9155    24    27600.0000    27541.0000    22649    0.21%
   3408  2382    27541.0000    23    27600.0000    27541.0000    22658    0.21%
   3409  2383    27541.0000    22    27600.0000    27541.0000    22663    0.21%
   5388  3948    27541.0000    24    27600.0000    27541.0000    33329    0.21%
Elapsed time = 9.13 sec. (13879.62 ticks, tree = 30.33 MB, solutions = 25)
   8942  7016    27541.0000    21    27600.0000    27541.0000    48617    0.21%
   8943  7017    27541.0000    20    27600.0000    27541.0000    48623    0.21%
   8944  7018    27541.0000    20    27600.0000    27541.0000    48630    0.21%
   8945  7019    27541.0000    23    27600.0000    27541.0000    48656    0.21%
   8946  7020    27541.0000    21    27600.0000    27541.0000    48661    0.21%
   8947  7021    27541.0000    21    27600.0000    27541.0000    48665    0.21%
   8948  7022    27541.0000    22    27600.0000    27541.0000    48669    0.21%
   8949  7023    27541.0000    23    27600.0000    27541.0000    48675    0.21%
   8950  7024    27541.0000    22    27600.0000    27541.0000    48679    0.21%
   8951  7025    27541.0000    25    27600.0000    27541.0000    48686    0.21%
Elapsed time = 11.58 sec. (17704.08 ticks, tree = 54.44 MB, solutions = 25)
  11462  9336    27541.0000    23    27600.0000    27541.0000    59578    0.21%
  11463  9337    27541.0000    23    27600.0000    27541.0000    59579    0.21%
  11464  9338    27541.0000    21    27600.0000    27541.0000    59582    0.21%
  11465  9339    27541.0000    22    27600.0000    27541.0000    59592    0.21%
  11466  9340    27541.0000    20    27600.0000    27541.0000    59594    0.21%
  11467  9341    27541.0000    19    27600.0000    27541.0000    59598    0.21%
  11468  9342    27541.0000    19    27600.0000    27541.0000    59601    0.21%
  11469  9343    27544.1198    25    27600.0000    27541.0000    59624    0.21%
  11470  9344    27541.0000    21    27600.0000    27541.0000    59633    0.21%
  11471  9345    27544.1198    25    27600.0000    27541.0000    59635    0.21%
Elapsed time = 14.28 sec. (21528.73 ticks, tree = 72.84 MB, solutions = 25)
  15103 12605    27541.0000    26    27600.0000    27541.0000    76834    0.21%
  15104 12606    27541.0000    23    27600.0000    27541.0000    76836    0.21%
  15105 12605        cutoff          27600.0000    27541.0000    76849    0.21%
  15106 12606    27541.0000    24    27600.0000    27541.0000    76853    0.21%
  15107 12607    27541.0000    24    27600.0000    27541.0000    76854    0.21%
  15108 12608    27541.0000    24    27600.0000    27541.0000    76855    0.21%
  15109 12609    27541.0000    23    27600.0000    27541.0000    76887    0.21%
  15110 12610    27541.0000    25    27600.0000    27541.0000    76900    0.21%
  15111 12611    27541.0000    26    27600.0000    27541.0000    76901    0.21%
  15112 12612    27541.0000    26    27600.0000    27541.0000    76902    0.21%
Elapsed time = 16.76 sec. (25353.18 ticks, tree = 98.62 MB, solutions = 25)
  18937 16246        cutoff          27600.0000    27541.0000    95682    0.21%
  18938 16247    27541.0000    31    27600.0000    27541.0000    95683    0.21%
  18939 16248    27541.0000    30    27600.0000    27541.0000    95684    0.21%
  18940 16249    27541.0000    31    27600.0000    27541.0000    95685    0.21%
  18941 16250    27541.0000    31    27600.0000    27541.0000    95686    0.21%
  18942 16251    27541.0000    31    27600.0000    27541.0000    95687    0.21%
  18943 16252    27541.0000    29    27600.0000    27541.0000    95690    0.21%
  18944 16253    27541.0000    30    27600.0000    27541.0000    95696    0.21%
  18945 16254    27541.0000    30    27600.0000    27541.0000    95697    0.21%
  18946 16255    27541.0000    31    27600.0000    27541.0000    95699    0.21%
Elapsed time = 19.30 sec. (29176.83 ticks, tree = 127.43 MB, solutions = 25)
  22822 19824    27541.0000    25    27600.0000    27541.0000   112175    0.21%
  22823 19825    27541.0000    25    27600.0000    27541.0000   112176    0.21%
  22824 19826    27541.0000    22    27600.0000    27541.0000   112180    0.21%
  22825 19827    27541.0000    21    27600.0000    27541.0000   112185    0.21%
  22826 19828    27541.0000    21    27600.0000    27541.0000   112186    0.21%
  22827 19829    27541.0000    21    27600.0000    27541.0000   112188    0.21%
  22828 19830    27541.0000    21    27600.0000    27541.0000   112200    0.21%
  22829 19831    27541.0000    24    27600.0000    27541.0000   112223    0.21%
  22830 19832    27541.0000    22    27600.0000    27541.0000   112231    0.21%
  22831 19833    27541.0000    23    27600.0000    27541.0000   112234    0.21%
Elapsed time = 21.81 sec. (33005.20 ticks, tree = 156.16 MB, solutions = 25)
  26222 22734    27541.0000    34    27600.0000    27541.0000   126111    0.21%
  26223 22735    27541.0000    32    27600.0000    27541.0000   126115    0.21%
  26224 22736    27541.0000    27    27600.0000    27541.0000   126121    0.21%
  26225 22737    27541.0000    28    27600.0000    27541.0000   126123    0.21%
  26226 22738    27541.0000    31    27600.0000    27541.0000   126136    0.21%
  26227 22739    27541.0000    29    27600.0000    27541.0000   126140    0.21%
  26228 22740    27541.0000    26    27600.0000    27541.0000   126146    0.21%
  26229 22741    27541.0000    25    27600.0000    27541.0000   126163    0.21%
  26230 22742    27541.0000    25    27600.0000    27541.0000   126178    0.21%
  26231 22743    27541.0000    25    27600.0000    27541.0000   126180    0.21%
Elapsed time = 24.40 sec. (36865.64 ticks, tree = 179.31 MB, solutions = 25)
  29419 25452    27541.0000    32    27600.0000    27541.0000   140493    0.21%
  29420 25453    27541.0000    32    27600.0000    27541.0000   140494    0.21%
  29421 25454    27541.0000    32    27600.0000    27541.0000   140495    0.21%
  29422 25455    27541.0000    30    27600.0000    27541.0000   140496    0.21%
  29423 25456    27541.0000    28    27600.0000    27541.0000   140499    0.21%
  29424 25457    27541.0000    28    27600.0000    27541.0000   140505    0.21%
  29425 25458    27541.0000    31    27600.0000    27541.0000   140507    0.21%
  29426 25459    27541.0000    26    27600.0000    27541.0000   140510    0.21%
  29427 25460    27541.0000    28    27600.0000    27541.0000   140514    0.21%
  29428 25461    27541.0000    28    27600.0000    27541.0000   140515    0.21%
Elapsed time = 26.92 sec. (40689.43 ticks, tree = 201.06 MB, solutions = 25)
* 31578+27481                        27598.0000    27541.0000             0.21%
  32506 28319    27577.7308    21    27598.0000    27541.0000   155165    0.21%
  32507 28320    27577.7308    19    27598.0000    27541.0000   155171    0.21%
  32508 28321    27577.7308    19    27598.0000    27541.0000   155173    0.21%
  32509 28322    27577.7308    21    27598.0000    27541.0000   155190    0.21%
  32510 28323    27577.7308    23    27598.0000    27541.0000   155192    0.21%
  32511 28324    27577.7308    22    27598.0000    27541.0000   155193    0.21%
  32512 28325    27577.7308    23    27598.0000    27541.0000   155195    0.21%
  32513 28326    27577.7308    20    27598.0000    27541.0000   155199    0.21%
  32514 28327    27577.7308    23    27598.0000    27541.0000   155203    0.21%
  32515 28328    27577.7308    21    27598.0000    27541.0000   155204    0.21%
Elapsed time = 29.51 sec. (44512.53 ticks, tree = 224.00 MB, solutions = 26)
  35073 30673    27541.0000    31    27598.0000    27541.0000   169806    0.21%
  35074 30674    27541.0000    31    27598.0000    27541.0000   169809    0.21%
  35075 30675    27541.0000    31    27598.0000    27541.0000   169813    0.21%
  35076 30676    27541.0000    33    27598.0000    27541.0000   169815    0.21%
  35077 30677    27541.0000    32    27598.0000    27541.0000   169821    0.21%
  35078 30678    27541.0000    32    27598.0000    27541.0000   169822    0.21%
  35079 30679    27541.0000    31    27598.0000    27541.0000   169824    0.21%
  35080 30680    27541.0000    32    27598.0000    27541.0000   169828    0.21%
  35081 30681    27541.0000    33    27598.0000    27541.0000   169836    0.21%
  35082 30682    27541.0000    34    27598.0000    27541.0000   169838    0.21%
Elapsed time = 32.03 sec. (48340.76 ticks, tree = 243.01 MB, solutions = 26)
  37718 33103    27569.2133    27    27598.0000    27541.0000   183498    0.21%
  37719 33104    27569.2133    28    27598.0000    27541.0000   183501    0.21%
  37720 33105    27569.2133    27    27598.0000    27541.0000   183503    0.21%
  37721 33106    27569.2133    26    27598.0000    27541.0000   183505    0.21%
  37722 33107    27569.2133    27    27598.0000    27541.0000   183508    0.21%
  37723 33108    27569.2133    26    27598.0000    27541.0000   183510    0.21%
  37724 33109    27569.2133    26    27598.0000    27541.0000   183511    0.21%
  37725 33110    27569.2133    25    27598.0000    27541.0000   183513    0.21%
  37726 33111    27569.2133    27    27598.0000    27541.0000   183515    0.21%
  37727 33112    27569.2133    27    27598.0000    27541.0000   183516    0.21%
Elapsed time = 34.62 sec. (52199.36 ticks, tree = 263.92 MB, solutions = 26)
  40222 35375    27541.0000    36    27598.0000    27541.0000   199054    0.21%
  40223 35376    27541.0000    34    27598.0000    27541.0000   199078    0.21%
  40224 35377    27541.0000    35    27598.0000    27541.0000   199104    0.21%
  40225 35378    27541.0000    35    27598.0000    27541.0000   199105    0.21%
  40226 35379    27541.0000    35    27598.0000    27541.0000   199107    0.21%
  40227 35380    27541.0000    35    27598.0000    27541.0000   199112    0.21%
  40228 35381    27541.0000    36    27598.0000    27541.0000   199117    0.21%
  40229 35382    27541.0000    36    27598.0000    27541.0000   199130    0.21%
  40230 35383    27541.0000    35    27598.0000    27541.0000   199133    0.21%
  40231 35384    27541.0000    36    27598.0000    27541.0000   199137    0.21%
Elapsed time = 37.18 sec. (56029.77 ticks, tree = 282.68 MB, solutions = 26)
* 42078+36643                        27589.0000    27541.0000             0.17%
  42730 37243    27541.0000    29    27589.0000    27541.0000   214713    0.17%
  42731 37244    27541.0000    31    27589.0000    27541.0000   214724    0.17%
  42732 37245    27541.0000    28    27589.0000    27541.0000   214730    0.17%
  42733 37246    27541.0000    31    27589.0000    27541.0000   214742    0.17%
  42734 37247    27541.0000    28    27589.0000    27541.0000   214749    0.17%
  42735 37248    27541.0000    29    27589.0000    27541.0000   214757    0.17%
  42736 37249    27541.0000    25    27589.0000    27541.0000   214768    0.17%
  42737 37250    27541.0000    28    27589.0000    27541.0000   214779    0.17%
  42738 37251    27541.0000    25    27589.0000    27541.0000   214788    0.17%
  42739 37252    27541.0000    25    27589.0000    27541.0000   214799    0.17%
Elapsed time = 39.79 sec. (59855.28 ticks, tree = 298.19 MB, solutions = 27)
  45372 39694    27541.0000    33    27589.0000    27541.0000   231149    0.17%
  45373 39695    27541.0000    33    27589.0000    27541.0000   231150    0.17%
  45374 39696    27541.0000    33    27589.0000    27541.0000   231151    0.17%
  45375 39697    27541.0000    33    27589.0000    27541.0000   231153    0.17%
  45376 39698    27541.0000    31    27589.0000    27541.0000   231155    0.17%
  45377 39699    27541.0000    31    27589.0000    27541.0000   231158    0.17%
  45378 39700    27541.0000    31    27589.0000    27541.0000   231159    0.17%
  45379 39701    27541.0000    29    27589.0000    27541.0000   231161    0.17%
  45380 39702    27541.0000    29    27589.0000    27541.0000   231164    0.17%
  45381 39703    27541.0000    32    27589.0000    27541.0000   231179    0.17%
Elapsed time = 42.37 sec. (63678.93 ticks, tree = 318.22 MB, solutions = 27)
  48132 42241    27541.0000    28    27589.0000    27541.0000   245664    0.17%
  48133 42242    27541.0000    26    27589.0000    27541.0000   245671    0.17%
  48134 42243    27541.0000    26    27589.0000    27541.0000   245673    0.17%
  48135 42244    27541.0000    26    27589.0000    27541.0000   245675    0.17%
  48136 42245    27541.0000    26    27589.0000    27541.0000   245676    0.17%
  48137 42246    27541.0000    25    27589.0000    27541.0000   245683    0.17%
  48138 42247    27541.0000    27    27589.0000    27541.0000   245730    0.17%
  48139 42248    27541.0000    29    27589.0000    27541.0000   245743    0.17%
  48140 42249    27541.0000    29    27589.0000    27541.0000   245745    0.17%
  48141 42250    27541.0000    29    27589.0000    27541.0000   245746    0.17%
Elapsed time = 44.91 sec. (67507.90 ticks, tree = 339.18 MB, solutions = 27)
* 48778+42358                        27583.0000    27541.0000             0.15%
* 49278+42211                        27579.0000    27541.0000             0.14%
  49640 42440    27541.0000    39    27579.0000    27541.0000   260759    0.14%
  49641 42441    27541.0000    34    27579.0000    27541.0000   260786    0.14%
  49642 42442    27541.0000    39    27579.0000    27541.0000   260822    0.14%
  49643 42443    27541.0000    34    27579.0000    27541.0000   260869    0.14%
  49644 42444    27541.0000    31    27579.0000    27541.0000   260873    0.14%
  49645 42445    27541.0000    31    27579.0000    27541.0000   260876    0.14%
  49646 42446    27541.0000    32    27579.0000    27541.0000   260915    0.14%
  49647 42447    27541.0000    35    27579.0000    27541.0000   260968    0.14%
  49648 42448    27541.0000    33    27579.0000    27541.0000   260996    0.14%
  49649 42449    27541.0000    32    27579.0000    27541.0000   260998    0.14%
Elapsed time = 47.62 sec. (71420.76 ticks, tree = 341.11 MB, solutions = 29)
  51532 43821    27541.0000    47    27579.0000    27541.0000   278299    0.14%
  51533 43822    27541.0000    44    27579.0000    27541.0000   278318    0.14%
  51534 43823    27541.0000    44    27579.0000    27541.0000   278321    0.14%
  51535 43824    27541.0000    44    27579.0000    27541.0000   278322    0.14%
  51536 43825    27541.0000    41    27579.0000    27541.0000   278344    0.14%
  51537 43826    27541.0000    39    27579.0000    27541.0000   278417    0.14%
  51538 43827    27541.0000    43    27579.0000    27541.0000   278438    0.14%
  51539 43828    27541.0000    41    27579.0000    27541.0000   278439    0.14%
  51540 43829    27541.0000    43    27579.0000    27541.0000   278455    0.14%
  51541 43830    27541.0000    38    27579.0000    27541.0000   278464    0.14%
Elapsed time = 50.10 sec. (75305.15 ticks, tree = 352.68 MB, solutions = 29)
  53107 44864    27549.0000    30    27579.0000    27541.0000   295587    0.14%
  53108 44864    27549.0000    29    27579.0000    27541.0000   295588    0.14%
  53109 44865    27549.0000    30    27579.0000    27541.0000   295590    0.14%
  53110 44866    27549.0000    29    27579.0000    27541.0000   295598    0.14%
  53111 44866    27549.0000    30    27579.0000    27541.0000   295604    0.14%
  53112 44866    27549.0000    30    27579.0000    27541.0000   295605    0.14%
  53113 44867    27549.0000    30    27579.0000    27541.0000   295606    0.14%
  53114 44868    27549.0000    30    27579.0000    27541.0000   295607    0.14%
  53115 44869    27549.0000    30    27579.0000    27541.0000   295608    0.14%
  53116 44870    27549.0000    28    27579.0000    27541.0000   295610    0.14%
Elapsed time = 52.54 sec. (79132.76 ticks, tree = 361.61 MB, solutions = 29)
  54458 45884    27541.0000    38    27579.0000    27541.0000   312459    0.14%
  54459 45885    27541.0000    38    27579.0000    27541.0000   312460    0.14%
  54460 45886    27541.0000    39    27579.0000    27541.0000   312461    0.14%
  54461 45887    27541.0000    38    27579.0000    27541.0000   312507    0.14%
  54462 45888    27541.0000    39    27579.0000    27541.0000   312512    0.14%
  54463 45889    27541.0000    36    27579.0000    27541.0000   312526    0.14%
  54464 45890    27541.0000    35    27579.0000    27541.0000   312528    0.14%
  54465 45891    27541.0000    32    27579.0000    27541.0000   312529    0.14%
  54466 45892    27541.0000    38    27579.0000    27541.0000   312539    0.14%
  54467 45893    27541.0000    38    27579.0000    27541.0000   312540    0.14%
Elapsed time = 55.08 sec. (82964.77 ticks, tree = 370.35 MB, solutions = 29)
  55824 46908    27541.0000    44    27579.0000    27541.0000   326355    0.14%
  55825 46909    27541.0000    46    27579.0000    27541.0000   326368    0.14%
  55826 46910    27541.0000    45    27579.0000    27541.0000   326381    0.14%
  55827 46911    27541.0000    45    27579.0000    27541.0000   326392    0.14%
  55828 46912    27541.0000    43    27579.0000    27541.0000   326397    0.14%
  55829 46913    27541.0000    48    27579.0000    27541.0000   326438    0.14%
  55830 46914    27541.0000    47    27579.0000    27541.0000   326441    0.14%
  55831 46915    27541.0000    45    27579.0000    27541.0000   326451    0.14%
  55832 46916    27541.0000    43    27579.0000    27541.0000   326457    0.14%
  55833 46917    27541.0000    41    27579.0000    27541.0000   326459    0.14%
Elapsed time = 57.52 sec. (86808.80 ticks, tree = 379.35 MB, solutions = 29)
  57535 48360    27541.0000    45    27579.0000    27541.0000   342409    0.14%
  57536 48361    27541.0000    43    27579.0000    27541.0000   342425    0.14%
  57537 48362    27541.0000    46    27579.0000    27541.0000   342445    0.14%
  57538 48363    27541.0000    45    27579.0000    27541.0000   342452    0.14%
  57539 48364    27541.0000    45    27579.0000    27541.0000   342457    0.14%
  57540 48365    27541.0000    43    27579.0000    27541.0000   342480    0.14%
  57541 48366    27541.0000    42    27579.0000    27541.0000   342489    0.14%
  57542 48367    27541.0000    42    27579.0000    27541.0000   342495    0.14%
  57543 48368    27541.0000    42    27579.0000    27541.0000   342497    0.14%
  57544 48369    27541.0000    41    27579.0000    27541.0000   342515    0.14%
Elapsed time = 60.03 sec. (90650.35 ticks, tree = 392.04 MB, solutions = 29)
  59467 50082    27541.0000    31    27579.0000    27541.0000   357542    0.14%
  59468 50083    27541.0000    30    27579.0000    27541.0000   357543    0.14%
  59469 50084    27541.0000    30    27579.0000    27541.0000   357544    0.14%
  59470 50085    27541.0000    30    27579.0000    27541.0000   357545    0.14%
  59471 50086    27541.0000    30    27579.0000    27541.0000   357549    0.14%
  59472 50087    27541.0000    30    27579.0000    27541.0000   357550    0.14%
  59473 50088    27541.0000    30    27579.0000    27541.0000   357552    0.14%
  59474 50089    27541.0000    30    27579.0000    27541.0000   357553    0.14%
  59475 50090    27541.0000    30    27579.0000    27541.0000   357555    0.14%
  59476 50091    27541.0000    30    27579.0000    27541.0000   357557    0.14%
Elapsed time = 62.52 sec. (94480.62 ticks, tree = 407.27 MB, solutions = 29)
  61850 52352    27541.0000    41    27579.0000    27541.0000   370720    0.14%
  61851 52353    27541.0000    37    27579.0000    27541.0000   370743    0.14%
  61852 52354    27541.0000    39    27579.0000    27541.0000   370749    0.14%
  61853 52355    27541.0000    38    27579.0000    27541.0000   370754    0.14%
  61854 52356    27541.0000    38    27579.0000    27541.0000   370765    0.14%
  61855 52357    27541.0000    38    27579.0000    27541.0000   370770    0.14%
  61856 52358    27541.0000    33    27579.0000    27541.0000   370776    0.14%
  61857 52359    27541.0000    36    27579.0000    27541.0000   370795    0.14%
  61858 52360    27541.0000    36    27579.0000    27541.0000   370801    0.14%
  61859 52361    27541.0000    36    27579.0000    27541.0000   370803    0.14%
Elapsed time = 64.97 sec. (98311.38 ticks, tree = 427.65 MB, solutions = 29)
  63733 54118    27541.0000    40    27579.0000    27541.0000   387663    0.14%
  63734 54119    27541.0000    44    27579.0000    27541.0000   387704    0.14%
  63735 54120    27541.0000    41    27579.0000    27541.0000   387707    0.14%
  63736 54121    27541.0000    44    27579.0000    27541.0000   387716    0.14%
  63737 54122    27541.0000    43    27579.0000    27541.0000   387736    0.14%
  63738 54123    27541.0000    44    27579.0000    27541.0000   387755    0.14%
  63739 54124    27541.0000    42    27579.0000    27541.0000   387759    0.14%
  63740 54125    27541.0000    39    27579.0000    27541.0000   387770    0.14%
  63741 54126    27541.0000    32    27579.0000    27541.0000   387781    0.14%
  63742 54127    27541.0000    34    27579.0000    27541.0000   387803    0.14%
Elapsed time = 67.51 sec. (102178.67 ticks, tree = 443.71 MB, solutions = 29)
  65701 55965    27544.5943    51    27579.0000    27541.0000   403975    0.14%
  65702 55966    27544.5943    51    27579.0000    27541.0000   403976    0.14%
  65703 55967    27544.5943    47    27579.0000    27541.0000   403989    0.14%
  65704 55968    27544.5943    44    27579.0000    27541.0000   403993    0.14%
  65705 55969    27545.9559    56    27579.0000    27541.0000   404142    0.14%
  65706 55970    27545.9828    48    27579.0000    27541.0000   404159    0.14%
  65707 55971    27545.9841    49    27579.0000    27541.0000   404160    0.14%
  65708 55972    27546.1259    51    27579.0000    27541.0000   404174    0.14%
  65709 55973    27546.1259    51    27579.0000    27541.0000   404175    0.14%
  65710 55974    27546.1259    51    27579.0000    27541.0000   404176    0.14%
Elapsed time = 70.06 sec. (106017.79 ticks, tree = 460.59 MB, solutions = 29)
  67172 57273    27541.0000    45    27579.0000    27541.0000   423066    0.14%
  67173 57274    27541.0000    48    27579.0000    27541.0000   423077    0.14%
  67174 57275    27541.0000    48    27579.0000    27541.0000   423079    0.14%
  67175 57276    27541.0000    49    27579.0000    27541.0000   423080    0.14%
  67176 57277    27541.0000    46    27579.0000    27541.0000   423102    0.14%
  67177 57278    27541.0000    48    27579.0000    27541.0000   423111    0.14%
  67178 57279    27541.0000    47    27579.0000    27541.0000   423115    0.14%
  67179 57280    27541.0000    47    27579.0000    27541.0000   423116    0.14%
  67180 57281    27541.0000    46    27579.0000    27541.0000   423117    0.14%
  67181 57282    27541.0000    43    27579.0000    27541.0000   423157    0.14%
Elapsed time = 72.55 sec. (109859.93 ticks, tree = 472.45 MB, solutions = 29)
  68934 58921    27543.3095    39    27579.0000    27541.0000   439689    0.14%
  68935 58922    27543.3790    43    27579.0000    27541.0000   439691    0.14%
  68936 58923    27543.4195    43    27579.0000    27541.0000   439696    0.14%
  68937 58924    27543.4682    43    27579.0000    27541.0000   439699    0.14%
  68938 58925    27543.4738    43    27579.0000    27541.0000   439702    0.14%
  68939 58926    27543.4877    44    27579.0000    27541.0000   439706    0.14%
  68940 58927    27543.4974    43    27579.0000    27541.0000   439707    0.14%
  68941 58928    27543.5018    43    27579.0000    27541.0000   439709    0.14%
  68942 58929    27543.5830    43    27579.0000    27541.0000   439721    0.14%
  68943 58930    27557.2874    36    27579.0000    27541.0000   439760    0.14%
Elapsed time = 75.08 sec. (113689.00 ticks, tree = 487.52 MB, solutions = 29)
  71154 61019    27541.0000    33    27579.0000    27541.0000   454602    0.14%
  71155 61020    27541.0000    30    27579.0000    27541.0000   454604    0.14%
  71156 61021    27541.0000    32    27579.0000    27541.0000   454636    0.14%
  71157 61022    27541.0000    34    27579.0000    27541.0000   454648    0.14%
  71158 61023    27541.0000    33    27579.0000    27541.0000   454651    0.14%
  71159 61024    27541.0000    33    27579.0000    27541.0000   454652    0.14%
  71160 61025    27541.0000    33    27579.0000    27541.0000   454653    0.14%
  71161 61026    27541.0000    33    27579.0000    27541.0000   454654    0.14%
  71162 61027    27541.0000    31    27579.0000    27541.0000   454658    0.14%
  71163 61028    27541.0000    33    27579.0000    27541.0000   454664    0.14%
Elapsed time = 77.58 sec. (117519.14 ticks, tree = 506.65 MB, solutions = 29)
  73140 62870    27541.0000    30    27579.0000    27541.0000   470442    0.14%
  73141 62871    27541.0000    28    27579.0000    27541.0000   470447    0.14%
  73142 62872    27541.0000    28    27579.0000    27541.0000   470448    0.14%
  73143 62873    27541.0000    28    27579.0000    27541.0000   470451    0.14%
  73144 62874    27541.0000    28    27579.0000    27541.0000   470452    0.14%
  73145 62875    27541.0000    30    27579.0000    27541.0000   470457    0.14%
  73146 62876    27541.0000    30    27579.0000    27541.0000   470458    0.14%
  73147 62877    27541.0000    29    27579.0000    27541.0000   470466    0.14%
  73148 62878    27541.0000    30    27579.0000    27541.0000   470472    0.14%
  73149 62879    27541.0000    30    27579.0000    27541.0000   470473    0.14%
Elapsed time = 80.07 sec. (121341.31 ticks, tree = 523.57 MB, solutions = 29)
  74870 64475    27558.8461    27    27579.0000    27541.0000   486236    0.14%
  74871 64476    27558.8461    25    27579.0000    27541.0000   486240    0.14%
  74872 64477    27558.8581    26    27579.0000    27541.0000   486242    0.14%
  74873 64478    27558.8596    26    27579.0000    27541.0000   486243    0.14%
  74874 64479    27559.1998    26    27579.0000    27541.0000   486244    0.14%
  74875 64480    27559.2196    27    27579.0000    27541.0000   486246    0.14%
  74876 64481    27559.5068    21    27579.0000    27541.0000   486252    0.14%
  74877 64482    27559.9232    24    27579.0000    27541.0000   486257    0.14%
  74878 64483    27559.9289    24    27579.0000    27541.0000   486258    0.14%
  74879 64484    27559.9570    24    27579.0000    27541.0000   486259    0.14%
Elapsed time = 82.51 sec. (125183.38 ticks, tree = 538.38 MB, solutions = 29)
  75858 65302    27542.4507    50    27579.0000    27541.0000   503539    0.14%
  75859 65303    27542.4533    53    27579.0000    27541.0000   503541    0.14%
  75860 65304    27542.5358    56    27579.0000    27541.0000   503552    0.14%
  75861 65305    27542.5363    56    27579.0000    27541.0000   503553    0.14%
  75862 65306    27542.5378    54    27579.0000    27541.0000   503554    0.14%
  75863 65307    27542.6239    53    27579.0000    27541.0000   503557    0.14%
  75864 65308    27542.6510    52    27579.0000    27541.0000   503558    0.14%
  75865 65308    27542.6574    52    27579.0000    27541.0000   503559    0.14%
  75866 65308    27542.6663    50    27579.0000    27541.0000   503560    0.14%
  75867 65309    27542.6663    52    27579.0000    27541.0000   503561    0.14%
Elapsed time = 85.01 sec. (129017.23 ticks, tree = 546.15 MB, solutions = 29)
  77661 66947    27541.0000    30    27579.0000    27541.0000   519041    0.14%
  77662 66948    27541.0000    30    27579.0000    27541.0000   519045    0.14%
  77663 66949    27541.0000    31    27579.0000    27541.0000   519073    0.14%
  77664 66950    27541.0000    31    27579.0000    27541.0000   519078    0.14%
  77665 66951    27541.0000    32    27579.0000    27541.0000   519090    0.14%
  77666 66952    27541.0000    28    27579.0000    27541.0000   519130    0.14%
  77667 66953    27541.0000    27    27579.0000    27541.0000   519135    0.14%
  77668 66954    27541.0000    28    27579.0000    27541.0000   519136    0.14%
  77669 66955    27541.0000    26    27579.0000    27541.0000   519137    0.14%
  77670 66956    27541.0000    26    27579.0000    27541.0000   519144    0.14%
Elapsed time = 87.45 sec. (132853.92 ticks, tree = 563.62 MB, solutions = 29)
  79291 68414    27541.0000    41    27579.0000    27541.0000   534824    0.14%
  79292 68415    27541.0000    40    27579.0000    27541.0000   534832    0.14%
  79293 68416    27541.0000    35    27579.0000    27541.0000   534834    0.14%
  79294 68417    27541.0000    45    27579.0000    27541.0000   534941    0.14%
  79295 68418    27541.0000    36    27579.0000    27541.0000   534947    0.14%
  79296 68419    27541.0000    36    27579.0000    27541.0000   534949    0.14%
  79297 68420    27541.0000    34    27579.0000    27541.0000   534950    0.14%
  79298 68421    27541.0000    36    27579.0000    27541.0000   534952    0.14%
  79299 68422    27541.0000    34    27579.0000    27541.0000   534953    0.14%
  79300 68423    27541.0000    36    27579.0000    27541.0000   534955    0.14%
Elapsed time = 89.87 sec. (136693.53 ticks, tree = 577.39 MB, solutions = 29)
  80903 69933    27552.4122    31    27579.0000    27541.0000   547288    0.14%
  80904 69933    27552.4122    33    27579.0000    27541.0000   547295    0.14%
  80905 69934    27552.4122    31    27579.0000    27541.0000   547297    0.14%
  80906 69935    27552.4122    32    27579.0000    27541.0000   547300    0.14%
  80907 69936    27552.4122    30    27579.0000    27541.0000   547302    0.14%
  80908 69937    27552.4122    29    27579.0000    27541.0000   547305    0.14%
  80909 69938    27552.4122    35    27579.0000    27541.0000   547373    0.14%
  80910 69939    27552.4122    34    27579.0000    27541.0000   547374    0.14%
  80911 69940    27552.4122    36    27579.0000    27541.0000   547387    0.14%
  80912 69941    27552.4122    33    27579.0000    27541.0000   547414    0.14%
Elapsed time = 92.46 sec. (140524.95 ticks, tree = 591.80 MB, solutions = 29)
* 81478+70068                        27577.0000    27541.0000             0.13%
  82267 70815    27541.0000    30    27577.0000    27541.0000   561530    0.13%
  82268 70816    27541.0000    30    27577.0000    27541.0000   561582    0.13%
  82269 70817    27541.0000    27    27577.0000    27541.0000   561595    0.13%
  82270 70818    27541.0000    30    27577.0000    27541.0000   561602    0.13%
  82271 70819    27541.0000    27    27577.0000    27541.0000   561610    0.13%
  82272 70820    27541.0000    29    27577.0000    27541.0000   561615    0.13%
  82273 70821    27541.0000    30    27577.0000    27541.0000   561622    0.13%
  82274 70822    27541.0000    30    27577.0000    27541.0000   561623    0.13%
  82275 70823    27541.0000    30    27577.0000    27541.0000   561628    0.13%
  82276 70824    27541.0000    30    27577.0000    27541.0000   561631    0.13%
Elapsed time = 95.04 sec. (144356.50 ticks, tree = 600.63 MB, solutions = 30)
  84334 72744    27541.4867    35    27577.0000    27541.0000   577306    0.13%
  84335 72745    27541.4867    36    27577.0000    27541.0000   577307    0.13%
  84336 72745    27541.4872    34    27577.0000    27541.0000   577308    0.13%
  84337 72745    27541.6883    34    27577.0000    27541.0000   577310    0.13%
  84338 72745    27541.6883    36    27577.0000    27541.0000   577312    0.13%
  84339 72745    27541.6883    36    27577.0000    27541.0000   577313    0.13%
  84340 72745    27541.6923    36    27577.0000    27541.0000   577314    0.13%
  84341 72746    27541.6923    32    27577.0000    27541.0000   577316    0.13%
  84342 72747    27541.6923    42    27577.0000    27541.0000   577334    0.13%
  84343 72748    27541.6923    41    27577.0000    27541.0000   577335    0.13%
Elapsed time = 97.55 sec. (148192.47 ticks, tree = 619.12 MB, solutions = 30)

Cover cuts applied:  111
Mixed integer rounding cuts applied:  45

Root node processing (before b&c):
  Real time             =    0.69 sec. (892.13 ticks)
Sequential b&c:
  Real time             =   99.31 sec. (151081.47 ticks)
                          ------------
Total (root+branch&cut) =  100.00 sec. (151973.60 ticks)

Solution pool: 30 solutions saved.

MIP - Time limit exceeded, integer feasible:  Objective =  2.7577000000e+04
Current MIP best bound =  2.7541000000e+04 (gap = 36, 0.13%)
Solution time =  100.00 sec.  Iterations = 591091  Nodes = 86418 (74647)
Deterministic time = 151973.62 ticks  (1519.72 ticks/sec)


Incumbent solution written to file '/tmp/tmp6dNKi_.cplex.sol'.
