
Log started (V12.6.3.0) Sat Apr 21 10:49:15 2018

New value for default parallel thread count: 1

Problem '/tmp/tmpgwiQQ5.pyomo.lp' read.
Read time = 0.29 sec. (29.65 ticks)

Problem name         : /tmp/tmpgwiQQ5.pyomo.lp
Objective sense      : Minimize
Variables            :    5924  [Nneg: 1,  Binary: 5908,  General Integer: 15]
Objective nonzeros   :       1
Linear constraints   :     873  [Less: 436,  Equal: 437]
  Nonzeros           : 2206021
  RHS nonzeros       :     845

Variables            : Min LB: 0.000000         Max UB: 1.000000       
Objective nonzeros   : Min   : 1.000000         Max   : 1.000000       
Linear constraints   :
  Nonzeros           : Min   : 1.000000         Max   : 1991.000       
  RHS nonzeros       : Min   : 1.000000         Max   : 43.00000       
Tried aggregator 2 times.
MIP Presolve eliminated 422 rows and 222 columns.
Aggregator did 31 substitutions.
Reduced MIP has 420 rows, 5671 columns, and 16333 nonzeros.
Reduced MIP has 5670 binaries, 1 generals, 0 SOSs, and 0 indicators.
Presolve time = 0.28 sec. (335.89 ticks)
Found incumbent of value 385571.000000 after 0.35 sec. (384.86 ticks)
Tried aggregator 1 time.
Reduced MIP has 420 rows, 5671 columns, and 16333 nonzeros.
Reduced MIP has 5670 binaries, 1 generals, 0 SOSs, and 0 indicators.
Presolve time = 0.01 sec. (6.40 ticks)
Probing time = 0.00 sec. (2.34 ticks)
Clique table members: 405.
MIP emphasis: balance optimality and feasibility.
MIP search method: dynamic search.
Parallel mode: none, using 1 thread.
Root relaxation solution time = 0.01 sec. (14.43 ticks)

        Nodes                                         Cuts/
   Node  Left     Objective  IInf  Best Integer    Best Bound    ItCnt     Gap

*     0+    0                       385571.0000        0.0000           100.00%
      0     0    27540.7857    24   385571.0000    27540.7857      130   92.86%
*     0+    0                        28886.0000    27540.7857             4.66%
      0     0    27541.0000    27    28886.0000      Fract: 8      151    4.66%
*     0+    0                        28704.0000    27541.0000             4.05%
      0     0    27541.0000    27    28704.0000      Cuts: 24      202    4.05%
*     0+    0                        28593.0000    27541.0000             3.68%
*     0+    0                        28561.0000    27541.0000             3.57%
*     0+    0                        28289.0000    27541.0000             2.64%
*     0+    0                        28043.0000    27541.0000             1.79%
*     0+    0                        28007.0000    27541.0000             1.66%
*     0+    0                        27977.0000    27541.0000             1.56%
*     0+    0                        27823.0000    27541.0000             1.01%
*     0+    0                        27822.0000    27541.0000             1.01%
*     0+    0                        27813.0000    27541.0000             0.98%
*     0+    0                        27811.0000    27541.0000             0.97%
*     0+    0                        27779.0000    27541.0000             0.86%
*     0+    0                        27762.0000    27541.0000             0.80%
*     0+    0                        27736.0000    27541.0000             0.70%
      0     2    27541.0000    22    27736.0000    27541.0000      202    0.70%
Elapsed time = 0.61 sec. (741.37 ticks, tree = 0.01 MB, solutions = 16)
*   110+  110                        27709.0000    27541.0000             0.61%
    120   122    27541.0000    23    27709.0000    27541.0000     1024    0.61%
    121   123    27541.0000    20    27709.0000    27541.0000     1034    0.61%
    122   124    27541.0000    26    27709.0000    27541.0000     1052    0.61%
    123   125    27541.0000    19    27709.0000    27541.0000     1058    0.61%
    124   126    27541.0000    19    27709.0000    27541.0000     1065    0.61%
    125   127    27541.0000    19    27709.0000    27541.0000     1069    0.61%
    126   128    27541.0000    20    27709.0000    27541.0000     1073    0.61%
    127   129    27541.0000    19    27709.0000    27541.0000     1083    0.61%
    128   130    27541.0000    19    27709.0000    27541.0000     1085    0.61%
    457   429    27541.0000    24    27709.0000    27541.0000     3880    0.61%
Elapsed time = 1.21 sec. (1696.38 ticks, tree = 3.19 MB, solutions = 17)
*   950+  832                        27694.0000    27541.0000             0.55%
*   951+  823                        27688.0000    27541.0000             0.53%
*   951+  823                        27681.0000    27541.0000             0.51%
    951   825    27541.0000    20    27681.0000    27541.0000     6638    0.51%
*   952+  823                        27679.0000    27541.0000             0.50%
*   952+  818                        27645.0000    27541.0000             0.38%
*   952+  817                        27636.0000    27541.0000             0.34%
    952   819    27541.0000    20    27636.0000    27541.0000     6651    0.34%
    953   820    27541.0000    26    27636.0000    27541.0000     7151    0.34%
    954   821    27541.0000    25    27636.0000    27541.0000     7160    0.34%
    955   822    27541.0000    24    27636.0000    27541.0000     7162    0.34%
    956   823    27541.0000    22    27636.0000    27541.0000     7169    0.34%
    957   823    27541.0000    20    27636.0000    27541.0000     7173    0.34%
    958   824    27541.0000    23    27636.0000    27541.0000     7183    0.34%
    959   825    27541.0000    22    27636.0000    27541.0000     7190    0.34%
    960   825    27541.0000    22    27636.0000    27541.0000     7195    0.34%
Elapsed time = 2.40 sec. (3463.36 ticks, tree = 6.18 MB, solutions = 23)
   1119   896    27541.0000    27    27636.0000    27541.0000     8016    0.34%
   1120   897    27541.0000    25    27636.0000    27541.0000     8020    0.34%
   1121   897    27541.0000    25    27636.0000    27541.0000     8025    0.34%
   1122   898    27541.0000    28    27636.0000    27541.0000     8033    0.34%
   1123   899    27541.0000    24    27636.0000    27541.0000     8036    0.34%
   1124   900    27541.0000    25    27636.0000    27541.0000     8038    0.34%
   1125   901    27541.0000    25    27636.0000    27541.0000     8054    0.34%
   1126   901    27541.0000    25    27636.0000    27541.0000     8055    0.34%
   1127   902    27541.0000    25    27636.0000    27541.0000     8056    0.34%
   1128   902    27541.0000    24    27636.0000    27541.0000     8063    0.34%
Elapsed time = 3.00 sec. (4455.92 ticks, tree = 6.72 MB, solutions = 23)
   1285   964    27541.0000    23    27636.0000    27541.0000     9166    0.34%
   1286   964    27541.0000    22    27636.0000    27541.0000     9178    0.34%
   1287   963    27541.0000    25    27636.0000    27541.0000     9185    0.34%
   1288   963    27541.0000    24    27636.0000    27541.0000     9192    0.34%
   1289   963    27541.0000    25    27636.0000    27541.0000     9194    0.34%
   1290   962    27541.0000    24    27636.0000    27541.0000     9199    0.34%
   1291   961    27541.0000    23    27636.0000    27541.0000     9208    0.34%
   1292   962    27541.0000    23    27636.0000    27541.0000     9211    0.34%
   1293   961    27541.0000    26    27636.0000    27541.0000     9225    0.34%
   1294   962    27541.0000    26    27636.0000    27541.0000     9225    0.34%
Elapsed time = 3.61 sec. (5460.82 ticks, tree = 7.16 MB, solutions = 23)
   1553   992    27541.0000    24    27636.0000    27541.0000    10461    0.34%
   1554   992    27541.0000    24    27636.0000    27541.0000    10463    0.34%
   1555   992    27541.0000    25    27636.0000    27541.0000    10465    0.34%
   1556   993    27541.0000    25    27636.0000    27541.0000    10469    0.34%
   1557   993    27541.0000    25    27636.0000    27541.0000    10472    0.34%
   1558   994    27541.0000    25    27636.0000    27541.0000    10475    0.34%
   1559   995    27541.0000    25    27636.0000    27541.0000    10478    0.34%
   1560   995    27541.0000    25    27636.0000    27541.0000    10481    0.34%
   1561   996    27541.0000    24    27636.0000    27541.0000    10484    0.34%
   1562   996    27541.0000    23    27636.0000    27541.0000    10491    0.34%
Elapsed time = 4.24 sec. (6452.04 ticks, tree = 7.39 MB, solutions = 23)
   1967  1192    27541.0000    24    27636.0000    27541.0000    12353    0.34%
   1968  1192    27541.0000    25    27636.0000    27541.0000    12357    0.34%
   1969  1192    27541.0000    25    27636.0000    27541.0000    12358    0.34%
   1970  1193    27541.0000    25    27636.0000    27541.0000    12359    0.34%
   1971  1194    27541.0000    24    27636.0000    27541.0000    12360    0.34%
   1972  1195    27541.0000    25    27636.0000    27541.0000    12374    0.34%
   1973  1196    27541.0000    24    27636.0000    27541.0000    12377    0.34%
   1974  1197    27541.0000    24    27636.0000    27541.0000    12378    0.34%
   1975  1197    27541.0000    24    27636.0000    27541.0000    12389    0.34%
   1976  1197    27541.0000    24    27636.0000    27541.0000    12390    0.34%
Elapsed time = 4.87 sec. (7427.99 ticks, tree = 8.88 MB, solutions = 23)
   2437  1401    27541.0000    26    27636.0000    27541.0000    14601    0.34%
   2438  1402    27541.0000    24    27636.0000    27541.0000    14607    0.34%
   2439  1403    27541.0000    24    27636.0000    27541.0000    14609    0.34%
   2440  1404    27541.0000    24    27636.0000    27541.0000    14612    0.34%
   2441  1405    27541.0000    26    27636.0000    27541.0000    14619    0.34%
   2442  1406    27541.0000    25    27636.0000    27541.0000    14625    0.34%
   2443  1407    27541.0000    26    27636.0000    27541.0000    14630    0.34%
   2444  1407    27541.0000    23    27636.0000    27541.0000    14637    0.34%
   2445  1407    27541.0000    23    27636.0000    27541.0000    14644    0.34%
   2446  1408    27541.0000    23    27636.0000    27541.0000    14645    0.34%
Elapsed time = 5.52 sec. (8394.66 ticks, tree = 10.44 MB, solutions = 23)
*  2753+ 1526                        27617.0000    27541.0000             0.28%
   2923  1667    27541.0000    26    27617.0000    27541.0000    16668    0.28%
   2924  1668    27541.0000    26    27617.0000    27541.0000    16669    0.28%
   2925  1669    27541.0000    26    27617.0000    27541.0000    16670    0.28%
   2926  1670    27541.0000    26    27617.0000    27541.0000    16671    0.28%
   2927  1671    27541.0000    26    27617.0000    27541.0000    16672    0.28%
   2928  1672    27541.0000    26    27617.0000    27541.0000    16673    0.28%
   2929  1673    27541.0000    26    27617.0000    27541.0000    16674    0.28%
   2930  1674    27541.0000    26    27617.0000    27541.0000    16676    0.28%
   2931  1675    27541.0000    26    27617.0000    27541.0000    16677    0.28%
   2932  1676    27541.0000    26    27617.0000    27541.0000    16680    0.28%
Elapsed time = 6.20 sec. (9355.36 ticks, tree = 12.42 MB, solutions = 24)
   3562  2272    27570.0000    20    27617.0000    27541.0000    19696    0.28%
   3563  2273    27570.0000    21    27617.0000    27541.0000    19709    0.28%
   3564  2273    27570.0000    21    27617.0000    27541.0000    19716    0.28%
   3565  2273    27570.0000    21    27617.0000    27541.0000    19717    0.28%
   3566  2274    27570.0000    20    27617.0000    27541.0000    19720    0.28%
   3567  2275    27570.0000    18    27617.0000    27541.0000    19722    0.28%
   3568  2276    27570.0000    15    27617.0000    27541.0000    19724    0.28%
   3569  2276    27570.0000    19    27617.0000    27541.0000    19734    0.28%
   3570  2277    27570.0000    22    27617.0000    27541.0000    19746    0.28%
   3571  2277    27570.0000    21    27617.0000    27541.0000    19750    0.28%
Elapsed time = 6.80 sec. (10325.22 ticks, tree = 16.96 MB, solutions = 24)
   4229  2912    27541.0000    24    27617.0000    27541.0000    22403    0.28%
   4230  2913    27541.0000    25    27617.0000    27541.0000    22415    0.28%
   4231  2914    27541.0000    25    27617.0000    27541.0000    22425    0.28%
   4232  2915    27541.0000    26    27617.0000    27541.0000    22427    0.28%
   4233  2916    27541.0000    26    27617.0000    27541.0000    22430    0.28%
   4234  2917    27541.0000    26    27617.0000    27541.0000    22438    0.28%
   4235  2918    27541.0000    26    27617.0000    27541.0000    22444    0.28%
   4236  2919    27541.0000    26    27617.0000    27541.0000    22452    0.28%
   4237  2920    27541.0000    25    27617.0000    27541.0000    22463    0.28%
   6777  5331    27541.0000    22    27617.0000    27541.0000    32406    0.28%
Elapsed time = 9.15 sec. (14140.79 ticks, tree = 39.88 MB, solutions = 24)
  10385  8556    27541.0000    22    27617.0000    27541.0000    45285    0.28%
  10386  8557    27541.0000    22    27617.0000    27541.0000    45286    0.28%
  10387  8558    27541.0000    22    27617.0000    27541.0000    45287    0.28%
  10388  8559    27541.0000    22    27617.0000    27541.0000    45288    0.28%
  10389  8560    27541.0000    21    27617.0000    27541.0000    45292    0.28%
  10390  8561    27541.0000    20    27617.0000    27541.0000    45295    0.28%
  10391  8562    27541.0000    21    27617.0000    27541.0000    45296    0.28%
  10392  8563    27541.0000    20    27617.0000    27541.0000    45297    0.28%
  10393  8564    27541.0000    19    27617.0000    27541.0000    45302    0.28%
  10394  8565    27541.0000    19    27617.0000    27541.0000    45303    0.28%
Elapsed time = 11.51 sec. (17962.85 ticks, tree = 64.68 MB, solutions = 24)
  13211 11169    27541.0000    24    27617.0000    27541.0000    54792    0.28%
  13212 11170    27541.0000    24    27617.0000    27541.0000    54793    0.28%
  13213 11171    27541.0000    24    27617.0000    27541.0000    54794    0.28%
  13214 11172    27541.0000    24    27617.0000    27541.0000    54795    0.28%
  13215 11173    27541.0000    23    27617.0000    27541.0000    54797    0.28%
  13216 11174    27541.0000    23    27617.0000    27541.0000    54798    0.28%
  13217 11175    27541.0000    24    27617.0000    27541.0000    54809    0.28%
  13218 11176    27541.0000    24    27617.0000    27541.0000    54810    0.28%
  13219 11177    27541.0000    24    27617.0000    27541.0000    54813    0.28%
  13220 11178    27541.0000    24    27617.0000    27541.0000    54814    0.28%
Elapsed time = 14.06 sec. (21784.29 ticks, tree = 84.72 MB, solutions = 24)
  17595 15384    27613.0000     9    27617.0000    27541.0000    69934    0.28%
  17596 15385    27613.0000     9    27617.0000    27541.0000    69935    0.28%
  17597 15386    27613.0000     9    27617.0000    27541.0000    69936    0.28%
  17598 15387    27613.0000     9    27617.0000    27541.0000    69937    0.28%
  17599 15388    27613.0000     9    27617.0000    27541.0000    69938    0.28%
  17600 15389    27613.0000     9    27617.0000    27541.0000    69939    0.28%
  17601 15390    27613.0000     9    27617.0000    27541.0000    69940    0.28%
  17602 15391    27613.0000     9    27617.0000    27541.0000    69941    0.28%
  17603 15392    27613.0000     9    27617.0000    27541.0000    69942    0.28%
  17604 15393    27613.0000     9    27617.0000    27541.0000    69943    0.28%
Elapsed time = 16.48 sec. (25605.04 ticks, tree = 117.16 MB, solutions = 24)
  22177 19783    27613.0000    11    27617.0000    27541.0000    84634    0.28%
  22178 19784    27613.0000    13    27617.0000    27541.0000    84640    0.28%
  22179 19785    27613.0000    12    27617.0000    27541.0000    84643    0.28%
  22180 19786    27613.0000    13    27617.0000    27541.0000    84647    0.28%
  22181 19787    27613.0000    12    27617.0000    27541.0000    84650    0.28%
  22182 19788    27613.0000    11    27617.0000    27541.0000    84652    0.28%
  22183 19789    27613.0000    11    27617.0000    27541.0000    84655    0.28%
  22184 19790    27613.0000    13    27617.0000    27541.0000    84658    0.28%
  22185 19791    27613.0000    10    27617.0000    27541.0000    84661    0.28%
  22186 19792    27613.0000    10    27617.0000    27541.0000    84662    0.28%
Elapsed time = 18.87 sec. (29426.58 ticks, tree = 151.54 MB, solutions = 24)
  26629 24070    27541.0000    23    27617.0000    27541.0000    98402    0.28%
  26630 24071    27541.0000    25    27617.0000    27541.0000    98414    0.28%
  26631 24072    27541.0000    25    27617.0000    27541.0000    98415    0.28%
  26632 24073    27541.0000    26    27617.0000    27541.0000    98417    0.28%
  26633 24074    27541.0000    25    27617.0000    27541.0000    98419    0.28%
  26634 24075    27541.0000    23    27617.0000    27541.0000    98422    0.28%
  26635 24076    27541.0000    23    27617.0000    27541.0000    98423    0.28%
  26636 24077    27541.0000    23    27617.0000    27541.0000    98424    0.28%
  26637 24078    27541.0000    23    27617.0000    27541.0000    98426    0.28%
  26638 24079    27541.0000    23    27617.0000    27541.0000    98428    0.28%
Elapsed time = 21.33 sec. (33247.73 ticks, tree = 184.57 MB, solutions = 24)
  30684 27937    27543.0000    21    27617.0000    27541.0000   111298    0.28%
  30685 27938    27543.0000    20    27617.0000    27541.0000   111299    0.28%
  30686 27939    27543.0000    19    27617.0000    27541.0000   111302    0.28%
  30687 27940    27543.0000    19    27617.0000    27541.0000   111303    0.28%
  30688 27941    27543.0000    19    27617.0000    27541.0000   111305    0.28%
  30689 27942    27543.0000    19    27617.0000    27541.0000   111306    0.28%
  30690 27943    27543.0000    19    27617.0000    27541.0000   111307    0.28%
  30691 27944    27543.0000    19    27617.0000    27541.0000   111308    0.28%
  30692 27945    27543.0000    19    27617.0000    27541.0000   111309    0.28%
  30693 27946    27543.0000    20    27617.0000    27541.0000   111312    0.28%
Elapsed time = 23.82 sec. (37069.08 ticks, tree = 214.38 MB, solutions = 24)
  34853 31893        cutoff          27617.0000    27541.0000   123743    0.28%
  34854 31892    27549.5905    22    27617.0000    27541.0000   123745    0.28%
  34855 31893    27541.0000    22    27617.0000    27541.0000   123755    0.28%
  34856 31894    27541.0000    22    27617.0000    27541.0000   123760    0.28%
  34857 31895    27541.0000    22    27617.0000    27541.0000   123761    0.28%
  34858 31896    27541.0000    22    27617.0000    27541.0000   123762    0.28%
  34859 31897    27541.0000    23    27617.0000    27541.0000   123763    0.28%
  34860 31898    27541.0000    23    27617.0000    27541.0000   123764    0.28%
  34861 31899    27541.0000    23    27617.0000    27541.0000   123765    0.28%
  34862 31900    27541.0000    23    27617.0000    27541.0000   123766    0.28%
Elapsed time = 26.28 sec. (40892.65 ticks, tree = 244.96 MB, solutions = 24)
  39082 35779    27545.0000    21    27617.0000    27541.0000   135607    0.28%
  39083 35780    27545.0000    23    27617.0000    27541.0000   135615    0.28%
  39084 35781    27545.0000    23    27617.0000    27541.0000   135618    0.28%
  39085 35782    27545.0000    23    27617.0000    27541.0000   135621    0.28%
  39086 35783    27545.0000    23    27617.0000    27541.0000   135624    0.28%
  39087 35784    27545.0000    23    27617.0000    27541.0000   135625    0.28%
  39088 35785    27545.0000    23    27617.0000    27541.0000   135626    0.28%
  39089 35786    27545.0000    23    27617.0000    27541.0000   135629    0.28%
  39090 35787    27545.0000    23    27617.0000    27541.0000   135631    0.28%
  39091 35788    27545.0000    23    27617.0000    27541.0000   135632    0.28%
Elapsed time = 28.84 sec. (44715.17 ticks, tree = 276.11 MB, solutions = 24)
  43152 39750    27542.0000    19    27617.0000    27541.0000   146830    0.28%
  43153 39751    27542.0000    19    27617.0000    27541.0000   146831    0.28%
  43154 39752    27542.0000    19    27617.0000    27541.0000   146832    0.28%
  43155 39753    27541.0000    19    27617.0000    27541.0000   146844    0.28%
  43156 39754    27541.0000    20    27617.0000    27541.0000   146847    0.28%
  43157 39755    27541.0000    20    27617.0000    27541.0000   146848    0.28%
  43158 39756    27541.0000    21    27617.0000    27541.0000   146851    0.28%
  43159 39757    27541.0000    25    27617.0000    27541.0000   146865    0.28%
  43160 39758    27541.0000    24    27617.0000    27541.0000   146868    0.28%
  43161 39759    27541.0000    22    27617.0000    27541.0000   146870    0.28%
Elapsed time = 31.46 sec. (48537.48 ticks, tree = 306.72 MB, solutions = 24)
  47246 43729    27541.0000    21    27617.0000    27541.0000   158850    0.28%
  47247 43730    27541.0000    21    27617.0000    27541.0000   158852    0.28%
  47248 43731    27541.0000    19    27617.0000    27541.0000   158854    0.28%
  47249 43732    27541.0000    19    27617.0000    27541.0000   158856    0.28%
  47250 43733    27541.0000    19    27617.0000    27541.0000   158857    0.28%
  47251 43734    27541.0000    21    27617.0000    27541.0000   158858    0.28%
  47252 43735    27541.0000    19    27617.0000    27541.0000   158859    0.28%
  47253 43736    27541.0000    21    27617.0000    27541.0000   158861    0.28%
  47254 43737    27541.0000    19    27617.0000    27541.0000   158863    0.28%
  47255 43738    27541.0000    19    27617.0000    27541.0000   158864    0.28%
Elapsed time = 33.92 sec. (52358.35 ticks, tree = 337.64 MB, solutions = 24)
  51401 47515    27613.0000    15    27617.0000    27541.0000   170115    0.28%
  51402 47515    27613.0000    15    27617.0000    27541.0000   170116    0.28%
  51403 47515    27613.0000    15    27617.0000    27541.0000   170117    0.28%
  51404 47515    27613.0000    15    27617.0000    27541.0000   170118    0.28%
  51405 47515    27613.0000    15    27617.0000    27541.0000   170119    0.28%
  51406 47515    27613.0000    15    27617.0000    27541.0000   170120    0.28%
  51407 47516    27613.0000    15    27617.0000    27541.0000   170121    0.28%
  51408 47517    27613.0000    18    27617.0000    27541.0000   170124    0.28%
  51409 47518    27613.0000    18    27617.0000    27541.0000   170125    0.28%
  51410 47519    27613.0000    16    27617.0000    27541.0000   170126    0.28%
Elapsed time = 36.38 sec. (56188.23 ticks, tree = 367.25 MB, solutions = 24)
  55211 50967    27541.0000    25    27617.0000    27541.0000   182379    0.28%
  55212 50968    27541.0000    25    27617.0000    27541.0000   182380    0.28%
  55213 50969    27541.0000    25    27617.0000    27541.0000   182381    0.28%
  55214 50970    27541.0000    25    27617.0000    27541.0000   182382    0.28%
  55215 50971    27541.0000    25    27617.0000    27541.0000   182383    0.28%
  55216 50972    27541.0000    23    27617.0000    27541.0000   182386    0.28%
  55217 50973    27541.0000    28    27617.0000    27541.0000   182399    0.28%
  55218 50974    27541.0000    26    27617.0000    27541.0000   182406    0.28%
  55219 50975    27541.0000    23    27617.0000    27541.0000   182408    0.28%
  55220 50976    27541.0000    25    27617.0000    27541.0000   182424    0.28%
Elapsed time = 38.83 sec. (60011.09 ticks, tree = 394.40 MB, solutions = 24)
  59175 54728    27541.0000    24    27617.0000    27541.0000   194625    0.28%
  59176 54729    27541.0000    23    27617.0000    27541.0000   194631    0.28%
  59177 54730    27541.0000    22    27617.0000    27541.0000   194633    0.28%
  59178 54731    27541.0000    23    27617.0000    27541.0000   194642    0.28%
  59179 54732    27541.0000    20    27617.0000    27541.0000   194650    0.28%
  59180 54733    27541.0000    21    27617.0000    27541.0000   194653    0.28%
  59181 54734    27541.0000    23    27617.0000    27541.0000   194655    0.28%
  59182 54735    27541.0000    23    27617.0000    27541.0000   194656    0.28%
  59183 54736    27541.0000    20    27617.0000    27541.0000   194660    0.28%
  59184 54737    27541.0000    23    27617.0000    27541.0000   194669    0.28%
Elapsed time = 41.29 sec. (63833.95 ticks, tree = 423.96 MB, solutions = 24)
  63116 58573    27542.5385    28    27617.0000    27541.0000   206067    0.28%
  63117 58574    27542.5385    27    27617.0000    27541.0000   206069    0.28%
  63118 58575    27542.5385    27    27617.0000    27541.0000   206070    0.28%
  63119 58576    27542.5385    27    27617.0000    27541.0000   206071    0.28%
  63120 58577    27542.5385    27    27617.0000    27541.0000   206072    0.28%
  63121 58578    27542.5385    27    27617.0000    27541.0000   206073    0.28%
  63122 58579    27542.5385    28    27617.0000    27541.0000   206075    0.28%
  63123 58580    27542.5385    27    27617.0000    27541.0000   206077    0.28%
  63124 58581    27542.5385    27    27617.0000    27541.0000   206078    0.28%
  63125 58582    27542.5385    27    27617.0000    27541.0000   206079    0.28%
Elapsed time = 43.77 sec. (67655.80 ticks, tree = 453.98 MB, solutions = 24)
  67295 62682    27541.0000    23    27617.0000    27541.0000   218463    0.28%
  67296 62683    27541.0000    24    27617.0000    27541.0000   218466    0.28%
  67297 62684    27541.0000    24    27617.0000    27541.0000   218470    0.28%
  67298 62685    27541.0000    22    27617.0000    27541.0000   218472    0.28%
  67299 62686    27541.0000    23    27617.0000    27541.0000   218476    0.28%
  67300 62687    27541.0000    24    27617.0000    27541.0000   218477    0.28%
  67301 62688    27541.0000    23    27617.0000    27541.0000   218485    0.28%
  67302 62689    27541.0000    22    27617.0000    27541.0000   218489    0.28%
  67303 62690    27541.0000    23    27617.0000    27541.0000   218490    0.28%
  67304 62691    27541.0000    23    27617.0000    27541.0000   218491    0.28%
Elapsed time = 46.25 sec. (71478.84 ticks, tree = 486.01 MB, solutions = 24)
  71169 66264    27541.0000    22    27617.0000    27541.0000   229649    0.28%
  71170 66265    27541.0000    22    27617.0000    27541.0000   229650    0.28%
  71171 66266    27541.0000    21    27617.0000    27541.0000   229651    0.28%
  71172 66267    27541.0000    22    27617.0000    27541.0000   229654    0.28%
  71173 66268    27541.0000    22    27617.0000    27541.0000   229656    0.28%
  71174 66269    27541.0000    22    27617.0000    27541.0000   229657    0.28%
  71175 66270    27541.0000    22    27617.0000    27541.0000   229658    0.28%
  71176 66271    27541.0000    22    27617.0000    27541.0000   229662    0.28%
  71177 66272    27541.0000    22    27617.0000    27541.0000   229663    0.28%
  71178 66273    27541.0000    22    27617.0000    27541.0000   229664    0.28%
Elapsed time = 48.64 sec. (75300.53 ticks, tree = 516.29 MB, solutions = 24)
  75222 70101    27541.0000    21    27617.0000    27541.0000   240419    0.28%
  75223 70102    27541.0000    22    27617.0000    27541.0000   240421    0.28%
  75224 70103    27541.0000    22    27617.0000    27541.0000   240423    0.28%
  75225 70104    27541.0000    22    27617.0000    27541.0000   240425    0.28%
  75226 70105    27541.0000    22    27617.0000    27541.0000   240426    0.28%
  75227 70106    27541.0000    22    27617.0000    27541.0000   240428    0.28%
  75228 70107    27541.0000    21    27617.0000    27541.0000   240432    0.28%
  75229 70108    27541.0000    21    27617.0000    27541.0000   240434    0.28%
  75230 70109    27541.0000    21    27617.0000    27541.0000   240439    0.28%
  75231 70110    27541.0000    21    27617.0000    27541.0000   240440    0.28%
Elapsed time = 51.24 sec. (79121.49 ticks, tree = 546.63 MB, solutions = 24)
  79442 74276    27541.0000    21    27617.0000    27541.0000   251742    0.28%
  79443 74277    27541.0000    22    27617.0000    27541.0000   251748    0.28%
  79444 74278    27541.0000    20    27617.0000    27541.0000   251753    0.28%
  79445 74279    27541.0000    21    27617.0000    27541.0000   251755    0.28%
  79446 74280    27541.0000    21    27617.0000    27541.0000   251756    0.28%
  79447 74281    27541.0000    21    27617.0000    27541.0000   251757    0.28%
  79448 74282    27541.0000    21    27617.0000    27541.0000   251758    0.28%
  79449 74283    27541.0000    21    27617.0000    27541.0000   251760    0.28%
  79450 74284    27541.0000    21    27617.0000    27541.0000   251762    0.28%
  79451 74285    27541.0000    19    27617.0000    27541.0000   251765    0.28%
Elapsed time = 53.68 sec. (82943.77 ticks, tree = 579.22 MB, solutions = 24)
  83654 78401    27541.0000    22    27617.0000    27541.0000   264242    0.28%
  83655 78402    27541.0000    22    27617.0000    27541.0000   264243    0.28%
  83656 78403    27541.0000    22    27617.0000    27541.0000   264244    0.28%
  83657 78404    27541.0000    22    27617.0000    27541.0000   264245    0.28%
  83658 78405    27541.0000    22    27617.0000    27541.0000   264246    0.28%
  83659 78406    27541.0000    26    27617.0000    27541.0000   264259    0.28%
  83660 78407    27541.0000    25    27617.0000    27541.0000   264263    0.28%
  83661 78408    27541.0000    25    27617.0000    27541.0000   264264    0.28%
  83662 78409    27541.0000    26    27617.0000    27541.0000   264265    0.28%
  83663 78410    27541.0000    26    27617.0000    27541.0000   264266    0.28%
Elapsed time = 56.10 sec. (86767.16 ticks, tree = 612.17 MB, solutions = 24)
  87841 82514    27541.0000    20    27617.0000    27541.0000   276751    0.28%
  87842 82515    27541.0000    20    27617.0000    27541.0000   276752    0.28%
  87843 82516    27541.0000    21    27617.0000    27541.0000   276754    0.28%
  87844 82517    27541.0000    21    27617.0000    27541.0000   276755    0.28%
  87845 82518    27541.0000    21    27617.0000    27541.0000   276756    0.28%
  87846 82519    27541.0000    20    27617.0000    27541.0000   276758    0.28%
  87847 82520    27541.0000    20    27617.0000    27541.0000   276760    0.28%
  87848 82521    27541.0000    23    27617.0000    27541.0000   276764    0.28%
  87849 82522    27541.0000    20    27617.0000    27541.0000   276768    0.28%
  87850 82523    27541.0000    20    27617.0000    27541.0000   276772    0.28%
Elapsed time = 58.50 sec. (90588.06 ticks, tree = 645.15 MB, solutions = 24)
  92144 86650    27541.0000    21    27617.0000    27541.0000   288879    0.28%
  92145 86651    27541.0000    20    27617.0000    27541.0000   288880    0.28%
  92146 86652    27541.0000    21    27617.0000    27541.0000   288881    0.28%
  92147 86653    27541.0000    21    27617.0000    27541.0000   288882    0.28%
  92148 86654    27541.0000    21    27617.0000    27541.0000   288883    0.28%
  92149 86655    27541.0000    21    27617.0000    27541.0000   288884    0.28%
  92150 86656    27541.0000    21    27617.0000    27541.0000   288885    0.28%
  92151 86657    27541.0000    21    27617.0000    27541.0000   288886    0.28%
  92152 86658    27541.0000    21    27617.0000    27541.0000   288887    0.28%
  92153 86659    27541.0000    21    27617.0000    27541.0000   288888    0.28%
Elapsed time = 60.87 sec. (94410.62 ticks, tree = 678.42 MB, solutions = 24)
  96605 90994    27541.0000    20    27617.0000    27541.0000   302085    0.28%
  96606 90995    27541.0000    21    27617.0000    27541.0000   302090    0.28%
  96607 90996    27541.0000    20    27617.0000    27541.0000   302091    0.28%
  96608 90997    27541.0000    20    27617.0000    27541.0000   302092    0.28%
  96609 90998    27541.0000    20    27617.0000    27541.0000   302096    0.28%
  96610 90999    27541.0000    20    27617.0000    27541.0000   302097    0.28%
  96611 91000    27541.0000    21    27617.0000    27541.0000   302099    0.28%
  96612 91001    27541.0000    20    27617.0000    27541.0000   302101    0.28%
  96613 91002    27541.0000    20    27617.0000    27541.0000   302102    0.28%
  96614 91003    27541.0000    20    27617.0000    27541.0000   302103    0.28%
Elapsed time = 63.25 sec. (98233.23 ticks, tree = 713.35 MB, solutions = 24)
* 97853+92060                        27615.0000    27541.0000             0.27%
* 98053+82155                        27607.0000    27541.0000             0.24%
* 98253+81565                        27603.0000    27541.0000             0.22%
 100801 83940    27541.0000    22    27603.0000    27541.0000   313979    0.22%
 100802 83941    27541.0000    23    27603.0000    27541.0000   313988    0.22%
 100803 83942    27541.0000    22    27603.0000    27541.0000   314000    0.22%
 100804 83943    27541.0000    23    27603.0000    27541.0000   314010    0.22%
 100805 83944    27541.0000    22    27603.0000    27541.0000   314017    0.22%
 100806 83945    27541.0000    24    27603.0000    27541.0000   314022    0.22%
 100807 83946    27541.0000    23    27603.0000    27541.0000   314024    0.22%
 100808 83947    27541.0000    23    27603.0000    27541.0000   314025    0.22%
 100809 83948    27541.0000    22    27603.0000    27541.0000   314028    0.22%
 100810 83949    27541.0000    21    27603.0000    27541.0000   314034    0.22%
Elapsed time = 65.74 sec. (102056.43 ticks, tree = 659.36 MB, solutions = 27)
 105295 88194    27541.0000    21    27603.0000    27541.0000   327967    0.22%
 105296 88195    27541.0000    24    27603.0000    27541.0000   327982    0.22%
 105297 88196    27541.0000    26    27603.0000    27541.0000   327983    0.22%
 105298 88197    27541.0000    24    27603.0000    27541.0000   327984    0.22%
 105299 88198    27541.0000    22    27603.0000    27541.0000   327989    0.22%
 105300 88199    27541.0000    22    27603.0000    27541.0000   327990    0.22%
 105301 88200    27541.0000    22    27603.0000    27541.0000   327991    0.22%
 105302 88201    27541.0000    24    27603.0000    27541.0000   327994    0.22%
 105303 88202    27541.0000    24    27603.0000    27541.0000   327995    0.22%
 105304 88203    27541.0000    22    27603.0000    27541.0000   327997    0.22%
Elapsed time = 68.09 sec. (105879.28 ticks, tree = 693.60 MB, solutions = 27)
 109632 92298    27541.0000    20    27603.0000    27541.0000   340426    0.22%
 109633 92299    27541.0000    21    27603.0000    27541.0000   340428    0.22%
 109634 92300    27541.0000    22    27603.0000    27541.0000   340431    0.22%
 109635 92301    27541.0000    20    27603.0000    27541.0000   340435    0.22%
 109636 92302    27541.0000    21    27603.0000    27541.0000   340436    0.22%
 109637 92303    27541.0000    20    27603.0000    27541.0000   340437    0.22%
 109638 92304    27541.0000    21    27603.0000    27541.0000   340439    0.22%
 109639 92305    27541.0000    21    27603.0000    27541.0000   340443    0.22%
 109640 92306    27541.0000    23    27603.0000    27541.0000   340446    0.22%
 109641 92307    27541.0000    23    27603.0000    27541.0000   340447    0.22%
Elapsed time = 70.45 sec. (109705.07 ticks, tree = 726.68 MB, solutions = 27)
 113718 96106    27541.0000    25    27603.0000    27541.0000   353035    0.22%
 113719 96107    27541.0000    25    27603.0000    27541.0000   353037    0.22%
 113720 96108    27541.0000    25    27603.0000    27541.0000   353038    0.22%
 113721 96109    27541.0000    25    27603.0000    27541.0000   353040    0.22%
 113722 96110    27541.0000    25    27603.0000    27541.0000   353043    0.22%
 113723 96111    27541.0000    25    27603.0000    27541.0000   353044    0.22%
 113724 96112    27541.0000    25    27603.0000    27541.0000   353050    0.22%
 113725 96113    27541.0000    23    27603.0000    27541.0000   353052    0.22%
 113726 96114    27541.0000    22    27603.0000    27541.0000   353058    0.22%
 113727 96115    27541.0000    23    27603.0000    27541.0000   353062    0.22%
Elapsed time = 72.81 sec. (113528.15 ticks, tree = 757.36 MB, solutions = 27)
 118056 100281    27595.0000    16    27603.0000    27541.0000   364806    0.22%
 118057 100282    27595.0000    16    27603.0000    27541.0000   364808    0.22%
 118058 100283    27595.0000    17    27603.0000    27541.0000   364815    0.22%
 118059 100284    27595.0000    17    27603.0000    27541.0000   364820    0.22%
 118060 100285    27595.0000    16    27603.0000    27541.0000   364822    0.22%
 118061 100286    27595.0000    17    27603.0000    27541.0000   364825    0.22%
 118062 100287    27595.0000    17    27603.0000    27541.0000   364835    0.22%
 118063 100288    27595.0000    16    27603.0000    27541.0000   364842    0.22%
 118064 100289    27595.0000    17    27603.0000    27541.0000   364845    0.22%
 118065 100290    27595.0000    18    27603.0000    27541.0000   364851    0.22%
Elapsed time = 75.13 sec. (117352.63 ticks, tree = 791.03 MB, solutions = 27)
 122513 104594    27581.0000    12    27603.0000    27541.0000   377523    0.22%
 122514 104595    27581.0000    13    27603.0000    27541.0000   377524    0.22%
 122515 104596    27581.0000    13    27603.0000    27541.0000   377525    0.22%
 122516 104597    27581.0000    13    27603.0000    27541.0000   377526    0.22%
 122517 104598    27581.0000    13    27603.0000    27541.0000   377527    0.22%
 122518 104599    27581.0000    14    27603.0000    27541.0000   377529    0.22%
 122519 104600    27581.0000    11    27603.0000    27541.0000   377531    0.22%
 122520 104601    27581.0000    12    27603.0000    27541.0000   377534    0.22%
 122521 104602    27581.0000    12    27603.0000    27541.0000   377535    0.22%
 122522 104603    27581.0000    12    27603.0000    27541.0000   377536    0.22%
Elapsed time = 77.48 sec. (121173.82 ticks, tree = 825.82 MB, solutions = 27)
 127079 109076    27541.0000    21    27603.0000    27541.0000   389597    0.22%
 127080 109077    27541.0000    21    27603.0000    27541.0000   389598    0.22%
 127081 109078    27541.0000    21    27603.0000    27541.0000   389599    0.22%
 127082 109079    27541.0000    21    27603.0000    27541.0000   389600    0.22%
 127083 109080    27541.0000    21    27603.0000    27541.0000   389601    0.22%
 127084 109081    27541.0000    22    27603.0000    27541.0000   389603    0.22%
 127085 109082    27541.0000    21    27603.0000    27541.0000   389607    0.22%
 127086 109083    27541.0000    21    27603.0000    27541.0000   389608    0.22%
 127087 109084    27558.0000    18    27603.0000    27541.0000   389612    0.22%
 127088 109085    27558.0000    16    27603.0000    27541.0000   389614    0.22%
Elapsed time = 79.85 sec. (124994.97 ticks, tree = 861.92 MB, solutions = 27)
 131527 113433    27541.0000    23    27603.0000    27541.0000   402249    0.22%
 131528 113434    27541.0000    24    27603.0000    27541.0000   402250    0.22%
 131529 113435    27541.0000    25    27603.0000    27541.0000   402253    0.22%
 131530 113436    27541.0000    24    27603.0000    27541.0000   402254    0.22%
 131531 113437    27541.0000    24    27603.0000    27541.0000   402255    0.22%
 131532 113438    27541.0000    24    27603.0000    27541.0000   402256    0.22%
 131533 113439    27541.0000    21    27603.0000    27541.0000   402268    0.22%
 131534 113440    27541.0000    22    27603.0000    27541.0000   402269    0.22%
 131535 113441    27541.0000    22    27603.0000    27541.0000   402270    0.22%
 131536 113442    27541.0000    22    27603.0000    27541.0000   402271    0.22%
Elapsed time = 82.22 sec. (128817.24 ticks, tree = 896.95 MB, solutions = 27)
 135946 117759    27541.0000    22    27603.0000    27541.0000   415493    0.22%
 135947 117760    27541.0000    20    27603.0000    27541.0000   415498    0.22%
 135948 117761    27541.0000    20    27603.0000    27541.0000   415499    0.22%
 135949 117762    27541.0000    20    27603.0000    27541.0000   415500    0.22%
 135950 117763    27541.0000    20    27603.0000    27541.0000   415501    0.22%
 135951 117764    27541.0000    20    27603.0000    27541.0000   415502    0.22%
 135952 117765    27541.0000    20    27603.0000    27541.0000   415503    0.22%
 135953 117766    27541.0000    20    27603.0000    27541.0000   415504    0.22%
 135954 117767    27541.0000    20    27603.0000    27541.0000   415505    0.22%
 135955 117768    27541.0000    19    27603.0000    27541.0000   415506    0.22%
Elapsed time = 84.61 sec. (132638.54 ticks, tree = 931.69 MB, solutions = 27)
 140389 122070    27576.0000    10    27603.0000    27541.0000   428237    0.22%
 140390 122071    27576.0000     9    27603.0000    27541.0000   428240    0.22%
 140391 122072    27576.0000     9    27603.0000    27541.0000   428241    0.22%
 140392 122073    27576.0000     9    27603.0000    27541.0000   428242    0.22%
 140393 122074    27576.0000     9    27603.0000    27541.0000   428244    0.22%
 140394 122075    27576.0000     9    27603.0000    27541.0000   428245    0.22%
 140395 122076    27576.0000    10    27603.0000    27541.0000   428246    0.22%
 140396 122077    27576.0000    10    27603.0000    27541.0000   428250    0.22%
 140397 122078    27576.0000    11    27603.0000    27541.0000   428252    0.22%
 140398 122079    27576.0000    10    27603.0000    27541.0000   428255    0.22%
Elapsed time = 87.08 sec. (136460.05 ticks, tree = 966.50 MB, solutions = 27)
 144916 126389    27541.0000    23    27603.0000    27541.0000   441536    0.22%
 144917 126390    27541.0000    23    27603.0000    27541.0000   441539    0.22%
 144918 126391    27541.0000    24    27603.0000    27541.0000   441542    0.22%
 144919 126392    27541.0000    23    27603.0000    27541.0000   441543    0.22%
 144920 126393    27541.0000    24    27603.0000    27541.0000   441550    0.22%
 144921 126394    27541.0000    24    27603.0000    27541.0000   441556    0.22%
 144922 126395    27541.0000    24    27603.0000    27541.0000   441557    0.22%
 144923 126396    27541.0000    24    27603.0000    27541.0000   441558    0.22%
 144924 126397    27541.0000    23    27603.0000    27541.0000   441561    0.22%
 144925 126398    27541.0000    22    27603.0000    27541.0000   441566    0.22%
Elapsed time = 89.42 sec. (140281.62 ticks, tree = 1001.31 MB, solutions = 27)
 146853 128287    27541.0000    21    27603.0000    27541.0000   447098    0.22%
 146854 128288    27541.0000    21    27603.0000    27541.0000   447099    0.22%
 146855 128289    27541.0000    21    27603.0000    27541.0000   447100    0.22%
 146856 128290    27541.0000    21    27603.0000    27541.0000   447101    0.22%
 146857 128291    27541.0000    21    27603.0000    27541.0000   447102    0.22%
 146858 128292    27541.0000    21    27603.0000    27541.0000   447103    0.22%
 146859 128293    27541.0000    22    27603.0000    27541.0000   447105    0.22%
 146860 128294    27541.0000    21    27603.0000    27541.0000   447108    0.22%
 146861 128295    27541.0000    21    27603.0000    27541.0000   447109    0.22%
 146862 128296    27541.0000    21    27603.0000    27541.0000   447110    0.22%
Elapsed time = 91.91 sec. (144135.12 ticks, tree = 1016.60 MB, solutions = 27)
 151659 133021    27541.0000    22    27603.0000    27541.0000   460487    0.22%
 151660 133022    27541.0000    22    27603.0000    27541.0000   460495    0.22%
 151661 133023    27541.0000    22    27603.0000    27541.0000   460498    0.22%
 151662 133024    27541.0000    21    27603.0000    27541.0000   460501    0.22%
 151663 133025    27541.0000    21    27603.0000    27541.0000   460503    0.22%
 151664 133026    27541.0000    21    27603.0000    27541.0000   460505    0.22%
 151665 133027    27541.0000    22    27603.0000    27541.0000   460506    0.22%
 151666 133028    27541.0000    21    27603.0000    27541.0000   460512    0.22%
 151667 133029    27541.0000    20    27603.0000    27541.0000   460514    0.22%
 151668 133030    27541.0000    21    27603.0000    27541.0000   460520    0.22%
Elapsed time = 94.51 sec. (147957.50 ticks, tree = 1056.38 MB, solutions = 27)
 155172 136507    27541.0000    19    27603.0000    27541.0000   470919    0.22%
 155173 136508    27541.0000    19    27603.0000    27541.0000   470923    0.22%
 155174 136509    27541.0000    21    27603.0000    27541.0000   470927    0.22%
 155175 136510    27541.0000    19    27603.0000    27541.0000   470929    0.22%
 155176 136511    27541.0000    18    27603.0000    27541.0000   470930    0.22%
 155177 136512    27541.0000    22    27603.0000    27541.0000   470933    0.22%
 155178 136513    27541.0000    22    27603.0000    27541.0000   470934    0.22%
 155179 136514    27541.0000    20    27603.0000    27541.0000   470935    0.22%
 155180 136515    27541.0000    19    27603.0000    27541.0000   470938    0.22%
 155181 136516    27541.0000    19    27603.0000    27541.0000   470941    0.22%
Elapsed time = 96.84 sec. (151780.08 ticks, tree = 1084.12 MB, solutions = 27)
 159367 140651    27541.0000    21    27603.0000    27541.0000   483193    0.22%
 159368 140652    27541.0000    21    27603.0000    27541.0000   483194    0.22%
 159369 140653    27541.0000    22    27603.0000    27541.0000   483200    0.22%
 159370 140654    27541.0000    22    27603.0000    27541.0000   483201    0.22%
 159371 140655    27541.0000    22    27603.0000    27541.0000   483204    0.22%
 159372 140656    27541.0000    23    27603.0000    27541.0000   483208    0.22%
 159373 140657    27541.0000    23    27603.0000    27541.0000   483209    0.22%
 159374 140658    27541.0000    23    27603.0000    27541.0000   483210    0.22%
 159375 140659    27541.0000    23    27603.0000    27541.0000   483211    0.22%
 159376 140660    27541.0000    23    27603.0000    27541.0000   483212    0.22%
Elapsed time = 99.21 sec. (155603.65 ticks, tree = 1117.18 MB, solutions = 27)

Cover cuts applied:  1
Mixed integer rounding cuts applied:  9

Root node processing (before b&c):
  Real time             =    0.61 sec. (742.08 ticks)
Sequential b&c:
  Real time             =   99.39 sec. (156135.74 ticks)
                          ------------
Total (root+branch&cut) =  100.00 sec. (156877.82 ticks)

Solution pool: 27 solutions saved.

MIP - Time limit exceeded, integer feasible:  Objective =  2.7603000000e+04
Current MIP best bound =  2.7541000000e+04 (gap = 62, 0.22%)
Solution time =  100.00 sec.  Iterations = 487718  Nodes = 160951 (142206)
Deterministic time = 156877.84 ticks  (1568.76 ticks/sec)


Incumbent solution written to file '/tmp/tmpDsSWyW.cplex.sol'.
