
Log started (V12.6.3.0) Sat Apr 21 10:58:20 2018

New value for default parallel thread count: 1

Problem '/tmp/tmplk421W.pyomo.lp' read.
Read time = 0.30 sec. (29.65 ticks)

Problem name         : /tmp/tmplk421W.pyomo.lp
Objective sense      : Minimize
Variables            :    5924  [Nneg: 1,  Binary: 5908,  General Integer: 15]
Objective nonzeros   :       1
Linear constraints   :     873  [Less: 436,  Equal: 437]
  Nonzeros           : 2206021
  RHS nonzeros       :     845

Variables            : Min LB: 0.000000         Max UB: 1.000000       
Objective nonzeros   : Min   : 1.000000         Max   : 1.000000       
Linear constraints   :
  Nonzeros           : Min   : 1.000000         Max   : 1991.000       
  RHS nonzeros       : Min   : 1.000000         Max   : 43.00000       
Tried aggregator 2 times.
MIP Presolve eliminated 422 rows and 222 columns.
Aggregator did 31 substitutions.
Reduced MIP has 420 rows, 5671 columns, and 16333 nonzeros.
Reduced MIP has 5670 binaries, 1 generals, 0 SOSs, and 0 indicators.
Presolve time = 0.28 sec. (335.90 ticks)
Found incumbent of value 385571.000000 after 0.35 sec. (384.86 ticks)
Tried aggregator 1 time.
Reduced MIP has 420 rows, 5671 columns, and 16333 nonzeros.
Reduced MIP has 5670 binaries, 1 generals, 0 SOSs, and 0 indicators.
Presolve time = 0.01 sec. (6.40 ticks)
Probing time = 0.00 sec. (2.34 ticks)
Clique table members: 405.
MIP emphasis: balance optimality and feasibility.
MIP search method: dynamic search.
Parallel mode: none, using 1 thread.
Root relaxation solution time = 0.01 sec. (17.59 ticks)

        Nodes                                         Cuts/
   Node  Left     Objective  IInf  Best Integer    Best Bound    ItCnt     Gap

*     0+    0                       385571.0000        0.0000           100.00%
      0     0    27540.7857    23   385571.0000    27540.7857      180   92.86%
*     0+    0                        28666.0000    27540.7857             3.93%
      0     0    27541.0000    25    28666.0000     Fract: 10      209    3.92%
*     0+    0                        28450.0000    27541.0000             3.20%
      0     0    27541.0000    33    28450.0000      Cuts: 24      262    3.20%
*     0+    0                        28156.0000    27541.0000             2.18%
*     0+    0                        28088.0000    27541.0000             1.95%
*     0+    0                        28073.0000    27541.0000             1.90%
*     0+    0                        27983.0000    27541.0000             1.58%
*     0+    0                        27943.0000    27541.0000             1.44%
      0     2    27541.0000    20    27943.0000    27541.0000      262    1.44%
Elapsed time = 0.61 sec. (746.69 ticks, tree = 0.01 MB, solutions = 8)
*    10+   10                        27846.0000    27541.0000             1.10%
    113   115    27541.0000    21    27846.0000    27541.0000     1019    1.10%
    114   116    27541.0000    19    27846.0000    27541.0000     1022    1.10%
    115   117    27541.0000    22    27846.0000    27541.0000     1025    1.10%
    116   118    27541.0000    22    27846.0000    27541.0000     1031    1.10%
    117   119    27541.0000    23    27846.0000    27541.0000     1038    1.10%
    118   120    27541.0000    24    27846.0000    27541.0000     1055    1.10%
    119   121    27541.0000    27    27846.0000    27541.0000     1072    1.10%
    120   122    27541.0000    24    27846.0000    27541.0000     1083    1.10%
    121   123    27541.0000    26    27846.0000    27541.0000     1101    1.10%
*   260+  232                        27841.0000    27541.0000             1.08%
*   260+  231                        27779.0000    27541.0000             0.86%
*   300+  271                        27770.0000    27541.0000             0.82%
    472   445    27541.0000    25    27770.0000    27541.0000     3227    0.82%
Elapsed time = 1.21 sec. (1701.73 ticks, tree = 3.30 MB, solutions = 12)
*   475+  446                        27765.0000    27541.0000             0.81%
*   475+  445                        27752.0000    27541.0000             0.76%
*   477+  447                        27750.0000    27541.0000             0.75%
*   477+  443                        27726.0000    27541.0000             0.67%
*   477+  441                        27714.0000    27541.0000             0.62%
*   477+  440                        27704.0000    27541.0000             0.59%
*   477+  440                        27700.0000    27541.0000             0.57%
*   477+  440                        27699.0000    27541.0000             0.57%
*   477+  440                        27696.0000    27541.0000             0.56%
*   477+  438                        27674.0000    27541.0000             0.48%
    518   464    27541.0000    21    27674.0000    27541.0000     3876    0.48%
    519   465    27541.0000    21    27674.0000    27541.0000     3882    0.48%
    520   465    27541.0000    21    27674.0000    27541.0000     3888    0.48%
    521   466    27541.0000    22    27674.0000    27541.0000     3897    0.48%
    522   467    27541.0000    21    27674.0000    27541.0000     3900    0.48%
    523   467    27541.0000    21    27674.0000    27541.0000     3912    0.48%
    524   467    27541.0000    21    27674.0000    27541.0000     3914    0.48%
    525   467    27541.0000    24    27674.0000    27541.0000     3922    0.48%
    526   468    27541.0000    22    27674.0000    27541.0000     3926    0.48%
    527   468    27541.0000    23    27674.0000    27541.0000     3929    0.48%
Elapsed time = 1.92 sec. (2738.44 ticks, tree = 3.45 MB, solutions = 22)
    659   488    27541.0000    21    27674.0000    27541.0000     5013    0.48%
    660   488    27541.0000    21    27674.0000    27541.0000     5015    0.48%
    661   489    27541.0000    22    27674.0000    27541.0000     5018    0.48%
    662   489    27541.0000    21    27674.0000    27541.0000     5021    0.48%
    663   490    27541.0000    20    27674.0000    27541.0000     5027    0.48%
    664   490    27541.0000    21    27674.0000    27541.0000     5037    0.48%
    665   491    27541.0000    23    27674.0000    27541.0000     5041    0.48%
    666   492    27541.0000    23    27674.0000    27541.0000     5048    0.48%
    667   492    27541.0000    22    27674.0000    27541.0000     5049    0.48%
    668   493    27541.0000    22    27674.0000    27541.0000     5061    0.48%
Elapsed time = 2.52 sec. (3746.42 ticks, tree = 3.64 MB, solutions = 22)
    885   513    27541.0000    23    27674.0000    27541.0000     6098    0.48%
    886   514    27541.0000    23    27674.0000    27541.0000     6099    0.48%
    887   514    27541.0000    23    27674.0000    27541.0000     6100    0.48%
    888   515    27541.0000    23    27674.0000    27541.0000     6101    0.48%
    889   516    27541.0000    23    27674.0000    27541.0000     6102    0.48%
    890   516    27541.0000    23    27674.0000    27541.0000     6103    0.48%
    891   516    27541.0000    22    27674.0000    27541.0000     6104    0.48%
    892   517    27541.0000    20    27674.0000    27541.0000     6106    0.48%
    893   518    27541.0000    20    27674.0000    27541.0000     6107    0.48%
    894   519    27541.0000    20    27674.0000    27541.0000     6109    0.48%
Elapsed time = 3.14 sec. (4719.76 ticks, tree = 3.84 MB, solutions = 22)
   1243   618    27598.1929    17    27674.0000    27541.0000     8122    0.48%
   1244   618    27598.1929    18    27674.0000    27541.0000     8128    0.48%
   1245   618    27601.9312    19    27674.0000    27541.0000     8133    0.48%
   1246   617    27603.7288    20    27674.0000    27541.0000     8138    0.48%
   1247   616    27605.4126    18    27674.0000    27541.0000     8141    0.48%
   1248   615    27608.3352    18    27674.0000    27541.0000     8143    0.48%
   1249   615    27608.3352    18    27674.0000    27541.0000     8143    0.48%
   1250   615    27612.1486    18    27674.0000    27541.0000     8145    0.48%
   1251   614    27636.7886    18    27674.0000    27541.0000     8147    0.48%
   1252   614    27637.8691    19    27674.0000    27541.0000     8149    0.48%
Elapsed time = 3.74 sec. (5699.72 ticks, tree = 4.57 MB, solutions = 22)
   1664   894    27541.0000    20    27674.0000    27541.0000    10180    0.48%
   1665   895    27541.0000    21    27674.0000    27541.0000    10188    0.48%
   1666   896    27541.0000    23    27674.0000    27541.0000    10196    0.48%
   1667   897    27541.0000    23    27674.0000    27541.0000    10203    0.48%
   1668   898    27541.0000    22    27674.0000    27541.0000    10205    0.48%
   1669   899    27541.0000    23    27674.0000    27541.0000    10208    0.48%
   1670   900    27541.0000    19    27674.0000    27541.0000    10221    0.48%
   1671   901    27541.0000    20    27674.0000    27541.0000    10235    0.48%
   1672   902    27541.0000    20    27674.0000    27541.0000    10237    0.48%
   1673   903    27541.0000    20    27674.0000    27541.0000    10242    0.48%
Elapsed time = 4.40 sec. (6667.83 ticks, tree = 6.73 MB, solutions = 22)
*  1878+ 1072                        27666.0000    27541.0000             0.45%
*  1878+ 1067                        27665.0000    27541.0000             0.45%
   2131  1259    27565.0000    15    27665.0000    27541.0000    12440    0.45%
   2132  1259    27565.0000    17    27665.0000    27541.0000    12444    0.45%
   2133  1259    27565.0000    23    27665.0000    27541.0000    12457    0.45%
   2134  1259    27565.0000    23    27665.0000    27541.0000    12467    0.45%
   2135  1259    27565.0000    22    27665.0000    27541.0000    12486    0.45%
   2136  1259    27565.0000    23    27665.0000    27541.0000    12501    0.45%
   2137  1260    27565.0000    20    27665.0000    27541.0000    12503    0.45%
   2138  1261    27565.0000    19    27665.0000    27541.0000    12504    0.45%
   2139  1261    27565.0000    23    27665.0000    27541.0000    12512    0.45%
   2140  1261    27565.0000    21    27665.0000    27541.0000    12522    0.45%
Elapsed time = 5.06 sec. (7641.12 ticks, tree = 9.47 MB, solutions = 24)
   2662  1692    27541.0000    22    27665.0000    27541.0000    14814    0.45%
   2663  1693    27541.0000    23    27665.0000    27541.0000    14816    0.45%
   2664  1694    27541.0000    23    27665.0000    27541.0000    14817    0.45%
   2665  1695    27541.0000    23    27665.0000    27541.0000    14818    0.45%
   2666  1696    27541.0000    23    27665.0000    27541.0000    14828    0.45%
   2667  1697    27541.0000    21    27665.0000    27541.0000    14834    0.45%
   2668  1698    27541.0000    21    27665.0000    27541.0000    14835    0.45%
   2669  1699    27541.0000    21    27665.0000    27541.0000    14836    0.45%
   2670  1700    27541.0000    21    27665.0000    27541.0000    14837    0.45%
   2671  1701    27541.0000    21    27665.0000    27541.0000    14838    0.45%
Elapsed time = 5.74 sec. (8609.26 ticks, tree = 12.78 MB, solutions = 24)
   3311  2199    27637.3520    17    27665.0000    27541.0000    17334    0.45%
   3312  2200    27637.3520    16    27665.0000    27541.0000    17337    0.45%
   3313  2200    27637.3520    16    27665.0000    27541.0000    17339    0.45%
   3314  2201    27638.0000    15    27665.0000    27541.0000    17340    0.45%
   3315  2202    27638.0000    17    27665.0000    27541.0000    17347    0.45%
   3316  2203    27641.7736    15    27665.0000    27541.0000    17351    0.45%
   3317  2204    27643.4718    15    27665.0000    27541.0000    17352    0.45%
   3318  2204    27643.4718    15    27665.0000    27541.0000    17353    0.45%
   3319  2205    27644.0000    14    27665.0000    27541.0000    17354    0.45%
   3320  2206    27644.0000    14    27665.0000    27541.0000    17355    0.45%
Elapsed time = 6.35 sec. (9571.88 ticks, tree = 16.65 MB, solutions = 24)
   3943  2714    27541.0000    20    27665.0000    27541.0000    19892    0.45%
   3944  2715    27541.0000    18    27665.0000    27541.0000    19904    0.45%
   3945  2716    27541.0000    21    27665.0000    27541.0000    19926    0.45%
   3946  2717    27541.0000    21    27665.0000    27541.0000    19938    0.45%
   3947  2718    27541.0000    22    27665.0000    27541.0000    19954    0.45%
   3948  2719    27541.0000    22    27665.0000    27541.0000    19955    0.45%
   3949  2720    27541.0000    21    27665.0000    27541.0000    19957    0.45%
   3950  2721    27541.0000    20    27665.0000    27541.0000    19959    0.45%
   3951  2722    27541.0000    20    27665.0000    27541.0000    19965    0.45%
   6425  4952    27541.0000    23    27665.0000    27541.0000    28599    0.45%
Elapsed time = 8.81 sec. (13386.80 ticks, tree = 37.67 MB, solutions = 24)
   9978  8052    27541.0000    29    27665.0000    27541.0000    42104    0.45%
   9979  8053    27541.0000    24    27665.0000    27541.0000    42152    0.45%
   9980  8054    27541.0000    31    27665.0000    27541.0000    42192    0.45%
   9981  8055    27541.0000    25    27665.0000    27541.0000    42197    0.45%
   9982  8056    27541.0000    25    27665.0000    27541.0000    42211    0.45%
   9983  8057    27541.0000    24    27665.0000    27541.0000    42212    0.45%
   9984  8058    27541.0000    23    27665.0000    27541.0000    42215    0.45%
   9985  8059    27541.0000    23    27665.0000    27541.0000    42217    0.45%
   9986  8060    27541.0000    24    27665.0000    27541.0000    42218    0.45%
   9987  8061    27541.0000    26    27665.0000    27541.0000    42235    0.45%
Elapsed time = 12.14 sec. (18372.28 ticks, tree = 61.56 MB, solutions = 24)
  12885 10548    27541.0000    30    27665.0000    27541.0000    56273    0.45%
  12886 10549    27541.0000    30    27665.0000    27541.0000    56274    0.45%
  12887 10550    27541.0000    29    27665.0000    27541.0000    56275    0.45%
  12888 10551    27541.0000    31    27665.0000    27541.0000    56284    0.45%
  12889 10552    27541.0000    32    27665.0000    27541.0000    56290    0.45%
  12890 10553    27541.0000    32    27665.0000    27541.0000    56292    0.45%
  12891 10552        cutoff          27665.0000    27541.0000    56303    0.45%
  12892 10553    27541.0000    33    27665.0000    27541.0000    56326    0.45%
  12893 10554    27541.0000    32    27665.0000    27541.0000    56329    0.45%
  12894 10555    27541.0000    36    27665.0000    27541.0000    56341    0.45%
Elapsed time = 14.54 sec. (22203.48 ticks, tree = 81.42 MB, solutions = 24)
  15458 12941    27553.4744    26    27665.0000    27541.0000    72472    0.45%
  15459 12942    27554.6193    26    27665.0000    27541.0000    72473    0.45%
  15460 12943    27554.6193    26    27665.0000    27541.0000    72474    0.45%
  15461 12943    27554.6452    23    27665.0000    27541.0000    72475    0.45%
  15462 12944    27555.0000    22    27665.0000    27541.0000    72476    0.45%
  15463 12945    27561.6108    25    27665.0000    27541.0000    72503    0.45%
  15464 12946    27561.6108    26    27665.0000    27541.0000    72510    0.45%
  15465 12947    27561.7745    24    27665.0000    27541.0000    72516    0.45%
  15466 12948    27561.7791    22    27665.0000    27541.0000    72517    0.45%
  15467 12949    27569.9126    22    27665.0000    27541.0000    72518    0.45%
Elapsed time = 16.98 sec. (26026.09 ticks, tree = 101.11 MB, solutions = 24)
  18697 16027    27541.0000    36    27665.0000    27541.0000    89847    0.45%
  18698 16028    27541.0000    29    27665.0000    27541.0000    89858    0.45%
  18699 16029    27541.0000    32    27665.0000    27541.0000    89867    0.45%
  18700 16030    27541.0000    30    27665.0000    27541.0000    89868    0.45%
  18701 16031    27541.0000    30    27665.0000    27541.0000    89871    0.45%
  18702 16032    27541.0000    30    27665.0000    27541.0000    89877    0.45%
  18703 16033    27541.0000    30    27665.0000    27541.0000    89878    0.45%
  18704 16034    27541.0000    27    27665.0000    27541.0000    89884    0.45%
  18705 16035    27541.0000    27    27665.0000    27541.0000    89885    0.45%
  18706 16036    27541.0000    27    27665.0000    27541.0000    89886    0.45%
Elapsed time = 19.48 sec. (29879.87 ticks, tree = 126.72 MB, solutions = 24)
* 20378+17034                        27640.0000    27541.0000             0.36%
  21526 18043    27541.0000    33    27640.0000    27541.0000   107402    0.36%
  21527 18044    27541.0000    35    27640.0000    27541.0000   107415    0.36%
  21528 18045    27541.0000    35    27640.0000    27541.0000   107428    0.36%
  21529 18046    27541.0000    34    27640.0000    27541.0000   107430    0.36%
  21530 18047    27541.0000    33    27640.0000    27541.0000   107441    0.36%
  21531 18048    27541.0000    33    27640.0000    27541.0000   107444    0.36%
  21532 18049    27541.0000    33    27640.0000    27541.0000   107451    0.36%
  21533 18050    27541.0000    33    27640.0000    27541.0000   107455    0.36%
  21534 18051    27541.0000    36    27640.0000    27541.0000   107464    0.36%
  21535 18052    27541.0000    36    27640.0000    27541.0000   107465    0.36%
Elapsed time = 22.06 sec. (33715.82 ticks, tree = 143.96 MB, solutions = 25)
  23937 20202    27541.0000    28    27640.0000    27541.0000   124972    0.36%
  23938 20203    27541.0000    30    27640.0000    27541.0000   124973    0.36%
  23939 20204    27541.0000    28    27640.0000    27541.0000   124974    0.36%
  23940 20205    27541.0000    30    27640.0000    27541.0000   124975    0.36%
  23941 20206    27541.0000    30    27640.0000    27541.0000   124976    0.36%
  23942 20205        cutoff          27640.0000    27541.0000   124982    0.36%
  23943 20206    27541.0000    34    27640.0000    27541.0000   125013    0.36%
  23944 20207    27541.0000    35    27640.0000    27541.0000   125015    0.36%
  23945 20208    27541.0000    33    27640.0000    27541.0000   125020    0.36%
  23946 20209    27541.0000    33    27640.0000    27541.0000   125027    0.36%
Elapsed time = 24.51 sec. (37541.13 ticks, tree = 161.73 MB, solutions = 25)
* 24271 20281      integral     0    27633.0000    27541.0000   127329    0.33%
* 24578+20515                        27628.0000    27541.0000             0.31%
* 25378+21039                        27618.0000    27541.0000             0.28%
* 25478+21120                        27617.0000    27541.0000             0.28%
  25816 21442    27541.0000    40    27617.0000    27541.0000   140108    0.28%
  25817 21443    27541.0000    36    27617.0000    27541.0000   140120    0.28%
  25818 21444    27541.0000    37    27617.0000    27541.0000   140136    0.28%
  25819 21445    27541.0000    33    27617.0000    27541.0000   140148    0.28%
  25820 21446    27541.0000    33    27617.0000    27541.0000   140151    0.28%
  25821 21447    27541.0000    33    27617.0000    27541.0000   140152    0.28%
  25822 21448    27541.0000    36    27617.0000    27541.0000   140171    0.28%
  25823 21449    27541.0000    31    27617.0000    27541.0000   140180    0.28%
  25824 21450    27541.0000    34    27617.0000    27541.0000   140202    0.28%
  25825 21451    27541.0000    35    27617.0000    27541.0000   140215    0.28%
Elapsed time = 27.07 sec. (41374.61 ticks, tree = 172.20 MB, solutions = 29)
  27548 23005    27547.6481    37    27617.0000    27541.0000   157140    0.28%
  27549 23006    27547.6481    36    27617.0000    27541.0000   157142    0.28%
  27550 23007    27547.6501    36    27617.0000    27541.0000   157143    0.28%
  27551 23008    27548.7575    32    27617.0000    27541.0000   157145    0.28%
  27552 23009    27548.9381    32    27617.0000    27541.0000   157147    0.28%
  27553 23010    27549.2648    35    27617.0000    27541.0000   157150    0.28%
  27554 23011    27549.2648    35    27617.0000    27541.0000   157151    0.28%
  27555 23012    27549.3012    35    27617.0000    27541.0000   157152    0.28%
  27556 23012    27549.3456    35    27617.0000    27541.0000   157153    0.28%
  27557 23012    27549.4074    36    27617.0000    27541.0000   157154    0.28%
Elapsed time = 29.49 sec. (45201.33 ticks, tree = 185.16 MB, solutions = 29)
  29168 24397    27541.0000    32    27617.0000    27541.0000   173803    0.28%
  29169 24398    27541.0000    28    27617.0000    27541.0000   173805    0.28%
  29170 24399    27541.0000    28    27617.0000    27541.0000   173814    0.28%
  29171 24400    27541.0000    26    27617.0000    27541.0000   173821    0.28%
  29172 24401    27541.0000    36    27617.0000    27541.0000   173831    0.28%
  29173 24402    27541.0000    32    27617.0000    27541.0000   173833    0.28%
  29174 24403    27541.0000    34    27617.0000    27541.0000   173842    0.28%
  29175 24404    27541.0000    34    27617.0000    27541.0000   173843    0.28%
  29176 24405    27541.0000    31    27617.0000    27541.0000   173846    0.28%
  29177 24406    27541.0000    28    27617.0000    27541.0000   173851    0.28%
Elapsed time = 31.83 sec. (49028.11 ticks, tree = 196.75 MB, solutions = 29)
* 29178+24374                        27614.0000    27541.0000             0.26%
* 29178+24306                        27609.0000    27541.0000             0.25%
* 29278+24340                        27606.0000    27541.0000             0.24%
  31782 26761    27541.0000    30    27606.0000    27541.0000   188740    0.24%
  31783 26762    27541.0000    29    27606.0000    27541.0000   188743    0.24%
  31784 26763    27541.0000    33    27606.0000    27541.0000   188754    0.24%
  31785 26764    27541.0000    33    27606.0000    27541.0000   188755    0.24%
  31786 26765    27541.0000    33    27606.0000    27541.0000   188756    0.24%
  31787 26766    27541.0000    29    27606.0000    27541.0000   188759    0.24%
  31788 26767    27541.0000    29    27606.0000    27541.0000   188761    0.24%
  31789 26768    27541.0000    29    27606.0000    27541.0000   188769    0.24%
  31790 26769    27541.0000    31    27606.0000    27541.0000   188773    0.24%
  31791 26770    27541.0000    31    27606.0000    27541.0000   188776    0.24%
Elapsed time = 34.29 sec. (52855.21 ticks, tree = 216.61 MB, solutions = 32)
  34421 29295    27541.1276    35    27606.0000    27541.0000   204073    0.24%
  34422 29296    27541.1276    33    27606.0000    27541.0000   204074    0.24%
  34423 29297    27541.1276    34    27606.0000    27541.0000   204076    0.24%
  34424 29298    27541.1276    33    27606.0000    27541.0000   204077    0.24%
  34425 29299    27541.1276    32    27606.0000    27541.0000   204078    0.24%
  34426 29300    27541.1276    31    27606.0000    27541.0000   204090    0.24%
  34427 29301    27541.1276    34    27606.0000    27541.0000   204098    0.24%
  34428 29302    27541.1276    33    27606.0000    27541.0000   204100    0.24%
  34429 29303    27541.1276    32    27606.0000    27541.0000   204111    0.24%
  34430 29304    27541.1277    38    27606.0000    27541.0000   204129    0.24%
Elapsed time = 36.71 sec. (56686.40 ticks, tree = 237.93 MB, solutions = 32)
  36878 31659    27541.0000    32    27606.0000    27541.0000   219308    0.24%
  36879 31660    27541.0000    31    27606.0000    27541.0000   219313    0.24%
  36880 31661    27541.0000    33    27606.0000    27541.0000   219350    0.24%
  36881 31662    27541.0000    31    27606.0000    27541.0000   219359    0.24%
  36882 31663    27541.0000    33    27606.0000    27541.0000   219370    0.24%
  36883 31664    27541.0000    32    27606.0000    27541.0000   219375    0.24%
  36884 31665    27541.0000    32    27606.0000    27541.0000   219377    0.24%
  36885 31666    27541.0000    32    27606.0000    27541.0000   219378    0.24%
  36886 31667    27541.0000    32    27606.0000    27541.0000   219379    0.24%
  36887 31668    27541.0000    32    27606.0000    27541.0000   219380    0.24%
Elapsed time = 39.16 sec. (60517.04 ticks, tree = 257.65 MB, solutions = 32)
  38765 33263    27541.0000    39    27606.0000    27541.0000   235907    0.24%
  38766 33264    27541.0000    39    27606.0000    27541.0000   235908    0.24%
  38767 33265    27541.0000    37    27606.0000    27541.0000   235909    0.24%
  38768 33266    27541.0000    36    27606.0000    27541.0000   235963    0.24%
  38769 33267    27541.0000    34    27606.0000    27541.0000   235969    0.24%
  38770 33268    27541.0000    38    27606.0000    27541.0000   235978    0.24%
  38771 33269    27541.0000    40    27606.0000    27541.0000   235986    0.24%
  38772 33270    27541.0000    35    27606.0000    27541.0000   235987    0.24%
  38773 33271    27541.0000    34    27606.0000    27541.0000   235999    0.24%
  38774 33272    27541.0000    36    27606.0000    27541.0000   236007    0.24%
Elapsed time = 41.57 sec. (64350.29 ticks, tree = 271.94 MB, solutions = 32)
  40666 34981    27541.0000    35    27606.0000    27541.0000   255151    0.24%
  40667 34982    27541.0000    27    27606.0000    27541.0000   255158    0.24%
  40668 34983    27541.0000    29    27606.0000    27541.0000   255161    0.24%
  40669 34984    27541.0000    29    27606.0000    27541.0000   255165    0.24%
  40670 34985    27541.0000    27    27606.0000    27541.0000   255167    0.24%
  40671 34986    27541.0000    31    27606.0000    27541.0000   255173    0.24%
  40672 34987    27541.0000    29    27606.0000    27541.0000   255180    0.24%
  40673 34988    27541.0000    30    27606.0000    27541.0000   255196    0.24%
  40674 34989    27541.0000    29    27606.0000    27541.0000   255198    0.24%
  40675 34990    27541.0000    27    27606.0000    27541.0000   255200    0.24%
Elapsed time = 44.05 sec. (68180.55 ticks, tree = 286.30 MB, solutions = 32)
  42469 36615    27541.0000    32    27606.0000    27541.0000   273957    0.24%
  42470 36616    27541.0000    30    27606.0000    27541.0000   273959    0.24%
  42471 36617    27541.0000    29    27606.0000    27541.0000   273973    0.24%
  42472 36618    27541.0000    29    27606.0000    27541.0000   273991    0.24%
  42473 36619    27541.0000    30    27606.0000    27541.0000   273996    0.24%
  42474 36620    27541.0000    30    27606.0000    27541.0000   273997    0.24%
  42475 36621    27541.0000    30    27606.0000    27541.0000   274004    0.24%
  42476 36622    27541.0000    31    27606.0000    27541.0000   274012    0.24%
  42477 36623    27541.0000    28    27606.0000    27541.0000   274022    0.24%
  42478 36624    27541.0000    35    27606.0000    27541.0000   274042    0.24%
Elapsed time = 46.52 sec. (72056.61 ticks, tree = 299.97 MB, solutions = 32)
  44164 38189    27541.0000    33    27606.0000    27541.0000   291195    0.24%
  44165 38190    27541.0000    33    27606.0000    27541.0000   291196    0.24%
  44166 38191    27541.0000    33    27606.0000    27541.0000   291197    0.24%
  44167 38192    27541.0000    33    27606.0000    27541.0000   291198    0.24%
  44168 38193    27541.0000    32    27606.0000    27541.0000   291225    0.24%
  44169 38194    27541.0000    36    27606.0000    27541.0000   291234    0.24%
  44170 38195    27541.0000    35    27606.0000    27541.0000   291258    0.24%
  44171 38196    27541.0000    32    27606.0000    27541.0000   291285    0.24%
  44172 38197    27541.0000    35    27606.0000    27541.0000   291298    0.24%
  44173 38198    27541.0000    37    27606.0000    27541.0000   291301    0.24%
Elapsed time = 49.04 sec. (75888.52 ticks, tree = 313.08 MB, solutions = 32)
  45485 39245    27588.5798    35    27606.0000    27541.0000   309280    0.24%
  45486 39245    27589.1142    33    27606.0000    27541.0000   309285    0.24%
  45487 39245    27589.1189    33    27606.0000    27541.0000   309286    0.24%
  45488 39245    27589.4039    34    27606.0000    27541.0000   309290    0.24%
  45489 39245    27599.4068    33    27606.0000    27541.0000   309293    0.24%
  45490 39246    27599.5213    32    27606.0000    27541.0000   309296    0.24%
  45491 39247    27600.4359    32    27606.0000    27541.0000   309308    0.24%
  45492 39247    27600.4359    32    27606.0000    27541.0000   309310    0.24%
  45493 39246    27601.7768    32    27606.0000    27541.0000   309311    0.24%
  45494 39247    27541.0000    54    27606.0000    27541.0000   309541    0.24%
Elapsed time = 51.43 sec. (79765.89 ticks, tree = 321.85 MB, solutions = 32)
  46918 40507    27599.8245    32    27606.0000    27541.0000   324354    0.24%
  46919 40508    27599.8245    32    27606.0000    27541.0000   324356    0.24%
  46920 40509    27599.8685    32    27606.0000    27541.0000   324358    0.24%
  46921 40510    27600.1154    31    27606.0000    27541.0000   324360    0.24%
  46922 40510    27600.1281    31    27606.0000    27541.0000   324362    0.24%
  46923 40510    27603.5160    29    27606.0000    27541.0000   324367    0.24%
  46924 40510    27603.5160    28    27606.0000    27541.0000   324369    0.24%
  46925 40509        cutoff          27606.0000    27541.0000   324371    0.24%
  46926 40510    27541.0000    39    27606.0000    27541.0000   324416    0.24%
  46927 40511    27541.0000    35    27606.0000    27541.0000   324418    0.24%
Elapsed time = 53.81 sec. (83657.46 ticks, tree = 333.05 MB, solutions = 32)
  48579 42038    27541.0000    36    27606.0000    27541.0000   338731    0.24%
  48580 42039    27541.0000    34    27606.0000    27541.0000   338732    0.24%
  48581 42040    27541.0000    32    27606.0000    27541.0000   338735    0.24%
  48582 42041    27541.0000    37    27606.0000    27541.0000   338753    0.24%
  48583 42042    27541.0000    37    27606.0000    27541.0000   338758    0.24%
  48584 42043    27541.0000    33    27606.0000    27541.0000   338761    0.24%
  48585 42044    27541.0000    35    27606.0000    27541.0000   338764    0.24%
  48586 42045    27541.0000    33    27606.0000    27541.0000   338765    0.24%
  48587 42046    27541.0000    34    27606.0000    27541.0000   338770    0.24%
  48588 42047    27541.0000    36    27606.0000    27541.0000   338781    0.24%
Elapsed time = 56.13 sec. (87483.46 ticks, tree = 346.72 MB, solutions = 32)
* 49722 42889      integral     0    27600.0000    27541.0000   348405    0.21%
* 49724 42804      integral     0    27597.0000    27541.0000   348410    0.20%
* 49725 42776      integral     0    27596.0000    27541.0000   348411    0.20%
  50314 43311    27541.0000    25    27596.0000    27541.0000   353905    0.20%
  50315 43312    27541.0000    25    27596.0000    27541.0000   353912    0.20%
  50316 43313    27541.0000    28    27596.0000    27541.0000   353920    0.20%
  50317 43314    27541.0000    29    27596.0000    27541.0000   353924    0.20%
  50318 43315    27541.0000    28    27596.0000    27541.0000   353934    0.20%
  50319 43316    27541.0000    25    27596.0000    27541.0000   353938    0.20%
  50320 43317    27541.0000    25    27596.0000    27541.0000   353939    0.20%
  50321 43318    27541.0000    29    27596.0000    27541.0000   353954    0.20%
  50322 43319    27541.0000    27    27596.0000    27541.0000   353957    0.20%
  50323 43320    27541.0000    31    27596.0000    27541.0000   353965    0.20%
Elapsed time = 58.52 sec. (91313.08 ticks, tree = 358.04 MB, solutions = 35)
  51470 44305    27541.0000    47    27596.0000    27541.0000   368194    0.20%
  51471 44306    27541.0000    46    27596.0000    27541.0000   368197    0.20%
  51472 44307    27541.0000    43    27596.0000    27541.0000   368208    0.20%
  51473 44308    27541.0000    38    27596.0000    27541.0000   368215    0.20%
  51474 44309    27541.0000    43    27596.0000    27541.0000   368271    0.20%
  51475 44310    27541.0000    42    27596.0000    27541.0000   368284    0.20%
  51476 44311    27541.0000    44    27596.0000    27541.0000   368292    0.20%
  51477 44312    27541.0000    39    27596.0000    27541.0000   368302    0.20%
  51478 44313    27541.0000    35    27596.0000    27541.0000   368306    0.20%
  51479 44314    27541.0000    37    27596.0000    27541.0000   368313    0.20%
Elapsed time = 60.78 sec. (95154.44 ticks, tree = 366.92 MB, solutions = 35)
  53021 45738    27541.0000    32    27596.0000    27541.0000   384211    0.20%
  53022 45739    27541.0000    30    27596.0000    27541.0000   384214    0.20%
  53023 45740    27541.0000    28    27596.0000    27541.0000   384219    0.20%
  53024 45741    27541.0000    28    27596.0000    27541.0000   384222    0.20%
  53025 45742    27541.0000    30    27596.0000    27541.0000   384225    0.20%
  53026 45743    27541.0000    28    27596.0000    27541.0000   384228    0.20%
  53027 45744    27541.0000    30    27596.0000    27541.0000   384231    0.20%
  53028 45745    27541.0000    28    27596.0000    27541.0000   384234    0.20%
  53029 45746    27541.0000    30    27596.0000    27541.0000   384237    0.20%
  53030 45747    27541.0000    28    27596.0000    27541.0000   384241    0.20%
Elapsed time = 63.08 sec. (98983.96 ticks, tree = 379.75 MB, solutions = 35)
  55108 47726    27541.0000    24    27596.0000    27541.0000   399135    0.20%
  55109 47727    27541.0000    24    27596.0000    27541.0000   399140    0.20%
  55110 47728    27541.0000    24    27596.0000    27541.0000   399141    0.20%
  55111 47729    27541.0000    25    27596.0000    27541.0000   399162    0.20%
  55112 47730    27541.0000    23    27596.0000    27541.0000   399163    0.20%
  55113 47731    27541.0000    27    27596.0000    27541.0000   399171    0.20%
  55114 47732    27541.0000    28    27596.0000    27541.0000   399177    0.20%
  55115 47733    27541.0000    22    27596.0000    27541.0000   399179    0.20%
  55116 47734    27541.0000    23    27596.0000    27541.0000   399183    0.20%
  55117 47735    27541.0000    24    27596.0000    27541.0000   399188    0.20%
Elapsed time = 65.41 sec. (102809.90 ticks, tree = 397.45 MB, solutions = 35)
* 56578+48414                        27589.0000    27541.0000             0.17%
  56597 48435    27541.0000    24    27589.0000    27541.0000   412033    0.17%
  56598 48436    27541.0000    26    27589.0000    27541.0000   412038    0.17%
  56599 48437    27541.0000    26    27589.0000    27541.0000   412042    0.17%
  56600 48438    27541.0000    27    27589.0000    27541.0000   412047    0.17%
  56601 48439    27541.0000    25    27589.0000    27541.0000   412050    0.17%
  56602 48440    27541.0000    25    27589.0000    27541.0000   412058    0.17%
  56603 48441    27541.0000    29    27589.0000    27541.0000   412075    0.17%
  56604 48442    27541.0000    28    27589.0000    27541.0000   412090    0.17%
  56605 48443    27541.0000    29    27589.0000    27541.0000   412096    0.17%
  56606 48444    27541.0000    27    27589.0000    27541.0000   412101    0.17%
Elapsed time = 67.75 sec. (106639.83 ticks, tree = 403.94 MB, solutions = 36)
  57957 49596    27541.0000    50    27589.0000    27541.0000   428871    0.17%
  57958 49597    27541.0000    43    27589.0000    27541.0000   428873    0.17%
  57959 49598    27541.0000    46    27589.0000    27541.0000   428893    0.17%
  57960 49599    27541.0000    39    27589.0000    27541.0000   428922    0.17%
  57961 49600    27541.0000    40    27589.0000    27541.0000   428927    0.17%
  57962 49601    27541.0000    40    27589.0000    27541.0000   428928    0.17%
  57963 49602    27541.0000    46    27589.0000    27541.0000   428990    0.17%
  57964 49603    27541.0000    47    27589.0000    27541.0000   429043    0.17%
  57965 49604    27541.0000    44    27589.0000    27541.0000   429074    0.17%
  57966 49605    27541.0000    47    27589.0000    27541.0000   429110    0.17%
Elapsed time = 70.02 sec. (110490.12 ticks, tree = 414.41 MB, solutions = 36)
* 58778+49576                        27583.0000    27541.0000             0.15%
  58978 49743    27569.0280    43    27583.0000    27541.0000   444666    0.15%
  58979 49744    27569.3522    42    27583.0000    27541.0000   444671    0.15%
  58980 49745    27569.3522    41    27583.0000    27541.0000   444680    0.15%
  58981 49744        cutoff          27583.0000    27541.0000   444699    0.15%
  58982 49743        cutoff          27583.0000    27541.0000   444701    0.15%
  58983 49744    27541.0522    56    27583.0000    27541.0000   445270    0.15%
  58984 49745    27541.0557    53    27583.0000    27541.0000   445272    0.15%
  58985 49746    27541.0578    52    27583.0000    27541.0000   445274    0.15%
  58986 49747    27541.0631    54    27583.0000    27541.0000   445280    0.15%
  58987 49748    27541.0679    58    27583.0000    27541.0000   445286    0.15%
Elapsed time = 72.47 sec. (114487.89 ticks, tree = 416.07 MB, solutions = 37)
  60257 50891    27541.0000    32    27583.0000    27541.0000   460698    0.15%
  60258 50892    27541.0000    32    27583.0000    27541.0000   460699    0.15%
  60259 50893    27541.0000    37    27583.0000    27541.0000   460704    0.15%
  60260 50894    27541.0000    30    27583.0000    27541.0000   460706    0.15%
  60261 50895    27541.0000    30    27583.0000    27541.0000   460707    0.15%
  60262 50896    27541.0000    28    27583.0000    27541.0000   460708    0.15%
  60263 50897    27541.0000    31    27583.0000    27541.0000   460713    0.15%
  60264 50898    27541.0000    31    27583.0000    27541.0000   460714    0.15%
  60265 50899    27541.0000    31    27583.0000    27541.0000   460715    0.15%
  60266 50900    27541.0000    31    27583.0000    27541.0000   460716    0.15%
Elapsed time = 74.75 sec. (118313.00 ticks, tree = 426.60 MB, solutions = 37)
  61962 52471    27541.0000    33    27583.0000    27541.0000   474293    0.15%
  61963 52472    27541.0000    29    27583.0000    27541.0000   474296    0.15%
  61964 52473    27541.0000    39    27583.0000    27541.0000   474346    0.15%
  61965 52474    27541.0000    35    27583.0000    27541.0000   474351    0.15%
  61966 52475    27541.0000    34    27583.0000    27541.0000   474352    0.15%
  61967 52476    27541.0000    32    27583.0000    27541.0000   474373    0.15%
  61968 52477    27541.0000    34    27583.0000    27541.0000   474378    0.15%
  61969 52478    27541.0000    32    27583.0000    27541.0000   474382    0.15%
  61970 52479    27541.0000    30    27583.0000    27541.0000   474418    0.15%
  61971 52480    27541.0000    34    27583.0000    27541.0000   474420    0.15%
Elapsed time = 77.05 sec. (122151.56 ticks, tree = 441.39 MB, solutions = 37)
  63864 54180    27545.4019    30    27583.0000    27541.0000   488191    0.15%
  63865 54180    27545.4029    30    27583.0000    27541.0000   488192    0.15%
  63866 54180    27545.4029    30    27583.0000    27541.0000   488193    0.15%
  63867 54180    27545.4036    30    27583.0000    27541.0000   488194    0.15%
  63868 54180    27545.4037    30    27583.0000    27541.0000   488195    0.15%
  63869 54181    27545.4037    30    27583.0000    27541.0000   488195    0.15%
  63870 54181    27545.4050    30    27583.0000    27541.0000   488196    0.15%
  63871 54181    27545.4051    29    27583.0000    27541.0000   488197    0.15%
  63872 54181    27545.4062    30    27583.0000    27541.0000   488198    0.15%
  63873 54182    27545.4062    30    27583.0000    27541.0000   488200    0.15%
Elapsed time = 79.38 sec. (125998.65 ticks, tree = 457.32 MB, solutions = 37)
  65274 55384    27569.0000    16    27583.0000    27541.0000   505745    0.15%
  65275 55385    27569.0000    14    27583.0000    27541.0000   505747    0.15%
  65276 55386    27569.0000    15    27583.0000    27541.0000   505748    0.15%
  65277 55387    27569.0000    16    27583.0000    27541.0000   505758    0.15%
  65278 55388    27569.0000    12    27583.0000    27541.0000   505776    0.15%
  65279 55389    27569.0000    11    27583.0000    27541.0000   505781    0.15%
  65280 55390    27569.0000    12    27583.0000    27541.0000   505782    0.15%
  65281 55391    27569.0000    13    27583.0000    27541.0000   505802    0.15%
  65282 55392    27569.0000    13    27583.0000    27541.0000   505803    0.15%
  65283 55393    27579.0000     9    27583.0000    27541.0000   505820    0.15%
Elapsed time = 81.80 sec. (129825.42 ticks, tree = 468.75 MB, solutions = 37)
  67467 57471    27542.0000    25    27583.0000    27541.0000   519997    0.15%
  67468 57472    27542.0000    25    27583.0000    27541.0000   519998    0.15%
  67469 57473    27542.0000    25    27583.0000    27541.0000   519999    0.15%
  67470 57474    27542.0000    23    27583.0000    27541.0000   520001    0.15%
  67471 57475    27542.0000    23    27583.0000    27541.0000   520010    0.15%
  67472 57476    27542.0000    23    27583.0000    27541.0000   520012    0.15%
  67473 57477    27542.0000    23    27583.0000    27541.0000   520017    0.15%
  67474 57478    27542.0000    23    27583.0000    27541.0000   520018    0.15%
  67475 57479    27542.0000    25    27583.0000    27541.0000   520025    0.15%
  67476 57480    27542.0000    21    27583.0000    27541.0000   520045    0.15%
Elapsed time = 84.05 sec. (133657.84 ticks, tree = 488.62 MB, solutions = 37)
  69690 59634    27541.0000    23    27583.0000    27541.0000   534004    0.15%
  69691 59635    27541.0000    23    27583.0000    27541.0000   534005    0.15%
  69692 59636    27541.0000    23    27583.0000    27541.0000   534006    0.15%
  69693 59637    27541.0000    25    27583.0000    27541.0000   534011    0.15%
  69694 59638    27541.0000    25    27583.0000    27541.0000   534014    0.15%
  69695 59639    27541.0000    24    27583.0000    27541.0000   534016    0.15%
  69696 59640    27541.0000    24    27583.0000    27541.0000   534019    0.15%
  69697 59641    27541.0000    24    27583.0000    27541.0000   534021    0.15%
  69698 59642    27541.0000    25    27583.0000    27541.0000   534025    0.15%
  69699 59643    27541.0000    25    27583.0000    27541.0000   534027    0.15%
Elapsed time = 86.33 sec. (137481.44 ticks, tree = 509.15 MB, solutions = 37)
  71824 61690    27541.1927    56    27583.0000    27541.0000   551131    0.15%
  71825 61691    27541.2175    57    27583.0000    27541.0000   551141    0.15%
  71826 61692    27541.2175    56    27583.0000    27541.0000   551142    0.15%
  71827 61693    27541.2175    56    27583.0000    27541.0000   551143    0.15%
  71828 61694    27541.2214    52    27583.0000    27541.0000   551148    0.15%
  71829 61695    27541.2234    52    27583.0000    27541.0000   551149    0.15%
  71830 61696    27541.2245    52    27583.0000    27541.0000   551150    0.15%
  71831 61697    27541.2255    52    27583.0000    27541.0000   551151    0.15%
  71832 61698    27541.2375    52    27583.0000    27541.0000   551152    0.15%
  71833 61699    27541.2383    52    27583.0000    27541.0000   551153    0.15%
Elapsed time = 88.62 sec. (141309.09 ticks, tree = 528.80 MB, solutions = 37)
  73663 63435    27541.0000    26    27583.0000    27541.0000   564968    0.15%
  73664 63436    27541.0000    25    27583.0000    27541.0000   564999    0.15%
  73665 63437    27541.0000    25    27583.0000    27541.0000   565012    0.15%
  73666 63438    27541.0000    25    27583.0000    27541.0000   565013    0.15%
  73667 63439    27541.0000    24    27583.0000    27541.0000   565021    0.15%
  73668 63440    27541.0000    24    27583.0000    27541.0000   565025    0.15%
  73669 63441    27541.0000    25    27583.0000    27541.0000   565027    0.15%
  73670 63442    27541.0000    24    27583.0000    27541.0000   565028    0.15%
  73671 63443    27541.0000    23    27583.0000    27541.0000   565032    0.15%
  73672 63444    27541.0000    21    27583.0000    27541.0000   565034    0.15%
Elapsed time = 90.95 sec. (145135.57 ticks, tree = 545.65 MB, solutions = 37)
  75227 64910    27542.7118    24    27583.0000    27541.0000   575957    0.15%
  75228 64911    27542.7118    24    27583.0000    27541.0000   575958    0.15%
  75229 64912    27542.7350    24    27583.0000    27541.0000   575959    0.15%
  75230 64913    27542.7350    22    27583.0000    27541.0000   575964    0.15%
  75231 64914    27542.7350    22    27583.0000    27541.0000   575965    0.15%
  75232 64915    27542.7350    23    27583.0000    27541.0000   575967    0.15%
  75233 64916    27542.7350    23    27583.0000    27541.0000   575971    0.15%
  75234 64917    27542.7359    23    27583.0000    27541.0000   575981    0.15%
  75235 64918    27542.7359    24    27583.0000    27541.0000   575987    0.15%
  75236 64919    27542.7359    24    27583.0000    27541.0000   575989    0.15%
Elapsed time = 93.27 sec. (148960.86 ticks, tree = 560.18 MB, solutions = 37)
  77778 67079    27547.4486    22    27583.0000    27541.0000   589979    0.15%
  77779 67080    27548.6631    23    27583.0000    27541.0000   589990    0.15%
  77780 67081    27548.9217    24    27583.0000    27541.0000   589994    0.15%
  77781 67082    27548.9217    23    27583.0000    27541.0000   589995    0.15%
  77782 67083    27548.9920    23    27583.0000    27541.0000   589996    0.15%
  77783 67084    27549.3078    23    27583.0000    27541.0000   590000    0.15%
  77784 67085    27549.4704    23    27583.0000    27541.0000   590001    0.15%
  77785 67086    27549.4704    23    27583.0000    27541.0000   590002    0.15%
  77786 67087    27549.4837    23    27583.0000    27541.0000   590003    0.15%
  77787 67088    27550.6151    23    27583.0000    27541.0000   590010    0.15%
Elapsed time = 95.64 sec. (153038.10 ticks, tree = 583.61 MB, solutions = 37)
  80478 69400    27546.5173    25    27583.0000    27541.0000   607203    0.15%
  80479 69401    27546.5173    25    27583.0000    27541.0000   607204    0.15%
  80480 69402    27546.5173    25    27583.0000    27541.0000   607205    0.15%
  80481 69403    27546.5173    25    27583.0000    27541.0000   607206    0.15%
  80482 69404    27546.5173    25    27583.0000    27541.0000   607207    0.15%
  80483 69405    27546.5175    25    27583.0000    27541.0000   607208    0.15%
  80484 69406    27546.5175    24    27583.0000    27541.0000   607209    0.15%
  80485 69407    27546.5175    24    27583.0000    27541.0000   607212    0.15%
  80486 69408    27546.5215    24    27583.0000    27541.0000   607216    0.15%
  80487 69409    27546.5223    24    27583.0000    27541.0000   607217    0.15%
Elapsed time = 97.92 sec. (156903.20 ticks, tree = 606.61 MB, solutions = 37)

Cover cuts applied:  96
Mixed integer rounding cuts applied:  48

Root node processing (before b&c):
  Real time             =    0.61 sec. (747.75 ticks)
Sequential b&c:
  Real time             =   99.39 sec. (159784.32 ticks)
                          ------------
Total (root+branch&cut) =  100.00 sec. (160532.08 ticks)

Solution pool: 37 solutions saved.

MIP - Time limit exceeded, integer feasible:  Objective =  2.7583000000e+04
Current MIP best bound =  2.7541000000e+04 (gap = 42, 0.15%)
Solution time =  100.00 sec.  Iterations = 620756  Nodes = 83201 (71866)
Deterministic time = 160532.10 ticks  (1605.30 ticks/sec)


Incumbent solution written to file '/tmp/tmpijWH5e.cplex.sol'.
