Found incumbent of value 5286.000000 after 0.00 sec. (0.02 ticks)
Tried aggregator 2 times.
MIP Presolve eliminated 1 rows and 5 columns.
Aggregator did 2 substitutions.
Reduced MIP has 56 rows, 248 columns, and 499 nonzeros.
Reduced MIP has 245 binaries, 0 generals, 0 SOSs, and 0 indicators.
Presolve time = 0.00 sec. (0.54 ticks)
Probing fixed 0 vars, tightened 14 bounds.
Probing time = 0.00 sec. (0.61 ticks)
Tried aggregator 1 time.
Reduced MIP has 56 rows, 248 columns, and 499 nonzeros.
Reduced MIP has 245 binaries, 3 generals, 0 SOSs, and 0 indicators.
Presolve time = 0.00 sec. (0.36 ticks)
Probing time = 0.00 sec. (0.29 ticks)
Clique table members: 49.
MIP emphasis: balance optimality and feasibility.
MIP search method: dynamic search.
Parallel mode: none, using 1 thread.
Root relaxation solution time = 0.00 sec. (0.35 ticks)

        Nodes                                         Cuts/
   Node  Left     Objective  IInf  Best Integer    Best Bound    ItCnt     Gap

*     0+    0                         5286.0000        0.0000           100.00%
      0     0     1057.2000    11     5286.0000     1057.2000       35   80.00%
      0     0     1058.0000    10     5286.0000      Cuts: 10       50   79.98%
      0     0     1058.0000    12     5286.0000       Cuts: 5       60   79.98%
      0     0     1058.0000    14     5286.0000       Cuts: 4       76   79.98%
*     0+    0                         1138.0000     1058.0000             7.03%
*     0+    0                         1111.0000     1058.0000             4.77%
*     0+    0                         1099.0000     1058.0000             3.73%
*     0+    0                         1098.0000     1058.0000             3.64%
      0     2     1058.0000     8     1098.0000     1058.0000       76    3.64%
Elapsed time = 0.01 sec. (11.82 ticks, tree = 0.01 MB, solutions = 5)
*    60+   47                         1097.0000     1058.0000             3.56%
*    80+   62                         1088.0000     1058.0000             2.76%
*   110+   88                         1087.0000     1058.0000             2.67%
*   110+   84                         1084.0000     1058.0000             2.40%
*   120+   76                         1076.0000     1058.0000             1.67%
*   140+   81                         1068.0000     1058.0000             0.94%
*   190+  121                         1063.0000     1058.0000             0.47%
*   200+    1                         1058.0000     1058.0000             0.00%

Cover cuts applied:  8
Gomory fractional cuts applied:  2

Root node processing (before b&c):
  Real time             =    0.01 sec. (11.83 ticks)
Sequential b&c:
  Real time             =    0.02 sec. (20.44 ticks)
                          ------------
Total (root+branch&cut) =    0.03 sec. (32.27 ticks)
2 of 13 MIP starts provided solutions.
MIP start 'm1' defined initial solution with objective 1058.0000.
Tried aggregator 2 times.
MIP Presolve eliminated 2 rows and 5 columns.
Aggregator did 1 substitutions.
Reduced MIP has 57 rows, 249 columns, and 501 nonzeros.
Reduced MIP has 245 binaries, 0 generals, 0 SOSs, and 0 indicators.
Presolve time = 0.00 sec. (0.54 ticks)
Probing time = 0.00 sec. (0.26 ticks)
Cover probing fixed 0 vars, tightened 3 bounds.
Tried aggregator 1 time.
Reduced MIP has 57 rows, 249 columns, and 501 nonzeros.
Reduced MIP has 245 binaries, 4 generals, 0 SOSs, and 0 indicators.
Presolve time = 0.00 sec. (0.36 ticks)
Probing time = 0.00 sec. (0.23 ticks)
Clique table members: 49.
MIP emphasis: balance optimality and feasibility.
MIP search method: dynamic search.
Parallel mode: none, using 1 thread.
Root relaxation solution time = 0.00 sec. (0.49 ticks)

        Nodes                                         Cuts/
   Node  Left     Objective  IInf  Best Integer    Best Bound    ItCnt     Gap

*     0+    0                         1058.0000        0.0000           100.00%
      0     0     1057.0000     8     1058.0000     1057.0000       57    0.09%
      0     0     1057.0000    12     1058.0000      Cuts: 21       80    0.09%
      0     0     1057.0000    18     1058.0000      Cuts: 16       97    0.09%
      0     2     1057.0000     7     1058.0000     1057.0000       97    0.09%
Elapsed time = 0.01 sec. (8.48 ticks, tree = 0.01 MB, solutions = 1)
*    50+    1                         1057.0000     1057.0000             0.00%

Flow cuts applied:  1
Mixed integer rounding cuts applied:  1

Root node processing (before b&c):
  Real time             =    0.01 sec. (8.48 ticks)
Sequential b&c:
  Real time             =    0.00 sec. (3.92 ticks)
                          ------------
Total (root+branch&cut) =    0.01 sec. (12.40 ticks)
2 of 2 MIP starts provided solutions.
MIP start 'm1' defined initial solution with objective 1057.0000.
Tried aggregator 2 times.
MIP Presolve eliminated 4 rows and 5 columns.
Aggregator did 1 substitutions.
Reduced MIP has 57 rows, 249 columns, and 501 nonzeros.
Reduced MIP has 245 binaries, 0 generals, 0 SOSs, and 0 indicators.
Presolve time = 0.00 sec. (0.54 ticks)
Probing time = 0.00 sec. (0.26 ticks)
Cover probing fixed 0 vars, tightened 3 bounds.
Tried aggregator 1 time.
Reduced MIP has 57 rows, 249 columns, and 501 nonzeros.
Reduced MIP has 245 binaries, 4 generals, 0 SOSs, and 0 indicators.
Presolve time = 0.00 sec. (0.36 ticks)
Probing time = 0.00 sec. (0.23 ticks)
Clique table members: 49.
MIP emphasis: balance optimality and feasibility.
MIP search method: dynamic search.
Parallel mode: none, using 1 thread.
Root relaxation solution time = 0.00 sec. (0.23 ticks)

        Nodes                                         Cuts/
   Node  Left     Objective  IInf  Best Integer    Best Bound    ItCnt     Gap

*     0+    0                         1057.0000        0.0000           100.00%
      0     0        cutoff           1057.0000                     16    0.00%

Root node processing (before b&c):
  Real time             =    0.00 sec. (2.16 ticks)
Sequential b&c:
  Real time             =    0.00 sec. (0.00 ticks)
                          ------------
Total (root+branch&cut) =    0.00 sec. (2.16 ticks)
1 of 1 MIP starts provided solutions.
MIP start 'm1' defined initial solution with objective 1057.0000.
Tried aggregator 2 times.
MIP Presolve eliminated 7 rows and 5 columns.
Aggregator did 1 substitutions.
Reduced MIP has 57 rows, 249 columns, and 501 nonzeros.
Reduced MIP has 245 binaries, 0 generals, 0 SOSs, and 0 indicators.
Presolve time = 0.00 sec. (0.54 ticks)
Probing time = 0.00 sec. (0.26 ticks)
Cover probing fixed 0 vars, tightened 3 bounds.
Tried aggregator 1 time.
Reduced MIP has 57 rows, 249 columns, and 501 nonzeros.
Reduced MIP has 245 binaries, 4 generals, 0 SOSs, and 0 indicators.
Presolve time = 0.00 sec. (0.36 ticks)
Probing time = 0.00 sec. (0.23 ticks)
Clique table members: 49.
MIP emphasis: balance optimality and feasibility.
MIP search method: dynamic search.
Parallel mode: none, using 1 thread.
Root relaxation solution time = 0.00 sec. (0.29 ticks)

        Nodes                                         Cuts/
   Node  Left     Objective  IInf  Best Integer    Best Bound    ItCnt     Gap

*     0+    0                         1057.0000        0.0000           100.00%
      0     0        cutoff           1057.0000                     27    0.00%

Root node processing (before b&c):
  Real time             =    0.00 sec. (2.22 ticks)
Sequential b&c:
  Real time             =    0.00 sec. (0.00 ticks)
                          ------------
Total (root+branch&cut) =    0.00 sec. (2.22 ticks)
1 of 1 MIP starts provided solutions.
MIP start 'm1' defined initial solution with objective 1057.0000.
Tried aggregator 2 times.
MIP Presolve eliminated 11 rows and 5 columns.
Aggregator did 1 substitutions.
Reduced MIP has 57 rows, 249 columns, and 501 nonzeros.
Reduced MIP has 245 binaries, 0 generals, 0 SOSs, and 0 indicators.
Presolve time = 0.00 sec. (0.54 ticks)
Probing time = 0.00 sec. (0.26 ticks)
Cover probing fixed 0 vars, tightened 3 bounds.
Tried aggregator 1 time.
Reduced MIP has 57 rows, 249 columns, and 501 nonzeros.
Reduced MIP has 245 binaries, 4 generals, 0 SOSs, and 0 indicators.
Presolve time = 0.00 sec. (0.36 ticks)
Probing time = 0.00 sec. (0.23 ticks)
Clique table members: 49.
MIP emphasis: balance optimality and feasibility.
MIP search method: dynamic search.
Parallel mode: none, using 1 thread.
Root relaxation solution time = 0.00 sec. (0.19 ticks)

        Nodes                                         Cuts/
   Node  Left     Objective  IInf  Best Integer    Best Bound    ItCnt     Gap

*     0+    0                         1057.0000        0.0000           100.00%
      0     0        cutoff           1057.0000                     10    0.00%

Root node processing (before b&c):
  Real time             =    0.00 sec. (2.12 ticks)
Sequential b&c:
  Real time             =    0.00 sec. (0.00 ticks)
                          ------------
Total (root+branch&cut) =    0.00 sec. (2.12 ticks)
