Found incumbent of value 5184.000000 after 0.00 sec. (0.02 ticks)
Tried aggregator 2 times.
Aggregator did 2 substitutions.
Reduced MIP has 53 rows, 151 columns, and 303 nonzeros.
Reduced MIP has 150 binaries, 0 generals, 0 SOSs, and 0 indicators.
Presolve time = 0.00 sec. (0.37 ticks)
Probing fixed 0 vars, tightened 2 bounds.
Probing time = 0.00 sec. (0.19 ticks)
Tried aggregator 1 time.
Reduced MIP has 53 rows, 151 columns, and 303 nonzeros.
Reduced MIP has 150 binaries, 1 generals, 0 SOSs, and 0 indicators.
Presolve time = 0.00 sec. (0.22 ticks)
Probing time = 0.00 sec. (0.12 ticks)
Clique table members: 50.
MIP emphasis: balance optimality and feasibility.
MIP search method: dynamic search.
Parallel mode: none, using 1 thread.
Root relaxation solution time = 0.00 sec. (0.18 ticks)

        Nodes                                         Cuts/
   Node  Left     Objective  IInf  Best Integer    Best Bound    ItCnt     Gap

*     0+    0                         5184.0000        0.0000           100.00%
      0     0     1728.0000     4     5184.0000     1728.0000       25   66.67%
*     0+    0                         1975.0000     1728.0000            12.51%
      0     0     1728.0000     8     1975.0000       Cuts: 7       30   12.51%
*     0+    0                         1745.0000     1728.0000             0.97%
      0     0     1728.0000     8     1745.0000       Cuts: 3       31    0.97%
*     0+    0                         1729.0000     1728.0000             0.06%
      0     2     1728.0000     8     1729.0000     1728.0000       31    0.06%
Elapsed time = 0.01 sec. (3.89 ticks, tree = 0.01 MB, solutions = 4)
*  1088     0      integral     0     1728.0000     1728.0000     1891    0.00%

Cover cuts applied:  35
Gomory fractional cuts applied:  1

Root node processing (before b&c):
  Real time             =    0.01 sec. (3.89 ticks)
Sequential b&c:
  Real time             =    0.07 sec. (75.51 ticks)
                          ------------
Total (root+branch&cut) =    0.07 sec. (79.40 ticks)
2 of 5 MIP starts provided solutions.
MIP start 'm1' defined initial solution with objective 1728.0000.
Tried aggregator 2 times.
MIP Presolve eliminated 1 rows and 0 columns.
Aggregator did 1 substitutions.
Reduced MIP has 54 rows, 152 columns, and 305 nonzeros.
Reduced MIP has 150 binaries, 0 generals, 0 SOSs, and 0 indicators.
Presolve time = 0.00 sec. (0.33 ticks)
Probing time = 0.00 sec. (0.12 ticks)
Cover probing fixed 0 vars, tightened 2 bounds.
Tried aggregator 1 time.
Reduced MIP has 54 rows, 152 columns, and 305 nonzeros.
Reduced MIP has 150 binaries, 2 generals, 0 SOSs, and 0 indicators.
Presolve time = 0.00 sec. (0.22 ticks)
Probing time = 0.00 sec. (0.10 ticks)
Clique table members: 50.
MIP emphasis: balance optimality and feasibility.
MIP search method: dynamic search.
Parallel mode: none, using 1 thread.
Root relaxation solution time = 0.00 sec. (0.11 ticks)

        Nodes                                         Cuts/
   Node  Left     Objective  IInf  Best Integer    Best Bound    ItCnt     Gap

*     0+    0                         1728.0000        0.0000           100.00%
      0     0        cutoff           1728.0000                      2    0.00%

Root node processing (before b&c):
  Real time             =    0.00 sec. (1.23 ticks)
Sequential b&c:
  Real time             =    0.00 sec. (0.00 ticks)
                          ------------
Total (root+branch&cut) =    0.00 sec. (1.23 ticks)
1 of 1 MIP starts provided solutions.
MIP start 'm1' defined initial solution with objective 1728.0000.
Tried aggregator 2 times.
MIP Presolve eliminated 3 rows and 0 columns.
Aggregator did 1 substitutions.
Reduced MIP has 54 rows, 152 columns, and 305 nonzeros.
Reduced MIP has 150 binaries, 0 generals, 0 SOSs, and 0 indicators.
Presolve time = 0.00 sec. (0.33 ticks)
Probing time = 0.00 sec. (0.12 ticks)
Cover probing fixed 0 vars, tightened 2 bounds.
Tried aggregator 1 time.
Reduced MIP has 54 rows, 152 columns, and 305 nonzeros.
Reduced MIP has 150 binaries, 2 generals, 0 SOSs, and 0 indicators.
Presolve time = 0.00 sec. (0.22 ticks)
Probing time = 0.00 sec. (0.10 ticks)
Clique table members: 50.
MIP emphasis: balance optimality and feasibility.
MIP search method: dynamic search.
Parallel mode: none, using 1 thread.
Root relaxation solution time = 0.00 sec. (0.11 ticks)

        Nodes                                         Cuts/
   Node  Left     Objective  IInf  Best Integer    Best Bound    ItCnt     Gap

*     0+    0                         1728.0000        0.0000           100.00%
      0     0        cutoff           1728.0000                      2    0.00%

Root node processing (before b&c):
  Real time             =    0.00 sec. (1.22 ticks)
Sequential b&c:
  Real time             =    0.00 sec. (0.00 ticks)
                          ------------
Total (root+branch&cut) =    0.00 sec. (1.22 ticks)
