Found incumbent of value 31834.000000 after 0.00 sec. (0.01 ticks)
Tried aggregator 2 times.
Aggregator did 2 substitutions.
Reduced MIP has 33 rows, 91 columns, and 183 nonzeros.
Reduced MIP has 90 binaries, 0 generals, 0 SOSs, and 0 indicators.
Presolve time = 0.00 sec. (0.22 ticks)
Probing fixed 0 vars, tightened 6 bounds.
Probing time = 0.00 sec. (0.09 ticks)
Tried aggregator 1 time.
Reduced MIP has 33 rows, 91 columns, and 183 nonzeros.
Reduced MIP has 90 binaries, 1 generals, 0 SOSs, and 0 indicators.
Presolve time = 0.00 sec. (0.12 ticks)
Probing time = 0.00 sec. (0.06 ticks)
Clique table members: 30.
MIP emphasis: balance optimality and feasibility.
MIP search method: dynamic search.
Parallel mode: none, using 1 thread.
Root relaxation solution time = 0.00 sec. (0.08 ticks)

        Nodes                                         Cuts/
   Node  Left     Objective  IInf  Best Integer    Best Bound    ItCnt     Gap

*     0+    0                        31834.0000        0.0000           100.00%
      0     0    10611.3333     4    31834.0000    10611.3333        5   66.67%
*     0+    0                        10861.0000    10611.3333             2.30%
      0     0    10611.3333     7    10861.0000       Cuts: 6       10    2.30%
*     0+    0                        10673.0000    10611.3333             0.58%
      0     0    10611.3333    11    10673.0000       Cuts: 6       15    0.58%
      0     2    10611.3333     5    10673.0000    10611.3333       15    0.58%
Elapsed time = 0.01 sec. (2.69 ticks, tree = 0.01 MB, solutions = 3)
*    18    18      integral     0    10624.0000    10611.3333       46    0.12%
*  1837+  373                        10616.0000    10612.0000             0.04%
*  1989   222      integral     0    10614.0000    10612.0000     2744    0.02%
*  2117+  157                        10613.0000    10612.0000             0.01%

Mixed integer rounding cuts applied:  1

Root node processing (before b&c):
  Real time             =    0.01 sec. (2.69 ticks)
Sequential b&c:
  Real time             =    0.21 sec. (183.85 ticks)
                          ------------
Total (root+branch&cut) =    0.22 sec. (186.54 ticks)
2 of 7 MIP starts provided solutions.
MIP start 'm1' defined initial solution with objective 10611.0000.
Tried aggregator 2 times.
MIP Presolve eliminated 1 rows and 0 columns.
Aggregator did 1 substitutions.
Reduced MIP has 34 rows, 92 columns, and 185 nonzeros.
Reduced MIP has 90 binaries, 0 generals, 0 SOSs, and 0 indicators.
Presolve time = 0.00 sec. (0.19 ticks)
Probing time = 0.00 sec. (0.06 ticks)
Cover probing fixed 0 vars, tightened 2 bounds.
Tried aggregator 1 time.
Reduced MIP has 34 rows, 92 columns, and 185 nonzeros.
Reduced MIP has 90 binaries, 2 generals, 0 SOSs, and 0 indicators.
Presolve time = 0.00 sec. (0.12 ticks)
Probing time = 0.00 sec. (0.05 ticks)
Clique table members: 30.
MIP emphasis: balance optimality and feasibility.
MIP search method: dynamic search.
Parallel mode: none, using 1 thread.
Root relaxation solution time = 0.00 sec. (0.19 ticks)

        Nodes                                         Cuts/
   Node  Left     Objective  IInf  Best Integer    Best Bound    ItCnt     Gap

*     0+    0                        10611.0000        0.0000           100.00%
      0     0    10610.5000     5    10611.0000    10610.5000       57    0.00%
      0     0        cutoff          10611.0000    10610.5000       57    0.00%
Elapsed time = 0.00 sec. (0.85 ticks, tree = 0.01 MB, solutions = 1)

Root node processing (before b&c):
  Real time             =    0.00 sec. (0.85 ticks)
Sequential b&c:
  Real time             =    0.00 sec. (0.00 ticks)
                          ------------
Total (root+branch&cut) =    0.00 sec. (0.85 ticks)
1 of 1 MIP starts provided solutions.
MIP start 'm1' defined initial solution with objective 10610.0000.
Tried aggregator 2 times.
MIP Presolve eliminated 3 rows and 0 columns.
Aggregator did 1 substitutions.
Reduced MIP has 34 rows, 92 columns, and 185 nonzeros.
Reduced MIP has 90 binaries, 0 generals, 0 SOSs, and 0 indicators.
Presolve time = 0.00 sec. (0.19 ticks)
Probing time = 0.00 sec. (0.06 ticks)
Cover probing fixed 0 vars, tightened 2 bounds.
Tried aggregator 1 time.
Reduced MIP has 34 rows, 92 columns, and 185 nonzeros.
Reduced MIP has 90 binaries, 2 generals, 0 SOSs, and 0 indicators.
Presolve time = 0.00 sec. (0.12 ticks)
Probing time = 0.00 sec. (0.05 ticks)
Clique table members: 30.
MIP emphasis: balance optimality and feasibility.
MIP search method: dynamic search.
Parallel mode: none, using 1 thread.
Root relaxation solution time = 0.00 sec. (0.14 ticks)

        Nodes                                         Cuts/
   Node  Left     Objective  IInf  Best Integer    Best Bound    ItCnt     Gap

*     0+    0                        10610.0000        0.0000           100.00%
      0     0        cutoff          10610.0000                     41    0.00%

Root node processing (before b&c):
  Real time             =    0.00 sec. (0.78 ticks)
Sequential b&c:
  Real time             =    0.00 sec. (0.00 ticks)
                          ------------
Total (root+branch&cut) =    0.00 sec. (0.78 ticks)
