
Log started (V12.6.3.0) Fri Apr 20 21:19:32 2018

New value for default parallel thread count: 1

Problem '/tmp/tmphY1kvM.pyomo.lp' read.
Read time = 0.02 sec. (2.16 ticks)

Problem name         : /tmp/tmphY1kvM.pyomo.lp
Objective sense      : Minimize
Variables            :    1746  [Nneg: 1,  Binary: 1728,  General Integer: 17]
Objective nonzeros   :       1
Linear constraints   :     250  [Less: 124,  Equal: 126]
  Nonzeros           :  157417
  RHS nonzeros       :     217

Variables            : Min LB: 0.000000         Max UB: 1.000000       
Objective nonzeros   : Min   : 1.000000         Max   : 1.000000       
Linear constraints   :
  Nonzeros           : Min   : 1.000000         Max   : 1715.000       
  RHS nonzeros       : Min   : 1.000000         Max   : 11.00000       
Tried aggregator 2 times.
MIP Presolve eliminated 111 rows and 194 columns.
Aggregator did 21 substitutions.
Reduced MIP has 118 rows, 1531 columns, and 4321 nonzeros.
Reduced MIP has 1530 binaries, 1 generals, 0 SOSs, and 0 indicators.
Presolve time = 0.03 sec. (27.96 ticks)
Found incumbent of value 54562.000000 after 0.03 sec. (32.79 ticks)
Probing time = 0.00 sec. (1.99 ticks)
Tried aggregator 1 time.
Reduced MIP has 118 rows, 1531 columns, and 4321 nonzeros.
Reduced MIP has 1530 binaries, 1 generals, 0 SOSs, and 0 indicators.
Presolve time = 0.00 sec. (2.17 ticks)
Probing time = 0.00 sec. (1.98 ticks)
Clique table members: 102.
MIP emphasis: balance optimality and feasibility.
MIP search method: dynamic search.
Parallel mode: none, using 1 thread.
Root relaxation solution time = 0.00 sec. (2.24 ticks)

        Nodes                                         Cuts/
   Node  Left     Objective  IInf  Best Integer    Best Bound    ItCnt     Gap

*     0+    0                        54562.0000        0.0000           100.00%
      0     0     3637.4667    25    54562.0000     3637.4667       61   93.33%
*     0+    0                         4749.0000     3637.4667            23.41%
      0     0     3638.0000    26     4749.0000     Fract: 10       84   23.39%
*     0+    0                         4601.0000     3638.0000            20.93%
      0     0     3638.0000    41     4601.0000      Cuts: 33      145   20.93%
*     0+    0                         4496.0000     3638.0000            19.08%
      0     0     3638.0000    31     4496.0000      Cuts: 16      235   19.08%
*     0+    0                         4330.0000     3638.0000            15.98%
      0     0     3638.0000    38     4330.0000      Cuts: 19      322   15.98%
*     0+    0                         4078.0000     3638.0000            10.79%
*     0+    0                         4062.0000     3638.0000            10.44%
*     0+    0                         3905.0000     3638.0000             6.84%
*     0+    0                         3832.0000     3638.0000             5.06%
      0     2     3638.0000    26     3832.0000     3638.0000      322    5.06%
Elapsed time = 0.12 sec. (157.68 ticks, tree = 0.01 MB, solutions = 9)
*    80+   80                         3823.0000     3638.0000             4.84%
*   180+  169                         3812.0000     3638.0000             4.56%
    526   498     3638.0000    28     3812.0000     3638.0000     3844    4.56%
    527   499     3638.0000    28     3812.0000     3638.0000     3846    4.56%
    528   500     3638.0000    28     3812.0000     3638.0000     3849    4.56%
    529   501     3638.0000    28     3812.0000     3638.0000     3850    4.56%
    530   502     3638.0000    27     3812.0000     3638.0000     3853    4.56%
    531   503     3638.0000    28     3812.0000     3638.0000     3857    4.56%
    532   504     3639.3012    35     3812.0000     3638.0000     3923    4.56%
*   533+  502                         3808.0000     3638.0000             4.46%
*   533+  502                         3804.0000     3638.0000             4.36%
    533   504     3638.0000    28     3804.0000     3638.0000     3924    4.36%
*   534+  498                         3791.0000     3638.0000             4.04%
*   534+  475                         3749.0000     3638.0000             2.96%
*   534+  475                         3745.0000     3638.0000             2.86%
*   534+  475                         3740.0000     3638.0000             2.73%
*   534+  469                         3709.0000     3638.0000             1.91%
    534   469     3792.4238    19     3709.0000     3638.0000     3960    1.91%
   1005   811     3638.0000    25     3709.0000     3638.0000     6745    1.91%
Elapsed time = 0.84 sec. (1111.51 ticks, tree = 1.95 MB, solutions = 18)
*  1068+  574                         3708.0000     3638.0000             1.89%
*  1168+  426                         3707.0000     3638.0000             1.86%
*  1268+  335                         3703.0000     3638.0000             1.76%
   1268   336     3638.0000    24     3703.0000     3638.0000     8562    1.76%
   1269   337     3638.0000    24     3703.0000     3638.0000     8562    1.76%
   1270   337     3638.0000    22     3703.0000     3638.0000     8567    1.76%
   1271   337     3638.0000    22     3703.0000     3638.0000     8568    1.76%
   1272   336     3638.0000    25     3703.0000     3638.0000     8583    1.76%
   1273   336     3638.0000    26     3703.0000     3638.0000     8590    1.76%
   1274   336     3638.0000    23     3703.0000     3638.0000     8599    1.76%
   1275   336     3638.0000    24     3703.0000     3638.0000     8605    1.76%
   1276   336     3638.0000    23     3703.0000     3638.0000     8608    1.76%
   1277   336     3638.0000    23     3703.0000     3638.0000     8612    1.76%
Elapsed time = 1.65 sec. (2249.77 ticks, tree = 0.79 MB, solutions = 21)
*  1368+  307                         3701.0000     3638.0000             1.70%
   2155   659     3638.0000    23     3701.0000     3638.0000    11592    1.70%
   2156   660     3638.0000    25     3701.0000     3638.0000    11594    1.70%
   2157   661     3638.0000    23     3701.0000     3638.0000    11595    1.70%
   2158   662     3638.0000    21     3701.0000     3638.0000    11599    1.70%
   2159   663     3638.0000    22     3701.0000     3638.0000    11601    1.70%
   2160   664     3638.0000    22     3701.0000     3638.0000    11602    1.70%
   2161   665     3638.0000    22     3701.0000     3638.0000    11603    1.70%
   2162   666     3638.0000    22     3701.0000     3638.0000    11604    1.70%
   2163   667     3638.0000    22     3701.0000     3638.0000    11605    1.70%
   2164   668     3638.0000    22     3701.0000     3638.0000    11606    1.70%
Elapsed time = 2.29 sec. (3206.23 ticks, tree = 1.57 MB, solutions = 22)
   4477  2598     3638.0000    26     3701.0000     3638.0000    19727    1.70%
   4478  2599     3638.0000    25     3701.0000     3638.0000    19728    1.70%
   4479  2600     3638.0000    26     3701.0000     3638.0000    19748    1.70%
   4480  2601     3638.0000    25     3701.0000     3638.0000    19760    1.70%
   4481  2602     3638.0000    25     3701.0000     3638.0000    19768    1.70%
   4482  2603     3638.0000    25     3701.0000     3638.0000    19772    1.70%
   4483  2604     3638.0000    27     3701.0000     3638.0000    19774    1.70%
   4484  2605     3638.0000    25     3701.0000     3638.0000    19775    1.70%
   4485  2606     3638.0000    25     3701.0000     3638.0000    19776    1.70%
   4486  2605        cutoff           3701.0000     3638.0000    19785    1.70%
Elapsed time = 2.93 sec. (4164.38 ticks, tree = 6.17 MB, solutions = 22)
   6234  3897     3693.8099    35     3701.0000     3638.0000    31602    1.70%
   6235  3897     3693.8099    34     3701.0000     3638.0000    31604    1.70%
   6236  3897     3693.8099    35     3701.0000     3638.0000    31606    1.70%
   6237  3897     3693.8099    34     3701.0000     3638.0000    31608    1.70%
   6238  3897     3693.8099    35     3701.0000     3638.0000    31610    1.70%
   6239  3897     3693.8099    37     3701.0000     3638.0000    31615    1.70%
   6240  3898     3693.8099    36     3701.0000     3638.0000    31621    1.70%
   6241  3899     3693.8099    40     3701.0000     3638.0000    31654    1.70%
   6242  3900     3693.8099    40     3701.0000     3638.0000    31663    1.70%
   6243  3901     3693.8099    38     3701.0000     3638.0000    31669    1.70%
Elapsed time = 3.56 sec. (5125.28 ticks, tree = 9.32 MB, solutions = 22)
   7066  4585     3638.0000    64     3701.0000     3638.0000    44108    1.70%
   7067  4586     3638.0000    54     3701.0000     3638.0000    44151    1.70%
   7068  4587     3638.0000    54     3701.0000     3638.0000    44193    1.70%
   7069  4588     3638.0000    55     3701.0000     3638.0000    44228    1.70%
   7070  4589     3638.0000    55     3701.0000     3638.0000    44255    1.70%
   7071  4590     3638.0000    55     3701.0000     3638.0000    44280    1.70%
   7072  4591     3638.0000    50     3701.0000     3638.0000    44338    1.70%
   7073  4592     3639.1570    60     3701.0000     3638.0000    44549    1.70%
   7074  4593     3639.1570    52     3701.0000     3638.0000    44561    1.70%
   7075  4594     3639.1570    54     3701.0000     3638.0000    44562    1.70%
Elapsed time = 4.20 sec. (6108.73 ticks, tree = 11.82 MB, solutions = 22)
   7931  5248     3672.0000    13     3701.0000     3638.0000    59802    1.70%
   7932  5249     3672.0000    13     3701.0000     3638.0000    59807    1.70%
   7933  5250     3672.0000    14     3701.0000     3638.0000    59808    1.70%
   7934  5251     3672.0000    13     3701.0000     3638.0000    59811    1.70%
   7935  5252     3672.0000    12     3701.0000     3638.0000    59812    1.70%
   7936  5251        cutoff           3701.0000     3638.0000    59817    1.70%
   7937  5252     3678.1384    16     3701.0000     3638.0000    59844    1.70%
   7938  5253     3678.1384    16     3701.0000     3638.0000    59845    1.70%
   7939  5254     3678.1384    16     3701.0000     3638.0000    59846    1.70%
   7940  5255     3678.1384    15     3701.0000     3638.0000    59849    1.70%
Elapsed time = 4.82 sec. (7065.36 ticks, tree = 14.58 MB, solutions = 22)
   8541  5744     3642.4817    70     3701.0000     3638.0000    73289    1.70%
   8542  5745     3642.4817    70     3701.0000     3638.0000    73325    1.70%
   8543  5746     3643.8016    69     3701.0000     3638.0000    73395    1.70%
   8544  5747     3645.0426    76     3701.0000     3638.0000    73487    1.70%
   8545  5748     3645.1324    74     3701.0000     3638.0000    73514    1.70%
   8546  5749     3645.1324    71     3701.0000     3638.0000    73541    1.70%
   8547  5750     3645.2375    67     3701.0000     3638.0000    73569    1.70%
   8548  5751     3645.2375    65     3701.0000     3638.0000    73601    1.70%
   8549  5752     3645.2829    62     3701.0000     3638.0000    73603    1.70%
   8550  5753     3645.2829    67     3701.0000     3638.0000    73621    1.70%
Elapsed time = 5.45 sec. (8043.97 ticks, tree = 16.78 MB, solutions = 22)
   9236  6368     3638.0000    55     3701.0000     3638.0000    87487    1.70%
   9237  6369     3638.0000    52     3701.0000     3638.0000    87489    1.70%
   9238  6370     3638.0578    65     3701.0000     3638.0000    87663    1.70%
   9239  6371     3638.0618    64     3701.0000     3638.0000    87666    1.70%
   9240  6372     3638.0628    67     3701.0000     3638.0000    87675    1.70%
   9241  6373     3638.0630    67     3701.0000     3638.0000    87680    1.70%
   9242  6374     3638.0632    67     3701.0000     3638.0000    87681    1.70%
   9243  6375     3638.0632    60     3701.0000     3638.0000    87682    1.70%
   9244  6376     3638.0634    59     3701.0000     3638.0000    87683    1.70%
   9245  6377     3638.4614    49     3701.0000     3638.0000    87712    1.70%
Elapsed time = 6.06 sec. (9018.69 ticks, tree = 19.58 MB, solutions = 22)
   9706  6749     3638.0000    43     3701.0000     3638.0000   100397    1.70%
   9707  6750     3638.0000    42     3701.0000     3638.0000   100401    1.70%
   9708  6751     3638.0000    40     3701.0000     3638.0000   100403    1.70%
   9709  6752     3638.0000    56     3701.0000     3638.0000   100431    1.70%
   9710  6753     3638.0000    50     3701.0000     3638.0000   100432    1.70%
   9711  6754     3638.0000    46     3701.0000     3638.0000   100434    1.70%
   9712  6755     3638.0000    46     3701.0000     3638.0000   100435    1.70%
   9713  6756     3638.0000    42     3701.0000     3638.0000   100438    1.70%
   9714  6757     3638.0000    51     3701.0000     3638.0000   100547    1.70%
  11516  8179     3638.0000    73     3701.0000     3638.0000   138671    1.70%
Elapsed time = 8.42 sec. (12840.00 ticks, tree = 28.48 MB, solutions = 22)
  12903  9261     3638.0000    39     3701.0000     3638.0000   175548    1.70%
  12904  9262     3638.0000    40     3701.0000     3638.0000   175558    1.70%
  12905  9263     3638.0000    39     3701.0000     3638.0000   175563    1.70%
  12906  9264     3638.0000    41     3701.0000     3638.0000   175576    1.70%
  12907  9265     3638.0000    42     3701.0000     3638.0000   175589    1.70%
  12908  9266     3638.0000    41     3701.0000     3638.0000   175593    1.70%
  12909  9267     3638.0000    43     3701.0000     3638.0000   175598    1.70%
  12910  9268     3638.0000    43     3701.0000     3638.0000   175599    1.70%
  12911  9269     3638.0000    39     3701.0000     3638.0000   175637    1.70%
  12912  9270     3638.0000    41     3701.0000     3638.0000   175667    1.70%
Elapsed time = 10.87 sec. (16665.56 ticks, tree = 34.35 MB, solutions = 22)
  14373 10209     3638.0000    69     3701.0000     3638.0000   222764    1.70%
  14374 10210     3638.1492    78     3701.0000     3638.0000   223166    1.70%
  14375 10211     3638.1492    75     3701.0000     3638.0000   223167    1.70%
  14376 10212     3638.1533    72     3701.0000     3638.0000   223177    1.70%
  14377 10213     3638.1533    76     3701.0000     3638.0000   223199    1.70%
  14378 10214     3638.1533    76     3701.0000     3638.0000   223203    1.70%
  14379 10215     3638.1533    76     3701.0000     3638.0000   223210    1.70%
  14380 10216     3638.1536    74     3701.0000     3638.0000   223224    1.70%
  14381 10217     3638.4034    78     3701.0000     3638.0000   223368    1.70%
  14382 10218     3638.4543    74     3701.0000     3638.0000   223398    1.70%
Elapsed time = 13.33 sec. (20553.81 ticks, tree = 39.85 MB, solutions = 22)
* 14760 10450      integral     0     3697.0000     3638.0000   237297    1.60%
* 15313 10670      integral     0     3694.0000     3638.0000   258013    1.52%
  16018 11124     3638.0000    76     3694.0000     3638.0000   280633    1.52%
  16019 11125     3638.0000    87     3694.0000     3638.0000   280826    1.52%
  16020 11126     3638.0000    88     3694.0000     3638.0000   280911    1.52%
  16021 11127     3638.0000    86     3694.0000     3638.0000   280915    1.52%
  16022 11128     3638.0000    89     3694.0000     3638.0000   281059    1.52%
  16023 11129     3638.0000    79     3694.0000     3638.0000   281545    1.52%
  16024 11130     3638.0000    87     3694.0000     3638.0000   281713    1.52%
  16025 11131     3638.0000    78     3694.0000     3638.0000   281734    1.52%
  16026 11132     3638.0000    76     3694.0000     3638.0000   281798    1.52%
  16027 11133     3638.0000    86     3694.0000     3638.0000   281837    1.52%
Elapsed time = 15.81 sec. (24468.48 ticks, tree = 45.75 MB, solutions = 24)
  17549 12211     3688.3305    41     3694.0000     3638.0000   331957    1.52%
  17550 12212     3688.3305    39     3694.0000     3638.0000   331958    1.52%
  17551 12213     3688.3305    47     3694.0000     3638.0000   331964    1.52%
  17552 12214     3688.3435    45     3694.0000     3638.0000   331967    1.52%
  17553 12215     3688.3435    45     3694.0000     3638.0000   331968    1.52%
  17554 12214     3688.4322    39     3694.0000     3638.0000   331970    1.52%
  17555 12214     3690.1975    39     3694.0000     3638.0000   332016    1.52%
  17556 12215     3690.1984    36     3694.0000     3638.0000   332023    1.52%
  17557 12214        cutoff           3694.0000     3638.0000   332029    1.52%
  17558 12213        cutoff           3694.0000     3638.0000   332031    1.52%
Elapsed time = 18.26 sec. (28296.60 ticks, tree = 52.52 MB, solutions = 24)
* 17968+11829                         3689.0000     3638.0000             1.38%
  18880 12255        cutoff           3689.0000     3638.0000   387183    1.38%
  18881 12254        cutoff           3689.0000     3638.0000   387548    1.38%
  18882 12253        cutoff           3689.0000     3638.0000   387799    1.38%
  18883 12252        cutoff           3689.0000     3638.0000   388005    1.38%
  18884 12251        cutoff           3689.0000     3638.0000   388078    1.38%
  18885 12250        cutoff           3689.0000     3638.0000   388262    1.38%
  18886 12249    infeasible           3689.0000     3638.0000   388262    1.38%
  18887 12248    infeasible           3689.0000     3638.0000   388262    1.38%
  18888 12247        cutoff           3689.0000     3638.0000   388477    1.38%
  18889 12246        cutoff           3689.0000     3638.0000   388812    1.38%
Elapsed time = 20.74 sec. (32188.63 ticks, tree = 54.71 MB, solutions = 25)
* 19068+11967                         3687.0000     3638.0000             1.33%
* 19068+11287                         3682.0000     3638.0000             1.20%
  20304 11574        cutoff           3682.0000     3638.0000   441640    1.20%
  20305 11573        cutoff           3682.0000     3638.0000   442013    1.20%
  20306 11574     3641.4297    80     3682.0000     3638.0000   442567    1.20%
  20307 11575     3647.1550    56     3682.0000     3638.0000   442638    1.20%
  20308 11576     3647.1550    52     3682.0000     3638.0000   442650    1.20%
  20309 11577     3647.1723    49     3682.0000     3638.0000   442653    1.20%
  20310 11578     3647.1723    53     3682.0000     3638.0000   442662    1.20%
  20311 11579     3654.6653    46     3682.0000     3638.0000   442699    1.20%
  20312 11580     3647.1723    53     3682.0000     3638.0000   442705    1.20%
  20313 11581     3647.3113    52     3682.0000     3638.0000   442734    1.20%
Elapsed time = 23.28 sec. (36098.27 ticks, tree = 54.00 MB, solutions = 27)
  21859 11963        cutoff           3682.0000     3638.0000   494035    1.20%
  21860 11962        cutoff           3682.0000     3638.0000   494142    1.20%
  21861 11961        cutoff           3682.0000     3638.0000   494280    1.20%
  21862 11960        cutoff           3682.0000     3638.0000   494320    1.20%
  21863 11961     3668.5234    61     3682.0000     3638.0000   494744    1.20%
  21864 11960        cutoff           3682.0000     3638.0000   494759    1.20%
  21865 11959        cutoff           3682.0000     3638.0000   494768    1.20%
  21866 11958        cutoff           3682.0000     3638.0000   495058    1.20%
  21867 11957    infeasible           3682.0000     3638.0000   495058    1.20%
  21868 11956    infeasible           3682.0000     3638.0000   495058    1.20%
Elapsed time = 25.74 sec. (39974.99 ticks, tree = 58.73 MB, solutions = 27)
* 23468+12349                         3678.0000     3638.0000             1.09%
  23670 12515     3642.0000    47     3678.0000     3638.0000   545073    1.09%
  23671 12516     3642.0000    49     3678.0000     3638.0000   545079    1.09%
  23672 12517     3642.0000    40     3678.0000     3638.0000   545117    1.09%
  23673 12518     3642.0000    43     3678.0000     3638.0000   545140    1.09%
  23674 12519     3642.0000    42     3678.0000     3638.0000   545148    1.09%
  23675 12520     3642.0000    40     3678.0000     3638.0000   545168    1.09%
  23676 12521     3642.0000    38     3678.0000     3638.0000   545217    1.09%
  23677 12521     3643.0086    41     3678.0000     3638.0000   545372    1.09%
  23678 12521     3643.0199    41     3678.0000     3638.0000   545373    1.09%
  23679 12522     3643.0828    39     3678.0000     3638.0000   545377    1.09%
Elapsed time = 28.20 sec. (43843.83 ticks, tree = 64.55 MB, solutions = 28)
  25413 14054        cutoff           3678.0000     3638.0000   591161    1.09%
  25414 14055     3649.7455    44     3678.0000     3638.0000   591569    1.09%
  25415 14054        cutoff           3678.0000     3638.0000   591639    1.09%
  25416 14053    infeasible           3678.0000     3638.0000   591639    1.09%
  25417 14054     3638.0000    67     3678.0000     3638.0000   591893    1.09%
  25418 14055     3638.0000    66     3678.0000     3638.0000   591999    1.09%
  25419 14056     3638.0000    56     3678.0000     3638.0000   592066    1.09%
  25420 14057     3638.0000    65     3678.0000     3638.0000   592074    1.09%
  25421 14058     3638.8707    45     3678.0000     3638.0000   592147    1.09%
  25422 14059     3643.4032    40     3678.0000     3638.0000   592237    1.09%
Elapsed time = 30.73 sec. (47750.09 ticks, tree = 75.48 MB, solutions = 28)
  26558 15032     3638.0000    62     3678.0000     3638.0000   633018    1.09%
  26559 15033     3638.0000    61     3678.0000     3638.0000   633019    1.09%
  26560 15034     3638.0000    52     3678.0000     3638.0000   633054    1.09%
  26561 15035     3638.0000    58     3678.0000     3638.0000   633130    1.09%
  26562 15036     3638.0000    56     3678.0000     3638.0000   633132    1.09%
  26563 15037     3638.0000    53     3678.0000     3638.0000   633134    1.09%
  26564 15038     3638.0000    53     3678.0000     3638.0000   633149    1.09%
  26565 15039     3638.0000    53     3678.0000     3638.0000   633155    1.09%
  26566 15040     3638.0000    54     3678.0000     3638.0000   633221    1.09%
  26567 15041     3638.0000    71     3678.0000     3638.0000   633427    1.09%
Elapsed time = 33.28 sec. (51589.70 ticks, tree = 83.00 MB, solutions = 28)
  27888 16162     3641.2774    91     3678.0000     3638.0000   676468    1.09%
  27889 16163     3641.3050    88     3678.0000     3638.0000   676479    1.09%
  27890 16164     3641.3329    85     3678.0000     3638.0000   676505    1.09%
  27891 16165     3641.3353    88     3678.0000     3638.0000   676514    1.09%
  27892 16166     3641.3353    84     3678.0000     3638.0000   676518    1.09%
  27893 16167     3641.4662    88     3678.0000     3638.0000   676556    1.09%
  27894 16168     3641.4688    87     3678.0000     3638.0000   676562    1.09%
  27895 16169     3641.4744    88     3678.0000     3638.0000   676571    1.09%
  27896 16170     3641.8725    98     3678.0000     3638.0000   676629    1.09%
  27897 16171     3641.8903    93     3678.0000     3638.0000   676637    1.09%
Elapsed time = 35.97 sec. (55442.91 ticks, tree = 92.50 MB, solutions = 28)
  28825 16982     3641.2410    81     3678.0000     3638.0000   716859    1.09%
  28826 16983     3641.4036    76     3678.0000     3638.0000   716888    1.09%
  28827 16984     3643.0620    75     3678.0000     3638.0000   716928    1.09%
  28828 16985     3643.1136    70     3678.0000     3638.0000   716932    1.09%
  28829 16986     3643.6409    71     3678.0000     3638.0000   716966    1.09%
  28830 16987     3643.6613    72     3678.0000     3638.0000   716971    1.09%
  28831 16988     3645.9470    76     3678.0000     3638.0000   717012    1.09%
  28832 16989     3645.9742    74     3678.0000     3638.0000   717014    1.09%
  28833 16990     3646.3919    67     3678.0000     3638.0000   717019    1.09%
  28834 16991     3646.4118    67     3678.0000     3638.0000   717024    1.09%
Elapsed time = 38.44 sec. (59277.16 ticks, tree = 100.46 MB, solutions = 28)
  29987 17946     3648.9469    73     3678.0000     3638.0000   770016    1.09%
  29988 17947     3648.9542    72     3678.0000     3638.0000   770019    1.09%
  29989 17948     3649.0149    72     3678.0000     3638.0000   770028    1.09%
  29990 17949     3649.6985    86     3678.0000     3638.0000   770061    1.09%
  29991 17950     3649.6986    79     3678.0000     3638.0000   770062    1.09%
  29992 17951     3649.7028    77     3678.0000     3638.0000   770066    1.09%
  29993 17952     3649.7029    72     3678.0000     3638.0000   770068    1.09%
  29994 17951        cutoff           3678.0000     3638.0000   770133    1.09%
  29995 17952     3650.4006    78     3678.0000     3638.0000   770159    1.09%
  29996 17953     3651.2719    71     3678.0000     3638.0000   770188    1.09%
Elapsed time = 40.94 sec. (63123.47 ticks, tree = 109.36 MB, solutions = 28)
  31382 19189     3638.0000    81     3678.0000     3638.0000   815905    1.09%
  31383 19190     3638.0000    79     3678.0000     3638.0000   815906    1.09%
  31384 19191     3638.0000    74     3678.0000     3638.0000   815907    1.09%
  31385 19192     3638.0000    66     3678.0000     3638.0000   815945    1.09%
  31386 19193     3638.0000    63     3678.0000     3638.0000   815966    1.09%
  31387 19194     3638.0000    79     3678.0000     3638.0000   816087    1.09%
  31388 19195     3638.0000    84     3678.0000     3638.0000   816114    1.09%
  31389 19196     3638.0000    78     3678.0000     3638.0000   816115    1.09%
  31390 19197     3638.0000    73     3678.0000     3638.0000   816227    1.09%
  31391 19198     3638.0000    71     3678.0000     3638.0000   816314    1.09%
Elapsed time = 43.45 sec. (66976.61 ticks, tree = 120.80 MB, solutions = 28)
  32672 20351     3638.0000    63     3678.0000     3638.0000   867436    1.09%
  32673 20352     3638.0000    56     3678.0000     3638.0000   867496    1.09%
  32674 20353     3638.0000    67     3678.0000     3638.0000   867539    1.09%
  32675 20354     3638.0000    67     3678.0000     3638.0000   867540    1.09%
  32676 20355     3638.0000    56     3678.0000     3638.0000   867546    1.09%
  32677 20356     3638.0000    57     3678.0000     3638.0000   867548    1.09%
  32678 20357     3638.0000    57     3678.0000     3638.0000   867558    1.09%
  32679 20358     3638.0000    53     3678.0000     3638.0000   867598    1.09%
  32680 20359     3638.0000    52     3678.0000     3638.0000   867600    1.09%
  32681 20360     3638.0000    52     3678.0000     3638.0000   867637    1.09%
Elapsed time = 45.96 sec. (70812.02 ticks, tree = 131.53 MB, solutions = 28)
* 33668+15926                         3656.0000     3638.0000             0.49%
  33768 16004     3640.3708   102     3656.0000     3638.0000   912817    0.49%
  33769 16005     3640.3771    96     3656.0000     3638.0000   912836    0.49%
  33770 16006     3640.3821    99     3656.0000     3638.0000   912839    0.49%
  33771 16007     3640.3822    97     3656.0000     3638.0000   912840    0.49%
  33772 16008     3640.5399   101     3656.0000     3638.0000   912874    0.49%
  33773 16009     3640.5432   100     3656.0000     3638.0000   912879    0.49%
  33774 16010     3640.5516    98     3656.0000     3638.0000   912890    0.49%
  33775 16011     3640.5641   100     3656.0000     3638.0000   912901    0.49%
  33776 16012     3640.5985    99     3656.0000     3638.0000   912924    0.49%
  33777 16013     3640.5986    98     3656.0000     3638.0000   912925    0.49%
Elapsed time = 48.58 sec. (74767.87 ticks, tree = 108.07 MB, solutions = 29)
  34672 16807     3638.0000    85     3656.0000     3638.0000   948959    0.49%
  34673 16808     3638.0000    77     3656.0000     3638.0000   948968    0.49%
  34674 16809     3638.0000    96     3656.0000     3638.0000   949123    0.49%
  34675 16810     3638.0000    87     3656.0000     3638.0000   949131    0.49%
  34676 16811     3638.0000    85     3656.0000     3638.0000   949141    0.49%
  34677 16812     3638.0000    84     3656.0000     3638.0000   949142    0.49%
  34678 16813     3638.0000    83     3656.0000     3638.0000   949143    0.49%
  34679 16814     3638.0000    93     3656.0000     3638.0000   949352    0.49%
  34680 16815     3638.0000    72     3656.0000     3638.0000   949390    0.49%
  34681 16816     3638.0000    76     3656.0000     3638.0000   949454    0.49%
Elapsed time = 51.04 sec. (78635.04 ticks, tree = 115.40 MB, solutions = 29)
  35693 17717     3639.9579    80     3656.0000     3638.0000   998369    0.49%
  35694 17718     3639.9586    80     3656.0000     3638.0000   998370    0.49%
  35695 17719     3640.1759    75     3656.0000     3638.0000   998390    0.49%
  35696 17720     3640.8095    72     3656.0000     3638.0000   998405    0.49%
  35697 17721     3640.8230    73     3656.0000     3638.0000   998410    0.49%
  35698 17722     3640.8253    72     3656.0000     3638.0000   998416    0.49%
  35699 17723     3640.8367    71     3656.0000     3638.0000   998417    0.49%
  35700 17724     3648.5683    61     3656.0000     3638.0000   998469    0.49%
  35701 17725     3648.8235    60     3656.0000     3638.0000   998475    0.49%
  35702 17726     3648.8235    60     3656.0000     3638.0000   998478    0.49%
Elapsed time = 53.45 sec. (82461.43 ticks, tree = 123.76 MB, solutions = 29)
  36968 18842     3638.0000    94     3656.0000     3638.0000  1052552    0.49%
  36969 18843     3638.0000    87     3656.0000     3638.0000  1052670    0.49%
  36970 18844     3638.0000    82     3656.0000     3638.0000  1052797    0.49%
  36971 18845     3638.0000    68     3656.0000     3638.0000  1052846    0.49%
  36972 18846     3638.0000    69     3656.0000     3638.0000  1052950    0.49%
  36973 18847     3638.0000    65     3656.0000     3638.0000  1052991    0.49%
  36974 18848     3638.0000    59     3656.0000     3638.0000  1053014    0.49%
  36975 18849     3638.0000    69     3656.0000     3638.0000  1053100    0.49%
  36976 18850     3638.0000    66     3656.0000     3638.0000  1053112    0.49%
  36977 18851     3638.0000    62     3656.0000     3638.0000  1053136    0.49%
Elapsed time = 56.10 sec. (86343.87 ticks, tree = 134.16 MB, solutions = 29)
  38074 19725     3639.7904    77     3656.0000     3638.0000  1106716    0.49%
  38075 19726     3639.7906    75     3656.0000     3638.0000  1106718    0.49%
  38076 19727     3639.7915    75     3656.0000     3638.0000  1106720    0.49%
  38077 19728     3639.7916    74     3656.0000     3638.0000  1106721    0.49%
  38078 19729     3639.8488    73     3656.0000     3638.0000  1106729    0.49%
  38079 19730     3639.8544    71     3656.0000     3638.0000  1106736    0.49%
  38080 19731     3639.8635    69     3656.0000     3638.0000  1106742    0.49%
  38081 19732     3639.8654    68     3656.0000     3638.0000  1106744    0.49%
  38082 19733     3639.8673    68     3656.0000     3638.0000  1106752    0.49%
  38083 19734     3639.9820    73     3656.0000     3638.0000  1106778    0.49%
Elapsed time = 58.64 sec. (90165.57 ticks, tree = 142.37 MB, solutions = 29)
  39265 20748     3643.6381    52     3656.0000     3638.0000  1150112    0.49%
  39266 20749     3646.5162    51     3656.0000     3638.0000  1150154    0.49%
  39267 20750     3646.5208    47     3656.0000     3638.0000  1150158    0.49%
  39268 20751     3646.5683    47     3656.0000     3638.0000  1150167    0.49%
  39269 20752     3646.5683    50     3656.0000     3638.0000  1150174    0.49%
  39270 20753     3646.5687    50     3656.0000     3638.0000  1150176    0.49%
  39271 20754     3646.5696    48     3656.0000     3638.0000  1150178    0.49%
  39272 20755     3646.5696    47     3656.0000     3638.0000  1150189    0.49%
  39273 20756     3646.5696    45     3656.0000     3638.0000  1150207    0.49%
  39274 20757     3646.5696    43     3656.0000     3638.0000  1150208    0.49%
Elapsed time = 61.17 sec. (94003.70 ticks, tree = 151.80 MB, solutions = 29)
  40189 21574        cutoff           3656.0000     3638.0000  1193250    0.49%
  40190 21573        cutoff           3656.0000     3638.0000  1193497    0.49%
  40191 21572        cutoff           3656.0000     3638.0000  1193616    0.49%
  40192 21571        cutoff           3656.0000     3638.0000  1193840    0.49%
  40193 21570        cutoff           3656.0000     3638.0000  1193981    0.49%
  40194 21569        cutoff           3656.0000     3638.0000  1194114    0.49%
  40195 21568        cutoff           3656.0000     3638.0000  1194417    0.49%
  40196 21567        cutoff           3656.0000     3638.0000  1194668    0.49%
  40197 21566        cutoff           3656.0000     3638.0000  1194843    0.49%
  40198 21565        cutoff           3656.0000     3638.0000  1195049    0.49%
Elapsed time = 63.73 sec. (97928.78 ticks, tree = 159.30 MB, solutions = 29)
  41097 22251     3639.9833   101     3656.0000     3638.0000  1241080    0.49%
  41098 22252     3639.9850    98     3656.0000     3638.0000  1241084    0.49%
  41099 22253     3639.9878   100     3656.0000     3638.0000  1241091    0.49%
  41100 22254     3641.8505    85     3656.0000     3638.0000  1241239    0.49%
  41101 22255     3642.1378    79     3656.0000     3638.0000  1241320    0.49%
  41102 22256     3642.0870    85     3656.0000     3638.0000  1241375    0.49%
  41103 22257     3642.0871    84     3656.0000     3638.0000  1241378    0.49%
  41104 22258     3642.2201    90     3656.0000     3638.0000  1241406    0.49%
  41105 22259     3642.2202    90     3656.0000     3638.0000  1241407    0.49%
  41106 22260     3642.2292    89     3656.0000     3638.0000  1241413    0.49%
Elapsed time = 66.26 sec. (101788.59 ticks, tree = 165.75 MB, solutions = 29)
  42009 23090     3638.0000    44     3656.0000     3638.0000  1287771    0.49%
  42010 23091     3638.0000    40     3656.0000     3638.0000  1287790    0.49%
  42011 23092     3638.0000    43     3656.0000     3638.0000  1287814    0.49%
  42012 23093     3638.0000    44     3656.0000     3638.0000  1287818    0.49%
  42013 23094     3638.0000    48     3656.0000     3638.0000  1287831    0.49%
  42014 23095     3638.0000    44     3656.0000     3638.0000  1287845    0.49%
  42015 23096     3638.7538    66     3656.0000     3638.0000  1288288    0.49%
  42016 23097     3638.8285    67     3656.0000     3638.0000  1288340    0.49%
  42017 23098     3639.2479    46     3656.0000     3638.0000  1288400    0.49%
  42018 23099     3639.2479    46     3656.0000     3638.0000  1288421    0.49%
Elapsed time = 68.68 sec. (105644.50 ticks, tree = 173.40 MB, solutions = 29)
  43315 24162     3638.0000    68     3656.0000     3638.0000  1344547    0.49%
  43316 24163     3638.0000    64     3656.0000     3638.0000  1344597    0.49%
  43317 24164     3638.0000    62     3656.0000     3638.0000  1344599    0.49%
  43318 24165     3638.0000    64     3656.0000     3638.0000  1344630    0.49%
  43319 24166     3638.0000    64     3656.0000     3638.0000  1344631    0.49%
  43320 24167     3638.0000    66     3656.0000     3638.0000  1344831    0.49%
  43321 24168     3638.0000    66     3656.0000     3638.0000  1344834    0.49%
  43322 24169     3638.0000    63     3656.0000     3638.0000  1344840    0.49%
  43323 24170     3638.0000    57     3656.0000     3638.0000  1344916    0.49%
  43324 24171     3638.0000    70     3656.0000     3638.0000  1345190    0.49%
Elapsed time = 71.20 sec. (109497.84 ticks, tree = 183.26 MB, solutions = 29)
  44161 24903     3638.0000    85     3656.0000     3638.0000  1389889    0.49%
  44162 24904     3638.0000    86     3656.0000     3638.0000  1389933    0.49%
  44163 24905     3638.0000    80     3656.0000     3638.0000  1389976    0.49%
  44164 24906     3638.0000    80     3656.0000     3638.0000  1390054    0.49%
  44165 24907     3638.0000    77     3656.0000     3638.0000  1390062    0.49%
  44166 24908     3638.0000    66     3656.0000     3638.0000  1390078    0.49%
  44167 24909     3638.0412    88     3656.0000     3638.0000  1390340    0.49%
  44168 24910     3638.0598    96     3656.0000     3638.0000  1390379    0.49%
  44169 24911     3638.0600    94     3656.0000     3638.0000  1390382    0.49%
  44170 24912     3638.0687    95     3656.0000     3638.0000  1390407    0.49%
Elapsed time = 73.68 sec. (113363.97 ticks, tree = 190.09 MB, solutions = 29)
  45336 25967     3638.0000    45     3656.0000     3638.0000  1446884    0.49%
  45337 25968     3638.0000    42     3656.0000     3638.0000  1446886    0.49%
  45338 25969     3638.0000    36     3656.0000     3638.0000  1446892    0.49%
  45339 25970     3638.0000    42     3656.0000     3638.0000  1446905    0.49%
  45340 25971     3638.0000    47     3656.0000     3638.0000  1446975    0.49%
  45341 25972     3638.0000    45     3656.0000     3638.0000  1447002    0.49%
  45342 25973     3638.0000    48     3656.0000     3638.0000  1447016    0.49%
  45343 25974     3638.0000    47     3656.0000     3638.0000  1447023    0.49%
  45344 25975     3638.0000    50     3656.0000     3638.0000  1447028    0.49%
  45345 25976     3638.0000    45     3656.0000     3638.0000  1447030    0.49%
Elapsed time = 76.16 sec. (117188.67 ticks, tree = 199.86 MB, solutions = 29)
  47028 27426     3640.8466    63     3656.0000     3638.0000  1499264    0.49%
  47029 27427     3640.8497    58     3656.0000     3638.0000  1499267    0.49%
  47030 27428     3640.8499    57     3656.0000     3638.0000  1499268    0.49%
  47031 27429     3640.8522    56     3656.0000     3638.0000  1499269    0.49%
  47032 27430     3640.9561    60     3656.0000     3638.0000  1499293    0.49%
  47033 27431     3640.9561    60     3656.0000     3638.0000  1499294    0.49%
  47034 27432     3640.9574    61     3656.0000     3638.0000  1499298    0.49%
  47035 27433     3640.9578    61     3656.0000     3638.0000  1499299    0.49%
  47036 27434     3640.9696    57     3656.0000     3638.0000  1499307    0.49%
  47037 27435     3640.9718    60     3656.0000     3638.0000  1499309    0.49%
Elapsed time = 78.66 sec. (121007.53 ticks, tree = 213.21 MB, solutions = 29)
  48581 28742     3645.0879    64     3656.0000     3638.0000  1544202    0.49%
  48582 28743     3645.0879    63     3656.0000     3638.0000  1544205    0.49%
  48583 28744     3650.2145    55     3656.0000     3638.0000  1544258    0.49%
  48584 28745     3650.6475    51     3656.0000     3638.0000  1544273    0.49%
  48585 28746     3650.6479    51     3656.0000     3638.0000  1544274    0.49%
  48586 28747     3650.6673    49     3656.0000     3638.0000  1544276    0.49%
  48587 28748     3651.0741    50     3656.0000     3638.0000  1544280    0.49%
  48588 28749     3651.0991    47     3656.0000     3638.0000  1544283    0.49%
  48589 28748        cutoff           3656.0000     3638.0000  1544286    0.49%
  48590 28747        cutoff           3656.0000     3638.0000  1544293    0.49%
Elapsed time = 81.16 sec. (124831.75 ticks, tree = 225.25 MB, solutions = 29)
  49637 29554     3644.6251    89     3656.0000     3638.0000  1595327    0.49%
  49638 29555     3650.2517    62     3656.0000     3638.0000  1595362    0.49%
  49639 29555     3653.6676    61     3656.0000     3638.0000  1595449    0.49%
  49640 29555     3653.4979    70     3656.0000     3638.0000  1595477    0.49%
  49641 29554        cutoff           3656.0000     3638.0000  1595478    0.49%
  49642 29555     3639.6221    98     3656.0000     3638.0000  1596220    0.49%
  49643 29556     3639.6390    95     3656.0000     3638.0000  1596222    0.49%
  49644 29557     3639.6815    92     3656.0000     3638.0000  1596237    0.49%
  49645 29558     3639.7526    93     3656.0000     3638.0000  1596253    0.49%
  49646 29559     3639.7531    93     3656.0000     3638.0000  1596254    0.49%
Elapsed time = 83.72 sec. (128779.16 ticks, tree = 232.77 MB, solutions = 29)
  50941 30697     3638.0000    56     3656.0000     3638.0000  1645905    0.49%
  50942 30698     3638.0000    54     3656.0000     3638.0000  1645910    0.49%
  50943 30699     3638.0000    55     3656.0000     3638.0000  1646024    0.49%
  50944 30700     3638.0000    54     3656.0000     3638.0000  1646098    0.49%
  50945 30701     3638.0000    50     3656.0000     3638.0000  1646117    0.49%
  50946 30702     3638.0000    49     3656.0000     3638.0000  1646166    0.49%
  50947 30703     3638.0000    46     3656.0000     3638.0000  1646167    0.49%
  50948 30704     3638.0000    60     3656.0000     3638.0000  1646342    0.49%
  50949 30705     3638.0000    57     3656.0000     3638.0000  1646344    0.49%
  50950 30706     3638.0000    57     3656.0000     3638.0000  1646349    0.49%
Elapsed time = 86.19 sec. (132632.97 ticks, tree = 243.26 MB, solutions = 29)
  52919 32315        cutoff           3656.0000     3638.0000  1707792    0.49%
  52920 32316     3649.8540    56     3656.0000     3638.0000  1707801    0.49%
  52921 32317     3649.9042    56     3656.0000     3638.0000  1707804    0.49%
  52922 32318     3650.3852    50     3656.0000     3638.0000  1707811    0.49%
  52923 32319     3651.7037    49     3656.0000     3638.0000  1707820    0.49%
  52924 32320     3651.9662    49     3656.0000     3638.0000  1707824    0.49%
  52925 32321     3651.9662    50     3656.0000     3638.0000  1707826    0.49%
  52926 32321     3651.9727    50     3656.0000     3638.0000  1707827    0.49%
  52927 32320        cutoff           3656.0000     3638.0000  1707829    0.49%
  52928 32321     3638.0000    43     3656.0000     3638.0000  1707891    0.49%
Elapsed time = 88.63 sec. (136457.40 ticks, tree = 258.02 MB, solutions = 29)
  54389 33457     3638.0000    48     3656.0000     3638.0000  1750119    0.49%
  54390 33458     3638.0000    46     3656.0000     3638.0000  1750124    0.49%
  54391 33459     3638.0000    44     3656.0000     3638.0000  1750221    0.49%
  54392 33460     3638.0000    46     3656.0000     3638.0000  1750234    0.49%
  54393 33461     3638.0000    45     3656.0000     3638.0000  1750235    0.49%
  54394 33462     3638.0000    50     3656.0000     3638.0000  1750249    0.49%
  54395 33463     3638.0000    43     3656.0000     3638.0000  1750259    0.49%
  54396 33464     3638.0000    42     3656.0000     3638.0000  1750268    0.49%
  54397 33465     3638.3048    59     3656.0000     3638.0000  1750337    0.49%
  54398 33466     3638.3210    59     3656.0000     3638.0000  1750340    0.49%
Elapsed time = 91.27 sec. (140290.79 ticks, tree = 269.43 MB, solutions = 29)
  55768 34527     3638.1230    48     3656.0000     3638.0000  1792417    0.49%
  55769 34528     3640.0470    49     3656.0000     3638.0000  1792442    0.49%
  55770 34529     3640.0470    44     3656.0000     3638.0000  1792451    0.49%
  55771 34530     3640.7351    48     3656.0000     3638.0000  1792471    0.49%
  55772 34531     3640.9131    48     3656.0000     3638.0000  1792472    0.49%
  55773 34532     3641.0357    47     3656.0000     3638.0000  1792473    0.49%
  55774 34533     3641.0548    47     3656.0000     3638.0000  1792476    0.49%
  55775 34534     3641.2289    45     3656.0000     3638.0000  1792480    0.49%
  55776 34535     3641.2679    46     3656.0000     3638.0000  1792503    0.49%
  55777 34536     3641.4728    47     3656.0000     3638.0000  1792511    0.49%
Elapsed time = 94.49 sec. (144926.76 ticks, tree = 279.21 MB, solutions = 29)
  56468 35081     3638.0000    39     3656.0000     3638.0000  1809848    0.49%
  56469 35082     3638.0000    33     3656.0000     3638.0000  1809858    0.49%
  56470 35083     3638.0000    41     3656.0000     3638.0000  1809882    0.49%
  56471 35084     3638.0000    44     3656.0000     3638.0000  1809909    0.49%
  56472 35085     3638.0000    43     3656.0000     3638.0000  1809922    0.49%
  56473 35086     3638.0000    40     3656.0000     3638.0000  1809946    0.49%
  56474 35087     3638.0000    29     3656.0000     3638.0000  1809952    0.49%
  56475 35088     3638.0000    41     3656.0000     3638.0000  1809996    0.49%
  56476 35089     3638.0000    36     3656.0000     3638.0000  1810035    0.49%
  56477 35088     3674.9740    39     3656.0000     3638.0000  1810254    0.49%
Elapsed time = 97.33 sec. (149285.78 ticks, tree = 284.25 MB, solutions = 29)
* 56568+34812                         3655.0000     3638.0000             0.47%
* 56568+32973                         3654.0000     3638.0000             0.44%
  58184 34069     3638.0000    38     3654.0000     3638.0000  1852614    0.44%
  58185 34070     3638.0000    37     3654.0000     3638.0000  1852618    0.44%
  58186 34071     3638.0000    37     3654.0000     3638.0000  1852630    0.44%
  58187 34072     3638.0000    39     3654.0000     3638.0000  1852637    0.44%
  58188 34073     3638.0000    40     3654.0000     3638.0000  1852648    0.44%
  58189 34074     3638.0000    38     3654.0000     3638.0000  1852649    0.44%
  58190 34075     3638.0000    38     3654.0000     3638.0000  1852654    0.44%
  58191 34076     3638.0000    38     3654.0000     3638.0000  1852730    0.44%
  58192 34077     3638.0000    35     3654.0000     3638.0000  1852764    0.44%
  58193 34078     3638.0000    35     3654.0000     3638.0000  1852777    0.44%
Elapsed time = 99.86 sec. (153114.06 ticks, tree = 279.84 MB, solutions = 31)

Cover cuts applied:  390
Flow cuts applied:  1
Mixed integer rounding cuts applied:  191
Zero-half cuts applied:  4
Gomory fractional cuts applied:  4

Root node processing (before b&c):
  Real time             =    0.12 sec. (157.95 ticks)
Sequential b&c:
  Real time             =   99.88 sec. (153190.20 ticks)
                          ------------
Total (root+branch&cut) =  100.00 sec. (153348.15 ticks)

Solution pool: 31 solutions saved.

MIP - Time limit exceeded, integer feasible:  Objective =  3.6540000000e+03
Current MIP best bound =  3.6380000000e+03 (gap = 16, 0.44%)
Solution time =  100.00 sec.  Iterations = 1856061  Nodes = 58324 (34177)
Deterministic time = 153348.16 ticks  (1533.47 ticks/sec)


Incumbent solution written to file '/tmp/tmplvldSs.cplex.sol'.
