
Log started (V12.6.3.0) Fri Apr 20 21:54:49 2018

New value for default parallel thread count: 1

Problem '/tmp/tmp5fYsbE.pyomo.lp' read.
Read time = 0.02 sec. (2.14 ticks)

Problem name         : /tmp/tmp5fYsbE.pyomo.lp
Objective sense      : Minimize
Variables            :    1746  [Nneg: 1,  Binary: 1728,  General Integer: 17]
Objective nonzeros   :       1
Linear constraints   :     250  [Less: 124,  Equal: 126]
  Nonzeros           :  155797
  RHS nonzeros       :     217

Variables            : Min LB: 0.000000         Max UB: 1.000000       
Objective nonzeros   : Min   : 1.000000         Max   : 1.000000       
Linear constraints   :
  Nonzeros           : Min   : 1.000000         Max   : 1715.000       
  RHS nonzeros       : Min   : 1.000000         Max   : 11.00000       
Tried aggregator 2 times.
MIP Presolve eliminated 111 rows and 194 columns.
Aggregator did 21 substitutions.
Reduced MIP has 118 rows, 1531 columns, and 4307 nonzeros.
Reduced MIP has 1530 binaries, 1 generals, 0 SOSs, and 0 indicators.
Presolve time = 0.03 sec. (27.71 ticks)
Found incumbent of value 54562.000000 after 0.03 sec. (32.52 ticks)
Probing time = 0.00 sec. (1.99 ticks)
Tried aggregator 1 time.
Reduced MIP has 118 rows, 1531 columns, and 4307 nonzeros.
Reduced MIP has 1530 binaries, 1 generals, 0 SOSs, and 0 indicators.
Presolve time = 0.00 sec. (2.16 ticks)
Probing time = 0.00 sec. (1.98 ticks)
Clique table members: 102.
MIP emphasis: balance optimality and feasibility.
MIP search method: dynamic search.
Parallel mode: none, using 1 thread.
Root relaxation solution time = 0.00 sec. (2.40 ticks)

        Nodes                                         Cuts/
   Node  Left     Objective  IInf  Best Integer    Best Bound    ItCnt     Gap

*     0+    0                        54562.0000        0.0000           100.00%
      0     0     3637.4667    26    54562.0000     3637.4667       67   93.33%
*     0+    0                         5079.0000     3637.4667            28.38%
      0     0     3638.0000    27     5079.0000      Fract: 6       91   28.37%
*     0+    0                         4667.0000     3638.0000            22.05%
      0     0     3638.0000    32     4667.0000      Cuts: 34      148   22.05%
*     0+    0                         4636.0000     3638.0000            21.53%
      0     0     3638.0000    32     4636.0000      Cuts: 15      185   21.53%
*     0+    0                         4419.0000     3638.0000            17.67%
*     0+    0                         4281.0000     3638.0000            15.02%
*     0+    0                         4153.0000     3638.0000            12.40%
*     0+    0                         4029.0000     3638.0000             9.70%
*     0+    0                         3980.0000     3638.0000             8.59%
      0     2     3638.0000    21     3980.0000     3638.0000      185    8.59%
Elapsed time = 0.12 sec. (149.73 ticks, tree = 0.01 MB, solutions = 9)
*    50+   50                         3979.0000     3638.0000             8.57%
*    80+   80                         3953.0000     3638.0000             7.97%
*   170+  143                         3903.0000     3638.0000             6.79%
*   200+  161                         3896.0000     3638.0000             6.62%
*   420+  348                         3872.0000     3638.0000             6.04%
    480   410     3638.0000    25     3872.0000     3638.0000     3100    6.04%
    481   411     3638.0000    25     3872.0000     3638.0000     3101    6.04%
    482   412     3638.0000    25     3872.0000     3638.0000     3102    6.04%
    483   413     3638.0000    25     3872.0000     3638.0000     3103    6.04%
    484   414     3638.0000    25     3872.0000     3638.0000     3104    6.04%
    485   415     3638.0000    25     3872.0000     3638.0000     3105    6.04%
    486   416     3638.0000    25     3872.0000     3638.0000     3106    6.04%
    487   417     3638.0000    25     3872.0000     3638.0000     3107    6.04%
    488   418     3638.0000    24     3872.0000     3638.0000     3108    6.04%
*   534+  461                         3869.0000     3638.0000             5.97%
*   534+  457                         3854.0000     3638.0000             5.60%
*   534+  457                         3849.0000     3638.0000             5.48%
*   534+  450                         3804.0000     3638.0000             4.36%
*   534+  299                         3738.0000     3638.0000             2.68%
*   635+  245                         3725.0000     3638.0000             2.34%
*   635+  192                         3723.0000     3638.0000             2.28%
*   735+  197                         3713.0000     3638.0000             2.02%
    735   197     3661.0000    21     3713.0000     3638.0000     5074    2.02%
Elapsed time = 0.90 sec. (1230.47 ticks, tree = 0.45 MB, solutions = 22)
*   835+  207                         3707.0000     3638.0000             1.86%
*   835+  205                         3689.0000     3638.0000             1.38%
*   935+  249                         3685.0000     3638.0000             1.28%
   1035   285     3640.0000    21     3685.0000     3638.0000     6010    1.28%
   1036   286     3640.0000    21     3685.0000     3638.0000     6010    1.28%
   1037   286     3640.0000    23     3685.0000     3638.0000     6012    1.28%
   1038   286     3640.0000    22     3685.0000     3638.0000     6015    1.28%
   1039   286     3640.0000    22     3685.0000     3638.0000     6019    1.28%
   1040   286     3640.0000    21     3685.0000     3638.0000     6020    1.28%
   1041   286     3640.0000    22     3685.0000     3638.0000     6021    1.28%
   1042   286     3640.0000    22     3685.0000     3638.0000     6022    1.28%
   1043   286     3640.0000    22     3685.0000     3638.0000     6023    1.28%
   1044   286     3640.0000    22     3685.0000     3638.0000     6024    1.28%
Elapsed time = 1.67 sec. (2330.72 ticks, tree = 0.66 MB, solutions = 25)
   2226  1210     3650.0000    33     3685.0000     3638.0000    14850    1.28%
   2227  1211     3650.0000    33     3685.0000     3638.0000    14852    1.28%
   2228  1212     3650.0000    33     3685.0000     3638.0000    14855    1.28%
   2229  1213     3650.0000    35     3685.0000     3638.0000    14877    1.28%
   2230  1214     3650.0000    36     3685.0000     3638.0000    14878    1.28%
   2231  1215     3650.0000    36     3685.0000     3638.0000    14884    1.28%
   2232  1216     3650.0000    37     3685.0000     3638.0000    14888    1.28%
   2233  1217     3650.0000    37     3685.0000     3638.0000    14890    1.28%
   2234  1218     3650.0000    36     3685.0000     3638.0000    14899    1.28%
   2235  1219     3650.0000    33     3685.0000     3638.0000    14905    1.28%
Elapsed time = 2.30 sec. (3289.06 ticks, tree = 3.20 MB, solutions = 25)
   3735  2503     3638.0000    35     3685.0000     3638.0000    25881    1.28%
   3736  2504     3638.0000    33     3685.0000     3638.0000    25883    1.28%
   3737  2505     3638.0000    33     3685.0000     3638.0000    25911    1.28%
   3738  2506     3638.0000    33     3685.0000     3638.0000    25919    1.28%
   3739  2507     3638.0000    31     3685.0000     3638.0000    25920    1.28%
   3740  2508     3638.0000    30     3685.0000     3638.0000    25927    1.28%
   3741  2509     3638.0000    34     3685.0000     3638.0000    25932    1.28%
   3742  2510     3638.0000    34     3685.0000     3638.0000    25933    1.28%
   3743  2511     3638.0000    32     3685.0000     3638.0000    25935    1.28%
   3744  2512     3638.0000    35     3685.0000     3638.0000    25937    1.28%
Elapsed time = 2.93 sec. (4248.85 ticks, tree = 7.06 MB, solutions = 25)
   5315  3904     3638.0000    36     3685.0000     3638.0000    37013    1.28%
   5316  3905     3638.0000    33     3685.0000     3638.0000    37028    1.28%
   5317  3906     3638.0000    31     3685.0000     3638.0000    37032    1.28%
   5318  3907     3638.0000    38     3685.0000     3638.0000    37045    1.28%
   5319  3908     3638.0000    37     3685.0000     3638.0000    37047    1.28%
   5320  3909     3638.0000    38     3685.0000     3638.0000    37049    1.28%
   5321  3910     3638.0000    37     3685.0000     3638.0000    37051    1.28%
   5322  3911     3638.0000    38     3685.0000     3638.0000    37068    1.28%
   5323  3912     3638.0000    36     3685.0000     3638.0000    37073    1.28%
   5324  3913     3638.0000    35     3685.0000     3638.0000    37087    1.28%
Elapsed time = 3.59 sec. (5216.51 ticks, tree = 11.38 MB, solutions = 25)
   7214  5604     3656.0000    26     3685.0000     3638.0000    49912    1.28%
   7215  5605     3656.0000    27     3685.0000     3638.0000    49914    1.28%
   7216  5606     3656.0000    26     3685.0000     3638.0000    49922    1.28%
   7217  5607     3656.0000    28     3685.0000     3638.0000    49924    1.28%
   7218  5608     3656.0000    26     3685.0000     3638.0000    49925    1.28%
   7219  5609     3656.0000    27     3685.0000     3638.0000    49927    1.28%
   7220  5610     3656.0000    25     3685.0000     3638.0000    49945    1.28%
   7221  5611     3656.0000    23     3685.0000     3638.0000    49946    1.28%
   7222  5612     3656.0000    22     3685.0000     3638.0000    49947    1.28%
   7223  5613     3656.0000    25     3685.0000     3638.0000    49962    1.28%
Elapsed time = 4.22 sec. (6172.96 ticks, tree = 16.87 MB, solutions = 25)
   9007  7270     3638.0000    32     3685.0000     3638.0000    63134    1.28%
   9008  7271     3638.0000    28     3685.0000     3638.0000    63146    1.28%
   9009  7272     3638.0000    31     3685.0000     3638.0000    63157    1.28%
   9010  7273     3638.0000    28     3685.0000     3638.0000    63165    1.28%
   9011  7274     3638.0000    31     3685.0000     3638.0000    63170    1.28%
   9012  7275     3638.0000    32     3685.0000     3638.0000    63172    1.28%
   9013  7276     3638.0000    30     3685.0000     3638.0000    63173    1.28%
   9014  7277     3638.0000    32     3685.0000     3638.0000    63182    1.28%
   9015  7278     3638.0000    33     3685.0000     3638.0000    63201    1.28%
   9016  7279     3638.0000    31     3685.0000     3638.0000    63202    1.28%
Elapsed time = 4.85 sec. (7132.45 ticks, tree = 22.31 MB, solutions = 25)
  11195  9315     3673.0000    24     3685.0000     3638.0000    75367    1.28%
  11196  9316     3638.0000    26     3685.0000     3638.0000    75374    1.28%
  11197  9317     3638.0000    46     3685.0000     3638.0000    75465    1.28%
  11198  9318     3638.0000    42     3685.0000     3638.0000    75470    1.28%
  11199  9319     3638.0000    40     3685.0000     3638.0000    75479    1.28%
  11200  9320     3638.0000    40     3685.0000     3638.0000    75492    1.28%
  11201  9321     3638.0000    40     3685.0000     3638.0000    75495    1.28%
  11202  9322     3638.0000    40     3685.0000     3638.0000    75499    1.28%
  11203  9323     3638.0000    40     3685.0000     3638.0000    75501    1.28%
  11204  9324     3638.0000    40     3685.0000     3638.0000    75502    1.28%
Elapsed time = 5.99 sec. (8659.82 ticks, tree = 29.26 MB, solutions = 25)
  12870 10782        cutoff           3685.0000     3638.0000    89861    1.28%
  12871 10781        cutoff           3685.0000     3638.0000    89888    1.28%
  12872 10780        cutoff           3685.0000     3638.0000    89925    1.28%
  12873 10779        cutoff           3685.0000     3638.0000    89958    1.28%
  12874 10778        cutoff           3685.0000     3638.0000    90012    1.28%
  12875 10777        cutoff           3685.0000     3638.0000    90056    1.28%
  12876 10778     3638.0000    57     3685.0000     3638.0000    90317    1.28%
  12877 10779     3638.0000    56     3685.0000     3638.0000    90358    1.28%
  12878 10780     3638.0000    53     3685.0000     3638.0000    90389    1.28%
  12879 10781     3638.0000    54     3685.0000     3638.0000    90424    1.28%
Elapsed time = 6.65 sec. (9664.97 ticks, tree = 34.01 MB, solutions = 25)
  14953 12655     3646.3628    27     3685.0000     3638.0000   102906    1.28%
  14954 12656     3646.3628    27     3685.0000     3638.0000   102908    1.28%
  14955 12657     3646.3628    28     3685.0000     3638.0000   102918    1.28%
  14956 12658     3646.3628    28     3685.0000     3638.0000   102920    1.28%
  14957 12659     3646.4359    28     3685.0000     3638.0000   102921    1.28%
  14958 12660     3646.4673    28     3685.0000     3638.0000   102922    1.28%
  14959 12661     3646.4931    27     3685.0000     3638.0000   102924    1.28%
  14960 12662     3646.4978    28     3685.0000     3638.0000   102926    1.28%
  14961 12663     3646.5289    27     3685.0000     3638.0000   102928    1.28%
  20362 17640     3638.0000    39     3685.0000     3638.0000   144889    1.28%
Elapsed time = 9.17 sec. (13481.20 ticks, tree = 58.27 MB, solutions = 25)
  27170 23892        cutoff           3685.0000     3638.0000   206822    1.28%
  27171 23893     3638.0000    34     3685.0000     3638.0000   206898    1.28%
  27172 23894     3638.0000    32     3685.0000     3638.0000   206912    1.28%
  27173 23895     3638.0000    36     3685.0000     3638.0000   206928    1.28%
  27174 23896     3638.0000    33     3685.0000     3638.0000   206941    1.28%
  27175 23897     3638.0000    33     3685.0000     3638.0000   206944    1.28%
  27176 23898     3638.0000    38     3685.0000     3638.0000   206982    1.28%
  27177 23899     3638.0000    37     3685.0000     3638.0000   206985    1.28%
  27178 23900     3638.0000    38     3685.0000     3638.0000   206987    1.28%
  27179 23901     3638.0000    33     3685.0000     3638.0000   207000    1.28%
Elapsed time = 11.72 sec. (17313.37 ticks, tree = 82.05 MB, solutions = 25)
  32223 28604     3639.9798    38     3685.0000     3638.0000   270941    1.28%
  32224 28605     3640.0198    34     3685.0000     3638.0000   270944    1.28%
  32225 28606     3645.5002    29     3685.0000     3638.0000   270971    1.28%
  32226 28607     3649.1142    30     3685.0000     3638.0000   270975    1.28%
  32227 28608     3649.1142    27     3685.0000     3638.0000   270977    1.28%
  32228 28609     3649.1142    28     3685.0000     3638.0000   270979    1.28%
  32229 28610     3649.1142    27     3685.0000     3638.0000   270981    1.28%
  32230 28611     3649.1142    30     3685.0000     3638.0000   271002    1.28%
  32231 28612     3649.1142    29     3685.0000     3638.0000   271004    1.28%
  32232 28613     3652.3957    30     3685.0000     3638.0000   271005    1.28%
Elapsed time = 14.28 sec. (21131.87 ticks, tree = 100.75 MB, solutions = 25)
  37346 33328     3638.0000    40     3685.0000     3638.0000   328982    1.28%
  37347 33329     3638.0000    37     3685.0000     3638.0000   328986    1.28%
  37348 33330     3638.0000    36     3685.0000     3638.0000   328987    1.28%
  37349 33331     3638.0000    38     3685.0000     3638.0000   328991    1.28%
  37350 33332     3638.0000    37     3685.0000     3638.0000   329025    1.28%
  37351 33333     3638.0000    43     3685.0000     3638.0000   329078    1.28%
  37352 33334     3638.0000    38     3685.0000     3638.0000   329108    1.28%
  37353 33335     3638.0000    36     3685.0000     3638.0000   329109    1.28%
  37354 33336     3638.0000    36     3685.0000     3638.0000   329111    1.28%
  37355 33337     3638.0000    44     3685.0000     3638.0000   329142    1.28%
Elapsed time = 16.82 sec. (24959.06 ticks, tree = 120.98 MB, solutions = 25)
  41735 37461     3668.6751    35     3685.0000     3638.0000   388971    1.28%
  41736 37462     3668.7094    35     3685.0000     3638.0000   388972    1.28%
  41737 37463     3669.5402    34     3685.0000     3638.0000   388976    1.28%
  41738 37464     3669.5797    34     3685.0000     3638.0000   388978    1.28%
  41739 37465     3671.4296    32     3685.0000     3638.0000   388979    1.28%
  41740 37466     3671.4296    28     3685.0000     3638.0000   388981    1.28%
  41741 37467     3671.7623    28     3685.0000     3638.0000   388982    1.28%
  41742 37466        cutoff           3685.0000     3638.0000   388984    1.28%
  41743 37465        cutoff           3685.0000     3638.0000   388986    1.28%
  41744 37466     3638.0000    39     3685.0000     3638.0000   389109    1.28%
Elapsed time = 19.46 sec. (28956.93 ticks, tree = 138.07 MB, solutions = 25)
  46498 41808     3638.3330    52     3685.0000     3638.0000   451770    1.28%
  46499 41809     3638.3331    52     3685.0000     3638.0000   451771    1.28%
  46500 41810     3638.3344    50     3685.0000     3638.0000   451774    1.28%
  46501 41811     3638.3518    50     3685.0000     3638.0000   451789    1.28%
  46502 41812     3638.3629    49     3685.0000     3638.0000   451790    1.28%
  46503 41813     3638.3638    48     3685.0000     3638.0000   451792    1.28%
  46504 41814     3638.6982    51     3685.0000     3638.0000   451814    1.28%
  46505 41815     3638.7143    52     3685.0000     3638.0000   451821    1.28%
  46506 41816     3638.7317    50     3685.0000     3638.0000   451822    1.28%
  46507 41817     3638.7647    48     3685.0000     3638.0000   451831    1.28%
Elapsed time = 21.93 sec. (32780.86 ticks, tree = 156.41 MB, solutions = 25)
  49616 44659     3640.7906    71     3685.0000     3638.0000   510733    1.28%
  49617 44660     3641.0570    73     3685.0000     3638.0000   510779    1.28%
  49618 44661     3640.7967    71     3685.0000     3638.0000   510788    1.28%
  49619 44662     3640.8003    71     3685.0000     3638.0000   510791    1.28%
  49620 44663     3640.8282    67     3685.0000     3638.0000   510815    1.28%
  49621 44662        cutoff           3685.0000     3638.0000   510881    1.28%
  49622 44663     3640.8295    68     3685.0000     3638.0000   510889    1.28%
  49623 44664     3640.8619    69     3685.0000     3638.0000   510897    1.28%
  49624 44665     3640.9072    66     3685.0000     3638.0000   510912    1.28%
  49625 44666     3643.3758    60     3685.0000     3638.0000   510994    1.28%
Elapsed time = 24.45 sec. (36608.20 ticks, tree = 169.17 MB, solutions = 25)
  52115 46904     3682.9563    41     3685.0000     3638.0000   562092    1.28%
  52116 46903        cutoff           3685.0000     3638.0000   562095    1.28%
  52117 46904     3670.6369    65     3685.0000     3638.0000   562585    1.28%
  52118 46905     3671.6713    55     3685.0000     3638.0000   562604    1.28%
  52119 46906     3673.0361    51     3685.0000     3638.0000   562613    1.28%
  52120 46907     3673.1170    58     3685.0000     3638.0000   562618    1.28%
  52121 46908     3673.1359    51     3685.0000     3638.0000   562622    1.28%
  52122 46907        cutoff           3685.0000     3638.0000   562626    1.28%
  52123 46908     3673.1415    61     3685.0000     3638.0000   562630    1.28%
  52124 46909     3673.1421    60     3685.0000     3638.0000   562633    1.28%
Elapsed time = 26.93 sec. (40472.02 ticks, tree = 180.61 MB, solutions = 25)
  53562 48197     3645.2992    89     3685.0000     3638.0000   606270    1.28%
  53563 48198     3645.4243    86     3685.0000     3638.0000   606281    1.28%
  53564 48199     3645.4440    85     3685.0000     3638.0000   606288    1.28%
  53565 48200     3647.3060    86     3685.0000     3638.0000   606371    1.28%
  53566 48201     3647.3095    90     3685.0000     3638.0000   606380    1.28%
  53567 48202     3647.3095    90     3685.0000     3638.0000   606381    1.28%
  53568 48203     3647.3096    90     3685.0000     3638.0000   606383    1.28%
  53569 48204     3647.5943    86     3685.0000     3638.0000   606405    1.28%
  53570 48205     3647.6287    84     3685.0000     3638.0000   606415    1.28%
  53571 48206     3647.8395    83     3685.0000     3638.0000   606444    1.28%
Elapsed time = 29.41 sec. (44325.93 ticks, tree = 188.75 MB, solutions = 25)
  54948 49435     3638.0000    79     3685.0000     3638.0000   645020    1.28%
  54949 49436     3638.0000    77     3685.0000     3638.0000   645022    1.28%
  54950 49437     3638.0000    76     3685.0000     3638.0000   645034    1.28%
  54951 49438     3638.0400    85     3685.0000     3638.0000   645188    1.28%
  54952 49439     3638.0422    84     3685.0000     3638.0000   645189    1.28%
  54953 49440     3638.0440    85     3685.0000     3638.0000   645195    1.28%
  54954 49441     3638.0440    82     3685.0000     3638.0000   645196    1.28%
  54955 49442     3638.0487    82     3685.0000     3638.0000   645202    1.28%
  54956 49443     3638.0516    84     3685.0000     3638.0000   645206    1.28%
  54957 49444     3638.0517    83     3685.0000     3638.0000   645208    1.28%
Elapsed time = 31.95 sec. (48159.04 ticks, tree = 197.89 MB, solutions = 25)
  56701 51101     3638.0000    65     3685.0000     3638.0000   692113    1.28%
  56702 51102     3638.0000    65     3685.0000     3638.0000   692161    1.28%
  56703 51103     3638.0000    66     3685.0000     3638.0000   692209    1.28%
  56704 51104     3638.0000    63     3685.0000     3638.0000   692380    1.28%
  56705 51105     3638.0000    57     3685.0000     3638.0000   692415    1.28%
  56706 51106     3638.0000    70     3685.0000     3638.0000   692631    1.28%
  56707 51107     3638.0000    70     3685.0000     3638.0000   692775    1.28%
  56708 51108     3638.0000    67     3685.0000     3638.0000   692778    1.28%
  56709 51109     3638.0000    65     3685.0000     3638.0000   692813    1.28%
  56710 51110     3638.0000    64     3685.0000     3638.0000   692894    1.28%
Elapsed time = 34.37 sec. (52017.32 ticks, tree = 210.31 MB, solutions = 25)
  58105 52434     3658.0728    40     3685.0000     3638.0000   738755    1.28%
  58106 52435     3658.7763    37     3685.0000     3638.0000   738760    1.28%
  58107 52436     3658.7769    36     3685.0000     3638.0000   738761    1.28%
  58108 52437     3658.7769    36     3685.0000     3638.0000   738762    1.28%
  58109 52438     3659.2044    36     3685.0000     3638.0000   738766    1.28%
  58110 52439     3659.6628    36     3685.0000     3638.0000   738771    1.28%
  58111 52440     3659.6658    37     3685.0000     3638.0000   738772    1.28%
  58112 52441     3659.7574    34     3685.0000     3638.0000   738779    1.28%
  58113 52442     3659.7710    37     3685.0000     3638.0000   738782    1.28%
  58114 52443     3663.4720    35     3685.0000     3638.0000   738790    1.28%
Elapsed time = 36.79 sec. (55836.72 ticks, tree = 220.24 MB, solutions = 25)
  59524 53759     3638.0000    64     3685.0000     3638.0000   780633    1.28%
  59525 53760     3638.0000    74     3685.0000     3638.0000   780787    1.28%
  59526 53761     3638.0000    65     3685.0000     3638.0000   780834    1.28%
  59527 53762     3638.0000    64     3685.0000     3638.0000   780899    1.28%
  59528 53763     3638.0000    67     3685.0000     3638.0000   780968    1.28%
  59529 53764     3638.0000    72     3685.0000     3638.0000   781115    1.28%
  59530 53765     3638.0000    71     3685.0000     3638.0000   781335    1.28%
  59531 53766     3638.0000    70     3685.0000     3638.0000   781385    1.28%
  59532 53767     3638.0000    57     3685.0000     3638.0000   781519    1.28%
  59533 53768     3638.0000    70     3685.0000     3638.0000   781525    1.28%
Elapsed time = 39.27 sec. (59714.80 ticks, tree = 230.44 MB, solutions = 25)
  61163 55281     3656.2184    74     3685.0000     3638.0000   822779    1.28%
  61164 55282     3656.9289    59     3685.0000     3638.0000   822806    1.28%
  61165 55283     3656.9289    54     3685.0000     3638.0000   822815    1.28%
  61166 55284     3656.9289    61     3685.0000     3638.0000   822832    1.28%
  61167 55285     3657.0946    57     3685.0000     3638.0000   822844    1.28%
  61168 55286     3657.1007    59     3685.0000     3638.0000   822854    1.28%
  61169 55287     3657.1007    59     3685.0000     3638.0000   822857    1.28%
  61170 55288     3657.8152    61     3685.0000     3638.0000   822974    1.28%
  61171 55289     3658.0621    63     3685.0000     3638.0000   822989    1.28%
  61172 55290     3658.0621    63     3685.0000     3638.0000   822990    1.28%
Elapsed time = 41.70 sec. (63549.01 ticks, tree = 242.71 MB, solutions = 25)
  62443 56455     3640.7372    91     3685.0000     3638.0000   856608    1.28%
  62444 56456     3640.7584    93     3685.0000     3638.0000   856623    1.28%
  62445 56457     3640.7723    92     3685.0000     3638.0000   856635    1.28%
  62446 56458     3640.8313    93     3685.0000     3638.0000   856656    1.28%
  62447 56459     3640.8433    91     3685.0000     3638.0000   856665    1.28%
  62448 56460     3640.8452    91     3685.0000     3638.0000   856674    1.28%
  62449 56461     3640.8477    90     3685.0000     3638.0000   856682    1.28%
  62450 56462     3641.8122    92     3685.0000     3638.0000   856752    1.28%
  62451 56463     3641.8510    98     3685.0000     3638.0000   856774    1.28%
  62452 56464     3641.9264    95     3685.0000     3638.0000   856802    1.28%
Elapsed time = 44.14 sec. (67382.59 ticks, tree = 252.43 MB, solutions = 25)
  64059 57966     3638.0000    86     3685.0000     3638.0000   894336    1.28%
  64060 57967     3638.0000    78     3685.0000     3638.0000   894375    1.28%
  64061 57968     3638.0000   100     3685.0000     3638.0000   894583    1.28%
  64062 57969     3638.0000    81     3685.0000     3638.0000   894746    1.28%
  64063 57970     3638.0000    75     3685.0000     3638.0000   894753    1.28%
  64064 57971     3638.0000    73     3685.0000     3638.0000   894891    1.28%
  64065 57972     3638.0000    80     3685.0000     3638.0000   895027    1.28%
  64066 57973     3638.0000    70     3685.0000     3638.0000   895165    1.28%
  64067 57974     3638.0000    68     3685.0000     3638.0000   895266    1.28%
  64068 57975     3638.0000    80     3685.0000     3638.0000   895456    1.28%
Elapsed time = 46.65 sec. (71351.12 ticks, tree = 265.07 MB, solutions = 25)
  65495 59290     3639.1279   103     3685.0000     3638.0000   932246    1.28%
  65496 59291     3639.1313   101     3685.0000     3638.0000   932253    1.28%
  65497 59292     3639.1459   104     3685.0000     3638.0000   932260    1.28%
  65498 59293     3639.1523   106     3685.0000     3638.0000   932268    1.28%
  65499 59294     3639.1602   107     3685.0000     3638.0000   932279    1.28%
  65500 59295     3639.1688   108     3685.0000     3638.0000   932293    1.28%
  65501 59296     3639.1793    97     3685.0000     3638.0000   932328    1.28%
  65502 59297     3639.3164    97     3685.0000     3638.0000   932356    1.28%
  65503 59298     3639.3363   103     3685.0000     3638.0000   932387    1.28%
  65504 59299     3639.3400   103     3685.0000     3638.0000   932395    1.28%
Elapsed time = 49.11 sec. (75202.75 ticks, tree = 276.21 MB, solutions = 25)
  66677 60384     3667.0000    40     3685.0000     3638.0000   979150    1.28%
  66678 60385     3667.0000    43     3685.0000     3638.0000   979168    1.28%
  66679 60386     3667.0000    41     3685.0000     3638.0000   979176    1.28%
  66680 60387     3667.0000    41     3685.0000     3638.0000   979207    1.28%
  66681 60388     3667.0000    42     3685.0000     3638.0000   979219    1.28%
  66682 60389     3667.0000    41     3685.0000     3638.0000   979220    1.28%
  66683 60390     3667.0000    40     3685.0000     3638.0000   979245    1.28%
  66684 60391     3667.0000    37     3685.0000     3638.0000   979251    1.28%
  66685 60392     3667.0000    40     3685.0000     3638.0000   979272    1.28%
  66686 60393     3667.0000    39     3685.0000     3638.0000   979277    1.28%
Elapsed time = 51.65 sec. (79026.84 ticks, tree = 285.40 MB, solutions = 25)
  68007 61543     3667.0000    38     3685.0000     3638.0000  1020011    1.28%
  68008 61544     3667.0000    36     3685.0000     3638.0000  1020014    1.28%
  68009 61545     3667.0000    24     3685.0000     3638.0000  1020066    1.28%
  68010 61546     3667.0000    21     3685.0000     3638.0000  1020071    1.28%
  68011 61547     3667.0000    31     3685.0000     3638.0000  1020093    1.28%
  68012 61548     3667.0000    33     3685.0000     3638.0000  1020099    1.28%
  68013 61549     3667.0000    32     3685.0000     3638.0000  1020105    1.28%
  68014 61550     3667.0000    32     3685.0000     3638.0000  1020122    1.28%
  68015 61551     3667.0000    28     3685.0000     3638.0000  1020162    1.28%
  68016 61552     3667.0000    28     3685.0000     3638.0000  1020167    1.28%
Elapsed time = 54.16 sec. (82856.96 ticks, tree = 295.55 MB, solutions = 25)
  68998 62440     3651.5514    62     3685.0000     3638.0000  1058632    1.28%
  68999 62441     3651.5980    61     3685.0000     3638.0000  1058656    1.28%
  69000 62442     3655.2032    57     3685.0000     3638.0000  1058763    1.28%
  69001 62443     3655.9109    54     3685.0000     3638.0000  1058782    1.28%
  69002 62443     3667.3340    38     3685.0000     3638.0000  1058883    1.28%
  69003 62444     3667.3340    38     3685.0000     3638.0000  1058889    1.28%
  69004 62445     3667.3340    36     3685.0000     3638.0000  1058891    1.28%
  69005 62444        cutoff           3685.0000     3638.0000  1058894    1.28%
  69006 62443        cutoff           3685.0000     3638.0000  1058898    1.28%
  69007 62444     3640.7946   114     3685.0000     3638.0000  1059951    1.28%
Elapsed time = 56.67 sec. (86812.51 ticks, tree = 303.74 MB, solutions = 25)
* 69735+61556                         3681.0000     3638.0000             1.17%
* 69835+57856                         3671.0000     3638.0000             0.90%
  69876 57894     3645.9138    87     3671.0000     3638.0000  1093102    0.90%
  69877 57895     3645.9160    86     3671.0000     3638.0000  1093109    0.90%
  69878 57896     3645.9221    89     3671.0000     3638.0000  1093116    0.90%
  69879 57897     3645.9222    89     3671.0000     3638.0000  1093117    0.90%
  69880 57898     3645.9222    88     3671.0000     3638.0000  1093120    0.90%
  69881 57899     3645.9322    83     3671.0000     3638.0000  1093128    0.90%
  69882 57900     3645.9322    83     3671.0000     3638.0000  1093129    0.90%
  69883 57901     3645.9322    84     3671.0000     3638.0000  1093131    0.90%
  69884 57902     3645.9370    84     3671.0000     3638.0000  1093141    0.90%
  69885 57903     3646.0072    86     3671.0000     3638.0000  1093175    0.90%
Elapsed time = 59.17 sec. (90640.02 ticks, tree = 285.53 MB, solutions = 27)
  71519 59376     3645.3262    83     3671.0000     3638.0000  1131523    0.90%
  71520 59377     3645.3343    85     3671.0000     3638.0000  1131539    0.90%
  71521 59378     3645.3365    89     3671.0000     3638.0000  1131545    0.90%
  71522 59379     3645.3365    89     3671.0000     3638.0000  1131546    0.90%
  71523 59380     3645.3652    87     3671.0000     3638.0000  1131567    0.90%
  71524 59381     3645.3652    87     3671.0000     3638.0000  1131570    0.90%
  71525 59382     3646.2439    75     3671.0000     3638.0000  1131625    0.90%
  71526 59383     3646.2439    74     3671.0000     3638.0000  1131626    0.90%
  71527 59384     3646.2477    79     3671.0000     3638.0000  1131675    0.90%
  71528 59385     3646.2778    75     3671.0000     3638.0000  1131682    0.90%
Elapsed time = 61.64 sec. (94471.67 ticks, tree = 299.09 MB, solutions = 27)
  72899 60627     3661.5955    75     3671.0000     3638.0000  1167953    0.90%
  72900 60628     3661.6369    76     3671.0000     3638.0000  1167965    0.90%
  72901 60629     3661.6870    75     3671.0000     3638.0000  1167983    0.90%
  72902 60630     3661.7449    71     3671.0000     3638.0000  1168001    0.90%
  72903 60631     3661.7449    71     3671.0000     3638.0000  1168003    0.90%
  72904 60632     3662.2508    64     3671.0000     3638.0000  1168023    0.90%
  72905 60633     3662.2508    64     3671.0000     3638.0000  1168025    0.90%
  72906 60634     3662.2508    64     3671.0000     3638.0000  1168040    0.90%
  72907 60633        cutoff           3671.0000     3638.0000  1168101    0.90%
  72908 60632        cutoff           3671.0000     3638.0000  1168108    0.90%
Elapsed time = 64.14 sec. (98304.80 ticks, tree = 310.61 MB, solutions = 27)
  74018 61621     3650.3018    94     3671.0000     3638.0000  1210285    0.90%
  74019 61622     3652.3447    88     3671.0000     3638.0000  1210360    0.90%
  74020 61623     3652.3447    87     3671.0000     3638.0000  1210367    0.90%
  74021 61624     3652.3452    87     3671.0000     3638.0000  1210368    0.90%
  74022 61623        cutoff           3671.0000     3638.0000  1210453    0.90%
  74023 61624     3652.3718    87     3671.0000     3638.0000  1210469    0.90%
  74024 61625     3652.3718    86     3671.0000     3638.0000  1210470    0.90%
  74025 61626     3652.5283    80     3671.0000     3638.0000  1210491    0.90%
  74026 61627     3653.5948    84     3671.0000     3638.0000  1210537    0.90%
  74027 61628     3652.9180    83     3671.0000     3638.0000  1210578    0.90%
Elapsed time = 66.60 sec. (102145.68 ticks, tree = 319.85 MB, solutions = 27)
* 75335+61126                         3670.0000     3638.0000             0.87%
  75435 61224     3645.4042    70     3670.0000     3638.0000  1253400    0.87%
  75436 61225     3645.4426    70     3670.0000     3638.0000  1253414    0.87%
  75437 61226     3645.4501    70     3670.0000     3638.0000  1253420    0.87%
  75438 61227     3645.4501    70     3670.0000     3638.0000  1253421    0.87%
  75439 61228     3645.7899    69     3670.0000     3638.0000  1253436    0.87%
  75440 61229     3645.7901    68     3670.0000     3638.0000  1253437    0.87%
  75441 61230     3645.8031    72     3670.0000     3638.0000  1253449    0.87%
  75442 61231     3645.8113    72     3670.0000     3638.0000  1253450    0.87%
  75443 61232     3645.8150    72     3670.0000     3638.0000  1253452    0.87%
  75444 61233     3645.8635    68     3670.0000     3638.0000  1253454    0.87%
Elapsed time = 69.22 sec. (106162.19 ticks, tree = 323.77 MB, solutions = 28)
  76730 62441     3638.0000    85     3670.0000     3638.0000  1293148    0.87%
  76731 62442     3638.0000    80     3670.0000     3638.0000  1293280    0.87%
  76732 62443     3638.0000    87     3670.0000     3638.0000  1293480    0.87%
  76733 62444     3638.0000    81     3670.0000     3638.0000  1293515    0.87%
  76734 62445     3638.0000    87     3670.0000     3638.0000  1293661    0.87%
  76735 62446     3638.0000    85     3670.0000     3638.0000  1293720    0.87%
  76736 62447     3638.0000    85     3670.0000     3638.0000  1293779    0.87%
  76737 62448     3638.1005    90     3670.0000     3638.0000  1293958    0.87%
  76738 62449     3638.1063    89     3670.0000     3638.0000  1293973    0.87%
  76739 62450     3638.2745    91     3670.0000     3638.0000  1293992    0.87%
Elapsed time = 71.71 sec. (110038.63 ticks, tree = 335.07 MB, solutions = 28)
  78048 63661     3638.0000    93     3670.0000     3638.0000  1330247    0.87%
  78049 63662     3638.2581   113     3670.0000     3638.0000  1330880    0.87%
  78050 63663     3638.2604   117     3670.0000     3638.0000  1330886    0.87%
  78051 63664     3638.2622   117     3670.0000     3638.0000  1330890    0.87%
  78052 63665     3638.2627   113     3670.0000     3638.0000  1330898    0.87%
  78053 63666     3638.2721   112     3670.0000     3638.0000  1330909    0.87%
  78054 63667     3638.3724   113     3670.0000     3638.0000  1330958    0.87%
  78055 63668     3638.3781   110     3670.0000     3638.0000  1330967    0.87%
  78056 63669     3638.4042   105     3670.0000     3638.0000  1330988    0.87%
  78057 63670     3639.2818   108     3670.0000     3638.0000  1331061    0.87%
Elapsed time = 74.22 sec. (113931.74 ticks, tree = 346.45 MB, solutions = 28)
  79158 64679     3638.0000    73     3670.0000     3638.0000  1372753    0.87%
  79159 64680     3638.0000    52     3670.0000     3638.0000  1372757    0.87%
  79160 64681     3638.0000    57     3670.0000     3638.0000  1372858    0.87%
  79161 64682     3638.0000    60     3670.0000     3638.0000  1372867    0.87%
  79162 64683     3638.0000    60     3670.0000     3638.0000  1372890    0.87%
  79163 64684     3638.0000    80     3670.0000     3638.0000  1373022    0.87%
  79164 64685     3638.0000    65     3670.0000     3638.0000  1373172    0.87%
  79165 64686     3638.0000    54     3670.0000     3638.0000  1373193    0.87%
  79166 64687     3638.0000    54     3670.0000     3638.0000  1373205    0.87%
  79167 64688     3638.0000    78     3670.0000     3638.0000  1373378    0.87%
Elapsed time = 76.64 sec. (117813.35 ticks, tree = 355.91 MB, solutions = 28)
  80005 65426     3658.8125    55     3670.0000     3638.0000  1414732    0.87%
  80006 65427     3664.5839    58     3670.0000     3638.0000  1414772    0.87%
  80007 65428     3665.2265    51     3670.0000     3638.0000  1414785    0.87%
  80008 65427        cutoff           3670.0000     3638.0000  1414788    0.87%
  80009 65426    infeasible           3670.0000     3638.0000  1414788    0.87%
  80010 65427     3641.3530   113     3670.0000     3638.0000  1415804    0.87%
  80011 65428     3641.3734   115     3670.0000     3638.0000  1415821    0.87%
  80012 65429     3641.3734   115     3670.0000     3638.0000  1415822    0.87%
  80013 65430     3641.3752   113     3670.0000     3638.0000  1415829    0.87%
  80014 65431     3641.8831   110     3670.0000     3638.0000  1415895    0.87%
Elapsed time = 79.16 sec. (121755.81 ticks, tree = 362.86 MB, solutions = 28)
  81256 66597     3640.5567    89     3670.0000     3638.0000  1454994    0.87%
  81257 66598     3640.5615    90     3670.0000     3638.0000  1455005    0.87%
  81258 66599     3640.6132    87     3670.0000     3638.0000  1455033    0.87%
  81259 66600     3640.6250    88     3670.0000     3638.0000  1455036    0.87%
  81260 66601     3644.5376    74     3670.0000     3638.0000  1455126    0.87%
  81261 66602     3644.8083    65     3670.0000     3638.0000  1455160    0.87%
  81262 66603     3644.8084    65     3670.0000     3638.0000  1455161    0.87%
  81263 66604     3644.8085    66     3670.0000     3638.0000  1455163    0.87%
  81264 66605     3644.9661    69     3670.0000     3638.0000  1455179    0.87%
  81265 66606     3644.9665    69     3670.0000     3638.0000  1455181    0.87%
Elapsed time = 81.58 sec. (125589.57 ticks, tree = 375.69 MB, solutions = 28)
* 81635+66541                         3669.0000     3638.0000             0.84%
  82422 67283     3639.7230    88     3669.0000     3638.0000  1487805    0.84%
  82423 67284     3639.7301    85     3669.0000     3638.0000  1487823    0.84%
  82424 67285     3639.7302    85     3669.0000     3638.0000  1487826    0.84%
  82425 67286     3639.7367    90     3669.0000     3638.0000  1487833    0.84%
  82426 67287     3639.9224    88     3669.0000     3638.0000  1487868    0.84%
  82427 67288     3639.9244    88     3669.0000     3638.0000  1487873    0.84%
  82428 67289     3639.9268    88     3669.0000     3638.0000  1487874    0.84%
  82429 67290     3639.9461    89     3669.0000     3638.0000  1487886    0.84%
  82430 67291     3639.9588    89     3669.0000     3638.0000  1487892    0.84%
  82431 67292     3639.9593    89     3669.0000     3638.0000  1487893    0.84%
Elapsed time = 84.04 sec. (129415.27 ticks, tree = 383.80 MB, solutions = 29)
  84035 68753     3651.1540    81     3669.0000     3638.0000  1533152    0.84%
  84036 68754     3651.3967    82     3669.0000     3638.0000  1533165    0.84%
  84037 68755     3651.4009    83     3669.0000     3638.0000  1533170    0.84%
  84038 68756     3651.4118    84     3669.0000     3638.0000  1533174    0.84%
  84039 68757     3652.5035    81     3669.0000     3638.0000  1533214    0.84%
  84040 68758     3657.0167    81     3669.0000     3638.0000  1533314    0.84%
  84041 68759     3652.5415    83     3669.0000     3638.0000  1533321    0.84%
  84042 68760     3659.4155    72     3669.0000     3638.0000  1533405    0.84%
  84043 68761     3652.5415    80     3669.0000     3638.0000  1533406    0.84%
  84044 68762     3653.6158    82     3669.0000     3638.0000  1533428    0.84%
Elapsed time = 86.50 sec. (133272.75 ticks, tree = 397.55 MB, solutions = 29)
  85035 69633     3643.0977    73     3669.0000     3638.0000  1572892    0.84%
  85036 69634     3643.3860    70     3669.0000     3638.0000  1572924    0.84%
  85037 69635     3643.3873    75     3669.0000     3638.0000  1572930    0.84%
  85038 69636     3643.3884    70     3669.0000     3638.0000  1572931    0.84%
  85039 69637     3643.3906    70     3669.0000     3638.0000  1572933    0.84%
  85040 69638     3644.3231    77     3669.0000     3638.0000  1572982    0.84%
  85041 69639     3644.6501    73     3669.0000     3638.0000  1572995    0.84%
  85042 69640     3644.6506    73     3669.0000     3638.0000  1572996    0.84%
  85043 69641     3644.6564    73     3669.0000     3638.0000  1572999    0.84%
  85044 69642     3645.3708    69     3669.0000     3638.0000  1573033    0.84%
Elapsed time = 89.09 sec. (137354.92 ticks, tree = 405.78 MB, solutions = 29)
* 85735+69913                         3668.0000     3638.0000             0.82%
  86135 70299     3644.8743    89     3668.0000     3638.0000  1611518    0.82%
  86136 70300     3645.1497    87     3668.0000     3638.0000  1611551    0.82%
  86137 70301     3645.5886    84     3668.0000     3638.0000  1611596    0.82%
  86138 70302     3645.5891    84     3668.0000     3638.0000  1611599    0.82%
  86139 70303     3645.5953    84     3668.0000     3638.0000  1611600    0.82%
  86140 70304     3645.5967    85     3668.0000     3638.0000  1611604    0.82%
  86141 70305     3645.5974    84     3668.0000     3638.0000  1611607    0.82%
  86142 70306     3645.6301    83     3668.0000     3638.0000  1611619    0.82%
  86143 70307     3645.6351    85     3668.0000     3638.0000  1611633    0.82%
  86144 70308     3645.6462    83     3668.0000     3638.0000  1611645    0.82%
Elapsed time = 91.76 sec. (141571.55 ticks, tree = 413.24 MB, solutions = 30)
  86713 70854     3652.6616    69     3668.0000     3638.0000  1626405    0.82%
  86714 70855     3652.6729    71     3668.0000     3638.0000  1626414    0.82%
  86715 70856     3652.6917    66     3668.0000     3638.0000  1626422    0.82%
  86716 70857     3652.6942    66     3668.0000     3638.0000  1626424    0.82%
  86717 70858     3652.6942    66     3668.0000     3638.0000  1626425    0.82%
  86718 70859     3652.7769    64     3668.0000     3638.0000  1626439    0.82%
  86719 70860     3652.9820    66     3668.0000     3638.0000  1626460    0.82%
  86720 70861     3652.9822    62     3668.0000     3638.0000  1626463    0.82%
  86721 70862     3652.9877    60     3668.0000     3638.0000  1626464    0.82%
  86722 70863     3653.2767    59     3668.0000     3638.0000  1626478    0.82%
Elapsed time = 94.24 sec. (145394.88 ticks, tree = 418.39 MB, solutions = 30)
  87235 71336     3649.2464    80     3668.0000     3638.0000  1641383    0.82%
  87236 71337     3649.3519    74     3668.0000     3638.0000  1641392    0.82%
  87237 71338     3649.3641    74     3668.0000     3638.0000  1641399    0.82%
  87238 71339     3649.3667    75     3668.0000     3638.0000  1641402    0.82%
  87239 71340     3649.3718    74     3668.0000     3638.0000  1641408    0.82%
  87240 71341     3649.3791    74     3668.0000     3638.0000  1641409    0.82%
  87241 71342     3649.5142    68     3668.0000     3638.0000  1641428    0.82%
  87242 71343     3649.9336    76     3668.0000     3638.0000  1641465    0.82%
  87243 71344     3649.9657    78     3668.0000     3638.0000  1641478    0.82%
  87244 71345     3649.9852    72     3668.0000     3638.0000  1641487    0.82%
Elapsed time = 96.84 sec. (149380.47 ticks, tree = 422.87 MB, solutions = 30)
  88676 72653     3648.4700    68     3668.0000     3638.0000  1681784    0.82%
  88677 72654     3648.4772    68     3668.0000     3638.0000  1681788    0.82%
  88678 72655     3648.4794    67     3668.0000     3638.0000  1681792    0.82%
  88679 72656     3648.5479    64     3668.0000     3638.0000  1681796    0.82%
  88680 72657     3649.9430    70     3668.0000     3638.0000  1681835    0.82%
  88681 72658     3649.9432    70     3668.0000     3638.0000  1681836    0.82%
  88682 72659     3649.9437    70     3668.0000     3638.0000  1681837    0.82%
  88683 72660     3649.9438    70     3668.0000     3638.0000  1681838    0.82%
  88684 72661     3650.0025    76     3668.0000     3638.0000  1681849    0.82%
  88685 72662     3650.9845    74     3668.0000     3638.0000  1681888    0.82%
Elapsed time = 99.34 sec. (153205.23 ticks, tree = 435.14 MB, solutions = 30)

Cover cuts applied:  70
Flow cuts applied:  1
Mixed integer rounding cuts applied:  519
Zero-half cuts applied:  2
Gomory fractional cuts applied:  6

Root node processing (before b&c):
  Real time             =    0.12 sec. (149.97 ticks)
Sequential b&c:
  Real time             =   99.88 sec. (154072.39 ticks)
                          ------------
Total (root+branch&cut) =  100.00 sec. (154222.36 ticks)

Solution pool: 30 solutions saved.

MIP - Time limit exceeded, integer feasible:  Objective =  3.6680000000e+03
Current MIP best bound =  3.6380000000e+03 (gap = 30, 0.82%)
Solution time =  100.00 sec.  Iterations = 1693348  Nodes = 89087 (73019)
Deterministic time = 154222.37 ticks  (1542.22 ticks/sec)


Incumbent solution written to file '/tmp/tmpxVE6p7.cplex.sol'.
