
Log started (V12.6.3.0) Fri Apr 20 21:58:10 2018

New value for default parallel thread count: 1

Problem '/tmp/tmpat8noB.pyomo.lp' read.
Read time = 0.02 sec. (2.14 ticks)

Problem name         : /tmp/tmpat8noB.pyomo.lp
Objective sense      : Minimize
Variables            :    1746  [Nneg: 1,  Binary: 1728,  General Integer: 17]
Objective nonzeros   :       1
Linear constraints   :     250  [Less: 124,  Equal: 126]
  Nonzeros           :  155797
  RHS nonzeros       :     217

Variables            : Min LB: 0.000000         Max UB: 1.000000       
Objective nonzeros   : Min   : 1.000000         Max   : 1.000000       
Linear constraints   :
  Nonzeros           : Min   : 1.000000         Max   : 1715.000       
  RHS nonzeros       : Min   : 1.000000         Max   : 11.00000       
Tried aggregator 2 times.
MIP Presolve eliminated 111 rows and 194 columns.
Aggregator did 21 substitutions.
Reduced MIP has 118 rows, 1531 columns, and 4307 nonzeros.
Reduced MIP has 1530 binaries, 1 generals, 0 SOSs, and 0 indicators.
Presolve time = 0.03 sec. (27.70 ticks)
Found incumbent of value 54562.000000 after 0.03 sec. (32.50 ticks)
Probing time = 0.00 sec. (1.99 ticks)
Tried aggregator 1 time.
Reduced MIP has 118 rows, 1531 columns, and 4307 nonzeros.
Reduced MIP has 1530 binaries, 1 generals, 0 SOSs, and 0 indicators.
Presolve time = 0.00 sec. (2.16 ticks)
Probing time = 0.00 sec. (1.98 ticks)
Clique table members: 102.
MIP emphasis: balance optimality and feasibility.
MIP search method: dynamic search.
Parallel mode: none, using 1 thread.
Root relaxation solution time = 0.00 sec. (2.44 ticks)

        Nodes                                         Cuts/
   Node  Left     Objective  IInf  Best Integer    Best Bound    ItCnt     Gap

*     0+    0                        54562.0000        0.0000           100.00%
      0     0     3637.4667    24    54562.0000     3637.4667       68   93.33%
*     0+    0                         4349.0000     3637.4667            16.36%
      0     0     3638.0000    29     4349.0000      Fract: 8       95   16.35%
*     0+    0                         4228.0000     3638.0000            13.95%
      0     0     3638.0000    29     4228.0000      Cuts: 27      189   13.95%
      0     0     3638.0000    34     4228.0000      Cuts: 14      235   13.95%
*     0+    0                         3953.0000     3638.0000             7.97%
*     0+    0                         3866.0000     3638.0000             5.90%
*     0+    0                         3865.0000     3638.0000             5.87%
*     0+    0                         3824.0000     3638.0000             4.86%
      0     2     3638.0000    25     3824.0000     3638.0000      235    4.86%
Elapsed time = 0.11 sec. (131.13 ticks, tree = 0.01 MB, solutions = 7)
*    30+   30                         3819.0000     3638.0000             4.74%
*   187+  152                         3804.0000     3638.0000             4.36%
    480   436     3638.0000    26     3804.0000     3638.0000     3101    4.36%
    481   437     3638.0000    24     3804.0000     3638.0000     3103    4.36%
    482   438     3638.0000    24     3804.0000     3638.0000     3108    4.36%
    483   439     3638.0000    24     3804.0000     3638.0000     3109    4.36%
    484   440     3638.0000    25     3804.0000     3638.0000     3112    4.36%
    485   441     3638.0000    25     3804.0000     3638.0000     3113    4.36%
    486   442     3638.0000    23     3804.0000     3638.0000     3116    4.36%
    487   443     3638.0000    26     3804.0000     3638.0000     3121    4.36%
    488   444     3638.0000    30     3804.0000     3638.0000     3135    4.36%
*   534+  488                         3800.0000     3638.0000             4.26%
*   534+  488                         3797.0000     3638.0000             4.19%
*   534+  488                         3795.0000     3638.0000             4.14%
*   534+  488                         3782.0000     3638.0000             3.81%
*   535+  326                         3772.0000     3638.0000             3.55%
*   535+  217                         3757.0000     3638.0000             3.17%
*   535+  144                         3749.0000     3638.0000             2.96%
*   535+   96                         3745.0000     3638.0000             2.86%
*   535+   64                         3721.0000     3638.0000             2.23%
*   535+   42                         3708.0000     3638.0000             1.89%
    600    61     3638.0000    26     3708.0000     3638.0000     4418    1.89%
Elapsed time = 0.77 sec. (1085.42 ticks, tree = 0.14 MB, solutions = 19)
*   735+   94                         3707.0000     3638.0000             1.86%
*   735+   94                         3703.0000     3638.0000             1.76%
*   935+  180                         3696.0000     3638.0000             1.57%
*   935+  179                         3683.0000     3638.0000             1.22%
   1035   252     3638.0000    27     3683.0000     3638.0000     6287    1.22%
   1036   253     3638.0000    26     3683.0000     3638.0000     6290    1.22%
   1037   254     3638.0000    26     3683.0000     3638.0000     6294    1.22%
   1038   255     3638.0000    26     3683.0000     3638.0000     6295    1.22%
   1039   255     3675.0000    20     3683.0000     3638.0000     6321    1.22%
   1040   255     3675.0000    20     3683.0000     3638.0000     6330    1.22%
   1041   255     3675.0000    17     3683.0000     3638.0000     6337    1.22%
   1042   255     3675.0000    16     3683.0000     3638.0000     6342    1.22%
   1043   255     3675.0000    17     3683.0000     3638.0000     6344    1.22%
   1044   256     3675.0000    18     3683.0000     3638.0000     6348    1.22%
Elapsed time = 1.69 sec. (2323.05 ticks, tree = 0.58 MB, solutions = 23)
   2241   940     3651.0000    22     3683.0000     3638.0000    16478    1.22%
   2242   941     3651.0000    22     3683.0000     3638.0000    16479    1.22%
   2243   942     3651.0000    22     3683.0000     3638.0000    16480    1.22%
   2244   943     3651.0000    22     3683.0000     3638.0000    16481    1.22%
   2245   943     3660.7500    21     3683.0000     3638.0000    16490    1.22%
   2246   943     3660.7500    21     3683.0000     3638.0000    16490    1.22%
   2247   943     3664.9091    20     3683.0000     3638.0000    16493    1.22%
   2248   943     3664.9091    21     3683.0000     3638.0000    16511    1.22%
   2249   944     3664.9091    20     3683.0000     3638.0000    16516    1.22%
   2250   944     3664.9091    18     3683.0000     3638.0000    16517    1.22%
Elapsed time = 2.31 sec. (3282.30 ticks, tree = 2.28 MB, solutions = 23)
   3615  2051     3638.0000    30     3683.0000     3638.0000    26002    1.22%
   3616  2052     3638.0000    29     3683.0000     3638.0000    26007    1.22%
   3617  2053     3638.0000    27     3683.0000     3638.0000    26008    1.22%
   3618  2054     3638.0000    26     3683.0000     3638.0000    26010    1.22%
   3619  2055     3638.0000    27     3683.0000     3638.0000    26018    1.22%
   3620  2056     3638.0000    30     3683.0000     3638.0000    26029    1.22%
   3621  2057     3638.0000    27     3683.0000     3638.0000    26030    1.22%
   3622  2058     3638.0000    28     3683.0000     3638.0000    26047    1.22%
   3623  2059     3638.0000    32     3683.0000     3638.0000    26064    1.22%
   3624  2060     3638.0000    29     3683.0000     3638.0000    26076    1.22%
Elapsed time = 2.96 sec. (4239.88 ticks, tree = 5.81 MB, solutions = 23)
   5676  3893     3638.0000    33     3683.0000     3638.0000    37986    1.22%
   5677  3894     3638.0000    34     3683.0000     3638.0000    37998    1.22%
   5678  3895     3638.0000    33     3683.0000     3638.0000    38010    1.22%
   5679  3896     3638.0000    34     3683.0000     3638.0000    38032    1.22%
   5680  3897     3638.0000    44     3683.0000     3638.0000    38067    1.22%
   5681  3898     3638.0000    44     3683.0000     3638.0000    38069    1.22%
   5682  3899     3639.1089    39     3683.0000     3638.0000    38114    1.22%
   5683  3900     3639.5807    39     3683.0000     3638.0000    38115    1.22%
   5684  3901     3639.5807    40     3683.0000     3638.0000    38118    1.22%
   5685  3902     3639.5807    41     3683.0000     3638.0000    38120    1.22%
Elapsed time = 3.63 sec. (5200.06 ticks, tree = 11.66 MB, solutions = 23)
   8212  6137     3638.0000    28     3683.0000     3638.0000    50410    1.22%
   8213  6138     3638.0000    29     3683.0000     3638.0000    50411    1.22%
   8214  6139     3638.0000    29     3683.0000     3638.0000    50413    1.22%
   8215  6140     3638.0000    29     3683.0000     3638.0000    50414    1.22%
   8216  6141     3638.0000    27     3683.0000     3638.0000    50421    1.22%
   8217  6142     3638.0000    27     3683.0000     3638.0000    50428    1.22%
   8218  6143     3638.0000    28     3683.0000     3638.0000    50433    1.22%
   8219  6144     3638.0000    28     3683.0000     3638.0000    50434    1.22%
   8220  6145     3638.0000    28     3683.0000     3638.0000    50435    1.22%
   8221  6146     3638.0000    27     3683.0000     3638.0000    50437    1.22%
Elapsed time = 4.30 sec. (6155.99 ticks, tree = 18.91 MB, solutions = 23)
  10428  8080     3671.9474    22     3683.0000     3638.0000    62379    1.22%
  10429  8081     3671.9062    22     3683.0000     3638.0000    62380    1.22%
  10430  8082     3671.9062    21     3683.0000     3638.0000    62381    1.22%
  10431  8083     3671.9062    23     3683.0000     3638.0000    62385    1.22%
  10432  8084     3671.9062    23     3683.0000     3638.0000    62386    1.22%
  10433  8085     3671.9062    23     3683.0000     3638.0000    62388    1.22%
  10434  8086     3673.9183    22     3683.0000     3638.0000    62391    1.22%
  10435  8085        cutoff           3683.0000     3638.0000    62396    1.22%
  10436  8084        cutoff           3683.0000     3638.0000    62401    1.22%
  10437  8083        cutoff           3683.0000     3638.0000    62471    1.22%
Elapsed time = 4.97 sec. (7117.82 ticks, tree = 25.18 MB, solutions = 23)
* 11195+ 8516                         3677.0000     3638.0000             1.06%
  11195  8518     3638.0000    42     3677.0000     3638.0000    71489    1.06%
  11196  8519     3638.0000    45     3677.0000     3638.0000    71578    1.06%
  11197  8520     3638.0000    48     3677.0000     3638.0000    71742    1.06%
  11198  8521     3638.0000    48     3677.0000     3638.0000    71759    1.06%
  11199  8522     3638.0000    43     3677.0000     3638.0000    71811    1.06%
  11200  8523     3638.0000    42     3677.0000     3638.0000    71822    1.06%
  11201  8524     3638.0000    36     3677.0000     3638.0000    71829    1.06%
  11202  8525     3638.0000    36     3677.0000     3638.0000    71838    1.06%
  11203  8526     3638.0000    44     3677.0000     3638.0000    71869    1.06%
  11204  8527     3638.0000    44     3677.0000     3638.0000    71889    1.06%
Elapsed time = 6.02 sec. (8489.63 ticks, tree = 27.04 MB, solutions = 24)
  12445  9644     3638.0000    50     3677.0000     3638.0000    87876    1.06%
  12446  9645     3638.0000    43     3677.0000     3638.0000    87881    1.06%
  12447  9646     3638.0000    43     3677.0000     3638.0000    87894    1.06%
  12448  9647     3638.0000    41     3677.0000     3638.0000    87895    1.06%
  12449  9648     3638.0000    45     3677.0000     3638.0000    87899    1.06%
  12450  9649     3638.0000    50     3677.0000     3638.0000    87958    1.06%
  12451  9650     3638.0000    51     3677.0000     3638.0000    88003    1.06%
  12452  9651     3638.0000    50     3677.0000     3638.0000    88009    1.06%
  12453  9652     3638.0000    46     3677.0000     3638.0000    88012    1.06%
  12454  9653     3638.0000    45     3677.0000     3638.0000    88013    1.06%
Elapsed time = 6.68 sec. (9452.04 ticks, tree = 31.22 MB, solutions = 24)
  13588 10701     3640.1968    45     3677.0000     3638.0000   104855    1.06%
  13589 10700        cutoff           3677.0000     3638.0000   104857    1.06%
  13590 10701     3649.7830    33     3677.0000     3638.0000   104888    1.06%
  13591 10701     3651.2518    33     3677.0000     3638.0000   104895    1.06%
  13592 10702     3651.2518    32     3677.0000     3638.0000   104897    1.06%
  13593 10703     3653.7977    33     3677.0000     3638.0000   104912    1.06%
  13594 10704     3670.6963    18     3677.0000     3638.0000   104931    1.06%
  13595 10705     3670.6963    18     3677.0000     3638.0000   104932    1.06%
  13596 10705     3670.6963    18     3677.0000     3638.0000   104935    1.06%
  16064 12925     3638.0000    44     3677.0000     3638.0000   148489    1.06%
Elapsed time = 9.24 sec. (13269.16 ticks, tree = 44.66 MB, solutions = 24)
  18177 14730     3638.6607    82     3677.0000     3638.0000   204844    1.06%
  18178 14731     3638.6607    79     3677.0000     3638.0000   204845    1.06%
  18179 14732     3638.6852    76     3677.0000     3638.0000   204857    1.06%
  18180 14733     3638.9012    86     3677.0000     3638.0000   204888    1.06%
  18181 14734     3638.9019    86     3677.0000     3638.0000   204891    1.06%
  18182 14735     3638.9081    84     3677.0000     3638.0000   204895    1.06%
  18183 14736     3638.9203    83     3677.0000     3638.0000   204904    1.06%
  18184 14737     3638.9203    83     3677.0000     3638.0000   204905    1.06%
  18185 14738     3638.9216    80     3677.0000     3638.0000   204907    1.06%
  18186 14739     3638.9243    81     3677.0000     3638.0000   204913    1.06%
Elapsed time = 11.78 sec. (17091.44 ticks, tree = 53.47 MB, solutions = 24)
  19792 16206     3639.9346    76     3677.0000     3638.0000   260422    1.06%
  19793 16207     3639.9346    75     3677.0000     3638.0000   260428    1.06%
  19794 16208     3639.9834    82     3677.0000     3638.0000   260473    1.06%
  19795 16209     3639.9835    82     3677.0000     3638.0000   260474    1.06%
  19796 16210     3639.9869    79     3677.0000     3638.0000   260477    1.06%
  19797 16211     3639.9869    79     3677.0000     3638.0000   260479    1.06%
  19798 16212     3640.2269    66     3677.0000     3638.0000   260523    1.06%
  19799 16213     3640.2269    65     3677.0000     3638.0000   260534    1.06%
  19800 16214     3641.1150    65     3677.0000     3638.0000   260579    1.06%
  19801 16215     3641.1495    66     3677.0000     3638.0000   260588    1.06%
Elapsed time = 14.29 sec. (20930.29 ticks, tree = 61.77 MB, solutions = 24)
  21360 17549     3651.9221    62     3677.0000     3638.0000   307622    1.06%
  21361 17550     3651.9727    58     3677.0000     3638.0000   307626    1.06%
  21362 17551     3651.9798    53     3677.0000     3638.0000   307628    1.06%
  21363 17552     3652.8925    56     3677.0000     3638.0000   307656    1.06%
  21364 17553     3652.9806    53     3677.0000     3638.0000   307667    1.06%
  21365 17554     3653.0981    49     3677.0000     3638.0000   307681    1.06%
  21366 17555     3653.2089    45     3677.0000     3638.0000   307691    1.06%
  21367 17556     3655.1261    48     3677.0000     3638.0000   307725    1.06%
  21368 17557     3656.3608    49     3677.0000     3638.0000   307754    1.06%
  21369 17558     3656.7403    48     3677.0000     3638.0000   307775    1.06%
Elapsed time = 16.84 sec. (24756.69 ticks, tree = 70.26 MB, solutions = 24)
  23160 19163     3638.1972    87     3677.0000     3638.0000   355890    1.06%
  23161 19164     3639.9896    72     3677.0000     3638.0000   356050    1.06%
  23162 19165     3640.0114    70     3677.0000     3638.0000   356055    1.06%
  23163 19166     3640.0194    70     3677.0000     3638.0000   356058    1.06%
  23164 19167     3640.0196    71     3677.0000     3638.0000   356059    1.06%
  23165 19168     3640.0196    71     3677.0000     3638.0000   356060    1.06%
  23166 19169     3640.0515    69     3677.0000     3638.0000   356072    1.06%
  23167 19170     3640.3699    72     3677.0000     3638.0000   356117    1.06%
  23168 19171     3642.1162    72     3677.0000     3638.0000   356203    1.06%
  23169 19172     3642.1427    72     3677.0000     3638.0000   356209    1.06%
Elapsed time = 19.41 sec. (28593.51 ticks, tree = 80.35 MB, solutions = 24)
* 23758 19486      integral     0     3675.0000     3638.0000   377300    1.01%
  24685 20313     3638.0000    49     3675.0000     3638.0000   409017    1.01%
  24686 20314     3638.0000    40     3675.0000     3638.0000   409075    1.01%
  24687 20315     3638.0000    53     3675.0000     3638.0000   409178    1.01%
  24688 20316     3638.0000    41     3675.0000     3638.0000   409204    1.01%
  24689 20317     3638.0000    53     3675.0000     3638.0000   409240    1.01%
  24690 20318     3638.0000    56     3675.0000     3638.0000   409281    1.01%
  24691 20319     3638.0000    47     3675.0000     3638.0000   409291    1.01%
  24692 20320     3638.0000    50     3675.0000     3638.0000   409309    1.01%
  24693 20321     3638.0000    44     3675.0000     3638.0000   409314    1.01%
  24694 20322     3638.0000    44     3675.0000     3638.0000   409316    1.01%
Elapsed time = 21.90 sec. (32425.79 ticks, tree = 88.41 MB, solutions = 25)
  26093 21624     3638.0000    75     3675.0000     3638.0000   455887    1.01%
  26094 21625     3638.0000    70     3675.0000     3638.0000   455901    1.01%
  26095 21626     3638.0000    53     3675.0000     3638.0000   456007    1.01%
  26096 21627     3638.0000    51     3675.0000     3638.0000   456012    1.01%
  26097 21628     3638.0000    50     3675.0000     3638.0000   456029    1.01%
  26098 21629     3638.0000    48     3675.0000     3638.0000   456049    1.01%
  26099 21630     3638.0000    47     3675.0000     3638.0000   456079    1.01%
  26100 21631     3638.0000    51     3675.0000     3638.0000   456099    1.01%
  26101 21632     3638.0000    53     3675.0000     3638.0000   456125    1.01%
  26102 21633     3638.0000    58     3675.0000     3638.0000   456242    1.01%
Elapsed time = 24.44 sec. (36283.92 ticks, tree = 97.28 MB, solutions = 25)
  27354 22759        cutoff           3675.0000     3638.0000   506073    1.01%
  27355 22758        cutoff           3675.0000     3638.0000   506214    1.01%
  27356 22759     3638.0000    73     3675.0000     3638.0000   506559    1.01%
  27357 22760     3638.0000    60     3675.0000     3638.0000   506591    1.01%
  27358 22761     3638.0000    50     3675.0000     3638.0000   506655    1.01%
  27359 22762     3638.0000    46     3675.0000     3638.0000   506685    1.01%
  27360 22763     3638.0000    43     3675.0000     3638.0000   506704    1.01%
  27361 22764     3638.0000    47     3675.0000     3638.0000   506711    1.01%
  27362 22765     3638.0000    49     3675.0000     3638.0000   506759    1.01%
  27363 22766     3638.0000    44     3675.0000     3638.0000   506780    1.01%
Elapsed time = 26.97 sec. (40181.99 ticks, tree = 105.26 MB, solutions = 25)
  28935 24192     3638.2142    70     3675.0000     3638.0000   547739    1.01%
  28936 24193     3638.2148    68     3675.0000     3638.0000   547743    1.01%
  28937 24194     3638.7452    68     3675.0000     3638.0000   547870    1.01%
  28938 24195     3638.7453    68     3675.0000     3638.0000   547874    1.01%
  28939 24196     3638.8065    64     3675.0000     3638.0000   547899    1.01%
  28940 24197     3639.3754    72     3675.0000     3638.0000   547931    1.01%
  28941 24198     3639.5773    75     3675.0000     3638.0000   547941    1.01%
  28942 24199     3639.5821    73     3675.0000     3638.0000   547948    1.01%
  28943 24200     3641.2583    74     3675.0000     3638.0000   547992    1.01%
  28944 24201     3641.3756    78     3675.0000     3638.0000   548005    1.01%
Elapsed time = 29.48 sec. (44046.56 ticks, tree = 115.49 MB, solutions = 25)
  29962 24950     3655.7172    48     3675.0000     3638.0000   600504    1.01%
  29963 24951     3656.1547    46     3675.0000     3638.0000   600535    1.01%
  29964 24952     3656.1555    44     3675.0000     3638.0000   600536    1.01%
  29965 24953     3656.1555    42     3675.0000     3638.0000   600537    1.01%
  29966 24954     3656.7076    39     3675.0000     3638.0000   600548    1.01%
  29967 24955     3656.7619    42     3675.0000     3638.0000   600562    1.01%
  29968 24956     3656.7641    41     3675.0000     3638.0000   600563    1.01%
  29969 24957     3656.7641    36     3675.0000     3638.0000   600564    1.01%
  29970 24958     3656.7703    36     3675.0000     3638.0000   600571    1.01%
  29971 24959     3656.7707    36     3675.0000     3638.0000   600573    1.01%
Elapsed time = 32.03 sec. (47867.23 ticks, tree = 121.34 MB, solutions = 25)
  30753 25657     3638.0000    90     3675.0000     3638.0000   637243    1.01%
  30754 25658     3638.0000    80     3675.0000     3638.0000   637351    1.01%
  30755 25659     3638.0000    92     3675.0000     3638.0000   637494    1.01%
  30756 25660     3638.0000    91     3675.0000     3638.0000   637499    1.01%
  30757 25661     3638.0000   102     3675.0000     3638.0000   637629    1.01%
  30758 25662     3638.0000    89     3675.0000     3638.0000   637733    1.01%
  30759 25663     3638.0000    88     3675.0000     3638.0000   637735    1.01%
  30760 25664     3638.0000    90     3675.0000     3638.0000   637838    1.01%
  30761 25665     3638.0000    94     3675.0000     3638.0000   637924    1.01%
  30762 25666     3638.0000    88     3675.0000     3638.0000   637930    1.01%
Elapsed time = 34.64 sec. (51746.56 ticks, tree = 127.01 MB, solutions = 25)
  31558 26385     3650.6087    72     3675.0000     3638.0000   680483    1.01%
  31559 26386     3650.6728    74     3675.0000     3638.0000   680493    1.01%
  31560 26387     3650.9196    71     3675.0000     3638.0000   680509    1.01%
  31561 26388     3650.9290    72     3675.0000     3638.0000   680512    1.01%
  31562 26389     3650.9321    72     3675.0000     3638.0000   680514    1.01%
  31563 26390     3650.9514    68     3675.0000     3638.0000   680517    1.01%
  31564 26391     3650.9532    71     3675.0000     3638.0000   680519    1.01%
  31565 26391     3650.9569    71     3675.0000     3638.0000   680520    1.01%
  31566 26392     3650.9569    71     3675.0000     3638.0000   680520    1.01%
  31567 26392     3651.0745    71     3675.0000     3638.0000   680534    1.01%
Elapsed time = 37.11 sec. (55572.28 ticks, tree = 132.93 MB, solutions = 25)
  32405 27104     3639.4460    97     3675.0000     3638.0000   722696    1.01%
  32406 27105     3639.4532    97     3675.0000     3638.0000   722701    1.01%
  32407 27106     3639.4759    98     3675.0000     3638.0000   722713    1.01%
  32408 27107     3639.5748    96     3675.0000     3638.0000   722737    1.01%
  32409 27108     3639.7429    96     3675.0000     3638.0000   722773    1.01%
  32410 27109     3639.7432    93     3675.0000     3638.0000   722775    1.01%
  32411 27110     3639.7694    92     3675.0000     3638.0000   722782    1.01%
  32412 27111     3639.8795    95     3675.0000     3638.0000   722809    1.01%
  32413 27112     3640.2881    96     3675.0000     3638.0000   722848    1.01%
  32414 27113     3640.2883    95     3675.0000     3638.0000   722849    1.01%
Elapsed time = 39.63 sec. (59399.93 ticks, tree = 139.09 MB, solutions = 25)
  33371 27967        cutoff           3675.0000     3638.0000   767918    1.01%
  33372 27968     3638.0000   119     3675.0000     3638.0000   768456    1.01%
  33373 27969     3638.0000   109     3675.0000     3638.0000   768466    1.01%
  33374 27970     3638.0000   103     3675.0000     3638.0000   768509    1.01%
  33375 27971     3638.0000   103     3675.0000     3638.0000   768512    1.01%
  33376 27972     3638.0000   102     3675.0000     3638.0000   768515    1.01%
  33377 27973     3638.0000    90     3675.0000     3638.0000   768636    1.01%
  33378 27974     3638.0000    83     3675.0000     3638.0000   768764    1.01%
  33379 27975     3638.0000    81     3675.0000     3638.0000   769035    1.01%
  33380 27976     3638.0000    78     3675.0000     3638.0000   769046    1.01%
Elapsed time = 42.26 sec. (63389.87 ticks, tree = 146.56 MB, solutions = 25)
  34117 28589     3642.4995    87     3675.0000     3638.0000   810094    1.01%
  34118 28590     3642.5012    87     3675.0000     3638.0000   810097    1.01%
  34119 28591     3642.5015    87     3675.0000     3638.0000   810098    1.01%
  34120 28592     3642.7910    91     3675.0000     3638.0000   810146    1.01%
  34121 28593     3642.7932    86     3675.0000     3638.0000   810155    1.01%
  34122 28594     3644.1181    86     3675.0000     3638.0000   810289    1.01%
  34123 28595     3644.1807    83     3675.0000     3638.0000   810311    1.01%
  34124 28596     3644.1808    83     3675.0000     3638.0000   810313    1.01%
  34125 28597     3644.1847    83     3675.0000     3638.0000   810323    1.01%
  34126 28598     3644.2935    87     3675.0000     3638.0000   810371    1.01%
Elapsed time = 44.81 sec. (67228.49 ticks, tree = 152.16 MB, solutions = 25)
  35150 29502     3638.0000   109     3675.0000     3638.0000   851977    1.01%
  35151 29503     3638.0000   103     3675.0000     3638.0000   851989    1.01%
  35152 29504     3638.0000   106     3675.0000     3638.0000   852429    1.01%
  35153 29505     3638.0000    97     3675.0000     3638.0000   852722    1.01%
  35154 29506     3638.0000    96     3675.0000     3638.0000   852770    1.01%
  35155 29507     3638.0000    90     3675.0000     3638.0000   852930    1.01%
  35156 29508     3638.0019   109     3675.0000     3638.0000   853697    1.01%
  35157 29509     3638.0076   123     3675.0000     3638.0000   853742    1.01%
  35158 29510     3638.0165   113     3675.0000     3638.0000   853788    1.01%
  35159 29511     3638.0165   108     3675.0000     3638.0000   853790    1.01%
Elapsed time = 47.46 sec. (71207.99 ticks, tree = 160.57 MB, solutions = 25)
  35987 30229     3638.0000   107     3675.0000     3638.0000   893545    1.01%
  35988 30230     3638.0000    95     3675.0000     3638.0000   893573    1.01%
  35989 30231     3638.0000    90     3675.0000     3638.0000   893586    1.01%
  35990 30232     3638.0000    80     3675.0000     3638.0000   893721    1.01%
  35991 30233     3638.0000    72     3675.0000     3638.0000   893730    1.01%
  35992 30234     3638.0000    79     3675.0000     3638.0000   893825    1.01%
  35993 30235     3638.0000    78     3675.0000     3638.0000   893868    1.01%
  35994 30236     3638.0000    85     3675.0000     3638.0000   894086    1.01%
  35995 30237     3638.0000    73     3675.0000     3638.0000   894102    1.01%
  35996 30238     3638.0000    67     3675.0000     3638.0000   894180    1.01%
Elapsed time = 50.07 sec. (75128.82 ticks, tree = 167.27 MB, solutions = 25)
  36807 30873     3640.0169   116     3675.0000     3638.0000   940444    1.01%
  36808 30874     3641.5393    96     3675.0000     3638.0000   940571    1.01%
  36809 30875     3641.5453    96     3675.0000     3638.0000   940581    1.01%
  36810 30876     3641.5472    95     3675.0000     3638.0000   940585    1.01%
  36811 30877     3642.0493   105     3675.0000     3638.0000   940671    1.01%
  36812 30878     3642.0519   105     3675.0000     3638.0000   940673    1.01%
  36813 30879     3642.0530   101     3675.0000     3638.0000   940675    1.01%
  36814 30880     3642.0530   101     3675.0000     3638.0000   940676    1.01%
  36815 30881     3642.0554    99     3675.0000     3638.0000   940685    1.01%
  36816 30882     3642.1403    93     3675.0000     3638.0000   940711    1.01%
Elapsed time = 52.71 sec. (79045.73 ticks, tree = 173.41 MB, solutions = 25)
* 37435+31114                         3674.0000     3638.0000             0.98%
  37502 31172     3664.4191    54     3674.0000     3638.0000   985149    0.98%
  37503 31173     3664.4195    53     3674.0000     3638.0000   985152    0.98%
  37504 31174     3664.4659    49     3674.0000     3638.0000   985168    0.98%
  37505 31175     3664.4806    49     3674.0000     3638.0000   985175    0.98%
  37506 31176     3664.8233    51     3674.0000     3638.0000   985192    0.98%
  37507 31175        cutoff           3674.0000     3638.0000   985195    0.98%
  37508 31175     3665.4272    47     3674.0000     3638.0000   985244    0.98%
  37509 31176     3665.4272    47     3674.0000     3638.0000   985245    0.98%
  37510 31177     3665.4272    47     3674.0000     3638.0000   985246    0.98%
  37511 31177     3665.4340    44     3674.0000     3638.0000   985248    0.98%
Elapsed time = 55.30 sec. (82873.77 ticks, tree = 177.15 MB, solutions = 26)
  38335 31869     3638.0000    95     3674.0000     3638.0000  1031121    0.98%
  38336 31870     3638.0000    85     3674.0000     3638.0000  1031141    0.98%
  38337 31871     3638.0000    82     3674.0000     3638.0000  1031222    0.98%
  38338 31872     3638.0000    84     3674.0000     3638.0000  1031345    0.98%
  38339 31873     3638.0000    79     3674.0000     3638.0000  1031481    0.98%
  38340 31874     3638.0000    88     3674.0000     3638.0000  1031620    0.98%
  38341 31875     3638.0000    98     3674.0000     3638.0000  1031794    0.98%
  38342 31876     3638.0000    80     3674.0000     3638.0000  1031832    0.98%
  38343 31877     3638.0000    75     3674.0000     3638.0000  1031865    0.98%
  38344 31878     3638.0000    70     3674.0000     3638.0000  1031922    0.98%
Elapsed time = 58.53 sec. (87164.21 ticks, tree = 183.74 MB, solutions = 26)
  39176 32652     3640.3279   102     3674.0000     3638.0000  1081179    0.98%
  39177 32653     3640.5748    97     3674.0000     3638.0000  1081234    0.98%
  39178 32654     3640.5767    96     3674.0000     3638.0000  1081240    0.98%
  39179 32655     3640.6139    94     3674.0000     3638.0000  1081253    0.98%
  39180 32656     3640.6491    95     3674.0000     3638.0000  1081259    0.98%
  39181 32657     3640.6606    96     3674.0000     3638.0000  1081265    0.98%
  39182 32658     3640.7227    92     3674.0000     3638.0000  1081274    0.98%
  39183 32659     3640.7589    85     3674.0000     3638.0000  1081287    0.98%
  39184 32660     3640.7902    83     3674.0000     3638.0000  1081299    0.98%
  39185 32661     3640.8429    92     3674.0000     3638.0000  1081316    0.98%
Elapsed time = 61.00 sec. (90997.89 ticks, tree = 190.99 MB, solutions = 26)
  40059 33498     3638.0000    97     3674.0000     3638.0000  1127030    0.98%
  40060 33499     3638.0000    94     3674.0000     3638.0000  1127033    0.98%
  40061 33500     3638.0000    89     3674.0000     3638.0000  1127172    0.98%
  40062 33501     3638.0000    84     3674.0000     3638.0000  1127174    0.98%
  40063 33502     3638.0000    83     3674.0000     3638.0000  1127177    0.98%
  40064 33503     3638.0000    88     3674.0000     3638.0000  1127316    0.98%
  40065 33504     3638.0000    73     3674.0000     3638.0000  1127404    0.98%
  40066 33505     3638.0000    92     3674.0000     3638.0000  1127549    0.98%
  40067 33506     3638.0000    74     3674.0000     3638.0000  1127581    0.98%
  40068 33507     3638.0000    69     3674.0000     3638.0000  1127678    0.98%
Elapsed time = 63.49 sec. (94871.73 ticks, tree = 199.69 MB, solutions = 26)
  41035 34422     3638.0000    99     3674.0000     3638.0000  1169991    0.98%
  41036 34423     3638.0000    85     3674.0000     3638.0000  1169999    0.98%
  41037 34424     3638.0000    80     3674.0000     3638.0000  1170051    0.98%
  41038 34425     3638.0000    79     3674.0000     3638.0000  1170210    0.98%
  41039 34426     3638.0000    65     3674.0000     3638.0000  1170278    0.98%
  41040 34427     3638.0000    64     3674.0000     3638.0000  1170279    0.98%
  41041 34428     3638.0000    63     3674.0000     3638.0000  1170287    0.98%
  41042 34429     3638.0000    74     3674.0000     3638.0000  1170428    0.98%
  41043 34430     3638.0000    73     3674.0000     3638.0000  1170429    0.98%
  41044 34431     3638.0000    72     3674.0000     3638.0000  1170432    0.98%
Elapsed time = 66.16 sec. (98958.97 ticks, tree = 208.15 MB, solutions = 26)
  42033 35362     3638.0529   112     3674.0000     3638.0000  1218080    0.98%
  42034 35363     3638.0677   115     3674.0000     3638.0000  1218117    0.98%
  42035 35364     3638.0678   115     3674.0000     3638.0000  1218119    0.98%
  42036 35365     3638.0999   118     3674.0000     3638.0000  1218181    0.98%
  42037 35366     3638.1005   121     3674.0000     3638.0000  1218188    0.98%
  42038 35367     3638.1008   121     3674.0000     3638.0000  1218189    0.98%
  42039 35368     3638.1011   118     3674.0000     3638.0000  1218195    0.98%
  42040 35369     3638.1034   115     3674.0000     3638.0000  1218204    0.98%
  42041 35370     3638.1267   114     3674.0000     3638.0000  1218241    0.98%
  42042 35371     3638.1281   114     3674.0000     3638.0000  1218243    0.98%
Elapsed time = 68.66 sec. (102829.71 ticks, tree = 216.77 MB, solutions = 26)
  43062 36289     3640.6773   100     3674.0000     3638.0000  1264472    0.98%
  43063 36290     3640.6775   100     3674.0000     3638.0000  1264473    0.98%
  43064 36291     3640.6776   100     3674.0000     3638.0000  1264474    0.98%
  43065 36292     3640.8124   107     3674.0000     3638.0000  1264512    0.98%
  43066 36293     3640.8124   107     3674.0000     3638.0000  1264514    0.98%
  43067 36294     3640.8299   101     3674.0000     3638.0000  1264528    0.98%
  43068 36295     3640.8306   102     3674.0000     3638.0000  1264531    0.98%
  43069 36296     3640.8309   100     3674.0000     3638.0000  1264534    0.98%
  43070 36297     3640.8443    95     3674.0000     3638.0000  1264548    0.98%
  43071 36298     3640.8444    95     3674.0000     3638.0000  1264549    0.98%
Elapsed time = 71.16 sec. (106657.24 ticks, tree = 225.33 MB, solutions = 26)
  43832 36939     3638.0000    67     3674.0000     3638.0000  1305861    0.98%
  43833 36940     3638.0000    59     3674.0000     3638.0000  1305982    0.98%
  43834 36941     3638.0000    54     3674.0000     3638.0000  1305987    0.98%
  43835 36942     3638.0000    61     3674.0000     3638.0000  1305996    0.98%
  43836 36943     3638.0000    59     3674.0000     3638.0000  1306031    0.98%
  43837 36944     3638.0000    60     3674.0000     3638.0000  1306060    0.98%
  43838 36945     3638.0000    66     3674.0000     3638.0000  1306177    0.98%
  43839 36946     3638.0000    45     3674.0000     3638.0000  1306269    0.98%
  43840 36947     3638.0000    39     3674.0000     3638.0000  1306280    0.98%
  43841 36948     3638.0000    51     3674.0000     3638.0000  1306372    0.98%
Elapsed time = 73.73 sec. (110559.32 ticks, tree = 231.47 MB, solutions = 26)
  45206 38135     3639.9947    88     3674.0000     3638.0000  1351610    0.98%
  45207 38136     3640.0696    93     3674.0000     3638.0000  1351639    0.98%
  45208 38137     3640.0833    90     3674.0000     3638.0000  1351656    0.98%
  45209 38138     3640.0939    92     3674.0000     3638.0000  1351673    0.98%
  45210 38139     3640.0994    94     3674.0000     3638.0000  1351683    0.98%
  45211 38140     3640.1009    92     3674.0000     3638.0000  1351694    0.98%
  45212 38141     3640.1077    98     3674.0000     3638.0000  1351716    0.98%
  45213 38142     3640.1093    98     3674.0000     3638.0000  1351725    0.98%
  45214 38143     3640.1094    93     3674.0000     3638.0000  1351728    0.98%
  45215 38144     3640.1180   100     3674.0000     3638.0000  1351741    0.98%
Elapsed time = 76.22 sec. (114391.15 ticks, tree = 242.61 MB, solutions = 26)
  46183 38907     3649.3189    79     3674.0000     3638.0000  1398438    0.98%
  46184 38907     3657.4174    52     3674.0000     3638.0000  1398527    0.98%
  46185 38906        cutoff           3674.0000     3638.0000  1398603    0.98%
  46186 38907     3650.9542    67     3674.0000     3638.0000  1399483    0.98%
  46187 38908     3650.9542    63     3674.0000     3638.0000  1399490    0.98%
  46188 38907        cutoff           3674.0000     3638.0000  1399533    0.98%
  46189 38908     3651.7246    61     3674.0000     3638.0000  1399570    0.98%
  46190 38909     3651.8229    62     3674.0000     3638.0000  1399588    0.98%
  46191 38910     3651.8229    63     3674.0000     3638.0000  1399591    0.98%
  46192 38911     3651.8229    67     3674.0000     3638.0000  1399614    0.98%
Elapsed time = 78.87 sec. (118358.52 ticks, tree = 249.99 MB, solutions = 26)
  46845 39365     3666.4850    16     3674.0000     3638.0000  1441291    0.98%
  46846 39366     3666.4850    16     3674.0000     3638.0000  1441294    0.98%
  46847 39367     3666.4850    21     3674.0000     3638.0000  1441326    0.98%
  46848 39368     3666.4850    21     3674.0000     3638.0000  1441329    0.98%
  46849 39369     3666.5031    19     3674.0000     3638.0000  1441335    0.98%
  46850 39368        cutoff           3674.0000     3638.0000  1441353    0.98%
  46851 39369     3666.5031    18     3674.0000     3638.0000  1441362    0.98%
  46852 39370     3666.5031    15     3674.0000     3638.0000  1441365    0.98%
  46853 39371     3666.5031    13     3674.0000     3638.0000  1441367    0.98%
  46854 39372     3669.0000     8     3674.0000     3638.0000  1441392    0.98%
Elapsed time = 81.44 sec. (122179.50 ticks, tree = 254.51 MB, solutions = 26)
  47655 40028     3638.1107   121     3674.0000     3638.0000  1481526    0.98%
  47656 40029     3638.1242   122     3674.0000     3638.0000  1481541    0.98%
  47657 40030     3638.1247   119     3674.0000     3638.0000  1481545    0.98%
  47658 40031     3638.1247   119     3674.0000     3638.0000  1481546    0.98%
  47659 40032     3638.1248   119     3674.0000     3638.0000  1481547    0.98%
  47660 40033     3638.1291   119     3674.0000     3638.0000  1481561    0.98%
  47661 40034     3638.5376   127     3674.0000     3638.0000  1481664    0.98%
  47662 40035     3638.5870   128     3674.0000     3638.0000  1481710    0.98%
  47663 40036     3638.5878   131     3674.0000     3638.0000  1481719    0.98%
  47664 40037     3638.5878   130     3674.0000     3638.0000  1481720    0.98%
Elapsed time = 83.97 sec. (126012.29 ticks, tree = 260.70 MB, solutions = 26)
  48441 40732     3638.0000   104     3674.0000     3638.0000  1527971    0.98%
  48442 40733     3638.0000   100     3674.0000     3638.0000  1527974    0.98%
  48443 40734     3638.0000    99     3674.0000     3638.0000  1527977    0.98%
  48444 40735     3638.0000   110     3674.0000     3638.0000  1528267    0.98%
  48445 40736     3638.0000   102     3674.0000     3638.0000  1528271    0.98%
  48446 40737     3638.0000   101     3674.0000     3638.0000  1528274    0.98%
  48447 40738     3638.0000   100     3674.0000     3638.0000  1528278    0.98%
  48448 40739     3638.0000   107     3674.0000     3638.0000  1528509    0.98%
  48449 40740     3638.0000   111     3674.0000     3638.0000  1528649    0.98%
  48450 40741     3638.0000    95     3674.0000     3638.0000  1528807    0.98%
Elapsed time = 86.50 sec. (129911.14 ticks, tree = 267.18 MB, solutions = 26)
  49072 41312     3658.6262    50     3674.0000     3638.0000  1576748    0.98%
  49073 41311        cutoff           3674.0000     3638.0000  1576761    0.98%
  49074 41310        cutoff           3674.0000     3638.0000  1576845    0.98%
  49075 41311     3639.8173   115     3674.0000     3638.0000  1577813    0.98%
  49076 41312     3640.9184    99     3674.0000     3638.0000  1577951    0.98%
  49077 41313     3640.9572    97     3674.0000     3638.0000  1577974    0.98%
  49078 41314     3640.9681    99     3674.0000     3638.0000  1577989    0.98%
  49079 41315     3640.9999   104     3674.0000     3638.0000  1578003    0.98%
  49080 41316     3641.0018   103     3674.0000     3638.0000  1578005    0.98%
  49081 41317     3641.0367   104     3674.0000     3638.0000  1578034    0.98%
Elapsed time = 89.11 sec. (133830.05 ticks, tree = 272.48 MB, solutions = 26)
  49813 41889     3638.0000   122     3674.0000     3638.0000  1624147    0.98%
  49814 41890     3638.0000   103     3674.0000     3638.0000  1624160    0.98%
  49815 41891     3638.0000    96     3674.0000     3638.0000  1624257    0.98%
  49816 41892     3638.0000    89     3674.0000     3638.0000  1624434    0.98%
  49817 41893     3638.0000    87     3674.0000     3638.0000  1624503    0.98%
  49818 41894     3638.0000   100     3674.0000     3638.0000  1624701    0.98%
  49819 41895     3638.0000    88     3674.0000     3638.0000  1624703    0.98%
  49820 41896     3638.4656   116     3674.0000     3638.0000  1625557    0.98%
  49821 41897     3638.4757   123     3674.0000     3638.0000  1625575    0.98%
  49822 41898     3638.4776   121     3674.0000     3638.0000  1625579    0.98%
Elapsed time = 91.75 sec. (137765.58 ticks, tree = 277.97 MB, solutions = 26)
  50385 42413     3638.1331   111     3674.0000     3638.0000  1652016    0.98%
  50386 42414     3638.1333   109     3674.0000     3638.0000  1652022    0.98%
  50387 42415     3638.1338   106     3674.0000     3638.0000  1652024    0.98%
  50388 42416     3638.1840   109     3674.0000     3638.0000  1652074    0.98%
  50389 42417     3639.0389    92     3674.0000     3638.0000  1652223    0.98%
  50390 42418     3639.2498   106     3674.0000     3638.0000  1652325    0.98%
  50391 42419     3639.2107    98     3674.0000     3638.0000  1652387    0.98%
  50392 42420     3639.2111    92     3674.0000     3638.0000  1652391    0.98%
  50393 42421     3639.2179    94     3674.0000     3638.0000  1652396    0.98%
  50394 42422     3641.5874   100     3674.0000     3638.0000  1652531    0.98%
Elapsed time = 94.28 sec. (141625.96 ticks, tree = 282.79 MB, solutions = 26)
  50835 42801     3638.3759   110     3674.0000     3638.0000  1687678    0.98%
  50836 42802     3638.4152   113     3674.0000     3638.0000  1687706    0.98%
  50837 42803     3638.4153   112     3674.0000     3638.0000  1687708    0.98%
  50838 42804     3638.4242   115     3674.0000     3638.0000  1687730    0.98%
  50839 42805     3638.4243   115     3674.0000     3638.0000  1687733    0.98%
  50840 42806     3638.4244   115     3674.0000     3638.0000  1687735    0.98%
  50841 42807     3638.4244   114     3674.0000     3638.0000  1687736    0.98%
  50842 42808     3638.5567   109     3674.0000     3638.0000  1687776    0.98%
  50843 42809     3638.8426   111     3674.0000     3638.0000  1687853    0.98%
  50844 42810     3638.8441   112     3674.0000     3638.0000  1687860    0.98%
Elapsed time = 97.26 sec. (145869.79 ticks, tree = 286.36 MB, solutions = 26)
  51387 43246     3638.0000    78     3674.0000     3638.0000  1712958    0.98%
  51388 43247     3638.0000    76     3674.0000     3638.0000  1712971    0.98%
  51389 43248     3638.0000    90     3674.0000     3638.0000  1713128    0.98%
  51390 43249     3638.0000    93     3674.0000     3638.0000  1713319    0.98%
  51391 43250     3638.0000    75     3674.0000     3638.0000  1713415    0.98%

Cover cuts applied:  289
Mixed integer rounding cuts applied:  295
Zero-half cuts applied:  4
Gomory fractional cuts applied:  4

Root node processing (before b&c):
  Real time             =    0.11 sec. (131.35 ticks)
Sequential b&c:
  Real time             =   99.89 sec. (149612.94 ticks)
                          ------------
Total (root+branch&cut) =  100.00 sec. (149744.28 ticks)

Solution pool: 26 solutions saved.

MIP - Time limit exceeded, integer feasible:  Objective =  3.6740000000e+03
Current MIP best bound =  3.6380000000e+03 (gap = 36, 0.98%)
Solution time =  100.00 sec.  Iterations = 1713693  Nodes = 51392 (43250)
Deterministic time = 149744.29 ticks  (1497.43 ticks/sec)


Incumbent solution written to file '/tmp/tmpdPjP7_.cplex.sol'.
