
Log started (V12.6.3.0) Fri Apr 20 22:01:32 2018

New value for default parallel thread count: 1

Problem '/tmp/tmpMfEVzX.pyomo.lp' read.
Read time = 0.02 sec. (2.16 ticks)

Problem name         : /tmp/tmpMfEVzX.pyomo.lp
Objective sense      : Minimize
Variables            :    1746  [Nneg: 1,  Binary: 1728,  General Integer: 17]
Objective nonzeros   :       1
Linear constraints   :     250  [Less: 124,  Equal: 126]
  Nonzeros           :  157417
  RHS nonzeros       :     217

Variables            : Min LB: 0.000000         Max UB: 1.000000       
Objective nonzeros   : Min   : 1.000000         Max   : 1.000000       
Linear constraints   :
  Nonzeros           : Min   : 1.000000         Max   : 1715.000       
  RHS nonzeros       : Min   : 1.000000         Max   : 11.00000       
Tried aggregator 2 times.
MIP Presolve eliminated 111 rows and 194 columns.
Aggregator did 21 substitutions.
Reduced MIP has 118 rows, 1531 columns, and 4321 nonzeros.
Reduced MIP has 1530 binaries, 1 generals, 0 SOSs, and 0 indicators.
Presolve time = 0.03 sec. (27.96 ticks)
Found incumbent of value 54562.000000 after 0.03 sec. (32.80 ticks)
Probing time = 0.00 sec. (1.99 ticks)
Tried aggregator 1 time.
Reduced MIP has 118 rows, 1531 columns, and 4321 nonzeros.
Reduced MIP has 1530 binaries, 1 generals, 0 SOSs, and 0 indicators.
Presolve time = 0.00 sec. (2.17 ticks)
Probing time = 0.00 sec. (1.98 ticks)
Clique table members: 102.
MIP emphasis: balance optimality and feasibility.
MIP search method: dynamic search.
Parallel mode: none, using 1 thread.
Root relaxation solution time = 0.00 sec. (2.91 ticks)

        Nodes                                         Cuts/
   Node  Left     Objective  IInf  Best Integer    Best Bound    ItCnt     Gap

*     0+    0                        54562.0000        0.0000           100.00%
      0     0     3637.4667    24    54562.0000     3637.4667       83   93.33%
*     0+    0                         4801.0000     3637.4667            24.24%
      0     0     3638.0000    25     4801.0000     Fract: 10      109   24.22%
*     0+    0                         4798.0000     3638.0000            24.18%
      0     0     3638.0000    30     4798.0000      Cuts: 31      185   24.18%
*     0+    0                         4600.0000     3638.0000            20.91%
      0     0     3638.0000    35     4600.0000      Cuts: 19      242   20.91%
*     0+    0                         4273.0000     3638.0000            14.86%
*     0+    0                         4205.0000     3638.0000            13.48%
      0     2     3638.0000    25     4205.0000     3638.0000      242   13.48%
Elapsed time = 0.10 sec. (129.33 ticks, tree = 0.01 MB, solutions = 6)
*    20+   20                         4138.0000     3638.0000            12.08%
*    30+   30                         3967.0000     3638.0000             8.29%
*    80+   76                         3939.0000     3638.0000             7.64%
*   170+  162                         3925.0000     3638.0000             7.31%
*   170+  155                         3863.0000     3638.0000             5.82%
*   534+  499                         3847.0000     3638.0000             5.43%
*   534+  492                         3808.0000     3638.0000             4.46%
    534   494     3638.0000    28     3808.0000     3638.0000     3110    4.46%
*   535+  329                         3806.0000     3638.0000             4.41%
*   535+  218                         3796.0000     3638.0000             4.16%
    535   219     3638.0000    27     3796.0000     3638.0000     3506    4.16%
    536   219     3638.0000    28     3796.0000     3638.0000     3512    4.16%
    537   220     3638.0000    29     3796.0000     3638.0000     3519    4.16%
    538   221     3638.0000    29     3796.0000     3638.0000     3523    4.16%
    539   221     3638.0000    28     3796.0000     3638.0000     3527    4.16%
    540   222     3638.0000    24     3796.0000     3638.0000     3536    4.16%
    541   223     3638.0000    25     3796.0000     3638.0000     3538    4.16%
    542   223     3638.0000    26     3796.0000     3638.0000     3541    4.16%
*   635+  199                         3795.0000     3638.0000             4.14%
*   635+  160                         3792.0000     3638.0000             4.06%
*   635+  133                         3789.0000     3638.0000             3.99%
    735   169     3638.0000    27     3789.0000     3638.0000     4383    3.99%
Elapsed time = 0.92 sec. (1241.90 ticks, tree = 0.38 MB, solutions = 18)
*   835+  251                         3783.0000     3638.0000             3.83%
*   835+  251                         3771.0000     3638.0000             3.53%
*   935+  317                         3762.0000     3638.0000             3.30%
*  1035+  388                         3755.0000     3638.0000             3.12%
*  1135+  435                         3738.0000     3638.0000             2.68%
   1319   531     3638.0000    20     3738.0000     3638.0000     6390    2.68%
   1320   532     3638.0000    28     3738.0000     3638.0000     6415    2.68%
   1321   533     3638.0000    27     3738.0000     3638.0000     6417    2.68%
   1322   534     3638.0000    28     3738.0000     3638.0000     6423    2.68%
   1323   535     3638.0000    26     3738.0000     3638.0000     6424    2.68%
   1324   536     3638.0000    28     3738.0000     3638.0000     6426    2.68%
   1325   537     3638.0000    26     3738.0000     3638.0000     6430    2.68%
   1326   538     3638.0000    26     3738.0000     3638.0000     6434    2.68%
   1327   539     3638.0000    28     3738.0000     3638.0000     6444    2.68%
   1328   540     3638.0000    26     3738.0000     3638.0000     6450    2.68%
Elapsed time = 1.65 sec. (2201.48 ticks, tree = 1.24 MB, solutions = 23)
   3188  1955     3656.8459    46     3738.0000     3638.0000    13899    2.68%
   3189  1956     3657.2953    46     3738.0000     3638.0000    13905    2.68%
   3190  1957     3657.2953    44     3738.0000     3638.0000    13906    2.68%
   3191  1958     3657.4941    45     3738.0000     3638.0000    13916    2.68%
   3192  1959     3657.5274    44     3738.0000     3638.0000    13924    2.68%
   3193  1960     3657.5459    42     3738.0000     3638.0000    13933    2.68%
   3194  1961     3658.0689    43     3738.0000     3638.0000    13935    2.68%
   3195  1962     3658.0822    41     3738.0000     3638.0000    13945    2.68%
   3196  1963     3658.1233    43     3738.0000     3638.0000    13955    2.68%
   3197  1964     3658.2023    41     3738.0000     3638.0000    13959    2.68%
Elapsed time = 2.28 sec. (3169.40 ticks, tree = 4.54 MB, solutions = 23)
   4251  2882     3638.0000    60     3738.0000     3638.0000    24499    2.68%
   4252  2883     3638.0000    58     3738.0000     3638.0000    24503    2.68%
   4253  2884     3638.0000    44     3738.0000     3638.0000    24556    2.68%
   4254  2885     3638.0000    46     3738.0000     3638.0000    24564    2.68%
   4255  2886     3638.0000    47     3738.0000     3638.0000    24569    2.68%
   4256  2887     3638.0000    47     3738.0000     3638.0000    24570    2.68%
   4257  2888     3638.0000    45     3738.0000     3638.0000    24635    2.68%
   4258  2889     3638.0000    39     3738.0000     3638.0000    24666    2.68%
   4259  2890     3638.0000    43     3738.0000     3638.0000    24730    2.68%
   4260  2891     3638.0000    44     3738.0000     3638.0000    24736    2.68%
Elapsed time = 2.91 sec. (4170.46 ticks, tree = 7.38 MB, solutions = 23)
*  4845+ 3224                         3724.0000     3638.0000             2.31%
*  4945+ 3305                         3723.0000     3638.0000             2.28%
   5020  3364     3654.3940    71     3723.0000     3638.0000    37114    2.28%
   5021  3365     3657.8793    60     3723.0000     3638.0000    37161    2.28%
   5022  3366     3659.0600    54     3723.0000     3638.0000    37185    2.28%
   5023  3367     3659.0794    48     3723.0000     3638.0000    37189    2.28%
   5024  3368     3659.3901    54     3723.0000     3638.0000    37222    2.28%
   5025  3369     3659.4597    59     3723.0000     3638.0000    37236    2.28%
   5026  3370     3659.4663    59     3723.0000     3638.0000    37237    2.28%
   5027  3371     3659.4822    59     3723.0000     3638.0000    37245    2.28%
   5028  3372     3659.4834    59     3723.0000     3638.0000    37247    2.28%
   5029  3373     3659.6522    59     3723.0000     3638.0000    37275    2.28%
Elapsed time = 3.52 sec. (5155.04 ticks, tree = 9.23 MB, solutions = 25)
   5567  3819     3654.7336    59     3723.0000     3638.0000    47937    2.28%
   5568  3820     3654.7554    53     3723.0000     3638.0000    47950    2.28%
   5569  3821     3654.7653    57     3723.0000     3638.0000    47956    2.28%
   5570  3822     3654.7834    57     3723.0000     3638.0000    47957    2.28%
   5571  3823     3654.8281    59     3723.0000     3638.0000    47964    2.28%
   5572  3824     3654.8379    53     3723.0000     3638.0000    47972    2.28%
   5573  3825     3655.1027    53     3723.0000     3638.0000    47985    2.28%
   5574  3826     3655.1029    53     3723.0000     3638.0000    47986    2.28%
   5575  3827     3655.1438    52     3723.0000     3638.0000    47996    2.28%
   5576  3828     3663.0066    59     3723.0000     3638.0000    48066    2.28%
Elapsed time = 4.09 sec. (6119.61 ticks, tree = 11.06 MB, solutions = 25)
   6310  4515     3649.1903    60     3723.0000     3638.0000    58008    2.28%
   6311  4516     3649.4121    57     3723.0000     3638.0000    58019    2.28%
   6312  4517     3649.4181    57     3723.0000     3638.0000    58021    2.28%
   6313  4518     3649.7334    58     3723.0000     3638.0000    58034    2.28%
   6314  4519     3649.7516    55     3723.0000     3638.0000    58039    2.28%
   6315  4520     3649.8320    61     3723.0000     3638.0000    58046    2.28%
   6316  4521     3649.8324    61     3723.0000     3638.0000    58047    2.28%
   6317  4522     3649.8733    65     3723.0000     3638.0000    58056    2.28%
   6318  4523     3649.8921    67     3723.0000     3638.0000    58063    2.28%
   6319  4524     3649.9005    70     3723.0000     3638.0000    58065    2.28%
Elapsed time = 4.67 sec. (7078.27 ticks, tree = 14.08 MB, solutions = 25)
   6897  5023     3713.6987    41     3723.0000     3638.0000    69520    2.28%
   6898  5024     3717.2738    37     3723.0000     3638.0000    69529    2.28%
   6899  5025     3717.2738    37     3723.0000     3638.0000    69530    2.28%
   6900  5024        cutoff           3723.0000     3638.0000    69535    2.28%
   6901  5023        cutoff           3723.0000     3638.0000    69537    2.28%
   6902  5024     3638.0000    62     3723.0000     3638.0000    69907    2.28%
   6903  5025     3638.0000    65     3723.0000     3638.0000    69935    2.28%
   6904  5026     3638.0000    59     3723.0000     3638.0000    70058    2.28%
   6905  5027     3638.0000    51     3723.0000     3638.0000    70095    2.28%
   6906  5028     3638.0000    54     3723.0000     3638.0000    70122    2.28%
Elapsed time = 5.33 sec. (8093.60 ticks, tree = 16.29 MB, solutions = 25)
   7441  5541     3670.5000    39     3723.0000     3638.0000    83215    2.28%
   7442  5542     3670.5000    40     3723.0000     3638.0000    83220    2.28%
   7443  5543     3670.5000    42     3723.0000     3638.0000    83266    2.28%
   7444  5543     3696.0000    44     3723.0000     3638.0000    83303    2.28%
   7445  5544     3696.0000    30     3723.0000     3638.0000    83329    2.28%
   7446  5544     3696.0000    21     3723.0000     3638.0000    83343    2.28%
   7447  5545     3696.0000    19     3723.0000     3638.0000    83345    2.28%
   7448  5546     3696.0000    21     3723.0000     3638.0000    83351    2.28%
   7449  5547     3696.0000    20     3723.0000     3638.0000    83355    2.28%
   7450  5548     3696.0000    24     3723.0000     3638.0000    83360    2.28%
Elapsed time = 5.91 sec. (9063.24 ticks, tree = 18.65 MB, solutions = 25)
   7878  5930     3659.4962    58     3723.0000     3638.0000    93196    2.28%
   7879  5931     3659.4725    60     3723.0000     3638.0000    93197    2.28%
   7880  5932     3659.6662    61     3723.0000     3638.0000    93224    2.28%
   7881  5933     3659.7274    59     3723.0000     3638.0000    93241    2.28%
   7882  5934     3659.7514    55     3723.0000     3638.0000    93244    2.28%
   7883  5935     3659.7633    55     3723.0000     3638.0000    93246    2.28%
   7884  5934        cutoff           3723.0000     3638.0000    93299    2.28%
   7885  5935     3659.7655    56     3723.0000     3638.0000    93301    2.28%
   7886  5936     3659.7662    57     3723.0000     3638.0000    93304    2.28%
*  8435+ 6218                         3711.0000     3638.0000             1.97%
   9379  7089     3655.7681    79     3711.0000     3638.0000   127492    1.97%
Elapsed time = 8.21 sec. (12878.08 ticks, tree = 26.38 MB, solutions = 26)
  11071  8604     3638.0000    63     3711.0000     3638.0000   173575    1.97%
  11072  8605     3638.0000    52     3711.0000     3638.0000   173664    1.97%
  11073  8606     3638.1429    75     3711.0000     3638.0000   173864    1.97%
  11074  8607     3638.3169    79     3711.0000     3638.0000   173882    1.97%
  11075  8608     3638.3170    77     3711.0000     3638.0000   173883    1.97%
  11076  8609     3638.3428    76     3711.0000     3638.0000   173886    1.97%
  11077  8610     3638.3428    76     3711.0000     3638.0000   173887    1.97%
  11078  8611     3638.3523    79     3711.0000     3638.0000   173898    1.97%
  11079  8612     3638.3541    78     3711.0000     3638.0000   173906    1.97%
  11080  8613     3638.4582    79     3711.0000     3638.0000   173910    1.97%
Elapsed time = 10.55 sec. (16720.64 ticks, tree = 34.34 MB, solutions = 26)
* 11195+ 8716                         3710.0000     3638.0000             1.94%
* 11195+ 8677                         3707.0000     3638.0000             1.86%
* 11195+ 8297                         3698.0000     3638.0000             1.62%
  12008  8990     3640.9272    83     3698.0000     3638.0000   195108    1.62%
  12009  8991     3642.6636    74     3698.0000     3638.0000   195179    1.62%
  12010  8992     3644.0002    72     3698.0000     3638.0000   195247    1.62%
  12011  8993     3644.0004    72     3698.0000     3638.0000   195248    1.62%
  12012  8994     3644.0057    72     3698.0000     3638.0000   195249    1.62%
  12013  8995     3644.0174    72     3698.0000     3638.0000   195256    1.62%
  12014  8996     3644.0210    73     3698.0000     3638.0000   195263    1.62%
  12015  8997     3644.0608    70     3698.0000     3638.0000   195273    1.62%
  12016  8998     3644.0845    69     3698.0000     3638.0000   195282    1.62%
  12017  8999     3644.0952    69     3698.0000     3638.0000   195284    1.62%
Elapsed time = 13.22 sec. (20598.09 ticks, tree = 36.83 MB, solutions = 29)
  13376 10090     3665.9855    35     3698.0000     3638.0000   242987    1.62%
  13377 10091     3665.9869    35     3698.0000     3638.0000   242991    1.62%
  13378 10092     3689.0000    20     3698.0000     3638.0000   243028    1.62%
  13379 10093     3689.0000    17     3698.0000     3638.0000   243078    1.62%
  13380 10094     3689.0000    19     3698.0000     3638.0000   243084    1.62%
  13381 10095     3689.0000    17     3698.0000     3638.0000   243104    1.62%
  13382 10094        cutoff           3698.0000     3638.0000   243107    1.62%
  13383 10093        cutoff           3698.0000     3638.0000   243118    1.62%
  13384 10092    infeasible           3698.0000     3638.0000   243118    1.62%
  13385 10092     3683.3713    42     3698.0000     3638.0000   243605    1.62%
Elapsed time = 15.56 sec. (24496.13 ticks, tree = 43.09 MB, solutions = 29)
  13870 10343     3641.7971    86     3698.0000     3638.0000   281328    1.62%
  13871 10344     3641.8405    81     3698.0000     3638.0000   281344    1.62%
  13872 10345     3641.8408    82     3698.0000     3638.0000   281346    1.62%
  13873 10346     3642.0065    86     3698.0000     3638.0000   281375    1.62%
  13874 10347     3642.4476    78     3698.0000     3638.0000   281425    1.62%
  13875 10348     3642.4481    81     3698.0000     3638.0000   281427    1.62%
  13876 10349     3643.2426    80     3698.0000     3638.0000   281460    1.62%
  13877 10350     3643.2533    78     3698.0000     3638.0000   281463    1.62%
  13878 10351     3643.6688    83     3698.0000     3638.0000   281490    1.62%
  13879 10352     3643.6698    83     3698.0000     3638.0000   281491    1.62%
Elapsed time = 18.09 sec. (28333.90 ticks, tree = 44.99 MB, solutions = 29)
  15245 11520        cutoff           3698.0000     3638.0000   319670    1.62%
  15246 11519        cutoff           3698.0000     3638.0000   320270    1.62%
  15247 11518        cutoff           3698.0000     3638.0000   320749    1.62%
  15248 11519     3681.5184    43     3698.0000     3638.0000   321377    1.62%
  15249 11520     3681.5184    42     3698.0000     3638.0000   321397    1.62%
  15250 11521     3681.5184    35     3698.0000     3638.0000   321405    1.62%
  15251 11522     3681.5510    35     3698.0000     3638.0000   321407    1.62%
  15252 11521        cutoff           3698.0000     3638.0000   321409    1.62%
  15253 11521     3681.5510    40     3698.0000     3638.0000   321455    1.62%
  15254 11522     3681.5510    39     3698.0000     3638.0000   321466    1.62%
Elapsed time = 20.63 sec. (32293.70 ticks, tree = 52.91 MB, solutions = 29)
* 15335+11350                         3694.0000     3638.0000             1.52%
* 15335+11267                         3692.0000     3638.0000             1.46%
  16129 11869        cutoff           3692.0000     3638.0000   360436    1.46%
  16130 11868        cutoff           3692.0000     3638.0000   360534    1.46%
  16131 11867    infeasible           3692.0000     3638.0000   360534    1.46%
  16132 11866        cutoff           3692.0000     3638.0000   360673    1.46%
  16133 11865        cutoff           3692.0000     3638.0000   360874    1.46%
  16134 11864        cutoff           3692.0000     3638.0000   361036    1.46%
  16135 11863        cutoff           3692.0000     3638.0000   361190    1.46%
  16136 11862    infeasible           3692.0000     3638.0000   361190    1.46%
  16137 11863     3654.4079    70     3692.0000     3638.0000   361924    1.46%
  16138 11864     3654.7432    64     3692.0000     3638.0000   361954    1.46%
Elapsed time = 23.21 sec. (36233.89 ticks, tree = 56.14 MB, solutions = 31)
  16808 12327        cutoff           3692.0000     3638.0000   399033    1.46%
  16809 12328     3675.6822    45     3692.0000     3638.0000   399623    1.46%
  16810 12329     3676.9631    43     3692.0000     3638.0000   399656    1.46%
  16811 12330     3678.6867    45     3692.0000     3638.0000   399674    1.46%
  16812 12331     3679.3969    42     3692.0000     3638.0000   399731    1.46%
  16813 12330        cutoff           3692.0000     3638.0000   399764    1.46%
  16814 12329    infeasible           3692.0000     3638.0000   399764    1.46%
  16815 12330     3666.5262    53     3692.0000     3638.0000   400253    1.46%
  16816 12331     3666.5264    53     3692.0000     3638.0000   400254    1.46%
  16817 12332     3666.5530    52     3692.0000     3638.0000   400255    1.46%
Elapsed time = 25.68 sec. (40194.94 ticks, tree = 59.73 MB, solutions = 31)
* 17135+12189                         3688.0000     3638.0000             1.36%
  17590 12570     3678.4021    39     3688.0000     3638.0000   436359    1.36%
  17591 12571     3678.4021    38     3688.0000     3638.0000   436361    1.36%
  17592 12572     3678.4021    38     3688.0000     3638.0000   436364    1.36%
  17593 12572     3678.4021    38     3688.0000     3638.0000   436367    1.36%
  17594 12573     3678.4021    37     3688.0000     3638.0000   436368    1.36%
  17595 12572    infeasible           3688.0000     3638.0000   436368    1.36%
  17596 12572     3678.4722    37     3688.0000     3638.0000   436384    1.36%
  17597 12572     3678.4722    36     3688.0000     3638.0000   436389    1.36%
  17598 12573     3678.4947    35     3688.0000     3638.0000   436392    1.36%
  17599 12574     3678.5155    35     3688.0000     3638.0000   436395    1.36%
Elapsed time = 28.09 sec. (44017.23 ticks, tree = 62.41 MB, solutions = 32)
  18668 13381     3661.9811    54     3688.0000     3638.0000   474165    1.36%
  18669 13382     3662.0162    54     3688.0000     3638.0000   474167    1.36%
  18670 13383     3662.0162    54     3688.0000     3638.0000   474169    1.36%
  18671 13384     3662.5935    53     3688.0000     3638.0000   474184    1.36%
  18672 13385     3662.6041    53     3688.0000     3638.0000   474185    1.36%
  18673 13386     3663.9243    55     3688.0000     3638.0000   474221    1.36%
  18674 13387     3664.0308    55     3688.0000     3638.0000   474238    1.36%
  18675 13388     3664.0635    52     3688.0000     3638.0000   474246    1.36%
  18676 13389     3664.0769    51     3688.0000     3638.0000   474247    1.36%
  18677 13389     3679.5918    38     3688.0000     3638.0000   474307    1.36%
Elapsed time = 30.51 sec. (47847.30 ticks, tree = 68.90 MB, solutions = 32)
  19642 14057     3658.7412    80     3688.0000     3638.0000   516202    1.36%
  19643 14058     3658.7415    79     3688.0000     3638.0000   516203    1.36%
  19644 14059     3658.7628    79     3688.0000     3638.0000   516211    1.36%
  19645 14060     3658.7633    79     3688.0000     3638.0000   516212    1.36%
  19646 14061     3658.8504    77     3688.0000     3638.0000   516215    1.36%
  19647 14060        cutoff           3688.0000     3638.0000   516390    1.36%
  19648 14061     3658.9425    80     3688.0000     3638.0000   516410    1.36%
  19649 14062     3658.9439    81     3688.0000     3638.0000   516413    1.36%
  19650 14063     3658.9456    80     3688.0000     3638.0000   516421    1.36%
  19651 14064     3658.9468    80     3688.0000     3638.0000   516423    1.36%
Elapsed time = 33.01 sec. (51738.68 ticks, tree = 74.35 MB, solutions = 32)
  20938 15227     3639.4527   114     3688.0000     3638.0000   551067    1.36%
  20939 15228     3639.5125   109     3688.0000     3638.0000   551091    1.36%
  20940 15229     3639.5267   116     3688.0000     3638.0000   551114    1.36%
  20941 15230     3639.5346   118     3688.0000     3638.0000   551120    1.36%
  20942 15231     3639.5791   112     3688.0000     3638.0000   551144    1.36%
  20943 15232     3639.6115   108     3688.0000     3638.0000   551157    1.36%
  20944 15233     3641.0453    87     3688.0000     3638.0000   551271    1.36%
  20945 15234     3641.0453    86     3688.0000     3638.0000   551274    1.36%
  20946 15235     3641.4745    93     3688.0000     3638.0000   551339    1.36%
  20947 15236     3641.4752    93     3688.0000     3638.0000   551340    1.36%
Elapsed time = 35.41 sec. (55690.79 ticks, tree = 83.37 MB, solutions = 32)
  21951 16009     3682.5357    45     3688.0000     3638.0000   588407    1.36%
  21952 16010     3672.7985    61     3688.0000     3638.0000   588422    1.36%
  21953 16011     3684.5719    43     3688.0000     3638.0000   588511    1.36%
  21954 16010        cutoff           3688.0000     3638.0000   588513    1.36%
  21955 16009        cutoff           3688.0000     3638.0000   588518    1.36%
  21956 16010     3672.0000    21     3688.0000     3638.0000   589080    1.36%
  21957 16009        cutoff           3688.0000     3638.0000   589121    1.36%
  21958 16008        cutoff           3688.0000     3638.0000   589168    1.36%
  21959 16007        cutoff           3688.0000     3638.0000   589460    1.36%
  21960 16006        cutoff           3688.0000     3638.0000   589827    1.36%
Elapsed time = 37.80 sec. (59609.96 ticks, tree = 89.72 MB, solutions = 32)
* 22035+15204                         3681.0000     3638.0000             1.17%
* 22275+15238                         3680.0000     3638.0000             1.14%
  22659 15537     3661.2428    68     3680.0000     3638.0000   618479    1.14%
  22660 15538     3661.5703    68     3680.0000     3638.0000   618512    1.14%
  22661 15539     3670.1655    52     3680.0000     3638.0000   618642    1.14%
  22662 15540     3670.1655    49     3680.0000     3638.0000   618647    1.14%
  22663 15541     3670.1891    50     3680.0000     3638.0000   618651    1.14%
  22664 15542     3670.1927    48     3680.0000     3638.0000   618652    1.14%
  22665 15543     3670.2742    50     3680.0000     3638.0000   618739    1.14%
  22666 15544     3670.3518    50     3680.0000     3638.0000   618742    1.14%
  22667 15545     3670.3518    49     3680.0000     3638.0000   618759    1.14%
  22668 15546     3670.7266    52     3680.0000     3638.0000   618798    1.14%
Elapsed time = 40.27 sec. (63489.62 ticks, tree = 88.02 MB, solutions = 34)
  23769 16422     3653.0957    94     3680.0000     3638.0000   656872    1.14%
  23770 16423     3651.8683    90     3680.0000     3638.0000   656924    1.14%
  23771 16424     3651.8712    89     3680.0000     3638.0000   656930    1.14%
  23772 16425     3666.5839    60     3680.0000     3638.0000   657112    1.14%
  23773 16424        cutoff           3680.0000     3638.0000   657182    1.14%
  23774 16425     3667.0172    55     3680.0000     3638.0000   657206    1.14%
  23775 16426     3667.8398    44     3680.0000     3638.0000   657217    1.14%
  23776 16426     3668.4314    53     3680.0000     3638.0000   657229    1.14%
  23777 16427     3668.4314    53     3680.0000     3638.0000   657230    1.14%
  23778 16428     3668.4324    53     3680.0000     3638.0000   657233    1.14%
Elapsed time = 42.65 sec. (67336.97 ticks, tree = 95.63 MB, solutions = 34)
  24837 17225        cutoff           3680.0000     3638.0000   693270    1.14%
  24838 17224        cutoff           3680.0000     3638.0000   693576    1.14%
  24839 17223        cutoff           3680.0000     3638.0000   693862    1.14%
  24840 17224     3638.0000    78     3680.0000     3638.0000   694268    1.14%
  24841 17225     3638.0000    77     3680.0000     3638.0000   694269    1.14%
  24842 17226     3638.0000    65     3680.0000     3638.0000   694305    1.14%
  24843 17227     3638.0000    64     3680.0000     3638.0000   694423    1.14%
  24844 17228     3638.0000    58     3680.0000     3638.0000   694453    1.14%
  24845 17229     3638.0000    72     3680.0000     3638.0000   694652    1.14%
  24846 17230     3638.0000    75     3680.0000     3638.0000   694820    1.14%
Elapsed time = 45.15 sec. (71350.94 ticks, tree = 102.31 MB, solutions = 34)
  25974 18116     3638.2027    73     3680.0000     3638.0000   729923    1.14%
  25975 18117     3638.4259    71     3680.0000     3638.0000   730154    1.14%
  25976 18118     3638.2055    75     3680.0000     3638.0000   730166    1.14%
  25977 18119     3640.7931    69     3680.0000     3638.0000   730250    1.14%
  25978 18120     3638.2071    73     3680.0000     3638.0000   730253    1.14%
  25979 18121     3638.2075    72     3680.0000     3638.0000   730258    1.14%
  25980 18122     3638.2081    76     3680.0000     3638.0000   730268    1.14%
  25981 18123     3638.2075    72     3680.0000     3638.0000   730269    1.14%
  25982 18124     3638.2075    72     3680.0000     3638.0000   730276    1.14%
  25983 18125     3638.2076    76     3680.0000     3638.0000   730282    1.14%
Elapsed time = 47.50 sec. (75213.20 ticks, tree = 109.96 MB, solutions = 34)
  27463 19433     3638.0000    40     3680.0000     3638.0000   764368    1.14%
  27464 19434     3638.0000    40     3680.0000     3638.0000   764377    1.14%
  27465 19435     3638.0000    38     3680.0000     3638.0000   764379    1.14%
  27466 19436     3638.0000    38     3680.0000     3638.0000   764380    1.14%
  27467 19437     3638.0000    38     3680.0000     3638.0000   764382    1.14%
  27468 19438     3638.0000    38     3680.0000     3638.0000   764384    1.14%
  27469 19439     3638.0000    41     3680.0000     3638.0000   764411    1.14%
  27470 19440     3638.0000    41     3680.0000     3638.0000   764413    1.14%
  27471 19441     3638.0000    41     3680.0000     3638.0000   764414    1.14%
  27472 19442     3638.0000    41     3680.0000     3638.0000   764416    1.14%
Elapsed time = 49.87 sec. (79034.85 ticks, tree = 120.83 MB, solutions = 34)
  29218 21036     3638.0000    50     3680.0000     3638.0000   803012    1.14%
  29219 21037     3638.0000    44     3680.0000     3638.0000   803027    1.14%
  29220 21038     3638.0000    52     3680.0000     3638.0000   803087    1.14%
  29221 21039     3638.0000    45     3680.0000     3638.0000   803120    1.14%
  29222 21040     3638.0000    50     3680.0000     3638.0000   803208    1.14%
  29223 21041     3638.0000    45     3680.0000     3638.0000   803223    1.14%
  29224 21042     3638.0000    49     3680.0000     3638.0000   803245    1.14%
  29225 21043     3638.0000    51     3680.0000     3638.0000   803268    1.14%
  29226 21044     3638.0000    47     3680.0000     3638.0000   803281    1.14%
  29227 21045     3638.0000    48     3680.0000     3638.0000   803283    1.14%
Elapsed time = 52.24 sec. (82909.47 ticks, tree = 134.29 MB, solutions = 34)
  31157 22798     3655.2671    90     3680.0000     3638.0000   841664    1.14%
  31158 22799     3655.2717    89     3680.0000     3638.0000   841668    1.14%
  31159 22800     3655.3880    82     3680.0000     3638.0000   841695    1.14%
  31160 22801     3655.3921    83     3680.0000     3638.0000   841704    1.14%
  31161 22802     3655.3982    81     3680.0000     3638.0000   841709    1.14%
  31162 22803     3655.3983    79     3680.0000     3638.0000   841710    1.14%
  31163 22804     3656.2385    83     3680.0000     3638.0000   841776    1.14%
  31164 22805     3657.5435    81     3680.0000     3638.0000   841871    1.14%
  31165 22806     3657.5980    74     3680.0000     3638.0000   841882    1.14%
  31166 22807     3657.6002    74     3680.0000     3638.0000   841883    1.14%
Elapsed time = 54.69 sec. (86747.25 ticks, tree = 149.40 MB, solutions = 34)
  32816 24274     3638.0000    70     3680.0000     3638.0000   885328    1.14%
  32817 24275     3638.0000    65     3680.0000     3638.0000   885336    1.14%
  32818 24276     3638.0000    59     3680.0000     3638.0000   885357    1.14%
  32819 24277     3638.0000    64     3680.0000     3638.0000   885485    1.14%
  32820 24278     3638.0000    61     3680.0000     3638.0000   885520    1.14%
  32821 24279     3638.0898    66     3680.0000     3638.0000   885908    1.14%
  32822 24280     3638.0000    61     3680.0000     3638.0000   885938    1.14%
  32823 24281     3638.0000    59     3680.0000     3638.0000   886129    1.14%
  32824 24282     3638.0000    59     3680.0000     3638.0000   886248    1.14%
  32825 24283     3638.0000    58     3680.0000     3638.0000   886253    1.14%
Elapsed time = 57.19 sec. (90625.57 ticks, tree = 162.74 MB, solutions = 34)
  34339 25582     3638.0000    68     3680.0000     3638.0000   933123    1.14%
  34340 25583     3638.0000    59     3680.0000     3638.0000   933128    1.14%
  34341 25584     3638.0000    51     3680.0000     3638.0000   933202    1.14%
  34342 25585     3638.0000    51     3680.0000     3638.0000   933263    1.14%
  34343 25586     3638.0000    46     3680.0000     3638.0000   933276    1.14%
  34344 25587     3638.0000    48     3680.0000     3638.0000   933304    1.14%
  34345 25588     3638.0000    55     3680.0000     3638.0000   933448    1.14%
  34346 25589     3638.0000    53     3680.0000     3638.0000   933512    1.14%
  34347 25590     3638.0000    61     3680.0000     3638.0000   933600    1.14%
  34348 25591     3638.0000    54     3680.0000     3638.0000   933659    1.14%
Elapsed time = 59.75 sec. (94482.76 ticks, tree = 174.85 MB, solutions = 34)
* 35408 25541      integral     0     3676.0000     3638.0000   958698    1.03%
* 35425+24113                         3672.0000     3638.0000             0.93%
  36227 24743     3638.5245    57     3672.0000     3638.0000   973625    0.93%
  36228 24744     3638.0000    61     3672.0000     3638.0000   973699    0.93%
  36229 24745     3638.0277    65     3672.0000     3638.0000   973806    0.93%
  36230 24746     3638.0295    65     3672.0000     3638.0000   973810    0.93%
  36231 24747     3638.0552    63     3672.0000     3638.0000   973825    0.93%
  36232 24748     3638.0616    62     3672.0000     3638.0000   973832    0.93%
  36233 24749     3638.4295    58     3672.0000     3638.0000   973871    0.93%
  36234 24750     3638.7358    55     3672.0000     3638.0000   973906    0.93%
  36235 24751     3638.8848    51     3672.0000     3638.0000   973930    0.93%
  36236 24752     3638.7380    53     3672.0000     3638.0000   973933    0.93%
Elapsed time = 62.23 sec. (98323.50 ticks, tree = 173.93 MB, solutions = 36)
  38027 26028     3650.3563    95     3672.0000     3638.0000  1011230    0.93%
  38028 26029     3650.3566    95     3672.0000     3638.0000  1011231    0.93%
  38029 26030     3650.3581    93     3672.0000     3638.0000  1011236    0.93%
  38030 26031     3650.4144    90     3672.0000     3638.0000  1011256    0.93%
  38031 26032     3650.4549    88     3672.0000     3638.0000  1011269    0.93%
  38032 26033     3650.4563    87     3672.0000     3638.0000  1011271    0.93%
  38033 26034     3651.2980    84     3672.0000     3638.0000  1011321    0.93%
  38034 26035     3651.3362    89     3672.0000     3638.0000  1011343    0.93%
  38035 26036     3651.3392    81     3672.0000     3638.0000  1011347    0.93%
  38036 26037     3653.4509    85     3672.0000     3638.0000  1011370    0.93%
Elapsed time = 64.82 sec. (102173.55 ticks, tree = 185.78 MB, solutions = 36)
  39745 27547     3638.0000    45     3672.0000     3638.0000  1061995    0.93%
  39746 27548     3638.0000    47     3672.0000     3638.0000  1062030    0.93%
  39747 27549     3638.0000    52     3672.0000     3638.0000  1062070    0.93%
  39748 27550     3638.0000    52     3672.0000     3638.0000  1062092    0.93%
  39749 27551     3638.0000    55     3672.0000     3638.0000  1062107    0.93%
  39750 27552     3638.0000    53     3672.0000     3638.0000  1062209    0.93%
  39751 27553     3638.0000    51     3672.0000     3638.0000  1062210    0.93%
  39752 27554     3638.0000    39     3672.0000     3638.0000  1062240    0.93%
  39753 27555     3638.0000    43     3672.0000     3638.0000  1062294    0.93%
  39754 27556     3638.0000    49     3672.0000     3638.0000  1062341    0.93%
Elapsed time = 67.32 sec. (106016.16 ticks, tree = 199.78 MB, solutions = 36)
  42260 29394     3639.2992    34     3672.0000     3638.0000  1109191    0.93%
  42261 29394     3639.3793    34     3672.0000     3638.0000  1109200    0.93%
  42262 29395     3646.4607    23     3672.0000     3638.0000  1109223    0.93%
  42263 29395     3652.1330    15     3672.0000     3638.0000  1109241    0.93%
  42264 29394    infeasible           3672.0000     3638.0000  1109241    0.93%
  42265 29393    infeasible           3672.0000     3638.0000  1109241    0.93%
  42266 29394     3638.0000    31     3672.0000     3638.0000  1109245    0.93%
  42267 29395     3638.0000    32     3672.0000     3638.0000  1109252    0.93%
  42268 29396     3638.0000    31     3672.0000     3638.0000  1109274    0.93%
  42269 29397     3640.7290    36     3672.0000     3638.0000  1109331    0.93%
Elapsed time = 69.80 sec. (109841.51 ticks, tree = 216.75 MB, solutions = 36)
  44370 31155     3643.4827    32     3672.0000     3638.0000  1153559    0.93%
  44371 31156     3644.6182    32     3672.0000     3638.0000  1153563    0.93%
  44372 31157     3645.0601    34     3672.0000     3638.0000  1153565    0.93%
  44373 31158     3645.2560    34     3672.0000     3638.0000  1153570    0.93%
  44374 31159     3645.2562    34     3672.0000     3638.0000  1153571    0.93%
  44375 31160     3645.3433    35     3672.0000     3638.0000  1153576    0.93%
  44376 31161     3645.5386    34     3672.0000     3638.0000  1153581    0.93%
  44377 31162     3645.5689    32     3672.0000     3638.0000  1153584    0.93%
  44378 31163     3645.5920    32     3672.0000     3638.0000  1153586    0.93%
  44379 31162        cutoff           3672.0000     3638.0000  1153587    0.93%
Elapsed time = 72.33 sec. (113662.58 ticks, tree = 233.05 MB, solutions = 36)
  46001 32503     3656.0801    81     3672.0000     3638.0000  1205578    0.93%
  46002 32503     3656.7324    77     3672.0000     3638.0000  1205631    0.93%
  46003 32504     3656.7324    77     3672.0000     3638.0000  1205632    0.93%
  46004 32505     3656.7465    77     3672.0000     3638.0000  1205637    0.93%
  46005 32506     3656.8712    75     3672.0000     3638.0000  1205651    0.93%
  46006 32507     3656.8770    76     3672.0000     3638.0000  1205655    0.93%
  46007 32508     3656.8841    75     3672.0000     3638.0000  1205662    0.93%
  46008 32509     3656.8908    75     3672.0000     3638.0000  1205664    0.93%
  46009 32510     3660.1749    60     3672.0000     3638.0000  1205731    0.93%
  46010 32511     3660.4339    58     3672.0000     3638.0000  1205747    0.93%
Elapsed time = 74.76 sec. (117565.53 ticks, tree = 245.46 MB, solutions = 36)
  47505 33831     3638.0000    38     3672.0000     3638.0000  1246212    0.93%
  47506 33832     3639.7469    54     3672.0000     3638.0000  1246353    0.93%
  47507 33833     3639.8149    51     3672.0000     3638.0000  1246366    0.93%
  47508 33834     3639.8150    51     3672.0000     3638.0000  1246367    0.93%
  47509 33835     3639.8151    50     3672.0000     3638.0000  1246368    0.93%
  47510 33836     3639.8153    50     3672.0000     3638.0000  1246369    0.93%
  47511 33837     3639.8162    50     3672.0000     3638.0000  1246370    0.93%
  47512 33838     3639.8295    51     3672.0000     3638.0000  1246375    0.93%
  47513 33839     3639.8874    51     3672.0000     3638.0000  1246380    0.93%
  47514 33840     3639.9474    51     3672.0000     3638.0000  1246391    0.93%
Elapsed time = 77.20 sec. (121393.96 ticks, tree = 258.60 MB, solutions = 36)
  49597 35570     3648.1276    40     3672.0000     3638.0000  1292298    0.93%
  49598 35571     3649.7749    40     3672.0000     3638.0000  1292308    0.93%
  49599 35570        cutoff           3672.0000     3638.0000  1292317    0.93%
  49600 35571     3653.3721    34     3672.0000     3638.0000  1292328    0.93%
  49601 35570        cutoff           3672.0000     3638.0000  1292330    0.93%
  49602 35569        cutoff           3672.0000     3638.0000  1292332    0.93%
  49603 35570     3641.3394    43     3672.0000     3638.0000  1292535    0.93%
  49604 35571     3644.2910    42     3672.0000     3638.0000  1292555    0.93%
  49605 35570        cutoff           3672.0000     3638.0000  1292557    0.93%
  49606 35571     3648.5390    41     3672.0000     3638.0000  1292579    0.93%
Elapsed time = 79.58 sec. (125228.06 ticks, tree = 274.47 MB, solutions = 36)
  51047 36726     3638.0000    41     3672.0000     3638.0000  1336822    0.93%
  51048 36727     3638.0000    40     3672.0000     3638.0000  1336835    0.93%
  51049 36728     3638.0000    36     3672.0000     3638.0000  1336836    0.93%
  51050 36729     3638.0000    36     3672.0000     3638.0000  1336838    0.93%
  51051 36730     3638.0000    41     3672.0000     3638.0000  1336847    0.93%
  51052 36731     3638.0000    40     3672.0000     3638.0000  1336849    0.93%
  51053 36732     3638.0000    38     3672.0000     3638.0000  1336850    0.93%
  51054 36733     3638.0000    38     3672.0000     3638.0000  1336859    0.93%
  51055 36734     3638.0255    54     3672.0000     3638.0000  1337053    0.93%
  51056 36735     3638.0912    52     3672.0000     3638.0000  1337060    0.93%
Elapsed time = 82.06 sec. (129064.19 ticks, tree = 285.18 MB, solutions = 36)
  53015 38231     3638.0000    40     3672.0000     3638.0000  1386178    0.93%
  53016 38232     3646.3128    29     3672.0000     3638.0000  1386216    0.93%
  53017 38231        cutoff           3672.0000     3638.0000  1386250    0.93%
  53018 38232     3650.7540    23     3672.0000     3638.0000  1386316    0.93%
  53019 38231    infeasible           3672.0000     3638.0000  1386316    0.93%
  53020 38230        cutoff           3672.0000     3638.0000  1386323    0.93%
  53021 38231     3638.0000    41     3672.0000     3638.0000  1386441    0.93%
  53022 38232     3638.0000    39     3672.0000     3638.0000  1386466    0.93%
  53023 38233     3638.0000    40     3672.0000     3638.0000  1386478    0.93%
  53024 38234     3638.0000    40     3672.0000     3638.0000  1386484    0.93%
Elapsed time = 84.54 sec. (132902.28 ticks, tree = 298.99 MB, solutions = 36)
* 53035+37510                         3670.0000     3638.0000             0.87%
  55105 38834     3640.5809    45     3670.0000     3638.0000  1427905    0.87%
  55106 38835     3663.0000     9     3670.0000     3638.0000  1427908    0.87%
  55107 38836     3663.0000    12     3670.0000     3638.0000  1427914    0.87%
  55108 38837     3663.0000    12     3670.0000     3638.0000  1427917    0.87%
  55109 38838     3663.0000    12     3670.0000     3638.0000  1427927    0.87%
  55110 38839     3663.0000    14     3670.0000     3638.0000  1427936    0.87%
  55111 38840     3663.0000    15     3670.0000     3638.0000  1427937    0.87%
  55112 38841     3663.0000    15     3670.0000     3638.0000  1427938    0.87%
  55113 38842     3663.0000    15     3670.0000     3638.0000  1427940    0.87%
  55114 38843     3663.0000    17     3670.0000     3638.0000  1427944    0.87%
Elapsed time = 87.14 sec. (136730.66 ticks, tree = 305.88 MB, solutions = 37)
* 55435+37977                         3667.0000     3638.0000             0.79%
  56905 39097     3638.0511    57     3667.0000     3638.0000  1473618    0.79%
  56906 39098     3638.4125    60     3667.0000     3638.0000  1473645    0.79%
  56907 39099     3638.7886    54     3667.0000     3638.0000  1473661    0.79%
  56908 39100     3638.9867    51     3667.0000     3638.0000  1473673    0.79%
  56909 39101     3641.8229    44     3667.0000     3638.0000  1473720    0.79%
  56910 39102     3641.8579    42     3667.0000     3638.0000  1473723    0.79%
  56911 39103     3641.9653    44     3667.0000     3638.0000  1473728    0.79%
  56912 39104     3642.2430    42     3667.0000     3638.0000  1473735    0.79%
  56913 39103        cutoff           3667.0000     3638.0000  1473737    0.79%
  56914 39103     3642.5713    39     3667.0000     3638.0000  1473752    0.79%
Elapsed time = 89.83 sec. (140581.53 ticks, tree = 310.81 MB, solutions = 38)
  57739 39832     3638.0000    55     3667.0000     3638.0000  1501941    0.79%
  57740 39833     3638.0000    58     3667.0000     3638.0000  1502016    0.79%
  57741 39834     3638.0000    55     3667.0000     3638.0000  1502081    0.79%
  57742 39835     3638.0000    55     3667.0000     3638.0000  1502101    0.79%
  57743 39836     3638.0000    47     3667.0000     3638.0000  1502182    0.79%
  57744 39837     3638.0000    43     3667.0000     3638.0000  1502269    0.79%
  57745 39838     3638.0000    42     3667.0000     3638.0000  1502291    0.79%
  57746 39839     3638.0000    38     3667.0000     3638.0000  1502302    0.79%
  57747 39840     3638.0000    47     3667.0000     3638.0000  1502361    0.79%
  57748 39841     3638.0000    48     3667.0000     3638.0000  1502378    0.79%
Elapsed time = 92.35 sec. (144427.15 ticks, tree = 317.56 MB, solutions = 38)
* 58135+37959                         3664.0000     3638.0000             0.71%
  58735 38507     3647.0237    23     3664.0000     3638.0000  1532987    0.71%
  58736 38508     3647.0237    23     3664.0000     3638.0000  1532991    0.71%
  58737 38509     3647.0237    23     3664.0000     3638.0000  1532995    0.71%
  58738 38510     3647.0237    23     3664.0000     3638.0000  1533000    0.71%
  58739 38510     3647.0237    22     3664.0000     3638.0000  1533002    0.71%
  58740 38510     3648.0000    21     3664.0000     3638.0000  1533003    0.71%
  58741 38511     3648.0000    21     3664.0000     3638.0000  1533005    0.71%
  58742 38510        cutoff           3664.0000     3638.0000  1533008    0.71%
  58743 38509        cutoff           3664.0000     3638.0000  1533010    0.71%
  58744 38510     3638.0000    51     3664.0000     3638.0000  1533149    0.71%
Elapsed time = 95.22 sec. (148724.77 ticks, tree = 307.81 MB, solutions = 39)
  59547 39211     3638.0000    38     3664.0000     3638.0000  1550974    0.71%
  59548 39212     3638.0000    32     3664.0000     3638.0000  1551006    0.71%
  59549 39213     3638.0000    41     3664.0000     3638.0000  1551126    0.71%
  59550 39214     3638.0000    40     3664.0000     3638.0000  1551133    0.71%
  59551 39215     3638.0000    33     3664.0000     3638.0000  1551192    0.71%
  59552 39216     3638.0000    36     3664.0000     3638.0000  1551265    0.71%
  59553 39217     3638.0000    31     3664.0000     3638.0000  1551317    0.71%
  59554 39218     3638.0000    31     3664.0000     3638.0000  1551322    0.71%
  59555 39219     3638.2250    38     3664.0000     3638.0000  1551359    0.71%
  59556 39220     3639.1494    42     3664.0000     3638.0000  1551421    0.71%
Elapsed time = 97.81 sec. (152573.90 ticks, tree = 314.33 MB, solutions = 39)

Cover cuts applied:  190
Mixed integer rounding cuts applied:  394
Zero-half cuts applied:  4
Gomory fractional cuts applied:  3

Root node processing (before b&c):
  Real time             =    0.10 sec. (129.69 ticks)
Sequential b&c:
  Real time             =   99.90 sec. (155903.72 ticks)
                          ------------
Total (root+branch&cut) =  100.00 sec. (156033.41 ticks)

Solution pool: 39 solutions saved.

MIP - Time limit exceeded, integer feasible:  Objective =  3.6640000000e+03
Current MIP best bound =  3.6380000000e+03 (gap = 26, 0.71%)
Solution time =  100.00 sec.  Iterations = 1590600  Nodes = 61961 (41125)
Deterministic time = 156033.42 ticks  (1560.33 ticks/sec)


Incumbent solution written to file '/tmp/tmp9X0B4U.cplex.sol'.
