
Log started (V12.6.3.0) Fri Apr 20 21:02:44 2018

New value for default parallel thread count: 1

Problem '/tmp/tmpBcqilu.pyomo.lp' read.
Read time = 0.02 sec. (2.09 ticks)

Problem name         : /tmp/tmpBcqilu.pyomo.lp
Objective sense      : Minimize
Variables            :    1746  [Nneg: 1,  Binary: 1728,  General Integer: 17]
Objective nonzeros   :       1
Linear constraints   :     250  [Less: 124,  Equal: 126]
  Nonzeros           :  152557
  RHS nonzeros       :     217

Variables            : Min LB: 0.000000         Max UB: 1.000000       
Objective nonzeros   : Min   : 1.000000         Max   : 1.000000       
Linear constraints   :
  Nonzeros           : Min   : 1.000000         Max   : 1715.000       
  RHS nonzeros       : Min   : 1.000000         Max   : 11.00000       
Tried aggregator 2 times.
MIP Presolve eliminated 111 rows and 194 columns.
Aggregator did 21 substitutions.
Reduced MIP has 118 rows, 1531 columns, and 4279 nonzeros.
Reduced MIP has 1530 binaries, 1 generals, 0 SOSs, and 0 indicators.
Presolve time = 0.03 sec. (27.20 ticks)
Found incumbent of value 54562.000000 after 0.03 sec. (31.93 ticks)
Probing time = 0.00 sec. (1.99 ticks)
Tried aggregator 1 time.
Reduced MIP has 118 rows, 1531 columns, and 4279 nonzeros.
Reduced MIP has 1530 binaries, 1 generals, 0 SOSs, and 0 indicators.
Presolve time = 0.00 sec. (2.16 ticks)
Probing time = 0.00 sec. (1.98 ticks)
Clique table members: 102.
MIP emphasis: balance optimality and feasibility.
MIP search method: dynamic search.
Parallel mode: none, using 1 thread.
Root relaxation solution time = 0.00 sec. (2.53 ticks)

        Nodes                                         Cuts/
   Node  Left     Objective  IInf  Best Integer    Best Bound    ItCnt     Gap

*     0+    0                        54562.0000        0.0000           100.00%
      0     0     3637.4667    25    54562.0000     3637.4667       69   93.33%
*     0+    0                         4346.0000     3637.4667            16.30%
      0     0     3638.0000    32     4346.0000      Cuts: 11      104   16.29%
*     0+    0                         4318.0000     3638.0000            15.75%
      0     0     3638.0000    37     4318.0000      Cuts: 25      170   15.75%
*     0+    0                         4283.0000     3638.0000            15.06%
      0     0     3638.0000    39     4283.0000      Cuts: 19      226   15.06%
*     0+    0                         4268.0000     3638.0000            14.76%
*     0+    0                         4250.0000     3638.0000            14.40%
*     0+    0                         3889.0000     3638.0000             6.45%
*     0+    0                         3858.0000     3638.0000             5.70%
*     0+    0                         3844.0000     3638.0000             5.36%
*     0+    0                         3818.0000     3638.0000             4.71%
*     0+    0                         3817.0000     3638.0000             4.69%
      0     2     3638.0000    25     3817.0000     3638.0000      226    4.69%
Elapsed time = 0.14 sec. (161.65 ticks, tree = 0.01 MB, solutions = 11)
*   120+  119                         3786.0000     3638.0000             3.91%
*   533+  477                         3784.0000     3638.0000             3.86%
*   534+  478                         3783.0000     3638.0000             3.83%
*   534+  460                         3774.0000     3638.0000             3.60%
*   534+  454                         3753.0000     3638.0000             3.06%
*   534+  454                         3746.0000     3638.0000             2.88%
    534   456     3638.0000    28     3746.0000     3638.0000     3237    2.88%
*   535+  304                         3745.0000     3638.0000             2.86%
*   535+  202                         3735.0000     3638.0000             2.60%
    535   203     3638.0000    27     3735.0000     3638.0000     3724    2.60%
    536   203     3638.0000    27     3735.0000     3638.0000     3738    2.60%
    537   203     3638.0000    27     3735.0000     3638.0000     3740    2.60%
    538   203     3638.0000    28     3735.0000     3638.0000     3751    2.60%
    539   203     3638.0000    26     3735.0000     3638.0000     3759    2.60%
    540   203     3638.0000    27     3735.0000     3638.0000     3767    2.60%
    541   204     3638.0000    29     3735.0000     3638.0000     3771    2.60%
    542   204     3638.0000    29     3735.0000     3638.0000     3785    2.60%
*   635+  144                         3727.0000     3638.0000             2.39%
    635   144     3731.0000     8     3727.0000     3638.0000     4604    2.39%
Elapsed time = 0.84 sec. (1130.84 ticks, tree = 0.34 MB, solutions = 20)
*   835+  172                         3709.0000     3638.0000             1.91%
*   835+  171                         3705.0000     3638.0000             1.81%
*   835+  161                         3702.0000     3638.0000             1.73%
*   935+  227                         3701.0000     3638.0000             1.70%
*  1035+  307                         3696.0000     3638.0000             1.57%
*  1135+  379                         3695.0000     3638.0000             1.54%
   1135   381     3638.0000    27     3695.0000     3638.0000     7086    1.54%
   1136   382     3638.0000    27     3695.0000     3638.0000     7087    1.54%
   1137   383     3638.0000    27     3695.0000     3638.0000     7088    1.54%
   1138   384     3638.0000    27     3695.0000     3638.0000     7089    1.54%
   1139   385     3638.0000    27     3695.0000     3638.0000     7090    1.54%
   1140   386     3638.0000    27     3695.0000     3638.0000     7091    1.54%
   1141   387     3638.0000    29     3695.0000     3638.0000     7093    1.54%
   1142   388     3638.0000    27     3695.0000     3638.0000     7094    1.54%
   1143   389     3638.0000    29     3695.0000     3638.0000     7096    1.54%
   1144   390     3638.0000    27     3695.0000     3638.0000     7097    1.54%
Elapsed time = 1.78 sec. (2370.12 ticks, tree = 0.93 MB, solutions = 26)
   3169  2020     3638.0000    21     3695.0000     3638.0000    15087    1.54%
   3170  2021     3638.0000    22     3695.0000     3638.0000    15092    1.54%
   3171  2022     3638.0000    25     3695.0000     3638.0000    15101    1.54%
   3172  2023     3638.0000    24     3695.0000     3638.0000    15107    1.54%
   3173  2024     3638.0000    30     3695.0000     3638.0000    15116    1.54%
   3174  2025     3638.0000    27     3695.0000     3638.0000    15118    1.54%
   3175  2026     3638.0000    26     3695.0000     3638.0000    15123    1.54%
   3176  2027     3638.0000    27     3695.0000     3638.0000    15128    1.54%
   3177  2028     3638.0000    29     3695.0000     3638.0000    15135    1.54%
   3178  2029     3638.0000    23     3695.0000     3638.0000    15141    1.54%
Elapsed time = 2.45 sec. (3331.17 ticks, tree = 4.93 MB, solutions = 26)
   4476  3009     3639.6179    60     3695.0000     3638.0000    26244    1.54%
   4477  3010     3642.5644    62     3695.0000     3638.0000    26286    1.54%
   4478  3011     3642.7008    64     3695.0000     3638.0000    26301    1.54%
   4479  3012     3642.7016    64     3695.0000     3638.0000    26302    1.54%
   4480  3013     3642.7334    64     3695.0000     3638.0000    26309    1.54%
   4481  3014     3642.8484    64     3695.0000     3638.0000    26320    1.54%
   4482  3015     3642.8818    64     3695.0000     3638.0000    26325    1.54%
   4483  3016     3642.9860    64     3695.0000     3638.0000    26330    1.54%
   4484  3017     3643.0412    59     3695.0000     3638.0000    26339    1.54%
   4485  3018     3643.0987    60     3695.0000     3638.0000    26350    1.54%
Elapsed time = 3.17 sec. (4321.06 ticks, tree = 8.07 MB, solutions = 26)
   5731  4143     3643.2422    61     3695.0000     3638.0000    39287    1.54%
   5732  4144     3643.2439    60     3695.0000     3638.0000    39290    1.54%
   5733  4145     3643.3990    59     3695.0000     3638.0000    39298    1.54%
   5734  4146     3644.2889    54     3695.0000     3638.0000    39323    1.54%
   5735  4147     3644.2961    54     3695.0000     3638.0000    39325    1.54%
   5736  4148     3644.2987    54     3695.0000     3638.0000    39326    1.54%
   5737  4149     3644.3089    54     3695.0000     3638.0000    39328    1.54%
   5738  4150     3644.3226    52     3695.0000     3638.0000    39332    1.54%
   5739  4151     3646.8229    54     3695.0000     3638.0000    39374    1.54%
   5740  4152     3644.3557    55     3695.0000     3638.0000    39380    1.54%
Elapsed time = 3.87 sec. (5290.37 ticks, tree = 12.30 MB, solutions = 26)
   7073  5305     3674.5419    37     3695.0000     3638.0000    52917    1.54%
   7074  5306     3674.5419    36     3695.0000     3638.0000    52919    1.54%
   7075  5307     3676.4459    35     3695.0000     3638.0000    52928    1.54%
   7076  5308     3676.4754    35     3695.0000     3638.0000    52931    1.54%
   7077  5309     3676.4754    33     3695.0000     3638.0000    52932    1.54%
   7078  5310     3683.3268    26     3695.0000     3638.0000    52948    1.54%
   7079  5311     3683.7245    29     3695.0000     3638.0000    52955    1.54%
   7080  5312     3693.1828    30     3695.0000     3638.0000    52980    1.54%
   7081  5311        cutoff           3695.0000     3638.0000    52982    1.54%
   7082  5310        cutoff           3695.0000     3638.0000    52983    1.54%
Elapsed time = 4.57 sec. (6267.83 ticks, tree = 16.86 MB, solutions = 26)
*  7413  5554      integral     0     3690.0000     3638.0000    57857    1.41%
   7971  6010     3654.4427    40     3690.0000     3638.0000    64846    1.41%
   7972  6011     3654.4664    40     3690.0000     3638.0000    64847    1.41%
   7973  6012     3654.4860    39     3690.0000     3638.0000    64848    1.41%
   7974  6013     3654.5297    36     3690.0000     3638.0000    64850    1.41%
   7975  6014     3654.5972    36     3690.0000     3638.0000    64852    1.41%
   7976  6015     3654.5972    33     3690.0000     3638.0000    64854    1.41%
   7977  6016     3655.4791    34     3690.0000     3638.0000    64856    1.41%
   7978  6017     3655.7138    34     3690.0000     3638.0000    64860    1.41%
   7979  6018     3655.7404    36     3690.0000     3638.0000    64862    1.41%
   7980  6019     3655.7414    37     3690.0000     3638.0000    64863    1.41%
Elapsed time = 5.24 sec. (7226.07 ticks, tree = 19.90 MB, solutions = 27)
   8747  6639     3645.7946    82     3690.0000     3638.0000    78704    1.41%
   8748  6640     3645.7946    81     3690.0000     3638.0000    78705    1.41%
   8749  6641     3646.7395    78     3690.0000     3638.0000    78728    1.41%
   8750  6642     3646.7484    78     3690.0000     3638.0000    78737    1.41%
   8751  6643     3647.9894    74     3690.0000     3638.0000    78784    1.41%
   8752  6644     3648.0042    74     3690.0000     3638.0000    78786    1.41%
   8753  6645     3648.7517    62     3690.0000     3638.0000    78828    1.41%
   8754  6646     3648.8044    64     3690.0000     3638.0000    78846    1.41%
   8755  6647     3648.8044    57     3690.0000     3638.0000    78850    1.41%
   8756  6648     3648.8603    59     3690.0000     3638.0000    78892    1.41%
Elapsed time = 5.91 sec. (8224.21 ticks, tree = 22.58 MB, solutions = 27)
   9691  7431        cutoff           3690.0000     3638.0000    93085    1.41%
   9692  7432     3644.9799    44     3690.0000     3638.0000    93086    1.41%
   9693  7433     3644.9799    43     3690.0000     3638.0000    93087    1.41%
   9694  7434     3644.9801    45     3690.0000     3638.0000    93093    1.41%
   9695  7435     3644.9802    43     3690.0000     3638.0000    93096    1.41%
   9696  7436     3644.9804    44     3690.0000     3638.0000    93097    1.41%
   9697  7437     3644.9806    42     3690.0000     3638.0000    93100    1.41%
   9698  7438     3645.2789    46     3690.0000     3638.0000    93117    1.41%
   9699  7437        cutoff           3690.0000     3638.0000    93133    1.41%
   9700  7438     3645.3119    46     3690.0000     3638.0000    93134    1.41%
Elapsed time = 6.56 sec. (9183.31 ticks, tree = 25.98 MB, solutions = 27)
  10486  8151     3638.0000    51     3690.0000     3638.0000   106402    1.41%
  10487  8152     3638.0000    50     3690.0000     3638.0000   106424    1.41%
  10488  8153     3638.0000    53     3690.0000     3638.0000   106548    1.41%
  10489  8154     3638.0000    45     3690.0000     3638.0000   106579    1.41%
  10490  8155     3638.0000    43     3690.0000     3638.0000   106666    1.41%
  10491  8156     3638.0000    38     3690.0000     3638.0000   106687    1.41%
  10492  8157     3638.0000    55     3690.0000     3638.0000   106817    1.41%
  10493  8158     3638.0000    55     3690.0000     3638.0000   106938    1.41%
  10494  8159     3638.0000    63     3690.0000     3638.0000   107067    1.41%
* 11195+ 8474                         3682.0000     3638.0000             1.20%
  11860  9005     3648.3962    74     3682.0000     3638.0000   131623    1.20%
Elapsed time = 9.31 sec. (13013.98 ticks, tree = 33.73 MB, solutions = 28)
* 12306  9145      integral     0     3679.0000     3638.0000   141694    1.11%
  13869 10453     3648.9149    89     3679.0000     3638.0000   176484    1.11%
  13870 10454     3648.9172    87     3679.0000     3638.0000   176487    1.11%
  13871 10455     3649.1767    90     3679.0000     3638.0000   176529    1.11%
  13872 10456     3649.7927    87     3679.0000     3638.0000   176612    1.11%
  13873 10457     3649.8349    88     3679.0000     3638.0000   176628    1.11%
  13874 10458     3649.8349    88     3679.0000     3638.0000   176629    1.11%
  13875 10459     3649.9055    87     3679.0000     3638.0000   176649    1.11%
  13876 10460     3649.9197    85     3679.0000     3638.0000   176662    1.11%
  13877 10461     3649.9198    84     3679.0000     3638.0000   176663    1.11%
  13878 10462     3649.9436    84     3679.0000     3638.0000   176675    1.11%
Elapsed time = 11.86 sec. (16881.21 ticks, tree = 41.95 MB, solutions = 29)
  16053 12305     3651.5062    61     3679.0000     3638.0000   223709    1.11%
  16054 12306     3651.5062    58     3679.0000     3638.0000   223713    1.11%
  16055 12307     3651.5062    58     3679.0000     3638.0000   223716    1.11%
  16056 12308     3651.5062    53     3679.0000     3638.0000   223764    1.11%
  16057 12309     3651.5062    54     3679.0000     3638.0000   223793    1.11%
  16058 12310     3651.5062    53     3679.0000     3638.0000   223822    1.11%
  16059 12311     3651.5062    50     3679.0000     3638.0000   223838    1.11%
  16060 12312     3651.5062    55     3679.0000     3638.0000   223850    1.11%
  16061 12313     3651.5062    57     3679.0000     3638.0000   223853    1.11%
  16062 12314     3651.5062    54     3679.0000     3638.0000   223855    1.11%
Elapsed time = 14.43 sec. (20710.60 ticks, tree = 52.94 MB, solutions = 29)
  17925 13857     3645.8803    69     3679.0000     3638.0000   270234    1.11%
  17926 13858     3645.8824    70     3679.0000     3638.0000   270235    1.11%
  17927 13859     3645.8939    68     3679.0000     3638.0000   270242    1.11%
  17928 13860     3645.9157    66     3679.0000     3638.0000   270248    1.11%
  17929 13861     3645.9478    69     3679.0000     3638.0000   270262    1.11%
  17930 13862     3645.9513    66     3679.0000     3638.0000   270271    1.11%
  17931 13863     3645.9516    64     3679.0000     3638.0000   270274    1.11%
  17932 13864     3646.0891    66     3679.0000     3638.0000   270281    1.11%
  17933 13865     3646.0948    66     3679.0000     3638.0000   270286    1.11%
  17934 13866     3646.7171    57     3679.0000     3638.0000   270327    1.11%
Elapsed time = 16.89 sec. (24532.13 ticks, tree = 62.77 MB, solutions = 29)
  19698 15314     3665.7424    27     3679.0000     3638.0000   309932    1.11%
  19699 15315     3665.7424    30     3679.0000     3638.0000   309939    1.11%
  19700 15316     3665.7424    33     3679.0000     3638.0000   309956    1.11%
  19701 15316     3665.7424    29     3679.0000     3638.0000   309959    1.11%
  19702 15317     3665.7424    28     3679.0000     3638.0000   309961    1.11%
  19703 15318     3665.7424    36     3679.0000     3638.0000   309993    1.11%
  19704 15319     3665.7674    30     3679.0000     3638.0000   310009    1.11%
  19705 15319     3665.7939    31     3679.0000     3638.0000   310010    1.11%
  19706 15320     3665.7939    32     3679.0000     3638.0000   310015    1.11%
  19707 15320     3665.7939    30     3679.0000     3638.0000   310017    1.11%
Elapsed time = 19.43 sec. (28352.56 ticks, tree = 72.33 MB, solutions = 29)
* 21935+16002                         3671.0000     3638.0000             0.90%
  21935 16004     3655.4748    68     3671.0000     3638.0000   354061    0.90%
  21936 16005     3655.4761    67     3671.0000     3638.0000   354063    0.90%
  21937 16006     3655.6051    66     3671.0000     3638.0000   354078    0.90%
  21938 16007     3655.6082    70     3671.0000     3638.0000   354083    0.90%
  21939 16008     3655.6235    72     3671.0000     3638.0000   354088    0.90%
  21940 16009     3655.6461    63     3671.0000     3638.0000   354094    0.90%
  21941 16010     3655.7462    62     3671.0000     3638.0000   354101    0.90%
  21942 16011     3655.7560    61     3671.0000     3638.0000   354104    0.90%
  21943 16012     3656.0627    65     3671.0000     3638.0000   354137    0.90%
  21944 16013     3656.0723    71     3671.0000     3638.0000   354154    0.90%
Elapsed time = 22.05 sec. (32340.93 ticks, tree = 79.75 MB, solutions = 30)
  24094 17874     3642.0000    33     3671.0000     3638.0000   397374    0.90%
  24095 17875     3642.0000    37     3671.0000     3638.0000   397381    0.90%
  24096 17876     3642.0000    34     3671.0000     3638.0000   397384    0.90%
  24097 17877     3642.0000    34     3671.0000     3638.0000   397392    0.90%
  24098 17878     3642.0000    37     3671.0000     3638.0000   397396    0.90%
  24099 17879     3642.0000    36     3671.0000     3638.0000   397399    0.90%
  24100 17880     3642.0000    36     3671.0000     3638.0000   397400    0.90%
  24101 17881     3642.0000    35     3671.0000     3638.0000   397402    0.90%
  24102 17882     3642.0000    34     3671.0000     3638.0000   397407    0.90%
  24103 17883     3642.0000    34     3671.0000     3638.0000   397408    0.90%
Elapsed time = 24.58 sec. (36158.74 ticks, tree = 92.48 MB, solutions = 30)
  26404 19895     3638.0000    63     3671.0000     3638.0000   440960    0.90%
  26405 19896     3638.0000    66     3671.0000     3638.0000   441058    0.90%
  26406 19897     3638.0000    63     3671.0000     3638.0000   441061    0.90%
  26407 19898     3638.0000    68     3671.0000     3638.0000   441140    0.90%
  26408 19899     3638.0000    67     3671.0000     3638.0000   441141    0.90%
  26409 19900     3638.0000    67     3671.0000     3638.0000   441254    0.90%
  26410 19901     3638.0000    68     3671.0000     3638.0000   441264    0.90%
  26411 19902     3638.0001    70     3671.0000     3638.0000   441271    0.90%
  26412 19903     3638.0139    75     3671.0000     3638.0000   441295    0.90%
  26413 19904     3638.0148    76     3671.0000     3638.0000   441298    0.90%
Elapsed time = 27.06 sec. (39997.47 ticks, tree = 106.67 MB, solutions = 30)
  28066 21439     3643.3258    64     3671.0000     3638.0000   485239    0.90%
  28067 21440     3643.3291    62     3671.0000     3638.0000   485240    0.90%
  28068 21441     3644.0362    64     3671.0000     3638.0000   485264    0.90%
  28069 21442     3644.0662    65     3671.0000     3638.0000   485275    0.90%
  28070 21443     3644.2897    60     3671.0000     3638.0000   485290    0.90%
  28071 21444     3644.2959    60     3671.0000     3638.0000   485291    0.90%
  28072 21445     3644.2962    60     3671.0000     3638.0000   485292    0.90%
  28073 21446     3644.3191    60     3671.0000     3638.0000   485300    0.90%
  28074 21447     3644.5706    61     3671.0000     3638.0000   485309    0.90%
  28075 21448     3644.5775    56     3671.0000     3638.0000   485311    0.90%
Elapsed time = 29.59 sec. (43820.51 ticks, tree = 117.95 MB, solutions = 30)
  29459 22718     3638.0000    67     3671.0000     3638.0000   532282    0.90%
  29460 22719     3638.0000    75     3671.0000     3638.0000   532419    0.90%
  29461 22720     3638.0119    78     3671.0000     3638.0000   532475    0.90%
  29462 22721     3638.0126    78     3671.0000     3638.0000   532478    0.90%
  29463 22722     3638.0161    78     3671.0000     3638.0000   532485    0.90%
  29464 22723     3638.0161    77     3671.0000     3638.0000   532486    0.90%
  29465 22724     3638.0817    78     3671.0000     3638.0000   532505    0.90%
  29466 22725     3638.0822    77     3671.0000     3638.0000   532509    0.90%
  29467 22726     3638.0860    78     3671.0000     3638.0000   532515    0.90%
  29468 22727     3638.0874    76     3671.0000     3638.0000   532517    0.90%
Elapsed time = 32.12 sec. (47651.74 ticks, tree = 127.56 MB, solutions = 30)
  31067 24117     3658.0358    43     3671.0000     3638.0000   574555    0.90%
  31068 24116        cutoff           3671.0000     3638.0000   574561    0.90%
  31069 24115        cutoff           3671.0000     3638.0000   574563    0.90%
  31070 24116     3643.4697    79     3671.0000     3638.0000   575271    0.90%
  31071 24117     3643.5223    77     3671.0000     3638.0000   575285    0.90%
  31072 24118     3643.6283    73     3671.0000     3638.0000   575310    0.90%
  31073 24119     3643.6308    73     3671.0000     3638.0000   575314    0.90%
  31074 24120     3643.6353    72     3671.0000     3638.0000   575324    0.90%
  31075 24121     3643.6388    71     3671.0000     3638.0000   575338    0.90%
  31076 24122     3643.6649    78     3671.0000     3638.0000   575357    0.90%
Elapsed time = 34.66 sec. (51540.44 ticks, tree = 138.40 MB, solutions = 30)
  33172 25947     3638.0000    48     3671.0000     3638.0000   620021    0.90%
  33173 25948     3638.0000    53     3671.0000     3638.0000   620054    0.90%
  33174 25949     3638.0000    52     3671.0000     3638.0000   620062    0.90%
  33175 25950     3638.0000    50     3671.0000     3638.0000   620076    0.90%
  33176 25951     3638.0000    48     3671.0000     3638.0000   620100    0.90%
  33177 25952     3638.0000    46     3671.0000     3638.0000   620103    0.90%
  33178 25953     3638.0000    47     3671.0000     3638.0000   620136    0.90%
  33179 25954     3638.0000    50     3671.0000     3638.0000   620208    0.90%
  33180 25955     3638.0000    45     3671.0000     3638.0000   620267    0.90%
  33181 25956     3638.0000    41     3671.0000     3638.0000   620268    0.90%
Elapsed time = 37.15 sec. (55369.87 ticks, tree = 153.15 MB, solutions = 30)
* 34315+25343                         3666.0000     3638.0000             0.76%
  34876 25849     3653.7447    55     3666.0000     3638.0000   660640    0.76%
  34877 25850     3653.7447    52     3666.0000     3638.0000   660710    0.76%
  34878 25849        cutoff           3666.0000     3638.0000   660713    0.76%
  34879 25850     3653.7447    50     3666.0000     3638.0000   660723    0.76%
  34880 25851     3653.7447    49     3666.0000     3638.0000   660741    0.76%
  34881 25852     3653.7447    51     3666.0000     3638.0000   660791    0.76%
  34882 25853     3653.7447    52     3666.0000     3638.0000   660814    0.76%
  34883 25854     3653.7447    50     3666.0000     3638.0000   660815    0.76%
  34884 25855     3653.7447    48     3666.0000     3638.0000   660824    0.76%
  34885 25856     3653.7447    49     3666.0000     3638.0000   660851    0.76%
Elapsed time = 39.67 sec. (59205.87 ticks, tree = 156.08 MB, solutions = 31)
  36133 26766        cutoff           3666.0000     3638.0000   703008    0.76%
  36134 26767     3642.7455    63     3666.0000     3638.0000   703055    0.76%
  36135 26768     3642.7456    60     3666.0000     3638.0000   703056    0.76%
  36136 26769     3642.7469    59     3666.0000     3638.0000   703058    0.76%
  36137 26770     3642.7523    59     3666.0000     3638.0000   703065    0.76%
  36138 26771     3642.7523    59     3666.0000     3638.0000   703066    0.76%
  36139 26772     3642.7543    56     3666.0000     3638.0000   703069    0.76%
  36140 26773     3642.7544    52     3666.0000     3638.0000   703072    0.76%
  36141 26774     3642.7544    52     3666.0000     3638.0000   703073    0.76%
  36142 26775     3642.7632    53     3666.0000     3638.0000   703084    0.76%
Elapsed time = 42.19 sec. (63033.35 ticks, tree = 163.73 MB, solutions = 31)
  37835 28327     3638.6053    74     3666.0000     3638.0000   749125    0.76%
  37836 28328     3638.6054    74     3666.0000     3638.0000   749126    0.76%
  37837 28329     3638.7315    71     3666.0000     3638.0000   749140    0.76%
  37838 28330     3638.7426    75     3666.0000     3638.0000   749145    0.76%
  37839 28331     3638.7811    73     3666.0000     3638.0000   749159    0.76%
  37840 28332     3638.8829    74     3666.0000     3638.0000   749191    0.76%
  37841 28333     3638.8831    74     3666.0000     3638.0000   749192    0.76%
  37842 28334     3638.8856    76     3666.0000     3638.0000   749198    0.76%
  37843 28335     3638.9766    73     3666.0000     3638.0000   749208    0.76%
  37844 28336     3638.9845    73     3666.0000     3638.0000   749215    0.76%
Elapsed time = 44.74 sec. (66955.78 ticks, tree = 176.40 MB, solutions = 31)
  40357 30648     3651.1438    61     3666.0000     3638.0000   803657    0.76%
  40358 30649     3651.1438    53     3666.0000     3638.0000   803667    0.76%
  40359 30650     3651.2339    51     3666.0000     3638.0000   803675    0.76%
  40360 30651     3651.5062    48     3666.0000     3638.0000   803701    0.76%
  40361 30652     3651.5062    45     3666.0000     3638.0000   803704    0.76%
  40362 30652     3651.5062    50     3666.0000     3638.0000   803783    0.76%
  40363 30653     3651.5062    44     3666.0000     3638.0000   803804    0.76%
  40364 30654     3651.5062    46     3666.0000     3638.0000   803813    0.76%
  40365 30655     3651.5062    46     3666.0000     3638.0000   803879    0.76%
  40366 30656     3651.5062    45     3666.0000     3638.0000   803892    0.76%
Elapsed time = 47.31 sec. (70804.56 ticks, tree = 195.22 MB, solutions = 31)
  42857 32937     3641.7584    51     3666.0000     3638.0000   852663    0.76%
  42858 32938     3641.7584    51     3666.0000     3638.0000   852664    0.76%
  42859 32939     3641.7588    50     3666.0000     3638.0000   852665    0.76%
  42860 32940     3642.0380    46     3666.0000     3638.0000   852686    0.76%
  42861 32941     3642.0719    44     3666.0000     3638.0000   852694    0.76%
  42862 32942     3642.2614    47     3666.0000     3638.0000   852709    0.76%
  42863 32943     3642.2878    47     3666.0000     3638.0000   852713    0.76%
  42864 32944     3642.3328    47     3666.0000     3638.0000   852716    0.76%
  42865 32945     3642.4716    47     3666.0000     3638.0000   852722    0.76%
  42866 32946     3642.4786    46     3666.0000     3638.0000   852727    0.76%
Elapsed time = 49.83 sec. (74629.90 ticks, tree = 214.98 MB, solutions = 31)
  44603 34434     3638.0000    41     3666.0000     3638.0000   898087    0.76%
  44604 34435     3638.0000    44     3666.0000     3638.0000   898125    0.76%
  44605 34436     3638.0000    44     3666.0000     3638.0000   898140    0.76%
  44606 34437     3638.0000    45     3666.0000     3638.0000   898157    0.76%
  44607 34438     3638.0000    42     3666.0000     3638.0000   898165    0.76%
  44608 34439     3638.0000    45     3666.0000     3638.0000   898170    0.76%
  44609 34440     3638.0000    41     3666.0000     3638.0000   898181    0.76%
  44610 34441     3638.0000    41     3666.0000     3638.0000   898220    0.76%
  44611 34442     3638.0000    48     3666.0000     3638.0000   898263    0.76%
  44612 34443     3638.0000    47     3666.0000     3638.0000   898282    0.76%
Elapsed time = 52.31 sec. (78456.88 ticks, tree = 227.55 MB, solutions = 31)
  45866 35477     3638.0000    60     3666.0000     3638.0000   939310    0.76%
  45867 35478     3638.0000    54     3666.0000     3638.0000   939418    0.76%
  45868 35479     3638.0000    54     3666.0000     3638.0000   939429    0.76%
  45869 35480     3638.0000    54     3666.0000     3638.0000   939460    0.76%
  45870 35481     3638.0000    52     3666.0000     3638.0000   939462    0.76%
  45871 35482     3638.0000    64     3666.0000     3638.0000   939471    0.76%
  45872 35483     3638.0000    68     3666.0000     3638.0000   939624    0.76%
  45873 35484     3638.0000    69     3666.0000     3638.0000   939731    0.76%
  45874 35485     3638.0000    57     3666.0000     3638.0000   939761    0.76%
  45875 35486     3638.0000    61     3666.0000     3638.0000   939776    0.76%
Elapsed time = 54.82 sec. (82306.73 ticks, tree = 236.31 MB, solutions = 31)
  48003 37349     3638.0000    57     3666.0000     3638.0000   989499    0.76%
  48004 37350     3638.0000    53     3666.0000     3638.0000   989537    0.76%
  48005 37351     3638.0000    50     3666.0000     3638.0000   989568    0.76%
  48006 37352     3638.0000    50     3666.0000     3638.0000   989578    0.76%
  48007 37353     3638.0000    51     3666.0000     3638.0000   989584    0.76%
  48008 37354     3638.0000    53     3666.0000     3638.0000   989615    0.76%
  48009 37355     3638.0000    48     3666.0000     3638.0000   989701    0.76%
  48010 37356     3638.0000    47     3666.0000     3638.0000   989725    0.76%
  48011 37357     3638.0000    44     3666.0000     3638.0000   989777    0.76%
  48012 37358     3638.0000    48     3666.0000     3638.0000   989807    0.76%
Elapsed time = 57.33 sec. (86148.24 ticks, tree = 252.22 MB, solutions = 31)
  49747 38871     3638.0000    52     3666.0000     3638.0000  1036577    0.76%
  49748 38872     3638.0000    52     3666.0000     3638.0000  1036606    0.76%
  49749 38873     3638.0000    51     3666.0000     3638.0000  1036607    0.76%
  49750 38874     3638.0000    60     3666.0000     3638.0000  1036620    0.76%
  49751 38875     3638.0000    57     3666.0000     3638.0000  1036623    0.76%
  49752 38876     3638.0000    55     3666.0000     3638.0000  1036627    0.76%
  49753 38877     3638.0000    55     3666.0000     3638.0000  1036628    0.76%
  49754 38878     3638.0000    57     3666.0000     3638.0000  1036901    0.76%
  49755 38879     3638.0000    52     3666.0000     3638.0000  1036930    0.76%
  49756 38880     3638.0000    46     3666.0000     3638.0000  1036955    0.76%
Elapsed time = 59.85 sec. (89987.48 ticks, tree = 265.31 MB, solutions = 31)
  50939 39747     3641.5954    82     3666.0000     3638.0000  1080201    0.76%
  50940 39748     3641.5962    81     3666.0000     3638.0000  1080204    0.76%
  50941 39749     3641.5965    81     3666.0000     3638.0000  1080205    0.76%
  50942 39750     3642.9933    71     3666.0000     3638.0000  1080271    0.76%
  50943 39751     3642.9945    70     3666.0000     3638.0000  1080274    0.76%
  50944 39752     3643.1121    68     3666.0000     3638.0000  1080292    0.76%
  50945 39753     3643.1215    70     3666.0000     3638.0000  1080295    0.76%
  50946 39754     3643.1253    75     3666.0000     3638.0000  1080299    0.76%
  50947 39755     3643.1260    75     3666.0000     3638.0000  1080301    0.76%
  50948 39756     3647.1625    78     3666.0000     3638.0000  1080355    0.76%
Elapsed time = 62.47 sec. (93815.14 ticks, tree = 272.97 MB, solutions = 31)
  52593 41237     3638.0000    50     3666.0000     3638.0000  1130772    0.76%
  52594 41238     3638.0000    53     3666.0000     3638.0000  1130898    0.76%
  52595 41239     3638.0000    45     3666.0000     3638.0000  1130907    0.76%
  52596 41240     3638.0000    51     3666.0000     3638.0000  1130938    0.76%
  52597 41241     3638.0000    47     3666.0000     3638.0000  1130963    0.76%
  52598 41242     3638.0000    46     3666.0000     3638.0000  1130987    0.76%
  52599 41243     3638.0000    49     3666.0000     3638.0000  1131017    0.76%
  52600 41244     3638.0000    53     3666.0000     3638.0000  1131084    0.76%
  52601 41245     3638.0000    50     3666.0000     3638.0000  1131105    0.76%
  52602 41246     3638.0000    47     3666.0000     3638.0000  1131116    0.76%
Elapsed time = 64.96 sec. (97649.83 ticks, tree = 286.79 MB, solutions = 31)
  54415 42864     3638.0000    40     3666.0000     3638.0000  1179579    0.76%
  54416 42865     3638.0000    49     3666.0000     3638.0000  1179653    0.76%
  54417 42866     3638.0000    47     3666.0000     3638.0000  1179664    0.76%
  54418 42867     3638.0000    43     3666.0000     3638.0000  1179691    0.76%
  54419 42868     3638.0000    38     3666.0000     3638.0000  1179710    0.76%
  54420 42869     3638.0000    38     3666.0000     3638.0000  1179714    0.76%
  54421 42870     3638.0000    41     3666.0000     3638.0000  1179719    0.76%
  54422 42871     3643.0104    44     3666.0000     3638.0000  1180038    0.76%
  54423 42872     3638.0000    38     3666.0000     3638.0000  1180041    0.76%
  54424 42873     3638.0000    37     3666.0000     3638.0000  1180043    0.76%
Elapsed time = 67.49 sec. (101493.15 ticks, tree = 301.83 MB, solutions = 31)
  55755 44093     3638.0000    61     3666.0000     3638.0000  1223379    0.76%
  55756 44094     3638.0000    52     3666.0000     3638.0000  1223483    0.76%
  55757 44095     3638.0000    56     3666.0000     3638.0000  1223577    0.76%
  55758 44096     3638.0000    59     3666.0000     3638.0000  1223684    0.76%
  55759 44097     3638.0000    55     3666.0000     3638.0000  1223690    0.76%
  55760 44098     3638.0000    53     3666.0000     3638.0000  1223693    0.76%
  55761 44099     3638.0000    62     3666.0000     3638.0000  1223818    0.76%
  55762 44100     3638.0000    58     3666.0000     3638.0000  1223819    0.76%
  55763 44101     3638.0000    62     3666.0000     3638.0000  1223834    0.76%
  55764 44102     3638.0000    59     3666.0000     3638.0000  1223855    0.76%
Elapsed time = 70.01 sec. (105339.00 ticks, tree = 313.15 MB, solutions = 31)
  57737 45846     3638.0000    52     3666.0000     3638.0000  1274945    0.76%
  57738 45847     3638.0000    48     3666.0000     3638.0000  1275059    0.76%
  57739 45848     3638.0000    46     3666.0000     3638.0000  1275060    0.76%
  57740 45849     3638.0000    51     3666.0000     3638.0000  1275099    0.76%
  57741 45850     3638.0000    48     3666.0000     3638.0000  1275108    0.76%
  57742 45851     3638.0000    51     3666.0000     3638.0000  1275155    0.76%
  57743 45852     3638.0000    65     3666.0000     3638.0000  1275292    0.76%
  57744 45853     3638.0000    53     3666.0000     3638.0000  1275312    0.76%
  57745 45854     3638.0000    52     3666.0000     3638.0000  1275411    0.76%
  57746 45855     3638.0000    60     3666.0000     3638.0000  1275532    0.76%
Elapsed time = 72.46 sec. (109187.91 ticks, tree = 329.36 MB, solutions = 31)
  59578 47428     3647.9185    77     3666.0000     3638.0000  1325786    0.76%
  59579 47429     3648.5693    70     3666.0000     3638.0000  1325805    0.76%
  59580 47430     3648.5695    67     3666.0000     3638.0000  1325806    0.76%
  59581 47431     3648.6233    73     3666.0000     3638.0000  1325818    0.76%
  59582 47432     3648.6333    71     3666.0000     3638.0000  1325826    0.76%
  59583 47433     3648.6678    69     3666.0000     3638.0000  1325843    0.76%
  59584 47434     3648.6688    71     3666.0000     3638.0000  1325847    0.76%
  59585 47435     3648.6689    71     3666.0000     3638.0000  1325848    0.76%
  59586 47436     3650.8196    61     3666.0000     3638.0000  1325965    0.76%
  59587 47436     3651.2526    58     3666.0000     3638.0000  1325976    0.76%
Elapsed time = 75.15 sec. (113055.12 ticks, tree = 344.01 MB, solutions = 31)
  61175 48601     3638.0000    44     3666.0000     3638.0000  1371282    0.76%
  61176 48602     3638.0000    46     3666.0000     3638.0000  1371330    0.76%
  61177 48603     3638.0000    47     3666.0000     3638.0000  1371343    0.76%
  61178 48604     3638.0000    47     3666.0000     3638.0000  1371345    0.76%
  61179 48605     3638.0000    46     3666.0000     3638.0000  1371349    0.76%
  61180 48606     3638.0000    44     3666.0000     3638.0000  1371353    0.76%
  61181 48607     3638.5612    48     3666.0000     3638.0000  1371551    0.76%
  61182 48608     3638.5612    43     3666.0000     3638.0000  1371561    0.76%
  61183 48609     3638.5612    45     3666.0000     3638.0000  1371575    0.76%
  61184 48610     3638.5680    51     3666.0000     3638.0000  1371587    0.76%
Elapsed time = 77.89 sec. (116886.91 ticks, tree = 354.90 MB, solutions = 31)
  62694 49892     3638.0000    98     3666.0000     3638.0000  1417604    0.76%
  62695 49893     3638.0000    91     3666.0000     3638.0000  1417714    0.76%
  62696 49894     3638.0000    90     3666.0000     3638.0000  1417739    0.76%
  62697 49895     3638.0000    88     3666.0000     3638.0000  1417768    0.76%
  62698 49896     3638.0000    90     3666.0000     3638.0000  1417922    0.76%
  62699 49897     3638.0000    83     3666.0000     3638.0000  1417928    0.76%
  62700 49898     3638.0000    80     3666.0000     3638.0000  1417963    0.76%
  62701 49899     3638.0000    82     3666.0000     3638.0000  1418119    0.76%
  62702 49900     3638.0000    79     3666.0000     3638.0000  1418143    0.76%
  62703 49901     3638.0000    82     3666.0000     3638.0000  1418383    0.76%
Elapsed time = 80.49 sec. (120795.24 ticks, tree = 366.89 MB, solutions = 31)
  64695 51687     3655.7700    25     3666.0000     3638.0000  1465260    0.76%
  64696 51686     3655.7700    23     3666.0000     3638.0000  1465261    0.76%
  64697 51685    infeasible           3666.0000     3638.0000  1465261    0.76%
  64698 51686     3638.0000    58     3666.0000     3638.0000  1465387    0.76%
  64699 51687     3638.0000    53     3666.0000     3638.0000  1465388    0.76%
  64700 51688     3638.0000    51     3666.0000     3638.0000  1465412    0.76%
  64701 51689     3638.0000    51     3666.0000     3638.0000  1465431    0.76%
  64702 51690     3638.0000    48     3666.0000     3638.0000  1465443    0.76%
  64703 51691     3638.0000    48     3666.0000     3638.0000  1465475    0.76%
  64704 51692     3638.0000    51     3666.0000     3638.0000  1465488    0.76%
Elapsed time = 82.99 sec. (124627.65 ticks, tree = 383.48 MB, solutions = 31)
  66605 53372     3651.0814    36     3666.0000     3638.0000  1516323    0.76%
  66606 53373     3651.0814    35     3666.0000     3638.0000  1516324    0.76%
  66607 53374     3651.0814    34     3666.0000     3638.0000  1516328    0.76%
  66608 53375     3651.0814    28     3666.0000     3638.0000  1516335    0.76%
  66609 53376     3651.0814    34     3666.0000     3638.0000  1516370    0.76%
  66610 53377     3651.5476    36     3666.0000     3638.0000  1516389    0.76%
  66611 53378     3651.6581    36     3666.0000     3638.0000  1516390    0.76%
  66612 53379     3655.2224    35     3666.0000     3638.0000  1516394    0.76%
  66613 53378        cutoff           3666.0000     3638.0000  1516406    0.76%
  66614 53379     3655.2224    35     3666.0000     3638.0000  1516408    0.76%
Elapsed time = 85.51 sec. (128453.95 ticks, tree = 399.05 MB, solutions = 31)
* 67235+53343                         3664.0000     3638.0000             0.71%
* 67335+48128                         3656.0000     3638.0000             0.49%
  68135 48866     3638.0000    51     3656.0000     3638.0000  1564148    0.49%
  68136 48867     3638.0000    49     3656.0000     3638.0000  1564161    0.49%
  68137 48868     3638.0000    52     3656.0000     3638.0000  1564183    0.49%
  68138 48869     3638.0000    50     3656.0000     3638.0000  1564190    0.49%
  68139 48870     3638.0000    42     3656.0000     3638.0000  1564276    0.49%
  68140 48871     3638.0011    53     3656.0000     3638.0000  1564365    0.49%
  68141 48872     3638.0011    53     3656.0000     3638.0000  1564366    0.49%
  68142 48873     3638.0093    53     3656.0000     3638.0000  1564370    0.49%
  68143 48874     3638.0158    54     3656.0000     3638.0000  1564375    0.49%
  68144 48875     3638.0169    54     3656.0000     3638.0000  1564378    0.49%
Elapsed time = 88.09 sec. (132286.83 ticks, tree = 373.36 MB, solutions = 33)
  69935 50481     3639.0000    44     3656.0000     3638.0000  1606089    0.49%
  69936 50482     3639.0000    43     3656.0000     3638.0000  1606097    0.49%
  69937 50483     3639.0000    42     3656.0000     3638.0000  1606103    0.49%
  69938 50484     3639.3563    49     3656.0000     3638.0000  1606165    0.49%
  69939 50485     3639.3605    47     3656.0000     3638.0000  1606167    0.49%
  69940 50485     3639.3617    46     3656.0000     3638.0000  1606168    0.49%
  69941 50486     3640.0000    45     3656.0000     3638.0000  1606169    0.49%
  69942 50487     3640.0000    42     3656.0000     3638.0000  1606219    0.49%
  69943 50488     3640.0000    45     3656.0000     3638.0000  1606257    0.49%
  69944 50489     3640.0000    44     3656.0000     3638.0000  1606258    0.49%
Elapsed time = 90.77 sec. (136273.45 ticks, tree = 388.20 MB, solutions = 33)
  71135 51603     3638.0000    41     3656.0000     3638.0000  1634893    0.49%
  71136 51604     3638.0000    43     3656.0000     3638.0000  1634897    0.49%
  71137 51605     3638.0000    41     3656.0000     3638.0000  1634900    0.49%
  71138 51606     3638.0000    44     3656.0000     3638.0000  1634906    0.49%
  71139 51607     3638.0000    45     3656.0000     3638.0000  1634911    0.49%
  71140 51608     3638.0000    43     3656.0000     3638.0000  1634912    0.49%
  71141 51609     3638.0000    41     3656.0000     3638.0000  1634953    0.49%
  71142 51610     3638.0000    41     3656.0000     3638.0000  1634958    0.49%
  71143 51611     3638.0000    41     3656.0000     3638.0000  1635014    0.49%
  71144 51612     3638.0000    41     3656.0000     3638.0000  1635044    0.49%
Elapsed time = 93.43 sec. (140296.50 ticks, tree = 398.53 MB, solutions = 33)
  72733 53094     3638.0000    52     3656.0000     3638.0000  1675378    0.49%
  72734 53095     3638.0000    56     3656.0000     3638.0000  1675466    0.49%
  72735 53096     3638.2647    65     3656.0000     3638.0000  1675634    0.49%
  72736 53097     3638.2694    63     3656.0000     3638.0000  1675635    0.49%
  72737 53098     3638.6311    61     3656.0000     3638.0000  1675663    0.49%
  72738 53099     3638.6563    61     3656.0000     3638.0000  1675664    0.49%
  72739 53100     3638.7056    66     3656.0000     3638.0000  1675676    0.49%
  72740 53101     3638.7059    64     3656.0000     3638.0000  1675677    0.49%
  72741 53102     3639.1122    59     3656.0000     3638.0000  1675698    0.49%
  72742 53103     3639.1335    58     3656.0000     3638.0000  1675703    0.49%
Elapsed time = 95.97 sec. (144130.31 ticks, tree = 412.28 MB, solutions = 33)
  75095 55030     3638.0000    36     3656.0000     3638.0000  1725024    0.49%
  75096 55031     3638.0000    34     3656.0000     3638.0000  1725130    0.49%
  75097 55030        cutoff           3656.0000     3638.0000  1725182    0.49%
  75098 55029        cutoff           3656.0000     3638.0000  1725211    0.49%
  75099 55028        cutoff           3656.0000     3638.0000  1725302    0.49%
  75100 55029     3650.4076    31     3656.0000     3638.0000  1725374    0.49%
  75101 55028        cutoff           3656.0000     3638.0000  1725375    0.49%
  75102 55027        cutoff           3656.0000     3638.0000  1725376    0.49%
  75103 55026    infeasible           3656.0000     3638.0000  1725376    0.49%
  75104 55027     3638.0000    42     3656.0000     3638.0000  1725503    0.49%
Elapsed time = 98.59 sec. (147974.94 ticks, tree = 429.96 MB, solutions = 33)

Cover cuts applied:  285
Flow cuts applied:  2
Mixed integer rounding cuts applied:  303
Zero-half cuts applied:  5
Gomory fractional cuts applied:  1

Root node processing (before b&c):
  Real time             =    0.14 sec. (161.92 ticks)
Sequential b&c:
  Real time             =   99.86 sec. (149905.09 ticks)
                          ------------
Total (root+branch&cut) =  100.00 sec. (150067.01 ticks)

Solution pool: 33 solutions saved.

MIP - Time limit exceeded, integer feasible:  Objective =  3.6560000000e+03
Current MIP best bound =  3.6380000000e+03 (gap = 18, 0.49%)
Solution time =  100.00 sec.  Iterations = 1749523  Nodes = 76184 (55712)
Deterministic time = 150067.02 ticks  (1500.66 ticks/sec)


Incumbent solution written to file '/tmp/tmpAdzkoR.cplex.sol'.
