
Log started (V12.6.3.0) Fri Apr 20 22:30:08 2018

New value for default parallel thread count: 1

Problem '/tmp/tmp8RdUMl.pyomo.lp' read.
Read time = 0.02 sec. (2.16 ticks)

Problem name         : /tmp/tmp8RdUMl.pyomo.lp
Objective sense      : Minimize
Variables            :    1746  [Nneg: 1,  Binary: 1728,  General Integer: 17]
Objective nonzeros   :       1
Linear constraints   :     250  [Less: 124,  Equal: 126]
  Nonzeros           :  157417
  RHS nonzeros       :     217

Variables            : Min LB: 0.000000         Max UB: 1.000000       
Objective nonzeros   : Min   : 1.000000         Max   : 1.000000       
Linear constraints   :
  Nonzeros           : Min   : 1.000000         Max   : 1715.000       
  RHS nonzeros       : Min   : 1.000000         Max   : 11.00000       
Tried aggregator 2 times.
MIP Presolve eliminated 111 rows and 194 columns.
Aggregator did 21 substitutions.
Reduced MIP has 118 rows, 1531 columns, and 4321 nonzeros.
Reduced MIP has 1530 binaries, 1 generals, 0 SOSs, and 0 indicators.
Presolve time = 0.03 sec. (27.96 ticks)
Found incumbent of value 54562.000000 after 0.03 sec. (32.80 ticks)
Probing time = 0.00 sec. (1.99 ticks)
Tried aggregator 1 time.
Reduced MIP has 118 rows, 1531 columns, and 4321 nonzeros.
Reduced MIP has 1530 binaries, 1 generals, 0 SOSs, and 0 indicators.
Presolve time = 0.00 sec. (2.17 ticks)
Probing time = 0.00 sec. (1.98 ticks)
Clique table members: 102.
MIP emphasis: balance optimality and feasibility.
MIP search method: dynamic search.
Parallel mode: none, using 1 thread.
Root relaxation solution time = 0.00 sec. (2.46 ticks)

        Nodes                                         Cuts/
   Node  Left     Objective  IInf  Best Integer    Best Bound    ItCnt     Gap

*     0+    0                        54562.0000        0.0000           100.00%
      0     0     3637.4667    24    54562.0000     3637.4667       68   93.33%
*     0+    0                         6217.0000     3637.4667            41.49%
      0     0     3638.0000    27     6217.0000     Fract: 11       94   41.48%
*     0+    0                         4877.0000     3638.0000            25.40%
      0     0     3638.0000    33     4877.0000      Cuts: 32      171   25.40%
      0     0     3638.0000    34     4877.0000      Cuts: 16      219   25.40%
*     0+    0                         4246.0000     3638.0000            14.32%
*     0+    0                         3946.0000     3638.0000             7.81%
*     0+    0                         3910.0000     3638.0000             6.96%
*     0+    0                         3887.0000     3638.0000             6.41%
      0     2     3638.0000    22     3887.0000     3638.0000      219    6.41%
Elapsed time = 0.11 sec. (138.64 ticks, tree = 0.01 MB, solutions = 7)
*    50+   50                         3883.0000     3638.0000             6.31%
*    60+   60                         3865.0000     3638.0000             5.87%
*   160+  145                         3836.0000     3638.0000             5.16%
*   240+  225                         3835.0000     3638.0000             5.14%
*   340+  317                         3827.0000     3638.0000             4.94%
*   340+  314                         3804.0000     3638.0000             4.36%
*   340+  311                         3790.0000     3638.0000             4.01%
    340   313     3638.0000    25     3790.0000     3638.0000     2569    4.01%
    341   314     3638.0000    27     3790.0000     3638.0000     2571    4.01%
    342   315     3638.0000    27     3790.0000     3638.0000     2572    4.01%
    343   316     3638.0000    27     3790.0000     3638.0000     2574    4.01%
    344   317     3638.0000    27     3790.0000     3638.0000     2578    4.01%
    345   318     3638.0000    27     3790.0000     3638.0000     2580    4.01%
    346   319     3638.0000    27     3790.0000     3638.0000     2581    4.01%
    347   320     3638.0000    27     3790.0000     3638.0000     2582    4.01%
    348   321     3638.0000    27     3790.0000     3638.0000     2583    4.01%
*   534+  494                         3761.0000     3638.0000             3.27%
*   534+  494                         3757.0000     3638.0000             3.17%
*   535+  330                         3753.0000     3638.0000             3.06%
    535   331     3638.0000    22     3753.0000     3638.0000     4015    3.06%
Elapsed time = 0.81 sec. (1128.71 ticks, tree = 0.76 MB, solutions = 17)
*   635+  262                         3742.0000     3638.0000             2.78%
*   835+  262                         3727.0000     3638.0000             2.39%
*   835+  242                         3724.0000     3638.0000             2.31%
*   835+  228                         3723.0000     3638.0000             2.28%
*   935+  285                         3712.0000     3638.0000             1.99%
*   935+  279                         3697.0000     3638.0000             1.60%
    935   281     3638.0000    23     3697.0000     3638.0000     6277    1.60%
    936   282     3638.0000    24     3697.0000     3638.0000     6285    1.60%
    937   283     3638.0000    22     3697.0000     3638.0000     6293    1.60%
    938   284     3638.0000    24     3697.0000     3638.0000     6296    1.60%
    939   285     3638.0000    21     3697.0000     3638.0000     6303    1.60%
    940   286     3638.0000    23     3697.0000     3638.0000     6311    1.60%
    941   287     3638.0000    22     3697.0000     3638.0000     6324    1.60%
    942   288     3638.0000    24     3697.0000     3638.0000     6331    1.60%
    943   289     3638.0000    26     3697.0000     3638.0000     6341    1.60%
    944   290     3638.0000    28     3697.0000     3638.0000     6352    1.60%
Elapsed time = 1.64 sec. (2297.31 ticks, tree = 0.65 MB, solutions = 23)
*  1135+  435                         3681.0000     3638.0000             1.17%
   2157  1172     3649.0000    28     3681.0000     3638.0000    11247    1.17%
   2158  1173     3649.0000    24     3681.0000     3638.0000    11249    1.17%
   2159  1173     3649.0000    28     3681.0000     3638.0000    11255    1.17%
   2160  1174     3649.0000    26     3681.0000     3638.0000    11256    1.17%
   2161  1174     3649.7840    27     3681.0000     3638.0000    11259    1.17%
   2162  1174     3649.7840    28     3681.0000     3638.0000    11261    1.17%
   2163  1175     3650.0000    27     3681.0000     3638.0000    11262    1.17%
   2164  1175     3650.2402    27     3681.0000     3638.0000    11265    1.17%
   2165  1176     3651.0000    26     3681.0000     3638.0000    11266    1.17%
   2166  1176     3654.6534    26     3681.0000     3638.0000    11271    1.17%
Elapsed time = 2.29 sec. (3254.92 ticks, tree = 2.66 MB, solutions = 24)
   4801  3506     3645.0000    22     3681.0000     3638.0000    20370    1.17%
   4802  3507     3645.0000    21     3681.0000     3638.0000    20378    1.17%
   4803  3508     3645.0000    20     3681.0000     3638.0000    20381    1.17%
   4804  3509     3645.0000    21     3681.0000     3638.0000    20382    1.17%
   4805  3510     3645.0000    21     3681.0000     3638.0000    20383    1.17%
   4806  3511     3645.0000    19     3681.0000     3638.0000    20384    1.17%
   4807  3510        cutoff           3681.0000     3638.0000    20391    1.17%
   4808  3510     3645.0000    19     3681.0000     3638.0000    20394    1.17%
   4809  3511     3645.0000    21     3681.0000     3638.0000    20401    1.17%
   4810  3510        cutoff           3681.0000     3638.0000    20407    1.17%
Elapsed time = 2.93 sec. (4212.67 ticks, tree = 7.94 MB, solutions = 24)
   8961  7339     3638.0000    27     3681.0000     3638.0000    32924    1.17%
   8962  7340     3638.0000    26     3681.0000     3638.0000    32926    1.17%
   8963  7341     3638.0000    26     3681.0000     3638.0000    32928    1.17%
   8964  7342     3638.0000    26     3681.0000     3638.0000    32932    1.17%
   8965  7343     3638.0000    26     3681.0000     3638.0000    32933    1.17%
   8966  7344     3638.0000    26     3681.0000     3638.0000    32934    1.17%
   8967  7345     3638.0000    24     3681.0000     3638.0000    32936    1.17%
   8968  7346     3638.0000    24     3681.0000     3638.0000    32938    1.17%
   8969  7347     3638.0000    26     3681.0000     3638.0000    32941    1.17%
   8970  7348     3638.0000    26     3681.0000     3638.0000    32947    1.17%
Elapsed time = 3.58 sec. (5168.50 ticks, tree = 16.60 MB, solutions = 24)
  12564 10679     3638.0000    24     3681.0000     3638.0000    43853    1.17%
  12565 10680     3638.0000    24     3681.0000     3638.0000    43854    1.17%
  12566 10681     3638.0000    22     3681.0000     3638.0000    43856    1.17%
  12567 10682     3638.0000    22     3681.0000     3638.0000    43859    1.17%
  12568 10683     3638.0000    23     3681.0000     3638.0000    43861    1.17%
  12569 10684     3638.0000    23     3681.0000     3638.0000    43867    1.17%
  12570 10685     3638.0000    22     3681.0000     3638.0000    43873    1.17%
  12571 10686     3638.0000    25     3681.0000     3638.0000    43888    1.17%
  12572 10687     3638.0000    25     3681.0000     3638.0000    43894    1.17%
  12573 10688     3638.0000    26     3681.0000     3638.0000    43896    1.17%
Elapsed time = 4.27 sec. (6125.86 ticks, tree = 24.28 MB, solutions = 24)
  16644 14411     3638.0000    24     3681.0000     3638.0000    56626    1.17%
  16645 14412     3638.0000    26     3681.0000     3638.0000    56630    1.17%
  16646 14413     3638.0000    25     3681.0000     3638.0000    56637    1.17%
  16647 14414     3638.0000    25     3681.0000     3638.0000    56640    1.17%
  16648 14415     3638.0000    25     3681.0000     3638.0000    56643    1.17%
  16649 14416     3638.0000    25     3681.0000     3638.0000    56644    1.17%
  16650 14417     3638.0000    25     3681.0000     3638.0000    56645    1.17%
  16651 14418     3638.0000    25     3681.0000     3638.0000    56646    1.17%
  16652 14419     3638.0000    25     3681.0000     3638.0000    56647    1.17%
  16653 14420     3638.0000    25     3681.0000     3638.0000    56648    1.17%
Elapsed time = 4.92 sec. (7081.09 ticks, tree = 32.59 MB, solutions = 24)
  20656 18042     3638.0000    24     3681.0000     3638.0000    67925    1.17%
  20657 18043     3638.0000    21     3681.0000     3638.0000    67930    1.17%
  20658 18044     3638.0000    22     3681.0000     3638.0000    67932    1.17%
  20659 18045     3638.0000    23     3681.0000     3638.0000    67934    1.17%
  20660 18046     3638.0000    23     3681.0000     3638.0000    67936    1.17%
  20661 18047     3638.0000    23     3681.0000     3638.0000    67939    1.17%
  20662 18048     3638.0000    23     3681.0000     3638.0000    67940    1.17%
  20663 18049     3638.0000    22     3681.0000     3638.0000    67944    1.17%
  20664 18050     3638.0000    23     3681.0000     3638.0000    67946    1.17%
  20665 18051     3638.0000    23     3681.0000     3638.0000    67948    1.17%
Elapsed time = 5.56 sec. (8036.54 ticks, tree = 41.17 MB, solutions = 24)
  24697 21728     3638.0000    23     3681.0000     3638.0000    79776    1.17%
  24698 21729     3638.0000    22     3681.0000     3638.0000    79780    1.17%
  24699 21730     3638.0000    25     3681.0000     3638.0000    79785    1.17%
  24700 21731     3638.0000    24     3681.0000     3638.0000    79790    1.17%
  24701 21732     3638.0000    23     3681.0000     3638.0000    79793    1.17%
  24702 21732     3650.6400    20     3681.0000     3638.0000    79801    1.17%
  24703 21733     3650.6400    22     3681.0000     3638.0000    79813    1.17%
  24704 21733     3650.6400    22     3681.0000     3638.0000    79820    1.17%
  24705 21733     3650.6400    22     3681.0000     3638.0000    79821    1.17%
  24706 21733     3650.6400    22     3681.0000     3638.0000    79822    1.17%
Elapsed time = 6.20 sec. (8992.75 ticks, tree = 49.38 MB, solutions = 24)
  28566 25208     3638.0000    24     3681.0000     3638.0000    93253    1.17%
  28567 25209     3638.0000    23     3681.0000     3638.0000    93257    1.17%
  28568 25210     3638.0000    26     3681.0000     3638.0000    93261    1.17%
  28569 25211     3638.0000    27     3681.0000     3638.0000    93265    1.17%
  28570 25212     3638.0000    26     3681.0000     3638.0000    93266    1.17%
  28571 25213     3638.0000    24     3681.0000     3638.0000    93269    1.17%
  28572 25214     3638.0000    26     3681.0000     3638.0000    93274    1.17%
  28573 25215     3638.0000    25     3681.0000     3638.0000    93277    1.17%
  28574 25216     3638.0000    27     3681.0000     3638.0000    93285    1.17%
  37623 33436     3638.0000    28     3681.0000     3638.0000   132202    1.17%
Elapsed time = 8.82 sec. (12807.68 ticks, tree = 77.67 MB, solutions = 24)
  51164 45882     3638.0000    38     3681.0000     3638.0000   183588    1.17%
  51165 45883     3638.0000    36     3681.0000     3638.0000   183589    1.17%
  51166 45884     3638.0000    34     3681.0000     3638.0000   183590    1.17%
  51167 45885     3638.0000    34     3681.0000     3638.0000   183592    1.17%
  51168 45886     3638.0000    34     3681.0000     3638.0000   183593    1.17%
  51169 45887     3638.0000    34     3681.0000     3638.0000   183603    1.17%
  51170 45888     3638.0000    35     3681.0000     3638.0000   183605    1.17%
  51171 45889     3638.0000    33     3681.0000     3638.0000   183606    1.17%
  51172 45890     3638.0000    31     3681.0000     3638.0000   183608    1.17%
  51173 45891     3638.0000    31     3681.0000     3638.0000   183609    1.17%
Elapsed time = 11.44 sec. (16624.10 ticks, tree = 107.53 MB, solutions = 24)
  63488 57414     3638.0000    26     3681.0000     3638.0000   233697    1.17%
  63489 57415     3638.0000    26     3681.0000     3638.0000   233699    1.17%
  63490 57416     3638.0000    26     3681.0000     3638.0000   233700    1.17%
  63491 57417     3638.0000    26     3681.0000     3638.0000   233701    1.17%
  63492 57418     3638.0000    23     3681.0000     3638.0000   233706    1.17%
  63493 57419     3638.0000    25     3681.0000     3638.0000   233708    1.17%
  63494 57420     3638.0000    25     3681.0000     3638.0000   233710    1.17%
  63495 57421     3638.0000    25     3681.0000     3638.0000   233711    1.17%
  63496 57422     3638.0000    24     3681.0000     3638.0000   233715    1.17%
  63497 57423     3638.0000    24     3681.0000     3638.0000   233716    1.17%
Elapsed time = 14.07 sec. (20440.75 ticks, tree = 135.18 MB, solutions = 24)
  69402 62833     3641.4475    66     3681.0000     3638.0000   281942    1.17%
  69403 62834     3641.4475    66     3681.0000     3638.0000   281943    1.17%
  69404 62835     3644.7830    64     3681.0000     3638.0000   281981    1.17%
  69405 62836     3644.7833    64     3681.0000     3638.0000   281982    1.17%
  69406 62837     3644.7957    65     3681.0000     3638.0000   281985    1.17%
  69407 62838     3645.4068    73     3681.0000     3638.0000   282027    1.17%
  69408 62839     3645.4101    71     3681.0000     3638.0000   282031    1.17%
  69409 62840     3645.4387    65     3681.0000     3638.0000   282039    1.17%
  69410 62841     3645.5495    63     3681.0000     3638.0000   282052    1.17%
  69411 62842     3645.5609    63     3681.0000     3638.0000   282056    1.17%
Elapsed time = 16.69 sec. (24263.25 ticks, tree = 151.71 MB, solutions = 24)
  72835 66053     3638.0000    43     3681.0000     3638.0000   332711    1.17%
  72836 66054     3638.0000    35     3681.0000     3638.0000   332715    1.17%
  72837 66055     3638.0000    37     3681.0000     3638.0000   332721    1.17%
  72838 66056     3638.0000    37     3681.0000     3638.0000   332724    1.17%
  72839 66057     3638.0000    39     3681.0000     3638.0000   332730    1.17%
  72840 66058     3638.0000    35     3681.0000     3638.0000   332741    1.17%
  72841 66059     3638.0000    36     3681.0000     3638.0000   332744    1.17%
  72842 66060     3638.0000    33     3681.0000     3638.0000   332747    1.17%
  72843 66061     3638.0000    35     3681.0000     3638.0000   332758    1.17%
  72844 66062     3638.0000    35     3681.0000     3638.0000   332759    1.17%
Elapsed time = 19.25 sec. (28260.30 ticks, tree = 166.92 MB, solutions = 24)
  76449 69432     3641.5505    92     3681.0000     3638.0000   381249    1.17%
  76450 69433     3641.5529    92     3681.0000     3638.0000   381251    1.17%
  76451 69434     3641.6968    89     3681.0000     3638.0000   381278    1.17%
  76452 69435     3643.7999    86     3681.0000     3638.0000   381358    1.17%
  76453 69436     3641.6996    89     3681.0000     3638.0000   381360    1.17%
  76454 69437     3641.7005    87     3681.0000     3638.0000   381366    1.17%
  76455 69438     3641.7011    88     3681.0000     3638.0000   381369    1.17%
  76456 69438     3658.0453    44     3681.0000     3638.0000   381523    1.17%
  76457 69439     3641.7025    86     3681.0000     3638.0000   381530    1.17%
  76458 69440     3641.7026    86     3681.0000     3638.0000   381532    1.17%
Elapsed time = 21.67 sec. (32097.15 ticks, tree = 181.97 MB, solutions = 24)
  79104 71891     3648.8606    71     3681.0000     3638.0000   430737    1.17%
  79105 71892     3648.8627    71     3681.0000     3638.0000   430738    1.17%
  79106 71893     3648.8652    75     3681.0000     3638.0000   430745    1.17%
  79107 71894     3648.9015    77     3681.0000     3638.0000   430749    1.17%
  79108 71895     3648.9295    76     3681.0000     3638.0000   430753    1.17%
  79109 71896     3648.9310    75     3681.0000     3638.0000   430756    1.17%
  79110 71897     3648.9347    75     3681.0000     3638.0000   430760    1.17%
  79111 71898     3648.9425    72     3681.0000     3638.0000   430769    1.17%
  79112 71899     3649.9836    71     3681.0000     3638.0000   430788    1.17%
  79113 71900     3649.9850    71     3681.0000     3638.0000   430789    1.17%
Elapsed time = 24.07 sec. (35917.40 ticks, tree = 193.37 MB, solutions = 24)
  81443 74113     3638.0000    37     3681.0000     3638.0000   475879    1.17%
  81444 74114     3638.0000    35     3681.0000     3638.0000   475880    1.17%
  81445 74115     3638.0000    35     3681.0000     3638.0000   475885    1.17%
  81446 74116     3638.0000    33     3681.0000     3638.0000   475886    1.17%
  81447 74117     3638.0000    39     3681.0000     3638.0000   475911    1.17%
  81448 74118     3638.0000    31     3681.0000     3638.0000   475919    1.17%
  81449 74119     3638.0000    37     3681.0000     3638.0000   475944    1.17%
  81450 74120     3638.0000    35     3681.0000     3638.0000   475947    1.17%
  81451 74121     3638.0000    41     3681.0000     3638.0000   475963    1.17%
  81452 74122     3638.0000    36     3681.0000     3638.0000   475970    1.17%
Elapsed time = 26.45 sec. (39739.95 ticks, tree = 204.49 MB, solutions = 24)
  83359 75935     3639.0979    96     3681.0000     3638.0000   520574    1.17%
  83360 75936     3639.1550    98     3681.0000     3638.0000   520599    1.17%
  83361 75937     3639.1553    98     3681.0000     3638.0000   520600    1.17%
  83362 75938     3639.1988    99     3681.0000     3638.0000   520625    1.17%
  83363 75939     3639.1995    98     3681.0000     3638.0000   520631    1.17%
  83364 75940     3639.2511    99     3681.0000     3638.0000   520638    1.17%
  83365 75941     3639.3714    93     3681.0000     3638.0000   520660    1.17%
  83366 75942     3639.3729    93     3681.0000     3638.0000   520661    1.17%
  83367 75943     3639.3764    93     3681.0000     3638.0000   520663    1.17%
  83368 75944     3639.3887    93     3681.0000     3638.0000   520672    1.17%
Elapsed time = 28.88 sec. (43573.13 ticks, tree = 214.11 MB, solutions = 24)
  85315 77778     3679.0000    18     3681.0000     3638.0000   572934    1.17%
  85316 77779     3679.0000    16     3681.0000     3638.0000   572940    1.17%
  85317 77780     3679.0000    20     3681.0000     3638.0000   573028    1.17%
  85318 77781     3679.0000    20     3681.0000     3638.0000   573042    1.17%
  85319 77782     3679.0000    17     3681.0000     3638.0000   573056    1.17%
  85320 77783     3679.0000    19     3681.0000     3638.0000   573087    1.17%
  85321 77784     3679.0000    30     3681.0000     3638.0000   573169    1.17%
  85322 77783        cutoff           3681.0000     3638.0000   573182    1.17%
  85323 77784     3679.0000    22     3681.0000     3638.0000   573250    1.17%
  85324 77785     3679.0000    21     3681.0000     3638.0000   573260    1.17%
Elapsed time = 31.22 sec. (47401.35 ticks, tree = 224.73 MB, solutions = 24)
  86667 79044     3638.0000    96     3681.0000     3638.0000   616537    1.17%
  86668 79045     3638.0000    95     3681.0000     3638.0000   616960    1.17%
  86669 79046     3638.0000   107     3681.0000     3638.0000   617236    1.17%
  86670 79047     3638.0000   110     3681.0000     3638.0000   617396    1.17%
  86671 79048     3638.0000   102     3681.0000     3638.0000   617820    1.17%
  86672 79049     3638.0000    92     3681.0000     3638.0000   617832    1.17%
  86673 79050     3638.0000   105     3681.0000     3638.0000   618389    1.17%
  86674 79051     3638.0000    91     3681.0000     3638.0000   618392    1.17%
  86675 79052     3638.0000    92     3681.0000     3638.0000   618397    1.17%
  86676 79053     3638.0000    96     3681.0000     3638.0000   618554    1.17%
Elapsed time = 34.03 sec. (51414.62 ticks, tree = 232.64 MB, solutions = 24)
  88417 80591     3668.8750    44     3681.0000     3638.0000   659494    1.17%
  88418 80590        cutoff           3681.0000     3638.0000   659517    1.17%
  88419 80591     3668.8750    45     3681.0000     3638.0000   659528    1.17%
  88420 80592     3668.8750    49     3681.0000     3638.0000   659534    1.17%
  88421 80593     3668.8750    52     3681.0000     3638.0000   659541    1.17%
  88422 80594     3668.9625    51     3681.0000     3638.0000   659624    1.17%
  88423 80595     3668.9953    51     3681.0000     3638.0000   659632    1.17%
  88424 80596     3669.0461    49     3681.0000     3638.0000   659637    1.17%
  88425 80597     3671.4778    49     3681.0000     3638.0000   659662    1.17%
  88426 80596     3679.1861    40     3681.0000     3638.0000   659729    1.17%
Elapsed time = 36.44 sec. (55244.94 ticks, tree = 243.12 MB, solutions = 24)
  89699 81685     3638.0000    78     3681.0000     3638.0000   699479    1.17%
  89700 81686     3638.0000    77     3681.0000     3638.0000   699496    1.17%
  89701 81687     3638.0000    78     3681.0000     3638.0000   699507    1.17%
  89702 81688     3638.0000    76     3681.0000     3638.0000   699509    1.17%
  89703 81689     3638.0000    81     3681.0000     3638.0000   699566    1.17%
  89704 81690     3638.0000    81     3681.0000     3638.0000   699569    1.17%
  89705 81691     3638.0000    82     3681.0000     3638.0000   699570    1.17%
  89706 81692     3638.0000    78     3681.0000     3638.0000   699731    1.17%
  89707 81693     3638.0000    80     3681.0000     3638.0000   699750    1.17%
  89708 81694     3638.0000    76     3681.0000     3638.0000   699781    1.17%
Elapsed time = 38.88 sec. (59084.53 ticks, tree = 251.17 MB, solutions = 24)
  91295 83201     3638.0000    57     3681.0000     3638.0000   742737    1.17%
  91296 83202     3638.0000    59     3681.0000     3638.0000   742777    1.17%
  91297 83203     3638.0000    69     3681.0000     3638.0000   742814    1.17%
  91298 83204     3638.0000    65     3681.0000     3638.0000   742815    1.17%
  91299 83205     3638.0000    58     3681.0000     3638.0000   742839    1.17%
  91300 83206     3638.0000    52     3681.0000     3638.0000   742850    1.17%
  91301 83207     3638.0000    53     3681.0000     3638.0000   742881    1.17%
  91302 83208     3638.0000    52     3681.0000     3638.0000   742896    1.17%
  91303 83209     3638.0000    50     3681.0000     3638.0000   742901    1.17%
  91304 83210     3638.0000    69     3681.0000     3638.0000   743055    1.17%
Elapsed time = 41.19 sec. (62923.11 ticks, tree = 262.56 MB, solutions = 24)
  92805 84594     3638.0000   133     3681.0000     3638.0000   780971    1.17%
  92806 84595     3638.0000   130     3681.0000     3638.0000   780974    1.17%
  92807 84596     3638.0000   113     3681.0000     3638.0000   781103    1.17%
  92808 84597     3638.0000   111     3681.0000     3638.0000   781279    1.17%
  92809 84598     3638.0000   110     3681.0000     3638.0000   781280    1.17%
  92810 84599     3638.0000   106     3681.0000     3638.0000   781286    1.17%
  92811 84600     3638.0000    99     3681.0000     3638.0000   781290    1.17%
  92812 84601     3638.0000   101     3681.0000     3638.0000   781525    1.17%
  92813 84602     3638.0000    92     3681.0000     3638.0000   781545    1.17%
  92814 84603     3638.0000    93     3681.0000     3638.0000   781573    1.17%
Elapsed time = 44.06 sec. (66925.87 ticks, tree = 273.42 MB, solutions = 24)
  94175 85924     3638.7061   105     3681.0000     3638.0000   819195    1.17%
  94176 85925     3638.7167   104     3681.0000     3638.0000   819204    1.17%
  94177 85926     3638.7217   104     3681.0000     3638.0000   819221    1.17%
  94178 85927     3638.7218   104     3681.0000     3638.0000   819226    1.17%
  94179 85928     3638.7232   103     3681.0000     3638.0000   819231    1.17%
  94180 85929     3638.7239   102     3681.0000     3638.0000   819235    1.17%
  94181 85930     3638.7239   102     3681.0000     3638.0000   819236    1.17%
  94182 85931     3638.7263   101     3681.0000     3638.0000   819248    1.17%
  94183 85932     3638.7265   101     3681.0000     3638.0000   819249    1.17%
  94184 85933     3638.7265   101     3681.0000     3638.0000   819250    1.17%
Elapsed time = 46.54 sec. (70751.48 ticks, tree = 283.90 MB, solutions = 24)
* 94935+80273                         3668.0000     3638.0000             0.82%
* 94935+78812                         3665.0000     3638.0000             0.74%
  95265 79140     3638.0000    83     3665.0000     3638.0000   854928    0.74%
  95266 79141     3638.0000    82     3665.0000     3638.0000   854929    0.74%
  95267 79142     3638.0000    84     3665.0000     3638.0000   854990    0.74%
  95268 79143     3638.0000    72     3665.0000     3638.0000   855016    0.74%
  95269 79144     3638.0000    78     3665.0000     3638.0000   855126    0.74%
  95270 79145     3638.0000    77     3665.0000     3638.0000   855127    0.74%
  95271 79146     3638.0000    80     3665.0000     3638.0000   855195    0.74%
  95272 79147     3638.0000    88     3665.0000     3638.0000   855361    0.74%
  95273 79148     3638.0000    85     3665.0000     3638.0000   855364    0.74%
  95274 79149     3638.0000    88     3665.0000     3638.0000   855449    0.74%
Elapsed time = 49.30 sec. (74603.09 ticks, tree = 258.67 MB, solutions = 26)
  96537 80350     3638.0000    57     3665.0000     3638.0000   894305    0.74%
  96538 80351     3638.0000    56     3665.0000     3638.0000   894358    0.74%
  96539 80352     3638.0000    57     3665.0000     3638.0000   894411    0.74%
  96540 80353     3638.0000    57     3665.0000     3638.0000   894413    0.74%
  96541 80354     3638.0000    55     3665.0000     3638.0000   894419    0.74%
  96542 80355     3638.0000    51     3665.0000     3638.0000   894475    0.74%
  96543 80356     3638.0000    52     3665.0000     3638.0000   894559    0.74%
  96544 80357     3638.0000    52     3665.0000     3638.0000   894577    0.74%
  96545 80358     3638.0000    48     3665.0000     3638.0000   894600    0.74%
  96546 80359     3638.0000    49     3665.0000     3638.0000   894607    0.74%
Elapsed time = 51.62 sec. (78438.94 ticks, tree = 268.52 MB, solutions = 26)
  97719 81458     3663.5530    39     3665.0000     3638.0000   929085    0.74%
  97720 81459     3663.6919    40     3665.0000     3638.0000   929103    0.74%
  97721 81459     3663.6983    36     3665.0000     3638.0000   929104    0.74%
  97722 81458        cutoff           3665.0000     3638.0000   929113    0.74%
  97723 81459     3638.0000    94     3665.0000     3638.0000   929623    0.74%
  97724 81460     3638.0000    84     3665.0000     3638.0000   929667    0.74%
  97725 81461     3638.0000    79     3665.0000     3638.0000   929789    0.74%
  97726 81462     3638.0000    70     3665.0000     3638.0000   929833    0.74%
  97727 81463     3638.0000    68     3665.0000     3638.0000   929850    0.74%
  97728 81464     3638.0000    64     3665.0000     3638.0000   929862    0.74%
Elapsed time = 53.99 sec. (82332.71 ticks, tree = 277.68 MB, solutions = 26)
  98631 82322     3638.2580    79     3665.0000     3638.0000   967386    0.74%
  98632 82323     3638.3214    79     3665.0000     3638.0000   967407    0.74%
  98633 82324     3638.3216    79     3665.0000     3638.0000   967409    0.74%
  98634 82325     3638.3216    79     3665.0000     3638.0000   967410    0.74%
  98635 82326     3638.3217    79     3665.0000     3638.0000   967411    0.74%
  98636 82327     3638.3217    79     3665.0000     3638.0000   967412    0.74%
  98637 82328     3638.3219    79     3665.0000     3638.0000   967413    0.74%
  98638 82329     3638.3243    78     3665.0000     3638.0000   967417    0.74%
  98639 82330     3638.3559    78     3665.0000     3638.0000   967429    0.74%
  98640 82331     3638.3622    78     3665.0000     3638.0000   967439    0.74%
Elapsed time = 56.35 sec. (86154.23 ticks, tree = 284.91 MB, solutions = 26)
  99512 83126     3638.0000   100     3665.0000     3638.0000  1007538    0.74%
  99513 83127     3638.0000    99     3665.0000     3638.0000  1007540    0.74%
  99514 83128     3638.0000    88     3665.0000     3638.0000  1007565    0.74%
  99515 83129     3638.0000    85     3665.0000     3638.0000  1007571    0.74%
  99516 83130     3638.0000    84     3665.0000     3638.0000  1007572    0.74%
  99517 83131     3638.0000    78     3665.0000     3638.0000  1007604    0.74%
  99518 83132     3638.0000    74     3665.0000     3638.0000  1007659    0.74%
  99519 83133     3638.0000    83     3665.0000     3638.0000  1007851    0.74%
  99520 83134     3638.0000    85     3665.0000     3638.0000  1007869    0.74%
  99521 83135     3638.0000    79     3665.0000     3638.0000  1007878    0.74%
Elapsed time = 58.69 sec. (90026.94 ticks, tree = 291.78 MB, solutions = 26)
 100665 84237     3650.8011    57     3665.0000     3638.0000  1044568    0.74%
 100666 84238     3652.1617    56     3665.0000     3638.0000  1044597    0.74%
 100667 84239     3652.1618    56     3665.0000     3638.0000  1044598    0.74%
 100668 84240     3652.2793    56     3665.0000     3638.0000  1044606    0.74%
 100669 84241     3652.3410    56     3665.0000     3638.0000  1044610    0.74%
 100670 84242     3652.3420    55     3665.0000     3638.0000  1044611    0.74%
 100671 84243     3652.3450    54     3665.0000     3638.0000  1044614    0.74%
 100672 84244     3652.4509    52     3665.0000     3638.0000  1044617    0.74%
 100673 84245     3652.4552    53     3665.0000     3638.0000  1044619    0.74%
 100674 84246     3652.4615    50     3665.0000     3638.0000  1044621    0.74%
Elapsed time = 61.04 sec. (93851.25 ticks, tree = 301.34 MB, solutions = 26)
 101801 85322        cutoff           3665.0000     3638.0000  1090505    0.74%
 101802 85321        cutoff           3665.0000     3638.0000  1091367    0.74%
 101803 85322     3645.7572    86     3665.0000     3638.0000  1092434    0.74%
 101804 85323     3645.7609    82     3665.0000     3638.0000  1092442    0.74%
 101805 85324     3645.7609    82     3665.0000     3638.0000  1092443    0.74%
 101806 85325     3645.8421    82     3665.0000     3638.0000  1092464    0.74%
 101807 85326     3645.8528    84     3665.0000     3638.0000  1092471    0.74%
 101808 85327     3645.8959    89     3665.0000     3638.0000  1092492    0.74%
 101809 85328     3645.8962    91     3665.0000     3638.0000  1092505    0.74%
 101810 85329     3645.8964    89     3665.0000     3638.0000  1092515    0.74%
Elapsed time = 63.58 sec. (97910.17 ticks, tree = 310.79 MB, solutions = 26)
*102435+82540                         3659.0000     3638.0000             0.57%
 102701 82789     3640.1462    98     3659.0000     3638.0000  1123397    0.57%
 102702 82790     3640.2460   102     3659.0000     3638.0000  1123417    0.57%
 102703 82791     3640.2699    99     3659.0000     3638.0000  1123429    0.57%
 102704 82792     3641.4177    94     3659.0000     3638.0000  1123534    0.57%
 102705 82793     3641.5761    97     3659.0000     3638.0000  1123592    0.57%
 102706 82794     3641.5763    96     3659.0000     3638.0000  1123593    0.57%
 102707 82795     3641.5770    95     3659.0000     3638.0000  1123597    0.57%
 102708 82796     3641.6974    96     3659.0000     3638.0000  1123610    0.57%
 102709 82797     3641.7037    95     3659.0000     3638.0000  1123613    0.57%
 102710 82798     3641.7044    95     3659.0000     3638.0000  1123614    0.57%
Elapsed time = 66.23 sec. (101754.63 ticks, tree = 303.59 MB, solutions = 27)
 103605 83665     3638.0639    90     3659.0000     3638.0000  1157426    0.57%
 103606 83666     3639.9381    83     3659.0000     3638.0000  1157577    0.57%
 103607 83667     3638.0640    90     3659.0000     3638.0000  1157578    0.57%
 103608 83668     3638.0643    93     3659.0000     3638.0000  1157580    0.57%
 103609 83669     3638.0800    84     3659.0000     3638.0000  1157595    0.57%
 103610 83670     3643.6242    71     3659.0000     3638.0000  1157901    0.57%
 103611 83671     3638.0970    90     3659.0000     3638.0000  1157919    0.57%
 103612 83672     3638.0989    90     3659.0000     3638.0000  1157930    0.57%
 103613 83673     3638.5130    80     3659.0000     3638.0000  1158000    0.57%
 103614 83674     3638.0997    90     3659.0000     3638.0000  1158004    0.57%
Elapsed time = 68.58 sec. (105616.80 ticks, tree = 311.55 MB, solutions = 27)
 104574 84597     3638.0000    68     3659.0000     3638.0000  1200789    0.57%
 104575 84598     3638.0000    69     3659.0000     3638.0000  1200811    0.57%
 104576 84599     3638.0000    59     3659.0000     3638.0000  1200818    0.57%
 104577 84600     3638.0000    50     3659.0000     3638.0000  1200851    0.57%
 104578 84601     3638.0000    49     3659.0000     3638.0000  1200903    0.57%
 104579 84602     3638.0000    77     3659.0000     3638.0000  1201148    0.57%
 104580 84603     3638.0000    74     3659.0000     3638.0000  1201151    0.57%
 104581 84604     3638.0000    76     3659.0000     3638.0000  1201162    0.57%
 104582 84605     3638.0000    74     3659.0000     3638.0000  1201163    0.57%
 104583 84606     3638.0000    72     3659.0000     3638.0000  1201166    0.57%
Elapsed time = 70.94 sec. (109469.36 ticks, tree = 320.06 MB, solutions = 27)
*105435+84550                         3657.0000     3638.0000             0.52%
*105635+84106                         3656.0000     3638.0000             0.49%
*105635+79150                         3650.0000     3638.0000             0.33%
 105635 79149     3652.7305    49     3650.0000     3638.0000  1240122    0.33%
 105636 79150     3638.0000   116     3650.0000     3638.0000  1240712    0.33%
 105637 79151     3638.0000    82     3650.0000     3638.0000  1240817    0.33%
 105638 79152     3638.0000    75     3650.0000     3638.0000  1240836    0.33%
 105639 79153     3638.0000    96     3650.0000     3638.0000  1241080    0.33%
 105640 79154     3638.0000    86     3650.0000     3638.0000  1241092    0.33%
 105641 79155     3638.0000    76     3650.0000     3638.0000  1241218    0.33%
 105642 79156     3638.0000    79     3650.0000     3638.0000  1241226    0.33%
 105643 79157     3638.0000    77     3650.0000     3638.0000  1241247    0.33%
 105644 79158     3638.0000    87     3650.0000     3638.0000  1241363    0.33%
Elapsed time = 73.89 sec. (113600.64 ticks, tree = 295.15 MB, solutions = 30)
 106395 79849     3638.0000    83     3650.0000     3638.0000  1280584    0.33%
 106396 79850     3638.0000    81     3650.0000     3638.0000  1280585    0.33%
 106397 79851     3638.0000    76     3650.0000     3638.0000  1280626    0.33%
 106398 79852     3638.0000    87     3650.0000     3638.0000  1280733    0.33%
 106399 79853     3638.0000    84     3650.0000     3638.0000  1280869    0.33%
 106400 79854     3638.0000    83     3650.0000     3638.0000  1280876    0.33%
 106401 79855     3638.0000    81     3650.0000     3638.0000  1280919    0.33%
 106402 79856     3638.0000    73     3650.0000     3638.0000  1280930    0.33%
 106403 79857     3638.0000    75     3650.0000     3638.0000  1280979    0.33%
 106404 79858     3638.0000    74     3650.0000     3638.0000  1280984    0.33%
Elapsed time = 76.61 sec. (117459.03 ticks, tree = 301.56 MB, solutions = 30)
 107311 80715     3638.0000   103     3650.0000     3638.0000  1321523    0.33%
 107312 80716     3638.0000   102     3650.0000     3638.0000  1321524    0.33%
 107313 80717     3638.0000    77     3650.0000     3638.0000  1321617    0.33%
 107314 80718     3638.0000    84     3650.0000     3638.0000  1321725    0.33%
 107315 80719     3638.0000    81     3650.0000     3638.0000  1321869    0.33%
 107316 80720     3638.0000    78     3650.0000     3638.0000  1321872    0.33%
 107317 80721     3638.0000    69     3650.0000     3638.0000  1321923    0.33%
 107318 80722     3638.0000    72     3650.0000     3638.0000  1322016    0.33%
 107319 80723     3638.0000    72     3650.0000     3638.0000  1322120    0.33%
 107320 80724     3638.0000    69     3650.0000     3638.0000  1322130    0.33%
Elapsed time = 79.14 sec. (121357.98 ticks, tree = 309.46 MB, solutions = 30)
 108380 81712     3638.0000   107     3650.0000     3638.0000  1368203    0.33%
 108381 81713     3638.0000    93     3650.0000     3638.0000  1368261    0.33%
 108382 81714     3638.0000    88     3650.0000     3638.0000  1368351    0.33%
 108383 81715     3638.0000    96     3650.0000     3638.0000  1368454    0.33%
 108384 81716     3638.0000    96     3650.0000     3638.0000  1368490    0.33%
 108385 81717     3638.0000    98     3650.0000     3638.0000  1368504    0.33%
 108386 81718     3638.0000    98     3650.0000     3638.0000  1368514    0.33%
 108387 81719     3638.0000    95     3650.0000     3638.0000  1368524    0.33%
 108388 81720     3638.0000    86     3650.0000     3638.0000  1368547    0.33%
 108389 81721     3638.0000    84     3650.0000     3638.0000  1368578    0.33%
Elapsed time = 81.90 sec. (125245.28 ticks, tree = 318.57 MB, solutions = 30)
 109335 82608     3638.0000    79     3650.0000     3638.0000  1404693    0.33%
 109336 82609     3638.0000    69     3650.0000     3638.0000  1404730    0.33%
 109337 82610     3638.0000    70     3650.0000     3638.0000  1404863    0.33%
 109338 82611     3638.0000    66     3650.0000     3638.0000  1404891    0.33%
 109339 82612     3638.0000    79     3650.0000     3638.0000  1405131    0.33%
 109340 82613     3638.0000    72     3650.0000     3638.0000  1405153    0.33%
 109341 82614     3638.0000    77     3650.0000     3638.0000  1405164    0.33%
 109342 82615     3638.0000    72     3650.0000     3638.0000  1405288    0.33%
 109343 82616     3638.0000    68     3650.0000     3638.0000  1405290    0.33%
 109344 82617     3638.0000    63     3650.0000     3638.0000  1405394    0.33%
Elapsed time = 84.32 sec. (129253.61 ticks, tree = 326.74 MB, solutions = 30)
 110291 83528     3648.0000    55     3650.0000     3638.0000  1446614    0.33%
 110292 83528     3648.9530    61     3650.0000     3638.0000  1446864    0.33%
 110293 83528     3648.9552    61     3650.0000     3638.0000  1446867    0.33%
 110294 83527     3648.9996    55     3650.0000     3638.0000  1446868    0.33%
 110295 83528     3638.0000    88     3650.0000     3638.0000  1447319    0.33%
 110296 83529     3638.0000    75     3650.0000     3638.0000  1447351    0.33%
 110297 83530     3638.0000    82     3650.0000     3638.0000  1447474    0.33%
 110298 83531     3638.0000    75     3650.0000     3638.0000  1447478    0.33%
 110299 83532     3638.0000    74     3650.0000     3638.0000  1447489    0.33%
 110300 83533     3638.0000    67     3650.0000     3638.0000  1447495    0.33%
Elapsed time = 86.66 sec. (133163.26 ticks, tree = 335.08 MB, solutions = 30)
 111164 84348     3643.5832    80     3650.0000     3638.0000  1489354    0.33%
 111165 84349     3644.4392    81     3650.0000     3638.0000  1489482    0.33%
 111166 84350     3643.6234    79     3650.0000     3638.0000  1489493    0.33%
 111167 84351     3643.6241    79     3650.0000     3638.0000  1489494    0.33%
 111168 84352     3643.8005    79     3650.0000     3638.0000  1489514    0.33%
 111169 84351        cutoff           3650.0000     3638.0000  1489588    0.33%
 111170 84352     3643.8186    76     3650.0000     3638.0000  1489594    0.33%
 111171 84353     3643.8390    82     3650.0000     3638.0000  1489608    0.33%
 111172 84354     3643.8465    78     3650.0000     3638.0000  1489610    0.33%
 111173 84355     3643.8485    80     3650.0000     3638.0000  1489614    0.33%
Elapsed time = 88.96 sec. (137003.35 ticks, tree = 342.57 MB, solutions = 30)
 112235 85358     3644.4739    88     3650.0000     3638.0000  1524831    0.33%
 112236 85359     3644.4924    87     3650.0000     3638.0000  1524840    0.33%
 112237 85360     3644.7085    91     3650.0000     3638.0000  1524885    0.33%
 112238 85361     3644.7094    88     3650.0000     3638.0000  1524887    0.33%
 112239 85362     3644.7105    88     3650.0000     3638.0000  1524891    0.33%
 112240 85363     3644.7106    90     3650.0000     3638.0000  1524892    0.33%
 112241 85364     3644.7107    89     3650.0000     3638.0000  1524893    0.33%
 112242 85365     3644.7426    84     3650.0000     3638.0000  1524915    0.33%
 112243 85366     3644.7462    84     3650.0000     3638.0000  1524923    0.33%
 112244 85367     3644.7522    82     3650.0000     3638.0000  1524927    0.33%
Elapsed time = 91.54 sec. (141199.63 ticks, tree = 351.81 MB, solutions = 30)
 112935 85995     3639.2383   123     3650.0000     3638.0000  1546608    0.33%
 112936 85996     3639.3061   123     3650.0000     3638.0000  1546662    0.33%
 112937 85997     3639.3062   123     3650.0000     3638.0000  1546665    0.33%
 112938 85998     3639.3537   123     3650.0000     3638.0000  1546704    0.33%
 112939 85999     3639.3546   123     3650.0000     3638.0000  1546713    0.33%
 112940 86000     3639.3547   121     3650.0000     3638.0000  1546716    0.33%
 112941 86001     3639.3550   122     3650.0000     3638.0000  1546724    0.33%
 112942 86002     3639.3554   120     3650.0000     3638.0000  1546730    0.33%
 112943 86003     3640.6474   117     3650.0000     3638.0000  1547367    0.33%
 112944 86004     3640.9038   120     3650.0000     3638.0000  1547460    0.33%
Elapsed time = 94.33 sec. (145425.00 ticks, tree = 357.63 MB, solutions = 30)
 113435 86452     3638.0000    86     3650.0000     3638.0000  1565869    0.33%
 113436 86453     3638.0000    85     3650.0000     3638.0000  1565933    0.33%
 113437 86454     3638.0000    86     3650.0000     3638.0000  1566218    0.33%
 113438 86455     3638.0000    90     3650.0000     3638.0000  1566482    0.33%
 113439 86456     3638.0000    88     3650.0000     3638.0000  1566509    0.33%
 113440 86457     3638.0000    99     3650.0000     3638.0000  1566558    0.33%
 113441 86458     3638.0000   103     3650.0000     3638.0000  1566569    0.33%
 113442 86459     3638.0000    93     3650.0000     3638.0000  1566575    0.33%
 113443 86460     3638.0000    96     3650.0000     3638.0000  1566694    0.33%
 113444 86461     3638.0000    81     3650.0000     3638.0000  1566798    0.33%
Elapsed time = 97.12 sec. (149786.19 ticks, tree = 361.82 MB, solutions = 30)
 114431 87385     3647.8969    85     3650.0000     3638.0000  1605126    0.33%
 114432 87386     3647.9988    89     3650.0000     3638.0000  1605147    0.33%
 114433 87385        cutoff           3650.0000     3638.0000  1605168    0.33%
 114434 87386     3648.0149    86     3650.0000     3638.0000  1605178    0.33%
 114435 87387     3648.0185    88     3650.0000     3638.0000  1605186    0.33%
 114436 87388     3648.0237    87     3650.0000     3638.0000  1605194    0.33%
 114437 87387        cutoff           3650.0000     3638.0000  1605198    0.33%
 114438 87388     3648.0379    87     3650.0000     3638.0000  1605205    0.33%
 114439 87389     3648.0988    83     3650.0000     3638.0000  1605219    0.33%
 114440 87390     3648.0994    83     3650.0000     3638.0000  1605220    0.33%
Elapsed time = 99.52 sec. (153615.76 ticks, tree = 370.32 MB, solutions = 30)

Cover cuts applied:  348
Mixed integer rounding cuts applied:  238
Zero-half cuts applied:  3
Gomory fractional cuts applied:  3

Root node processing (before b&c):
  Real time             =    0.11 sec. (138.90 ticks)
Sequential b&c:
  Real time             =   99.89 sec. (154261.72 ticks)
                          ------------
Total (root+branch&cut) =  100.00 sec. (154400.62 ticks)

Solution pool: 30 solutions saved.

MIP - Time limit exceeded, integer feasible:  Objective =  3.6500000000e+03
Current MIP best bound =  3.6380000000e+03 (gap = 12, 0.33%)
Solution time =  100.00 sec.  Iterations = 1611423  Nodes = 114735 (87644)
Deterministic time = 154400.62 ticks  (1543.99 ticks/sec)


Incumbent solution written to file '/tmp/tmpZLKw19.cplex.sol'.
