
Log started (V12.6.3.0) Fri Apr 20 22:57:00 2018

New value for default parallel thread count: 1

Problem '/tmp/tmpwnMWDa.pyomo.lp' read.
Read time = 0.02 sec. (2.14 ticks)

Problem name         : /tmp/tmpwnMWDa.pyomo.lp
Objective sense      : Minimize
Variables            :    1746  [Nneg: 1,  Binary: 1728,  General Integer: 17]
Objective nonzeros   :       1
Linear constraints   :     250  [Less: 124,  Equal: 126]
  Nonzeros           :  155797
  RHS nonzeros       :     217

Variables            : Min LB: 0.000000         Max UB: 1.000000       
Objective nonzeros   : Min   : 1.000000         Max   : 1.000000       
Linear constraints   :
  Nonzeros           : Min   : 1.000000         Max   : 1715.000       
  RHS nonzeros       : Min   : 1.000000         Max   : 11.00000       
Tried aggregator 2 times.
MIP Presolve eliminated 112 rows and 195 columns.
Aggregator did 20 substitutions.
Reduced MIP has 118 rows, 1531 columns, and 4321 nonzeros.
Reduced MIP has 1530 binaries, 1 generals, 0 SOSs, and 0 indicators.
Presolve time = 0.03 sec. (27.70 ticks)
Found incumbent of value 54562.000000 after 0.03 sec. (32.51 ticks)
Probing time = 0.00 sec. (1.99 ticks)
Tried aggregator 1 time.
Reduced MIP has 118 rows, 1531 columns, and 4321 nonzeros.
Reduced MIP has 1530 binaries, 1 generals, 0 SOSs, and 0 indicators.
Presolve time = 0.00 sec. (2.17 ticks)
Probing time = 0.00 sec. (1.98 ticks)
Clique table members: 102.
MIP emphasis: balance optimality and feasibility.
MIP search method: dynamic search.
Parallel mode: none, using 1 thread.
Root relaxation solution time = 0.00 sec. (2.06 ticks)

        Nodes                                         Cuts/
   Node  Left     Objective  IInf  Best Integer    Best Bound    ItCnt     Gap

*     0+    0                        54562.0000        0.0000           100.00%
      0     0     3637.4667    24    54562.0000     3637.4667       53   93.33%
*     0+    0                         5465.0000     3637.4667            33.44%
      0     0     3638.0000    25     5465.0000      Fract: 9       78   33.43%
*     0+    0                         5341.0000     3638.0000            31.89%
      0     0     3638.0000    30     5341.0000      Cuts: 33      158   31.89%
*     0+    0                         4194.0000     3638.0000            13.26%
      0     0     3638.0000    32     4194.0000      Cuts: 11      207   13.26%
*     0+    0                         4064.0000     3638.0000            10.48%
*     0+    0                         4063.0000     3638.0000            10.46%
*     0+    0                         3989.0000     3638.0000             8.80%
*     0+    0                         3914.0000     3638.0000             7.05%
      0     2     3638.0000    25     3914.0000     3638.0000      207    7.05%
Elapsed time = 0.10 sec. (128.48 ticks, tree = 0.01 MB, solutions = 8)
*    40+   40                         3911.0000     3638.0000             6.98%
*    70+   70                         3821.0000     3638.0000             4.79%
*   170+  152                         3798.0000     3638.0000             4.21%
    470   446     3638.0000    28     3798.0000     3638.0000     2956    4.21%
    471   447     3638.0000    28     3798.0000     3638.0000     2957    4.21%
    472   448     3638.0000    28     3798.0000     3638.0000     2958    4.21%
    473   449     3638.0000    28     3798.0000     3638.0000     2959    4.21%
    474   450     3638.0000    28     3798.0000     3638.0000     2960    4.21%
    475   451     3638.0000    28     3798.0000     3638.0000     2961    4.21%
    476   452     3638.0000    28     3798.0000     3638.0000     2962    4.21%
    477   453     3638.0000    28     3798.0000     3638.0000     2963    4.21%
    478   454     3638.0000    28     3798.0000     3638.0000     2964    4.21%
*   534+  507                         3791.0000     3638.0000             4.04%
*   534+  507                         3782.0000     3638.0000             3.81%
*   534+  507                         3764.0000     3638.0000             3.35%
*   635+  375                         3754.0000     3638.0000             3.09%
*   635+  279                         3750.0000     3638.0000             2.99%
*   635+  214                         3737.0000     3638.0000             2.65%
    635   216     3638.0000    27     3737.0000     3638.0000     4415    2.65%
Elapsed time = 0.93 sec. (1321.43 ticks, tree = 0.49 MB, solutions = 17)
*   735+  172                         3696.0000     3638.0000             1.57%
*   735+  156                         3687.0000     3638.0000             1.33%
*   835+  196                         3684.0000     3638.0000             1.25%
*   835+  191                         3681.0000     3638.0000             1.17%
*  1035+  322                         3676.0000     3638.0000             1.03%
   1035   324     3638.0000    23     3676.0000     3638.0000     5895    1.03%
   1036   325     3638.0000    24     3676.0000     3638.0000     5898    1.03%
   1037   326     3638.0000    24     3676.0000     3638.0000     5900    1.03%
   1038   327     3638.0000    23     3676.0000     3638.0000     5904    1.03%
   1039   328     3638.0000    26     3676.0000     3638.0000     5907    1.03%
   1040   329     3638.0000    27     3676.0000     3638.0000     5910    1.03%
   1041   330     3638.0000    26     3676.0000     3638.0000     5911    1.03%
   1042   331     3638.0000    27     3676.0000     3638.0000     5915    1.03%
   1043   332     3638.0000    27     3676.0000     3638.0000     5916    1.03%
   1044   333     3638.0000    27     3676.0000     3638.0000     5923    1.03%
Elapsed time = 1.73 sec. (2483.09 ticks, tree = 0.74 MB, solutions = 22)
   1972   843     3638.0000    31     3676.0000     3638.0000    14070    1.03%
   1973   844     3638.0000    31     3676.0000     3638.0000    14071    1.03%
   1974   845     3638.0000    32     3676.0000     3638.0000    14077    1.03%
   1975   846     3638.0000    32     3676.0000     3638.0000    14087    1.03%
   1976   847     3638.0000    33     3676.0000     3638.0000    14090    1.03%
   1977   848     3638.0000    31     3676.0000     3638.0000    14092    1.03%
   1978   849     3638.0000    32     3676.0000     3638.0000    14108    1.03%
   1979   850     3638.0000    29     3676.0000     3638.0000    14112    1.03%
   1980   851     3638.0000    33     3676.0000     3638.0000    14131    1.03%
   1981   852     3638.0000    33     3676.0000     3638.0000    14134    1.03%
Elapsed time = 2.38 sec. (3447.83 ticks, tree = 2.22 MB, solutions = 22)
   3225  1912     3638.0000    36     3676.0000     3638.0000    25865    1.03%
   3226  1913     3638.0000    34     3676.0000     3638.0000    25866    1.03%
   3227  1914     3638.0000    38     3676.0000     3638.0000    25873    1.03%
   3228  1915     3638.0000    38     3676.0000     3638.0000    25874    1.03%
   3229  1916     3638.0000    38     3676.0000     3638.0000    25875    1.03%
   3230  1917     3638.0000    38     3676.0000     3638.0000    25876    1.03%
   3231  1918     3638.0000    38     3676.0000     3638.0000    25877    1.03%
   3232  1919     3638.0000    36     3676.0000     3638.0000    25878    1.03%
   3233  1920     3638.0000    36     3676.0000     3638.0000    25879    1.03%
   3234  1921     3638.0000    36     3676.0000     3638.0000    25880    1.03%
Elapsed time = 3.04 sec. (4403.86 ticks, tree = 5.64 MB, solutions = 22)
   4597  3037     3638.0000    33     3676.0000     3638.0000    38160    1.03%
   4598  3038     3638.0000    33     3676.0000     3638.0000    38161    1.03%
   4599  3039     3638.0000    31     3676.0000     3638.0000    38164    1.03%
   4600  3040     3638.0000    30     3676.0000     3638.0000    38167    1.03%
   4601  3041     3638.0000    29     3676.0000     3638.0000    38170    1.03%
   4602  3042     3638.0000    29     3676.0000     3638.0000    38172    1.03%
   4603  3043     3638.0000    29     3676.0000     3638.0000    38174    1.03%
   4604  3044     3638.0000    27     3676.0000     3638.0000    38189    1.03%
   4605  3045     3638.0000    26     3676.0000     3638.0000    38191    1.03%
   4606  3046     3638.0000    29     3676.0000     3638.0000    38198    1.03%
Elapsed time = 3.70 sec. (5363.81 ticks, tree = 9.39 MB, solutions = 22)
   5701  3911     3641.9299    55     3676.0000     3638.0000    52019    1.03%
   5702  3912     3641.9299    52     3676.0000     3638.0000    52020    1.03%
   5703  3913     3641.9420    48     3676.0000     3638.0000    52023    1.03%
   5704  3914     3643.7608    45     3676.0000     3638.0000    52062    1.03%
   5705  3915     3643.7608    46     3676.0000     3638.0000    52078    1.03%
   5706  3916     3643.7608    45     3676.0000     3638.0000    52082    1.03%
   5707  3917     3643.7608    47     3676.0000     3638.0000    52087    1.03%
   5708  3918     3643.7608    45     3676.0000     3638.0000    52090    1.03%
   5709  3919     3643.7608    45     3676.0000     3638.0000    52092    1.03%
   5710  3920     3643.7608    46     3676.0000     3638.0000    52094    1.03%
Elapsed time = 4.37 sec. (6322.84 ticks, tree = 12.41 MB, solutions = 22)
   6836  4853     3638.0000    31     3676.0000     3638.0000    67472    1.03%
   6837  4854     3638.0000    31     3676.0000     3638.0000    67476    1.03%
   6838  4855     3638.0000    30     3676.0000     3638.0000    67481    1.03%
   6839  4856     3638.0000    32     3676.0000     3638.0000    67483    1.03%
   6840  4857     3638.0000    32     3676.0000     3638.0000    67484    1.03%
   6841  4858     3638.0000    31     3676.0000     3638.0000    67488    1.03%
   6842  4859     3638.0000    27     3676.0000     3638.0000    67491    1.03%
   6843  4860     3638.0000    29     3676.0000     3638.0000    67502    1.03%
   6844  4861     3638.0000    31     3676.0000     3638.0000    67540    1.03%
   6845  4862     3638.0000    31     3676.0000     3638.0000    67543    1.03%
Elapsed time = 5.02 sec. (7282.63 ticks, tree = 16.13 MB, solutions = 22)
   8135  6045     3638.0000    40     3676.0000     3638.0000    81934    1.03%
   8136  6046     3638.0000    41     3676.0000     3638.0000    81939    1.03%
   8137  6047     3638.0000    39     3676.0000     3638.0000    81950    1.03%
   8138  6048     3638.0000    38     3676.0000     3638.0000    81960    1.03%
   8139  6049     3638.0000    39     3676.0000     3638.0000    81988    1.03%
   8140  6050     3638.0000    38     3676.0000     3638.0000    82032    1.03%
   8141  6051     3638.0000    40     3676.0000     3638.0000    82047    1.03%
   8142  6052     3652.5926    35     3676.0000     3638.0000    82174    1.03%
   8143  6053     3638.0000    43     3676.0000     3638.0000    82189    1.03%
   8144  6054     3638.0000    36     3676.0000     3638.0000    82209    1.03%
Elapsed time = 5.67 sec. (8249.77 ticks, tree = 21.00 MB, solutions = 22)
   9216  7000     3638.0000    38     3676.0000     3638.0000    96389    1.03%
   9217  7001     3638.0000    35     3676.0000     3638.0000    96400    1.03%
   9218  7002     3638.0000    37     3676.0000     3638.0000    96405    1.03%
   9219  7003     3638.0000    34     3676.0000     3638.0000    96408    1.03%
   9220  7004     3638.0000    33     3676.0000     3638.0000    96432    1.03%
   9221  7005     3638.0000    29     3676.0000     3638.0000    96437    1.03%
   9222  7006     3638.0000    27     3676.0000     3638.0000    96440    1.03%
   9223  7007     3638.0000    28     3676.0000     3638.0000    96442    1.03%
   9224  7008     3638.0000    37     3676.0000     3638.0000    96451    1.03%
   9225  7009     3638.0000    37     3676.0000     3638.0000    96452    1.03%
Elapsed time = 6.31 sec. (9213.35 ticks, tree = 25.10 MB, solutions = 22)
  10087  7835     3643.2034    56     3676.0000     3638.0000   110786    1.03%
  10088  7836     3643.2034    52     3676.0000     3638.0000   110796    1.03%
  10089  7837     3643.5262    55     3676.0000     3638.0000   110822    1.03%
  10090  7838     3643.5275    55     3676.0000     3638.0000   110823    1.03%
  10091  7839     3643.5316    55     3676.0000     3638.0000   110826    1.03%
  10092  7840     3643.5327    53     3676.0000     3638.0000   110827    1.03%
  10093  7841     3643.5606    53     3676.0000     3638.0000   110829    1.03%
  10094  7842     3643.5718    53     3676.0000     3638.0000   110831    1.03%
  10095  7843     3643.5736    53     3676.0000     3638.0000   110833    1.03%
  11424  9036     3642.5163    60     3676.0000     3638.0000   134650    1.03%
Elapsed time = 9.08 sec. (13028.36 ticks, tree = 34.57 MB, solutions = 22)
  15107 12447     3638.0000    45     3676.0000     3638.0000   193169    1.03%
  15108 12448     3638.0000    43     3676.0000     3638.0000   193170    1.03%
  15109 12449     3638.0000    42     3676.0000     3638.0000   193171    1.03%
  15110 12450     3638.0000    47     3676.0000     3638.0000   193194    1.03%
  15111 12451     3638.0000    36     3676.0000     3638.0000   193274    1.03%
  15112 12452     3638.0000    38     3676.0000     3638.0000   193286    1.03%
  15113 12453     3638.0000    38     3676.0000     3638.0000   193289    1.03%
  15114 12454     3638.0000    38     3676.0000     3638.0000   193290    1.03%
  15115 12455     3638.0000    38     3676.0000     3638.0000   193306    1.03%
  15116 12456     3638.0000    41     3676.0000     3638.0000   193313    1.03%
Elapsed time = 11.69 sec. (16860.07 ticks, tree = 51.03 MB, solutions = 22)
  17182 14335     3638.0000    72     3676.0000     3638.0000   238990    1.03%
  17183 14336     3638.0000    62     3676.0000     3638.0000   239131    1.03%
  17184 14337     3638.0000    60     3676.0000     3638.0000   239247    1.03%
  17185 14338     3638.0000    61     3676.0000     3638.0000   239250    1.03%
  17186 14339     3638.0000    50     3676.0000     3638.0000   239346    1.03%
  17187 14340     3638.0000    60     3676.0000     3638.0000   239404    1.03%
  17188 14341     3638.0000    55     3676.0000     3638.0000   239439    1.03%
  17189 14342     3638.0000    51     3676.0000     3638.0000   239537    1.03%
  17190 14343     3638.0000    48     3676.0000     3638.0000   239580    1.03%
  17191 14344     3638.9507    72     3676.0000     3638.0000   239825    1.03%
Elapsed time = 14.22 sec. (20748.21 ticks, tree = 60.83 MB, solutions = 22)
  19104 16121     3639.8443    87     3676.0000     3638.0000   288991    1.03%
  19105 16122     3639.8652    83     3676.0000     3638.0000   288999    1.03%
  19106 16123     3639.8654    83     3676.0000     3638.0000   289000    1.03%
  19107 16124     3639.8748    86     3676.0000     3638.0000   289008    1.03%
  19108 16125     3639.8834    86     3676.0000     3638.0000   289035    1.03%
  19109 16126     3639.8835    87     3676.0000     3638.0000   289037    1.03%
  19110 16127     3639.9330    87     3676.0000     3638.0000   289042    1.03%
  19111 16128     3639.9425    85     3676.0000     3638.0000   289050    1.03%
  19112 16129     3639.9516    83     3676.0000     3638.0000   289053    1.03%
  19113 16130     3640.0709    85     3676.0000     3638.0000   289067    1.03%
Elapsed time = 16.71 sec. (24571.98 ticks, tree = 70.82 MB, solutions = 22)
  20876 17687     3638.0000    78     3676.0000     3638.0000   335885    1.03%
  20877 17688     3638.0000    82     3676.0000     3638.0000   335968    1.03%
  20878 17689     3638.0000    70     3676.0000     3638.0000   335999    1.03%
  20879 17690     3638.0000    68     3676.0000     3638.0000   336061    1.03%
  20880 17691     3638.0000    77     3676.0000     3638.0000   336240    1.03%
  20881 17692     3638.6089    81     3676.0000     3638.0000   336679    1.03%
  20882 17693     3638.0000    67     3676.0000     3638.0000   336760    1.03%
  20883 17694     3638.0000    63     3676.0000     3638.0000   336766    1.03%
  20884 17695     3638.0000    69     3676.0000     3638.0000   336878    1.03%
  20885 17696     3638.0000    64     3676.0000     3638.0000   336938    1.03%
Elapsed time = 19.21 sec. (28460.09 ticks, tree = 80.52 MB, solutions = 22)
  22251 18908     3651.5456    90     3676.0000     3638.0000   382275    1.03%
  22252 18909     3651.5570    90     3676.0000     3638.0000   382281    1.03%
  22253 18910     3651.5630    90     3676.0000     3638.0000   382282    1.03%
  22254 18911     3651.5669    92     3676.0000     3638.0000   382288    1.03%
  22255 18912     3651.7772    81     3676.0000     3638.0000   382305    1.03%
  22256 18913     3651.7873    80     3676.0000     3638.0000   382311    1.03%
  22257 18914     3652.0889    73     3676.0000     3638.0000   382326    1.03%
  22258 18915     3652.5229    75     3676.0000     3638.0000   382355    1.03%
  22259 18916     3655.9715    67     3676.0000     3638.0000   382403    1.03%
  22260 18917     3655.9742    66     3676.0000     3638.0000   382405    1.03%
Elapsed time = 21.68 sec. (32290.89 ticks, tree = 88.06 MB, solutions = 22)
  23506 20058     3638.0000    60     3676.0000     3638.0000   430720    1.03%
  23507 20059     3638.0703    75     3676.0000     3638.0000   430878    1.03%
  23508 20060     3638.0771    75     3676.0000     3638.0000   430883    1.03%
  23509 20061     3638.3126    78     3676.0000     3638.0000   430944    1.03%
  23510 20062     3638.3127    78     3676.0000     3638.0000   430945    1.03%
  23511 20063     3638.3136    78     3676.0000     3638.0000   430946    1.03%
  23512 20064     3638.3153    77     3676.0000     3638.0000   430956    1.03%
  23513 20065     3638.3375    78     3676.0000     3638.0000   430970    1.03%
  23514 20066     3638.3929    76     3676.0000     3638.0000   431004    1.03%
  23515 20067     3638.3929    79     3676.0000     3638.0000   431007    1.03%
Elapsed time = 24.11 sec. (36128.36 ticks, tree = 95.95 MB, solutions = 22)
  25015 21469     3652.4570    59     3676.0000     3638.0000   476862    1.03%
  25016 21470     3652.7608    58     3676.0000     3638.0000   476891    1.03%
  25017 21471     3652.7614    58     3676.0000     3638.0000   476903    1.03%
  25018 21472     3652.7792    59     3676.0000     3638.0000   476913    1.03%
  25019 21473     3652.7805    56     3676.0000     3638.0000   476920    1.03%
  25020 21474     3653.4833    54     3676.0000     3638.0000   476959    1.03%
  25021 21475     3654.1601    57     3676.0000     3638.0000   476979    1.03%
  25022 21476     3654.1686    58     3676.0000     3638.0000   476983    1.03%
  25023 21477     3654.1686    58     3676.0000     3638.0000   476984    1.03%
  25024 21478     3654.1695    59     3676.0000     3638.0000   476987    1.03%
Elapsed time = 26.60 sec. (39951.81 ticks, tree = 106.11 MB, solutions = 22)
  26239 22581     3639.5314    89     3676.0000     3638.0000   516825    1.03%
  26240 22582     3639.5361    92     3676.0000     3638.0000   516835    1.03%
  26241 22583     3639.5371    89     3676.0000     3638.0000   516845    1.03%
  26242 22584     3639.5376    91     3676.0000     3638.0000   516853    1.03%
  26243 22585     3639.5376    92     3676.0000     3638.0000   516854    1.03%
  26244 22586     3639.6858    91     3676.0000     3638.0000   516898    1.03%
  26245 22587     3639.6859    90     3676.0000     3638.0000   516899    1.03%
  26246 22588     3639.7176    91     3676.0000     3638.0000   516911    1.03%
  26247 22589     3639.7176    91     3676.0000     3638.0000   516915    1.03%
  26248 22590     3641.8536    76     3676.0000     3638.0000   517025    1.03%
Elapsed time = 29.06 sec. (43789.62 ticks, tree = 114.38 MB, solutions = 22)
  27235 23482     3638.0000    75     3676.0000     3638.0000   554911    1.03%
  27236 23483     3638.0000    91     3676.0000     3638.0000   555080    1.03%
  27237 23484     3639.2029    93     3676.0000     3638.0000   555657    1.03%
  27238 23485     3638.0000    80     3676.0000     3638.0000   555777    1.03%
  27239 23486     3638.0000    76     3676.0000     3638.0000   555880    1.03%
  27240 23487     3638.0000    92     3676.0000     3638.0000   556019    1.03%
  27241 23488     3638.0728   113     3676.0000     3638.0000   556593    1.03%
  27242 23489     3638.0735   109     3676.0000     3638.0000   556598    1.03%
  27243 23490     3638.0806   110     3676.0000     3638.0000   556619    1.03%
  27244 23491     3638.0806   110     3676.0000     3638.0000   556620    1.03%
Elapsed time = 31.68 sec. (47776.88 ticks, tree = 121.30 MB, solutions = 22)
  28326 24426     3647.1429    98     3676.0000     3638.0000   599589    1.03%
  28327 24427     3647.1431    97     3676.0000     3638.0000   599593    1.03%
  28328 24428     3647.1434    98     3676.0000     3638.0000   599598    1.03%
  28329 24429     3647.1436    98     3676.0000     3638.0000   599602    1.03%
  28330 24430     3647.1440    98     3676.0000     3638.0000   599603    1.03%
  28331 24431     3647.2828    99     3676.0000     3638.0000   599679    1.03%
  28332 24432     3647.2852   100     3676.0000     3638.0000   599685    1.03%
  28333 24433     3647.3028   100     3676.0000     3638.0000   599701    1.03%
  28334 24434     3647.3073    96     3676.0000     3638.0000   599706    1.03%
  28335 24435     3647.3075    96     3676.0000     3638.0000   599707    1.03%
Elapsed time = 34.10 sec. (51608.19 ticks, tree = 128.78 MB, solutions = 22)
  29134 25154     3638.1484    82     3676.0000     3638.0000   635380    1.03%
  29135 25155     3638.0097    90     3676.0000     3638.0000   635391    1.03%
  29136 25156     3638.0097    88     3676.0000     3638.0000   635394    1.03%
  29137 25157     3640.8648    74     3676.0000     3638.0000   635509    1.03%
  29138 25158     3640.8785    72     3676.0000     3638.0000   635510    1.03%
  29139 25159     3641.1268    63     3676.0000     3638.0000   635555    1.03%
  29140 25160     3641.3505    68     3676.0000     3638.0000   635594    1.03%
  29141 25161     3641.3866    60     3676.0000     3638.0000   635602    1.03%
  29142 25162     3641.7164    65     3676.0000     3638.0000   635635    1.03%
  29143 25163     3641.8607    63     3676.0000     3638.0000   635643    1.03%
Elapsed time = 36.56 sec. (55463.73 ticks, tree = 134.99 MB, solutions = 22)
  30068 26038     3641.1129    83     3676.0000     3638.0000   677091    1.03%
  30069 26039     3641.2226    85     3676.0000     3638.0000   677097    1.03%
  30070 26039     3641.2234    85     3676.0000     3638.0000   677098    1.03%
  30071 26040     3642.0000    79     3676.0000     3638.0000   677105    1.03%
  30072 26041     3642.0000    72     3676.0000     3638.0000   677196    1.03%
  30073 26042     3642.1353    74     3676.0000     3638.0000   677276    1.03%
  30074 26043     3642.1951    76     3676.0000     3638.0000   677291    1.03%
  30075 26044     3642.2066    72     3676.0000     3638.0000   677293    1.03%
  30076 26044     3642.2354    68     3676.0000     3638.0000   677298    1.03%
  30077 26045     3643.0000    64     3676.0000     3638.0000   677304    1.03%
Elapsed time = 39.07 sec. (59296.60 ticks, tree = 142.73 MB, solutions = 22)
  30928 26860     3638.0000    78     3676.0000     3638.0000   717525    1.03%
  30929 26861     3638.0000    82     3676.0000     3638.0000   717566    1.03%
  30930 26862     3638.0360   118     3676.0000     3638.0000   718194    1.03%
  30931 26863     3638.0453   115     3676.0000     3638.0000   718207    1.03%
  30932 26864     3638.4818    94     3676.0000     3638.0000   718281    1.03%
  30933 26865     3638.5003    92     3676.0000     3638.0000   718311    1.03%
  30934 26866     3638.5232    93     3676.0000     3638.0000   718338    1.03%
  30935 26867     3638.5451    93     3676.0000     3638.0000   718353    1.03%
  30936 26868     3638.5728    95     3676.0000     3638.0000   718368    1.03%
  30937 26869     3638.6383    95     3676.0000     3638.0000   718407    1.03%
Elapsed time = 41.56 sec. (63191.94 ticks, tree = 150.17 MB, solutions = 22)
  31652 27530     3638.0000    69     3676.0000     3638.0000   756966    1.03%
  31653 27531     3638.0000    63     3676.0000     3638.0000   756981    1.03%
  31654 27532     3638.0000    63     3676.0000     3638.0000   756995    1.03%
  31655 27533     3638.0000    60     3676.0000     3638.0000   757009    1.03%
  31656 27534     3638.0000    62     3676.0000     3638.0000   757037    1.03%
  31657 27535     3638.0000    71     3676.0000     3638.0000   757253    1.03%
  31658 27536     3638.0000    62     3676.0000     3638.0000   757266    1.03%
  31659 27537     3638.0000    63     3676.0000     3638.0000   757289    1.03%
  31660 27538     3638.0000    63     3676.0000     3638.0000   757293    1.03%
  31661 27539     3638.0000    61     3676.0000     3638.0000   757332    1.03%
Elapsed time = 44.03 sec. (67038.87 ticks, tree = 156.27 MB, solutions = 22)
  32687 28479     3638.0000   110     3676.0000     3638.0000   802416    1.03%
  32688 28480     3638.0000    96     3676.0000     3638.0000   802497    1.03%
  32689 28481     3638.0000   115     3676.0000     3638.0000   802654    1.03%
  32690 28482     3638.0000   102     3676.0000     3638.0000   802796    1.03%
  32691 28483     3638.0000   104     3676.0000     3638.0000   802835    1.03%
  32692 28484     3638.0000    99     3676.0000     3638.0000   802864    1.03%
  32693 28485     3638.0000   110     3676.0000     3638.0000   803092    1.03%
  32694 28486     3638.0000   102     3676.0000     3638.0000   803458    1.03%
  32695 28487     3638.0000   101     3676.0000     3638.0000   803461    1.03%
  32696 28488     3638.0000   101     3676.0000     3638.0000   803621    1.03%
Elapsed time = 46.53 sec. (70956.93 ticks, tree = 164.95 MB, solutions = 22)
  33645 29379     3638.0554   110     3676.0000     3638.0000   845897    1.03%
  33646 29380     3638.4539    98     3676.0000     3638.0000   845974    1.03%
  33647 29381     3638.4551    99     3676.0000     3638.0000   845977    1.03%
  33648 29382     3638.4873   109     3676.0000     3638.0000   846021    1.03%
  33649 29383     3638.5507   107     3676.0000     3638.0000   846042    1.03%
  33650 29384     3638.6344   100     3676.0000     3638.0000   846093    1.03%
  33651 29385     3638.6427   101     3676.0000     3638.0000   846109    1.03%
  33652 29386     3638.6707    99     3676.0000     3638.0000   846139    1.03%
  33653 29387     3638.6864    96     3676.0000     3638.0000   846145    1.03%
  33654 29388     3638.7103   104     3676.0000     3638.0000   846172    1.03%
Elapsed time = 49.05 sec. (74841.27 ticks, tree = 173.18 MB, solutions = 22)
* 34635+30216                         3675.0000     3638.0000             1.01%
  34666 30249     3640.5999    89     3675.0000     3638.0000   887823    1.01%
  34667 30250     3640.6239    87     3675.0000     3638.0000   887831    1.01%
  34668 30251     3640.6276    91     3675.0000     3638.0000   887838    1.01%
  34669 30252     3640.6298    88     3675.0000     3638.0000   887844    1.01%
  34670 30253     3640.7366    93     3675.0000     3638.0000   887882    1.01%
  34671 30254     3640.8853    92     3675.0000     3638.0000   887919    1.01%
  34672 30255     3640.9070    86     3675.0000     3638.0000   887941    1.01%
  34673 30256     3640.9164    86     3675.0000     3638.0000   887945    1.01%
  34674 30257     3640.9327    91     3675.0000     3638.0000   887959    1.01%
  34675 30258     3640.9987    83     3675.0000     3638.0000   887972    1.01%
Elapsed time = 51.52 sec. (78673.38 ticks, tree = 181.46 MB, solutions = 23)
  35748 31192     3647.8848    73     3675.0000     3638.0000   930368    1.01%
  35749 31193     3647.8983    72     3675.0000     3638.0000   930377    1.01%
  35750 31194     3648.0077    67     3675.0000     3638.0000   930395    1.01%
  35751 31195     3648.3061    72     3675.0000     3638.0000   930426    1.01%
  35752 31196     3649.3462    69     3675.0000     3638.0000   930488    1.01%
  35753 31197     3650.6859    59     3675.0000     3638.0000   930537    1.01%
  35754 31198     3650.6863    59     3675.0000     3638.0000   930538    1.01%
  35755 31199     3650.6884    59     3675.0000     3638.0000   930540    1.01%
  35756 31200     3650.6953    59     3675.0000     3638.0000   930546    1.01%
  35757 31201     3650.7084    58     3675.0000     3638.0000   930547    1.01%
Elapsed time = 54.09 sec. (82547.95 ticks, tree = 190.15 MB, solutions = 23)
  36730 32023     3638.0000    65     3675.0000     3638.0000   971457    1.01%
  36731 32024     3638.0000    67     3675.0000     3638.0000   971550    1.01%
  36732 32025     3638.0000    68     3675.0000     3638.0000   971697    1.01%
  36733 32026     3638.0000    62     3675.0000     3638.0000   971721    1.01%
  36734 32027     3638.0000    65     3675.0000     3638.0000   971756    1.01%
  36735 32028     3638.0000    64     3675.0000     3638.0000   971758    1.01%
  36736 32029     3638.0000    61     3675.0000     3638.0000   971842    1.01%
  36737 32030     3638.0000    65     3675.0000     3638.0000   972013    1.01%
  36738 32031     3638.0000    66     3675.0000     3638.0000   972040    1.01%
  36739 32032     3638.0000    61     3675.0000     3638.0000   972073    1.01%
Elapsed time = 56.54 sec. (86409.25 ticks, tree = 197.85 MB, solutions = 23)
  37698 32908     3670.3438    31     3675.0000     3638.0000  1011442    1.01%
  37699 32909     3670.3438    31     3675.0000     3638.0000  1011447    1.01%
  37700 32910     3670.3438    29     3675.0000     3638.0000  1011471    1.01%
  37701 32910     3672.0024    29     3675.0000     3638.0000  1011477    1.01%
  37702 32910     3672.1106    27     3675.0000     3638.0000  1011478    1.01%
  37703 32909     3673.8815    33     3675.0000     3638.0000  1011484    1.01%
  37704 32910     3638.0000   127     3675.0000     3638.0000  1012076    1.01%
  37705 32911     3638.0000   114     3675.0000     3638.0000  1012096    1.01%
  37706 32912     3638.0000   108     3675.0000     3638.0000  1012117    1.01%
  37707 32913     3638.0000    99     3675.0000     3638.0000  1012159    1.01%
Elapsed time = 59.02 sec. (90286.23 ticks, tree = 206.88 MB, solutions = 23)
* 38435+33035                         3672.0000     3638.0000             0.93%
* 38535+32590                         3670.0000     3638.0000             0.87%
  38639 32673     3644.1766    65     3670.0000     3638.0000  1050577    0.87%
  38640 32674     3644.2062    64     3670.0000     3638.0000  1050588    0.87%
  38641 32675     3644.6202    68     3670.0000     3638.0000  1050617    0.87%
  38642 32676     3644.6203    67     3670.0000     3638.0000  1050618    0.87%
  38643 32677     3644.6236    69     3670.0000     3638.0000  1050625    0.87%
  38644 32678     3652.2175    50     3670.0000     3638.0000  1050749    0.87%
  38645 32679     3660.5639    44     3670.0000     3638.0000  1050777    0.87%
  38646 32680     3660.6799    47     3670.0000     3638.0000  1050780    0.87%
  38647 32681     3660.6954    46     3670.0000     3638.0000  1050782    0.87%
  38648 32682     3660.8414    48     3670.0000     3638.0000  1050785    0.87%
Elapsed time = 61.50 sec. (94121.02 ticks, tree = 208.22 MB, solutions = 25)
  39735 33607     3638.0000    75     3670.0000     3638.0000  1092819    0.87%
  39736 33608     3639.2564   100     3670.0000     3638.0000  1093488    0.87%
  39737 33609     3639.3274    97     3670.0000     3638.0000  1093515    0.87%
  39738 33610     3639.4012    99     3670.0000     3638.0000  1093540    0.87%
  39739 33611     3639.5605    94     3670.0000     3638.0000  1093563    0.87%
  39740 33612     3639.5605    94     3670.0000     3638.0000  1093564    0.87%
  39741 33613     3639.5854    92     3670.0000     3638.0000  1093580    0.87%
  39742 33614     3639.5912    90     3670.0000     3638.0000  1093588    0.87%
  39743 33615     3639.7635    94     3670.0000     3638.0000  1093632    0.87%
  39744 33616     3639.7978    92     3670.0000     3638.0000  1093642    0.87%
Elapsed time = 64.17 sec. (98073.76 ticks, tree = 216.84 MB, solutions = 25)
* 40535+32899                         3665.0000     3638.0000             0.74%
  40643 33009     3638.0000    68     3665.0000     3638.0000  1135267    0.74%
  40644 33010     3638.0000    72     3665.0000     3638.0000  1135427    0.74%
  40645 33011     3638.0000    74     3665.0000     3638.0000  1135494    0.74%
  40646 33012     3638.0000    74     3665.0000     3638.0000  1135565    0.74%
  40647 33013     3638.0000    83     3665.0000     3638.0000  1135668    0.74%
  40648 33014     3638.0000    78     3665.0000     3638.0000  1135806    0.74%
  40649 33015     3638.0000    71     3665.0000     3638.0000  1135845    0.74%
  40650 33016     3638.0000    74     3665.0000     3638.0000  1135952    0.74%
  40651 33017     3638.0000    72     3665.0000     3638.0000  1136048    0.74%
  40652 33018     3638.0000    86     3665.0000     3638.0000  1136187    0.74%
Elapsed time = 66.68 sec. (101953.35 ticks, tree = 215.02 MB, solutions = 26)
  41657 33956     3638.3692   108     3665.0000     3638.0000  1181070    0.74%
  41658 33957     3638.4215   107     3665.0000     3638.0000  1181118    0.74%
  41659 33958     3638.4237   105     3665.0000     3638.0000  1181123    0.74%
  41660 33959     3638.4446   113     3665.0000     3638.0000  1181162    0.74%
  41661 33960     3638.4582   112     3665.0000     3638.0000  1181191    0.74%
  41662 33961     3638.4584   111     3665.0000     3638.0000  1181192    0.74%
  41663 33962     3638.4682   110     3665.0000     3638.0000  1181219    0.74%
  41664 33963     3638.4683   108     3665.0000     3638.0000  1181221    0.74%
  41665 33964     3638.4683   108     3665.0000     3638.0000  1181222    0.74%
  41666 33965     3638.4708   109     3665.0000     3638.0000  1181232    0.74%
Elapsed time = 69.19 sec. (105786.85 ticks, tree = 223.67 MB, solutions = 26)
  42762 35015     3652.9829    62     3665.0000     3638.0000  1226178    0.74%
  42763 35016     3652.9867    62     3665.0000     3638.0000  1226183    0.74%
  42764 35017     3652.9869    62     3665.0000     3638.0000  1226184    0.74%
  42765 35016        cutoff           3665.0000     3638.0000  1226188    0.74%
  42766 35015        cutoff           3665.0000     3638.0000  1226251    0.74%
  42767 35016     3638.0000   119     3665.0000     3638.0000  1226855    0.74%
  42768 35017     3638.0000    98     3665.0000     3638.0000  1226987    0.74%
  42769 35018     3638.0000    80     3665.0000     3638.0000  1227036    0.74%
  42770 35019     3638.0000    83     3665.0000     3638.0000  1227064    0.74%
  42771 35020     3638.0000    79     3665.0000     3638.0000  1227155    0.74%
Elapsed time = 71.66 sec. (109676.92 ticks, tree = 233.29 MB, solutions = 26)
  43576 35784     3638.0000    99     3665.0000     3638.0000  1265104    0.74%
  43577 35785     3638.0000    86     3665.0000     3638.0000  1265327    0.74%
  43578 35786     3638.0000    83     3665.0000     3638.0000  1265332    0.74%
  43579 35787     3638.0000    81     3665.0000     3638.0000  1265474    0.74%
  43580 35788     3638.0000    79     3665.0000     3638.0000  1265547    0.74%
  43581 35789     3638.0000   102     3665.0000     3638.0000  1265827    0.74%
  43582 35790     3638.0000    99     3665.0000     3638.0000  1265830    0.74%
  43583 35791     3638.0000    89     3665.0000     3638.0000  1265943    0.74%
  43584 35792     3638.0000    88     3665.0000     3638.0000  1265944    0.74%
  43585 35793     3638.0000    86     3665.0000     3638.0000  1266052    0.74%
Elapsed time = 74.17 sec. (113596.46 ticks, tree = 240.34 MB, solutions = 26)
  44578 36654     3640.3839   116     3665.0000     3638.0000  1309609    0.74%
  44579 36655     3640.3839   102     3665.0000     3638.0000  1309652    0.74%
  44580 36656     3640.3839   106     3665.0000     3638.0000  1309739    0.74%
  44581 36657     3640.6271    88     3665.0000     3638.0000  1310121    0.74%
  44582 36658     3640.6292    95     3665.0000     3638.0000  1310144    0.74%
  44583 36659     3640.6559    99     3665.0000     3638.0000  1310184    0.74%
  44584 36660     3640.9472    84     3665.0000     3638.0000  1310268    0.74%
  44585 36661     3640.9660    84     3665.0000     3638.0000  1310269    0.74%
  44586 36662     3643.1645    68     3665.0000     3638.0000  1310341    0.74%
  44587 36663     3643.1645    67     3665.0000     3638.0000  1310342    0.74%
Elapsed time = 76.66 sec. (117507.00 ticks, tree = 248.38 MB, solutions = 26)
* 45035+35831                         3662.0000     3638.0000             0.66%
  45441 36199     3638.0000   102     3662.0000     3638.0000  1350073    0.66%
  45442 36200     3638.0000    97     3662.0000     3638.0000  1350214    0.66%
  45443 36201     3638.0000    93     3662.0000     3638.0000  1350304    0.66%
  45444 36202     3638.0000    93     3662.0000     3638.0000  1350310    0.66%
  45445 36203     3638.0000    86     3662.0000     3638.0000  1350348    0.66%
  45446 36204     3638.0000    80     3662.0000     3638.0000  1350438    0.66%
  45447 36205     3638.0077   111     3662.0000     3638.0000  1350915    0.66%
  45448 36206     3638.0114   111     3662.0000     3638.0000  1350928    0.66%
  45449 36207     3638.0116   111     3662.0000     3638.0000  1350932    0.66%
  45450 36208     3638.0116   111     3662.0000     3638.0000  1350934    0.66%
Elapsed time = 79.22 sec. (121390.47 ticks, tree = 246.86 MB, solutions = 27)
  46447 37137     3642.0373    68     3662.0000     3638.0000  1392684    0.66%
  46448 37138     3642.0373    68     3662.0000     3638.0000  1392686    0.66%
  46449 37139     3642.0373    63     3662.0000     3638.0000  1392687    0.66%
  46450 37139     3642.2303    84     3662.0000     3638.0000  1392844    0.66%
  46451 37140     3642.2303    84     3662.0000     3638.0000  1392845    0.66%
  46452 37141     3642.3471    83     3662.0000     3638.0000  1392877    0.66%
  46453 37142     3642.3475    84     3662.0000     3638.0000  1392883    0.66%
  46454 37143     3642.3480    85     3662.0000     3638.0000  1392887    0.66%
  46455 37144     3642.4344    82     3662.0000     3638.0000  1392895    0.66%
  46456 37145     3642.4376    81     3662.0000     3638.0000  1392899    0.66%
Elapsed time = 81.69 sec. (125223.21 ticks, tree = 255.39 MB, solutions = 27)
  47440 38011     3638.8098   120     3662.0000     3638.0000  1440489    0.66%
  47441 38012     3638.8098   120     3662.0000     3638.0000  1440490    0.66%
  47442 38013     3638.9003   116     3662.0000     3638.0000  1440523    0.66%
  47443 38014     3640.8178   104     3662.0000     3638.0000  1440659    0.66%
  47444 38015     3640.8187   102     3662.0000     3638.0000  1440661    0.66%
  47445 38016     3640.8199   107     3662.0000     3638.0000  1440666    0.66%
  47446 38017     3640.9587   107     3662.0000     3638.0000  1440711    0.66%
  47447 38018     3642.3943    93     3662.0000     3638.0000  1440832    0.66%
  47448 38019     3642.4468    97     3662.0000     3638.0000  1440850    0.66%
  47449 38020     3642.5963   100     3662.0000     3638.0000  1440879    0.66%
Elapsed time = 84.19 sec. (129140.01 ticks, tree = 263.46 MB, solutions = 27)
* 47835+36654                         3659.0000     3638.0000             0.57%
  48439 37214     3644.1769    84     3659.0000     3638.0000  1482950    0.57%
  48440 37215     3644.6798    88     3659.0000     3638.0000  1482987    0.57%
  48441 37216     3644.6801    88     3659.0000     3638.0000  1482988    0.57%
  48442 37217     3644.6959    85     3659.0000     3638.0000  1482997    0.57%
  48443 37218     3644.6961    84     3659.0000     3638.0000  1482999    0.57%
  48444 37219     3644.8590    87     3659.0000     3638.0000  1483027    0.57%
  48445 37220     3644.8629    86     3659.0000     3638.0000  1483037    0.57%
  48446 37221     3644.8629    85     3659.0000     3638.0000  1483038    0.57%
  48447 37222     3644.8750    82     3659.0000     3638.0000  1483050    0.57%
  48448 37223     3644.9612    83     3659.0000     3638.0000  1483085    0.57%
Elapsed time = 86.66 sec. (132986.01 ticks, tree = 260.18 MB, solutions = 28)
  49369 38021     3644.7498    79     3659.0000     3638.0000  1523710    0.57%
  49370 38022     3644.7501    75     3659.0000     3638.0000  1523712    0.57%
  49371 38023     3644.7502    78     3659.0000     3638.0000  1523713    0.57%
  49372 38024     3644.7502    75     3659.0000     3638.0000  1523714    0.57%
  49373 38025     3644.7515    76     3659.0000     3638.0000  1523720    0.57%
  49374 38026     3645.7261    72     3659.0000     3638.0000  1523796    0.57%
  49375 38027     3645.7272    72     3659.0000     3638.0000  1523798    0.57%
  49376 38028     3645.7272    71     3659.0000     3638.0000  1523800    0.57%
  49377 38029     3645.7331    65     3659.0000     3638.0000  1523811    0.57%
  49378 38030     3645.7338    67     3659.0000     3638.0000  1523813    0.57%
Elapsed time = 89.14 sec. (136811.82 ticks, tree = 267.61 MB, solutions = 28)
  50095 38642     3638.0000    62     3659.0000     3638.0000  1561725    0.57%
  50096 38643     3638.0000    79     3659.0000     3638.0000  1561859    0.57%
  50097 38644     3638.0000    72     3659.0000     3638.0000  1561876    0.57%
  50098 38645     3638.0000    91     3659.0000     3638.0000  1562034    0.57%
  50099 38646     3638.0000    81     3659.0000     3638.0000  1562150    0.57%
  50100 38647     3638.0000    77     3659.0000     3638.0000  1562152    0.57%
  50101 38648     3638.0000    74     3659.0000     3638.0000  1562155    0.57%
  50102 38649     3638.0000    72     3659.0000     3638.0000  1562188    0.57%
  50103 38650     3638.0000    73     3659.0000     3638.0000  1562222    0.57%
  50104 38651     3638.0000    72     3659.0000     3638.0000  1562228    0.57%
Elapsed time = 91.61 sec. (140664.38 ticks, tree = 273.39 MB, solutions = 28)
  50735 39231     3638.0000   117     3659.0000     3638.0000  1591148    0.57%
  50736 39232     3638.0000   110     3659.0000     3638.0000  1591269    0.57%
  50737 39233     3638.0000   103     3659.0000     3638.0000  1591327    0.57%
  50738 39234     3638.5949   117     3659.0000     3638.0000  1591844    0.57%
  50739 39235     3638.6661   118     3659.0000     3638.0000  1591864    0.57%
  50740 39236     3638.6662   117     3659.0000     3638.0000  1591867    0.57%
  50741 39237     3638.6690   117     3659.0000     3638.0000  1591871    0.57%
  50742 39238     3638.6978   116     3659.0000     3638.0000  1591899    0.57%
  50743 39239     3638.7258   112     3659.0000     3638.0000  1591925    0.57%
  50744 39240     3638.7297   117     3659.0000     3638.0000  1591940    0.57%
Elapsed time = 94.51 sec. (145237.35 ticks, tree = 278.78 MB, solutions = 28)
  51335 39790     3640.9344    78     3659.0000     3638.0000  1615585    0.57%
  51336 39791     3640.9352    78     3659.0000     3638.0000  1615586    0.57%
  51337 39792     3641.1388    84     3659.0000     3638.0000  1615611    0.57%
  51338 39793     3641.1510    85     3659.0000     3638.0000  1615623    0.57%
  51339 39794     3641.1511    84     3659.0000     3638.0000  1615626    0.57%
  51340 39795     3641.1520    86     3659.0000     3638.0000  1615629    0.57%
  51341 39796     3641.1557    83     3659.0000     3638.0000  1615634    0.57%
  51342 39797     3641.1589    83     3659.0000     3638.0000  1615639    0.57%
  51343 39798     3641.1595    83     3659.0000     3638.0000  1615641    0.57%
  51344 39799     3641.1607    81     3659.0000     3638.0000  1615645    0.57%
Elapsed time = 97.03 sec. (149102.56 ticks, tree = 283.90 MB, solutions = 28)
  51771 40173     3638.0000    60     3659.0000     3638.0000  1636821    0.57%
  51772 40174     3638.0000    77     3659.0000     3638.0000  1637053    0.57%
  51773 40175     3638.0000    71     3659.0000     3638.0000  1637061    0.57%
  51774 40176     3638.0000    69     3659.0000     3638.0000  1637063    0.57%
  51775 40177     3638.0000    61     3659.0000     3638.0000  1637152    0.57%
  51776 40178     3638.0000    64     3659.0000     3638.0000  1637325    0.57%
  51777 40179     3638.0000    57     3659.0000     3638.0000  1637351    0.57%
  51778 40180     3638.0000    75     3659.0000     3638.0000  1637469    0.57%
  51779 40181     3638.0000    74     3659.0000     3638.0000  1637470    0.57%
  51780 40182     3638.0000    62     3659.0000     3638.0000  1637502    0.57%
Elapsed time = 99.49 sec. (152975.29 ticks, tree = 287.40 MB, solutions = 28)

Cover cuts applied:  289
Mixed integer rounding cuts applied:  293
Zero-half cuts applied:  5
Lift and project cuts applied:  1
Gomory fractional cuts applied:  2

Root node processing (before b&c):
  Real time             =    0.10 sec. (128.72 ticks)
Sequential b&c:
  Real time             =   99.90 sec. (153667.96 ticks)
                          ------------
Total (root+branch&cut) =  100.00 sec. (153796.68 ticks)

Solution pool: 28 solutions saved.

MIP - Time limit exceeded, integer feasible:  Objective =  3.6590000000e+03
Current MIP best bound =  3.6380000000e+03 (gap = 21, 0.57%)
Solution time =  100.00 sec.  Iterations = 1646932  Nodes = 51927 (40315)
Deterministic time = 153796.69 ticks  (1537.96 ticks/sec)


Incumbent solution written to file '/tmp/tmpNQmFwc.cplex.sol'.
