
Log started (V12.6.3.0) Fri Apr 20 22:58:41 2018

New value for default parallel thread count: 1

Problem '/tmp/tmpWUoC8_.pyomo.lp' read.
Read time = 0.02 sec. (2.12 ticks)

Problem name         : /tmp/tmpWUoC8_.pyomo.lp
Objective sense      : Minimize
Variables            :    1746  [Nneg: 1,  Binary: 1728,  General Integer: 17]
Objective nonzeros   :       1
Linear constraints   :     250  [Less: 124,  Equal: 126]
  Nonzeros           :  154177
  RHS nonzeros       :     217

Variables            : Min LB: 0.000000         Max UB: 1.000000       
Objective nonzeros   : Min   : 1.000000         Max   : 1.000000       
Linear constraints   :
  Nonzeros           : Min   : 1.000000         Max   : 1715.000       
  RHS nonzeros       : Min   : 1.000000         Max   : 11.00000       
Tried aggregator 2 times.
MIP Presolve eliminated 112 rows and 195 columns.
Aggregator did 20 substitutions.
Reduced MIP has 118 rows, 1531 columns, and 4307 nonzeros.
Reduced MIP has 1530 binaries, 1 generals, 0 SOSs, and 0 indicators.
Presolve time = 0.03 sec. (27.45 ticks)
Found incumbent of value 54562.000000 after 0.03 sec. (32.22 ticks)
Probing time = 0.00 sec. (1.99 ticks)
Tried aggregator 1 time.
Reduced MIP has 118 rows, 1531 columns, and 4307 nonzeros.
Reduced MIP has 1530 binaries, 1 generals, 0 SOSs, and 0 indicators.
Presolve time = 0.00 sec. (2.16 ticks)
Probing time = 0.00 sec. (1.98 ticks)
Clique table members: 102.
MIP emphasis: balance optimality and feasibility.
MIP search method: dynamic search.
Parallel mode: none, using 1 thread.
Root relaxation solution time = 0.00 sec. (2.24 ticks)

        Nodes                                         Cuts/
   Node  Left     Objective  IInf  Best Integer    Best Bound    ItCnt     Gap

*     0+    0                        54562.0000        0.0000           100.00%
      0     0     3637.4667    22    54562.0000     3637.4667       59   93.33%
*     0+    0                         4978.0000     3637.4667            26.93%
      0     0     3638.0000    25     4978.0000     Fract: 10       99   26.92%
*     0+    0                         4400.0000     3638.0000            17.32%
      0     0     3638.0000    33     4400.0000      Cuts: 25      176   17.32%
      0     0     3638.0000    31     4400.0000      Cuts: 17      230   17.32%
*     0+    0                         4272.0000     3638.0000            14.84%
*     0+    0                         4127.0000     3638.0000            11.85%
*     0+    0                         3911.0000     3638.0000             6.98%
*     0+    0                         3828.0000     3638.0000             4.96%
      0     2     3638.0000    24     3828.0000     3638.0000      230    4.96%
Elapsed time = 0.15 sec. (181.15 ticks, tree = 0.01 MB, solutions = 7)
*    70+   70                         3805.0000     3638.0000             4.39%
*    80+   80                         3804.0000     3638.0000             4.36%
*   360+  327                         3797.0000     3638.0000             4.19%
    485   454     3638.0000    33     3797.0000     3638.0000     2921    4.19%
    486   455     3638.0000    32     3797.0000     3638.0000     2924    4.19%
    487   456     3638.0000    35     3797.0000     3638.0000     2929    4.19%
    488   457     3638.0000    34     3797.0000     3638.0000     2932    4.19%
    489   458     3638.0000    34     3797.0000     3638.0000     2933    4.19%
    490   459     3638.0000    33     3797.0000     3638.0000     2936    4.19%
    491   460     3638.0000    32     3797.0000     3638.0000     2938    4.19%
    492   461     3638.0000    32     3797.0000     3638.0000     2939    4.19%
    493   462     3638.0000    30     3797.0000     3638.0000     2944    4.19%
*   534+  495                         3791.0000     3638.0000             4.04%
*   535+  330                         3783.0000     3638.0000             3.83%
*   535+  220                         3781.0000     3638.0000             3.78%
*   635+  189                         3767.0000     3638.0000             3.42%
*   635+  150                         3743.0000     3638.0000             2.81%
    727   181     3638.0000    24     3743.0000     3638.0000     4546    2.81%
Elapsed time = 0.84 sec. (1135.25 ticks, tree = 0.40 MB, solutions = 15)
*   735+  176                         3738.0000     3638.0000             2.68%
*   835+  237                         3710.0000     3638.0000             1.94%
*   935+  330                         3706.0000     3638.0000             1.83%
    935   332     3638.0000    22     3706.0000     3638.0000     5735    1.83%
    936   332     3638.0000    20     3706.0000     3638.0000     5743    1.83%
    937   332     3638.0000    21     3706.0000     3638.0000     5750    1.83%
    938   333     3638.0000    22     3706.0000     3638.0000     5760    1.83%
    939   334     3638.0000    20     3706.0000     3638.0000     5762    1.83%
    940   335     3638.0000    22     3706.0000     3638.0000     5765    1.83%
    941   336     3638.0000    22     3706.0000     3638.0000     5766    1.83%
    942   337     3638.0000    22     3706.0000     3638.0000     5769    1.83%
    943   338     3638.0000    22     3706.0000     3638.0000     5771    1.83%
    944   339     3638.0000    21     3706.0000     3638.0000     5772    1.83%
Elapsed time = 1.55 sec. (2106.00 ticks, tree = 0.76 MB, solutions = 18)
   2808  1776     3638.0000    23     3706.0000     3638.0000    13554    1.83%
   2809  1777     3638.0000    22     3706.0000     3638.0000    13557    1.83%
   2810  1778     3638.0000    22     3706.0000     3638.0000    13564    1.83%
   2811  1779     3638.0000    23     3706.0000     3638.0000    13567    1.83%
   2812  1780     3638.0000    28     3706.0000     3638.0000    13577    1.83%
   2813  1781     3638.0000    28     3706.0000     3638.0000    13578    1.83%
   2814  1782     3638.0000    28     3706.0000     3638.0000    13579    1.83%
   2815  1783     3638.0000    24     3706.0000     3638.0000    13582    1.83%
   2816  1784     3638.0000    24     3706.0000     3638.0000    13588    1.83%
   2817  1785     3638.0000    23     3706.0000     3638.0000    13589    1.83%
Elapsed time = 2.19 sec. (3064.42 ticks, tree = 4.08 MB, solutions = 18)
   5583  4177     3638.0000    26     3706.0000     3638.0000    24202    1.83%
   5584  4178     3638.0000    22     3706.0000     3638.0000    24204    1.83%
   5585  4178     3638.0000    24     3706.0000     3638.0000    24208    1.83%
   5586  4179     3638.0000    23     3706.0000     3638.0000    24213    1.83%
   5587  4179     3638.0000    23     3706.0000     3638.0000    24219    1.83%
   5588  4180     3638.0000    22     3706.0000     3638.0000    24221    1.83%
   5589  4181     3638.0000    22     3706.0000     3638.0000    24225    1.83%
   5590  4182     3638.0000    21     3706.0000     3638.0000    24226    1.83%
   5591  4183     3638.0000    21     3706.0000     3638.0000    24227    1.83%
   5592  4183     3638.0000    20     3706.0000     3638.0000    24231    1.83%
Elapsed time = 2.85 sec. (4024.11 ticks, tree = 9.70 MB, solutions = 18)
   9328  7398     3639.0000    23     3706.0000     3638.0000    36857    1.83%
   9329  7399     3639.0000    23     3706.0000     3638.0000    36858    1.83%
   9330  7400     3639.0000    24     3706.0000     3638.0000    36860    1.83%
   9331  7401     3639.0000    24     3706.0000     3638.0000    36861    1.83%
   9332  7402     3639.0000    23     3706.0000     3638.0000    36863    1.83%
   9333  7403     3639.0000    22     3706.0000     3638.0000    36865    1.83%
   9334  7404     3639.0000    24     3706.0000     3638.0000    36868    1.83%
   9335  7405     3639.0000    24     3706.0000     3638.0000    36869    1.83%
   9336  7406     3639.0000    24     3706.0000     3638.0000    36870    1.83%
   9337  7407     3639.0000    23     3706.0000     3638.0000    36871    1.83%
Elapsed time = 3.63 sec. (4979.37 ticks, tree = 17.08 MB, solutions = 18)
* 11195+ 9060                         3703.0000     3638.0000             1.76%
  12037  9853     3638.0000    25     3703.0000     3638.0000    46256    1.76%
  12038  9854     3638.0000    23     3703.0000     3638.0000    46258    1.76%
  12039  9855     3638.0000    23     3703.0000     3638.0000    46259    1.76%
  12040  9856     3638.0000    23     3703.0000     3638.0000    46263    1.76%
  12041  9857     3638.0000    23     3703.0000     3638.0000    46265    1.76%
  12042  9858     3638.0000    24     3703.0000     3638.0000    46268    1.76%
  12043  9859     3638.0000    24     3703.0000     3638.0000    46269    1.76%
  12044  9860     3638.0000    24     3703.0000     3638.0000    46274    1.76%
  12045  9861     3638.0000    25     3703.0000     3638.0000    46275    1.76%
  12046  9862     3638.0000    25     3703.0000     3638.0000    46276    1.76%
Elapsed time = 4.37 sec. (5935.21 ticks, tree = 22.93 MB, solutions = 19)
  15953 13369     3638.0000    24     3703.0000     3638.0000    60390    1.76%
  15954 13370     3638.0000    24     3703.0000     3638.0000    60392    1.76%
  15955 13371     3638.0000    23     3703.0000     3638.0000    60393    1.76%
  15956 13372     3638.0000    23     3703.0000     3638.0000    60394    1.76%
  15957 13373     3638.0000    20     3703.0000     3638.0000    60397    1.76%
  15958 13374     3638.0000    20     3703.0000     3638.0000    60399    1.76%
  15959 13375     3638.0000    21     3703.0000     3638.0000    60404    1.76%
  15960 13376     3638.0000    26     3703.0000     3638.0000    60414    1.76%
  15961 13377     3638.0000    26     3703.0000     3638.0000    60416    1.76%
  15962 13378     3638.0000    22     3703.0000     3638.0000    60420    1.76%
Elapsed time = 5.04 sec. (6890.78 ticks, tree = 30.99 MB, solutions = 19)
  19866 16987     3638.0000    22     3703.0000     3638.0000    73617    1.76%
  19867 16988     3638.0000    22     3703.0000     3638.0000    73620    1.76%
  19868 16989     3638.0000    21     3703.0000     3638.0000    73621    1.76%
  19869 16990     3638.0000    23     3703.0000     3638.0000    73624    1.76%
  19870 16991     3638.0000    24     3703.0000     3638.0000    73629    1.76%
  19871 16992     3638.0000    24     3703.0000     3638.0000    73635    1.76%
  19872 16993     3638.0000    23     3703.0000     3638.0000    73636    1.76%
  19873 16994     3638.0000    24     3703.0000     3638.0000    73637    1.76%
  19874 16995     3638.0000    23     3703.0000     3638.0000    73638    1.76%
  19875 16996     3638.0000    24     3703.0000     3638.0000    73640    1.76%
Elapsed time = 5.73 sec. (7846.35 ticks, tree = 39.76 MB, solutions = 19)
  23581 20242     3655.5330    22     3703.0000     3638.0000    86983    1.76%
  23582 20243     3655.5330    23     3703.0000     3638.0000    86984    1.76%
  23583 20244     3655.5330    24     3703.0000     3638.0000    86985    1.76%
  23584 20245     3655.5330    21     3703.0000     3638.0000    86989    1.76%
  23585 20246     3655.5330    22     3703.0000     3638.0000    86991    1.76%
  23586 20245    infeasible           3703.0000     3638.0000    86991    1.76%
  23587 20246     3655.5330    24     3703.0000     3638.0000    86993    1.76%
  23588 20247     3655.5330    22     3703.0000     3638.0000    86994    1.76%
  23589 20247     3655.5330    21     3703.0000     3638.0000    86995    1.76%
  23590 20246        cutoff           3703.0000     3638.0000    86998    1.76%
Elapsed time = 6.39 sec. (8802.08 ticks, tree = 47.22 MB, solutions = 19)
  27337 23621     3639.5872    26     3703.0000     3638.0000   102247    1.76%
  27338 23620        cutoff           3703.0000     3638.0000   102251    1.76%
  27339 23621     3640.0432    25     3703.0000     3638.0000   102252    1.76%
  27340 23622     3640.1081    26     3703.0000     3638.0000   102253    1.76%
  27341 23623     3640.1314    27     3703.0000     3638.0000   102255    1.76%
  27342 23624     3640.1848    27     3703.0000     3638.0000   102256    1.76%
  27343 23625     3640.8165    26     3703.0000     3638.0000   102259    1.76%
  27344 23626     3640.9237    26     3703.0000     3638.0000   102260    1.76%
  27345 23627     3641.1573    27     3703.0000     3638.0000   102263    1.76%
  38660 33743     3670.0000    21     3703.0000     3638.0000   143116    1.76%
Elapsed time = 9.09 sec. (12617.02 ticks, tree = 79.13 MB, solutions = 19)
  52809 46611     3638.0000    20     3703.0000     3638.0000   201141    1.76%
  52810 46612     3638.0000    17     3703.0000     3638.0000   201145    1.76%
  52811 46613     3638.0000    17     3703.0000     3638.0000   201146    1.76%
  52812 46614     3638.0000    21     3703.0000     3638.0000   201154    1.76%
  52813 46615     3638.0000    20     3703.0000     3638.0000   201162    1.76%
  52814 46616     3638.0000    19     3703.0000     3638.0000   201163    1.76%
  52815 46617     3638.0000    22     3703.0000     3638.0000   201174    1.76%
  52816 46618     3638.0000    20     3703.0000     3638.0000   201176    1.76%
  52817 46619     3638.0000    19     3703.0000     3638.0000   201177    1.76%
  52818 46620     3638.0000    24     3703.0000     3638.0000   201188    1.76%
Elapsed time = 11.74 sec. (16433.73 ticks, tree = 109.22 MB, solutions = 19)
* 57190 49934      integral     0     3701.0000     3638.0000   218693    1.70%
  66124 58165     3638.0000    27     3701.0000     3638.0000   258772    1.70%
  66125 58166     3638.0000    26     3701.0000     3638.0000   258773    1.70%
  66126 58167     3638.0000    27     3701.0000     3638.0000   258778    1.70%
  66127 58168     3638.0000    28     3701.0000     3638.0000   258780    1.70%
  66128 58169     3638.0000    27     3701.0000     3638.0000   258786    1.70%
  66129 58170     3638.0000    27     3701.0000     3638.0000   258791    1.70%
  66130 58171     3638.0000    26     3701.0000     3638.0000   258792    1.70%
  66131 58172     3638.0000    26     3701.0000     3638.0000   258794    1.70%
  66132 58173     3638.0000    26     3701.0000     3638.0000   258795    1.70%
  66133 58174     3638.0000    26     3701.0000     3638.0000   258806    1.70%
Elapsed time = 14.48 sec. (20251.28 ticks, tree = 136.39 MB, solutions = 20)
* 68035+59178                         3698.0000     3638.0000             1.62%
  78546 68897     3666.0000    15     3698.0000     3638.0000   314140    1.62%
  78547 68898     3666.0000    15     3698.0000     3638.0000   314141    1.62%
  78548 68897        cutoff           3698.0000     3638.0000   314154    1.62%
  78549 68898     3666.0000    15     3698.0000     3638.0000   314155    1.62%
  78550 68898     3666.0000    17     3698.0000     3638.0000   314160    1.62%
  78551 68899     3666.0000    14     3698.0000     3638.0000   314162    1.62%
  78552 68900     3666.0000    14     3698.0000     3638.0000   314165    1.62%
  78553 68901     3666.0000    14     3698.0000     3638.0000   314166    1.62%
  78554 68902     3666.0000    14     3698.0000     3638.0000   314167    1.62%
  78555 68903     3666.0000    13     3698.0000     3638.0000   314168    1.62%
Elapsed time = 17.22 sec. (24068.42 ticks, tree = 164.02 MB, solutions = 21)
* 90735+79172                         3693.0000     3638.0000             1.49%
* 90735+78044                         3688.0000     3638.0000             1.36%
* 90835+77645                         3687.0000     3638.0000             1.33%
* 90835+75824                         3680.0000     3638.0000             1.14%
  91447 76396     3638.0000    22     3680.0000     3638.0000   368720    1.14%
  91448 76397     3638.0000    21     3680.0000     3638.0000   368722    1.14%
  91449 76398     3638.0000    21     3680.0000     3638.0000   368723    1.14%
  91450 76399     3638.0000    18     3680.0000     3638.0000   368726    1.14%
  91451 76400     3638.0000    23     3680.0000     3638.0000   368734    1.14%
  91452 76401     3638.0000    20     3680.0000     3638.0000   368736    1.14%
  91453 76402     3638.0000    22     3680.0000     3638.0000   368742    1.14%
  91454 76403     3638.0000    20     3680.0000     3638.0000   368750    1.14%
  91455 76404     3638.0000    24     3680.0000     3638.0000   368755    1.14%
  91456 76405     3638.0000    24     3680.0000     3638.0000   368756    1.14%
Elapsed time = 19.95 sec. (27886.51 ticks, tree = 182.01 MB, solutions = 25)
 104137 88141     3638.0000    29     3680.0000     3638.0000   425890    1.14%
 104138 88142     3638.0000    29     3680.0000     3638.0000   425892    1.14%
 104139 88143     3638.0000    25     3680.0000     3638.0000   425895    1.14%
 104140 88144     3638.0000    24     3680.0000     3638.0000   425898    1.14%
 104141 88145     3638.0000    26     3680.0000     3638.0000   425901    1.14%
 104142 88146     3638.0000    27     3680.0000     3638.0000   425903    1.14%
 104143 88147     3638.0000    29     3680.0000     3638.0000   425906    1.14%
 104144 88148     3638.0000    28     3680.0000     3638.0000   425907    1.14%
 104145 88149     3638.0000    27     3680.0000     3638.0000   425914    1.14%
 104146 88150     3638.0000    26     3680.0000     3638.0000   425918    1.14%
Elapsed time = 22.64 sec. (31709.42 ticks, tree = 209.92 MB, solutions = 25)
 116740 99907     3638.0000    27     3680.0000     3638.0000   482666    1.14%
 116741 99908     3638.0000    26     3680.0000     3638.0000   482671    1.14%
 116742 99909     3638.0000    28     3680.0000     3638.0000   482678    1.14%
 116743 99910     3638.0000    27     3680.0000     3638.0000   482681    1.14%
 116744 99911     3638.0000    32     3680.0000     3638.0000   482690    1.14%
 116745 99912     3638.0000    31     3680.0000     3638.0000   482691    1.14%
 116746 99913     3638.0000    29     3680.0000     3638.0000   482692    1.14%
 116747 99914     3638.0000    30     3680.0000     3638.0000   482711    1.14%
 116748 99915     3638.0000    29     3680.0000     3638.0000   482713    1.14%
 116749 99916     3638.0000    31     3680.0000     3638.0000   482720    1.14%
Elapsed time = 25.40 sec. (35527.86 ticks, tree = 238.08 MB, solutions = 25)
 130308 112444     3638.0000    30     3680.0000     3638.0000   542722    1.14%
 130309 112445     3638.0000    30     3680.0000     3638.0000   542728    1.14%
 130310 112446     3638.0000    31     3680.0000     3638.0000   542731    1.14%
 130311 112447     3638.0000    32     3680.0000     3638.0000   542734    1.14%
 130312 112448     3638.0000    31     3680.0000     3638.0000   542736    1.14%
 130313 112449     3638.0000    30     3680.0000     3638.0000   542743    1.14%
 130314 112450     3638.0000    29     3680.0000     3638.0000   542744    1.14%
 130315 112451     3638.0000    29     3680.0000     3638.0000   542745    1.14%
 130316 112452     3638.0000    27     3680.0000     3638.0000   542752    1.14%
 130317 112453     3638.0000    30     3680.0000     3638.0000   542754    1.14%
Elapsed time = 28.12 sec. (39344.69 ticks, tree = 267.97 MB, solutions = 25)
 143735 124693     3638.0000    22     3680.0000     3638.0000   588503    1.14%
 143736 124694     3638.0000    22     3680.0000     3638.0000   588504    1.14%
 143737 124695     3638.0000    22     3680.0000     3638.0000   588505    1.14%
 143738 124696     3638.0000    22     3680.0000     3638.0000   588506    1.14%
 143739 124697     3638.0000    22     3680.0000     3638.0000   588507    1.14%
 143740 124698     3638.0000    22     3680.0000     3638.0000   588508    1.14%
 143741 124699     3638.0000    21     3680.0000     3638.0000   588509    1.14%
 143742 124700     3638.0000    22     3680.0000     3638.0000   588512    1.14%
 143743 124701     3638.0000    21     3680.0000     3638.0000   588513    1.14%
 143744 124702     3638.0000    23     3680.0000     3638.0000   588515    1.14%
Elapsed time = 30.82 sec. (43161.53 ticks, tree = 297.20 MB, solutions = 25)
 157194 137293     3638.0000    31     3680.0000     3638.0000   637931    1.14%
 157195 137294     3638.0000    30     3680.0000     3638.0000   637937    1.14%
 157196 137295     3638.0000    31     3680.0000     3638.0000   637941    1.14%
 157197 137296     3638.0000    31     3680.0000     3638.0000   637943    1.14%
 157198 137297     3638.0000    31     3680.0000     3638.0000   637944    1.14%
 157199 137298     3638.0000    32     3680.0000     3638.0000   637945    1.14%
 157200 137299     3638.0000    32     3680.0000     3638.0000   637946    1.14%
 157201 137300     3638.0000    30     3680.0000     3638.0000   637953    1.14%
 157202 137301     3638.0000    29     3680.0000     3638.0000   637954    1.14%
 157203 137302     3638.0000    28     3680.0000     3638.0000   637957    1.14%
Elapsed time = 33.51 sec. (46978.37 ticks, tree = 328.85 MB, solutions = 25)
 171071 150320     3654.0000    23     3680.0000     3638.0000   700581    1.14%
 171072 150321     3654.0000    23     3680.0000     3638.0000   700584    1.14%
 171073 150322     3654.0000    23     3680.0000     3638.0000   700585    1.14%
 171074 150323     3654.0000    23     3680.0000     3638.0000   700586    1.14%
 171075 150324     3654.0000    27     3680.0000     3638.0000   700592    1.14%
 171076 150325     3654.0000    27     3680.0000     3638.0000   700593    1.14%
 171077 150326     3654.0000    22     3680.0000     3638.0000   700596    1.14%
 171078 150327     3654.0000    22     3680.0000     3638.0000   700598    1.14%
 171079 150328     3654.0000    25     3680.0000     3638.0000   700601    1.14%
 171080 150329     3654.0000    24     3680.0000     3638.0000   700602    1.14%
Elapsed time = 36.19 sec. (50795.26 ticks, tree = 359.83 MB, solutions = 25)
*175035+151386                         3678.0000     3638.0000             1.09%
*182535+156050                         3674.0000     3638.0000             0.98%
 183075 156549     3640.4979    27     3674.0000     3638.0000   754391    0.98%
 183076 156550     3643.0639    24     3674.0000     3638.0000   754398    0.98%
 183077 156551     3643.0785    26     3674.0000     3638.0000   754402    0.98%
 183078 156550        cutoff           3674.0000     3638.0000   754408    0.98%
 183079 156549        cutoff           3674.0000     3638.0000   754414    0.98%
 183080 156550     3638.0000    25     3674.0000     3638.0000   754453    0.98%
 183081 156551     3638.0000    25     3674.0000     3638.0000   754456    0.98%
 183082 156552     3638.0000    22     3674.0000     3638.0000   754459    0.98%
 183083 156553     3638.0000    21     3674.0000     3638.0000   754460    0.98%
 183084 156554     3638.0000    22     3674.0000     3638.0000   754462    0.98%
Elapsed time = 38.91 sec. (54613.20 ticks, tree = 375.85 MB, solutions = 27)
 192815 165599     3639.8554    55     3674.0000     3638.0000   813448    0.98%
 192816 165598        cutoff           3674.0000     3638.0000   813457    0.98%
 192817 165599     3638.0000    37     3674.0000     3638.0000   813485    0.98%
 192818 165600     3638.5291    48     3674.0000     3638.0000   813528    0.98%
 192819 165601     3639.6893    53     3674.0000     3638.0000   813582    0.98%
 192820 165602     3639.8858    49     3674.0000     3638.0000   813584    0.98%
 192821 165603     3639.8858    50     3674.0000     3638.0000   813585    0.98%
 192822 165602        cutoff           3674.0000     3638.0000   813615    0.98%
 192823 165603     3639.8858    50     3674.0000     3638.0000   813616    0.98%
 192824 165604     3639.8923    49     3674.0000     3638.0000   813617    0.98%
Elapsed time = 41.61 sec. (58437.24 ticks, tree = 398.22 MB, solutions = 27)
 197053 169479     3646.0242    56     3674.0000     3638.0000   863552    0.98%
 197054 169480     3648.4660    55     3674.0000     3638.0000   863596    0.98%
 197055 169481     3648.4663    55     3674.0000     3638.0000   863598    0.98%
 197056 169482     3648.7094    56     3674.0000     3638.0000   863610    0.98%
 197057 169483     3648.7134    59     3674.0000     3638.0000   863612    0.98%
 197058 169484     3648.7171    56     3674.0000     3638.0000   863614    0.98%
 197059 169485     3648.7236    55     3674.0000     3638.0000   863618    0.98%
 197060 169486     3648.7580    56     3674.0000     3638.0000   863628    0.98%
 197061 169487     3648.7587    56     3674.0000     3638.0000   863629    0.98%
 197062 169488     3648.7591    58     3674.0000     3638.0000   863631    0.98%
Elapsed time = 44.10 sec. (62259.80 ticks, tree = 411.27 MB, solutions = 27)
 200470 172623     3651.7937    46     3674.0000     3638.0000   911797    0.98%
 200471 172624     3652.2065    47     3674.0000     3638.0000   911806    0.98%
 200472 172625     3652.2183    47     3674.0000     3638.0000   911811    0.98%
 200473 172626     3652.2203    45     3674.0000     3638.0000   911812    0.98%
 200474 172627     3652.5725    48     3674.0000     3638.0000   911827    0.98%
 200475 172628     3652.5746    46     3674.0000     3638.0000   911833    0.98%
 200476 172629     3652.8738    45     3674.0000     3638.0000   911853    0.98%
 200477 172630     3652.8930    47     3674.0000     3638.0000   911857    0.98%
 200478 172631     3652.9090    48     3674.0000     3638.0000   911863    0.98%
 200479 172632     3652.9261    46     3674.0000     3638.0000   911864    0.98%
Elapsed time = 46.58 sec. (66078.94 ticks, tree = 423.37 MB, solutions = 27)
 203235 175230     3641.2357    58     3674.0000     3638.0000   965768    0.98%
 203236 175231     3641.2462    58     3674.0000     3638.0000   965771    0.98%
 203237 175232     3642.2806    52     3674.0000     3638.0000   965808    0.98%
 203238 175233     3642.2876    52     3674.0000     3638.0000   965810    0.98%
 203239 175234     3642.3495    52     3674.0000     3638.0000   965819    0.98%
 203240 175235     3642.3697    52     3674.0000     3638.0000   965826    0.98%
 203241 175236     3642.5189    53     3674.0000     3638.0000   965840    0.98%
 203242 175237     3642.5191    52     3674.0000     3638.0000   965842    0.98%
 203243 175238     3642.5280    54     3674.0000     3638.0000   965848    0.98%
 203244 175239     3642.5334    56     3674.0000     3638.0000   965854    0.98%
Elapsed time = 49.07 sec. (69976.09 ticks, tree = 434.39 MB, solutions = 27)
 206080 177887     3638.1984    81     3674.0000     3638.0000  1018434    0.98%
 206081 177888     3638.1992    80     3674.0000     3638.0000  1018436    0.98%
 206082 177889     3638.2025    81     3674.0000     3638.0000  1018445    0.98%
 206083 177890     3638.2187    78     3674.0000     3638.0000  1018456    0.98%
 206084 177891     3638.2277    78     3674.0000     3638.0000  1018462    0.98%
 206085 177892     3638.3174    76     3674.0000     3638.0000  1018485    0.98%
 206086 177893     3638.3188    77     3674.0000     3638.0000  1018488    0.98%
 206087 177894     3638.3393    73     3674.0000     3638.0000  1018497    0.98%
 206088 177895     3638.3443    76     3674.0000     3638.0000  1018506    0.98%
 206089 177896     3638.3462    75     3674.0000     3638.0000  1018509    0.98%
Elapsed time = 51.48 sec. (73797.72 ticks, tree = 446.96 MB, solutions = 27)
 208026 179711     3638.0000    42     3674.0000     3638.0000  1058638    0.98%
 208027 179712     3638.0000    44     3674.0000     3638.0000  1058662    0.98%
 208028 179713     3638.0000    47     3674.0000     3638.0000  1058676    0.98%
 208029 179714     3638.0000    44     3674.0000     3638.0000  1058679    0.98%
 208030 179715     3638.0000    46     3674.0000     3638.0000  1058684    0.98%
 208031 179716     3638.0000    49     3674.0000     3638.0000  1058691    0.98%
 208032 179717     3638.0000    47     3674.0000     3638.0000  1058694    0.98%
 208033 179718     3638.0000    46     3674.0000     3638.0000  1058708    0.98%
 208034 179719     3638.0000    45     3674.0000     3638.0000  1058710    0.98%
 208035 179720     3638.0000    45     3674.0000     3638.0000  1058730    0.98%
Elapsed time = 53.88 sec. (77622.69 ticks, tree = 457.39 MB, solutions = 27)
 210135 181751     3642.0202    96     3674.0000     3638.0000  1101824    0.98%
 210136 181752     3642.0252    95     3674.0000     3638.0000  1101835    0.98%
 210137 181753     3642.0254    95     3674.0000     3638.0000  1101836    0.98%
 210138 181754     3642.0275    96     3674.0000     3638.0000  1101842    0.98%
 210139 181755     3642.1729    92     3674.0000     3638.0000  1101869    0.98%
 210140 181756     3642.1735    91     3674.0000     3638.0000  1101874    0.98%
 210141 181757     3642.1735    91     3674.0000     3638.0000  1101876    0.98%
 210142 181758     3642.1745    91     3674.0000     3638.0000  1101878    0.98%
 210143 181759     3642.1754    91     3674.0000     3638.0000  1101882    0.98%
 210144 181760     3642.1755    91     3674.0000     3638.0000  1101883    0.98%
Elapsed time = 56.28 sec. (81442.92 ticks, tree = 469.86 MB, solutions = 27)
 211975 183460     3638.0000    57     3674.0000     3638.0000  1143101    0.98%
 211976 183461     3638.0000    53     3674.0000     3638.0000  1143136    0.98%
 211977 183462     3638.0000    63     3674.0000     3638.0000  1143210    0.98%
 211978 183463     3638.0000    60     3674.0000     3638.0000  1143283    0.98%
 211979 183464     3638.0000    57     3674.0000     3638.0000  1143289    0.98%
 211980 183465     3638.0000    62     3674.0000     3638.0000  1143307    0.98%
 211981 183466     3638.0000    59     3674.0000     3638.0000  1143312    0.98%
 211982 183467     3638.0000    58     3674.0000     3638.0000  1143317    0.98%
 211983 183468     3638.0000    57     3674.0000     3638.0000  1143319    0.98%
 211984 183469     3638.0000    63     3674.0000     3638.0000  1143407    0.98%
Elapsed time = 58.63 sec. (85284.98 ticks, tree = 481.19 MB, solutions = 27)
 213527 184921     3638.0000    83     3674.0000     3638.0000  1181485    0.98%
 213528 184922     3638.0000    71     3674.0000     3638.0000  1181505    0.98%
 213529 184921        cutoff           3674.0000     3638.0000  1181562    0.98%
 213530 184922     3638.0000    66     3674.0000     3638.0000  1181617    0.98%
 213531 184923     3638.0000    67     3674.0000     3638.0000  1181633    0.98%
 213532 184924     3638.0000    72     3674.0000     3638.0000  1181722    0.98%
 213533 184925     3638.0000    65     3674.0000     3638.0000  1181747    0.98%
 213534 184926     3638.0000    69     3674.0000     3638.0000  1181755    0.98%
 213535 184927     3638.0000    69     3674.0000     3638.0000  1181760    0.98%
 213536 184928     3638.0000    69     3674.0000     3638.0000  1181921    0.98%
Elapsed time = 61.07 sec. (89230.71 ticks, tree = 491.34 MB, solutions = 27)
 215183 186513     3638.0000    64     3674.0000     3638.0000  1229512    0.98%
 215184 186514     3638.0108    91     3674.0000     3638.0000  1229651    0.98%
 215185 186515     3638.0108    92     3674.0000     3638.0000  1229652    0.98%
 215186 186516     3638.0108    92     3674.0000     3638.0000  1229653    0.98%
 215187 186517     3638.0177    87     3674.0000     3638.0000  1229657    0.98%
 215188 186518     3638.0180    85     3674.0000     3638.0000  1229658    0.98%
 215189 186519     3638.0180    86     3674.0000     3638.0000  1229660    0.98%
 215190 186520     3638.0180    86     3674.0000     3638.0000  1229661    0.98%
 215191 186521     3638.0181    87     3674.0000     3638.0000  1229662    0.98%
 215192 186522     3638.0181    86     3674.0000     3638.0000  1229663    0.98%
Elapsed time = 63.43 sec. (93057.75 ticks, tree = 502.73 MB, solutions = 27)
 216910 188139     3664.5189    81     3674.0000     3638.0000  1270195    0.98%
 216911 188140     3667.0532    74     3674.0000     3638.0000  1270226    0.98%
 216912 188141     3667.0780    72     3674.0000     3638.0000  1270231    0.98%
 216913 188142     3667.2030    71     3674.0000     3638.0000  1270236    0.98%
 216914 188143     3667.5991    65     3674.0000     3638.0000  1270255    0.98%
 216915 188144     3667.6432    69     3674.0000     3638.0000  1270258    0.98%
 216916 188145     3667.6437    63     3674.0000     3638.0000  1270261    0.98%
 216917 188146     3667.7030    65     3674.0000     3638.0000  1270269    0.98%
 216918 188147     3667.7833    65     3674.0000     3638.0000  1270275    0.98%
 216919 188148     3667.8067    68     3674.0000     3638.0000  1270292    0.98%
Elapsed time = 65.83 sec. (96933.10 ticks, tree = 514.39 MB, solutions = 27)
 218636 189763     3638.0000    70     3674.0000     3638.0000  1311069    0.98%
 218637 189764     3638.0000    69     3674.0000     3638.0000  1311070    0.98%
 218638 189765     3638.0000    66     3674.0000     3638.0000  1311083    0.98%
 218639 189766     3638.0000    72     3674.0000     3638.0000  1311203    0.98%
 218640 189767     3638.0000    75     3674.0000     3638.0000  1311269    0.98%
 218641 189768     3638.0000    67     3674.0000     3638.0000  1311343    0.98%
 218642 189769     3638.0000    75     3674.0000     3638.0000  1311494    0.98%
 218643 189770     3638.0000    74     3674.0000     3638.0000  1311558    0.98%
 218644 189771     3638.0000    73     3674.0000     3638.0000  1311560    0.98%
 218645 189772     3638.0000    70     3674.0000     3638.0000  1311574    0.98%
Elapsed time = 68.20 sec. (100782.07 ticks, tree = 527.71 MB, solutions = 27)
 220142 191163     3638.0901   104     3674.0000     3638.0000  1349920    0.98%
 220143 191164     3638.0901   104     3674.0000     3638.0000  1349921    0.98%
 220144 191165     3638.1232   102     3674.0000     3638.0000  1349946    0.98%
 220145 191166     3638.1232   102     3674.0000     3638.0000  1349948    0.98%
 220146 191167     3638.1721   104     3674.0000     3638.0000  1349989    0.98%
 220147 191168     3638.1721   104     3674.0000     3638.0000  1349990    0.98%
 220148 191169     3638.1946   100     3674.0000     3638.0000  1350011    0.98%
 220149 191170     3638.1954   101     3674.0000     3638.0000  1350022    0.98%
 220150 191171     3638.6129   100     3674.0000     3638.0000  1350091    0.98%
 220151 191172     3639.0815    89     3674.0000     3638.0000  1350181    0.98%
Elapsed time = 70.59 sec. (104619.83 ticks, tree = 538.40 MB, solutions = 27)
 221735 192710     3642.6765    74     3674.0000     3638.0000  1386491    0.98%
 221736 192711     3642.6772    73     3674.0000     3638.0000  1386493    0.98%
 221737 192712     3642.9960    72     3674.0000     3638.0000  1386536    0.98%
 221738 192713     3642.9976    75     3674.0000     3638.0000  1386541    0.98%
 221739 192714     3643.0015    74     3674.0000     3638.0000  1386551    0.98%
 221740 192715     3643.0016    73     3674.0000     3638.0000  1386552    0.98%
 221741 192716     3643.0036    71     3674.0000     3638.0000  1386559    0.98%
 221742 192717     3643.0048    72     3674.0000     3638.0000  1386562    0.98%
 221743 192718     3643.0051    72     3674.0000     3638.0000  1386564    0.98%
 221744 192719     3643.0056    74     3674.0000     3638.0000  1386573    0.98%
Elapsed time = 72.91 sec. (108449.83 ticks, tree = 550.58 MB, solutions = 27)
 223132 194028     3652.7181    62     3674.0000     3638.0000  1420367    0.98%
 223133 194029     3652.7184    62     3674.0000     3638.0000  1420368    0.98%
 223134 194030     3653.1284    60     3674.0000     3638.0000  1420386    0.98%
 223135 194031     3653.1294    60     3674.0000     3638.0000  1420387    0.98%
 223136 194032     3653.7863    52     3674.0000     3638.0000  1420407    0.98%
 223137 194033     3653.7946    54     3674.0000     3638.0000  1420409    0.98%
 223138 194034     3654.0037    52     3674.0000     3638.0000  1420419    0.98%
 223139 194035     3655.2848    42     3674.0000     3638.0000  1420436    0.98%
 223140 194036     3665.9718    42     3674.0000     3638.0000  1420506    0.98%
 223141 194037     3666.0196    41     3674.0000     3638.0000  1420510    0.98%
Elapsed time = 75.31 sec. (112276.51 ticks, tree = 561.31 MB, solutions = 27)
 224470 195292     3638.0000    96     3674.0000     3638.0000  1457542    0.98%
 224471 195293     3638.0000    95     3674.0000     3638.0000  1457543    0.98%
 224472 195294     3638.0000    95     3674.0000     3638.0000  1457565    0.98%
 224473 195295     3638.0000    97     3674.0000     3638.0000  1457714    0.98%
 224474 195296     3638.0000    93     3674.0000     3638.0000  1457725    0.98%
 224475 195297     3638.0020   100     3674.0000     3638.0000  1457774    0.98%
 224476 195298     3638.0031   101     3674.0000     3638.0000  1457785    0.98%
 224477 195299     3638.0031   100     3674.0000     3638.0000  1457786    0.98%
 224478 195300     3638.0033   100     3674.0000     3638.0000  1457787    0.98%
 224479 195301     3638.1430    94     3674.0000     3638.0000  1457850    0.98%
Elapsed time = 77.67 sec. (116119.48 ticks, tree = 571.81 MB, solutions = 27)
 225871 196644     3638.0000    84     3674.0000     3638.0000  1497744    0.98%
 225872 196645     3638.0000    93     3674.0000     3638.0000  1498170    0.98%
 225873 196646     3638.0000    79     3674.0000     3638.0000  1498210    0.98%
 225874 196647     3638.1356   109     3674.0000     3638.0000  1498599    0.98%
 225875 196648     3638.1631   108     3674.0000     3638.0000  1498635    0.98%
 225876 196649     3638.1631   107     3674.0000     3638.0000  1498637    0.98%
 225877 196650     3638.1632   105     3674.0000     3638.0000  1498638    0.98%
 225878 196651     3638.1716   106     3674.0000     3638.0000  1498664    0.98%
 225879 196652     3638.1740   106     3674.0000     3638.0000  1498681    0.98%
 225880 196653     3638.1868   102     3674.0000     3638.0000  1498695    0.98%
Elapsed time = 80.10 sec. (120016.59 ticks, tree = 583.11 MB, solutions = 27)
 227439 198110     3638.0000   116     3674.0000     3638.0000  1530210    0.98%
 227440 198111     3638.0000    95     3674.0000     3638.0000  1530237    0.98%
 227441 198112     3638.0000    93     3674.0000     3638.0000  1530261    0.98%
 227442 198113     3640.1034   103     3674.0000     3638.0000  1530832    0.98%
 227443 198114     3638.0000    92     3674.0000     3638.0000  1530902    0.98%
 227444 198115     3638.0000    91     3674.0000     3638.0000  1530922    0.98%
 227445 198116     3638.0000    91     3674.0000     3638.0000  1530928    0.98%
 227446 198117     3638.3159   102     3674.0000     3638.0000  1531486    0.98%
 227447 198118     3638.8098   104     3674.0000     3638.0000  1531890    0.98%
 227448 198119     3638.3210   103     3674.0000     3638.0000  1531896    0.98%
Elapsed time = 82.62 sec. (123976.61 ticks, tree = 595.64 MB, solutions = 27)
 228984 199497     3643.7887   104     3674.0000     3638.0000  1570590    0.98%
 228985 199498     3643.8202   104     3674.0000     3638.0000  1570600    0.98%
 228986 199499     3643.8642   103     3674.0000     3638.0000  1570620    0.98%
 228987 199500     3643.9746   105     3674.0000     3638.0000  1570645    0.98%
 228988 199501     3643.9902    98     3674.0000     3638.0000  1570649    0.98%
 228989 199502     3645.1036    93     3674.0000     3638.0000  1570694    0.98%
 228990 199503     3645.1297    93     3674.0000     3638.0000  1570704    0.98%
 228991 199504     3645.1774    93     3674.0000     3638.0000  1570718    0.98%
 228992 199505     3645.2277    93     3674.0000     3638.0000  1570734    0.98%
 228993 199506     3645.2305    94     3674.0000     3638.0000  1570739    0.98%
Elapsed time = 85.11 sec. (127869.03 ticks, tree = 607.99 MB, solutions = 27)
 230481 200848     3655.1718    76     3674.0000     3638.0000  1605624    0.98%
 230482 200849     3655.1787    73     3674.0000     3638.0000  1605632    0.98%
 230483 200850     3656.9415    65     3674.0000     3638.0000  1605667    0.98%
 230484 200851     3660.1840    52     3674.0000     3638.0000  1605743    0.98%
 230485 200852     3660.1987    47     3674.0000     3638.0000  1605752    0.98%
 230486 200853     3660.2059    53     3674.0000     3638.0000  1605755    0.98%
 230487 200854     3660.2106    51     3674.0000     3638.0000  1605757    0.98%
 230488 200855     3663.8128    47     3674.0000     3638.0000  1605789    0.98%
 230489 200856     3663.8220    47     3674.0000     3638.0000  1605791    0.98%
 230490 200857     3663.8230    47     3674.0000     3638.0000  1605792    0.98%
Elapsed time = 87.71 sec. (131719.09 ticks, tree = 620.06 MB, solutions = 27)
 231697 201961     3638.0131   117     3674.0000     3638.0000  1641818    0.98%
 231698 201962     3638.0132   116     3674.0000     3638.0000  1641821    0.98%
 231699 201963     3638.0270   115     3674.0000     3638.0000  1641846    0.98%
 231700 201964     3638.0402   116     3674.0000     3638.0000  1641865    0.98%
 231701 201965     3638.0425   113     3674.0000     3638.0000  1641879    0.98%
 231702 201966     3638.0432   113     3674.0000     3638.0000  1641890    0.98%
 231703 201967     3638.0518   116     3674.0000     3638.0000  1641912    0.98%
 231704 201968     3638.0541   117     3674.0000     3638.0000  1641919    0.98%
 231705 201969     3638.0542   117     3674.0000     3638.0000  1641920    0.98%
 231706 201970     3638.0569   115     3674.0000     3638.0000  1641930    0.98%
Elapsed time = 90.17 sec. (135571.92 ticks, tree = 630.06 MB, solutions = 27)
*231835+201866                         3673.0000     3638.0000             0.95%
*232535+197194                         3669.0000     3638.0000             0.84%
*232735+195123                         3667.0000     3638.0000             0.79%
 232735 195125     3648.4855    54     3667.0000     3638.0000  1666816    0.79%
 232736 195124        cutoff           3667.0000     3638.0000  1666821    0.79%
 232737 195125     3648.4925    54     3667.0000     3638.0000  1666823    0.79%
 232738 195126     3648.4925    54     3667.0000     3638.0000  1666824    0.79%
 232739 195127     3648.4937    54     3667.0000     3638.0000  1666827    0.79%
 232740 195128     3649.2809    51     3667.0000     3638.0000  1666849    0.79%
 232741 195129     3649.1151    48     3667.0000     3638.0000  1666867    0.79%
 232742 195130     3651.5386    53     3667.0000     3638.0000  1666884    0.79%
 232743 195131     3651.8754    39     3667.0000     3638.0000  1666901    0.79%
 232744 195130        cutoff           3667.0000     3638.0000  1666903    0.79%
Elapsed time = 93.27 sec. (140192.71 ticks, tree = 610.99 MB, solutions = 30)
*233035+190899                         3662.0000     3638.0000             0.66%
 233535 191375     3658.6603    35     3662.0000     3638.0000  1685176    0.66%
 233536 191376     3658.6623    39     3662.0000     3638.0000  1685209    0.66%
 233537 191376     3658.7550    39     3662.0000     3638.0000  1685219    0.66%
 233538 191377     3659.0981    37     3662.0000     3638.0000  1685224    0.66%
 233539 191376        cutoff           3662.0000     3638.0000  1685226    0.66%
 233540 191375        cutoff           3662.0000     3638.0000  1685231    0.66%
 233541 191376     3638.3304   120     3662.0000     3638.0000  1686173    0.66%
 233542 191377     3638.3304   121     3662.0000     3638.0000  1686175    0.66%
 233543 191378     3638.4595   123     3662.0000     3638.0000  1686223    0.66%
 233544 191379     3638.4606   121     3662.0000     3638.0000  1686232    0.66%
Elapsed time = 96.18 sec. (144661.29 ticks, tree = 599.80 MB, solutions = 31)
*233735+189593                         3661.0000     3638.0000             0.63%
*233735+188656                         3660.0000     3638.0000             0.60%
 234238 189145        cutoff           3660.0000     3638.0000  1700746    0.60%
 234239 189146     3644.7937    72     3660.0000     3638.0000  1700754    0.60%
 234240 189147     3644.7952    71     3660.0000     3638.0000  1700758    0.60%
 234241 189148     3644.7956    71     3660.0000     3638.0000  1700760    0.60%
 234242 189149     3645.8843    72     3660.0000     3638.0000  1700818    0.60%
 234243 189150     3645.9123    63     3660.0000     3638.0000  1700888    0.60%
 234244 189151     3645.9147    65     3660.0000     3638.0000  1700891    0.60%
 234245 189152     3645.9565    65     3660.0000     3638.0000  1700916    0.60%
 234246 189153     3645.9868    65     3660.0000     3638.0000  1700923    0.60%
 234247 189152        cutoff           3660.0000     3638.0000  1700942    0.60%
Elapsed time = 98.76 sec. (148496.39 ticks, tree = 595.26 MB, solutions = 33)

Cover cuts applied:  121
Mixed integer rounding cuts applied:  463
Zero-half cuts applied:  2
Gomory fractional cuts applied:  4

Root node processing (before b&c):
  Real time             =    0.15 sec. (181.42 ticks)
Sequential b&c:
  Real time             =   99.85 sec. (150274.54 ticks)
                          ------------
Total (root+branch&cut) =  100.00 sec. (150455.96 ticks)

Solution pool: 33 solutions saved.

MIP - Time limit exceeded, integer feasible:  Objective =  3.6600000000e+03
Current MIP best bound =  3.6380000000e+03 (gap = 22, 0.60%)
Solution time =  100.00 sec.  Iterations = 1714335  Nodes = 234687 (189566)
Deterministic time = 150455.96 ticks  (1504.55 ticks/sec)


Incumbent solution written to file '/tmp/tmpjAPAZR.cplex.sol'.
