
Log started (V12.6.3.0) Fri Apr 20 20:56:37 2018

New value for default parallel thread count: 1

Problem '/tmp/tmpGRdb4w.pyomo.lp' read.
Read time = 0.00 sec. (0.03 ticks)

Problem name         : /tmp/tmpGRdb4w.pyomo.lp
Objective sense      : Minimize
Variables            :     107  [Nneg: 1,  Binary: 100,  General Integer: 6]
Objective nonzeros   :       1
Linear constraints   :      51  [Less: 25,  Equal: 26]
  Nonzeros           :    1811
  RHS nonzeros       :      41

Variables            : Min LB: 0.000000         Max UB: 1.000000       
Objective nonzeros   : Min   : 1.000000         Max   : 1.000000       
Linear constraints   :
  Nonzeros           : Min   : 1.000000         Max   : 1636.000       
  RHS nonzeros       : Min   : 1.000000         Max   : 2.000000       
Tried aggregator 2 times.
MIP Presolve eliminated 20 rows and 5 columns.
Aggregator did 6 substitutions.
Reduced MIP has 25 rows, 96 columns, and 271 nonzeros.
Reduced MIP has 95 binaries, 1 generals, 0 SOSs, and 0 indicators.
Presolve time = 0.00 sec. (0.73 ticks)
Found incumbent of value 20339.000000 after 0.00 sec. (0.90 ticks)
Probing time = 0.00 sec. (0.08 ticks)
Cover probing fixed 0 vars, tightened 3 bounds.
Tried aggregator 1 time.
Reduced MIP has 25 rows, 96 columns, and 271 nonzeros.
Reduced MIP has 95 binaries, 1 generals, 0 SOSs, and 0 indicators.
Presolve time = 0.00 sec. (0.19 ticks)
Probing time = 0.00 sec. (0.06 ticks)
Clique table members: 19.
MIP emphasis: balance optimality and feasibility.
MIP search method: dynamic search.
Parallel mode: none, using 1 thread.
Root relaxation solution time = 0.00 sec. (0.08 ticks)

        Nodes                                         Cuts/
   Node  Left     Objective  IInf  Best Integer    Best Bound    ItCnt     Gap

*     0+    0                        20339.0000     1636.0000            91.96%
      0     0     4067.8000     9    20339.0000     4067.8000        6   80.00%
*     0+    0                         4979.0000     4067.8000            18.30%
      0     0     4147.7460    16     4979.0000       Cuts: 5       29   16.70%
*     0+    0                         4367.0000     4147.7460             5.02%
      0     0     4207.7772    15     4367.0000       Cuts: 7       58    3.65%
      0     0     4220.9725    18     4367.0000       Cuts: 8       66    3.34%
      0     0     4245.8294    24     4367.0000       Cuts: 7       84    2.77%
      0     0     4267.0000     9     4367.0000       Cuts: 7       98    2.29%
      0     0     4343.9741    13     4367.0000       Cuts: 6      129    0.53%
      0     0        cutoff           4367.0000     4343.9741      130    0.53%
Elapsed time = 0.01 sec. (8.12 ticks, tree = 0.01 MB, solutions = 3)

Cover cuts applied:  1
Flow cuts applied:  3
Mixed integer rounding cuts applied:  10
Zero-half cuts applied:  1

Root node processing (before b&c):
  Real time             =    0.01 sec. (8.12 ticks)
Sequential b&c:
  Real time             =    0.00 sec. (0.00 ticks)
                          ------------
Total (root+branch&cut) =    0.01 sec. (8.12 ticks)

Solution pool: 3 solutions saved.

MIP - Integer optimal solution:  Objective =  4.3670000000e+03
Solution time =    0.01 sec.  Iterations = 130  Nodes = 0
Deterministic time = 8.12 ticks  (554.02 ticks/sec)


Incumbent solution written to file '/tmp/tmpnMfA0j.cplex.sol'.
