
Log started (V12.6.3.0) Fri Apr 20 20:56:38 2018

New value for default parallel thread count: 1

Problem '/tmp/tmpvXDRC3.pyomo.lp' read.
Read time = 0.00 sec. (0.03 ticks)

Problem name         : /tmp/tmpvXDRC3.pyomo.lp
Objective sense      : Minimize
Variables            :     107  [Nneg: 1,  Binary: 100,  General Integer: 6]
Objective nonzeros   :       1
Linear constraints   :      51  [Less: 25,  Equal: 26]
  Nonzeros           :    1811
  RHS nonzeros       :      41

Variables            : Min LB: 0.000000         Max UB: 1.000000       
Objective nonzeros   : Min   : 1.000000         Max   : 1.000000       
Linear constraints   :
  Nonzeros           : Min   : 1.000000         Max   : 1636.000       
  RHS nonzeros       : Min   : 1.000000         Max   : 2.000000       
Tried aggregator 2 times.
MIP Presolve eliminated 20 rows and 5 columns.
Aggregator did 6 substitutions.
Reduced MIP has 25 rows, 96 columns, and 271 nonzeros.
Reduced MIP has 95 binaries, 1 generals, 0 SOSs, and 0 indicators.
Presolve time = 0.00 sec. (0.73 ticks)
Found incumbent of value 20339.000000 after 0.00 sec. (0.90 ticks)
Probing time = 0.00 sec. (0.08 ticks)
Cover probing fixed 0 vars, tightened 3 bounds.
Tried aggregator 1 time.
Reduced MIP has 25 rows, 96 columns, and 271 nonzeros.
Reduced MIP has 95 binaries, 1 generals, 0 SOSs, and 0 indicators.
Presolve time = 0.00 sec. (0.19 ticks)
Probing time = 0.00 sec. (0.06 ticks)
Clique table members: 19.
MIP emphasis: balance optimality and feasibility.
MIP search method: dynamic search.
Parallel mode: none, using 1 thread.
Root relaxation solution time = 0.00 sec. (0.08 ticks)

        Nodes                                         Cuts/
   Node  Left     Objective  IInf  Best Integer    Best Bound    ItCnt     Gap

*     0+    0                        20339.0000     1636.0000            91.96%
      0     0     4067.8000     8    20339.0000     4067.8000        8   80.00%
*     0+    0                         4478.0000     4067.8000             9.16%
      0     0     4077.9935    13     4478.0000      Fract: 5       29    8.93%
*     0+    0                         4321.0000     4077.9935             5.62%
      0     0     4128.7990    16     4321.0000       Cuts: 8       64    4.45%
      0     0     4147.8747    24     4321.0000       Cuts: 7       76    4.01%
      0     0     4170.5046    24     4321.0000       Cuts: 8      103    3.48%
      0     0     4174.9002    24     4321.0000       Cuts: 4      110    3.38%
      0     0     4178.0377    26     4321.0000       Cuts: 4      122    3.31%
      0     0     4179.0391    28     4321.0000    MIRcuts: 4      130    3.29%
      0     0     4182.1836    26     4321.0000       Cuts: 3      142    3.21%
      0     0     4184.3772    29     4321.0000       Cuts: 6      150    3.16%
      0     0     4185.1676    33     4321.0000       Cuts: 5      152    3.14%
      0     0     4188.3539    31     4321.0000    MIRcuts: 2      158    3.07%
      0     0        cutoff           4321.0000                    183    0.00%
Elapsed time = 0.01 sec. (9.80 ticks, tree = 0.01 MB, solutions = 3)

Mixed integer rounding cuts applied:  9
Zero-half cuts applied:  6
Gomory fractional cuts applied:  1

Root node processing (before b&c):
  Real time             =    0.01 sec. (9.81 ticks)
Sequential b&c:
  Real time             =    0.00 sec. (0.00 ticks)
                          ------------
Total (root+branch&cut) =    0.01 sec. (9.81 ticks)

Solution pool: 3 solutions saved.

MIP - Integer optimal solution:  Objective =  4.3210000000e+03
Solution time =    0.01 sec.  Iterations = 183  Nodes = 0
Deterministic time = 9.81 ticks  (673.41 ticks/sec)


Incumbent solution written to file '/tmp/tmpQQTxfr.cplex.sol'.
