
Log started (V12.6.3.0) Fri Apr 20 20:56:35 2018

New value for default parallel thread count: 1

Problem '/tmp/tmpp96b3W.pyomo.lp' read.
Read time = 0.00 sec. (0.03 ticks)

Problem name         : /tmp/tmpp96b3W.pyomo.lp
Objective sense      : Minimize
Variables            :     107  [Nneg: 1,  Binary: 100,  General Integer: 6]
Objective nonzeros   :       1
Linear constraints   :      51  [Less: 25,  Equal: 26]
  Nonzeros           :    1811
  RHS nonzeros       :      41

Variables            : Min LB: 0.000000         Max UB: 1.000000       
Objective nonzeros   : Min   : 1.000000         Max   : 1.000000       
Linear constraints   :
  Nonzeros           : Min   : 1.000000         Max   : 1636.000       
  RHS nonzeros       : Min   : 1.000000         Max   : 2.000000       
Tried aggregator 2 times.
MIP Presolve eliminated 20 rows and 5 columns.
Aggregator did 6 substitutions.
Reduced MIP has 25 rows, 96 columns, and 271 nonzeros.
Reduced MIP has 95 binaries, 1 generals, 0 SOSs, and 0 indicators.
Presolve time = 0.00 sec. (0.73 ticks)
Found incumbent of value 20339.000000 after 0.00 sec. (0.90 ticks)
Probing time = 0.00 sec. (0.08 ticks)
Cover probing fixed 0 vars, tightened 3 bounds.
Tried aggregator 1 time.
Reduced MIP has 25 rows, 96 columns, and 271 nonzeros.
Reduced MIP has 95 binaries, 1 generals, 0 SOSs, and 0 indicators.
Presolve time = 0.00 sec. (0.19 ticks)
Probing time = 0.00 sec. (0.06 ticks)
Clique table members: 19.
MIP emphasis: balance optimality and feasibility.
MIP search method: dynamic search.
Parallel mode: none, using 1 thread.
Root relaxation solution time = 0.00 sec. (0.07 ticks)

        Nodes                                         Cuts/
   Node  Left     Objective  IInf  Best Integer    Best Bound    ItCnt     Gap

*     0+    0                        20339.0000     1636.0000            91.96%
      0     0     4067.8000     7    20339.0000     4067.8000        5   80.00%
*     0+    0                         4475.0000     4067.8000             9.10%
      0     0     4104.2704    12     4475.0000      Fract: 5       30    8.28%
*     0+    0                         4471.0000     4104.2704             8.20%
      0     0     4163.1920    17     4471.0000       Cuts: 8       62    6.88%
      0     0     4206.8359    23     4471.0000       Cuts: 7       81    5.91%
      0     0     4214.7369    25     4471.0000       Cuts: 3       88    5.73%
      0     0     4221.7114    14     4471.0000       Cuts: 4       95    5.58%
      0     0     4227.8073    16     4471.0000       Cuts: 5      101    5.44%
      0     0     4229.5447    19     4471.0000    MIRcuts: 2      106    5.40%
      0     0     4229.6838    17     4471.0000    MIRcuts: 1      107    5.40%
*     0+    0                         4339.0000     4229.6838             2.52%
      0     2     4229.6838    17     4339.0000     4231.9797      107    2.47%
Elapsed time = 0.02 sec. (10.14 ticks, tree = 0.01 MB, solutions = 4)

Cover cuts applied:  3
Flow cuts applied:  1
Mixed integer rounding cuts applied:  10
Gomory fractional cuts applied:  2

Root node processing (before b&c):
  Real time             =    0.02 sec. (10.14 ticks)
Sequential b&c:
  Real time             =    0.00 sec. (2.00 ticks)
                          ------------
Total (root+branch&cut) =    0.02 sec. (12.14 ticks)

Solution pool: 4 solutions saved.

MIP - Integer optimal solution:  Objective =  4.3390000000e+03
Solution time =    0.02 sec.  Iterations = 282  Nodes = 51
Deterministic time = 12.14 ticks  (660.21 ticks/sec)


Incumbent solution written to file '/tmp/tmpjS8Vd1.cplex.sol'.
