
Log started (V12.6.3.0) Mon Mar  5 12:35:37 2018

New value for default parallel thread count: 1

Problem '/tmp/tmp_zhDmk.pyomo.lp' read.
Read time = 0.00 sec. (0.01 ticks)

Problem name         : /tmp/tmp_zhDmk.pyomo.lp
Objective sense      : Minimize
Variables            :     206  [Nneg: 6,  Binary: 200]
Objective nonzeros   :       5
Linear constraints   :      50  [Less: 4,  Equal: 46]
  Nonzeros           :     414
  RHS nonzeros       :      41

Variables            : Min LB: 0.000000         Max UB: 1.000000       
Objective nonzeros   : Min   : 1.000000         Max   : 16.00000       
Linear constraints   :
  Nonzeros           : Min   : 1.000000         Max   : 3.350802e+07   
  RHS nonzeros       : Min   : 1.000000         Max   : 1.000000       
Found incumbent of value 9.8987852e+09 after 0.00 sec. (0.02 ticks)
Tried aggregator 2 times.
MIP Presolve eliminated 1 rows and 1 columns.
Aggregator did 2 substitutions.
Reduced MIP has 47 rows, 203 columns, and 409 nonzeros.
Reduced MIP has 200 binaries, 0 generals, 0 SOSs, and 0 indicators.
Presolve time = 0.00 sec. (0.47 ticks)
Probing fixed 0 vars, tightened 15 bounds.
Probing time = 0.00 sec. (0.44 ticks)
Tried aggregator 1 time.
Reduced MIP has 47 rows, 203 columns, and 409 nonzeros.
Reduced MIP has 200 binaries, 3 generals, 0 SOSs, and 0 indicators.
Presolve time = 0.00 sec. (0.29 ticks)
Probing time = 0.00 sec. (0.21 ticks)
Clique table members: 40.
MIP emphasis: balance optimality and feasibility.
MIP search method: dynamic search.
Parallel mode: none, using 1 thread.
Root relaxation solution time = 0.00 sec. (0.33 ticks)

        Nodes                                         Cuts/
   Node  Left     Objective  IInf  Best Integer    Best Bound    ItCnt     Gap

*     0+    0                       9.89879e+09        0.0000           100.00%
      0     0   3.83578e+09    10   9.89879e+09   3.83578e+09       44   61.25%
*     0+    0                       4.04378e+09   3.83578e+09             5.14%
      0     0   3.83578e+09    13   4.04378e+09       Cuts: 4       51    5.14%
*     0+    0                       4.04193e+09   3.83578e+09             5.10%
      0     2   3.83578e+09    10   4.04193e+09   3.83578e+09       51    5.10%
Elapsed time = 0.02 sec. (6.62 ticks, tree = 0.01 MB, solutions = 3)
*    10+   10                       4.01103e+09   3.83578e+09             4.37%
*    40+   40                       3.87032e+09   3.83578e+09             0.89%
*    80+   71                       3.85589e+09   3.83578e+09             0.52%
*   100+   87                       3.85258e+09   3.83578e+09             0.44%
*   109    92      integral     0   3.85255e+09   3.83578e+09      330    0.44%
*   150+  112                       3.84422e+09   3.83578e+09             0.22%
*   250+  168                       3.84074e+09   3.83578e+09             0.13%
*   760+  528                       3.84024e+09   3.83578e+09             0.12%
*  1169   734      integral     0   3.83890e+09   3.83578e+09     3322    0.08%
*  1388   871      integral     0   3.83878e+09   3.83578e+09     4002    0.08%
   1575   846   3.83578e+09     7   3.83878e+09   3.83578e+09     4645    0.08%
   1576   847   3.83578e+09     7   3.83878e+09   3.83578e+09     4646    0.08%
   1577   847   3.83578e+09     7   3.83878e+09   3.83578e+09     4647    0.08%
   1578   847   3.83578e+09     7   3.83878e+09   3.83578e+09     4649    0.08%
   1579   848   3.83578e+09     7   3.83878e+09   3.83578e+09     4650    0.08%
   1580   849   3.83578e+09     6   3.83878e+09   3.83578e+09     4654    0.08%
   1581   849   3.83578e+09     6   3.83878e+09   3.83578e+09     4655    0.08%
   1582   849   3.83578e+09     7   3.83878e+09   3.83578e+09     4660    0.08%
   1583   850   3.83578e+09     6   3.83878e+09   3.83578e+09     4661    0.08%
   8931  5473   3.83578e+09     8   3.83878e+09   3.83578e+09    17895    0.08%
Elapsed time = 1.45 sec. (960.30 ticks, tree = 2.07 MB, solutions = 13)
* 11428  7340      integral     0   3.83873e+09   3.83578e+09    22090    0.08%
* 12089  7598      integral     0   3.83816e+09   3.83578e+09    23193    0.06%
* 21692 12854      integral     0   3.83757e+09   3.83578e+09    39010    0.05%
  24762 14905   3.83578e+09     6   3.83757e+09   3.83578e+09    44062    0.05%
  24763 14906   3.83578e+09     6   3.83757e+09   3.83578e+09    44063    0.05%
  24764 14906   3.83578e+09     7   3.83757e+09   3.83578e+09    44066    0.05%
  24765 14907   3.83578e+09     7   3.83757e+09   3.83578e+09    44069    0.05%
  24766 14908   3.83674e+09     5   3.83757e+09   3.83578e+09    44070    0.05%
  24767 14909   3.83674e+09     5   3.83757e+09   3.83578e+09    44072    0.05%
  24768 14910   3.83674e+09     5   3.83757e+09   3.83578e+09    44073    0.05%
  24769 14911   3.83674e+09     5   3.83757e+09   3.83578e+09    44075    0.05%
  24770 14912   3.83674e+09     5   3.83757e+09   3.83578e+09    44078    0.05%
  24771 14913   3.83674e+09     6   3.83757e+09   3.83578e+09    44090    0.05%
Elapsed time = 2.69 sec. (1914.34 ticks, tree = 5.40 MB, solutions = 16)
* 36395 20200      integral     0   3.83733e+09   3.83578e+09    63659    0.04%
* 38090 19255      integral     0   3.83707e+09   3.83578e+09    66441    0.03%
  46122 24459   3.83666e+09     7   3.83707e+09   3.83578e+09    79384    0.03%
  46123 24460   3.83666e+09     8   3.83707e+09   3.83578e+09    79385    0.03%
  46124 24461   3.83666e+09     6   3.83707e+09   3.83578e+09    79386    0.03%
  46125 24462   3.83666e+09     7   3.83707e+09   3.83578e+09    79387    0.03%
  46126 24463   3.83666e+09     8   3.83707e+09   3.83578e+09    79388    0.03%
  46127 24464   3.83666e+09     6   3.83707e+09   3.83578e+09    79389    0.03%
  46128 24465   3.83666e+09     7   3.83707e+09   3.83578e+09    79390    0.03%
  46129 24466   3.83666e+09     8   3.83707e+09   3.83578e+09    79391    0.03%
  46130 24467   3.83666e+09     6   3.83707e+09   3.83578e+09    79392    0.03%
  46131 24468   3.83666e+09     7   3.83707e+09   3.83578e+09    79393    0.03%
Elapsed time = 3.87 sec. (2868.45 ticks, tree = 9.09 MB, solutions = 18)
  60922 32431   3.83578e+09     7   3.83707e+09   3.83578e+09   106186    0.03%
  60923 32430    infeasible         3.83707e+09   3.83578e+09   106186    0.03%
  60924 32431   3.83578e+09     7   3.83707e+09   3.83578e+09   106187    0.03%
  60925 32432   3.83578e+09     7   3.83707e+09   3.83578e+09   106188    0.03%
  60926 32432   3.83578e+09     8   3.83707e+09   3.83578e+09   106197    0.03%
  60927 32431    infeasible         3.83707e+09   3.83578e+09   106197    0.03%
  60928 32432   3.83578e+09     7   3.83707e+09   3.83578e+09   106198    0.03%
  60929 32433   3.83578e+09     7   3.83707e+09   3.83578e+09   106199    0.03%
  60930 32434   3.83578e+09     7   3.83707e+09   3.83578e+09   106200    0.03%
  60931 32435   3.83578e+09     8   3.83707e+09   3.83578e+09   106202    0.03%
Elapsed time = 5.09 sec. (3823.28 ticks, tree = 11.90 MB, solutions = 18)
  80140 43571   3.83604e+09     6   3.83707e+09   3.83578e+09   137347    0.03%
  80141 43572   3.83604e+09     6   3.83707e+09   3.83578e+09   137350    0.03%
  80142 43571        cutoff         3.83707e+09   3.83578e+09   137358    0.03%
  80143 43570    infeasible         3.83707e+09   3.83578e+09   137358    0.03%
  80144 43569        cutoff         3.83707e+09   3.83578e+09   137359    0.03%
  80145 43570   3.83578e+09     6   3.83707e+09   3.83578e+09   137360    0.03%
  80146 43571   3.83583e+09     4   3.83707e+09   3.83578e+09   137362    0.03%
  80147 43572   3.83583e+09     5   3.83707e+09   3.83578e+09   137363    0.03%
  80148 43573   3.83583e+09     6   3.83707e+09   3.83578e+09   137365    0.03%
  80149 43574   3.83583e+09     6   3.83707e+09   3.83578e+09   137366    0.03%
Elapsed time = 6.29 sec. (4777.58 ticks, tree = 16.66 MB, solutions = 18)
 100565 51923        cutoff         3.83707e+09   3.83578e+09   168692    0.03%
 100566 51924   3.83578e+09     6   3.83707e+09   3.83578e+09   168693    0.03%
 100567 51923        cutoff         3.83707e+09   3.83578e+09   168694    0.03%
 100568 51924   3.83578e+09     6   3.83707e+09   3.83578e+09   168695    0.03%
 100569 51923        cutoff         3.83707e+09   3.83578e+09   168697    0.03%
 100570 51923   3.83578e+09     6   3.83707e+09   3.83578e+09   168698    0.03%
 100571 51923   3.83578e+09     6   3.83707e+09   3.83578e+09   168699    0.03%
 100572 51922        cutoff         3.83707e+09   3.83578e+09   168700    0.03%
 100573 51923   3.83578e+09     6   3.83707e+09   3.83578e+09   168701    0.03%
 100574 51924   3.83578e+09     6   3.83707e+09   3.83578e+09   168703    0.03%
Elapsed time = 7.48 sec. (5731.76 ticks, tree = 19.56 MB, solutions = 18)
 115924 59456        cutoff         3.83707e+09   3.83578e+09   196816    0.03%
 115925 59457   3.83578e+09     7   3.83707e+09   3.83578e+09   196818    0.03%
 115926 59458   3.83578e+09     7   3.83707e+09   3.83578e+09   196819    0.03%
 115927 59459   3.83578e+09     7   3.83707e+09   3.83578e+09   196820    0.03%
 115928 59460   3.83578e+09     7   3.83707e+09   3.83578e+09   196828    0.03%
 115929 59459        cutoff         3.83707e+09   3.83578e+09   196833    0.03%
 115930 59458        cutoff         3.83707e+09   3.83578e+09   196837    0.03%
 115931 59459   3.83578e+09     7   3.83707e+09   3.83578e+09   196838    0.03%
 115932 59458    infeasible         3.83707e+09   3.83578e+09   196838    0.03%
 115933 59457    infeasible         3.83707e+09   3.83578e+09   196838    0.03%
Elapsed time = 8.73 sec. (6686.75 ticks, tree = 22.14 MB, solutions = 18)
*123007 54113      integral     0   3.83683e+09   3.83578e+09   213538    0.03%
 125396 55709   3.83630e+09     6   3.83683e+09   3.83578e+09   217647    0.03%
 125397 55710   3.83630e+09     6   3.83683e+09   3.83578e+09   217648    0.03%
 125398 55709    infeasible         3.83683e+09   3.83578e+09   217648    0.03%
 125399 55710   3.83630e+09     6   3.83683e+09   3.83578e+09   217649    0.03%
 125400 55711   3.83630e+09     6   3.83683e+09   3.83578e+09   217650    0.03%
 125401 55712   3.83630e+09     6   3.83683e+09   3.83578e+09   217651    0.03%
 125402 55711    infeasible         3.83683e+09   3.83578e+09   217651    0.03%
 125403 55712   3.83630e+09     6   3.83683e+09   3.83578e+09   217652    0.03%
 125404 55713   3.83630e+09     6   3.83683e+09   3.83578e+09   217653    0.03%
 125405 55714   3.83630e+09     6   3.83683e+09   3.83578e+09   217654    0.03%
Elapsed time = 10.01 sec. (7640.76 ticks, tree = 20.80 MB, solutions = 19)
 141800 61339   3.83651e+09     4   3.83683e+09   3.83578e+09   244571    0.03%
 141801 61338    infeasible         3.83683e+09   3.83578e+09   244573    0.03%
 141802 61337    infeasible         3.83683e+09   3.83578e+09   244575    0.03%
 141803 61338   3.83591e+09     6   3.83683e+09   3.83578e+09   244585    0.03%
 141804 61337    infeasible         3.83683e+09   3.83578e+09   244585    0.03%
 141805 61336    infeasible         3.83683e+09   3.83578e+09   244585    0.03%
 141806 61335    infeasible         3.83683e+09   3.83578e+09   244585    0.03%
 141807 61336   3.83591e+09     6   3.83683e+09   3.83578e+09   244594    0.03%
 141808 61335    infeasible         3.83683e+09   3.83578e+09   244594    0.03%
 141809 61334    infeasible         3.83683e+09   3.83578e+09   244594    0.03%
Elapsed time = 11.25 sec. (8595.16 ticks, tree = 22.81 MB, solutions = 19)
 156900 66462   3.83578e+09     8   3.83683e+09   3.83578e+09   274409    0.03%
 156901 66463   3.83578e+09     8   3.83683e+09   3.83578e+09   274410    0.03%
 156902 66464   3.83578e+09     8   3.83683e+09   3.83578e+09   274412    0.03%
 156903 66465   3.83578e+09     8   3.83683e+09   3.83578e+09   274413    0.03%
 156904 66464    infeasible         3.83683e+09   3.83578e+09   274413    0.03%
 156905 66463    infeasible         3.83683e+09   3.83578e+09   274413    0.03%
 156906 66464   3.83578e+09     7   3.83683e+09   3.83578e+09   274415    0.03%
 156907 66465   3.83578e+09     7   3.83683e+09   3.83578e+09   274416    0.03%
 156908 66466   3.83578e+09     7   3.83683e+09   3.83578e+09   274417    0.03%
 207792 93715   3.83602e+09     6   3.83683e+09   3.83578e+09   360564    0.03%
Elapsed time = 16.15 sec. (12409.87 ticks, tree = 35.80 MB, solutions = 19)
 256121 110166   3.83578e+09     7   3.83683e+09   3.83578e+09   443808    0.03%
 256122 110167   3.83578e+09     7   3.83683e+09   3.83578e+09   443809    0.03%
 256123 110168   3.83578e+09     7   3.83683e+09   3.83578e+09   443810    0.03%
 256124 110169   3.83578e+09     8   3.83683e+09   3.83578e+09   443812    0.03%
 256125 110170   3.83578e+09     7   3.83683e+09   3.83578e+09   443814    0.03%
 256126 110171   3.83578e+09     7   3.83683e+09   3.83578e+09   443815    0.03%
 256127 110172   3.83578e+09     7   3.83683e+09   3.83578e+09   443818    0.03%
 256128 110171        cutoff         3.83683e+09   3.83578e+09   443820    0.03%
 256129 110170        cutoff         3.83683e+09   3.83578e+09   443822    0.03%
 256130 110169        cutoff         3.83683e+09   3.83578e+09   443823    0.03%
Elapsed time = 20.96 sec. (16225.18 ticks, tree = 41.61 MB, solutions = 19)
*289621+88330                       3.83639e+09   3.83578e+09             0.02%
 311291 96789   3.83578e+09     8   3.83639e+09   3.83578e+09   543099    0.02%
 311292 96790   3.83578e+09     7   3.83639e+09   3.83578e+09   543100    0.02%
 311293 96791   3.83578e+09     7   3.83639e+09   3.83578e+09   543101    0.02%
 311294 96792   3.83578e+09     8   3.83639e+09   3.83578e+09   543103    0.02%
 311295 96793   3.83578e+09     8   3.83639e+09   3.83578e+09   543104    0.02%
 311296 96794   3.83578e+09     8   3.83639e+09   3.83578e+09   543106    0.02%
 311297 96795   3.83578e+09     8   3.83639e+09   3.83578e+09   543107    0.02%
 311298 96794    infeasible         3.83639e+09   3.83578e+09   543107    0.02%
 311299 96795   3.83578e+09     8   3.83639e+09   3.83578e+09   543108    0.02%
 311300 96796   3.83589e+09     6   3.83639e+09   3.83578e+09   543110    0.02%
Elapsed time = 25.87 sec. (20040.40 ticks, tree = 36.75 MB, solutions = 20)
 370678 122712        cutoff         3.83639e+09   3.83578e+09   631314    0.02%
 370679 122711        cutoff         3.83639e+09   3.83578e+09   631315    0.02%
 370680 122710        cutoff         3.83639e+09   3.83578e+09   631316    0.02%
 370681 122711   3.83578e+09     6   3.83639e+09   3.83578e+09   631317    0.02%
 370682 122712   3.83578e+09     6   3.83639e+09   3.83578e+09   631318    0.02%
 370683 122713   3.83578e+09     6   3.83639e+09   3.83578e+09   631319    0.02%
 370684 122714   3.83578e+09     6   3.83639e+09   3.83578e+09   631320    0.02%
 370685 122715   3.83578e+09     6   3.83639e+09   3.83578e+09   631323    0.02%
 370686 122716   3.83578e+09     6   3.83639e+09   3.83578e+09   631324    0.02%
 370687 122717   3.83594e+09     4   3.83639e+09   3.83578e+09   631327    0.02%
Elapsed time = 30.52 sec. (23855.72 ticks, tree = 45.63 MB, solutions = 20)
 427762 144920    infeasible         3.83639e+09   3.83578e+09   718121    0.02%
 427763 144919    infeasible         3.83639e+09   3.83578e+09   718121    0.02%
 427764 144920   3.83578e+09     6   3.83639e+09   3.83578e+09   718124    0.02%
 427765 144921   3.83628e+09     7   3.83639e+09   3.83578e+09   718127    0.02%
 427766 144920    infeasible         3.83639e+09   3.83578e+09   718127    0.02%
 427767 144919    infeasible         3.83639e+09   3.83578e+09   718127    0.02%
 427768 144920   3.83578e+09     6   3.83639e+09   3.83578e+09   718129    0.02%
 427769 144921   3.83578e+09     6   3.83639e+09   3.83578e+09   718130    0.02%
 427770 144920    infeasible         3.83639e+09   3.83578e+09   718130    0.02%
 427771 144921   3.83578e+09     8   3.83639e+09   3.83578e+09   718135    0.02%
Elapsed time = 35.43 sec. (27670.99 ticks, tree = 54.93 MB, solutions = 20)
 506433 200767   3.83630e+09     5   3.83639e+09   3.83578e+09   822553    0.02%
 506434 200768   3.83630e+09     5   3.83639e+09   3.83578e+09   822554    0.02%
 506435 200769   3.83630e+09     5   3.83639e+09   3.83578e+09   822557    0.02%
 506436 200770   3.83630e+09     6   3.83639e+09   3.83578e+09   822558    0.02%
 506437 200771   3.83630e+09     6   3.83639e+09   3.83578e+09   822559    0.02%
 506438 200772   3.83630e+09     6   3.83639e+09   3.83578e+09   822560    0.02%
 506439 200773   3.83630e+09     6   3.83639e+09   3.83578e+09   822561    0.02%
 506440 200774   3.83630e+09     6   3.83639e+09   3.83578e+09   822562    0.02%
 506441 200775   3.83630e+09     6   3.83639e+09   3.83578e+09   822564    0.02%
 506442 200776   3.83630e+09     6   3.83639e+09   3.83578e+09   822565    0.02%
Elapsed time = 40.39 sec. (31486.17 ticks, tree = 76.40 MB, solutions = 20)
 584548 247832        cutoff         3.83639e+09   3.83578e+09   927580    0.02%
 584549 247831        cutoff         3.83639e+09   3.83578e+09   927586    0.02%
 584550 247832   3.83578e+09     7   3.83639e+09   3.83578e+09   927590    0.02%
 584551 247833   3.83578e+09     7   3.83639e+09   3.83578e+09   927591    0.02%
 584552 247834   3.83578e+09     7   3.83639e+09   3.83578e+09   927592    0.02%
 584553 247835   3.83578e+09     7   3.83639e+09   3.83578e+09   927593    0.02%
 584554 247836   3.83578e+09     7   3.83639e+09   3.83578e+09   927594    0.02%
 584555 247837   3.83578e+09     7   3.83639e+09   3.83578e+09   927595    0.02%
 584556 247836        cutoff         3.83639e+09   3.83578e+09   927599    0.02%
 584557 247837   3.83578e+09     7   3.83639e+09   3.83578e+09   927600    0.02%
Elapsed time = 47.07 sec. (35301.58 ticks, tree = 94.62 MB, solutions = 20)
 666325 307918   3.83608e+09     8   3.83639e+09   3.83578e+09  1030168    0.02%
 666326 307919   3.83608e+09     6   3.83639e+09   3.83578e+09  1030169    0.02%
 666327 307920   3.83608e+09     6   3.83639e+09   3.83578e+09  1030170    0.02%
 666328 307921   3.83608e+09     6   3.83639e+09   3.83578e+09  1030175    0.02%
 666329 307922   3.83608e+09     5   3.83639e+09   3.83578e+09  1030176    0.02%
 666330 307923   3.83608e+09     5   3.83639e+09   3.83578e+09  1030177    0.02%
 666331 307924   3.83608e+09     6   3.83639e+09   3.83578e+09  1030179    0.02%
 666332 307925   3.83608e+09     6   3.83639e+09   3.83578e+09  1030181    0.02%
 666333 307924        cutoff         3.83639e+09   3.83578e+09  1030185    0.02%
 666334 307925   3.83608e+09     6   3.83639e+09   3.83578e+09  1030187    0.02%
Elapsed time = 53.37 sec. (39117.29 ticks, tree = 117.02 MB, solutions = 20)
 746356 361396   3.83578e+09     7   3.83639e+09   3.83578e+09  1131676    0.02%
 746357 361397   3.83578e+09     8   3.83639e+09   3.83578e+09  1131677    0.02%
 746358 361398   3.83578e+09     8   3.83639e+09   3.83578e+09  1131678    0.02%
 746359 361397    infeasible         3.83639e+09   3.83578e+09  1131678    0.02%
 746360 361398   3.83578e+09     8   3.83639e+09   3.83578e+09  1131679    0.02%
 746361 361399   3.83578e+09     8   3.83639e+09   3.83578e+09  1131682    0.02%
 746362 361400   3.83578e+09     8   3.83639e+09   3.83578e+09  1131699    0.02%
 746363 361401   3.83578e+09     8   3.83639e+09   3.83578e+09  1131700    0.02%
 746364 361402   3.83578e+09     8   3.83639e+09   3.83578e+09  1131702    0.02%
 746365 361403   3.83578e+09     8   3.83639e+09   3.83578e+09  1131703    0.02%
Elapsed time = 58.57 sec. (42932.61 ticks, tree = 137.93 MB, solutions = 20)
 814600 403563   3.83631e+09     6   3.83639e+09   3.83578e+09  1225155    0.02%
 814601 403564   3.83631e+09     7   3.83639e+09   3.83578e+09  1225156    0.02%
 814602 403565   3.83631e+09     6   3.83639e+09   3.83578e+09  1225157    0.02%
 814603 403566   3.83631e+09     7   3.83639e+09   3.83578e+09  1225158    0.02%
 814604 403567   3.83631e+09     6   3.83639e+09   3.83578e+09  1225159    0.02%
 814605 403568   3.83631e+09     7   3.83639e+09   3.83578e+09  1225160    0.02%
 814606 403569   3.83631e+09     6   3.83639e+09   3.83578e+09  1225161    0.02%
 814607 403570   3.83631e+09     7   3.83639e+09   3.83578e+09  1225162    0.02%
 814608 403571   3.83631e+09     6   3.83639e+09   3.83578e+09  1225163    0.02%
 814609 403572   3.83631e+09     7   3.83639e+09   3.83578e+09  1225164    0.02%
Elapsed time = 63.54 sec. (46747.63 ticks, tree = 155.11 MB, solutions = 20)
 892429 464492   3.83591e+09     8   3.83639e+09   3.83578e+09  1318270    0.02%
 892430 464493   3.83591e+09     9   3.83639e+09   3.83578e+09  1318271    0.02%
 892431 464494   3.83591e+09     8   3.83639e+09   3.83578e+09  1318272    0.02%
 892432 464495   3.83591e+09     7   3.83639e+09   3.83578e+09  1318273    0.02%
 892433 464496   3.83591e+09     8   3.83639e+09   3.83578e+09  1318285    0.02%
 892434 464495    infeasible         3.83639e+09   3.83578e+09  1318286    0.02%
 892435 464494    infeasible         3.83639e+09   3.83578e+09  1318286    0.02%
 892436 464493        cutoff         3.83639e+09   3.83578e+09  1318287    0.02%
 892437 464492        cutoff         3.83639e+09   3.83578e+09  1318288    0.02%
 892438 464493   3.83578e+09     6   3.83639e+09   3.83578e+09  1318289    0.02%
Elapsed time = 70.89 sec. (50563.61 ticks, tree = 176.77 MB, solutions = 20)
 949557 492085        cutoff         3.83639e+09   3.83578e+09  1404051    0.02%
 949558 492084        cutoff         3.83639e+09   3.83578e+09  1404052    0.02%
 949559 492085   3.83625e+09     5   3.83639e+09   3.83578e+09  1404057    0.02%
 949560 492086   3.83625e+09     6   3.83639e+09   3.83578e+09  1404058    0.02%
 949561 492085    infeasible         3.83639e+09   3.83578e+09  1404058    0.02%
 949562 492084    infeasible         3.83639e+09   3.83578e+09  1404058    0.02%
 949563 492085   3.83578e+09     7   3.83639e+09   3.83578e+09  1404060    0.02%
 949564 492086   3.83578e+09     7   3.83639e+09   3.83578e+09  1404061    0.02%
 949565 492087   3.83578e+09     7   3.83639e+09   3.83578e+09  1404062    0.02%
 949566 492088   3.83578e+09     7   3.83639e+09   3.83578e+09  1404063    0.02%
Elapsed time = 78.32 sec. (54379.13 ticks, tree = 189.82 MB, solutions = 20)
 1006080 522189   3.83631e+09     7   3.83639e+09   3.83578e+09  1490181    0.02%
 1006081 522190   3.83631e+09     8   3.83639e+09   3.83578e+09  1490182    0.02%
 1006082 522191   3.83631e+09     7   3.83639e+09   3.83578e+09  1490183    0.02%
 1006083 522192   3.83631e+09     8   3.83639e+09   3.83578e+09  1490184    0.02%
 1006084 522193   3.83631e+09     7   3.83639e+09   3.83578e+09  1490185    0.02%
 1006085 522194   3.83631e+09     8   3.83639e+09   3.83578e+09  1490186    0.02%
 1006086 522195   3.83631e+09     7   3.83639e+09   3.83578e+09  1490187    0.02%
 1006087 522196   3.83631e+09     8   3.83639e+09   3.83578e+09  1490188    0.02%
 1006088 522197   3.83631e+09     7   3.83639e+09   3.83578e+09  1490189    0.02%
 1006089 522198   3.83631e+09     8   3.83639e+09   3.83578e+09  1490190    0.02%
Elapsed time = 85.80 sec. (58194.15 ticks, tree = 200.50 MB, solutions = 20)
 1080526 568555   3.83620e+09     6   3.83639e+09   3.83578e+09  1596334    0.02%
 1080527 568556   3.83620e+09     6   3.83639e+09   3.83578e+09  1596335    0.02%
 1080528 568557   3.83620e+09     6   3.83639e+09   3.83578e+09  1596339    0.02%
 1080529 568558   3.83620e+09     6   3.83639e+09   3.83578e+09  1596344    0.02%
 1080530 568559   3.83620e+09     6   3.83639e+09   3.83578e+09  1596345    0.02%
 1080531 568560   3.83620e+09     6   3.83639e+09   3.83578e+09  1596346    0.02%
 1080532 568559    infeasible         3.83639e+09   3.83578e+09  1596346    0.02%
 1080533 568558    infeasible         3.83639e+09   3.83578e+09  1596346    0.02%
 1080534 568558   3.83578e+09     6   3.83639e+09   3.83578e+09  1596347    0.02%
 1080535 568557        cutoff         3.83639e+09   3.83578e+09  1596348    0.02%
Elapsed time = 93.34 sec. (62009.43 ticks, tree = 220.35 MB, solutions = 20)
 1149384 598537   3.83578e+09     6   3.83639e+09   3.83578e+09  1708018    0.02%
 1149385 598536        cutoff         3.83639e+09   3.83578e+09  1708019    0.02%
 1149386 598536   3.83578e+09     6   3.83639e+09   3.83578e+09  1708020    0.02%
 1149387 598535        cutoff         3.83639e+09   3.83578e+09  1708021    0.02%
 1149388 598535   3.83578e+09     6   3.83639e+09   3.83578e+09  1708022    0.02%
 1149389 598535   3.83578e+09     6   3.83639e+09   3.83578e+09  1708023    0.02%
 1149390 598535   3.83578e+09     6   3.83639e+09   3.83578e+09  1708024    0.02%
 1149391 598535   3.83578e+09     6   3.83639e+09   3.83578e+09  1708025    0.02%
 1149392 598534        cutoff         3.83639e+09   3.83578e+09  1708026    0.02%
 1149393 598534   3.83578e+09     6   3.83639e+09   3.83578e+09  1708027    0.02%
Elapsed time = 101.09 sec. (65824.45 ticks, tree = 230.53 MB, solutions = 20)
 1220941 632043   3.83609e+09     6   3.83639e+09   3.83578e+09  1817492    0.02%
 1220942 632044   3.83609e+09     6   3.83639e+09   3.83578e+09  1817494    0.02%
 1220943 632045   3.83609e+09     6   3.83639e+09   3.83578e+09  1817495    0.02%
 1220944 632046   3.83609e+09     6   3.83639e+09   3.83578e+09  1817497    0.02%
 1220945 632047   3.83609e+09     6   3.83639e+09   3.83578e+09  1817500    0.02%
 1220946 632048   3.83609e+09     6   3.83639e+09   3.83578e+09  1817501    0.02%
 1220947 632049   3.83609e+09     6   3.83639e+09   3.83578e+09  1817502    0.02%
 1220948 632050   3.83609e+09     6   3.83639e+09   3.83578e+09  1817503    0.02%
 1220949 632051   3.83609e+09     6   3.83639e+09   3.83578e+09  1817504    0.02%
 1220950 632050    infeasible         3.83639e+09   3.83578e+09  1817504    0.02%
Elapsed time = 108.55 sec. (69639.59 ticks, tree = 241.85 MB, solutions = 20)
 1288609 669824   3.83578e+09     8   3.83639e+09   3.83578e+09  1922075    0.02%
 1288610 669823        cutoff         3.83639e+09   3.83578e+09  1922076    0.02%
 1288611 669824   3.83578e+09     7   3.83639e+09   3.83578e+09  1922079    0.02%
 1288612 669824   3.83578e+09     8   3.83639e+09   3.83578e+09  1922080    0.02%
 1288613 669824   3.83578e+09     8   3.83639e+09   3.83578e+09  1922082    0.02%
 1288614 669825   3.83578e+09     8   3.83639e+09   3.83578e+09  1922084    0.02%
 1288615 669825   3.83578e+09     8   3.83639e+09   3.83578e+09  1922085    0.02%
 1288616 669824        cutoff         3.83639e+09   3.83578e+09  1922086    0.02%
 1288617 669823        cutoff         3.83639e+09   3.83578e+09  1922089    0.02%
 1288618 669824   3.83578e+09     7   3.83639e+09   3.83578e+09  1922090    0.02%
Elapsed time = 116.04 sec. (73454.97 ticks, tree = 254.59 MB, solutions = 20)
 1338711 686175   3.83578e+09     7   3.83639e+09   3.83578e+09  2009901    0.02%
 1338712 686176   3.83578e+09     7   3.83639e+09   3.83578e+09  2009902    0.02%
 1338713 686177   3.83578e+09     7   3.83639e+09   3.83578e+09  2009903    0.02%
 1338714 686176    infeasible         3.83639e+09   3.83578e+09  2009903    0.02%
 1338715 686177   3.83578e+09     7   3.83639e+09   3.83578e+09  2009904    0.02%
 1338716 686178   3.83578e+09     8   3.83639e+09   3.83578e+09  2009906    0.02%
 1338717 686179   3.83578e+09     8   3.83639e+09   3.83578e+09  2009909    0.02%
 1338718 686178        cutoff         3.83639e+09   3.83578e+09  2009921    0.02%
 1338719 686177    infeasible         3.83639e+09   3.83578e+09  2009921    0.02%
 1338720 686178   3.83578e+09     7   3.83639e+09   3.83578e+09  2009922    0.02%
Elapsed time = 123.52 sec. (77270.32 ticks, tree = 265.17 MB, solutions = 20)
 1414971 736413   3.83635e+09     6   3.83639e+09   3.83578e+09  2116052    0.02%
 1414972 736412    infeasible         3.83639e+09   3.83578e+09  2116053    0.02%
 1414973 736411    infeasible         3.83639e+09   3.83578e+09  2116055    0.02%
 1414974 736410        cutoff         3.83639e+09   3.83578e+09  2116056    0.02%
 1414975 736411   3.83578e+09     6   3.83639e+09   3.83578e+09  2116057    0.02%
 1414976 736410        cutoff         3.83639e+09   3.83578e+09  2116058    0.02%
 1414977 736409        cutoff         3.83639e+09   3.83578e+09  2116060    0.02%
 1414978 736410   3.83578e+09     6   3.83639e+09   3.83578e+09  2116061    0.02%
 1414979 736409        cutoff         3.83639e+09   3.83578e+09  2116062    0.02%
 1414980 736410   3.83635e+09     7   3.83639e+09   3.83578e+09  2116065    0.02%
Elapsed time = 131.08 sec. (81085.79 ticks, tree = 282.88 MB, solutions = 20)
 1469198 759103   3.83578e+09     8   3.83639e+09   3.83578e+09  2210331    0.02%
 1469199 759104   3.83578e+09     8   3.83639e+09   3.83578e+09  2210332    0.02%
 1469200 759104   3.83578e+09     8   3.83639e+09   3.83578e+09  2210333    0.02%
 1469201 759104   3.83578e+09     8   3.83639e+09   3.83578e+09  2210334    0.02%
 1469202 759104   3.83578e+09     8   3.83639e+09   3.83578e+09  2210335    0.02%
 1469203 759104   3.83578e+09     8   3.83639e+09   3.83578e+09  2210336    0.02%
 1469204 759104   3.83578e+09     8   3.83639e+09   3.83578e+09  2210337    0.02%
 1469205 759103        cutoff         3.83639e+09   3.83578e+09  2210339    0.02%
 1469206 759104   3.83578e+09     7   3.83639e+09   3.83578e+09  2210341    0.02%
 1469207 759105   3.83578e+09     7   3.83639e+09   3.83578e+09  2210342    0.02%
Elapsed time = 138.71 sec. (84900.90 ticks, tree = 290.91 MB, solutions = 20)
 1522014 770132   3.83578e+09     8   3.83639e+09   3.83578e+09  2315473    0.02%
 1522015 770133   3.83578e+09     8   3.83639e+09   3.83578e+09  2315475    0.02%
 1522016 770134   3.83578e+09     8   3.83639e+09   3.83578e+09  2315477    0.02%
 1522017 770135   3.83578e+09     8   3.83639e+09   3.83578e+09  2315478    0.02%
 1522018 770136   3.83578e+09     8   3.83639e+09   3.83578e+09  2315480    0.02%
 1522019 770136   3.83578e+09     8   3.83639e+09   3.83578e+09  2315481    0.02%
 1522020 770135        cutoff         3.83639e+09   3.83578e+09  2315489    0.02%
 1522021 770135   3.83578e+09     7   3.83639e+09   3.83578e+09  2315491    0.02%
 1522022 770136   3.83578e+09     7   3.83639e+09   3.83578e+09  2315493    0.02%
 1522023 770135    infeasible         3.83639e+09   3.83578e+09  2315493    0.02%
Elapsed time = 146.48 sec. (88716.10 ticks, tree = 294.86 MB, solutions = 20)
 1585270 785807   3.83578e+09     7   3.83639e+09   3.83578e+09  2428511    0.02%
 1585271 785806        cutoff         3.83639e+09   3.83578e+09  2428513    0.02%
 1585272 785807   3.83578e+09     7   3.83639e+09   3.83578e+09  2428514    0.02%
 1585273 785806        cutoff         3.83639e+09   3.83578e+09  2428516    0.02%
 1585274 785805    infeasible         3.83639e+09   3.83578e+09  2428516    0.02%
 1585275 785805   3.83578e+09     7   3.83639e+09   3.83578e+09  2428518    0.02%
 1585276 785804    infeasible         3.83639e+09   3.83578e+09  2428518    0.02%
 1585277 785803    infeasible         3.83639e+09   3.83578e+09  2428518    0.02%
 1585278 785804   3.83578e+09     7   3.83639e+09   3.83578e+09  2428522    0.02%
 1585279 785803    infeasible         3.83639e+09   3.83578e+09  2428522    0.02%
Elapsed time = 154.23 sec. (92531.18 ticks, tree = 300.39 MB, solutions = 20)
 1661452 807788   3.83592e+09     6   3.83639e+09   3.83578e+09  2545694    0.02%
 1661453 807789   3.83592e+09     5   3.83639e+09   3.83578e+09  2545695    0.02%
 1661454 807790   3.83592e+09     6   3.83639e+09   3.83578e+09  2545696    0.02%
 1661455 807791   3.83592e+09     6   3.83639e+09   3.83578e+09  2545697    0.02%
 1661456 807792   3.83592e+09     6   3.83639e+09   3.83578e+09  2545698    0.02%
 1661457 807793   3.83592e+09     6   3.83639e+09   3.83578e+09  2545699    0.02%
 1661458 807794   3.83592e+09     6   3.83639e+09   3.83578e+09  2545701    0.02%
 1661459 807795   3.83592e+09     6   3.83639e+09   3.83578e+09  2545703    0.02%
 1661460 807796   3.83592e+09     6   3.83639e+09   3.83578e+09  2545704    0.02%
 1661461 807797   3.83592e+09     6   3.83639e+09   3.83578e+09  2545707    0.02%
Elapsed time = 161.94 sec. (96346.23 ticks, tree = 308.18 MB, solutions = 20)
 1737079 829867   3.83578e+09     7   3.83639e+09   3.83578e+09  2654989    0.02%
 1737080 829867   3.83578e+09     7   3.83639e+09   3.83578e+09  2654990    0.02%
 1737081 829867   3.83578e+09     7   3.83639e+09   3.83578e+09  2654991    0.02%
 1737082 829866        cutoff         3.83639e+09   3.83578e+09  2654992    0.02%
 1737083 829866   3.83578e+09     7   3.83639e+09   3.83578e+09  2654993    0.02%
 1737084 829866   3.83578e+09     8   3.83639e+09   3.83578e+09  2654996    0.02%
 1737085 829865        cutoff         3.83639e+09   3.83578e+09  2654997    0.02%
 1737086 829865   3.83578e+09     7   3.83639e+09   3.83578e+09  2654998    0.02%
 1737087 829865   3.83578e+09     7   3.83639e+09   3.83578e+09  2654999    0.02%
 1737088 829864        cutoff         3.83639e+09   3.83578e+09  2655001    0.02%
Elapsed time = 169.66 sec. (100161.38 ticks, tree = 321.67 MB, solutions = 20)
 1814539 850752   3.83609e+09     6   3.83639e+09   3.83578e+09  2769289    0.02%
 1814540 850753   3.83609e+09     6   3.83639e+09   3.83578e+09  2769292    0.02%
 1814541 850754   3.83609e+09     6   3.83639e+09   3.83578e+09  2769293    0.02%
 1814542 850755   3.83609e+09     5   3.83639e+09   3.83578e+09  2769295    0.02%
 1814543 850756   3.83609e+09     6   3.83639e+09   3.83578e+09  2769296    0.02%
 1814544 850757   3.83609e+09     5   3.83639e+09   3.83578e+09  2769297    0.02%
 1814545 850758   3.83609e+09     6   3.83639e+09   3.83578e+09  2769301    0.02%
 1814546 850759   3.83609e+09     6   3.83639e+09   3.83578e+09  2769302    0.02%
 1814547 850760   3.83609e+09     6   3.83639e+09   3.83578e+09  2769303    0.02%
 1814548 850761   3.83609e+09     6   3.83639e+09   3.83578e+09  2769304    0.02%
Elapsed time = 177.32 sec. (103976.40 ticks, tree = 329.13 MB, solutions = 20)
 1891925 876439   3.83578e+09     7   3.83639e+09   3.83578e+09  2886452    0.02%
 1891926 876438        cutoff         3.83639e+09   3.83578e+09  2886453    0.02%
 1891927 876439   3.83578e+09     7   3.83639e+09   3.83578e+09  2886454    0.02%
 1891928 876440   3.83578e+09     7   3.83639e+09   3.83578e+09  2886455    0.02%
 1891929 876441   3.83578e+09     7   3.83639e+09   3.83578e+09  2886458    0.02%
 1891930 876440        cutoff         3.83639e+09   3.83578e+09  2886459    0.02%
 1891931 876441   3.83578e+09     7   3.83639e+09   3.83578e+09  2886460    0.02%
 1891932 876440        cutoff         3.83639e+09   3.83578e+09  2886461    0.02%
 1891933 876440   3.83578e+09     7   3.83639e+09   3.83578e+09  2886462    0.02%
 1891934 876439        cutoff         3.83639e+09   3.83578e+09  2886464    0.02%
Elapsed time = 185.01 sec. (107791.62 ticks, tree = 338.19 MB, solutions = 20)
 1968449 899408   3.83578e+09     7   3.83639e+09   3.83578e+09  2999910    0.02%
 1968450 899409   3.83578e+09     7   3.83639e+09   3.83578e+09  2999913    0.02%
 1968451 899410   3.83578e+09     7   3.83639e+09   3.83578e+09  2999914    0.02%
 1968452 899409        cutoff         3.83639e+09   3.83578e+09  2999916    0.02%
 1968453 899409   3.83578e+09     7   3.83639e+09   3.83578e+09  2999917    0.02%
 1968454 899408        cutoff         3.83639e+09   3.83578e+09  2999919    0.02%
 1968455 899408   3.83578e+09     7   3.83639e+09   3.83578e+09  2999920    0.02%
 1968456 899408   3.83578e+09     7   3.83639e+09   3.83578e+09  2999921    0.02%
 1968457 899408   3.83578e+09     7   3.83639e+09   3.83578e+09  2999922    0.02%
 1968458 899407        cutoff         3.83639e+09   3.83578e+09  2999924    0.02%
Elapsed time = 192.73 sec. (111606.72 ticks, tree = 346.32 MB, solutions = 20)
 2051335 921129   3.83578e+09     7   3.83639e+09   3.83578e+09  3111510    0.02%
 2051336 921128        cutoff         3.83639e+09   3.83578e+09  3111511    0.02%
 2051337 921129   3.83578e+09     7   3.83639e+09   3.83578e+09  3111512    0.02%
 2051338 921129   3.83578e+09     7   3.83639e+09   3.83578e+09  3111513    0.02%
 2051339 921130   3.83638e+09     5   3.83639e+09   3.83578e+09  3111514    0.02%
 2051340 921131   3.83638e+09     5   3.83639e+09   3.83578e+09  3111517    0.02%
 2051341 921132   3.83638e+09     5   3.83639e+09   3.83578e+09  3111518    0.02%
 2051342 921133   3.83638e+09     6   3.83639e+09   3.83578e+09  3111519    0.02%
 2051343 921134   3.83638e+09     6   3.83639e+09   3.83578e+09  3111524    0.02%
 2051344 921135   3.83638e+09     6   3.83639e+09   3.83578e+09  3111527    0.02%
Elapsed time = 200.40 sec. (115421.78 ticks, tree = 354.00 MB, solutions = 20)
 2132157 943097   3.83578e+09     7   3.83639e+09   3.83578e+09  3224738    0.02%
 2132158 943096        cutoff         3.83639e+09   3.83578e+09  3224740    0.02%
 2132159 943096   3.83578e+09     7   3.83639e+09   3.83578e+09  3224741    0.02%
 2132160 943095        cutoff         3.83639e+09   3.83578e+09  3224742    0.02%
 2132161 943096   3.83578e+09     7   3.83639e+09   3.83578e+09  3224743    0.02%
 2132162 943095        cutoff         3.83639e+09   3.83578e+09  3224744    0.02%
 2132163 943096   3.83578e+09     7   3.83639e+09   3.83578e+09  3224745    0.02%
 2132164 943095        cutoff         3.83639e+09   3.83578e+09  3224747    0.02%
 2132165 943095   3.83578e+09     7   3.83639e+09   3.83578e+09  3224748    0.02%
 2132166 943095   3.83578e+09     7   3.83639e+09   3.83578e+09  3224749    0.02%
Elapsed time = 208.10 sec. (119236.83 ticks, tree = 361.75 MB, solutions = 20)
*2135563 527844      integral     0   3.83617e+09   3.83578e+09  3229548    0.01%
 2198880 552356   3.83578e+09     6   3.83617e+09   3.83578e+09  3328602    0.01%
 2198881 552355        cutoff         3.83617e+09   3.83578e+09  3328603    0.01%
 2198882 552356   3.83578e+09     6   3.83617e+09   3.83578e+09  3328604    0.01%
 2198883 552355        cutoff         3.83617e+09   3.83578e+09  3328605    0.01%
 2198884 552356   3.83578e+09     6   3.83617e+09   3.83578e+09  3328606    0.01%
 2198885 552355        cutoff         3.83617e+09   3.83578e+09  3328608    0.01%
 2198886 552354        cutoff         3.83617e+09   3.83578e+09  3328609    0.01%
 2198887 552355   3.83578e+09     6   3.83617e+09   3.83578e+09  3328610    0.01%
 2198888 552356   3.83578e+09     6   3.83617e+09   3.83578e+09  3328611    0.01%
 2198889 552357   3.83578e+09     6   3.83617e+09   3.83578e+09  3328612    0.01%
Elapsed time = 216.03 sec. (123052.19 ticks, tree = 223.62 MB, solutions = 21)
 2264108 576297   3.83578e+09     7   3.83617e+09   3.83578e+09  3436278    0.01%
 2264109 576298   3.83578e+09     7   3.83617e+09   3.83578e+09  3436280    0.01%
 2264110 576298   3.83578e+09     7   3.83617e+09   3.83578e+09  3436281    0.01%
 2264111 576298   3.83578e+09     7   3.83617e+09   3.83578e+09  3436282    0.01%
 2264112 576297        cutoff         3.83617e+09   3.83578e+09  3436283    0.01%
 2264113 576296        cutoff         3.83617e+09   3.83578e+09  3436284    0.01%
 2264114 576295        cutoff         3.83617e+09   3.83578e+09  3436286    0.01%
 2264115 576295   3.83578e+09     7   3.83617e+09   3.83578e+09  3436287    0.01%
 2264116 576294        cutoff         3.83617e+09   3.83578e+09  3436290    0.01%
 2264117 576295   3.83578e+09     7   3.83617e+09   3.83578e+09  3436291    0.01%
Elapsed time = 223.86 sec. (126867.48 ticks, tree = 231.44 MB, solutions = 21)
 2336643 599362   3.83578e+09     6   3.83617e+09   3.83578e+09  3549452    0.01%
 2336644 599362   3.83578e+09     6   3.83617e+09   3.83578e+09  3549453    0.01%
 2336645 599362   3.83578e+09     6   3.83617e+09   3.83578e+09  3549454    0.01%
 2336646 599361        cutoff         3.83617e+09   3.83578e+09  3549456    0.01%
 2336647 599361   3.83578e+09     6   3.83617e+09   3.83578e+09  3549457    0.01%
 2336648 599360        cutoff         3.83617e+09   3.83578e+09  3549458    0.01%
 2336649 599360   3.83578e+09     6   3.83617e+09   3.83578e+09  3549459    0.01%
 2336650 599359        cutoff         3.83617e+09   3.83578e+09  3549460    0.01%
 2336651 599360   3.83578e+09     6   3.83617e+09   3.83578e+09  3549461    0.01%
 2336652 599361   3.83578e+09     6   3.83617e+09   3.83578e+09  3549462    0.01%
Elapsed time = 231.66 sec. (130682.81 ticks, tree = 239.23 MB, solutions = 21)
 2416165 629387   3.83578e+09     8   3.83617e+09   3.83578e+09  3667498    0.01%
 2416166 629388   3.83578e+09     8   3.83617e+09   3.83578e+09  3667500    0.01%
 2416167 629389   3.83578e+09     8   3.83617e+09   3.83578e+09  3667501    0.01%
 2416168 629390   3.83578e+09     7   3.83617e+09   3.83578e+09  3667502    0.01%
 2416169 629391   3.83578e+09     8   3.83617e+09   3.83578e+09  3667503    0.01%
 2416170 629392   3.83578e+09     8   3.83617e+09   3.83578e+09  3667505    0.01%
 2416171 629393   3.83578e+09     8   3.83617e+09   3.83578e+09  3667507    0.01%
 2416172 629394   3.83578e+09     8   3.83617e+09   3.83578e+09  3667508    0.01%
 2416173 629395   3.83578e+09     8   3.83617e+09   3.83578e+09  3667509    0.01%
 2416174 629396   3.83578e+09     8   3.83617e+09   3.83578e+09  3667510    0.01%
Elapsed time = 239.37 sec. (134498.23 ticks, tree = 249.48 MB, solutions = 21)
 2495115 654811   3.83607e+09     4   3.83617e+09   3.83578e+09  3782175    0.01%
 2495116 654812   3.83607e+09     4   3.83617e+09   3.83578e+09  3782178    0.01%
 2495117 654811    infeasible         3.83617e+09   3.83578e+09  3782178    0.01%
 2495118 654812   3.83607e+09     4   3.83617e+09   3.83578e+09  3782179    0.01%
 2495119 654811    infeasible         3.83617e+09   3.83578e+09  3782179    0.01%
 2495120 654812   3.83607e+09     4   3.83617e+09   3.83578e+09  3782183    0.01%
 2495121 654811    infeasible         3.83617e+09   3.83578e+09  3782183    0.01%
 2495122 654810    infeasible         3.83617e+09   3.83578e+09  3782183    0.01%
 2495123 654811   3.83578e+09     6   3.83617e+09   3.83578e+09  3782186    0.01%
 2495124 654812   3.83578e+09     6   3.83617e+09   3.83578e+09  3782188    0.01%
Elapsed time = 247.07 sec. (138313.47 ticks, tree = 258.11 MB, solutions = 21)
 2533325 656759   3.83578e+09     6   3.83617e+09   3.83578e+09  3853807    0.01%
 2533326 656758    infeasible         3.83617e+09   3.83578e+09  3853807    0.01%
 2533327 656759   3.83578e+09     6   3.83617e+09   3.83578e+09  3853808    0.01%
 2533328 656760   3.83578e+09     6   3.83617e+09   3.83578e+09  3853809    0.01%
 2533329 656761   3.83578e+09     6   3.83617e+09   3.83578e+09  3853810    0.01%
 2533330 656760    infeasible         3.83617e+09   3.83578e+09  3853810    0.01%
 2533331 656761   3.83578e+09     6   3.83617e+09   3.83578e+09  3853812    0.01%
 2533332 656762   3.83578e+09     6   3.83617e+09   3.83578e+09  3853815    0.01%
 2533333 656761    infeasible         3.83617e+09   3.83578e+09  3853815    0.01%
 2533334 656760    infeasible         3.83617e+09   3.83578e+09  3853815    0.01%
Elapsed time = 254.28 sec. (142128.98 ticks, tree = 258.78 MB, solutions = 21)
 2570304 656992   3.83578e+09     6   3.83617e+09   3.83578e+09  3941967    0.01%
 2570305 656992   3.83578e+09     6   3.83617e+09   3.83578e+09  3941969    0.01%
 2570306 656991        cutoff         3.83617e+09   3.83578e+09  3941976    0.01%
 2570307 656992   3.83578e+09     6   3.83617e+09   3.83578e+09  3941990    0.01%
 2570308 656991    infeasible         3.83617e+09   3.83578e+09  3941990    0.01%
 2570309 656990        cutoff         3.83617e+09   3.83578e+09  3941994    0.01%
 2570310 656989        cutoff         3.83617e+09   3.83578e+09  3942002    0.01%
 2570311 656990   3.83578e+09     6   3.83617e+09   3.83578e+09  3942003    0.01%
 2570312 656991   3.83578e+09     6   3.83617e+09   3.83578e+09  3942004    0.01%
 2570313 656992   3.83578e+09     6   3.83617e+09   3.83578e+09  3942005    0.01%
Elapsed time = 262.32 sec. (145944.86 ticks, tree = 258.87 MB, solutions = 21)
 2611053 662179   3.83597e+09     6   3.83617e+09   3.83578e+09  4028205    0.01%
 2611054 662180   3.83597e+09     5   3.83617e+09   3.83578e+09  4028206    0.01%
 2611055 662181   3.83597e+09     6   3.83617e+09   3.83578e+09  4028207    0.01%
 2611056 662182   3.83597e+09     6   3.83617e+09   3.83578e+09  4028208    0.01%
 2611057 662183   3.83597e+09     6   3.83617e+09   3.83578e+09  4028209    0.01%
 2611058 662184   3.83597e+09     6   3.83617e+09   3.83578e+09  4028210    0.01%
 2611059 662185   3.83597e+09     6   3.83617e+09   3.83578e+09  4028211    0.01%
 2611060 662186   3.83597e+09     6   3.83617e+09   3.83578e+09  4028214    0.01%
 2611061 662187   3.83597e+09     6   3.83617e+09   3.83578e+09  4028215    0.01%
 2611062 662186    infeasible         3.83617e+09   3.83578e+09  4028215    0.01%
Elapsed time = 270.30 sec. (149759.82 ticks, tree = 260.61 MB, solutions = 21)
 2680111 688174   3.83615e+09     5   3.83617e+09   3.83578e+09  4134708    0.01%
 2680112 688173    infeasible         3.83617e+09   3.83578e+09  4134708    0.01%
 2680113 688172    infeasible         3.83617e+09   3.83578e+09  4134708    0.01%
 2680114 688173   3.83578e+09     7   3.83617e+09   3.83578e+09  4134710    0.01%
 2680115 688174   3.83578e+09     7   3.83617e+09   3.83578e+09  4134712    0.01%
 2680116 688175   3.83578e+09     7   3.83617e+09   3.83578e+09  4134713    0.01%
 2680117 688176   3.83578e+09     7   3.83617e+09   3.83578e+09  4134714    0.01%
 2680118 688177   3.83615e+09     5   3.83617e+09   3.83578e+09  4134721    0.01%
 2680119 688176    infeasible         3.83617e+09   3.83578e+09  4134721    0.01%
 2680120 688175    infeasible         3.83617e+09   3.83578e+09  4134721    0.01%
Elapsed time = 278.03 sec. (153575.33 ticks, tree = 269.31 MB, solutions = 21)
 2742480 697980   3.83603e+09     5   3.83617e+09   3.83578e+09  4239503    0.01%
 2742481 697981   3.83603e+09     5   3.83617e+09   3.83578e+09  4239504    0.01%
 2742482 697982   3.83603e+09     5   3.83617e+09   3.83578e+09  4239505    0.01%
 2742483 697983   3.83603e+09     5   3.83617e+09   3.83578e+09  4239506    0.01%
 2742484 697984   3.83603e+09     5   3.83617e+09   3.83578e+09  4239507    0.01%
 2742485 697985   3.83603e+09     5   3.83617e+09   3.83578e+09  4239510    0.01%
 2742486 697986   3.83603e+09     5   3.83617e+09   3.83578e+09  4239511    0.01%
 2742487 697987   3.83603e+09     5   3.83617e+09   3.83578e+09  4239512    0.01%
 2742488 697986    infeasible         3.83617e+09   3.83578e+09  4239512    0.01%
 2742489 697987   3.83603e+09     5   3.83617e+09   3.83578e+09  4239513    0.01%
Elapsed time = 285.91 sec. (157390.40 ticks, tree = 272.80 MB, solutions = 21)
 2817478 711062        cutoff         3.83617e+09   3.83578e+09  4348393    0.01%
 2817479 711061        cutoff         3.83617e+09   3.83578e+09  4348394    0.01%
 2817480 711060        cutoff         3.83617e+09   3.83578e+09  4348396    0.01%
 2817481 711060   3.83578e+09     7   3.83617e+09   3.83578e+09  4348397    0.01%
 2817482 711060   3.83578e+09     7   3.83617e+09   3.83578e+09  4348398    0.01%
 2817483 711059        cutoff         3.83617e+09   3.83578e+09  4348399    0.01%
 2817484 711058    infeasible         3.83617e+09   3.83578e+09  4348399    0.01%
 2817485 711057        cutoff         3.83617e+09   3.83578e+09  4348402    0.01%
 2817486 711058   3.83578e+09     7   3.83617e+09   3.83578e+09  4348403    0.01%
 2817487 711057    infeasible         3.83617e+09   3.83578e+09  4348403    0.01%
Elapsed time = 293.78 sec. (161205.61 ticks, tree = 277.42 MB, solutions = 21)
 2897147 720454        cutoff         3.83617e+09   3.83578e+09  4460901    0.01%
 2897148 720455   3.83578e+09     7   3.83617e+09   3.83578e+09  4460902    0.01%
 2897149 720456   3.83578e+09     7   3.83617e+09   3.83578e+09  4460903    0.01%
 2897150 720457   3.83578e+09     7   3.83617e+09   3.83578e+09  4460904    0.01%
 2897151 720458   3.83578e+09     7   3.83617e+09   3.83578e+09  4460906    0.01%
 2897152 720459   3.83578e+09     7   3.83617e+09   3.83578e+09  4460907    0.01%
 2897153 720458        cutoff         3.83617e+09   3.83578e+09  4460909    0.01%
 2897154 720458   3.83578e+09     7   3.83617e+09   3.83578e+09  4460910    0.01%
 2897155 720457        cutoff         3.83617e+09   3.83578e+09  4460911    0.01%
 2897156 720457   3.83578e+09     7   3.83617e+09   3.83578e+09  4460914    0.01%
Elapsed time = 301.62 sec. (165020.66 ticks, tree = 280.61 MB, solutions = 21)
 2972951 729157   3.83578e+09     7   3.83617e+09   3.83578e+09  4571947    0.01%
 2972952 729158   3.83578e+09     6   3.83617e+09   3.83578e+09  4571951    0.01%
 2972953 729157        cutoff         3.83617e+09   3.83578e+09  4571953    0.01%
 2972954 729158   3.83578e+09     7   3.83617e+09   3.83578e+09  4571957    0.01%
 2972955 729157    infeasible         3.83617e+09   3.83578e+09  4571957    0.01%
 2972956 729156    infeasible         3.83617e+09   3.83578e+09  4571957    0.01%
 2972957 729157   3.83578e+09     7   3.83617e+09   3.83578e+09  4571958    0.01%
 2972958 729157   3.83611e+09     5   3.83617e+09   3.83578e+09  4571961    0.01%
 2972959 729156        cutoff         3.83617e+09   3.83578e+09  4571963    0.01%
 2972960 729157   3.83578e+09     6   3.83617e+09   3.83578e+09  4571967    0.01%
Elapsed time = 309.49 sec. (168836.37 ticks, tree = 283.57 MB, solutions = 21)
 3046433 740920   3.83602e+09     6   3.83617e+09   3.83578e+09  4688516    0.01%
 3046434 740921   3.83609e+09     4   3.83617e+09   3.83578e+09  4688520    0.01%
 3046435 740922   3.83609e+09     4   3.83617e+09   3.83578e+09  4688523    0.01%
 3046436 740923   3.83609e+09     4   3.83617e+09   3.83578e+09  4688524    0.01%
 3046437 740924   3.83609e+09     4   3.83617e+09   3.83578e+09  4688525    0.01%
 3046438 740923    infeasible         3.83617e+09   3.83578e+09  4688525    0.01%
 3046439 740924   3.83609e+09     4   3.83617e+09   3.83578e+09  4688526    0.01%
 3046440 740925   3.83609e+09     4   3.83617e+09   3.83578e+09  4688531    0.01%
 3046441 740924    infeasible         3.83617e+09   3.83578e+09  4688531    0.01%
 3046442 740923    infeasible         3.83617e+09   3.83578e+09  4688531    0.01%
Elapsed time = 317.27 sec. (172651.36 ticks, tree = 287.73 MB, solutions = 21)
*3048916 704770      integral     0   3.83613e+09   3.83578e+09  4692155    0.01%

Root node processing (before b&c):
  Real time             =    0.02 sec. (6.64 ticks)
Sequential b&c:
  Real time             =  317.51 sec. (172910.82 ticks)
                          ------------
Total (root+branch&cut) =  317.53 sec. (172917.46 ticks)

Solution pool: 22 solutions saved.

MIP - Integer optimal, tolerance (0.0001/1e-06):  Objective =  3.8361281610e+09
Current MIP best bound =  3.8357792640e+09 (gap = 348897, 0.01%)
Solution time =  317.53 sec.  Iterations = 4692155  Nodes = 3048917 (704770)
Deterministic time = 172917.46 ticks  (544.57 ticks/sec)


Incumbent solution written to file '/tmp/tmp3zLf1e.cplex.sol'.
