
Log started (V12.6.3.0) Mon Mar  5 10:25:34 2018

New value for default parallel thread count: 1

Problem '/tmp/tmp2z0nBo.pyomo.lp' read.
Read time = 0.00 sec. (0.01 ticks)

Problem name         : /tmp/tmp2z0nBo.pyomo.lp
Objective sense      : Minimize
Variables            :     145  [Nneg: 5,  Binary: 140]
Objective nonzeros   :       4
Linear constraints   :      43  [Less: 3,  Equal: 40]
  Nonzeros           :     291
  RHS nonzeros       :      36

Variables            : Min LB: 0.000000         Max UB: 1.000000       
Objective nonzeros   : Min   : 1.000000         Max   : 8.000000       
Linear constraints   :
  Nonzeros           : Min   : 1.000000         Max   : 3.355443e+07   
  RHS nonzeros       : Min   : 1.000000         Max   : 1.000000       
Found incumbent of value 4.7128913e+09 after 0.00 sec. (0.01 ticks)
Tried aggregator 2 times.
MIP Presolve eliminated 1 rows and 1 columns.
Aggregator did 2 substitutions.
Reduced MIP has 40 rows, 142 columns, and 286 nonzeros.
Reduced MIP has 140 binaries, 0 generals, 0 SOSs, and 0 indicators.
Presolve time = 0.00 sec. (0.36 ticks)
Probing fixed 0 vars, tightened 6 bounds.
Probing time = 0.00 sec. (0.22 ticks)
Tried aggregator 1 time.
Reduced MIP has 40 rows, 142 columns, and 286 nonzeros.
Reduced MIP has 140 binaries, 2 generals, 0 SOSs, and 0 indicators.
Presolve time = 0.00 sec. (0.19 ticks)
Probing time = 0.00 sec. (0.12 ticks)
Clique table members: 35.
MIP emphasis: balance optimality and feasibility.
MIP search method: dynamic search.
Parallel mode: none, using 1 thread.
Root relaxation solution time = 0.00 sec. (0.15 ticks)

        Nodes                                         Cuts/
   Node  Left     Objective  IInf  Best Integer    Best Bound    ItCnt     Gap

*     0+    0                       4.71289e+09        0.0000           100.00%
      0     0   2.20917e+09     7   4.71289e+09   2.20917e+09       15   53.12%
*     0+    0                       2.33738e+09   2.20917e+09             5.49%
      0     0   2.20917e+09    10   2.33738e+09       Cuts: 5       20    5.49%
      0     0   2.20917e+09    14   2.33738e+09       Cuts: 3       25    5.49%
*     0+    0                       2.25686e+09   2.20917e+09             2.11%
*     0+    0                       2.23944e+09   2.20917e+09             1.35%
      0     2   2.20917e+09    14   2.23944e+09   2.20917e+09       25    1.35%
Elapsed time = 0.01 sec. (3.69 ticks, tree = 0.01 MB, solutions = 4)
*   180+  138                       2.22848e+09   2.20917e+09             0.87%
*   187   143      integral     0   2.22687e+09   2.20917e+09      395    0.79%
*   287+  199                       2.22605e+09   2.20917e+09             0.76%
*   287+  199                       2.22576e+09   2.20917e+09             0.75%
*   287+  198                       2.22484e+09   2.20917e+09             0.70%
*   287+  198                       2.22164e+09   2.20917e+09             0.56%
*   287+  198                       2.22056e+09   2.20917e+09             0.51%
*  1768   829      integral     0   2.22016e+09   2.20917e+09     2915    0.50%
*  1868+  840                       2.21868e+09   2.20917e+09             0.43%
*  1868+  821                       2.21710e+09   2.20917e+09             0.36%
*  1978+  801                       2.21531e+09   2.20917e+09             0.28%
*  2281+  442                       2.21342e+09   2.20917e+09             0.19%
*  2281+  355                       2.21315e+09   2.20917e+09             0.18%
*  2301+  297                       2.21276e+09   2.20917e+09             0.16%
   2319   304   2.20917e+09     5   2.21276e+09   2.20917e+09     3794    0.16%
   2320   305   2.20917e+09     5   2.21276e+09   2.20917e+09     3795    0.16%
   2321   306   2.20917e+09     6   2.21276e+09   2.20917e+09     3799    0.16%
   2322   306   2.20917e+09     5   2.21276e+09   2.20917e+09     3800    0.16%
   2323   306   2.20917e+09     6   2.21276e+09   2.20917e+09     3802    0.16%
   2324   305   2.20917e+09     6   2.21276e+09   2.20917e+09     3805    0.16%
   2325   306   2.20917e+09     6   2.21276e+09   2.20917e+09     3806    0.16%
   2326   307   2.20917e+09     6   2.21276e+09   2.20917e+09     3807    0.16%
   2327   307   2.20917e+09     6   2.21276e+09   2.20917e+09     3808    0.16%
*  2401+  286                       2.21250e+09   2.20917e+09             0.15%
*  4365  1308      integral     0   2.21211e+09   2.20917e+09     6712    0.13%
*  4681+ 1511                       2.21197e+09   2.20917e+09             0.13%
*  5081+ 1775                       2.21179e+09   2.20917e+09             0.12%
*  5787  1936      integral     0   2.21082e+09   2.20917e+09     8603    0.07%
*  6181+ 1976                       2.21076e+09   2.20917e+09             0.07%
  10946  3972        cutoff         2.21076e+09   2.20917e+09    15686    0.07%
Elapsed time = 1.87 sec. (957.49 ticks, tree = 1.24 MB, solutions = 24)
* 21489  7719      integral     0   2.21006e+09   2.20917e+09    30111    0.04%
  26247  9579   2.20917e+09     5   2.21006e+09   2.20917e+09    36552    0.04%
  26248  9578        cutoff         2.21006e+09   2.20917e+09    36553    0.04%
  26249  9578   2.20917e+09     5   2.21006e+09   2.20917e+09    36554    0.04%
  26250  9577        cutoff         2.21006e+09   2.20917e+09    36555    0.04%
  26251  9578   2.20917e+09     5   2.21006e+09   2.20917e+09    36556    0.04%
  26252  9578   2.20917e+09     5   2.21006e+09   2.20917e+09    36557    0.04%
  26253  9578   2.20917e+09     5   2.21006e+09   2.20917e+09    36558    0.04%
  26254  9577        cutoff         2.21006e+09   2.20917e+09    36559    0.04%
  26255  9578   2.20917e+09     4   2.21006e+09   2.20917e+09    36562    0.04%
  26256  9579   2.20917e+09     4   2.21006e+09   2.20917e+09    36565    0.04%
Elapsed time = 4.01 sec. (1911.85 ticks, tree = 3.13 MB, solutions = 25)
  43632 16011        cutoff         2.21006e+09   2.20917e+09    59908    0.04%
  43633 16012   2.20917e+09     6   2.21006e+09   2.20917e+09    59911    0.04%
  43634 16013   2.20917e+09     6   2.21006e+09   2.20917e+09    59913    0.04%
  43635 16013   2.20917e+09     6   2.21006e+09   2.20917e+09    59915    0.04%
  43636 16014   2.20917e+09     6   2.21006e+09   2.20917e+09    59916    0.04%
  43637 16013        cutoff         2.21006e+09   2.20917e+09    59919    0.04%
  43638 16013   2.20917e+09     6   2.21006e+09   2.20917e+09    59920    0.04%
  43639 16013   2.20917e+09     5   2.21006e+09   2.20917e+09    59922    0.04%
  43640 16012        cutoff         2.21006e+09   2.20917e+09    59925    0.04%
  43641 16013   2.20917e+09     5   2.21006e+09   2.20917e+09    59926    0.04%
Elapsed time = 5.81 sec. (2866.16 ticks, tree = 4.94 MB, solutions = 25)
  63688 24947   2.20920e+09     4   2.21006e+09   2.20917e+09    87046    0.04%
  63689 24948   2.20920e+09     4   2.21006e+09   2.20917e+09    87047    0.04%
  63690 24949   2.20920e+09     4   2.21006e+09   2.20917e+09    87049    0.04%
  63691 24950   2.20920e+09     4   2.21006e+09   2.20917e+09    87051    0.04%
  63692 24951   2.20920e+09     4   2.21006e+09   2.20917e+09    87054    0.04%
  63693 24952   2.20920e+09     4   2.21006e+09   2.20917e+09    87055    0.04%
  63694 24953   2.20920e+09     4   2.21006e+09   2.20917e+09    87056    0.04%
  63695 24953   2.20920e+09     4   2.21006e+09   2.20917e+09    87060    0.04%
  63696 24954   2.20920e+09     4   2.21006e+09   2.20917e+09    87063    0.04%
  63697 24955   2.20920e+09     4   2.21006e+09   2.20917e+09    87064    0.04%
Elapsed time = 7.83 sec. (3820.08 ticks, tree = 7.87 MB, solutions = 25)
  78680 27980   2.20917e+09     4   2.21006e+09   2.20917e+09   111755    0.04%
  78681 27980   2.20917e+09     4   2.21006e+09   2.20917e+09   111762    0.04%
  78682 27979    infeasible         2.21006e+09   2.20917e+09   111762    0.04%
  78683 27980   2.20917e+09     4   2.21006e+09   2.20917e+09   111764    0.04%
  78684 27981   2.20917e+09     4   2.21006e+09   2.20917e+09   111766    0.04%
  78685 27980        cutoff         2.21006e+09   2.20917e+09   111769    0.04%
  78686 27979        cutoff         2.21006e+09   2.20917e+09   111773    0.04%
  78687 27978    infeasible         2.21006e+09   2.20917e+09   111781    0.04%
  78688 27977        cutoff         2.21006e+09   2.20917e+09   111785    0.04%
  78689 27978   2.20917e+09     4   2.21006e+09   2.20917e+09   111786    0.04%
Elapsed time = 9.92 sec. (4774.88 ticks, tree = 8.73 MB, solutions = 25)
  90351 28227   2.20917e+09     4   2.21006e+09   2.20917e+09   134727    0.04%
  90352 28228   2.20917e+09     4   2.21006e+09   2.20917e+09   134728    0.04%
  90353 28227        cutoff         2.21006e+09   2.20917e+09   134731    0.04%
  90354 28228   2.20917e+09     6   2.21006e+09   2.20917e+09   134732    0.04%
  90355 28228   2.20917e+09     6   2.21006e+09   2.20917e+09   134733    0.04%
  90356 28227    infeasible         2.21006e+09   2.20917e+09   134733    0.04%
  90357 28228   2.20917e+09     4   2.21006e+09   2.20917e+09   134734    0.04%
  90358 28227        cutoff         2.21006e+09   2.20917e+09   134739    0.04%
  90359 28228   2.20917e+09     4   2.21006e+09   2.20917e+09   134740    0.04%
  90360 28229   2.20917e+09     4   2.21006e+09   2.20917e+09   134741    0.04%
Elapsed time = 12.02 sec. (5729.17 ticks, tree = 8.81 MB, solutions = 25)
 102754 28496        cutoff         2.21006e+09   2.20917e+09   159601    0.04%
 102755 28497   2.20917e+09     4   2.21006e+09   2.20917e+09   159602    0.04%
 102756 28496        cutoff         2.21006e+09   2.20917e+09   159608    0.04%
 102757 28497   2.20917e+09     4   2.21006e+09   2.20917e+09   159609    0.04%
 102758 28498   2.20917e+09     4   2.21006e+09   2.20917e+09   159612    0.04%
 102759 28499   2.20917e+09     4   2.21006e+09   2.20917e+09   159613    0.04%
 102760 28498        cutoff         2.21006e+09   2.20917e+09   159616    0.04%
 102761 28499   2.20917e+09     4   2.21006e+09   2.20917e+09   159618    0.04%
 102762 28500   2.20917e+09     4   2.21006e+09   2.20917e+09   159619    0.04%
 102763 28499        cutoff         2.21006e+09   2.20917e+09   159622    0.04%
Elapsed time = 14.17 sec. (6683.50 ticks, tree = 8.90 MB, solutions = 25)
 115225 28795   2.20917e+09     4   2.21006e+09   2.20917e+09   184159    0.04%
 115226 28796   2.20917e+09     4   2.21006e+09   2.20917e+09   184160    0.04%
 115227 28795        cutoff         2.21006e+09   2.20917e+09   184163    0.04%
 115228 28794        cutoff         2.21006e+09   2.20917e+09   184166    0.04%
 115229 28793        cutoff         2.21006e+09   2.20917e+09   184167    0.04%
 115230 28792        cutoff         2.21006e+09   2.20917e+09   184169    0.04%
 115231 28791        cutoff         2.21006e+09   2.20917e+09   184170    0.04%
 115232 28790        cutoff         2.21006e+09   2.20917e+09   184174    0.04%
 115233 28789        cutoff         2.21006e+09   2.20917e+09   184178    0.04%
 115234 28790   2.20917e+09     4   2.21006e+09   2.20917e+09   184180    0.04%
Elapsed time = 16.25 sec. (7638.16 ticks, tree = 9.00 MB, solutions = 25)
 127318 29080        cutoff         2.21006e+09   2.20917e+09   207734    0.04%
 127319 29079        cutoff         2.21006e+09   2.20917e+09   207735    0.04%
 127320 29078        cutoff         2.21006e+09   2.20917e+09   207737    0.04%
 127321 29077        cutoff         2.21006e+09   2.20917e+09   207740    0.04%
 127322 29078   2.20917e+09     4   2.21006e+09   2.20917e+09   207741    0.04%
 127323 29079   2.20917e+09     4   2.21006e+09   2.20917e+09   207743    0.04%
 127324 29080   2.20917e+09     4   2.21006e+09   2.20917e+09   207744    0.04%
 127325 29081   2.20917e+09     4   2.21006e+09   2.20917e+09   207745    0.04%
 127326 29082   2.20917e+09     6   2.21006e+09   2.20917e+09   207750    0.04%
 127327 29083   2.20917e+09     4   2.21006e+09   2.20917e+09   207751    0.04%
Elapsed time = 18.34 sec. (8592.86 ticks, tree = 9.09 MB, solutions = 25)
 139438 29388        cutoff         2.21006e+09   2.20917e+09   231530    0.04%
 139439 29387        cutoff         2.21006e+09   2.20917e+09   231532    0.04%
 139440 29386    infeasible         2.21006e+09   2.20917e+09   231532    0.04%
 139441 29385        cutoff         2.21006e+09   2.20917e+09   231535    0.04%
 139442 29384    infeasible         2.21006e+09   2.20917e+09   231535    0.04%
 139443 29385   2.20917e+09     4   2.21006e+09   2.20917e+09   231536    0.04%
 139444 29386   2.20917e+09     4   2.21006e+09   2.20917e+09   231537    0.04%
 139445 29387   2.20917e+09     4   2.21006e+09   2.20917e+09   231540    0.04%
 139446 29386        cutoff         2.21006e+09   2.20917e+09   231544    0.04%
 176936 30246   2.20917e+09     4   2.21006e+09   2.20917e+09   306877    0.04%
Elapsed time = 26.86 sec. (12407.57 ticks, tree = 9.48 MB, solutions = 25)
 226095 31361   2.20917e+09     4   2.21006e+09   2.20917e+09   407648    0.04%
 226096 31362   2.20917e+09     4   2.21006e+09   2.20917e+09   407649    0.04%
 226097 31363   2.20917e+09     4   2.21006e+09   2.20917e+09   407650    0.04%
 226098 31362        cutoff         2.21006e+09   2.20917e+09   407653    0.04%
 226099 31361        cutoff         2.21006e+09   2.20917e+09   407657    0.04%
 226100 31360    infeasible         2.21006e+09   2.20917e+09   407664    0.04%
 226101 31359        cutoff         2.21006e+09   2.20917e+09   407668    0.04%
 226102 31358        cutoff         2.21006e+09   2.20917e+09   407675    0.04%
 226103 31357        cutoff         2.21006e+09   2.20917e+09   407677    0.04%
 226104 31358   2.20917e+09     4   2.21006e+09   2.20917e+09   407678    0.04%
Elapsed time = 35.37 sec. (16223.45 ticks, tree = 9.85 MB, solutions = 25)
 275893 32605        cutoff         2.21006e+09   2.20917e+09   506966    0.04%
 275894 32606   2.20917e+09     6   2.21006e+09   2.20917e+09   506967    0.04%
 275895 32606   2.20917e+09     6   2.21006e+09   2.20917e+09   506968    0.04%
 275896 32605    infeasible         2.21006e+09   2.20917e+09   506968    0.04%
 275897 32606   2.20917e+09     4   2.21006e+09   2.20917e+09   506969    0.04%
 275898 32607   2.20917e+09     6   2.21006e+09   2.20917e+09   506970    0.04%
 275899 32607   2.20917e+09     6   2.21006e+09   2.20917e+09   506971    0.04%
 275900 32606    infeasible         2.21006e+09   2.20917e+09   506971    0.04%
 275901 32605        cutoff         2.21006e+09   2.20917e+09   506976    0.04%
 275902 32604        cutoff         2.21006e+09   2.20917e+09   506980    0.04%
Elapsed time = 43.83 sec. (20038.85 ticks, tree = 10.27 MB, solutions = 25)
 323120 34350        cutoff         2.21006e+09   2.20917e+09   604820    0.04%
 323121 34351   2.20917e+09     6   2.21006e+09   2.20917e+09   604822    0.04%
 323122 34351   2.20917e+09     6   2.21006e+09   2.20917e+09   604824    0.04%
 323123 34350    infeasible         2.21006e+09   2.20917e+09   604824    0.04%
 323124 34349        cutoff         2.21006e+09   2.20917e+09   604828    0.04%
 323125 34348        cutoff         2.21006e+09   2.20917e+09   604832    0.04%
 323126 34347        cutoff         2.21006e+09   2.20917e+09   604836    0.04%
 323127 34346        cutoff         2.21006e+09   2.20917e+09   604838    0.04%
 323128 34345        cutoff         2.21006e+09   2.20917e+09   604841    0.04%
 323129 34344        cutoff         2.21006e+09   2.20917e+09   604842    0.04%
Elapsed time = 51.96 sec. (23854.63 ticks, tree = 11.78 MB, solutions = 25)
 374509 43563   2.20917e+09     5   2.21006e+09   2.20917e+09   697296    0.04%
 374510 43563   2.20917e+09     5   2.21006e+09   2.20917e+09   697297    0.04%
 374511 43563   2.20917e+09     5   2.21006e+09   2.20917e+09   697298    0.04%
 374512 43563   2.20917e+09     5   2.21006e+09   2.20917e+09   697299    0.04%
 374513 43563   2.20917e+09     5   2.21006e+09   2.20917e+09   697300    0.04%
 374514 43563   2.20917e+09     5   2.21006e+09   2.20917e+09   697301    0.04%
 374515 43562        cutoff         2.21006e+09   2.20917e+09   697303    0.04%
 374516 43563   2.20917e+09     6   2.21006e+09   2.20917e+09   697305    0.04%
 374517 43563   2.20917e+09     6   2.21006e+09   2.20917e+09   697306    0.04%
 374518 43564   2.20917e+09     6   2.21006e+09   2.20917e+09   697308    0.04%
Elapsed time = 59.35 sec. (27669.81 ticks, tree = 14.40 MB, solutions = 25)
*397121 51295      integral     0   2.21004e+09   2.20917e+09   728744    0.04%
*427177 56929      integral     0   2.20977e+09   2.20917e+09   783580    0.03%
 434847 59421   2.20917e+09     5   2.20977e+09   2.20917e+09   798562    0.03%
 434848 59422   2.20917e+09     5   2.20977e+09   2.20917e+09   798563    0.03%
 434849 59423   2.20917e+09     5   2.20977e+09   2.20917e+09   798565    0.03%
 434850 59424   2.20917e+09     6   2.20977e+09   2.20917e+09   798566    0.03%
 434851 59425   2.20917e+09     6   2.20977e+09   2.20917e+09   798567    0.03%
 434852 59426   2.20917e+09     6   2.20977e+09   2.20917e+09   798569    0.03%
 434853 59427   2.20917e+09     6   2.20977e+09   2.20917e+09   798572    0.03%
 434854 59428   2.20917e+09     6   2.20977e+09   2.20917e+09   798573    0.03%
 434855 59429   2.20917e+09     6   2.20977e+09   2.20917e+09   798574    0.03%
 434856 59430   2.20917e+09     6   2.20977e+09   2.20917e+09   798575    0.03%
Elapsed time = 65.65 sec. (31484.93 ticks, tree = 19.01 MB, solutions = 27)
 504940 83975        cutoff         2.20977e+09   2.20917e+09   904031    0.03%
 504941 83974        cutoff         2.20977e+09   2.20917e+09   904032    0.03%
 504942 83973        cutoff         2.20977e+09   2.20917e+09   904033    0.03%
 504943 83972        cutoff         2.20977e+09   2.20917e+09   904034    0.03%
 504944 83971        cutoff         2.20977e+09   2.20917e+09   904035    0.03%
 504945 83970        cutoff         2.20977e+09   2.20917e+09   904037    0.03%
 504946 83971   2.20917e+09     5   2.20977e+09   2.20917e+09   904038    0.03%
 504947 83972   2.20917e+09     5   2.20977e+09   2.20917e+09   904039    0.03%
 504948 83973   2.20917e+09     6   2.20977e+09   2.20917e+09   904041    0.03%
 504949 83974   2.20917e+09     5   2.20977e+09   2.20917e+09   904044    0.03%
Elapsed time = 71.33 sec. (35300.92 ticks, tree = 27.98 MB, solutions = 27)
 559759 88082   2.20917e+09     4   2.20977e+09   2.20917e+09   996509    0.03%
 559760 88083   2.20917e+09     4   2.20977e+09   2.20917e+09   996510    0.03%
 559761 88084   2.20917e+09     4   2.20977e+09   2.20917e+09   996511    0.03%
 559762 88085   2.20917e+09     4   2.20977e+09   2.20917e+09   996513    0.03%
 559763 88086   2.20917e+09     4   2.20977e+09   2.20917e+09   996514    0.03%
 559764 88087   2.20917e+09     4   2.20977e+09   2.20917e+09   996515    0.03%
 559765 88086        cutoff         2.20977e+09   2.20917e+09   996517    0.03%
 559766 88085        cutoff         2.20977e+09   2.20917e+09   996519    0.03%
 559767 88084        cutoff         2.20977e+09   2.20917e+09   996526    0.03%
 559768 88085   2.20917e+09     4   2.20977e+09   2.20917e+09   996527    0.03%
Elapsed time = 77.40 sec. (39116.55 ticks, tree = 29.17 MB, solutions = 27)
 608293 88440        cutoff         2.20977e+09   2.20917e+09  1087315    0.03%
 608294 88441   2.20917e+09     4   2.20977e+09   2.20917e+09  1087316    0.03%
 608295 88440        cutoff         2.20977e+09   2.20917e+09  1087319    0.03%
 608296 88441   2.20917e+09     4   2.20977e+09   2.20917e+09  1087320    0.03%
 608297 88442   2.20917e+09     4   2.20977e+09   2.20917e+09  1087321    0.03%
 608298 88443   2.20917e+09     4   2.20977e+09   2.20917e+09  1087323    0.03%
 608299 88442    infeasible         2.20977e+09   2.20917e+09  1087323    0.03%
 608300 88442   2.20917e+09     6   2.20977e+09   2.20917e+09  1087324    0.03%
 608301 88441    infeasible         2.20977e+09   2.20917e+09  1087324    0.03%
 608302 88442   2.20917e+09     4   2.20977e+09   2.20917e+09  1087328    0.03%
Elapsed time = 82.94 sec. (42932.01 ticks, tree = 29.29 MB, solutions = 27)
 666748 88634   2.20917e+09     4   2.20977e+09   2.20917e+09  1186374    0.03%
 666749 88635   2.20917e+09     4   2.20977e+09   2.20917e+09  1186380    0.03%
 666750 88634        cutoff         2.20977e+09   2.20917e+09  1186383    0.03%
 666751 88633    infeasible         2.20977e+09   2.20917e+09  1186383    0.03%
 666752 88634   2.20917e+09     4   2.20977e+09   2.20917e+09  1186384    0.03%
 666753 88635   2.20917e+09     3   2.20977e+09   2.20917e+09  1186388    0.03%
 666754 88634    infeasible         2.20977e+09   2.20917e+09  1186388    0.03%
 666755 88633    infeasible         2.20977e+09   2.20917e+09  1186388    0.03%
 666756 88632        cutoff         2.20977e+09   2.20917e+09  1186390    0.03%
 666757 88631        cutoff         2.20977e+09   2.20917e+09  1186392    0.03%
Elapsed time = 88.56 sec. (46747.37 ticks, tree = 29.36 MB, solutions = 27)
 721864 88781   2.20917e+09     4   2.20977e+09   2.20917e+09  1284155    0.03%
 721865 88782   2.20917e+09     4   2.20977e+09   2.20917e+09  1284156    0.03%
 721866 88783   2.20917e+09     4   2.20977e+09   2.20917e+09  1284158    0.03%
 721867 88782    infeasible         2.20977e+09   2.20917e+09  1284158    0.03%
 721868 88782   2.20917e+09     6   2.20977e+09   2.20917e+09  1284159    0.03%
 721869 88781    infeasible         2.20977e+09   2.20917e+09  1284159    0.03%
 721870 88780        cutoff         2.20977e+09   2.20917e+09  1284163    0.03%
 721871 88780   2.20917e+09     4   2.20977e+09   2.20917e+09  1284165    0.03%
 721872 88779    infeasible         2.20977e+09   2.20917e+09  1284165    0.03%
 721873 88778        cutoff         2.20977e+09   2.20917e+09  1284167    0.03%
Elapsed time = 94.20 sec. (50562.41 ticks, tree = 29.41 MB, solutions = 27)
 776198 89333        cutoff         2.20977e+09   2.20917e+09  1384031    0.03%
 776199 89334   2.20917e+09     6   2.20977e+09   2.20917e+09  1384032    0.03%
 776200 89335   2.20917e+09     6   2.20977e+09   2.20917e+09  1384033    0.03%
 776201 89335   2.20917e+09     6   2.20977e+09   2.20917e+09  1384034    0.03%
 776202 89336   2.20917e+09     6   2.20977e+09   2.20917e+09  1384037    0.03%
 776203 89337   2.20917e+09     6   2.20977e+09   2.20917e+09  1384038    0.03%
 776204 89336    infeasible         2.20977e+09   2.20917e+09  1384038    0.03%
 776205 89335    infeasible         2.20977e+09   2.20917e+09  1384038    0.03%
 776206 89336   2.20917e+09     5   2.20977e+09   2.20917e+09  1384039    0.03%
 776207 89337   2.20917e+09     5   2.20977e+09   2.20917e+09  1384040    0.03%
Elapsed time = 99.94 sec. (54377.63 ticks, tree = 29.55 MB, solutions = 27)
 841833 105723        cutoff         2.20977e+09   2.20917e+09  1483396    0.03%
 841834 105722        cutoff         2.20977e+09   2.20917e+09  1483403    0.03%
 841835 105721        cutoff         2.20977e+09   2.20917e+09  1483409    0.03%
 841836 105720        cutoff         2.20977e+09   2.20917e+09  1483417    0.03%
 841837 105719        cutoff         2.20977e+09   2.20917e+09  1483423    0.03%
 841838 105720   2.20917e+09     4   2.20977e+09   2.20917e+09  1483425    0.03%
 841839 105721   2.20917e+09     4   2.20977e+09   2.20917e+09  1483426    0.03%
 841840 105722   2.20917e+09     4   2.20977e+09   2.20917e+09  1483427    0.03%
 841841 105722   2.20917e+09     4   2.20977e+09   2.20917e+09  1483432    0.03%
 841842 105721        cutoff         2.20977e+09   2.20917e+09  1483434    0.03%
Elapsed time = 105.48 sec. (58193.52 ticks, tree = 34.28 MB, solutions = 27)
 888813 112607        cutoff         2.20977e+09   2.20917e+09  1600045    0.03%
 888814 112606        cutoff         2.20977e+09   2.20917e+09  1600046    0.03%
 888815 112607   2.20917e+09     4   2.20977e+09   2.20917e+09  1600048    0.03%
 888816 112608   2.20917e+09     4   2.20977e+09   2.20917e+09  1600049    0.03%
 888817 112609   2.20917e+09     4   2.20977e+09   2.20917e+09  1600050    0.03%
 888818 112609   2.20917e+09     4   2.20977e+09   2.20917e+09  1600055    0.03%
 888819 112610   2.20917e+09     4   2.20977e+09   2.20917e+09  1600060    0.03%
 888820 112609        cutoff         2.20977e+09   2.20917e+09  1600062    0.03%
 888821 112610   2.20917e+09     4   2.20977e+09   2.20917e+09  1600068    0.03%
 888822 112609    infeasible         2.20977e+09   2.20917e+09  1600069    0.03%
Elapsed time = 111.13 sec. (62009.17 ticks, tree = 36.50 MB, solutions = 27)
 934927 119576        cutoff         2.20977e+09   2.20917e+09  1717644    0.03%
 934928 119575        cutoff         2.20977e+09   2.20917e+09  1717648    0.03%
 934929 119576   2.20917e+09     4   2.20977e+09   2.20917e+09  1717653    0.03%
 934930 119575        cutoff         2.20977e+09   2.20917e+09  1717655    0.03%
 934931 119576   2.20976e+09     4   2.20977e+09   2.20917e+09  1717660    0.03%
 934932 119575        cutoff         2.20977e+09   2.20917e+09  1717667    0.03%
 934933 119576   2.20976e+09     4   2.20977e+09   2.20917e+09  1717672    0.03%
 934934 119575    infeasible         2.20977e+09   2.20917e+09  1717672    0.03%
 934935 119574    infeasible         2.20977e+09   2.20917e+09  1717672    0.03%
 934936 119574   2.20917e+09     4   2.20977e+09   2.20917e+09  1717677    0.03%
Elapsed time = 116.75 sec. (65824.47 ticks, tree = 38.74 MB, solutions = 27)
 981236 126225    infeasible         2.20977e+09   2.20917e+09  1835121    0.03%
 981237 126226   2.20917e+09     6   2.20977e+09   2.20917e+09  1835131    0.03%
 981238 126226   2.20917e+09     6   2.20977e+09   2.20917e+09  1835133    0.03%
 981239 126225    infeasible         2.20977e+09   2.20917e+09  1835133    0.03%
 981240 126224        cutoff         2.20977e+09   2.20917e+09  1835142    0.03%
 981241 126225   2.20917e+09     4   2.20977e+09   2.20917e+09  1835145    0.03%
 981242 126226   2.20917e+09     4   2.20977e+09   2.20917e+09  1835146    0.03%
 981243 126227   2.20917e+09     4   2.20977e+09   2.20917e+09  1835147    0.03%
 981244 126228   2.20917e+09     4   2.20977e+09   2.20917e+09  1835149    0.03%
 981245 126229   2.20917e+09     4   2.20977e+09   2.20917e+09  1835150    0.03%
Elapsed time = 122.39 sec. (69640.12 ticks, tree = 40.88 MB, solutions = 27)
 1032258 136079   2.20917e+09     4   2.20977e+09   2.20917e+09  1952349    0.03%
 1032259 136080   2.20917e+09     4   2.20977e+09   2.20917e+09  1952351    0.03%
 1032260 136081   2.20917e+09     6   2.20977e+09   2.20917e+09  1952354    0.03%
 1032261 136082   2.20917e+09     6   2.20977e+09   2.20917e+09  1952355    0.03%
 1032262 136083   2.20917e+09     6   2.20977e+09   2.20917e+09  1952358    0.03%
 1032263 136084   2.20917e+09     4   2.20977e+09   2.20917e+09  1952361    0.03%
 1032264 136085   2.20917e+09     4   2.20977e+09   2.20917e+09  1952364    0.03%
 1032265 136086   2.20917e+09     6   2.20977e+09   2.20917e+09  1952367    0.03%
 1032266 136086   2.20917e+09     6   2.20977e+09   2.20917e+09  1952368    0.03%
 1032267 136087   2.20917e+09     5   2.20977e+09   2.20917e+09  1952369    0.03%
Elapsed time = 128.16 sec. (73455.43 ticks, tree = 45.72 MB, solutions = 27)
 1091450 147633   2.20917e+09     4   2.20977e+09   2.20917e+09  2072453    0.03%
 1091451 147634   2.20917e+09     4   2.20977e+09   2.20917e+09  2072454    0.03%
 1091452 147635   2.20917e+09     4   2.20977e+09   2.20917e+09  2072456    0.03%
 1091453 147636   2.20917e+09     6   2.20977e+09   2.20917e+09  2072458    0.03%
 1091454 147636   2.20917e+09     4   2.20977e+09   2.20917e+09  2072461    0.03%
 1091455 147637   2.20917e+09     4   2.20977e+09   2.20917e+09  2072462    0.03%
 1091456 147638   2.20917e+09     4   2.20977e+09   2.20917e+09  2072465    0.03%
 1091457 147637        cutoff         2.20977e+09   2.20917e+09  2072467    0.03%
 1091458 147637   2.20917e+09     6   2.20977e+09   2.20917e+09  2072470    0.03%
 1091459 147638   2.20917e+09     5   2.20977e+09   2.20917e+09  2072471    0.03%
Elapsed time = 133.82 sec. (77270.65 ticks, tree = 49.38 MB, solutions = 27)
 1151891 159151   2.20917e+09     4   2.20977e+09   2.20917e+09  2195570    0.03%
 1151892 159152   2.20917e+09     6   2.20977e+09   2.20917e+09  2195575    0.03%
 1151893 159153   2.20917e+09     6   2.20977e+09   2.20917e+09  2195576    0.03%
 1151894 159152        cutoff         2.20977e+09   2.20917e+09  2195578    0.03%
 1151895 159151        cutoff         2.20977e+09   2.20917e+09  2195579    0.03%
 1151896 159152   2.20917e+09     4   2.20977e+09   2.20917e+09  2195582    0.03%
 1151897 159153   2.20917e+09     4   2.20977e+09   2.20917e+09  2195583    0.03%
 1151898 159153   2.20917e+09     4   2.20977e+09   2.20917e+09  2195584    0.03%
 1151899 159152        cutoff         2.20977e+09   2.20917e+09  2195586    0.03%
 1151900 159153   2.20917e+09     6   2.20977e+09   2.20917e+09  2195588    0.03%
Elapsed time = 139.30 sec. (81085.84 ticks, tree = 54.11 MB, solutions = 27)
 1208168 170037   2.20917e+09     6   2.20977e+09   2.20917e+09  2319052    0.03%
 1208169 170038   2.20917e+09     4   2.20977e+09   2.20917e+09  2319055    0.03%
 1208170 170039   2.20917e+09     4   2.20977e+09   2.20917e+09  2319056    0.03%
 1208171 170040   2.20917e+09     4   2.20977e+09   2.20917e+09  2319057    0.03%
 1208172 170041   2.20917e+09     4   2.20977e+09   2.20917e+09  2319060    0.03%
 1208173 170040        cutoff         2.20977e+09   2.20917e+09  2319062    0.03%
 1208174 170041   2.20917e+09     6   2.20977e+09   2.20917e+09  2319065    0.03%
 1208175 170042   2.20917e+09     5   2.20977e+09   2.20917e+09  2319066    0.03%
 1208176 170041    infeasible         2.20977e+09   2.20917e+09  2319066    0.03%
 1208177 170041   2.20917e+09     6   2.20977e+09   2.20917e+09  2319067    0.03%
Elapsed time = 144.78 sec. (84901.02 ticks, tree = 57.57 MB, solutions = 27)
 1262098 180989   2.20917e+09     4   2.20977e+09   2.20917e+09  2438736    0.03%
 1262099 180990   2.20917e+09     4   2.20977e+09   2.20917e+09  2438738    0.03%
 1262100 180991   2.20917e+09     4   2.20977e+09   2.20917e+09  2438739    0.03%
 1262101 180992   2.20917e+09     4   2.20977e+09   2.20917e+09  2438740    0.03%
 1262102 180993   2.20917e+09     6   2.20977e+09   2.20917e+09  2438743    0.03%
 1262103 180994   2.20917e+09     6   2.20977e+09   2.20917e+09  2438746    0.03%
 1262104 180993        cutoff         2.20977e+09   2.20917e+09  2438751    0.03%
 1262105 180994   2.20917e+09     6   2.20977e+09   2.20917e+09  2438752    0.03%
 1262106 180994   2.20917e+09     6   2.20977e+09   2.20917e+09  2438754    0.03%
 1262107 180993        cutoff         2.20977e+09   2.20917e+09  2438756    0.03%
Elapsed time = 150.31 sec. (88716.03 ticks, tree = 61.07 MB, solutions = 27)
 1316407 191290   2.20917e+09     6   2.20977e+09   2.20917e+09  2562761    0.03%
 1316408 191289    infeasible         2.20977e+09   2.20917e+09  2562763    0.03%
 1316409 191288    infeasible         2.20977e+09   2.20917e+09  2562764    0.03%
 1316410 191287        cutoff         2.20977e+09   2.20917e+09  2562766    0.03%
 1316411 191286        cutoff         2.20977e+09   2.20917e+09  2562768    0.03%
 1316412 191287   2.20917e+09     4   2.20977e+09   2.20917e+09  2562771    0.03%
 1316413 191286        cutoff         2.20977e+09   2.20917e+09  2562779    0.03%
 1316414 191287   2.20927e+09     4   2.20977e+09   2.20917e+09  2562785    0.03%
 1316415 191286        cutoff         2.20977e+09   2.20917e+09  2562788    0.03%
 1316416 191285        cutoff         2.20977e+09   2.20917e+09  2562791    0.03%
Elapsed time = 155.95 sec. (92531.72 ticks, tree = 65.66 MB, solutions = 27)
 1373794 203964        cutoff         2.20977e+09   2.20917e+09  2687480    0.03%
 1373795 203965   2.20917e+09     6   2.20977e+09   2.20917e+09  2687482    0.03%
 1373796 203966   2.20917e+09     6   2.20977e+09   2.20917e+09  2687484    0.03%
 1373797 203967   2.20917e+09     6   2.20977e+09   2.20917e+09  2687485    0.03%
 1373798 203968   2.20917e+09     6   2.20977e+09   2.20917e+09  2687486    0.03%
 1373799 203969   2.20917e+09     6   2.20977e+09   2.20917e+09  2687487    0.03%
 1373800 203969   2.20917e+09     6   2.20977e+09   2.20917e+09  2687488    0.03%
 1373801 203968        cutoff         2.20977e+09   2.20917e+09  2687490    0.03%
 1373802 203969   2.20917e+09     4   2.20977e+09   2.20917e+09  2687492    0.03%
 1373803 203969   2.20917e+09     4   2.20977e+09   2.20917e+09  2687499    0.03%
Elapsed time = 161.65 sec. (96347.25 ticks, tree = 69.67 MB, solutions = 27)
 1430837 218351   2.20917e+09     6   2.20977e+09   2.20917e+09  2812178    0.03%
 1430838 218352   2.20917e+09     6   2.20977e+09   2.20917e+09  2812179    0.03%
 1430839 218352   2.20917e+09     6   2.20977e+09   2.20917e+09  2812185    0.03%
 1430840 218351        cutoff         2.20977e+09   2.20917e+09  2812189    0.03%
 1430841 218352   2.20917e+09     4   2.20977e+09   2.20917e+09  2812193    0.03%
 1430842 218353   2.20917e+09     6   2.20977e+09   2.20917e+09  2812194    0.03%
 1430843 218354   2.20917e+09     6   2.20977e+09   2.20917e+09  2812195    0.03%
 1430844 218355   2.20917e+09     4   2.20977e+09   2.20917e+09  2812196    0.03%
 1430845 218356   2.20917e+09     6   2.20977e+09   2.20917e+09  2812197    0.03%
 1430846 218356   2.20917e+09     6   2.20977e+09   2.20917e+09  2812199    0.03%
Elapsed time = 167.24 sec. (100162.59 ticks, tree = 74.24 MB, solutions = 27)
 1488819 232865   2.20917e+09     4   2.20977e+09   2.20917e+09  2938538    0.03%
 1488820 232866   2.20917e+09     4   2.20977e+09   2.20917e+09  2938539    0.03%
 1488821 232867   2.20917e+09     4   2.20977e+09   2.20917e+09  2938540    0.03%
 1488822 232868   2.20917e+09     4   2.20977e+09   2.20917e+09  2938542    0.03%
 1488823 232867        cutoff         2.20977e+09   2.20917e+09  2938545    0.03%
 1488824 232868   2.20917e+09     6   2.20977e+09   2.20917e+09  2938549    0.03%
 1488825 232869   2.20917e+09     6   2.20977e+09   2.20917e+09  2938550    0.03%
 1488826 232868        cutoff         2.20977e+09   2.20917e+09  2938552    0.03%
 1488827 232867        cutoff         2.20977e+09   2.20917e+09  2938553    0.03%
 1488828 232866        cutoff         2.20977e+09   2.20917e+09  2938555    0.03%
Elapsed time = 172.90 sec. (103977.71 ticks, tree = 80.43 MB, solutions = 27)
 1543337 245212   2.20917e+09     6   2.20977e+09   2.20917e+09  3062830    0.03%
 1543338 245211        cutoff         2.20977e+09   2.20917e+09  3062832    0.03%
 1543339 245212   2.20917e+09     6   2.20977e+09   2.20917e+09  3062833    0.03%
 1543340 245211        cutoff         2.20977e+09   2.20917e+09  3062834    0.03%
 1543341 245210    infeasible         2.20977e+09   2.20917e+09  3062834    0.03%
 1543342 245211   2.20917e+09     4   2.20977e+09   2.20917e+09  3062835    0.03%
 1543343 245212   2.20917e+09     4   2.20977e+09   2.20917e+09  3062836    0.03%
 1543344 245213   2.20917e+09     4   2.20977e+09   2.20917e+09  3062837    0.03%
 1543345 245214   2.20917e+09     4   2.20977e+09   2.20917e+09  3062840    0.03%
 1543346 245213        cutoff         2.20977e+09   2.20917e+09  3062842    0.03%
Elapsed time = 178.54 sec. (107792.95 ticks, tree = 84.37 MB, solutions = 27)
 1597122 257686   2.20917e+09     4   2.20977e+09   2.20917e+09  3186058    0.03%
 1597123 257685        cutoff         2.20977e+09   2.20917e+09  3186060    0.03%
 1597124 257684    infeasible         2.20977e+09   2.20917e+09  3186061    0.03%
 1597125 257683        cutoff         2.20977e+09   2.20917e+09  3186070    0.03%
 1597126 257684   2.20917e+09     5   2.20977e+09   2.20917e+09  3186075    0.03%
 1597127 257685   2.20917e+09     5   2.20977e+09   2.20917e+09  3186076    0.03%
 1597128 257686   2.20917e+09     6   2.20977e+09   2.20917e+09  3186078    0.03%
 1597129 257685        cutoff         2.20977e+09   2.20917e+09  3186080    0.03%
 1597130 257684    infeasible         2.20977e+09   2.20917e+09  3186080    0.03%
 1597131 257683        cutoff         2.20977e+09   2.20917e+09  3186082    0.03%
Elapsed time = 184.14 sec. (111608.49 ticks, tree = 88.35 MB, solutions = 27)
 1652026 270408   2.20917e+09     4   2.20977e+09   2.20917e+09  3312284    0.03%
 1652027 270407        cutoff         2.20977e+09   2.20917e+09  3312287    0.03%
 1652028 270408   2.20917e+09     6   2.20977e+09   2.20917e+09  3312290    0.03%
 1652029 270409   2.20917e+09     6   2.20977e+09   2.20917e+09  3312291    0.03%
 1652030 270410   2.20917e+09     4   2.20977e+09   2.20917e+09  3312293    0.03%
 1652031 270409        cutoff         2.20977e+09   2.20917e+09  3312295    0.03%
 1652032 270409   2.20917e+09     4   2.20977e+09   2.20917e+09  3312297    0.03%
 1652033 270408        cutoff         2.20977e+09   2.20917e+09  3312300    0.03%
 1652034 270409   2.20917e+09     6   2.20977e+09   2.20917e+09  3312301    0.03%
 1652035 270410   2.20917e+09     6   2.20977e+09   2.20917e+09  3312303    0.03%
Elapsed time = 189.73 sec. (115423.55 ticks, tree = 92.41 MB, solutions = 27)
 1705697 282226   2.20917e+09     4   2.20977e+09   2.20917e+09  3436628    0.03%
 1705698 282227   2.20917e+09     4   2.20977e+09   2.20917e+09  3436630    0.03%
 1705699 282228   2.20917e+09     4   2.20977e+09   2.20917e+09  3436633    0.03%
 1705700 282227        cutoff         2.20977e+09   2.20917e+09  3436635    0.03%
 1705701 282228   2.20917e+09     4   2.20977e+09   2.20917e+09  3436638    0.03%
 1705702 282229   2.20917e+09     4   2.20977e+09   2.20917e+09  3436640    0.03%
 1705703 282230   2.20917e+09     4   2.20977e+09   2.20917e+09  3436642    0.03%
 1705704 282231   2.20917e+09     4   2.20977e+09   2.20917e+09  3436643    0.03%
 1705705 282232   2.20917e+09     4   2.20977e+09   2.20917e+09  3436645    0.03%
 1705706 282231        cutoff         2.20977e+09   2.20917e+09  3436649    0.03%
Elapsed time = 197.53 sec. (119238.72 ticks, tree = 98.08 MB, solutions = 27)
 1758154 293922   2.20917e+09     6   2.20977e+09   2.20917e+09  3560845    0.03%
 1758155 293921        cutoff         2.20977e+09   2.20917e+09  3560847    0.03%
 1758156 293922   2.20917e+09     6   2.20977e+09   2.20917e+09  3560849    0.03%
 1758157 293923   2.20917e+09     6   2.20977e+09   2.20917e+09  3560852    0.03%
 1758158 293924   2.20917e+09     6   2.20977e+09   2.20917e+09  3560853    0.03%
 1758159 293925   2.20917e+09     6   2.20977e+09   2.20917e+09  3560855    0.03%
 1758160 293924        cutoff         2.20977e+09   2.20917e+09  3560859    0.03%
 1758161 293923        cutoff         2.20977e+09   2.20917e+09  3560864    0.03%
 1758162 293922        cutoff         2.20977e+09   2.20917e+09  3560866    0.03%
 1758163 293923   2.20917e+09     4   2.20977e+09   2.20917e+09  3560869    0.03%
Elapsed time = 206.41 sec. (123054.22 ticks, tree = 101.83 MB, solutions = 27)
 1812723 306629   2.20917e+09     6   2.20977e+09   2.20917e+09  3685861    0.03%
 1812724 306628        cutoff         2.20977e+09   2.20917e+09  3685867    0.03%
 1812725 306627    infeasible         2.20977e+09   2.20917e+09  3685870    0.03%
 1812726 306626        cutoff         2.20977e+09   2.20917e+09  3685872    0.03%
 1812727 306627   2.20917e+09     6   2.20977e+09   2.20917e+09  3685875    0.03%
 1812728 306628   2.20917e+09     6   2.20977e+09   2.20917e+09  3685876    0.03%
 1812729 306627        cutoff         2.20977e+09   2.20917e+09  3685878    0.03%
 1812730 306626        cutoff         2.20977e+09   2.20917e+09  3685879    0.03%
 1812731 306625        cutoff         2.20977e+09   2.20917e+09  3685881    0.03%
 1812732 306624        cutoff         2.20977e+09   2.20917e+09  3685883    0.03%
Elapsed time = 215.30 sec. (126869.51 ticks, tree = 105.89 MB, solutions = 27)
 1868893 319223   2.20917e+09     4   2.20977e+09   2.20917e+09  3812573    0.03%
 1868894 319224   2.20917e+09     4   2.20977e+09   2.20917e+09  3812574    0.03%
 1868895 319225   2.20917e+09     4   2.20977e+09   2.20917e+09  3812575    0.03%
 1868896 319226   2.20917e+09     4   2.20977e+09   2.20917e+09  3812578    0.03%
 1868897 319225        cutoff         2.20977e+09   2.20917e+09  3812580    0.03%
 1868898 319226   2.20917e+09     4   2.20977e+09   2.20917e+09  3812583    0.03%
 1868899 319225        cutoff         2.20977e+09   2.20917e+09  3812587    0.03%
 1868900 319226   2.20917e+09     6   2.20977e+09   2.20917e+09  3812589    0.03%
 1868901 319227   2.20917e+09     6   2.20977e+09   2.20917e+09  3812591    0.03%
 1868902 319228   2.20917e+09     6   2.20977e+09   2.20917e+09  3812593    0.03%
Elapsed time = 224.18 sec. (130684.60 ticks, tree = 109.90 MB, solutions = 27)
 1919805 329261   2.20917e+09     4   2.20977e+09   2.20917e+09  3935193    0.03%
 1919806 329262   2.20917e+09     3   2.20977e+09   2.20917e+09  3935196    0.03%
 1919807 329263   2.20917e+09     4   2.20977e+09   2.20917e+09  3935197    0.03%
 1919808 329264   2.20917e+09     4   2.20977e+09   2.20917e+09  3935198    0.03%
 1919809 329265   2.20917e+09     4   2.20977e+09   2.20917e+09  3935200    0.03%
 1919810 329266   2.20917e+09     4   2.20977e+09   2.20917e+09  3935201    0.03%
 1919811 329267   2.20917e+09     4   2.20977e+09   2.20917e+09  3935205    0.03%
 1919812 329268   2.20917e+09     6   2.20977e+09   2.20917e+09  3935206    0.03%
 1919813 329269   2.20917e+09     4   2.20977e+09   2.20917e+09  3935210    0.03%
 1919814 329268    infeasible         2.20977e+09   2.20917e+09  3935211    0.03%
Elapsed time = 233.05 sec. (134499.91 ticks, tree = 115.38 MB, solutions = 27)
 1966103 337181   2.20917e+09     6   2.20977e+09   2.20917e+09  4053245    0.03%
 1966104 337182   2.20917e+09     5   2.20977e+09   2.20917e+09  4053246    0.03%
 1966105 337183   2.20917e+09     6   2.20977e+09   2.20917e+09  4053247    0.03%
 1966106 337182    infeasible         2.20977e+09   2.20917e+09  4053247    0.03%
 1966107 337182   2.20917e+09     6   2.20977e+09   2.20917e+09  4053249    0.03%
 1966108 337181        cutoff         2.20977e+09   2.20917e+09  4053251    0.03%
 1966109 337182   2.20917e+09     6   2.20977e+09   2.20917e+09  4053253    0.03%
 1966110 337183   2.20917e+09     6   2.20977e+09   2.20917e+09  4053255    0.03%
 1966111 337184   2.20917e+09     6   2.20977e+09   2.20917e+09  4053256    0.03%
 1966112 337183    infeasible         2.20977e+09   2.20917e+09  4053256    0.03%
Elapsed time = 241.97 sec. (138315.28 ticks, tree = 117.94 MB, solutions = 27)
 2013709 345354   2.20936e+09     6   2.20977e+09   2.20917e+09  4172084    0.03%
 2013710 345355   2.20936e+09     6   2.20977e+09   2.20917e+09  4172085    0.03%
 2013711 345356   2.20936e+09     6   2.20977e+09   2.20917e+09  4172086    0.03%
 2013712 345355    infeasible         2.20977e+09   2.20917e+09  4172086    0.03%
 2013713 345354    infeasible         2.20977e+09   2.20917e+09  4172086    0.03%
 2013714 345355   2.20917e+09     6   2.20977e+09   2.20917e+09  4172088    0.03%
 2013715 345356   2.20917e+09     6   2.20977e+09   2.20917e+09  4172090    0.03%
 2013716 345357   2.20917e+09     5   2.20977e+09   2.20917e+09  4172094    0.03%
 2013717 345356        cutoff         2.20977e+09   2.20917e+09  4172098    0.03%
 2013718 345355    infeasible         2.20977e+09   2.20917e+09  4172100    0.03%
Elapsed time = 250.84 sec. (142130.77 ticks, tree = 120.57 MB, solutions = 27)
 2067263 356601   2.20917e+09     5   2.20977e+09   2.20917e+09  4295246    0.03%
 2067264 356602   2.20917e+09     5   2.20977e+09   2.20917e+09  4295247    0.03%
 2067265 356603   2.20917e+09     5   2.20977e+09   2.20917e+09  4295248    0.03%
 2067266 356604   2.20917e+09     4   2.20977e+09   2.20917e+09  4295250    0.03%
 2067267 356603        cutoff         2.20977e+09   2.20917e+09  4295252    0.03%
 2067268 356603   2.20917e+09     4   2.20977e+09   2.20917e+09  4295253    0.03%
 2067269 356603   2.20917e+09     4   2.20977e+09   2.20917e+09  4295255    0.03%
 2067270 356603   2.20917e+09     4   2.20977e+09   2.20917e+09  4295257    0.03%
 2067271 356603   2.20917e+09     4   2.20977e+09   2.20917e+09  4295259    0.03%
 2067272 356603   2.20917e+09     4   2.20977e+09   2.20917e+09  4295260    0.03%
Elapsed time = 259.68 sec. (145945.81 ticks, tree = 124.17 MB, solutions = 27)
 2121211 368219   2.20917e+09     4   2.20977e+09   2.20917e+09  4418788    0.03%
 2121212 368218        cutoff         2.20977e+09   2.20917e+09  4418790    0.03%
 2121213 368219   2.20917e+09     4   2.20977e+09   2.20917e+09  4418791    0.03%
 2121214 368220   2.20917e+09     4   2.20977e+09   2.20917e+09  4418792    0.03%
 2121215 368221   2.20917e+09     4   2.20977e+09   2.20917e+09  4418793    0.03%
 2121216 368222   2.20917e+09     4   2.20977e+09   2.20917e+09  4418794    0.03%
 2121217 368223   2.20917e+09     4   2.20977e+09   2.20917e+09  4418797    0.03%
 2121218 368222        cutoff         2.20977e+09   2.20917e+09  4418799    0.03%
 2121219 368223   2.20917e+09     5   2.20977e+09   2.20917e+09  4418802    0.03%
 2121220 368224   2.20917e+09     5   2.20977e+09   2.20917e+09  4418803    0.03%
Elapsed time = 268.51 sec. (149761.14 ticks, tree = 127.86 MB, solutions = 27)
 2172620 378884        cutoff         2.20977e+09   2.20917e+09  4541709    0.03%
 2172621 378883        cutoff         2.20977e+09   2.20917e+09  4541711    0.03%
 2172622 378882        cutoff         2.20977e+09   2.20917e+09  4541713    0.03%
 2172623 378881        cutoff         2.20977e+09   2.20917e+09  4541719    0.03%
 2172624 378880        cutoff         2.20977e+09   2.20917e+09  4541721    0.03%
 2172625 378881   2.20917e+09     4   2.20977e+09   2.20917e+09  4541722    0.03%
 2172626 378882   2.20917e+09     4   2.20977e+09   2.20917e+09  4541725    0.03%
 2172627 378881        cutoff         2.20977e+09   2.20917e+09  4541727    0.03%
 2172628 378882   2.20917e+09     6   2.20977e+09   2.20917e+09  4541731    0.03%
 2172629 378883   2.20917e+09     6   2.20977e+09   2.20917e+09  4541733    0.03%
Elapsed time = 277.41 sec. (153576.60 ticks, tree = 131.27 MB, solutions = 27)
 2228408 390495   2.20917e+09     6   2.20977e+09   2.20917e+09  4667020    0.03%
 2228409 390496   2.20917e+09     6   2.20977e+09   2.20917e+09  4667021    0.03%
 2228410 390496   2.20917e+09     6   2.20977e+09   2.20917e+09  4667022    0.03%
 2228411 390497   2.20917e+09     6   2.20977e+09   2.20917e+09  4667023    0.03%
 2228412 390498   2.20917e+09     6   2.20977e+09   2.20917e+09  4667024    0.03%
 2228413 390499   2.20917e+09     6   2.20977e+09   2.20917e+09  4667025    0.03%
 2228414 390500   2.20917e+09     6   2.20977e+09   2.20917e+09  4667026    0.03%
 2228415 390499    infeasible         2.20977e+09   2.20917e+09  4667026    0.03%
 2228416 390498        cutoff         2.20977e+09   2.20917e+09  4667030    0.03%
 2228417 390499   2.20917e+09     6   2.20977e+09   2.20917e+09  4667033    0.03%
Elapsed time = 286.29 sec. (157391.95 ticks, tree = 134.95 MB, solutions = 27)
 2287937 403881        cutoff         2.20977e+09   2.20917e+09  4793145    0.03%
 2287938 403882   2.20917e+09     6   2.20977e+09   2.20917e+09  4793146    0.03%
 2287939 403883   2.20917e+09     6   2.20977e+09   2.20917e+09  4793147    0.03%
 2287940 403882        cutoff         2.20977e+09   2.20917e+09  4793152    0.03%
 2287941 403882   2.20917e+09     4   2.20977e+09   2.20917e+09  4793154    0.03%
 2287942 403882   2.20917e+09     4   2.20977e+09   2.20917e+09  4793155    0.03%
 2287943 403881        cutoff         2.20977e+09   2.20917e+09  4793157    0.03%
 2287944 403882   2.20917e+09     6   2.20977e+09   2.20917e+09  4793160    0.03%
 2287945 403883   2.20917e+09     5   2.20977e+09   2.20917e+09  4793169    0.03%
 2287946 403882        cutoff         2.20977e+09   2.20917e+09  4793174    0.03%
Elapsed time = 295.14 sec. (161207.27 ticks, tree = 141.90 MB, solutions = 27)
 2344057 416383   2.20917e+09     6   2.20977e+09   2.20917e+09  4918269    0.03%
 2344058 416384   2.20917e+09     5   2.20977e+09   2.20917e+09  4918278    0.03%
 2344059 416383        cutoff         2.20977e+09   2.20917e+09  4918283    0.03%
 2344060 416382        cutoff         2.20977e+09   2.20917e+09  4918285    0.03%
 2344061 416381        cutoff         2.20977e+09   2.20917e+09  4918289    0.03%
 2344062 416382   2.20917e+09     6   2.20977e+09   2.20917e+09  4918291    0.03%
 2344063 416383   2.20917e+09     6   2.20977e+09   2.20917e+09  4918294    0.03%
 2344064 416384   2.20917e+09     6   2.20977e+09   2.20917e+09  4918296    0.03%
 2344065 416385   2.20917e+09     6   2.20977e+09   2.20917e+09  4918299    0.03%
 2344066 416386   2.20917e+09     6   2.20977e+09   2.20917e+09  4918300    0.03%
Elapsed time = 303.97 sec. (165022.84 ticks, tree = 145.87 MB, solutions = 27)
 2402758 430005        cutoff         2.20977e+09   2.20917e+09  5044103    0.03%
 2402759 430004        cutoff         2.20977e+09   2.20917e+09  5044111    0.03%
 2402760 430003        cutoff         2.20977e+09   2.20917e+09  5044113    0.03%
 2402761 430002        cutoff         2.20977e+09   2.20917e+09  5044116    0.03%
 2402762 430003   2.20917e+09     6   2.20977e+09   2.20917e+09  5044122    0.03%
 2402763 430002        cutoff         2.20977e+09   2.20917e+09  5044125    0.03%
 2402764 430001        cutoff         2.20977e+09   2.20917e+09  5044128    0.03%
 2402765 430002   2.20917e+09     6   2.20977e+09   2.20917e+09  5044130    0.03%
 2402766 430003   2.20917e+09     6   2.20977e+09   2.20917e+09  5044132    0.03%
 2402767 430004   2.20917e+09     5   2.20977e+09   2.20917e+09  5044136    0.03%
Elapsed time = 312.85 sec. (168838.67 ticks, tree = 150.18 MB, solutions = 27)
 2455981 441132   2.20966e+09     4   2.20977e+09   2.20917e+09  5167137    0.03%
 2455982 441132   2.20966e+09     4   2.20977e+09   2.20917e+09  5167143    0.03%
 2455983 441131    infeasible         2.20977e+09   2.20917e+09  5167143    0.03%
 2455984 441130        cutoff         2.20977e+09   2.20917e+09  5167148    0.03%
 2455985 441131   2.20966e+09     4   2.20977e+09   2.20917e+09  5167159    0.03%
 2455986 441130    infeasible         2.20977e+09   2.20917e+09  5167159    0.03%
 2455987 441129        cutoff         2.20977e+09   2.20917e+09  5167161    0.03%
 2455988 441128        cutoff         2.20977e+09   2.20917e+09  5167169    0.03%
 2455989 441127        cutoff         2.20977e+09   2.20917e+09  5167175    0.03%
 2455990 441128   2.20917e+09     4   2.20977e+09   2.20917e+09  5167178    0.03%
Elapsed time = 321.68 sec. (172657.42 ticks, tree = 153.74 MB, solutions = 27)
 2513230 444836        cutoff         2.20977e+09   2.20917e+09  5291787    0.03%
 2513231 444835        cutoff         2.20977e+09   2.20917e+09  5291790    0.03%
 2513232 444834        cutoff         2.20977e+09   2.20917e+09  5291793    0.03%
 2513233 444835   2.20917e+09     5   2.20977e+09   2.20917e+09  5291794    0.03%
 2513234 444836   2.20917e+09     5   2.20977e+09   2.20917e+09  5291795    0.03%
 2513235 444835        cutoff         2.20977e+09   2.20917e+09  5291797    0.03%
 2513236 444834        cutoff         2.20977e+09   2.20917e+09  5291798    0.03%
 2513237 444833        cutoff         2.20977e+09   2.20917e+09  5291801    0.03%
 2513238 444832        cutoff         2.20977e+09   2.20917e+09  5291805    0.03%
 2513239 444831        cutoff         2.20977e+09   2.20917e+09  5291808    0.03%
Elapsed time = 329.95 sec. (176472.98 ticks, tree = 154.88 MB, solutions = 27)
 2570952 451051        cutoff         2.20977e+09   2.20917e+09  5404096    0.03%
 2570953 451050    infeasible         2.20977e+09   2.20917e+09  5404096    0.03%
 2570954 451050   2.20917e+09     6   2.20977e+09   2.20917e+09  5404103    0.03%
 2570955 451049    infeasible         2.20977e+09   2.20917e+09  5404103    0.03%
 2570956 451048        cutoff         2.20977e+09   2.20917e+09  5404108    0.03%
 2570957 451047        cutoff         2.20977e+09   2.20917e+09  5404110    0.03%
 2570958 451047   2.20917e+09     5   2.20977e+09   2.20917e+09  5404119    0.03%
 2570959 451046        cutoff         2.20977e+09   2.20917e+09  5404123    0.03%
 2570960 451047   2.20917e+09     6   2.20977e+09   2.20917e+09  5404125    0.03%
 2570961 451048   2.20917e+09     5   2.20977e+09   2.20917e+09  5404128    0.03%
Elapsed time = 338.74 sec. (180288.16 ticks, tree = 156.71 MB, solutions = 27)
 2643093 470238   2.20917e+09     6   2.20977e+09   2.20917e+09  5510932    0.03%
 2643094 470239   2.20949e+09     5   2.20977e+09   2.20917e+09  5510934    0.03%
 2643095 470240   2.20949e+09     5   2.20977e+09   2.20917e+09  5510935    0.03%
 2643096 470239        cutoff         2.20977e+09   2.20917e+09  5510938    0.03%
 2643097 470240   2.20949e+09     5   2.20977e+09   2.20917e+09  5510940    0.03%
 2643098 470241   2.20949e+09     5   2.20977e+09   2.20917e+09  5510941    0.03%
 2643099 470242   2.20949e+09     5   2.20977e+09   2.20917e+09  5510942    0.03%
 2643100 470241        cutoff         2.20977e+09   2.20917e+09  5510945    0.03%
 2643101 470241   2.20949e+09     5   2.20977e+09   2.20917e+09  5510951    0.03%
 2643102 470240    infeasible         2.20977e+09   2.20917e+09  5510951    0.03%
Elapsed time = 347.43 sec. (184103.20 ticks, tree = 165.52 MB, solutions = 27)
*2698911 476247      integral     0   2.20966e+09   2.20917e+09  5591249    0.02%
*2704031+463128                       2.20952e+09   2.20917e+09             0.02%
 2715525 466187   2.20917e+09     5   2.20952e+09   2.20917e+09  5614577    0.02%
 2715526 466187   2.20917e+09     6   2.20952e+09   2.20917e+09  5614579    0.02%
 2715527 466187   2.20917e+09     5   2.20952e+09   2.20917e+09  5614581    0.02%
 2715528 466188   2.20917e+09     6   2.20952e+09   2.20917e+09  5614584    0.02%
 2715529 466187        cutoff         2.20952e+09   2.20917e+09  5614585    0.02%
 2715530 466187   2.20917e+09     6   2.20952e+09   2.20917e+09  5614587    0.02%
 2715531 466186        cutoff         2.20952e+09   2.20917e+09  5614589    0.02%
 2715532 466186   2.20917e+09     5   2.20952e+09   2.20917e+09  5614590    0.02%
 2715533 466187   2.20917e+09     5   2.20952e+09   2.20917e+09  5614592    0.02%
 2715534 466188   2.20917e+09     5   2.20952e+09   2.20917e+09  5614593    0.02%
Elapsed time = 356.12 sec. (187918.36 ticks, tree = 163.47 MB, solutions = 29)
 2784496 482959   2.20922e+09     5   2.20952e+09   2.20917e+09  5710141    0.02%
 2784497 482958        cutoff         2.20952e+09   2.20917e+09  5710143    0.02%
 2784498 482959   2.20922e+09     5   2.20952e+09   2.20917e+09  5710144    0.02%
 2784499 482960   2.20922e+09     5   2.20952e+09   2.20917e+09  5710146    0.02%
 2784500 482959        cutoff         2.20952e+09   2.20917e+09  5710148    0.02%
 2784501 482960   2.20922e+09     5   2.20952e+09   2.20917e+09  5710149    0.02%
 2784502 482959        cutoff         2.20952e+09   2.20917e+09  5710151    0.02%
 2784503 482958        cutoff         2.20952e+09   2.20917e+09  5710152    0.02%
 2784504 482959   2.20917e+09     6   2.20952e+09   2.20917e+09  5710154    0.02%
 2784505 482960   2.20917e+09     6   2.20952e+09   2.20917e+09  5710155    0.02%
Elapsed time = 364.71 sec. (191733.63 ticks, tree = 168.22 MB, solutions = 29)
 2854833 500743        cutoff         2.20952e+09   2.20917e+09  5807406    0.02%
 2854834 500744   2.20917e+09     6   2.20952e+09   2.20917e+09  5807408    0.02%
 2854835 500745   2.20917e+09     6   2.20952e+09   2.20917e+09  5807409    0.02%
 2854836 500746   2.20917e+09     6   2.20952e+09   2.20917e+09  5807410    0.02%
 2854837 500746   2.20917e+09     6   2.20952e+09   2.20917e+09  5807411    0.02%
 2854838 500746   2.20917e+09     6   2.20952e+09   2.20917e+09  5807413    0.02%
 2854839 500747   2.20917e+09     6   2.20952e+09   2.20917e+09  5807416    0.02%
 2854840 500748   2.20917e+09     6   2.20952e+09   2.20917e+09  5807417    0.02%
 2854841 500747    infeasible         2.20952e+09   2.20917e+09  5807417    0.02%
 2854842 500746        cutoff         2.20952e+09   2.20917e+09  5807418    0.02%
Elapsed time = 372.24 sec. (195548.62 ticks, tree = 173.24 MB, solutions = 29)
*2899174 505568      integral     0   2.20945e+09   2.20917e+09  5872250    0.01%
 2925827 513032   2.20917e+09     6   2.20945e+09   2.20917e+09  5910094    0.01%
 2925828 513033   2.20917e+09     6   2.20945e+09   2.20917e+09  5910096    0.01%
 2925829 513034   2.20917e+09     6   2.20945e+09   2.20917e+09  5910099    0.01%
 2925830 513035   2.20917e+09     5   2.20945e+09   2.20917e+09  5910101    0.01%
 2925831 513036   2.20917e+09     6   2.20945e+09   2.20917e+09  5910103    0.01%
 2925832 513037   2.20917e+09     6   2.20945e+09   2.20917e+09  5910104    0.01%
 2925833 513038   2.20917e+09     6   2.20945e+09   2.20917e+09  5910105    0.01%
 2925834 513039   2.20917e+09     5   2.20945e+09   2.20917e+09  5910107    0.01%
 2925835 513040   2.20917e+09     6   2.20945e+09   2.20917e+09  5910109    0.01%
 2925836 513039        cutoff         2.20945e+09   2.20917e+09  5910110    0.01%
Elapsed time = 380.50 sec. (199363.79 ticks, tree = 176.53 MB, solutions = 30)
 2993425 533485   2.20917e+09     6   2.20945e+09   2.20917e+09  6023608    0.01%
 2993426 533486   2.20917e+09     6   2.20945e+09   2.20917e+09  6023609    0.01%
 2993427 533485    infeasible         2.20945e+09   2.20917e+09  6023609    0.01%
 2993428 533486   2.20917e+09     6   2.20945e+09   2.20917e+09  6023610    0.01%
 2993429 533485    infeasible         2.20945e+09   2.20917e+09  6023610    0.01%
 2993430 533484        cutoff         2.20945e+09   2.20917e+09  6023613    0.01%
 2993431 533483        cutoff         2.20945e+09   2.20917e+09  6023618    0.01%
 2993432 533482        cutoff         2.20945e+09   2.20917e+09  6023627    0.01%
 2993433 533481        cutoff         2.20945e+09   2.20917e+09  6023632    0.01%
 2993434 533480        cutoff         2.20945e+09   2.20917e+09  6023636    0.01%
Elapsed time = 389.05 sec. (203179.21 ticks, tree = 182.58 MB, solutions = 30)
 3051244 547257   2.20917e+09     6   2.20945e+09   2.20917e+09  6139606    0.01%
 3051245 547258   2.20917e+09     6   2.20945e+09   2.20917e+09  6139607    0.01%
 3051246 547257    infeasible         2.20945e+09   2.20917e+09  6139607    0.01%
 3051247 547256    infeasible         2.20945e+09   2.20917e+09  6139607    0.01%
 3051248 547255        cutoff         2.20945e+09   2.20917e+09  6139608    0.01%
 3051249 547256   2.20917e+09     4   2.20945e+09   2.20917e+09  6139610    0.01%
 3051250 547257   2.20917e+09     4   2.20945e+09   2.20917e+09  6139612    0.01%
 3051251 547258   2.20917e+09     6   2.20945e+09   2.20917e+09  6139613    0.01%
 3051252 547259   2.20917e+09     5   2.20945e+09   2.20917e+09  6139619    0.01%
 3051253 547258    infeasible         2.20945e+09   2.20917e+09  6139621    0.01%
Elapsed time = 396.53 sec. (206994.29 ticks, tree = 187.01 MB, solutions = 30)
 3109493 561365        cutoff         2.20945e+09   2.20917e+09  6256251    0.01%
 3109494 561366   2.20917e+09     4   2.20945e+09   2.20917e+09  6256252    0.01%
 3109495 561367   2.20917e+09     4   2.20945e+09   2.20917e+09  6256254    0.01%
 3109496 561368   2.20917e+09     4   2.20945e+09   2.20917e+09  6256255    0.01%
 3109497 561369   2.20917e+09     6   2.20945e+09   2.20917e+09  6256257    0.01%
 3109498 561370   2.20917e+09     6   2.20945e+09   2.20917e+09  6256259    0.01%
 3109499 561371   2.20917e+09     6   2.20945e+09   2.20917e+09  6256261    0.01%
 3109500 561370    infeasible         2.20945e+09   2.20917e+09  6256261    0.01%
 3109501 561369    infeasible         2.20945e+09   2.20917e+09  6256261    0.01%
 3109502 561370   2.20917e+09     6   2.20945e+09   2.20917e+09  6256263    0.01%
Elapsed time = 405.44 sec. (210809.73 ticks, tree = 191.55 MB, solutions = 30)
 3169469 575383   2.20917e+09     4   2.20945e+09   2.20917e+09  6367850    0.01%
 3169470 575384   2.20917e+09     6   2.20945e+09   2.20917e+09  6367852    0.01%
 3169471 575385   2.20917e+09     4   2.20945e+09   2.20917e+09  6367854    0.01%
 3169472 575386   2.20917e+09     4   2.20945e+09   2.20917e+09  6367856    0.01%
 3169473 575387   2.20917e+09     4   2.20945e+09   2.20917e+09  6367857    0.01%
 3169474 575387   2.20917e+09     6   2.20945e+09   2.20917e+09  6367860    0.01%
 3169475 575388   2.20917e+09     6   2.20945e+09   2.20917e+09  6367862    0.01%
 3169476 575389   2.20917e+09     6   2.20945e+09   2.20917e+09  6367863    0.01%
 3169477 575388    infeasible         2.20945e+09   2.20917e+09  6367863    0.01%
 3169478 575387    infeasible         2.20945e+09   2.20917e+09  6367863    0.01%
Elapsed time = 414.31 sec. (214624.90 ticks, tree = 199.96 MB, solutions = 30)
 3226186 587561        cutoff         2.20945e+09   2.20917e+09  6482508    0.01%
 3226187 587560    infeasible         2.20945e+09   2.20917e+09  6482510    0.01%
 3226188 587559    infeasible         2.20945e+09   2.20917e+09  6482510    0.01%
 3226189 587558        cutoff         2.20945e+09   2.20917e+09  6482511    0.01%
 3226190 587557    infeasible         2.20945e+09   2.20917e+09  6482511    0.01%
 3226191 587556        cutoff         2.20945e+09   2.20917e+09  6482512    0.01%
 3226192 587555        cutoff         2.20945e+09   2.20917e+09  6482513    0.01%
 3226193 587554        cutoff         2.20945e+09   2.20917e+09  6482515    0.01%
 3226194 587553        cutoff         2.20945e+09   2.20917e+09  6482517    0.01%
 3226195 587552        cutoff         2.20945e+09   2.20917e+09  6482521    0.01%
Elapsed time = 421.27 sec. (218440.13 ticks, tree = 203.88 MB, solutions = 30)
 3280441 595907   2.20917e+09     4   2.20945e+09   2.20917e+09  6592748    0.01%
 3280442 595908   2.20917e+09     6   2.20945e+09   2.20917e+09  6592753    0.01%
 3280443 595907        cutoff         2.20945e+09   2.20917e+09  6592756    0.01%
 3280444 595908   2.20917e+09     6   2.20945e+09   2.20917e+09  6592757    0.01%
 3280445 595907    infeasible         2.20945e+09   2.20917e+09  6592757    0.01%
 3280446 595906    infeasible         2.20945e+09   2.20917e+09  6592757    0.01%
 3280447 595907   2.20917e+09     6   2.20945e+09   2.20917e+09  6592759    0.01%
 3280448 595908   2.20917e+09     5   2.20945e+09   2.20917e+09  6592760    0.01%
 3280449 595909   2.20917e+09     6   2.20945e+09   2.20917e+09  6592761    0.01%
 3280450 595908    infeasible         2.20945e+09   2.20917e+09  6592761    0.01%
Elapsed time = 426.92 sec. (222255.42 ticks, tree = 206.56 MB, solutions = 30)
 3335113 602363   2.20917e+09     5   2.20945e+09   2.20917e+09  6699953    0.01%
 3335114 602362    infeasible         2.20945e+09   2.20917e+09  6699953    0.01%
 3335115 602363   2.20917e+09     4   2.20945e+09   2.20917e+09  6699958    0.01%
 3335116 602364   2.20917e+09     4   2.20945e+09   2.20917e+09  6699962    0.01%
 3335117 602363        cutoff         2.20945e+09   2.20917e+09  6699966    0.01%
 3335118 602362    infeasible         2.20945e+09   2.20917e+09  6699969    0.01%
 3335119 602363   2.20917e+09     4   2.20945e+09   2.20917e+09  6699970    0.01%
 3335120 602364   2.20917e+09     4   2.20945e+09   2.20917e+09  6699971    0.01%
 3335121 602365   2.20917e+09     4   2.20945e+09   2.20917e+09  6699972    0.01%
 3335122 602366   2.20917e+09     4   2.20945e+09   2.20917e+09  6699973    0.01%
Elapsed time = 432.49 sec. (226070.97 ticks, tree = 208.68 MB, solutions = 30)
 3389851 607972   2.20917e+09     4   2.20945e+09   2.20917e+09  6807851    0.01%
 3389852 607973   2.20917e+09     4   2.20945e+09   2.20917e+09  6807853    0.01%
 3389853 607974   2.20917e+09     4   2.20945e+09   2.20917e+09  6807854    0.01%
 3389854 607975   2.20917e+09     4   2.20945e+09   2.20917e+09  6807855    0.01%
 3389855 607976   2.20917e+09     4   2.20945e+09   2.20917e+09  6807856    0.01%
 3389856 607977   2.20917e+09     4   2.20945e+09   2.20917e+09  6807857    0.01%
 3389857 607978   2.20917e+09     4   2.20945e+09   2.20917e+09  6807858    0.01%
 3389858 607979   2.20917e+09     4   2.20945e+09   2.20917e+09  6807859    0.01%
 3389859 607980   2.20917e+09     4   2.20945e+09   2.20917e+09  6807861    0.01%
 3389860 607979        cutoff         2.20945e+09   2.20917e+09  6807866    0.01%
Elapsed time = 439.46 sec. (229885.93 ticks, tree = 210.49 MB, solutions = 30)
 3450098 614095   2.20917e+09     4   2.20945e+09   2.20917e+09  6915888    0.01%
 3450099 614096   2.20917e+09     4   2.20945e+09   2.20917e+09  6915889    0.01%
 3450100 614095        cutoff         2.20945e+09   2.20917e+09  6915893    0.01%
 3450101 614096   2.20917e+09     4   2.20945e+09   2.20917e+09  6915894    0.01%
 3450102 614095        cutoff         2.20945e+09   2.20917e+09  6915898    0.01%
 3450103 614096   2.20917e+09     4   2.20945e+09   2.20917e+09  6915900    0.01%
 3450104 614095        cutoff         2.20945e+09   2.20917e+09  6915903    0.01%
 3450105 614094        cutoff         2.20945e+09   2.20917e+09  6915908    0.01%
 3450106 614095   2.20917e+09     4   2.20945e+09   2.20917e+09  6915913    0.01%
 3450107 614095   2.20917e+09     4   2.20945e+09   2.20917e+09  6915919    0.01%
Elapsed time = 446.53 sec. (233701.25 ticks, tree = 212.47 MB, solutions = 30)
*3455081+604759                       2.20940e+09   2.20917e+09             0.01%
 3506894 609723   2.20927e+09     4   2.20940e+09   2.20917e+09  7019377    0.01%
 3506895 609722    infeasible         2.20940e+09   2.20917e+09  7019377    0.01%
 3506896 609721    infeasible         2.20940e+09   2.20917e+09  7019377    0.01%
 3506897 609720        cutoff         2.20940e+09   2.20917e+09  7019378    0.01%
 3506898 609719        cutoff         2.20940e+09   2.20917e+09  7019380    0.01%
 3506899 609718        cutoff         2.20940e+09   2.20917e+09  7019387    0.01%
 3506900 609719   2.20917e+09     4   2.20940e+09   2.20917e+09  7019388    0.01%
 3506901 609720   2.20917e+09     4   2.20940e+09   2.20917e+09  7019389    0.01%
 3506902 609721   2.20917e+09     4   2.20940e+09   2.20917e+09  7019391    0.01%
 3506903 609721   2.20917e+09     5   2.20940e+09   2.20917e+09  7019395    0.01%
Elapsed time = 453.07 sec. (237516.74 ticks, tree = 211.09 MB, solutions = 31)
 3555761 613391   2.20917e+09     6   2.20940e+09   2.20917e+09  7119605    0.01%
 3555762 613392   2.20917e+09     5   2.20940e+09   2.20917e+09  7119606    0.01%
 3555763 613393   2.20917e+09     6   2.20940e+09   2.20917e+09  7119607    0.01%
 3555764 613392    infeasible         2.20940e+09   2.20917e+09  7119607    0.01%
 3555765 613391    infeasible         2.20940e+09   2.20917e+09  7119607    0.01%
 3555766 613390        cutoff         2.20940e+09   2.20917e+09  7119609    0.01%
 3555767 613389        cutoff         2.20940e+09   2.20917e+09  7119613    0.01%
 3555768 613388        cutoff         2.20940e+09   2.20917e+09  7119617    0.01%
 3555769 613387        cutoff         2.20940e+09   2.20917e+09  7119621    0.01%
 3555770 613386        cutoff         2.20940e+09   2.20917e+09  7119623    0.01%
Elapsed time = 458.82 sec. (241331.82 ticks, tree = 212.28 MB, solutions = 31)
*3589281+592860                       2.20926e+09   2.20917e+09             0.00%

Mixed integer rounding cuts applied:  1

Root node processing (before b&c):
  Real time             =    0.01 sec. (3.72 ticks)
Sequential b&c:
  Real time             =  462.45 sec. (244061.92 ticks)
                          ------------
Total (root+branch&cut) =  462.46 sec. (244065.63 ticks)

Solution pool: 32 solutions saved.

MIP - Integer optimal, tolerance (0.0001/1e-06):  Objective =  2.2092627290e+09
Current MIP best bound =  2.2091678220e+09 (gap = 94907, 0.00%)
Solution time =  462.46 sec.  Iterations = 7184455  Nodes = 3589281 (592861)
Deterministic time = 244065.63 ticks  (527.76 ticks/sec)


Incumbent solution written to file '/tmp/tmpkoFlLu.cplex.sol'.
