
Gurobi 6.5.2 (linux64) logging started Mon Mar  5 13:32:36 2018

Changed value of parameter LogFile to data/solutions/planning/degenerate/moderate/weighting/degenerate_moderate_instance39_gurobi.log
   Prev: gurobi.log  Default: 
Changed value of parameter Threads to 1
   Prev: 0  Min: 0  Max: 1024  Default: 0
Optimize a model with 47 rows, 217 columns and 437 nonzeros
Coefficient statistics:
  Matrix range    [1e+00, 1e+06]
  Objective range [1e+00, 3e+01]
  Bounds range    [1e+00, 1e+00]
  RHS range       [1e+00, 1e+00]
Presolve removed 3 rows and 3 columns
Presolve time: 0.00s
Presolved: 44 rows, 214 columns, 432 nonzeros
Variable types: 0 continuous, 214 integer (210 binary)
Found heuristic solution: objective 5.116933e+08
Warning: Markowitz tolerance tightened to 0.03125

Root relaxation: objective 1.678994e+08, 64 iterations, 0.00 seconds

    Nodes    |    Current Node    |     Objective Bounds      |     Work
 Expl Unexpl |  Obj  Depth IntInf | Incumbent    BestBd   Gap | It/Node Time

     0     0 1.6790e+08    0   12 5.1169e+08 1.6790e+08  67.2%     -    0s
H    0     0                    2.498219e+08 1.6790e+08  32.8%     -    0s
     0     0 1.6790e+08    0   19 2.4982e+08 1.6790e+08  32.8%     -    0s
H    0     0                    2.492837e+08 1.6790e+08  32.6%     -    0s
     0     0 1.6790e+08    0   20 2.4928e+08 1.6790e+08  32.6%     -    0s
     0     0 1.6790e+08    0   22 2.4928e+08 1.6790e+08  32.6%     -    0s
     0     0 1.6790e+08    0   17 2.4928e+08 1.6790e+08  32.6%     -    0s
H    0     0                    2.028632e+08 1.6790e+08  17.2%     -    0s
H    0     0                    2.020550e+08 1.6790e+08  16.9%     -    0s
     0     2 1.6790e+08    0   12 2.0205e+08 1.6790e+08  16.9%     -    0s
H   27    27                    2.013478e+08 1.6790e+08  16.6%   3.8    0s
H   54    50                    1.749764e+08 1.6790e+08  4.04%   2.7    0s
H  512   401                    1.713702e+08 1.6790e+08  2.03%   2.3    0s
H  518   385                    1.712581e+08 1.6790e+08  1.96%   2.3    0s
H  654   427                    1.699506e+08 1.6790e+08  1.21%   3.0    0s
H  735   437                    1.697586e+08 1.6790e+08  1.10%   3.1    0s
H 1855   954                    1.697188e+08 1.6790e+08  1.07%   2.8    0s
* 2654  1160              64    1.685211e+08 1.6790e+08  0.37%   2.9    0s
H 7538  3860                    1.684591e+08 1.6790e+08  0.33%   2.8    0s
*10299  5083              72    1.684119e+08 1.6790e+08  0.30%   2.8    1s
*25213  9596              59    1.682411e+08 1.6790e+08  0.20%   2.8    2s
H60966 23468                    1.682331e+08 1.6790e+08  0.20%   2.7    4s
 68002 26188 1.6790e+08   68    9 1.6823e+08 1.6790e+08  0.20%   2.7    5s
H110707 30791                    1.681398e+08 1.6790e+08  0.14%   2.7    8s
 135071 37214 1.6790e+08   66    8 1.6814e+08 1.6790e+08  0.14%   2.6   10s
 200322 49237 1.6796e+08   58   11 1.6814e+08 1.6790e+08  0.14%   2.4   15s
H229261 49699                    1.681015e+08 1.6790e+08  0.12%   2.4   17s
H246574 48147                    1.680770e+08 1.6790e+08  0.11%   2.4   18s
 260363 50115 1.6790e+08   56    8 1.6808e+08 1.6790e+08  0.11%   2.4   20s
H294841 54323                    1.680768e+08 1.6790e+08  0.11%   2.3   23s
 304238 55278 1.6790e+08   56    8 1.6808e+08 1.6790e+08  0.11%   2.3   25s
H331421 54400                    1.680598e+08 1.6790e+08  0.10%   2.3   28s
 355208 56981 1.6790e+08   50    8 1.6806e+08 1.6790e+08  0.10%   2.3   30s
 418290 63701 infeasible   62      1.6806e+08 1.6790e+08  0.10%   2.2   35s
 476862 71293 1.6790e+08   58    9 1.6806e+08 1.6790e+08  0.10%   2.2   40s
 530038 78781     cutoff   54      1.6806e+08 1.6790e+08  0.10%   2.2   45s
 593874 90751     cutoff   64      1.6806e+08 1.6790e+08  0.10%   2.2   50s
 658005 103683 1.6790e+08   36    9 1.6806e+08 1.6790e+08  0.10%   2.1   55s
 719745 112987 1.6790e+08   58    8 1.6806e+08 1.6790e+08  0.10%   2.1   60s
 779218 120990 1.6790e+08   76    9 1.6806e+08 1.6790e+08  0.10%   2.1   65s
 838103 130512 1.6805e+08   66   12 1.6806e+08 1.6790e+08  0.10%   2.1   70s
 906440 146100 1.6790e+08   55    8 1.6806e+08 1.6790e+08  0.10%   2.2   75s
 971710 159306 infeasible   67      1.6806e+08 1.6790e+08  0.10%   2.2   80s
 1045445 175988 1.6790e+08   53    9 1.6806e+08 1.6790e+08  0.10%   2.2   85s
 1121136 187962 1.6802e+08   61   13 1.6806e+08 1.6790e+08  0.10%   2.2   90s
 1202028 193202     cutoff   79      1.6806e+08 1.6790e+08  0.10%   2.1   95s
 1285712 197314 1.6797e+08   71    7 1.6806e+08 1.6790e+08  0.10%   2.1  100s
 1368493 203062     cutoff   77      1.6806e+08 1.6790e+08  0.10%   2.1  105s
H1421587 189371                    1.680409e+08 1.6790e+08  0.08%   2.1  108s
 1441810 194760 1.6800e+08   69   11 1.6804e+08 1.6790e+08  0.08%   2.1  110s
H1501848 199200                    1.680387e+08 1.6790e+08  0.08%   2.1  113s
H1513971 195401                    1.680337e+08 1.6790e+08  0.08%   2.1  114s
 1516483 195993 1.6790e+08   58    9 1.6803e+08 1.6790e+08  0.08%   2.1  115s
H1524827 181054                    1.680199e+08 1.6790e+08  0.07%   2.1  115s
 1578286 191675 1.6790e+08   49    8 1.6802e+08 1.6790e+08  0.07%   2.1  120s
 1635868 197594 1.6790e+08   66   11 1.6802e+08 1.6790e+08  0.07%   2.1  125s
 1691074 201188 1.6790e+08   64    9 1.6802e+08 1.6790e+08  0.07%   2.1  130s
 1744965 205235 1.6790e+08   66    9 1.6802e+08 1.6790e+08  0.07%   2.1  135s
H1752398 194159                    1.680094e+08 1.6790e+08  0.07%   2.1  135s
 1798843 198936     cutoff   55      1.6801e+08 1.6790e+08  0.07%   2.1  140s
H1835071 199733                    1.680076e+08 1.6790e+08  0.06%   2.1  142s
 1861566 201508     cutoff   59      1.6801e+08 1.6790e+08  0.06%   2.1  145s
 1928083 204703 1.6790e+08   68   11 1.6801e+08 1.6790e+08  0.06%   2.1  150s
 1990524 210657     cutoff   69      1.6801e+08 1.6790e+08  0.06%   2.1  155s
 2051022 215691 1.6790e+08   63    9 1.6801e+08 1.6790e+08  0.06%   2.1  160s
H2109804 219206                    1.680073e+08 1.6790e+08  0.06%   2.1  164s
 2113036 219431 1.6790e+08   60   11 1.6801e+08 1.6790e+08  0.06%   2.1  165s
 2170872 226020 1.6790e+08   59    9 1.6801e+08 1.6790e+08  0.06%   2.1  170s
 2227008 235149 infeasible   62      1.6801e+08 1.6790e+08  0.06%   2.1  175s
 2285017 244614 1.6790e+08   67   10 1.6801e+08 1.6790e+08  0.06%   2.1  180s
 2327921 251877 1.6790e+08   73    9 1.6801e+08 1.6790e+08  0.06%   2.1  185s
 2366274 254051 1.6790e+08   67   11 1.6801e+08 1.6790e+08  0.06%   2.1  190s
 2425523 258142 1.6797e+08   96    7 1.6801e+08 1.6790e+08  0.06%   2.1  195s
 2492680 266493 1.6795e+08   67   12 1.6801e+08 1.6790e+08  0.06%   2.1  200s
 2554107 274582     cutoff   73      1.6801e+08 1.6790e+08  0.06%   2.1  205s
 2623699 287464 1.6790e+08   60   12 1.6801e+08 1.6790e+08  0.06%   2.1  210s
 2688909 300964 1.6795e+08   65   10 1.6801e+08 1.6790e+08  0.06%   2.1  215s
 2753712 316421 1.6790e+08   52    8 1.6801e+08 1.6790e+08  0.06%   2.1  220s
 2809232 323632 1.6794e+08   60   11 1.6801e+08 1.6790e+08  0.06%   2.1  225s
H2864896 305196                    1.679951e+08 1.6790e+08  0.06%   2.1  228s
 2882643 308150 1.6790e+08   58    8 1.6800e+08 1.6790e+08  0.06%   2.1  230s
 2946706 321166 1.6790e+08   57    9 1.6800e+08 1.6790e+08  0.06%   2.1  235s
 3024355 324344 1.6790e+08   71    9 1.6800e+08 1.6790e+08  0.06%   2.1  240s
 3119183 326556 1.6790e+08   60    9 1.6800e+08 1.6790e+08  0.06%   2.1  245s
 3211642 329496 infeasible   69      1.6800e+08 1.6790e+08  0.06%   2.1  250s
 3292800 332782 infeasible   71      1.6800e+08 1.6790e+08  0.06%   2.1  255s
 3380421 335482 infeasible   72      1.6800e+08 1.6790e+08  0.06%   2.1  260s
 3468549 336751 1.6790e+08   49    9 1.6800e+08 1.6790e+08  0.06%   2.0  265s
 3559406 338628 1.6790e+08   61    9 1.6800e+08 1.6790e+08  0.06%   2.0  270s
 3632149 342698 1.6793e+08   68    8 1.6800e+08 1.6790e+08  0.06%   2.0  275s
 3702407 347869 1.6790e+08   58    9 1.6800e+08 1.6790e+08  0.06%   2.0  280s
 3782393 350263 1.6790e+08   68    9 1.6800e+08 1.6790e+08  0.06%   2.0  285s
 3866232 352544 1.6790e+08   59    9 1.6800e+08 1.6790e+08  0.06%   2.0  290s
 3951051 355436 1.6790e+08   69    8 1.6800e+08 1.6790e+08  0.06%   2.0  295s
 4031970 358557     cutoff   55      1.6800e+08 1.6790e+08  0.06%   2.0  300s
 4109280 364692 1.6799e+08   73   11 1.6800e+08 1.6790e+08  0.06%   2.0  305s
 4176074 367439 1.6797e+08   76   12 1.6800e+08 1.6790e+08  0.06%   2.0  310s
 4244725 369999     cutoff   66      1.6800e+08 1.6790e+08  0.06%   2.0  315s
 4313913 373491 1.6791e+08   69    9 1.6800e+08 1.6790e+08  0.06%   2.0  320s
 4379419 379205 1.6797e+08   58    7 1.6800e+08 1.6790e+08  0.06%   2.0  325s
 4452959 383996 1.6798e+08   79    7 1.6800e+08 1.6790e+08  0.06%   2.0  330s
 4519001 387921 1.6790e+08   66    9 1.6800e+08 1.6790e+08  0.06%   2.0  335s
 4599540 390965     cutoff   57      1.6800e+08 1.6790e+08  0.06%   2.0  340s
 4673042 396469 1.6790e+08   60    9 1.6800e+08 1.6790e+08  0.06%   2.0  345s
 4746079 401309 1.6790e+08   70    9 1.6800e+08 1.6790e+08  0.06%   2.0  350s
 4804790 403059 1.6790e+08   68   10 1.6800e+08 1.6790e+08  0.06%   2.0  355s
 4848000 406487     cutoff   55      1.6800e+08 1.6790e+08  0.06%   2.0  360s
 4893532 410464     cutoff   61      1.6800e+08 1.6790e+08  0.06%   2.0  365s
 4941859 412469 1.6790e+08   81    8 1.6800e+08 1.6790e+08  0.06%   2.0  370s
 4993913 414547 1.6790e+08   64    9 1.6800e+08 1.6790e+08  0.06%   2.0  375s
 5053547 416875 1.6790e+08   73    9 1.6800e+08 1.6790e+08  0.06%   2.0  380s
 5129824 418997 infeasible   70      1.6800e+08 1.6790e+08  0.06%   1.9  385s
 5210832 421250 infeasible   78      1.6800e+08 1.6790e+08  0.06%   1.9  390s
 5288501 425427 1.6790e+08   59    8 1.6800e+08 1.6790e+08  0.06%   1.9  395s
 5371117 429327 1.6790e+08   58    8 1.6800e+08 1.6790e+08  0.06%   1.9  400s
 5437692 435189 infeasible   61      1.6800e+08 1.6790e+08  0.06%   1.9  405s
 5514951 437722 1.6790e+08   70    8 1.6800e+08 1.6790e+08  0.06%   1.9  410s
 5601390 438964 1.6790e+08   57    8 1.6800e+08 1.6790e+08  0.06%   1.9  415s
 5686422 440109 1.6790e+08   59    9 1.6800e+08 1.6790e+08  0.06%   1.9  420s
 5753929 445003 1.6790e+08   60    9 1.6800e+08 1.6790e+08  0.06%   1.9  425s
 5817898 450104     cutoff   64      1.6800e+08 1.6790e+08  0.06%   1.9  430s
 5881975 457262 1.6790e+08   67   11 1.6800e+08 1.6790e+08  0.06%   1.9  435s
 5943638 464016 1.6790e+08   84    9 1.6800e+08 1.6790e+08  0.06%   1.9  440s
 5988574 469626 1.6790e+08   70    9 1.6800e+08 1.6790e+08  0.06%   1.9  445s
 6033012 475523 1.6790e+08   76   13 1.6800e+08 1.6790e+08  0.06%   1.9  450s
 6095230 481015     cutoff   68      1.6800e+08 1.6790e+08  0.06%   1.9  455s
 6141356 483436 1.6790e+08   62    9 1.6800e+08 1.6790e+08  0.06%   1.9  460s
 6185222 487469     cutoff   83      1.6800e+08 1.6790e+08  0.06%   1.9  465s
 6229500 491173 infeasible   69      1.6800e+08 1.6790e+08  0.06%   1.9  470s
 6283106 496750 1.6790e+08   52    9 1.6800e+08 1.6790e+08  0.06%   1.9  475s
 6329597 501766 infeasible   72      1.6800e+08 1.6790e+08  0.06%   1.9  480s
 6372894 506571 1.6790e+08   62   10 1.6800e+08 1.6790e+08  0.06%   1.9  485s
 6414491 510302 1.6790e+08   56   10 1.6800e+08 1.6790e+08  0.06%   2.0  490s
 6458484 513374 1.6790e+08   62    9 1.6800e+08 1.6790e+08  0.06%   2.0  495s
 6498439 515846 1.6790e+08   70   10 1.6800e+08 1.6790e+08  0.06%   2.0  500s
 6554465 519054 1.6790e+08   62    8 1.6800e+08 1.6790e+08  0.06%   2.0  505s
 6615017 522189 1.6790e+08   71    9 1.6800e+08 1.6790e+08  0.06%   2.0  510s
 6681888 531172 1.6790e+08   52   10 1.6800e+08 1.6790e+08  0.06%   2.0  515s
H6741243 543766                    1.679946e+08 1.6790e+08  0.06%   2.0  519s
H6741715 543854                    1.679946e+08 1.6790e+08  0.06%   2.0  519s
 6743184 544149     cutoff   71      1.6799e+08 1.6790e+08  0.06%   2.0  520s
H6774829 472849                    1.679724e+08 1.6790e+08  0.04%   2.0  523s
H6781973 463917                    1.679689e+08 1.6790e+08  0.04%   2.0  524s
 6785873 464447 1.6790e+08   57    9 1.6797e+08 1.6790e+08  0.04%   2.0  525s
 6842411 470689 1.6790e+08   57    9 1.6797e+08 1.6790e+08  0.04%   2.0  530s
 6912057 474201 1.6790e+08   63    8 1.6797e+08 1.6790e+08  0.04%   2.0  535s
 6956918 477072 1.6790e+08   77    9 1.6797e+08 1.6790e+08  0.04%   2.0  540s
H7005715 479301                    1.679686e+08 1.6790e+08  0.04%   2.0  543s
 7017453 480386 1.6790e+08   69   10 1.6797e+08 1.6790e+08  0.04%   2.0  545s
 7071112 486616 1.6790e+08   83    9 1.6797e+08 1.6790e+08  0.04%   2.0  550s
 7133590 491130     cutoff   86      1.6797e+08 1.6790e+08  0.04%   2.0  555s
 7197646 494950 1.6790e+08   82    9 1.6797e+08 1.6790e+08  0.04%   2.0  560s
 7251980 497474 1.6790e+08   83   10 1.6797e+08 1.6790e+08  0.04%   2.0  565s
 7315632 499458 infeasible   81      1.6797e+08 1.6790e+08  0.04%   2.0  570s
 7369755 501029 1.6790e+08   80    9 1.6797e+08 1.6790e+08  0.04%   2.0  575s
 7421390 503303 infeasible   76      1.6797e+08 1.6790e+08  0.04%   2.0  580s
 7458847 504092 infeasible   87      1.6797e+08 1.6790e+08  0.04%   2.0  585s
 7499946 507080 1.6790e+08   87    9 1.6797e+08 1.6790e+08  0.04%   2.0  590s
 7540142 507853 1.6790e+08   89    9 1.6797e+08 1.6790e+08  0.04%   2.0  595s
 7585571 511724 1.6790e+08   68    9 1.6797e+08 1.6790e+08  0.04%   2.0  600s
H7591779 508868                    1.679677e+08 1.6790e+08  0.04%   2.0  600s
 7654796 514176 1.6790e+08   55    9 1.6797e+08 1.6790e+08  0.04%   2.0  605s
 7722141 520219     cutoff   67      1.6797e+08 1.6790e+08  0.04%   2.0  610s
H7722396 506957                    1.679635e+08 1.6790e+08  0.04%   2.0  610s
H7724708 499466                    1.679610e+08 1.6790e+08  0.04%   2.0  610s
 7783378 503628 1.6790e+08   57    9 1.6796e+08 1.6790e+08  0.04%   2.0  615s
 7847160 508718     cutoff   67      1.6796e+08 1.6790e+08  0.04%   2.0  620s
 7910080 512237 1.6790e+08   69   11 1.6796e+08 1.6790e+08  0.04%   2.0  625s
 7977183 515966 1.6790e+08   61   11 1.6796e+08 1.6790e+08  0.04%   2.0  630s
 8045258 519562 1.6792e+08   60    9 1.6796e+08 1.6790e+08  0.04%   2.0  635s
 8113076 523708     cutoff   70      1.6796e+08 1.6790e+08  0.04%   2.0  640s
H8153751 526603                    1.679593e+08 1.6790e+08  0.04%   2.0  644s
 8157170 527403 1.6790e+08   65   10 1.6796e+08 1.6790e+08  0.04%   2.0  645s
 8195686 533374 1.6790e+08   53    9 1.6796e+08 1.6790e+08  0.04%   2.0  650s
 8241314 540750 1.6790e+08   53    9 1.6796e+08 1.6790e+08  0.04%   2.0  655s
H8249075 541036                    1.679593e+08 1.6790e+08  0.04%   2.0  655s
 8285331 546072 1.6794e+08   71   10 1.6796e+08 1.6790e+08  0.04%   2.0  660s
 8331226 552535 1.6790e+08   73   11 1.6796e+08 1.6790e+08  0.04%   2.0  665s
 8377463 560574     cutoff   64      1.6796e+08 1.6790e+08  0.04%   2.0  670s
 8423896 568297 1.6790e+08   57    9 1.6796e+08 1.6790e+08  0.04%   2.0  675s
 8470686 574480 infeasible   67      1.6796e+08 1.6790e+08  0.04%   2.0  680s
 8518651 579102 1.6790e+08   56    8 1.6796e+08 1.6790e+08  0.04%   2.0  685s
 8565505 585153 1.6791e+08   64    6 1.6796e+08 1.6790e+08  0.04%   2.0  690s
 8609657 590689 1.6794e+08   71    7 1.6796e+08 1.6790e+08  0.04%   2.0  695s
 8654284 601124 1.6790e+08   71    8 1.6796e+08 1.6790e+08  0.04%   2.0  700s
H8702496 607012                    1.679593e+08 1.6790e+08  0.04%   2.0  703s
 8717344 607492 1.6790e+08   61   11 1.6796e+08 1.6790e+08  0.04%   2.0  705s
 8793576 610590 1.6791e+08   75    8 1.6796e+08 1.6790e+08  0.04%   2.0  710s
 8872628 614702 infeasible   66      1.6796e+08 1.6790e+08  0.04%   2.0  715s
 8939714 616445 1.6790e+08   72    9 1.6796e+08 1.6790e+08  0.04%   2.0  720s
 9015533 617048 1.6790e+08   68    8 1.6796e+08 1.6790e+08  0.04%   2.0  725s
 9088342 618749 1.6790e+08   67    9 1.6796e+08 1.6790e+08  0.04%   2.0  730s
 9161232 619972     cutoff   78      1.6796e+08 1.6790e+08  0.04%   2.0  735s
 9223996 621356 1.6790e+08   67    9 1.6796e+08 1.6790e+08  0.04%   2.0  740s
 9287194 624960 1.6790e+08   86    9 1.6796e+08 1.6790e+08  0.04%   2.0  745s
 9354016 628947 1.6790e+08   67    9 1.6796e+08 1.6790e+08  0.04%   2.0  750s
 9398829 632629 1.6790e+08   67    9 1.6796e+08 1.6790e+08  0.04%   2.0  755s
 9471054 637844     cutoff   60      1.6796e+08 1.6790e+08  0.04%   2.0  760s
 9541549 642241 1.6790e+08   69   10 1.6796e+08 1.6790e+08  0.04%   2.0  765s
H9574859 644475                    1.679593e+08 1.6790e+08  0.04%   2.0  767s
 9611214 647330 infeasible   81      1.6796e+08 1.6790e+08  0.04%   2.0  770s
 9671301 652295 1.6790e+08   64    9 1.6796e+08 1.6790e+08  0.04%   2.0  775s
 9744489 658796     cutoff   46      1.6796e+08 1.6790e+08  0.04%   2.0  780s
 9814121 662023 1.6792e+08   62    9 1.6796e+08 1.6790e+08  0.04%   2.0  785s
 9882554 669447 1.6790e+08   71   11 1.6796e+08 1.6790e+08  0.04%   2.0  790s
 9942647 672694 1.6790e+08   88    8 1.6796e+08 1.6790e+08  0.04%   2.0  795s
 10001434 675227 infeasible   78      1.6796e+08 1.6790e+08  0.04%   2.0  800s
 10068168 678556 1.6790e+08   62    9 1.6796e+08 1.6790e+08  0.04%   2.0  805s
 10116738 686853 1.6792e+08   67    8 1.6796e+08 1.6790e+08  0.04%   2.0  810s
 10165205 692183 1.6790e+08   76    9 1.6796e+08 1.6790e+08  0.04%   2.0  815s
 10210700 694633 1.6790e+08   81    9 1.6796e+08 1.6790e+08  0.04%   2.0  820s
 10282876 701344 1.6790e+08   57   10 1.6796e+08 1.6790e+08  0.04%   2.0  825s
 10355720 705748 1.6790e+08   72   10 1.6796e+08 1.6790e+08  0.04%   2.0  830s
 10429542 711526 1.6790e+08   56    9 1.6796e+08 1.6790e+08  0.04%   2.0  835s
 10502219 715707 1.6790e+08   57    9 1.6796e+08 1.6790e+08  0.04%   2.0  840s
 10571503 721077     cutoff   71      1.6796e+08 1.6790e+08  0.04%   2.0  845s
 10644979 729015 1.6790e+08   77    9 1.6796e+08 1.6790e+08  0.04%   2.0  850s
 10713747 736554 1.6790e+08   60    8 1.6796e+08 1.6790e+08  0.04%   2.0  855s
 10790144 743714 1.6793e+08   76   10 1.6796e+08 1.6790e+08  0.04%   2.0  860s
 10864162 750723     cutoff   65      1.6796e+08 1.6790e+08  0.04%   2.0  865s
 10935934 756286 infeasible   63      1.6796e+08 1.6790e+08  0.04%   2.0  870s
 11014142 761067 1.6790e+08   69    9 1.6796e+08 1.6790e+08  0.04%   2.0  875s
 11088891 767948 1.6790e+08   56    9 1.6796e+08 1.6790e+08  0.04%   2.0  880s
 11157623 772022 1.6790e+08   67    8 1.6796e+08 1.6790e+08  0.04%   2.0  885s
 11225298 775836 1.6790e+08   78    9 1.6796e+08 1.6790e+08  0.04%   2.0  890s
 11287953 781877     cutoff   54      1.6796e+08 1.6790e+08  0.04%   2.0  895s
 11356337 789189 1.6790e+08   82   10 1.6796e+08 1.6790e+08  0.04%   2.0  900s
 11425536 795544 1.6796e+08   65    7 1.6796e+08 1.6790e+08  0.04%   2.0  905s
 11497354 800574 1.6790e+08   54    9 1.6796e+08 1.6790e+08  0.04%   2.0  910s
 11566916 803931 1.6790e+08   69    9 1.6796e+08 1.6790e+08  0.04%   2.0  915s
 11635957 810237 infeasible   59      1.6796e+08 1.6790e+08  0.04%   2.0  920s
 11703414 815046     cutoff   58      1.6796e+08 1.6790e+08  0.04%   2.0  925s
 11778073 819477 1.6790e+08   68    9 1.6796e+08 1.6790e+08  0.04%   2.0  930s
 11841292 822199 infeasible   72      1.6796e+08 1.6790e+08  0.04%   2.0  935s
 11911540 825700 1.6792e+08   69    7 1.6796e+08 1.6790e+08  0.04%   2.0  940s
 11978756 828601     cutoff   90      1.6796e+08 1.6790e+08  0.04%   2.0  945s
 12041406 832035 1.6790e+08   63    8 1.6796e+08 1.6790e+08  0.04%   2.0  950s
 12108128 841218 1.6790e+08   82    9 1.6796e+08 1.6790e+08  0.04%   2.0  955s
 12173256 851565 1.6794e+08   78    8 1.6796e+08 1.6790e+08  0.04%   2.0  960s
 12244905 857162     cutoff   80      1.6796e+08 1.6790e+08  0.04%   2.0  965s
 12316652 862569 1.6790e+08   71   11 1.6796e+08 1.6790e+08  0.04%   2.0  970s
 12384626 866222 1.6790e+08   72    9 1.6796e+08 1.6790e+08  0.04%   2.0  975s
 12455981 872290     cutoff   70      1.6796e+08 1.6790e+08  0.04%   2.0  980s
 12527278 876104 1.6790e+08   74   10 1.6796e+08 1.6790e+08  0.04%   2.0  985s
 12599840 880524 1.6790e+08   69    9 1.6796e+08 1.6790e+08  0.04%   2.0  990s
 12671363 884996 1.6790e+08   66    9 1.6796e+08 1.6790e+08  0.04%   2.0  995s

Cutting planes:
  Cover: 4
  MIR: 3
  Flow cover: 4

Explored 12737980 nodes (25579149 simplex iterations) in 1000.00 seconds
Thread count was 1 (of 8 available processors)

Time limit reached
Best objective 1.679593060007e+08, best bound 1.678993790000e+08, gap 0.0357%
