
Gurobi 6.5.2 (linux64) logging started Sat Mar  3 09:47:33 2018

Changed value of parameter LogFile to data/solutions/planning/wellformed/intermediate/weighting/wellformed_intermediate_instance64_gurobi.log
   Prev: gurobi.log  Default: 
Changed value of parameter Threads to 1
   Prev: 0  Min: 0  Max: 1024  Default: 0
Optimize a model with 328 rows, 4215 columns and 8441 nonzeros
Coefficient statistics:
  Matrix range    [1e+00, 1e+04]
  Objective range [1e+00, 8e+03]
  Bounds range    [1e+00, 1e+00]
  RHS range       [1e+00, 1e+00]
Presolve removed 3 rows and 3 columns
Presolve time: 0.01s
Presolved: 325 rows, 4212 columns, 8436 nonzeros
Variable types: 0 continuous, 4212 integer (4200 binary)
Found heuristic solution: objective 1.219991e+10

Root relaxation: objective 1.742738e+09, 467 iterations, 0.01 seconds

    Nodes    |    Current Node    |     Objective Bounds      |     Work
 Expl Unexpl |  Obj  Depth IntInf | Incumbent    BestBd   Gap | It/Node Time

     0     0 1.7427e+09    0   32 1.2200e+10 1.7427e+09  85.7%     -    0s
H    0     0                    2.322737e+09 1.7427e+09  25.0%     -    0s
     0     0 1.7427e+09    0   55 2.3227e+09 1.7427e+09  25.0%     -    0s
     0     0 1.7427e+09    0   52 2.3227e+09 1.7427e+09  25.0%     -    0s
     0     0 1.7427e+09    0   52 2.3227e+09 1.7427e+09  25.0%     -    0s
     0     0 1.7427e+09    0   50 2.3227e+09 1.7427e+09  25.0%     -    0s
     0     0 1.7427e+09    0   56 2.3227e+09 1.7427e+09  25.0%     -    0s
     0     0 1.7427e+09    0   37 2.3227e+09 1.7427e+09  25.0%     -    0s
     0     2 1.7427e+09    0   30 2.3227e+09 1.7427e+09  25.0%     -    0s
H   27    27                    1.792858e+09 1.7427e+09  2.80%  17.2    0s
H  688   688                    1.792655e+09 1.7427e+09  2.78%   3.9    0s
H 1118  1099                    1.792552e+09 1.7427e+09  2.78%   5.8    1s
H 1120  1045                    1.792362e+09 1.7427e+09  2.77%   5.8    1s
H 1161  1019                    1.792355e+09 1.7427e+09  2.77%   8.7    2s
H 1580  1248                    1.792355e+09 1.7427e+09  2.77%   7.7    3s
  2348  1682 1.7427e+09  516   22 1.7924e+09 1.7427e+09  2.77%   6.6    5s
H 2746  1734                    1.791291e+09 1.7427e+09  2.71%   6.6    5s
H 2816  1705                    1.790279e+09 1.7427e+09  2.66%   6.5    5s
H 2979  1751                    1.790273e+09 1.7427e+09  2.65%   6.4    6s
H 3976  1972                    1.786772e+09 1.7427e+09  2.46%   7.2    7s
H 4971  2230                    1.786724e+09 1.7427e+09  2.46%   7.3    8s
H 5203  2268                    1.786365e+09 1.7427e+09  2.44%   7.3    8s
  5972  2237 infeasible  657      1.7864e+09 1.7427e+09  2.44%   7.3   10s
H 7695  2513                    1.785831e+09 1.7427e+09  2.41%   8.0   12s
H 7951  2616                    1.777272e+09 1.7427e+09  1.94%   8.0   12s
H 9943  3147                    1.776671e+09 1.7427e+09  1.91%   7.6   14s
 10202  3215 infeasible  691      1.7767e+09 1.7427e+09  1.91%   7.5   15s
H15017  3177                    1.776661e+09 1.7427e+09  1.91%   6.9   18s
H15696  3214                    1.773325e+09 1.7427e+09  1.72%   6.9   19s
 16328  3183 infeasible  682      1.7733e+09 1.7427e+09  1.72%   6.8   20s
H16967  3140                    1.763313e+09 1.7427e+09  1.17%   6.8   20s
H17059  3110                    1.762486e+09 1.7427e+09  1.12%   6.8   20s
H17089  3112                    1.762486e+09 1.7427e+09  1.12%   6.8   20s
H17693  3134                    1.761044e+09 1.7427e+09  1.04%   6.8   21s
H17897  3125                    1.758493e+09 1.7427e+09  0.90%   6.8   21s
H18121  3130                    1.757933e+09 1.7427e+09  0.86%   6.8   21s
H18182  3128                    1.757932e+09 1.7427e+09  0.86%   6.8   21s
H18650  3153                    1.757923e+09 1.7427e+09  0.86%   6.8   22s
H18978  3171                    1.757923e+09 1.7427e+09  0.86%   6.7   22s
H19377  3135                    1.757922e+09 1.7427e+09  0.86%   6.7   22s
H19566  3127                    1.756560e+09 1.7427e+09  0.79%   6.8   23s
H20355  3152                    1.756483e+09 1.7427e+09  0.78%   6.7   23s
H20569  3142                    1.756480e+09 1.7427e+09  0.78%   6.7   23s
H20888  3174                    1.756381e+09 1.7427e+09  0.78%   6.7   24s
H21147  3141                    1.756362e+09 1.7427e+09  0.78%   6.8   24s
H21271  3130                    1.755016e+09 1.7427e+09  0.70%   6.8   24s
H21499  3124                    1.753000e+09 1.7427e+09  0.59%   6.7   24s
H21635  3060                    1.748801e+09 1.7427e+09  0.35%   6.7   24s
 21724  3053 1.7427e+09  677   16 1.7488e+09 1.7427e+09  0.35%   6.7   25s
H22651  3097                    1.748800e+09 1.7427e+09  0.35%   6.7   25s
H23281  3182                    1.748757e+09 1.7427e+09  0.34%   6.7   26s
H23543  3222                    1.748642e+09 1.7427e+09  0.34%   6.7   26s
H24547  3242                    1.748557e+09 1.7427e+09  0.33%   6.8   27s
H24696  3223                    1.748260e+09 1.7427e+09  0.32%   6.8   27s
H25262  3245                    1.748057e+09 1.7427e+09  0.30%   6.8   28s
H26381  3255                    1.748039e+09 1.7427e+09  0.30%   6.8   29s
H26500  3262                    1.748013e+09 1.7427e+09  0.30%   6.8   29s
H26607  3237                    1.747711e+09 1.7427e+09  0.28%   6.8   29s
H27245  3241                    1.747628e+09 1.7427e+09  0.28%   6.8   29s
 27268  3240 infeasible  665      1.7476e+09 1.7427e+09  0.28%   6.8   30s
H27960  3244                    1.747625e+09 1.7427e+09  0.28%   6.8   30s
H31129  3183                    1.746201e+09 1.7427e+09  0.20%   6.7   33s
H31347  3181                    1.746020e+09 1.7427e+09  0.19%   6.7   33s
H31710  3153                    1.745529e+09 1.7427e+09  0.16%   6.7   33s
H32375  3168                    1.745528e+09 1.7427e+09  0.16%   6.8   34s
 33191  3171 infeasible  671      1.7455e+09 1.7427e+09  0.16%   6.8   35s
H33390  3234                    1.745528e+09 1.7427e+09  0.16%   6.8   35s
H34279  3358                    1.745505e+09 1.7427e+09  0.16%   6.8   35s
H35879  3366                    1.745492e+09 1.7427e+09  0.16%   6.9   37s
H36497  3358                    1.745200e+09 1.7427e+09  0.14%   6.9   37s
H36553  3362                    1.745189e+09 1.7427e+09  0.14%   6.9   37s
H36580  3355                    1.745154e+09 1.7427e+09  0.14%   6.9   37s
H37917  3455                    1.745134e+09 1.7427e+09  0.14%   7.0   39s
H38353  3491                    1.745129e+09 1.7427e+09  0.14%   7.0   39s
 39089  3503 1.7427e+09  669   16 1.7451e+09 1.7427e+09  0.14%   7.0   40s
H41934  3607                    1.745104e+09 1.7427e+09  0.14%   7.0   42s
H42069  3622                    1.745101e+09 1.7427e+09  0.14%   7.0   42s
H45151  3676                    1.745096e+09 1.7427e+09  0.13%   7.1   44s
 45184  3681 1.7427e+09  667   16 1.7451e+09 1.7427e+09  0.13%   7.1   45s
H45907  3681                    1.745096e+09 1.7427e+09  0.13%   7.1   45s
H50472  3740                    1.745096e+09 1.7427e+09  0.13%   7.1   49s
 50618  3747 infeasible  673      1.7451e+09 1.7427e+09  0.13%   7.1   50s
H51047  3747                    1.745094e+09 1.7427e+09  0.13%   7.1   50s
 55557  3999 1.7427e+09  670   14 1.7451e+09 1.7427e+09  0.13%   7.0   55s
H58607  4100                    1.745089e+09 1.7427e+09  0.13%   7.1   57s
 61395  4353 infeasible  665      1.7451e+09 1.7427e+09  0.13%   7.0   60s
 66941  5398 1.7427e+09  652   17 1.7451e+09 1.7427e+09  0.13%   7.0   65s
H69356  5849                    1.745087e+09 1.7427e+09  0.13%   6.9   67s
H71935  5992                    1.745087e+09 1.7427e+09  0.13%   6.8   69s
 72611  6093 infeasible  663      1.7451e+09 1.7427e+09  0.13%   6.8   70s
H74310  6351                    1.745013e+09 1.7427e+09  0.13%   6.8   71s
H75128  6417                    1.745009e+09 1.7427e+09  0.13%   6.7   72s
H76244  6552                    1.744963e+09 1.7427e+09  0.13%   6.7   73s
H77854  6646                    1.744873e+09 1.7427e+09  0.12%   6.7   74s
H78452  6788                    1.744853e+09 1.7427e+09  0.12%   6.7   74s
 78500  6792 1.7427e+09  645   16 1.7449e+09 1.7427e+09  0.12%   6.7   75s
H80825  6950                    1.744819e+09 1.7427e+09  0.12%   6.7   77s
H81173  6925                    1.744717e+09 1.7427e+09  0.11%   6.6   77s
 84449  7189 1.7427e+09  658   16 1.7447e+09 1.7427e+09  0.11%   6.6   80s
H85280  7212                    1.744704e+09 1.7427e+09  0.11%   6.6   80s
H85615  7225                    1.744691e+09 1.7427e+09  0.11%   6.5   81s
H86528  7306                    1.744315e+09 1.7427e+09  0.09%   6.5   81s
 90117  7677 infeasible  660      1.7443e+09 1.7427e+09  0.09%   6.5   85s
H90158  7670                    1.744315e+09 1.7427e+09  0.09%   6.5   85s
H94649  7893                    1.744313e+09 1.7427e+09  0.09%   6.4   90s
H95089  7919                    1.744304e+09 1.7427e+09  0.09%   6.4   90s
H97795  8159                    1.744245e+09 1.7427e+09  0.09%   6.4   92s
H97892  8162                    1.744242e+09 1.7427e+09  0.09%   6.4   92s
H99612  8492                    1.744221e+09 1.7427e+09  0.08%   6.4   94s
H100065  8609                    1.744204e+09 1.7427e+09  0.08%   6.4   94s
 100092  8622 1.7427e+09  652   17 1.7442e+09 1.7427e+09  0.08%   6.4   95s
H101311  8884                    1.743889e+09 1.7427e+09  0.07%   6.4   96s
H103618  9097                    1.743888e+09 1.7427e+09  0.07%   6.3   98s
 105959  9348 1.7427e+09  653   16 1.7439e+09 1.7427e+09  0.07%   6.3  100s
H109742  9447                    1.743859e+09 1.7427e+09  0.06%   6.3  103s
H111087  9621                    1.743687e+09 1.7427e+09  0.05%   6.3  104s
 111146  9632 infeasible  659      1.7437e+09 1.7427e+09  0.05%   6.3  105s
 116328 10165 1.7427e+09  668   15 1.7437e+09 1.7427e+09  0.05%   6.2  110s
 121102 10418 1.7427e+09  646   16 1.7437e+09 1.7427e+09  0.05%   6.2  115s
 125012 10656 infeasible  654      1.7437e+09 1.7427e+09  0.05%   6.2  120s
 129433 10754 1.7427e+09  653   17 1.7437e+09 1.7427e+09  0.05%   6.2  125s
 134021 10914 1.7427e+09  662   16 1.7437e+09 1.7427e+09  0.05%   6.2  130s
 138923 11356 1.7427e+09  670   16 1.7437e+09 1.7427e+09  0.05%   6.2  135s
 144299 11794 infeasible  665      1.7437e+09 1.7427e+09  0.05%   6.1  140s
 149189 12186 1.7427e+09  668   17 1.7437e+09 1.7427e+09  0.05%   6.1  145s
 153709 12468 infeasible  663      1.7437e+09 1.7427e+09  0.05%   6.1  150s
 158817 12762 infeasible  658      1.7437e+09 1.7427e+09  0.05%   6.1  155s
 163326 12917 infeasible  648      1.7437e+09 1.7427e+09  0.05%   6.1  160s
 168007 13146 infeasible  663      1.7437e+09 1.7427e+09  0.05%   6.1  165s
 172188 13448 1.7427e+09  659   16 1.7437e+09 1.7427e+09  0.05%   6.1  170s
 176710 13670 1.7427e+09  656   17 1.7437e+09 1.7427e+09  0.05%   6.1  175s
 180711 13915 1.7427e+09  651   16 1.7437e+09 1.7427e+09  0.05%   6.1  180s
 184560 13927 infeasible  647      1.7437e+09 1.7427e+09  0.05%   6.1  185s
 189154 14321 infeasible  654      1.7437e+09 1.7427e+09  0.05%   6.1  190s
 193481 14716 infeasible  656      1.7437e+09 1.7427e+09  0.05%   6.1  195s
 197830 15069 infeasible  664      1.7437e+09 1.7427e+09  0.05%   6.1  200s
H200421 15200                    1.743687e+09 1.7427e+09  0.05%   6.1  203s
 202526 15349 infeasible  651      1.7437e+09 1.7427e+09  0.05%   6.1  205s
 207061 15552 infeasible  654      1.7437e+09 1.7427e+09  0.05%   6.1  210s
 211847 16005 infeasible  667      1.7437e+09 1.7427e+09  0.05%   6.1  215s
 216456 16640 1.7427e+09  661   16 1.7437e+09 1.7427e+09  0.05%   6.1  220s
 221461 16942 1.7427e+09  664   16 1.7437e+09 1.7427e+09  0.05%   6.1  225s
 226276 17391 1.7427e+09  649   18 1.7437e+09 1.7427e+09  0.05%   6.1  230s
H229744 17573                    1.743684e+09 1.7427e+09  0.05%   6.1  234s
 230059 17604 1.7427e+09  647   15 1.7437e+09 1.7427e+09  0.05%   6.1  235s
 234001 17750 infeasible  654      1.7437e+09 1.7427e+09  0.05%   6.1  240s
 237910 17815 infeasible  650      1.7437e+09 1.7427e+09  0.05%   6.1  245s
 242370 18069 infeasible  662      1.7437e+09 1.7427e+09  0.05%   6.1  250s
 247092 18368 1.7427e+09  616   15 1.7437e+09 1.7427e+09  0.05%   6.1  255s
H252008 18988                    1.743678e+09 1.7427e+09  0.05%   6.1  259s
H252183 19056                    1.743678e+09 1.7427e+09  0.05%   6.1  259s
 252443 19046 infeasible  642      1.7437e+09 1.7427e+09  0.05%   6.1  260s
 257635 19339 1.7427e+09  631   17 1.7437e+09 1.7427e+09  0.05%   6.0  265s
H261946 19987                    1.743678e+09 1.7427e+09  0.05%   6.0  269s
 262648 20066 1.7427e+09  627   17 1.7437e+09 1.7427e+09  0.05%   6.0  270s
 267449 20524 1.7427e+09  620   17 1.7437e+09 1.7427e+09  0.05%   6.0  275s
 272376 20857 1.7427e+09  623   17 1.7437e+09 1.7427e+09  0.05%   6.0  280s
 276443 21299 1.7427e+09  636   16 1.7437e+09 1.7427e+09  0.05%   6.0  285s
 280555 21600 1.7427e+09  627   18 1.7437e+09 1.7427e+09  0.05%   6.0  290s
 284889 22112 1.7427e+09  637   17 1.7437e+09 1.7427e+09  0.05%   6.0  295s
 288698 22442 infeasible  629      1.7437e+09 1.7427e+09  0.05%   6.0  300s
 293514 22605 infeasible  598      1.7437e+09 1.7427e+09  0.05%   6.0  305s
 297963 22576 infeasible  665      1.7437e+09 1.7427e+09  0.05%   6.0  310s
 302309 22536 infeasible  666      1.7437e+09 1.7427e+09  0.05%   6.0  315s
 306704 22660 1.7427e+09  657   17 1.7437e+09 1.7427e+09  0.05%   6.0  320s
 311646 22843 infeasible  674      1.7437e+09 1.7427e+09  0.05%   6.0  325s
 316355 22904 infeasible  722      1.7437e+09 1.7427e+09  0.05%   6.0  330s
 321113 23122 infeasible  706      1.7437e+09 1.7427e+09  0.05%   6.0  335s
 326239 23452 1.7427e+09  694   15 1.7437e+09 1.7427e+09  0.05%   6.0  340s
 330939 23335 1.7427e+09  672   17 1.7437e+09 1.7427e+09  0.05%   6.0  345s
 335086 23287 1.7427e+09  656   18 1.7437e+09 1.7427e+09  0.05%   6.1  350s
 339576 23493 infeasible  672      1.7437e+09 1.7427e+09  0.05%   6.1  355s
 344664 24188 infeasible  626      1.7437e+09 1.7427e+09  0.05%   6.0  360s
 351130 24973 1.7427e+09  603   16 1.7437e+09 1.7427e+09  0.05%   6.0  365s
 357567 25840 infeasible  624      1.7437e+09 1.7427e+09  0.05%   6.0  370s
 363869 26477 infeasible  608      1.7437e+09 1.7427e+09  0.05%   5.9  375s
H368091 27154                    1.743678e+09 1.7427e+09  0.05%   5.9  378s
 370036 27462 1.7427e+09  605   16 1.7437e+09 1.7427e+09  0.05%   5.9  380s
 375955 28211 1.7427e+09  651   14 1.7437e+09 1.7427e+09  0.05%   5.8  385s
 381748 28279 1.7427e+09  660   16 1.7437e+09 1.7427e+09  0.05%   5.8  390s
 387621 28246 1.7427e+09  645   16 1.7437e+09 1.7427e+09  0.05%   5.8  395s
 392701 28266 1.7427e+09  653   15 1.7437e+09 1.7427e+09  0.05%   5.8  400s
 397988 28288 1.7427e+09  649   16 1.7437e+09 1.7427e+09  0.05%   5.8  405s
 402858 28300 1.7427e+09  646   15 1.7437e+09 1.7427e+09  0.05%   5.8  410s
 407510 28276 1.7427e+09  651   16 1.7437e+09 1.7427e+09  0.05%   5.8  415s
 412991 28818 1.7427e+09  660   18 1.7437e+09 1.7427e+09  0.05%   5.8  420s
 419052 29706 1.7427e+09  709   18 1.7437e+09 1.7427e+09  0.05%   5.8  425s
 425286 30323 1.7427e+09  710   14 1.7437e+09 1.7427e+09  0.05%   5.7  430s
 431880 31139 1.7427e+09  599   18 1.7437e+09 1.7427e+09  0.05%   5.7  435s
 437722 31732 1.7427e+09  613   16 1.7437e+09 1.7427e+09  0.05%   5.7  440s
 443291 32638 1.7427e+09  621   17 1.7437e+09 1.7427e+09  0.05%   5.7  445s
 449060 33769 1.7427e+09  623   18 1.7437e+09 1.7427e+09  0.05%   5.6  450s
 454605 34418 1.7427e+09  595   17 1.7437e+09 1.7427e+09  0.05%   5.6  455s
 459980 35189 infeasible  615      1.7437e+09 1.7427e+09  0.05%   5.6  460s
 464757 35345 1.7427e+09  661   16 1.7437e+09 1.7427e+09  0.05%   5.6  465s
 470186 35856 1.7427e+09  654   17 1.7437e+09 1.7427e+09  0.05%   5.6  470s
 476148 36122 infeasible  648      1.7437e+09 1.7427e+09  0.05%   5.6  475s
 481631 36562 1.7427e+09  622   16 1.7437e+09 1.7427e+09  0.05%   5.6  480s
 486756 36813 1.7427e+09  617   17 1.7437e+09 1.7427e+09  0.05%   5.6  485s
 491311 36994 infeasible  653      1.7437e+09 1.7427e+09  0.05%   5.6  490s
 495070 37163 1.7427e+09  609   18 1.7437e+09 1.7427e+09  0.05%   5.6  495s
 498949 37375 1.7427e+09  612   17 1.7437e+09 1.7427e+09  0.05%   5.5  500s
 502367 37489 1.7427e+09  685   18 1.7437e+09 1.7427e+09  0.05%   5.5  505s
 505320 37459 infeasible  618      1.7437e+09 1.7427e+09  0.05%   5.5  510s
 508687 37449 infeasible  615      1.7437e+09 1.7427e+09  0.05%   5.5  515s
 511851 37623 1.7427e+09  609   17 1.7437e+09 1.7427e+09  0.05%   5.5  520s
 515051 37630 1.7427e+09  670   18 1.7437e+09 1.7427e+09  0.05%   5.5  525s
 518568 37624 infeasible  625      1.7437e+09 1.7427e+09  0.05%   5.5  530s
 521803 37603 1.7427e+09  639   16 1.7437e+09 1.7427e+09  0.05%   5.5  535s
 524868 37636 infeasible  685      1.7437e+09 1.7427e+09  0.05%   5.5  540s
 527486 37566 1.7427e+09  657   17 1.7437e+09 1.7427e+09  0.05%   5.6  545s
 531010 37826 1.7427e+09  654   16 1.7437e+09 1.7427e+09  0.05%   5.6  550s
H534195 37822                    1.743677e+09 1.7427e+09  0.05%   5.6  554s
 534231 37818 infeasible  665      1.7437e+09 1.7427e+09  0.05%   5.6  555s
 537750 37762 1.7427e+09  657   17 1.7437e+09 1.7427e+09  0.05%   5.6  560s
 540877 37747 infeasible  702      1.7437e+09 1.7427e+09  0.05%   5.6  565s
 544110 37745 1.7427e+09  660   17 1.7437e+09 1.7427e+09  0.05%   5.6  570s
 547893 37732 infeasible  659      1.7437e+09 1.7427e+09  0.05%   5.6  575s
 553323 38048 infeasible  660      1.7437e+09 1.7427e+09  0.05%   5.6  580s
 558455 38726 infeasible  654      1.7437e+09 1.7427e+09  0.05%   5.6  585s
 562978 38760 1.7427e+09  615   18 1.7437e+09 1.7427e+09  0.05%   5.6  590s
 567334 38865 1.7427e+09  608   17 1.7437e+09 1.7427e+09  0.05%   5.6  595s
 572192 39093 infeasible  621      1.7437e+09 1.7427e+09  0.05%   5.6  600s
 576813 39040 infeasible  638      1.7437e+09 1.7427e+09  0.05%   5.6  605s
 582291 39086 1.7427e+09  621   18 1.7437e+09 1.7427e+09  0.05%   5.6  610s
 586812 39236 1.7427e+09  657   17 1.7437e+09 1.7427e+09  0.05%   5.6  615s
 592290 39895 1.7427e+09  620   16 1.7437e+09 1.7427e+09  0.05%   5.6  620s
 596956 40115 1.7427e+09  658   17 1.7437e+09 1.7427e+09  0.05%   5.6  625s
 601565 40604 infeasible  614      1.7437e+09 1.7427e+09  0.05%   5.6  630s
 606188 41182 1.7427e+09  615   14 1.7437e+09 1.7427e+09  0.05%   5.6  635s
 611559 42009 1.7427e+09  636   18 1.7437e+09 1.7427e+09  0.05%   5.5  640s
 616551 42649 1.7427e+09  622   18 1.7437e+09 1.7427e+09  0.05%   5.5  645s
 621226 43370 infeasible  594      1.7437e+09 1.7427e+09  0.05%   5.5  650s
 625694 43722 1.7427e+09  598   16 1.7437e+09 1.7427e+09  0.05%   5.5  655s
 630437 44219 1.7427e+09  636   16 1.7437e+09 1.7427e+09  0.05%   5.5  660s
 635276 44484 infeasible  685      1.7437e+09 1.7427e+09  0.05%   5.5  665s
 639610 44544 1.7427e+09  675   15 1.7437e+09 1.7427e+09  0.05%   5.5  670s
 644026 44716 1.7427e+09  657   16 1.7437e+09 1.7427e+09  0.05%   5.5  675s
H645093 44719                    1.743673e+09 1.7427e+09  0.05%   5.5  676s
 648016 44726 1.7427e+09  653   17 1.7437e+09 1.7427e+09  0.05%   5.5  680s
 653323 45101 1.7427e+09  646   16 1.7437e+09 1.7427e+09  0.05%   5.5  685s
 658065 45255 1.7427e+09  647   17 1.7437e+09 1.7427e+09  0.05%   5.5  690s
 663215 45567 infeasible  623      1.7437e+09 1.7427e+09  0.05%   5.5  695s
 668408 45808 1.7427e+09  603   17 1.7437e+09 1.7427e+09  0.05%   5.5  700s
 673826 45881 1.7427e+09  713   17 1.7437e+09 1.7427e+09  0.05%   5.5  705s
 678468 46009 infeasible  607      1.7437e+09 1.7427e+09  0.05%   5.5  710s
 683369 46123 infeasible  697      1.7437e+09 1.7427e+09  0.05%   5.5  715s
 688152 45994 infeasible  662      1.7437e+09 1.7427e+09  0.05%   5.5  720s
 693138 45935 1.7427e+09  663   18 1.7437e+09 1.7427e+09  0.05%   5.5  725s
 698433 46044 1.7427e+09  605   18 1.7437e+09 1.7427e+09  0.05%   5.5  730s
 703165 46075 1.7427e+09  618   18 1.7437e+09 1.7427e+09  0.05%   5.5  735s
 708040 46067 infeasible  617      1.7437e+09 1.7427e+09  0.05%   5.5  740s
H712288 46119                    1.743673e+09 1.7427e+09  0.05%   5.5  744s
 713036 46134 infeasible  660      1.7437e+09 1.7427e+09  0.05%   5.5  745s
 718541 46349 1.7427e+09  670   17 1.7437e+09 1.7427e+09  0.05%   5.5  750s
 723186 46480 1.7427e+09  662   18 1.7437e+09 1.7427e+09  0.05%   5.5  755s
H723778 46498                    1.743672e+09 1.7427e+09  0.05%   5.5  755s
 728943 47149 1.7427e+09  657   15 1.7437e+09 1.7427e+09  0.05%   5.5  760s
 734924 47275 1.7427e+09  651   18 1.7437e+09 1.7427e+09  0.05%   5.5  765s
 740013 47450 1.7427e+09  654   16 1.7437e+09 1.7427e+09  0.05%   5.5  770s
 745173 47421 infeasible  652      1.7437e+09 1.7427e+09  0.05%   5.5  775s
 748395 47433 1.7427e+09  662   18 1.7437e+09 1.7427e+09  0.05%   5.5  780s
 751894 47455 infeasible  658      1.7437e+09 1.7427e+09  0.05%   5.5  785s
 755412 47462 1.7427e+09  652   15 1.7437e+09 1.7427e+09  0.05%   5.5  790s
 758777 47480 1.7427e+09  662   18 1.7437e+09 1.7427e+09  0.05%   5.5  795s
 762021 47507 infeasible  664      1.7437e+09 1.7427e+09  0.05%   5.5  800s
 765381 47502 1.7427e+09  663   16 1.7437e+09 1.7427e+09  0.05%   5.5  805s
 768791 47538 1.7427e+09  661   15 1.7437e+09 1.7427e+09  0.05%   5.5  810s
 772287 47511 infeasible  661      1.7437e+09 1.7427e+09  0.05%   5.5  815s
 775695 47573 infeasible  662      1.7437e+09 1.7427e+09  0.05%   5.5  820s
 778912 47588 infeasible  661      1.7437e+09 1.7427e+09  0.05%   5.5  825s
 782208 47657 1.7427e+09  661   17 1.7437e+09 1.7427e+09  0.05%   5.5  830s
 785340 47696 1.7427e+09  649   14 1.7437e+09 1.7427e+09  0.05%   5.5  835s
 788026 47697 infeasible  667      1.7437e+09 1.7427e+09  0.05%   5.5  840s
 791217 47694 1.7427e+09  658   16 1.7437e+09 1.7427e+09  0.05%   5.5  845s
 794400 47809 1.7427e+09  660   17 1.7437e+09 1.7427e+09  0.05%   5.5  850s
H796626 47763                    1.743672e+09 1.7427e+09  0.05%   5.4  855s
 799715 47854 1.7427e+09  665   15 1.7437e+09 1.7427e+09  0.05%   5.4  860s
H799719 47856                    1.743672e+09 1.7427e+09  0.05%   5.4  860s
 802042 47833 1.7427e+09  672   16 1.7437e+09 1.7427e+09  0.05%   5.4  865s
 804561 47806 infeasible  665      1.7437e+09 1.7427e+09  0.05%   5.4  870s
 807747 47847 infeasible  656      1.7437e+09 1.7427e+09  0.05%   5.4  875s
 810651 47906 infeasible  664      1.7437e+09 1.7427e+09  0.05%   5.4  880s
 813081 47861 1.7427e+09  653   16 1.7437e+09 1.7427e+09  0.05%   5.4  885s
H814746 47847                    1.743667e+09 1.7427e+09  0.05%   5.4  887s
 816335 47864 infeasible  657      1.7437e+09 1.7427e+09  0.05%   5.4  890s
 819304 47842 1.7427e+09  653   17 1.7437e+09 1.7427e+09  0.05%   5.4  895s
H820520 47853                    1.743667e+09 1.7427e+09  0.05%   5.4  896s
 822560 47813 1.7427e+09  660   15 1.7437e+09 1.7427e+09  0.05%   5.4  900s
 826149 47847 1.7427e+09  653   15 1.7437e+09 1.7427e+09  0.05%   5.4  905s
 829287 47897 infeasible  654      1.7437e+09 1.7427e+09  0.05%   5.4  910s
 832838 47969 1.7427e+09  647   16 1.7437e+09 1.7427e+09  0.05%   5.4  915s
 836088 47976 infeasible  651      1.7437e+09 1.7427e+09  0.05%   5.4  920s
 839298 47956 1.7427e+09  645   16 1.7437e+09 1.7427e+09  0.05%   5.4  925s
 842931 47968 infeasible  658      1.7437e+09 1.7427e+09  0.05%   5.4  930s
 846501 48071 infeasible  668      1.7437e+09 1.7427e+09  0.05%   5.4  935s
 849831 48078 infeasible  669      1.7437e+09 1.7427e+09  0.05%   5.4  940s
 853284 48117 1.7427e+09  666   15 1.7437e+09 1.7427e+09  0.05%   5.4  945s
 856770 48106 infeasible  653      1.7437e+09 1.7427e+09  0.05%   5.4  950s
 860389 48073 infeasible  660      1.7437e+09 1.7427e+09  0.05%   5.4  955s
 863724 48117 1.7427e+09  660   17 1.7437e+09 1.7427e+09  0.05%   5.4  960s
 866890 48160 1.7427e+09  677   16 1.7437e+09 1.7427e+09  0.05%   5.4  965s
 869792 48107 1.7427e+09  655   15 1.7437e+09 1.7427e+09  0.05%   5.4  970s
 873521 48106 infeasible  652      1.7437e+09 1.7427e+09  0.05%   5.4  975s
 876760 48120 1.7427e+09  658   15 1.7437e+09 1.7427e+09  0.05%   5.4  980s
 880178 48196 1.7427e+09  669   16 1.7437e+09 1.7427e+09  0.05%   5.4  985s
 883578 48225 infeasible  674      1.7437e+09 1.7427e+09  0.05%   5.4  990s
 887406 48152 infeasible  654      1.7437e+09 1.7427e+09  0.05%   5.4  995s

Cutting planes:
  Gomory: 4
  Flow cover: 3

Explored 892170 nodes (4846838 simplex iterations) in 1000.01 seconds
Thread count was 1 (of 8 available processors)

Time limit reached
Best objective 1.743666876000e+09, best bound 1.742741618000e+09, gap 0.0531%
