
Gurobi 6.5.2 (linux64) logging started Sat Mar  3 04:21:23 2018

Changed value of parameter LogFile to data/solutions/planning/wellformed/intermediate/weighting/wellformed_intermediate_instance36_gurobi.log
   Prev: gurobi.log  Default: 
Changed value of parameter Threads to 1
   Prev: 0  Min: 0  Max: 1024  Default: 0
Optimize a model with 224 rows, 2413 columns and 4835 nonzeros
Coefficient statistics:
  Matrix range    [1e+00, 2e+04]
  Objective range [1e+00, 2e+03]
  Bounds range    [1e+00, 1e+00]
  RHS range       [1e+00, 1e+00]
Found heuristic solution: objective 3.14462e+09
Presolve removed 3 rows and 3 columns
Presolve time: 0.01s
Presolved: 221 rows, 2410 columns, 4830 nonzeros
Variable types: 0 continuous, 2410 integer (2400 binary)

Root relaxation: objective 6.963377e+08, 328 iterations, 0.00 seconds

    Nodes    |    Current Node    |     Objective Bounds      |     Work
 Expl Unexpl |  Obj  Depth IntInf | Incumbent    BestBd   Gap | It/Node Time

     0     0 6.9634e+08    0   28 3.1446e+09 6.9634e+08  77.9%     -    0s
H    0     0                    7.192324e+08 6.9634e+08  3.18%     -    0s
H    0     0                    7.176674e+08 6.9634e+08  2.97%     -    0s
     0     0 6.9634e+08    0   48 7.1767e+08 6.9634e+08  2.97%     -    0s
     0     0 6.9634e+08    0   44 7.1767e+08 6.9634e+08  2.97%     -    0s
     0     0 6.9634e+08    0   48 7.1767e+08 6.9634e+08  2.97%     -    0s
     0     0 6.9634e+08    0   32 7.1767e+08 6.9634e+08  2.97%     -    0s
     0     2 6.9634e+08    0   30 7.1767e+08 6.9634e+08  2.97%     -    0s
H   27    27                    7.169260e+08 6.9634e+08  2.87%   8.3    0s
H  882   845                    7.103494e+08 6.9634e+08  1.97%   3.2    0s
H  887   806                    7.088676e+08 6.9634e+08  1.77%   3.2    1s
H  899   773                    7.080321e+08 6.9634e+08  1.65%   7.1    1s
H  926   752                    7.056695e+08 6.9634e+08  1.32%   7.4    1s
  3854  2719 6.9668e+08  613   16 7.0567e+08 6.9634e+08  1.32%   4.4    5s
H 5229  3951                    7.002257e+08 6.9634e+08  0.56%   4.3    6s
H 8208  6711                    6.999944e+08 6.9634e+08  0.52%   4.1    7s
 10842  9094 6.9634e+08  411   16 6.9999e+08 6.9634e+08  0.52%   4.1   10s
 17019 14098 6.9634e+08  606   16 6.9999e+08 6.9634e+08  0.52%   5.0   15s
H20572 15920                    6.999911e+08 6.9634e+08  0.52%   4.9   17s
 25000 16832 6.9634e+08  682   12 6.9999e+08 6.9634e+08  0.52%   4.7   20s
H31045 17731                    6.999157e+08 6.9634e+08  0.51%   4.7   24s
 31411 17713 infeasible  692      6.9992e+08 6.9634e+08  0.51%   4.7   25s
 40370 18976 infeasible  729      6.9992e+08 6.9634e+08  0.51%   4.5   30s
 48859 20396 6.9634e+08  714   10 6.9992e+08 6.9634e+08  0.51%   4.3   35s
 56222 20843 6.9634e+08  713    9 6.9992e+08 6.9634e+08  0.51%   4.3   40s
 63135 21654 6.9634e+08  706   10 6.9992e+08 6.9634e+08  0.51%   4.3   45s
 69798 22109 infeasible  710      6.9992e+08 6.9634e+08  0.51%   4.3   50s
 78366 22731 6.9634e+08  704   10 6.9992e+08 6.9634e+08  0.51%   4.2   55s
 85892 23389 6.9634e+08  672   10 6.9992e+08 6.9634e+08  0.51%   4.2   60s
 94785 24148 infeasible  699      6.9992e+08 6.9634e+08  0.51%   4.1   65s
 106782 24317 6.9634e+08  715    8 6.9992e+08 6.9634e+08  0.51%   4.0   70s
H110160 24323                    6.999156e+08 6.9634e+08  0.51%   4.0   71s
 117777 24513 6.9634e+08  718    8 6.9992e+08 6.9634e+08  0.51%   4.0   75s
 129383 24460 6.9634e+08  714    8 6.9992e+08 6.9634e+08  0.51%   3.9   80s
 140712 24408 infeasible  715      6.9992e+08 6.9634e+08  0.51%   3.9   85s
 152124 24479 6.9634e+08  718    8 6.9992e+08 6.9634e+08  0.51%   3.9   90s
 163718 24413 infeasible  716      6.9992e+08 6.9634e+08  0.51%   3.9   95s
H165094 24373                    6.991024e+08 6.9634e+08  0.40%   3.9   95s
H165378 24352                    6.988146e+08 6.9634e+08  0.35%   3.9   95s
H165405 24348                    6.986288e+08 6.9634e+08  0.33%   3.9   95s
H165434 24344                    6.985825e+08 6.9634e+08  0.32%   3.9   95s
H165997 24293                    6.976014e+08 6.9634e+08  0.18%   3.9   95s
H166164 24264                    6.972290e+08 6.9634e+08  0.13%   3.9   95s
H166206 24270                    6.972105e+08 6.9634e+08  0.13%   3.9   95s
H166416 24298                    6.971962e+08 6.9634e+08  0.12%   3.9   96s
H170334 24291                    6.971738e+08 6.9634e+08  0.12%   3.9   97s
H174941 24274                    6.971687e+08 6.9634e+08  0.12%   3.9   99s
 175900 24263 infeasible  718      6.9717e+08 6.9634e+08  0.12%   3.9  100s
H176101 24265                    6.971565e+08 6.9634e+08  0.12%   3.9  100s
H177198 23692                    6.970512e+08 6.9634e+08  0.10%   3.9  100s
H177634 23736                    6.970472e+08 6.9634e+08  0.10%   3.9  100s
H178499 23802                    6.969814e+08 6.9634e+08  0.09%   3.9  101s
H178647 23791                    6.969102e+08 6.9634e+08  0.08%   3.9  101s
H179885 23771                    6.968857e+08 6.9634e+08  0.08%   3.9  101s
H179950 21781                    6.965705e+08 6.9634e+08  0.03%   3.9  101s
 187589 21882 infeasible  697      6.9657e+08 6.9634e+08  0.03%   3.9  105s
H196452 22739                    6.965695e+08 6.9634e+08  0.03%   3.8  108s
 199774 22689 6.9634e+08  693    5 6.9657e+08 6.9634e+08  0.03%   3.8  110s
 211161 23293 6.9634e+08  700    7 6.9657e+08 6.9634e+08  0.03%   3.8  115s
H218000 23582                    6.965695e+08 6.9634e+08  0.03%   3.8  117s
 224517 24072 6.9634e+08  711    8 6.9657e+08 6.9634e+08  0.03%   3.8  120s
 236714 25215 6.9634e+08  708    8 6.9657e+08 6.9634e+08  0.03%   3.8  125s
 249387 26233 infeasible  707      6.9657e+08 6.9634e+08  0.03%   3.7  130s
 261995 26599 infeasible  710      6.9657e+08 6.9634e+08  0.03%   3.7  135s
H266477 26801                    6.965603e+08 6.9634e+08  0.03%   3.7  137s
H267897 26894                    6.965593e+08 6.9634e+08  0.03%   3.7  137s
H269651 26483                    6.965378e+08 6.9634e+08  0.03%   3.7  138s
 273063 26751 6.9634e+08  705    7 6.9654e+08 6.9634e+08  0.03%   3.7  140s
H281586 27451                    6.965378e+08 6.9634e+08  0.03%   3.7  143s
H283335 27526                    6.965378e+08 6.9634e+08  0.03%   3.7  143s
 285903 27510 6.9634e+08  709    6 6.9654e+08 6.9634e+08  0.03%   3.7  145s
 297522 28066 infeasible  713      6.9654e+08 6.9634e+08  0.03%   3.7  150s
H304939 28257                    6.965337e+08 6.9634e+08  0.03%   3.7  153s
 309905 28286 6.9634e+08  716    8 6.9653e+08 6.9634e+08  0.03%   3.7  155s
 321265 28110 6.9634e+08  694    8 6.9653e+08 6.9634e+08  0.03%   3.7  160s
 333153 28095 infeasible  711      6.9653e+08 6.9634e+08  0.03%   3.7  165s
 344318 27936 infeasible  706      6.9653e+08 6.9634e+08  0.03%   3.7  170s
 355310 27669 infeasible  708      6.9653e+08 6.9634e+08  0.03%   3.7  175s
 366757 27586 6.9634e+08  707    6 6.9653e+08 6.9634e+08  0.03%   3.7  180s
 379561 27368 6.9634e+08  710    8 6.9653e+08 6.9634e+08  0.03%   3.6  185s
 391457 27270 infeasible  705      6.9653e+08 6.9634e+08  0.03%   3.6  190s
 403519 27278 6.9634e+08  712    7 6.9653e+08 6.9634e+08  0.03%   3.6  195s
 415845 27128 6.9634e+08  711    8 6.9653e+08 6.9634e+08  0.03%   3.6  200s
 427339 27119 6.9634e+08  714    8 6.9653e+08 6.9634e+08  0.03%   3.6  205s
 438550 27272 6.9634e+08  705    5 6.9653e+08 6.9634e+08  0.03%   3.6  210s
 450998 27061 6.9634e+08  709    7 6.9653e+08 6.9634e+08  0.03%   3.6  215s
 462835 26815 6.9634e+08  710    8 6.9653e+08 6.9634e+08  0.03%   3.6  220s
 473925 26662 infeasible  708      6.9653e+08 6.9634e+08  0.03%   3.6  225s
 485525 26631 6.9634e+08  702    7 6.9653e+08 6.9634e+08  0.03%   3.6  230s
 497707 26537 infeasible  706      6.9653e+08 6.9634e+08  0.03%   3.6  235s
 510561 26521 6.9634e+08  703    8 6.9653e+08 6.9634e+08  0.03%   3.6  240s
H514462 26351                    6.965133e+08 6.9634e+08  0.03%   3.6  241s
 523377 26408 infeasible  706      6.9651e+08 6.9634e+08  0.03%   3.6  245s
 537714 26443 6.9634e+08  712    8 6.9651e+08 6.9634e+08  0.03%   3.5  250s
 552253 26407 6.9634e+08  711    6 6.9651e+08 6.9634e+08  0.03%   3.5  255s
 566125 26382 6.9634e+08  700    8 6.9651e+08 6.9634e+08  0.03%   3.5  260s
 578896 26320 6.9634e+08  692    8 6.9651e+08 6.9634e+08  0.03%   3.5  265s
 591544 26193 6.9634e+08  703    8 6.9651e+08 6.9634e+08  0.03%   3.5  270s
 601199 26055 6.9634e+08  710    8 6.9651e+08 6.9634e+08  0.03%   3.5  275s
 609151 26034 6.9634e+08  712    8 6.9651e+08 6.9634e+08  0.03%   3.5  280s
 617407 25993 infeasible  713      6.9651e+08 6.9634e+08  0.03%   3.5  285s
H625613 25830                    6.964908e+08 6.9634e+08  0.02%   3.5  290s
H633297 25845                    6.964898e+08 6.9634e+08  0.02%   3.5  294s
 634427 25841 6.9634e+08  707    8 6.9649e+08 6.9634e+08  0.02%   3.5  295s
 642941 25840 6.9634e+08  718    8 6.9649e+08 6.9634e+08  0.02%   3.5  300s
 651118 25815 6.9634e+08  709    8 6.9649e+08 6.9634e+08  0.02%   3.5  305s
 659981 25786 6.9634e+08  705    8 6.9649e+08 6.9634e+08  0.02%   3.5  310s
 668707 25719 infeasible  710      6.9649e+08 6.9634e+08  0.02%   3.5  315s
 676980 25734 6.9634e+08  708    8 6.9649e+08 6.9634e+08  0.02%   3.5  320s
 685061 25735 infeasible  704      6.9649e+08 6.9634e+08  0.02%   3.5  325s
 694623 25761 6.9634e+08  711    8 6.9649e+08 6.9634e+08  0.02%   3.4  330s
 703367 25779 6.9634e+08  710    8 6.9649e+08 6.9634e+08  0.02%   3.4  335s
 711317 25717 6.9634e+08  712    7 6.9649e+08 6.9634e+08  0.02%   3.4  340s
 719170 25689 infeasible  717      6.9649e+08 6.9634e+08  0.02%   3.4  345s
 728127 25681 infeasible  706      6.9649e+08 6.9634e+08  0.02%   3.4  350s
 736029 25607 6.9634e+08  701    8 6.9649e+08 6.9634e+08  0.02%   3.4  355s
 744012 25522 infeasible  704      6.9649e+08 6.9634e+08  0.02%   3.4  360s
 752430 25413 6.9634e+08  707    6 6.9649e+08 6.9634e+08  0.02%   3.4  365s
 760079 25315 infeasible  714      6.9649e+08 6.9634e+08  0.02%   3.4  370s
 768446 25303 6.9634e+08  706    8 6.9649e+08 6.9634e+08  0.02%   3.4  375s
 777261 25318 6.9634e+08  708    8 6.9649e+08 6.9634e+08  0.02%   3.4  380s
 785708 25294 6.9634e+08  706    8 6.9649e+08 6.9634e+08  0.02%   3.4  385s
 795012 25299 6.9634e+08  705    8 6.9649e+08 6.9634e+08  0.02%   3.4  390s
 803806 25294 infeasible  712      6.9649e+08 6.9634e+08  0.02%   3.4  395s
 812721 25276 infeasible  710      6.9649e+08 6.9634e+08  0.02%   3.4  400s
 821195 25317 6.9634e+08  709    8 6.9649e+08 6.9634e+08  0.02%   3.4  405s
H827433 25221                    6.964878e+08 6.9634e+08  0.02%   3.4  408s
 830001 25147 infeasible  709      6.9649e+08 6.9634e+08  0.02%   3.4  410s
 838108 24970 6.9634e+08  711    8 6.9649e+08 6.9634e+08  0.02%   3.4  415s
 845933 24969 infeasible  710      6.9649e+08 6.9634e+08  0.02%   3.4  420s
 853583 24830 6.9634e+08  707    8 6.9649e+08 6.9634e+08  0.02%   3.4  425s
 862256 24741 6.9634e+08  707    8 6.9649e+08 6.9634e+08  0.02%   3.5  430s
 870414 24717 infeasible  702      6.9649e+08 6.9634e+08  0.02%   3.5  435s
 878592 24750 6.9634e+08  712    8 6.9649e+08 6.9634e+08  0.02%   3.5  440s
 886570 24660 6.9634e+08  712    7 6.9649e+08 6.9634e+08  0.02%   3.5  445s
 895022 24808 infeasible  708      6.9649e+08 6.9634e+08  0.02%   3.5  450s
 901894 24836 6.9634e+08  699    6 6.9649e+08 6.9634e+08  0.02%   3.5  455s
 909526 24741 6.9634e+08  705    8 6.9649e+08 6.9634e+08  0.02%   3.5  460s
 917474 24678 infeasible  708      6.9649e+08 6.9634e+08  0.02%   3.5  465s
 926064 24658 infeasible  710      6.9649e+08 6.9634e+08  0.02%   3.5  470s
 933996 24696 6.9634e+08  701    7 6.9649e+08 6.9634e+08  0.02%   3.5  475s
 941773 24741 6.9634e+08  698    6 6.9649e+08 6.9634e+08  0.02%   3.5  480s
 949168 24688 infeasible  715      6.9649e+08 6.9634e+08  0.02%   3.5  485s
 956986 24721 6.9634e+08  707    8 6.9649e+08 6.9634e+08  0.02%   3.5  490s
 965472 24661 infeasible  714      6.9649e+08 6.9634e+08  0.02%   3.5  495s
 974040 24694 6.9634e+08  716    8 6.9649e+08 6.9634e+08  0.02%   3.5  500s
 981627 24586 6.9634e+08  707    8 6.9649e+08 6.9634e+08  0.02%   3.5  505s
 989791 24485 infeasible  702      6.9649e+08 6.9634e+08  0.02%   3.5  510s
 997017 24464 infeasible  706      6.9649e+08 6.9634e+08  0.02%   3.5  515s
 1004893 24262 infeasible  704      6.9649e+08 6.9634e+08  0.02%   3.5  520s
 1013166 24254 infeasible  709      6.9649e+08 6.9634e+08  0.02%   3.5  525s
 1025312 24193 6.9634e+08  712    8 6.9649e+08 6.9634e+08  0.02%   3.5  530s
 1036687 24200 infeasible  711      6.9649e+08 6.9634e+08  0.02%   3.5  535s
 1048469 24170 6.9634e+08  707    8 6.9649e+08 6.9634e+08  0.02%   3.5  540s
 1058244 24175 6.9634e+08  705    7 6.9649e+08 6.9634e+08  0.02%   3.5  545s
 1064912 24006 infeasible  705      6.9649e+08 6.9634e+08  0.02%   3.5  550s
H1065696 22943                    6.964816e+08 6.9634e+08  0.02%   3.5  550s
 1072529 23004 infeasible  707      6.9648e+08 6.9634e+08  0.02%   3.5  555s
 1079260 23188 infeasible  705      6.9648e+08 6.9634e+08  0.02%   3.5  560s
 1087800 23321 6.9634e+08  716    7 6.9648e+08 6.9634e+08  0.02%   3.5  565s
H1094807 23322                    6.964816e+08 6.9634e+08  0.02%   3.5  569s
 1095876 23356 6.9634e+08  705    7 6.9648e+08 6.9634e+08  0.02%   3.5  570s
 1103908 23309 infeasible  709      6.9648e+08 6.9634e+08  0.02%   3.5  575s
 1114183 23327 6.9634e+08  703    8 6.9648e+08 6.9634e+08  0.02%   3.5  580s
H1120643 23289                    6.964775e+08 6.9634e+08  0.02%   3.5  582s
 1126154 23296 infeasible  706      6.9648e+08 6.9634e+08  0.02%   3.5  585s
 1134202 23316 6.9634e+08  720    8 6.9648e+08 6.9634e+08  0.02%   3.5  590s
 1141856 23306 infeasible  709      6.9648e+08 6.9634e+08  0.02%   3.5  595s
 1149247 23387 6.9634e+08  714    7 6.9648e+08 6.9634e+08  0.02%   3.5  600s
 1156243 23318 6.9634e+08  705    8 6.9648e+08 6.9634e+08  0.02%   3.5  605s
 1165651 23364 6.9634e+08  711    8 6.9648e+08 6.9634e+08  0.02%   3.5  610s
 1177476 23340 infeasible  704      6.9648e+08 6.9634e+08  0.02%   3.5  615s
H1177717 22760                    6.964622e+08 6.9634e+08  0.02%   3.5  615s
 1187765 22703 6.9634e+08  695    8 6.9646e+08 6.9634e+08  0.02%   3.5  620s
 1199199 22741 6.9634e+08  707    8 6.9646e+08 6.9634e+08  0.02%   3.5  625s
 1210650 22725 infeasible  706      6.9646e+08 6.9634e+08  0.02%   3.5  630s
 1222010 22944 infeasible  708      6.9646e+08 6.9634e+08  0.02%   3.5  635s
 1233152 22801 infeasible  713      6.9646e+08 6.9634e+08  0.02%   3.5  640s
 1244208 22874 6.9634e+08  706    8 6.9646e+08 6.9634e+08  0.02%   3.5  645s
 1255475 22776 6.9634e+08  707    8 6.9646e+08 6.9634e+08  0.02%   3.5  650s
 1265892 22765 infeasible  710      6.9646e+08 6.9634e+08  0.02%   3.5  655s
 1276648 22757 infeasible  704      6.9646e+08 6.9634e+08  0.02%   3.5  660s
 1287505 22765 6.9634e+08  707    8 6.9646e+08 6.9634e+08  0.02%   3.5  665s
 1298596 22761 6.9634e+08  707    7 6.9646e+08 6.9634e+08  0.02%   3.6  670s
 1309332 22759 6.9634e+08  699    7 6.9646e+08 6.9634e+08  0.02%   3.6  675s
 1320000 22739 infeasible  710      6.9646e+08 6.9634e+08  0.02%   3.6  680s
 1329701 22753 infeasible  710      6.9646e+08 6.9634e+08  0.02%   3.6  685s
 1339955 22752 6.9634e+08  712    8 6.9646e+08 6.9634e+08  0.02%   3.6  690s
 1350225 22781 infeasible  711      6.9646e+08 6.9634e+08  0.02%   3.6  695s
 1360679 22787 6.9634e+08  707    8 6.9646e+08 6.9634e+08  0.02%   3.6  700s
 1371024 22856 infeasible  707      6.9646e+08 6.9634e+08  0.02%   3.6  705s
 1381084 22785 6.9634e+08  702    8 6.9646e+08 6.9634e+08  0.02%   3.6  710s
 1391204 22743 infeasible  701      6.9646e+08 6.9634e+08  0.02%   3.6  715s
 1401931 22705 infeasible  710      6.9646e+08 6.9634e+08  0.02%   3.6  720s
 1413000 22715 6.9634e+08  709    8 6.9646e+08 6.9634e+08  0.02%   3.6  725s
 1423936 22778 infeasible  726      6.9646e+08 6.9634e+08  0.02%   3.6  730s
 1435349 23446 infeasible  715      6.9646e+08 6.9634e+08  0.02%   3.6  735s
 1444812 24244 6.9634e+08  699    9 6.9646e+08 6.9634e+08  0.02%   3.6  740s
 1453581 24642 infeasible  712      6.9646e+08 6.9634e+08  0.02%   3.6  745s
 1462091 25210 6.9634e+08  714   10 6.9646e+08 6.9634e+08  0.02%   3.6  750s
 1472006 26063 infeasible  707      6.9646e+08 6.9634e+08  0.02%   3.6  755s
 1482110 26252 infeasible  704      6.9646e+08 6.9634e+08  0.02%   3.6  760s
 1494127 27578 infeasible  717      6.9646e+08 6.9634e+08  0.02%   3.6  765s
 1505917 28618 6.9634e+08  713   10 6.9646e+08 6.9634e+08  0.02%   3.6  770s
 1517662 29701 6.9634e+08  715    9 6.9646e+08 6.9634e+08  0.02%   3.6  775s
 1526942 30078 6.9634e+08  715    8 6.9646e+08 6.9634e+08  0.02%   3.6  780s
 1537430 30164 6.9634e+08  689    9 6.9646e+08 6.9634e+08  0.02%   3.6  785s
 1549283 31223 infeasible  709      6.9646e+08 6.9634e+08  0.02%   3.6  790s
 1559740 32003 infeasible  706      6.9646e+08 6.9634e+08  0.02%   3.6  795s
 1569818 32898 6.9634e+08  701   10 6.9646e+08 6.9634e+08  0.02%   3.6  800s
 1578524 35373 6.9634e+08  698    8 6.9646e+08 6.9634e+08  0.02%   3.6  805s
 1587535 38365 infeasible  710      6.9646e+08 6.9634e+08  0.02%   3.6  810s
 1595821 39436 6.9634e+08  679    9 6.9646e+08 6.9634e+08  0.02%   3.6  815s
 1605765 41010 6.9634e+08  702    8 6.9646e+08 6.9634e+08  0.02%   3.6  820s
 1617378 42354 6.9634e+08  703    8 6.9646e+08 6.9634e+08  0.02%   3.6  825s
 1629274 42506 6.9634e+08  704    8 6.9646e+08 6.9634e+08  0.02%   3.6  830s
 1641196 43288 6.9634e+08  694    8 6.9646e+08 6.9634e+08  0.02%   3.6  835s
 1652262 44156 6.9634e+08  708    7 6.9646e+08 6.9634e+08  0.02%   3.6  840s
 1663837 44495 infeasible  711      6.9646e+08 6.9634e+08  0.02%   3.6  845s
 1675493 44759 6.9634e+08  685    8 6.9646e+08 6.9634e+08  0.02%   3.6  850s
 1687044 44857 6.9634e+08  700    8 6.9646e+08 6.9634e+08  0.02%   3.6  855s
 1694546 44794 6.9634e+08  698    8 6.9646e+08 6.9634e+08  0.02%   3.6  860s
*1698152     3             703    6.963384e+08 6.9634e+08  0.00%   3.6  862s

Cutting planes:
  Gomory: 2

Explored 1698153 nodes (6170174 simplex iterations) in 862.35 seconds
Thread count was 1 (of 8 available processors)

Optimal solution found (tolerance 1.00e-04)
Best objective 6.963383670000e+08, best bound 6.963383670000e+08, gap 0.0%
