
Gurobi 6.5.2 (linux64) logging started Sat Mar  3 10:55:27 2018

Changed value of parameter LogFile to data/solutions/planning/wellformed/intermediate/weighting/wellformed_intermediate_instance70_gurobi.log
   Prev: gurobi.log  Default: 
Changed value of parameter Threads to 1
   Prev: 0  Min: 0  Max: 1024  Default: 0
Optimize a model with 428 rows, 5615 columns and 11241 nonzeros
Coefficient statistics:
  Matrix range    [1e+00, 1e+04]
  Objective range [1e+00, 8e+03]
  Bounds range    [1e+00, 1e+00]
  RHS range       [1e+00, 1e+00]
Presolve removed 3 rows and 3 columns
Presolve time: 0.02s
Presolved: 425 rows, 5612 columns, 11236 nonzeros
Variable types: 0 continuous, 5612 integer (5600 binary)
Found heuristic solution: objective 1.574631e+10

Root relaxation: objective 2.249336e+09, 606 iterations, 0.01 seconds

    Nodes    |    Current Node    |     Objective Bounds      |     Work
 Expl Unexpl |  Obj  Depth IntInf | Incumbent    BestBd   Gap | It/Node Time

     0     0 2.2493e+09    0   32 1.5746e+10 2.2493e+09  85.7%     -    0s
H    0     0                    7.203587e+09 2.2493e+09  68.8%     -    0s
     0     0 2.2493e+09    0   49 7.2036e+09 2.2493e+09  68.8%     -    0s
     0     0 2.2493e+09    0   48 7.2036e+09 2.2493e+09  68.8%     -    0s
     0     0 2.2493e+09    0   56 7.2036e+09 2.2493e+09  68.8%     -    0s
     0     0 2.2493e+09    0   45 7.2036e+09 2.2493e+09  68.8%     -    0s
H    0     0                    2.529323e+09 2.2493e+09  11.1%     -    0s
     0     2 2.2493e+09    0   43 2.5293e+09 2.2493e+09  11.1%     -    0s
H  352   352                    2.335349e+09 2.2493e+09  3.68%   2.9    0s
H  594   457                    2.252583e+09 2.2493e+09  0.14%   3.7    1s
H  993   839                    2.252582e+09 2.2493e+09  0.14%   4.4    1s
  2272  1572 2.2494e+09  448   22 2.2526e+09 2.2493e+09  0.14%   9.0    5s
  5307  2744 2.2493e+09   97   21 2.2526e+09 2.2493e+09  0.14%   6.1   10s
  8698  5729 2.2494e+09 1342   18 2.2526e+09 2.2493e+09  0.14%   6.0   15s
 12715  9581 2.2494e+09  466   22 2.2526e+09 2.2493e+09  0.14%   6.2   20s
 16449 13092 2.2494e+09  714   18 2.2526e+09 2.2493e+09  0.14%   6.4   25s
 19865 16305 2.2523e+09  322   22 2.2526e+09 2.2493e+09  0.14%   6.7   30s
 22158 18586 2.2523e+09  756   21 2.2526e+09 2.2493e+09  0.14%   7.0   35s
 26202 22369 2.2494e+09 1552   22 2.2526e+09 2.2493e+09  0.14%   7.0   40s
 30652 26592 2.2494e+09  474   24 2.2526e+09 2.2493e+09  0.14%   7.1   45s
 34603 30345 2.2493e+09 1544   22 2.2526e+09 2.2493e+09  0.14%   7.0   50s
 38892 34527 2.2495e+09 1009   19 2.2526e+09 2.2493e+09  0.14%   7.1   55s
 42737 38278 2.2495e+09 1575   22 2.2526e+09 2.2493e+09  0.14%   7.2   60s
 46788 42220 2.2501e+09  816   21 2.2526e+09 2.2493e+09  0.14%   7.2   65s
 50558 45658 2.2494e+09 2064   21 2.2526e+09 2.2493e+09  0.14%   7.3   70s
 55545 50462 2.2493e+09 1185   20 2.2526e+09 2.2493e+09  0.14%   7.3   75s
 58539 53344 2.2493e+09  886   21 2.2526e+09 2.2493e+09  0.14%   7.7   80s
 61324 56000 2.2493e+09 1202   20 2.2526e+09 2.2493e+09  0.14%   8.1   85s
 63867 58286 2.2496e+09 1248   17 2.2526e+09 2.2493e+09  0.14%   8.6   90s
 66410 60580 2.2493e+09 1209   19 2.2526e+09 2.2493e+09  0.14%   9.2   95s
 69119 63131 2.2493e+09 1464   21 2.2526e+09 2.2493e+09  0.14%   9.8  100s
 71911 65502 2.2497e+09 1313   16 2.2526e+09 2.2493e+09  0.14%  10.2  105s
 74766 68048 2.2498e+09 1436   21 2.2526e+09 2.2493e+09  0.14%  10.6  110s
 78203 70884 2.2493e+09 1185   18 2.2526e+09 2.2493e+09  0.14%  10.9  115s
 81877 74022 2.2493e+09 1254   21 2.2526e+09 2.2493e+09  0.14%  11.0  120s
 86028 76508 2.2493e+09 1496   16 2.2526e+09 2.2493e+09  0.14%  11.0  125s
 90053 78183 2.2493e+09 1479   15 2.2526e+09 2.2493e+09  0.14%  10.8  130s
 94887 78613 2.2493e+09 1472   16 2.2526e+09 2.2493e+09  0.14%  10.4  135s
 99231 78806 2.2493e+09 1465   15 2.2526e+09 2.2493e+09  0.14%  10.1  140s
 102916 78891 infeasible 1468      2.2526e+09 2.2493e+09  0.14%   9.9  145s
 106700 78942 2.2493e+09 1470   14 2.2526e+09 2.2493e+09  0.14%   9.7  150s
 110646 79061 infeasible 1468      2.2526e+09 2.2493e+09  0.14%   9.4  155s
 114548 79002 2.2493e+09 1467   15 2.2526e+09 2.2493e+09  0.14%   9.2  160s
 118633 79119 infeasible 1471      2.2526e+09 2.2493e+09  0.14%   9.0  165s
 122915 79174 2.2493e+09 1471   14 2.2526e+09 2.2493e+09  0.14%   8.9  170s
 127142 79313 2.2493e+09 1455   15 2.2526e+09 2.2493e+09  0.14%   8.7  175s
 131114 79335 infeasible 1481      2.2526e+09 2.2493e+09  0.14%   8.5  180s
 134687 79411 2.2493e+09 1455   16 2.2526e+09 2.2493e+09  0.14%   8.4  185s
 138864 79597 2.2493e+09 1467   14 2.2526e+09 2.2493e+09  0.14%   8.3  190s
 142643 79536 2.2493e+09 1458   15 2.2526e+09 2.2493e+09  0.14%   8.2  195s
 146510 80309 2.2493e+09 1479   16 2.2526e+09 2.2493e+09  0.14%   8.1  200s
 151463 80537 2.2493e+09 1471   15 2.2526e+09 2.2493e+09  0.14%   8.0  205s
 156409 80665 infeasible 1474      2.2526e+09 2.2493e+09  0.14%   7.8  210s
 160985 80730 infeasible 1480      2.2526e+09 2.2493e+09  0.14%   7.7  215s
 165138 81111 infeasible 1496      2.2526e+09 2.2493e+09  0.14%   7.7  220s
 169279 81183 2.2493e+09 1496   16 2.2526e+09 2.2493e+09  0.14%   7.6  225s
 173270 81265 2.2493e+09 1484   16 2.2526e+09 2.2493e+09  0.14%   7.5  230s
 177368 81291 2.2493e+09 1491   14 2.2526e+09 2.2493e+09  0.14%   7.4  235s
 181413 81248 infeasible 1496      2.2526e+09 2.2493e+09  0.14%   7.3  240s
 185215 81471 2.2493e+09 1483   15 2.2526e+09 2.2493e+09  0.14%   7.2  245s
 188910 81461 infeasible 1473      2.2526e+09 2.2493e+09  0.14%   7.2  250s
 192801 81709 2.2493e+09 1472   14 2.2526e+09 2.2493e+09  0.14%   7.1  255s
 196717 81953 infeasible 1485      2.2526e+09 2.2493e+09  0.14%   7.1  260s
 200355 82001 2.2493e+09 1481   16 2.2526e+09 2.2493e+09  0.14%   7.0  265s
 204108 82098 2.2493e+09 1480   15 2.2526e+09 2.2493e+09  0.14%   7.0  270s
 207677 82259 2.2493e+09 1486   16 2.2526e+09 2.2493e+09  0.14%   6.9  275s
 211664 82557 2.2493e+09 1483   15 2.2526e+09 2.2493e+09  0.14%   6.9  280s
 215622 82591 2.2493e+09 1483   16 2.2526e+09 2.2493e+09  0.14%   6.8  285s
 219338 82664 2.2493e+09 1492   15 2.2526e+09 2.2493e+09  0.14%   6.8  290s
 222893 82779 2.2493e+09 1490   14 2.2526e+09 2.2493e+09  0.14%   6.7  295s
 226943 82779 2.2493e+09 1482   16 2.2526e+09 2.2493e+09  0.14%   6.7  300s
H227186 82792                    2.252582e+09 2.2493e+09  0.14%   6.7  300s
 231023 83001 2.2493e+09 1476   13 2.2526e+09 2.2493e+09  0.14%   6.6  305s
 235287 83203 2.2493e+09 1476   15 2.2526e+09 2.2493e+09  0.14%   6.6  310s
 239311 83247 2.2493e+09 1494   14 2.2526e+09 2.2493e+09  0.14%   6.6  315s
 243290 83246 2.2493e+09 1499   13 2.2526e+09 2.2493e+09  0.14%   6.5  320s
 247058 83303 infeasible 1497      2.2526e+09 2.2493e+09  0.14%   6.5  325s
 251020 83485 infeasible 1482      2.2526e+09 2.2493e+09  0.14%   6.5  330s
 254878 83604 2.2493e+09 1499   15 2.2526e+09 2.2493e+09  0.14%   6.4  335s
 258933 83846 2.2493e+09 1506   16 2.2526e+09 2.2493e+09  0.14%   6.4  340s
 262808 83892 2.2493e+09 1488   14 2.2526e+09 2.2493e+09  0.14%   6.4  345s
 266752 84094 infeasible 1493      2.2526e+09 2.2493e+09  0.14%   6.3  350s
 270795 84134 2.2493e+09 1496   13 2.2526e+09 2.2493e+09  0.14%   6.3  355s
 274990 84063 2.2493e+09 1480   14 2.2526e+09 2.2493e+09  0.14%   6.3  360s
 278695 84030 2.2493e+09 1487   15 2.2526e+09 2.2493e+09  0.14%   6.2  365s
 282728 84326 2.2493e+09 1492   15 2.2526e+09 2.2493e+09  0.14%   6.2  370s
 286715 84359 2.2493e+09 1493   13 2.2526e+09 2.2493e+09  0.14%   6.2  375s
 290855 84550 infeasible 1496      2.2526e+09 2.2493e+09  0.14%   6.2  380s
 294883 84653 2.2493e+09 1503   16 2.2526e+09 2.2493e+09  0.14%   6.1  385s
 298878 84683 2.2493e+09 1481   16 2.2526e+09 2.2493e+09  0.14%   6.1  390s
 302738 84869 infeasible 1489      2.2526e+09 2.2493e+09  0.14%   6.1  395s
 306591 84984 infeasible 1493      2.2526e+09 2.2493e+09  0.14%   6.1  400s
 310724 85035 2.2493e+09 1486   14 2.2526e+09 2.2493e+09  0.14%   6.0  405s
 314767 85194 2.2493e+09 1507   16 2.2526e+09 2.2493e+09  0.14%   6.0  410s
 318669 85360 2.2493e+09 1491   15 2.2526e+09 2.2493e+09  0.14%   6.0  415s
 322832 85510 2.2493e+09 1492   15 2.2526e+09 2.2493e+09  0.14%   5.9  420s
 326893 85692 infeasible 1500      2.2526e+09 2.2493e+09  0.14%   5.9  425s
 330756 85760 2.2493e+09 1486   15 2.2526e+09 2.2493e+09  0.14%   5.9  430s
 334779 85837 2.2493e+09 1482   15 2.2526e+09 2.2493e+09  0.14%   5.9  435s
 338781 86026 infeasible 1488      2.2526e+09 2.2493e+09  0.14%   5.9  440s
 342660 86101 2.2493e+09 1490   15 2.2526e+09 2.2493e+09  0.14%   5.8  445s
 346421 86187 infeasible 1489      2.2526e+09 2.2493e+09  0.14%   5.8  450s
 350230 86276 infeasible 1473      2.2526e+09 2.2493e+09  0.14%   5.8  455s
 354144 86403 2.2493e+09 1497   14 2.2526e+09 2.2493e+09  0.14%   5.8  460s
 357828 86465 2.2493e+09 1487   14 2.2526e+09 2.2493e+09  0.14%   5.8  465s
 361548 86555 2.2493e+09 1489   14 2.2526e+09 2.2493e+09  0.14%   5.8  470s
 365425 86604 2.2493e+09 1480   16 2.2526e+09 2.2493e+09  0.14%   5.8  475s
 369181 86652 2.2493e+09 1486   15 2.2526e+09 2.2493e+09  0.14%   5.7  480s
 372965 86662 2.2493e+09 1497   16 2.2526e+09 2.2493e+09  0.14%   5.7  485s
 376930 86838 2.2493e+09 1487   13 2.2526e+09 2.2493e+09  0.14%   5.7  490s
 380857 87087 2.2493e+09 1477   15 2.2526e+09 2.2493e+09  0.14%   5.7  495s
 384896 87251 infeasible 1499      2.2526e+09 2.2493e+09  0.14%   5.7  500s
 388699 87295 2.2493e+09 1501   16 2.2526e+09 2.2493e+09  0.14%   5.7  505s
 392379 87357 2.2493e+09 1491   15 2.2526e+09 2.2493e+09  0.14%   5.7  510s
 395893 87523 2.2493e+09 1486   15 2.2526e+09 2.2493e+09  0.14%   5.7  515s
 399772 87596 infeasible 1478      2.2526e+09 2.2493e+09  0.14%   5.6  520s
 403591 87710 2.2493e+09 1485   15 2.2526e+09 2.2493e+09  0.14%   5.6  525s
 407437 87917 2.2493e+09 1494   14 2.2526e+09 2.2493e+09  0.14%   5.6  530s
 411244 88002 infeasible 1486      2.2526e+09 2.2493e+09  0.14%   5.6  535s
 415103 88108 2.2493e+09 1481   16 2.2526e+09 2.2493e+09  0.14%   5.6  540s
 419144 88272 infeasible 1491      2.2526e+09 2.2493e+09  0.14%   5.6  545s
 423030 88434 2.2493e+09 1482   15 2.2526e+09 2.2493e+09  0.14%   5.6  550s
 426628 88464 infeasible 1490      2.2526e+09 2.2493e+09  0.14%   5.6  555s
 430583 88565 2.2493e+09 1494   13 2.2526e+09 2.2493e+09  0.14%   5.6  560s
 434710 88723 2.2493e+09 1492   15 2.2526e+09 2.2493e+09  0.14%   5.6  565s
 438663 88858 2.2493e+09 1479   14 2.2526e+09 2.2493e+09  0.14%   5.5  570s
 442561 88898 2.2493e+09 1488   13 2.2526e+09 2.2493e+09  0.14%   5.5  575s
 446170 88882 2.2493e+09 1484   12 2.2526e+09 2.2493e+09  0.14%   5.5  580s
 449902 88958 2.2493e+09 1487   15 2.2526e+09 2.2493e+09  0.14%   5.5  585s
 453687 89096 infeasible 1494      2.2526e+09 2.2493e+09  0.14%   5.5  590s
 457703 89117 2.2493e+09 1481   16 2.2526e+09 2.2493e+09  0.14%   5.5  595s
 461708 89221 2.2493e+09 1488   15 2.2526e+09 2.2493e+09  0.14%   5.5  600s
 465598 89305 2.2493e+09 1484   13 2.2526e+09 2.2493e+09  0.14%   5.5  605s
 469527 89282 infeasible 1489      2.2526e+09 2.2493e+09  0.14%   5.5  610s
 473387 89372 2.2493e+09 1486   13 2.2526e+09 2.2493e+09  0.14%   5.4  615s
 477219 89357 infeasible 1504      2.2526e+09 2.2493e+09  0.14%   5.4  620s
 481142 89492 infeasible 1496      2.2526e+09 2.2493e+09  0.14%   5.4  625s
 485298 89713 2.2493e+09 1505   16 2.2526e+09 2.2493e+09  0.14%   5.4  630s
 489366 89827 infeasible 1497      2.2526e+09 2.2493e+09  0.14%   5.4  635s
 493276 89930 infeasible 1493      2.2526e+09 2.2493e+09  0.14%   5.4  640s
 497603 90010 infeasible 1478      2.2526e+09 2.2493e+09  0.14%   5.4  645s
 501880 90129 infeasible 1495      2.2526e+09 2.2493e+09  0.14%   5.4  650s
 505925 90265 2.2493e+09 1492   15 2.2526e+09 2.2493e+09  0.14%   5.3  655s
 509920 90384 infeasible 1487      2.2526e+09 2.2493e+09  0.14%   5.3  660s
 514010 90433 2.2493e+09 1479   12 2.2526e+09 2.2493e+09  0.14%   5.3  665s
 518088 90430 infeasible 1480      2.2526e+09 2.2493e+09  0.14%   5.3  670s
 522282 90474 2.2493e+09 1491   14 2.2526e+09 2.2493e+09  0.14%   5.3  675s
 526586 90579 infeasible 1480      2.2526e+09 2.2493e+09  0.14%   5.3  680s
 530542 90719 2.2493e+09 1482   16 2.2526e+09 2.2493e+09  0.14%   5.3  685s
 534597 90692 infeasible 1487      2.2526e+09 2.2493e+09  0.14%   5.3  690s
 538631 90734 2.2493e+09 1490   13 2.2526e+09 2.2493e+09  0.14%   5.3  695s
 542704 90822 infeasible 1503      2.2526e+09 2.2493e+09  0.14%   5.3  700s
 546271 90841 2.2493e+09 1491   13 2.2526e+09 2.2493e+09  0.14%   5.3  705s
 550123 90955 2.2493e+09 1486   13 2.2526e+09 2.2493e+09  0.14%   5.3  710s
 553835 90980 2.2493e+09 1492   15 2.2526e+09 2.2493e+09  0.14%   5.3  715s
 557434 91060 infeasible 1492      2.2526e+09 2.2493e+09  0.14%   5.3  720s
 561179 91087 2.2493e+09 1476   15 2.2526e+09 2.2493e+09  0.14%   5.3  725s
 564873 91150 2.2493e+09 1466   16 2.2526e+09 2.2493e+09  0.14%   5.3  730s
 568757 91231 2.2493e+09 1490   16 2.2526e+09 2.2493e+09  0.14%   5.3  735s
 572430 91287 2.2493e+09 1475   15 2.2526e+09 2.2493e+09  0.14%   5.3  740s
 576012 91351 2.2493e+09 1480   14 2.2526e+09 2.2493e+09  0.14%   5.2  745s
 579853 91519 infeasible 1479      2.2526e+09 2.2493e+09  0.14%   5.2  750s
 583334 91766 infeasible 1476      2.2526e+09 2.2493e+09  0.14%   5.2  755s
 586471 91875 infeasible 1472      2.2526e+09 2.2493e+09  0.14%   5.3  760s
 590046 91893 2.2493e+09 1482   14 2.2526e+09 2.2493e+09  0.14%   5.2  765s
 593349 92153 2.2493e+09 1490   15 2.2526e+09 2.2493e+09  0.14%   5.3  770s
 596562 92502 infeasible 1492      2.2526e+09 2.2493e+09  0.14%   5.3  775s
H597755 92595                    2.252435e+09 2.2493e+09  0.14%   5.3  776s
 600168 92691 infeasible 1483      2.2524e+09 2.2493e+09  0.14%   5.2  780s
 603765 92801 2.2493e+09 1491   16 2.2524e+09 2.2493e+09  0.14%   5.2  785s
 607698 92829 2.2493e+09 1491   16 2.2524e+09 2.2493e+09  0.14%   5.2  790s
 611542 92835 2.2493e+09 1486   14 2.2524e+09 2.2493e+09  0.14%   5.2  795s
 615194 92861 infeasible 1495      2.2524e+09 2.2493e+09  0.14%   5.2  800s
 619106 92862 2.2493e+09 1488   14 2.2524e+09 2.2493e+09  0.14%   5.2  805s
 622477 92823 infeasible 1496      2.2524e+09 2.2493e+09  0.14%   5.2  810s
 626135 93021 2.2493e+09 1492   16 2.2524e+09 2.2493e+09  0.14%   5.2  815s
 630065 93044 2.2493e+09 1499   16 2.2524e+09 2.2493e+09  0.14%   5.2  820s
 633308 93093 2.2493e+09 1483   14 2.2524e+09 2.2493e+09  0.14%   5.2  825s
 636261 93133 2.2493e+09 1479   15 2.2524e+09 2.2493e+09  0.14%   5.2  830s
 639792 93290 infeasible 1484      2.2524e+09 2.2493e+09  0.14%   5.2  835s
 643293 93471 2.2493e+09 1488   15 2.2524e+09 2.2493e+09  0.14%   5.2  840s
 647203 93529 infeasible 1487      2.2524e+09 2.2493e+09  0.14%   5.2  845s
 650861 93710 infeasible 1483      2.2524e+09 2.2493e+09  0.14%   5.2  850s
 654629 93849 infeasible 1489      2.2524e+09 2.2493e+09  0.14%   5.2  855s
 658472 93915 infeasible 1470      2.2524e+09 2.2493e+09  0.14%   5.2  860s
 662187 93940 2.2493e+09 1484   11 2.2524e+09 2.2493e+09  0.14%   5.2  865s
 665911 93917 2.2493e+09 1482   13 2.2524e+09 2.2493e+09  0.14%   5.2  870s
 669352 93914 2.2493e+09 1484   13 2.2524e+09 2.2493e+09  0.14%   5.2  875s
 672669 93891 2.2493e+09 1462   16 2.2524e+09 2.2493e+09  0.14%   5.2  880s
 675795 94085 2.2493e+09 1489   15 2.2524e+09 2.2493e+09  0.14%   5.2  885s
 679287 94164 2.2493e+09 1491   16 2.2524e+09 2.2493e+09  0.14%   5.2  890s
 682562 94281 2.2493e+09 1491   14 2.2524e+09 2.2493e+09  0.14%   5.2  895s
 685648 94354 2.2493e+09 1485   15 2.2524e+09 2.2493e+09  0.14%   5.2  900s
 688932 94485 2.2493e+09 1454   15 2.2524e+09 2.2493e+09  0.14%   5.2  905s
 692517 94698 infeasible 1497      2.2524e+09 2.2493e+09  0.14%   5.2  910s
 695697 94775 2.2493e+09 1485   15 2.2524e+09 2.2493e+09  0.14%   5.2  915s
 698076 94830 infeasible 1502      2.2524e+09 2.2493e+09  0.14%   5.2  920s
 700730 94963 2.2493e+09 1479   16 2.2524e+09 2.2493e+09  0.14%   5.2  925s
 704472 95153 2.2493e+09 1492   14 2.2524e+09 2.2493e+09  0.14%   5.1  930s
 708232 95166 infeasible 1489      2.2524e+09 2.2493e+09  0.14%   5.1  935s
 711958 95139 infeasible 1492      2.2524e+09 2.2493e+09  0.14%   5.1  940s
 715975 95167 infeasible 1491      2.2524e+09 2.2493e+09  0.14%   5.1  945s
 719858 95193 2.2493e+09 1491   14 2.2524e+09 2.2493e+09  0.14%   5.1  950s
 723603 95187 2.2493e+09 1485   15 2.2524e+09 2.2493e+09  0.14%   5.1  955s
 727210 95251 2.2493e+09 1480   14 2.2524e+09 2.2493e+09  0.14%   5.1  960s
 730757 95224 infeasible 1500      2.2524e+09 2.2493e+09  0.14%   5.1  965s
 734569 95236 2.2493e+09 1497   14 2.2524e+09 2.2493e+09  0.14%   5.1  970s
 738326 95287 2.2493e+09 1490   13 2.2524e+09 2.2493e+09  0.14%   5.1  975s
 741097 95212 2.2493e+09 1487   14 2.2524e+09 2.2493e+09  0.14%   5.1  980s
 743904 95345 infeasible 1482      2.2524e+09 2.2493e+09  0.14%   5.1  985s
 746440 95351 2.2493e+09 1481   14 2.2524e+09 2.2493e+09  0.14%   5.1  990s
 749164 95517 infeasible 1493      2.2524e+09 2.2493e+09  0.14%   5.1  995s

Cutting planes:
  Gomory: 4
  MIR: 4
  Flow cover: 4

Explored 751917 nodes (3831312 simplex iterations) in 1000.01 seconds
Thread count was 1 (of 8 available processors)

Time limit reached
Best objective 2.252434624000e+09, best bound 2.249336750000e+09, gap 0.1375%
