
Gurobi 6.5.2 (linux64) logging started Sat Mar  3 05:27:20 2018

Changed value of parameter LogFile to data/solutions/planning/wellformed/intermediate/weighting/wellformed_intermediate_instance42_gurobi.log
   Prev: gurobi.log  Default: 
Changed value of parameter Threads to 1
   Prev: 0  Min: 0  Max: 1024  Default: 0
Optimize a model with 324 rows, 3613 columns and 7235 nonzeros
Coefficient statistics:
  Matrix range    [1e+00, 2e+04]
  Objective range [1e+00, 2e+03]
  Bounds range    [1e+00, 1e+00]
  RHS range       [1e+00, 1e+00]
Presolve removed 3 rows and 3 columns
Presolve time: 0.01s
Presolved: 321 rows, 3610 columns, 7230 nonzeros
Variable types: 0 continuous, 3610 integer (3600 binary)
Found heuristic solution: objective 5.561885e+09

Root relaxation: objective 9.267545e+08, 454 iterations, 0.00 seconds

    Nodes    |    Current Node    |     Objective Bounds      |     Work
 Expl Unexpl |  Obj  Depth IntInf | Incumbent    BestBd   Gap | It/Node Time

     0     0 9.2675e+08    0   26 5.5619e+09 9.2675e+08  83.3%     -    0s
H    0     0                    1.061916e+09 9.2675e+08  12.7%     -    0s
     0     0 9.2675e+08    0   42 1.0619e+09 9.2675e+08  12.7%     -    0s
     0     0 9.2675e+08    0   42 1.0619e+09 9.2675e+08  12.7%     -    0s
     0     0 9.2675e+08    0   43 1.0619e+09 9.2675e+08  12.7%     -    0s
     0     0 9.2675e+08    0   31 1.0619e+09 9.2675e+08  12.7%     -    0s
H    0     0                    1.026615e+09 9.2675e+08  9.73%     -    0s
H    0     0                    9.627876e+08 9.2675e+08  3.74%     -    0s
     0     2 9.2675e+08    0   30 9.6279e+08 9.2675e+08  3.74%     -    0s
H  162   162                    9.373664e+08 9.2675e+08  1.13%   3.3    0s
H  794   793                    9.373662e+08 9.2675e+08  1.13%   3.3    0s
H 1006  1003                    9.370809e+08 9.2675e+08  1.10%   4.1    1s
H 1201  1158                    9.368500e+08 9.2675e+08  1.08%   4.1    1s
H 1204  1101                    9.338078e+08 9.2675e+08  0.76%   4.1    1s
H 1213  1052                    9.332231e+08 9.2675e+08  0.69%   6.5    1s
H 1240  1017                    9.330951e+08 9.2676e+08  0.68%   6.5    2s
H 1311   973                    9.330928e+08 9.2676e+08  0.68%   6.2    2s
  3985  2281 9.2679e+08  337   16 9.3309e+08 9.2676e+08  0.68%   4.3    5s
H 4753  2799                    9.290625e+08 9.2676e+08  0.25%   4.1    5s
H 4781  2827                    9.290611e+08 9.2676e+08  0.25%   4.1    5s
 10202  7994 9.2676e+08  816   15 9.2906e+08 9.2676e+08  0.25%   4.3   10s
 15716 12966 9.2676e+08  702   14 9.2906e+08 9.2676e+08  0.25%   4.4   15s
 22079 18762 9.2676e+08  914   16 9.2906e+08 9.2676e+08  0.25%   4.7   20s
 28291 24272 9.2676e+08  952   18 9.2906e+08 9.2676e+08  0.25%   5.2   25s
 34380 29788 9.2676e+08  912   18 9.2906e+08 9.2676e+08  0.25%   5.3   30s
 40837 35480 9.2676e+08  907   18 9.2906e+08 9.2676e+08  0.25%   5.3   35s
 46851 40882 9.2676e+08  817   18 9.2906e+08 9.2676e+08  0.25%   5.4   40s
H52649 46303                    9.290579e+08 9.2676e+08  0.25%   5.3   44s
 54015 47512 9.2676e+08  770   17 9.2906e+08 9.2676e+08  0.25%   5.3   45s
 60059 52909 9.2676e+08  844   16 9.2906e+08 9.2676e+08  0.25%   5.5   50s
 66628 58670 infeasible  917      9.2906e+08 9.2676e+08  0.25%   5.5   55s
H72750 64358                    9.289509e+08 9.2676e+08  0.24%   5.5   59s
 73582 65026 9.2676e+08  897   13 9.2895e+08 9.2676e+08  0.24%   5.5   60s
H75512 66601                    9.287692e+08 9.2676e+08  0.22%   5.5   61s
H76518 67318                    9.287579e+08 9.2676e+08  0.22%   5.5   62s
H79201 69279                    9.287578e+08 9.2676e+08  0.22%   5.5   64s
 79904 69689 9.2676e+08  920   10 9.2876e+08 9.2676e+08  0.22%   5.5   65s
H83282 71267                    9.287391e+08 9.2676e+08  0.21%   5.5   67s
 86130 72520 infeasible  926      9.2874e+08 9.2676e+08  0.21%   5.5   70s
 92255 74472 9.2676e+08  971    7 9.2874e+08 9.2676e+08  0.21%   5.4   75s
 98558 76387 9.2676e+08  951   10 9.2874e+08 9.2676e+08  0.21%   5.4   80s
H102164 77194                    9.287344e+08 9.2676e+08  0.21%   5.4   82s
 105267 77697 infeasible  893      9.2873e+08 9.2676e+08  0.21%   5.4   85s
 111847 78912 9.2676e+08  936   11 9.2873e+08 9.2676e+08  0.21%   5.4   90s
 117081 79422 9.2676e+08  936   12 9.2873e+08 9.2676e+08  0.21%   5.4   95s
 123318 79394 infeasible  934      9.2873e+08 9.2676e+08  0.21%   5.5  100s
 128401 79092 9.2676e+08  929   10 9.2873e+08 9.2676e+08  0.21%   5.5  105s
 134673 79275 infeasible  937      9.2873e+08 9.2676e+08  0.21%   5.6  110s
 140878 79894 9.2676e+08  941   12 9.2873e+08 9.2676e+08  0.21%   5.6  115s
H142766 80278                    9.287343e+08 9.2676e+08  0.21%   5.6  116s
 147526 80529 9.2676e+08  956    8 9.2873e+08 9.2676e+08  0.21%   5.7  120s
H150922 80757                    9.287262e+08 9.2676e+08  0.21%   5.7  123s
 153337 81013 9.2676e+08  894    8 9.2873e+08 9.2676e+08  0.21%   5.7  125s
 160607 81591 9.2676e+08  884    9 9.2873e+08 9.2676e+08  0.21%   5.6  130s
H163290 81834                    9.287235e+08 9.2676e+08  0.21%   5.6  132s
 166676 82197 9.2676e+08  945   12 9.2872e+08 9.2676e+08  0.21%   5.7  135s
H167549 82256                    9.287184e+08 9.2676e+08  0.21%   5.7  135s
H169813 82501                    9.287162e+08 9.2676e+08  0.21%   5.7  137s
H171171 82623                    9.287127e+08 9.2676e+08  0.21%   5.7  138s
 173156 82868 9.2676e+08  880   11 9.2871e+08 9.2676e+08  0.21%   5.7  140s
H175102 83116                    9.287126e+08 9.2676e+08  0.21%   5.7  141s
 179332 83520 9.2676e+08  887    9 9.2871e+08 9.2676e+08  0.21%   5.7  145s
H179569 83521                    9.287009e+08 9.2676e+08  0.21%   5.7  145s
 185244 84222 infeasible  893      9.2870e+08 9.2676e+08  0.21%   5.7  150s
H188017 84358                    9.286978e+08 9.2676e+08  0.21%   5.7  153s
 189988 84493 9.2676e+08  941   12 9.2870e+08 9.2676e+08  0.21%   5.7  155s
H191595 84528                    9.286978e+08 9.2676e+08  0.21%   5.6  156s
H192524 84538                    9.286825e+08 9.2676e+08  0.21%   5.6  157s
 194564 84566 9.2676e+08  944   12 9.2868e+08 9.2676e+08  0.21%   5.6  160s
H195273 84564                    9.286537e+08 9.2676e+08  0.20%   5.6  160s
 199142 84582 9.2676e+08  939    9 9.2865e+08 9.2676e+08  0.20%   5.6  165s
 203866 84650 9.2676e+08  939    9 9.2865e+08 9.2676e+08  0.20%   5.6  170s
H207188 84689                    9.286447e+08 9.2676e+08  0.20%   5.6  173s
 208162 84685 9.2676e+08  934    9 9.2864e+08 9.2676e+08  0.20%   5.6  175s
 213097 84759 infeasible  946      9.2864e+08 9.2676e+08  0.20%   5.6  180s
 219842 84902 infeasible  941      9.2864e+08 9.2676e+08  0.20%   5.6  185s
H224367 84979                    9.286087e+08 9.2676e+08  0.20%   5.6  188s
H224558 84995                    9.285955e+08 9.2676e+08  0.20%   5.6  188s
H225282 85090                    9.285752e+08 9.2676e+08  0.20%   5.6  189s
 226326 85250 9.2676e+08  963   14 9.2858e+08 9.2676e+08  0.20%   5.6  190s
 231503 85360 9.2676e+08  923   10 9.2858e+08 9.2676e+08  0.20%   5.6  195s
H236082 84881                    9.285620e+08 9.2676e+08  0.19%   5.7  199s
 236503 84824 infeasible  874      9.2856e+08 9.2676e+08  0.19%   5.7  200s
 243244 84112 9.2676e+08  921   10 9.2856e+08 9.2676e+08  0.19%   5.7  205s
 248484 84081 9.2676e+08  956   10 9.2856e+08 9.2676e+08  0.19%   5.7  210s
 253866 84170 infeasible  937      9.2856e+08 9.2676e+08  0.19%   5.8  215s
 260655 84283 infeasible  937      9.2856e+08 9.2676e+08  0.19%   5.8  220s
 267076 83851 9.2676e+08  956    9 9.2856e+08 9.2676e+08  0.19%   5.8  225s
 272525 83854 infeasible  955      9.2856e+08 9.2676e+08  0.19%   5.8  230s
H275511 83747                    9.285601e+08 9.2676e+08  0.19%   5.8  232s
 278687 83678 infeasible  892      9.2856e+08 9.2676e+08  0.19%   5.9  235s
H278759 83654                    9.285382e+08 9.2676e+08  0.19%   5.9  235s
 285076 83070 infeasible  954      9.2854e+08 9.2676e+08  0.19%   5.9  240s
 291384 83255 9.2676e+08  962   10 9.2854e+08 9.2676e+08  0.19%   5.8  245s
 297514 83221 9.2676e+08  960   10 9.2854e+08 9.2676e+08  0.19%   5.8  250s
H299636 83237                    9.285376e+08 9.2676e+08  0.19%   5.8  251s
 303184 83341 9.2676e+08  953   10 9.2854e+08 9.2676e+08  0.19%   5.8  255s
 309555 83239 9.2676e+08  965   10 9.2854e+08 9.2676e+08  0.19%   5.8  260s
 315303 82880 9.2676e+08  942   12 9.2854e+08 9.2676e+08  0.19%   5.8  265s
 321514 82826 infeasible  925      9.2854e+08 9.2676e+08  0.19%   5.8  270s
 327132 82693 infeasible  956      9.2854e+08 9.2676e+08  0.19%   5.9  275s
 333188 82761 9.2676e+08  929   10 9.2854e+08 9.2676e+08  0.19%   5.9  280s
 339165 82648 infeasible  939      9.2854e+08 9.2676e+08  0.19%   5.9  285s
 344911 82707 9.2676e+08  947   10 9.2854e+08 9.2676e+08  0.19%   5.9  290s
H345561 82790                    9.285318e+08 9.2676e+08  0.19%   5.9  290s
H349665 83071                    9.285318e+08 9.2676e+08  0.19%   5.9  293s
 350936 83081 9.2676e+08  913   12 9.2853e+08 9.2676e+08  0.19%   5.9  295s
H352064 83083                    9.285262e+08 9.2676e+08  0.19%   5.9  295s
 356794 83134 9.2676e+08  928   10 9.2853e+08 9.2676e+08  0.19%   5.9  300s
 362639 83232 infeasible  925      9.2853e+08 9.2676e+08  0.19%   5.9  305s
 368291 83378 9.2676e+08  912   10 9.2853e+08 9.2676e+08  0.19%   5.9  310s
 374521 83381 infeasible  932      9.2853e+08 9.2676e+08  0.19%   6.0  315s
 380264 83430 9.2676e+08  882   12 9.2853e+08 9.2676e+08  0.19%   6.0  320s
H381924 83418                    9.285252e+08 9.2676e+08  0.19%   6.0  321s
 386143 83462 infeasible  889      9.2853e+08 9.2676e+08  0.19%   6.0  325s
 391924 83571 9.2676e+08  934   12 9.2853e+08 9.2676e+08  0.19%   6.0  330s
 397477 83616 9.2676e+08  904   10 9.2853e+08 9.2676e+08  0.19%   6.0  335s
 403870 83708 infeasible  918      9.2853e+08 9.2676e+08  0.19%   6.1  340s
 409670 84815 9.2676e+08 1001   12 9.2853e+08 9.2676e+08  0.19%   6.1  345s
 416531 86483 infeasible 1015      9.2853e+08 9.2676e+08  0.19%   6.1  350s
 422616 86930 9.2676e+08 1025   11 9.2853e+08 9.2676e+08  0.19%   6.1  355s
 428580 87353 9.2676e+08  975   10 9.2853e+08 9.2676e+08  0.19%   6.1  360s
 434117 88294 9.2676e+08 1002   11 9.2853e+08 9.2676e+08  0.19%   6.1  365s
 439885 88848 infeasible 1024      9.2853e+08 9.2676e+08  0.19%   6.2  370s
H441865 88960                    9.285249e+08 9.2676e+08  0.19%   6.2  371s
 445820 89580 9.2676e+08  992   10 9.2852e+08 9.2676e+08  0.19%   6.2  375s
 452147 90622 infeasible 1018      9.2852e+08 9.2676e+08  0.19%   6.2  380s
 458087 91166 9.2676e+08 1017   12 9.2852e+08 9.2676e+08  0.19%   6.2  385s
 463953 91849 9.2676e+08 1006   12 9.2852e+08 9.2676e+08  0.19%   6.2  390s
 469241 92534 9.2676e+08  979   10 9.2852e+08 9.2676e+08  0.19%   6.2  395s
 475089 93200 9.2676e+08  981   10 9.2852e+08 9.2676e+08  0.19%   6.2  400s
 480143 93801 infeasible  991      9.2852e+08 9.2676e+08  0.19%   6.3  405s
 485704 94386 9.2676e+08  989   12 9.2852e+08 9.2676e+08  0.19%   6.3  410s
 491440 95175 9.2676e+08  995   11 9.2852e+08 9.2676e+08  0.19%   6.3  415s
 496894 95908 9.2676e+08  983   10 9.2852e+08 9.2676e+08  0.19%   6.3  420s
 502012 96347 9.2676e+08  999   10 9.2852e+08 9.2676e+08  0.19%   6.4  425s
 506984 96795 infeasible  997      9.2852e+08 9.2676e+08  0.19%   6.4  430s
 512273 97193 infeasible 1005      9.2852e+08 9.2676e+08  0.19%   6.5  435s
 518228 97484 9.2676e+08  982   10 9.2852e+08 9.2676e+08  0.19%   6.5  440s
H521614 97880                    9.285223e+08 9.2676e+08  0.19%   6.5  443s
 523663 98060 infeasible  994      9.2852e+08 9.2676e+08  0.19%   6.5  445s
 528856 98427 infeasible 1012      9.2852e+08 9.2676e+08  0.19%   6.6  450s
 534588 98474 9.2676e+08  980   10 9.2852e+08 9.2676e+08  0.19%   6.6  455s
 540048 98560 infeasible  993      9.2852e+08 9.2676e+08  0.19%   6.6  460s
 545301 98697 9.2676e+08 1002   11 9.2852e+08 9.2676e+08  0.19%   6.6  465s
 550690 99029 9.2676e+08  982   12 9.2852e+08 9.2676e+08  0.19%   6.6  470s
 556143 99593 9.2676e+08 1002   10 9.2852e+08 9.2676e+08  0.19%   6.7  475s
 561115 100018 9.2676e+08  995   11 9.2852e+08 9.2676e+08  0.19%   6.7  480s
 566513 100481 9.2676e+08  990   11 9.2852e+08 9.2676e+08  0.19%   6.8  485s
 571729 101083 9.2676e+08  997   11 9.2852e+08 9.2676e+08  0.19%   6.8  490s
 577641 101668 infeasible  999      9.2852e+08 9.2676e+08  0.19%   6.8  495s
 583244 102227 9.2676e+08  986   11 9.2852e+08 9.2676e+08  0.19%   6.8  500s
 589105 103098 infeasible  991      9.2852e+08 9.2676e+08  0.19%   6.8  505s
 595009 103768 9.2676e+08  994   11 9.2852e+08 9.2676e+08  0.19%   6.8  510s
 600661 104446 9.2676e+08  992   11 9.2852e+08 9.2676e+08  0.19%   6.9  515s
 605827 105199 9.2676e+08 1005   11 9.2852e+08 9.2676e+08  0.19%   6.9  520s
 611014 105713 infeasible  993      9.2852e+08 9.2676e+08  0.19%   6.9  525s
 615598 106176 9.2676e+08  994   11 9.2852e+08 9.2676e+08  0.19%   6.9  530s
 620752 106864 infeasible  982      9.2852e+08 9.2676e+08  0.19%   6.9  535s
 625563 107125 infeasible  989      9.2852e+08 9.2676e+08  0.19%   7.0  540s
 630393 107567 9.2676e+08  991   10 9.2852e+08 9.2676e+08  0.19%   7.0  545s
 635030 107901 infeasible  984      9.2852e+08 9.2676e+08  0.19%   7.0  550s
 640189 108540 infeasible  998      9.2852e+08 9.2676e+08  0.19%   7.1  555s
 645009 109034 9.2676e+08 1005   12 9.2852e+08 9.2676e+08  0.19%   7.1  560s
 650331 109686 9.2676e+08 1003   11 9.2852e+08 9.2676e+08  0.19%   7.1  565s
 655822 110248 infeasible 1006      9.2852e+08 9.2676e+08  0.19%   7.1  570s
H657083 110371                    9.285138e+08 9.2676e+08  0.19%   7.1  571s
 661456 110581 9.2676e+08  995   11 9.2851e+08 9.2676e+08  0.19%   7.1  575s
 666607 111257 9.2676e+08  985   10 9.2851e+08 9.2676e+08  0.19%   7.2  580s
 671898 111772 infeasible  985      9.2851e+08 9.2676e+08  0.19%   7.2  585s
 676845 112217 9.2676e+08  987   10 9.2851e+08 9.2676e+08  0.19%   7.2  590s
H679246 112420                    9.285016e+08 9.2676e+08  0.19%   7.2  592s
 681440 112642 9.2676e+08  985   10 9.2850e+08 9.2676e+08  0.19%   7.2  595s
 686318 113188 infeasible  987      9.2850e+08 9.2676e+08  0.19%   7.3  600s
 691279 113731 9.2676e+08  993   12 9.2850e+08 9.2676e+08  0.19%   7.3  605s
 696142 114230 infeasible  983      9.2850e+08 9.2676e+08  0.19%   7.3  610s
 701624 115082 9.2676e+08  986    9 9.2850e+08 9.2676e+08  0.19%   7.4  615s
 707037 115359 9.2676e+08 1007    9 9.2850e+08 9.2676e+08  0.19%   7.3  620s
 710964 115520 9.2676e+08 1002   10 9.2850e+08 9.2676e+08  0.19%   7.3  625s
 716274 115777 9.2676e+08  982    9 9.2850e+08 9.2676e+08  0.19%   7.3  630s
 720532 115987 9.2676e+08  984    9 9.2850e+08 9.2676e+08  0.19%   7.4  635s
 725138 116197 infeasible  991      9.2850e+08 9.2676e+08  0.19%   7.4  640s
 729523 116285 9.2676e+08  983   11 9.2850e+08 9.2676e+08  0.19%   7.5  645s
 734427 116471 9.2676e+08  990   10 9.2850e+08 9.2676e+08  0.19%   7.5  650s
 739512 116628 infeasible  988      9.2850e+08 9.2676e+08  0.19%   7.5  655s
 744270 116937 9.2676e+08 1009   12 9.2850e+08 9.2676e+08  0.19%   7.6  660s
 749938 117538 infeasible 1000      9.2850e+08 9.2676e+08  0.19%   7.6  665s
 754794 118412 infeasible 1006      9.2850e+08 9.2676e+08  0.19%   7.6  670s
 759830 118690 9.2676e+08 1016   11 9.2850e+08 9.2676e+08  0.19%   7.6  675s
 764735 119010 infeasible 1012      9.2850e+08 9.2676e+08  0.19%   7.6  680s
 769454 119340 9.2676e+08 1008   10 9.2850e+08 9.2676e+08  0.19%   7.6  685s
 774536 119528 infeasible 1002      9.2850e+08 9.2676e+08  0.19%   7.6  690s
 779742 119769 infeasible 1018      9.2850e+08 9.2676e+08  0.19%   7.6  695s
 785204 120045 9.2676e+08 1004   11 9.2850e+08 9.2676e+08  0.19%   7.6  700s
 790238 120301 9.2676e+08 1017   12 9.2850e+08 9.2676e+08  0.19%   7.6  705s
 795493 120631 9.2676e+08 1014   11 9.2850e+08 9.2676e+08  0.19%   7.6  710s
 800895 120942 9.2676e+08 1014   11 9.2850e+08 9.2676e+08  0.19%   7.6  715s
 805938 121486 9.2676e+08 1026   12 9.2850e+08 9.2676e+08  0.19%   7.6  720s
 810906 121664 infeasible 1021      9.2850e+08 9.2676e+08  0.19%   7.6  725s
 815852 121966 infeasible 1010      9.2850e+08 9.2676e+08  0.19%   7.6  730s
 821123 122486 9.2676e+08 1027   10 9.2850e+08 9.2676e+08  0.19%   7.6  735s
 826524 122738 9.2676e+08 1006   11 9.2850e+08 9.2676e+08  0.19%   7.6  740s
 831366 123080 9.2676e+08 1016   12 9.2850e+08 9.2676e+08  0.19%   7.6  745s
 837037 123374 9.2676e+08 1014   11 9.2850e+08 9.2676e+08  0.19%   7.6  750s
 842644 123910 9.2676e+08 1022   12 9.2850e+08 9.2676e+08  0.19%   7.6  755s
 848009 124308 9.2676e+08 1013   12 9.2850e+08 9.2676e+08  0.19%   7.6  760s
 853531 124787 9.2676e+08 1007   11 9.2850e+08 9.2676e+08  0.19%   7.6  765s
 858310 125119 9.2676e+08  995   12 9.2850e+08 9.2676e+08  0.19%   7.6  770s
H860267 125232                    9.285015e+08 9.2676e+08  0.19%   7.6  772s
 862976 125471 9.2676e+08  995    9 9.2850e+08 9.2676e+08  0.19%   7.7  775s
 868102 126041 9.2676e+08 1005   10 9.2850e+08 9.2676e+08  0.19%   7.7  780s
 873221 126400 9.2676e+08  998   11 9.2850e+08 9.2676e+08  0.19%   7.7  785s
 878255 126748 9.2676e+08 1005   10 9.2850e+08 9.2676e+08  0.19%   7.7  790s
 883839 126914 infeasible  990      9.2850e+08 9.2676e+08  0.19%   7.7  795s
 889096 127087 9.2676e+08 1012   10 9.2850e+08 9.2676e+08  0.19%   7.7  800s
 894809 127229 9.2676e+08  998   12 9.2850e+08 9.2676e+08  0.19%   7.7  805s
H896765 127297                    9.282529e+08 9.2676e+08  0.16%   7.7  806s
H896803 127301                    9.282528e+08 9.2676e+08  0.16%   7.7  807s
H897072 127328                    9.282461e+08 9.2676e+08  0.16%   7.7  807s
H897168 127336                    9.282460e+08 9.2676e+08  0.16%   7.7  807s
H897222 127338                    9.281408e+08 9.2676e+08  0.15%   7.7  807s
H897556 127328                    9.281111e+08 9.2676e+08  0.15%   7.7  807s
H897581 127323                    9.281042e+08 9.2676e+08  0.15%   7.7  807s
H897643 127315                    9.280270e+08 9.2676e+08  0.14%   7.7  807s
H898018 127324                    9.280268e+08 9.2676e+08  0.14%   7.7  808s
H898499 127367                    9.276092e+08 9.2676e+08  0.09%   7.7  808s
H898692 127352                    9.276037e+08 9.2676e+08  0.09%   7.7  808s
H898726 127342                    9.275504e+08 9.2676e+08  0.09%   7.7  809s
H898965 127337                    9.275504e+08 9.2676e+08  0.09%   7.7  809s
 899873 127409 9.2676e+08 1010   10 9.2755e+08 9.2676e+08  0.09%   7.7  810s
H899961 127409                    9.275503e+08 9.2676e+08  0.09%   7.7  810s
H900043 127407                    9.275498e+08 9.2676e+08  0.09%   7.7  810s
H901594 127394                    9.275498e+08 9.2676e+08  0.09%   7.7  811s
H903003 127435                    9.275497e+08 9.2676e+08  0.09%   7.7  812s
H904281 127453                    9.274200e+08 9.2676e+08  0.07%   7.7  813s
H904486 127454                    9.274059e+08 9.2676e+08  0.07%   7.7  813s
H904855 127437                    9.272321e+08 9.2676e+08  0.05%   7.7  814s
 905675 127455 9.2676e+08  984    9 9.2723e+08 9.2676e+08  0.05%   7.7  815s
H908866 127610                    9.272184e+08 9.2676e+08  0.05%   7.7  818s
 910908 127836 9.2676e+08 1011   11 9.2722e+08 9.2676e+08  0.05%   7.7  820s
H911600 127881                    9.272087e+08 9.2676e+08  0.05%   7.7  820s
H912991 128018                    9.272030e+08 9.2676e+08  0.05%   7.7  821s
H913405 128062                    9.272029e+08 9.2676e+08  0.05%   7.7  822s
H913724 128104                    9.272027e+08 9.2676e+08  0.05%   7.7  822s
 916348 128334 infeasible  995      9.2720e+08 9.2676e+08  0.05%   7.7  825s
H921258 128565                    9.272023e+08 9.2676e+08  0.05%   7.7  829s
H921446 128559                    9.272022e+08 9.2676e+08  0.05%   7.7  829s
 921788 128590 9.2676e+08 1009   11 9.2720e+08 9.2676e+08  0.05%   7.7  830s
H924154 128732                    9.272022e+08 9.2676e+08  0.05%   7.7  832s
 927150 128886 infeasible 1009      9.2720e+08 9.2676e+08  0.05%   7.7  835s
 932191 128994 infeasible 1006      9.2720e+08 9.2676e+08  0.05%   7.7  840s
 937614 129151 9.2676e+08  985    9 9.2720e+08 9.2676e+08  0.05%   7.7  845s
H938543 129162                    9.272021e+08 9.2676e+08  0.05%   7.7  845s
H939989 129218                    9.272021e+08 9.2676e+08  0.05%   7.7  846s
H942963 129515                    9.272021e+08 9.2676e+08  0.05%   7.7  849s
 943156 129520 infeasible 1015      9.2720e+08 9.2676e+08  0.05%   7.7  850s
H943416 129536                    9.272016e+08 9.2676e+08  0.05%   7.7  850s
H945830 129793                    9.272015e+08 9.2676e+08  0.05%   7.7  852s
H947565 129876                    9.272002e+08 9.2676e+08  0.05%   7.7  854s
H947880 129892                    9.271976e+08 9.2676e+08  0.05%   7.7  854s
 948691 129944 9.2676e+08 1006   11 9.2720e+08 9.2676e+08  0.05%   7.7  855s
H949580 130002                    9.271976e+08 9.2676e+08  0.05%   7.7  855s
 954434 130511 infeasible  986      9.2720e+08 9.2676e+08  0.05%   7.7  860s
 959437 131019 9.2676e+08  999   12 9.2720e+08 9.2676e+08  0.05%   7.8  865s
H959626 131058                    9.271967e+08 9.2676e+08  0.05%   7.8  865s
 964232 131657 9.2676e+08  982   10 9.2720e+08 9.2676e+08  0.05%   7.8  870s
 969194 132405 infeasible  986      9.2720e+08 9.2676e+08  0.05%   7.8  875s
 974125 133654 9.2676e+08  980   10 9.2720e+08 9.2676e+08  0.05%   7.8  880s
H974652 133820                    9.271927e+08 9.2676e+08  0.05%   7.8  880s
 978901 134669 infeasible  979      9.2719e+08 9.2676e+08  0.05%   7.8  885s
 983797 135758 9.2676e+08  981   11 9.2719e+08 9.2676e+08  0.05%   7.9  890s
H987187 136484                    9.271924e+08 9.2676e+08  0.05%   7.9  893s
 988887 136866 infeasible  995      9.2719e+08 9.2676e+08  0.05%   7.9  895s
 993598 137636 infeasible 1000      9.2719e+08 9.2676e+08  0.05%   7.9  900s
 998417 138731 9.2676e+08  989   11 9.2719e+08 9.2676e+08  0.05%   7.9  905s
 1003237 139551 9.2676e+08 1002   11 9.2719e+08 9.2676e+08  0.05%   7.9  910s
 1008156 140440 9.2676e+08  989   11 9.2719e+08 9.2676e+08  0.05%   7.9  915s
 1013593 141333 9.2676e+08  994   12 9.2719e+08 9.2676e+08  0.05%   8.0  920s
 1018926 141926 9.2676e+08  974    8 9.2719e+08 9.2676e+08  0.05%   8.0  925s
 1023697 142766 infeasible  990      9.2719e+08 9.2676e+08  0.05%   8.0  930s
H1024318 142785                    9.271909e+08 9.2676e+08  0.05%   8.0  930s
 1028713 143484 9.2676e+08  981   10 9.2719e+08 9.2676e+08  0.05%   8.0  935s
H1031819 143970                    9.271802e+08 9.2676e+08  0.05%   8.0  938s
 1033534 144186 infeasible  979      9.2718e+08 9.2676e+08  0.05%   8.0  940s
H1037553 144880                    9.271800e+08 9.2676e+08  0.05%   8.1  943s
 1038764 145109 infeasible  995      9.2718e+08 9.2676e+08  0.05%   8.1  945s
 1043781 145894 infeasible  994      9.2718e+08 9.2676e+08  0.05%   8.1  950s
H1044448 145971                    9.271799e+08 9.2676e+08  0.05%   8.1  950s
H1045464 146120                    9.271797e+08 9.2676e+08  0.05%   8.1  951s
 1048702 146888 9.2676e+08  994   12 9.2718e+08 9.2676e+08  0.05%   8.1  955s
 1053587 147802 infeasible  993      9.2718e+08 9.2676e+08  0.05%   8.1  960s
 1057874 148372 infeasible  978      9.2718e+08 9.2676e+08  0.05%   8.2  965s
 1062345 148894 9.2676e+08  983   10 9.2718e+08 9.2676e+08  0.05%   8.2  970s
 1067408 149886 9.2676e+08 1011   14 9.2718e+08 9.2676e+08  0.05%   8.2  975s
 1074226 151850 9.2676e+08  988   10 9.2718e+08 9.2676e+08  0.05%   8.2  980s
 1080251 152741 9.2676e+08  974    8 9.2718e+08 9.2676e+08  0.05%   8.2  985s
 1086526 153736 infeasible  964      9.2718e+08 9.2676e+08  0.05%   8.2  990s
 1092941 154295 9.2676e+08  979    8 9.2718e+08 9.2676e+08  0.05%   8.1  995s

Cutting planes:
  Gomory: 2
  Flow cover: 1

Explored 1099200 nodes (8936776 simplex iterations) in 1000.00 seconds
Thread count was 1 (of 8 available processors)

Time limit reached
Best objective 9.271796990000e+08, best bound 9.267558150000e+08, gap 0.0457%
