
Log started (V12.6.3.0) Sat Mar  3 02:28:05 2018

New value for default parallel thread count: 1

Problem '/tmp/tmpcymWq5.pyomo.lp' read.
Read time = 0.00 sec. (0.14 ticks)

Problem name         : /tmp/tmpcymWq5.pyomo.lp
Objective sense      : Minimize
Variables            :    2413  [Nneg: 13,  Binary: 2400]
Objective nonzeros   :      12
Linear constraints   :     224  [Less: 11,  Equal: 213]
  Nonzeros           :    4835
  RHS nonzeros       :     201

Variables            : Min LB: 0.000000         Max UB: 1.000000       
Objective nonzeros   : Min   : 1.000000         Max   : 2048.000       
Linear constraints   :
  Nonzeros           : Min   : 1.000000         Max   : 9937.000       
  RHS nonzeros       : Min   : 1.000000         Max   : 1.000000       
Found incumbent of value 2.0879913e+09 after 0.00 sec. (0.20 ticks)
Tried aggregator 2 times.
MIP Presolve eliminated 1 rows and 1 columns.
Aggregator did 2 substitutions.
Reduced MIP has 221 rows, 2410 columns, and 4830 nonzeros.
Reduced MIP has 2400 binaries, 0 generals, 0 SOSs, and 0 indicators.
Presolve time = 0.00 sec. (3.77 ticks)
Tried aggregator 1 time.
Reduced MIP has 221 rows, 2410 columns, and 4830 nonzeros.
Reduced MIP has 2400 binaries, 10 generals, 0 SOSs, and 0 indicators.
Presolve time = 0.00 sec. (2.49 ticks)
Probing fixed 0 vars, tightened 51 bounds.
Probing time = 0.02 sec. (25.22 ticks)
Clique table members: 200.
MIP emphasis: balance optimality and feasibility.
MIP search method: dynamic search.
Parallel mode: none, using 1 thread.
Root relaxation solution time = 0.01 sec. (9.14 ticks)

        Nodes                                         Cuts/
   Node  Left     Objective  IInf  Best Integer    Best Bound    ItCnt     Gap

*     0+    0                       2.08799e+09        0.0000           100.00%
      0     0   3.47914e+08    31   2.08799e+09   3.47914e+08      297   83.34%
      0     0   3.47914e+08    43   2.08799e+09      Cuts: 14      320   83.34%
      0     0   3.47914e+08    35   2.08799e+09       Cuts: 3      329   83.34%
      0     0   3.47914e+08    39   2.08799e+09     Covers: 2      341   83.34%
*     0+    0                       4.48687e+08   3.47914e+08            22.46%
*     0+    0                       4.17362e+08   3.47914e+08            16.64%
*     0+    0                       4.14880e+08   3.47914e+08            16.14%
*     0+    0                       4.08457e+08   3.47914e+08            14.82%
*     0+    0                       3.89104e+08   3.47914e+08            10.59%
      0     2   3.47914e+08    29   3.89104e+08   3.47914e+08      341   10.59%
Elapsed time = 0.13 sec. (180.93 ticks, tree = 0.01 MB, solutions = 6)
    180   182   3.47914e+08    29   3.89104e+08   3.47914e+08     1625   10.59%
    181   183   3.47914e+08    28   3.89104e+08   3.47914e+08     1632   10.59%
    182   184   3.47914e+08    30   3.89104e+08   3.47914e+08     1641   10.59%
    183   185   3.47914e+08    29   3.89104e+08   3.47914e+08     1648   10.59%
    184   186   3.47914e+08    29   3.89104e+08   3.47914e+08     1661   10.59%
    185   187   3.47914e+08    29   3.89104e+08   3.47914e+08     1668   10.59%
    186   188   3.47914e+08    28   3.89104e+08   3.47914e+08     1676   10.59%
    187   189   3.47914e+08    29   3.89104e+08   3.47914e+08     1687   10.59%
    188   190   3.47914e+08    29   3.89104e+08   3.47914e+08     1696   10.59%
*   350+  346                       3.55710e+08   3.47914e+08             2.19%
*   515+  484                       3.53982e+08   3.47914e+08             1.71%
*   515+  484                       3.53941e+08   3.47914e+08             1.70%
*   515+  484                       3.53835e+08   3.47914e+08             1.67%
*   515+  484                       3.53791e+08   3.47914e+08             1.66%
*   515+  484                       3.53154e+08   3.47914e+08             1.48%
*   516+  483                       3.52775e+08   3.47914e+08             1.38%
   1020   935   3.47914e+08    28   3.52775e+08   3.47914e+08     7583    1.38%
Elapsed time = 0.82 sec. (1134.78 ticks, tree = 4.19 MB, solutions = 13)
   1280  1069   3.47915e+08    19   3.52775e+08   3.47915e+08     9672    1.38%
   1281  1070   3.47915e+08    19   3.52775e+08   3.47915e+08     9673    1.38%
   1282  1070   3.47915e+08    19   3.52775e+08   3.47915e+08     9674    1.38%
   1283  1071   3.47915e+08    19   3.52775e+08   3.47915e+08     9675    1.38%
   1284  1072   3.47915e+08    19   3.52775e+08   3.47915e+08     9676    1.38%
   1285  1072   3.47915e+08    19   3.52775e+08   3.47915e+08     9677    1.38%
   1286  1073   3.47915e+08    19   3.52775e+08   3.47915e+08     9678    1.38%
   1287  1074   3.47915e+08    19   3.52775e+08   3.47915e+08     9679    1.38%
   1288  1074   3.47915e+08    19   3.52775e+08   3.47915e+08     9680    1.38%
   1289  1075   3.47915e+08    19   3.52775e+08   3.47915e+08     9681    1.38%
Elapsed time = 1.58 sec. (2099.08 ticks, tree = 4.71 MB, solutions = 13)
   1845  1334    infeasible         3.52775e+08   3.47915e+08    13002    1.38%
   1846  1334   3.47919e+08    17   3.52775e+08   3.47915e+08    13004    1.38%
   1847  1335   3.47919e+08    15   3.52775e+08   3.47915e+08    13022    1.38%
   1848  1335   3.47919e+08    16   3.52775e+08   3.47915e+08    13026    1.38%
   1849  1336   3.47919e+08    15   3.52775e+08   3.47915e+08    13035    1.38%
   1850  1336   3.47919e+08    16   3.52775e+08   3.47915e+08    13036    1.38%
   1851  1337   3.47919e+08    15   3.52775e+08   3.47915e+08    13043    1.38%
   1852  1337   3.47919e+08    17   3.52775e+08   3.47915e+08    13065    1.38%
   1853  1338   3.47919e+08    16   3.52775e+08   3.47915e+08    13067    1.38%
   1854  1338   3.47919e+08    17   3.52775e+08   3.47915e+08    13068    1.38%
Elapsed time = 2.35 sec. (3067.21 ticks, tree = 5.86 MB, solutions = 13)
   2738  1639   3.52146e+08    19   3.52775e+08   3.47915e+08    19988    1.38%
   2739  1640   3.52146e+08    20   3.52775e+08   3.47915e+08    19989    1.38%
   2740  1641   3.52146e+08    19   3.52775e+08   3.47915e+08    20005    1.38%
   2741  1641   3.52146e+08    19   3.52775e+08   3.47915e+08    20030    1.38%
   2742  1642   3.52146e+08    19   3.52775e+08   3.47915e+08    20031    1.38%
   2743  1643   3.52146e+08    19   3.52775e+08   3.47915e+08    20032    1.38%
   2744  1643   3.52146e+08    19   3.52775e+08   3.47915e+08    20033    1.38%
   2745  1644   3.52146e+08    19   3.52775e+08   3.47915e+08    20034    1.38%
   2746  1644   3.52146e+08    17   3.52775e+08   3.47915e+08    20037    1.38%
   2747  1645   3.52146e+08    17   3.52775e+08   3.47915e+08    20049    1.38%
Elapsed time = 3.19 sec. (4026.71 ticks, tree = 7.20 MB, solutions = 13)
   3967  2634   3.47915e+08    18   3.52775e+08   3.47915e+08    28963    1.38%
   3968  2635   3.51346e+08    22   3.52775e+08   3.47915e+08    28999    1.38%
   3969  2636   3.47915e+08    18   3.52775e+08   3.47915e+08    29008    1.38%
   3970  2637   3.47915e+08    18   3.52775e+08   3.47915e+08    29018    1.38%
   3971  2638   3.47915e+08    17   3.52775e+08   3.47915e+08    29034    1.38%
   3972  2639   3.47915e+08    17   3.52775e+08   3.47915e+08    29035    1.38%
   3973  2640   3.47915e+08    17   3.52775e+08   3.47915e+08    29036    1.38%
   3974  2641   3.47915e+08    17   3.52775e+08   3.47915e+08    29040    1.38%
   3975  2642   3.47915e+08    17   3.52775e+08   3.47915e+08    29043    1.38%
   3976  2643   3.47915e+08    17   3.52775e+08   3.47915e+08    29044    1.38%
Elapsed time = 4.09 sec. (4987.11 ticks, tree = 11.64 MB, solutions = 13)
   5450  4042   3.47915e+08    21   3.52775e+08   3.47915e+08    38974    1.38%
   5451  4043   3.47915e+08    21   3.52775e+08   3.47915e+08    39000    1.38%
   5452  4044   3.47915e+08    20   3.52775e+08   3.47915e+08    39006    1.38%
   5453  4045   3.47915e+08    20   3.52775e+08   3.47915e+08    39010    1.38%
   5454  4046   3.47915e+08    19   3.52775e+08   3.47915e+08    39021    1.38%
   5455  4047   3.47915e+08    20   3.52775e+08   3.47915e+08    39022    1.38%
   5456  4048   3.47915e+08    20   3.52775e+08   3.47915e+08    39027    1.38%
   5457  4049   3.47915e+08    19   3.52775e+08   3.47915e+08    39033    1.38%
   5458  4050   3.47915e+08    18   3.52775e+08   3.47915e+08    39037    1.38%
   5459  4051   3.47915e+08    18   3.52775e+08   3.47915e+08    39038    1.38%
Elapsed time = 4.89 sec. (5946.38 ticks, tree = 17.77 MB, solutions = 13)
   7029  5520   3.47915e+08    20   3.52775e+08   3.47915e+08    47475    1.38%
   7030  5521   3.47915e+08    20   3.52775e+08   3.47915e+08    47476    1.38%
   7031  5522   3.47915e+08    21   3.52775e+08   3.47915e+08    47491    1.38%
   7032  5523   3.47915e+08    21   3.52775e+08   3.47915e+08    47492    1.38%
   7033  5524   3.47915e+08    21   3.52775e+08   3.47915e+08    47493    1.38%
   7034  5525   3.47915e+08    22   3.52775e+08   3.47915e+08    47499    1.38%
   7035  5526   3.47915e+08    16   3.52775e+08   3.47915e+08    47511    1.38%
   7036  5527   3.47915e+08    16   3.52775e+08   3.47915e+08    47520    1.38%
   7037  5528   3.47915e+08    18   3.52775e+08   3.47915e+08    47538    1.38%
   7038  5529   3.47915e+08    18   3.52775e+08   3.47915e+08    47539    1.38%
Elapsed time = 5.71 sec. (6905.34 ticks, tree = 24.37 MB, solutions = 13)
   8974  7347   3.47915e+08    22   3.52775e+08   3.47915e+08    57287    1.38%
   8975  7348   3.47915e+08    20   3.52775e+08   3.47915e+08    57289    1.38%
   8976  7349   3.47915e+08    21   3.52775e+08   3.47915e+08    57295    1.38%
   8977  7350   3.47915e+08    22   3.52775e+08   3.47915e+08    57298    1.38%
   8978  7351   3.47915e+08    21   3.52775e+08   3.47915e+08    57303    1.38%
   8979  7352   3.47915e+08    21   3.52775e+08   3.47915e+08    57310    1.38%
   8980  7353   3.47915e+08    21   3.52775e+08   3.47915e+08    57311    1.38%
   8981  7354   3.47915e+08    21   3.52775e+08   3.47915e+08    57312    1.38%
   8982  7355   3.52325e+08    19   3.52775e+08   3.47915e+08    57360    1.38%
   8983  7356   3.47915e+08    21   3.52775e+08   3.47915e+08    57361    1.38%
Elapsed time = 6.52 sec. (7864.52 ticks, tree = 32.45 MB, solutions = 13)
  10980  9253   3.47915e+08    20   3.52775e+08   3.47915e+08    67840    1.38%
  10981  9254   3.47915e+08    21   3.52775e+08   3.47915e+08    67841    1.38%
  10982  9255   3.47915e+08    21   3.52775e+08   3.47915e+08    67843    1.38%
  10983  9256   3.47915e+08    21   3.52775e+08   3.47915e+08    67855    1.38%
  10984  9257   3.47915e+08    21   3.52775e+08   3.47915e+08    67857    1.38%
  10985  9258   3.47915e+08    21   3.52775e+08   3.47915e+08    67867    1.38%
  10986  9259   3.47915e+08    21   3.52775e+08   3.47915e+08    67877    1.38%
  10987  9260   3.47915e+08    20   3.52775e+08   3.47915e+08    67879    1.38%
  10988  9261   3.47915e+08    20   3.52775e+08   3.47915e+08    67889    1.38%
  10989  9262   3.47915e+08    20   3.52775e+08   3.47915e+08    67894    1.38%
Elapsed time = 7.28 sec. (8822.80 ticks, tree = 41.07 MB, solutions = 13)
  11606  9829   3.52491e+08    21   3.52775e+08   3.47915e+08    70919    1.38%
  11607  9830   3.52491e+08    20   3.52775e+08   3.47915e+08    70920    1.38%
  11608  9831   3.52491e+08    21   3.52775e+08   3.47915e+08    70924    1.38%
  11609  9832   3.52491e+08    19   3.52775e+08   3.47915e+08    70931    1.38%
  11610  9833   3.52491e+08    21   3.52775e+08   3.47915e+08    70941    1.38%
  11611  9834   3.52491e+08    21   3.52775e+08   3.47915e+08    70942    1.38%
  11612  9835   3.52491e+08    19   3.52775e+08   3.47915e+08    70949    1.38%
  11613  9836   3.52491e+08    19   3.52775e+08   3.47915e+08    70950    1.38%
  11614  9837   3.52491e+08    20   3.52775e+08   3.47915e+08    70960    1.38%
  18301 16229   3.51805e+08    17   3.52775e+08   3.47915e+08   101746    1.38%
Elapsed time = 10.59 sec. (12637.72 ticks, tree = 71.87 MB, solutions = 13)
* 22637+13632                       3.52774e+08   3.47915e+08             1.38%
  22694 13663   3.47915e+08    16   3.52774e+08   3.47915e+08   120883    1.38%
  22695 13663   3.47915e+08    16   3.52774e+08   3.47915e+08   120884    1.38%
  22696 13663   3.47915e+08    16   3.52774e+08   3.47915e+08   120886    1.38%
  22697 13663   3.47915e+08    16   3.52774e+08   3.47915e+08   120888    1.38%
  22698 13663   3.47915e+08    17   3.52774e+08   3.47915e+08   120893    1.38%
  22699 13664   3.47915e+08    16   3.52774e+08   3.47915e+08   120899    1.38%
  22700 13664   3.47915e+08    16   3.52774e+08   3.47915e+08   120900    1.38%
  22701 13664   3.47915e+08    18   3.52774e+08   3.47915e+08   120908    1.38%
  22702 13665   3.47915e+08    19   3.52774e+08   3.47915e+08   120914    1.38%
  22703 13666   3.47915e+08    19   3.52774e+08   3.47915e+08   120917    1.38%
Elapsed time = 13.75 sec. (16465.54 ticks, tree = 60.59 MB, solutions = 14)
* 24727+10592                       3.52131e+08   3.47915e+08             1.20%
* 24737+ 7978                       3.51213e+08   3.47915e+08             0.94%
* 24748  6249      integral     0   3.51085e+08   3.47915e+08   126095    0.90%
* 24750  5095      integral     0   3.51068e+08   3.47915e+08   126097    0.90%
  25588  5531   3.47978e+08    13   3.51068e+08   3.47915e+08   128218    0.90%
  25589  5532   3.47978e+08    13   3.51068e+08   3.47915e+08   128219    0.90%
  25590  5533   3.47978e+08    13   3.51068e+08   3.47915e+08   128220    0.90%
  25591  5533   3.47978e+08    13   3.51068e+08   3.47915e+08   128221    0.90%
  25592  5533   3.47978e+08    13   3.51068e+08   3.47915e+08   128222    0.90%
  25593  5534   3.47978e+08    13   3.51068e+08   3.47915e+08   128223    0.90%
  25594  5534   3.47978e+08    13   3.51068e+08   3.47915e+08   128224    0.90%
  25595  5535   3.47978e+08    13   3.51068e+08   3.47915e+08   128225    0.90%
  25596  5536   3.47978e+08    13   3.51068e+08   3.47915e+08   128226    0.90%
  25597  5536   3.47978e+08    13   3.51068e+08   3.47915e+08   128227    0.90%
Elapsed time = 17.06 sec. (20289.43 ticks, tree = 24.22 MB, solutions = 18)
* 26557+ 4676                       3.49003e+08   3.47915e+08             0.31%
  30317  7280   3.48154e+08    12   3.49003e+08   3.47915e+08   141109    0.31%
  30318  7281   3.48154e+08    13   3.49003e+08   3.47915e+08   141119    0.31%
  30319  7282   3.48154e+08    12   3.49003e+08   3.47915e+08   141120    0.31%
  30320  7283   3.48154e+08    12   3.49003e+08   3.47915e+08   141122    0.31%
  30321  7284   3.48154e+08    12   3.49003e+08   3.47915e+08   141127    0.31%
  30322  7285   3.48154e+08    12   3.49003e+08   3.47915e+08   141128    0.31%
  30323  7286   3.48154e+08    12   3.49003e+08   3.47915e+08   141129    0.31%
  30324  7287   3.48154e+08    12   3.49003e+08   3.47915e+08   141131    0.31%
  30325  7288   3.48154e+08    12   3.49003e+08   3.47915e+08   141132    0.31%
  30326  7289   3.48154e+08    12   3.49003e+08   3.47915e+08   141133    0.31%
Elapsed time = 20.33 sec. (24111.05 ticks, tree = 31.64 MB, solutions = 19)
  36792 13545   3.48558e+08     9   3.49003e+08   3.47915e+08   156001    0.31%
  36793 13546   3.48558e+08     9   3.49003e+08   3.47915e+08   156003    0.31%
  36794 13547   3.48558e+08     9   3.49003e+08   3.47915e+08   156007    0.31%
  36795 13548   3.48558e+08    12   3.49003e+08   3.47915e+08   156016    0.31%
  36796 13549   3.48558e+08    12   3.49003e+08   3.47915e+08   156020    0.31%
  36797 13550   3.48558e+08    12   3.49003e+08   3.47915e+08   156023    0.31%
  36798 13551   3.48558e+08    12   3.49003e+08   3.47915e+08   156027    0.31%
  36799 13552   3.48558e+08    11   3.49003e+08   3.47915e+08   156031    0.31%
  36800 13551    infeasible         3.49003e+08   3.47915e+08   156034    0.31%
  36801 13550    infeasible         3.49003e+08   3.47915e+08   156034    0.31%
Elapsed time = 23.71 sec. (27933.10 ticks, tree = 59.18 MB, solutions = 19)
  43614 20132   3.48086e+08    15   3.49003e+08   3.47915e+08   173957    0.31%
  43615 20133   3.48086e+08    15   3.49003e+08   3.47915e+08   173960    0.31%
  43616 20134   3.48086e+08    15   3.49003e+08   3.47915e+08   173961    0.31%
  43617 20135   3.48086e+08    15   3.49003e+08   3.47915e+08   173963    0.31%
  43618 20136   3.48086e+08    15   3.49003e+08   3.47915e+08   173964    0.31%
  43619 20137   3.48086e+08    15   3.49003e+08   3.47915e+08   173965    0.31%
  43620 20138   3.48086e+08    15   3.49003e+08   3.47915e+08   173966    0.31%
  43621 20139   3.48086e+08    15   3.49003e+08   3.47915e+08   173967    0.31%
  43622 20140   3.48086e+08    15   3.49003e+08   3.47915e+08   173968    0.31%
  43623 20141   3.48086e+08    15   3.49003e+08   3.47915e+08   173969    0.31%
Elapsed time = 27.09 sec. (31752.43 ticks, tree = 88.27 MB, solutions = 19)
  50817 27153   3.47915e+08    16   3.49003e+08   3.47915e+08   190754    0.31%
  50818 27154   3.47915e+08    16   3.49003e+08   3.47915e+08   190755    0.31%
  50819 27155   3.47915e+08    16   3.49003e+08   3.47915e+08   190758    0.31%
  50820 27156   3.47915e+08    18   3.49003e+08   3.47915e+08   190763    0.31%
  50821 27157   3.48611e+08    16   3.49003e+08   3.47915e+08   190770    0.31%
  50822 27156    infeasible         3.49003e+08   3.47915e+08   190770    0.31%
  50823 27157   3.48650e+08    18   3.49003e+08   3.47915e+08   190774    0.31%
  50824 27158   3.48650e+08    17   3.49003e+08   3.47915e+08   190775    0.31%
  50825 27159   3.48650e+08    15   3.49003e+08   3.47915e+08   190776    0.31%
  50826 27160   3.48650e+08    14   3.49003e+08   3.47915e+08   190777    0.31%
Elapsed time = 30.60 sec. (35571.65 ticks, tree = 118.76 MB, solutions = 19)
  57965 34152   3.48788e+08    15   3.49003e+08   3.47915e+08   208644    0.31%
  57966 34153   3.48788e+08    15   3.49003e+08   3.47915e+08   208645    0.31%
  57967 34154   3.48788e+08    15   3.49003e+08   3.47915e+08   208646    0.31%
  57968 34155   3.48788e+08    15   3.49003e+08   3.47915e+08   208647    0.31%
  57969 34156   3.48788e+08    15   3.49003e+08   3.47915e+08   208648    0.31%
  57970 34157   3.48788e+08    15   3.49003e+08   3.47915e+08   208649    0.31%
  57971 34158   3.48788e+08    15   3.49003e+08   3.47915e+08   208650    0.31%
  57972 34159   3.48788e+08    15   3.49003e+08   3.47915e+08   208651    0.31%
  57973 34160   3.48788e+08    14   3.49003e+08   3.47915e+08   208653    0.31%
  57974 34161   3.48788e+08    15   3.49003e+08   3.47915e+08   208655    0.31%
Elapsed time = 34.14 sec. (39391.13 ticks, tree = 150.09 MB, solutions = 19)
  65003 40955   3.48088e+08    17   3.49003e+08   3.47915e+08   225347    0.31%
  65004 40954    infeasible         3.49003e+08   3.47915e+08   225347    0.31%
  65005 40953    infeasible         3.49003e+08   3.47915e+08   225347    0.31%
  65006 40954   3.47915e+08    14   3.49003e+08   3.47915e+08   225348    0.31%
  65007 40955   3.47915e+08    14   3.49003e+08   3.47915e+08   225350    0.31%
  65008 40956   3.47915e+08    17   3.49003e+08   3.47915e+08   225360    0.31%
  65009 40957   3.47915e+08    17   3.49003e+08   3.47915e+08   225361    0.31%
  65010 40958   3.47915e+08    17   3.49003e+08   3.47915e+08   225363    0.31%
  65011 40959   3.47915e+08    17   3.49003e+08   3.47915e+08   225364    0.31%
  65012 40960   3.47915e+08    17   3.49003e+08   3.47915e+08   225365    0.31%
Elapsed time = 37.57 sec. (43209.91 ticks, tree = 179.67 MB, solutions = 19)
* 70994 46315      integral     0   3.48981e+08   3.47915e+08   239713    0.31%
  71760 47032   3.48775e+08     8   3.48981e+08   3.47915e+08   242708    0.31%
  71761 47033   3.48775e+08     8   3.48981e+08   3.47915e+08   242711    0.31%
  71762 47034   3.48775e+08     6   3.48981e+08   3.47915e+08   242714    0.31%
  71763 47035   3.48775e+08     6   3.48981e+08   3.47915e+08   242716    0.31%
  71764 47036   3.48775e+08     6   3.48981e+08   3.47915e+08   242728    0.31%
  71765 47037   3.48775e+08     6   3.48981e+08   3.47915e+08   242729    0.31%
  71766 47036    infeasible         3.48981e+08   3.47915e+08   242732    0.31%
  71767 47036   3.48775e+08     6   3.48981e+08   3.47915e+08   242733    0.31%
  71768 47037   3.48775e+08     6   3.48981e+08   3.47915e+08   242735    0.31%
  71769 47038   3.48775e+08     6   3.48981e+08   3.47915e+08   242737    0.31%
Elapsed time = 40.90 sec. (47030.42 ticks, tree = 206.32 MB, solutions = 20)
  78388 53350   3.48373e+08    12   3.48981e+08   3.47915e+08   258892    0.31%
  78389 53351   3.48373e+08    12   3.48981e+08   3.47915e+08   258893    0.31%
  78390 53352   3.48373e+08    12   3.48981e+08   3.47915e+08   258894    0.31%
  78391 53353   3.48373e+08    13   3.48981e+08   3.47915e+08   258901    0.31%
  78392 53354   3.48373e+08    13   3.48981e+08   3.47915e+08   258902    0.31%
  78393 53355   3.48373e+08    13   3.48981e+08   3.47915e+08   258903    0.31%
  78394 53356   3.48373e+08    12   3.48981e+08   3.47915e+08   258904    0.31%
  78395 53357   3.48373e+08    13   3.48981e+08   3.47915e+08   258906    0.31%
  78396 53358   3.48373e+08    13   3.48981e+08   3.47915e+08   258908    0.31%
  78397 53359   3.48373e+08    13   3.48981e+08   3.47915e+08   258910    0.31%
Elapsed time = 44.28 sec. (50849.95 ticks, tree = 234.08 MB, solutions = 20)
* 82037+56720                       3.48975e+08   3.47915e+08             0.30%
* 83508 57633      integral     0   3.48941e+08   3.47915e+08   271458    0.29%
* 83513 55660      integral     0   3.48841e+08   3.47915e+08   271464    0.27%
  84905 57004   3.48681e+08    12   3.48841e+08   3.47915e+08   274895    0.27%
  84906 57005   3.48681e+08    12   3.48841e+08   3.47915e+08   274896    0.27%
  84907 57006   3.48681e+08    12   3.48841e+08   3.47915e+08   274897    0.27%
  84908 57007   3.48681e+08    11   3.48841e+08   3.47915e+08   274898    0.27%
  84909 57008   3.48681e+08    11   3.48841e+08   3.47915e+08   274899    0.27%
  84910 57009   3.48681e+08    12   3.48841e+08   3.47915e+08   274900    0.27%
  84911 57010   3.48681e+08    12   3.48841e+08   3.47915e+08   274904    0.27%
  84912 57009    infeasible         3.48841e+08   3.47915e+08   274904    0.27%
  84913 57010   3.48682e+08    10   3.48841e+08   3.47915e+08   274907    0.27%
  84914 57011   3.48682e+08    10   3.48841e+08   3.47915e+08   274908    0.27%
Elapsed time = 47.59 sec. (54672.76 ticks, tree = 249.85 MB, solutions = 23)
  91924 63784   3.48704e+08    12   3.48841e+08   3.47915e+08   289267    0.27%
  91925 63785   3.48704e+08    12   3.48841e+08   3.47915e+08   289272    0.27%
  91926 63786   3.48704e+08    12   3.48841e+08   3.47915e+08   289274    0.27%
  91927 63787   3.48704e+08    12   3.48841e+08   3.47915e+08   289278    0.27%
  91928 63788   3.48704e+08    12   3.48841e+08   3.47915e+08   289280    0.27%
  91929 63789   3.48704e+08    12   3.48841e+08   3.47915e+08   289286    0.27%
  91930 63790   3.48704e+08    12   3.48841e+08   3.47915e+08   289293    0.27%
  91931 63791   3.48704e+08    12   3.48841e+08   3.47915e+08   289295    0.27%
  91932 63792   3.48704e+08    12   3.48841e+08   3.47915e+08   289296    0.27%
  91933 63793   3.48704e+08    12   3.48841e+08   3.47915e+08   289298    0.27%
Elapsed time = 50.81 sec. (58491.62 ticks, tree = 280.18 MB, solutions = 23)
* 95005 65413      integral     0   3.48792e+08   3.47915e+08   295596    0.25%
  98727 68948   3.47988e+08    20   3.48792e+08   3.47915e+08   303241    0.25%
  98728 68949   3.47988e+08    20   3.48792e+08   3.47915e+08   303242    0.25%
  98729 68950   3.47988e+08    20   3.48792e+08   3.47915e+08   303243    0.25%
  98730 68951   3.47988e+08    20   3.48792e+08   3.47915e+08   303244    0.25%
  98731 68952   3.47988e+08    20   3.48792e+08   3.47915e+08   303245    0.25%
  98732 68953   3.47988e+08    20   3.48792e+08   3.47915e+08   303246    0.25%
  98733 68954   3.47988e+08    20   3.48792e+08   3.47915e+08   303247    0.25%
  98734 68955   3.47988e+08    20   3.48792e+08   3.47915e+08   303248    0.25%
  98735 68956   3.47988e+08    20   3.48792e+08   3.47915e+08   303249    0.25%
  98736 68957   3.47988e+08    20   3.48792e+08   3.47915e+08   303250    0.25%
Elapsed time = 53.94 sec. (62311.31 ticks, tree = 305.46 MB, solutions = 24)
 105896 75806   3.48559e+08    13   3.48792e+08   3.47915e+08   316983    0.25%
 105897 75807   3.48559e+08    14   3.48792e+08   3.47915e+08   316985    0.25%
 105898 75808   3.48559e+08    14   3.48792e+08   3.47915e+08   316986    0.25%
 105899 75809   3.48559e+08    14   3.48792e+08   3.47915e+08   316990    0.25%
 105900 75810   3.48559e+08    14   3.48792e+08   3.47915e+08   316991    0.25%
 105901 75811   3.48559e+08    14   3.48792e+08   3.47915e+08   316993    0.25%
 105902 75812   3.48559e+08    14   3.48792e+08   3.47915e+08   316994    0.25%
 105903 75813   3.48559e+08    13   3.48792e+08   3.47915e+08   316996    0.25%
 105904 75814   3.48559e+08    13   3.48792e+08   3.47915e+08   316999    0.25%
 105905 75815   3.48559e+08    14   3.48792e+08   3.47915e+08   317001    0.25%
Elapsed time = 57.07 sec. (66132.54 ticks, tree = 336.48 MB, solutions = 24)
*108937+77326                       3.48782e+08   3.47915e+08             0.25%
 112834 81025   3.47915e+08    14   3.48782e+08   3.47915e+08   331596    0.25%
 112835 81026   3.48065e+08    16   3.48782e+08   3.47915e+08   331601    0.25%
 112836 81027   3.48065e+08    16   3.48782e+08   3.47915e+08   331602    0.25%
 112837 81028   3.48065e+08    16   3.48782e+08   3.47915e+08   331603    0.25%
 112838 81029   3.48065e+08    16   3.48782e+08   3.47915e+08   331604    0.25%
 112839 81030   3.48382e+08    20   3.48782e+08   3.47915e+08   331606    0.25%
 112840 81031   3.48382e+08    18   3.48782e+08   3.47915e+08   331606    0.25%
 112841 81032   3.48382e+08    17   3.48782e+08   3.47915e+08   331610    0.25%
 112842 81033   3.48382e+08    17   3.48782e+08   3.47915e+08   331611    0.25%
 112843 81034   3.48382e+08    17   3.48782e+08   3.47915e+08   331612    0.25%
Elapsed time = 60.24 sec. (69957.39 ticks, tree = 360.13 MB, solutions = 25)
 120028 87699   3.48290e+08    14   3.48782e+08   3.47915e+08   345781    0.25%
 120029 87700   3.48290e+08    14   3.48782e+08   3.47915e+08   345783    0.25%
 120030 87701   3.48290e+08    16   3.48782e+08   3.47915e+08   345787    0.25%
 120031 87702   3.48290e+08    11   3.48782e+08   3.47915e+08   345790    0.25%
 120032 87703   3.48290e+08    12   3.48782e+08   3.47915e+08   345792    0.25%
 120033 87704   3.48290e+08    12   3.48782e+08   3.47915e+08   345793    0.25%
 120034 87705   3.48290e+08    12   3.48782e+08   3.47915e+08   345794    0.25%
 120035 87706   3.48290e+08    12   3.48782e+08   3.47915e+08   345795    0.25%
 120036 87707   3.48290e+08    12   3.48782e+08   3.47915e+08   345797    0.25%
 120037 87708   3.48290e+08    12   3.48782e+08   3.47915e+08   345798    0.25%
Elapsed time = 63.39 sec. (73777.82 ticks, tree = 390.57 MB, solutions = 25)
 127329 94275   3.48291e+08    11   3.48782e+08   3.47915e+08   360501    0.25%
 127330 94276   3.48291e+08    11   3.48782e+08   3.47915e+08   360502    0.25%
 127331 94277   3.48291e+08    11   3.48782e+08   3.47915e+08   360503    0.25%
 127332 94278   3.48291e+08    11   3.48782e+08   3.47915e+08   360504    0.25%
 127333 94279   3.48291e+08    10   3.48782e+08   3.47915e+08   360506    0.25%
 127334 94280   3.48291e+08    10   3.48782e+08   3.47915e+08   360507    0.25%
 127335 94281   3.48291e+08    10   3.48782e+08   3.47915e+08   360508    0.25%
 127336 94282   3.48291e+08    10   3.48782e+08   3.47915e+08   360509    0.25%
 127337 94283   3.48291e+08    10   3.48782e+08   3.47915e+08   360510    0.25%
 127338 94284   3.48291e+08    10   3.48782e+08   3.47915e+08   360511    0.25%
Elapsed time = 66.41 sec. (77596.25 ticks, tree = 420.81 MB, solutions = 25)
 134685 100903   3.48775e+08     8   3.48782e+08   3.47915e+08   374931    0.25%
 134686 100902        cutoff         3.48782e+08   3.47915e+08   374934    0.25%
 134687 100901        cutoff         3.48782e+08   3.47915e+08   374935    0.25%
 134688 100902   3.47915e+08    11   3.48782e+08   3.47915e+08   374937    0.25%
 134689 100903   3.47915e+08    11   3.48782e+08   3.47915e+08   374939    0.25%
 134690 100904   3.48446e+08    19   3.48782e+08   3.47915e+08   374955    0.25%
 134691 100905   3.48447e+08    13   3.48782e+08   3.47915e+08   374959    0.25%
 134692 100906   3.48447e+08    13   3.48782e+08   3.47915e+08   374961    0.25%
 134693 100907   3.48545e+08    12   3.48782e+08   3.47915e+08   374966    0.25%
 134694 100908   3.48545e+08    12   3.48782e+08   3.47915e+08   374967    0.25%
Elapsed time = 69.39 sec. (81416.67 ticks, tree = 451.34 MB, solutions = 25)
 142209 107545   3.47915e+08    10   3.48782e+08   3.47915e+08   389677    0.25%
 142210 107546   3.47915e+08    12   3.48782e+08   3.47915e+08   389678    0.25%
 142211 107547   3.47915e+08    10   3.48782e+08   3.47915e+08   389679    0.25%
 142212 107548   3.47915e+08    10   3.48782e+08   3.47915e+08   389680    0.25%
 142213 107549   3.47915e+08    10   3.48782e+08   3.47915e+08   389681    0.25%
 142214 107550   3.47915e+08    10   3.48782e+08   3.47915e+08   389682    0.25%
 142215 107551   3.47915e+08    10   3.48782e+08   3.47915e+08   389683    0.25%
 142216 107552   3.47915e+08    10   3.48782e+08   3.47915e+08   389684    0.25%
 142217 107553   3.47915e+08    10   3.48782e+08   3.47915e+08   389685    0.25%
 142218 107554   3.47915e+08    10   3.48782e+08   3.47915e+08   389686    0.25%
Elapsed time = 72.43 sec. (85235.63 ticks, tree = 482.18 MB, solutions = 25)
 149755 113835   3.48713e+08     7   3.48782e+08   3.47915e+08   404145    0.25%
 149756 113836   3.48713e+08     7   3.48782e+08   3.47915e+08   404149    0.25%
 149757 113837   3.48713e+08     7   3.48782e+08   3.47915e+08   404150    0.25%
 149758 113838   3.48713e+08     7   3.48782e+08   3.47915e+08   404151    0.25%
 149759 113839   3.48713e+08     7   3.48782e+08   3.47915e+08   404152    0.25%
 149760 113840   3.48713e+08     7   3.48782e+08   3.47915e+08   404154    0.25%
 149761 113839    infeasible         3.48782e+08   3.47915e+08   404154    0.25%
 149762 113838    infeasible         3.48782e+08   3.47915e+08   404154    0.25%
 149763 113839   3.47915e+08    10   3.48782e+08   3.47915e+08   404160    0.25%
 149764 113840   3.47915e+08    10   3.48782e+08   3.47915e+08   404161    0.25%
Elapsed time = 75.20 sec. (89053.83 ticks, tree = 511.88 MB, solutions = 25)
 157176 120041   3.47961e+08    10   3.48782e+08   3.47915e+08   419966    0.25%
 157177 120042   3.48035e+08     8   3.48782e+08   3.47915e+08   419970    0.25%
 157178 120043   3.48035e+08     8   3.48782e+08   3.47915e+08   419973    0.25%
 157179 120044   3.48035e+08     8   3.48782e+08   3.47915e+08   419974    0.25%
 157180 120045   3.48035e+08     9   3.48782e+08   3.47915e+08   419976    0.25%
 157181 120046   3.48035e+08     8   3.48782e+08   3.47915e+08   419978    0.25%
 157182 120047   3.48035e+08     9   3.48782e+08   3.47915e+08   419983    0.25%
 157183 120048   3.48035e+08     9   3.48782e+08   3.47915e+08   419984    0.25%
 157184 120049   3.48035e+08     9   3.48782e+08   3.47915e+08   419985    0.25%
 157185 120050   3.48035e+08     9   3.48782e+08   3.47915e+08   419986    0.25%
Elapsed time = 77.96 sec. (92873.29 ticks, tree = 541.22 MB, solutions = 25)
 164329 125815   3.48626e+08    11   3.48782e+08   3.47915e+08   436819    0.25%
 164330 125816   3.48626e+08    11   3.48782e+08   3.47915e+08   436820    0.25%
 164331 125817   3.48679e+08     7   3.48782e+08   3.47915e+08   436825    0.25%
 164332 125818   3.48679e+08     7   3.48782e+08   3.47915e+08   436826    0.25%
 164333 125819   3.48679e+08     7   3.48782e+08   3.47915e+08   436827    0.25%
 164334 125820   3.48679e+08     8   3.48782e+08   3.47915e+08   436829    0.25%
 164335 125821   3.48679e+08     7   3.48782e+08   3.47915e+08   436832    0.25%
 164336 125822   3.48679e+08     7   3.48782e+08   3.47915e+08   436835    0.25%
 164337 125823   3.48679e+08     7   3.48782e+08   3.47915e+08   436837    0.25%
 164338 125824   3.48679e+08     7   3.48782e+08   3.47915e+08   436839    0.25%
Elapsed time = 80.74 sec. (96693.18 ticks, tree = 568.50 MB, solutions = 25)
*170893 122493      integral     0   3.48727e+08   3.47915e+08   452241    0.23%
 171499 122978   3.48087e+08    13   3.48727e+08   3.47915e+08   453601    0.23%
 171500 122979   3.48343e+08    13   3.48727e+08   3.47915e+08   453610    0.23%
 171501 122980   3.48343e+08    13   3.48727e+08   3.47915e+08   453611    0.23%
 171502 122981   3.48343e+08    13   3.48727e+08   3.47915e+08   453612    0.23%
 171503 122982   3.48456e+08    11   3.48727e+08   3.47915e+08   453613    0.23%
 171504 122983   3.48666e+08     9   3.48727e+08   3.47915e+08   453619    0.23%
 171505 122984   3.48666e+08    10   3.48727e+08   3.47915e+08   453621    0.23%
 171506 122985   3.48666e+08    10   3.48727e+08   3.47915e+08   453622    0.23%
 171507 122986   3.48666e+08     9   3.48727e+08   3.47915e+08   453626    0.23%
 171508 122987   3.48666e+08     9   3.48727e+08   3.47915e+08   453627    0.23%
Elapsed time = 83.67 sec. (100513.27 ticks, tree = 557.41 MB, solutions = 26)
*174837+120099                       3.48700e+08   3.47915e+08             0.23%
 178348 122641   3.47931e+08    11   3.48700e+08   3.47915e+08   471884    0.23%
 178349 122642   3.47931e+08    11   3.48700e+08   3.47915e+08   471885    0.23%
 178350 122643   3.47931e+08    11   3.48700e+08   3.47915e+08   471886    0.23%
 178351 122644   3.47931e+08    11   3.48700e+08   3.47915e+08   471889    0.23%
 178352 122643    infeasible         3.48700e+08   3.47915e+08   471889    0.23%
 178353 122642    infeasible         3.48700e+08   3.47915e+08   471889    0.23%
 178354 122643   3.48377e+08     9   3.48700e+08   3.47915e+08   471901    0.23%
 178355 122644   3.48377e+08     9   3.48700e+08   3.47915e+08   471905    0.23%
 178356 122645   3.48377e+08    10   3.48700e+08   3.47915e+08   471910    0.23%
 178357 122646   3.48377e+08    10   3.48700e+08   3.47915e+08   471912    0.23%
Elapsed time = 86.54 sec. (104331.97 ticks, tree = 556.26 MB, solutions = 27)
 185093 127488   3.48424e+08    11   3.48700e+08   3.47915e+08   490687    0.23%
 185094 127487        cutoff         3.48700e+08   3.47915e+08   490690    0.23%
 185095 127488   3.48424e+08    11   3.48700e+08   3.47915e+08   490692    0.23%
 185096 127489   3.48536e+08    13   3.48700e+08   3.47915e+08   490694    0.23%
 185097 127490   3.48536e+08    13   3.48700e+08   3.47915e+08   490695    0.23%
 185098 127491   3.48536e+08    13   3.48700e+08   3.47915e+08   490696    0.23%
 185099 127492   3.48536e+08    13   3.48700e+08   3.47915e+08   490697    0.23%
 185100 127493   3.48536e+08    13   3.48700e+08   3.47915e+08   490699    0.23%
 185101 127494   3.48536e+08    13   3.48700e+08   3.47915e+08   490700    0.23%
 185102 127495   3.48536e+08    13   3.48700e+08   3.47915e+08   490701    0.23%
Elapsed time = 89.36 sec. (108152.29 ticks, tree = 579.19 MB, solutions = 27)
 192427 133533   3.48566e+08     8   3.48700e+08   3.47915e+08   506215    0.23%
 192428 133534   3.48566e+08     8   3.48700e+08   3.47915e+08   506217    0.23%
 192429 133535   3.48566e+08     8   3.48700e+08   3.47915e+08   506219    0.23%
 192430 133536   3.48566e+08     8   3.48700e+08   3.47915e+08   506223    0.23%
 192431 133537   3.48566e+08     8   3.48700e+08   3.47915e+08   506228    0.23%
 192432 133538   3.48566e+08     8   3.48700e+08   3.47915e+08   506230    0.23%
 192433 133539   3.48566e+08     8   3.48700e+08   3.47915e+08   506232    0.23%
 192434 133540   3.48566e+08     8   3.48700e+08   3.47915e+08   506235    0.23%
 192435 133541   3.48566e+08     8   3.48700e+08   3.47915e+08   506237    0.23%
 192436 133541   3.48566e+08     8   3.48700e+08   3.47915e+08   506239    0.23%
Elapsed time = 92.18 sec. (111972.01 ticks, tree = 607.72 MB, solutions = 27)
 199433 138964   3.48374e+08    12   3.48700e+08   3.47915e+08   524770    0.23%
 199434 138965   3.48389e+08    12   3.48700e+08   3.47915e+08   524773    0.23%
 199435 138966   3.48389e+08    12   3.48700e+08   3.47915e+08   524774    0.23%
 199436 138967   3.48389e+08    12   3.48700e+08   3.47915e+08   524775    0.23%
 199437 138968   3.48389e+08    12   3.48700e+08   3.47915e+08   524776    0.23%
 199438 138969   3.48389e+08    12   3.48700e+08   3.47915e+08   524777    0.23%
 199439 138970   3.48389e+08    12   3.48700e+08   3.47915e+08   524778    0.23%
 199440 138971   3.48389e+08    12   3.48700e+08   3.47915e+08   524779    0.23%
 199441 138972   3.48389e+08    12   3.48700e+08   3.47915e+08   524781    0.23%
 199442 138973   3.48389e+08    12   3.48700e+08   3.47915e+08   524782    0.23%
Elapsed time = 95.09 sec. (115792.93 ticks, tree = 633.24 MB, solutions = 27)
*201137+138356                       3.48692e+08   3.47915e+08             0.22%
*202537+103144                       3.48512e+08   3.47915e+08             0.17%
 206663 106398   3.47980e+08     6   3.48512e+08   3.47915e+08   540716    0.17%
 206664 106399   3.47980e+08     6   3.48512e+08   3.47915e+08   540717    0.17%
 206665 106400   3.47980e+08     6   3.48512e+08   3.47915e+08   540718    0.17%
 206666 106401   3.47980e+08     6   3.48512e+08   3.47915e+08   540719    0.17%
 206667 106402   3.47980e+08     6   3.48512e+08   3.47915e+08   540722    0.17%
 206668 106403   3.47980e+08     6   3.48512e+08   3.47915e+08   540729    0.17%
 206669 106404   3.47980e+08     6   3.48512e+08   3.47915e+08   540731    0.17%
 206670 106405   3.47980e+08     6   3.48512e+08   3.47915e+08   540732    0.17%
 206671 106406   3.47980e+08     6   3.48512e+08   3.47915e+08   540733    0.17%
 206672 106407   3.47980e+08     6   3.48512e+08   3.47915e+08   540734    0.17%
Elapsed time = 98.11 sec. (119611.79 ticks, tree = 483.33 MB, solutions = 29)
 213936 110711   3.48281e+08     4   3.48512e+08   3.47915e+08   559290    0.17%
 213937 110711   3.48281e+08     4   3.48512e+08   3.47915e+08   559292    0.17%
 213938 110710    infeasible         3.48512e+08   3.47915e+08   559292    0.17%
 213939 110711   3.47915e+08     9   3.48512e+08   3.47915e+08   559296    0.17%
 213940 110712   3.48197e+08    15   3.48512e+08   3.47915e+08   559303    0.17%
 213941 110711        cutoff         3.48512e+08   3.47915e+08   559309    0.17%
 213942 110712   3.48198e+08    10   3.48512e+08   3.47915e+08   559311    0.17%
 213943 110713   3.48198e+08    10   3.48512e+08   3.47915e+08   559313    0.17%
 213944 110714   3.48198e+08    10   3.48512e+08   3.47915e+08   559315    0.17%
 213945 110715   3.48198e+08    10   3.48512e+08   3.47915e+08   559318    0.17%
Elapsed time = 100.99 sec. (123431.95 ticks, tree = 503.87 MB, solutions = 29)
 221322 115709   3.47989e+08     5   3.48512e+08   3.47915e+08   576385    0.17%
 221323 115710   3.47989e+08     6   3.48512e+08   3.47915e+08   576387    0.17%
 221324 115709        cutoff         3.48512e+08   3.47915e+08   576392    0.17%
 221325 115710   3.47989e+08     6   3.48512e+08   3.47915e+08   576393    0.17%
 221326 115711   3.47989e+08     6   3.48512e+08   3.47915e+08   576394    0.17%
 221327 115712   3.47989e+08     6   3.48512e+08   3.47915e+08   576395    0.17%
 221328 115713   3.47989e+08     6   3.48512e+08   3.47915e+08   576396    0.17%
 221329 115714   3.47989e+08     6   3.48512e+08   3.47915e+08   576397    0.17%
 221330 115715   3.47989e+08     6   3.48512e+08   3.47915e+08   576398    0.17%
 221331 115716   3.47989e+08     6   3.48512e+08   3.47915e+08   576399    0.17%
Elapsed time = 103.88 sec. (127250.42 ticks, tree = 527.59 MB, solutions = 29)
 228589 120372        cutoff         3.48512e+08   3.47915e+08   594257    0.17%
 228590 120373   3.48198e+08    10   3.48512e+08   3.47915e+08   594262    0.17%
 228591 120374   3.48198e+08    10   3.48512e+08   3.47915e+08   594265    0.17%
 228592 120375   3.48198e+08    10   3.48512e+08   3.47915e+08   594269    0.17%
 228593 120374    infeasible         3.48512e+08   3.47915e+08   594269    0.17%
 228594 120375   3.48198e+08     8   3.48512e+08   3.47915e+08   594272    0.17%
 228595 120376   3.48198e+08     8   3.48512e+08   3.47915e+08   594274    0.17%
 228596 120377   3.48198e+08     8   3.48512e+08   3.47915e+08   594275    0.17%
 228597 120378   3.48198e+08     8   3.48512e+08   3.47915e+08   594276    0.17%
 228598 120379   3.48198e+08     7   3.48512e+08   3.47915e+08   594277    0.17%
Elapsed time = 106.72 sec. (131069.96 ticks, tree = 549.75 MB, solutions = 29)
 235597 124677   3.48243e+08    11   3.48512e+08   3.47915e+08   612310    0.17%
 235598 124678   3.48243e+08     9   3.48512e+08   3.47915e+08   612311    0.17%
 235599 124679   3.48246e+08     7   3.48512e+08   3.47915e+08   612313    0.17%
 235600 124679   3.48246e+08     7   3.48512e+08   3.47915e+08   612316    0.17%
 235601 124678    infeasible         3.48512e+08   3.47915e+08   612316    0.17%
 235602 124679   3.47915e+08     8   3.48512e+08   3.47915e+08   612318    0.17%
 235603 124680   3.47915e+08     8   3.48512e+08   3.47915e+08   612319    0.17%
 235604 124681   3.47915e+08     8   3.48512e+08   3.47915e+08   612320    0.17%
 235605 124682   3.47915e+08     7   3.48512e+08   3.47915e+08   612321    0.17%
 235606 124683   3.47915e+08     8   3.48512e+08   3.47915e+08   612322    0.17%
Elapsed time = 109.56 sec. (134888.83 ticks, tree = 570.24 MB, solutions = 29)
 241790 127940   3.48391e+08    12   3.48512e+08   3.47915e+08   626677    0.17%
 241791 127939    infeasible         3.48512e+08   3.47915e+08   626677    0.17%
 241792 127938    infeasible         3.48512e+08   3.47915e+08   626677    0.17%
 241793 127939   3.47915e+08    10   3.48512e+08   3.47915e+08   626681    0.17%
 241794 127940   3.48197e+08    15   3.48512e+08   3.47915e+08   626687    0.17%
 241795 127941   3.47915e+08     8   3.48512e+08   3.47915e+08   626687    0.17%
 241796 127942   3.47915e+08     8   3.48512e+08   3.47915e+08   626689    0.17%
 241797 127943   3.47915e+08     8   3.48512e+08   3.47915e+08   626690    0.17%
 241798 127944   3.48431e+08    12   3.48512e+08   3.47915e+08   626698    0.17%
 241799 127943    infeasible         3.48512e+08   3.47915e+08   626698    0.17%
Elapsed time = 112.35 sec. (138707.49 ticks, tree = 585.95 MB, solutions = 29)
 247776 131173   3.48142e+08    10   3.48512e+08   3.47915e+08   641239    0.17%
 247777 131174   3.48142e+08    10   3.48512e+08   3.47915e+08   641240    0.17%
 247778 131175   3.48142e+08    10   3.48512e+08   3.47915e+08   641241    0.17%
 247779 131176   3.48142e+08    10   3.48512e+08   3.47915e+08   641242    0.17%
 247780 131177   3.48142e+08    10   3.48512e+08   3.47915e+08   641243    0.17%
 247781 131178   3.48142e+08    10   3.48512e+08   3.47915e+08   641244    0.17%
 247782 131179   3.48142e+08    10   3.48512e+08   3.47915e+08   641245    0.17%
 247783 131180   3.48142e+08    10   3.48512e+08   3.47915e+08   641246    0.17%
 247784 131181   3.48142e+08    10   3.48512e+08   3.47915e+08   641247    0.17%
 247785 131182   3.48142e+08    10   3.48512e+08   3.47915e+08   641249    0.17%
Elapsed time = 115.14 sec. (142525.77 ticks, tree = 601.55 MB, solutions = 29)
 254276 135155   3.48077e+08    13   3.48512e+08   3.47915e+08   655446    0.17%
 254277 135156   3.48078e+08    10   3.48512e+08   3.47915e+08   655450    0.17%
 254278 135157   3.48078e+08    10   3.48512e+08   3.47915e+08   655451    0.17%
 254279 135158   3.48078e+08    10   3.48512e+08   3.47915e+08   655452    0.17%
 254280 135159   3.48078e+08    10   3.48512e+08   3.47915e+08   655453    0.17%
 254281 135160   3.48078e+08    10   3.48512e+08   3.47915e+08   655454    0.17%
 254282 135161   3.48078e+08    10   3.48512e+08   3.47915e+08   655455    0.17%
 254283 135162   3.48078e+08    10   3.48512e+08   3.47915e+08   655456    0.17%
 254284 135163   3.48078e+08    10   3.48512e+08   3.47915e+08   655457    0.17%
 254285 135164   3.48233e+08     6   3.48512e+08   3.47915e+08   655461    0.17%
Elapsed time = 118.07 sec. (146346.49 ticks, tree = 620.66 MB, solutions = 29)
 260820 139257   3.48342e+08     4   3.48512e+08   3.47915e+08   669836    0.17%
 260821 139257   3.48342e+08     4   3.48512e+08   3.47915e+08   669839    0.17%
 260822 139256    infeasible         3.48512e+08   3.47915e+08   669839    0.17%
 260823 139257   3.48283e+08    12   3.48512e+08   3.47915e+08   669844    0.17%
 260824 139258   3.48283e+08    10   3.48512e+08   3.47915e+08   669847    0.17%
 260825 139259   3.48357e+08     8   3.48512e+08   3.47915e+08   669849    0.17%
 260826 139260   3.48357e+08     6   3.48512e+08   3.47915e+08   669851    0.17%
 260827 139261   3.48357e+08     4   3.48512e+08   3.47915e+08   669852    0.17%
 260828 139262   3.48357e+08     4   3.48512e+08   3.47915e+08   669853    0.17%
 260829 139263   3.48357e+08     4   3.48512e+08   3.47915e+08   669857    0.17%
Elapsed time = 120.83 sec. (150167.45 ticks, tree = 640.37 MB, solutions = 29)
 266607 141891   3.48388e+08     4   3.48512e+08   3.47915e+08   684380    0.17%
 266608 141892   3.48388e+08     4   3.48512e+08   3.47915e+08   684381    0.17%
 266609 141893   3.48388e+08     4   3.48512e+08   3.47915e+08   684382    0.17%
 266610 141894   3.48388e+08     4   3.48512e+08   3.47915e+08   684383    0.17%
 266611 141895   3.48388e+08     4   3.48512e+08   3.47915e+08   684384    0.17%
 266612 141896   3.48388e+08     4   3.48512e+08   3.47915e+08   684385    0.17%
 266613 141897   3.48388e+08     4   3.48512e+08   3.47915e+08   684388    0.17%
 266614 141898   3.48388e+08     4   3.48512e+08   3.47915e+08   684389    0.17%
 266615 141897    infeasible         3.48512e+08   3.47915e+08   684394    0.17%
 266616 141898   3.48388e+08     4   3.48512e+08   3.47915e+08   684395    0.17%
Elapsed time = 123.64 sec. (153986.66 ticks, tree = 653.07 MB, solutions = 29)
*269737+143290                       3.48510e+08   3.47915e+08             0.17%
 272968 145268   3.48305e+08     6   3.48510e+08   3.47915e+08   698724    0.17%
 272969 145269   3.48305e+08     6   3.48510e+08   3.47915e+08   698725    0.17%
 272970 145268    infeasible         3.48510e+08   3.47915e+08   698725    0.17%
 272971 145269   3.48305e+08     6   3.48510e+08   3.47915e+08   698726    0.17%
 272972 145270   3.48365e+08     4   3.48510e+08   3.47915e+08   698728    0.17%
 272973 145271   3.48365e+08     4   3.48510e+08   3.47915e+08   698729    0.17%
 272974 145272   3.48365e+08     4   3.48510e+08   3.47915e+08   698730    0.17%
 272975 145273   3.48365e+08     4   3.48510e+08   3.47915e+08   698735    0.17%
 272976 145272    infeasible         3.48510e+08   3.47915e+08   698735    0.17%
 272977 145271    infeasible         3.48510e+08   3.47915e+08   698735    0.17%
Elapsed time = 126.41 sec. (157804.86 ticks, tree = 669.33 MB, solutions = 30)
 279672 149485   3.48115e+08     6   3.48510e+08   3.47915e+08   712797    0.17%
 279673 149486   3.48115e+08     6   3.48510e+08   3.47915e+08   712800    0.17%
 279674 149487   3.48115e+08     4   3.48510e+08   3.47915e+08   712801    0.17%
 279675 149488   3.48115e+08     4   3.48510e+08   3.47915e+08   712802    0.17%
 279676 149489   3.48115e+08     4   3.48510e+08   3.47915e+08   712803    0.17%
 279677 149489   3.48115e+08     4   3.48510e+08   3.47915e+08   712809    0.17%
 279678 149490   3.48115e+08     4   3.48510e+08   3.47915e+08   712810    0.17%
 279679 149491   3.48115e+08     4   3.48510e+08   3.47915e+08   712811    0.17%
 279680 149492   3.48115e+08     4   3.48510e+08   3.47915e+08   712812    0.17%
 279681 149493   3.48115e+08     4   3.48510e+08   3.47915e+08   712817    0.17%
Elapsed time = 129.12 sec. (161624.55 ticks, tree = 689.66 MB, solutions = 30)
*285737+152812                       3.48510e+08   3.47915e+08             0.17%
 286032 153014    infeasible         3.48510e+08   3.47915e+08   726909    0.17%
 286033 153014   3.47915e+08     8   3.48510e+08   3.47915e+08   726911    0.17%
 286034 153014   3.47915e+08     8   3.48510e+08   3.47915e+08   726912    0.17%
 286035 153014   3.47915e+08    10   3.48510e+08   3.47915e+08   726914    0.17%
 286036 153014   3.47915e+08     8   3.48510e+08   3.47915e+08   726915    0.17%
 286037 153014   3.47915e+08     8   3.48510e+08   3.47915e+08   726916    0.17%
 286038 153014   3.47915e+08     8   3.48510e+08   3.47915e+08   726917    0.17%
 286039 153014   3.47915e+08     8   3.48510e+08   3.47915e+08   726918    0.17%
 286040 153014   3.47915e+08     8   3.48510e+08   3.47915e+08   726919    0.17%
 286041 153014   3.47915e+08    10   3.48510e+08   3.47915e+08   726920    0.17%
Elapsed time = 131.90 sec. (165446.53 ticks, tree = 706.63 MB, solutions = 31)
 293040 157275    infeasible         3.48510e+08   3.47915e+08   741222    0.17%
 293041 157274    infeasible         3.48510e+08   3.47915e+08   741227    0.17%
 293042 157275   3.47915e+08     8   3.48510e+08   3.47915e+08   741228    0.17%
 293043 157276   3.47915e+08     8   3.48510e+08   3.47915e+08   741230    0.17%
 293044 157277   3.47915e+08     8   3.48510e+08   3.47915e+08   741231    0.17%
 293045 157278   3.47915e+08     8   3.48510e+08   3.47915e+08   741233    0.17%
 293046 157277        cutoff         3.48510e+08   3.47915e+08   741244    0.17%
 293047 157277   3.48111e+08    10   3.48510e+08   3.47915e+08   741252    0.17%
 293048 157278   3.48111e+08    10   3.48510e+08   3.47915e+08   741253    0.17%
 293049 157279   3.48112e+08    10   3.48510e+08   3.47915e+08   741254    0.17%
Elapsed time = 134.63 sec. (169271.10 ticks, tree = 727.18 MB, solutions = 31)
 299490 161136   3.48280e+08    10   3.48510e+08   3.47915e+08   755607    0.17%
 299491 161137   3.48280e+08    10   3.48510e+08   3.47915e+08   755608    0.17%
 299492 161138   3.48280e+08    10   3.48510e+08   3.47915e+08   755612    0.17%
 299493 161139   3.48280e+08    10   3.48510e+08   3.47915e+08   755614    0.17%
 299494 161138    infeasible         3.48510e+08   3.47915e+08   755614    0.17%
 299495 161137    infeasible         3.48510e+08   3.47915e+08   755614    0.17%
 299496 161138   3.47915e+08     8   3.48510e+08   3.47915e+08   755616    0.17%
 299497 161139   3.47915e+08     8   3.48510e+08   3.47915e+08   755617    0.17%
 299498 161138        cutoff         3.48510e+08   3.47915e+08   755626    0.17%
 299499 161139   3.48096e+08    13   3.48510e+08   3.47915e+08   755632    0.17%
Elapsed time = 137.39 sec. (173091.23 ticks, tree = 746.85 MB, solutions = 31)
 305898 165243   3.48330e+08     5   3.48510e+08   3.47915e+08   769406    0.17%
 305899 165244   3.48330e+08     6   3.48510e+08   3.47915e+08   769407    0.17%
 305900 165245   3.48330e+08     5   3.48510e+08   3.47915e+08   769408    0.17%
 305901 165246   3.48330e+08     6   3.48510e+08   3.47915e+08   769409    0.17%
 305902 165247   3.48330e+08     6   3.48510e+08   3.47915e+08   769410    0.17%
 305903 165248   3.48330e+08     6   3.48510e+08   3.47915e+08   769411    0.17%
 305904 165249   3.48330e+08     6   3.48510e+08   3.47915e+08   769412    0.17%
 305905 165250   3.48330e+08     6   3.48510e+08   3.47915e+08   769414    0.17%
 305906 165251   3.48330e+08     6   3.48510e+08   3.47915e+08   769416    0.17%
 305907 165252   3.48330e+08     6   3.48510e+08   3.47915e+08   769420    0.17%
Elapsed time = 140.14 sec. (176909.57 ticks, tree = 766.66 MB, solutions = 31)
 312022 168103   3.48170e+08    10   3.48510e+08   3.47915e+08   784015    0.17%
 312023 168104   3.48170e+08    10   3.48510e+08   3.47915e+08   784016    0.17%
 312024 168105   3.48170e+08    10   3.48510e+08   3.47915e+08   784018    0.17%
 312025 168104    infeasible         3.48510e+08   3.47915e+08   784018    0.17%
 312026 168103    infeasible         3.48510e+08   3.47915e+08   784018    0.17%
 312027 168104   3.47915e+08     8   3.48510e+08   3.47915e+08   784021    0.17%
 312028 168105   3.48071e+08    13   3.48510e+08   3.47915e+08   784025    0.17%
 312029 168106   3.48071e+08    13   3.48510e+08   3.47915e+08   784026    0.17%
 312030 168107   3.48071e+08    13   3.48510e+08   3.47915e+08   784028    0.17%
 312031 168108   3.48071e+08    13   3.48510e+08   3.47915e+08   784029    0.17%
Elapsed time = 142.93 sec. (180728.13 ticks, tree = 780.41 MB, solutions = 31)
 318039 170831   3.48502e+08     4   3.48510e+08   3.47915e+08   798965    0.17%
 318040 170831   3.48502e+08     4   3.48510e+08   3.47915e+08   798971    0.17%
 318041 170830    infeasible         3.48510e+08   3.47915e+08   798971    0.17%
 318042 170829        cutoff         3.48510e+08   3.47915e+08   798976    0.17%
 318043 170830   3.47915e+08    10   3.48510e+08   3.47915e+08   798978    0.17%
 318044 170831   3.47915e+08    10   3.48510e+08   3.47915e+08   798980    0.17%
 318045 170830        cutoff         3.48510e+08   3.47915e+08   798981    0.17%
 318046 170831   3.47915e+08     8   3.48510e+08   3.47915e+08   798982    0.17%
 318047 170831   3.47915e+08     8   3.48510e+08   3.47915e+08   798984    0.17%
 318048 170830        cutoff         3.48510e+08   3.47915e+08   798992    0.17%
Elapsed time = 145.74 sec. (184548.91 ticks, tree = 793.54 MB, solutions = 31)
 323689 173405   3.48047e+08     6   3.48510e+08   3.47915e+08   814150    0.17%
 323690 173406   3.48063e+08     4   3.48510e+08   3.47915e+08   814156    0.17%
 323691 173405    infeasible         3.48510e+08   3.47915e+08   814157    0.17%
 323692 173404    infeasible         3.48510e+08   3.47915e+08   814157    0.17%
 323693 173405   3.47915e+08     8   3.48510e+08   3.47915e+08   814158    0.17%
 323694 173406   3.47915e+08    10   3.48510e+08   3.47915e+08   814160    0.17%
 323695 173407   3.47915e+08     8   3.48510e+08   3.47915e+08   814161    0.17%
 323696 173408   3.47915e+08     8   3.48510e+08   3.47915e+08   814165    0.17%
 323697 173409   3.48213e+08     6   3.48510e+08   3.47915e+08   814174    0.17%
 323698 173410   3.48263e+08     4   3.48510e+08   3.47915e+08   814176    0.17%
Elapsed time = 148.55 sec. (188373.69 ticks, tree = 806.01 MB, solutions = 31)
 329917 176776   3.48458e+08     6   3.48510e+08   3.47915e+08   829261    0.17%
 329918 176775        cutoff         3.48510e+08   3.47915e+08   829262    0.17%
 329919 176775   3.48458e+08     6   3.48510e+08   3.47915e+08   829264    0.17%
 329920 176774    infeasible         3.48510e+08   3.47915e+08   829264    0.17%
 329921 176775   3.48010e+08     6   3.48510e+08   3.47915e+08   829268    0.17%
 329922 176776   3.48010e+08     6   3.48510e+08   3.47915e+08   829269    0.17%
 329923 176777   3.48010e+08     6   3.48510e+08   3.47915e+08   829271    0.17%
 329924 176778   3.48010e+08     6   3.48510e+08   3.47915e+08   829272    0.17%
 329925 176779   3.48010e+08     6   3.48510e+08   3.47915e+08   829274    0.17%
 329926 176780   3.48010e+08     6   3.48510e+08   3.47915e+08   829276    0.17%
Elapsed time = 151.31 sec. (192192.77 ticks, tree = 822.28 MB, solutions = 31)
 336080 179768   3.48170e+08     6   3.48510e+08   3.47915e+08   843895    0.17%
 336081 179769   3.48170e+08     6   3.48510e+08   3.47915e+08   843897    0.17%
 336082 179770   3.48170e+08     6   3.48510e+08   3.47915e+08   843898    0.17%
 336083 179771   3.48170e+08     6   3.48510e+08   3.47915e+08   843899    0.17%
 336084 179772   3.48170e+08     6   3.48510e+08   3.47915e+08   843900    0.17%
 336085 179773   3.48170e+08     6   3.48510e+08   3.47915e+08   843902    0.17%
 336086 179774   3.48170e+08     6   3.48510e+08   3.47915e+08   843903    0.17%
 336087 179775   3.48170e+08     6   3.48510e+08   3.47915e+08   843904    0.17%
 336088 179776   3.48375e+08     6   3.48510e+08   3.47915e+08   843908    0.17%
 336089 179777   3.48375e+08     6   3.48510e+08   3.47915e+08   843909    0.17%
Elapsed time = 154.10 sec. (196012.73 ticks, tree = 836.73 MB, solutions = 31)
 342447 183268   3.47928e+08    16   3.48510e+08   3.47915e+08   858348    0.17%
 342448 183269   3.47928e+08    16   3.48510e+08   3.47915e+08   858349    0.17%
 342449 183270   3.47928e+08    18   3.48510e+08   3.47915e+08   858351    0.17%
 342450 183271   3.48013e+08    10   3.48510e+08   3.47915e+08   858357    0.17%
 342451 183272   3.48034e+08     4   3.48510e+08   3.47915e+08   858359    0.17%
 342452 183272   3.48034e+08     4   3.48510e+08   3.47915e+08   858362    0.17%
 342453 183271    infeasible         3.48510e+08   3.47915e+08   858362    0.17%
 342454 183272   3.47915e+08     8   3.48510e+08   3.47915e+08   858363    0.17%
 342455 183273   3.48071e+08    13   3.48510e+08   3.47915e+08   858367    0.17%
 342456 183274   3.48071e+08    13   3.48510e+08   3.47915e+08   858368    0.17%
Elapsed time = 156.87 sec. (199834.58 ticks, tree = 853.57 MB, solutions = 31)
 348517 186372   3.47915e+08     8   3.48510e+08   3.47915e+08   873058    0.17%
 348518 186373   3.47915e+08     8   3.48510e+08   3.47915e+08   873059    0.17%
 348519 186374   3.47915e+08     8   3.48510e+08   3.47915e+08   873060    0.17%
 348520 186375   3.47915e+08     8   3.48510e+08   3.47915e+08   873061    0.17%
 348521 186376   3.47915e+08     8   3.48510e+08   3.47915e+08   873063    0.17%
 348522 186377   3.47915e+08     8   3.48510e+08   3.47915e+08   873064    0.17%
 348523 186378   3.47915e+08     8   3.48510e+08   3.47915e+08   873065    0.17%
 348524 186379   3.47915e+08     7   3.48510e+08   3.47915e+08   873066    0.17%
 348525 186380   3.47915e+08     8   3.48510e+08   3.47915e+08   873067    0.17%
 348526 186381   3.47915e+08     8   3.48510e+08   3.47915e+08   873068    0.17%
Elapsed time = 159.64 sec. (203653.07 ticks, tree = 868.54 MB, solutions = 31)
 354437 188587   3.47918e+08    18   3.48510e+08   3.47915e+08   888716    0.17%
 354438 188588   3.47915e+08     8   3.48510e+08   3.47915e+08   888717    0.17%
 354439 188589   3.47943e+08     6   3.48510e+08   3.47915e+08   888723    0.17%
 354440 188590   3.47951e+08     4   3.48510e+08   3.47915e+08   888725    0.17%
 354441 188589    infeasible         3.48510e+08   3.47915e+08   888725    0.17%
 354442 188588    infeasible         3.48510e+08   3.47915e+08   888725    0.17%
 354443 188588   3.48487e+08    10   3.48510e+08   3.47915e+08   888737    0.17%
 354444 188587        cutoff         3.48510e+08   3.47915e+08   888739    0.17%
 354445 188588   3.47915e+08    10   3.48510e+08   3.47915e+08   888745    0.17%
 354446 188587        cutoff         3.48510e+08   3.47915e+08   888747    0.17%
Elapsed time = 162.47 sec. (207476.29 ticks, tree = 879.16 MB, solutions = 31)
 360408 190438   3.48287e+08     6   3.48510e+08   3.47915e+08   905165    0.17%
 360409 190439   3.48409e+08     4   3.48510e+08   3.47915e+08   905166    0.17%
 360410 190440   3.48409e+08     4   3.48510e+08   3.47915e+08   905171    0.17%
 360411 190439    infeasible         3.48510e+08   3.47915e+08   905171    0.17%
 360412 190438    infeasible         3.48510e+08   3.47915e+08   905171    0.17%
 360413 190438   3.48394e+08     6   3.48510e+08   3.47915e+08   905182    0.17%
 360414 190437    infeasible         3.48510e+08   3.47915e+08   905182    0.17%
 360415 190436        cutoff         3.48510e+08   3.47915e+08   905185    0.17%
 360416 190435        cutoff         3.48510e+08   3.47915e+08   905188    0.17%
 360417 190436   3.48287e+08     6   3.48510e+08   3.47915e+08   905194    0.17%
Elapsed time = 165.30 sec. (211297.88 ticks, tree = 889.40 MB, solutions = 31)
 366414 192342   3.48021e+08     4   3.48510e+08   3.47915e+08   921506    0.17%
 366415 192341    infeasible         3.48510e+08   3.47915e+08   921506    0.17%
 366416 192342   3.48021e+08     4   3.48510e+08   3.47915e+08   921509    0.17%
 366417 192343   3.48021e+08     4   3.48510e+08   3.47915e+08   921514    0.17%
 366418 192342    infeasible         3.48510e+08   3.47915e+08   921514    0.17%
 366419 192343   3.48021e+08     4   3.48510e+08   3.47915e+08   921516    0.17%
 366420 192344   3.48021e+08     4   3.48510e+08   3.47915e+08   921518    0.17%
 366421 192345   3.48021e+08     4   3.48510e+08   3.47915e+08   921519    0.17%
 366422 192346   3.48021e+08     4   3.48510e+08   3.47915e+08   921522    0.17%
 366423 192345    infeasible         3.48510e+08   3.47915e+08   921522    0.17%
Elapsed time = 168.13 sec. (215117.38 ticks, tree = 898.62 MB, solutions = 31)
 372368 195538   3.47915e+08     8   3.48510e+08   3.47915e+08   935294    0.17%
 372369 195539   3.47915e+08    10   3.48510e+08   3.47915e+08   935295    0.17%
 372370 195540   3.47915e+08    10   3.48510e+08   3.47915e+08   935300    0.17%
 372371 195541   3.47915e+08    12   3.48510e+08   3.47915e+08   935306    0.17%
 372372 195540        cutoff         3.48510e+08   3.47915e+08   935314    0.17%
 372373 195539    infeasible         3.48510e+08   3.47915e+08   935314    0.17%
 372374 195540   3.47915e+08     8   3.48510e+08   3.47915e+08   935315    0.17%
 372375 195541   3.47915e+08     8   3.48510e+08   3.47915e+08   935318    0.17%
 372376 195542   3.47915e+08     8   3.48510e+08   3.47915e+08   935319    0.17%
 372377 195543   3.47915e+08     8   3.48510e+08   3.47915e+08   935320    0.17%
Elapsed time = 171.00 sec. (218939.13 ticks, tree = 913.94 MB, solutions = 31)
 378167 198478   3.48283e+08    12   3.48510e+08   3.47915e+08   949828    0.17%
 378168 198477        cutoff         3.48510e+08   3.47915e+08   949832    0.17%
 378169 198478   3.47915e+08     8   3.48510e+08   3.47915e+08   949833    0.17%
 378170 198479   3.47915e+08     8   3.48510e+08   3.47915e+08   949834    0.17%
 378171 198480   3.47915e+08     8   3.48510e+08   3.47915e+08   949835    0.17%
 378172 198481   3.47915e+08     8   3.48510e+08   3.47915e+08   949836    0.17%
 378173 198482   3.47915e+08     8   3.48510e+08   3.47915e+08   949838    0.17%
 378174 198482   3.47915e+08     8   3.48510e+08   3.47915e+08   949843    0.17%
 378175 198481    infeasible         3.48510e+08   3.47915e+08   949843    0.17%
 378176 198482   3.47915e+08     8   3.48510e+08   3.47915e+08   949845    0.17%
Elapsed time = 173.88 sec. (222763.37 ticks, tree = 928.02 MB, solutions = 31)
 384620 202548        cutoff         3.48510e+08   3.47915e+08   963686    0.17%
 384621 202549   3.48502e+08     4   3.48510e+08   3.47915e+08   963694    0.17%
 384622 202550   3.48502e+08     4   3.48510e+08   3.47915e+08   963696    0.17%
 384623 202549    infeasible         3.48510e+08   3.47915e+08   963696    0.17%
 384624 202548    infeasible         3.48510e+08   3.47915e+08   963696    0.17%
 384625 202549   3.47915e+08     8   3.48510e+08   3.47915e+08   963697    0.17%
 384626 202550   3.47915e+08    10   3.48510e+08   3.47915e+08   963699    0.17%
 384627 202549        cutoff         3.48510e+08   3.47915e+08   963703    0.17%
 384628 202550   3.47915e+08     8   3.48510e+08   3.47915e+08   963707    0.17%
 384629 202551   3.47915e+08     8   3.48510e+08   3.47915e+08   963710    0.17%
Elapsed time = 176.69 sec. (226585.27 ticks, tree = 947.52 MB, solutions = 31)
*390237+204735                       3.48510e+08   3.47915e+08             0.17%
 390374 204802   3.47915e+08     8   3.48510e+08   3.47915e+08   977386    0.17%
 390375 204803   3.47971e+08    16   3.48510e+08   3.47915e+08   977394    0.17%
 390376 204802        cutoff         3.48510e+08   3.47915e+08   977398    0.17%
 390377 204801    infeasible         3.48510e+08   3.47915e+08   977398    0.17%
 390378 204802   3.48215e+08    12   3.48510e+08   3.47915e+08   977405    0.17%
 390379 204803   3.48215e+08    12   3.48510e+08   3.47915e+08   977406    0.17%
 390380 204804   3.48289e+08    10   3.48510e+08   3.47915e+08   977408    0.17%
 390381 204805   3.48289e+08    10   3.48510e+08   3.47915e+08   977411    0.17%
 390382 204806   3.48289e+08    10   3.48510e+08   3.47915e+08   977412    0.17%
 390383 204807   3.48289e+08    10   3.48510e+08   3.47915e+08   977413    0.17%
Elapsed time = 181.00 sec. (230406.24 ticks, tree = 958.39 MB, solutions = 32)
 396737 209051        cutoff         3.48510e+08   3.47915e+08   991474    0.17%
 396738 209052   3.47915e+08     8   3.48510e+08   3.47915e+08   991475    0.17%
 396739 209053   3.47955e+08    18   3.48510e+08   3.47915e+08   991480    0.17%
 396740 209054   3.47955e+08    18   3.48510e+08   3.47915e+08   991482    0.17%
 396741 209055   3.48117e+08    10   3.48510e+08   3.47915e+08   991484    0.17%
 396742 209056   3.48117e+08    10   3.48510e+08   3.47915e+08   991485    0.17%
 396743 209057   3.48118e+08     8   3.48510e+08   3.47915e+08   991486    0.17%
 396744 209058   3.48118e+08     8   3.48510e+08   3.47915e+08   991487    0.17%
 396745 209059   3.48118e+08     8   3.48510e+08   3.47915e+08   991489    0.17%
 396746 209060   3.48118e+08     8   3.48510e+08   3.47915e+08   991490    0.17%
Elapsed time = 185.07 sec. (234227.26 ticks, tree = 978.84 MB, solutions = 32)
 403546 214152   3.47983e+08     8   3.48510e+08   3.47915e+08  1004924    0.17%
 403547 214153   3.47983e+08     8   3.48510e+08   3.47915e+08  1004925    0.17%
 403548 214154   3.47983e+08     8   3.48510e+08   3.47915e+08  1004926    0.17%
 403549 214155   3.47983e+08     8   3.48510e+08   3.47915e+08  1004927    0.17%
 403550 214156   3.47983e+08     8   3.48510e+08   3.47915e+08  1004928    0.17%
 403551 214157   3.47983e+08     8   3.48510e+08   3.47915e+08  1004929    0.17%
 403552 214158   3.47983e+08     8   3.48510e+08   3.47915e+08  1004930    0.17%
 403553 214159   3.47983e+08     8   3.48510e+08   3.47915e+08  1004931    0.17%
 403554 214160   3.47983e+08     6   3.48510e+08   3.47915e+08  1004931    0.17%
 403555 214161   3.47983e+08     6   3.48510e+08   3.47915e+08  1004932    0.17%
Elapsed time = 189.08 sec. (238045.89 ticks, tree = 1003.34 MB, solutions = 32)
 409748 217646   3.48425e+08     6   3.48510e+08   3.47915e+08  1018772    0.17%
 409749 217645    infeasible         3.48510e+08   3.47915e+08  1018774    0.17%
 409750 217646   3.47915e+08     8   3.48510e+08   3.47915e+08  1018775    0.17%
 409751 217647   3.47915e+08     8   3.48510e+08   3.47915e+08  1018776    0.17%
 409752 217648   3.47934e+08    16   3.48510e+08   3.47915e+08  1018780    0.17%
 409753 217649   3.47934e+08     8   3.48510e+08   3.47915e+08  1018782    0.17%
 409754 217650   3.47934e+08     7   3.48510e+08   3.47915e+08  1018785    0.17%
 409755 217651   3.47934e+08     8   3.48510e+08   3.47915e+08  1018789    0.17%
 409756 217652   3.47934e+08     8   3.48510e+08   3.47915e+08  1018790    0.17%
 409757 217653   3.47934e+08     8   3.48510e+08   3.47915e+08  1018793    0.17%
Elapsed time = 193.25 sec. (241867.11 ticks, tree = 1020.11 MB, solutions = 32)
 415950 220778   3.47915e+08     8   3.48510e+08   3.47915e+08  1031949    0.17%
 415951 220779   3.47915e+08     6   3.48510e+08   3.47915e+08  1031950    0.17%
 415952 220780   3.47915e+08     6   3.48510e+08   3.47915e+08  1031951    0.17%
 415953 220779        cutoff         3.48510e+08   3.47915e+08  1031953    0.17%
 415954 220780   3.47915e+08     8   3.48510e+08   3.47915e+08  1031955    0.17%
 415955 220781   3.47915e+08     8   3.48510e+08   3.47915e+08  1031959    0.17%
 415956 220780        cutoff         3.48510e+08   3.47915e+08  1031965    0.17%
 415957 220779    infeasible         3.48510e+08   3.47915e+08  1031965    0.17%
 415958 220780   3.47915e+08     6   3.48510e+08   3.47915e+08  1031966    0.17%
 415959 220781   3.47915e+08     6   3.48510e+08   3.47915e+08  1031967    0.17%
Elapsed time = 197.41 sec. (245686.64 ticks, tree = 1035.17 MB, solutions = 32)
 421369 221755   3.47915e+08     6   3.48510e+08   3.47915e+08  1045702    0.17%
 421370 221755   3.48312e+08     6   3.48510e+08   3.47915e+08  1045707    0.17%
 421371 221754    infeasible         3.48510e+08   3.47915e+08  1045707    0.17%
 421372 221753        cutoff         3.48510e+08   3.47915e+08  1045713    0.17%
 421373 221754   3.47915e+08     6   3.48510e+08   3.47915e+08  1045715    0.17%
 421374 221755   3.47915e+08     6   3.48510e+08   3.47915e+08  1045717    0.17%
 421375 221754        cutoff         3.48510e+08   3.47915e+08  1045723    0.17%
 421376 221754   3.47915e+08     6   3.48510e+08   3.47915e+08  1045726    0.17%
 421377 221754   3.48312e+08     6   3.48510e+08   3.47915e+08  1045731    0.17%
 421378 221753    infeasible         3.48510e+08   3.47915e+08  1045731    0.17%
Elapsed time = 201.71 sec. (249506.70 ticks, tree = 1039.90 MB, solutions = 32)
 427286 222194   3.47956e+08     6   3.48510e+08   3.47915e+08  1060783    0.17%
 427287 222193        cutoff         3.48510e+08   3.47915e+08  1060788    0.17%
 427288 222192        cutoff         3.48510e+08   3.47915e+08  1060790    0.17%
 427289 222193   3.47915e+08     6   3.48510e+08   3.47915e+08  1060791    0.17%
 427290 222194   3.47915e+08     6   3.48510e+08   3.47915e+08  1060793    0.17%
 427291 222193        cutoff         3.48510e+08   3.47915e+08  1060798    0.17%
 427292 222192    infeasible         3.48510e+08   3.47915e+08  1060798    0.17%
 427293 222193   3.47915e+08     6   3.48510e+08   3.47915e+08  1060800    0.17%
 427294 222194   3.48263e+08     6   3.48510e+08   3.47915e+08  1060805    0.17%
 427295 222195   3.48480e+08     4   3.48510e+08   3.47915e+08  1060805    0.17%
Elapsed time = 205.99 sec. (253327.00 ticks, tree = 1042.04 MB, solutions = 32)
 433049 224055   3.48464e+08     8   3.48510e+08   3.47915e+08  1074699    0.17%
 433050 224056   3.48464e+08     8   3.48510e+08   3.47915e+08  1074700    0.17%
 433051 224057   3.48464e+08     8   3.48510e+08   3.47915e+08  1074702    0.17%
 433052 224058   3.48464e+08     8   3.48510e+08   3.47915e+08  1074703    0.17%
 433053 224059   3.48464e+08     8   3.48510e+08   3.47915e+08  1074704    0.17%
 433054 224060   3.48464e+08     8   3.48510e+08   3.47915e+08  1074705    0.17%
 433055 224061   3.48464e+08     8   3.48510e+08   3.47915e+08  1074706    0.17%
 433056 224062   3.48464e+08     8   3.48510e+08   3.47915e+08  1074707    0.17%
 433057 224063   3.48464e+08     8   3.48510e+08   3.47915e+08  1074711    0.17%
 433058 224062    infeasible         3.48510e+08   3.47915e+08  1074711    0.17%
Elapsed time = 210.23 sec. (257145.41 ticks, tree = 1051.06 MB, solutions = 32)
 439541 226979        cutoff         3.48510e+08   3.47915e+08  1088134    0.17%
 439542 226978        cutoff         3.48510e+08   3.47915e+08  1088139    0.17%
 439543 226979   3.47915e+08     6   3.48510e+08   3.47915e+08  1088144    0.17%
 439544 226980   3.47915e+08     8   3.48510e+08   3.47915e+08  1088145    0.17%
 439545 226979        cutoff         3.48510e+08   3.47915e+08  1088151    0.17%
 439546 226978        cutoff         3.48510e+08   3.47915e+08  1088155    0.17%
 439547 226979   3.47915e+08     6   3.48510e+08   3.47915e+08  1088156    0.17%
 439548 226980   3.47915e+08     6   3.48510e+08   3.47915e+08  1088157    0.17%
 439549 226981   3.47915e+08     8   3.48510e+08   3.47915e+08  1088159    0.17%
 439550 226982   3.47915e+08     6   3.48510e+08   3.47915e+08  1088160    0.17%
Elapsed time = 214.37 sec. (260967.05 ticks, tree = 1066.72 MB, solutions = 32)
 445434 228173   3.47915e+08     6   3.48510e+08   3.47915e+08  1102564    0.17%
 445435 228174   3.47915e+08     8   3.48510e+08   3.47915e+08  1102566    0.17%
 445436 228175   3.47915e+08     6   3.48510e+08   3.47915e+08  1102567    0.17%
 445437 228176   3.47915e+08     6   3.48510e+08   3.47915e+08  1102568    0.17%
 445438 228177   3.47915e+08     6   3.48510e+08   3.47915e+08  1102569    0.17%
 445439 228178   3.48394e+08     4   3.48510e+08   3.47915e+08  1102576    0.17%
 445440 228179   3.47915e+08     6   3.48510e+08   3.47915e+08  1102577    0.17%
 445441 228178        cutoff         3.48510e+08   3.47915e+08  1102582    0.17%
 445442 228177        cutoff         3.48510e+08   3.47915e+08  1102583    0.17%
 445443 228176        cutoff         3.48510e+08   3.47915e+08  1102588    0.17%
Elapsed time = 218.68 sec. (264791.07 ticks, tree = 1072.51 MB, solutions = 32)
 451155 229506   3.48042e+08     6   3.48510e+08   3.47915e+08  1117207    0.17%
 451156 229505    infeasible         3.48510e+08   3.47915e+08  1117207    0.17%
 451157 229506   3.47915e+08     6   3.48510e+08   3.47915e+08  1117210    0.17%
 451158 229507   3.47915e+08     6   3.48510e+08   3.47915e+08  1117212    0.17%
 451159 229508   3.47915e+08     6   3.48510e+08   3.47915e+08  1117214    0.17%
 451160 229509   3.47915e+08     6   3.48510e+08   3.47915e+08  1117216    0.17%
 451161 229510   3.47989e+08     4   3.48510e+08   3.47915e+08  1117221    0.17%
 451162 229511   3.47989e+08     4   3.48510e+08   3.47915e+08  1117222    0.17%
 451163 229512   3.47989e+08     4   3.48510e+08   3.47915e+08  1117223    0.17%
 451164 229513   3.47989e+08     4   3.48510e+08   3.47915e+08  1117224    0.17%
Elapsed time = 223.00 sec. (268612.18 ticks, tree = 1078.99 MB, solutions = 32)
 456878 230600   3.48353e+08     4   3.48510e+08   3.47915e+08  1131728    0.17%
 456879 230601   3.48353e+08     4   3.48510e+08   3.47915e+08  1131730    0.17%
 456880 230600    infeasible         3.48510e+08   3.47915e+08  1131730    0.17%
 456881 230599    infeasible         3.48510e+08   3.47915e+08  1131730    0.17%
 456882 230600   3.48271e+08     4   3.48510e+08   3.47915e+08  1131734    0.17%
 456883 230600   3.48271e+08     4   3.48510e+08   3.47915e+08  1131739    0.17%
 456884 230599    infeasible         3.48510e+08   3.47915e+08  1131741    0.17%
 456885 230600   3.47915e+08     6   3.48510e+08   3.47915e+08  1131742    0.17%
 456886 230601   3.47915e+08     6   3.48510e+08   3.47915e+08  1131744    0.17%
 456887 230600        cutoff         3.48510e+08   3.47915e+08  1131747    0.17%
Elapsed time = 227.31 sec. (272433.15 ticks, tree = 1084.27 MB, solutions = 32)
 462473 230526        cutoff         3.48510e+08   3.47915e+08  1147292    0.17%
 462474 230527   3.47915e+08     8   3.48510e+08   3.47915e+08  1147294    0.17%
 462475 230528   3.48116e+08     6   3.48510e+08   3.47915e+08  1147299    0.17%
 462476 230527    infeasible         3.48510e+08   3.47915e+08  1147299    0.17%
 462477 230526        cutoff         3.48510e+08   3.47915e+08  1147300    0.17%
 462478 230525        cutoff         3.48510e+08   3.47915e+08  1147303    0.17%
 462479 230526   3.47915e+08     8   3.48510e+08   3.47915e+08  1147304    0.17%
 462480 230525        cutoff         3.48510e+08   3.47915e+08  1147308    0.17%
 462481 230524        cutoff         3.48510e+08   3.47915e+08  1147314    0.17%
 462482 230523        cutoff         3.48510e+08   3.47915e+08  1147319    0.17%
Elapsed time = 231.67 sec. (276253.56 ticks, tree = 1083.91 MB, solutions = 32)
 468079 230466   3.47915e+08     8   3.48510e+08   3.47915e+08  1163279    0.17%
 468080 230467   3.47915e+08     8   3.48510e+08   3.47915e+08  1163280    0.17%
 468081 230468   3.47915e+08     8   3.48510e+08   3.47915e+08  1163281    0.17%
 468082 230469   3.47915e+08     8   3.48510e+08   3.47915e+08  1163283    0.17%
 468083 230470   3.47915e+08     8   3.48510e+08   3.47915e+08  1163285    0.17%
 468084 230469        cutoff         3.48510e+08   3.47915e+08  1163286    0.17%
 468085 230469   3.48394e+08     8   3.48510e+08   3.47915e+08  1163291    0.17%
 468086 230468   3.48394e+08     8   3.48510e+08   3.47915e+08  1163293    0.17%
 468087 230467        cutoff         3.48510e+08   3.47915e+08  1163297    0.17%
 468088 230468   3.47915e+08     8   3.48510e+08   3.47915e+08  1163298    0.17%
Elapsed time = 236.03 sec. (280074.24 ticks, tree = 1083.65 MB, solutions = 32)
 475028 235635   3.47915e+08     8   3.48510e+08   3.47915e+08  1177026    0.17%
 475029 235634        cutoff         3.48510e+08   3.47915e+08  1177034    0.17%
 475030 235633        cutoff         3.48510e+08   3.47915e+08  1177044    0.17%
 475031 235632        cutoff         3.48510e+08   3.47915e+08  1177054    0.17%
 475032 235633   3.47915e+08     8   3.48510e+08   3.47915e+08  1177055    0.17%
 475033 235634   3.47915e+08     8   3.48510e+08   3.47915e+08  1177056    0.17%
 475034 235635   3.47915e+08     8   3.48510e+08   3.47915e+08  1177057    0.17%
 475035 235636   3.47915e+08     8   3.48510e+08   3.47915e+08  1177058    0.17%
 475036 235637   3.47915e+08     8   3.48510e+08   3.47915e+08  1177059    0.17%
 475037 235638   3.47915e+08     8   3.48510e+08   3.47915e+08  1177060    0.17%
Elapsed time = 240.05 sec. (283898.49 ticks, tree = 1108.50 MB, solutions = 32)
 481072 236939        cutoff         3.48510e+08   3.47915e+08  1191042    0.17%
 481073 236940   3.47915e+08     6   3.48510e+08   3.47915e+08  1191045    0.17%
 481074 236941   3.47915e+08     6   3.48510e+08   3.47915e+08  1191046    0.17%
 481075 236942   3.47915e+08     6   3.48510e+08   3.47915e+08  1191047    0.17%
 481076 236943   3.47915e+08     6   3.48510e+08   3.47915e+08  1191048    0.17%
 481077 236944   3.47977e+08     4   3.48510e+08   3.47915e+08  1191053    0.17%
 481078 236945   3.47977e+08     4   3.48510e+08   3.47915e+08  1191054    0.17%
 481079 236945   3.47977e+08     4   3.48510e+08   3.47915e+08  1191059    0.17%
 481080 236944    infeasible         3.48510e+08   3.47915e+08  1191059    0.17%
 481081 236945   3.47915e+08     6   3.48510e+08   3.47915e+08  1191060    0.17%
Elapsed time = 244.28 sec. (287719.27 ticks, tree = 1114.82 MB, solutions = 32)
 486751 237604   3.47915e+08     8   3.48510e+08   3.47915e+08  1205621    0.17%
 486752 237605   3.47915e+08     7   3.48510e+08   3.47915e+08  1205623    0.17%
 486753 237606   3.47915e+08     8   3.48510e+08   3.47915e+08  1205625    0.17%
 486754 237605        cutoff         3.48510e+08   3.47915e+08  1205630    0.17%
 486755 237604        cutoff         3.48510e+08   3.47915e+08  1205632    0.17%
 486756 237605   3.47915e+08     6   3.48510e+08   3.47915e+08  1205633    0.17%
 486757 237604        cutoff         3.48510e+08   3.47915e+08  1205636    0.17%
 486758 237603        cutoff         3.48510e+08   3.47915e+08  1205639    0.17%
 486759 237603   3.47915e+08     6   3.48510e+08   3.47915e+08  1205642    0.17%
 486760 237602        cutoff         3.48510e+08   3.47915e+08  1205645    0.17%
Elapsed time = 248.59 sec. (291539.96 ticks, tree = 1118.00 MB, solutions = 32)
 492438 238114   3.48337e+08     7   3.48510e+08   3.47915e+08  1221398    0.17%
 492439 238113        cutoff         3.48510e+08   3.47915e+08  1221399    0.17%
 492440 238114   3.48337e+08     5   3.48510e+08   3.47915e+08  1221401    0.17%
 492441 238115   3.48337e+08     4   3.48510e+08   3.47915e+08  1221403    0.17%
 492442 238116   3.48337e+08     4   3.48510e+08   3.47915e+08  1221405    0.17%
 492443 238117   3.48337e+08     4   3.48510e+08   3.47915e+08  1221408    0.17%
 492444 238116    infeasible         3.48510e+08   3.47915e+08  1221408    0.17%
 492445 238115    infeasible         3.48510e+08   3.47915e+08  1221408    0.17%
 492446 238116   3.48202e+08     5   3.48510e+08   3.47915e+08  1221412    0.17%
 492447 238117   3.48202e+08     4   3.48510e+08   3.47915e+08  1221414    0.17%
Elapsed time = 252.92 sec. (295358.60 ticks, tree = 1120.49 MB, solutions = 32)
 497718 239605        cutoff         3.48510e+08   3.47915e+08  1236331    0.17%
 497719 239604    infeasible         3.48510e+08   3.47915e+08  1236331    0.17%
 497720 239605   3.47915e+08    12   3.48510e+08   3.47915e+08  1236334    0.17%
 497721 239606   3.47915e+08    10   3.48510e+08   3.47915e+08  1236336    0.17%
 497722 239607   3.47915e+08    10   3.48510e+08   3.47915e+08  1236338    0.17%
 497723 239608   3.47915e+08    10   3.48510e+08   3.47915e+08  1236339    0.17%
 497724 239609   3.47915e+08    10   3.48510e+08   3.47915e+08  1236340    0.17%
 497725 239610   3.47915e+08    10   3.48510e+08   3.47915e+08  1236343    0.17%
 497726 239611   3.47915e+08    10   3.48510e+08   3.47915e+08  1236347    0.17%
 497727 239611   3.48308e+08    10   3.48510e+08   3.47915e+08  1236352    0.17%
Elapsed time = 257.27 sec. (299178.86 ticks, tree = 1127.64 MB, solutions = 32)
 504273 243643   3.47915e+08     8   3.48510e+08   3.47915e+08  1251208    0.17%
 504274 243643   3.48443e+08     8   3.48510e+08   3.47915e+08  1251213    0.17%
 504275 243642    infeasible         3.48510e+08   3.47915e+08  1251213    0.17%
 504276 243643   3.48081e+08     6   3.48510e+08   3.47915e+08  1251217    0.17%
 504277 243644   3.48081e+08     6   3.48510e+08   3.47915e+08  1251218    0.17%
 504278 243645   3.48081e+08     6   3.48510e+08   3.47915e+08  1251219    0.17%
 504279 243646   3.48081e+08     6   3.48510e+08   3.47915e+08  1251221    0.17%
 504280 243647   3.48081e+08     6   3.48510e+08   3.47915e+08  1251223    0.17%
 504281 243648   3.48081e+08     6   3.48510e+08   3.47915e+08  1251225    0.17%
 504282 243649   3.48081e+08     6   3.48510e+08   3.47915e+08  1251226    0.17%
Elapsed time = 261.38 sec. (302998.29 ticks, tree = 1147.03 MB, solutions = 32)
 510737 247494   3.48391e+08    10   3.48510e+08   3.47915e+08  1266072    0.17%
 510738 247495   3.48391e+08    10   3.48510e+08   3.47915e+08  1266074    0.17%
 510739 247496   3.48391e+08    10   3.48510e+08   3.47915e+08  1266077    0.17%
 510740 247497   3.48391e+08    10   3.48510e+08   3.47915e+08  1266078    0.17%
 510741 247498   3.48391e+08    10   3.48510e+08   3.47915e+08  1266080    0.17%
 510742 247499   3.48391e+08    10   3.48510e+08   3.47915e+08  1266081    0.17%
 510743 247500   3.48391e+08    10   3.48510e+08   3.47915e+08  1266082    0.17%
 510744 247501   3.48391e+08    10   3.48510e+08   3.47915e+08  1266084    0.17%
 510745 247502   3.48391e+08    10   3.48510e+08   3.47915e+08  1266085    0.17%
 510746 247503   3.48391e+08    10   3.48510e+08   3.47915e+08  1266086    0.17%
Elapsed time = 265.51 sec. (306817.99 ticks, tree = 1165.57 MB, solutions = 32)
 517223 251412   3.47915e+08     9   3.48510e+08   3.47915e+08  1280692    0.17%
 517224 251413   3.47915e+08     8   3.48510e+08   3.47915e+08  1280693    0.17%
 517225 251414   3.47921e+08    15   3.48510e+08   3.47915e+08  1280697    0.17%
 517226 251415   3.47921e+08    16   3.48510e+08   3.47915e+08  1280698    0.17%
 517227 251414        cutoff         3.48510e+08   3.47915e+08  1280704    0.17%
 517228 251415   3.47921e+08    16   3.48510e+08   3.47915e+08  1280706    0.17%
 517229 251414        cutoff         3.48510e+08   3.47915e+08  1280715    0.17%
 517230 251415   3.47921e+08    16   3.48510e+08   3.47915e+08  1280720    0.17%
 517231 251414        cutoff         3.48510e+08   3.47915e+08  1280727    0.17%
 517232 251413        cutoff         3.48510e+08   3.47915e+08  1280729    0.17%
Elapsed time = 269.67 sec. (310639.10 ticks, tree = 1184.37 MB, solutions = 32)
 522871 253701   3.47915e+08     8   3.48510e+08   3.47915e+08  1296169    0.17%
 522872 253702   3.47915e+08    10   3.48510e+08   3.47915e+08  1296170    0.17%
 522873 253703   3.47915e+08     9   3.48510e+08   3.47915e+08  1296171    0.17%
 522874 253703   3.47915e+08     8   3.48510e+08   3.47915e+08  1296174    0.17%
 522875 253704   3.47915e+08     8   3.48510e+08   3.47915e+08  1296177    0.17%
 522876 253705   3.47915e+08    10   3.48510e+08   3.47915e+08  1296178    0.17%
 522877 253706   3.47915e+08     8   3.48510e+08   3.47915e+08  1296179    0.17%
 522878 253707   3.47915e+08     8   3.48510e+08   3.47915e+08  1296180    0.17%
 522879 253708   3.48244e+08     8   3.48510e+08   3.47915e+08  1296184    0.17%
 522880 253707    infeasible         3.48510e+08   3.47915e+08  1296184    0.17%
Elapsed time = 273.98 sec. (314458.80 ticks, tree = 1195.41 MB, solutions = 32)
 528813 256130        cutoff         3.48510e+08   3.47915e+08  1311441    0.17%
 528814 256131   3.48302e+08     7   3.48510e+08   3.47915e+08  1311445    0.17%
 528815 256132   3.48302e+08     7   3.48510e+08   3.47915e+08  1311449    0.17%
 528816 256133   3.48302e+08     7   3.48510e+08   3.47915e+08  1311450    0.17%
 528817 256134   3.48302e+08     8   3.48510e+08   3.47915e+08  1311453    0.17%
 528818 256135   3.48302e+08     8   3.48510e+08   3.47915e+08  1311454    0.17%
 528819 256136   3.48302e+08     7   3.48510e+08   3.47915e+08  1311457    0.17%
 528820 256137   3.48302e+08     9   3.48510e+08   3.47915e+08  1311459    0.17%
 528821 256138   3.48302e+08     8   3.48510e+08   3.47915e+08  1311462    0.17%
 528822 256139   3.48302e+08     8   3.48510e+08   3.47915e+08  1311463    0.17%
Elapsed time = 278.29 sec. (318278.94 ticks, tree = 1207.11 MB, solutions = 32)
 534110 257954   3.47915e+08     8   3.48510e+08   3.47915e+08  1328177    0.17%
 534111 257955   3.47915e+08     8   3.48510e+08   3.47915e+08  1328179    0.17%
 534112 257956   3.47915e+08     8   3.48510e+08   3.47915e+08  1328180    0.17%
 534113 257957   3.47915e+08     8   3.48510e+08   3.47915e+08  1328182    0.17%
 534114 257958   3.47915e+08     8   3.48510e+08   3.47915e+08  1328183    0.17%
 534115 257959   3.47915e+08    10   3.48510e+08   3.47915e+08  1328185    0.17%
 534116 257960   3.47915e+08     8   3.48510e+08   3.47915e+08  1328186    0.17%
 534117 257961   3.47915e+08     8   3.48510e+08   3.47915e+08  1328187    0.17%
 534118 257962   3.47915e+08    10   3.48510e+08   3.47915e+08  1328190    0.17%
 534119 257963   3.47915e+08    12   3.48510e+08   3.47915e+08  1328191    0.17%
Elapsed time = 282.63 sec. (322097.91 ticks, tree = 1215.89 MB, solutions = 32)
 539811 260015   3.48081e+08     4   3.48510e+08   3.47915e+08  1343641    0.17%
 539812 260014        cutoff         3.48510e+08   3.47915e+08  1343643    0.17%
 539813 260015   3.47915e+08    10   3.48510e+08   3.47915e+08  1343644    0.17%
 539814 260014        cutoff         3.48510e+08   3.47915e+08  1343652    0.17%
 539815 260015   3.47915e+08     8   3.48510e+08   3.47915e+08  1343655    0.17%
 539816 260015   3.47915e+08     8   3.48510e+08   3.47915e+08  1343656    0.17%
 539817 260016   3.47915e+08     8   3.48510e+08   3.47915e+08  1343658    0.17%
 539818 260017   3.47915e+08     8   3.48510e+08   3.47915e+08  1343659    0.17%
 539819 260018   3.47921e+08    16   3.48510e+08   3.47915e+08  1343663    0.17%
 539820 260019   3.47921e+08    16   3.48510e+08   3.47915e+08  1343664    0.17%
Elapsed time = 286.96 sec. (325918.70 ticks, tree = 1225.79 MB, solutions = 32)
 546139 263886   3.47915e+08     8   3.48510e+08   3.47915e+08  1358023    0.17%
 546140 263887   3.47915e+08     7   3.48510e+08   3.47915e+08  1358025    0.17%
 546141 263888   3.47915e+08     8   3.48510e+08   3.47915e+08  1358026    0.17%
 546142 263889   3.47915e+08     8   3.48510e+08   3.47915e+08  1358028    0.17%
 546143 263890   3.48099e+08    12   3.48510e+08   3.47915e+08  1358034    0.17%
 546144 263891   3.48099e+08    12   3.48510e+08   3.47915e+08  1358035    0.17%
 546145 263892   3.48323e+08    13   3.48510e+08   3.47915e+08  1358036    0.17%
 546146 263891        cutoff         3.48510e+08   3.47915e+08  1358042    0.17%
 546147 263890        cutoff         3.48510e+08   3.47915e+08  1358048    0.17%
 546148 263891   3.47915e+08     8   3.48510e+08   3.47915e+08  1358051    0.17%
Elapsed time = 291.15 sec. (329741.34 ticks, tree = 1244.38 MB, solutions = 32)
 551687 265805   3.47915e+08     8   3.48510e+08   3.47915e+08  1372461    0.17%
 551688 265806   3.47915e+08    10   3.48510e+08   3.47915e+08  1372462    0.17%
 551689 265807   3.47915e+08     9   3.48510e+08   3.47915e+08  1372463    0.17%
 551690 265807   3.47915e+08     8   3.48510e+08   3.47915e+08  1372466    0.17%
 551691 265808   3.47915e+08     8   3.48510e+08   3.47915e+08  1372469    0.17%
 551692 265809   3.47915e+08     8   3.48510e+08   3.47915e+08  1372471    0.17%
 551693 265810   3.47915e+08    10   3.48510e+08   3.47915e+08  1372472    0.17%
 551694 265811   3.47915e+08     8   3.48510e+08   3.47915e+08  1372473    0.17%
 551695 265810        cutoff         3.48510e+08   3.47915e+08  1372476    0.17%
 551696 265809        cutoff         3.48510e+08   3.47915e+08  1372479    0.17%
Elapsed time = 295.49 sec. (333560.93 ticks, tree = 1253.62 MB, solutions = 32)
 557131 267762   3.47915e+08     8   3.48510e+08   3.47915e+08  1387282    0.17%
 557132 267763   3.47915e+08     8   3.48510e+08   3.47915e+08  1387284    0.17%
 557133 267764   3.47915e+08     8   3.48510e+08   3.47915e+08  1387286    0.17%
 557134 267763        cutoff         3.48510e+08   3.47915e+08  1387290    0.17%
 557135 267762        cutoff         3.48510e+08   3.47915e+08  1387298    0.17%
 557136 267763   3.48004e+08    18   3.48510e+08   3.47915e+08  1387301    0.17%
 557137 267762        cutoff         3.48510e+08   3.47915e+08  1387304    0.17%
 557138 267763   3.48394e+08     7   3.48510e+08   3.47915e+08  1387311    0.17%
 557139 267762    infeasible         3.48510e+08   3.47915e+08  1387311    0.17%
 557140 267761    infeasible         3.48510e+08   3.47915e+08  1387311    0.17%
Elapsed time = 299.82 sec. (337382.88 ticks, tree = 1263.04 MB, solutions = 32)
 562885 269887        cutoff         3.48510e+08   3.47915e+08  1402051    0.17%
 562886 269888   3.48023e+08     6   3.48510e+08   3.47915e+08  1402052    0.17%
 562887 269889   3.48023e+08     6   3.48510e+08   3.47915e+08  1402053    0.17%
 562888 269890   3.48142e+08     4   3.48510e+08   3.47915e+08  1402055    0.17%
 562889 269891   3.48142e+08     4   3.48510e+08   3.47915e+08  1402056    0.17%
 562890 269892   3.48142e+08     4   3.48510e+08   3.47915e+08  1402057    0.17%
 562891 269892   3.48142e+08     4   3.48510e+08   3.47915e+08  1402060    0.17%
 562892 269891    infeasible         3.48510e+08   3.47915e+08  1402060    0.17%
 562893 269892   3.47915e+08     8   3.48510e+08   3.47915e+08  1402062    0.17%
 562894 269893   3.47915e+08    10   3.48510e+08   3.47915e+08  1402063    0.17%
Elapsed time = 304.16 sec. (341204.06 ticks, tree = 1273.35 MB, solutions = 32)
 569157 273404   3.47915e+08     8   3.48510e+08   3.47915e+08  1416666    0.17%
 569158 273405   3.47915e+08     8   3.48510e+08   3.47915e+08  1416667    0.17%
 569159 273406   3.48442e+08    10   3.48510e+08   3.47915e+08  1416671    0.17%
 569160 273407   3.48443e+08    10   3.48510e+08   3.47915e+08  1416673    0.17%
 569161 273408   3.48443e+08    10   3.48510e+08   3.47915e+08  1416674    0.17%
 569162 273409   3.48443e+08     9   3.48510e+08   3.47915e+08  1416678    0.17%
 569163 273410   3.48443e+08     9   3.48510e+08   3.47915e+08  1416682    0.17%
 569164 273411   3.48443e+08    10   3.48510e+08   3.47915e+08  1416683    0.17%
 569165 273412   3.48443e+08    10   3.48510e+08   3.47915e+08  1416685    0.17%
 569166 273413   3.48443e+08    10   3.48510e+08   3.47915e+08  1416687    0.17%
Elapsed time = 308.41 sec. (345023.96 ticks, tree = 1292.10 MB, solutions = 32)
 575551 277359   3.47915e+08     8   3.48510e+08   3.47915e+08  1431453    0.17%
 575552 277360   3.47915e+08     8   3.48510e+08   3.47915e+08  1431454    0.17%
 575553 277361   3.47915e+08     8   3.48510e+08   3.47915e+08  1431456    0.17%
 575554 277362   3.47915e+08     8   3.48510e+08   3.47915e+08  1431459    0.17%
 575555 277363   3.47915e+08     8   3.48510e+08   3.47915e+08  1431461    0.17%
 575556 277364   3.47921e+08    16   3.48510e+08   3.47915e+08  1431464    0.17%
 575557 277365   3.47921e+08    16   3.48510e+08   3.47915e+08  1431465    0.17%
 575558 277364        cutoff         3.48510e+08   3.47915e+08  1431468    0.17%
 575559 277363        cutoff         3.48510e+08   3.47915e+08  1431473    0.17%
 575560 277364   3.47915e+08     8   3.48510e+08   3.47915e+08  1431474    0.17%
Elapsed time = 312.58 sec. (348845.92 ticks, tree = 1311.07 MB, solutions = 32)
 581587 280560   3.47915e+08    10   3.48510e+08   3.47915e+08  1446579    0.17%
 581588 280561   3.47915e+08     9   3.48510e+08   3.47915e+08  1446580    0.17%
 581589 280562   3.47915e+08    10   3.48510e+08   3.47915e+08  1446583    0.17%
 581590 280563   3.47915e+08    10   3.48510e+08   3.47915e+08  1446585    0.17%
 581591 280564   3.47915e+08    10   3.48510e+08   3.47915e+08  1446587    0.17%
 581592 280565   3.47915e+08    12   3.48510e+08   3.47915e+08  1446593    0.17%
 581593 280566   3.47915e+08    10   3.48510e+08   3.47915e+08  1446594    0.17%
 581594 280567   3.47915e+08    10   3.48510e+08   3.47915e+08  1446595    0.17%
 581595 280568   3.47915e+08    10   3.48510e+08   3.47915e+08  1446598    0.17%
 581596 280569   3.47915e+08    10   3.48510e+08   3.47915e+08  1446601    0.17%
Elapsed time = 316.79 sec. (352665.09 ticks, tree = 1326.47 MB, solutions = 32)
 588367 284267   3.48317e+08     6   3.48510e+08   3.47915e+08  1460661    0.17%
 588368 284267   3.48317e+08     7   3.48510e+08   3.47915e+08  1460665    0.17%
 588369 284266    infeasible         3.48510e+08   3.47915e+08  1460665    0.17%
 588370 284267   3.48406e+08     6   3.48510e+08   3.47915e+08  1460669    0.17%
 588371 284267   3.48406e+08     7   3.48510e+08   3.47915e+08  1460674    0.17%
 588372 284266    infeasible         3.48510e+08   3.47915e+08  1460674    0.17%
 588373 284267   3.47915e+08     8   3.48510e+08   3.47915e+08  1460675    0.17%
 588374 284268   3.47915e+08     8   3.48510e+08   3.47915e+08  1460676    0.17%
 588375 284269   3.47915e+08     7   3.48510e+08   3.47915e+08  1460677    0.17%
 609573 292719   3.47915e+08     6   3.48510e+08   3.47915e+08  1502232    0.17%
Elapsed time = 332.60 sec. (367924.16 ticks, tree = 1385.20 MB, solutions = 32)
 637312 300222   3.48505e+08     4   3.48510e+08   3.47915e+08  1558000    0.17%
 637313 300223   3.48505e+08     4   3.48510e+08   3.47915e+08  1558002    0.17%
 637314 300224   3.48505e+08     4   3.48510e+08   3.47915e+08  1558003    0.17%
 637315 300225   3.48505e+08     4   3.48510e+08   3.47915e+08  1558004    0.17%
 637316 300226   3.48505e+08     4   3.48510e+08   3.47915e+08  1558005    0.17%
 637317 300227   3.48505e+08     4   3.48510e+08   3.47915e+08  1558006    0.17%
 637318 300227   3.48505e+08     4   3.48510e+08   3.47915e+08  1558008    0.17%
 637319 300226    infeasible         3.48510e+08   3.47915e+08  1558008    0.17%
 637320 300227   3.47915e+08     6   3.48510e+08   3.47915e+08  1558009    0.17%
 637321 300228   3.47915e+08     6   3.48510e+08   3.47915e+08  1558010    0.17%
Elapsed time = 348.31 sec. (383187.44 ticks, tree = 1421.72 MB, solutions = 32)
*638937+298287                       3.48502e+08   3.47915e+08             0.17%
*639037+298288                       3.48502e+08   3.47915e+08             0.17%
*648167+267177                       3.48421e+08   3.47915e+08             0.15%
*649337+267556                       3.48421e+08   3.47915e+08             0.15%
*649537+216141                       3.48314e+08   3.47915e+08             0.11%
*649637+215250                       3.48312e+08   3.47915e+08             0.11%
*650137+160224                       3.48181e+08   3.47915e+08             0.08%
*650137+139162                       3.48120e+08   3.47915e+08             0.06%
*650137+131728                       3.48099e+08   3.47915e+08             0.05%
*650537+111486                       3.48044e+08   3.47915e+08             0.04%
*650637+110373                       3.48042e+08   3.47915e+08             0.04%
*650637+101666                       3.48014e+08   3.47915e+08             0.03%
*650637+99282                       3.48007e+08   3.47915e+08             0.03%
*650737+77552                       3.47960e+08   3.47915e+08             0.01%
*650837+77168                       3.47958e+08   3.47915e+08             0.01%
*651237+69328                       3.47938e+08   3.47915e+08             0.01%

GUB cover cuts applied:  1
Mixed integer rounding cuts applied:  1

Root node processing (before b&c):
  Real time             =    0.13 sec. (181.66 ticks)
Sequential b&c:
  Real time             =  357.05 sec. (392189.25 ticks)
                          ------------
Total (root+branch&cut) =  357.18 sec. (392370.92 ticks)

Solution pool: 48 solutions saved.

MIP - Integer optimal, tolerance (0.0001/1e-06):  Objective =  3.4793778100e+08
Current MIP best bound =  3.4791526400e+08 (gap = 22517, 0.01%)
Solution time =  357.18 sec.  Iterations = 1586414  Nodes = 651237 (69329)
Deterministic time = 392370.92 ticks  (1098.53 ticks/sec)


Incumbent solution written to file '/tmp/tmpjDfduE.cplex.sol'.
