
Log started (V12.6.3.0) Sat Mar  3 08:13:13 2018

New value for default parallel thread count: 1

Problem '/tmp/tmpvqte8i.pyomo.lp' read.
Read time = 0.01 sec. (0.32 ticks)

Problem name         : /tmp/tmpvqte8i.pyomo.lp
Objective sense      : Minimize
Variables            :    5615  [Nneg: 15,  Binary: 5600]
Objective nonzeros   :      14
Linear constraints   :     428  [Less: 13,  Equal: 415]
  Nonzeros           :   11241
  RHS nonzeros       :     401

Variables            : Min LB: 0.000000         Max UB: 1.000000       
Objective nonzeros   : Min   : 1.000000         Max   : 8192.000       
Linear constraints   :
  Nonzeros           : Min   : 1.000000         Max   : 1000.000       
  RHS nonzeros       : Min   : 1.000000         Max   : 1.000000       
Found incumbent of value 1.5816786e+09 after 0.00 sec. (0.45 ticks)
Tried aggregator 2 times.
MIP Presolve eliminated 1 rows and 1 columns.
Aggregator did 2 substitutions.
Reduced MIP has 425 rows, 5612 columns, and 11236 nonzeros.
Reduced MIP has 5600 binaries, 0 generals, 0 SOSs, and 0 indicators.
Presolve time = 0.02 sec. (8.32 ticks)
Tried aggregator 1 time.
Reduced MIP has 425 rows, 5612 columns, and 11236 nonzeros.
Reduced MIP has 5600 binaries, 12 generals, 0 SOSs, and 0 indicators.
Presolve time = 0.01 sec. (5.58 ticks)
Probing fixed 0 vars, tightened 55 bounds.
Probing time = 0.04 sec. (42.16 ticks)
Clique table members: 400.
MIP emphasis: balance optimality and feasibility.
MIP search method: dynamic search.
Parallel mode: none, using 1 thread.
Root relaxation solution time = 0.02 sec. (24.17 ticks)

        Nodes                                         Cuts/
   Node  Left     Objective  IInf  Best Integer    Best Bound    ItCnt     Gap

*     0+    0                       1.58168e+09        0.0000           100.00%
      0     0   2.25940e+08    37   1.58168e+09   2.25940e+08      556   85.72%
      0     0   2.25940e+08    54   1.58168e+09      Cuts: 15      574   85.72%
*     0+    0                       2.60402e+08   2.25940e+08            13.23%
*     0+    0                       2.60203e+08   2.25940e+08            13.17%
*     0+    0                       2.52562e+08   2.25940e+08            10.54%
*     0+    0                       2.49795e+08   2.25940e+08             9.55%
*     0+    0                       2.49564e+08   2.25940e+08             9.47%
*     0+    0                       2.49367e+08   2.25940e+08             9.39%
      0     2   2.25940e+08    40   2.49367e+08   2.25940e+08      574    9.39%
Elapsed time = 0.52 sec. (467.95 ticks, tree = 0.01 MB, solutions = 7)
     93    95   2.25940e+08    33   2.49367e+08   2.25940e+08     1044    9.39%
     94    96   2.25940e+08    34   2.49367e+08   2.25940e+08     1049    9.39%
     95    97   2.25940e+08    34   2.49367e+08   2.25940e+08     1051    9.39%
     96    98   2.25940e+08    35   2.49367e+08   2.25940e+08     1057    9.39%
     97    99   2.25940e+08    33   2.49367e+08   2.25940e+08     1061    9.39%
     98   100   2.25940e+08    34   2.49367e+08   2.25940e+08     1063    9.39%
     99   101   2.25940e+08    34   2.49367e+08   2.25940e+08     1064    9.39%
    100   102   2.25940e+08    34   2.49367e+08   2.25940e+08     1067    9.39%
    101   103   2.25940e+08    32   2.49367e+08   2.25940e+08     1075    9.39%
    379   381   2.25940e+08    35   2.49367e+08   2.25940e+08     4512    9.39%
Elapsed time = 1.45 sec. (1424.20 ticks, tree = 2.93 MB, solutions = 7)
*   390+  390                       2.39350e+08   2.25940e+08             5.60%
*   502+  502                       2.34633e+08   2.25940e+08             3.70%
    503   505   2.25940e+08    39   2.34633e+08   2.25950e+08     6798    3.70%
*   504+  335                       2.31729e+08   2.25950e+08             2.49%
    504   337   2.25950e+08    26   2.31729e+08   2.25950e+08     6799    2.49%
    505   338   2.25954e+08    26   2.31729e+08   2.25950e+08     6800    2.49%
    506   339   2.25950e+08    26   2.31729e+08   2.25950e+08     6803    2.49%
    507   340   2.25950e+08    26   2.31729e+08   2.25950e+08     6804    2.49%
    508   340   2.25950e+08    24   2.31729e+08   2.25950e+08     6805    2.49%
    509   341   2.25950e+08    27   2.31729e+08   2.25950e+08     6808    2.49%
    510   341   2.25950e+08    27   2.31729e+08   2.25950e+08     6809    2.49%
    511   342   2.25950e+08    27   2.31729e+08   2.25950e+08     6810    2.49%
    512   343   2.25950e+08    23   2.31729e+08   2.25950e+08     6818    2.49%
Elapsed time = 3.70 sec. (3238.75 ticks, tree = 2.68 MB, solutions = 10)
*   603+  296                       2.28457e+08   2.25950e+08             1.10%
    677   344   2.25950e+08    22   2.28457e+08   2.25950e+08     7709    1.10%
    678   344   2.25950e+08    23   2.28457e+08   2.25950e+08     7712    1.10%
    679   345   2.25950e+08    23   2.28457e+08   2.25950e+08     7713    1.10%
    680   346   2.25950e+08    22   2.28457e+08   2.25950e+08     7717    1.10%
    681   347   2.25950e+08    23   2.28457e+08   2.25950e+08     7720    1.10%
    682   348   2.25950e+08    23   2.28457e+08   2.25950e+08     7722    1.10%
    683   349   2.25950e+08    22   2.28457e+08   2.25950e+08     7726    1.10%
    684   350   2.25950e+08    22   2.28457e+08   2.25950e+08     7731    1.10%
    685   350   2.25950e+08    23   2.28457e+08   2.25950e+08     7737    1.10%
    686   351   2.25950e+08    22   2.28457e+08   2.25950e+08     7742    1.10%
Elapsed time = 4.70 sec. (4238.09 ticks, tree = 2.68 MB, solutions = 11)
    920   490   2.25950e+08    26   2.28457e+08   2.25950e+08     8491    1.10%
    921   490   2.25950e+08    26   2.28457e+08   2.25950e+08     8492    1.10%
    922   491   2.25950e+08    26   2.28457e+08   2.25950e+08     8493    1.10%
    923   491   2.25950e+08    26   2.28457e+08   2.25950e+08     8494    1.10%
    924   491   2.25950e+08    26   2.28457e+08   2.25950e+08     8495    1.10%
    925   492   2.25950e+08    26   2.28457e+08   2.25950e+08     8496    1.10%
    926   493   2.25950e+08    26   2.28457e+08   2.25950e+08     8503    1.10%
    927   493   2.25950e+08    26   2.28457e+08   2.25950e+08     8504    1.10%
    928   494   2.25950e+08    26   2.28457e+08   2.25950e+08     8505    1.10%
    929   495   2.25950e+08    26   2.28457e+08   2.25950e+08     8510    1.10%
Elapsed time = 5.78 sec. (5213.64 ticks, tree = 3.89 MB, solutions = 11)
   1305   780   2.25987e+08    22   2.28457e+08   2.25950e+08     9152    1.10%
   1306   781   2.25987e+08    22   2.28457e+08   2.25950e+08     9154    1.10%
   1307   781   2.25987e+08    23   2.28457e+08   2.25950e+08     9155    1.10%
   1308   782   2.25987e+08    24   2.28457e+08   2.25950e+08     9156    1.10%
   1309   783   2.25987e+08    22   2.28457e+08   2.25950e+08     9157    1.10%
   1310   784   2.25987e+08    22   2.28457e+08   2.25950e+08     9158    1.10%
   1311   785   2.25987e+08    24   2.28457e+08   2.25950e+08     9159    1.10%
   1312   786   2.25987e+08    21   2.28457e+08   2.25950e+08     9160    1.10%
   1313   787   2.25987e+08    24   2.28457e+08   2.25950e+08     9161    1.10%
   1314   788   2.25987e+08    22   2.28457e+08   2.25950e+08     9162    1.10%
Elapsed time = 6.78 sec. (6187.66 ticks, tree = 6.53 MB, solutions = 11)
   1612   990   2.25950e+08    22   2.28457e+08   2.25950e+08    10059    1.10%
   1613   991   2.25950e+08    22   2.28457e+08   2.25950e+08    10065    1.10%
   1614   992   2.25950e+08    24   2.28457e+08   2.25950e+08    10070    1.10%
   1615   993   2.25950e+08    24   2.28457e+08   2.25950e+08    10071    1.10%
   1616   994   2.25950e+08    23   2.28457e+08   2.25950e+08    10072    1.10%
   1617   995   2.25950e+08    24   2.28457e+08   2.25950e+08    10083    1.10%
   1618   996   2.25950e+08    24   2.28457e+08   2.25950e+08    10084    1.10%
   1619   997   2.25950e+08    24   2.28457e+08   2.25950e+08    10091    1.10%
   1620   998   2.25950e+08    24   2.28457e+08   2.25950e+08    10092    1.10%
   1621   999   2.25950e+08    24   2.28457e+08   2.25950e+08    10093    1.10%
Elapsed time = 7.76 sec. (7165.13 ticks, tree = 8.38 MB, solutions = 11)
   2022  1385   2.26391e+08    22   2.28457e+08   2.25950e+08    10781    1.10%
   2023  1386   2.26391e+08    21   2.28457e+08   2.25950e+08    10783    1.10%
   2024  1387   2.26391e+08    22   2.28457e+08   2.25950e+08    10785    1.10%
   2025  1388   2.26391e+08    22   2.28457e+08   2.25950e+08    10786    1.10%
   2026  1389   2.26391e+08    21   2.28457e+08   2.25950e+08    10789    1.10%
   2027  1390   2.26391e+08    22   2.28457e+08   2.25950e+08    10791    1.10%
   2028  1391   2.26391e+08    22   2.28457e+08   2.25950e+08    10795    1.10%
   2029  1392   2.26391e+08    22   2.28457e+08   2.25950e+08    10796    1.10%
   2030  1393   2.26391e+08    22   2.28457e+08   2.25950e+08    10797    1.10%
   2031  1394   2.26391e+08    22   2.28457e+08   2.25950e+08    10799    1.10%
Elapsed time = 8.82 sec. (8131.37 ticks, tree = 11.74 MB, solutions = 11)
   2523  1811   2.25950e+08    23   2.28457e+08   2.25950e+08    12133    1.10%
   2524  1812   2.25950e+08    24   2.28457e+08   2.25950e+08    12139    1.10%
   2525  1813   2.25950e+08    25   2.28457e+08   2.25950e+08    12142    1.10%
   2526  1814   2.25950e+08    25   2.28457e+08   2.25950e+08    12143    1.10%
   2527  1815   2.25950e+08    26   2.28457e+08   2.25950e+08    12147    1.10%
   2528  1816   2.25950e+08    26   2.28457e+08   2.25950e+08    12148    1.10%
   2529  1817   2.25950e+08    26   2.28457e+08   2.25950e+08    12150    1.10%
   2530  1818   2.25950e+08    26   2.28457e+08   2.25950e+08    12153    1.10%
   2531  1819   2.25950e+08    26   2.28457e+08   2.25950e+08    12154    1.10%
   2532  1820   2.25950e+08    26   2.28457e+08   2.25950e+08    12155    1.10%
Elapsed time = 9.85 sec. (9099.46 ticks, tree = 15.39 MB, solutions = 11)
   3194  2447   2.25950e+08    25   2.28457e+08   2.25950e+08    13602    1.10%
   3195  2448   2.25950e+08    25   2.28457e+08   2.25950e+08    13603    1.10%
   3196  2449   2.25950e+08    25   2.28457e+08   2.25950e+08    13604    1.10%
   3197  2450   2.25950e+08    25   2.28457e+08   2.25950e+08    13605    1.10%
   3198  2451   2.25950e+08    25   2.28457e+08   2.25950e+08    13606    1.10%
   3199  2452   2.25950e+08    25   2.28457e+08   2.25950e+08    13607    1.10%
   3200  2453   2.25950e+08    25   2.28457e+08   2.25950e+08    13609    1.10%
   3201  2454   2.25950e+08    25   2.28457e+08   2.25950e+08    13610    1.10%
   3202  2455   2.25950e+08    25   2.28457e+08   2.25950e+08    13612    1.10%
   3203  2456   2.25950e+08    25   2.28457e+08   2.25950e+08    13614    1.10%
Elapsed time = 10.95 sec. (10064.00 ticks, tree = 20.65 MB, solutions = 11)
   3885  3124   2.25950e+08    24   2.28457e+08   2.25950e+08    15285    1.10%
   3886  3125   2.25950e+08    23   2.28457e+08   2.25950e+08    15286    1.10%
   3887  3126   2.25950e+08    24   2.28457e+08   2.25950e+08    15287    1.10%
   3888  3127   2.25950e+08    24   2.28457e+08   2.25950e+08    15288    1.10%
   3889  3128   2.25950e+08    24   2.28457e+08   2.25950e+08    15291    1.10%
   3890  3129   2.25950e+08    24   2.28457e+08   2.25950e+08    15293    1.10%
   3891  3130   2.25950e+08    24   2.28457e+08   2.25950e+08    15294    1.10%
   3892  3131   2.25950e+08    23   2.28457e+08   2.25950e+08    15295    1.10%
   3893  3132   2.25950e+08    24   2.28457e+08   2.25950e+08    15296    1.10%
   6568  5730   2.25950e+08    25   2.28457e+08   2.25950e+08    22812    1.10%
Elapsed time = 15.06 sec. (13879.75 ticks, tree = 47.54 MB, solutions = 11)
  10023  9068   2.27984e+08    22   2.28457e+08   2.25950e+08    31246    1.10%
  10024  9069   2.25950e+08    21   2.28457e+08   2.25950e+08    31268    1.10%
  10025  9070   2.25950e+08    22   2.28457e+08   2.25950e+08    31272    1.10%
  10026  9071   2.25950e+08    23   2.28457e+08   2.25950e+08    31289    1.10%
  10027  9072   2.25950e+08    23   2.28457e+08   2.25950e+08    31290    1.10%
  10028  9073   2.25950e+08    23   2.28457e+08   2.25950e+08    31296    1.10%
  10029  9074   2.25950e+08    23   2.28457e+08   2.25950e+08    31299    1.10%
  10030  9075   2.25950e+08    24   2.28457e+08   2.25950e+08    31303    1.10%
  10031  9076   2.25950e+08    23   2.28457e+08   2.25950e+08    31307    1.10%
  10032  9077   2.25950e+08    23   2.28457e+08   2.25950e+08    31308    1.10%
Elapsed time = 19.89 sec. (18231.63 ticks, tree = 75.45 MB, solutions = 11)
  14461 13454   2.25950e+08    25   2.28457e+08   2.25950e+08    41451    1.10%
  14462 13455   2.25950e+08    26   2.28457e+08   2.25950e+08    41452    1.10%
  14463 13456   2.25950e+08    25   2.28457e+08   2.25950e+08    41454    1.10%
  14464 13457   2.25950e+08    26   2.28457e+08   2.25950e+08    41455    1.10%
  14465 13458   2.25950e+08    25   2.28457e+08   2.25950e+08    41457    1.10%
  14466 13459   2.25950e+08    26   2.28457e+08   2.25950e+08    41458    1.10%
  14467 13460   2.25950e+08    24   2.28457e+08   2.25950e+08    41461    1.10%
  14468 13461   2.25950e+08    25   2.28457e+08   2.25950e+08    41462    1.10%
  14469 13462   2.25950e+08    25   2.28457e+08   2.25950e+08    41463    1.10%
  14470 13463   2.25950e+08    25   2.28457e+08   2.25950e+08    41465    1.10%
Elapsed time = 24.09 sec. (22052.97 ticks, tree = 111.67 MB, solutions = 11)
  19070 18021   2.25950e+08    23   2.28457e+08   2.25950e+08    52555    1.10%
  19071 18022   2.25950e+08    23   2.28457e+08   2.25950e+08    52559    1.10%
  19072 18023   2.25950e+08    23   2.28457e+08   2.25950e+08    52563    1.10%
  19073 18024   2.25950e+08    23   2.28457e+08   2.25950e+08    52569    1.10%
  19074 18025   2.25950e+08    23   2.28457e+08   2.25950e+08    52570    1.10%
  19075 18026   2.25950e+08    23   2.28457e+08   2.25950e+08    52571    1.10%
  19076 18027   2.25950e+08    23   2.28457e+08   2.25950e+08    52572    1.10%
  19077 18028   2.25950e+08    23   2.28457e+08   2.25950e+08    52573    1.10%
  19078 18029   2.25950e+08    23   2.28457e+08   2.25950e+08    52574    1.10%
  19079 18030   2.25950e+08    23   2.28457e+08   2.25950e+08    52575    1.10%
Elapsed time = 28.34 sec. (25874.64 ticks, tree = 149.58 MB, solutions = 11)
  19815 18652   2.25950e+08    23   2.28457e+08   2.25950e+08    57701    1.10%
  19816 18653   2.25950e+08    24   2.28457e+08   2.25950e+08    57722    1.10%
  19817 18654   2.25950e+08    24   2.28457e+08   2.25950e+08    57724    1.10%
  19818 18655   2.25950e+08    24   2.28457e+08   2.25950e+08    57725    1.10%
  19819 18656   2.25950e+08    24   2.28457e+08   2.25950e+08    57730    1.10%
  19820 18656   2.25950e+08    24   2.28457e+08   2.25950e+08    57736    1.10%
  19821 18656   2.25950e+08    25   2.28457e+08   2.25950e+08    57748    1.10%
  19822 18657   2.25950e+08    25   2.28457e+08   2.25950e+08    57754    1.10%
  19823 18657   2.25950e+08    26   2.28457e+08   2.25950e+08    57767    1.10%
  19824 18658   2.25950e+08    25   2.28457e+08   2.25950e+08    57768    1.10%
Elapsed time = 32.58 sec. (29745.25 ticks, tree = 154.46 MB, solutions = 11)
* 19947+12541                       2.28363e+08   2.25950e+08             1.06%
  20557 12730   2.25950e+08    20   2.28363e+08   2.25950e+08    64811    1.06%
  20558 12731   2.25950e+08    22   2.28363e+08   2.25950e+08    64825    1.06%
  20559 12732   2.25950e+08    20   2.28363e+08   2.25950e+08    64826    1.06%
  20560 12733   2.25950e+08    23   2.28363e+08   2.25950e+08    64841    1.06%
  20561 12734   2.25950e+08    20   2.28363e+08   2.25950e+08    64842    1.06%
  20562 12734   2.25950e+08    23   2.28363e+08   2.25950e+08    64858    1.06%
  20563 12735   2.25950e+08    21   2.28363e+08   2.25950e+08    64859    1.06%
  20564 12736   2.25950e+08    22   2.28363e+08   2.25950e+08    64863    1.06%
  20565 12737   2.25950e+08    22   2.28363e+08   2.25950e+08    64865    1.06%
  20566 12738   2.25950e+08    22   2.28363e+08   2.25950e+08    64867    1.06%
Elapsed time = 36.65 sec. (33595.83 ticks, tree = 105.41 MB, solutions = 12)
  21361 13118   2.25954e+08    21   2.28363e+08   2.25950e+08    71997    1.06%
  21362 13118   2.25954e+08    21   2.28363e+08   2.25950e+08    71999    1.06%
  21363 13118   2.25954e+08    21   2.28363e+08   2.25950e+08    72001    1.06%
  21364 13118   2.25954e+08    22   2.28363e+08   2.25950e+08    72036    1.06%
  21365 13118   2.25954e+08    22   2.28363e+08   2.25950e+08    72065    1.06%
  21366 13118   2.25954e+08    22   2.28363e+08   2.25950e+08    72067    1.06%
  21367 13118   2.25954e+08    22   2.28363e+08   2.25950e+08    72069    1.06%
  21368 13119   2.25954e+08    23   2.28363e+08   2.25950e+08    72099    1.06%
  21369 13120   2.25954e+08    22   2.28363e+08   2.25950e+08    72101    1.06%
  21370 13121   2.25954e+08    22   2.28363e+08   2.25950e+08    72103    1.06%
Elapsed time = 40.89 sec. (37452.78 ticks, tree = 108.60 MB, solutions = 12)
* 21747+ 9496                       2.28175e+08   2.25950e+08             0.97%
  22138  9647   2.25950e+08    24   2.28175e+08   2.25950e+08    79337    0.97%
  22139  9648   2.25950e+08    25   2.28175e+08   2.25950e+08    79365    0.97%
  22140  9649   2.25950e+08    25   2.28175e+08   2.25950e+08    79366    0.97%
  22141  9650   2.25950e+08    26   2.28175e+08   2.25950e+08    79368    0.97%
  22142  9651   2.25950e+08    26   2.28175e+08   2.25950e+08    79371    0.97%
  22143  9652   2.25950e+08    26   2.28175e+08   2.25950e+08    79372    0.97%
  22144  9652   2.25950e+08    26   2.28175e+08   2.25950e+08    79373    0.97%
  22145  9653   2.25950e+08    24   2.28175e+08   2.25950e+08    79412    0.97%
  22146  9653   2.25950e+08    24   2.28175e+08   2.25950e+08    79413    0.97%
  22147  9654   2.25950e+08    25   2.28175e+08   2.25950e+08    79435    0.97%
Elapsed time = 44.86 sec. (41313.69 ticks, tree = 79.95 MB, solutions = 13)
  23263 10124   2.25950e+08    24   2.28175e+08   2.25950e+08    84451    0.97%
  23264 10124   2.25950e+08    24   2.28175e+08   2.25950e+08    84457    0.97%
  23265 10124   2.25950e+08    24   2.28175e+08   2.25950e+08    84458    0.97%
  23266 10124   2.25950e+08    24   2.28175e+08   2.25950e+08    84466    0.97%
  23267 10125   2.25950e+08    24   2.28175e+08   2.25950e+08    84467    0.97%
  23268 10126   2.25950e+08    25   2.28175e+08   2.25950e+08    84480    0.97%
  23269 10127   2.25950e+08    25   2.28175e+08   2.25950e+08    84486    0.97%
  23270 10127   2.25950e+08    25   2.28175e+08   2.25950e+08    84492    0.97%
  23271 10127   2.25950e+08    24   2.28175e+08   2.25950e+08    84504    0.97%
  23272 10128   2.25950e+08    24   2.28175e+08   2.25950e+08    84525    0.97%
Elapsed time = 49.06 sec. (45168.11 ticks, tree = 83.79 MB, solutions = 13)
  24646 10787   2.25950e+08    25   2.28175e+08   2.25950e+08    91344    0.97%
  24647 10788   2.25950e+08    26   2.28175e+08   2.25950e+08    91346    0.97%
  24648 10788   2.25950e+08    25   2.28175e+08   2.25950e+08    91349    0.97%
  24649 10789   2.25950e+08    23   2.28175e+08   2.25950e+08    91352    0.97%
  24650 10789   2.25950e+08    24   2.28175e+08   2.25950e+08    91353    0.97%
  24651 10790   2.25950e+08    24   2.28175e+08   2.25950e+08    91357    0.97%
  24652 10791   2.25950e+08    24   2.28175e+08   2.25950e+08    91361    0.97%
  24653 10791   2.25950e+08    23   2.28175e+08   2.25950e+08    91362    0.97%
  24654 10792   2.25950e+08    23   2.28175e+08   2.25950e+08    91363    0.97%
  24655 10793   2.25950e+08    23   2.28175e+08   2.25950e+08    91365    0.97%
Elapsed time = 53.20 sec. (48998.52 ticks, tree = 89.34 MB, solutions = 13)
  26262 11576   2.27919e+08    22   2.28175e+08   2.25950e+08    97072    0.97%
  26263 11577   2.27919e+08    22   2.28175e+08   2.25950e+08    97074    0.97%
  26264 11577   2.27919e+08    23   2.28175e+08   2.25950e+08    97077    0.97%
  26265 11578   2.27919e+08    23   2.28175e+08   2.25950e+08    97078    0.97%
  26266 11578   2.27919e+08    24   2.28175e+08   2.25950e+08    97081    0.97%
  26267 11578   2.27919e+08    24   2.28175e+08   2.25950e+08    97083    0.97%
  26268 11579   2.27919e+08    24   2.28175e+08   2.25950e+08    97085    0.97%
  26269 11579   2.27919e+08    24   2.28175e+08   2.25950e+08    97088    0.97%
  26270 11580   2.27919e+08    24   2.28175e+08   2.25950e+08    97090    0.97%
  26271 11581   2.27919e+08    24   2.28175e+08   2.25950e+08    97094    0.97%
Elapsed time = 57.40 sec. (52836.82 ticks, tree = 95.88 MB, solutions = 13)
  27694 12289   2.25950e+08    21   2.28175e+08   2.25950e+08   105016    0.97%
  27695 12289   2.25950e+08    22   2.28175e+08   2.25950e+08   105017    0.97%
  27696 12290   2.25950e+08    22   2.28175e+08   2.25950e+08   105018    0.97%
  27697 12291   2.25950e+08    22   2.28175e+08   2.25950e+08   105019    0.97%
  27698 12291   2.25950e+08    22   2.28175e+08   2.25950e+08   105020    0.97%
  27699 12292   2.25950e+08    22   2.28175e+08   2.25950e+08   105021    0.97%
  27700 12293   2.25950e+08    22   2.28175e+08   2.25950e+08   105022    0.97%
  27701 12293   2.25950e+08    21   2.28175e+08   2.25950e+08   105023    0.97%
  27702 12293   2.25950e+08    22   2.28175e+08   2.25950e+08   105026    0.97%
  27703 12294   2.25950e+08    20   2.28175e+08   2.25950e+08   105062    0.97%
Elapsed time = 61.51 sec. (56668.74 ticks, tree = 102.03 MB, solutions = 13)
  29321 13165   2.28052e+08    17   2.28175e+08   2.25950e+08   114535    0.97%
  29322 13166   2.28052e+08    18   2.28175e+08   2.25950e+08   114554    0.97%
  29323 13166   2.28052e+08    18   2.28175e+08   2.25950e+08   114573    0.97%
  29324 13166   2.28052e+08    18   2.28175e+08   2.25950e+08   114575    0.97%
  29325 13167   2.28052e+08    18   2.28175e+08   2.25950e+08   114578    0.97%
  29326 13167   2.28052e+08    18   2.28175e+08   2.25950e+08   114617    0.97%
  29327 13168   2.28052e+08    18   2.28175e+08   2.25950e+08   114618    0.97%
  29328 13168   2.28052e+08    18   2.28175e+08   2.25950e+08   114619    0.97%
  29329 13169   2.28052e+08    18   2.28175e+08   2.25950e+08   114620    0.97%
  29330 13170   2.28052e+08    17   2.28175e+08   2.25950e+08   114622    0.97%
Elapsed time = 65.69 sec. (60511.50 ticks, tree = 110.08 MB, solutions = 13)
  31470 14340   2.25950e+08    21   2.28175e+08   2.25950e+08   123762    0.97%
  31471 14340   2.25950e+08    21   2.28175e+08   2.25950e+08   123763    0.97%
  31472 14341   2.25950e+08    20   2.28175e+08   2.25950e+08   123764    0.97%
  31473 14342   2.25950e+08    21   2.28175e+08   2.25950e+08   123765    0.97%
  31474 14343   2.25950e+08    21   2.28175e+08   2.25950e+08   123767    0.97%
  31475 14343   2.25950e+08    21   2.28175e+08   2.25950e+08   123768    0.97%
  31476 14344   2.25950e+08    21   2.28175e+08   2.25950e+08   123769    0.97%
  31477 14345   2.25950e+08    22   2.28175e+08   2.25950e+08   123782    0.97%
  31478 14346   2.25950e+08    22   2.28175e+08   2.25950e+08   123788    0.97%
  31479 14347   2.25950e+08    22   2.28175e+08   2.25950e+08   123789    0.97%
Elapsed time = 70.02 sec. (64338.68 ticks, tree = 120.64 MB, solutions = 13)
  33660 15552   2.25950e+08    24   2.28175e+08   2.25950e+08   133732    0.97%
  33661 15553   2.25950e+08    24   2.28175e+08   2.25950e+08   133735    0.97%
  33662 15554   2.25950e+08    24   2.28175e+08   2.25950e+08   133737    0.97%
  33663 15555   2.25950e+08    24   2.28175e+08   2.25950e+08   133738    0.97%
  33664 15555   2.25950e+08    24   2.28175e+08   2.25950e+08   133739    0.97%
  33665 15556   2.25950e+08    24   2.28175e+08   2.25950e+08   133740    0.97%
  33666 15556   2.25950e+08    24   2.28175e+08   2.25950e+08   133758    0.97%
  33667 15556   2.25950e+08    24   2.28175e+08   2.25950e+08   133769    0.97%
  33668 15557   2.25950e+08    24   2.28175e+08   2.25950e+08   133770    0.97%
  33669 15558   2.25950e+08    24   2.28175e+08   2.25950e+08   133775    0.97%
Elapsed time = 74.38 sec. (68167.86 ticks, tree = 131.60 MB, solutions = 13)
  35596 16610   2.27516e+08    19   2.28175e+08   2.25950e+08   144572    0.97%
  35597 16611   2.27516e+08    19   2.28175e+08   2.25950e+08   144574    0.97%
  35598 16611   2.27516e+08    19   2.28175e+08   2.25950e+08   144576    0.97%
  35599 16612   2.27516e+08    20   2.28175e+08   2.25950e+08   144577    0.97%
  35600 16613   2.27516e+08    20   2.28175e+08   2.25950e+08   144579    0.97%
  35601 16614   2.27516e+08    20   2.28175e+08   2.25950e+08   144581    0.97%
  35602 16615   2.27516e+08    20   2.28175e+08   2.25950e+08   144583    0.97%
  35603 16615   2.27516e+08    20   2.28175e+08   2.25950e+08   144584    0.97%
  35604 16616   2.27516e+08    19   2.28175e+08   2.25950e+08   144585    0.97%
  35605 16616   2.27516e+08    22   2.28175e+08   2.25950e+08   144589    0.97%
Elapsed time = 78.57 sec. (72001.23 ticks, tree = 141.40 MB, solutions = 13)
  37744 17780   2.25950e+08    23   2.28175e+08   2.25950e+08   155709    0.97%
  37745 17781   2.25950e+08    22   2.28175e+08   2.25950e+08   155750    0.97%
  37746 17782   2.25950e+08    23   2.28175e+08   2.25950e+08   155752    0.97%
  37747 17782   2.25950e+08    22   2.28175e+08   2.25950e+08   155753    0.97%
  37748 17783   2.25950e+08    23   2.28175e+08   2.25950e+08   155760    0.97%
  37749 17784   2.25950e+08    17   2.28175e+08   2.25950e+08   155761    0.97%
  37750 17784   2.25950e+08    17   2.28175e+08   2.25950e+08   155762    0.97%
  37751 17785   2.25950e+08    17   2.28175e+08   2.25950e+08   155766    0.97%
  37752 17786   2.25950e+08    18   2.28175e+08   2.25950e+08   155767    0.97%
  37753 17787   2.25950e+08    20   2.28175e+08   2.25950e+08   155785    0.97%
Elapsed time = 82.89 sec. (75839.69 ticks, tree = 152.63 MB, solutions = 13)
  40082 19538   2.27640e+08    17   2.28175e+08   2.25950e+08   165967    0.97%
  40083 19539   2.27640e+08    17   2.28175e+08   2.25950e+08   165968    0.97%
  40084 19540   2.27640e+08    17   2.28175e+08   2.25950e+08   165969    0.97%
  40085 19541   2.27640e+08    17   2.28175e+08   2.25950e+08   165970    0.97%
  40086 19542   2.27640e+08    16   2.28175e+08   2.25950e+08   165973    0.97%
  40087 19543   2.27640e+08    17   2.28175e+08   2.25950e+08   165980    0.97%
  40088 19544   2.27640e+08    17   2.28175e+08   2.25950e+08   165981    0.97%
  40089 19545   2.27640e+08    17   2.28175e+08   2.25950e+08   165983    0.97%
  40090 19546   2.27640e+08    17   2.28175e+08   2.25950e+08   165985    0.97%
  40091 19547   2.27640e+08    16   2.28175e+08   2.25950e+08   165988    0.97%
Elapsed time = 87.33 sec. (79666.80 ticks, tree = 168.20 MB, solutions = 13)
  42453 21902   2.25950e+08    21   2.28175e+08   2.25950e+08   175629    0.97%
  42454 21903   2.25950e+08    21   2.28175e+08   2.25950e+08   175630    0.97%
  42455 21904   2.25950e+08    20   2.28175e+08   2.25950e+08   175631    0.97%
  42456 21905   2.25950e+08    20   2.28175e+08   2.25950e+08   175632    0.97%
  42457 21906   2.25950e+08    20   2.28175e+08   2.25950e+08   175633    0.97%
  42458 21907   2.25950e+08    20   2.28175e+08   2.25950e+08   175634    0.97%
  42459 21908   2.25950e+08    20   2.28175e+08   2.25950e+08   175635    0.97%
  42460 21909   2.25950e+08    20   2.28175e+08   2.25950e+08   175636    0.97%
  42461 21910   2.25950e+08    20   2.28175e+08   2.25950e+08   175637    0.97%
  42462 21911   2.25950e+08    20   2.28175e+08   2.25950e+08   175639    0.97%
Elapsed time = 91.81 sec. (83493.29 ticks, tree = 188.78 MB, solutions = 13)
  44940 24389   2.25950e+08    21   2.28175e+08   2.25950e+08   184066    0.97%
  44941 24390   2.25950e+08    21   2.28175e+08   2.25950e+08   184068    0.97%
  44942 24391   2.25950e+08    21   2.28175e+08   2.25950e+08   184069    0.97%
  44943 24392   2.25950e+08    21   2.28175e+08   2.25950e+08   184070    0.97%
  44944 24393   2.25950e+08    21   2.28175e+08   2.25950e+08   184071    0.97%
  44945 24394   2.25950e+08    21   2.28175e+08   2.25950e+08   184073    0.97%
  44946 24395   2.25950e+08    21   2.28175e+08   2.25950e+08   184074    0.97%
  44947 24396   2.25950e+08    21   2.28175e+08   2.25950e+08   184075    0.97%
  44948 24397   2.25950e+08    22   2.28175e+08   2.25950e+08   184076    0.97%
  44949 24398   2.25950e+08    16   2.28175e+08   2.25950e+08   184077    0.97%
Elapsed time = 96.32 sec. (87320.67 ticks, tree = 210.40 MB, solutions = 13)
  47471 26893   2.25950e+08    21   2.28175e+08   2.25950e+08   193144    0.97%
  47472 26894   2.25950e+08    21   2.28175e+08   2.25950e+08   193150    0.97%
  47473 26895   2.25950e+08    21   2.28175e+08   2.25950e+08   193151    0.97%
  47474 26896   2.25950e+08    21   2.28175e+08   2.25950e+08   193155    0.97%
  47475 26897   2.25950e+08    21   2.28175e+08   2.25950e+08   193156    0.97%
  47476 26898   2.25950e+08    21   2.28175e+08   2.25950e+08   193166    0.97%
  47477 26899   2.25950e+08    21   2.28175e+08   2.25950e+08   193167    0.97%
  47478 26900   2.25950e+08    21   2.28175e+08   2.25950e+08   193168    0.97%
  47479 26901   2.25950e+08    21   2.28175e+08   2.25950e+08   193171    0.97%
  47480 26902   2.25950e+08    21   2.28175e+08   2.25950e+08   193178    0.97%
Elapsed time = 100.79 sec. (91149.68 ticks, tree = 232.11 MB, solutions = 13)
  49982 29395   2.25950e+08    21   2.28175e+08   2.25950e+08   202354    0.97%
  49983 29396   2.25950e+08    21   2.28175e+08   2.25950e+08   202356    0.97%
  49984 29397   2.25950e+08    21   2.28175e+08   2.25950e+08   202357    0.97%
  49985 29398   2.25950e+08    21   2.28175e+08   2.25950e+08   202359    0.97%
  49986 29399   2.25950e+08    21   2.28175e+08   2.25950e+08   202360    0.97%
  49987 29400   2.25950e+08    20   2.28175e+08   2.25950e+08   202368    0.97%
  49988 29401   2.25950e+08    20   2.28175e+08   2.25950e+08   202371    0.97%
  49989 29402   2.25950e+08    21   2.28175e+08   2.25950e+08   202373    0.97%
  49990 29403   2.25950e+08    21   2.28175e+08   2.25950e+08   202376    0.97%
  49991 29404   2.25950e+08    21   2.28175e+08   2.25950e+08   202380    0.97%
Elapsed time = 105.30 sec. (94979.21 ticks, tree = 253.83 MB, solutions = 13)
  52451 31836   2.26297e+08    22   2.28175e+08   2.25950e+08   212547    0.97%
  52452 31836   2.26297e+08    22   2.28175e+08   2.25950e+08   212548    0.97%
  52453 31837   2.26297e+08    22   2.28175e+08   2.25950e+08   212551    0.97%
  52454 31837   2.26297e+08    22   2.28175e+08   2.25950e+08   212553    0.97%
  52455 31837   2.26297e+08    21   2.28175e+08   2.25950e+08   212555    0.97%
  52456 31837   2.26297e+08    22   2.28175e+08   2.25950e+08   212560    0.97%
  52457 31837   2.26297e+08    22   2.28175e+08   2.25950e+08   212562    0.97%
  52458 31837   2.26297e+08    22   2.28175e+08   2.25950e+08   212564    0.97%
  52459 31837   2.26297e+08    22   2.28175e+08   2.25950e+08   212565    0.97%
  52460 31837   2.26297e+08    22   2.28175e+08   2.25950e+08   212566    0.97%
Elapsed time = 109.79 sec. (98804.65 ticks, tree = 274.98 MB, solutions = 13)
  54814 34093   2.27972e+08    21   2.28175e+08   2.25950e+08   223602    0.97%
  54815 34094   2.27972e+08    21   2.28175e+08   2.25950e+08   223603    0.97%
  54816 34095   2.27972e+08    20   2.28175e+08   2.25950e+08   223604    0.97%
  54817 34096   2.27972e+08    20   2.28175e+08   2.25950e+08   223605    0.97%
  54818 34097   2.27972e+08    21   2.28175e+08   2.25950e+08   223606    0.97%
  54819 34098   2.27972e+08    21   2.28175e+08   2.25950e+08   223607    0.97%
  54820 34099   2.27972e+08    21   2.28175e+08   2.25950e+08   223608    0.97%
  54821 34100   2.27972e+08    21   2.28175e+08   2.25950e+08   223609    0.97%
  54822 34101   2.27972e+08    21   2.28175e+08   2.25950e+08   223613    0.97%
  54823 34102   2.27972e+08    20   2.28175e+08   2.25950e+08   223615    0.97%
Elapsed time = 114.02 sec. (102630.23 ticks, tree = 295.83 MB, solutions = 13)
  57036 36214   2.25950e+08    12   2.28175e+08   2.25950e+08   239390    0.97%
  57037 36215   2.25950e+08    13   2.28175e+08   2.25950e+08   239418    0.97%
  57038 36216   2.25950e+08    12   2.28175e+08   2.25950e+08   239447    0.97%
  57039 36217   2.25950e+08    12   2.28175e+08   2.25950e+08   239448    0.97%
  57040 36218   2.25950e+08    14   2.28175e+08   2.25950e+08   239449    0.97%
  57041 36219   2.25950e+08    12   2.28175e+08   2.25950e+08   239450    0.97%
  57042 36220   2.25950e+08    12   2.28175e+08   2.25950e+08   239472    0.97%
  57043 36221   2.25950e+08    13   2.28175e+08   2.25950e+08   239484    0.97%
  57044 36222   2.25950e+08    16   2.28175e+08   2.25950e+08   239487    0.97%
  57045 36223   2.25950e+08    17   2.28175e+08   2.25950e+08   239499    0.97%
Elapsed time = 118.21 sec. (106459.62 ticks, tree = 314.88 MB, solutions = 13)
  59261 38224   2.26576e+08    14   2.28175e+08   2.25950e+08   258095    0.97%
  59262 38225   2.26576e+08    13   2.28175e+08   2.25950e+08   258101    0.97%
  59263 38226   2.26576e+08    14   2.28175e+08   2.25950e+08   258102    0.97%
  59264 38227   2.26576e+08    14   2.28175e+08   2.25950e+08   258110    0.97%
  59265 38228   2.26576e+08    14   2.28175e+08   2.25950e+08   258120    0.97%
  59266 38229   2.26576e+08    15   2.28175e+08   2.25950e+08   258123    0.97%
  59267 38230   2.26576e+08    15   2.28175e+08   2.25950e+08   258124    0.97%
  59268 38231   2.26576e+08    15   2.28175e+08   2.25950e+08   258125    0.97%
  59269 38232   2.26576e+08    15   2.28175e+08   2.25950e+08   258129    0.97%
  59270 38233   2.26576e+08    15   2.28175e+08   2.25950e+08   258134    0.97%
Elapsed time = 122.42 sec. (110299.04 ticks, tree = 333.29 MB, solutions = 13)
* 59637+35175                       2.27240e+08   2.25950e+08             0.57%
* 61070 36368      integral     0   2.27239e+08   2.25950e+08   268866    0.57%
* 61227+35561                       2.26667e+08   2.25950e+08             0.32%
* 61247+35565                       2.26654e+08   2.25950e+08             0.31%
* 61247+35241                       2.26544e+08   2.25950e+08             0.26%
* 61247+35209                       2.26503e+08   2.25950e+08             0.24%
* 61257+35198                       2.26491e+08   2.25950e+08             0.24%
* 61347+34926                       2.26450e+08   2.25950e+08             0.22%
  61420 34959   2.25987e+08     6   2.26450e+08   2.25950e+08   270115    0.22%
  61421 34960   2.25987e+08     6   2.26450e+08   2.25950e+08   270116    0.22%
  61422 34961   2.25987e+08     6   2.26450e+08   2.25950e+08   270117    0.22%
  61423 34962   2.25987e+08     6   2.26450e+08   2.25950e+08   270118    0.22%
  61424 34963   2.25999e+08     4   2.26450e+08   2.25950e+08   270119    0.22%
  61425 34962    infeasible         2.26450e+08   2.25950e+08   270125    0.22%
  61426 34961    infeasible         2.26450e+08   2.25950e+08   270125    0.22%
  61427 34962   2.26171e+08    11   2.26450e+08   2.25950e+08   270133    0.22%
  61428 34963   2.26208e+08     9   2.26450e+08   2.25950e+08   270137    0.22%
  61429 34964   2.26411e+08     8   2.26450e+08   2.25950e+08   270150    0.22%
Elapsed time = 126.53 sec. (114123.82 ticks, tree = 305.44 MB, solutions = 21)
* 61647+35097                       2.26450e+08   2.25950e+08             0.22%
* 61647+35057                       2.26429e+08   2.25950e+08             0.21%
* 61747+34952                       2.26409e+08   2.25950e+08             0.20%
* 62126 34655      integral     0   2.26331e+08   2.25950e+08   272531    0.17%
* 62147+34593                       2.26315e+08   2.25950e+08             0.16%
* 62297 34674      integral     0   2.26314e+08   2.25950e+08   273180    0.16%
* 62347+34414                       2.26270e+08   2.25950e+08             0.14%
* 62647+34541                       2.26261e+08   2.25950e+08             0.14%
* 62999 34614      integral     0   2.26249e+08   2.25950e+08   275962    0.13%
* 63020 34586      integral     0   2.26245e+08   2.25950e+08   276034    0.13%
  64204 35075   2.25969e+08    15   2.26245e+08   2.25950e+08   280743    0.13%
  64205 35074    infeasible         2.26245e+08   2.25950e+08   280751    0.13%
  64206 35073        cutoff         2.26245e+08   2.25950e+08   280756    0.13%
  64207 35074   2.26171e+08     9   2.26245e+08   2.25950e+08   280762    0.13%
  64208 35075   2.26171e+08     9   2.26245e+08   2.25950e+08   280765    0.13%
  64209 35076   2.26171e+08     8   2.26245e+08   2.25950e+08   280766    0.13%
  64210 35077   2.26171e+08    11   2.26245e+08   2.25950e+08   280768    0.13%
  64211 35078   2.26171e+08    11   2.26245e+08   2.25950e+08   280777    0.13%
  64212 35079   2.26171e+08    11   2.26245e+08   2.25950e+08   280779    0.13%
  64213 35080   2.26171e+08    11   2.26245e+08   2.25950e+08   280781    0.13%
Elapsed time = 130.55 sec. (117949.75 ticks, tree = 307.36 MB, solutions = 31)
* 65191 33857      integral     0   2.26171e+08   2.25950e+08   284748    0.10%
* 65271 33809      integral     0   2.26155e+08   2.25950e+08   285106    0.09%
* 65371+33398                       2.26110e+08   2.25950e+08             0.07%
* 65371+33126                       2.26089e+08   2.25950e+08             0.06%
  67054 34522    infeasible         2.26089e+08   2.25950e+08   296519    0.06%
  67055 34523   2.25950e+08     9   2.26089e+08   2.25950e+08   296521    0.06%
  67056 34524   2.25950e+08    14   2.26089e+08   2.25950e+08   296531    0.06%
  67057 34525   2.25950e+08    12   2.26089e+08   2.25950e+08   296532    0.06%
  67058 34526   2.25950e+08    11   2.26089e+08   2.25950e+08   296537    0.06%
  67059 34527   2.25950e+08    13   2.26089e+08   2.25950e+08   296538    0.06%
  67060 34528   2.25950e+08    12   2.26089e+08   2.25950e+08   296541    0.06%
  67061 34529   2.25950e+08    14   2.26089e+08   2.25950e+08   296545    0.06%
  67062 34529   2.26048e+08     9   2.26089e+08   2.25950e+08   296553    0.06%
  67063 34529   2.26048e+08    10   2.26089e+08   2.25950e+08   296557    0.06%
Elapsed time = 134.71 sec. (121779.36 ticks, tree = 302.77 MB, solutions = 35)
  69985 36494    infeasible         2.26089e+08   2.25950e+08   306741    0.06%
  69986 36493    infeasible         2.26089e+08   2.25950e+08   306741    0.06%
  69987 36492    infeasible         2.26089e+08   2.25950e+08   306741    0.06%
  69988 36491    infeasible         2.26089e+08   2.25950e+08   306741    0.06%
  69989 36492   2.25950e+08    13   2.26089e+08   2.25950e+08   306745    0.06%
  69990 36491    infeasible         2.26089e+08   2.25950e+08   306745    0.06%
  69991 36490    infeasible         2.26089e+08   2.25950e+08   306745    0.06%
  69992 36489    infeasible         2.26089e+08   2.25950e+08   306745    0.06%
  69993 36488    infeasible         2.26089e+08   2.25950e+08   306745    0.06%
  69994 36487    infeasible         2.26089e+08   2.25950e+08   306745    0.06%
Elapsed time = 138.81 sec. (125599.40 ticks, tree = 321.27 MB, solutions = 35)
  73053 38138   2.25950e+08    12   2.26089e+08   2.25950e+08   317879    0.06%
  73054 38139   2.25950e+08    16   2.26089e+08   2.25950e+08   317880    0.06%
  73055 38140   2.25950e+08    14   2.26089e+08   2.25950e+08   317881    0.06%
  73056 38141   2.25950e+08    12   2.26089e+08   2.25950e+08   317882    0.06%
  73057 38142   2.25950e+08    12   2.26089e+08   2.25950e+08   317884    0.06%
  73058 38143   2.25950e+08    12   2.26089e+08   2.25950e+08   317885    0.06%
  73059 38144   2.25950e+08    16   2.26089e+08   2.25950e+08   317886    0.06%
  73060 38145   2.25950e+08    14   2.26089e+08   2.25950e+08   317887    0.06%
  73061 38146   2.25950e+08    12   2.26089e+08   2.25950e+08   317888    0.06%
  73062 38147   2.25950e+08    12   2.26089e+08   2.25950e+08   317890    0.06%
Elapsed time = 142.89 sec. (129424.86 ticks, tree = 336.97 MB, solutions = 35)
  76100 39684    infeasible         2.26089e+08   2.25950e+08   328973    0.06%
  76101 39683    infeasible         2.26089e+08   2.25950e+08   328973    0.06%
  76102 39682        cutoff         2.26089e+08   2.25950e+08   328980    0.06%
  76103 39681    infeasible         2.26089e+08   2.25950e+08   328980    0.06%
  76104 39682   2.25999e+08    19   2.26089e+08   2.25950e+08   328987    0.06%
  76105 39681    infeasible         2.26089e+08   2.25950e+08   329001    0.06%
  76106 39680    infeasible         2.26089e+08   2.25950e+08   329001    0.06%
  76107 39679        cutoff         2.26089e+08   2.25950e+08   329008    0.06%
  76108 39678        cutoff         2.26089e+08   2.25950e+08   329021    0.06%
  76109 39679   2.26085e+08    18   2.26089e+08   2.25950e+08   329037    0.06%
Elapsed time = 146.96 sec. (133251.01 ticks, tree = 351.48 MB, solutions = 35)
  79135 41629   2.25950e+08    14   2.26089e+08   2.25950e+08   339996    0.06%
  79136 41630   2.25950e+08    14   2.26089e+08   2.25950e+08   339998    0.06%
  79137 41631   2.25950e+08    14   2.26089e+08   2.25950e+08   339999    0.06%
  79138 41632   2.25950e+08    16   2.26089e+08   2.25950e+08   340002    0.06%
  79139 41633   2.25950e+08    18   2.26089e+08   2.25950e+08   340003    0.06%
  79140 41634   2.25950e+08    16   2.26089e+08   2.25950e+08   340004    0.06%
  79141 41635   2.25950e+08    14   2.26089e+08   2.25950e+08   340005    0.06%
  79142 41636   2.25981e+08    15   2.26089e+08   2.25950e+08   340021    0.06%
  79143 41635    infeasible         2.26089e+08   2.25950e+08   340021    0.06%
  79144 41634    infeasible         2.26089e+08   2.25950e+08   340021    0.06%
Elapsed time = 150.43 sec. (137076.91 ticks, tree = 369.92 MB, solutions = 35)
  82146 43563   2.26073e+08    19   2.26089e+08   2.25950e+08   349986    0.06%
  82147 43564   2.26073e+08    19   2.26089e+08   2.25950e+08   349991    0.06%
  82148 43565   2.26085e+08    12   2.26089e+08   2.25950e+08   349999    0.06%
  82149 43564    infeasible         2.26089e+08   2.25950e+08   349999    0.06%
  82150 43563    infeasible         2.26089e+08   2.25950e+08   349999    0.06%
  82151 43564   2.25950e+08    10   2.26089e+08   2.25950e+08   350001    0.06%
  82152 43565   2.25950e+08     9   2.26089e+08   2.25950e+08   350002    0.06%
  82153 43566   2.25950e+08    12   2.26089e+08   2.25950e+08   350006    0.06%
  82154 43567   2.25950e+08    11   2.26089e+08   2.25950e+08   350011    0.06%
  82155 43568   2.25950e+08    11   2.26089e+08   2.25950e+08   350012    0.06%
Elapsed time = 153.48 sec. (140901.96 ticks, tree = 388.24 MB, solutions = 35)
* 83747+42270                       2.26032e+08   2.25950e+08             0.04%
* 83847+41108                       2.25995e+08   2.25950e+08             0.02%
* 84047+40807                       2.25987e+08   2.25950e+08             0.02%
  85075 41538   2.25950e+08    13   2.25987e+08   2.25950e+08   359371    0.02%
  85076 41539   2.25950e+08    13   2.25987e+08   2.25950e+08   359372    0.02%
  85077 41540   2.25950e+08    13   2.25987e+08   2.25950e+08   359374    0.02%
  85078 41541   2.25950e+08    13   2.25987e+08   2.25950e+08   359375    0.02%
  85079 41542   2.25950e+08    15   2.25987e+08   2.25950e+08   359378    0.02%
  85080 41543   2.25950e+08    17   2.25987e+08   2.25950e+08   359379    0.02%
  85081 41544   2.25950e+08    15   2.25987e+08   2.25950e+08   359380    0.02%
  85082 41545   2.25950e+08    13   2.25987e+08   2.25950e+08   359381    0.02%
  85083 41545   2.25981e+08    14   2.25987e+08   2.25950e+08   359396    0.02%
  85084 41544    infeasible         2.25987e+08   2.25950e+08   359396    0.02%
Elapsed time = 156.32 sec. (144727.06 ticks, tree = 370.26 MB, solutions = 38)
  88129 43518   2.25950e+08    12   2.25987e+08   2.25950e+08   368975    0.02%
  88130 43519   2.25950e+08    11   2.25987e+08   2.25950e+08   368977    0.02%
  88131 43520   2.25950e+08    11   2.25987e+08   2.25950e+08   368978    0.02%
  88132 43521   2.25950e+08    11   2.25987e+08   2.25950e+08   368980    0.02%
  88133 43522   2.25950e+08    11   2.25987e+08   2.25950e+08   368981    0.02%
  88134 43523   2.25950e+08    11   2.25987e+08   2.25950e+08   368982    0.02%
  88135 43524   2.25950e+08    11   2.25987e+08   2.25950e+08   368983    0.02%
  88136 43525   2.25950e+08    12   2.25987e+08   2.25950e+08   368984    0.02%
  88137 43526   2.25950e+08    12   2.25987e+08   2.25950e+08   368985    0.02%
  88138 43527   2.25950e+08    14   2.25987e+08   2.25950e+08   368989    0.02%
Elapsed time = 158.98 sec. (148552.95 ticks, tree = 389.05 MB, solutions = 38)
  91693 42565   2.25950e+08    15   2.25987e+08   2.25950e+08   384723    0.02%
  91694 42566   2.25950e+08    16   2.25987e+08   2.25950e+08   384725    0.02%
  91695 42567   2.25950e+08    16   2.25987e+08   2.25950e+08   384727    0.02%
  91696 42568   2.25950e+08    16   2.25987e+08   2.25950e+08   384728    0.02%
  91697 42569   2.25950e+08    16   2.25987e+08   2.25950e+08   384730    0.02%
  91698 42570   2.25950e+08    16   2.25987e+08   2.25950e+08   384731    0.02%
  91699 42571   2.25950e+08    17   2.25987e+08   2.25950e+08   384733    0.02%
  91700 42572   2.25950e+08    16   2.25987e+08   2.25950e+08   384734    0.02%
  91701 42573   2.25969e+08    16   2.25987e+08   2.25950e+08   384741    0.02%
  91702 42574   2.25969e+08    16   2.25987e+08   2.25950e+08   384742    0.02%
Elapsed time = 161.75 sec. (152378.06 ticks, tree = 379.93 MB, solutions = 38)
* 94617+    1                       2.25950e+08   2.25950e+08             0.00%

Mixed integer rounding cuts applied:  3

Root node processing (before b&c):
  Real time             =    0.52 sec. (469.31 ticks)
Sequential b&c:
  Real time             =  164.00 sec. (155895.91 ticks)
                          ------------
Total (root+branch&cut) =  164.52 sec. (156365.22 ticks)

Solution pool: 39 solutions saved.

MIP - Integer optimal solution:  Objective =  2.2595024100e+08
Solution time =  164.52 sec.  Iterations = 397214  Nodes = 94617
Deterministic time = 156365.23 ticks  (950.43 ticks/sec)


Incumbent solution written to file '/tmp/tmpEWGm7X.cplex.sol'.
