
Gurobi 6.5.2 (linux64) logging started Sat Mar  3 06:01:33 2018

Changed value of parameter LogFile to data/solutions/planning/wellformed/intermediate/weighting/wellformed_intermediate_instance46_gurobi.log
   Prev: gurobi.log  Default: 
Changed value of parameter Threads to 1
   Prev: 0  Min: 0  Max: 1024  Default: 0
Optimize a model with 424 rows, 4813 columns and 9635 nonzeros
Coefficient statistics:
  Matrix range    [1e+00, 1e+04]
  Objective range [1e+00, 2e+03]
  Bounds range    [1e+00, 1e+00]
  RHS range       [1e+00, 1e+00]
Presolve removed 3 rows and 3 columns
Presolve time: 0.01s
Presolved: 421 rows, 4810 columns, 9630 nonzeros
Variable types: 0 continuous, 4810 integer (4800 binary)
Found heuristic solution: objective 3.893275e+09

Root relaxation: objective 6.487207e+08, 620 iterations, 0.01 seconds

    Nodes    |    Current Node    |     Objective Bounds      |     Work
 Expl Unexpl |  Obj  Depth IntInf | Incumbent    BestBd   Gap | It/Node Time

     0     0 6.4872e+08    0   28 3.8933e+09 6.4872e+08  83.3%     -    0s
H    0     0                    7.916723e+08 6.4872e+08  18.1%     -    0s
     0     0 6.4872e+08    0   40 7.9167e+08 6.4872e+08  18.1%     -    0s
     0     0 6.4872e+08    0   41 7.9167e+08 6.4872e+08  18.1%     -    0s
     0     0 6.4872e+08    0   45 7.9167e+08 6.4872e+08  18.1%     -    0s
     0     0 6.4872e+08    0   40 7.9167e+08 6.4872e+08  18.1%     -    0s
H    0     0                    7.505796e+08 6.4872e+08  13.6%     -    0s
H    0     0                    7.202267e+08 6.4872e+08  9.93%     -    0s
H    0     0                    6.656391e+08 6.4872e+08  2.54%     -    0s
     0     2 6.4872e+08    0   33 6.6564e+08 6.4872e+08  2.54%     -    0s
H  359   359                    6.625589e+08 6.4872e+08  2.09%   2.7    0s
H  770   720                    6.552715e+08 6.4872e+08  1.00%   8.3    2s
H  872   752                    6.552692e+08 6.4872e+08  1.00%   8.3    2s
H  993   799                    6.552623e+08 6.4872e+08  1.00%   7.7    3s
H 1683  1117                    6.551970e+08 6.4872e+08  0.99%   5.5    4s
H 1881  1218                    6.551847e+08 6.4872e+08  0.99%   5.3    4s
  2067  1338 6.4880e+08  711   15 6.5518e+08 6.4872e+08  0.99%   5.1    5s
H 2650  1449                    6.533458e+08 6.4872e+08  0.71%   4.7    5s
H 2979  1752                    6.531534e+08 6.4872e+08  0.68%   4.5    6s
  5757  4384 6.4875e+08  752   16 6.5315e+08 6.4872e+08  0.68%   4.0   10s
H 5958  4583                    6.531528e+08 6.4872e+08  0.68%   4.0   10s
 10331  8737 6.4880e+08  417   18 6.5315e+08 6.4872e+08  0.68%   4.1   15s
H11694 10083                    6.531316e+08 6.4872e+08  0.68%   4.1   16s
H13021 11372                    6.531204e+08 6.4872e+08  0.67%   4.2   17s
H13565 11898                    6.531137e+08 6.4872e+08  0.67%   4.2   17s
H14288 12599                    6.531129e+08 6.4872e+08  0.67%   4.2   18s
 15834 14052 6.4925e+08  468   14 6.5311e+08 6.4872e+08  0.67%   4.3   20s
 20404 18466 6.4878e+08  549   17 6.5311e+08 6.4872e+08  0.67%   4.4   25s
H21571 19628                    6.531128e+08 6.4872e+08  0.67%   4.4   26s
H21847 19871                    6.531121e+08 6.4872e+08  0.67%   4.4   26s
H23434 21428                    6.530998e+08 6.4872e+08  0.67%   4.4   27s
 25506 23498 6.4920e+08  944   16 6.5310e+08 6.4872e+08  0.67%   4.4   30s
H29591 27396                    6.530963e+08 6.4872e+08  0.67%   4.4   33s
 30860 28632 6.4878e+08  749   19 6.5310e+08 6.4872e+08  0.67%   4.5   35s
 36273 33783 6.4872e+08  479   19 6.5310e+08 6.4872e+08  0.67%   4.5   40s
 40356 37701 6.4872e+08  826   18 6.5310e+08 6.4872e+08  0.67%   4.6   45s
H41300 38635                    6.530844e+08 6.4872e+08  0.67%   4.6   46s
 44319 41560 6.4872e+08  948   15 6.5308e+08 6.4872e+08  0.67%   4.7   50s
H44952 42167                    6.530780e+08 6.4872e+08  0.67%   4.7   50s
H45195 42370                    6.530774e+08 6.4872e+08  0.67%   4.8   51s
H46057 43066                    6.530748e+08 6.4872e+08  0.67%   4.8   52s
 48155 45032 6.4872e+08 1394   18 6.5307e+08 6.4872e+08  0.67%   4.9   55s
 52505 49088 6.4872e+08 1512   18 6.5307e+08 6.4872e+08  0.67%   4.9   60s
H53967 50462                    6.530489e+08 6.4872e+08  0.66%   5.0   61s
 56867 53128 6.4872e+08  829   16 6.5305e+08 6.4872e+08  0.66%   5.0   65s
H57820 54079                    6.530358e+08 6.4872e+08  0.66%   5.0   66s
H57847 54106                    6.530353e+08 6.4872e+08  0.66%   5.0   66s
 60468 56330 6.4872e+08 1306   18 6.5304e+08 6.4872e+08  0.66%   5.1   70s
H61173 56839                    6.530312e+08 6.4872e+08  0.66%   5.1   70s
 64012 59276 6.4872e+08 1326   16 6.5303e+08 6.4872e+08  0.66%   5.2   75s
H64235 59443                    6.529670e+08 6.4872e+08  0.65%   5.2   75s
H67778 62489                    6.528512e+08 6.4872e+08  0.63%   5.2   78s
 68854 63413 6.4872e+08 1460   18 6.5285e+08 6.4872e+08  0.63%   5.3   80s
H70131 64278                    6.514803e+08 6.4872e+08  0.42%   5.3   81s
H71592 65359                    6.514544e+08 6.4872e+08  0.42%   5.3   83s
 72750 66143 6.4872e+08 1489   18 6.5145e+08 6.4872e+08  0.42%   5.3   85s
H76068 66845                    6.513659e+08 6.4872e+08  0.41%   5.4   89s
H76313 66860                    6.513654e+08 6.4872e+08  0.41%   5.4   89s
 76365 66854 6.4872e+08 1495   10 6.5137e+08 6.4872e+08  0.41%   5.4   90s
H79044 66917                    6.513532e+08 6.4872e+08  0.40%   5.4   93s
H79734 67214                    6.513483e+08 6.4872e+08  0.40%   5.5   94s
 79789 67247 6.4872e+08 1517   10 6.5135e+08 6.4872e+08  0.40%   5.5   95s
H80925 67384                    6.513290e+08 6.4872e+08  0.40%   5.5   96s
 83371 67514 infeasible 1531      6.5133e+08 6.4872e+08  0.40%   5.5  100s
 86774 67856 6.4872e+08 1491   14 6.5133e+08 6.4872e+08  0.40%   5.6  105s
 90642 69476 6.4872e+08 1404   14 6.5133e+08 6.4872e+08  0.40%   5.6  110s
H93294 71249                    6.513100e+08 6.4872e+08  0.40%   5.6  113s
 93791 71568 6.4872e+08 1510   15 6.5131e+08 6.4872e+08  0.40%   5.6  115s
H96614 73836                    6.512960e+08 6.4872e+08  0.40%   5.6  119s
 97182 74262 6.4872e+08 1172   16 6.5130e+08 6.4872e+08  0.40%   5.6  120s
H98270 75132                    6.512958e+08 6.4872e+08  0.40%   5.6  121s
H98625 75338                    6.501378e+08 6.4872e+08  0.22%   5.6  121s
H99554 76083                    6.501259e+08 6.4872e+08  0.22%   5.6  123s
 101390 77309 6.4872e+08 1394   16 6.5013e+08 6.4872e+08  0.22%   5.6  125s
H103152 78725                    6.501236e+08 6.4872e+08  0.22%   5.6  126s
H103333 78888                    6.501235e+08 6.4872e+08  0.22%   5.6  127s
 105856 80933 6.4872e+08 1132   17 6.5012e+08 6.4872e+08  0.22%   5.6  130s
H107251 82068                    6.501175e+08 6.4872e+08  0.21%   5.6  131s
H107585 82396                    6.501088e+08 6.4872e+08  0.21%   5.6  131s
H108055 82824                    6.501087e+08 6.4872e+08  0.21%   5.6  132s
H108503 83146                    6.501062e+08 6.4872e+08  0.21%   5.5  132s
H109182 83643                    6.501021e+08 6.4872e+08  0.21%   5.5  133s
 110768 84575 infeasible 1295      6.5010e+08 6.4872e+08  0.21%   5.5  135s
H113440 85626                    6.500948e+08 6.4872e+08  0.21%   5.5  137s
 116093 85953 6.4872e+08 1308   10 6.5009e+08 6.4872e+08  0.21%   5.5  140s
 121075 86107 6.4872e+08 1318   12 6.5009e+08 6.4872e+08  0.21%   5.4  145s
 125615 86279 6.4872e+08 1323   11 6.5009e+08 6.4872e+08  0.21%   5.4  150s
H126568 86328                    6.500944e+08 6.4872e+08  0.21%   5.3  151s
H129253 86309                    6.500922e+08 6.4872e+08  0.21%   5.3  154s
 129863 86325 6.4872e+08 1325   11 6.5009e+08 6.4872e+08  0.21%   5.3  155s
 135018 86334 6.4872e+08 1353   12 6.5009e+08 6.4872e+08  0.21%   5.3  160s
 140321 86456 infeasible 1336      6.5009e+08 6.4872e+08  0.21%   5.2  165s
 145403 86752 6.4872e+08 1325   12 6.5009e+08 6.4872e+08  0.21%   5.2  170s
 150446 86739 6.4872e+08 1336   11 6.5009e+08 6.4872e+08  0.21%   5.1  175s
H153877 86768                    6.500718e+08 6.4872e+08  0.21%   5.1  178s
 155615 86768 infeasible 1333      6.5007e+08 6.4872e+08  0.21%   5.1  180s
H159742 86991                    6.500717e+08 6.4872e+08  0.21%   5.0  183s
 161265 87040 6.4872e+08 1335   11 6.5007e+08 6.4872e+08  0.21%   5.0  185s
 166499 87243 6.4872e+08 1315   12 6.5007e+08 6.4872e+08  0.21%   5.0  190s
 171451 87595 6.4872e+08 1322   12 6.5007e+08 6.4872e+08  0.21%   5.0  195s
 176307 87713 6.4872e+08 1318   11 6.5007e+08 6.4872e+08  0.21%   4.9  200s
 181031 88054 6.4872e+08 1303   12 6.5007e+08 6.4872e+08  0.21%   4.9  205s
 185739 88192 6.4872e+08 1313   11 6.5007e+08 6.4872e+08  0.21%   4.9  210s
 190307 88293 infeasible 1314      6.5007e+08 6.4872e+08  0.21%   4.9  215s
 194957 88393 infeasible 1325      6.5007e+08 6.4872e+08  0.21%   4.9  220s
H195295 88395                    6.500716e+08 6.4872e+08  0.21%   4.9  220s
 197969 88531 6.4872e+08 1319   12 6.5007e+08 6.4872e+08  0.21%   4.9  225s
 201369 88543 6.4872e+08 1305   11 6.5007e+08 6.4872e+08  0.21%   4.8  230s
 204634 88594 6.4872e+08 1320   11 6.5007e+08 6.4872e+08  0.21%   4.8  235s
 207655 88631 6.4872e+08 1312   11 6.5007e+08 6.4872e+08  0.21%   4.8  240s
 210638 88728 6.4872e+08 1316   12 6.5007e+08 6.4872e+08  0.21%   4.8  245s
 213641 88791 6.4872e+08 1315   11 6.5007e+08 6.4872e+08  0.21%   4.8  250s
 216673 88861 infeasible 1317      6.5007e+08 6.4872e+08  0.21%   4.8  255s
H218991 88923                    6.500716e+08 6.4872e+08  0.21%   4.8  258s
 219709 88913 6.4872e+08 1323   11 6.5007e+08 6.4872e+08  0.21%   4.8  260s
H220683 88909                    6.500715e+08 6.4872e+08  0.21%   4.8  261s
 222660 88994 infeasible 1311      6.5007e+08 6.4872e+08  0.21%   4.8  265s
 225883 89049 infeasible 1316      6.5007e+08 6.4872e+08  0.21%   4.8  270s
 228931 89087 6.4872e+08 1308   11 6.5007e+08 6.4872e+08  0.21%   4.8  275s
 232065 89147 infeasible 1311      6.5007e+08 6.4872e+08  0.21%   4.7  280s
 235031 89229 6.4872e+08 1315   10 6.5007e+08 6.4872e+08  0.21%   4.7  285s
 238151 89277 infeasible 1314      6.5007e+08 6.4872e+08  0.21%   4.7  290s
 241143 89411 6.4872e+08 1315   11 6.5007e+08 6.4872e+08  0.21%   4.7  295s
 244261 89457 infeasible 1313      6.5007e+08 6.4872e+08  0.21%   4.7  300s
 247236 89480 6.4872e+08 1308   11 6.5007e+08 6.4872e+08  0.21%   4.7  305s
 250315 89585 6.4872e+08 1314   11 6.5007e+08 6.4872e+08  0.21%   4.7  310s
 253514 89616 6.4872e+08 1309   12 6.5007e+08 6.4872e+08  0.21%   4.7  315s
 256648 89768 6.4872e+08 1313   10 6.5007e+08 6.4872e+08  0.21%   4.7  320s
 259633 89961 6.4872e+08 1326   12 6.5007e+08 6.4872e+08  0.21%   4.7  325s
 262605 90053 6.4872e+08 1313   11 6.5007e+08 6.4872e+08  0.21%   4.7  330s
 265652 90124 6.4872e+08 1312   10 6.5007e+08 6.4872e+08  0.21%   4.7  335s
 268767 90145 6.4872e+08 1309   11 6.5007e+08 6.4872e+08  0.21%   4.6  340s
 271927 90163 infeasible 1304      6.5007e+08 6.4872e+08  0.21%   4.6  345s
 274980 90254 6.4872e+08 1309   11 6.5007e+08 6.4872e+08  0.21%   4.6  350s
 278150 90272 6.4872e+08 1306   11 6.5007e+08 6.4872e+08  0.21%   4.6  355s
 281230 90424 6.4872e+08 1292   11 6.5007e+08 6.4872e+08  0.21%   4.6  360s
 284210 90390 6.4872e+08 1286   10 6.5007e+08 6.4872e+08  0.21%   4.6  365s
 287325 90529 6.4872e+08 1307   12 6.5007e+08 6.4872e+08  0.21%   4.6  370s
 290344 90558 infeasible 1304      6.5007e+08 6.4872e+08  0.21%   4.6  375s
 293372 90753 6.4872e+08 1311   12 6.5007e+08 6.4872e+08  0.21%   4.6  380s
 296508 90811 infeasible 1304      6.5007e+08 6.4872e+08  0.21%   4.6  385s
 299595 90948 6.4872e+08 1299   10 6.5007e+08 6.4872e+08  0.21%   4.6  390s
 302789 90908 6.4872e+08 1301   11 6.5007e+08 6.4872e+08  0.21%   4.6  395s
 305915 90923 6.4872e+08 1275   12 6.5007e+08 6.4872e+08  0.21%   4.6  400s
 308971 91107 6.4872e+08 1297   11 6.5007e+08 6.4872e+08  0.21%   4.6  405s
 311990 91158 6.4872e+08 1286   11 6.5007e+08 6.4872e+08  0.21%   4.5  410s
 315015 91263 6.4872e+08 1428   12 6.5007e+08 6.4872e+08  0.21%   4.5  415s
 318354 91514 6.4872e+08 1382   11 6.5007e+08 6.4872e+08  0.21%   4.5  420s
 321609 91592 6.4872e+08 1322   12 6.5007e+08 6.4872e+08  0.21%   4.5  425s
 324954 91791 infeasible 1333      6.5007e+08 6.4872e+08  0.21%   4.5  430s
 328533 91792 6.4872e+08 1322   11 6.5007e+08 6.4872e+08  0.21%   4.5  435s
 332008 91877 infeasible 1331      6.5007e+08 6.4872e+08  0.21%   4.5  440s
 335195 91966 6.4872e+08 1296   11 6.5007e+08 6.4872e+08  0.21%   4.5  445s
 338298 92079 6.4872e+08 1284   11 6.5007e+08 6.4872e+08  0.21%   4.5  450s
 341414 92197 6.4872e+08 1290   12 6.5007e+08 6.4872e+08  0.21%   4.5  455s
 344431 92326 6.4872e+08 1301   12 6.5007e+08 6.4872e+08  0.21%   4.5  460s
 348589 92406 infeasible 1300      6.5007e+08 6.4872e+08  0.21%   4.5  465s
 353723 92708 infeasible 1329      6.5007e+08 6.4872e+08  0.21%   4.5  470s
H357659 92918                    6.500705e+08 6.4872e+08  0.21%   4.5  474s
 358340 93011 6.4872e+08 1300   12 6.5007e+08 6.4872e+08  0.21%   4.5  475s
 362915 93078 6.4872e+08 1313   11 6.5007e+08 6.4872e+08  0.21%   4.5  480s
 367432 93321 6.4872e+08 1321   12 6.5007e+08 6.4872e+08  0.21%   4.4  485s
 371946 93521 6.4872e+08 1318   11 6.5007e+08 6.4872e+08  0.21%   4.4  490s
 376573 93732 6.4872e+08 1313   11 6.5007e+08 6.4872e+08  0.21%   4.4  495s
 381056 93811 6.4872e+08 1299   11 6.5007e+08 6.4872e+08  0.21%   4.4  500s
 385481 93944 infeasible 1292      6.5007e+08 6.4872e+08  0.21%   4.4  505s
 389953 94098 infeasible 1304      6.5007e+08 6.4872e+08  0.21%   4.4  510s
 394412 94257 6.4872e+08 1300   12 6.5007e+08 6.4872e+08  0.21%   4.4  515s
 398926 94493 6.4872e+08 1302   11 6.5007e+08 6.4872e+08  0.21%   4.4  520s
 403453 94574 6.4872e+08 1305   11 6.5007e+08 6.4872e+08  0.21%   4.4  525s
 408064 94637 6.4872e+08 1301   11 6.5007e+08 6.4872e+08  0.21%   4.4  530s
 412565 94716 6.4872e+08 1296   11 6.5007e+08 6.4872e+08  0.21%   4.4  535s
 417140 94937 infeasible 1293      6.5007e+08 6.4872e+08  0.21%   4.4  540s
 421826 95249 6.4872e+08 1369   11 6.5007e+08 6.4872e+08  0.21%   4.4  545s
 426762 95745 6.4872e+08 1336   12 6.5007e+08 6.4872e+08  0.21%   4.4  550s
 432084 95925 6.4872e+08 1299   11 6.5007e+08 6.4872e+08  0.21%   4.4  555s
 436686 96093 infeasible 1304      6.5007e+08 6.4872e+08  0.21%   4.4  560s
 441422 96281 6.4872e+08 1311   11 6.5007e+08 6.4872e+08  0.21%   4.3  565s
 446033 96310 6.4872e+08 1315   10 6.5007e+08 6.4872e+08  0.21%   4.3  570s
 450791 96486 6.4872e+08 1288   11 6.5007e+08 6.4872e+08  0.21%   4.3  575s
 455405 96596 6.4872e+08 1300   11 6.5007e+08 6.4872e+08  0.21%   4.3  580s
H456279 96579                    6.499202e+08 6.4872e+08  0.18%   4.3  581s
H459458 96736                    6.499202e+08 6.4872e+08  0.18%   4.3  584s
 459932 96710 6.4872e+08 1300   12 6.4992e+08 6.4872e+08  0.18%   4.3  585s
H463608 96787                    6.497765e+08 6.4872e+08  0.16%   4.3  589s
 464444 96829 infeasible 1403      6.4978e+08 6.4872e+08  0.16%   4.3  590s
 469437 97102 6.4872e+08 1355   11 6.4978e+08 6.4872e+08  0.16%   4.3  595s
H472057 97430                    6.497581e+08 6.4872e+08  0.16%   4.3  597s
 474552 97587 6.4872e+08 1352   12 6.4976e+08 6.4872e+08  0.16%   4.3  600s
H474756 97601                    6.497580e+08 6.4872e+08  0.16%   4.3  600s
H475425 97642                    6.497578e+08 6.4872e+08  0.16%   4.3  600s
 479361 98152 6.4872e+08 1294   12 6.4976e+08 6.4872e+08  0.16%   4.3  605s
H480709 98197                    6.497525e+08 6.4872e+08  0.16%   4.3  606s
H480850 98178                    6.497225e+08 6.4872e+08  0.15%   4.3  606s
 484332 98236 6.4872e+08 1301   11 6.4972e+08 6.4872e+08  0.15%   4.3  610s
 489253 98429 infeasible 1394      6.4972e+08 6.4872e+08  0.15%   4.3  615s
 493718 98812 6.4872e+08 1290   12 6.4972e+08 6.4872e+08  0.15%   4.3  620s
 498562 99154 6.4872e+08 1305   12 6.4972e+08 6.4872e+08  0.15%   4.3  625s
H501758 99224                    6.495613e+08 6.4872e+08  0.13%   4.3  628s
H501919 99224                    6.495464e+08 6.4872e+08  0.13%   4.3  628s
 503226 99271 infeasible 1305      6.4955e+08 6.4872e+08  0.13%   4.3  630s
H504518 99309                    6.495394e+08 6.4872e+08  0.13%   4.3  631s
 507754 99453 6.4872e+08 1305   12 6.4954e+08 6.4872e+08  0.13%   4.3  635s
 512862 99565 infeasible 1309      6.4954e+08 6.4872e+08  0.13%   4.3  640s
H514801 99524                    6.495107e+08 6.4872e+08  0.12%   4.3  641s
 517713 99634 6.4872e+08 1301   10 6.4951e+08 6.4872e+08  0.12%   4.3  645s
 522756 99665 infeasible 1300      6.4951e+08 6.4872e+08  0.12%   4.3  650s
 527533 99804 infeasible 1306      6.4951e+08 6.4872e+08  0.12%   4.3  655s
H527554 99801                    6.495106e+08 6.4872e+08  0.12%   4.3  655s
 532491 99964 infeasible 1311      6.4951e+08 6.4872e+08  0.12%   4.2  660s
 537636 100049 infeasible 1297      6.4951e+08 6.4872e+08  0.12%   4.2  665s
 542421 100094 infeasible 1303      6.4951e+08 6.4872e+08  0.12%   4.2  670s
 547248 100171 6.4872e+08 1288   12 6.4951e+08 6.4872e+08  0.12%   4.2  675s
 552027 100338 6.4872e+08 1283   11 6.4951e+08 6.4872e+08  0.12%   4.2  680s
 557026 100433 6.4872e+08 1284   11 6.4951e+08 6.4872e+08  0.12%   4.2  685s
 560930 101609 6.4872e+08 1213   17 6.4951e+08 6.4872e+08  0.12%   4.2  690s
 564874 104259 6.4872e+08 1397   10 6.4951e+08 6.4872e+08  0.12%   4.2  695s
H565658 104492                    6.495103e+08 6.4872e+08  0.12%   4.2  696s
 569217 105054 6.4872e+08 1361    9 6.4951e+08 6.4872e+08  0.12%   4.2  700s
H570049 105184                    6.495095e+08 6.4872e+08  0.12%   4.2  700s
 573756 105559 6.4872e+08 1379    9 6.4951e+08 6.4872e+08  0.12%   4.2  705s
 578559 105933 6.4872e+08 1384    9 6.4951e+08 6.4872e+08  0.12%   4.2  710s
 583365 105695 infeasible 1349      6.4951e+08 6.4872e+08  0.12%   4.2  715s
 587888 105080 6.4872e+08 1378    9 6.4951e+08 6.4872e+08  0.12%   4.3  720s
H589990 104795                    6.495050e+08 6.4872e+08  0.12%   4.3  722s
 592412 104529 6.4872e+08 1346   10 6.4950e+08 6.4872e+08  0.12%   4.3  725s
 597619 104152 infeasible 1366      6.4950e+08 6.4872e+08  0.12%   4.3  730s
 601546 104111 6.4872e+08 1363   18 6.4950e+08 6.4872e+08  0.12%   4.3  735s
 605239 107214 6.4872e+08 1332   13 6.4950e+08 6.4872e+08  0.12%   4.3  740s
 608998 109980 6.4872e+08 1336   12 6.4950e+08 6.4872e+08  0.12%   4.3  745s
 611719 111757 6.4872e+08 1437   13 6.4950e+08 6.4872e+08  0.12%   4.3  750s
 614398 113243 6.4872e+08 1464   12 6.4950e+08 6.4872e+08  0.12%   4.3  755s
 616929 114038 6.4872e+08 1463    9 6.4950e+08 6.4872e+08  0.12%   4.3  760s
H619464 114230                    6.495040e+08 6.4872e+08  0.12%   4.3  765s
 621811 114126 6.4872e+08 1469   10 6.4950e+08 6.4872e+08  0.12%   4.3  770s
 624072 114018 infeasible 1461      6.4950e+08 6.4872e+08  0.12%   4.3  775s
 626383 113917 6.4872e+08 1451   10 6.4950e+08 6.4872e+08  0.12%   4.3  780s
 628672 113860 6.4872e+08 1476    8 6.4950e+08 6.4872e+08  0.12%   4.3  785s
 631175 113794 6.4872e+08 1454   10 6.4950e+08 6.4872e+08  0.12%   4.3  790s
H631313 113880                    6.495040e+08 6.4872e+08  0.12%   4.3  790s
 633799 114299 6.4872e+08 1493    7 6.4950e+08 6.4872e+08  0.12%   4.3  795s
 636349 114391 6.4872e+08 1488    8 6.4950e+08 6.4872e+08  0.12%   4.4  800s
 638951 114533 infeasible 1508      6.4950e+08 6.4872e+08  0.12%   4.4  805s
 641495 114578 6.4872e+08 1498    8 6.4950e+08 6.4872e+08  0.12%   4.4  810s
 643710 114709 infeasible 1504      6.4950e+08 6.4872e+08  0.12%   4.4  815s
 645942 114747 infeasible 1496      6.4950e+08 6.4872e+08  0.12%   4.4  820s
 648529 114937 6.4872e+08 1492    7 6.4950e+08 6.4872e+08  0.12%   4.4  825s
 650892 115028 6.4872e+08 1492    8 6.4950e+08 6.4872e+08  0.12%   4.5  830s
 653410 115048 6.4872e+08 1498   10 6.4950e+08 6.4872e+08  0.12%   4.5  835s
 655723 115083 infeasible 1505      6.4950e+08 6.4872e+08  0.12%   4.5  840s
 658301 115206 6.4872e+08 1505   12 6.4950e+08 6.4872e+08  0.12%   4.5  845s
 660823 115312 6.4872e+08 1496    9 6.4950e+08 6.4872e+08  0.12%   4.5  850s
 663257 115326 6.4872e+08 1492   10 6.4950e+08 6.4872e+08  0.12%   4.6  855s
 665775 115404 6.4872e+08 1495    7 6.4950e+08 6.4872e+08  0.12%   4.6  860s
 668330 115458 6.4872e+08 1495    8 6.4950e+08 6.4872e+08  0.12%   4.6  865s
 670649 115531 infeasible 1496      6.4950e+08 6.4872e+08  0.12%   4.6  870s
 673145 115561 6.4872e+08 1502    7 6.4950e+08 6.4872e+08  0.12%   4.6  875s
 675533 115598 6.4872e+08 1492    8 6.4950e+08 6.4872e+08  0.12%   4.7  880s
 677989 115658 infeasible 1488      6.4950e+08 6.4872e+08  0.12%   4.7  885s
 680261 115686 6.4872e+08 1494    7 6.4950e+08 6.4872e+08  0.12%   4.7  890s
 682964 115767 infeasible 1494      6.4950e+08 6.4872e+08  0.12%   4.7  895s
 685507 115820 6.4872e+08 1497    8 6.4950e+08 6.4872e+08  0.12%   4.7  900s
 688412 115896 6.4872e+08 1498   11 6.4950e+08 6.4872e+08  0.12%   4.7  905s
 691006 115954 6.4872e+08 1495    8 6.4950e+08 6.4872e+08  0.12%   4.7  910s
 693896 115998 6.4872e+08 1495   10 6.4950e+08 6.4872e+08  0.12%   4.7  915s
 696775 116054 6.4872e+08 1491    8 6.4950e+08 6.4872e+08  0.12%   4.8  920s
 699370 116155 6.4872e+08 1490    8 6.4950e+08 6.4872e+08  0.12%   4.8  925s
 702085 116242 6.4872e+08 1511   10 6.4950e+08 6.4872e+08  0.12%   4.8  930s
 704606 116377 6.4872e+08 1504    8 6.4950e+08 6.4872e+08  0.12%   4.8  935s
 705869 116392 6.4872e+08 1500    8 6.4950e+08 6.4872e+08  0.12%   4.8  940s
 707234 116452 6.4872e+08 1494    8 6.4950e+08 6.4872e+08  0.12%   4.8  945s
H708321 116513                    6.495035e+08 6.4872e+08  0.12%   4.8  949s
 708536 116520 6.4872e+08 1489    7 6.4950e+08 6.4872e+08  0.12%   4.8  950s
 709896 116548 6.4872e+08 1497   10 6.4950e+08 6.4872e+08  0.12%   4.8  955s
 711251 116576 6.4872e+08 1498    8 6.4950e+08 6.4872e+08  0.12%   4.8  960s
 712678 116625 6.4872e+08 1501    9 6.4950e+08 6.4872e+08  0.12%   4.8  965s
 714098 116691 6.4872e+08 1501    8 6.4950e+08 6.4872e+08  0.12%   4.8  970s
 715560 116697 infeasible 1503      6.4950e+08 6.4872e+08  0.12%   4.8  975s
 716966 116763 infeasible 1496      6.4950e+08 6.4872e+08  0.12%   4.8  980s
 718397 116802 6.4872e+08 1501   10 6.4950e+08 6.4872e+08  0.12%   4.8  985s
 720044 116837 6.4872e+08 1491    8 6.4950e+08 6.4872e+08  0.12%   4.8  990s
 721680 116911 6.4872e+08 1499    8 6.4950e+08 6.4872e+08  0.12%   4.8  995s

Cutting planes:
  Gomory: 5
  Flow cover: 1

Explored 723521 nodes (3513754 simplex iterations) in 1000.01 seconds
Thread count was 1 (of 8 available processors)

Time limit reached
Best objective 6.495034860000e+08, best bound 6.487217030000e+08, gap 0.1204%
