
Gurobi 6.5.2 (linux64) logging started Sat Mar  3 07:32:33 2018

Changed value of parameter LogFile to data/solutions/planning/wellformed/intermediate/weighting/wellformed_intermediate_instance52_gurobi.log
   Prev: gurobi.log  Default: 
Changed value of parameter Threads to 1
   Prev: 0  Min: 0  Max: 1024  Default: 0
Optimize a model with 128 rows, 1415 columns and 2841 nonzeros
Coefficient statistics:
  Matrix range    [1e+00, 1e+04]
  Objective range [1e+00, 8e+03]
  Bounds range    [1e+00, 1e+00]
  RHS range       [1e+00, 1e+00]
Presolve removed 3 rows and 3 columns
Presolve time: 0.01s
Presolved: 125 rows, 1412 columns, 2836 nonzeros
Variable types: 0 continuous, 1412 integer (1400 binary)
Found heuristic solution: objective 4.194140e+09

Root relaxation: objective 5.991263e+08, 227 iterations, 0.00 seconds

    Nodes    |    Current Node    |     Objective Bounds      |     Work
 Expl Unexpl |  Obj  Depth IntInf | Incumbent    BestBd   Gap | It/Node Time

     0     0 5.9913e+08    0   20 4.1941e+09 5.9913e+08  85.7%     -    0s
H    0     0                    1.540345e+09 5.9913e+08  61.1%     -    0s
     0     0 5.9913e+08    0   32 1.5403e+09 5.9913e+08  61.1%     -    0s
     0     0 5.9913e+08    0   31 1.5403e+09 5.9913e+08  61.1%     -    0s
     0     0 5.9913e+08    0   40 1.5403e+09 5.9913e+08  61.1%     -    0s
     0     0 5.9913e+08    0   25 1.5403e+09 5.9913e+08  61.1%     -    0s
     0     2 5.9913e+08    0   20 1.5403e+09 5.9913e+08  61.1%     -    0s
H   27    27                    1.078557e+09 5.9913e+08  44.5%  11.9    0s
H  510   479                    9.636006e+08 5.9913e+08  37.8%   3.7    0s
H  512   456                    7.514342e+08 5.9913e+08  20.3%   3.7    0s
H 2159  1439                    7.253264e+08 5.9913e+08  17.4%   5.4    1s
H 3263  2480                    7.250445e+08 5.9913e+08  17.4%   4.9    1s
H 4256  3335                    6.479377e+08 5.9913e+08  7.53%   4.7    2s
H 5249  4194                    6.472252e+08 5.9913e+08  7.43%   4.5    2s
H 7235  6014                    6.470335e+08 5.9913e+08  7.40%   4.4    3s
H 9221  7826                    6.470306e+08 5.9913e+08  7.40%   4.2    3s
H12841 11113                    6.470295e+08 5.9913e+08  7.40%   4.1    5s
H20708 18204                    6.470284e+08 5.9913e+08  7.40%   3.9    6s
H23552 20799                    6.470229e+08 5.9913e+08  7.40%   3.9    7s
H29505 25986                    6.460257e+08 5.9913e+08  7.26%   3.9    9s
 32381 28545 5.9930e+08  321   18 6.4603e+08 5.9913e+08  7.26%   3.8   10s
H38710 34282                    6.460245e+08 5.9913e+08  7.26%   3.8   11s
H44718 39564                    6.440790e+08 5.9913e+08  6.98%   3.7   13s
 51745 45783 6.0182e+08  403   20 6.4408e+08 5.9913e+08  6.98%   3.7   15s
H54600 48309                    6.440537e+08 5.9913e+08  6.98%   3.7   15s
H59243 52343                    6.436159e+08 5.9913e+08  6.91%   3.7   16s
H63802 56064                    6.435877e+08 5.9913e+08  6.91%   3.7   18s
 70861 62176 6.0063e+08  196   16 6.4359e+08 5.9913e+08  6.91%   3.7   20s
 91013 79620 5.9996e+08  231   16 6.4359e+08 5.9913e+08  6.91%   3.7   25s
 112697 98523 5.9913e+08  223   22 6.4359e+08 5.9913e+08  6.91%   3.6   30s
H120786 105580                    6.435847e+08 5.9913e+08  6.91%   3.6   31s
 136576 118535 5.9993e+08  340   21 6.4358e+08 5.9913e+08  6.91%   3.5   35s
H153462 131960                    6.435762e+08 5.9913e+08  6.91%   3.4   38s
 159241 136811 6.0584e+08  943   18 6.4358e+08 5.9913e+08  6.91%   3.4   40s
 181639 156667 6.0003e+08  271   19 6.4358e+08 5.9913e+08  6.91%   3.3   45s
H186130 160477                    6.435760e+08 5.9913e+08  6.91%   3.3   45s
 203435 174712 6.0021e+08  276   17 6.4358e+08 5.9913e+08  6.91%   3.3   50s
 224104 190844 infeasible  381      6.4358e+08 5.9913e+08  6.91%   3.3   55s
 244460 206507 5.9919e+08  326   31 6.4358e+08 5.9913e+08  6.91%   3.2   60s
 264821 220345 6.0094e+08  320   23 6.4358e+08 5.9913e+08  6.91%   3.2   65s
 283584 232986 6.0076e+08  317   27 6.4358e+08 5.9913e+08  6.91%   3.2   70s
H288156 236309                    6.435668e+08 5.9913e+08  6.91%   3.2   71s
 301916 245951 6.0302e+08  370   15 6.4357e+08 5.9913e+08  6.91%   3.2   75s
 320684 259532 6.0204e+08  332   19 6.4357e+08 5.9913e+08  6.91%   3.2   80s
 340366 274848 6.0315e+08  268   16 6.4357e+08 5.9913e+08  6.91%   3.2   85s
H345121 278652                    6.358567e+08 5.9913e+08  5.78%   3.2   86s
 359157 289579 6.0016e+08  383   21 6.3586e+08 5.9913e+08  5.78%   3.2   90s
 378740 303616 6.0252e+08  364   17 6.3586e+08 5.9913e+08  5.78%   3.2   95s
 396651 316120 6.0124e+08  374   17 6.3586e+08 5.9913e+08  5.78%   3.2  100s
H404802 322558                    6.310492e+08 5.9913e+08  5.06%   3.2  102s
 415063 330915 6.0047e+08  386   19 6.3105e+08 5.9913e+08  5.06%   3.2  105s
 430941 343611 infeasible  291      6.3105e+08 5.9913e+08  5.06%   3.2  110s
 442924 352532 6.0012e+08  312   17 6.3105e+08 5.9913e+08  5.06%   3.2  115s
H453663 360556                    6.310012e+08 5.9913e+08  5.05%   3.2  119s
 454106 360948 5.9921e+08  386   22 6.3100e+08 5.9913e+08  5.05%   3.2  120s
H464663 368396                    6.297685e+08 5.9913e+08  4.87%   3.2  124s
 464760 368451 5.9916e+08  277   33 6.2977e+08 5.9913e+08  4.87%   3.2  125s
 475314 375528 infeasible  244      6.2977e+08 5.9913e+08  4.87%   3.2  130s
H477022 376917                    6.297667e+08 5.9913e+08  4.87%   3.2  130s
 486040 383650 6.0003e+08  263   16 6.2977e+08 5.9913e+08  4.87%   3.2  135s
 500072 394403 5.9920e+08  288   28 6.2977e+08 5.9913e+08  4.87%   3.2  140s
 511305 402071 5.9913e+08  291   20 6.2977e+08 5.9913e+08  4.87%   3.2  145s
 524988 412178 6.0291e+08  342   19 6.2977e+08 5.9913e+08  4.87%   3.2  150s
 536629 419023 6.0080e+08  412   18 6.2977e+08 5.9913e+08  4.87%   3.2  155s
 549216 426774 6.0097e+08  350   18 6.2977e+08 5.9913e+08  4.87%   3.2  160s
 560741 431945 5.9923e+08  340   31 6.2977e+08 5.9913e+08  4.87%   3.1  165s
H567088 434642                    6.296403e+08 5.9913e+08  4.85%   3.1  167s
 572184 436606 infeasible  387      6.2964e+08 5.9913e+08  4.85%   3.1  170s
H579094 439131                    6.296056e+08 5.9913e+08  4.84%   3.1  172s
 583753 441205 5.9981e+08  355   24 6.2961e+08 5.9913e+08  4.84%   3.1  175s
 594652 446076 infeasible  342      6.2961e+08 5.9913e+08  4.84%   3.1  180s
 609173 451838 5.9935e+08  362   32 6.2961e+08 5.9913e+08  4.84%   3.1  185s
 624486 458598 6.0371e+08  379   14 6.2961e+08 5.9913e+08  4.84%   3.1  190s
 641582 466636 6.0355e+08  376   15 6.2961e+08 5.9913e+08  4.84%   3.1  195s
 656978 474092 6.0346e+08  374   16 6.2961e+08 5.9913e+08  4.84%   3.1  200s
 673083 482345 6.0338e+08  397   14 6.2961e+08 5.9913e+08  4.84%   3.1  205s
 688689 490295 5.9913e+08  356   21 6.2961e+08 5.9913e+08  4.84%   3.1  210s
 704872 498529 5.9913e+08  395   22 6.2961e+08 5.9913e+08  4.84%   3.1  215s
 721643 505838 infeasible  395      6.2961e+08 5.9913e+08  4.84%   3.1  220s
 738410 512565 5.9913e+08  356   21 6.2961e+08 5.9913e+08  4.84%   3.1  225s
 754555 519394 6.0280e+08  351   18 6.2961e+08 5.9913e+08  4.84%   3.1  230s
 771789 529196 5.9929e+08  346   21 6.2961e+08 5.9913e+08  4.84%   3.1  235s
 788050 538872 6.0149e+08  355   24 6.2961e+08 5.9913e+08  4.84%   3.1  240s
 803449 548356 5.9913e+08  360   20 6.2961e+08 5.9913e+08  4.84%   3.1  245s
 814668 554084 infeasible  368      6.2961e+08 5.9913e+08  4.84%   3.1  250s
H825820 560632                    6.296030e+08 5.9913e+08  4.84%   3.1  254s
 826387 560973 6.0324e+08  350   22 6.2960e+08 5.9913e+08  4.84%   3.1  255s
 839225 568710 6.0021e+08  333   23 6.2960e+08 5.9913e+08  4.84%   3.1  260s
 850540 575785 infeasible  388      6.2960e+08 5.9913e+08  4.84%   3.1  265s
 862726 582700 5.9913e+08  337   20 6.2960e+08 5.9913e+08  4.84%   3.1  270s
 873972 588596 infeasible  358      6.2960e+08 5.9913e+08  4.84%   3.1  275s
 884766 593921 5.9913e+08  365   20 6.2960e+08 5.9913e+08  4.84%   3.1  280s
H891682 595967                    6.295735e+08 5.9913e+08  4.84%   3.1  283s
 894450 596665 infeasible  366      6.2957e+08 5.9913e+08  4.84%   3.1  285s
 903511 599009 infeasible  375      6.2957e+08 5.9913e+08  4.84%   3.1  290s
 913385 601417 infeasible  355      6.2957e+08 5.9913e+08  4.84%   3.1  295s
 924226 607976 5.9913e+08  380   20 6.2957e+08 5.9913e+08  4.84%   3.1  300s
 935490 614098 6.0291e+08  351   15 6.2957e+08 5.9913e+08  4.84%   3.2  305s
 948168 621674 5.9913e+08  334   21 6.2957e+08 5.9913e+08  4.84%   3.2  310s
 959522 627056 5.9913e+08  373   19 6.2957e+08 5.9913e+08  4.84%   3.2  315s
 969459 629713 6.0120e+08  360   32 6.2957e+08 5.9913e+08  4.84%   3.2  320s
 979108 632676 infeasible  376      6.2957e+08 5.9913e+08  4.84%   3.2  325s
 989697 635932 5.9913e+08  359   20 6.2957e+08 5.9913e+08  4.84%   3.2  330s
 1000547 639159 6.0287e+08  370   22 6.2957e+08 5.9913e+08  4.84%   3.2  335s
 1011128 642240 6.0322e+08  356   17 6.2957e+08 5.9913e+08  4.84%   3.2  340s
 1024987 645918 infeasible  362      6.2957e+08 5.9913e+08  4.84%   3.2  345s
 1039979 649359 6.0045e+08  366   22 6.2957e+08 5.9913e+08  4.84%   3.2  350s
 1053983 652507 6.0041e+08  378   21 6.2957e+08 5.9913e+08  4.84%   3.2  355s
 1068497 656252 infeasible  396      6.2957e+08 5.9913e+08  4.84%   3.2  360s
 1083960 660011 6.0092e+08  386   14 6.2957e+08 5.9913e+08  4.84%   3.2  365s
H1094560 662758                    6.295729e+08 5.9913e+08  4.84%   3.2  368s
 1098834 663821 6.0344e+08  378   17 6.2957e+08 5.9913e+08  4.84%   3.2  370s
 1113789 667498 6.0364e+08  365   24 6.2957e+08 5.9913e+08  4.84%   3.2  375s
 1127479 670782 6.0017e+08  357   22 6.2957e+08 5.9913e+08  4.84%   3.2  380s
 1140475 674194 5.9979e+08  376   23 6.2957e+08 5.9913e+08  4.84%   3.2  385s
 1154806 679245 infeasible  348      6.2957e+08 5.9913e+08  4.84%   3.2  390s
 1172018 691590 5.9913e+08  363   24 6.2957e+08 5.9913e+08  4.84%   3.2  395s
 1187611 701227 6.0138e+08  347   25 6.2957e+08 5.9913e+08  4.84%   3.2  400s
 1202440 705901 6.0329e+08  343   11 6.2957e+08 5.9913e+08  4.84%   3.2  405s
H1210578 710562                    6.295487e+08 5.9913e+08  4.83%   3.2  407s
 1218999 717031 5.9937e+08  314   22 6.2955e+08 5.9913e+08  4.83%   3.2  410s
 1235923 729599 6.0062e+08  347   31 6.2955e+08 5.9913e+08  4.83%   3.2  415s
 1252533 742085 6.0071e+08  306   19 6.2955e+08 5.9913e+08  4.83%   3.2  420s
 1269209 752835 5.9968e+08  320   30 6.2955e+08 5.9913e+08  4.83%   3.2  425s
 1283450 759971 infeasible  342      6.2955e+08 5.9913e+08  4.83%   3.2  430s
 1296820 766255 6.0371e+08  354   16 6.2955e+08 5.9913e+08  4.83%   3.2  435s
 1310957 773612 6.0101e+08  332   17 6.2955e+08 5.9913e+08  4.83%   3.2  440s
 1324539 779457 5.9936e+08  367   18 6.2955e+08 5.9913e+08  4.83%   3.3  445s
 1338897 786327 infeasible  347      6.2955e+08 5.9913e+08  4.83%   3.3  450s
 1350819 791492 5.9913e+08  339   19 6.2955e+08 5.9913e+08  4.83%   3.3  455s
 1360328 795306 6.0023e+08  370   18 6.2955e+08 5.9913e+08  4.83%   3.3  460s
 1371408 799364 5.9954e+08  358   30 6.2955e+08 5.9913e+08  4.83%   3.3  465s
 1383331 804132 6.0037e+08  343   16 6.2955e+08 5.9913e+08  4.83%   3.2  470s
 1394493 808626 infeasible  339      6.2955e+08 5.9913e+08  4.83%   3.2  475s
 1404949 812109 6.0363e+08  334   23 6.2955e+08 5.9913e+08  4.83%   3.2  480s
 1415246 815979 5.9997e+08  369   20 6.2955e+08 5.9913e+08  4.83%   3.2  485s
 1426222 820267 5.9979e+08  383   24 6.2955e+08 5.9913e+08  4.83%   3.2  490s
 1436578 823808 5.9913e+08  360   20 6.2955e+08 5.9913e+08  4.83%   3.2  495s
 1447317 828116 5.9913e+08  338   20 6.2955e+08 5.9913e+08  4.83%   3.2  500s
 1458075 831905 5.9913e+08  359   19 6.2955e+08 5.9913e+08  4.83%   3.2  505s
 1468070 834905 6.0097e+08  389   18 6.2955e+08 5.9913e+08  4.83%   3.3  510s
 1477757 837154 5.9965e+08  373   27 6.2955e+08 5.9913e+08  4.83%   3.3  515s
 1487228 839164 6.0106e+08  357   16 6.2955e+08 5.9913e+08  4.83%   3.3  520s
 1497311 842572 6.0208e+08  353   29 6.2955e+08 5.9913e+08  4.83%   3.3  525s
 1508794 846518 5.9979e+08  385   25 6.2955e+08 5.9913e+08  4.83%   3.3  530s
 1519321 850053 5.9913e+08  340   18 6.2955e+08 5.9913e+08  4.83%   3.3  535s
 1529664 853410 infeasible  368      6.2955e+08 5.9913e+08  4.83%   3.3  540s
 1539274 855773 6.0292e+08  383   20 6.2955e+08 5.9913e+08  4.83%   3.3  545s
 1548935 858703 5.9913e+08  352   20 6.2955e+08 5.9913e+08  4.83%   3.3  550s
 1558726 861376 5.9942e+08  305   32 6.2955e+08 5.9913e+08  4.83%   3.3  555s
H1561144 862352                    6.215400e+08 5.9913e+08  3.61%   3.3  556s
 1568601 865729 infeasible  352      6.2154e+08 5.9913e+08  3.61%   3.3  560s
H1569462 866066                    6.215396e+08 5.9913e+08  3.61%   3.3  560s
 1579180 869669 infeasible  348      6.2154e+08 5.9913e+08  3.61%   3.3  565s
 1588760 873044 5.9913e+08  351   19 6.2154e+08 5.9913e+08  3.61%   3.3  570s
 1599188 876026 infeasible  332      6.2154e+08 5.9913e+08  3.61%   3.3  575s
 1607596 879918 5.9914e+08  342   31 6.2154e+08 5.9913e+08  3.61%   3.3  580s
 1616125 883891 5.9913e+08  348   18 6.2154e+08 5.9913e+08  3.61%   3.3  585s
 1626058 888148 5.9913e+08  339   18 6.2154e+08 5.9913e+08  3.61%   3.3  590s
 1636323 891416 5.9913e+08  343   20 6.2154e+08 5.9913e+08  3.61%   3.3  595s
 1644985 894035 6.0043e+08  354   13 6.2154e+08 5.9913e+08  3.61%   3.3  600s
H1648102 895405                    6.215373e+08 5.9913e+08  3.61%   3.3  601s
 1656095 897696 infeasible  338      6.2154e+08 5.9913e+08  3.61%   3.3  605s
 1669599 902319 5.9913e+08  383   19 6.2154e+08 5.9913e+08  3.61%   3.3  610s
H1682175 907121                    6.215368e+08 5.9913e+08  3.61%   3.3  614s
 1682860 907292 5.9944e+08  353   34 6.2154e+08 5.9913e+08  3.61%   3.3  615s
 1696670 912504 infeasible  363      6.2154e+08 5.9913e+08  3.61%   3.3  620s
 1708932 915455 5.9964e+08  340   29 6.2154e+08 5.9913e+08  3.61%   3.3  625s
 1723078 920554 5.9949e+08  360   30 6.2154e+08 5.9913e+08  3.61%   3.3  630s
 1737294 925289 5.9913e+08  349   18 6.2154e+08 5.9913e+08  3.61%   3.3  635s
 1752799 929440 6.0014e+08  351   24 6.2154e+08 5.9913e+08  3.61%   3.3  640s
 1768013 934279 5.9913e+08  356   21 6.2154e+08 5.9913e+08  3.61%   3.3  645s
 1784289 941988 6.0134e+08  377   16 6.2154e+08 5.9913e+08  3.61%   3.3  650s
 1799458 948086 5.9974e+08  330   32 6.2154e+08 5.9913e+08  3.61%   3.3  655s
 1813153 953605 infeasible  338      6.2154e+08 5.9913e+08  3.61%   3.3  660s
 1827427 958607 infeasible  346      6.2154e+08 5.9913e+08  3.61%   3.3  665s
 1842135 963899 infeasible  345      6.2154e+08 5.9913e+08  3.61%   3.3  670s
 1856431 969256 6.0287e+08  354   17 6.2154e+08 5.9913e+08  3.61%   3.3  675s
 1869292 974122 infeasible  357      6.2154e+08 5.9913e+08  3.61%   3.3  680s
 1884267 979348 6.0305e+08  343   24 6.2154e+08 5.9913e+08  3.61%   3.3  685s
 1899185 985181 6.0360e+08  372   21 6.2154e+08 5.9913e+08  3.61%   3.3  690s
H1907283 987832                    6.208840e+08 5.9913e+08  3.50%   3.3  692s
H1911106 989425                    6.208619e+08 5.9913e+08  3.50%   3.3  694s
 1912885 990275 infeasible  329      6.2086e+08 5.9913e+08  3.50%   3.3  695s
 1926517 995226 6.0260e+08  321   27 6.2086e+08 5.9913e+08  3.50%   3.3  700s
 1940178 1000511 5.9944e+08  332   23 6.2086e+08 5.9913e+08  3.50%   3.3  705s
 1953713 1005303 6.0239e+08  348   15 6.2086e+08 5.9913e+08  3.50%   3.3  710s
 1967403 1010295 6.0135e+08  381   16 6.2086e+08 5.9913e+08  3.50%   3.3  715s
H1969846 1011152                    6.208471e+08 5.9913e+08  3.50%   3.3  715s
H1975834 1013604                    6.208057e+08 5.9913e+08  3.49%   3.3  718s
 1981413 1015745 5.9913e+08  323   21 6.2081e+08 5.9913e+08  3.49%   3.3  720s
 1994752 1021456 6.0351e+08  362   23 6.2081e+08 5.9913e+08  3.49%   3.3  725s
 2008075 1026551 5.9913e+08  339   19 6.2081e+08 5.9913e+08  3.49%   3.3  730s
 2020981 1031293 6.0272e+08  351   16 6.2081e+08 5.9913e+08  3.49%   3.3  735s
 2035788 1036077 5.9922e+08  352   32 6.2081e+08 5.9913e+08  3.49%   3.3  740s
 2048499 1039778 6.0328e+08  345   20 6.2081e+08 5.9913e+08  3.49%   3.3  745s
 2063057 1046705 infeasible  340      6.2081e+08 5.9913e+08  3.49%   3.3  750s
 2076772 1054380 6.0354e+08  341   21 6.2081e+08 5.9913e+08  3.49%   3.3  755s
H2088607 1061716                    6.206960e+08 5.9913e+08  3.48%   3.3  758s
 2092722 1063974 5.9913e+08  342   19 6.2070e+08 5.9913e+08  3.48%   3.3  760s
 2109904 1075270 6.0351e+08  363   22 6.2070e+08 5.9913e+08  3.48%   3.3  765s
*2126322 1038679             352    6.035318e+08 5.9913e+08  0.73%   3.3  769s
 2126372 1038699 5.9979e+08  362   25 6.0353e+08 5.9913e+08  0.73%   3.3  770s
H2131756 1028173                    6.034269e+08 5.9913e+08  0.71%   3.3  771s
H2138697 1031477                    6.034255e+08 5.9913e+08  0.71%   3.3  773s
 2142420 1032886 5.9913e+08  338   22 6.0343e+08 5.9913e+08  0.71%   3.3  775s
H2147689 1034859                    6.034250e+08 5.9913e+08  0.71%   3.3  776s
 2158562 1038179 5.9913e+08  359   19 6.0343e+08 5.9913e+08  0.71%   3.3  780s
H2162050 1037818                    6.034125e+08 5.9913e+08  0.71%   3.3  781s
H2168638 1038276                    6.034027e+08 5.9913e+08  0.71%   3.3  783s
 2172464 1039955 6.0322e+08  377   17 6.0340e+08 5.9913e+08  0.71%   3.3  785s
H2181031 1038393                    6.033685e+08 5.9913e+08  0.70%   3.3  788s
 2186609 1040946 infeasible  360      6.0337e+08 5.9913e+08  0.70%   3.3  790s
H2195776 1039780                    6.033236e+08 5.9913e+08  0.70%   3.3  792s
 2203143 1043218 5.9913e+08  368   19 6.0332e+08 5.9913e+08  0.70%   3.3  795s
H2204454 1043603                    6.033224e+08 5.9913e+08  0.70%   3.3  795s
H2219807 1049778                    6.033203e+08 5.9913e+08  0.70%   3.3  799s
H2220675 1037779                    6.032540e+08 5.9913e+08  0.68%   3.3  800s
H2222689 1027713                    6.032056e+08 5.9913e+08  0.68%   3.3  800s
H2226253 1028704                    6.032028e+08 5.9913e+08  0.68%   3.3  802s
 2235682 1032197 6.0046e+08  382   34 6.0320e+08 5.9913e+08  0.68%   3.3  805s
H2236904 1030253                    6.031823e+08 5.9913e+08  0.67%   3.3  805s
H2244518 1010564                    6.030106e+08 5.9913e+08  0.64%   3.3  807s
H2247396 991939                    6.028927e+08 5.9913e+08  0.62%   3.3  808s
 2252069 994927 5.9913e+08  351   20 6.0289e+08 5.9913e+08  0.62%   3.3  810s
H2255842 990367                    6.028684e+08 5.9913e+08  0.62%   3.3  811s
 2267841 996588 5.9913e+08  336   18 6.0287e+08 5.9913e+08  0.62%   3.3  815s
H2275187 999450                    6.028622e+08 5.9913e+08  0.62%   3.3  817s
 2283251 1003730 5.9913e+08  358   20 6.0286e+08 5.9913e+08  0.62%   3.3  820s
 2299360 1010363 5.9979e+08  363   25 6.0286e+08 5.9913e+08  0.62%   3.3  825s
H2314872 1018512                    6.028617e+08 5.9913e+08  0.62%   3.3  829s
 2315370 1018814 5.9913e+08  350   21 6.0286e+08 5.9913e+08  0.62%   3.3  830s
 2333329 1028060 5.9913e+08  323   20 6.0286e+08 5.9913e+08  0.62%   3.3  835s
H2335698 1027752                    6.028501e+08 5.9913e+08  0.62%   3.3  835s
H2346913 1023195                    6.028014e+08 5.9913e+08  0.61%   3.3  839s
 2350003 1024859 6.0045e+08  414   20 6.0280e+08 5.9913e+08  0.61%   3.3  840s
 2366864 1033240 6.0274e+08  354   17 6.0280e+08 5.9913e+08  0.61%   3.3  845s
H2372113 1035112                    6.027987e+08 5.9913e+08  0.61%   3.3  846s
H2377765 1035544                    6.027942e+08 5.9913e+08  0.61%   3.3  848s
 2382514 1036111 5.9913e+08  383   20 6.0279e+08 5.9913e+08  0.61%   3.3  850s
H2390052 1036398                    6.027914e+08 5.9913e+08  0.61%   3.3  852s
 2395671 1036761 infeasible  375      6.0279e+08 5.9913e+08  0.61%   3.3  855s
 2409470 1038796 infeasible  370      6.0279e+08 5.9913e+08  0.61%   3.3  860s
 2422597 1039762 infeasible  371      6.0279e+08 5.9913e+08  0.61%   3.3  865s
 2433942 1041344 infeasible  379      6.0279e+08 5.9913e+08  0.61%   3.3  870s
H2442150 1042018                    6.027912e+08 5.9913e+08  0.61%   3.3  873s
 2447449 1042708 5.9940e+08  379   27 6.0279e+08 5.9913e+08  0.61%   3.3  875s
 2460794 1044408 infeasible  386      6.0279e+08 5.9913e+08  0.61%   3.3  880s
 2474869 1047425 5.9913e+08  358   20 6.0279e+08 5.9913e+08  0.61%   3.3  885s
 2492037 1056924 infeasible  352      6.0279e+08 5.9913e+08  0.61%   3.3  890s
 2508872 1066536 infeasible  380      6.0279e+08 5.9913e+08  0.61%   3.3  895s
 2524169 1075875 6.0072e+08  364   18 6.0279e+08 5.9913e+08  0.61%   3.3  900s
 2538643 1078885 5.9913e+08  368   21 6.0279e+08 5.9913e+08  0.61%   3.3  905s
 2552468 1080888 infeasible  360      6.0279e+08 5.9913e+08  0.61%   3.3  910s
 2565438 1083388 5.9969e+08  354   32 6.0279e+08 5.9913e+08  0.61%   3.3  915s
 2578449 1085348 5.9913e+08  363   22 6.0279e+08 5.9913e+08  0.61%   3.3  920s
 2592670 1091726 5.9919e+08  424   23 6.0279e+08 5.9913e+08  0.61%   3.3  925s
 2612083 1105912 infeasible  344      6.0279e+08 5.9913e+08  0.61%   3.3  930s
 2633889 1121727 6.0082e+08  381   22 6.0279e+08 5.9913e+08  0.61%   3.3  935s
 2655533 1136995 6.0134e+08  336   14 6.0279e+08 5.9913e+08  0.61%   3.3  940s
 2677297 1150889 6.0134e+08  366   17 6.0279e+08 5.9913e+08  0.61%   3.3  945s
 2698422 1164257 5.9926e+08  366   32 6.0279e+08 5.9913e+08  0.61%   3.3  950s
 2718485 1176566 5.9913e+08  339   20 6.0279e+08 5.9913e+08  0.61%   3.3  955s
 2737450 1185306 5.9913e+08  392   19 6.0279e+08 5.9913e+08  0.61%   3.3  960s
 2754892 1192988 6.0092e+08  357   14 6.0279e+08 5.9913e+08  0.61%   3.3  965s
H2763112 1196029                    6.027900e+08 5.9913e+08  0.61%   3.3  967s
 2772662 1199833 5.9913e+08  373   18 6.0279e+08 5.9913e+08  0.61%   3.3  970s
 2791739 1207862 5.9965e+08  406   18 6.0279e+08 5.9913e+08  0.61%   3.3  975s
 2808249 1213193 infeasible  399      6.0279e+08 5.9913e+08  0.61%   3.3  980s
 2823947 1218254 infeasible  386      6.0279e+08 5.9913e+08  0.61%   3.3  985s
 2839936 1223648 6.0137e+08  393   20 6.0279e+08 5.9913e+08  0.61%   3.3  990s
 2858137 1230683 6.0117e+08  388   15 6.0279e+08 5.9913e+08  0.61%   3.3  995s

Cutting planes:
  Gomory: 1

Explored 2875216 nodes (9450936 simplex iterations) in 1000.00 seconds
Thread count was 1 (of 8 available processors)

Time limit reached
Best objective 6.027899680000e+08, best bound 5.991263100000e+08, gap 0.6078%
