Found incumbent of value 1689679.000000 after 0.00 sec. (0.01 ticks)
Tried aggregator 2 times.
Aggregator did 2 substitutions.
Reduced MIP has 30 rows, 102 columns, and 206 nonzeros.
Reduced MIP has 100 binaries, 0 generals, 0 SOSs, and 0 indicators.
Presolve time = 0.00 sec. (0.25 ticks)
Probing fixed 0 vars, tightened 8 bounds.
Probing time = 0.00 sec. (0.14 ticks)
Tried aggregator 1 time.
Reduced MIP has 30 rows, 102 columns, and 206 nonzeros.
Reduced MIP has 100 binaries, 2 generals, 0 SOSs, and 0 indicators.
Presolve time = 0.00 sec. (0.13 ticks)
Probing time = 0.00 sec. (0.08 ticks)
Clique table members: 25.
MIP emphasis: balance optimality and feasibility.
MIP search method: dynamic search.
Parallel mode: none, using 1 thread.
Root relaxation solution time = 0.00 sec. (0.13 ticks)

        Nodes                                         Cuts/
   Node  Left     Objective  IInf  Best Integer    Best Bound    ItCnt     Gap

*     0+    0                      1689679.0000        0.0000           100.00%
      0     0   422419.7500     8  1689679.0000   422419.7500       37   75.00%
      0     0   422419.7500    11  1689679.0000       Cuts: 6       46   75.00%
*     0+    0                       440502.0000   422419.7500             4.10%
      0     0   422419.7500    10   440502.0000       Cuts: 4       54    4.10%
*     0+    0                       437019.0000   422419.7500             3.34%
      0     2   422419.7500    10   437019.0000   422419.7500       54    3.34%
Elapsed time = 0.00 sec. (2.65 ticks, tree = 0.01 MB, solutions = 3)
*    30+   30                       433926.0000   422419.7500             2.65%
*    40+   32                       425245.0000   422419.7500             0.66%
*   770+  302                       424959.0000   422419.7500             0.60%
*   870+  313                       423239.0000   422419.7500             0.19%
   2481   525   422772.0000     3   423239.0000   422420.0000     4482    0.19%
   2482   526   422772.0000     3   423239.0000   422420.0000     4484    0.19%
   2483   527   422772.0000     4   423239.0000   422420.0000     4486    0.19%
   2484   528   422772.0000     4   423239.0000   422420.0000     4487    0.19%
   2485   529   422772.0000     3   423239.0000   422420.0000     4488    0.19%
   2486   530   422772.0000     4   423239.0000   422420.0000     4489    0.19%
   2487   531   422772.0000     4   423239.0000   422420.0000     4490    0.19%
   2488   532   422772.0000     4   423239.0000   422420.0000     4491    0.19%
   2489   531    infeasible         423239.0000   422420.0000     4491    0.19%
*  2781+  670                       422882.0000   422420.0000             0.11%
*  3609   933      integral     0   422716.0000   422420.0000     5799    0.07%
*  3881+ 1007                       422700.0000   422420.0000             0.07%
  12101  3590    infeasible         422700.0000   422420.0000    21093    0.07%
Elapsed time = 1.90 sec. (1104.21 ticks, tree = 1.00 MB, solutions = 10)
  35349  7816   422420.0000     6   422700.0000   422420.0000    62114    0.07%
  35350  7817   422420.0000     6   422700.0000   422420.0000    62115    0.07%
  35351  7816        cutoff         422700.0000   422420.0000    62117    0.07%
  35352  7815        cutoff         422700.0000   422420.0000    62118    0.07%
  35353  7814        cutoff         422700.0000   422420.0000    62119    0.07%
  35354  7813        cutoff         422700.0000   422420.0000    62120    0.07%
  35355  7814   422420.0000     6   422700.0000   422420.0000    62121    0.07%
  35356  7815   422420.0000     6   422700.0000   422420.0000    62122    0.07%
  35357  7815   422420.0000     6   422700.0000   422420.0000    62123    0.07%
  35358  7816   422420.0000     6   422700.0000   422420.0000    62124    0.07%
Elapsed time = 3.47 sec. (2058.35 ticks, tree = 2.15 MB, solutions = 10)
  57105 10409   422420.0000     6   422700.0000   422420.0000   100414    0.07%
  57106 10410   422420.0000     6   422700.0000   422420.0000   100415    0.07%
  57107 10409        cutoff         422700.0000   422420.0000   100420    0.07%
  57108 10410   422453.0000     4   422700.0000   422420.0000   100423    0.07%
  57109 10409    infeasible         422700.0000   422420.0000   100423    0.07%
  57110 10408        cutoff         422700.0000   422420.0000   100425    0.07%
  57111 10409   422420.0000     6   422700.0000   422420.0000   100430    0.07%
  57112 10408    infeasible         422700.0000   422420.0000   100430    0.07%
  57113 10407    infeasible         422700.0000   422420.0000   100430    0.07%
  57114 10408   422420.0000     6   422700.0000   422420.0000   100431    0.07%
Elapsed time = 5.04 sec. (3012.61 ticks, tree = 3.04 MB, solutions = 10)
* 59144 10248      integral     0   422641.0000   422420.0000   104018    0.05%
  79977 12691   422420.0000     6   422641.0000   422420.0000   140342    0.05%
  79978 12690        cutoff         422641.0000   422420.0000   140346    0.05%
  79979 12690   422420.0000     6   422641.0000   422420.0000   140348    0.05%
  79980 12689        cutoff         422641.0000   422420.0000   140350    0.05%
  79981 12690   422420.0000     5   422641.0000   422420.0000   140352    0.05%
  79982 12691   422420.0000     6   422641.0000   422420.0000   140355    0.05%
  79983 12692   422420.0000     6   422641.0000   422420.0000   140358    0.05%
  79984 12691        cutoff         422641.0000   422420.0000   140363    0.05%
  79985 12690        cutoff         422641.0000   422420.0000   140364    0.05%
  79986 12689    infeasible         422641.0000   422420.0000   140364    0.05%
Elapsed time = 6.63 sec. (3966.80 ticks, tree = 3.61 MB, solutions = 11)
 102450 13974   422623.0000     2   422641.0000   422420.0000   180098    0.05%
 102451 13973        cutoff         422641.0000   422420.0000   180101    0.05%
 102452 13974   422623.0000     2   422641.0000   422420.0000   180107    0.05%
 102453 13973    infeasible         422641.0000   422420.0000   180107    0.05%
 102454 13972    infeasible         422641.0000   422420.0000   180107    0.05%
 102455 13971        cutoff         422641.0000   422420.0000   180108    0.05%
 102456 13970    infeasible         422641.0000   422420.0000   180108    0.05%
 102457 13971   422420.0000     6   422641.0000   422420.0000   180109    0.05%
 102458 13972   422420.0000     6   422641.0000   422420.0000   180111    0.05%
 102459 13971    infeasible         422641.0000   422420.0000   180111    0.05%
Elapsed time = 8.20 sec. (4920.76 ticks, tree = 3.94 MB, solutions = 11)
 124977 15396   422420.0000     6   422641.0000   422420.0000   220018    0.05%
 124978 15397   422420.0000     6   422641.0000   422420.0000   220020    0.05%
 124979 15396    infeasible         422641.0000   422420.0000   220020    0.05%
 124980 15397   422420.0000     6   422641.0000   422420.0000   220021    0.05%
 124981 15396        cutoff         422641.0000   422420.0000   220022    0.05%
 124982 15395    infeasible         422641.0000   422420.0000   220022    0.05%
 124983 15396   422420.0000     6   422641.0000   422420.0000   220024    0.05%
 124984 15397   422420.0000     6   422641.0000   422420.0000   220026    0.05%
 124985 15398   422420.0000     6   422641.0000   422420.0000   220028    0.05%
 124986 15397        cutoff         422641.0000   422420.0000   220036    0.05%
Elapsed time = 9.78 sec. (5874.75 ticks, tree = 4.31 MB, solutions = 11)
 149462 17510   422420.0000     6   422641.0000   422420.0000   261035    0.05%
 149463 17510   422420.0000     6   422641.0000   422420.0000   261036    0.05%
 149464 17509        cutoff         422641.0000   422420.0000   261038    0.05%
 149465 17510   422420.0000     6   422641.0000   422420.0000   261039    0.05%
 149466 17511   422420.0000     5   422641.0000   422420.0000   261041    0.05%
 149467 17512   422420.0000     6   422641.0000   422420.0000   261045    0.05%
 149468 17513   422420.0000     6   422641.0000   422420.0000   261046    0.05%
 149469 17514   422420.0000     6   422641.0000   422420.0000   261047    0.05%
 149470 17514   422435.6667     6   422641.0000   422420.0000   261049    0.05%
 149471 17515   422436.0000     4   422641.0000   422420.0000   261050    0.05%
Elapsed time = 11.37 sec. (6829.02 ticks, tree = 5.31 MB, solutions = 11)
 172879 19298   422420.0000     6   422641.0000   422420.0000   302156    0.05%
 172880 19298   422420.0000     6   422641.0000   422420.0000   302158    0.05%
 172881 19297        cutoff         422641.0000   422420.0000   302160    0.05%
 172882 19298   422420.0000     5   422641.0000   422420.0000   302161    0.05%
 172883 19297        cutoff         422641.0000   422420.0000   302165    0.05%
 172884 19298   422420.0000     6   422641.0000   422420.0000   302167    0.05%
 172885 19299   422420.0000     6   422641.0000   422420.0000   302168    0.05%
 172886 19300   422420.0000     6   422641.0000   422420.0000   302172    0.05%
 172887 19299        cutoff         422641.0000   422420.0000   302176    0.05%
 172888 19300   422420.0000     6   422641.0000   422420.0000   302179    0.05%
Elapsed time = 12.94 sec. (7783.18 ticks, tree = 5.76 MB, solutions = 11)
 196645 20349   422420.0000     6   422641.0000   422420.0000   342372    0.05%
 196646 20348        cutoff         422641.0000   422420.0000   342377    0.05%
 196647 20349   422420.0000     6   422641.0000   422420.0000   342380    0.05%
 196648 20348        cutoff         422641.0000   422420.0000   342381    0.05%
 196649 20347    infeasible         422641.0000   422420.0000   342381    0.05%
 196650 20348   422420.0000     6   422641.0000   422420.0000   342382    0.05%
 196651 20349   422420.0000     6   422641.0000   422420.0000   342383    0.05%
 196652 20350   422420.0000     6   422641.0000   422420.0000   342384    0.05%
 196653 20351   422420.0000     6   422641.0000   422420.0000   342387    0.05%
 196654 20352   422420.0000     6   422641.0000   422420.0000   342390    0.05%
Elapsed time = 14.54 sec. (8737.43 ticks, tree = 6.04 MB, solutions = 11)
 218136 21285   422420.0000     5   422641.0000   422420.0000   381003    0.05%
 218137 21284    infeasible         422641.0000   422420.0000   381003    0.05%
 218138 21285   422420.0000     6   422641.0000   422420.0000   381009    0.05%
 218139 21286   422420.0000     5   422641.0000   422420.0000   381011    0.05%
 218140 21287   422420.0000     6   422641.0000   422420.0000   381013    0.05%
 218141 21288   422420.0000     6   422641.0000   422420.0000   381019    0.05%
 218142 21287    infeasible         422641.0000   422420.0000   381019    0.05%
 218143 21286    infeasible         422641.0000   422420.0000   381019    0.05%
 218144 21285    infeasible         422641.0000   422420.0000   381019    0.05%
 284134 24592        cutoff         422641.0000   422420.0000   496081    0.05%
Elapsed time = 20.87 sec. (12552.14 ticks, tree = 7.16 MB, solutions = 11)
 374173 30828        cutoff         422641.0000   422420.0000   640452    0.05%
 374174 30827    infeasible         422641.0000   422420.0000   640452    0.05%
 374175 30828   422420.0000     6   422641.0000   422420.0000   640454    0.05%
 374176 30829   422420.0000     6   422641.0000   422420.0000   640455    0.05%
 374177 30830   422420.0000     6   422641.0000   422420.0000   640456    0.05%
 374178 30831   422420.0000     6   422641.0000   422420.0000   640457    0.05%
 374179 30832   422420.0000     6   422641.0000   422420.0000   640459    0.05%
 374180 30833   422420.0000     6   422641.0000   422420.0000   640460    0.05%
 374181 30834   422420.0000     6   422641.0000   422420.0000   640462    0.05%
 374182 30835   422420.0000     6   422641.0000   422420.0000   640470    0.05%
Elapsed time = 27.08 sec. (16367.22 ticks, tree = 8.78 MB, solutions = 11)
 462497 35657   422420.0000     6   422641.0000   422420.0000   791584    0.05%
 462498 35656        cutoff         422641.0000   422420.0000   791586    0.05%
 462499 35657   422420.0000     6   422641.0000   422420.0000   791588    0.05%
 462500 35658   422420.0000     6   422641.0000   422420.0000   791589    0.05%
 462501 35659   422420.0000     6   422641.0000   422420.0000   791590    0.05%
 462502 35658        cutoff         422641.0000   422420.0000   791592    0.05%
 462503 35657        cutoff         422641.0000   422420.0000   791593    0.05%
 462504 35656    infeasible         422641.0000   422420.0000   791593    0.05%
 462505 35655    infeasible         422641.0000   422420.0000   791593    0.05%
 462506 35655   422420.0000     6   422641.0000   422420.0000   791594    0.05%
Elapsed time = 33.40 sec. (20182.46 ticks, tree = 10.97 MB, solutions = 11)
 553743 41802        cutoff         422641.0000   422420.0000   940241    0.05%
 553744 41803   422420.0000     6   422641.0000   422420.0000   940243    0.05%
 553745 41804   422420.0000     6   422641.0000   422420.0000   940244    0.05%
 553746 41803        cutoff         422641.0000   422420.0000   940247    0.05%
 553747 41804   422420.0000     6   422641.0000   422420.0000   940249    0.05%
 553748 41803        cutoff         422641.0000   422420.0000   940252    0.05%
 553749 41804   422420.0000     6   422641.0000   422420.0000   940253    0.05%
 553750 41804   422420.0000     6   422641.0000   422420.0000   940254    0.05%
 553751 41803        cutoff         422641.0000   422420.0000   940256    0.05%
 553752 41802    infeasible         422641.0000   422420.0000   940256    0.05%
Elapsed time = 39.71 sec. (23997.51 ticks, tree = 12.54 MB, solutions = 11)
 643481 47928   422420.0000     6   422641.0000   422420.0000  1087602    0.05%
 643482 47929   422420.0000     6   422641.0000   422420.0000  1087603    0.05%
 643483 47930   422420.0000     6   422641.0000   422420.0000  1087604    0.05%
 643484 47931   422420.0000     6   422641.0000   422420.0000  1087605    0.05%
 643485 47932   422420.0000     6   422641.0000   422420.0000  1087606    0.05%
 643486 47933   422420.0000     6   422641.0000   422420.0000  1087607    0.05%
 643487 47933   422420.0000     6   422641.0000   422420.0000  1087609    0.05%
 643488 47932        cutoff         422641.0000   422420.0000  1087611    0.05%
 643489 47933   422420.0000     6   422641.0000   422420.0000  1087612    0.05%
 643490 47934   422420.0000     6   422641.0000   422420.0000  1087613    0.05%
Elapsed time = 46.04 sec. (27812.54 ticks, tree = 14.11 MB, solutions = 11)
 737435 55245   422469.0000     4   422641.0000   422420.0000  1233252    0.05%
 737436 55244    infeasible         422641.0000   422420.0000  1233254    0.05%
 737437 55245   422469.0000     4   422641.0000   422420.0000  1233255    0.05%
 737438 55246   422469.0000     4   422641.0000   422420.0000  1233256    0.05%
 737439 55245    infeasible         422641.0000   422420.0000  1233257    0.05%
 737440 55246   422469.0000     4   422641.0000   422420.0000  1233259    0.05%
 737441 55247   422469.0000     4   422641.0000   422420.0000  1233260    0.05%
 737442 55248   422469.0000     4   422641.0000   422420.0000  1233263    0.05%
 737443 55247    infeasible         422641.0000   422420.0000  1233264    0.05%
 737444 55246    infeasible         422641.0000   422420.0000  1233265    0.05%
Elapsed time = 52.20 sec. (31627.60 ticks, tree = 15.94 MB, solutions = 11)
 837971 61178   422428.6667     6   422641.0000   422420.0000  1381034    0.05%
 837972 61177    infeasible         422641.0000   422420.0000  1381034    0.05%
 837973 61178   422428.6667     6   422641.0000   422420.0000  1381037    0.05%
 837974 61179   422428.6667     6   422641.0000   422420.0000  1381039    0.05%
 837975 61178    infeasible         422641.0000   422420.0000  1381039    0.05%
 837976 61177    infeasible         422641.0000   422420.0000  1381039    0.05%
 837977 61178   422420.0000     6   422641.0000   422420.0000  1381040    0.05%
 837978 61179   422420.0000     6   422641.0000   422420.0000  1381042    0.05%
 837979 61180   422420.0000     6   422641.0000   422420.0000  1381043    0.05%
 837980 61181   422420.0000     6   422641.0000   422420.0000  1381044    0.05%
Elapsed time = 58.53 sec. (35442.59 ticks, tree = 17.44 MB, solutions = 11)
 930941 68276   422420.0000     6   422641.0000   422420.0000  1536152    0.05%
 930942 68277   422420.0000     5   422641.0000   422420.0000  1536154    0.05%
 930943 68278   422420.0000     6   422641.0000   422420.0000  1536160    0.05%
 930944 68279   422420.0000     6   422641.0000   422420.0000  1536161    0.05%
 930945 68280   422420.0000     6   422641.0000   422420.0000  1536162    0.05%
 930946 68281   422420.0000     6   422641.0000   422420.0000  1536166    0.05%
 930947 68280    infeasible         422641.0000   422420.0000  1536166    0.05%
 930948 68279        cutoff         422641.0000   422420.0000  1536171    0.05%
 930949 68280   422551.0000     4   422641.0000   422420.0000  1536178    0.05%
 930950 68281   422551.0000     4   422641.0000   422420.0000  1536182    0.05%
Elapsed time = 65.15 sec. (39257.81 ticks, tree = 21.17 MB, solutions = 11)
 1021690 72888   422420.0000     6   422641.0000   422420.0000  1692767    0.05%
 1021691 72887        cutoff         422641.0000   422420.0000  1692771    0.05%
 1021692 72886    infeasible         422641.0000   422420.0000  1692773    0.05%
 1021693 72885    infeasible         422641.0000   422420.0000  1692773    0.05%
 1021694 72884    infeasible         422641.0000   422420.0000  1692776    0.05%
 1021695 72885   422420.0000     6   422641.0000   422420.0000  1692777    0.05%
 1021696 72886   422420.0000     6   422641.0000   422420.0000  1692783    0.05%
 1021697 72885    infeasible         422641.0000   422420.0000  1692783    0.05%
 1021698 72884    infeasible         422641.0000   422420.0000  1692783    0.05%
 1021699 72885   422519.5000     5   422641.0000   422420.0000  1692793    0.05%
Elapsed time = 71.58 sec. (43073.08 ticks, tree = 22.37 MB, solutions = 11)
 1110151 76657    infeasible         422641.0000   422420.0000  1853849    0.05%
 1110152 76656    infeasible         422641.0000   422420.0000  1853849    0.05%
 1110153 76657   422420.0000     6   422641.0000   422420.0000  1853851    0.05%
 1110154 76656        cutoff         422641.0000   422420.0000  1853858    0.05%
 1110155 76657   422420.0000     6   422641.0000   422420.0000  1853859    0.05%
 1110156 76658   422420.0000     6   422641.0000   422420.0000  1853860    0.05%
 1110157 76659   422420.0000     6   422641.0000   422420.0000  1853861    0.05%
 1110158 76660   422420.0000     5   422641.0000   422420.0000  1853866    0.05%
 1110159 76661   422420.0000     5   422641.0000   422420.0000  1853868    0.05%
 1110160 76662   422420.0000     5   422641.0000   422420.0000  1853869    0.05%
Elapsed time = 78.02 sec. (46888.27 ticks, tree = 23.35 MB, solutions = 11)
 1196081 80040   422420.0000     6   422641.0000   422420.0000  2015792    0.05%
 1196082 80040   422420.0000     6   422641.0000   422420.0000  2015793    0.05%
 1196083 80040   422420.0000     6   422641.0000   422420.0000  2015794    0.05%
 1196084 80039        cutoff         422641.0000   422420.0000  2015796    0.05%
 1196085 80040   422420.0000     6   422641.0000   422420.0000  2015797    0.05%
 1196086 80041   422420.0000     6   422641.0000   422420.0000  2015798    0.05%
 1196087 80042   422420.0000     6   422641.0000   422420.0000  2015799    0.05%
 1196088 80042   422420.0000     6   422641.0000   422420.0000  2015802    0.05%
 1196089 80041    infeasible         422641.0000   422420.0000  2015802    0.05%
 1196090 80042   422420.0000     6   422641.0000   422420.0000  2015804    0.05%
Elapsed time = 84.46 sec. (50703.44 ticks, tree = 24.24 MB, solutions = 11)
*1268336 59100      integral     0   422489.0000   422420.0000  2139036    0.02%
 1285525 60318   422420.0000     6   422489.0000   422420.0000  2168513    0.02%
 1285526 60317    infeasible         422489.0000   422420.0000  2168513    0.02%
 1285527 60318   422420.0000     6   422489.0000   422420.0000  2168515    0.02%
 1285528 60319   422420.0000     6   422489.0000   422420.0000  2168517    0.02%
 1285529 60320   422420.0000     6   422489.0000   422420.0000  2168518    0.02%
 1285530 60321   422420.0000     6   422489.0000   422420.0000  2168519    0.02%
 1285531 60322   422420.0000     6   422489.0000   422420.0000  2168520    0.02%
 1285532 60323   422420.0000     6   422489.0000   422420.0000  2168521    0.02%
 1285533 60324   422420.0000     6   422489.0000   422420.0000  2168522    0.02%
 1285534 60325   422420.0000     6   422489.0000   422420.0000  2168523    0.02%
Elapsed time = 90.98 sec. (54518.44 ticks, tree = 18.96 MB, solutions = 12)
 1370777 64549   422420.0000     5   422489.0000   422420.0000  2311955    0.02%
 1370778 64550   422420.0000     6   422489.0000   422420.0000  2311957    0.02%
 1370779 64551   422420.0000     6   422489.0000   422420.0000  2311958    0.02%
 1370780 64550    infeasible         422489.0000   422420.0000  2311958    0.02%
 1370781 64549    infeasible         422489.0000   422420.0000  2311958    0.02%
 1370782 64548    infeasible         422489.0000   422420.0000  2311958    0.02%
 1370783 64549   422420.0000     6   422489.0000   422420.0000  2311959    0.02%
 1370784 64550   422420.0000     6   422489.0000   422420.0000  2311960    0.02%
 1370785 64551   422420.0000     6   422489.0000   422420.0000  2311961    0.02%
 1370786 64552   422420.0000     6   422489.0000   422420.0000  2311962    0.02%
Elapsed time = 97.29 sec. (58333.56 ticks, tree = 20.02 MB, solutions = 12)
 1460329 69657   422420.0000     6   422489.0000   422420.0000  2466885    0.02%
 1460330 69656    infeasible         422489.0000   422420.0000  2466885    0.02%
 1460331 69655    infeasible         422489.0000   422420.0000  2466885    0.02%
 1460332 69654    infeasible         422489.0000   422420.0000  2466885    0.02%
 1460333 69655   422420.0000     6   422489.0000   422420.0000  2466888    0.02%
 1460334 69654    infeasible         422489.0000   422420.0000  2466888    0.02%
 1460335 69655   422420.0000     6   422489.0000   422420.0000  2466896    0.02%
 1460336 69654    infeasible         422489.0000   422420.0000  2466896    0.02%
 1460337 69653    infeasible         422489.0000   422420.0000  2466896    0.02%
 1460338 69654   422420.0000     6   422489.0000   422420.0000  2466897    0.02%
Elapsed time = 103.89 sec. (62148.73 ticks, tree = 21.30 MB, solutions = 12)
 1548438 72838        cutoff         422489.0000   422420.0000  2616314    0.02%
 1548439 72839   422420.0000     6   422489.0000   422420.0000  2616316    0.02%
 1548440 72840   422420.0000     6   422489.0000   422420.0000  2616317    0.02%
 1548441 72839    infeasible         422489.0000   422420.0000  2616317    0.02%
 1548442 72838    infeasible         422489.0000   422420.0000  2616317    0.02%
 1548443 72837    infeasible         422489.0000   422420.0000  2616317    0.02%
 1548444 72836    infeasible         422489.0000   422420.0000  2616317    0.02%
 1548445 72835    infeasible         422489.0000   422420.0000  2616317    0.02%
 1548446 72836   422420.0000     6   422489.0000   422420.0000  2616319    0.02%
 1548447 72837   422420.0000     6   422489.0000   422420.0000  2616320    0.02%
Elapsed time = 110.41 sec. (65963.77 ticks, tree = 22.09 MB, solutions = 12)
 1636345 76578   422420.0000     5   422489.0000   422420.0000  2764835    0.02%
 1636346 76577    infeasible         422489.0000   422420.0000  2764837    0.02%
 1636347 76576    infeasible         422489.0000   422420.0000  2764837    0.02%
 1636348 76577   422420.0000     6   422489.0000   422420.0000  2764838    0.02%
 1636349 76576    infeasible         422489.0000   422420.0000  2764838    0.02%
 1636350 76577   422420.0000     6   422489.0000   422420.0000  2764839    0.02%
 1636351 76578   422420.0000     6   422489.0000   422420.0000  2764842    0.02%
 1636352 76577        cutoff         422489.0000   422420.0000  2764844    0.02%
 1636353 76577   422420.0000     6   422489.0000   422420.0000  2764846    0.02%
 1636354 76576        cutoff         422489.0000   422420.0000  2764848    0.02%
Elapsed time = 117.06 sec. (69778.95 ticks, tree = 23.03 MB, solutions = 12)
 1731634 79830   422420.0000     6   422489.0000   422420.0000  2922460    0.02%
 1731635 79829    infeasible         422489.0000   422420.0000  2922460    0.02%
 1731636 79830   422420.0000     5   422489.0000   422420.0000  2922461    0.02%
 1731637 79829        cutoff         422489.0000   422420.0000  2922463    0.02%
 1731638 79828    infeasible         422489.0000   422420.0000  2922463    0.02%
 1731639 79827    infeasible         422489.0000   422420.0000  2922463    0.02%
 1731640 79828   422420.0000     5   422489.0000   422420.0000  2922466    0.02%
 1731641 79828   422420.0000     5   422489.0000   422420.0000  2922468    0.02%
 1731642 79828   422420.0000     5   422489.0000   422420.0000  2922469    0.02%
 1731643 79827        cutoff         422489.0000   422420.0000  2922471    0.02%
Elapsed time = 126.48 sec. (73593.99 ticks, tree = 23.86 MB, solutions = 12)
 1823962 83448   422420.0000     6   422489.0000   422420.0000  3081924    0.02%
 1823963 83447        cutoff         422489.0000   422420.0000  3081930    0.02%
 1823964 83446    infeasible         422489.0000   422420.0000  3081930    0.02%
 1823965 83445    infeasible         422489.0000   422420.0000  3081930    0.02%
 1823966 83446   422420.0000     6   422489.0000   422420.0000  3081931    0.02%
 1823967 83447   422420.0000     6   422489.0000   422420.0000  3081932    0.02%
 1823968 83448   422420.0000     6   422489.0000   422420.0000  3081934    0.02%
 1823969 83449   422420.0000     6   422489.0000   422420.0000  3081935    0.02%
 1823970 83450   422420.0000     6   422489.0000   422420.0000  3081937    0.02%
 1823971 83451   422420.0000     6   422489.0000   422420.0000  3081938    0.02%
Elapsed time = 136.17 sec. (77408.98 ticks, tree = 24.75 MB, solutions = 12)
*1877402 81055      integral     0   422469.0000   422420.0000  3171767    0.01%
 1921343 81669    infeasible         422469.0000   422420.0000  3239657    0.01%
 1921344 81670   422420.0000     6   422469.0000   422420.0000  3239658    0.01%
 1921345 81671   422420.0000     6   422469.0000   422420.0000  3239659    0.01%
 1921346 81672   422420.0000     6   422469.0000   422420.0000  3239660    0.01%
 1921347 81673   422420.0000     6   422469.0000   422420.0000  3239661    0.01%
 1921348 81672    infeasible         422469.0000   422420.0000  3239667    0.01%
 1921349 81671    infeasible         422469.0000   422420.0000  3239667    0.01%
 1921350 81672   422420.0000     6   422469.0000   422420.0000  3239668    0.01%
 1921351 81673   422420.0000     6   422469.0000   422420.0000  3239672    0.01%
 1921352 81672    infeasible         422469.0000   422420.0000  3239672    0.01%
Elapsed time = 145.92 sec. (81224.41 ticks, tree = 24.25 MB, solutions = 13)
 2009006 84009    infeasible         422469.0000   422420.0000  3396846    0.01%
 2009007 84010   422420.0000     6   422469.0000   422420.0000  3396849    0.01%
 2009008 84010   422420.0000     6   422469.0000   422420.0000  3396852    0.01%
 2009009 84009    infeasible         422469.0000   422420.0000  3396852    0.01%
 2009010 84010   422420.0000     6   422469.0000   422420.0000  3396853    0.01%
 2009011 84011   422420.0000     6   422469.0000   422420.0000  3396857    0.01%
 2009012 84011   422420.0000     6   422469.0000   422420.0000  3396858    0.01%
 2009013 84010    infeasible         422469.0000   422420.0000  3396859    0.01%
 2009014 84009    infeasible         422469.0000   422420.0000  3396859    0.01%
 2009015 84010   422420.0000     6   422469.0000   422420.0000  3396865    0.01%
Elapsed time = 155.65 sec. (85039.67 ticks, tree = 24.86 MB, solutions = 13)
 2097454 85739   422420.0000     6   422469.0000   422420.0000  3554563    0.01%
 2097455 85738    infeasible         422469.0000   422420.0000  3554563    0.01%
 2097456 85738   422420.0000     5   422469.0000   422420.0000  3554565    0.01%
 2097457 85737    infeasible         422469.0000   422420.0000  3554565    0.01%
 2097458 85736    infeasible         422469.0000   422420.0000  3554567    0.01%
 2097459 85735    infeasible         422469.0000   422420.0000  3554567    0.01%
 2097460 85734    infeasible         422469.0000   422420.0000  3554567    0.01%
 2097461 85735   422420.0000     6   422469.0000   422420.0000  3554568    0.01%
 2097462 85736   422420.0000     6   422469.0000   422420.0000  3554569    0.01%
 2097463 85737   422420.0000     6   422469.0000   422420.0000  3554571    0.01%
Elapsed time = 165.30 sec. (88854.65 ticks, tree = 25.30 MB, solutions = 13)
 2217578 82230   422420.0000     6   422469.0000   422420.0000  3760863    0.01%
 2217579 82231   422420.0000     6   422469.0000   422420.0000  3760864    0.01%
 2217580 82230        cutoff         422469.0000   422420.0000  3760868    0.01%
 2217581 82231   422420.0000     5   422469.0000   422420.0000  3760869    0.01%
 2217582 82232   422420.0000     6   422469.0000   422420.0000  3760870    0.01%
 2217583 82231    infeasible         422469.0000   422420.0000  3760870    0.01%
 2217584 82230    infeasible         422469.0000   422420.0000  3760870    0.01%
 2217585 82229    infeasible         422469.0000   422420.0000  3760870    0.01%
 2217586 82230   422420.0000     6   422469.0000   422420.0000  3760871    0.01%
 2217587 82229        cutoff         422469.0000   422420.0000  3760874    0.01%
Elapsed time = 174.79 sec. (92669.63 ticks, tree = 24.44 MB, solutions = 13)
 2338671 79188        cutoff         422469.0000   422420.0000  3978432    0.01%
 2338672 79187        cutoff         422469.0000   422420.0000  3978433    0.01%
 2338673 79186        cutoff         422469.0000   422420.0000  3978434    0.01%
 2338674 79185        cutoff         422469.0000   422420.0000  3978435    0.01%
 2338675 79186   422420.0000     6   422469.0000   422420.0000  3978437    0.01%
 2338676 79187   422420.0000     6   422469.0000   422420.0000  3978438    0.01%
 2338677 79188   422420.0000     6   422469.0000   422420.0000  3978440    0.01%
 2338678 79187        cutoff         422469.0000   422420.0000  3978442    0.01%
 2338679 79186        cutoff         422469.0000   422420.0000  3978444    0.01%
 2338680 79186   422420.0000     6   422469.0000   422420.0000  3978447    0.01%
Elapsed time = 184.28 sec. (96484.78 ticks, tree = 23.69 MB, solutions = 13)
 2461446 73733   422420.0000     6   422469.0000   422420.0000  4200157    0.01%
 2461447 73732    infeasible         422469.0000   422420.0000  4200166    0.01%
 2461448 73731    infeasible         422469.0000   422420.0000  4200166    0.01%
 2461449 73730        cutoff         422469.0000   422420.0000  4200168    0.01%
 2461450 73731   422420.0000     6   422469.0000   422420.0000  4200170    0.01%
 2461451 73732   422420.0000     6   422469.0000   422420.0000  4200171    0.01%
 2461452 73733   422420.0000     6   422469.0000   422420.0000  4200172    0.01%
 2461453 73734   422420.0000     6   422469.0000   422420.0000  4200173    0.01%
 2461454 73735   422420.0000     6   422469.0000   422420.0000  4200174    0.01%
 2461455 73736   422420.0000     6   422469.0000   422420.0000  4200175    0.01%
Elapsed time = 193.81 sec. (100299.87 ticks, tree = 22.35 MB, solutions = 13)
 2566850 71328   422420.0000     6   422469.0000   422420.0000  4401451    0.01%
 2566851 71329   422420.0000     6   422469.0000   422420.0000  4401452    0.01%
 2566852 71330   422420.0000     6   422469.0000   422420.0000  4401453    0.01%
 2566853 71331   422420.0000     6   422469.0000   422420.0000  4401454    0.01%
 2566854 71332   422420.0000     6   422469.0000   422420.0000  4401455    0.01%
 2566855 71333   422420.0000     6   422469.0000   422420.0000  4401456    0.01%
 2566856 71334   422420.0000     6   422469.0000   422420.0000  4401458    0.01%
 2566857 71335   422420.0000     6   422469.0000   422420.0000  4401459    0.01%
 2566858 71334        cutoff         422469.0000   422420.0000  4401461    0.01%
 2566859 71334   422420.0000     6   422469.0000   422420.0000  4401463    0.01%
Elapsed time = 203.33 sec. (104114.81 ticks, tree = 21.75 MB, solutions = 13)
 2674370 69003   422420.0000     6   422469.0000   422420.0000  4600132    0.01%
 2674371 69003   422420.0000     6   422469.0000   422420.0000  4600133    0.01%
 2674372 69003   422420.0000     6   422469.0000   422420.0000  4600134    0.01%
 2674373 69002        cutoff         422469.0000   422420.0000  4600136    0.01%
 2674374 69001    infeasible         422469.0000   422420.0000  4600136    0.01%
 2674375 69000        cutoff         422469.0000   422420.0000  4600138    0.01%
 2674376 68999        cutoff         422469.0000   422420.0000  4600139    0.01%
 2674377 69000   422420.0000     6   422469.0000   422420.0000  4600140    0.01%
 2674378 69001   422420.0000     6   422469.0000   422420.0000  4600141    0.01%
 2674379 69000        cutoff         422469.0000   422420.0000  4600148    0.01%
Elapsed time = 212.89 sec. (107929.87 ticks, tree = 21.18 MB, solutions = 13)
 2785420 65224   422420.0000     6   422469.0000   422420.0000  4801791    0.01%
 2785421 65223        cutoff         422469.0000   422420.0000  4801793    0.01%
 2785422 65224   422420.0000     6   422469.0000   422420.0000  4801795    0.01%
 2785423 65223        cutoff         422469.0000   422420.0000  4801800    0.01%
 2785424 65222        cutoff         422469.0000   422420.0000  4801804    0.01%
 2785425 65223   422442.5000     5   422469.0000   422420.0000  4801807    0.01%
 2785426 65224   422442.5000     5   422469.0000   422420.0000  4801808    0.01%
 2785427 65223        cutoff         422469.0000   422420.0000  4801810    0.01%
 2785428 65223   422442.5000     5   422469.0000   422420.0000  4801812    0.01%
 2785429 65223   422442.5000     5   422469.0000   422420.0000  4801813    0.01%
Elapsed time = 221.96 sec. (111744.98 ticks, tree = 20.25 MB, solutions = 13)
 2892854 62230   422420.0000     6   422469.0000   422420.0000  5002061    0.01%
 2892855 62231   422420.0000     6   422469.0000   422420.0000  5002062    0.01%
 2892856 62232   422420.0000     6   422469.0000   422420.0000  5002065    0.01%
 2892857 62231    infeasible         422469.0000   422420.0000  5002065    0.01%
 2892858 62230    infeasible         422469.0000   422420.0000  5002065    0.01%
 2892859 62229    infeasible         422469.0000   422420.0000  5002065    0.01%
 2892860 62230   422420.0000     6   422469.0000   422420.0000  5002069    0.01%
 2892861 62229    infeasible         422469.0000   422420.0000  5002069    0.01%
 2892862 62228    infeasible         422469.0000   422420.0000  5002069    0.01%
 2892863 62229   422420.0000     6   422469.0000   422420.0000  5002071    0.01%
Elapsed time = 231.80 sec. (115559.89 ticks, tree = 19.51 MB, solutions = 13)
 3012701 54971   422420.0000     6   422469.0000   422420.0000  5226290    0.01%
 3012702 54970    infeasible         422469.0000   422420.0000  5226290    0.01%
 3012703 54969    infeasible         422469.0000   422420.0000  5226291    0.01%
 3012704 54970   422420.0000     6   422469.0000   422420.0000  5226296    0.01%
 3012705 54969        cutoff         422469.0000   422420.0000  5226300    0.01%
 3012706 54969   422420.0000     6   422469.0000   422420.0000  5226302    0.01%
 3012707 54968    infeasible         422469.0000   422420.0000  5226302    0.01%
 3012708 54967    infeasible         422469.0000   422420.0000  5226302    0.01%
 3012709 54968   422420.0000     6   422469.0000   422420.0000  5226303    0.01%
 3012710 54969   422420.0000     6   422469.0000   422420.0000  5226304    0.01%
Elapsed time = 241.45 sec. (119374.96 ticks, tree = 17.70 MB, solutions = 13)
 3131122 46320   422420.0000     6   422469.0000   422420.0000  5450746    0.01%
 3131123 46319        cutoff         422469.0000   422420.0000  5450748    0.01%
 3131124 46319   422420.0000     6   422469.0000   422420.0000  5450749    0.01%
 3131125 46318        cutoff         422469.0000   422420.0000  5450751    0.01%
 3131126 46317    infeasible         422469.0000   422420.0000  5450751    0.01%
 3131127 46316    infeasible         422469.0000   422420.0000  5450751    0.01%
 3131128 46317   422420.0000     6   422469.0000   422420.0000  5450753    0.01%
 3131129 46318   422420.0000     6   422469.0000   422420.0000  5450754    0.01%
 3131130 46319   422420.0000     6   422469.0000   422420.0000  5450755    0.01%
 3131131 46320   422420.0000     6   422469.0000   422420.0000  5450756    0.01%
Elapsed time = 250.77 sec. (123189.97 ticks, tree = 15.56 MB, solutions = 13)
 3242256 42935   422420.0000     6   422469.0000   422420.0000  5647195    0.01%
 3242257 42936   422420.0000     6   422469.0000   422420.0000  5647196    0.01%
 3242258 42937   422420.0000     6   422469.0000   422420.0000  5647199    0.01%
 3242259 42936    infeasible         422469.0000   422420.0000  5647199    0.01%
 3242260 42936   422420.0000     6   422469.0000   422420.0000  5647200    0.01%
 3242261 42935    infeasible         422469.0000   422420.0000  5647200    0.01%
 3242262 42935   422420.0000     6   422469.0000   422420.0000  5647201    0.01%
 3242263 42936   422420.0000     6   422469.0000   422420.0000  5647203    0.01%
 3242264 42937   422420.0000     6   422469.0000   422420.0000  5647205    0.01%
 3242265 42937   422420.0000     6   422469.0000   422420.0000  5647206    0.01%
Elapsed time = 260.12 sec. (127004.92 ticks, tree = 14.73 MB, solutions = 13)
 3350541 40498   422420.0000     6   422469.0000   422420.0000  5844646    0.01%
 3350542 40497        cutoff         422469.0000   422420.0000  5844648    0.01%
 3350543 40496    infeasible         422469.0000   422420.0000  5844648    0.01%
 3350544 40497   422420.0000     6   422469.0000   422420.0000  5844650    0.01%
 3350545 40498   422420.0000     6   422469.0000   422420.0000  5844651    0.01%
 3350546 40497    infeasible         422469.0000   422420.0000  5844651    0.01%
 3350547 40496        cutoff         422469.0000   422420.0000  5844657    0.01%
 3350548 40497   422420.0000     6   422469.0000   422420.0000  5844661    0.01%
 3350549 40496    infeasible         422469.0000   422420.0000  5844661    0.01%
 3350550 40495    infeasible         422469.0000   422420.0000  5844661    0.01%
Elapsed time = 269.80 sec. (130819.90 ticks, tree = 14.14 MB, solutions = 13)
 3441851 40041   422420.0000     6   422469.0000   422420.0000  6004238    0.01%
 3441852 40040        cutoff         422469.0000   422420.0000  6004240    0.01%
 3441853 40039        cutoff         422469.0000   422420.0000  6004246    0.01%
 3441854 40038        cutoff         422469.0000   422420.0000  6004247    0.01%
 3441855 40039   422420.0000     6   422469.0000   422420.0000  6004249    0.01%
 3441856 40040   422420.0000     6   422469.0000   422420.0000  6004250    0.01%
 3441857 40039        cutoff         422469.0000   422420.0000  6004252    0.01%
 3441858 40038        cutoff         422469.0000   422420.0000  6004253    0.01%
 3441859 40037    infeasible         422469.0000   422420.0000  6004253    0.01%
 3441860 40038   422420.0000     6   422469.0000   422420.0000  6004255    0.01%
Elapsed time = 278.47 sec. (134634.95 ticks, tree = 14.04 MB, solutions = 13)
 3552168 37317        cutoff         422469.0000   422420.0000  6195165    0.01%
 3552169 37318   422420.0000     6   422469.0000   422420.0000  6195169    0.01%
 3552170 37319   422420.0000     6   422469.0000   422420.0000  6195170    0.01%
 3552171 37318    infeasible         422469.0000   422420.0000  6195170    0.01%
 3552172 37317        cutoff         422469.0000   422420.0000  6195174    0.01%
 3552173 37318   422420.0000     6   422469.0000   422420.0000  6195176    0.01%
 3552174 37319   422420.0000     6   422469.0000   422420.0000  6195177    0.01%
 3552175 37320   422420.0000     6   422469.0000   422420.0000  6195178    0.01%
 3552176 37319    infeasible         422469.0000   422420.0000  6195178    0.01%
 3552177 37318        cutoff         422469.0000   422420.0000  6195180    0.01%
Elapsed time = 284.61 sec. (138449.98 ticks, tree = 13.39 MB, solutions = 13)
 3658257 35468   422420.0000     6   422469.0000   422420.0000  6379217    0.01%
 3658258 35468   422420.0000     6   422469.0000   422420.0000  6379219    0.01%
 3658259 35467        cutoff         422469.0000   422420.0000  6379221    0.01%
 3658260 35468   422420.0000     6   422469.0000   422420.0000  6379223    0.01%
 3658261 35469   422420.0000     6   422469.0000   422420.0000  6379224    0.01%
 3658262 35470   422420.0000     6   422469.0000   422420.0000  6379225    0.01%
 3658263 35471   422420.0000     6   422469.0000   422420.0000  6379226    0.01%
 3658264 35470        cutoff         422469.0000   422420.0000  6379228    0.01%
 3658265 35471   422420.0000     6   422469.0000   422420.0000  6379229    0.01%
 3658266 35470        cutoff         422469.0000   422420.0000  6379231    0.01%
Elapsed time = 290.78 sec. (142265.01 ticks, tree = 12.95 MB, solutions = 13)
 3763137 33687        cutoff         422469.0000   422420.0000  6560616    0.01%
 3763138 33686    infeasible         422469.0000   422420.0000  6560616    0.01%
 3763139 33687   422420.0000     6   422469.0000   422420.0000  6560617    0.01%
 3763140 33688   422420.0000     6   422469.0000   422420.0000  6560618    0.01%
 3763141 33689   422420.0000     6   422469.0000   422420.0000  6560619    0.01%
 3763142 33690   422420.0000     6   422469.0000   422420.0000  6560622    0.01%
 3763143 33691   422420.0000     6   422469.0000   422420.0000  6560624    0.01%
 3763144 33690    infeasible         422469.0000   422420.0000  6560627    0.01%
 3763145 33691   422420.0000     5   422469.0000   422420.0000  6560628    0.01%
 3763146 33690    infeasible         422469.0000   422420.0000  6560634    0.01%
Elapsed time = 296.99 sec. (146080.23 ticks, tree = 12.52 MB, solutions = 13)
 3870922 30735        cutoff         422469.0000   422420.0000  6749917    0.01%
 3870923 30736   422420.0000     6   422469.0000   422420.0000  6749920    0.01%
 3870924 30736   422420.0000     6   422469.0000   422420.0000  6749921    0.01%
 3870925 30736   422420.0000     6   422469.0000   422420.0000  6749923    0.01%
 3870926 30735        cutoff         422469.0000   422420.0000  6749927    0.01%
 3870927 30736   422420.0000     6   422469.0000   422420.0000  6749930    0.01%
 3870928 30736   422420.0000     6   422469.0000   422420.0000  6749931    0.01%
 3870929 30736   422420.0000     6   422469.0000   422420.0000  6749933    0.01%
 3870930 30736   422420.0000     6   422469.0000   422420.0000  6749934    0.01%
 3870931 30735        cutoff         422469.0000   422420.0000  6749938    0.01%
Elapsed time = 303.15 sec. (149895.32 ticks, tree = 11.82 MB, solutions = 13)
 3980844 28088        cutoff         422469.0000   422420.0000  6950017    0.01%
 3980845 28088   422420.0000     6   422469.0000   422420.0000  6950018    0.01%
 3980846 28088   422420.0000     6   422469.0000   422420.0000  6950019    0.01%
 3980847 28088   422420.0000     6   422469.0000   422420.0000  6950020    0.01%
 3980848 28087        cutoff         422469.0000   422420.0000  6950022    0.01%
 3980849 28087   422420.0000     6   422469.0000   422420.0000  6950024    0.01%
 3980850 28087   422420.0000     6   422469.0000   422420.0000  6950025    0.01%
 3980851 28087   422420.0000     6   422469.0000   422420.0000  6950026    0.01%
 3980852 28086        cutoff         422469.0000   422420.0000  6950028    0.01%
 3980853 28086   422420.0000     6   422469.0000   422420.0000  6950030    0.01%
Elapsed time = 309.38 sec. (153710.38 ticks, tree = 11.18 MB, solutions = 13)
 4076393 27235   422420.0000     6   422469.0000   422420.0000  7127868    0.01%
 4076394 27234    infeasible         422469.0000   422420.0000  7127868    0.01%
 4076395 27233        cutoff         422469.0000   422420.0000  7127873    0.01%
 4076396 27233   422420.0000     6   422469.0000   422420.0000  7127875    0.01%
 4076397 27233   422420.0000     6   422469.0000   422420.0000  7127876    0.01%
 4076398 27232        cutoff         422469.0000   422420.0000  7127878    0.01%
 4076399 27231    infeasible         422469.0000   422420.0000  7127878    0.01%
 4076400 27231   422420.0000     6   422469.0000   422420.0000  7127881    0.01%
 4076401 27231   422420.0000     6   422469.0000   422420.0000  7127882    0.01%
 4076402 27230        cutoff         422469.0000   422420.0000  7127884    0.01%
Elapsed time = 315.66 sec. (157525.41 ticks, tree = 10.98 MB, solutions = 13)
 4180687 38141   422420.0000     6   422469.0000   422420.0000  7316110    0.01%
 4180688 38142   422420.0000     6   422469.0000   422420.0000  7316114    0.01%
 4180689 38141    infeasible         422469.0000   422420.0000  7316114    0.01%
 4180690 38142   422420.0000     6   422469.0000   422420.0000  7316116    0.01%
 4180691 38141    infeasible         422469.0000   422420.0000  7316116    0.01%
 4180692 38140    infeasible         422469.0000   422420.0000  7316117    0.01%
 4180693 38141   422420.0000     6   422469.0000   422420.0000  7316128    0.01%
 4180694 38140    infeasible         422469.0000   422420.0000  7316128    0.01%
 4180695 38139    infeasible         422469.0000   422420.0000  7316128    0.01%
 4180696 38140   422420.0000     6   422469.0000   422420.0000  7316131    0.01%
Elapsed time = 321.93 sec. (161340.54 ticks, tree = 13.51 MB, solutions = 13)
 4275816 53414   422420.0000     6   422469.0000   422420.0000  7485031    0.01%
 4275817 53413    infeasible         422469.0000   422420.0000  7485031    0.01%
 4275818 53412    infeasible         422469.0000   422420.0000  7485031    0.01%
 4275819 53413   422420.0000     6   422469.0000   422420.0000  7485032    0.01%
 4275820 53412    infeasible         422469.0000   422420.0000  7485032    0.01%
 4275821 53411    infeasible         422469.0000   422420.0000  7485032    0.01%
 4275822 53412   422420.0000     6   422469.0000   422420.0000  7485033    0.01%
 4275823 53413   422420.0000     5   422469.0000   422420.0000  7485036    0.01%
 4275824 53414   422420.0000     6   422469.0000   422420.0000  7485037    0.01%
 4275825 53415   422420.0000     6   422469.0000   422420.0000  7485038    0.01%
Elapsed time = 328.42 sec. (165155.61 ticks, tree = 17.14 MB, solutions = 13)
 4360365 55961   422420.0000     6   422469.0000   422420.0000  7636439    0.01%
 4360366 55961   422420.0000     6   422469.0000   422420.0000  7636440    0.01%
 4360367 55960    infeasible         422469.0000   422420.0000  7636440    0.01%
 4360368 55959        cutoff         422469.0000   422420.0000  7636442    0.01%
 4360369 55960   422420.0000     6   422469.0000   422420.0000  7636443    0.01%
 4360370 55961   422420.0000     6   422469.0000   422420.0000  7636444    0.01%
 4360371 55960    infeasible         422469.0000   422420.0000  7636444    0.01%
 4360372 55959    infeasible         422469.0000   422420.0000  7636444    0.01%
 4360373 55958        cutoff         422469.0000   422420.0000  7636450    0.01%
 4360374 55957        cutoff         422469.0000   422420.0000  7636455    0.01%
Elapsed time = 334.80 sec. (168970.76 ticks, tree = 17.78 MB, solutions = 13)
 4443076 58109   422420.0000     5   422469.0000   422420.0000  7794724    0.01%
 4443077 58108        cutoff         422469.0000   422420.0000  7794726    0.01%
 4443078 58109   422420.0000     6   422469.0000   422420.0000  7794727    0.01%
 4443079 58110   422420.0000     6   422469.0000   422420.0000  7794732    0.01%
 4443080 58111   422420.0000     6   422469.0000   422420.0000  7794733    0.01%
 4443081 58112   422420.0000     6   422469.0000   422420.0000  7794734    0.01%
 4443082 58113   422420.0000     6   422469.0000   422420.0000  7794735    0.01%
 4443083 58114   422420.0000     6   422469.0000   422420.0000  7794737    0.01%
 4443084 58113    infeasible         422469.0000   422420.0000  7794737    0.01%
 4443085 58113   422420.0000     6   422469.0000   422420.0000  7794738    0.01%
Elapsed time = 341.13 sec. (172785.91 ticks, tree = 18.32 MB, solutions = 13)
 4525961 61023   422420.0000     6   422469.0000   422420.0000  7951555    0.01%
 4525962 61022        cutoff         422469.0000   422420.0000  7951559    0.01%
 4525963 61023   422420.0000     6   422469.0000   422420.0000  7951561    0.01%
 4525964 61023   422420.0000     6   422469.0000   422420.0000  7951562    0.01%
 4525965 61022    infeasible         422469.0000   422420.0000  7951562    0.01%
 4525966 61021    infeasible         422469.0000   422420.0000  7951562    0.01%
 4525967 61020    infeasible         422469.0000   422420.0000  7951562    0.01%
 4525968 61021   422420.0000     6   422469.0000   422420.0000  7951563    0.01%
 4525969 61020    infeasible         422469.0000   422420.0000  7951563    0.01%
 4525970 61019        cutoff         422469.0000   422420.0000  7951564    0.01%
Elapsed time = 347.41 sec. (176600.98 ticks, tree = 19.04 MB, solutions = 13)
 4609399 63955   422420.0000     6   422469.0000   422420.0000  8102093    0.01%
 4609400 63954        cutoff         422469.0000   422420.0000  8102096    0.01%
 4609401 63953    infeasible         422469.0000   422420.0000  8102096    0.01%
 4609402 63952    infeasible         422469.0000   422420.0000  8102096    0.01%
 4609403 63953   422420.0000     6   422469.0000   422420.0000  8102097    0.01%
 4609404 63954   422420.0000     6   422469.0000   422420.0000  8102098    0.01%
 4609405 63955   422420.0000     6   422469.0000   422420.0000  8102100    0.01%
 4609406 63956   422420.0000     6   422469.0000   422420.0000  8102104    0.01%
 4609407 63957   422420.0000     6   422469.0000   422420.0000  8102105    0.01%
 4609408 63958   422420.0000     6   422469.0000   422420.0000  8102106    0.01%
Elapsed time = 353.72 sec. (180416.23 ticks, tree = 19.77 MB, solutions = 13)
 4696668 73319   422420.0000     6   422469.0000   422420.0000  8258497    0.01%
 4696669 73319   422420.0000     6   422469.0000   422420.0000  8258502    0.01%
 4696670 73320   422420.0000     5   422469.0000   422420.0000  8258503    0.01%
 4696671 73319        cutoff         422469.0000   422420.0000  8258511    0.01%
 4696672 73318        cutoff         422469.0000   422420.0000  8258516    0.01%
 4696673 73317        cutoff         422469.0000   422420.0000  8258518    0.01%
 4696674 73318   422420.0000     6   422469.0000   422420.0000  8258521    0.01%
 4696675 73319   422420.0000     6   422469.0000   422420.0000  8258522    0.01%
 4696676 73320   422420.0000     6   422469.0000   422420.0000  8258523    0.01%
 4696677 73321   422420.0000     6   422469.0000   422420.0000  8258524    0.01%
Elapsed time = 363.35 sec. (184231.42 ticks, tree = 21.99 MB, solutions = 13)
 4790487 79715   422420.0000     6   422469.0000   422420.0000  8416705    0.01%
 4790488 79715   422420.0000     6   422469.0000   422420.0000  8416706    0.01%
 4790489 79715   422420.0000     6   422469.0000   422420.0000  8416708    0.01%
 4790490 79715   422420.0000     6   422469.0000   422420.0000  8416709    0.01%
 4790491 79714        cutoff         422469.0000   422420.0000  8416711    0.01%
 4790492 79713        cutoff         422469.0000   422420.0000  8416720    0.01%
 4790493 79712        cutoff         422469.0000   422420.0000  8416724    0.01%
 4790494 79711        cutoff         422469.0000   422420.0000  8416729    0.01%
 4790495 79712   422420.0000     6   422469.0000   422420.0000  8416731    0.01%
 4790496 79711        cutoff         422469.0000   422420.0000  8416734    0.01%
Elapsed time = 373.26 sec. (188046.63 ticks, tree = 23.52 MB, solutions = 13)
 4887531 80572        cutoff         422469.0000   422420.0000  8589514    0.01%
 4887532 80571    infeasible         422469.0000   422420.0000  8589514    0.01%
 4887533 80570    infeasible         422469.0000   422420.0000  8589514    0.01%
 4887534 80569    infeasible         422469.0000   422420.0000  8589514    0.01%
 4887535 80570   422420.0000     6   422469.0000   422420.0000  8589515    0.01%
 4887536 80571   422420.0000     6   422469.0000   422420.0000  8589519    0.01%
 4887537 80570        cutoff         422469.0000   422420.0000  8589521    0.01%
 4887538 80569    infeasible         422469.0000   422420.0000  8589521    0.01%
 4887539 80570   422420.0000     6   422469.0000   422420.0000  8589523    0.01%
 4887540 80571   422420.0000     6   422469.0000   422420.0000  8589525    0.01%
Elapsed time = 380.72 sec. (191861.75 ticks, tree = 23.75 MB, solutions = 13)
 4985548 81563   422420.0000     5   422469.0000   422420.0000  8751208    0.01%
 4985549 81564   422420.0000     6   422469.0000   422420.0000  8751211    0.01%
 4985550 81565   422420.0000     6   422469.0000   422420.0000  8751212    0.01%
 4985551 81564    infeasible         422469.0000   422420.0000  8751212    0.01%
 4985552 81563    infeasible         422469.0000   422420.0000  8751212    0.01%
 4985553 81564   422420.0000     6   422469.0000   422420.0000  8751214    0.01%
 4985554 81565   422420.0000     6   422469.0000   422420.0000  8751216    0.01%
 4985555 81566   422420.0000     6   422469.0000   422420.0000  8751218    0.01%
 4985556 81567   422420.0000     6   422469.0000   422420.0000  8751220    0.01%
 4985557 81568   422420.0000     6   422469.0000   422420.0000  8751223    0.01%
Elapsed time = 387.06 sec. (195676.74 ticks, tree = 24.01 MB, solutions = 13)
 5106843 81298   422420.0000     6   422469.0000   422420.0000  8950801    0.01%
 5106844 81299   422420.0000     6   422469.0000   422420.0000  8950804    0.01%
 5106845 81300   422420.0000     6   422469.0000   422420.0000  8950805    0.01%
 5106846 81301   422420.0000     6   422469.0000   422420.0000  8950806    0.01%
 5106847 81302   422420.0000     6   422469.0000   422420.0000  8950807    0.01%
 5106848 81303   422420.0000     6   422469.0000   422420.0000  8950808    0.01%
 5106849 81302    infeasible         422469.0000   422420.0000  8950808    0.01%
 5106850 81301    infeasible         422469.0000   422420.0000  8950808    0.01%
 5106851 81300    infeasible         422469.0000   422420.0000  8950808    0.01%
 5106852 81299    infeasible         422469.0000   422420.0000  8950808    0.01%
Elapsed time = 393.32 sec. (199491.74 ticks, tree = 23.97 MB, solutions = 13)
 5222920 81215   422460.0000     4   422469.0000   422420.0000  9142204    0.01%
 5222921 81214    infeasible         422469.0000   422420.0000  9142204    0.01%
 5222922 81213    infeasible         422469.0000   422420.0000  9142204    0.01%
 5222923 81212    infeasible         422469.0000   422420.0000  9142204    0.01%
 5222924 81211        cutoff         422469.0000   422420.0000  9142209    0.01%
 5222925 81212   422420.0000     6   422469.0000   422420.0000  9142210    0.01%
 5222926 81213   422420.0000     6   422469.0000   422420.0000  9142211    0.01%
 5222927 81214   422420.0000     6   422469.0000   422420.0000  9142212    0.01%
 5222928 81215   422420.0000     6   422469.0000   422420.0000  9142214    0.01%
 5222929 81216   422420.0000     6   422469.0000   422420.0000  9142216    0.01%
Elapsed time = 399.66 sec. (203306.86 ticks, tree = 23.97 MB, solutions = 13)
 5317816 83953   422420.0000     5   422469.0000   422420.0000  9306232    0.01%
 5317817 83954   422420.0000     6   422469.0000   422420.0000  9306235    0.01%
 5317818 83953    infeasible         422469.0000   422420.0000  9306235    0.01%
 5317819 83952    infeasible         422469.0000   422420.0000  9306235    0.01%
 5317820 83951        cutoff         422469.0000   422420.0000  9306237    0.01%
 5317821 83952   422420.0000     6   422469.0000   422420.0000  9306238    0.01%
 5317822 83953   422420.0000     6   422469.0000   422420.0000  9306240    0.01%
 5317823 83952    infeasible         422469.0000   422420.0000  9306247    0.01%
 5317824 83953   422420.0000     6   422469.0000   422420.0000  9306248    0.01%
 5317825 83952    infeasible         422469.0000   422420.0000  9306248    0.01%
Elapsed time = 406.11 sec. (207121.96 ticks, tree = 24.64 MB, solutions = 13)
 5392334 85320   422420.0000     6   422469.0000   422420.0000  9441628    0.01%
 5392335 85321   422420.0000     6   422469.0000   422420.0000  9441629    0.01%
 5392336 85322   422420.0000     6   422469.0000   422420.0000  9441631    0.01%
 5392337 85323   422420.0000     6   422469.0000   422420.0000  9441632    0.01%
 5392338 85322    infeasible         422469.0000   422420.0000  9441632    0.01%
 5392339 85321    infeasible         422469.0000   422420.0000  9441632    0.01%
 5392340 85322   422420.0000     6   422469.0000   422420.0000  9441633    0.01%
 5392341 85323   422420.0000     6   422469.0000   422420.0000  9441634    0.01%
 5392342 85324   422420.0000     6   422469.0000   422420.0000  9441636    0.01%
 5392343 85325   422420.0000     6   422469.0000   422420.0000  9441637    0.01%
Elapsed time = 411.58 sec. (210937.08 ticks, tree = 24.98 MB, solutions = 13)
 5481142 86683   422420.0000     6   422469.0000   422420.0000  9601136    0.01%
 5481143 86684   422420.0000     6   422469.0000   422420.0000  9601137    0.01%
 5481144 86683    infeasible         422469.0000   422420.0000  9601137    0.01%
 5481145 86684   422420.0000     6   422469.0000   422420.0000  9601138    0.01%
 5481146 86683    infeasible         422469.0000   422420.0000  9601138    0.01%
 5481147 86684   422420.0000     6   422469.0000   422420.0000  9601139    0.01%
 5481148 86685   422420.0000     6   422469.0000   422420.0000  9601141    0.01%
 5481149 86686   422420.0000     6   422469.0000   422420.0000  9601142    0.01%
 5481150 86687   422420.0000     6   422469.0000   422420.0000  9601145    0.01%
 5481151 86688   422420.0000     6   422469.0000   422420.0000  9601149    0.01%
Elapsed time = 418.49 sec. (214752.24 ticks, tree = 25.32 MB, solutions = 13)
 5569397 88678   422420.0000     6   422469.0000   422420.0000  9757295    0.01%
 5569398 88677    infeasible         422469.0000   422420.0000  9757295    0.01%
 5569399 88676    infeasible         422469.0000   422420.0000  9757295    0.01%
 5569400 88677   422420.0000     6   422469.0000   422420.0000  9757296    0.01%
 5569401 88678   422420.0000     6   422469.0000   422420.0000  9757298    0.01%
 5569402 88677    infeasible         422469.0000   422420.0000  9757298    0.01%
 5569403 88676    infeasible         422469.0000   422420.0000  9757298    0.01%
 5569404 88675    infeasible         422469.0000   422420.0000  9757298    0.01%
 5569405 88676   422420.0000     6   422469.0000   422420.0000  9757300    0.01%
 5569406 88677   422420.0000     5   422469.0000   422420.0000  9757308    0.01%
Elapsed time = 424.92 sec. (218567.39 ticks, tree = 25.80 MB, solutions = 13)
 5658178 90776   422420.0000     6   422469.0000   422420.0000  9913331    0.01%
 5658179 90777   422420.0000     6   422469.0000   422420.0000  9913335    0.01%
 5658180 90778   422420.0000     6   422469.0000   422420.0000  9913336    0.01%
 5658181 90779   422420.0000     6   422469.0000   422420.0000  9913337    0.01%
 5658182 90780   422420.0000     6   422469.0000   422420.0000  9913338    0.01%
 5658183 90781   422420.0000     6   422469.0000   422420.0000  9913339    0.01%
 5658184 90782   422420.0000     6   422469.0000   422420.0000  9913340    0.01%
 5658185 90783   422420.0000     5   422469.0000   422420.0000  9913345    0.01%
 5658186 90782    infeasible         422469.0000   422420.0000  9913345    0.01%
 5658187 90781    infeasible         422469.0000   422420.0000  9913345    0.01%
Elapsed time = 431.19 sec. (222382.39 ticks, tree = 26.32 MB, solutions = 13)
 5747583 93132   422420.0000     6   422469.0000   422420.0000 10068853    0.01%
 5747584 93132   422420.0000     6   422469.0000   422420.0000 10068858    0.01%
 5747585 93131        cutoff         422469.0000   422420.0000 10068860    0.01%
 5747586 93130    infeasible         422469.0000   422420.0000 10068860    0.01%
 5747587 93131   422420.0000     6   422469.0000   422420.0000 10068863    0.01%
 5747588 93130        cutoff         422469.0000   422420.0000 10068867    0.01%
 5747589 93129    infeasible         422469.0000   422420.0000 10068867    0.01%
 5747590 93130   422420.0000     6   422469.0000   422420.0000 10068868    0.01%
 5747591 93131   422420.0000     6   422469.0000   422420.0000 10068875    0.01%
 5747592 93132   422420.0000     6   422469.0000   422420.0000 10068876    0.01%
Elapsed time = 437.47 sec. (226197.84 ticks, tree = 26.91 MB, solutions = 13)
 5835158 95779   422420.0000     5   422469.0000   422420.0000 10221285    0.01%
 5835159 95780   422420.0000     5   422469.0000   422420.0000 10221286    0.01%
 5835160 95781   422420.0000     5   422469.0000   422420.0000 10221287    0.01%
 5835161 95782   422420.0000     5   422469.0000   422420.0000 10221288    0.01%
 5835162 95781    infeasible         422469.0000   422420.0000 10221288    0.01%
 5835163 95780    infeasible         422469.0000   422420.0000 10221288    0.01%
 5835164 95779    infeasible         422469.0000   422420.0000 10221288    0.01%
 5835165 95778    infeasible         422469.0000   422420.0000 10221296    0.01%
 5835166 95777    infeasible         422469.0000   422420.0000 10221305    0.01%
 5835167 95778   422420.0000     5   422469.0000   422420.0000 10221306    0.01%
Elapsed time = 443.66 sec. (230013.06 ticks, tree = 27.57 MB, solutions = 13)
 5915792 97751        cutoff         422469.0000   422420.0000 10360243    0.01%
 5915793 97750        cutoff         422469.0000   422420.0000 10360244    0.01%
 5915794 97751   422420.0000     6   422469.0000   422420.0000 10360245    0.01%
 5915795 97750        cutoff         422469.0000   422420.0000 10360246    0.01%
 5915796 97749        cutoff         422469.0000   422420.0000 10360248    0.01%
 5915797 97748        cutoff         422469.0000   422420.0000 10360250    0.01%
 5915798 97747        cutoff         422469.0000   422420.0000 10360251    0.01%
 5915799 97748   422420.0000     6   422469.0000   422420.0000 10360253    0.01%
 5915800 97749   422420.0000     6   422469.0000   422420.0000 10360255    0.01%
 5915801 97748    infeasible         422469.0000   422420.0000 10360257    0.01%
Elapsed time = 449.86 sec. (233828.86 ticks, tree = 28.07 MB, solutions = 13)
 5995674 99397   422420.0000     6   422469.0000   422420.0000 10491015    0.01%
 5995675 99398   422420.0000     6   422469.0000   422420.0000 10491016    0.01%
 5995676 99399   422420.0000     6   422469.0000   422420.0000 10491017    0.01%
 5995677 99400   422420.0000     6   422469.0000   422420.0000 10491018    0.01%
 5995678 99401   422420.0000     6   422469.0000   422420.0000 10491019    0.01%
 5995679 99402   422420.0000     6   422469.0000   422420.0000 10491020    0.01%
 5995680 99403   422420.0000     6   422469.0000   422420.0000 10491021    0.01%
 5995681 99404   422420.0000     6   422469.0000   422420.0000 10491022    0.01%
 5995682 99405   422420.0000     6   422469.0000   422420.0000 10491023    0.01%
 5995683 99404    infeasible         422469.0000   422420.0000 10491023    0.01%
Elapsed time = 455.99 sec. (237643.82 ticks, tree = 28.48 MB, solutions = 13)
 6077943 101306   422420.0000     6   422469.0000   422420.0000 10635147    0.01%
 6077944 101307   422420.0000     5   422469.0000   422420.0000 10635148    0.01%
 6077945 101308   422420.0000     6   422469.0000   422420.0000 10635149    0.01%
 6077946 101309   422420.0000     6   422469.0000   422420.0000 10635150    0.01%
 6077947 101308        cutoff         422469.0000   422420.0000 10635154    0.01%
 6077948 101309   422420.0000     6   422469.0000   422420.0000 10635156    0.01%
 6077949 101308    infeasible         422469.0000   422420.0000 10635160    0.01%
 6077950 101307    infeasible         422469.0000   422420.0000 10635160    0.01%
 6077951 101308   422420.0000     6   422469.0000   422420.0000 10635163    0.01%
 6077952 101307    infeasible         422469.0000   422420.0000 10635163    0.01%
Elapsed time = 462.14 sec. (241458.91 ticks, tree = 28.96 MB, solutions = 13)
 6152718 103672   422420.0000     6   422469.0000   422420.0000 10763080    0.01%
 6152719 103672   422420.0000     6   422469.0000   422420.0000 10763086    0.01%
 6152720 103671    infeasible         422469.0000   422420.0000 10763086    0.01%
 6152721 103670    infeasible         422469.0000   422420.0000 10763086    0.01%
 6152722 103671   422420.0000     6   422469.0000   422420.0000 10763089    0.01%
 6152723 103672   422420.0000     6   422469.0000   422420.0000 10763093    0.01%
 6152724 103671    infeasible         422469.0000   422420.0000 10763093    0.01%
 6152725 103670    infeasible         422469.0000   422420.0000 10763093    0.01%
 6152726 103671   422420.0000     6   422469.0000   422420.0000 10763095    0.01%
 6152727 103672   422420.0000     6   422469.0000   422420.0000 10763098    0.01%
Elapsed time = 468.26 sec. (245274.02 ticks, tree = 29.55 MB, solutions = 13)
 6235630 105739   422420.0000     6   422469.0000   422420.0000 10908402    0.01%
 6235631 105740   422420.0000     6   422469.0000   422420.0000 10908403    0.01%
 6235632 105739    infeasible         422469.0000   422420.0000 10908403    0.01%
 6235633 105738    infeasible         422469.0000   422420.0000 10908403    0.01%
 6235634 105739   422420.0000     6   422469.0000   422420.0000 10908409    0.01%
 6235635 105738    infeasible         422469.0000   422420.0000 10908409    0.01%
 6235636 105739   422420.0000     6   422469.0000   422420.0000 10908410    0.01%
 6235637 105738        cutoff         422469.0000   422420.0000 10908413    0.01%
 6235638 105737        cutoff         422469.0000   422420.0000 10908421    0.01%
 6235639 105738   422420.0000     6   422469.0000   422420.0000 10908422    0.01%
Elapsed time = 474.39 sec. (249089.33 ticks, tree = 30.07 MB, solutions = 13)
*6257063 75832      integral     0   422431.0000   422420.0000 10944493    0.00%

Mixed integer rounding cuts applied:  1

Root node processing (before b&c):
  Real time             =    0.01 sec. (2.66 ticks)
Sequential b&c:
  Real time             =  475.85 sec. (250173.44 ticks)
                          ------------
Total (root+branch&cut) =  475.86 sec. (250176.10 ticks)
2 of 14 MIP starts provided solutions.
MIP start 'm1' defined initial solution with objective 422427.0000.
Tried aggregator 2 times.
MIP Presolve eliminated 1 rows and 0 columns.
Aggregator did 1 substitutions.
Reduced MIP has 31 rows, 103 columns, and 208 nonzeros.
Reduced MIP has 100 binaries, 0 generals, 0 SOSs, and 0 indicators.
Presolve time = 0.00 sec. (0.21 ticks)
Probing time = 0.00 sec. (0.08 ticks)
Cover probing fixed 0 vars, tightened 8 bounds.
Tried aggregator 1 time.
Reduced MIP has 31 rows, 103 columns, and 208 nonzeros.
Reduced MIP has 100 binaries, 3 generals, 0 SOSs, and 0 indicators.
Presolve time = 0.00 sec. (0.14 ticks)
Probing time = 0.00 sec. (0.07 ticks)
Clique table members: 25.
MIP emphasis: balance optimality and feasibility.
MIP search method: dynamic search.
Parallel mode: none, using 1 thread.
Root relaxation solution time = 0.00 sec. (0.18 ticks)

        Nodes                                         Cuts/
   Node  Left     Objective  IInf  Best Integer    Best Bound    ItCnt     Gap

*     0+    0                       422427.0000        0.0000           100.00%
      0     0   422416.0000     6   422427.0000   422416.0000       54    0.00%

Root node processing (before b&c):
  Real time             =    0.00 sec. (0.95 ticks)
Sequential b&c:
  Real time             =    0.00 sec. (0.00 ticks)
                          ------------
Total (root+branch&cut) =    0.00 sec. (0.95 ticks)
1 of 1 MIP starts provided solutions.
MIP start 'm1' defined initial solution with objective 422416.0000.
Tried aggregator 2 times.
MIP Presolve eliminated 3 rows and 0 columns.
Aggregator did 1 substitutions.
Reduced MIP has 31 rows, 103 columns, and 208 nonzeros.
Reduced MIP has 100 binaries, 0 generals, 0 SOSs, and 0 indicators.
Presolve time = 0.00 sec. (0.21 ticks)
Probing time = 0.00 sec. (0.08 ticks)
Cover probing fixed 0 vars, tightened 8 bounds.
Tried aggregator 1 time.
Reduced MIP has 31 rows, 103 columns, and 208 nonzeros.
Reduced MIP has 100 binaries, 3 generals, 0 SOSs, and 0 indicators.
Presolve time = 0.00 sec. (0.14 ticks)
Probing time = 0.00 sec. (0.07 ticks)
Clique table members: 25.
MIP emphasis: balance optimality and feasibility.
MIP search method: dynamic search.
Parallel mode: none, using 1 thread.
Root relaxation solution time = 0.00 sec. (0.18 ticks)

        Nodes                                         Cuts/
   Node  Left     Objective  IInf  Best Integer    Best Bound    ItCnt     Gap

*     0+    0                       422416.0000        0.0000           100.00%
      0     0   422410.5000     7   422416.0000   422410.5000       53    0.00%

Root node processing (before b&c):
  Real time             =    0.00 sec. (0.92 ticks)
Sequential b&c:
  Real time             =    0.00 sec. (0.00 ticks)
                          ------------
Total (root+branch&cut) =    0.00 sec. (0.92 ticks)
1 of 1 MIP starts provided solutions.
MIP start 'm1' defined initial solution with objective 422405.0000.
Tried aggregator 2 times.
MIP Presolve eliminated 6 rows and 0 columns.
Aggregator did 1 substitutions.
Reduced MIP has 31 rows, 103 columns, and 208 nonzeros.
Reduced MIP has 100 binaries, 0 generals, 0 SOSs, and 0 indicators.
Presolve time = 0.00 sec. (0.21 ticks)
Probing time = 0.00 sec. (0.08 ticks)
Cover probing fixed 0 vars, tightened 8 bounds.
Tried aggregator 1 time.
Reduced MIP has 31 rows, 103 columns, and 208 nonzeros.
Reduced MIP has 100 binaries, 3 generals, 0 SOSs, and 0 indicators.
Presolve time = 0.00 sec. (0.14 ticks)
Probing time = 0.00 sec. (0.07 ticks)
Clique table members: 25.
MIP emphasis: balance optimality and feasibility.
MIP search method: dynamic search.
Parallel mode: none, using 1 thread.
Root relaxation solution time = 0.00 sec. (0.14 ticks)

        Nodes                                         Cuts/
   Node  Left     Objective  IInf  Best Integer    Best Bound    ItCnt     Gap

*     0+    0                       422405.0000        0.0000           100.00%
      0     0        cutoff         422405.0000                     44    0.00%

Root node processing (before b&c):
  Real time             =    0.00 sec. (0.87 ticks)
Sequential b&c:
  Real time             =    0.00 sec. (0.00 ticks)
                          ------------
Total (root+branch&cut) =    0.00 sec. (0.87 ticks)
