
Gurobi 6.5.2 (linux64) logging started Fri Mar  2 13:28:15 2018

Changed value of parameter LogFile to data/solutions/planning/wellformed/moderate/weighting/wellformed_moderate_instance57_gurobi.log
   Prev: gurobi.log  Default: 
Changed value of parameter Threads to 1
   Prev: 0  Min: 0  Max: 1024  Default: 0
Optimize a model with 40 rows, 156 columns and 314 nonzeros
Coefficient statistics:
  Matrix range    [1e+00, 2e+02]
  Objective range [1e+00, 2e+01]
  Bounds range    [1e+00, 1e+00]
  RHS range       [1e+00, 1e+00]
Found heuristic solution: objective 25142
Presolve removed 3 rows and 3 columns
Presolve time: 0.00s
Presolved: 37 rows, 153 columns, 309 nonzeros
Variable types: 0 continuous, 153 integer (150 binary)

Root relaxation: objective 1.360900e+04, 58 iterations, 0.00 seconds

    Nodes    |    Current Node    |     Objective Bounds      |     Work
 Expl Unexpl |  Obj  Depth IntInf | Incumbent    BestBd   Gap | It/Node Time

     0     0 13609.0000    0    6 25142.0000 13609.0000  45.9%     -    0s
H    0     0                    18259.000000 13609.0000  25.5%     -    0s
     0     0 13609.0000    0    9 18259.0000 13609.0000  25.5%     -    0s
H    0     0                    15288.000000 13609.0000  11.0%     -    0s
     0     0 13609.0000    0   16 15288.0000 13609.0000  11.0%     -    0s
     0     0 13609.0000    0    6 15288.0000 13609.0000  11.0%     -    0s
     0     2 13609.0000    0    5 15288.0000 13609.0000  11.0%     -    0s
*   79    64              70    13689.000000 13609.0000  0.58%   2.5    0s
*  134   103              49    13677.000000 13609.0000  0.50%   2.4    0s
H  135   102                    13676.000000 13609.0000  0.49%   2.4    0s
H  462   245                    13666.000000 13609.0000  0.42%   2.1    0s
*  499     2              55    13609.000000 13609.0000  0.00%   2.1    0s

Cutting planes:
  Gomory: 1

Explored 500 nodes (1329 simplex iterations) in 0.05 seconds
Thread count was 1 (of 8 available processors)

Optimal solution found (tolerance 1.00e-04)
Best objective 1.360900000000e+04, best bound 1.360900000000e+04, gap 0.0%
