
Gurobi 6.5.2 (linux64) logging started Fri Mar  2 12:47:39 2018

Changed value of parameter LogFile to data/solutions/planning/wellformed/moderate/weighting/wellformed_moderate_instance27_gurobi.log
   Prev: gurobi.log  Default: 
Changed value of parameter Threads to 1
   Prev: 0  Min: 0  Max: 1024  Default: 0
Optimize a model with 28 rows, 85 columns and 171 nonzeros
Coefficient statistics:
  Matrix range    [1e+00, 2e+02]
  Objective range [1e+00, 8e+00]
  Bounds range    [1e+00, 1e+00]
  RHS range       [1e+00, 1e+00]
Found heuristic solution: objective 6817
Presolve removed 3 rows and 3 columns
Presolve time: 0.00s
Presolved: 25 rows, 82 columns, 166 nonzeros
Variable types: 0 continuous, 82 integer (80 binary)

Root relaxation: objective 5.981250e+03, 37 iterations, 0.00 seconds

    Nodes    |    Current Node    |     Objective Bounds      |     Work
 Expl Unexpl |  Obj  Depth IntInf | Incumbent    BestBd   Gap | It/Node Time

     0     0 5981.25000    0    7 6817.00000 5981.25000  12.3%     -    0s
H    0     0                    6509.0000000 5981.25000  8.11%     -    0s
     0     0 5984.00000    0   11 6509.00000 5984.00000  8.07%     -    0s
     0     0 5984.00000    0    8 6509.00000 5984.00000  8.07%     -    0s
H    0     0                    6264.0000000 5984.00000  4.47%     -    0s
     0     0 5984.00000    0   10 6264.00000 5984.00000  4.47%     -    0s
     0     0 5984.00000    0    8 6264.00000 5984.00000  4.47%     -    0s
     0     0 5984.00000    0    4 6264.00000 5984.00000  4.47%     -    0s
     0     2 5984.00000    0    4 6264.00000 5984.00000  4.47%     -    0s
H   65    50                    6138.0000000 5984.00000  2.51%   2.0    0s
H   69    49                    6033.0000000 5984.00000  0.81%   2.2    0s
H  192    89                    6022.0000000 5984.00000  0.63%   2.0    0s
*  211     2              26    5984.0000000 5984.00000  0.00%   2.0    0s

Cutting planes:
  Gomory: 4
  Cover: 14
  MIR: 1
  Zero half: 1

Explored 212 nodes (530 simplex iterations) in 0.02 seconds
Thread count was 1 (of 8 available processors)

Optimal solution found (tolerance 1.00e-04)
Best objective 5.984000000000e+03, best bound 5.984000000000e+03, gap 0.0%
