
Log started (V12.6.3.0) Fri Mar  2 12:42:27 2018

New value for default parallel thread count: 1

Problem '/tmp/tmpxsUACX.pyomo.lp' read.
Read time = 0.00 sec. (0.01 ticks)

Problem name         : /tmp/tmpxsUACX.pyomo.lp
Objective sense      : Minimize
Variables            :      85  [Nneg: 5,  Binary: 80]
Objective nonzeros   :       4
Linear constraints   :      28  [Less: 3,  Equal: 25]
  Nonzeros           :     171
  RHS nonzeros       :      21

Variables            : Min LB: 0.000000         Max UB: 1.000000       
Objective nonzeros   : Min   : 1.000000         Max   : 8.000000       
Linear constraints   :
  Nonzeros           : Min   : 1.000000         Max   : 1589.000       
  RHS nonzeros       : Min   : 1.000000         Max   : 1.000000       
Found incumbent of value 146152.000000 after 0.00 sec. (0.01 ticks)
Tried aggregator 2 times.
MIP Presolve eliminated 1 rows and 1 columns.
Aggregator did 2 substitutions.
Reduced MIP has 25 rows, 82 columns, and 166 nonzeros.
Reduced MIP has 80 binaries, 0 generals, 0 SOSs, and 0 indicators.
Presolve time = 0.00 sec. (0.19 ticks)
Probing fixed 0 vars, tightened 10 bounds.
Probing time = 0.00 sec. (0.10 ticks)
Tried aggregator 1 time.
Reduced MIP has 25 rows, 82 columns, and 166 nonzeros.
Reduced MIP has 80 binaries, 2 generals, 0 SOSs, and 0 indicators.
Presolve time = 0.00 sec. (0.10 ticks)
Probing time = 0.00 sec. (0.06 ticks)
Clique table members: 20.
MIP emphasis: balance optimality and feasibility.
MIP search method: dynamic search.
Parallel mode: none, using 1 thread.
Root relaxation solution time = 0.00 sec. (0.12 ticks)

        Nodes                                         Cuts/
   Node  Left     Objective  IInf  Best Integer    Best Bound    ItCnt     Gap

*     0+    0                       146152.0000        0.0000           100.00%
      0     0    68508.7500     7   146152.0000    68508.7500       28   53.12%
*     0+    0                        80890.0000    68508.7500            15.31%
      0     0    68508.7500    10    80890.0000       Cuts: 6       38   15.31%
      0     0    68508.7500    13    80890.0000       Cuts: 5       45   15.31%
*     0+    0                        76145.0000    68508.7500            10.03%
*     0+    0                        70970.0000    68508.7500             3.47%
      0     2    68508.7500     9    70970.0000    68508.7500       45    3.47%
Elapsed time = 0.00 sec. (2.50 ticks, tree = 0.01 MB, solutions = 4)
*    30+   27                        70832.0000    68508.7500             3.28%
*    67    40      integral     0    70793.0000    68508.7500      208    3.23%
*    80+   39                        69802.0000    68508.7500             1.85%
*   172    94      integral     0    69481.0000    68508.7500      401    1.40%
*   272+  125                        69178.0000    68508.7500             0.97%
*   272+  121                        69004.0000    68508.7500             0.72%
*  2390   268      integral     0    68784.0000    68508.7500     3934    0.40%
*  2396   248      integral     0    68728.0000    68508.7500     3945    0.32%
   3578   195        cutoff          68728.0000    68513.0000     5596    0.31%
   3579   194        cutoff          68728.0000    68513.0000     5598    0.31%
   3580   193        cutoff          68728.0000    68513.0000     5601    0.31%
   3581   192        cutoff          68728.0000    68513.0000     5605    0.31%
   3582   193    68513.0000     4    68728.0000    68513.0000     5606    0.31%
   3583   194    68513.0000     4    68728.0000    68513.0000     5607    0.31%
   3584   195    68513.0000     4    68728.0000    68513.0000     5608    0.31%
   3585   194        cutoff          68728.0000    68513.0000     5611    0.31%
   3586   195    68513.0000     4    68728.0000    68513.0000     5612    0.31%
*  3609+  194                        68695.0000    68513.0000             0.26%
*  4075   196      integral     0    68544.0000    68513.0000     6118    0.05%
*  4086   195      integral     0    68540.0000    68513.0000     6127    0.04%
*  4109+  192                        68534.0000    68513.0000             0.03%
  12529   529        cutoff          68534.0000    68513.0000    17647    0.03%
Elapsed time = 1.64 sec. (1008.15 ticks, tree = 0.14 MB, solutions = 16)
* 16806   592      integral     0    68530.0000    68513.0000    24039    0.02%
  40008   752        cutoff          68530.0000    68513.0000    61415    0.02%
  40009   752    68513.0000     4    68530.0000    68513.0000    61421    0.02%
  40010   751    infeasible          68530.0000    68513.0000    61422    0.02%
  40011   752    68513.0000     6    68530.0000    68513.0000    61423    0.02%
  40012   753    68513.0000     6    68530.0000    68513.0000    61424    0.02%
  40013   754    68513.0000     6    68530.0000    68513.0000    61425    0.02%
  40014   755    68513.0000     6    68530.0000    68513.0000    61430    0.02%
  40015   754        cutoff          68530.0000    68513.0000    61431    0.02%
  40016   753        cutoff          68530.0000    68513.0000    61434    0.02%
  40017   752        cutoff          68530.0000    68513.0000    61435    0.02%
Elapsed time = 3.20 sec. (1962.14 ticks, tree = 0.19 MB, solutions = 17)
  68651   981    68526.0000     4    68530.0000    68513.0000   107447    0.02%
  68652   982    68526.0000     4    68530.0000    68513.0000   107448    0.02%
  68653   983    68526.0000     4    68530.0000    68513.0000   107450    0.02%
  68654   982        cutoff          68530.0000    68513.0000   107452    0.02%
  68655   983    68526.0000     4    68530.0000    68513.0000   107458    0.02%
  68656   982    infeasible          68530.0000    68513.0000   107458    0.02%
  68657   981    infeasible          68530.0000    68513.0000   107460    0.02%
  68658   982    68513.0000     5    68530.0000    68513.0000   107461    0.02%
  68659   983    68513.0000     5    68530.0000    68513.0000   107462    0.02%
  68660   984    68513.0000     5    68530.0000    68513.0000   107463    0.02%
Elapsed time = 4.77 sec. (2916.12 ticks, tree = 0.24 MB, solutions = 17)
  97241  1430    68513.0000     6    68530.0000    68513.0000   155654    0.02%
  97242  1429        cutoff          68530.0000    68513.0000   155657    0.02%
  97243  1428        cutoff          68530.0000    68513.0000   155660    0.02%
  97244  1427    infeasible          68530.0000    68513.0000   155660    0.02%
  97245  1426    infeasible          68530.0000    68513.0000   155660    0.02%
  97246  1427    68513.0000     6    68530.0000    68513.0000   155663    0.02%
  97247  1426        cutoff          68530.0000    68513.0000   155667    0.02%
  97248  1427    68513.0000     6    68530.0000    68513.0000   155669    0.02%
  97249  1426        cutoff          68530.0000    68513.0000   155670    0.02%
  97250  1425        cutoff          68530.0000    68513.0000   155672    0.02%
Elapsed time = 6.44 sec. (3870.10 ticks, tree = 0.37 MB, solutions = 17)
 123136  1721    68513.0000     6    68530.0000    68513.0000   199382    0.02%
 123137  1720        cutoff          68530.0000    68513.0000   199384    0.02%
 123138  1721    68513.0000     6    68530.0000    68513.0000   199387    0.02%
 123139  1722    68513.0000     6    68530.0000    68513.0000   199388    0.02%
 123140  1721        cutoff          68530.0000    68513.0000   199390    0.02%
 123141  1722    68513.0000     6    68530.0000    68513.0000   199391    0.02%
 123142  1723    68513.0000     6    68530.0000    68513.0000   199392    0.02%
 123143  1722        cutoff          68530.0000    68513.0000   199394    0.02%
 123144  1723    68513.0000     6    68530.0000    68513.0000   199397    0.02%
 123145  1724    68513.0000     6    68530.0000    68513.0000   199399    0.02%
Elapsed time = 8.02 sec. (4824.09 ticks, tree = 0.44 MB, solutions = 17)
 151198  1651    infeasible          68530.0000    68513.0000   244179    0.02%
 151199  1652    68513.0000     6    68530.0000    68513.0000   244180    0.02%
 151200  1653    68513.0000     5    68530.0000    68513.0000   244183    0.02%
 151201  1654    68513.0000     6    68530.0000    68513.0000   244184    0.02%
 151202  1655    68513.0000     6    68530.0000    68513.0000   244185    0.02%
 151203  1656    68513.0000     6    68530.0000    68513.0000   244186    0.02%
 151204  1657    68513.0000     6    68530.0000    68513.0000   244188    0.02%
 151205  1658    68513.0000     6    68530.0000    68513.0000   244190    0.02%
 151206  1657    infeasible          68530.0000    68513.0000   244190    0.02%
 151207  1658    68513.0000     6    68530.0000    68513.0000   244191    0.02%
Elapsed time = 9.57 sec. (5778.14 ticks, tree = 0.43 MB, solutions = 17)
 179203  1278    68513.0000     6    68530.0000    68513.0000   290511    0.02%
 179204  1279    68513.0000     6    68530.0000    68513.0000   290512    0.02%
 179205  1280    68513.0000     6    68530.0000    68513.0000   290513    0.02%
 179206  1281    68513.0000     6    68530.0000    68513.0000   290515    0.02%
 179207  1282    68513.0000     6    68530.0000    68513.0000   290516    0.02%
 179208  1283    68513.0000     6    68530.0000    68513.0000   290518    0.02%
 179209  1282        cutoff          68530.0000    68513.0000   290520    0.02%
 179210  1281        cutoff          68530.0000    68513.0000   290521    0.02%
 179211  1280        cutoff          68530.0000    68513.0000   290525    0.02%
 179212  1281    68513.0000     5    68530.0000    68513.0000   290526    0.02%
Elapsed time = 12.00 sec. (6732.12 ticks, tree = 0.34 MB, solutions = 17)
 205033  1382    68513.0000     6    68530.0000    68513.0000   330999    0.02%
 205034  1383    68513.0000     6    68530.0000    68513.0000   331001    0.02%
 205035  1384    68513.0000     6    68530.0000    68513.0000   331002    0.02%
 205036  1385    68513.0000     6    68530.0000    68513.0000   331004    0.02%
 205037  1384        cutoff          68530.0000    68513.0000   331005    0.02%
 205038  1385    68513.0000     6    68530.0000    68513.0000   331006    0.02%
 205039  1384        cutoff          68530.0000    68513.0000   331007    0.02%
 205040  1383        cutoff          68530.0000    68513.0000   331009    0.02%
 205041  1384    68513.0000     6    68530.0000    68513.0000   331011    0.02%
 205042  1383        cutoff          68530.0000    68513.0000   331013    0.02%
Elapsed time = 14.49 sec. (7686.20 ticks, tree = 0.37 MB, solutions = 17)
 233903  1127    68513.0000     6    68530.0000    68513.0000   378020    0.02%
 233904  1128    68513.0000     6    68530.0000    68513.0000   378023    0.02%
 233905  1129    68513.0000     6    68530.0000    68513.0000   378024    0.02%
 233906  1128        cutoff          68530.0000    68513.0000   378025    0.02%
 233907  1129    68513.0000     6    68530.0000    68513.0000   378026    0.02%
 233908  1128        cutoff          68530.0000    68513.0000   378028    0.02%
 233909  1127        cutoff          68530.0000    68513.0000   378029    0.02%
 233910  1126        cutoff          68530.0000    68513.0000   378033    0.02%
 233911  1127    68513.0000     6    68530.0000    68513.0000   378035    0.02%
 233912  1128    68513.0000     6    68530.0000    68513.0000   378036    0.02%
Elapsed time = 17.00 sec. (8640.15 ticks, tree = 0.32 MB, solutions = 17)
 262247  1066    68513.0000     6    68530.0000    68513.0000   424053    0.02%
 262248  1067    68513.0000     6    68530.0000    68513.0000   424054    0.02%
 262249  1066        cutoff          68530.0000    68513.0000   424059    0.02%
 262250  1065        cutoff          68530.0000    68513.0000   424061    0.02%
 262251  1066    68513.0000     5    68530.0000    68513.0000   424062    0.02%
 262252  1067    68513.0000     5    68530.0000    68513.0000   424063    0.02%
 262253  1068    68513.0000     6    68530.0000    68513.0000   424064    0.02%
 262254  1069    68513.0000     6    68530.0000    68513.0000   424065    0.02%
 262255  1068        cutoff          68530.0000    68513.0000   424066    0.02%
 336429  1522    68513.0000     5    68530.0000    68513.0000   542282    0.02%
Elapsed time = 26.69 sec. (12454.85 ticks, tree = 0.40 MB, solutions = 17)
*347061   813      integral     0    68526.0000    68513.0000   557669    0.02%
*396302   920      integral     0    68520.0000    68513.0000   636732    0.01%
 439691   762    68513.0000     6    68520.0000    68513.0000   701488    0.01%
 439692   761        cutoff          68520.0000    68513.0000   701489    0.01%
 439693   760        cutoff          68520.0000    68513.0000   701490    0.01%
 439694   761    68513.0000     6    68520.0000    68513.0000   701494    0.01%
 439695   762    68513.0000     6    68520.0000    68513.0000   701495    0.01%
 439696   763    68513.0000     6    68520.0000    68513.0000   701497    0.01%
 439697   764    68513.0000     6    68520.0000    68513.0000   701498    0.01%
 439698   765    68513.0000     6    68520.0000    68513.0000   701499    0.01%
 439699   766    68513.0000     6    68520.0000    68513.0000   701500    0.01%
 439700   767    68513.0000     6    68520.0000    68513.0000   701501    0.01%
Elapsed time = 36.48 sec. (16270.02 ticks, tree = 0.22 MB, solutions = 19)
 553662    78    68513.0000     6    68520.0000    68513.0000   871292    0.01%
 553663    77        cutoff          68520.0000    68513.0000   871293    0.01%
 553664    78    68513.0000     6    68520.0000    68513.0000   871294    0.01%
 553665    77        cutoff          68520.0000    68513.0000   871295    0.01%
 553666    76        cutoff          68520.0000    68513.0000   871297    0.01%
 553667    75    infeasible          68520.0000    68513.0000   871297    0.01%
 553668    76    68513.0000     6    68520.0000    68513.0000   871299    0.01%
 553669    77    68513.0000     6    68520.0000    68513.0000   871300    0.01%
 553670    78    68513.0000     6    68520.0000    68513.0000   871301    0.01%
 553671    77        cutoff          68520.0000    68513.0000   871302    0.01%
Elapsed time = 46.36 sec. (20085.00 ticks, tree = 0.07 MB, solutions = 19)

Cover cuts applied:  2
Mixed integer rounding cuts applied:  1

Root node processing (before b&c):
  Real time             =    0.00 sec. (2.51 ticks)
Sequential b&c:
  Real time             =   51.04 sec. (22003.78 ticks)
                          ------------
Total (root+branch&cut) =   51.05 sec. (22006.29 ticks)

Solution pool: 19 solutions saved.

MIP - Integer optimal, tolerance (0.0001/1e-06):  Objective =  6.8520000000e+04
Current MIP best bound =  6.8515500000e+04 (gap = 4.5, 0.01%)
Solution time =   51.05 sec.  Iterations = 952529  Nodes = 607311 (1)
Deterministic time = 22006.29 ticks  (431.11 ticks/sec)


Incumbent solution written to file '/tmp/tmpse0Iuo.cplex.sol'.
