
Log started (V12.6.3.0) Fri Apr 20 20:05:40 2018

New value for default parallel thread count: 1

Problem '/tmp/tmpQGLfQw.pyomo.lp' read.
Read time = 0.00 sec. (0.08 ticks)

Problem name         : /tmp/tmpQGLfQw.pyomo.lp
Objective sense      : Minimize
Variables            :     212  [Nneg: 1,  Binary: 205,  General Integer: 6]
Objective nonzeros   :       1
Linear constraints   :      94  [Less: 46,  Equal: 48]
  Nonzeros           :    5531
  RHS nonzeros       :      83

Variables            : Min LB: 0.000000         Max UB: 1.000000       
Objective nonzeros   : Min   : 1.000000         Max   : 1.000000       
Linear constraints   :
  Nonzeros           : Min   : 1.000000         Max   : 1963.000       
  RHS nonzeros       : Min   : 1.000000         Max   : 5.000000       
Tried aggregator 2 times.
MIP Presolve eliminated 44 rows and 55 columns.
Aggregator did 8 substitutions.
Reduced MIP has 42 rows, 149 columns, and 381 nonzeros.
Reduced MIP has 148 binaries, 1 generals, 0 SOSs, and 0 indicators.
Presolve time = 0.00 sec. (1.39 ticks)
Found incumbent of value 19444.000000 after 0.00 sec. (1.69 ticks)
Probing time = 0.00 sec. (0.12 ticks)
Cover probing fixed 0 vars, tightened 6 bounds.
Tried aggregator 1 time.
Reduced MIP has 42 rows, 149 columns, and 381 nonzeros.
Reduced MIP has 148 binaries, 1 generals, 0 SOSs, and 0 indicators.
Presolve time = 0.00 sec. (0.27 ticks)
Probing time = 0.00 sec. (0.08 ticks)
Clique table members: 37.
MIP emphasis: balance optimality and feasibility.
MIP search method: dynamic search.
Parallel mode: none, using 1 thread.
Root relaxation solution time = 0.00 sec. (0.12 ticks)

        Nodes                                         Cuts/
   Node  Left     Objective  IInf  Best Integer    Best Bound    ItCnt     Gap

*     0+    0                        19444.0000     1963.0000            89.90%
      0     0     4861.0000     5    19444.0000     4861.0000        7   75.00%
*     0+    0                         5094.0000     4861.0000             4.57%
      0     0     4861.0000     7     5094.0000       Cuts: 5       16    4.57%
*     0+    0                         5027.0000     4861.0000             3.30%
      0     0     4861.0000     8     5027.0000      Cuts: 11       23    3.30%
*     0+    0                         5016.0000     4861.0000             3.09%
*     0+    0                         4978.0000     4861.0000             2.35%
      0     2     4861.0000     8     4978.0000     4861.0000       23    2.35%
Elapsed time = 0.01 sec. (6.60 ticks, tree = 0.01 MB, solutions = 5)
*    20+   17                         4968.0000     4861.0000             2.15%
*    40+   23                         4911.0000     4861.0000             1.02%
*   100+   61                         4908.0000     4861.0000             0.96%
*   200+  110                         4902.0000     4861.0000             0.84%
*   201   108      integral     0     4887.0000     4861.0000      505    0.53%
*   301+  161                         4881.0000     4861.0000             0.41%
*   301+  160                         4868.0000     4861.0000             0.14%
*  1873+  309                         4867.0000     4861.0000             0.12%
*  2088   349      integral     0     4865.0000     4861.0000     4165    0.08%
   2273   481     4861.0000     6     4865.0000     4861.0000     4499    0.08%
   2274   482     4861.0000     6     4865.0000     4861.0000     4501    0.08%
   2275   483     4861.0000     6     4865.0000     4861.0000     4502    0.08%
   2276   484     4861.0000     6     4865.0000     4861.0000     4503    0.08%
   2277   485     4861.0000     6     4865.0000     4861.0000     4504    0.08%
   2278   486     4861.0000     6     4865.0000     4861.0000     4505    0.08%
   2279   487     4861.0000     6     4865.0000     4861.0000     4506    0.08%
   2280   488     4861.0000     6     4865.0000     4861.0000     4509    0.08%
   2281   489     4861.0000     6     4865.0000     4861.0000     4510    0.08%
*  2573+  662                         4864.0000     4861.0000             0.06%
*  2739   736      integral     0     4862.0000     4861.0000     5222    0.02%
   8796  2920     4861.0000     5     4862.0000     4861.0000    18034    0.02%
Elapsed time = 1.27 sec. (960.42 ticks, tree = 0.85 MB, solutions = 16)
  22766 10280    infeasible           4862.0000     4861.0000    48297    0.02%
  22767 10279    infeasible           4862.0000     4861.0000    48301    0.02%
  22768 10278    infeasible           4862.0000     4861.0000    48308    0.02%
  22769 10278     4861.0000     5     4862.0000     4861.0000    48318    0.02%
  22770 10277    infeasible           4862.0000     4861.0000    48321    0.02%
  22771 10278     4861.0000     6     4862.0000     4861.0000    48325    0.02%
  22772 10279     4861.0000     6     4862.0000     4861.0000    48326    0.02%
  22773 10280     4861.0000     8     4862.0000     4861.0000    48329    0.02%
  22774 10279    infeasible           4862.0000     4861.0000    48339    0.02%
  22775 10280     4861.0000     8     4862.0000     4861.0000    48342    0.02%
Elapsed time = 2.55 sec. (1916.08 ticks, tree = 3.07 MB, solutions = 16)
  37959 14981     4861.0000     6     4862.0000     4861.0000    86561    0.02%
  37960 14980    infeasible           4862.0000     4861.0000    86566    0.02%
  37961 14981     4861.0000     6     4862.0000     4861.0000    86567    0.02%
  37962 14982     4861.0000     6     4862.0000     4861.0000    86568    0.02%
  37963 14981    infeasible           4862.0000     4861.0000    86580    0.02%
  37964 14980    infeasible           4862.0000     4861.0000    86583    0.02%
  37965 14979    infeasible           4862.0000     4861.0000    86587    0.02%
  37966 14978    infeasible           4862.0000     4861.0000    86592    0.02%
  37967 14977    infeasible           4862.0000     4861.0000    86597    0.02%
  37968 14976    infeasible           4862.0000     4861.0000    86603    0.02%
Elapsed time = 3.80 sec. (2870.78 ticks, tree = 4.30 MB, solutions = 16)
  52222 17695     4861.0000     6     4862.0000     4861.0000   123178    0.02%
  52223 17696     4861.0000     6     4862.0000     4861.0000   123179    0.02%
  52224 17695    infeasible           4862.0000     4861.0000   123181    0.02%
  52225 17694    infeasible           4862.0000     4861.0000   123185    0.02%
  52226 17693    infeasible           4862.0000     4861.0000   123190    0.02%
  52227 17692    infeasible           4862.0000     4861.0000   123192    0.02%
  52228 17691    infeasible           4862.0000     4861.0000   123198    0.02%
  52229 17692     4861.0000     6     4862.0000     4861.0000   123199    0.02%
  52230 17693     4861.0000     6     4862.0000     4861.0000   123201    0.02%
  52231 17694     4861.0000     8     4862.0000     4861.0000   123206    0.02%
Elapsed time = 5.06 sec. (3825.06 ticks, tree = 5.48 MB, solutions = 16)
  66847 20114    infeasible           4862.0000     4861.0000   161140    0.02%
  66848 20113    infeasible           4862.0000     4861.0000   161140    0.02%
  66849 20112    infeasible           4862.0000     4861.0000   161140    0.02%
  66850 20111    infeasible           4862.0000     4861.0000   161140    0.02%
  66851 20111     4861.0000     6     4862.0000     4861.0000   161141    0.02%
  66852 20112     4861.0000     6     4862.0000     4861.0000   161142    0.02%
  66853 20113     4861.0000     6     4862.0000     4861.0000   161143    0.02%
  66854 20114     4861.0000     8     4862.0000     4861.0000   161146    0.02%
  66855 20113    infeasible           4862.0000     4861.0000   161149    0.02%
  66856 20112    infeasible           4862.0000     4861.0000   161153    0.02%
Elapsed time = 6.31 sec. (4779.29 ticks, tree = 6.11 MB, solutions = 16)
  82193 24645     4861.0000     6     4862.0000     4861.0000   200296    0.02%
  82194 24646     4861.0000     6     4862.0000     4861.0000   200297    0.02%
  82195 24647     4861.0000     6     4862.0000     4861.0000   200298    0.02%
  82196 24648     4861.0000     6     4862.0000     4861.0000   200299    0.02%
  82197 24649     4861.0000     6     4862.0000     4861.0000   200300    0.02%
  82198 24650     4861.0000     6     4862.0000     4861.0000   200301    0.02%
  82199 24651     4861.0000     6     4862.0000     4861.0000   200302    0.02%
  82200 24652     4861.0000     6     4862.0000     4861.0000   200303    0.02%
  82201 24653     4861.0000     8     4862.0000     4861.0000   200306    0.02%
  82202 24654     4861.0000     8     4862.0000     4861.0000   200310    0.02%
Elapsed time = 7.55 sec. (5733.45 ticks, tree = 7.30 MB, solutions = 16)
  95783 26961    infeasible           4862.0000     4861.0000   239599    0.02%
  95784 26962     4861.0000     6     4862.0000     4861.0000   239600    0.02%
  95785 26961    infeasible           4862.0000     4861.0000   239605    0.02%
  95786 26962     4861.0000     6     4862.0000     4861.0000   239606    0.02%
  95787 26963     4861.0000     8     4862.0000     4861.0000   239608    0.02%
  95788 26964     4861.0000     6     4862.0000     4861.0000   239610    0.02%
  95789 26963    infeasible           4862.0000     4861.0000   239616    0.02%
  95790 26964     4861.0000     6     4862.0000     4861.0000   239617    0.02%
  95791 26965     4861.0000     7     4862.0000     4861.0000   239619    0.02%
  95792 26966     4861.0000     8     4862.0000     4861.0000   239620    0.02%
Elapsed time = 8.81 sec. (6687.84 ticks, tree = 7.93 MB, solutions = 16)
 109157 29197     4861.0000     8     4862.0000     4861.0000   276491    0.02%
 109158 29198     4861.0000     6     4862.0000     4861.0000   276492    0.02%
 109159 29199     4861.0000     6     4862.0000     4861.0000   276493    0.02%
 109160 29200     4861.0000     7     4862.0000     4861.0000   276496    0.02%
 109161 29201     4861.0000     8     4862.0000     4861.0000   276497    0.02%
 109162 29200    infeasible           4862.0000     4861.0000   276504    0.02%
 109163 29199    infeasible           4862.0000     4861.0000   276507    0.02%
 109164 29198    infeasible           4862.0000     4861.0000   276515    0.02%
 109165 29197    infeasible           4862.0000     4861.0000   276521    0.02%
 109166 29196    infeasible           4862.0000     4861.0000   276525    0.02%
Elapsed time = 10.06 sec. (7642.41 ticks, tree = 8.52 MB, solutions = 16)
 122351 30927     4861.0000     6     4862.0000     4861.0000   313230    0.02%
 122352 30928     4861.0000     6     4862.0000     4861.0000   313231    0.02%
 122353 30929     4861.0000     6     4862.0000     4861.0000   313232    0.02%
 122354 30928    infeasible           4862.0000     4861.0000   313232    0.02%
 122355 30927    infeasible           4862.0000     4861.0000   313233    0.02%
 122356 30926    infeasible           4862.0000     4861.0000   313234    0.02%
 122357 30927     4861.0000     6     4862.0000     4861.0000   313236    0.02%
 122358 30928     4861.0000     6     4862.0000     4861.0000   313237    0.02%
 122359 30929     4861.0000     6     4862.0000     4861.0000   313238    0.02%
 122360 30929     4861.0000     6     4862.0000     4861.0000   313239    0.02%
Elapsed time = 11.32 sec. (8596.82 ticks, tree = 8.98 MB, solutions = 16)
 136234 32661    infeasible           4862.0000     4861.0000   348152    0.02%
 136235 32660    infeasible           4862.0000     4861.0000   348154    0.02%
 136236 32659    infeasible           4862.0000     4861.0000   348159    0.02%
 136237 32660     4861.0000     5     4862.0000     4861.0000   348164    0.02%
 136238 32660     4861.0000     6     4862.0000     4861.0000   348167    0.02%
 136239 32661     4861.0000     6     4862.0000     4861.0000   348171    0.02%
 136240 32660    infeasible           4862.0000     4861.0000   348175    0.02%
 136241 32659    infeasible           4862.0000     4861.0000   348175    0.02%
 136242 32658    infeasible           4862.0000     4861.0000   348177    0.02%
 181361 46725     4861.0000     6     4862.0000     4861.0000   460162    0.02%
Elapsed time = 16.29 sec. (12411.62 ticks, tree = 14.03 MB, solutions = 16)
 232273 53619     4861.0000     8     4862.0000     4861.0000   591257    0.02%
 232274 53620     4861.0000     6     4862.0000     4861.0000   591258    0.02%
 232275 53619    infeasible           4862.0000     4861.0000   591258    0.02%
 232276 53618    infeasible           4862.0000     4861.0000   591262    0.02%
 232277 53619     4861.0000     7     4862.0000     4861.0000   591267    0.02%
 232278 53620     4861.0000     8     4862.0000     4861.0000   591268    0.02%
 232279 53621     4861.0000     8     4862.0000     4861.0000   591269    0.02%
 232280 53622     4861.0000     8     4862.0000     4861.0000   591270    0.02%
 232281 53623     4861.0000     8     4862.0000     4861.0000   591277    0.02%
 232282 53622    infeasible           4862.0000     4861.0000   591282    0.02%
Elapsed time = 21.27 sec. (16226.90 ticks, tree = 15.89 MB, solutions = 16)
 284186 63330     4861.0000     6     4862.0000     4861.0000   732460    0.02%
 284187 63329    infeasible           4862.0000     4861.0000   732462    0.02%
 284188 63328    infeasible           4862.0000     4861.0000   732462    0.02%
 284189 63327    infeasible           4862.0000     4861.0000   732465    0.02%
 284190 63326    infeasible           4862.0000     4861.0000   732468    0.02%
 284191 63327     4861.0000     6     4862.0000     4861.0000   732469    0.02%
 284192 63328     4861.0000     6     4862.0000     4861.0000   732471    0.02%
 284193 63329     4861.0000     6     4862.0000     4861.0000   732472    0.02%
 284194 63330     4861.0000     6     4862.0000     4861.0000   732473    0.02%
 284195 63331     4861.0000     6     4862.0000     4861.0000   732474    0.02%
Elapsed time = 26.26 sec. (20042.43 ticks, tree = 18.47 MB, solutions = 16)
 341326 83455     4861.0000     8     4862.0000     4861.0000   879073    0.02%
 341327 83456     4861.0000     8     4862.0000     4861.0000   879075    0.02%
 341328 83457     4861.0000     8     4862.0000     4861.0000   879076    0.02%
 341329 83458     4861.0000     6     4862.0000     4861.0000   879077    0.02%
 341330 83459     4861.0000     8     4862.0000     4861.0000   879079    0.02%
 341331 83459     4861.0000     8     4862.0000     4861.0000   879083    0.02%
 341332 83460     4861.0000     8     4862.0000     4861.0000   879087    0.02%
 341333 83461     4861.0000     6     4862.0000     4861.0000   879088    0.02%
 341334 83462     4861.0000     8     4862.0000     4861.0000   879091    0.02%
 341335 83463     4861.0000     6     4862.0000     4861.0000   879092    0.02%
Elapsed time = 31.12 sec. (23857.56 ticks, tree = 25.60 MB, solutions = 16)
 395487 95079     4861.0000     8     4862.0000     4861.0000  1018856    0.02%
 395488 95080     4861.0000     8     4862.0000     4861.0000  1018857    0.02%
 395489 95081     4861.0000     7     4862.0000     4861.0000  1018861    0.02%
 395490 95082     4861.0000     6     4862.0000     4861.0000  1018864    0.02%
 395491 95083     4861.0000     6     4862.0000     4861.0000  1018865    0.02%
 395492 95084     4861.0000     6     4862.0000     4861.0000  1018866    0.02%
 395493 95085     4861.0000     6     4862.0000     4861.0000  1018867    0.02%
 395494 95086     4861.0000     6     4862.0000     4861.0000  1018869    0.02%
 395495 95087     4861.0000     6     4862.0000     4861.0000  1018870    0.02%
 395496 95088     4861.0000     5     4862.0000     4861.0000  1018872    0.02%
Elapsed time = 36.04 sec. (27672.79 ticks, tree = 28.78 MB, solutions = 16)
 446757 101850    infeasible           4862.0000     4861.0000  1160874    0.02%
 446758 101849    infeasible           4862.0000     4861.0000  1160881    0.02%
 446759 101850     4861.0000     6     4862.0000     4861.0000  1160882    0.02%
 446760 101849    infeasible           4862.0000     4861.0000  1160882    0.02%
 446761 101848    infeasible           4862.0000     4861.0000  1160888    0.02%
 446762 101847    infeasible           4862.0000     4861.0000  1160894    0.02%
 446763 101846    infeasible           4862.0000     4861.0000  1160899    0.02%
 446764 101845    infeasible           4862.0000     4861.0000  1160904    0.02%
 446765 101844    infeasible           4862.0000     4861.0000  1160904    0.02%
 446766 101843    infeasible           4862.0000     4861.0000  1160909    0.02%
Elapsed time = 40.97 sec. (31488.77 ticks, tree = 30.67 MB, solutions = 16)
 498923 108582    infeasible           4862.0000     4861.0000  1301626    0.02%
 498924 108581    infeasible           4862.0000     4861.0000  1301634    0.02%
 498925 108580    infeasible           4862.0000     4861.0000  1301634    0.02%
 498926 108579    infeasible           4862.0000     4861.0000  1301639    0.02%
 498927 108578    infeasible           4862.0000     4861.0000  1301642    0.02%
 498928 108577    infeasible           4862.0000     4861.0000  1301642    0.02%
 498929 108576    infeasible           4862.0000     4861.0000  1301645    0.02%
 498930 108577     4861.0000     8     4862.0000     4861.0000  1301648    0.02%
 498931 108576    infeasible           4862.0000     4861.0000  1301658    0.02%
 498932 108577     4861.0000     8     4862.0000     4861.0000  1301659    0.02%
Elapsed time = 45.92 sec. (35304.54 ticks, tree = 32.54 MB, solutions = 16)
 552032 114585    infeasible           4862.0000     4861.0000  1443223    0.02%
 552033 114584    infeasible           4862.0000     4861.0000  1443231    0.02%
 552034 114583    infeasible           4862.0000     4861.0000  1443236    0.02%
 552035 114582    infeasible           4862.0000     4861.0000  1443236    0.02%
 552036 114581    infeasible           4862.0000     4861.0000  1443245    0.02%
 552037 114580    infeasible           4862.0000     4861.0000  1443251    0.02%
 552038 114579    infeasible           4862.0000     4861.0000  1443257    0.02%
 552039 114578    infeasible           4862.0000     4861.0000  1443257    0.02%
 552040 114577    infeasible           4862.0000     4861.0000  1443262    0.02%
 552041 114576    infeasible           4862.0000     4861.0000  1443271    0.02%
Elapsed time = 50.86 sec. (39119.79 ticks, tree = 34.24 MB, solutions = 16)
 603769 121505     4861.0000     6     4862.0000     4861.0000  1585312    0.02%
 603770 121506     4861.0000     6     4862.0000     4861.0000  1585313    0.02%
 603771 121507     4861.0000     8     4862.0000     4861.0000  1585318    0.02%
 603772 121508     4861.0000     6     4862.0000     4861.0000  1585319    0.02%
 603773 121509     4861.0000     6     4862.0000     4861.0000  1585321    0.02%
 603774 121510     4861.0000     6     4862.0000     4861.0000  1585323    0.02%
 603775 121511     4861.0000     6     4862.0000     4861.0000  1585324    0.02%
 603776 121512     4861.0000     6     4862.0000     4861.0000  1585325    0.02%
 603777 121513     4861.0000     7     4862.0000     4861.0000  1585328    0.02%
 603778 121514     4861.0000     6     4862.0000     4861.0000  1585329    0.02%
Elapsed time = 55.77 sec. (42934.91 ticks, tree = 36.15 MB, solutions = 16)
 653520 126867    infeasible           4862.0000     4861.0000  1722846    0.02%
 653521 126866    infeasible           4862.0000     4861.0000  1722849    0.02%
 653522 126865    infeasible           4862.0000     4861.0000  1722851    0.02%
 653523 126864    infeasible           4862.0000     4861.0000  1722857    0.02%
 653524 126863    infeasible           4862.0000     4861.0000  1722863    0.02%
 653525 126864     4861.0000     6     4862.0000     4861.0000  1722864    0.02%
 653526 126863    infeasible           4862.0000     4861.0000  1722872    0.02%
 653527 126864     4861.0000     8     4862.0000     4861.0000  1722874    0.02%
 653528 126865     4861.0000     6     4862.0000     4861.0000  1722877    0.02%
 653529 126865     4861.0000     6     4862.0000     4861.0000  1722882    0.02%
Elapsed time = 60.60 sec. (46750.33 ticks, tree = 37.65 MB, solutions = 16)
 704716 134052    infeasible           4862.0000     4861.0000  1863249    0.02%
 704717 134051    infeasible           4862.0000     4861.0000  1863261    0.02%
 704718 134050    infeasible           4862.0000     4861.0000  1863261    0.02%
 704719 134049    infeasible           4862.0000     4861.0000  1863267    0.02%
 704720 134048    infeasible           4862.0000     4861.0000  1863267    0.02%
 704721 134047    infeasible           4862.0000     4861.0000  1863267    0.02%
 704722 134046    infeasible           4862.0000     4861.0000  1863272    0.02%
 704723 134045    infeasible           4862.0000     4861.0000  1863272    0.02%
 704724 134044    infeasible           4862.0000     4861.0000  1863273    0.02%
 704725 134045     4861.0000     8     4862.0000     4861.0000  1863279    0.02%
Elapsed time = 65.48 sec. (50565.94 ticks, tree = 41.24 MB, solutions = 16)
 758819 146760    infeasible           4862.0000     4861.0000  2008421    0.02%
 758820 146759    infeasible           4862.0000     4861.0000  2008424    0.02%
 758821 146758    infeasible           4862.0000     4861.0000  2008432    0.02%
 758822 146759     4861.0000     6     4862.0000     4861.0000  2008437    0.02%
 758823 146760     4861.0000     6     4862.0000     4861.0000  2008439    0.02%
 758824 146761     4861.0000     6     4862.0000     4861.0000  2008440    0.02%
 758825 146762     4861.0000     6     4862.0000     4861.0000  2008441    0.02%
 758826 146763     4861.0000     6     4862.0000     4861.0000  2008442    0.02%
 758827 146764     4861.0000     6     4862.0000     4861.0000  2008443    0.02%
 758828 146763    infeasible           4862.0000     4861.0000  2008450    0.02%
Elapsed time = 70.36 sec. (54381.45 ticks, tree = 44.55 MB, solutions = 16)
 811327 153815     4861.0000     8     4862.0000     4861.0000  2153911    0.02%
 811328 153816     4861.0000     8     4862.0000     4861.0000  2153913    0.02%
 811329 153817     4861.0000     8     4862.0000     4861.0000  2153915    0.02%
 811330 153818     4861.0000     8     4862.0000     4861.0000  2153916    0.02%
 811331 153819     4861.0000     8     4862.0000     4861.0000  2153918    0.02%
 811332 153820     4861.0000     8     4862.0000     4861.0000  2153919    0.02%
 811333 153821     4861.0000     8     4862.0000     4861.0000  2153920    0.02%
 811334 153822     4861.0000     6     4862.0000     4861.0000  2153921    0.02%
 811335 153821    infeasible           4862.0000     4861.0000  2153927    0.02%
 811336 153822     4861.0000     6     4862.0000     4861.0000  2153928    0.02%
Elapsed time = 75.23 sec. (58196.74 ticks, tree = 46.45 MB, solutions = 16)
 865195 161395    infeasible           4862.0000     4861.0000  2296857    0.02%
 865196 161394    infeasible           4862.0000     4861.0000  2296861    0.02%
 865197 161393    infeasible           4862.0000     4861.0000  2296862    0.02%
 865198 161393     4861.0000     8     4862.0000     4861.0000  2296865    0.02%
 865199 161394     4861.0000     6     4862.0000     4861.0000  2296867    0.02%
 865200 161393    infeasible           4862.0000     4861.0000  2296867    0.02%
 865201 161394     4861.0000     6     4862.0000     4861.0000  2296870    0.02%
 865202 161395     4861.0000     6     4862.0000     4861.0000  2296871    0.02%
 865203 161396     4861.0000     7     4862.0000     4861.0000  2296873    0.02%
 865204 161395    infeasible           4862.0000     4861.0000  2296873    0.02%
Elapsed time = 80.11 sec. (62012.43 ticks, tree = 49.52 MB, solutions = 16)
 917820 168918     4861.0000     6     4862.0000     4861.0000  2427484    0.02%
 917821 168917    infeasible           4862.0000     4861.0000  2427484    0.02%
 917822 168918     4861.0000     6     4862.0000     4861.0000  2427485    0.02%
 917823 168917    infeasible           4862.0000     4861.0000  2427486    0.02%
 917824 168918     4861.0000     6     4862.0000     4861.0000  2427491    0.02%
 917825 168917    infeasible           4862.0000     4861.0000  2427495    0.02%
 917826 168916    infeasible           4862.0000     4861.0000  2427495    0.02%
 917827 168915    infeasible           4862.0000     4861.0000  2427500    0.02%
 917828 168914    infeasible           4862.0000     4861.0000  2427514    0.02%
 917829 168913    infeasible           4862.0000     4861.0000  2427518    0.02%
Elapsed time = 84.98 sec. (65828.06 ticks, tree = 51.47 MB, solutions = 16)
 970045 174605     4861.0000     8     4862.0000     4861.0000  2546336    0.02%
 970046 174606     4861.0000     6     4862.0000     4861.0000  2546338    0.02%
 970047 174607     4861.0000     6     4862.0000     4861.0000  2546339    0.02%
 970048 174608     4861.0000     6     4862.0000     4861.0000  2546340    0.02%
 970049 174609     4861.0000     8     4862.0000     4861.0000  2546343    0.02%
 970050 174610     4861.0000     8     4862.0000     4861.0000  2546344    0.02%
 970051 174611     4861.0000     6     4862.0000     4861.0000  2546346    0.02%
 970052 174612     4861.0000     6     4862.0000     4861.0000  2546347    0.02%
 970053 174613     4861.0000     6     4862.0000     4861.0000  2546349    0.02%
 970054 174614     4861.0000     7     4862.0000     4861.0000  2546354    0.02%
Elapsed time = 89.89 sec. (69643.12 ticks, tree = 52.94 MB, solutions = 16)
 1015041 179854     4861.0000     5     4862.0000     4861.0000  2651547    0.02%
 1015042 179853    infeasible           4862.0000     4861.0000  2651551    0.02%
 1015043 179854     4861.0000     6     4862.0000     4861.0000  2651552    0.02%
 1015044 179853    infeasible           4862.0000     4861.0000  2651557    0.02%
 1015045 179854     4861.0000     5     4862.0000     4861.0000  2651558    0.02%
 1015046 179855     4861.0000     5     4862.0000     4861.0000  2651559    0.02%
 1015047 179856     4861.0000     7     4862.0000     4861.0000  2651561    0.02%
 1015048 179855    infeasible           4862.0000     4861.0000  2651565    0.02%
 1015049 179854    infeasible           4862.0000     4861.0000  2651565    0.02%
 1015050 179853    infeasible           4862.0000     4861.0000  2651570    0.02%
Elapsed time = 94.75 sec. (73458.29 ticks, tree = 54.30 MB, solutions = 16)
 1066885 185011    infeasible           4862.0000     4861.0000  2771283    0.02%
 1066886 185012     4861.0000     8     4862.0000     4861.0000  2771284    0.02%
 1066887 185011    infeasible           4862.0000     4861.0000  2771288    0.02%
 1066888 185012     4861.0000     6     4862.0000     4861.0000  2771291    0.02%
 1066889 185013     4861.0000     6     4862.0000     4861.0000  2771295    0.02%
 1066890 185012    infeasible           4862.0000     4861.0000  2771295    0.02%
 1066891 185013     4861.0000     6     4862.0000     4861.0000  2771296    0.02%
 1066892 185012    infeasible           4862.0000     4861.0000  2771299    0.02%
 1066893 185011    infeasible           4862.0000     4861.0000  2771299    0.02%
 1066894 185010    infeasible           4862.0000     4861.0000  2771302    0.02%
Elapsed time = 99.69 sec. (77273.64 ticks, tree = 55.64 MB, solutions = 16)

Root node processing (before b&c):
  Real time             =    0.01 sec. (6.62 ticks)
Sequential b&c:
  Real time             =   99.99 sec. (77646.03 ticks)
                          ------------
Total (root+branch&cut) =  100.00 sec. (77652.65 ticks)

Solution pool: 16 solutions saved.

MIP - Time limit exceeded, integer feasible:  Objective =  4.8620000000e+03
Current MIP best bound =  4.8610000000e+03 (gap = 1, 0.02%)
Solution time =  100.00 sec.  Iterations = 2777582  Nodes = 1069591 (185226)
Deterministic time = 77652.65 ticks  (776.53 ticks/sec)


Incumbent solution written to file '/tmp/tmp7qHzok.cplex.sol'.
