
Log started (V12.6.3.0) Fri Apr 20 20:25:51 2018

New value for default parallel thread count: 1

Problem '/tmp/tmpKCABrk.pyomo.lp' read.
Read time = 0.00 sec. (0.09 ticks)

Problem name         : /tmp/tmpKCABrk.pyomo.lp
Objective sense      : Minimize
Variables            :     212  [Nneg: 1,  Binary: 205,  General Integer: 6]
Objective nonzeros   :       1
Linear constraints   :      94  [Less: 46,  Equal: 48]
  Nonzeros           :    5859
  RHS nonzeros       :      83

Variables            : Min LB: 0.000000         Max UB: 1.000000       
Objective nonzeros   : Min   : 1.000000         Max   : 1.000000       
Linear constraints   :
  Nonzeros           : Min   : 1.000000         Max   : 1963.000       
  RHS nonzeros       : Min   : 1.000000         Max   : 5.000000       
Tried aggregator 2 times.
MIP Presolve eliminated 44 rows and 55 columns.
Aggregator did 8 substitutions.
Reduced MIP has 42 rows, 149 columns, and 387 nonzeros.
Reduced MIP has 148 binaries, 1 generals, 0 SOSs, and 0 indicators.
Presolve time = 0.00 sec. (1.44 ticks)
Found incumbent of value 19444.000000 after 0.00 sec. (1.75 ticks)
Probing time = 0.00 sec. (0.12 ticks)
Cover probing fixed 0 vars, tightened 6 bounds.
Tried aggregator 1 time.
Reduced MIP has 42 rows, 149 columns, and 387 nonzeros.
Reduced MIP has 148 binaries, 1 generals, 0 SOSs, and 0 indicators.
Presolve time = 0.00 sec. (0.27 ticks)
Probing time = 0.00 sec. (0.08 ticks)
Clique table members: 37.
MIP emphasis: balance optimality and feasibility.
MIP search method: dynamic search.
Parallel mode: none, using 1 thread.
Root relaxation solution time = 0.00 sec. (0.12 ticks)

        Nodes                                         Cuts/
   Node  Left     Objective  IInf  Best Integer    Best Bound    ItCnt     Gap

*     0+    0                        19444.0000     1963.0000            89.90%
      0     0     4861.0000     6    19444.0000     4861.0000        8   75.00%
*     0+    0                         5739.0000     4861.0000            15.30%
      0     0     4861.0000     8     5739.0000      Fract: 3       16   15.30%
      0     0     4861.0000    10     5739.0000       Cuts: 6       20   15.30%
*     0+    0                         5176.0000     4861.0000             6.09%
*     0+    0                         5005.0000     4861.0000             2.88%
*     0+    0                         4893.0000     4861.0000             0.65%
      0     2     4861.0000     6     4893.0000     4861.0000       20    0.65%
Elapsed time = 0.01 sec. (6.80 ticks, tree = 0.01 MB, solutions = 5)
*   270+  194                         4874.0000     4861.0000             0.27%
*   288   212      integral     0     4869.0000     4861.0000      718    0.16%
*   633   380      integral     0     4863.0000     4861.0000     1489    0.04%
   2173   651     4861.0000     8     4863.0000     4861.0000     4809    0.04%
   2174   651     4861.0000     8     4863.0000     4861.0000     4810    0.04%
   2175   652     4861.0000     8     4863.0000     4861.0000     4811    0.04%
   2176   653     4861.0000     8     4863.0000     4861.0000     4812    0.04%
   2177   653     4861.0000     8     4863.0000     4861.0000     4813    0.04%
   2178   654     4861.0000     8     4863.0000     4861.0000     4814    0.04%
   2179   655     4861.0000     8     4863.0000     4861.0000     4815    0.04%
   2180   655     4861.0000     8     4863.0000     4861.0000     4816    0.04%
   2181   656     4861.0000     8     4863.0000     4861.0000     4817    0.04%
   8508  3586     4861.0000     8     4863.0000     4861.0000    16625    0.04%
Elapsed time = 1.25 sec. (960.56 ticks, tree = 1.01 MB, solutions = 8)
  21953  8042     4861.0000     8     4863.0000     4861.0000    45716    0.04%
  21954  8043     4861.0000     8     4863.0000     4861.0000    45717    0.04%
  21955  8044     4861.0000     8     4863.0000     4861.0000    45718    0.04%
  21956  8045     4861.0000     8     4863.0000     4861.0000    45719    0.04%
  21957  8046     4861.0000     8     4863.0000     4861.0000    45720    0.04%
  21958  8047     4861.0000     8     4863.0000     4861.0000    45721    0.04%
  21959  8047     4861.0000     6     4863.0000     4861.0000    45724    0.04%
  21960  8046        cutoff           4863.0000     4861.0000    45729    0.04%
  21961  8045        cutoff           4863.0000     4861.0000    45733    0.04%
  21962  8044        cutoff           4863.0000     4861.0000    45741    0.04%
Elapsed time = 2.50 sec. (1915.30 ticks, tree = 2.25 MB, solutions = 8)
  38642 16404     4861.0000     7     4863.0000     4861.0000    78250    0.04%
  38643 16403        cutoff           4863.0000     4861.0000    78252    0.04%
  38644 16404     4861.0000     8     4863.0000     4861.0000    78254    0.04%
  38645 16405     4861.0000     8     4863.0000     4861.0000    78255    0.04%
  38646 16406     4861.0000     8     4863.0000     4861.0000    78256    0.04%
  38647 16407     4861.0000     8     4863.0000     4861.0000    78257    0.04%
  38648 16408     4861.0000     8     4863.0000     4861.0000    78258    0.04%
  38649 16409     4861.0000     8     4863.0000     4861.0000    78261    0.04%
  38650 16408        cutoff           4863.0000     4861.0000    78269    0.04%
  38651 16407    infeasible           4863.0000     4861.0000    78269    0.04%
Elapsed time = 3.76 sec. (2869.48 ticks, tree = 5.07 MB, solutions = 8)
  56690 26486        cutoff           4863.0000     4861.0000   111144    0.04%
  56691 26485        cutoff           4863.0000     4861.0000   111149    0.04%
  56692 26486     4861.0000     8     4863.0000     4861.0000   111151    0.04%
  56693 26487     4861.0000     6     4863.0000     4861.0000   111153    0.04%
  56694 26488     4861.0000     6     4863.0000     4861.0000   111154    0.04%
  56695 26489     4861.0000     8     4863.0000     4861.0000   111156    0.04%
  56696 26490     4861.0000     8     4863.0000     4861.0000   111157    0.04%
  56697 26491     4861.0000     8     4863.0000     4861.0000   111158    0.04%
  56698 26492     4861.0000     8     4863.0000     4861.0000   111159    0.04%
  56699 26493     4861.0000     8     4863.0000     4861.0000   111160    0.04%
Elapsed time = 5.02 sec. (3824.20 ticks, tree = 7.56 MB, solutions = 8)
  75065 36571     4861.0000     6     4863.0000     4861.0000   143623    0.04%
  75066 36570        cutoff           4863.0000     4861.0000   143625    0.04%
  75067 36569        cutoff           4863.0000     4861.0000   143628    0.04%
  75068 36568        cutoff           4863.0000     4861.0000   143638    0.04%
  75069 36567        cutoff           4863.0000     4861.0000   143642    0.04%
  75070 36566        cutoff           4863.0000     4861.0000   143646    0.04%
  75071 36565        cutoff           4863.0000     4861.0000   143651    0.04%
  75072 36564        cutoff           4863.0000     4861.0000   143656    0.04%
  75073 36565     4861.0000     6     4863.0000     4861.0000   143658    0.04%
  75074 36566     4861.0000     6     4863.0000     4861.0000   143659    0.04%
Elapsed time = 6.28 sec. (4779.21 ticks, tree = 10.97 MB, solutions = 8)
  89745 41744     4861.0000     6     4863.0000     4861.0000   175293    0.04%
  89746 41745     4861.0000     6     4863.0000     4861.0000   175294    0.04%
  89747 41746     4861.0000     6     4863.0000     4861.0000   175295    0.04%
  89748 41747     4861.0000     6     4863.0000     4861.0000   175296    0.04%
  89749 41748     4861.0000     8     4863.0000     4861.0000   175302    0.04%
  89750 41747    infeasible           4863.0000     4861.0000   175302    0.04%
  89751 41746        cutoff           4863.0000     4861.0000   175305    0.04%
  89752 41747     4861.0000     6     4863.0000     4861.0000   175307    0.04%
  89753 41748     4861.0000     6     4863.0000     4861.0000   175308    0.04%
  89754 41749     4861.0000     6     4863.0000     4861.0000   175309    0.04%
Elapsed time = 7.53 sec. (5733.36 ticks, tree = 12.27 MB, solutions = 8)
 103781 46342     4861.0000     8     4863.0000     4861.0000   206529    0.04%
 103782 46343     4861.0000     8     4863.0000     4861.0000   206530    0.04%
 103783 46344     4861.0000     8     4863.0000     4861.0000   206531    0.04%
 103784 46345     4861.0000     8     4863.0000     4861.0000   206532    0.04%
 103785 46346     4861.0000     8     4863.0000     4861.0000   206533    0.04%
 103786 46347     4861.0000     8     4863.0000     4861.0000   206534    0.04%
 103787 46348     4861.0000     6     4863.0000     4861.0000   206536    0.04%
 103788 46349     4861.0000     6     4863.0000     4861.0000   206538    0.04%
 103789 46350     4861.0000     6     4863.0000     4861.0000   206540    0.04%
 103790 46351     4861.0000     6     4863.0000     4861.0000   206541    0.04%
Elapsed time = 8.79 sec. (6687.44 ticks, tree = 13.44 MB, solutions = 8)
 119634 52526     4861.0000     7     4863.0000     4861.0000   238328    0.04%
 119635 52527     4861.0000     6     4863.0000     4861.0000   238329    0.04%
 119636 52528     4861.0000     8     4863.0000     4861.0000   238332    0.04%
 119637 52527        cutoff           4863.0000     4861.0000   238340    0.04%
 119638 52528     4861.0000     6     4863.0000     4861.0000   238341    0.04%
 119639 52529     4861.0000     8     4863.0000     4861.0000   238344    0.04%
 119640 52530     4861.0000     8     4863.0000     4861.0000   238346    0.04%
 119641 52529        cutoff           4863.0000     4861.0000   238352    0.04%
 119642 52528    infeasible           4863.0000     4861.0000   238352    0.04%
 119643 52527        cutoff           4863.0000     4861.0000   238355    0.04%
Elapsed time = 10.06 sec. (7641.97 ticks, tree = 15.00 MB, solutions = 8)
 134303 57343     4861.0000     6     4863.0000     4861.0000   270568    0.04%
 134304 57344     4861.0000     6     4863.0000     4861.0000   270569    0.04%
 134305 57345     4861.0000     6     4863.0000     4861.0000   270570    0.04%
 134306 57346     4861.0000     5     4863.0000     4861.0000   270571    0.04%
 134307 57347     4861.0000     6     4863.0000     4861.0000   270572    0.04%
 134308 57348     4861.0000     6     4863.0000     4861.0000   270573    0.04%
 134309 57349     4861.0000     6     4863.0000     4861.0000   270574    0.04%
 134310 57350     4861.0000     6     4863.0000     4861.0000   270575    0.04%
 134311 57351     4861.0000     6     4863.0000     4861.0000   270576    0.04%
 134312 57352     4861.0000     6     4863.0000     4861.0000   270577    0.04%
Elapsed time = 11.33 sec. (8596.01 ticks, tree = 16.24 MB, solutions = 8)
*146513 60534      integral     0     4862.0000     4861.0000   297241    0.02%
 149958 62289     4861.0000     8     4862.0000     4861.0000   304552    0.02%
 149959 62290     4861.0000     6     4862.0000     4861.0000   304556    0.02%
 149960 62291     4861.0000     6     4862.0000     4861.0000   304557    0.02%
 149961 62292     4861.0000     6     4862.0000     4861.0000   304558    0.02%
 149962 62293     4861.0000     6     4862.0000     4861.0000   304559    0.02%
 149963 62294     4861.0000     6     4862.0000     4861.0000   304560    0.02%
 149964 62293    infeasible           4862.0000     4861.0000   304569    0.02%
 149965 62294     4861.0000     6     4862.0000     4861.0000   304570    0.02%
 149966 62295     4861.0000     7     4862.0000     4861.0000   304573    0.02%
 193975 79418     4861.0000     8     4862.0000     4861.0000   401927    0.02%
Elapsed time = 16.29 sec. (12410.74 ticks, tree = 23.78 MB, solutions = 9)
 246621 94214    infeasible           4862.0000     4861.0000   527664    0.02%
 246622 94215     4861.0000     8     4862.0000     4861.0000   527667    0.02%
 246623 94216     4861.0000     8     4862.0000     4861.0000   527668    0.02%
 246624 94217     4861.0000     6     4862.0000     4861.0000   527676    0.02%
 246625 94216    infeasible           4862.0000     4861.0000   527676    0.02%
 246626 94215    infeasible           4862.0000     4861.0000   527676    0.02%
 246627 94214    infeasible           4862.0000     4861.0000   527683    0.02%
 246628 94213    infeasible           4862.0000     4861.0000   527692    0.02%
 246629 94212    infeasible           4862.0000     4861.0000   527696    0.02%
 246630 94211    infeasible           4862.0000     4861.0000   527705    0.02%
Elapsed time = 21.26 sec. (16227.00 ticks, tree = 27.62 MB, solutions = 9)
 303352 111898     4861.0000     8     4862.0000     4861.0000   657476    0.02%
 303353 111899     4861.0000     8     4862.0000     4861.0000   657481    0.02%
 303354 111898    infeasible           4862.0000     4861.0000   657483    0.02%
 303355 111897    infeasible           4862.0000     4861.0000   657483    0.02%
 303356 111898     4861.0000     7     4862.0000     4861.0000   657487    0.02%
 303357 111899     4861.0000     8     4862.0000     4861.0000   657488    0.02%
 303358 111900     4861.0000     8     4862.0000     4861.0000   657490    0.02%
 303359 111901     4861.0000     8     4862.0000     4861.0000   657491    0.02%
 303360 111902     4861.0000     8     4862.0000     4861.0000   657492    0.02%
 303361 111903     4861.0000     8     4862.0000     4861.0000   657493    0.02%
Elapsed time = 26.18 sec. (20042.35 ticks, tree = 32.12 MB, solutions = 9)
 356959 128453    infeasible           4862.0000     4861.0000   793923    0.02%
 356960 128452    infeasible           4862.0000     4861.0000   793928    0.02%
 356961 128451    infeasible           4862.0000     4861.0000   793928    0.02%
 356962 128450    infeasible           4862.0000     4861.0000   793932    0.02%
 356963 128451     4861.0000     6     4862.0000     4861.0000   793933    0.02%
 356964 128452     4861.0000     6     4862.0000     4861.0000   793934    0.02%
 356965 128453     4861.0000     6     4862.0000     4861.0000   793935    0.02%
 356966 128454     4861.0000     6     4862.0000     4861.0000   793936    0.02%
 356967 128455     4861.0000     8     4862.0000     4861.0000   793938    0.02%
 356968 128456     4861.0000     8     4862.0000     4861.0000   793939    0.02%
Elapsed time = 31.05 sec. (23858.01 ticks, tree = 36.37 MB, solutions = 9)
 411388 146021    infeasible           4862.0000     4861.0000   923602    0.02%
 411389 146020    infeasible           4862.0000     4861.0000   923610    0.02%
 411390 146019    infeasible           4862.0000     4861.0000   923615    0.02%
 411391 146018    infeasible           4862.0000     4861.0000   923624    0.02%
 411392 146017    infeasible           4862.0000     4861.0000   923635    0.02%
 411393 146016    infeasible           4862.0000     4861.0000   923645    0.02%
 411394 146015    infeasible           4862.0000     4861.0000   923645    0.02%
 411395 146014    infeasible           4862.0000     4861.0000   923649    0.02%
 411396 146013    infeasible           4862.0000     4861.0000   923654    0.02%
 411397 146012    infeasible           4862.0000     4861.0000   923654    0.02%
Elapsed time = 35.98 sec. (27673.50 ticks, tree = 42.54 MB, solutions = 9)
 461927 154452    infeasible           4862.0000     4861.0000  1056868    0.02%
 461928 154451    infeasible           4862.0000     4861.0000  1056874    0.02%
 461929 154450    infeasible           4862.0000     4861.0000  1056879    0.02%
 461930 154449    infeasible           4862.0000     4861.0000  1056880    0.02%
 461931 154448    infeasible           4862.0000     4861.0000  1056888    0.02%
 461932 154447    infeasible           4862.0000     4861.0000  1056888    0.02%
 461933 154446    infeasible           4862.0000     4861.0000  1056895    0.02%
 461934 154445    infeasible           4862.0000     4861.0000  1056902    0.02%
 461935 154444    infeasible           4862.0000     4861.0000  1056904    0.02%
 461936 154443    infeasible           4862.0000     4861.0000  1056909    0.02%
Elapsed time = 40.90 sec. (31488.97 ticks, tree = 44.75 MB, solutions = 9)
 515921 165580    infeasible           4862.0000     4861.0000  1181758    0.02%
 515922 165581     4861.0000     8     4862.0000     4861.0000  1181761    0.02%
 515923 165582     4861.0000     6     4862.0000     4861.0000  1181765    0.02%
 515924 165581    infeasible           4862.0000     4861.0000  1181765    0.02%
 515925 165580    infeasible           4862.0000     4861.0000  1181765    0.02%
 515926 165579    infeasible           4862.0000     4861.0000  1181768    0.02%
 515927 165578    infeasible           4862.0000     4861.0000  1181770    0.02%
 515928 165577    infeasible           4862.0000     4861.0000  1181771    0.02%
 515929 165576    infeasible           4862.0000     4861.0000  1181771    0.02%
 515930 165575    infeasible           4862.0000     4861.0000  1181771    0.02%
Elapsed time = 45.80 sec. (35304.76 ticks, tree = 48.64 MB, solutions = 9)
 572041 182737     4861.0000     8     4862.0000     4861.0000  1304495    0.02%
 572042 182738     4861.0000     8     4862.0000     4861.0000  1304496    0.02%
 572043 182739     4861.0000     6     4862.0000     4861.0000  1304498    0.02%
 572044 182740     4861.0000     8     4862.0000     4861.0000  1304500    0.02%
 572045 182741     4861.0000     8     4862.0000     4861.0000  1304501    0.02%
 572046 182742     4861.0000     8     4862.0000     4861.0000  1304502    0.02%
 572047 182743     4861.0000     8     4862.0000     4861.0000  1304503    0.02%
 572048 182742    infeasible           4862.0000     4861.0000  1304509    0.02%
 572049 182743     4861.0000     8     4862.0000     4861.0000  1304510    0.02%
 572050 182744     4861.0000     7     4862.0000     4861.0000  1304513    0.02%
Elapsed time = 50.77 sec. (39120.29 ticks, tree = 52.95 MB, solutions = 9)
 628801 204794    infeasible           4862.0000     4861.0000  1435908    0.02%
 628802 204793    infeasible           4862.0000     4861.0000  1435911    0.02%
 628803 204794     4861.0000     6     4862.0000     4861.0000  1435913    0.02%
 628804 204795     4861.0000     6     4862.0000     4861.0000  1435914    0.02%
 628805 204796     4861.0000     6     4862.0000     4861.0000  1435915    0.02%
 628806 204797     4861.0000     8     4862.0000     4861.0000  1435917    0.02%
 628807 204798     4861.0000     8     4862.0000     4861.0000  1435918    0.02%
 628808 204799     4861.0000     8     4862.0000     4861.0000  1435919    0.02%
 628809 204800     4861.0000     8     4862.0000     4861.0000  1435920    0.02%
 628810 204801     4861.0000     8     4862.0000     4861.0000  1435921    0.02%
Elapsed time = 55.63 sec. (42952.91 ticks, tree = 59.87 MB, solutions = 9)
 689404 229075     4861.0000     8     4862.0000     4861.0000  1564983    0.02%
 689405 229076     4861.0000     8     4862.0000     4861.0000  1564984    0.02%
 689406 229077     4861.0000     8     4862.0000     4861.0000  1564985    0.02%
 689407 229078     4861.0000     6     4862.0000     4861.0000  1564986    0.02%
 689408 229079     4861.0000     6     4862.0000     4861.0000  1564987    0.02%
 689409 229080     4861.0000     6     4862.0000     4861.0000  1564988    0.02%
 689410 229081     4861.0000     6     4862.0000     4861.0000  1564989    0.02%
 689411 229082     4861.0000     6     4862.0000     4861.0000  1564991    0.02%
 689412 229083     4861.0000     6     4862.0000     4861.0000  1564992    0.02%
 689413 229084     4861.0000     6     4862.0000     4861.0000  1564993    0.02%
Elapsed time = 60.58 sec. (46767.91 ticks, tree = 67.54 MB, solutions = 9)
 747071 251567     4861.0000     8     4862.0000     4861.0000  1687012    0.02%
 747072 251568     4861.0000     8     4862.0000     4861.0000  1687013    0.02%
 747073 251569     4861.0000     8     4862.0000     4861.0000  1687015    0.02%
 747074 251570     4861.0000     8     4862.0000     4861.0000  1687016    0.02%
 747075 251571     4861.0000     6     4862.0000     4861.0000  1687017    0.02%
 747076 251572     4861.0000     8     4862.0000     4861.0000  1687019    0.02%
 747077 251573     4861.0000     8     4862.0000     4861.0000  1687020    0.02%
 747078 251574     4861.0000     8     4862.0000     4861.0000  1687021    0.02%
 747079 251575     4861.0000     8     4862.0000     4861.0000  1687022    0.02%
 747080 251576     4861.0000     8     4862.0000     4861.0000  1687026    0.02%
Elapsed time = 65.52 sec. (50582.91 ticks, tree = 73.17 MB, solutions = 9)
 812284 284250    infeasible           4862.0000     4861.0000  1809721    0.02%
 812285 284251     4861.0000     8     4862.0000     4861.0000  1809723    0.02%
 812286 284252     4861.0000     8     4862.0000     4861.0000  1809724    0.02%
 812287 284253     4861.0000     8     4862.0000     4861.0000  1809725    0.02%
 812288 284254     4861.0000     8     4862.0000     4861.0000  1809726    0.02%
 812289 284255     4861.0000     8     4862.0000     4861.0000  1809727    0.02%
 812290 284256     4861.0000     8     4862.0000     4861.0000  1809728    0.02%
 812291 284257     4861.0000     8     4862.0000     4861.0000  1809729    0.02%
 812292 284258     4861.0000     8     4862.0000     4861.0000  1809730    0.02%
 812293 284257    infeasible           4862.0000     4861.0000  1809734    0.02%
Elapsed time = 70.47 sec. (54398.12 ticks, tree = 83.27 MB, solutions = 9)
 874701 310547     4861.0000     6     4862.0000     4861.0000  1934012    0.02%
 874702 310548     4861.0000     6     4862.0000     4861.0000  1934013    0.02%
 874703 310549     4861.0000     6     4862.0000     4861.0000  1934015    0.02%
 874704 310548    infeasible           4862.0000     4861.0000  1934017    0.02%
 874705 310547    infeasible           4862.0000     4861.0000  1934022    0.02%
 874706 310546    infeasible           4862.0000     4861.0000  1934029    0.02%
 874707 310545    infeasible           4862.0000     4861.0000  1934029    0.02%
 874708 310546     4861.0000     8     4862.0000     4861.0000  1934032    0.02%
 874709 310547     4861.0000     5     4862.0000     4861.0000  1934035    0.02%
 874710 310548     4861.0000     8     4862.0000     4861.0000  1934039    0.02%
Elapsed time = 75.42 sec. (58214.06 ticks, tree = 89.89 MB, solutions = 9)
 931438 331343    infeasible           4862.0000     4861.0000  2058442    0.02%
 931439 331342    infeasible           4862.0000     4861.0000  2058446    0.02%
 931440 331341    infeasible           4862.0000     4861.0000  2058451    0.02%
 931441 331340    infeasible           4862.0000     4861.0000  2058451    0.02%
 931442 331339    infeasible           4862.0000     4861.0000  2058451    0.02%
 931443 331338    infeasible           4862.0000     4861.0000  2058455    0.02%
 931444 331337    infeasible           4862.0000     4861.0000  2058455    0.02%
 931445 331336    infeasible           4862.0000     4861.0000  2058455    0.02%
 931446 331335    infeasible           4862.0000     4861.0000  2058461    0.02%
 931447 331334    infeasible           4862.0000     4861.0000  2058467    0.02%
Elapsed time = 80.35 sec. (62029.48 ticks, tree = 97.41 MB, solutions = 9)
 978094 335315     4861.0000     8     4862.0000     4861.0000  2189996    0.02%
 978095 335316     4861.0000     8     4862.0000     4861.0000  2189997    0.02%
 978096 335317     4861.0000     8     4862.0000     4861.0000  2189998    0.02%
 978097 335318     4861.0000     8     4862.0000     4861.0000  2190000    0.02%
 978098 335319     4861.0000     8     4862.0000     4861.0000  2190001    0.02%
 978099 335320     4861.0000     7     4862.0000     4861.0000  2190002    0.02%
 978100 335321     4861.0000     8     4862.0000     4861.0000  2190003    0.02%
 978101 335320    infeasible           4862.0000     4861.0000  2190008    0.02%
 978102 335319    infeasible           4862.0000     4861.0000  2190008    0.02%
 978103 335320     4861.0000     7     4862.0000     4861.0000  2190009    0.02%
Elapsed time = 85.21 sec. (65844.86 ticks, tree = 98.46 MB, solutions = 9)
 1024201 342251    infeasible           4862.0000     4861.0000  2319593    0.02%
 1024202 342252     4861.0000     8     4862.0000     4861.0000  2319596    0.02%
 1024203 342253     4861.0000     6     4862.0000     4861.0000  2319597    0.02%
 1024204 342252    infeasible           4862.0000     4861.0000  2319601    0.02%
 1024205 342251    infeasible           4862.0000     4861.0000  2319601    0.02%
 1024206 342252     4861.0000     7     4862.0000     4861.0000  2319604    0.02%
 1024207 342253     4861.0000     7     4862.0000     4861.0000  2319605    0.02%
 1024208 342254     4861.0000     7     4862.0000     4861.0000  2319606    0.02%
 1024209 342255     4861.0000     8     4862.0000     4861.0000  2319608    0.02%
 1024210 342256     4861.0000     7     4862.0000     4861.0000  2319609    0.02%
Elapsed time = 90.04 sec. (69660.14 ticks, tree = 100.25 MB, solutions = 9)
 1061611 346703     4861.0000     8     4862.0000     4861.0000  2419460    0.02%
 1061612 346704     4861.0000     8     4862.0000     4861.0000  2419463    0.02%
 1061613 346705     4861.0000     8     4862.0000     4861.0000  2419464    0.02%
 1061614 346706     4861.0000     8     4862.0000     4861.0000  2419465    0.02%
 1061615 346707     4861.0000     8     4862.0000     4861.0000  2419466    0.02%
 1061616 346708     4861.0000     8     4862.0000     4861.0000  2419468    0.02%
 1061617 346709     4861.0000     8     4862.0000     4861.0000  2419469    0.02%
 1061618 346710     4861.0000     8     4862.0000     4861.0000  2419470    0.02%
 1061619 346711     4861.0000     8     4862.0000     4861.0000  2419471    0.02%
 1061620 346712     4861.0000     8     4862.0000     4861.0000  2419472    0.02%
Elapsed time = 94.75 sec. (73475.61 ticks, tree = 101.39 MB, solutions = 9)
 1113204 350579     4861.0000     7     4862.0000     4861.0000  2547234    0.02%
 1113205 350578    infeasible           4862.0000     4861.0000  2547239    0.02%
 1113206 350577    infeasible           4862.0000     4861.0000  2547239    0.02%
 1113207 350576    infeasible           4862.0000     4861.0000  2547241    0.02%
 1113208 350575    infeasible           4862.0000     4861.0000  2547241    0.02%
 1113209 350574    infeasible           4862.0000     4861.0000  2547241    0.02%
 1113210 350573    infeasible           4862.0000     4861.0000  2547241    0.02%
 1113211 350572    infeasible           4862.0000     4861.0000  2547246    0.02%
 1113212 350571    infeasible           4862.0000     4861.0000  2547251    0.02%
 1113213 350570    infeasible           4862.0000     4861.0000  2547256    0.02%
Elapsed time = 99.61 sec. (77290.93 ticks, tree = 102.38 MB, solutions = 9)

Mixed integer rounding cuts applied:  1

Root node processing (before b&c):
  Real time             =    0.01 sec. (6.81 ticks)
Sequential b&c:
  Real time             =   99.99 sec. (77708.48 ticks)
                          ------------
Total (root+branch&cut) =  100.00 sec. (77715.28 ticks)

Solution pool: 9 solutions saved.

MIP - Time limit exceeded, integer feasible:  Objective =  4.8620000000e+03
Current MIP best bound =  4.8610000000e+03 (gap = 1, 0.02%)
Solution time =  100.00 sec.  Iterations = 2557711  Nodes = 1117733 (350983)
Deterministic time = 77715.28 ticks  (777.15 ticks/sec)


Incumbent solution written to file '/tmp/tmppQakPs.cplex.sol'.
