
Log started (V12.6.3.0) Fri Apr 20 20:29:12 2018

New value for default parallel thread count: 1

Problem '/tmp/tmp1RMqwT.pyomo.lp' read.
Read time = 0.00 sec. (0.09 ticks)

Problem name         : /tmp/tmp1RMqwT.pyomo.lp
Objective sense      : Minimize
Variables            :     212  [Nneg: 1,  Binary: 205,  General Integer: 6]
Objective nonzeros   :       1
Linear constraints   :      94  [Less: 46,  Equal: 48]
  Nonzeros           :    6023
  RHS nonzeros       :      83

Variables            : Min LB: 0.000000         Max UB: 1.000000       
Objective nonzeros   : Min   : 1.000000         Max   : 1.000000       
Linear constraints   :
  Nonzeros           : Min   : 1.000000         Max   : 1963.000       
  RHS nonzeros       : Min   : 1.000000         Max   : 5.000000       
Tried aggregator 2 times.
MIP Presolve eliminated 45 rows and 56 columns.
Aggregator did 7 substitutions.
Reduced MIP has 42 rows, 149 columns, and 393 nonzeros.
Reduced MIP has 148 binaries, 1 generals, 0 SOSs, and 0 indicators.
Presolve time = 0.00 sec. (1.47 ticks)
Found incumbent of value 19444.000000 after 0.00 sec. (1.78 ticks)
Probing time = 0.00 sec. (0.12 ticks)
Cover probing fixed 0 vars, tightened 6 bounds.
Tried aggregator 1 time.
Reduced MIP has 42 rows, 149 columns, and 393 nonzeros.
Reduced MIP has 148 binaries, 1 generals, 0 SOSs, and 0 indicators.
Presolve time = 0.00 sec. (0.27 ticks)
Probing time = 0.00 sec. (0.08 ticks)
Clique table members: 37.
MIP emphasis: balance optimality and feasibility.
MIP search method: dynamic search.
Parallel mode: none, using 1 thread.
Root relaxation solution time = 0.00 sec. (0.13 ticks)

        Nodes                                         Cuts/
   Node  Left     Objective  IInf  Best Integer    Best Bound    ItCnt     Gap

*     0+    0                        19444.0000     1963.0000            89.90%
      0     0     4861.0000     6    19444.0000     4861.0000        9   75.00%
*     0+    0                         5171.0000     4861.0000             5.99%
      0     0     4861.0000     7     5171.0000       Cuts: 3       15    5.99%
      0     0     4861.0000     4     5171.0000       Cuts: 7       20    5.99%
*     0+    0                         4911.0000     4861.0000             1.02%
      0     0     4861.0000     8     4911.0000    MIRcuts: 1       21    1.02%
*     0+    0                         4876.0000     4861.0000             0.31%
      0     2     4861.0000     8     4876.0000     4861.0000       21    0.31%
Elapsed time = 0.01 sec. (6.66 ticks, tree = 0.01 MB, solutions = 4)
*   491+  362                         4867.0000     4861.0000             0.12%
*   493+  242                         4865.0000     4861.0000             0.08%
*  1393+  305                         4864.0000     4861.0000             0.06%
   1493   333     4861.0000     6     4864.0000     4861.0000     3256    0.06%
   1494   334     4861.0000     6     4864.0000     4861.0000     3257    0.06%
   1495   335     4861.0000     6     4864.0000     4861.0000     3259    0.06%
   1496   336     4861.0000     6     4864.0000     4861.0000     3260    0.06%
   1497   335        cutoff           4864.0000     4861.0000     3262    0.06%
   1498   336     4861.0000     6     4864.0000     4861.0000     3263    0.06%
   1499   335        cutoff           4864.0000     4861.0000     3264    0.06%
   1500   336     4861.0000     6     4864.0000     4861.0000     3266    0.06%
   1501   337     4861.0000     6     4864.0000     4861.0000     3267    0.06%
   9584  3175        cutoff           4864.0000     4861.0000    20065    0.06%
Elapsed time = 1.24 sec. (960.50 ticks, tree = 0.89 MB, solutions = 7)
  22701  6342     4861.0000     6     4864.0000     4861.0000    46827    0.06%
  22702  6343     4861.0000     6     4864.0000     4861.0000    46828    0.06%
  22703  6344     4861.0000     6     4864.0000     4861.0000    46829    0.06%
  22704  6345     4861.0000     5     4864.0000     4861.0000    46830    0.06%
  22705  6346     4861.0000     6     4864.0000     4861.0000    46831    0.06%
  22706  6347     4861.0000     6     4864.0000     4861.0000    46832    0.06%
  22707  6348     4861.0000     6     4864.0000     4861.0000    46833    0.06%
  22708  6347        cutoff           4864.0000     4861.0000    46834    0.06%
  22709  6347     4861.0000     8     4864.0000     4861.0000    46839    0.06%
  22710  6348     4861.0000     5     4864.0000     4861.0000    46841    0.06%
Elapsed time = 2.47 sec. (1914.83 ticks, tree = 1.78 MB, solutions = 7)
  39338  8596     4861.0000     6     4864.0000     4861.0000    81276    0.06%
  39339  8597     4861.0000     6     4864.0000     4861.0000    81277    0.06%
  39340  8598     4861.0000     5     4864.0000     4861.0000    81278    0.06%
  39341  8599     4861.0000     5     4864.0000     4861.0000    81280    0.06%
  39342  8600     4861.0000     6     4864.0000     4861.0000    81281    0.06%
  39343  8601     4861.0000     6     4864.0000     4861.0000    81282    0.06%
  39344  8602     4861.0000     6     4864.0000     4861.0000    81283    0.06%
  39345  8603     4861.0000     6     4864.0000     4861.0000    81284    0.06%
  39346  8604     4861.0000     6     4864.0000     4861.0000    81285    0.06%
  39347  8605     4861.0000     6     4864.0000     4861.0000    81286    0.06%
Elapsed time = 3.72 sec. (2868.71 ticks, tree = 2.59 MB, solutions = 7)
  55959 11877        cutoff           4864.0000     4861.0000   117995    0.06%
  55960 11876    infeasible           4864.0000     4861.0000   117995    0.06%
  55961 11875        cutoff           4864.0000     4861.0000   117996    0.06%
  55962 11874    infeasible           4864.0000     4861.0000   117996    0.06%
  55963 11873    infeasible           4864.0000     4861.0000   117996    0.06%
  55964 11872        cutoff           4864.0000     4861.0000   118000    0.06%
  55965 11871        cutoff           4864.0000     4861.0000   118003    0.06%
  55966 11870    infeasible           4864.0000     4861.0000   118003    0.06%
  55967 11869    infeasible           4864.0000     4861.0000   118003    0.06%
  55968 11868    infeasible           4864.0000     4861.0000   118003    0.06%
Elapsed time = 4.95 sec. (3822.91 ticks, tree = 3.41 MB, solutions = 7)
  71950 14049    infeasible           4864.0000     4861.0000   153463    0.06%
  71951 14048        cutoff           4864.0000     4861.0000   153470    0.06%
  71952 14049     4861.0000     8     4864.0000     4861.0000   153472    0.06%
  71953 14048    infeasible           4864.0000     4861.0000   153472    0.06%
  71954 14049     4861.0000     8     4864.0000     4861.0000   153475    0.06%
  71955 14048        cutoff           4864.0000     4861.0000   153479    0.06%
  71956 14047    infeasible           4864.0000     4861.0000   153479    0.06%
  71957 14047     4861.0000     8     4864.0000     4861.0000   153482    0.06%
  71958 14048     4861.0000     8     4864.0000     4861.0000   153484    0.06%
  71959 14049     4861.0000     8     4864.0000     4861.0000   153488    0.06%
Elapsed time = 6.19 sec. (4777.65 ticks, tree = 3.97 MB, solutions = 7)
  87649 15762        cutoff           4864.0000     4861.0000   187997    0.06%
  87650 15761        cutoff           4864.0000     4861.0000   187999    0.06%
  87651 15760        cutoff           4864.0000     4861.0000   188001    0.06%
  87652 15759    infeasible           4864.0000     4861.0000   188001    0.06%
  87653 15758    infeasible           4864.0000     4861.0000   188001    0.06%
  87654 15757        cutoff           4864.0000     4861.0000   188003    0.06%
  87655 15756        cutoff           4864.0000     4861.0000   188005    0.06%
  87656 15755        cutoff           4864.0000     4861.0000   188007    0.06%
  87657 15754    infeasible           4864.0000     4861.0000   188007    0.06%
  87658 15753        cutoff           4864.0000     4861.0000   188013    0.06%
Elapsed time = 7.42 sec. (5731.93 ticks, tree = 4.40 MB, solutions = 7)
* 97595 16030      integral     0     4863.0000     4861.0000   210215    0.04%
 103789 15977     4861.0000     6     4863.0000     4861.0000   224057    0.04%
 103790 15978     4861.0000     6     4863.0000     4861.0000   224058    0.04%
 103791 15979     4861.0000     6     4863.0000     4861.0000   224060    0.04%
 103792 15978        cutoff           4863.0000     4861.0000   224064    0.04%
 103793 15978     4861.0000     8     4863.0000     4861.0000   224070    0.04%
 103794 15979     4861.0000     6     4863.0000     4861.0000   224072    0.04%
 103795 15980     4861.0000     6     4863.0000     4861.0000   224073    0.04%
 103796 15981     4861.0000     6     4863.0000     4861.0000   224074    0.04%
 103797 15982     4861.0000     6     4863.0000     4861.0000   224075    0.04%
 103798 15983     4861.0000     6     4863.0000     4861.0000   224076    0.04%
Elapsed time = 8.68 sec. (6686.74 ticks, tree = 4.46 MB, solutions = 8)
 119587 15414     4861.0000     6     4863.0000     4861.0000   259840    0.04%
 119588 15415     4861.0000     5     4863.0000     4861.0000   259844    0.04%
 119589 15414        cutoff           4863.0000     4861.0000   259848    0.04%
 119590 15413    infeasible           4863.0000     4861.0000   259848    0.04%
 119591 15412        cutoff           4863.0000     4861.0000   259852    0.04%
 119592 15411        cutoff           4863.0000     4861.0000   259855    0.04%
 119593 15410        cutoff           4863.0000     4861.0000   259859    0.04%
 119594 15409    infeasible           4863.0000     4861.0000   259859    0.04%
 119595 15408    infeasible           4863.0000     4861.0000   259859    0.04%
 119596 15407    infeasible           4863.0000     4861.0000   259859    0.04%
Elapsed time = 9.94 sec. (7640.67 ticks, tree = 4.78 MB, solutions = 8)
 136118 16461     4861.0000     8     4863.0000     4861.0000   295345    0.04%
 136119 16462     4861.0000     6     4863.0000     4861.0000   295346    0.04%
 136120 16463     4861.0000     6     4863.0000     4861.0000   295347    0.04%
 136121 16464     4861.0000     6     4863.0000     4861.0000   295348    0.04%
 136122 16465     4861.0000     6     4863.0000     4861.0000   295349    0.04%
 136123 16466     4861.0000     6     4863.0000     4861.0000   295350    0.04%
 136124 16467     4861.0000     6     4863.0000     4861.0000   295351    0.04%
 136125 16468     4861.0000     8     4863.0000     4861.0000   295354    0.04%
 136126 16469     4861.0000     7     4863.0000     4861.0000   295355    0.04%
 136127 16470     4861.0000     7     4863.0000     4861.0000   295357    0.04%
Elapsed time = 11.16 sec. (8594.71 ticks, tree = 5.03 MB, solutions = 8)
 150345 18448        cutoff           4863.0000     4861.0000   324404    0.04%
 150346 18447        cutoff           4863.0000     4861.0000   324410    0.04%
 150347 18446    infeasible           4863.0000     4861.0000   324410    0.04%
 150348 18445        cutoff           4863.0000     4861.0000   324413    0.04%
 150349 18444        cutoff           4863.0000     4861.0000   324417    0.04%
 150350 18443        cutoff           4863.0000     4861.0000   324420    0.04%
 150351 18442        cutoff           4863.0000     4861.0000   324422    0.04%
 150352 18441        cutoff           4863.0000     4861.0000   324425    0.04%
 150353 18440        cutoff           4863.0000     4861.0000   324427    0.04%
 189731 21339     4861.0000     8     4863.0000     4861.0000   410180    0.04%
Elapsed time = 16.06 sec. (12409.41 ticks, tree = 6.22 MB, solutions = 8)
 242533 29406     4861.0000     6     4863.0000     4861.0000   528426    0.04%
 242534 29407     4862.0000     4     4863.0000     4861.0000   528428    0.04%
 242535 29408     4862.0000     4     4863.0000     4861.0000   528429    0.04%
 242536 29409     4862.0000     4     4863.0000     4861.0000   528430    0.04%
 242537 29410     4862.0000     4     4863.0000     4861.0000   528431    0.04%
 242538 29409        cutoff           4863.0000     4861.0000   528433    0.04%
 242539 29410     4862.0000     4     4863.0000     4861.0000   528434    0.04%
 242540 29409        cutoff           4863.0000     4861.0000   528435    0.04%
 242541 29408        cutoff           4863.0000     4861.0000   528437    0.04%
 242542 29407        cutoff           4863.0000     4861.0000   528438    0.04%
Elapsed time = 20.98 sec. (16224.62 ticks, tree = 8.24 MB, solutions = 8)
*254000 31030      integral     0     4862.0000     4861.0000   551019    0.02%
*290943     0      integral     0     4861.0000     4861.0000   627860    0.00%

Mixed integer rounding cuts applied:  2

Root node processing (before b&c):
  Real time             =    0.01 sec. (6.70 ticks)
Sequential b&c:
  Real time             =   25.62 sec. (19909.44 ticks)
                          ------------
Total (root+branch&cut) =   25.63 sec. (19916.14 ticks)

Solution pool: 10 solutions saved.

MIP - Integer optimal solution:  Objective =  4.8610000000e+03
Solution time =   25.63 sec.  Iterations = 627860  Nodes = 290944
Deterministic time = 19916.14 ticks  (777.19 ticks/sec)


Incumbent solution written to file '/tmp/tmptno3xV.cplex.sol'.
