
Log started (V12.6.3.0) Fri Apr 20 20:53:16 2018

New value for default parallel thread count: 1

Problem '/tmp/tmpv1PRIP.pyomo.lp' read.
Read time = 0.00 sec. (0.08 ticks)

Problem name         : /tmp/tmpv1PRIP.pyomo.lp
Objective sense      : Minimize
Variables            :     212  [Nneg: 1,  Binary: 205,  General Integer: 6]
Objective nonzeros   :       1
Linear constraints   :      94  [Less: 46,  Equal: 48]
  Nonzeros           :    5695
  RHS nonzeros       :      83

Variables            : Min LB: 0.000000         Max UB: 1.000000       
Objective nonzeros   : Min   : 1.000000         Max   : 1.000000       
Linear constraints   :
  Nonzeros           : Min   : 1.000000         Max   : 1963.000       
  RHS nonzeros       : Min   : 1.000000         Max   : 5.000000       
Tried aggregator 2 times.
MIP Presolve eliminated 44 rows and 55 columns.
Aggregator did 8 substitutions.
Reduced MIP has 42 rows, 149 columns, and 384 nonzeros.
Reduced MIP has 148 binaries, 1 generals, 0 SOSs, and 0 indicators.
Presolve time = 0.00 sec. (1.42 ticks)
Found incumbent of value 19444.000000 after 0.00 sec. (1.72 ticks)
Probing time = 0.00 sec. (0.12 ticks)
Cover probing fixed 0 vars, tightened 6 bounds.
Tried aggregator 1 time.
Reduced MIP has 42 rows, 149 columns, and 384 nonzeros.
Reduced MIP has 148 binaries, 1 generals, 0 SOSs, and 0 indicators.
Presolve time = 0.00 sec. (0.27 ticks)
Probing time = 0.00 sec. (0.08 ticks)
Clique table members: 37.
MIP emphasis: balance optimality and feasibility.
MIP search method: dynamic search.
Parallel mode: none, using 1 thread.
Root relaxation solution time = 0.00 sec. (0.12 ticks)

        Nodes                                         Cuts/
   Node  Left     Objective  IInf  Best Integer    Best Bound    ItCnt     Gap

*     0+    0                        19444.0000     1963.0000            89.90%
      0     0     4861.0000     5    19444.0000     4861.0000        6   75.00%
*     0+    0                         5662.0000     4861.0000            14.15%
      0     0     4861.0000     8     5662.0000      Fract: 4       13   14.15%
*     0+    0                         5361.0000     4861.0000             9.33%
      0     0     4861.0000     9     5361.0000       Cuts: 3       20    9.33%
*     0+    0                         5108.0000     4861.0000             4.84%
*     0+    0                         5050.0000     4861.0000             3.74%
*     0+    0                         4980.0000     4861.0000             2.39%
      0     2     4861.0000     9     4980.0000     4861.0000       20    2.39%
Elapsed time = 0.01 sec. (5.60 ticks, tree = 0.01 MB, solutions = 6)
*    20+   18                         4968.0000     4861.0000             2.15%
*    30+   22                         4944.0000     4861.0000             1.68%
*    86    58      integral     0     4920.0000     4861.0000      229    1.20%
*   179   111      integral     0     4885.0000     4861.0000      449    0.49%
*   691   288      integral     0     4871.0000     4861.0000     1414    0.21%
*  1436   480      integral     0     4869.0000     4861.0000     2753    0.16%
*  2038+  779                         4867.0000     4861.0000             0.12%
*  2439+  459                         4866.0000     4861.0000             0.10%
   2539   473     4861.0000     6     4866.0000     4861.0000     4896    0.10%
   2540   474     4861.0000     6     4866.0000     4861.0000     4896    0.10%
   2541   474     4861.0000     6     4866.0000     4861.0000     4897    0.10%
   2542   475     4861.0000     6     4866.0000     4861.0000     4898    0.10%
   2543   475     4861.0000     6     4866.0000     4861.0000     4899    0.10%
   2544   473        cutoff           4866.0000     4861.0000     4900    0.10%
   2545   471        cutoff           4866.0000     4861.0000     4903    0.10%
   2546   471     4861.0000     6     4866.0000     4861.0000     4905    0.10%
   2547   472     4861.0000     6     4866.0000     4861.0000     4906    0.10%
*  2939+  573                         4865.0000     4861.0000             0.08%
*  4339+ 1230                         4864.0000     4861.0000             0.06%
   9753  4595     4861.0000     6     4864.0000     4861.0000    18724    0.06%
Elapsed time = 1.25 sec. (959.29 ticks, tree = 1.32 MB, solutions = 16)
* 11839+ 5328                         4863.0000     4861.0000             0.04%
  22251  7857        cutoff           4863.0000     4861.0000    45265    0.04%
  22252  7856        cutoff           4863.0000     4861.0000    45270    0.04%
  22253  7855        cutoff           4863.0000     4861.0000    45273    0.04%
  22254  7854        cutoff           4863.0000     4861.0000    45274    0.04%
  22255  7853        cutoff           4863.0000     4861.0000    45277    0.04%
  22256  7852        cutoff           4863.0000     4861.0000    45278    0.04%
  22257  7851    infeasible           4863.0000     4861.0000    45278    0.04%
  22258  7850        cutoff           4863.0000     4861.0000    45279    0.04%
  22259  7849        cutoff           4863.0000     4861.0000    45280    0.04%
  22260  7848    infeasible           4863.0000     4861.0000    45280    0.04%
Elapsed time = 2.58 sec. (1913.91 ticks, tree = 2.16 MB, solutions = 17)
  37112 10621     4861.0000     4     4863.0000     4861.0000    74908    0.04%
  37113 10620        cutoff           4863.0000     4861.0000    74914    0.04%
  37114 10619        cutoff           4863.0000     4861.0000    74918    0.04%
  37115 10620     4861.0000     6     4863.0000     4861.0000    74921    0.04%
  37116 10621     4861.0000     6     4863.0000     4861.0000    74922    0.04%
  37117 10622     4861.0000     4     4863.0000     4861.0000    74923    0.04%
  37118 10623     4861.0000     4     4863.0000     4861.0000    74924    0.04%
  37119 10624     4861.0000     4     4863.0000     4861.0000    74925    0.04%
  37120 10623        cutoff           4863.0000     4861.0000    74928    0.04%
  37121 10622        cutoff           4863.0000     4861.0000    74930    0.04%
Elapsed time = 3.83 sec. (2868.38 ticks, tree = 3.11 MB, solutions = 17)
* 37471 10456      integral     0     4862.0000     4861.0000    75689    0.02%
  51278 13939    infeasible           4862.0000     4861.0000   106222    0.02%
  51279 13940     4861.0000     6     4862.0000     4861.0000   106223    0.02%
  51280 13941     4861.0000     6     4862.0000     4861.0000   106226    0.02%
  51281 13942     4861.0000     6     4862.0000     4861.0000   106229    0.02%
  51282 13943     4861.0000     6     4862.0000     4861.0000   106230    0.02%
  51283 13944     4861.0000     6     4862.0000     4861.0000   106231    0.02%
  51284 13945     4861.0000     6     4862.0000     4861.0000   106232    0.02%
  51285 13944    infeasible           4862.0000     4861.0000   106232    0.02%
  51286 13943    infeasible           4862.0000     4861.0000   106233    0.02%
  51287 13942    infeasible           4862.0000     4861.0000   106239    0.02%
Elapsed time = 5.05 sec. (3823.56 ticks, tree = 3.96 MB, solutions = 18)
  64198 14757    infeasible           4862.0000     4861.0000   137493    0.02%
  64199 14758     4861.0000     6     4862.0000     4861.0000   137500    0.02%
  64200 14759     4861.0000     6     4862.0000     4861.0000   137502    0.02%
  64201 14760     4861.0000     6     4862.0000     4861.0000   137503    0.02%
  64202 14760     4861.0000     6     4862.0000     4861.0000   137506    0.02%
  64203 14759    infeasible           4862.0000     4861.0000   137509    0.02%
  64204 14758    infeasible           4862.0000     4861.0000   137513    0.02%
  64205 14757    infeasible           4862.0000     4861.0000   137519    0.02%
  64206 14758     4861.0000     6     4862.0000     4861.0000   137520    0.02%
  64207 14757    infeasible           4862.0000     4861.0000   137525    0.02%
Elapsed time = 6.28 sec. (4778.29 ticks, tree = 4.18 MB, solutions = 18)
  76700 15733     4861.0000     6     4862.0000     4861.0000   168472    0.02%
  76701 15734     4861.0000     6     4862.0000     4861.0000   168473    0.02%
  76702 15735     4861.0000     6     4862.0000     4861.0000   168474    0.02%
  76703 15734    infeasible           4862.0000     4861.0000   168476    0.02%
  76704 15734     4861.0000     8     4862.0000     4861.0000   168479    0.02%
  76705 15733    infeasible           4862.0000     4861.0000   168486    0.02%
  76706 15732    infeasible           4862.0000     4861.0000   168489    0.02%
  76707 15733     4861.0000     6     4862.0000     4861.0000   168490    0.02%
  76708 15734     4861.0000     6     4862.0000     4861.0000   168491    0.02%
  76709 15735     4861.0000     6     4862.0000     4861.0000   168492    0.02%
Elapsed time = 7.52 sec. (5732.79 ticks, tree = 4.44 MB, solutions = 18)
  90167 17881    infeasible           4862.0000     4861.0000   200455    0.02%
  90168 17880    infeasible           4862.0000     4861.0000   200459    0.02%
  90169 17879    infeasible           4862.0000     4861.0000   200465    0.02%
  90170 17878    infeasible           4862.0000     4861.0000   200470    0.02%
  90171 17877    infeasible           4862.0000     4861.0000   200475    0.02%
  90172 17878     4861.0000     6     4862.0000     4861.0000   200476    0.02%
  90173 17879     4861.0000     7     4862.0000     4861.0000   200483    0.02%
  90174 17880     4861.0000     8     4862.0000     4861.0000   200486    0.02%
  90175 17881     4861.0000     8     4862.0000     4861.0000   200487    0.02%
  90176 17882     4861.0000     7     4862.0000     4861.0000   200488    0.02%
Elapsed time = 8.74 sec. (6687.45 ticks, tree = 5.47 MB, solutions = 18)
 104650 21147    infeasible           4862.0000     4861.0000   232545    0.02%
 104651 21146    infeasible           4862.0000     4861.0000   232545    0.02%
 104652 21145    infeasible           4862.0000     4861.0000   232553    0.02%
 104653 21144    infeasible           4862.0000     4861.0000   232553    0.02%
 104654 21143    infeasible           4862.0000     4861.0000   232553    0.02%
 104655 21142    infeasible           4862.0000     4861.0000   232553    0.02%
 104656 21141    infeasible           4862.0000     4861.0000   232553    0.02%
 104657 21140    infeasible           4862.0000     4861.0000   232554    0.02%
 104658 21139    infeasible           4862.0000     4861.0000   232557    0.02%
 104659 21140     4861.0000     6     4862.0000     4861.0000   232560    0.02%
Elapsed time = 9.97 sec. (7642.00 ticks, tree = 6.31 MB, solutions = 18)
 119220 23784    infeasible           4862.0000     4861.0000   264976    0.02%
 119221 23783    infeasible           4862.0000     4861.0000   264980    0.02%
 119222 23782    infeasible           4862.0000     4861.0000   264982    0.02%
 119223 23781    infeasible           4862.0000     4861.0000   264987    0.02%
 119224 23780    infeasible           4862.0000     4861.0000   264991    0.02%
 119225 23779    infeasible           4862.0000     4861.0000   264993    0.02%
 119226 23780     4861.0000     6     4862.0000     4861.0000   264994    0.02%
 119227 23781     4861.0000     6     4862.0000     4861.0000   264995    0.02%
 119228 23782     4861.0000     6     4862.0000     4861.0000   264996    0.02%
 119229 23783     4861.0000     6     4862.0000     4861.0000   264997    0.02%
Elapsed time = 11.19 sec. (8596.36 ticks, tree = 6.99 MB, solutions = 18)
 134544 26172     4861.0000     6     4862.0000     4861.0000   299772    0.02%
 134545 26173     4861.0000     6     4862.0000     4861.0000   299773    0.02%
 134546 26172    infeasible           4862.0000     4861.0000   299777    0.02%
 134547 26173     4861.0000     5     4862.0000     4861.0000   299779    0.02%
 134548 26174     4861.0000     5     4862.0000     4861.0000   299780    0.02%
 134549 26175     4861.0000     6     4862.0000     4861.0000   299781    0.02%
 134550 26174    infeasible           4862.0000     4861.0000   299785    0.02%
 134551 26175     4861.0000     6     4862.0000     4861.0000   299786    0.02%
 134552 26176     4861.0000     6     4862.0000     4861.0000   299788    0.02%
 175210 29245    infeasible           4862.0000     4861.0000   392850    0.02%
Elapsed time = 16.13 sec. (12411.06 ticks, tree = 8.42 MB, solutions = 18)
 230236 32191     4861.0000     6     4862.0000     4861.0000   514141    0.02%
 230237 32192     4861.0000     6     4862.0000     4861.0000   514142    0.02%
 230238 32193     4861.0000     6     4862.0000     4861.0000   514143    0.02%
 230239 32194     4861.0000     6     4862.0000     4861.0000   514144    0.02%
 230240 32195     4861.0000     6     4862.0000     4861.0000   514145    0.02%
 230241 32196     4861.0000     6     4862.0000     4861.0000   514146    0.02%
 230242 32197     4861.0000     6     4862.0000     4861.0000   514147    0.02%
 230243 32196    infeasible           4862.0000     4861.0000   514150    0.02%
 230244 32195    infeasible           4862.0000     4861.0000   514152    0.02%
 230245 32196     4861.0000     8     4862.0000     4861.0000   514156    0.02%
Elapsed time = 21.04 sec. (16226.29 ticks, tree = 9.21 MB, solutions = 18)
 283701 38989    infeasible           4862.0000     4861.0000   638334    0.02%
 283702 38988    infeasible           4862.0000     4861.0000   638334    0.02%
 283703 38987    infeasible           4862.0000     4861.0000   638339    0.02%
 283704 38986    infeasible           4862.0000     4861.0000   638344    0.02%
 283705 38985    infeasible           4862.0000     4861.0000   638345    0.02%
 283706 38984    infeasible           4862.0000     4861.0000   638348    0.02%
 283707 38983    infeasible           4862.0000     4861.0000   638349    0.02%
 283708 38982    infeasible           4862.0000     4861.0000   638350    0.02%
 283709 38981    infeasible           4862.0000     4861.0000   638351    0.02%
 283710 38980    infeasible           4862.0000     4861.0000   638352    0.02%
Elapsed time = 25.92 sec. (20041.66 ticks, tree = 11.91 MB, solutions = 18)
 337016 44529    infeasible           4862.0000     4861.0000   758184    0.02%
 337017 44528    infeasible           4862.0000     4861.0000   758189    0.02%
 337018 44527    infeasible           4862.0000     4861.0000   758194    0.02%
 337019 44526    infeasible           4862.0000     4861.0000   758196    0.02%
 337020 44525    infeasible           4862.0000     4861.0000   758196    0.02%
 337021 44524    infeasible           4862.0000     4861.0000   758201    0.02%
 337022 44523    infeasible           4862.0000     4861.0000   758206    0.02%
 337023 44524     4861.0000     5     4862.0000     4861.0000   758207    0.02%
 337024 44525     4861.0000     6     4862.0000     4861.0000   758208    0.02%
 337025 44526     4861.0000     6     4862.0000     4861.0000   758209    0.02%
Elapsed time = 30.76 sec. (23857.69 ticks, tree = 13.36 MB, solutions = 18)
 388198 48055     4861.0000     6     4862.0000     4861.0000   872324    0.02%
 388199 48056     4861.0000     6     4862.0000     4861.0000   872325    0.02%
 388200 48057     4861.0000     6     4862.0000     4861.0000   872326    0.02%
 388201 48058     4861.0000     6     4862.0000     4861.0000   872330    0.02%
 388202 48059     4861.0000     6     4862.0000     4861.0000   872332    0.02%
 388203 48060     4861.0000     8     4862.0000     4861.0000   872334    0.02%
 388204 48061     4861.0000     8     4862.0000     4861.0000   872336    0.02%
 388205 48062     4861.0000     7     4862.0000     4861.0000   872341    0.02%
 388206 48061    infeasible           4862.0000     4861.0000   872345    0.02%
 388207 48060    infeasible           4862.0000     4861.0000   872347    0.02%
Elapsed time = 35.65 sec. (27672.76 ticks, tree = 14.31 MB, solutions = 18)
 441181 51295     4861.0000     7     4862.0000     4861.0000   984519    0.02%
 441182 51296     4861.0000     8     4862.0000     4861.0000   984522    0.02%
 441183 51297     4861.0000     8     4862.0000     4861.0000   984525    0.02%
 441184 51298     4861.0000     6     4862.0000     4861.0000   984526    0.02%
 441185 51298     4861.0000     8     4862.0000     4861.0000   984528    0.02%
 441186 51299     4861.0000     6     4862.0000     4861.0000   984530    0.02%
 441187 51298    infeasible           4862.0000     4861.0000   984532    0.02%
 441188 51297    infeasible           4862.0000     4861.0000   984535    0.02%
 441189 51296    infeasible           4862.0000     4861.0000   984541    0.02%
 441190 51295    infeasible           4862.0000     4861.0000   984543    0.02%
Elapsed time = 40.59 sec. (31488.00 ticks, tree = 15.20 MB, solutions = 18)
 494271 55052    infeasible           4862.0000     4861.0000  1093313    0.02%
 494272 55051    infeasible           4862.0000     4861.0000  1093316    0.02%
 494273 55050    infeasible           4862.0000     4861.0000  1093322    0.02%
 494274 55049    infeasible           4862.0000     4861.0000  1093324    0.02%
 494275 55048    infeasible           4862.0000     4861.0000  1093332    0.02%
 494276 55047    infeasible           4862.0000     4861.0000  1093338    0.02%
 494277 55046    infeasible           4862.0000     4861.0000  1093341    0.02%
 494278 55045    infeasible           4862.0000     4861.0000  1093345    0.02%
 494279 55044    infeasible           4862.0000     4861.0000  1093345    0.02%
 494280 55043    infeasible           4862.0000     4861.0000  1093345    0.02%
Elapsed time = 45.56 sec. (35303.54 ticks, tree = 16.21 MB, solutions = 18)
 546680 58851    infeasible           4862.0000     4861.0000  1213489    0.02%
 546681 58850    infeasible           4862.0000     4861.0000  1213490    0.02%
 546682 58851     4861.0000     6     4862.0000     4861.0000  1213491    0.02%
 546683 58852     4861.0000     6     4862.0000     4861.0000  1213493    0.02%
 546684 58853     4861.0000     6     4862.0000     4861.0000  1213494    0.02%
 546685 58854     4861.0000     8     4862.0000     4861.0000  1213497    0.02%
 546686 58855     4861.0000     6     4862.0000     4861.0000  1213498    0.02%
 546687 58856     4861.0000     8     4862.0000     4861.0000  1213500    0.02%
 546688 58855    infeasible           4862.0000     4861.0000  1213502    0.02%
 546689 58856     4861.0000     8     4862.0000     4861.0000  1213504    0.02%
Elapsed time = 50.47 sec. (39118.92 ticks, tree = 17.23 MB, solutions = 18)
 599774 64211     4861.0000     6     4862.0000     4861.0000  1332097    0.02%
 599775 64212     4861.0000     6     4862.0000     4861.0000  1332098    0.02%
 599776 64213     4861.0000     6     4862.0000     4861.0000  1332099    0.02%
 599777 64214     4861.0000     6     4862.0000     4861.0000  1332100    0.02%
 599778 64215     4861.0000     6     4862.0000     4861.0000  1332101    0.02%
 599779 64216     4861.0000     6     4862.0000     4861.0000  1332102    0.02%
 599780 64217     4861.0000     6     4862.0000     4861.0000  1332103    0.02%
 599781 64218     4861.0000     7     4862.0000     4861.0000  1332105    0.02%
 599782 64219     4861.0000     8     4862.0000     4861.0000  1332111    0.02%
 599783 64218    infeasible           4862.0000     4861.0000  1332112    0.02%
Elapsed time = 55.36 sec. (42934.23 ticks, tree = 18.65 MB, solutions = 18)
 651457 70845     4861.0000     6     4862.0000     4861.0000  1452882    0.02%
 651458 70846     4861.0000     6     4862.0000     4861.0000  1452883    0.02%
 651459 70847     4861.0000     7     4862.0000     4861.0000  1452885    0.02%
 651460 70848     4861.0000     8     4862.0000     4861.0000  1452886    0.02%
 651461 70849     4861.0000     6     4862.0000     4861.0000  1452887    0.02%
 651462 70848    infeasible           4862.0000     4861.0000  1452889    0.02%
 651463 70849     4861.0000     8     4862.0000     4861.0000  1452891    0.02%
 651464 70849     4861.0000     8     4862.0000     4861.0000  1452892    0.02%
 651465 70850     4861.0000     6     4862.0000     4861.0000  1452893    0.02%
 651466 70849    infeasible           4862.0000     4861.0000  1452895    0.02%
Elapsed time = 60.11 sec. (46749.33 ticks, tree = 22.33 MB, solutions = 18)
*653639+    1                         4861.0000     4861.0000             0.00%

Mixed integer rounding cuts applied:  1

Root node processing (before b&c):
  Real time             =    0.01 sec. (5.69 ticks)
Sequential b&c:
  Real time             =   60.31 sec. (46893.52 ticks)
                          ------------
Total (root+branch&cut) =   60.32 sec. (46899.20 ticks)

Solution pool: 19 solutions saved.

MIP - Integer optimal solution:  Objective =  4.8610000000e+03
Solution time =   60.32 sec.  Iterations = 1457883  Nodes = 653639
Deterministic time = 46899.21 ticks  (777.54 ticks/sec)


Incumbent solution written to file '/tmp/tmpsjrW1h.cplex.sol'.
