
Log started (V12.6.3.0) Sat Apr 21 03:36:54 2018

New value for default parallel thread count: 1

Problem '/tmp/tmpvTPIUF.pyomo.lp' read.
Read time = 0.02 sec. (1.59 ticks)

Problem name         : /tmp/tmpvTPIUF.pyomo.lp
Objective sense      : Minimize
Variables            :    1250  [Nneg: 1,  Binary: 1236,  General Integer: 13]
Objective nonzeros   :       1
Linear constraints   :     231  [Less: 115,  Equal: 116]
  Nonzeros           :  115725
  RHS nonzeros       :     207

Variables            : Min LB: 0.000000         Max UB: 1.000000       
Objective nonzeros   : Min   : 1.000000         Max   : 1.000000       
Linear constraints   :
  Nonzeros           : Min   : 1.000000         Max   : 1992.000       
  RHS nonzeros       : Min   : 1.000000         Max   : 11.00000       
Tried aggregator 2 times.
MIP Presolve eliminated 103 rows and 78 columns.
Aggregator did 19 substitutions.
Reduced MIP has 109 rows, 1153 columns, and 3339 nonzeros.
Reduced MIP has 1152 binaries, 1 generals, 0 SOSs, and 0 indicators.
Presolve time = 0.02 sec. (20.17 ticks)
Found incumbent of value 106356.000000 after 0.02 sec. (23.81 ticks)
Probing time = 0.00 sec. (1.86 ticks)
Tried aggregator 1 time.
Reduced MIP has 109 rows, 1153 columns, and 3339 nonzeros.
Reduced MIP has 1152 binaries, 1 generals, 0 SOSs, and 0 indicators.
Presolve time = 0.00 sec. (1.75 ticks)
Probing time = 0.00 sec. (1.85 ticks)
Clique table members: 96.
MIP emphasis: balance optimality and feasibility.
MIP search method: dynamic search.
Parallel mode: none, using 1 thread.
Root relaxation solution time = 0.00 sec. (3.48 ticks)

        Nodes                                         Cuts/
   Node  Left     Objective  IInf  Best Integer    Best Bound    ItCnt     Gap

*     0+    0                       106356.0000        0.0000           100.00%
      0     0     8863.0000    20   106356.0000     8863.0000      119   91.67%
*     0+    0                        10906.0000     8863.0000            18.73%
      0     0     8863.0000    28    10906.0000      Fract: 7      153   18.73%
*     0+    0                         9723.0000     8863.0000             8.85%
      0     0     8863.0000    25     9723.0000       Cuts: 9      166    8.85%
*     0+    0                         9610.0000     8863.0000             7.77%
      0     0     8863.0000    36     9610.0000       Cuts: 9      179    7.77%
*     0+    0                         9573.0000     8863.0000             7.42%
*     0+    0                         9365.0000     8863.0000             5.36%
      0     2     8863.0000    24     9365.0000     8863.0000      179    5.36%
Elapsed time = 0.10 sec. (149.52 ticks, tree = 0.01 MB, solutions = 6)
*    49    49      integral     0     9336.0000     8863.0000      705    5.07%
*    52    50      integral     0     9334.0000     8863.0000      723    5.05%
*    90+   68                         9325.0000     8863.0000             4.95%
*   100+   76                         9267.0000     8863.0000             4.36%
*   140+  103                         9253.0000     8863.0000             4.21%
*   240+  173                         9182.0000     8863.0000             3.47%
    480   343     8910.0000    12     9182.0000     8863.0000     3434    3.47%
    481   344     8910.0000    15     9182.0000     8863.0000     3444    3.47%
    482   345     8910.0000    12     9182.0000     8863.0000     3448    3.47%
    483   344        cutoff           9182.0000     8863.0000     3449    3.47%
    484   345     9001.0000     9     9182.0000     8863.0000     3453    3.47%
    485   346     9001.0000     7     9182.0000     8863.0000     3454    3.47%
    486   346     9001.0000     6     9182.0000     8863.0000     3461    3.47%
    487   347     9001.0000     5     9182.0000     8863.0000     3462    3.47%
    488   347     9001.0000    11     9182.0000     8863.0000     3470    3.47%
*  1000+  540                         9100.0000     8863.0000             2.60%
*  1111+  634                         9096.0000     8863.0000             2.56%
*  1112+  606                         9063.0000     8863.0000             2.21%
*  1112+  584                         9025.0000     8863.0000             1.80%
*  1113+  390                         9024.0000     8863.0000             1.78%
*  1113+  260                         9017.0000     8863.0000             1.71%
*  1213+  189                         8992.0000     8863.0000             1.43%
*  1213+  146                         8990.0000     8863.0000             1.41%
*  1213+  117                         8985.0000     8863.0000             1.36%
   1213   118     8863.0000    21     8985.0000     8863.0000     8415    1.36%
Elapsed time = 0.76 sec. (1167.93 ticks, tree = 0.25 MB, solutions = 21)
*  1313+  143                         8984.0000     8863.0000             1.35%
*  1413+  194                         8969.0000     8863.0000             1.18%
*  1413+  194                         8966.0000     8863.0000             1.15%
*  1413+  194                         8954.0000     8863.0000             1.02%
*  1513+  260                         8946.0000     8863.0000             0.93%
*  1613+  308                         8945.0000     8863.0000             0.92%
*  1713+  372                         8941.0000     8863.0000             0.87%
*  1713+  364                         8939.0000     8863.0000             0.85%
   1713   366     8874.0000    23     8939.0000     8863.0000    10248    0.85%
   1714   367     8874.0000    23     8939.0000     8863.0000    10250    0.85%
   1715   367     8874.0000    24     8939.0000     8863.0000    10254    0.85%
   1716   368     8874.0000    23     8939.0000     8863.0000    10258    0.85%
   1717   369     8874.0000    23     8939.0000     8863.0000    10260    0.85%
   1718   370     8874.0000    24     8939.0000     8863.0000    10262    0.85%
   1719   371     8874.0000    25     8939.0000     8863.0000    10272    0.85%
   1720   372     8874.0000    24     8939.0000     8863.0000    10276    0.85%
   1721   371        cutoff           8939.0000     8863.0000    10280    0.85%
   1722   370        cutoff           8939.0000     8863.0000    10292    0.85%
Elapsed time = 1.44 sec. (2142.06 ticks, tree = 0.78 MB, solutions = 29)
   3005  1371     8863.0000    25     8939.0000     8863.0000    14552    0.85%
   3006  1372     8863.0000    24     8939.0000     8863.0000    14554    0.85%
   3007  1373     8863.0000    24     8939.0000     8863.0000    14555    0.85%
   3008  1374     8863.0000    23     8939.0000     8863.0000    14557    0.85%
   3009  1375     8863.0000    21     8939.0000     8863.0000    14558    0.85%
   3010  1376     8863.0000    21     8939.0000     8863.0000    14565    0.85%
   3011  1377     8863.0000    20     8939.0000     8863.0000    14568    0.85%
   3012  1378     8863.0000    22     8939.0000     8863.0000    14571    0.85%
   3013  1379     8863.0000    26     8939.0000     8863.0000    14575    0.85%
   3014  1380     8863.0000    26     8939.0000     8863.0000    14576    0.85%
Elapsed time = 2.06 sec. (3099.45 ticks, tree = 3.00 MB, solutions = 29)
   5741  3530     8894.0000    19     8939.0000     8863.0000    22369    0.85%
   5742  3531     8894.0000    18     8939.0000     8863.0000    22370    0.85%
   5743  3532     8894.0000    15     8939.0000     8863.0000    22380    0.85%
   5744  3531        cutoff           8939.0000     8863.0000    22383    0.85%
   5745  3532     8894.0000    13     8939.0000     8863.0000    22384    0.85%
   5746  3533     8894.0000    17     8939.0000     8863.0000    22398    0.85%
   5747  3533     8894.0000    17     8939.0000     8863.0000    22409    0.85%
   5748  3534     8894.0000    16     8939.0000     8863.0000    22410    0.85%
   5749  3535     8894.0000    16     8939.0000     8863.0000    22413    0.85%
   5750  3536     8899.6667    18     8939.0000     8863.0000    22419    0.85%
Elapsed time = 2.67 sec. (4056.65 ticks, tree = 7.83 MB, solutions = 29)
   7703  5051     8863.0000    39     8939.0000     8863.0000    33019    0.85%
   7704  5052     8869.2744    38     8939.0000     8863.0000    33050    0.85%
   7705  5053     8869.2744    39     8939.0000     8863.0000    33052    0.85%
   7706  5054     8869.2744    36     8939.0000     8863.0000    33053    0.85%
   7707  5055     8871.5842    32     8939.0000     8863.0000    33055    0.85%
   7708  5056     8871.5842    38     8939.0000     8863.0000    33058    0.85%
   7709  5057     8871.5842    35     8939.0000     8863.0000    33062    0.85%
   7710  5058     8871.5842    35     8939.0000     8863.0000    33065    0.85%
   7711  5059     8871.5842    35     8939.0000     8863.0000    33068    0.85%
   7712  5060     8871.7224    42     8939.0000     8863.0000    33126    0.85%
Elapsed time = 3.31 sec. (5018.82 ticks, tree = 11.41 MB, solutions = 29)
   8978  6050     8863.0000    39     8939.0000     8863.0000    47481    0.85%
   8979  6051     8863.0000    32     8939.0000     8863.0000    47499    0.85%
   8980  6052     8863.0000    37     8939.0000     8863.0000    47512    0.85%
   8981  6053     8863.0000    32     8939.0000     8863.0000    47517    0.85%
   8982  6054     8863.0000    28     8939.0000     8863.0000    47518    0.85%
   8983  6055     8863.0000    24     8939.0000     8863.0000    47524    0.85%
   8984  6056     8863.0000    24     8939.0000     8863.0000    47525    0.85%
   8985  6057     8863.0000    24     8939.0000     8863.0000    47526    0.85%
   8986  6058     8863.0000    31     8939.0000     8863.0000    47533    0.85%
   8987  6059     8863.0000    30     8939.0000     8863.0000    47535    0.85%
Elapsed time = 3.91 sec. (5978.00 ticks, tree = 14.19 MB, solutions = 29)
  10452  7311     8863.0000    38     8939.0000     8863.0000    60213    0.85%
  10453  7312     8863.0000    34     8939.0000     8863.0000    60235    0.85%
  10454  7313     8863.0000    34     8939.0000     8863.0000    60243    0.85%
  10455  7314     8863.0000    34     8939.0000     8863.0000    60248    0.85%
  10456  7315     8880.0924    32     8939.0000     8863.0000    60306    0.85%
  10457  7316     8880.0924    36     8939.0000     8863.0000    60310    0.85%
  10458  7317     8880.1427    37     8939.0000     8863.0000    60317    0.85%
  10459  7318     8880.2311    31     8939.0000     8863.0000    60319    0.85%
  10460  7319     8880.2311    32     8939.0000     8863.0000    60321    0.85%
  10461  7320     8883.8983    35     8939.0000     8863.0000    60333    0.85%
Elapsed time = 4.49 sec. (6938.74 ticks, tree = 18.00 MB, solutions = 29)
  11410  8033     8863.0000    27     8939.0000     8863.0000    72879    0.85%
  11411  8034     8863.0000    26     8939.0000     8863.0000    72903    0.85%
  11412  8035     8863.0000    27     8939.0000     8863.0000    72948    0.85%
  11413  8034     8891.9439    22     8939.0000     8863.0000    72992    0.85%
  11414  8033        cutoff           8939.0000     8863.0000    72997    0.85%
  11415  8032    infeasible           8939.0000     8863.0000    72997    0.85%
  11416  8031        cutoff           8939.0000     8863.0000    73032    0.85%
  11417  8030        cutoff           8939.0000     8863.0000    73067    0.85%
  11418  8029    infeasible           8939.0000     8863.0000    73067    0.85%
  11419  8028    infeasible           8939.0000     8863.0000    73067    0.85%
Elapsed time = 5.03 sec. (7900.68 ticks, tree = 20.16 MB, solutions = 29)
* 11733+ 7899                         8920.0000     8863.0000             0.64%
* 11733+ 7647                         8911.0000     8863.0000             0.54%
  11733  7649     8863.0000    35     8911.0000     8863.0000    78026    0.54%
  11734  7650     8863.0000    33     8911.0000     8863.0000    78053    0.54%
  11735  7651     8863.0000    32     8911.0000     8863.0000    78086    0.54%
  11736  7652     8863.0000    40     8911.0000     8863.0000    78105    0.54%
  11737  7653     8863.0000    40     8911.0000     8863.0000    78106    0.54%
  11738  7654     8863.0000    36     8911.0000     8863.0000    78115    0.54%
  11739  7655     8863.0000    35     8911.0000     8863.0000    78129    0.54%
  11740  7656     8863.0000    34     8911.0000     8863.0000    78131    0.54%
  11741  7657     8863.0000    34     8911.0000     8863.0000    78140    0.54%
  11742  7658     8863.0000    33     8911.0000     8863.0000    78150    0.54%
Elapsed time = 5.84 sec. (9018.25 ticks, tree = 19.62 MB, solutions = 31)
  12861  8555     8863.0000    36     8911.0000     8863.0000    92521    0.54%
  12862  8556     8863.0000    34     8911.0000     8863.0000    92522    0.54%
  12863  8557     8863.0000    34     8911.0000     8863.0000    92549    0.54%
  12864  8558     8863.0000    30     8911.0000     8863.0000    92574    0.54%
  12865  8559     8863.0000    30     8911.0000     8863.0000    92585    0.54%
  12866  8560     8863.0000    30     8911.0000     8863.0000    92586    0.54%
  12867  8561     8863.0000    28     8911.0000     8863.0000    92595    0.54%
  12868  8562     8863.0000    33     8911.0000     8863.0000    92607    0.54%
  12869  8563     8863.0000    30     8911.0000     8863.0000    92608    0.54%
  15358 10371     8863.0000    44     8911.0000     8863.0000   133971    0.54%
Elapsed time = 8.05 sec. (12833.09 ticks, tree = 28.39 MB, solutions = 31)
  18487 12642     8899.6461    33     8911.0000     8863.0000   189838    0.54%
  18488 12641        cutoff           8911.0000     8863.0000   189841    0.54%
  18489 12640    infeasible           8911.0000     8863.0000   189841    0.54%
  18490 12641     8863.0000    47     8911.0000     8863.0000   189952    0.54%
  18491 12642     8863.0000    40     8911.0000     8863.0000   189975    0.54%
  18492 12643     8863.0000    42     8911.0000     8863.0000   189998    0.54%
  18493 12644     8863.0000    54     8911.0000     8863.0000   190060    0.54%
  18494 12645     8863.0000    51     8911.0000     8863.0000   190075    0.54%
  18495 12646     8863.0000    46     8911.0000     8863.0000   190084    0.54%
  18496 12647     8863.0000    45     8911.0000     8863.0000   190104    0.54%
Elapsed time = 10.35 sec. (16681.64 ticks, tree = 36.59 MB, solutions = 31)
  21655 14832     8868.7262    39     8911.0000     8863.0000   241456    0.54%
  21656 14833     8868.8321    38     8911.0000     8863.0000   241461    0.54%
  21657 14834     8868.8864    34     8911.0000     8863.0000   241462    0.54%
  21658 14835     8868.8864    38     8911.0000     8863.0000   241465    0.54%
  21659 14836     8869.0760    30     8911.0000     8863.0000   241476    0.54%
  21660 14837     8869.0825    32     8911.0000     8863.0000   241477    0.54%
  21661 14838     8869.2099    32     8911.0000     8863.0000   241482    0.54%
  21662 14839     8894.7584    27     8911.0000     8863.0000   241501    0.54%
  21663 14840     8894.9998    26     8911.0000     8863.0000   241504    0.54%
  21664 14840     8909.5853    26     8911.0000     8863.0000   241512    0.54%
Elapsed time = 12.67 sec. (20500.60 ticks, tree = 44.79 MB, solutions = 31)
  24818 17201     8863.0000    55     8911.0000     8863.0000   297122    0.54%
  24819 17202     8863.0000    54     8911.0000     8863.0000   297137    0.54%
  24820 17203     8863.0000    44     8911.0000     8863.0000   297161    0.54%
  24821 17204     8863.0000    45     8911.0000     8863.0000   297175    0.54%
  24822 17204     8869.1248    36     8911.0000     8863.0000   297311    0.54%
  24823 17205     8869.1248    37     8911.0000     8863.0000   297328    0.54%
  24824 17206     8869.1248    36     8911.0000     8863.0000   297331    0.54%
  24825 17207     8869.1248    36     8911.0000     8863.0000   297333    0.54%
  24826 17208     8869.1248    36     8911.0000     8863.0000   297335    0.54%
  24827 17209     8869.1248    36     8911.0000     8863.0000   297338    0.54%
Elapsed time = 14.94 sec. (24341.34 ticks, tree = 54.65 MB, solutions = 31)
  29413 21164     8875.8426    42     8911.0000     8863.0000   344515    0.54%
  29414 21165     8875.8426    42     8911.0000     8863.0000   344515    0.54%
  29415 21164        cutoff           8911.0000     8863.0000   344527    0.54%
  29416 21165     8888.0000    33     8911.0000     8863.0000   344541    0.54%
  29417 21166     8888.0000    30     8911.0000     8863.0000   344542    0.54%
  29418 21165        cutoff           8911.0000     8863.0000   344589    0.54%
  29419 21164        cutoff           8911.0000     8863.0000   344621    0.54%
  29420 21163        cutoff           8911.0000     8863.0000   344672    0.54%
  29421 21164     8863.0000    32     8911.0000     8863.0000   344778    0.54%
  29422 21164     8866.8402    43     8911.0000     8863.0000   344808    0.54%
Elapsed time = 17.30 sec. (28190.68 ticks, tree = 70.89 MB, solutions = 31)
  31597 22697     8863.0000    64     8911.0000     8863.0000   398939    0.54%
  31598 22698     8863.0000    54     8911.0000     8863.0000   399038    0.54%
  31599 22699     8863.0000    48     8911.0000     8863.0000   399113    0.54%
  31600 22698        cutoff           8911.0000     8863.0000   399224    0.54%
  31601 22697        cutoff           8911.0000     8863.0000   399411    0.54%
  31602 22698     8863.0000    45     8911.0000     8863.0000   399614    0.54%
  31603 22699     8863.0000    39     8911.0000     8863.0000   399656    0.54%
  31604 22700     8872.5917    47     8911.0000     8863.0000   399828    0.54%
  31605 22701     8889.2057    40     8911.0000     8863.0000   399833    0.54%
  31606 22702     8889.2057    40     8911.0000     8863.0000   399837    0.54%
Elapsed time = 19.63 sec. (32083.84 ticks, tree = 77.80 MB, solutions = 31)
  33262 23797     8869.1938    43     8911.0000     8863.0000   450119    0.54%
  33263 23798     8869.1950    43     8911.0000     8863.0000   450120    0.54%
  33264 23799     8869.2890    47     8911.0000     8863.0000   450138    0.54%
  33265 23799     8869.4478    50     8911.0000     8863.0000   450168    0.54%
  33266 23800     8869.4478    50     8911.0000     8863.0000   450171    0.54%
  33267 23801     8869.4564    40     8911.0000     8863.0000   450172    0.54%
  33268 23802     8869.5380    54     8911.0000     8863.0000   450198    0.54%
  33269 23803     8869.5380    49     8911.0000     8863.0000   450210    0.54%
  33270 23804     8869.5394    47     8911.0000     8863.0000   450222    0.54%
  33271 23805     8869.5535    48     8911.0000     8863.0000   450227    0.54%
Elapsed time = 21.91 sec. (35912.16 ticks, tree = 83.31 MB, solutions = 31)
  35060 25046     8863.1980    41     8911.0000     8863.0000   497397    0.54%
  35061 25047     8863.1992    36     8911.0000     8863.0000   497398    0.54%
  35062 25048     8863.1992    36     8911.0000     8863.0000   497399    0.54%
  35063 25049     8863.2218    29     8911.0000     8863.0000   497411    0.54%
  35064 25050     8863.2218    29     8911.0000     8863.0000   497413    0.54%
  35065 25051     8863.4827    44     8911.0000     8863.0000   497440    0.54%
  35066 25052     8863.4837    38     8911.0000     8863.0000   497442    0.54%
  35067 25053     8863.4859    34     8911.0000     8863.0000   497443    0.54%
  35068 25054     8863.4859    37     8911.0000     8863.0000   497446    0.54%
  35069 25055     8863.5044    35     8911.0000     8863.0000   497449    0.54%
Elapsed time = 24.17 sec. (39731.02 ticks, tree = 89.86 MB, solutions = 31)
  37844 27249     8863.0000    51     8911.0000     8863.0000   548221    0.54%
  37845 27250     8863.0000    49     8911.0000     8863.0000   548223    0.54%
  37846 27251     8863.0000    46     8911.0000     8863.0000   548266    0.54%
  37847 27252     8863.0000    46     8911.0000     8863.0000   548281    0.54%
  37848 27253     8863.0000    50     8911.0000     8863.0000   548338    0.54%
  37849 27254     8866.0877    46     8911.0000     8863.0000   548421    0.54%
  37850 27255     8866.1467    46     8911.0000     8863.0000   548423    0.54%
  37851 27256     8866.1829    46     8911.0000     8863.0000   548425    0.54%
  37852 27257     8866.2141    46     8911.0000     8863.0000   548426    0.54%
  37853 27258     8866.2273    46     8911.0000     8863.0000   548427    0.54%
Elapsed time = 26.45 sec. (43561.41 ticks, tree = 101.60 MB, solutions = 31)
* 38013+25119                         8899.0000     8863.0000             0.40%
  39744 26486     8891.0000    16     8899.0000     8863.0000   594572    0.40%
  39745 26487     8891.0000    15     8899.0000     8863.0000   594573    0.40%
  39746 26488     8891.0000    16     8899.0000     8863.0000   594578    0.40%
  39747 26489     8891.0000    20     8899.0000     8863.0000   594584    0.40%
  39748 26490     8891.0000    22     8899.0000     8863.0000   594586    0.40%
  39749 26491     8891.0000    20     8899.0000     8863.0000   594587    0.40%
  39750 26492     8891.0000    26     8899.0000     8863.0000   594594    0.40%
  39751 26493     8891.0000    19     8899.0000     8863.0000   594595    0.40%
  39752 26494     8891.0000    18     8899.0000     8863.0000   594599    0.40%
  39753 26495     8891.0000    18     8899.0000     8863.0000   594600    0.40%
Elapsed time = 28.74 sec. (47380.27 ticks, tree = 101.07 MB, solutions = 32)
  41262 27539     8863.0000    44     8899.0000     8863.0000   639491    0.40%
  41263 27540     8863.0000    44     8899.0000     8863.0000   639540    0.40%
  41264 27541     8863.0000    42     8899.0000     8863.0000   639557    0.40%
  41265 27542     8863.0000    48     8899.0000     8863.0000   639588    0.40%
  41266 27542     8875.8880    28     8899.0000     8863.0000   639710    0.40%
  41267 27543     8875.8880    26     8899.0000     8863.0000   639712    0.40%
  41268 27544     8875.8880    25     8899.0000     8863.0000   639713    0.40%
  41269 27545     8891.0000    21     8899.0000     8863.0000   639723    0.40%
  41270 27546     8891.0000    19     8899.0000     8863.0000   639727    0.40%
  41271 27547     8891.0000    19     8899.0000     8863.0000   639729    0.40%
Elapsed time = 31.01 sec. (51216.30 ticks, tree = 107.32 MB, solutions = 32)
  43213 29014     8871.8706    58     8899.0000     8863.0000   688323    0.40%
  43214 29015     8872.4145    60     8899.0000     8863.0000   688341    0.40%
  43215 29016     8874.5241    68     8899.0000     8863.0000   688366    0.40%
  43216 29017     8874.5971    64     8899.0000     8863.0000   688367    0.40%
  43217 29018     8874.6651    63     8899.0000     8863.0000   688369    0.40%
  43218 29019     8874.6754    62     8899.0000     8863.0000   688370    0.40%
  43219 29020     8874.9771    62     8899.0000     8863.0000   688377    0.40%
  43220 29021     8875.8371    64     8899.0000     8863.0000   688385    0.40%
  43221 29022     8880.3027    58     8899.0000     8863.0000   688391    0.40%
  43222 29023     8881.6418    57     8899.0000     8863.0000   688405    0.40%
Elapsed time = 33.53 sec. (55438.36 ticks, tree = 116.08 MB, solutions = 32)
  44892 30242     8863.0000    36     8899.0000     8863.0000   736554    0.40%
  44893 30243     8863.0000    38     8899.0000     8863.0000   736561    0.40%
  44894 30244     8863.0000    42     8899.0000     8863.0000   736579    0.40%
  44895 30245     8863.0000    35     8899.0000     8863.0000   736593    0.40%
  44896 30245     8865.7321    54     8899.0000     8863.0000   736863    0.40%
  44897 30246     8865.7321    53     8899.0000     8863.0000   736864    0.40%
  44898 30247     8880.7892    40     8899.0000     8863.0000   736919    0.40%
  44899 30248     8881.0475    39     8899.0000     8863.0000   736924    0.40%
  44900 30247        cutoff           8899.0000     8863.0000   736941    0.40%
  44901 30246        cutoff           8899.0000     8863.0000   736944    0.40%
Elapsed time = 35.83 sec. (59281.29 ticks, tree = 123.61 MB, solutions = 32)
  46070 31015        cutoff           8899.0000     8863.0000   782077    0.40%
  46071 31014        cutoff           8899.0000     8863.0000   782238    0.40%
  46072 31013        cutoff           8899.0000     8863.0000   782580    0.40%
  46073 31012    infeasible           8899.0000     8863.0000   782580    0.40%
  46074 31011        cutoff           8899.0000     8863.0000   782868    0.40%
  46075 31010        cutoff           8899.0000     8863.0000   782961    0.40%
  46076 31011     8863.0000    57     8899.0000     8863.0000   783173    0.40%
  46077 31012     8863.0000    56     8899.0000     8863.0000   783175    0.40%
  46078 31013     8863.0000    55     8899.0000     8863.0000   783178    0.40%
  46079 31014     8863.0000    57     8899.0000     8863.0000   783212    0.40%
Elapsed time = 38.15 sec. (63211.42 ticks, tree = 128.82 MB, solutions = 32)
  47104 31616     8886.3486    53     8899.0000     8863.0000   827927    0.40%
  47105 31617     8886.3486    52     8899.0000     8863.0000   827929    0.40%
  47106 31616        cutoff           8899.0000     8863.0000   827931    0.40%
  47107 31615        cutoff           8899.0000     8863.0000   827938    0.40%
  47108 31614        cutoff           8899.0000     8863.0000   828017    0.40%
  47109 31613        cutoff           8899.0000     8863.0000   828083    0.40%
  47110 31612        cutoff           8899.0000     8863.0000   828269    0.40%
  47111 31611        cutoff           8899.0000     8863.0000   828360    0.40%
  47112 31610    infeasible           8899.0000     8863.0000   828411    0.40%
  47113 31609        cutoff           8899.0000     8863.0000   828489    0.40%
Elapsed time = 40.46 sec. (67057.01 ticks, tree = 133.13 MB, solutions = 32)
  48413 32566     8864.1808    57     8899.0000     8863.0000   871431    0.40%
  48414 32567     8864.2392    63     8899.0000     8863.0000   871437    0.40%
  48415 32568     8864.2429    63     8899.0000     8863.0000   871438    0.40%
  48416 32569     8864.2649    60     8899.0000     8863.0000   871444    0.40%
  48417 32570     8864.2893    57     8899.0000     8863.0000   871445    0.40%
  48418 32571     8864.3235    53     8899.0000     8863.0000   871446    0.40%
  48419 32572     8864.3728    53     8899.0000     8863.0000   871448    0.40%
  48420 32573     8864.5527    56     8899.0000     8863.0000   871458    0.40%
  48421 32574     8864.5528    56     8899.0000     8863.0000   871459    0.40%
  48422 32575     8864.5542    56     8899.0000     8863.0000   871460    0.40%
Elapsed time = 42.72 sec. (70876.23 ticks, tree = 140.09 MB, solutions = 32)
  50014 33702        cutoff           8899.0000     8863.0000   918033    0.40%
  50015 33702     8872.9856    48     8899.0000     8863.0000   918315    0.40%
  50016 33703     8872.9856    45     8899.0000     8863.0000   918330    0.40%
  50017 33704     8872.9856    45     8899.0000     8863.0000   918339    0.40%
  50018 33704     8872.9856    42     8899.0000     8863.0000   918377    0.40%
  50019 33705     8873.4519    40     8899.0000     8863.0000   918381    0.40%
  50020 33706     8873.4519    40     8899.0000     8863.0000   918390    0.40%
  50021 33707     8873.4519    42     8899.0000     8863.0000   918403    0.40%
  50022 33708     8875.6908    38     8899.0000     8863.0000   918444    0.40%
  50023 33709     8893.9768    30     8899.0000     8863.0000   918487    0.40%
Elapsed time = 45.06 sec. (74739.61 ticks, tree = 149.47 MB, solutions = 32)
  51368 34743        cutoff           8899.0000     8863.0000   961552    0.40%
  51369 34742        cutoff           8899.0000     8863.0000   961697    0.40%
  51370 34741        cutoff           8899.0000     8863.0000   961899    0.40%
  51371 34742     8863.0000    53     8899.0000     8863.0000   962108    0.40%
  51372 34743     8863.0000    50     8899.0000     8863.0000   962177    0.40%
  51373 34744     8863.0000    56     8899.0000     8863.0000   962264    0.40%
  51374 34745     8863.0000    52     8899.0000     8863.0000   962329    0.40%
  51375 34746     8863.0000    53     8899.0000     8863.0000   962332    0.40%
  51376 34747     8863.0000    60     8899.0000     8863.0000   962343    0.40%
  51377 34748     8863.0000    53     8899.0000     8863.0000   962374    0.40%
Elapsed time = 47.40 sec. (78646.47 ticks, tree = 157.42 MB, solutions = 32)
  52636 35597     8863.0000    61     8899.0000     8863.0000  1000907    0.40%
  52637 35598     8863.0000    58     8899.0000     8863.0000  1000925    0.40%
  52638 35599     8863.0000    62     8899.0000     8863.0000  1000969    0.40%
  52639 35600     8863.0000    63     8899.0000     8863.0000  1000979    0.40%
  52640 35601     8863.0000    61     8899.0000     8863.0000  1000986    0.40%
  52641 35602     8863.0000    59     8899.0000     8863.0000  1000991    0.40%
  52642 35603     8863.0000    56     8899.0000     8863.0000  1001013    0.40%
  52643 35604     8863.0000    54     8899.0000     8863.0000  1001014    0.40%
  52644 35605     8863.0000    54     8899.0000     8863.0000  1001032    0.40%
  52645 35606     8863.0000    54     8899.0000     8863.0000  1001049    0.40%
Elapsed time = 49.75 sec. (82475.08 ticks, tree = 164.43 MB, solutions = 32)
  53456 36031     8865.7926    44     8899.0000     8863.0000  1046555    0.40%
  53457 36032     8865.7926    42     8899.0000     8863.0000  1046569    0.40%
  53458 36033     8865.7926    41     8899.0000     8863.0000  1046580    0.40%
  53459 36034     8895.0000    32     8899.0000     8863.0000  1046596    0.40%
  53460 36035     8895.0000    32     8899.0000     8863.0000  1046614    0.40%
  53461 36036     8895.0000    29     8899.0000     8863.0000  1046621    0.40%
  53462 36037     8895.0000    25     8899.0000     8863.0000  1046655    0.40%
  53463 36037     8895.0000    20     8899.0000     8863.0000  1046673    0.40%
  53464 36038     8895.0000    22     8899.0000     8863.0000  1046693    0.40%
  53465 36039     8895.0000    18     8899.0000     8863.0000  1046701    0.40%
Elapsed time = 52.03 sec. (86300.30 ticks, tree = 168.55 MB, solutions = 32)
  54423 36704     8863.0000    38     8899.0000     8863.0000  1089207    0.40%
  54424 36705     8863.0000    40     8899.0000     8863.0000  1089228    0.40%
  54425 36706     8863.0000    51     8899.0000     8863.0000  1089330    0.40%
  54426 36707     8863.0000    53     8899.0000     8863.0000  1089331    0.40%
  54427 36708     8863.0000    45     8899.0000     8863.0000  1089346    0.40%
  54428 36709     8863.0000    53     8899.0000     8863.0000  1089351    0.40%
  54429 36710     8863.0000    60     8899.0000     8863.0000  1089367    0.40%
  54430 36711     8863.0000    50     8899.0000     8863.0000  1089390    0.40%
  54431 36711     8868.1107    50     8899.0000     8863.0000  1089678    0.40%
  54432 36712     8868.1107    49     8899.0000     8863.0000  1089679    0.40%
Elapsed time = 54.34 sec. (90152.91 ticks, tree = 174.58 MB, solutions = 32)
  55741 37813     8863.0000    51     8899.0000     8863.0000  1130071    0.40%
  55742 37814     8863.0000    48     8899.0000     8863.0000  1130076    0.40%
  55743 37815     8863.0000    47     8899.0000     8863.0000  1130101    0.40%
  55744 37816     8863.0000    49     8899.0000     8863.0000  1130130    0.40%
  55745 37817     8863.0000    49     8899.0000     8863.0000  1130146    0.40%
  55746 37818     8863.0000    45     8899.0000     8863.0000  1130187    0.40%
  55747 37819     8863.0000    50     8899.0000     8863.0000  1130230    0.40%
  55748 37820     8863.0000    48     8899.0000     8863.0000  1130255    0.40%
  55749 37821     8863.0000    44     8899.0000     8863.0000  1130265    0.40%
  55750 37822     8863.0000    43     8899.0000     8863.0000  1130285    0.40%
Elapsed time = 56.64 sec. (93983.88 ticks, tree = 184.11 MB, solutions = 32)
  56966 38780     8863.0000    46     8899.0000     8863.0000  1176177    0.40%
  56967 38779        cutoff           8899.0000     8863.0000  1176553    0.40%
  56968 38780     8863.0000    50     8899.0000     8863.0000  1176557    0.40%
  56969 38781     8863.0000    46     8899.0000     8863.0000  1176559    0.40%
  56970 38782     8863.0000    49     8899.0000     8863.0000  1176585    0.40%
  56971 38783     8863.0000    47     8899.0000     8863.0000  1176621    0.40%
  56972 38784     8863.0000    47     8899.0000     8863.0000  1176622    0.40%
  56973 38785     8863.0000    46     8899.0000     8863.0000  1176624    0.40%
  56974 38786     8863.0000    45     8899.0000     8863.0000  1176628    0.40%
  56975 38787     8863.0000    55     8899.0000     8863.0000  1176750    0.40%
Elapsed time = 58.94 sec. (97842.17 ticks, tree = 192.46 MB, solutions = 32)
  57839 39327        cutoff           8899.0000     8863.0000  1216724    0.40%
  57840 39326        cutoff           8899.0000     8863.0000  1216926    0.40%
  57841 39325        cutoff           8899.0000     8863.0000  1216996    0.40%
  57842 39324        cutoff           8899.0000     8863.0000  1217052    0.40%
  57843 39325     8870.5969    54     8899.0000     8863.0000  1217470    0.40%
  57844 39324        cutoff           8899.0000     8863.0000  1217568    0.40%
  57845 39323        cutoff           8899.0000     8863.0000  1217578    0.40%
  57846 39322        cutoff           8899.0000     8863.0000  1217816    0.40%
  57847 39321        cutoff           8899.0000     8863.0000  1217912    0.40%
  57848 39320        cutoff           8899.0000     8863.0000  1218088    0.40%
Elapsed time = 61.83 sec. (101778.34 ticks, tree = 197.51 MB, solutions = 32)
  58642 39771     8863.0000    59     8899.0000     8863.0000  1258792    0.40%
  58643 39772     8863.0000    48     8899.0000     8863.0000  1258809    0.40%
  58644 39773     8863.0000    45     8899.0000     8863.0000  1258871    0.40%
  58645 39774     8863.0000    56     8899.0000     8863.0000  1258889    0.40%
  58646 39775     8863.0000    43     8899.0000     8863.0000  1258906    0.40%
  58647 39776     8863.0000    51     8899.0000     8863.0000  1258914    0.40%
  58648 39777     8863.0000    41     8899.0000     8863.0000  1258916    0.40%
  58649 39778     8863.0000    47     8899.0000     8863.0000  1258922    0.40%
  58650 39779     8863.0000    45     8899.0000     8863.0000  1258927    0.40%
  58651 39780     8863.0000    38     8899.0000     8863.0000  1258928    0.40%
Elapsed time = 64.28 sec. (105624.05 ticks, tree = 201.88 MB, solutions = 32)
  59910 40584     8884.6848    44     8899.0000     8863.0000  1303556    0.40%
  59911 40583        cutoff           8899.0000     8863.0000  1303564    0.40%
  59912 40582        cutoff           8899.0000     8863.0000  1303569    0.40%
  59913 40581        cutoff           8899.0000     8863.0000  1303748    0.40%
  59914 40580        cutoff           8899.0000     8863.0000  1303823    0.40%
  59915 40579        cutoff           8899.0000     8863.0000  1304199    0.40%
  59916 40578        cutoff           8899.0000     8863.0000  1304256    0.40%
  59917 40577        cutoff           8899.0000     8863.0000  1304296    0.40%
  59918 40576    infeasible           8899.0000     8863.0000  1304296    0.40%
  59919 40575        cutoff           8899.0000     8863.0000  1304337    0.40%
Elapsed time = 66.64 sec. (109512.02 ticks, tree = 209.15 MB, solutions = 32)
  61182 41351        cutoff           8899.0000     8863.0000  1350068    0.40%
  61183 41350        cutoff           8899.0000     8863.0000  1350309    0.40%
  61184 41351     8880.7914    44     8899.0000     8863.0000  1350626    0.40%
  61185 41352     8885.9097    41     8899.0000     8863.0000  1350666    0.40%
  61186 41351        cutoff           8899.0000     8863.0000  1350680    0.40%
  61187 41350        cutoff           8899.0000     8863.0000  1350681    0.40%
  61188 41349        cutoff           8899.0000     8863.0000  1350805    0.40%
  61189 41348    infeasible           8899.0000     8863.0000  1350805    0.40%
  61190 41347        cutoff           8899.0000     8863.0000  1350940    0.40%
  61191 41346        cutoff           8899.0000     8863.0000  1350995    0.40%
Elapsed time = 69.07 sec. (113401.09 ticks, tree = 216.38 MB, solutions = 32)
  62300 42138     8863.0000    53     8899.0000     8863.0000  1397912    0.40%
  62301 42139     8863.0000    57     8899.0000     8863.0000  1397925    0.40%
  62302 42140     8863.0000    51     8899.0000     8863.0000  1397950    0.40%
  62303 42141     8863.0000    53     8899.0000     8863.0000  1397963    0.40%
  62304 42142     8863.0000    51     8899.0000     8863.0000  1397968    0.40%
  62305 42143     8863.0000    50     8899.0000     8863.0000  1397997    0.40%
  62306 42144     8863.0000    48     8899.0000     8863.0000  1398008    0.40%
  62307 42145     8863.0000    48     8899.0000     8863.0000  1398012    0.40%
  62308 42146     8863.0000    47     8899.0000     8863.0000  1398013    0.40%
  62309 42147     8863.0000    44     8899.0000     8863.0000  1398045    0.40%
Elapsed time = 71.46 sec. (117231.95 ticks, tree = 223.50 MB, solutions = 32)
  62985 42450     8888.0000    43     8899.0000     8863.0000  1439770    0.40%
  62986 42449        cutoff           8899.0000     8863.0000  1439883    0.40%
  62987 42448        cutoff           8899.0000     8863.0000  1439972    0.40%
  62988 42447        cutoff           8899.0000     8863.0000  1440250    0.40%
  62989 42446        cutoff           8899.0000     8863.0000  1440282    0.40%
  62990 42445        cutoff           8899.0000     8863.0000  1440483    0.40%
  62991 42444        cutoff           8899.0000     8863.0000  1440687    0.40%
  62992 42445     8863.0000    52     8899.0000     8863.0000  1440836    0.40%
  62993 42446     8863.0000    48     8899.0000     8863.0000  1440869    0.40%
  62994 42447     8863.0000    52     8899.0000     8863.0000  1440915    0.40%
Elapsed time = 73.85 sec. (121145.70 ticks, tree = 226.67 MB, solutions = 32)
  64295 43491        cutoff           8899.0000     8863.0000  1484965    0.40%
  64296 43492     8863.0000    41     8899.0000     8863.0000  1485036    0.40%
  64297 43493     8863.0000    40     8899.0000     8863.0000  1485038    0.40%
  64298 43494     8863.0000    37     8899.0000     8863.0000  1485058    0.40%
  64299 43495     8863.0000    36     8899.0000     8863.0000  1485074    0.40%
  64300 43496     8863.8113    41     8899.0000     8863.0000  1485099    0.40%
  64301 43497     8863.9819    38     8899.0000     8863.0000  1485102    0.40%
  64302 43498     8864.0695    37     8899.0000     8863.0000  1485104    0.40%
  64303 43499     8864.3319    36     8899.0000     8863.0000  1485115    0.40%
  64304 43500     8864.3684    38     8899.0000     8863.0000  1485116    0.40%
Elapsed time = 76.13 sec. (124983.95 ticks, tree = 235.83 MB, solutions = 32)
  65272 44155     8877.0759    66     8899.0000     8863.0000  1524996    0.40%
  65273 44156     8877.1835    57     8899.0000     8863.0000  1525003    0.40%
  65274 44157     8878.6832    66     8899.0000     8863.0000  1525027    0.40%
  65275 44158     8878.7023    64     8899.0000     8863.0000  1525031    0.40%
  65276 44159     8880.4659    57     8899.0000     8863.0000  1525054    0.40%
  65277 44160     8880.5373    59     8899.0000     8863.0000  1525057    0.40%
  65278 44161     8880.8483    57     8899.0000     8863.0000  1525069    0.40%
  65279 44162     8880.8630    52     8899.0000     8863.0000  1525078    0.40%
  65280 44163     8882.7945    51     8899.0000     8863.0000  1525134    0.40%
  65281 44164     8885.0707    78     8899.0000     8863.0000  1525217    0.40%
Elapsed time = 78.47 sec. (128815.72 ticks, tree = 241.79 MB, solutions = 32)
  66794 45172     8863.0000    41     8899.0000     8863.0000  1574005    0.40%
  66795 45173     8863.0000    31     8899.0000     8863.0000  1574112    0.40%
  66796 45174     8863.0000    34     8899.0000     8863.0000  1574152    0.40%
  66797 45175     8863.0000    33     8899.0000     8863.0000  1574161    0.40%
  66798 45176     8867.7873    25     8899.0000     8863.0000  1574244    0.40%
  66799 45177     8863.0000    24     8899.0000     8863.0000  1574284    0.40%
  66800 45178     8867.7873    25     8899.0000     8863.0000  1574286    0.40%
  66801 45177        cutoff           8899.0000     8863.0000  1574291    0.40%
  66802 45176        cutoff           8899.0000     8863.0000  1574314    0.40%
  66803 45175        cutoff           8899.0000     8863.0000  1574395    0.40%
Elapsed time = 80.81 sec. (132656.06 ticks, tree = 250.65 MB, solutions = 32)
  67741 45820     8863.0000    67     8899.0000     8863.0000  1619531    0.40%
  67742 45821     8863.0000    61     8899.0000     8863.0000  1619641    0.40%
  67743 45822     8863.0000    65     8899.0000     8863.0000  1619744    0.40%
  67744 45823     8863.0000    64     8899.0000     8863.0000  1619755    0.40%
  67745 45824     8863.0000    64     8899.0000     8863.0000  1619779    0.40%
  67746 45825     8863.0000    61     8899.0000     8863.0000  1619802    0.40%
  67747 45826     8883.5129    62     8899.0000     8863.0000  1620065    0.40%
  67748 45825        cutoff           8899.0000     8863.0000  1620071    0.40%
  67749 45824        cutoff           8899.0000     8863.0000  1620075    0.40%
  67750 45825     8863.0000    64     8899.0000     8863.0000  1620325    0.40%
Elapsed time = 83.17 sec. (136545.19 ticks, tree = 256.50 MB, solutions = 32)
  68947 46687     8863.0000    50     8899.0000     8863.0000  1666509    0.40%
  68948 46688     8863.0000    44     8899.0000     8863.0000  1666521    0.40%
  68949 46689     8863.0000    41     8899.0000     8863.0000  1666558    0.40%
  68950 46690     8863.0000    45     8899.0000     8863.0000  1666571    0.40%
  68951 46691     8863.0000    47     8899.0000     8863.0000  1666582    0.40%
  68952 46692     8863.0000    47     8899.0000     8863.0000  1666583    0.40%
  68953 46693     8863.0000    48     8899.0000     8863.0000  1666628    0.40%
  68954 46694     8863.0000    46     8899.0000     8863.0000  1666629    0.40%
  68955 46695     8863.0000    46     8899.0000     8863.0000  1666640    0.40%
  68956 46696     8863.0000    48     8899.0000     8863.0000  1666676    0.40%
Elapsed time = 85.53 sec. (140374.93 ticks, tree = 264.20 MB, solutions = 32)
  70182 47486        cutoff           8899.0000     8863.0000  1714267    0.40%
  70183 47487     8892.0000    27     8899.0000     8863.0000  1714277    0.40%
  70184 47486        cutoff           8899.0000     8863.0000  1714371    0.40%
  70185 47487     8892.0000    25     8899.0000     8863.0000  1714480    0.40%
  70186 47486        cutoff           8899.0000     8863.0000  1714540    0.40%
  70187 47487     8892.0000    25     8899.0000     8863.0000  1714557    0.40%
  70188 47486        cutoff           8899.0000     8863.0000  1714602    0.40%
  70189 47485        cutoff           8899.0000     8863.0000  1714624    0.40%
  70190 47486     8863.3918    45     8899.0000     8863.0000  1714865    0.40%
  70191 47487     8863.3918    43     8899.0000     8863.0000  1714918    0.40%
Elapsed time = 87.87 sec. (144236.22 ticks, tree = 271.38 MB, solutions = 32)
  72885 49630     8894.0000    13     8899.0000     8863.0000  1757313    0.40%
  72886 49631     8894.0000    15     8899.0000     8863.0000  1757316    0.40%
  72887 49632     8894.0000    11     8899.0000     8863.0000  1757319    0.40%
  72888 49632     8894.0000    10     8899.0000     8863.0000  1757322    0.40%
  72889 49633     8894.0000    10     8899.0000     8863.0000  1757323    0.40%
  72890 49634     8894.0000    10     8899.0000     8863.0000  1757325    0.40%
  72891 49633     8895.9923    11     8899.0000     8863.0000  1757330    0.40%
  72892 49632    infeasible           8899.0000     8863.0000  1757330    0.40%
  72893 49631        cutoff           8899.0000     8863.0000  1757431    0.40%
  72894 49630        cutoff           8899.0000     8863.0000  1757512    0.40%
Elapsed time = 90.24 sec. (148064.91 ticks, tree = 289.66 MB, solutions = 32)
  73813 50100     8888.0000    16     8899.0000     8863.0000  1781357    0.40%
  73814 50101     8888.0000    12     8899.0000     8863.0000  1781368    0.40%
  73815 50102     8898.0000    11     8899.0000     8863.0000  1781411    0.40%
  73816 50102     8898.0000    13     8899.0000     8863.0000  1781419    0.40%
  73817 50103     8898.0000    12     8899.0000     8863.0000  1781420    0.40%
  73818 50104     8898.0000    11     8899.0000     8863.0000  1781425    0.40%
  73819 50105     8898.0000    10     8899.0000     8863.0000  1781426    0.40%
  73820 50104    infeasible           8899.0000     8863.0000  1781434    0.40%
  73821 50103    infeasible           8899.0000     8863.0000  1781439    0.40%
  73822 50102        cutoff           8899.0000     8863.0000  1781662    0.40%
Elapsed time = 92.73 sec. (152146.49 ticks, tree = 293.69 MB, solutions = 32)
  75113 51016     8863.0000    40     8899.0000     8863.0000  1808120    0.40%
  75114 51017     8863.0000    40     8899.0000     8863.0000  1808121    0.40%
  75115 51018     8863.0000    41     8899.0000     8863.0000  1808137    0.40%
  75116 51019     8863.0000    31     8899.0000     8863.0000  1808141    0.40%
  75117 51020     8863.0000    29     8899.0000     8863.0000  1808142    0.40%
  75118 51021     8863.0000    39     8899.0000     8863.0000  1808214    0.40%
  75119 51022     8863.0000    40     8899.0000     8863.0000  1808219    0.40%
  75120 51023     8863.0000    41     8899.0000     8863.0000  1808239    0.40%
  75121 51024     8863.0000    35     8899.0000     8863.0000  1808274    0.40%
  75122 51025     8863.0000    39     8899.0000     8863.0000  1808283    0.40%
Elapsed time = 95.12 sec. (156112.60 ticks, tree = 301.53 MB, solutions = 32)
  76216 51837     8863.0000    33     8899.0000     8863.0000  1830667    0.40%
  76217 51838     8863.0000    34     8899.0000     8863.0000  1830671    0.40%
  76218 51839     8863.0000    32     8899.0000     8863.0000  1830673    0.40%
  76219 51840     8863.0000    33     8899.0000     8863.0000  1830691    0.40%
  76220 51841     8863.0000    37     8899.0000     8863.0000  1830711    0.40%
  76221 51842     8863.0000    35     8899.0000     8863.0000  1830727    0.40%
  76222 51843     8863.0000    35     8899.0000     8863.0000  1830728    0.40%
  76223 51843     8867.3892    34     8899.0000     8863.0000  1830845    0.40%
  76224 51844     8875.9048    32     8899.0000     8863.0000  1830869    0.40%
  76225 51844     8875.9736    26     8899.0000     8863.0000  1830870    0.40%
Elapsed time = 97.53 sec. (159945.41 ticks, tree = 308.51 MB, solutions = 32)
  77618 52619     8869.1006    56     8899.0000     8863.0000  1880989    0.40%
  77619 52620     8870.9914    43     8899.0000     8863.0000  1881014    0.40%
  77620 52621     8881.2800    30     8899.0000     8863.0000  1881045    0.40%
  77621 52622     8881.2800    32     8899.0000     8863.0000  1881059    0.40%
  77622 52621        cutoff           8899.0000     8863.0000  1881072    0.40%
  77623 52620        cutoff           8899.0000     8863.0000  1881078    0.40%
  77624 52621     8863.2933    46     8899.0000     8863.0000  1881309    0.40%
  77625 52622     8863.2957    46     8899.0000     8863.0000  1881310    0.40%
  77626 52623     8863.2963    45     8899.0000     8863.0000  1881312    0.40%
  77627 52624     8863.3304    47     8899.0000     8863.0000  1881315    0.40%
Elapsed time = 99.89 sec. (163798.75 ticks, tree = 315.41 MB, solutions = 32)

Cover cuts applied:  526
Flow cuts applied:  1
Mixed integer rounding cuts applied:  9
Gomory fractional cuts applied:  10

Root node processing (before b&c):
  Real time             =    0.10 sec. (149.77 ticks)
Sequential b&c:
  Real time             =   99.90 sec. (163869.36 ticks)
                          ------------
Total (root+branch&cut) =  100.00 sec. (164019.13 ticks)

Solution pool: 32 solutions saved.

MIP - Time limit exceeded, integer feasible:  Objective =  8.8990000000e+03
Current MIP best bound =  8.8630000000e+03 (gap = 36, 0.40%)
Solution time =  100.00 sec.  Iterations = 1883869  Nodes = 77662 (52638)
Deterministic time = 164019.13 ticks  (1640.19 ticks/sec)


Incumbent solution written to file '/tmp/tmp_0UFPb.cplex.sol'.
