
Log started (V12.6.3.0) Sat Apr 21 03:38:35 2018

New value for default parallel thread count: 1

Problem '/tmp/tmpUmx8h4.pyomo.lp' read.
Read time = 0.02 sec. (1.59 ticks)

Problem name         : /tmp/tmpUmx8h4.pyomo.lp
Objective sense      : Minimize
Variables            :    1250  [Nneg: 1,  Binary: 1236,  General Integer: 13]
Objective nonzeros   :       1
Linear constraints   :     231  [Less: 115,  Equal: 116]
  Nonzeros           :  115725
  RHS nonzeros       :     207

Variables            : Min LB: 0.000000         Max UB: 1.000000       
Objective nonzeros   : Min   : 1.000000         Max   : 1.000000       
Linear constraints   :
  Nonzeros           : Min   : 1.000000         Max   : 1992.000       
  RHS nonzeros       : Min   : 1.000000         Max   : 11.00000       
Tried aggregator 2 times.
MIP Presolve eliminated 103 rows and 78 columns.
Aggregator did 19 substitutions.
Reduced MIP has 109 rows, 1153 columns, and 3339 nonzeros.
Reduced MIP has 1152 binaries, 1 generals, 0 SOSs, and 0 indicators.
Presolve time = 0.02 sec. (20.17 ticks)
Found incumbent of value 106356.000000 after 0.02 sec. (23.81 ticks)
Probing time = 0.00 sec. (1.86 ticks)
Tried aggregator 1 time.
Reduced MIP has 109 rows, 1153 columns, and 3339 nonzeros.
Reduced MIP has 1152 binaries, 1 generals, 0 SOSs, and 0 indicators.
Presolve time = 0.00 sec. (1.75 ticks)
Probing time = 0.00 sec. (1.85 ticks)
Clique table members: 96.
MIP emphasis: balance optimality and feasibility.
MIP search method: dynamic search.
Parallel mode: none, using 1 thread.
Root relaxation solution time = 0.00 sec. (3.44 ticks)

        Nodes                                         Cuts/
   Node  Left     Objective  IInf  Best Integer    Best Bound    ItCnt     Gap

*     0+    0                       106356.0000        0.0000           100.00%
      0     0     8863.0000    21   106356.0000     8863.0000      119   91.67%
*     0+    0                         9723.0000     8863.0000             8.85%
      0     0     8863.0000    28     9723.0000      Fract: 7      135    8.85%
*     0+    0                         9369.0000     8863.0000             5.40%
      0     0     8863.0000    31     9369.0000       Cuts: 9      167    5.40%
*     0+    0                         9141.0000     8863.0000             3.04%
*     0+    0                         9121.0000     8863.0000             2.83%
      0     2     8863.0000    23     9121.0000     8863.0000      167    2.83%
Elapsed time = 0.08 sec. (112.27 ticks, tree = 0.01 MB, solutions = 5)
    470   400     9097.1166    19     9121.0000     8863.0000     3560    2.83%
    471   401     9112.6487    18     9121.0000     8863.0000     3563    2.83%
    472   400        cutoff           9121.0000     8863.0000     3565    2.83%
    473   399        cutoff           9121.0000     8863.0000     3567    2.83%
    474   400     8863.0000    22     9121.0000     8863.0000     3579    2.83%
    475   401     8865.3903    26     9121.0000     8863.0000     3596    2.83%
    476   402     8863.0000    20     9121.0000     8863.0000     3598    2.83%
    477   403     8863.0000    22     9121.0000     8863.0000     3604    2.83%
    478   404     8865.3903    26     9121.0000     8863.0000     3646    2.83%
*   532+  454                         9103.0000     8863.0000             2.64%
*   532+  404                         8998.0000     8863.0000             1.50%
*   532+  399                         8969.0000     8863.0000             1.18%
*   634+  313                         8961.0000     8863.0000             1.09%
    634   314     8952.0000    17     8961.0000     8863.0000     5037    1.09%
Elapsed time = 0.74 sec. (1097.85 ticks, tree = 0.65 MB, solutions = 9)
*   834+  302                         8947.0000     8863.0000             0.94%
*   834+  271                         8939.0000     8863.0000             0.85%
*   834+  250                         8932.0000     8863.0000             0.77%
*   934+  265                         8928.0000     8863.0000             0.73%
*   934+  263                         8918.0000     8863.0000             0.62%
*   934+  263                         8915.0000     8863.0000             0.58%
   1046   337     8863.0000    23     8915.0000     8863.0000     6390    0.58%
   1047   338     8863.0000    22     8915.0000     8863.0000     6391    0.58%
   1048   339     8863.0000    21     8915.0000     8863.0000     6394    0.58%
   1049   340     8863.0000    20     8915.0000     8863.0000     6395    0.58%
   1050   341     8863.0000    19     8915.0000     8863.0000     6399    0.58%
   1051   342     8863.0000    19     8915.0000     8863.0000     6400    0.58%
   1052   343     8863.0000    19     8915.0000     8863.0000     6401    0.58%
   1053   344     8863.0000    19     8915.0000     8863.0000     6402    0.58%
   1054   345     8863.0000    19     8915.0000     8863.0000     6403    0.58%
   1055   346     8863.0000    19     8915.0000     8863.0000     6404    0.58%
Elapsed time = 1.44 sec. (2054.83 ticks, tree = 0.71 MB, solutions = 15)
   3734  2202     8863.0000    27     8915.0000     8863.0000    13860    0.58%
   3735  2203     8863.0000    26     8915.0000     8863.0000    13872    0.58%
   3736  2203     8863.7911    22     8915.0000     8863.0000    13880    0.58%
   3737  2203     8863.9060    22     8915.0000     8863.0000    13881    0.58%
   3738  2204     8863.9508    22     8915.0000     8863.0000    13882    0.58%
   3739  2205     8863.9647    23     8915.0000     8863.0000    13884    0.58%
   3740  2206     8863.9835    23     8915.0000     8863.0000    13885    0.58%
   3741  2207     8863.9835    25     8915.0000     8863.0000    13888    0.58%
   3742  2208     8863.9835    22     8915.0000     8863.0000    13890    0.58%
   3743  2208     8864.0182    23     8915.0000     8863.0000    13898    0.58%
Elapsed time = 2.07 sec. (3014.31 ticks, tree = 4.77 MB, solutions = 15)
   5914  3812     8870.0000    19     8915.0000     8863.0000    24071    0.58%
   5915  3813     8870.0000    19     8915.0000     8863.0000    24072    0.58%
   5916  3813     8870.0000    19     8915.0000     8863.0000    24073    0.58%
   5917  3813     8870.0000    19     8915.0000     8863.0000    24074    0.58%
   5918  3813     8870.0000    19     8915.0000     8863.0000    24075    0.58%
   5919  3813     8870.0000    19     8915.0000     8863.0000    24076    0.58%
   5920  3813     8870.0000    19     8915.0000     8863.0000    24077    0.58%
   5921  3814     8870.0000    19     8915.0000     8863.0000    24078    0.58%
   5922  3815     8870.0000    19     8915.0000     8863.0000    24079    0.58%
   5923  3816     8870.0000    18     8915.0000     8863.0000    24080    0.58%
Elapsed time = 2.68 sec. (3971.76 ticks, tree = 8.67 MB, solutions = 15)
   8530  6084     8863.0000    31     8915.0000     8863.0000    35579    0.58%
   8531  6085     8863.0000    31     8915.0000     8863.0000    35581    0.58%
   8532  6086     8863.0000    31     8915.0000     8863.0000    35583    0.58%
   8533  6087     8863.0000    31     8915.0000     8863.0000    35588    0.58%
   8534  6088     8863.0000    30     8915.0000     8863.0000    35598    0.58%
   8535  6089     8863.0000    30     8915.0000     8863.0000    35602    0.58%
   8536  6090     8863.0000    28     8915.0000     8863.0000    35604    0.58%
   8537  6091     8863.0000    30     8915.0000     8863.0000    35609    0.58%
   8538  6092     8863.0000    29     8915.0000     8863.0000    35615    0.58%
   8539  6093     8863.0000    29     8915.0000     8863.0000    35619    0.58%
Elapsed time = 3.27 sec. (4929.28 ticks, tree = 14.90 MB, solutions = 15)
  10766  8057     8863.0000    31     8915.0000     8863.0000    48661    0.58%
  10767  8058     8863.0000    36     8915.0000     8863.0000    48674    0.58%
  10768  8059     8863.0000    39     8915.0000     8863.0000    48686    0.58%
  10769  8060     8863.0000    40     8915.0000     8863.0000    48690    0.58%
  10770  8061     8863.0000    40     8915.0000     8863.0000    48691    0.58%
  10771  8062     8863.0000    40     8915.0000     8863.0000    48692    0.58%
  10772  8063     8863.0000    37     8915.0000     8863.0000    48696    0.58%
  10773  8064     8863.0000    37     8915.0000     8863.0000    48697    0.58%
  10774  8065     8863.0000    42     8915.0000     8863.0000    48710    0.58%
  10775  8066     8863.0000    40     8915.0000     8863.0000    48715    0.58%
Elapsed time = 3.86 sec. (5887.80 ticks, tree = 20.48 MB, solutions = 15)
* 11154+ 8157                         8908.0000     8863.0000             0.51%
  11705  8670     8884.7639    24     8908.0000     8863.0000    53119    0.51%
  11706  8671     8884.7639    24     8908.0000     8863.0000    53120    0.51%
  11707  8672     8884.7639    24     8908.0000     8863.0000    53121    0.51%
  11708  8673     8884.7639    23     8908.0000     8863.0000    53127    0.51%
  11709  8674     8884.7639    24     8908.0000     8863.0000    53129    0.51%
  11710  8674     8884.7639    23     8908.0000     8863.0000    53137    0.51%
  11711  8674     8884.8872    25     8908.0000     8863.0000    53143    0.51%
  11712  8674     8884.8873    25     8908.0000     8863.0000    53144    0.51%
  11713  8674     8884.9349    25     8908.0000     8863.0000    53145    0.51%
  11714  8674     8884.9349    25     8908.0000     8863.0000    53146    0.51%
Elapsed time = 4.58 sec. (6844.08 ticks, tree = 22.45 MB, solutions = 16)
  13553 10295     8863.0000    36     8908.0000     8863.0000    65290    0.51%
  13554 10296     8863.0000    38     8908.0000     8863.0000    65292    0.51%
  13555 10297     8863.0000    33     8908.0000     8863.0000    65295    0.51%
  13556 10298     8863.0000    37     8908.0000     8863.0000    65299    0.51%
  13557 10297        cutoff           8908.0000     8863.0000    65371    0.51%
  13558 10298     8863.0000    38     8908.0000     8863.0000    65412    0.51%
  13559 10299     8863.0000    41     8908.0000     8863.0000    65436    0.51%
  13560 10300     8863.0000    37     8908.0000     8863.0000    65437    0.51%
  13561 10301     8863.0000    37     8908.0000     8863.0000    65440    0.51%
  13562 10302     8863.0000    41     8908.0000     8863.0000    65444    0.51%
Elapsed time = 5.16 sec. (7805.61 ticks, tree = 27.13 MB, solutions = 16)
  15500 11821     8863.0000    36     8908.0000     8863.0000    78251    0.51%
  15501 11822     8863.0000    30     8908.0000     8863.0000    78271    0.51%
  15502 11823     8863.0000    33     8908.0000     8863.0000    78292    0.51%
  15503 11824     8863.0000    33     8908.0000     8863.0000    78294    0.51%
  15504 11825     8863.0000    31     8908.0000     8863.0000    78297    0.51%
  15505 11826     8863.0000    31     8908.0000     8863.0000    78303    0.51%
  15506 11827     8863.0000    31     8908.0000     8863.0000    78309    0.51%
  15507 11828     8863.0000    31     8908.0000     8863.0000    78320    0.51%
  15508 11829     8863.0000    31     8908.0000     8863.0000    78323    0.51%
  15509 11830     8863.0000    31     8908.0000     8863.0000    78324    0.51%
Elapsed time = 5.72 sec. (8763.77 ticks, tree = 31.59 MB, solutions = 16)
  17838 13892     8863.0000    37     8908.0000     8863.0000    92115    0.51%
  17839 13893     8863.0000    38     8908.0000     8863.0000    92116    0.51%
  17840 13894     8863.0000    33     8908.0000     8863.0000    92124    0.51%
  17841 13895     8863.0000    30     8908.0000     8863.0000    92128    0.51%
  17842 13896     8863.0000    31     8908.0000     8863.0000    92143    0.51%
  17843 13897     8863.0000    31     8908.0000     8863.0000    92144    0.51%
  17844 13898     8863.0000    31     8908.0000     8863.0000    92145    0.51%
  17845 13899     8863.0000    32     8908.0000     8863.0000    92147    0.51%
  17846 13900     8863.0000    29     8908.0000     8863.0000    92149    0.51%
  23507 18777     8863.0000    33     8908.0000     8863.0000   129253    0.51%
Elapsed time = 8.03 sec. (12578.69 ticks, tree = 52.26 MB, solutions = 16)
  31354 25532     8863.6130    34     8908.0000     8863.0000   180632    0.51%
  31355 25531        cutoff           8908.0000     8863.0000   180684    0.51%
  31356 25530        cutoff           8908.0000     8863.0000   180720    0.51%
  31357 25530     8902.0205    22     8908.0000     8863.0000   180853    0.51%
  31358 25529        cutoff           8908.0000     8863.0000   180861    0.51%
  31359 25528    infeasible           8908.0000     8863.0000   180861    0.51%
  31360 25527        cutoff           8908.0000     8863.0000   180884    0.51%
  31361 25526        cutoff           8908.0000     8863.0000   180959    0.51%
  31362 25525    infeasible           8908.0000     8863.0000   180959    0.51%
  31363 25524        cutoff           8908.0000     8863.0000   181069    0.51%
Elapsed time = 10.38 sec. (16427.13 ticks, tree = 72.47 MB, solutions = 16)
  37010 30251     8868.6186    39     8908.0000     8863.0000   226221    0.51%
  37011 30252     8868.6279    39     8908.0000     8863.0000   226223    0.51%
  37012 30253     8868.6333    39     8908.0000     8863.0000   226227    0.51%
  37013 30254     8868.6333    38     8908.0000     8863.0000   226228    0.51%
  37014 30255     8868.6360    41     8908.0000     8863.0000   226231    0.51%
  37015 30256     8868.6371    41     8908.0000     8863.0000   226233    0.51%
  37016 30257     8868.6418    40     8908.0000     8863.0000   226234    0.51%
  37017 30258     8868.6425    39     8908.0000     8863.0000   226235    0.51%
  37018 30259     8868.6429    39     8908.0000     8863.0000   226236    0.51%
  37019 30260     8868.6482    41     8908.0000     8863.0000   226238    0.51%
Elapsed time = 12.75 sec. (20244.59 ticks, tree = 88.18 MB, solutions = 16)
  42943 35450     8885.4800    22     8908.0000     8863.0000   274707    0.51%
  42944 35451     8885.4800    18     8908.0000     8863.0000   274712    0.51%
  42945 35451     8885.4800    21     8908.0000     8863.0000   274724    0.51%
  42946 35452     8885.4800    20     8908.0000     8863.0000   274725    0.51%
  42947 35453     8885.4800    17     8908.0000     8863.0000   274730    0.51%
  42948 35454     8885.4800    22     8908.0000     8863.0000   274741    0.51%
  42949 35455     8885.4800    18     8908.0000     8863.0000   274746    0.51%
  42950 35456     8885.4800    22     8908.0000     8863.0000   274748    0.51%
  42951 35457     8885.4800    21     8908.0000     8863.0000   274760    0.51%
  42952 35458     8885.4800    20     8908.0000     8863.0000   274761    0.51%
Elapsed time = 15.07 sec. (24065.23 ticks, tree = 107.54 MB, solutions = 16)
  47947 39767     8863.0000    38     8908.0000     8863.0000   320735    0.51%
  47948 39768     8863.0000    40     8908.0000     8863.0000   320749    0.51%
  47949 39769     8863.0000    43     8908.0000     8863.0000   320763    0.51%
  47950 39770     8863.0000    41     8908.0000     8863.0000   320802    0.51%
  47951 39771     8863.0000    43     8908.0000     8863.0000   320884    0.51%
  47952 39772     8863.0000    40     8908.0000     8863.0000   320916    0.51%
  47953 39773     8863.0000    40     8908.0000     8863.0000   320995    0.51%
  47954 39774     8863.0000    44     8908.0000     8863.0000   321001    0.51%
  47955 39775     8863.0000    43     8908.0000     8863.0000   321010    0.51%
  47956 39776     8863.0000    43     8908.0000     8863.0000   321016    0.51%
Elapsed time = 17.39 sec. (27895.36 ticks, tree = 124.46 MB, solutions = 16)
  52497 43842     8863.0000    31     8908.0000     8863.0000   368570    0.51%
  52498 43843     8863.0000    32     8908.0000     8863.0000   368573    0.51%
  52499 43844     8863.0000    31     8908.0000     8863.0000   368581    0.51%
  52500 43845     8863.0000    30     8908.0000     8863.0000   368586    0.51%
  52501 43846     8863.0000    30     8908.0000     8863.0000   368587    0.51%
  52502 43847     8863.0000    41     8908.0000     8863.0000   368608    0.51%
  52503 43848     8863.0000    39     8908.0000     8863.0000   368609    0.51%
  52504 43849     8863.0000    37     8908.0000     8863.0000   368610    0.51%
  52505 43850     8863.0000    37     8908.0000     8863.0000   368613    0.51%
  52506 43851     8863.1470    39     8908.0000     8863.0000   368655    0.51%
Elapsed time = 19.72 sec. (31715.36 ticks, tree = 141.28 MB, solutions = 16)
  56967 47770     8863.0000    63     8908.0000     8863.0000   415545    0.51%
  56968 47771     8863.0000    61     8908.0000     8863.0000   415600    0.51%
  56969 47772     8863.0000    62     8908.0000     8863.0000   415650    0.51%
  56970 47773     8863.0000    61     8908.0000     8863.0000   415732    0.51%
  56971 47774     8863.0000    60     8908.0000     8863.0000   415774    0.51%
  56972 47775     8863.0000    62     8908.0000     8863.0000   415806    0.51%
  56973 47776     8863.0000    57     8908.0000     8863.0000   415819    0.51%
  56974 47775        cutoff           8908.0000     8863.0000   415996    0.51%
  56975 47776     8876.7894    53     8908.0000     8863.0000   416150    0.51%
  56976 47776     8877.1338    51     8908.0000     8863.0000   416160    0.51%
Elapsed time = 22.05 sec. (35574.75 ticks, tree = 157.77 MB, solutions = 16)
  60679 50854     8863.0000    29     8908.0000     8863.0000   465862    0.51%
  60680 50855     8863.0000    34     8908.0000     8863.0000   465865    0.51%
  60681 50856     8863.0000    34     8908.0000     8863.0000   465873    0.51%
  60682 50857     8863.0000    35     8908.0000     8863.0000   465874    0.51%
  60683 50858     8863.0000    35     8908.0000     8863.0000   465876    0.51%
  60684 50859     8863.0000    33     8908.0000     8863.0000   465878    0.51%
  60685 50860     8863.0000    34     8908.0000     8863.0000   465885    0.51%
  60686 50861     8863.0000    34     8908.0000     8863.0000   465886    0.51%
  60687 50862     8863.0000    34     8908.0000     8863.0000   465891    0.51%
  60688 50863     8863.0000    35     8908.0000     8863.0000   465958    0.51%
Elapsed time = 24.38 sec. (39396.96 ticks, tree = 171.28 MB, solutions = 16)
  63841 53544     8863.0000    44     8908.0000     8863.0000   514585    0.51%
  63842 53545     8863.0000    41     8908.0000     8863.0000   514588    0.51%
  63843 53546     8863.0000    43     8908.0000     8863.0000   514609    0.51%
  63844 53547     8863.0000    38     8908.0000     8863.0000   514615    0.51%
  63845 53548     8863.0000    36     8908.0000     8863.0000   514616    0.51%
  63846 53549     8863.0000    35     8908.0000     8863.0000   514623    0.51%
  63847 53550     8863.0000    35     8908.0000     8863.0000   514654    0.51%
  63848 53551     8863.0000    42     8908.0000     8863.0000   514666    0.51%
  63849 53552     8863.0000    38     8908.0000     8863.0000   514673    0.51%
  63850 53553     8863.0000    38     8908.0000     8863.0000   514674    0.51%
Elapsed time = 26.72 sec. (43228.02 ticks, tree = 184.13 MB, solutions = 16)
  67282 56580        cutoff           8908.0000     8863.0000   562993    0.51%
  67283 56579        cutoff           8908.0000     8863.0000   563144    0.51%
  67284 56578        cutoff           8908.0000     8863.0000   563229    0.51%
  67285 56577    infeasible           8908.0000     8863.0000   563229    0.51%
  67286 56577     8867.1404    30     8908.0000     8863.0000   563417    0.51%
  67287 56578     8867.1404    28     8908.0000     8863.0000   563431    0.51%
  67288 56577        cutoff           8908.0000     8863.0000   563441    0.51%
  67289 56576        cutoff           8908.0000     8863.0000   563484    0.51%
  67290 56575        cutoff           8908.0000     8863.0000   563711    0.51%
  67291 56574        cutoff           8908.0000     8863.0000   563914    0.51%
Elapsed time = 29.04 sec. (47112.51 ticks, tree = 199.11 MB, solutions = 16)
  69842 58707     8863.0000    37     8908.0000     8863.0000   613550    0.51%
  69843 58708     8863.0000    43     8908.0000     8863.0000   613560    0.51%
  69844 58709     8863.0000    42     8908.0000     8863.0000   613561    0.51%
  69845 58710     8863.0000    40     8908.0000     8863.0000   613583    0.51%
  69846 58711     8863.0000    40     8908.0000     8863.0000   613584    0.51%
  69847 58712     8863.0000    38     8908.0000     8863.0000   613610    0.51%
  69848 58713     8863.0000    36     8908.0000     8863.0000   613614    0.51%
  69849 58714     8863.0000    38     8908.0000     8863.0000   613623    0.51%
  69850 58715     8863.0000    42     8908.0000     8863.0000   613631    0.51%
  69851 58716     8863.0000    40     8908.0000     8863.0000   613634    0.51%
Elapsed time = 31.39 sec. (50933.10 ticks, tree = 210.83 MB, solutions = 16)
  72570 61122     8863.0000    39     8908.0000     8863.0000   656858    0.51%
  72571 61123     8863.0000    39     8908.0000     8863.0000   656859    0.51%
  72572 61124     8863.0000    41     8908.0000     8863.0000   656862    0.51%
  72573 61125     8863.0000    35     8908.0000     8863.0000   656867    0.51%
  72574 61126     8863.0000    37     8908.0000     8863.0000   656915    0.51%
  72575 61127     8863.0000    35     8908.0000     8863.0000   656937    0.51%
  72576 61128     8863.0000    38     8908.0000     8863.0000   656949    0.51%
  72577 61129     8863.0000    36     8908.0000     8863.0000   656961    0.51%
  72578 61130     8863.0000    37     8908.0000     8863.0000   657020    0.51%
  72579 61131     8863.0000    36     8908.0000     8863.0000   657026    0.51%
Elapsed time = 33.72 sec. (54759.65 ticks, tree = 224.24 MB, solutions = 16)
  75036 63208     8894.8022    39     8908.0000     8863.0000   702261    0.51%
  75037 63209     8895.3612    39     8908.0000     8863.0000   702263    0.51%
  75038 63210     8898.1968    39     8908.0000     8863.0000   702268    0.51%
  75039 63210     8898.3199    39     8908.0000     8863.0000   702269    0.51%
  75040 63210     8899.4810    39     8908.0000     8863.0000   702270    0.51%
  75041 63210     8905.8631    35     8908.0000     8863.0000   702273    0.51%
  75042 63209        cutoff           8908.0000     8863.0000   702275    0.51%
  75043 63210     8863.0000    38     8908.0000     8863.0000   702348    0.51%
  75044 63211     8863.0000    40     8908.0000     8863.0000   702384    0.51%
  75045 63212     8863.0000    39     8908.0000     8863.0000   702405    0.51%
Elapsed time = 36.02 sec. (58588.13 ticks, tree = 236.25 MB, solutions = 16)
  77094 64905     8863.0000    39     8908.0000     8863.0000   750390    0.51%
  77095 64906     8863.0000    40     8908.0000     8863.0000   750397    0.51%
  77096 64907     8863.0000    41     8908.0000     8863.0000   750398    0.51%
  77097 64908     8863.0000    40     8908.0000     8863.0000   750400    0.51%
  77098 64909     8863.0000    48     8908.0000     8863.0000   750551    0.51%
  77099 64910     8863.0000    48     8908.0000     8863.0000   750552    0.51%
  77100 64911     8863.0000    47     8908.0000     8863.0000   750554    0.51%
  77101 64912     8863.0000    47     8908.0000     8863.0000   750555    0.51%
  77102 64913     8863.0000    55     8908.0000     8863.0000   750559    0.51%
  77103 64914     8863.0000    51     8908.0000     8863.0000   750571    0.51%
Elapsed time = 38.34 sec. (62415.38 ticks, tree = 246.50 MB, solutions = 16)
  78819 66195     8904.7834    54     8908.0000     8863.0000   798063    0.51%
  78820 66194        cutoff           8908.0000     8863.0000   798135    0.51%
  78821 66193        cutoff           8908.0000     8863.0000   798148    0.51%
  78822 66194     8863.0000    54     8908.0000     8863.0000   798319    0.51%
  78823 66195     8863.0000    48     8908.0000     8863.0000   798329    0.51%
  78824 66196     8863.0000    46     8908.0000     8863.0000   798332    0.51%
  78825 66197     8863.0000    47     8908.0000     8863.0000   798335    0.51%
  78826 66198     8863.0000    46     8908.0000     8863.0000   798372    0.51%
  78827 66199     8863.0000    42     8908.0000     8863.0000   798403    0.51%
  78828 66200     8863.0000    50     8908.0000     8863.0000   798430    0.51%
Elapsed time = 40.66 sec. (66278.35 ticks, tree = 256.98 MB, solutions = 16)
* 79334+66182                         8905.0000     8863.0000             0.47%
  80965 67614        cutoff           8905.0000     8863.0000   837476    0.47%
  80966 67613        cutoff           8905.0000     8863.0000   837673    0.47%
  80967 67614     8863.0000    44     8905.0000     8863.0000   837730    0.47%
  80968 67615     8863.0000    42     8905.0000     8863.0000   837732    0.47%
  80969 67616     8863.0000    45     8905.0000     8863.0000   837736    0.47%
  80970 67617     8863.0000    42     8905.0000     8863.0000   837743    0.47%
  80971 67618     8863.0000    29     8905.0000     8863.0000   837766    0.47%
  80972 67619     8863.0000    31     8905.0000     8863.0000   837786    0.47%
  80973 67618        cutoff           8905.0000     8863.0000   837847    0.47%
  80974 67619     8863.0000    35     8905.0000     8863.0000   837861    0.47%
Elapsed time = 43.05 sec. (70140.60 ticks, tree = 268.04 MB, solutions = 17)
* 81434+67732                         8904.0000     8863.0000             0.46%
  82264 68397     8885.7592    47     8904.0000     8863.0000   877813    0.46%
  82265 68398     8885.7592    47     8904.0000     8863.0000   877813    0.46%
  82266 68399     8886.4292    37     8904.0000     8863.0000   877823    0.46%
  82267 68399     8887.3113    31     8904.0000     8863.0000   877825    0.46%
  82268 68400     8895.6979    23     8904.0000     8863.0000   877826    0.46%
  82269 68399        cutoff           8904.0000     8863.0000   877831    0.46%
  82270 68398        cutoff           8904.0000     8863.0000   877832    0.46%
  82271 68399     8869.0000    49     8904.0000     8863.0000   878141    0.46%
  82272 68400     8870.0870    46     8904.0000     8863.0000   878240    0.46%
  82273 68401     8870.0975    45     8904.0000     8863.0000   878251    0.46%
Elapsed time = 45.42 sec. (74001.10 ticks, tree = 274.17 MB, solutions = 18)
  84090 69930     8863.0000    46     8904.0000     8863.0000   924144    0.46%
  84091 69931     8863.0000    51     8904.0000     8863.0000   924167    0.46%
  84092 69932     8863.0000    46     8904.0000     8863.0000   924180    0.46%
  84093 69933     8863.0000    36     8904.0000     8863.0000   924196    0.46%
  84094 69934     8863.0000    51     8904.0000     8863.0000   924268    0.46%
  84095 69935     8863.0000    57     8904.0000     8863.0000   924299    0.46%
  84096 69936     8863.0000    59     8904.0000     8863.0000   924310    0.46%
  84097 69937     8863.0000    55     8904.0000     8863.0000   924315    0.46%
  84098 69938     8863.0000    46     8904.0000     8863.0000   924319    0.46%
  84099 69939     8863.0000    46     8904.0000     8863.0000   924321    0.46%
Elapsed time = 47.77 sec. (77853.88 ticks, tree = 285.18 MB, solutions = 18)
  85618 71213        cutoff           8904.0000     8863.0000   968535    0.46%
  85619 71212        cutoff           8904.0000     8863.0000   968654    0.46%
  85620 71211        cutoff           8904.0000     8863.0000   968699    0.46%
  85621 71210        cutoff           8904.0000     8863.0000   968775    0.46%
  85622 71209        cutoff           8904.0000     8863.0000   968815    0.46%
  85623 71210     8863.0000    46     8904.0000     8863.0000   969035    0.46%
  85624 71211     8863.0000    40     8904.0000     8863.0000   969040    0.46%
  85625 71212     8863.0000    39     8904.0000     8863.0000   969052    0.46%
  85626 71213     8863.0000    39     8904.0000     8863.0000   969054    0.46%
  85627 71214     8863.0000    38     8904.0000     8863.0000   969076    0.46%
Elapsed time = 50.06 sec. (81719.67 ticks, tree = 294.73 MB, solutions = 18)
  87187 72507     8863.0000    45     8904.0000     8863.0000  1012476    0.46%
  87188 72508     8863.0000    46     8904.0000     8863.0000  1012478    0.46%
  87189 72509     8863.0000    44     8904.0000     8863.0000  1012491    0.46%
  87190 72510     8863.0000    46     8904.0000     8863.0000  1012498    0.46%
  87191 72511     8863.0000    41     8904.0000     8863.0000  1012501    0.46%
  87192 72512     8863.0000    42     8904.0000     8863.0000  1012524    0.46%
  87193 72513     8863.0000    41     8904.0000     8863.0000  1012525    0.46%
  87194 72514     8863.0000    45     8904.0000     8863.0000  1012549    0.46%
  87195 72515     8863.0000    42     8904.0000     8863.0000  1012550    0.46%
  87196 72516     8863.0000    43     8904.0000     8863.0000  1012607    0.46%
Elapsed time = 52.40 sec. (85544.12 ticks, tree = 304.80 MB, solutions = 18)
  88973 74072     8863.0000    49     8904.0000     8863.0000  1056446    0.46%
  88974 74073     8863.0000    44     8904.0000     8863.0000  1056535    0.46%
  88975 74074     8863.0000    53     8904.0000     8863.0000  1056563    0.46%
  88976 74075     8863.0000    49     8904.0000     8863.0000  1056566    0.46%
  88977 74076     8863.0000    39     8904.0000     8863.0000  1056598    0.46%
  88978 74077     8863.0000    39     8904.0000     8863.0000  1056687    0.46%
  88979 74078     8863.0000    37     8904.0000     8863.0000  1056724    0.46%
  88980 74077        cutoff           8904.0000     8863.0000  1056823    0.46%
  88981 74078     8863.0000    39     8904.0000     8863.0000  1056829    0.46%
  88982 74079     8863.0000    37     8904.0000     8863.0000  1056867    0.46%
Elapsed time = 54.68 sec. (89392.09 ticks, tree = 316.89 MB, solutions = 18)
  89884 74709     8882.5679    36     8904.0000     8863.0000  1094430    0.46%
  89885 74710     8882.5982    36     8904.0000     8863.0000  1094434    0.46%
  89886 74711     8884.8409    52     8904.0000     8863.0000  1094453    0.46%
  89887 74712     8884.8546    42     8904.0000     8863.0000  1094456    0.46%
  89888 74713     8885.2040    43     8904.0000     8863.0000  1094462    0.46%
  89889 74714     8896.0217    38     8904.0000     8863.0000  1094474    0.46%
  89890 74713        cutoff           8904.0000     8863.0000  1094481    0.46%
  89891 74712        cutoff           8904.0000     8863.0000  1094483    0.46%
  89892 74711        cutoff           8904.0000     8863.0000  1094728    0.46%
  89893 74712     8863.0000    48     8904.0000     8863.0000  1095017    0.46%
Elapsed time = 57.09 sec. (93272.61 ticks, tree = 322.27 MB, solutions = 18)
  91295 75908     8865.6511    47     8904.0000     8863.0000  1138758    0.46%
  91296 75909     8865.6523    47     8904.0000     8863.0000  1138759    0.46%
  91297 75910     8866.7666    59     8904.0000     8863.0000  1138779    0.46%
  91298 75911     8866.8040    57     8904.0000     8863.0000  1138782    0.46%
  91299 75912     8866.9096    57     8904.0000     8863.0000  1138783    0.46%
  91300 75913     8867.0268    51     8904.0000     8863.0000  1138786    0.46%
  91301 75914     8868.0260    45     8904.0000     8863.0000  1138800    0.46%
  91302 75915     8868.2645    58     8904.0000     8863.0000  1138807    0.46%
  91303 75916     8868.2674    61     8904.0000     8863.0000  1138808    0.46%
  91304 75917     8868.3487    57     8904.0000     8863.0000  1138813    0.46%
Elapsed time = 59.42 sec. (97101.60 ticks, tree = 332.30 MB, solutions = 18)
* 91634+75527                         8900.0000     8863.0000             0.42%
* 91734+75192                         8898.0000     8863.0000             0.39%
  92404 75722        cutoff           8898.0000     8863.0000  1173307    0.39%
  92405 75721        cutoff           8898.0000     8863.0000  1173621    0.39%
  92406 75720        cutoff           8898.0000     8863.0000  1173697    0.39%
  92407 75721     8875.8546    52     8898.0000     8863.0000  1173872    0.39%
  92408 75722     8875.9403    54     8898.0000     8863.0000  1173874    0.39%
  92409 75723     8876.3140    62     8898.0000     8863.0000  1173880    0.39%
  92410 75724     8876.7740    55     8898.0000     8863.0000  1173888    0.39%
  92411 75725     8876.7918    59     8898.0000     8863.0000  1173889    0.39%
  92412 75726     8876.8301    56     8898.0000     8863.0000  1173891    0.39%
  92413 75727     8885.5701    57     8898.0000     8863.0000  1173915    0.39%
Elapsed time = 61.84 sec. (100966.28 ticks, tree = 335.42 MB, solutions = 20)
  94206 77297        cutoff           8898.0000     8863.0000  1220566    0.39%
  94207 77298     8876.8901    38     8898.0000     8863.0000  1220696    0.39%
  94208 77299     8876.9390    40     8898.0000     8863.0000  1220702    0.39%
  94209 77299     8881.7940    36     8898.0000     8863.0000  1220708    0.39%
  94210 77298        cutoff           8898.0000     8863.0000  1220709    0.39%
  94211 77297        cutoff           8898.0000     8863.0000  1220734    0.39%
  94212 77296        cutoff           8898.0000     8863.0000  1220827    0.39%
  94213 77295        cutoff           8898.0000     8863.0000  1220853    0.39%
  94214 77294        cutoff           8898.0000     8863.0000  1220895    0.39%
  94215 77293        cutoff           8898.0000     8863.0000  1220933    0.39%
Elapsed time = 64.20 sec. (104812.69 ticks, tree = 348.90 MB, solutions = 20)
  95660 78458     8863.0000    40     8898.0000     8863.0000  1265285    0.39%
  95661 78459     8863.0000    42     8898.0000     8863.0000  1265295    0.39%
  95662 78460     8863.0000    40     8898.0000     8863.0000  1265318    0.39%
  95663 78461     8863.0000    42     8898.0000     8863.0000  1265391    0.39%
  95664 78462     8863.0000    40     8898.0000     8863.0000  1265400    0.39%
  95665 78463     8863.0000    41     8898.0000     8863.0000  1265436    0.39%
  95666 78464     8863.0000    40     8898.0000     8863.0000  1265447    0.39%
  95667 78465     8863.0000    43     8898.0000     8863.0000  1265509    0.39%
  95668 78466     8863.0000    43     8898.0000     8863.0000  1265563    0.39%
  95669 78467     8863.0000    45     8898.0000     8863.0000  1265565    0.39%
Elapsed time = 66.56 sec. (108647.50 ticks, tree = 359.07 MB, solutions = 20)
  96721 79220        cutoff           8898.0000     8863.0000  1306918    0.39%
  96722 79221     8863.0000    49     8898.0000     8863.0000  1306925    0.39%
  96723 79222     8863.0000    48     8898.0000     8863.0000  1306935    0.39%
  96724 79223     8863.0000    46     8898.0000     8863.0000  1306938    0.39%
  96725 79224     8863.0000    48     8898.0000     8863.0000  1307007    0.39%
  96726 79225     8863.0000    47     8898.0000     8863.0000  1307011    0.39%
  96727 79226     8863.0000    47     8898.0000     8863.0000  1307024    0.39%
  96728 79225        cutoff           8898.0000     8863.0000  1307189    0.39%
  96729 79226     8863.0000    46     8898.0000     8863.0000  1307191    0.39%
  96730 79227     8863.0000    49     8898.0000     8863.0000  1307204    0.39%
Elapsed time = 69.09 sec. (112489.33 ticks, tree = 365.90 MB, solutions = 20)
  98034 80176     8863.0000    48     8898.0000     8863.0000  1352062    0.39%
  98035 80177     8863.0000    50     8898.0000     8863.0000  1352070    0.39%
  98036 80178     8863.0000    53     8898.0000     8863.0000  1352105    0.39%
  98037 80179     8863.0000    55     8898.0000     8863.0000  1352115    0.39%
  98038 80180     8863.0000    54     8898.0000     8863.0000  1352122    0.39%
  98039 80181     8863.0000    45     8898.0000     8863.0000  1352133    0.39%
  98040 80182     8867.9629    55     8898.0000     8863.0000  1352275    0.39%
  98041 80183     8867.9717    55     8898.0000     8863.0000  1352276    0.39%
  98042 80184     8868.1393    52     8898.0000     8863.0000  1352281    0.39%
  98043 80185     8871.1970    54     8898.0000     8863.0000  1352300    0.39%
Elapsed time = 71.46 sec. (116381.88 ticks, tree = 374.53 MB, solutions = 20)
  99828 81632     8863.0000    42     8898.0000     8863.0000  1398575    0.39%
  99829 81633     8863.0000    39     8898.0000     8863.0000  1398579    0.39%
  99830 81634     8863.0000    43     8898.0000     8863.0000  1398644    0.39%
  99831 81635     8863.0000    37     8898.0000     8863.0000  1398656    0.39%
  99832 81636     8863.0000    34     8898.0000     8863.0000  1398675    0.39%
  99833 81635        cutoff           8898.0000     8863.0000  1398785    0.39%
  99834 81636     8866.0451    60     8898.0000     8863.0000  1399034    0.39%
  99835 81637     8886.0000    31     8898.0000     8863.0000  1399080    0.39%
  99836 81636        cutoff           8898.0000     8863.0000  1399083    0.39%
  99837 81635        cutoff           8898.0000     8863.0000  1399167    0.39%
Elapsed time = 73.76 sec. (120235.03 ticks, tree = 387.06 MB, solutions = 20)
 101933 83451     8863.0000    54     8898.0000     8863.0000  1442661    0.39%
 101934 83452     8863.0000    52     8898.0000     8863.0000  1442681    0.39%
 101935 83453     8863.0000    55     8898.0000     8863.0000  1442702    0.39%
 101936 83454     8863.0000    58     8898.0000     8863.0000  1442744    0.39%
 101937 83455     8863.0000    71     8898.0000     8863.0000  1443018    0.39%
 101938 83456     8863.0000    46     8898.0000     8863.0000  1443047    0.39%
 101939 83457     8863.0000    59     8898.0000     8863.0000  1443205    0.39%
 101940 83456        cutoff           8898.0000     8863.0000  1443519    0.39%
 101941 83457     8863.0000    51     8898.0000     8863.0000  1443523    0.39%
 101942 83458     8863.0000    58     8898.0000     8863.0000  1443650    0.39%
Elapsed time = 76.16 sec. (124130.87 ticks, tree = 402.71 MB, solutions = 20)
 103038 84294     8863.0000    42     8898.0000     8863.0000  1485471    0.39%
 103039 84295     8863.0000    49     8898.0000     8863.0000  1485505    0.39%
 103040 84296     8868.6779    53     8898.0000     8863.0000  1485843    0.39%
 103041 84297     8875.3381    65     8898.0000     8863.0000  1485868    0.39%
 103042 84298     8875.6811    66     8898.0000     8863.0000  1485878    0.39%
 103043 84299     8875.6824    66     8898.0000     8863.0000  1485880    0.39%
 103044 84300     8878.4951    57     8898.0000     8863.0000  1485905    0.39%
 103045 84301     8878.6106    64     8898.0000     8863.0000  1485914    0.39%
 103046 84300        cutoff           8898.0000     8863.0000  1485956    0.39%
 103047 84299        cutoff           8898.0000     8863.0000  1485958    0.39%
Elapsed time = 78.47 sec. (127982.78 ticks, tree = 410.16 MB, solutions = 20)
 104292 85285     8863.0000    41     8898.0000     8863.0000  1528084    0.39%
 104293 85286     8863.0000    41     8898.0000     8863.0000  1528088    0.39%
 104294 85287     8863.0000    47     8898.0000     8863.0000  1528117    0.39%
 104295 85288     8863.0000    52     8898.0000     8863.0000  1528135    0.39%
 104296 85289     8863.0000    48     8898.0000     8863.0000  1528143    0.39%
 104297 85290     8863.0000    44     8898.0000     8863.0000  1528146    0.39%
 104298 85291     8863.0000    46     8898.0000     8863.0000  1528147    0.39%
 104299 85292     8863.0000    48     8898.0000     8863.0000  1528149    0.39%
 104300 85293     8863.0000    44     8898.0000     8863.0000  1528151    0.39%
 104301 85294     8863.0000    47     8898.0000     8863.0000  1528154    0.39%
Elapsed time = 80.81 sec. (131806.06 ticks, tree = 418.82 MB, solutions = 20)
 106202 86998     8863.0000    45     8898.0000     8863.0000  1573404    0.39%
 106203 86999     8863.0000    43     8898.0000     8863.0000  1573416    0.39%
 106204 87000     8863.0000    43     8898.0000     8863.0000  1573420    0.39%
 106205 87001     8863.0000    52     8898.0000     8863.0000  1573463    0.39%
 106206 87002     8863.0000    52     8898.0000     8863.0000  1573464    0.39%
 106207 87003     8863.0000    42     8898.0000     8863.0000  1573491    0.39%
 106208 87004     8863.0000    40     8898.0000     8863.0000  1573523    0.39%
 106209 87005     8863.0000    43     8898.0000     8863.0000  1573543    0.39%
 106210 87006     8863.0000    42     8898.0000     8863.0000  1573544    0.39%
 106211 87007     8863.0000    41     8898.0000     8863.0000  1573552    0.39%
Elapsed time = 83.09 sec. (135633.85 ticks, tree = 433.39 MB, solutions = 20)
 107993 88554     8863.0000    81     8898.0000     8863.0000  1617147    0.39%
 107994 88555     8863.0000    80     8898.0000     8863.0000  1617150    0.39%
 107995 88556     8863.0000    70     8898.0000     8863.0000  1617161    0.39%
 107996 88557     8863.0000    60     8898.0000     8863.0000  1617171    0.39%
 107997 88558     8863.0000    50     8898.0000     8863.0000  1617187    0.39%
 107998 88559     8863.0000    62     8898.0000     8863.0000  1617232    0.39%
 107999 88560     8863.0000    60     8898.0000     8863.0000  1617235    0.39%
 108000 88561     8863.0000    68     8898.0000     8863.0000  1617256    0.39%
 108001 88562     8863.0000    66     8898.0000     8863.0000  1617263    0.39%
 108002 88563     8863.0000    66     8898.0000     8863.0000  1617279    0.39%
Elapsed time = 85.43 sec. (139462.32 ticks, tree = 446.66 MB, solutions = 20)
 109350 89705     8863.0000    61     8898.0000     8863.0000  1660294    0.39%
 109351 89706     8863.0000    53     8898.0000     8863.0000  1660339    0.39%
 109352 89707     8863.0000    52     8898.0000     8863.0000  1660352    0.39%
 109353 89708     8863.0000    55     8898.0000     8863.0000  1660415    0.39%
 109354 89709     8863.0000    48     8898.0000     8863.0000  1660441    0.39%
 109355 89710     8863.0000    54     8898.0000     8863.0000  1660479    0.39%
 109356 89711     8863.0000    53     8898.0000     8863.0000  1660480    0.39%
 109357 89712     8863.0000    53     8898.0000     8863.0000  1660481    0.39%
 109358 89713     8863.0000    53     8898.0000     8863.0000  1660482    0.39%
 109359 89714     8863.0000    53     8898.0000     8863.0000  1660483    0.39%
Elapsed time = 87.75 sec. (143295.43 ticks, tree = 456.43 MB, solutions = 20)
 111498 91582     8863.0000    43     8898.0000     8863.0000  1708467    0.39%
 111499 91583     8863.0000    37     8898.0000     8863.0000  1708472    0.39%
 111500 91584     8863.0000    38     8898.0000     8863.0000  1708486    0.39%
 111501 91585     8863.0000    38     8898.0000     8863.0000  1708494    0.39%
 111502 91586     8863.0000    44     8898.0000     8863.0000  1708506    0.39%
 111503 91587     8863.0000    43     8898.0000     8863.0000  1708510    0.39%
 111504 91588     8863.0000    47     8898.0000     8863.0000  1708523    0.39%
 111505 91589     8863.0000    45     8898.0000     8863.0000  1708526    0.39%
 111506 91590     8863.0000    45     8898.0000     8863.0000  1708527    0.39%
 111507 91591     8863.0000    47     8898.0000     8863.0000  1708532    0.39%
Elapsed time = 90.08 sec. (147116.65 ticks, tree = 472.47 MB, solutions = 20)
*112134+90204                         8892.0000     8863.0000             0.33%
 112471 90484     8863.0000    74     8892.0000     8863.0000  1737476    0.33%
 112472 90485     8863.0000    71     8892.0000     8863.0000  1737479    0.33%
 112473 90486     8863.0000    71     8892.0000     8863.0000  1737486    0.33%
 112474 90487     8863.0000    70     8892.0000     8863.0000  1737487    0.33%
 112475 90488     8863.0000    67     8892.0000     8863.0000  1737490    0.33%
 112476 90489     8863.0000    63     8892.0000     8863.0000  1737527    0.33%
 112477 90490     8863.0000    62     8892.0000     8863.0000  1737529    0.33%
 112478 90491     8863.0000    57     8892.0000     8863.0000  1737539    0.33%
 112479 90492     8863.0000    57     8892.0000     8863.0000  1737542    0.33%
 112480 90493     8863.0000    55     8892.0000     8863.0000  1737555    0.33%
Elapsed time = 92.39 sec. (150944.55 ticks, tree = 470.33 MB, solutions = 21)
 113086 90913     8863.0000    53     8892.0000     8863.0000  1762458    0.33%
 113087 90914     8863.0000    52     8892.0000     8863.0000  1762459    0.33%
 113088 90915     8863.0000    59     8892.0000     8863.0000  1762467    0.33%
 113089 90916     8863.0000    50     8892.0000     8863.0000  1762472    0.33%
 113090 90917     8863.0000    58     8892.0000     8863.0000  1762536    0.33%
 113091 90918     8863.0000    58     8892.0000     8863.0000  1762544    0.33%
 113092 90919     8863.0000    66     8892.0000     8863.0000  1762576    0.33%
 113093 90920     8863.0000    60     8892.0000     8863.0000  1762582    0.33%
 113094 90921     8863.0000    57     8892.0000     8863.0000  1762599    0.33%
 113095 90922     8863.0000    54     8892.0000     8863.0000  1762604    0.33%
Elapsed time = 94.72 sec. (154770.83 ticks, tree = 474.22 MB, solutions = 21)
 113834 91565     8886.0000    29     8892.0000     8863.0000  1783382    0.33%
 113835 91566     8886.0000    28     8892.0000     8863.0000  1783384    0.33%
 113836 91567     8886.0000    20     8892.0000     8863.0000  1783388    0.33%
 113837 91568     8886.0000    15     8892.0000     8863.0000  1783391    0.33%
 113838 91569     8886.0000    13     8892.0000     8863.0000  1783392    0.33%
 113839 91570     8886.0000    29     8892.0000     8863.0000  1783430    0.33%
 113840 91571     8886.0000    29     8892.0000     8863.0000  1783437    0.33%
 113841 91572     8886.0000    29     8892.0000     8863.0000  1783458    0.33%
 113842 91573     8886.0000    25     8892.0000     8863.0000  1783479    0.33%
 113843 91574     8886.0000    24     8892.0000     8863.0000  1783481    0.33%
Elapsed time = 97.17 sec. (158844.00 ticks, tree = 479.84 MB, solutions = 21)
 115362 92960     8863.0000    64     8892.0000     8863.0000  1820975    0.33%
 115363 92961     8863.0000    55     8892.0000     8863.0000  1821009    0.33%
 115364 92962     8863.0000    41     8892.0000     8863.0000  1821060    0.33%
 115365 92963     8863.0000    46     8892.0000     8863.0000  1821142    0.33%
 115366 92964     8863.0000    41     8892.0000     8863.0000  1821155    0.33%
 115367 92965     8863.0000    39     8892.0000     8863.0000  1821157    0.33%
 115368 92966     8863.0000    37     8892.0000     8863.0000  1821158    0.33%
 115369 92967     8863.0000    39     8892.0000     8863.0000  1821182    0.33%
 115370 92968     8863.0000    40     8892.0000     8863.0000  1821187    0.33%
 115371 92969     8863.0000    36     8892.0000     8863.0000  1821188    0.33%
Elapsed time = 99.56 sec. (162677.61 ticks, tree = 491.68 MB, solutions = 21)

Cover cuts applied:  531
Mixed integer rounding cuts applied:  5
Zero-half cuts applied:  1
Gomory fractional cuts applied:  8

Root node processing (before b&c):
  Real time             =    0.08 sec. (112.42 ticks)
Sequential b&c:
  Real time             =   99.92 sec. (163305.86 ticks)
                          ------------
Total (root+branch&cut) =  100.00 sec. (163418.28 ticks)

Solution pool: 21 solutions saved.

MIP - Time limit exceeded, integer feasible:  Objective =  8.8920000000e+03
Current MIP best bound =  8.8630000000e+03 (gap = 29, 0.33%)
Solution time =  100.00 sec.  Iterations = 1830394  Nodes = 115779 (93339)
Deterministic time = 163418.28 ticks  (1634.18 ticks/sec)


Incumbent solution written to file '/tmp/tmpjMsI50.cplex.sol'.
