
Log started (V12.6.3.0) Sat Apr 21 04:35:44 2018

New value for default parallel thread count: 1

Problem '/tmp/tmplmuqVK.pyomo.lp' read.
Read time = 0.02 sec. (1.59 ticks)

Problem name         : /tmp/tmplmuqVK.pyomo.lp
Objective sense      : Minimize
Variables            :    1250  [Nneg: 1,  Binary: 1236,  General Integer: 13]
Objective nonzeros   :       1
Linear constraints   :     231  [Less: 115,  Equal: 116]
  Nonzeros           :  115725
  RHS nonzeros       :     207

Variables            : Min LB: 0.000000         Max UB: 1.000000       
Objective nonzeros   : Min   : 1.000000         Max   : 1.000000       
Linear constraints   :
  Nonzeros           : Min   : 1.000000         Max   : 1992.000       
  RHS nonzeros       : Min   : 1.000000         Max   : 11.00000       
Tried aggregator 2 times.
MIP Presolve eliminated 103 rows and 78 columns.
Aggregator did 19 substitutions.
Reduced MIP has 109 rows, 1153 columns, and 3339 nonzeros.
Reduced MIP has 1152 binaries, 1 generals, 0 SOSs, and 0 indicators.
Presolve time = 0.02 sec. (20.17 ticks)
Found incumbent of value 106356.000000 after 0.02 sec. (23.80 ticks)
Probing time = 0.00 sec. (1.86 ticks)
Tried aggregator 1 time.
Reduced MIP has 109 rows, 1153 columns, and 3339 nonzeros.
Reduced MIP has 1152 binaries, 1 generals, 0 SOSs, and 0 indicators.
Presolve time = 0.00 sec. (1.75 ticks)
Probing time = 0.00 sec. (1.85 ticks)
Clique table members: 96.
MIP emphasis: balance optimality and feasibility.
MIP search method: dynamic search.
Parallel mode: none, using 1 thread.
Root relaxation solution time = 0.00 sec. (3.28 ticks)

        Nodes                                         Cuts/
   Node  Left     Objective  IInf  Best Integer    Best Bound    ItCnt     Gap

*     0+    0                       106356.0000        0.0000           100.00%
      0     0     8863.0000    20   106356.0000     8863.0000      117   91.67%
*     0+    0                        11113.0000     8863.0000            20.25%
      0     0     8863.0000    23    11113.0000     Fract: 10      142   20.25%
*     0+    0                        10236.0000     8863.0000            13.41%
      0     0     8863.0000    27    10236.0000       Cuts: 3      154   13.41%
*     0+    0                         9741.0000     8863.0000             9.01%
*     0+    0                         9672.0000     8863.0000             8.36%
*     0+    0                         9510.0000     8863.0000             6.80%
*     0+    0                         9461.0000     8863.0000             6.32%
*     0+    0                         9327.0000     8863.0000             4.97%
      0     2     8863.0000    17     9327.0000     8863.0000      154    4.97%
Elapsed time = 0.09 sec. (108.97 ticks, tree = 0.01 MB, solutions = 8)
*    20+   20                         9326.0000     8863.0000             4.96%
*    40+   40                         9322.0000     8863.0000             4.92%
*   510+  423                         9255.0000     8863.0000             4.24%
*   610+  424                         9173.0000     8863.0000             3.38%
*   610+  420                         9140.0000     8863.0000             3.03%
    703   494     8863.0000    20     9140.0000     8863.0000     2915    3.03%
    704   495     8863.0000    21     9140.0000     8863.0000     2923    3.03%
    705   496     8863.0000    20     9140.0000     8863.0000     2926    3.03%
    706   497     8863.0000    20     9140.0000     8863.0000     2929    3.03%
    707   498     8863.0000    19     9140.0000     8863.0000     2931    3.03%
    708   499     8863.0000    19     9140.0000     8863.0000     2932    3.03%
    709   500     8938.6579    18     9140.0000     8863.0000     2942    3.03%
    710   501     8938.6579    18     9140.0000     8863.0000     2943    3.03%
    711   502     8938.6579    19     9140.0000     8863.0000     2945    3.03%
*  1000+  686                         9096.0000     8863.0000             2.56%
*  1000+  686                         9094.0000     8863.0000             2.54%
*  1000+  661                         9052.0000     8863.0000             2.09%
*  1000+  638                         9007.0000     8863.0000             1.60%
*  1000+  599                         8957.0000     8863.0000             1.05%
*  1000+  568                         8946.0000     8863.0000             0.93%
   1296   749     8863.0000    20     8946.0000     8863.0000     5842    0.93%
Elapsed time = 0.76 sec. (1063.18 ticks, tree = 1.53 MB, solutions = 19)
   1557   614     8865.0909    21     8946.0000     8863.0000     7102    0.93%
   1558   614     8865.0909    19     8946.0000     8863.0000     7108    0.93%
   1559   615     8865.0909    20     8946.0000     8863.0000     7109    0.93%
   1560   616     8865.0909    19     8946.0000     8863.0000     7111    0.93%
   1561   617     8865.0909    20     8946.0000     8863.0000     7113    0.93%
   1562   616     8865.0909    20     8946.0000     8863.0000     7115    0.93%
   1563   617     8865.0909    20     8946.0000     8863.0000     7118    0.93%
   1564   617     8865.0909    20     8946.0000     8863.0000     7119    0.93%
   1565   617     8865.0909    20     8946.0000     8863.0000     7119    0.93%
   1566   618     8866.0000    17     8946.0000     8863.0000     7121    0.93%
Elapsed time = 1.43 sec. (2021.51 ticks, tree = 1.27 MB, solutions = 19)
*  1654+  507                         8943.0000     8863.0000             0.89%
*  1754+  437                         8941.0000     8863.0000             0.87%
   2384   690     8887.0000    16     8941.0000     8863.0000    13156    0.87%
   2385   691     8887.0000    16     8941.0000     8863.0000    13156    0.87%
   2386   691     8887.0000    16     8941.0000     8863.0000    13157    0.87%
   2387   691     8887.0000    16     8941.0000     8863.0000    13158    0.87%
   2388   691     8887.0000    16     8941.0000     8863.0000    13159    0.87%
   2389   692     8887.0000    16     8941.0000     8863.0000    13160    0.87%
   2390   692     8887.0000    16     8941.0000     8863.0000    13161    0.87%
   2391   692     8887.0000    16     8941.0000     8863.0000    13162    0.87%
   2392   692     8887.0000    16     8941.0000     8863.0000    13163    0.87%
   2393   693     8887.0000    16     8941.0000     8863.0000    13164    0.87%
Elapsed time = 2.05 sec. (2979.73 ticks, tree = 1.57 MB, solutions = 21)
   3574  1520     8873.0458    56     8941.0000     8863.0000    26952    0.87%
   3575  1521     8873.2477    60     8941.0000     8863.0000    26955    0.87%
   3576  1522     8873.3171    60     8941.0000     8863.0000    26956    0.87%
   3577  1521        cutoff           8941.0000     8863.0000    26971    0.87%
   3578  1522     8873.3251    60     8941.0000     8863.0000    26972    0.87%
   3579  1523     8882.6034    65     8941.0000     8863.0000    26993    0.87%
   3580  1522        cutoff           8941.0000     8863.0000    27025    0.87%
   3581  1522     8884.9174    62     8941.0000     8863.0000    27036    0.87%
   3582  1522     8885.1387    62     8941.0000     8863.0000    27038    0.87%
   3583  1522     8885.6494    62     8941.0000     8863.0000    27041    0.87%
Elapsed time = 2.62 sec. (3950.96 ticks, tree = 3.65 MB, solutions = 21)
   4409  2176     8863.0000    40     8941.0000     8863.0000    41661    0.87%
   4410  2177     8863.0000    39     8941.0000     8863.0000    41665    0.87%
   4411  2178     8863.0000    36     8941.0000     8863.0000    41680    0.87%
   4412  2179     8863.0000    34     8941.0000     8863.0000    41681    0.87%
   4413  2180     8863.0000    27     8941.0000     8863.0000    41687    0.87%
   4414  2181     8863.0000    31     8941.0000     8863.0000    41696    0.87%
   4415  2182     8863.0000    35     8941.0000     8863.0000    41698    0.87%
   4416  2183     8863.0000    36     8941.0000     8863.0000    41702    0.87%
   4417  2184     8863.0000    30     8941.0000     8863.0000    41724    0.87%
   4418  2185     8863.0000    34     8941.0000     8863.0000    41735    0.87%
Elapsed time = 3.19 sec. (4911.48 ticks, tree = 5.69 MB, solutions = 21)
   5366  2951     8863.0000    36     8941.0000     8863.0000    55655    0.87%
   5367  2952     8863.0000    41     8941.0000     8863.0000    55734    0.87%
   5368  2953     8863.0000    43     8941.0000     8863.0000    55773    0.87%
   5369  2954     8863.0000    39     8941.0000     8863.0000    55783    0.87%
   5370  2955     8863.0000    36     8941.0000     8863.0000    55784    0.87%
   5371  2956     8863.0000    41     8941.0000     8863.0000    55830    0.87%
   5372  2957     8863.0000    43     8941.0000     8863.0000    55841    0.87%
   5373  2958     8863.0000    40     8941.0000     8863.0000    55858    0.87%
   5374  2959     8863.0000    40     8941.0000     8863.0000    55859    0.87%
   5375  2958        cutoff           8941.0000     8863.0000    55899    0.87%
Elapsed time = 3.76 sec. (5882.78 ticks, tree = 8.07 MB, solutions = 21)
   6399  3805     8877.1536    52     8941.0000     8863.0000    69048    0.87%
   6400  3806     8877.3159    46     8941.0000     8863.0000    69055    0.87%
   6401  3807     8893.3002    45     8941.0000     8863.0000    69058    0.87%
   6402  3808     8893.3042    45     8941.0000     8863.0000    69059    0.87%
   6403  3809     8897.2906    47     8941.0000     8863.0000    69071    0.87%
   6404  3810     8897.6948    48     8941.0000     8863.0000    69077    0.87%
   6405  3811     8901.4417    48     8941.0000     8863.0000    69081    0.87%
   6406  3810        cutoff           8941.0000     8863.0000    69083    0.87%
   6407  3809        cutoff           8941.0000     8863.0000    69085    0.87%
   6408  3810     8863.0000    41     8941.0000     8863.0000    69197    0.87%
Elapsed time = 4.35 sec. (6872.84 ticks, tree = 10.89 MB, solutions = 21)
   7163  4416     8863.0000    42     8941.0000     8863.0000    81886    0.87%
   7164  4417     8863.0000    41     8941.0000     8863.0000    81888    0.87%
   7165  4418     8863.0000    52     8941.0000     8863.0000    81921    0.87%
   7166  4419     8863.0000    48     8941.0000     8863.0000    81932    0.87%
   7167  4420     8863.0000    42     8941.0000     8863.0000    81945    0.87%
   7168  4421     8863.0000    46     8941.0000     8863.0000    81963    0.87%
   7169  4422     8863.0000    46     8941.0000     8863.0000    81971    0.87%
   7170  4423     8863.0000    46     8941.0000     8863.0000    81985    0.87%
   7171  4424     8863.0000    50     8941.0000     8863.0000    82003    0.87%
   7172  4425     8863.0000    48     8941.0000     8863.0000    82006    0.87%
Elapsed time = 4.90 sec. (7839.73 ticks, tree = 13.17 MB, solutions = 21)
   8186  5202     8883.4516    15     8941.0000     8863.0000    96280    0.87%
   8187  5203     8883.4516    15     8941.0000     8863.0000    96284    0.87%
   8188  5203     8883.4516    15     8941.0000     8863.0000    96285    0.87%
   8189  5203     8883.4516    15     8941.0000     8863.0000    96286    0.87%
   8190  5204     8883.4516    16     8941.0000     8863.0000    96287    0.87%
   8191  5203        cutoff           8941.0000     8863.0000    96294    0.87%
   8192  5202        cutoff           8941.0000     8863.0000    96299    0.87%
   8193  5203     8863.0000    19     8941.0000     8863.0000    96328    0.87%
   8194  5204     8863.0000    33     8941.0000     8863.0000    96367    0.87%
   8195  5205     8863.0000    35     8941.0000     8863.0000    96402    0.87%
Elapsed time = 5.49 sec. (8811.68 ticks, tree = 15.93 MB, solutions = 21)
   8589  5369     8863.0000    51     8941.0000     8863.0000   110700    0.87%
   8590  5370     8863.0000    50     8941.0000     8863.0000   110708    0.87%
   8591  5371     8863.0000    46     8941.0000     8863.0000   110722    0.87%
   8592  5372     8863.0000    42     8941.0000     8863.0000   110739    0.87%
   8593  5373     8863.0000    48     8941.0000     8863.0000   110850    0.87%
   8594  5374     8863.0000    42     8941.0000     8863.0000   110853    0.87%
   8595  5375     8863.0000    43     8941.0000     8863.0000   110867    0.87%
   8596  5376     8863.0000    40     8941.0000     8863.0000   110875    0.87%
   8597  5377     8863.0000    42     8941.0000     8863.0000   110886    0.87%
  10435  6817     8881.8860    65     8941.0000     8863.0000   151377    0.87%
Elapsed time = 7.75 sec. (12642.75 ticks, tree = 22.61 MB, solutions = 21)
* 11874+ 7001                         8932.0000     8863.0000             0.77%
  12757  7752     8863.0000    47     8932.0000     8863.0000   196640    0.77%
  12758  7753     8869.1259    48     8932.0000     8863.0000   196742    0.77%
  12759  7754     8867.3153    49     8932.0000     8863.0000   196809    0.77%
  12760  7754     8869.0000    50     8932.0000     8863.0000   196923    0.77%
  12761  7755     8869.0000    49     8932.0000     8863.0000   196925    0.77%
  12762  7755     8873.4448    46     8932.0000     8863.0000   196956    0.77%
  12763  7756     8875.0479    41     8932.0000     8863.0000   196957    0.77%
  12764  7757     8876.0956    42     8932.0000     8863.0000   196971    0.77%
  12765  7758     8876.1369    44     8932.0000     8863.0000   196973    0.77%
  12766  7759     8878.7722    42     8932.0000     8863.0000   196977    0.77%
Elapsed time = 10.24 sec. (16492.57 ticks, tree = 27.22 MB, solutions = 22)
  14511  9072     8863.0000    51     8932.0000     8863.0000   250375    0.77%
  14512  9073     8879.9225    50     8932.0000     8863.0000   250487    0.77%
  14513  9074     8880.1329    54     8932.0000     8863.0000   250496    0.77%
  14514  9075     8882.4257    51     8932.0000     8863.0000   250507    0.77%
  14515  9076     8886.2970    49     8932.0000     8863.0000   250528    0.77%
  14516  9077     8893.2221    48     8932.0000     8863.0000   250552    0.77%
  14517  9078     8895.3712    49     8932.0000     8863.0000   250565    0.77%
  14518  9077    infeasible           8932.0000     8863.0000   250565    0.77%
  14519  9076        cutoff           8932.0000     8863.0000   250578    0.77%
  14520  9077     8863.0000    45     8932.0000     8863.0000   250655    0.77%
Elapsed time = 12.45 sec. (20337.66 ticks, tree = 33.90 MB, solutions = 22)
  15872 10022        cutoff           8932.0000     8863.0000   300912    0.77%
  15873 10021        cutoff           8932.0000     8863.0000   301143    0.77%
  15874 10020        cutoff           8932.0000     8863.0000   301295    0.77%
  15875 10019        cutoff           8932.0000     8863.0000   301472    0.77%
  15876 10020     8863.0000    45     8932.0000     8863.0000   301601    0.77%
  15877 10021     8863.0000    41     8932.0000     8863.0000   301602    0.77%
  15878 10022     8863.0000    40     8932.0000     8863.0000   301606    0.77%
  15879 10023     8863.0000    43     8932.0000     8863.0000   301631    0.77%
  15880 10024     8863.0000    45     8932.0000     8863.0000   301632    0.77%
  15881 10025     8863.0000    56     8932.0000     8863.0000   301687    0.77%
Elapsed time = 14.79 sec. (24232.77 ticks, tree = 39.04 MB, solutions = 22)
* 16744+10441                         8927.0000     8863.0000             0.72%
  17203 10771     8912.0000    15     8927.0000     8863.0000   349442    0.72%
  17204 10772     8912.0000    15     8927.0000     8863.0000   349444    0.72%
  17205 10773     8912.0000     9     8927.0000     8863.0000   349448    0.72%
  17206 10774     8918.5106    11     8927.0000     8863.0000   349458    0.72%
  17207 10775     8918.5106    11     8927.0000     8863.0000   349459    0.72%
  17208 10774     8920.4328    13     8927.0000     8863.0000   349464    0.72%
  17209 10775     8921.8000     8     8927.0000     8863.0000   349466    0.72%
  17210 10775     8922.7500     8     8927.0000     8863.0000   349469    0.72%
  17211 10775     8922.7500     7     8927.0000     8863.0000   349470    0.72%
  17212 10776     8922.7500     6     8927.0000     8863.0000   349473    0.72%
Elapsed time = 17.06 sec. (28052.01 ticks, tree = 43.67 MB, solutions = 23)
  19254 12345     8863.0000    47     8927.0000     8863.0000   399933    0.72%
  19255 12346     8863.0000    44     8927.0000     8863.0000   399945    0.72%
  19256 12347     8863.0000    40     8927.0000     8863.0000   399988    0.72%
  19257 12348     8863.0000    38     8927.0000     8863.0000   400020    0.72%
  19258 12349     8863.0000    38     8927.0000     8863.0000   400024    0.72%
  19259 12350     8863.0000    40     8927.0000     8863.0000   400026    0.72%
  19260 12351     8863.0000    35     8927.0000     8863.0000   400045    0.72%
  19261 12352     8863.0000    44     8927.0000     8863.0000   400123    0.72%
  19262 12353     8863.0000    43     8927.0000     8863.0000   400144    0.72%
  19263 12352        cutoff           8927.0000     8863.0000   400370    0.72%
Elapsed time = 19.53 sec. (32031.72 ticks, tree = 53.38 MB, solutions = 23)
* 20504+12643                         8917.0000     8863.0000             0.61%
  20586 12668     8891.4304    69     8917.0000     8863.0000   449640    0.61%
  20587 12669     8892.3060    67     8917.0000     8863.0000   449646    0.61%
  20588 12670     8895.7185    69     8917.0000     8863.0000   449651    0.61%
  20589 12669        cutoff           8917.0000     8863.0000   449653    0.61%
  20590 12670     8895.8111    67     8917.0000     8863.0000   449654    0.61%
  20591 12671     8915.3550    67     8917.0000     8863.0000   449675    0.61%
  20592 12670        cutoff           8917.0000     8863.0000   449676    0.61%
  20593 12669        cutoff           8917.0000     8863.0000   449678    0.61%
  20594 12668        cutoff           8917.0000     8863.0000   449836    0.61%
  20595 12668     8903.3694    26     8917.0000     8863.0000   450148    0.61%
Elapsed time = 21.87 sec. (35883.29 ticks, tree = 56.48 MB, solutions = 24)
  21496 13260     8863.0000    60     8917.0000     8863.0000   498153    0.61%
  21497 13261     8873.5714    64     8917.0000     8863.0000   498534    0.61%
  21498 13262     8873.9860    59     8917.0000     8863.0000   498559    0.61%
  21499 13261        cutoff           8917.0000     8863.0000   498667    0.61%
  21500 13262     8906.1493    72     8917.0000     8863.0000   498843    0.61%
  21501 13261        cutoff           8917.0000     8863.0000   498846    0.61%
  21502 13260        cutoff           8917.0000     8863.0000   498849    0.61%
  21503 13259        cutoff           8917.0000     8863.0000   499107    0.61%
  21504 13260     8863.0000    71     8917.0000     8863.0000   499332    0.61%
  21505 13261     8863.0000    71     8917.0000     8863.0000   499347    0.61%
Elapsed time = 24.23 sec. (39805.43 ticks, tree = 60.86 MB, solutions = 24)
  22629 14136     8863.0000    52     8917.0000     8863.0000   545538    0.61%
  22630 14137     8863.0000    56     8917.0000     8863.0000   545668    0.61%
  22631 14138     8863.0000    44     8917.0000     8863.0000   545799    0.61%
  22632 14139     8863.0000    43     8917.0000     8863.0000   545812    0.61%
  22633 14140     8863.0000    42     8917.0000     8863.0000   545873    0.61%
  22634 14141     8863.0000    40     8917.0000     8863.0000   545945    0.61%
  22635 14142     8863.0000    39     8917.0000     8863.0000   545949    0.61%
  22636 14143     8863.0000    39     8917.0000     8863.0000   545976    0.61%
  22637 14144     8863.0000    38     8917.0000     8863.0000   546004    0.61%
  22638 14145     8863.0000    35     8917.0000     8863.0000   546017    0.61%
Elapsed time = 26.63 sec. (43689.89 ticks, tree = 67.35 MB, solutions = 24)
  23420 14617     8863.0000    54     8917.0000     8863.0000   590180    0.61%
  23421 14618     8863.0000    56     8917.0000     8863.0000   590324    0.61%
  23422 14619     8863.0000    45     8917.0000     8863.0000   590343    0.61%
  23423 14620     8863.0000    46     8917.0000     8863.0000   590414    0.61%
  23424 14621     8863.0000    50     8917.0000     8863.0000   590439    0.61%
  23425 14622     8863.0000    47     8917.0000     8863.0000   590444    0.61%
  23426 14623     8863.0000    49     8917.0000     8863.0000   590457    0.61%
  23427 14624     8863.0000    46     8917.0000     8863.0000   590466    0.61%
  23428 14625     8863.0000    48     8917.0000     8863.0000   590473    0.61%
  23429 14626     8863.0000    48     8917.0000     8863.0000   590478    0.61%
Elapsed time = 29.00 sec. (47550.58 ticks, tree = 71.21 MB, solutions = 24)
  24263 15146        cutoff           8917.0000     8863.0000   635529    0.61%
  24264 15145        cutoff           8917.0000     8863.0000   635752    0.61%
  24265 15144    infeasible           8917.0000     8863.0000   635752    0.61%
  24266 15143    infeasible           8917.0000     8863.0000   635752    0.61%
  24267 15142    infeasible           8917.0000     8863.0000   635752    0.61%
  24268 15141    infeasible           8917.0000     8863.0000   635752    0.61%
  24269 15140        cutoff           8917.0000     8863.0000   635954    0.61%
  24270 15139        cutoff           8917.0000     8863.0000   636147    0.61%
  24271 15138        cutoff           8917.0000     8863.0000   636382    0.61%
  24272 15137        cutoff           8917.0000     8863.0000   636648    0.61%
Elapsed time = 31.30 sec. (51456.04 ticks, tree = 75.35 MB, solutions = 24)
  25013 15573     8863.0000    73     8917.0000     8863.0000   679251    0.61%
  25014 15574     8863.0000    71     8917.0000     8863.0000   679260    0.61%
  25015 15575     8863.0000    67     8917.0000     8863.0000   679314    0.61%
  25016 15576     8863.0000    76     8917.0000     8863.0000   679404    0.61%
  25017 15577     8863.0000    69     8917.0000     8863.0000   679424    0.61%
  25018 15578     8863.0000    74     8917.0000     8863.0000   679453    0.61%
  25019 15579     8863.0000    75     8917.0000     8863.0000   679615    0.61%
  25020 15580     8863.0000    67     8917.0000     8863.0000   679728    0.61%
  25021 15581     8869.8114    88     8917.0000     8863.0000   680006    0.61%
  25022 15582     8869.8564    90     8917.0000     8863.0000   680011    0.61%
Elapsed time = 33.65 sec. (55341.31 ticks, tree = 79.10 MB, solutions = 24)
  25914 16183        cutoff           8917.0000     8863.0000   726198    0.61%
  25915 16182        cutoff           8917.0000     8863.0000   726200    0.61%
  25916 16183     8863.0000    76     8917.0000     8863.0000   726538    0.61%
  25917 16184     8863.0000    71     8917.0000     8863.0000   726562    0.61%
  25918 16185     8863.0000    66     8917.0000     8863.0000   726571    0.61%
  25919 16186     8863.0000    75     8917.0000     8863.0000   726681    0.61%
  25920 16187     8863.0000    61     8917.0000     8863.0000   726745    0.61%
  25921 16188     8863.0000    60     8917.0000     8863.0000   726747    0.61%
  25922 16189     8863.0000    55     8917.0000     8863.0000   726797    0.61%
  25923 16190     8863.0000    60     8917.0000     8863.0000   726880    0.61%
Elapsed time = 36.01 sec. (59219.02 ticks, tree = 84.29 MB, solutions = 24)
  26736 16752     8863.0000    62     8917.0000     8863.0000   770117    0.61%
  26737 16753     8863.0000    57     8917.0000     8863.0000   770138    0.61%
  26738 16754     8863.0000    58     8917.0000     8863.0000   770214    0.61%
  26739 16755     8863.0000    54     8917.0000     8863.0000   770215    0.61%
  26740 16756     8863.0000    53     8917.0000     8863.0000   770343    0.61%
  26741 16757     8863.0000    62     8917.0000     8863.0000   770440    0.61%
  26742 16758     8863.0000    59     8917.0000     8863.0000   770487    0.61%
  26743 16759     8863.0000    55     8917.0000     8863.0000   770618    0.61%
  26744 16760     8863.0000    60     8917.0000     8863.0000   770644    0.61%
  26745 16761     8863.0000    46     8917.0000     8863.0000   770682    0.61%
Elapsed time = 38.39 sec. (63094.85 ticks, tree = 89.91 MB, solutions = 24)
* 27254+16589                         8912.0000     8863.0000             0.55%
  27354 16668     8863.0000    57     8912.0000     8863.0000   808814    0.55%
  27355 16669     8863.0000    53     8912.0000     8863.0000   808870    0.55%
  27356 16670     8863.0000    65     8912.0000     8863.0000   808987    0.55%
  27357 16671     8863.0000    65     8912.0000     8863.0000   809094    0.55%
  27358 16672     8863.0000    58     8912.0000     8863.0000   809157    0.55%
  27359 16673     8863.0000    58     8912.0000     8863.0000   809193    0.55%
  27360 16674     8863.0000    57     8912.0000     8863.0000   809201    0.55%
  27361 16675     8863.0000    50     8912.0000     8863.0000   809245    0.55%
  27362 16676     8863.0000    61     8912.0000     8863.0000   809334    0.55%
  27363 16677     8863.0000    54     8912.0000     8863.0000   809358    0.55%
Elapsed time = 40.88 sec. (67092.59 ticks, tree = 90.84 MB, solutions = 25)
  28419 17496     8885.4815    58     8912.0000     8863.0000   854989    0.55%
  28420 17497     8898.2979    40     8912.0000     8863.0000   855026    0.55%
  28421 17498     8898.5885    43     8912.0000     8863.0000   855032    0.55%
  28422 17499     8898.8041    42     8912.0000     8863.0000   855037    0.55%
  28423 17500     8901.0124    41     8912.0000     8863.0000   855066    0.55%
  28424 17499        cutoff           8912.0000     8863.0000   855079    0.55%
  28425 17498        cutoff           8912.0000     8863.0000   855082    0.55%
  28426 17499     8890.7025    39     8912.0000     8863.0000   855513    0.55%
  28427 17498        cutoff           8912.0000     8863.0000   855530    0.55%
  28428 17497        cutoff           8912.0000     8863.0000   855547    0.55%
Elapsed time = 43.15 sec. (70958.79 ticks, tree = 97.96 MB, solutions = 25)
* 29454+18132                         8911.0000     8863.0000             0.54%
  29472 18146     8863.0000    57     8911.0000     8863.0000   899538    0.54%
  29473 18147     8863.0000    51     8911.0000     8863.0000   899546    0.54%
  29474 18148     8863.0000    51     8911.0000     8863.0000   899568    0.54%
  29475 18149     8863.0000    57     8911.0000     8863.0000   899617    0.54%
  29476 18150     8863.0000    60     8911.0000     8863.0000   899649    0.54%
  29477 18151     8863.0000    55     8911.0000     8863.0000   899659    0.54%
  29478 18152     8863.0000    49     8911.0000     8863.0000   899711    0.54%
  29479 18153     8876.2824    42     8911.0000     8863.0000   899973    0.54%
  29480 18154     8863.0000    54     8911.0000     8863.0000   900025    0.54%
  29481 18155     8863.0000    43     8911.0000     8863.0000   900032    0.54%
Elapsed time = 45.50 sec. (74816.71 ticks, tree = 104.21 MB, solutions = 26)
  30163 18555     8863.0000    45     8911.0000     8863.0000   944432    0.54%
  30164 18556     8863.0000    42     8911.0000     8863.0000   944435    0.54%
  30165 18557     8863.0000    42     8911.0000     8863.0000   944447    0.54%
  30166 18558     8863.0000    40     8911.0000     8863.0000   944477    0.54%
  30167 18559     8863.0000    41     8911.0000     8863.0000   944490    0.54%
  30168 18560     8863.0000    40     8911.0000     8863.0000   944491    0.54%
  30169 18561     8863.0000    43     8911.0000     8863.0000   944509    0.54%
  30170 18562     8863.0000    44     8911.0000     8863.0000   944518    0.54%
  30171 18563     8863.0000    43     8911.0000     8863.0000   944571    0.54%
  30172 18564     8863.0000    48     8911.0000     8863.0000   944632    0.54%
Elapsed time = 47.87 sec. (78644.80 ticks, tree = 108.03 MB, solutions = 26)
  31058 19149     8876.5773    59     8911.0000     8863.0000   992337    0.54%
  31059 19150     8876.5829    59     8911.0000     8863.0000   992338    0.54%
  31060 19151     8876.6583    59     8911.0000     8863.0000   992341    0.54%
  31061 19152     8878.0104    58     8911.0000     8863.0000   992345    0.54%
  31062 19153     8882.3020    60     8911.0000     8863.0000   992401    0.54%
  31063 19154     8882.8428    61     8911.0000     8863.0000   992417    0.54%
  31064 19155     8882.8553    67     8911.0000     8863.0000   992423    0.54%
  31065 19156     8882.8614    61     8911.0000     8863.0000   992425    0.54%
  31066 19157     8882.8774    61     8911.0000     8863.0000   992427    0.54%
  31067 19158     8883.1291    64     8911.0000     8863.0000   992440    0.54%
Elapsed time = 50.14 sec. (82477.49 ticks, tree = 113.32 MB, solutions = 26)
  31882 19641     8863.0000    78     8911.0000     8863.0000  1036531    0.54%
  31883 19642     8863.0000    77     8911.0000     8863.0000  1036533    0.54%
  31884 19643     8863.0000    76     8911.0000     8863.0000  1036535    0.54%
  31885 19644     8863.0000    68     8911.0000     8863.0000  1036547    0.54%
  31886 19645     8863.0000    67     8911.0000     8863.0000  1036554    0.54%
  31887 19646     8863.0000    64     8911.0000     8863.0000  1036556    0.54%
  31888 19647     8863.0000    56     8911.0000     8863.0000  1036682    0.54%
  31889 19648     8863.0000    59     8911.0000     8863.0000  1036827    0.54%
  31890 19649     8863.0000    80     8911.0000     8863.0000  1037188    0.54%
  31891 19650     8863.0000    57     8911.0000     8863.0000  1037195    0.54%
Elapsed time = 52.45 sec. (86355.45 ticks, tree = 117.79 MB, solutions = 26)
  32814 20319        cutoff           8911.0000     8863.0000  1085579    0.54%
  32815 20318        cutoff           8911.0000     8863.0000  1085804    0.54%
  32816 20319     8863.0000    70     8911.0000     8863.0000  1085984    0.54%
  32817 20320     8863.0000    66     8911.0000     8863.0000  1085994    0.54%
  32818 20321     8863.0000    56     8911.0000     8863.0000  1086096    0.54%
  32819 20322     8863.0000    68     8911.0000     8863.0000  1086246    0.54%
  32820 20323     8863.0000    64     8911.0000     8863.0000  1086258    0.54%
  32821 20324     8863.0000    61     8911.0000     8863.0000  1086454    0.54%
  32822 20325     8863.0000    59     8911.0000     8863.0000  1086456    0.54%
  32823 20326     8863.0000    58     8911.0000     8863.0000  1086459    0.54%
Elapsed time = 54.79 sec. (90243.05 ticks, tree = 123.76 MB, solutions = 26)
  34258 21410     8883.6094    36     8911.0000     8863.0000  1134189    0.54%
  34259 21409     8883.6094    36     8911.0000     8863.0000  1134225    0.54%
  34260 21408        cutoff           8911.0000     8863.0000  1134315    0.54%
  34261 21409     8863.0000    97     8911.0000     8863.0000  1134548    0.54%
  34262 21410     8863.0000    89     8911.0000     8863.0000  1134791    0.54%
  34263 21411     8863.0000    76     8911.0000     8863.0000  1134812    0.54%
  34264 21412     8863.0000    95     8911.0000     8863.0000  1135080    0.54%
  34265 21413     8863.0000    91     8911.0000     8863.0000  1135094    0.54%
  34266 21414     8863.0000    76     8911.0000     8863.0000  1135162    0.54%
  34267 21415     8863.0000    72     8911.0000     8863.0000  1135186    0.54%
Elapsed time = 57.19 sec. (94144.27 ticks, tree = 133.09 MB, solutions = 26)
  35091 21981     8863.0000    43     8911.0000     8863.0000  1182136    0.54%
  35092 21982     8863.0000    48     8911.0000     8863.0000  1182167    0.54%
  35093 21983     8863.0000    48     8911.0000     8863.0000  1182197    0.54%
  35094 21984     8863.0000    46     8911.0000     8863.0000  1182275    0.54%
  35095 21985     8863.0000    46     8911.0000     8863.0000  1182308    0.54%
  35096 21986     8863.0000    43     8911.0000     8863.0000  1182316    0.54%
  35097 21987     8863.0000    48     8911.0000     8863.0000  1182429    0.54%
  35098 21988     8863.0000    49     8911.0000     8863.0000  1182435    0.54%
  35099 21989     8863.0000    45     8911.0000     8863.0000  1182438    0.54%
  35100 21990     8877.1906    52     8911.0000     8863.0000  1182514    0.54%
Elapsed time = 59.53 sec. (97984.68 ticks, tree = 138.16 MB, solutions = 26)
  35920 22483     8863.0000    54     8911.0000     8863.0000  1231296    0.54%
  35921 22484     8864.0009    61     8911.0000     8863.0000  1231861    0.54%
  35922 22485     8868.1718    65     8911.0000     8863.0000  1232283    0.54%
  35923 22486     8864.0009    53     8911.0000     8863.0000  1232293    0.54%
  35924 22487     8864.0181    53     8911.0000     8863.0000  1232340    0.54%
  35925 22488     8864.6174    47     8911.0000     8863.0000  1232416    0.54%
  35926 22489     8864.6174    47     8911.0000     8863.0000  1232431    0.54%
  35927 22490     8864.6361    46     8911.0000     8863.0000  1232457    0.54%
  35928 22490     8874.3944    59     8911.0000     8863.0000  1232545    0.54%
  35929 22491     8874.3944    59     8911.0000     8863.0000  1232546    0.54%
Elapsed time = 61.86 sec. (101895.55 ticks, tree = 142.75 MB, solutions = 26)
* 35954+22443                         8910.0000     8863.0000             0.53%
  36634 22904     8863.0000    40     8910.0000     8863.0000  1271148    0.53%
  36635 22905     8863.0000    38     8910.0000     8863.0000  1271156    0.53%
  36636 22906     8863.0000    38     8910.0000     8863.0000  1271157    0.53%
  36637 22907     8863.0000    40     8910.0000     8863.0000  1271168    0.53%
  36638 22908     8863.0000    31     8910.0000     8863.0000  1271182    0.53%
  36639 22909     8863.0000    33     8910.0000     8863.0000  1271184    0.53%
  36640 22910     8863.0000    35     8910.0000     8863.0000  1271192    0.53%
  36641 22911     8863.0000    40     8910.0000     8863.0000  1271202    0.53%
  36642 22912     8863.0000    39     8910.0000     8863.0000  1271203    0.53%
  36643 22913     8863.0000    37     8910.0000     8863.0000  1271204    0.53%
Elapsed time = 64.18 sec. (105718.58 ticks, tree = 146.72 MB, solutions = 27)
  37926 24005     8863.0000    48     8910.0000     8863.0000  1312082    0.53%
  37927 24006     8863.0000    45     8910.0000     8863.0000  1312119    0.53%
  37928 24007     8863.0000    39     8910.0000     8863.0000  1312153    0.53%
  37929 24008     8863.0000    41     8910.0000     8863.0000  1312161    0.53%
  37930 24009     8863.0000    37     8910.0000     8863.0000  1312170    0.53%
  37931 24010     8863.0000    41     8910.0000     8863.0000  1312200    0.53%
  37932 24011     8863.0000    38     8910.0000     8863.0000  1312214    0.53%
  37933 24012     8863.0000    36     8910.0000     8863.0000  1312222    0.53%
  37934 24013     8863.0000    33     8910.0000     8863.0000  1312223    0.53%
  37935 24014     8863.0000    56     8910.0000     8863.0000  1312333    0.53%
Elapsed time = 66.49 sec. (109557.43 ticks, tree = 156.05 MB, solutions = 27)
* 39554+25082                         8907.0000     8863.0000             0.49%
  39554 25084     8863.9939    51     8907.0000     8863.0000  1359683    0.49%
  39555 25085     8867.2196    42     8907.0000     8863.0000  1359710    0.49%
  39556 25086     8869.0878    44     8907.0000     8863.0000  1359736    0.49%
  39557 25087     8869.7198    47     8907.0000     8863.0000  1359746    0.49%
  39558 25088     8869.7278    45     8907.0000     8863.0000  1359748    0.49%
  39559 25089     8869.7465    45     8907.0000     8863.0000  1359750    0.49%
  39560 25088        cutoff           8907.0000     8863.0000  1359780    0.49%
  39561 25087        cutoff           8907.0000     8863.0000  1359797    0.49%
  39562 25088     8863.0000    47     8907.0000     8863.0000  1359913    0.49%
  39563 25089     8863.0000    38     8907.0000     8863.0000  1359915    0.49%
Elapsed time = 68.95 sec. (113611.90 ticks, tree = 165.84 MB, solutions = 28)
  40945 26082     8863.0000    51     8907.0000     8863.0000  1405283    0.49%
  40946 26083     8863.0000    51     8907.0000     8863.0000  1405405    0.49%
  40947 26082        cutoff           8907.0000     8863.0000  1405486    0.49%
  40948 26083     8863.0000    50     8907.0000     8863.0000  1405490    0.49%
  40949 26084     8863.0000    57     8907.0000     8863.0000  1405550    0.49%
  40950 26085     8863.0000    47     8907.0000     8863.0000  1405672    0.49%
  40951 26086     8863.0000    44     8907.0000     8863.0000  1405673    0.49%
  40952 26087     8863.0966    52     8907.0000     8863.0000  1405776    0.49%
  40953 26088     8863.0000    48     8907.0000     8863.0000  1405856    0.49%
  40954 26089     8863.0000    46     8907.0000     8863.0000  1405857    0.49%
Elapsed time = 71.35 sec. (117472.85 ticks, tree = 174.28 MB, solutions = 28)
  42499 27298     8868.6726    78     8907.0000     8863.0000  1456310    0.49%
  42500 27299     8869.0612    81     8907.0000     8863.0000  1456321    0.49%
  42501 27300     8869.0755    79     8907.0000     8863.0000  1456323    0.49%
  42502 27301     8869.4553    75     8907.0000     8863.0000  1456352    0.49%
  42503 27302     8870.7022    80     8907.0000     8863.0000  1456361    0.49%
  42504 27303     8870.8329    80     8907.0000     8863.0000  1456365    0.49%
  42505 27304     8870.8396    76     8907.0000     8863.0000  1456366    0.49%
  42506 27305     8871.0124    68     8907.0000     8863.0000  1456369    0.49%
  42507 27306     8871.7060    72     8907.0000     8863.0000  1456375    0.49%
  42508 27307     8871.7065    74     8907.0000     8863.0000  1456377    0.49%
Elapsed time = 73.70 sec. (121297.47 ticks, tree = 184.57 MB, solutions = 28)
  43795 28226     8863.0000    41     8907.0000     8863.0000  1500592    0.49%
  43796 28227     8863.0000    36     8907.0000     8863.0000  1500669    0.49%
  43797 28228     8863.0000    34     8907.0000     8863.0000  1500672    0.49%
  43798 28229     8863.0000    42     8907.0000     8863.0000  1500748    0.49%
  43799 28228        cutoff           8907.0000     8863.0000  1500863    0.49%
  43800 28229     8863.0000    28     8907.0000     8863.0000  1500943    0.49%
  43801 28230     8863.0000    35     8907.0000     8863.0000  1500982    0.49%
  43802 28231     8863.0000    39     8907.0000     8863.0000  1501021    0.49%
  43803 28232     8863.0000    34     8907.0000     8863.0000  1501042    0.49%
  43804 28233     8863.0000    37     8907.0000     8863.0000  1501045    0.49%
Elapsed time = 76.10 sec. (125145.85 ticks, tree = 192.38 MB, solutions = 28)
  45335 29193     8865.8390    52     8907.0000     8863.0000  1550770    0.49%
  45336 29194     8866.1236    49     8907.0000     8863.0000  1550783    0.49%
  45337 29193        cutoff           8907.0000     8863.0000  1550829    0.49%
  45338 29194     8870.9461    56     8907.0000     8863.0000  1550862    0.49%
  45339 29195     8867.8317    42     8907.0000     8863.0000  1550881    0.49%
  45340 29196     8868.0578    39     8907.0000     8863.0000  1550889    0.49%
  45341 29197     8868.0664    40     8907.0000     8863.0000  1550890    0.49%
  45342 29196        cutoff           8907.0000     8863.0000  1550909    0.49%
  45343 29197     8869.0861    40     8907.0000     8863.0000  1550911    0.49%
  45344 29198     8869.1212    39     8907.0000     8863.0000  1550915    0.49%
Elapsed time = 78.42 sec. (128987.12 ticks, tree = 200.52 MB, solutions = 28)
  46954 30246     8863.0000    40     8907.0000     8863.0000  1596842    0.49%
  46955 30247     8871.3920    40     8907.0000     8863.0000  1596964    0.49%
  46956 30248     8871.4604    40     8907.0000     8863.0000  1596966    0.49%
  46957 30249     8871.7340    45     8907.0000     8863.0000  1596974    0.49%
  46958 30249     8871.8864    45     8907.0000     8863.0000  1596984    0.49%
  46959 30248        cutoff           8907.0000     8863.0000  1596988    0.49%
  46960 30247        cutoff           8907.0000     8863.0000  1597003    0.49%
  46961 30246        cutoff           8907.0000     8863.0000  1597092    0.49%
  46962 30247     8867.0765    43     8907.0000     8863.0000  1597299    0.49%
  46963 30246        cutoff           8907.0000     8863.0000  1597320    0.49%
Elapsed time = 80.86 sec. (132905.02 ticks, tree = 209.38 MB, solutions = 28)
  48435 31119     8863.0000    35     8907.0000     8863.0000  1649586    0.49%
  48436 31120     8863.0000    33     8907.0000     8863.0000  1649594    0.49%
  48437 31121     8863.0000    34     8907.0000     8863.0000  1649609    0.49%
  48438 31122     8863.0000    58     8907.0000     8863.0000  1649797    0.49%
  48439 31123     8863.0000    32     8907.0000     8863.0000  1649798    0.49%
  48440 31124     8863.0000    36     8907.0000     8863.0000  1649812    0.49%
  48441 31125     8863.0000    55     8907.0000     8863.0000  1650092    0.49%
  48442 31126     8863.0000    30     8907.0000     8863.0000  1650101    0.49%
  48443 31127     8863.0000    37     8907.0000     8863.0000  1650127    0.49%
  48444 31128     8863.0000    33     8907.0000     8863.0000  1650133    0.49%
Elapsed time = 83.23 sec. (136768.88 ticks, tree = 216.83 MB, solutions = 28)
  49798 31781        cutoff           8907.0000     8863.0000  1693230    0.49%
  49799 31782     8863.0000    32     8907.0000     8863.0000  1693328    0.49%
  49800 31783     8863.0000    46     8907.0000     8863.0000  1693407    0.49%
  49801 31784     8863.0000    43     8907.0000     8863.0000  1693409    0.49%
  49802 31785     8863.0000    37     8907.0000     8863.0000  1693504    0.49%
  49803 31786     8863.0000    42     8907.0000     8863.0000  1693550    0.49%
  49804 31785     8905.8560    45     8907.0000     8863.0000  1693739    0.49%
  49805 31786     8863.0000    35     8907.0000     8863.0000  1693891    0.49%
  49806 31787     8869.9096    41     8907.0000     8863.0000  1693944    0.49%
  49807 31786        cutoff           8907.0000     8863.0000  1694012    0.49%
Elapsed time = 85.80 sec. (140641.74 ticks, tree = 222.45 MB, solutions = 28)
  51320 32793     8867.2557    57     8907.0000     8863.0000  1745830    0.49%
  51321 32794     8867.2633    53     8907.0000     8863.0000  1745839    0.49%
  51322 32795     8867.2656    52     8907.0000     8863.0000  1745845    0.49%
  51323 32796     8867.2670    44     8907.0000     8863.0000  1745846    0.49%
  51324 32797     8867.2753    49     8907.0000     8863.0000  1745854    0.49%
  51325 32798     8867.3013    49     8907.0000     8863.0000  1745855    0.49%
  51326 32799     8869.7213    41     8907.0000     8863.0000  1745896    0.49%
  51327 32800     8879.4183    40     8907.0000     8863.0000  1745956    0.49%
  51328 32800     8887.3969    45     8907.0000     8863.0000  1745975    0.49%
  51329 32800     8887.3969    46     8907.0000     8863.0000  1745976    0.49%
Elapsed time = 88.19 sec. (144484.51 ticks, tree = 231.98 MB, solutions = 28)
* 52254+32926                         8903.0000     8863.0000             0.45%
  52408 33054     8874.0000    43     8903.0000     8863.0000  1790328    0.45%
  52409 33055     8863.0000    25     8903.0000     8863.0000  1790331    0.45%
  52410 33056     8863.0000    25     8903.0000     8863.0000  1790340    0.45%
  52411 33057     8863.0000    30     8903.0000     8863.0000  1790356    0.45%
  52412 33058     8892.2094    29     8903.0000     8863.0000  1790790    0.45%
  52413 33059     8863.0000    26     8903.0000     8863.0000  1790808    0.45%
  52414 33060     8863.0000    27     8903.0000     8863.0000  1790838    0.45%
  52415 33061     8863.0000    42     8903.0000     8863.0000  1790889    0.45%
  52416 33062     8863.0000    27     8903.0000     8863.0000  1790890    0.45%
  52417 33063     8863.0000    37     8903.0000     8863.0000  1790906    0.45%
Elapsed time = 90.53 sec. (148382.78 ticks, tree = 235.16 MB, solutions = 29)
  53039 33490        cutoff           8903.0000     8863.0000  1819595    0.45%
  53040 33489        cutoff           8903.0000     8863.0000  1819671    0.45%
  53041 33488        cutoff           8903.0000     8863.0000  1819767    0.45%
  53042 33489     8863.0000    56     8903.0000     8863.0000  1819910    0.45%
  53043 33490     8863.0000    57     8903.0000     8863.0000  1819913    0.45%
  53044 33491     8863.0000    43     8903.0000     8863.0000  1820003    0.45%
  53045 33492     8863.0000    37     8903.0000     8863.0000  1820004    0.45%
  53046 33493     8863.0000    42     8903.0000     8863.0000  1820041    0.45%
  53047 33494     8863.0000    41     8903.0000     8863.0000  1820099    0.45%
  53048 33495     8863.0000    37     8903.0000     8863.0000  1820116    0.45%
Elapsed time = 92.89 sec. (152243.19 ticks, tree = 238.79 MB, solutions = 29)
  53854 34098     8878.4920    44     8903.0000     8863.0000  1853481    0.45%
  53855 34099     8878.4969    44     8903.0000     8863.0000  1853483    0.45%
  53856 34098        cutoff           8903.0000     8863.0000  1853486    0.45%
  53857 34097        cutoff           8903.0000     8863.0000  1853496    0.45%
  53858 34096     8898.4936    53     8903.0000     8863.0000  1853820    0.45%
  53859 34095        cutoff           8903.0000     8863.0000  1854072    0.45%
  53860 34096     8863.0000    39     8903.0000     8863.0000  1854211    0.45%
  53861 34097     8863.0000    43     8903.0000     8863.0000  1854224    0.45%
  53862 34098     8863.6441    37     8903.0000     8863.0000  1854330    0.45%
  53863 34097        cutoff           8903.0000     8863.0000  1854357    0.45%
Elapsed time = 95.42 sec. (156358.84 ticks, tree = 243.85 MB, solutions = 29)
* 54154+33127                         8898.0000     8863.0000             0.39%
* 54354+33087                         8897.0000     8863.0000             0.38%
  54654 33272     8863.0000    37     8897.0000     8863.0000  1883156    0.38%
  54655 33273     8863.0000    38     8897.0000     8863.0000  1883168    0.38%
  54656 33274     8863.0000    42     8897.0000     8863.0000  1883216    0.38%
  54657 33275     8863.0000    48     8897.0000     8863.0000  1883307    0.38%
  54658 33276     8863.0000    40     8897.0000     8863.0000  1883325    0.38%
  54659 33277     8863.0000    45     8897.0000     8863.0000  1883338    0.38%
  54660 33278     8863.0000    41     8897.0000     8863.0000  1883354    0.38%
  54661 33279     8863.0000    54     8897.0000     8863.0000  1883524    0.38%
  54662 33280     8863.0000    59     8897.0000     8863.0000  1883539    0.38%
  54663 33281     8863.0000    58     8897.0000     8863.0000  1883542    0.38%
Elapsed time = 98.33 sec. (160940.93 ticks, tree = 238.91 MB, solutions = 31)

Cover cuts applied:  523
Mixed integer rounding cuts applied:  17
Zero-half cuts applied:  2
Gomory fractional cuts applied:  7

Root node processing (before b&c):
  Real time             =    0.09 sec. (109.21 ticks)
Sequential b&c:
  Real time             =   99.91 sec. (163587.79 ticks)
                          ------------
Total (root+branch&cut) =  100.00 sec. (163697.00 ticks)

Solution pool: 31 solutions saved.

MIP - Time limit exceeded, integer feasible:  Objective =  8.8970000000e+03
Current MIP best bound =  8.8630000000e+03 (gap = 34, 0.38%)
Solution time =  100.00 sec.  Iterations = 1911288  Nodes = 55261 (33676)
Deterministic time = 163697.01 ticks  (1636.96 ticks/sec)


Incumbent solution written to file '/tmp/tmpqSBNDg.cplex.sol'.
