
Log started (V12.6.3.0) Sat Apr 21 11:06:20 2018

New value for default parallel thread count: 1

Problem '/tmp/tmpVxOPbd.pyomo.lp' read.
Read time = 0.00 sec. (0.02 ticks)

Problem name         : /tmp/tmpVxOPbd.pyomo.lp
Objective sense      : Minimize
Variables            :      83  [Nneg: 1,  Binary: 78,  General Integer: 4]
Objective nonzeros   :       1
Linear constraints   :      59  [Less: 29,  Equal: 30]
  Nonzeros           :    1466
  RHS nonzeros       :      53

Variables            : Min LB: 0.000000         Max UB: 1.000000       
Objective nonzeros   : Min   : 1.000000         Max   : 1.000000       
Linear constraints   :
  Nonzeros           : Min   : 1.000000         Max   : 2096995.       
  RHS nonzeros       : Min   : 1.000000         Max   : 3.000000       
Tried aggregator 2 times.
MIP Presolve eliminated 26 rows and 1 columns.
Aggregator did 3 substitutions.
Reduced MIP has 30 rows, 79 columns, and 209 nonzeros.
Reduced MIP has 78 binaries, 1 generals, 0 SOSs, and 0 indicators.
Presolve time = 0.00 sec. (0.56 ticks)
Found incumbent of value 1.1492374e+07 after 0.00 sec. (0.71 ticks)
Probing time = 0.00 sec. (0.04 ticks)
Cover probing fixed 0 vars, tightened 4 bounds.
Tried aggregator 1 time.
Reduced MIP has 30 rows, 79 columns, and 209 nonzeros.
Reduced MIP has 78 binaries, 1 generals, 0 SOSs, and 0 indicators.
Presolve time = 0.00 sec. (0.13 ticks)
Probing time = 0.00 sec. (0.03 ticks)
Clique table members: 26.
MIP emphasis: balance optimality and feasibility.
MIP search method: dynamic search.
Parallel mode: none, using 1 thread.
Root relaxation solution time = 0.00 sec. (0.07 ticks)

        Nodes                                         Cuts/
   Node  Left     Objective  IInf  Best Integer    Best Bound    ItCnt     Gap

*     0+    0                       1.14924e+07  2096995.0000            81.75%
      0     0   1.05063e+07     4   1.14924e+07   1.05063e+07        4    8.58%
*     0+    0                       1.14165e+07   1.05063e+07             7.97%
      0     0   1.05063e+07     6   1.14165e+07      Fract: 2        8    7.97%
*     0+    0                       1.12204e+07   1.05063e+07             6.36%
*     0+    0                       1.11043e+07   1.05063e+07             5.39%
*     0+    0                       1.06975e+07   1.05063e+07             1.79%
      0     2   1.05063e+07     6   1.06975e+07   1.05063e+07        8    1.79%
Elapsed time = 0.01 sec. (2.60 ticks, tree = 0.01 MB, solutions = 4)
*    80+   30                       1.06420e+07   1.05063e+07             1.28%
*   150+   30                       1.05860e+07   1.05063e+07             0.75%
*   288    33      integral     0   1.05632e+07   1.05063e+07     1154    0.54%
*   290    33      integral     0   1.05627e+07   1.05063e+07     1168    0.53%
*   300+   27                       1.05477e+07   1.05063e+07             0.39%
*   320+   20                       1.05437e+07   1.05067e+07             0.35%
*   330+   17                       1.05378e+07   1.05070e+07             0.29%

Cover cuts applied:  28
Gomory fractional cuts applied:  2

Root node processing (before b&c):
  Real time             =    0.01 sec. (2.60 ticks)
Sequential b&c:
  Real time             =    0.03 sec. (18.99 ticks)
                          ------------
Total (root+branch&cut) =    0.04 sec. (21.59 ticks)

Solution pool: 11 solutions saved.

MIP - Integer optimal, tolerance (0.0001/1e-06):  Objective =  1.0537765000e+07
Current MIP best bound =  1.0537214919e+07 (gap = 550.081, 0.01%)
Solution time =    0.04 sec.  Iterations = 1352  Nodes = 352 (1)
Deterministic time = 21.59 ticks  (589.33 ticks/sec)


Incumbent solution written to file '/tmp/tmp2Y7EaO.cplex.sol'.
