
Log started (V12.6.3.0) Sat Apr 21 11:06:25 2018

New value for default parallel thread count: 1

Problem '/tmp/tmprv7FYT.pyomo.lp' read.
Read time = 0.00 sec. (0.02 ticks)

Problem name         : /tmp/tmprv7FYT.pyomo.lp
Objective sense      : Minimize
Variables            :      83  [Nneg: 1,  Binary: 78,  General Integer: 4]
Objective nonzeros   :       1
Linear constraints   :      59  [Less: 29,  Equal: 30]
  Nonzeros           :    1466
  RHS nonzeros       :      53

Variables            : Min LB: 0.000000         Max UB: 1.000000       
Objective nonzeros   : Min   : 1.000000         Max   : 1.000000       
Linear constraints   :
  Nonzeros           : Min   : 1.000000         Max   : 2096995.       
  RHS nonzeros       : Min   : 1.000000         Max   : 3.000000       
Tried aggregator 2 times.
MIP Presolve eliminated 26 rows and 1 columns.
Aggregator did 3 substitutions.
Reduced MIP has 30 rows, 79 columns, and 209 nonzeros.
Reduced MIP has 78 binaries, 1 generals, 0 SOSs, and 0 indicators.
Presolve time = 0.00 sec. (0.56 ticks)
Found incumbent of value 1.2694181e+07 after 0.00 sec. (0.71 ticks)
Probing time = 0.00 sec. (0.04 ticks)
Cover probing fixed 0 vars, tightened 4 bounds.
Tried aggregator 1 time.
Reduced MIP has 30 rows, 79 columns, and 209 nonzeros.
Reduced MIP has 78 binaries, 1 generals, 0 SOSs, and 0 indicators.
Presolve time = 0.00 sec. (0.13 ticks)
Probing time = 0.00 sec. (0.03 ticks)
Clique table members: 26.
MIP emphasis: balance optimality and feasibility.
MIP search method: dynamic search.
Parallel mode: none, using 1 thread.
Root relaxation solution time = 0.00 sec. (0.07 ticks)

        Nodes                                         Cuts/
   Node  Left     Objective  IInf  Best Integer    Best Bound    ItCnt     Gap

*     0+    0                       1.26942e+07  2096995.0000            83.48%
      0     0   1.05063e+07     4   1.26942e+07   1.05063e+07        4   17.24%
*     0+    0                       1.11466e+07   1.05063e+07             5.74%
      0     0   1.05063e+07     4   1.11466e+07      Fract: 2        8    5.74%
*     0+    0                       1.09461e+07   1.05063e+07             4.02%
      0     0   1.05063e+07     5   1.09461e+07       Cuts: 2       12    4.02%
*     0+    0                       1.06480e+07   1.05063e+07             1.33%
*     0+    0                       1.06423e+07   1.05063e+07             1.28%
*     0+    0                       1.06423e+07   1.05063e+07             1.28%
      0     2   1.05063e+07     5   1.06423e+07   1.05063e+07       12    1.28%
Elapsed time = 0.00 sec. (2.47 ticks, tree = 0.01 MB, solutions = 5)
*    10+   10                       1.05824e+07   1.05063e+07             0.72%
*    10+   10                       1.05697e+07   1.05063e+07             0.60%
*   140+   26                       1.05530e+07   1.05063e+07             0.44%

Cover cuts applied:  17
Gomory fractional cuts applied:  2

Root node processing (before b&c):
  Real time             =    0.00 sec. (2.47 ticks)
Sequential b&c:
  Real time             =    0.01 sec. (11.78 ticks)
                          ------------
Total (root+branch&cut) =    0.02 sec. (14.25 ticks)

Solution pool: 8 solutions saved.

MIP - Integer optimal solution:  Objective =  1.0553023000e+07
Solution time =    0.02 sec.  Iterations = 902  Nodes = 231
Deterministic time = 14.25 ticks  (718.31 ticks/sec)


Incumbent solution written to file '/tmp/tmprS1fw9.cplex.sol'.
