
Log started (V12.6.3.0) Sun Mar  4 16:03:19 2018

New value for default parallel thread count: 1

Problem '/tmp/tmpgRQj1F.pyomo.lp' read.
Read time = 0.00 sec. (0.26 ticks)

Problem name         : /tmp/tmpgRQj1F.pyomo.lp
Objective sense      : Minimize
Variables            :    4516  [Nneg: 16,  Binary: 4500]
Objective nonzeros   :      15
Linear constraints   :     330  [Less: 14,  Equal: 316]
  Nonzeros           :    9044
  RHS nonzeros       :     301

Variables            : Min LB: 0.000000         Max UB: 1.000000       
Objective nonzeros   : Min   : 1.000000         Max   : 16384.00       
Linear constraints   :
  Nonzeros           : Min   : 1.000000         Max   : 997.0000       
  RHS nonzeros       : Min   : 1.000000         Max   : 1.000000       
Found incumbent of value 2.6728038e+09 after 0.00 sec. (0.37 ticks)
Tried aggregator 2 times.
MIP Presolve eliminated 1 rows and 1 columns.
Aggregator did 2 substitutions.
Reduced MIP has 327 rows, 4513 columns, and 9039 nonzeros.
Reduced MIP has 4500 binaries, 0 generals, 0 SOSs, and 0 indicators.
Presolve time = 0.01 sec. (6.80 ticks)
Tried aggregator 1 time.
Reduced MIP has 327 rows, 4513 columns, and 9039 nonzeros.
Reduced MIP has 4500 binaries, 13 generals, 0 SOSs, and 0 indicators.
Presolve time = 0.00 sec. (4.56 ticks)
Probing fixed 0 vars, tightened 62 bounds.
Probing time = 0.02 sec. (39.64 ticks)
Clique table members: 300.
MIP emphasis: balance optimality and feasibility.
MIP search method: dynamic search.
Parallel mode: none, using 1 thread.
Root relaxation solution time = 0.01 sec. (19.39 ticks)

        Nodes                                         Cuts/
   Node  Left     Objective  IInf  Best Integer    Best Bound    ItCnt     Gap

*     0+    0                       2.67280e+09        0.0000           100.00%
      0     0   3.56363e+08    41   2.67280e+09   3.56363e+08      528   86.67%
      0     0   3.56363e+08    56   2.67280e+09      Cuts: 14      569   86.67%
      0     0   3.56363e+08    46   2.67280e+09       Cuts: 2      572   86.67%
      0     0   3.56363e+08    49   2.67280e+09       Cuts: 3      585   86.67%
*     0+    0                       5.09781e+08   3.56363e+08            30.09%
*     0+    0                       4.92293e+08   3.56363e+08            27.61%
*     0+    0                       4.60027e+08   3.56363e+08            22.53%
*     0+    0                       4.51896e+08   3.56363e+08            21.14%
      0     2   3.56363e+08    41   4.51896e+08   3.56363e+08      585   21.14%
Elapsed time = 0.32 sec. (432.23 ticks, tree = 0.01 MB, solutions = 5)
    141   143   3.56363e+08    36   4.51896e+08   3.56363e+08     1631   21.14%
    142   144   3.56363e+08    36   4.51896e+08   3.56363e+08     1642   21.14%
    143   145   3.56363e+08    37   4.51896e+08   3.56363e+08     1653   21.14%
    144   146   3.56363e+08    36   4.51896e+08   3.56363e+08     1660   21.14%
    145   147   3.56363e+08    35   4.51896e+08   3.56363e+08     1674   21.14%
    146   148   3.56363e+08    36   4.51896e+08   3.56363e+08     1691   21.14%
    147   149   3.56363e+08    36   4.51896e+08   3.56363e+08     1701   21.14%
    148   150   3.56363e+08    35   4.51896e+08   3.56363e+08     1723   21.14%
    149   151   3.56363e+08    35   4.51896e+08   3.56363e+08     1739   21.14%
    546   495   3.56363e+08    37   4.51896e+08   3.56363e+08     6904   21.14%
Elapsed time = 0.92 sec. (1386.75 ticks, tree = 3.15 MB, solutions = 5)
*   919+  777                       4.51470e+08   3.56363e+08            21.07%
*   921+  518                       3.67506e+08   3.56363e+08             3.03%
    921   519   3.56363e+08    35   3.67506e+08   3.56371e+08    11902    3.03%
    922   520   3.56371e+08    34   3.67506e+08   3.56372e+08    11903    3.03%
    923   521   3.56372e+08    33   3.67506e+08   3.56373e+08    11904    3.03%
    924   521   3.56373e+08    32   3.67506e+08   3.56373e+08    11905    3.03%
    925   522   3.56373e+08    31   3.67506e+08   3.56374e+08    11906    3.03%
    926   523   3.56374e+08    30   3.67506e+08   3.56374e+08    11907    3.03%
    927   523   3.56374e+08    29   3.67506e+08   3.56374e+08    11908    3.03%
    928   523   3.56388e+08    28   3.67506e+08   3.56374e+08    11914    3.03%
    929   523   3.56374e+08    28   3.67506e+08   3.56374e+08    11915    3.03%
    930   524   3.56382e+08    29   3.67506e+08   3.56374e+08    11922    3.03%
Elapsed time = 1.97 sec. (2780.81 ticks, tree = 3.47 MB, solutions = 7)
   1167   660   3.56374e+08    23   3.67506e+08   3.56374e+08    13074    3.03%
   1168   660   3.56374e+08    25   3.67506e+08   3.56374e+08    13083    3.03%
   1169   661   3.56374e+08    24   3.67506e+08   3.56374e+08    13086    3.03%
   1170   662   3.56374e+08    24   3.67506e+08   3.56374e+08    13091    3.03%
   1171   662   3.56374e+08    24   3.67506e+08   3.56374e+08    13095    3.03%
   1172   663   3.56374e+08    24   3.67506e+08   3.56374e+08    13099    3.03%
   1173   663   3.56374e+08    23   3.67506e+08   3.56374e+08    13109    3.03%
   1174   664   3.56374e+08    24   3.67506e+08   3.56374e+08    13112    3.03%
   1175   665   3.56374e+08    24   3.67506e+08   3.56374e+08    13122    3.03%
   1176   666   3.56374e+08    23   3.67506e+08   3.56374e+08    13130    3.03%
Elapsed time = 2.66 sec. (3765.47 ticks, tree = 4.23 MB, solutions = 7)
   1561   876   3.56374e+08    28   3.67506e+08   3.56374e+08    13983    3.03%
   1562   876   3.56374e+08    28   3.67506e+08   3.56374e+08    13984    3.03%
   1563   876   3.56374e+08    28   3.67506e+08   3.56374e+08    13986    3.03%
   1564   876   3.56374e+08    28   3.67506e+08   3.56374e+08    13988    3.03%
   1565   876   3.56374e+08    28   3.67506e+08   3.56374e+08    13990    3.03%
   1566   877   3.56374e+08    27   3.67506e+08   3.56374e+08    13991    3.03%
   1567   878   3.56374e+08    28   3.67506e+08   3.56374e+08    13992    3.03%
   1568   879   3.56374e+08    27   3.67506e+08   3.56374e+08    13994    3.03%
   1569   880   3.56374e+08    28   3.67506e+08   3.56374e+08    13996    3.03%
   1570   880   3.56374e+08    28   3.67506e+08   3.56374e+08    13997    3.03%
Elapsed time = 3.48 sec. (4737.26 ticks, tree = 5.70 MB, solutions = 7)
   1861  1039   3.56374e+08    24   3.67506e+08   3.56374e+08    15275    3.03%
   1862  1040   3.56374e+08    23   3.67506e+08   3.56374e+08    15276    3.03%
   1863  1041   3.56374e+08    24   3.67506e+08   3.56374e+08    15283    3.03%
   1864  1042   3.56374e+08    24   3.67506e+08   3.56374e+08    15288    3.03%
   1865  1042   3.56374e+08    24   3.67506e+08   3.56374e+08    15289    3.03%
   1866  1042   3.56374e+08    24   3.67506e+08   3.56374e+08    15291    3.03%
   1867  1043   3.56374e+08    24   3.67506e+08   3.56374e+08    15292    3.03%
   1868  1044   3.56374e+08    23   3.67506e+08   3.56374e+08    15293    3.03%
   1869  1045   3.56374e+08    24   3.67506e+08   3.56374e+08    15295    3.03%
   1870  1045   3.56374e+08    23   3.67506e+08   3.56374e+08    15296    3.03%
Elapsed time = 4.22 sec. (5720.44 ticks, tree = 6.66 MB, solutions = 7)
*  2321+ 1369                       3.67383e+08   3.56374e+08             3.00%
   2321  1371   3.58798e+08    25   3.67383e+08   3.56374e+08    16120    3.00%
   2322  1372   3.58798e+08    25   3.67383e+08   3.56374e+08    16121    3.00%
   2323  1373   3.58798e+08    25   3.67383e+08   3.56374e+08    16122    3.00%
   2324  1374   3.58798e+08    25   3.67383e+08   3.56374e+08    16123    3.00%
   2325  1375   3.58798e+08    25   3.67383e+08   3.56374e+08    16124    3.00%
   2326  1376   3.58798e+08    25   3.67383e+08   3.56374e+08    16125    3.00%
   2327  1377   3.58798e+08    25   3.67383e+08   3.56374e+08    16126    3.00%
   2328  1378   3.58798e+08    25   3.67383e+08   3.56374e+08    16127    3.00%
   2329  1379   3.58798e+08    24   3.67383e+08   3.56374e+08    16128    3.00%
   2330  1380   3.58798e+08    25   3.67383e+08   3.56374e+08    16129    3.00%
Elapsed time = 5.05 sec. (6708.57 ticks, tree = 8.94 MB, solutions = 8)
*  2621+ 1630                       3.65247e+08   3.56374e+08             2.43%
   2859  1861   3.56374e+08    23   3.65247e+08   3.56374e+08    17234    2.43%
   2860  1862   3.56374e+08    23   3.65247e+08   3.56374e+08    17236    2.43%
   2861  1863   3.56374e+08    23   3.65247e+08   3.56374e+08    17240    2.43%
   2862  1864   3.56374e+08    24   3.65247e+08   3.56374e+08    17243    2.43%
   2863  1865   3.56374e+08    23   3.65247e+08   3.56374e+08    17246    2.43%
   2864  1866   3.56374e+08    24   3.65247e+08   3.56374e+08    17257    2.43%
   2865  1867   3.56374e+08    24   3.65247e+08   3.56374e+08    17260    2.43%
   2866  1868   3.56374e+08    24   3.65247e+08   3.56374e+08    17261    2.43%
   2867  1869   3.56374e+08    24   3.65247e+08   3.56374e+08    17263    2.43%
   2868  1870   3.56374e+08    25   3.65247e+08   3.56374e+08    17272    2.43%
Elapsed time = 5.69 sec. (7676.97 ticks, tree = 12.35 MB, solutions = 9)
   3750  2729   3.56374e+08    23   3.65247e+08   3.56374e+08    19144    2.43%
   3751  2730   3.56374e+08    22   3.65247e+08   3.56374e+08    19145    2.43%
   3752  2731   3.56374e+08    23   3.65247e+08   3.56374e+08    19151    2.43%
   3753  2732   3.56374e+08    22   3.65247e+08   3.56374e+08    19154    2.43%
   3754  2733   3.56374e+08    22   3.65247e+08   3.56374e+08    19155    2.43%
   3755  2734   3.56374e+08    22   3.65247e+08   3.56374e+08    19158    2.43%
   3756  2735   3.56374e+08    22   3.65247e+08   3.56374e+08    19173    2.43%
   3757  2736   3.56374e+08    22   3.65247e+08   3.56374e+08    19177    2.43%
   3758  2737   3.56374e+08    24   3.65247e+08   3.56374e+08    19197    2.43%
   3759  2738   3.56374e+08    22   3.65247e+08   3.56374e+08    19199    2.43%
Elapsed time = 6.48 sec. (8645.66 ticks, tree = 18.13 MB, solutions = 9)
   4722  3677   3.56374e+08    24   3.65247e+08   3.56374e+08    21152    2.43%
   4723  3678   3.56374e+08    22   3.65247e+08   3.56374e+08    21165    2.43%
   4724  3679   3.56374e+08    24   3.65247e+08   3.56374e+08    21171    2.43%
   4725  3680   3.56374e+08    25   3.65247e+08   3.56374e+08    21173    2.43%
   4726  3681   3.56374e+08    24   3.65247e+08   3.56374e+08    21175    2.43%
   4727  3682   3.56374e+08    24   3.65247e+08   3.56374e+08    21183    2.43%
   4728  3683   3.56374e+08    23   3.65247e+08   3.56374e+08    21190    2.43%
   4729  3684   3.56374e+08    23   3.65247e+08   3.56374e+08    21196    2.43%
   4730  3685   3.56374e+08    24   3.65247e+08   3.56374e+08    21207    2.43%
   4731  3686   3.56374e+08    23   3.65247e+08   3.56374e+08    21208    2.43%
Elapsed time = 7.44 sec. (9614.92 ticks, tree = 24.20 MB, solutions = 9)
   5939  4810   3.65111e+08     8   3.65247e+08   3.56374e+08    24201    2.43%
   5940  4811   3.65111e+08     8   3.65247e+08   3.56374e+08    24202    2.43%
   5941  4812   3.65111e+08     8   3.65247e+08   3.56374e+08    24203    2.43%
   5942  4813   3.65111e+08     8   3.65247e+08   3.56374e+08    24204    2.43%
   5943  4814   3.65111e+08     8   3.65247e+08   3.56374e+08    24205    2.43%
   5944  4815   3.65111e+08     8   3.65247e+08   3.56374e+08    24206    2.43%
   5945  4816   3.65111e+08     8   3.65247e+08   3.56374e+08    24207    2.43%
   5946  4817   3.65111e+08     8   3.65247e+08   3.56374e+08    24208    2.43%
   5947  4818   3.65111e+08     8   3.65247e+08   3.56374e+08    24209    2.43%
  10101  8890   3.63350e+08    25   3.65247e+08   3.56374e+08    32537    2.43%
Elapsed time = 11.25 sec. (13946.49 ticks, tree = 59.98 MB, solutions = 9)
  16772 15405   3.62735e+08    19   3.65247e+08   3.56374e+08    44177    2.43%
  16773 15406   3.62735e+08    20   3.65247e+08   3.56374e+08    44178    2.43%
  16774 15407   3.62735e+08    19   3.65247e+08   3.56374e+08    44180    2.43%
  16775 15408   3.62735e+08    20   3.65247e+08   3.56374e+08    44185    2.43%
  16776 15409   3.62735e+08    20   3.65247e+08   3.56374e+08    44186    2.43%
  16777 15410   3.62735e+08    20   3.65247e+08   3.56374e+08    44187    2.43%
  16778 15411   3.62735e+08    20   3.65247e+08   3.56374e+08    44188    2.43%
  16779 15412   3.62735e+08    20   3.65247e+08   3.56374e+08    44189    2.43%
  16780 15413   3.62735e+08    19   3.65247e+08   3.56374e+08    44192    2.43%
  16781 15414   3.62735e+08    19   3.65247e+08   3.56374e+08    44193    2.43%
Elapsed time = 14.56 sec. (17765.99 ticks, tree = 104.84 MB, solutions = 9)
  19572 18048   3.56374e+08    23   3.65247e+08   3.56374e+08    51505    2.43%
  19573 18049   3.56374e+08    23   3.65247e+08   3.56374e+08    51527    2.43%
  19574 18050   3.56374e+08    23   3.65247e+08   3.56374e+08    51529    2.43%
  19575 18051   3.56374e+08    23   3.65247e+08   3.56374e+08    51543    2.43%
  19576 18052   3.56374e+08    23   3.65247e+08   3.56374e+08    51545    2.43%
  19577 18053   3.56374e+08    23   3.65247e+08   3.56374e+08    51561    2.43%
  19578 18054   3.56374e+08    23   3.65247e+08   3.56374e+08    51569    2.43%
  19579 18054   3.56374e+08    25   3.65247e+08   3.56374e+08    51584    2.43%
  19580 18055   3.56374e+08    23   3.65247e+08   3.56374e+08    51592    2.43%
  19581 18055   3.56374e+08    22   3.65247e+08   3.56374e+08    51619    2.43%
Elapsed time = 17.46 sec. (21625.39 ticks, tree = 123.20 MB, solutions = 9)
* 20085+11969                       3.65189e+08   3.56374e+08             2.41%
  20495 12001   3.57716e+08    25   3.65189e+08   3.56374e+08    59744    2.41%
  20496 12001   3.57716e+08    25   3.65189e+08   3.56374e+08    59744    2.41%
  20497 12001   3.57716e+08    25   3.65189e+08   3.56374e+08    59745    2.41%
  20498 12001   3.57716e+08    25   3.65189e+08   3.56374e+08    59746    2.41%
  20499 12001   3.57716e+08    25   3.65189e+08   3.56374e+08    59747    2.41%
  20500 12002   3.57716e+08    26   3.65189e+08   3.56374e+08    59764    2.41%
  20501 12003   3.57716e+08    25   3.65189e+08   3.56374e+08    59766    2.41%
  20502 12003   3.57716e+08    23   3.65189e+08   3.56374e+08    59784    2.41%
  20503 12003   3.57716e+08    22   3.65189e+08   3.56374e+08    59785    2.41%
  20504 12004   3.57716e+08    23   3.65189e+08   3.56374e+08    59814    2.41%
Elapsed time = 20.30 sec. (25469.02 ticks, tree = 81.75 MB, solutions = 10)
* 20685+ 8204                       3.65066e+08   3.56374e+08             2.38%
* 20885+ 5944                       3.64615e+08   3.56374e+08             2.26%
  21370  6186   3.56374e+08    24   3.64615e+08   3.56374e+08    68270    2.26%
  21371  6186   3.56374e+08    24   3.64615e+08   3.56374e+08    68271    2.26%
  21372  6187   3.56374e+08    23   3.64615e+08   3.56374e+08    68286    2.26%
  21373  6188   3.56374e+08    23   3.64615e+08   3.56374e+08    68319    2.26%
  21374  6189   3.56374e+08    22   3.64615e+08   3.56374e+08    68341    2.26%
  21375  6190   3.56374e+08    24   3.64615e+08   3.56374e+08    68349    2.26%
  21376  6191   3.56374e+08    25   3.64615e+08   3.56374e+08    68376    2.26%
  21377  6192   3.56374e+08    25   3.64615e+08   3.56374e+08    68384    2.26%
  21378  6192   3.56374e+08    24   3.64615e+08   3.56374e+08    68387    2.26%
  21379  6192   3.56374e+08    26   3.64615e+08   3.56374e+08    68407    2.26%
Elapsed time = 23.06 sec. (29338.30 ticks, tree = 41.71 MB, solutions = 12)
  22365  6717   3.56374e+08    23   3.64615e+08   3.56374e+08    78316    2.26%
  22366  6718   3.56374e+08    22   3.64615e+08   3.56374e+08    78341    2.26%
  22367  6719   3.56374e+08    23   3.64615e+08   3.56374e+08    78348    2.26%
  22368  6720   3.56374e+08    22   3.64615e+08   3.56374e+08    78372    2.26%
  22369  6721   3.56374e+08    22   3.64615e+08   3.56374e+08    78403    2.26%
  22370  6722   3.56374e+08    24   3.64615e+08   3.56374e+08    78417    2.26%
  22371  6723   3.56374e+08    23   3.64615e+08   3.56374e+08    78419    2.26%
  22372  6723   3.56374e+08    23   3.64615e+08   3.56374e+08    78422    2.26%
  22373  6723   3.56374e+08    23   3.64615e+08   3.56374e+08    78425    2.26%
  22374  6723   3.56374e+08    22   3.64615e+08   3.56374e+08    78427    2.26%
Elapsed time = 25.91 sec. (33190.64 ticks, tree = 45.01 MB, solutions = 12)
  23680  7348   3.56374e+08    26   3.64615e+08   3.56374e+08    89654    2.26%
  23681  7348   3.56374e+08    24   3.64615e+08   3.56374e+08    89671    2.26%
  23682  7348   3.56374e+08    25   3.64615e+08   3.56374e+08    89682    2.26%
  23683  7348   3.56374e+08    24   3.64615e+08   3.56374e+08    89684    2.26%
  23684  7348   3.56374e+08    23   3.64615e+08   3.56374e+08    89695    2.26%
  23685  7349   3.56374e+08    25   3.64615e+08   3.56374e+08    89702    2.26%
  23686  7349   3.56374e+08    23   3.64615e+08   3.56374e+08    89735    2.26%
  23687  7349   3.56374e+08    21   3.64615e+08   3.56374e+08    89749    2.26%
  23688  7349   3.56374e+08    21   3.64615e+08   3.56374e+08    89753    2.26%
  23689  7349   3.56374e+08    25   3.64615e+08   3.56374e+08    89780    2.26%
Elapsed time = 28.86 sec. (37043.84 ticks, tree = 48.78 MB, solutions = 12)
  25268  8113   3.56374e+08    23   3.64615e+08   3.56374e+08   103205    2.26%
  25269  8113   3.56374e+08    24   3.64615e+08   3.56374e+08   103232    2.26%
  25270  8113   3.56374e+08    24   3.64615e+08   3.56374e+08   103251    2.26%
  25271  8114   3.56374e+08    23   3.64615e+08   3.56374e+08   103289    2.26%
  25272  8115   3.56374e+08    24   3.64615e+08   3.56374e+08   103293    2.26%
  25273  8116   3.56374e+08    24   3.64615e+08   3.56374e+08   103314    2.26%
  25274  8117   3.56374e+08    23   3.64615e+08   3.56374e+08   103327    2.26%
  25275  8117   3.56374e+08    23   3.64615e+08   3.56374e+08   103328    2.26%
  25276  8118   3.56374e+08    23   3.64615e+08   3.56374e+08   103344    2.26%
  25277  8118   3.56374e+08    24   3.64615e+08   3.56374e+08   103356    2.26%
Elapsed time = 31.85 sec. (40883.71 ticks, tree = 53.60 MB, solutions = 12)
  27598  9359   3.56374e+08    24   3.64615e+08   3.56374e+08   119969    2.26%
  27599  9359   3.56374e+08    24   3.64615e+08   3.56374e+08   119977    2.26%
  27600  9360   3.56374e+08    24   3.64615e+08   3.56374e+08   119984    2.26%
  27601  9360   3.56374e+08    24   3.64615e+08   3.56374e+08   119989    2.26%
  27602  9361   3.56374e+08    24   3.64615e+08   3.56374e+08   119990    2.26%
  27603  9361   3.56374e+08    24   3.64615e+08   3.56374e+08   119991    2.26%
  27604  9361   3.56374e+08    24   3.64615e+08   3.56374e+08   119993    2.26%
  27605  9362   3.56374e+08    24   3.64615e+08   3.56374e+08   119994    2.26%
  27606  9363   3.56374e+08    24   3.64615e+08   3.56374e+08   119995    2.26%
  27607  9363   3.56374e+08    24   3.64615e+08   3.56374e+08   119996    2.26%
Elapsed time = 35.01 sec. (44705.23 ticks, tree = 61.25 MB, solutions = 12)
  30277 10764   3.56374e+08    24   3.64615e+08   3.56374e+08   137643    2.26%
  30278 10765   3.56374e+08    22   3.64615e+08   3.56374e+08   137654    2.26%
  30279 10766   3.56374e+08    22   3.64615e+08   3.56374e+08   137667    2.26%
  30280 10767   3.56374e+08    23   3.64615e+08   3.56374e+08   137670    2.26%
  30281 10768   3.56374e+08    22   3.64615e+08   3.56374e+08   137681    2.26%
  30282 10768   3.56374e+08    23   3.64615e+08   3.56374e+08   137715    2.26%
  30283 10769   3.56374e+08    23   3.64615e+08   3.56374e+08   137718    2.26%
  30284 10770   3.56374e+08    24   3.64615e+08   3.56374e+08   137729    2.26%
  30285 10771   3.56374e+08    22   3.64615e+08   3.56374e+08   137734    2.26%
  30286 10771   3.56374e+08    20   3.64615e+08   3.56374e+08   137737    2.26%
Elapsed time = 38.25 sec. (48539.87 ticks, tree = 70.30 MB, solutions = 12)
  32641 12326   3.56374e+08    19   3.64615e+08   3.56374e+08   154433    2.26%
  32642 12327   3.56374e+08    19   3.64615e+08   3.56374e+08   154434    2.26%
  32643 12328   3.56374e+08    20   3.64615e+08   3.56374e+08   154435    2.26%
  32644 12329   3.56374e+08    19   3.64615e+08   3.56374e+08   154437    2.26%
  32645 12330   3.56374e+08    19   3.64615e+08   3.56374e+08   154438    2.26%
  32646 12331   3.56374e+08    19   3.64615e+08   3.56374e+08   154439    2.26%
  32647 12332   3.56374e+08    19   3.64615e+08   3.56374e+08   154440    2.26%
  32648 12333   3.56374e+08    20   3.64615e+08   3.56374e+08   154458    2.26%
  32649 12334   3.56374e+08    20   3.64615e+08   3.56374e+08   154460    2.26%
  32650 12335   3.56374e+08    21   3.64615e+08   3.56374e+08   154461    2.26%
Elapsed time = 41.31 sec. (52365.94 ticks, tree = 80.68 MB, solutions = 12)
  34631 14177   3.60564e+08    23   3.64615e+08   3.56374e+08   167763    2.26%
  34632 14178   3.60564e+08    24   3.64615e+08   3.56374e+08   167770    2.26%
  34633 14179   3.60564e+08    24   3.64615e+08   3.56374e+08   167775    2.26%
  34634 14180   3.60564e+08    24   3.64615e+08   3.56374e+08   167781    2.26%
  34635 14181   3.60564e+08    23   3.64615e+08   3.56374e+08   167798    2.26%
  34636 14182   3.60564e+08    23   3.64615e+08   3.56374e+08   167843    2.26%
  34637 14183   3.60564e+08    22   3.64615e+08   3.56374e+08   167871    2.26%
  34638 14184   3.60564e+08    22   3.64615e+08   3.56374e+08   167887    2.26%
  34639 14185   3.60564e+08    22   3.64615e+08   3.56374e+08   167888    2.26%
  34640 14186   3.60564e+08    22   3.64615e+08   3.56374e+08   167889    2.26%
Elapsed time = 44.22 sec. (56196.70 ticks, tree = 93.42 MB, solutions = 12)
  36850 16211   3.56374e+08    21   3.64615e+08   3.56374e+08   181512    2.26%
  36851 16212   3.56374e+08    22   3.64615e+08   3.56374e+08   181527    2.26%
  36852 16213   3.56374e+08    22   3.64615e+08   3.56374e+08   181539    2.26%
  36853 16214   3.56374e+08    22   3.64615e+08   3.56374e+08   181541    2.26%
  36854 16215   3.56374e+08    20   3.64615e+08   3.56374e+08   181567    2.26%
  36855 16216   3.56374e+08    20   3.64615e+08   3.56374e+08   181581    2.26%
  36856 16217   3.56374e+08    20   3.64615e+08   3.56374e+08   181610    2.26%
  36857 16218   3.56374e+08    21   3.64615e+08   3.56374e+08   181641    2.26%
  36858 16219   3.56374e+08    21   3.64615e+08   3.56374e+08   181675    2.26%
  36859 16220   3.56374e+08    22   3.64615e+08   3.56374e+08   181688    2.26%
Elapsed time = 47.19 sec. (60034.69 ticks, tree = 107.41 MB, solutions = 12)
  39364 18534   3.56668e+08    25   3.64615e+08   3.56374e+08   199283    2.26%
  39365 18535   3.56668e+08    25   3.64615e+08   3.56374e+08   199284    2.26%
  39366 18536   3.56668e+08    24   3.64615e+08   3.56374e+08   199285    2.26%
  39367 18537   3.56668e+08    24   3.64615e+08   3.56374e+08   199288    2.26%
  39368 18538   3.56668e+08    25   3.64615e+08   3.56374e+08   199289    2.26%
  39369 18539   3.56668e+08    25   3.64615e+08   3.56374e+08   199290    2.26%
  39370 18540   3.56668e+08    25   3.64615e+08   3.56374e+08   199291    2.26%
  39371 18541   3.56668e+08    25   3.64615e+08   3.56374e+08   199293    2.26%
  39372 18542   3.56730e+08    25   3.64615e+08   3.56374e+08   199296    2.26%
  39373 18543   3.56730e+08    25   3.64615e+08   3.56374e+08   199297    2.26%
Elapsed time = 50.19 sec. (63864.96 ticks, tree = 123.68 MB, solutions = 12)
  41922 20983   3.59326e+08     8   3.64615e+08   3.56374e+08   218616    2.26%
  41923 20982    infeasible         3.64615e+08   3.56374e+08   218616    2.26%
  41924 20981    infeasible         3.64615e+08   3.56374e+08   218616    2.26%
  41925 20982   3.56374e+08    22   3.64615e+08   3.56374e+08   218625    2.26%
  41926 20983   3.56374e+08    22   3.64615e+08   3.56374e+08   218631    2.26%
  41927 20984   3.56374e+08    22   3.64615e+08   3.56374e+08   218632    2.26%
  41928 20985   3.56374e+08    22   3.64615e+08   3.56374e+08   218634    2.26%
  41929 20986   3.56374e+08    22   3.64615e+08   3.56374e+08   218636    2.26%
  41930 20987   3.56374e+08    22   3.64615e+08   3.56374e+08   218639    2.26%
  41931 20988   3.56374e+08    22   3.64615e+08   3.56374e+08   218641    2.26%
Elapsed time = 53.16 sec. (67687.55 ticks, tree = 140.30 MB, solutions = 12)
  44617 23597   3.60695e+08    25   3.64615e+08   3.56374e+08   243131    2.26%
  44618 23598   3.60695e+08    26   3.64615e+08   3.56374e+08   243137    2.26%
  44619 23599   3.60695e+08    25   3.64615e+08   3.56374e+08   243145    2.26%
  44620 23600   3.60695e+08    24   3.64615e+08   3.56374e+08   243169    2.26%
  44621 23601   3.60695e+08    24   3.64615e+08   3.56374e+08   243181    2.26%
  44622 23602   3.60695e+08    24   3.64615e+08   3.56374e+08   243183    2.26%
  44623 23603   3.60695e+08    24   3.64615e+08   3.56374e+08   243186    2.26%
  44624 23604   3.60695e+08    24   3.64615e+08   3.56374e+08   243187    2.26%
  44625 23605   3.60695e+08    24   3.64615e+08   3.56374e+08   243194    2.26%
  44626 23606   3.60695e+08    23   3.64615e+08   3.56374e+08   243195    2.26%
Elapsed time = 56.55 sec. (71515.93 ticks, tree = 157.74 MB, solutions = 12)
  47507 26334   3.61480e+08    25   3.64615e+08   3.56374e+08   265671    2.26%
  47508 26335   3.61480e+08    25   3.64615e+08   3.56374e+08   265672    2.26%
  47509 26336   3.61480e+08    25   3.64615e+08   3.56374e+08   265683    2.26%
  47510 26337   3.61480e+08    25   3.64615e+08   3.56374e+08   265684    2.26%
  47511 26338   3.61480e+08    25   3.64615e+08   3.56374e+08   265685    2.26%
  47512 26339   3.61480e+08    25   3.64615e+08   3.56374e+08   265686    2.26%
  47513 26340   3.61480e+08    25   3.64615e+08   3.56374e+08   265687    2.26%
  47514 26341   3.61480e+08    24   3.64615e+08   3.56374e+08   265699    2.26%
  47515 26342   3.61480e+08    25   3.64615e+08   3.56374e+08   265711    2.26%
  47516 26343   3.61480e+08    25   3.64615e+08   3.56374e+08   265712    2.26%
Elapsed time = 59.74 sec. (75339.31 ticks, tree = 175.95 MB, solutions = 12)
  50479 29069   3.56979e+08    20   3.64615e+08   3.56374e+08   287897    2.26%
  50480 29070   3.56979e+08    20   3.64615e+08   3.56374e+08   287899    2.26%
  50481 29071   3.56979e+08    21   3.64615e+08   3.56374e+08   287912    2.26%
  50482 29072   3.56979e+08    18   3.64615e+08   3.56374e+08   287924    2.26%
  50483 29073   3.56979e+08    19   3.64615e+08   3.56374e+08   287938    2.26%
  50484 29074   3.56979e+08    19   3.64615e+08   3.56374e+08   287939    2.26%
  50485 29075   3.56979e+08    19   3.64615e+08   3.56374e+08   287941    2.26%
  50486 29076   3.56979e+08    19   3.64615e+08   3.56374e+08   287942    2.26%
  50487 29075    infeasible         3.64615e+08   3.56374e+08   287945    2.26%
  50488 29076   3.60825e+08    23   3.64615e+08   3.56374e+08   288000    2.26%
Elapsed time = 62.89 sec. (79166.17 ticks, tree = 194.12 MB, solutions = 12)
  53254 31679   3.62593e+08    25   3.64615e+08   3.56374e+08   311827    2.26%
  53255 31680   3.62593e+08    24   3.64615e+08   3.56374e+08   311829    2.26%
  53256 31681   3.62593e+08    23   3.64615e+08   3.56374e+08   311854    2.26%
  53257 31682   3.62593e+08    22   3.64615e+08   3.56374e+08   311868    2.26%
  53258 31683   3.62593e+08    22   3.64615e+08   3.56374e+08   311897    2.26%
  53259 31684   3.62593e+08    23   3.64615e+08   3.56374e+08   311898    2.26%
  53260 31685   3.62593e+08    24   3.64615e+08   3.56374e+08   311930    2.26%
  53261 31686   3.62593e+08    22   3.64615e+08   3.56374e+08   311958    2.26%
  53262 31687   3.62593e+08    22   3.64615e+08   3.56374e+08   311960    2.26%
  53263 31688   3.62593e+08    22   3.64615e+08   3.56374e+08   311961    2.26%
Elapsed time = 65.79 sec. (82999.52 ticks, tree = 211.59 MB, solutions = 12)
* 54985+33287                       3.64609e+08   3.56374e+08             2.26%
  55774 34042   3.56374e+08    22   3.64609e+08   3.56374e+08   330190    2.26%
  55775 34043   3.56374e+08    22   3.64609e+08   3.56374e+08   330191    2.26%
  55776 34044   3.56374e+08    22   3.64609e+08   3.56374e+08   330192    2.26%
  55777 34045   3.56374e+08    22   3.64609e+08   3.56374e+08   330193    2.26%
  55778 34046   3.56374e+08    22   3.64609e+08   3.56374e+08   330194    2.26%
  55779 34047   3.56374e+08    22   3.64609e+08   3.56374e+08   330195    2.26%
  55780 34048   3.56374e+08    22   3.64609e+08   3.56374e+08   330196    2.26%
  55781 34049   3.56374e+08    22   3.64609e+08   3.56374e+08   330197    2.26%
  55782 34050   3.56374e+08    22   3.64609e+08   3.56374e+08   330198    2.26%
  55783 34051   3.56374e+08    22   3.64609e+08   3.56374e+08   330199    2.26%
Elapsed time = 68.96 sec. (86821.06 ticks, tree = 228.31 MB, solutions = 13)
  58956 37048    infeasible         3.64609e+08   3.56374e+08   348411    2.26%
  58957 37049   3.64459e+08    22   3.64609e+08   3.56374e+08   348412    2.26%
  58958 37050   3.64459e+08    23   3.64609e+08   3.56374e+08   348413    2.26%
  58959 37051   3.64459e+08    23   3.64609e+08   3.56374e+08   348414    2.26%
  58960 37050    infeasible         3.64609e+08   3.56374e+08   348430    2.26%
  58961 37051   3.64459e+08    23   3.64609e+08   3.56374e+08   348431    2.26%
  58962 37052   3.64459e+08    25   3.64609e+08   3.56374e+08   348434    2.26%
  58963 37053   3.64459e+08    25   3.64609e+08   3.56374e+08   348435    2.26%
  58964 37054   3.64459e+08    25   3.64609e+08   3.56374e+08   348436    2.26%
  58965 37055   3.64459e+08    25   3.64609e+08   3.56374e+08   348437    2.26%
Elapsed time = 72.05 sec. (90647.50 ticks, tree = 248.32 MB, solutions = 13)
  61917 39635   3.63379e+08    24   3.64609e+08   3.56374e+08   366082    2.26%
  61918 39636   3.63379e+08    23   3.64609e+08   3.56374e+08   366088    2.26%
  61919 39637   3.63379e+08    23   3.64609e+08   3.56374e+08   366115    2.26%
  61920 39638   3.63379e+08    23   3.64609e+08   3.56374e+08   366117    2.26%
  61921 39639   3.63379e+08    23   3.64609e+08   3.56374e+08   366118    2.26%
  61922 39640   3.63379e+08    22   3.64609e+08   3.56374e+08   366126    2.26%
  61923 39639    infeasible         3.64609e+08   3.56374e+08   366139    2.26%
  61924 39640   3.63379e+08    23   3.64609e+08   3.56374e+08   366140    2.26%
  61925 39639    infeasible         3.64609e+08   3.56374e+08   366159    2.26%
  61926 39640   3.63379e+08    23   3.64609e+08   3.56374e+08   366160    2.26%
Elapsed time = 74.83 sec. (94475.23 ticks, tree = 265.77 MB, solutions = 13)
  65011 42525   3.63182e+08    24   3.64609e+08   3.56374e+08   386188    2.26%
  65012 42526   3.63182e+08    24   3.64609e+08   3.56374e+08   386189    2.26%
  65013 42527   3.63182e+08    24   3.64609e+08   3.56374e+08   386190    2.26%
  65014 42528   3.63182e+08    24   3.64609e+08   3.56374e+08   386191    2.26%
  65015 42529   3.63182e+08    24   3.64609e+08   3.56374e+08   386192    2.26%
  65016 42528    infeasible         3.64609e+08   3.56374e+08   386215    2.26%
  65017 42529   3.63182e+08    25   3.64609e+08   3.56374e+08   386218    2.26%
  65018 42528    infeasible         3.64609e+08   3.56374e+08   386243    2.26%
  65019 42529   3.63182e+08    25   3.64609e+08   3.56374e+08   386244    2.26%
  65020 42528    infeasible         3.64609e+08   3.56374e+08   386269    2.26%
Elapsed time = 77.75 sec. (98302.90 ticks, tree = 285.05 MB, solutions = 13)
  68260 45628   3.56374e+08    26   3.64609e+08   3.56374e+08   405347    2.26%
  68261 45629   3.56374e+08    22   3.64609e+08   3.56374e+08   405348    2.26%
  68262 45630   3.56374e+08    24   3.64609e+08   3.56374e+08   405370    2.26%
  68263 45631   3.56374e+08    25   3.64609e+08   3.56374e+08   405395    2.26%
  68264 45632   3.56374e+08    24   3.64609e+08   3.56374e+08   405397    2.26%
  68265 45633   3.56374e+08    23   3.64609e+08   3.56374e+08   405400    2.26%
  68266 45634   3.56374e+08    24   3.64609e+08   3.56374e+08   405404    2.26%
  68267 45635   3.56374e+08    24   3.64609e+08   3.56374e+08   405407    2.26%
  68268 45636   3.56374e+08    24   3.64609e+08   3.56374e+08   405412    2.26%
  68269 45637   3.56374e+08    24   3.64609e+08   3.56374e+08   405413    2.26%
Elapsed time = 81.02 sec. (102131.82 ticks, tree = 305.71 MB, solutions = 13)
  71420 48624   3.57680e+08    22   3.64609e+08   3.56374e+08   421016    2.26%
  71421 48625   3.57680e+08    22   3.64609e+08   3.56374e+08   421063    2.26%
  71422 48626   3.57680e+08    23   3.64609e+08   3.56374e+08   421076    2.26%
  71423 48627   3.57680e+08    22   3.64609e+08   3.56374e+08   421118    2.26%
  71424 48628   3.57680e+08    22   3.64609e+08   3.56374e+08   421119    2.26%
  71425 48629   3.57680e+08    23   3.64609e+08   3.56374e+08   421127    2.26%
  71426 48630   3.57680e+08    23   3.64609e+08   3.56374e+08   421159    2.26%
  71427 48631   3.57680e+08    23   3.64609e+08   3.56374e+08   421170    2.26%
  71428 48632   3.57680e+08    23   3.64609e+08   3.56374e+08   421174    2.26%
  71429 48633   3.57680e+08    23   3.64609e+08   3.56374e+08   421176    2.26%
Elapsed time = 84.31 sec. (105961.63 ticks, tree = 325.63 MB, solutions = 13)
* 73385+48029                       3.64364e+08   3.56374e+08             2.19%
  74753 49371   3.57749e+08    24   3.64364e+08   3.56374e+08   436149    2.19%
  74754 49372   3.57749e+08    24   3.64364e+08   3.56374e+08   436150    2.19%
  74755 49373   3.57749e+08    24   3.64364e+08   3.56374e+08   436151    2.19%
  74756 49374   3.57749e+08    24   3.64364e+08   3.56374e+08   436152    2.19%
  74757 49375   3.57749e+08    24   3.64364e+08   3.56374e+08   436153    2.19%
  74758 49376   3.57749e+08    24   3.64364e+08   3.56374e+08   436154    2.19%
  74759 49377   3.57749e+08    24   3.64364e+08   3.56374e+08   436155    2.19%
  74760 49378   3.57749e+08    24   3.64364e+08   3.56374e+08   436156    2.19%
  74761 49379   3.57749e+08    24   3.64364e+08   3.56374e+08   436157    2.19%
  74762 49380   3.57749e+08    23   3.64364e+08   3.56374e+08   436158    2.19%
Elapsed time = 87.33 sec. (109783.66 ticks, tree = 330.46 MB, solutions = 14)
  78056 52582   3.57770e+08    22   3.64364e+08   3.56374e+08   453194    2.19%
  78057 52583   3.57770e+08    25   3.64364e+08   3.56374e+08   453236    2.19%
  78058 52584   3.57770e+08    24   3.64364e+08   3.56374e+08   453256    2.19%
  78059 52585   3.57770e+08    23   3.64364e+08   3.56374e+08   453295    2.19%
  78060 52586   3.57770e+08    23   3.64364e+08   3.56374e+08   453324    2.19%
  78061 52587   3.57770e+08    24   3.64364e+08   3.56374e+08   453353    2.19%
  78062 52588   3.57770e+08    23   3.64364e+08   3.56374e+08   453411    2.19%
  78063 52589   3.57770e+08    23   3.64364e+08   3.56374e+08   453412    2.19%
  78064 52590   3.57770e+08    22   3.64364e+08   3.56374e+08   453426    2.19%
  78065 52591   3.57770e+08    22   3.64364e+08   3.56374e+08   453430    2.19%
Elapsed time = 90.44 sec. (113615.42 ticks, tree = 351.86 MB, solutions = 14)
  81422 55912   3.59898e+08    18   3.64364e+08   3.56374e+08   469663    2.19%
  81423 55913   3.59898e+08    18   3.64364e+08   3.56374e+08   469671    2.19%
  81424 55914   3.59898e+08    17   3.64364e+08   3.56374e+08   469689    2.19%
  81425 55915   3.59898e+08    17   3.64364e+08   3.56374e+08   469715    2.19%
  81426 55916   3.59898e+08    18   3.64364e+08   3.56374e+08   469725    2.19%
  81427 55917   3.59898e+08    18   3.64364e+08   3.56374e+08   469727    2.19%
  81428 55918   3.59898e+08    18   3.64364e+08   3.56374e+08   469728    2.19%
  81429 55919   3.59898e+08    18   3.64364e+08   3.56374e+08   469729    2.19%
  81430 55920   3.59898e+08    18   3.64364e+08   3.56374e+08   469730    2.19%
  81431 55921   3.59898e+08    18   3.64364e+08   3.56374e+08   469731    2.19%
Elapsed time = 93.85 sec. (117441.49 ticks, tree = 374.12 MB, solutions = 14)
  84646 59130   3.56374e+08    24   3.64364e+08   3.56374e+08   484082    2.19%
  84647 59131   3.56374e+08    23   3.64364e+08   3.56374e+08   484083    2.19%
  84648 59132   3.56374e+08    24   3.64364e+08   3.56374e+08   484084    2.19%
  84649 59133   3.56374e+08    24   3.64364e+08   3.56374e+08   484085    2.19%
  84650 59134   3.56374e+08    24   3.64364e+08   3.56374e+08   484086    2.19%
  84651 59135   3.56374e+08    24   3.64364e+08   3.56374e+08   484087    2.19%
  84652 59136   3.56374e+08    24   3.64364e+08   3.56374e+08   484088    2.19%
  84653 59137   3.56374e+08    24   3.64364e+08   3.56374e+08   484089    2.19%
  84654 59138   3.56374e+08    24   3.64364e+08   3.56374e+08   484090    2.19%
  84655 59139   3.56374e+08    24   3.64364e+08   3.56374e+08   484091    2.19%
Elapsed time = 97.41 sec. (121266.48 ticks, tree = 395.57 MB, solutions = 14)
  88012 62439   3.56374e+08    26   3.64364e+08   3.56374e+08   500853    2.19%
  88013 62440   3.56374e+08    26   3.64364e+08   3.56374e+08   500855    2.19%
  88014 62441   3.56374e+08    26   3.64364e+08   3.56374e+08   500856    2.19%
  88015 62442   3.56374e+08    26   3.64364e+08   3.56374e+08   500877    2.19%
  88016 62443   3.56374e+08    25   3.64364e+08   3.56374e+08   500902    2.19%
  88017 62444   3.56374e+08    25   3.64364e+08   3.56374e+08   500903    2.19%
  88018 62445   3.56374e+08    25   3.64364e+08   3.56374e+08   500906    2.19%
  88019 62446   3.56374e+08    24   3.64364e+08   3.56374e+08   500936    2.19%
  88020 62447   3.56374e+08    24   3.64364e+08   3.56374e+08   500947    2.19%
  88021 62448   3.56374e+08    24   3.64364e+08   3.56374e+08   500950    2.19%
Elapsed time = 100.68 sec. (125092.61 ticks, tree = 417.68 MB, solutions = 14)
  91386 65729   3.56374e+08    23   3.64364e+08   3.56374e+08   520044    2.19%
  91387 65730   3.56374e+08    24   3.64364e+08   3.56374e+08   520055    2.19%
  91388 65731   3.56374e+08    24   3.64364e+08   3.56374e+08   520056    2.19%
  91389 65732   3.56374e+08    24   3.64364e+08   3.56374e+08   520058    2.19%
  91390 65733   3.56374e+08    24   3.64364e+08   3.56374e+08   520060    2.19%
  91391 65734   3.56374e+08    24   3.64364e+08   3.56374e+08   520061    2.19%
  91392 65735   3.56374e+08    24   3.64364e+08   3.56374e+08   520062    2.19%
  91393 65736   3.56374e+08    24   3.64364e+08   3.56374e+08   520063    2.19%
  91394 65737   3.56374e+08    25   3.64364e+08   3.56374e+08   520067    2.19%
  91395 65738   3.56374e+08    25   3.64364e+08   3.56374e+08   520069    2.19%
Elapsed time = 104.03 sec. (128917.29 ticks, tree = 441.50 MB, solutions = 14)
  95048 69241   3.61441e+08    19   3.64364e+08   3.56374e+08   537015    2.19%
  95049 69242   3.61441e+08    19   3.64364e+08   3.56374e+08   537016    2.19%
  95050 69243   3.61441e+08    21   3.64364e+08   3.56374e+08   537028    2.19%
  95051 69244   3.61441e+08    21   3.64364e+08   3.56374e+08   537029    2.19%
  95052 69245   3.61441e+08    19   3.64364e+08   3.56374e+08   537055    2.19%
  95053 69246   3.61441e+08    19   3.64364e+08   3.56374e+08   537085    2.19%
  95054 69247   3.61441e+08    20   3.64364e+08   3.56374e+08   537089    2.19%
  95055 69248   3.61441e+08    21   3.64364e+08   3.56374e+08   537092    2.19%
  95056 69249   3.61441e+08    19   3.64364e+08   3.56374e+08   537126    2.19%
  95057 69250   3.61441e+08    20   3.64364e+08   3.56374e+08   537128    2.19%
Elapsed time = 107.32 sec. (132745.05 ticks, tree = 464.70 MB, solutions = 14)
* 97885+68218                       3.63628e+08   3.56374e+08             1.99%
  98150 68481   3.56374e+08    22   3.63628e+08   3.56374e+08   559649    1.99%
  98151 68482   3.56374e+08    22   3.63628e+08   3.56374e+08   559650    1.99%
  98152 68483   3.56374e+08    22   3.63628e+08   3.56374e+08   559651    1.99%
  98153 68484   3.56374e+08    22   3.63628e+08   3.56374e+08   559652    1.99%
  98154 68485   3.56374e+08    22   3.63628e+08   3.56374e+08   559653    1.99%
  98155 68486   3.56374e+08    22   3.63628e+08   3.56374e+08   559654    1.99%
  98156 68487   3.56374e+08    22   3.63628e+08   3.56374e+08   559655    1.99%
  98157 68488   3.56374e+08    22   3.63628e+08   3.56374e+08   559656    1.99%
  98158 68489   3.56374e+08    22   3.63628e+08   3.56374e+08   559657    1.99%
  98159 68490   3.56374e+08    22   3.63628e+08   3.56374e+08   559658    1.99%
Elapsed time = 110.61 sec. (136568.99 ticks, tree = 459.27 MB, solutions = 15)
 100873 70968   3.61316e+08    24   3.63628e+08   3.56374e+08   583084    1.99%
 100874 70969   3.61316e+08    23   3.63628e+08   3.56374e+08   583098    1.99%
 100875 70970   3.61316e+08    24   3.63628e+08   3.56374e+08   583112    1.99%
 100876 70971   3.61316e+08    23   3.63628e+08   3.56374e+08   583126    1.99%
 100877 70972   3.61316e+08    24   3.63628e+08   3.56374e+08   583140    1.99%
 100878 70973   3.61316e+08    24   3.63628e+08   3.56374e+08   583141    1.99%
 100879 70974   3.61316e+08    24   3.63628e+08   3.56374e+08   583142    1.99%
 100880 70975   3.61316e+08    24   3.63628e+08   3.56374e+08   583143    1.99%
 100881 70976   3.61316e+08    22   3.63628e+08   3.56374e+08   583185    1.99%
 100882 70977   3.61316e+08    21   3.63628e+08   3.56374e+08   583199    1.99%
Elapsed time = 113.55 sec. (140405.93 ticks, tree = 475.87 MB, solutions = 15)
 103658 73527   3.60596e+08    24   3.63628e+08   3.56374e+08   607364    1.99%
 103659 73528   3.60596e+08    24   3.63628e+08   3.56374e+08   607365    1.99%
 103660 73529   3.60596e+08    24   3.63628e+08   3.56374e+08   607367    1.99%
 103661 73530   3.60596e+08    25   3.63628e+08   3.56374e+08   607378    1.99%
 103662 73531   3.60596e+08    25   3.63628e+08   3.56374e+08   607379    1.99%
 103663 73532   3.60596e+08    25   3.63628e+08   3.56374e+08   607381    1.99%
 103664 73533   3.60596e+08    23   3.63628e+08   3.56374e+08   607387    1.99%
 103665 73534   3.60727e+08    24   3.63628e+08   3.56374e+08   607427    1.99%
 103666 73535   3.60727e+08    24   3.63628e+08   3.56374e+08   607432    1.99%
 103667 73536   3.60727e+08    24   3.63628e+08   3.56374e+08   607438    1.99%
Elapsed time = 116.53 sec. (144236.47 ticks, tree = 492.87 MB, solutions = 15)
 106635 76308   3.56374e+08    20   3.63628e+08   3.56374e+08   631345    1.99%
 106636 76309   3.56374e+08    20   3.63628e+08   3.56374e+08   631346    1.99%
 106637 76310   3.56374e+08    20   3.63628e+08   3.56374e+08   631347    1.99%
 106638 76311   3.56374e+08    20   3.63628e+08   3.56374e+08   631348    1.99%
 106639 76312   3.56374e+08    19   3.63628e+08   3.56374e+08   631351    1.99%
 106640 76313   3.56374e+08    20   3.63628e+08   3.56374e+08   631354    1.99%
 106641 76314   3.56374e+08    21   3.63628e+08   3.56374e+08   631356    1.99%
 106642 76315   3.56374e+08    20   3.63628e+08   3.56374e+08   631358    1.99%
 106643 76316   3.56374e+08    21   3.63628e+08   3.56374e+08   631360    1.99%
 106644 76317   3.56374e+08    20   3.63628e+08   3.56374e+08   631361    1.99%
Elapsed time = 119.57 sec. (148059.67 ticks, tree = 511.36 MB, solutions = 15)
 110085 79739   3.56374e+08    24   3.63628e+08   3.56374e+08   648298    1.99%
 110086 79740   3.56374e+08    24   3.63628e+08   3.56374e+08   648299    1.99%
 110087 79741   3.56374e+08    21   3.63628e+08   3.56374e+08   648315    1.99%
 110088 79742   3.56374e+08    21   3.63628e+08   3.56374e+08   648317    1.99%
 110089 79743   3.56374e+08    20   3.63628e+08   3.56374e+08   648318    1.99%
 110090 79744   3.56374e+08    22   3.63628e+08   3.56374e+08   648327    1.99%
 110091 79745   3.56374e+08    22   3.63628e+08   3.56374e+08   648328    1.99%
 110092 79746   3.56374e+08    22   3.63628e+08   3.56374e+08   648329    1.99%
 110093 79747   3.56374e+08    22   3.63628e+08   3.56374e+08   648330    1.99%
 110094 79748   3.56374e+08    22   3.63628e+08   3.56374e+08   648331    1.99%
Elapsed time = 123.39 sec. (151902.68 ticks, tree = 533.98 MB, solutions = 15)
 112823 82201   3.60400e+08    22   3.63628e+08   3.56374e+08   668392    1.99%
 112824 82202   3.60400e+08    22   3.63628e+08   3.56374e+08   668393    1.99%
 112825 82203   3.60400e+08    23   3.63628e+08   3.56374e+08   668412    1.99%
 112826 82204   3.60400e+08    23   3.63628e+08   3.56374e+08   668452    1.99%
 112827 82205   3.60400e+08    23   3.63628e+08   3.56374e+08   668464    1.99%
 112828 82206   3.60400e+08    24   3.63628e+08   3.56374e+08   668465    1.99%
 112829 82207   3.60400e+08    23   3.63628e+08   3.56374e+08   668466    1.99%
 112830 82208   3.60400e+08    24   3.63628e+08   3.56374e+08   668467    1.99%
 112831 82209   3.60400e+08    23   3.63628e+08   3.56374e+08   668468    1.99%
 112832 82210   3.60400e+08    23   3.63628e+08   3.56374e+08   668471    1.99%
Elapsed time = 126.53 sec. (155731.46 ticks, tree = 550.42 MB, solutions = 15)
 115457 84694   3.56374e+08    22   3.63628e+08   3.56374e+08   688095    1.99%
 115458 84695   3.56374e+08    23   3.63628e+08   3.56374e+08   688098    1.99%
 115459 84696   3.56374e+08    23   3.63628e+08   3.56374e+08   688100    1.99%
 115460 84697   3.56374e+08    24   3.63628e+08   3.56374e+08   688103    1.99%
 115461 84698   3.56374e+08    25   3.63628e+08   3.56374e+08   688106    1.99%
 115462 84699   3.56374e+08    25   3.63628e+08   3.56374e+08   688107    1.99%
 115463 84700   3.56374e+08    25   3.63628e+08   3.56374e+08   688108    1.99%
 115464 84701   3.56374e+08    25   3.63628e+08   3.56374e+08   688109    1.99%
 115465 84702   3.56374e+08    25   3.63628e+08   3.56374e+08   688110    1.99%
 115466 84703   3.56374e+08    25   3.63628e+08   3.56374e+08   688111    1.99%
Elapsed time = 129.76 sec. (159558.07 ticks, tree = 567.06 MB, solutions = 15)
 118402 87558   3.56374e+08    23   3.63628e+08   3.56374e+08   705799    1.99%
 118403 87559   3.56374e+08    23   3.63628e+08   3.56374e+08   705809    1.99%
 118404 87560   3.56374e+08    23   3.63628e+08   3.56374e+08   705810    1.99%
 118405 87561   3.56374e+08    23   3.63628e+08   3.56374e+08   705811    1.99%
 118406 87562   3.56374e+08    23   3.63628e+08   3.56374e+08   705812    1.99%
 118407 87563   3.56374e+08    23   3.63628e+08   3.56374e+08   705813    1.99%
 118408 87564   3.56374e+08    23   3.63628e+08   3.56374e+08   705814    1.99%
 118409 87565   3.56374e+08    23   3.63628e+08   3.56374e+08   705815    1.99%
 118410 87566   3.56374e+08    23   3.63628e+08   3.56374e+08   705825    1.99%
 118411 87567   3.56374e+08    23   3.63628e+08   3.56374e+08   705835    1.99%
Elapsed time = 133.29 sec. (163385.88 ticks, tree = 586.15 MB, solutions = 15)
 121285 90409   3.56374e+08    24   3.63628e+08   3.56374e+08   721700    1.99%
 121286 90410   3.56374e+08    25   3.63628e+08   3.56374e+08   721719    1.99%
 121287 90411   3.56374e+08    20   3.63628e+08   3.56374e+08   721730    1.99%
 121288 90412   3.56374e+08    20   3.63628e+08   3.56374e+08   721738    1.99%
 121289 90413   3.56374e+08    20   3.63628e+08   3.56374e+08   721740    1.99%
 121290 90414   3.56374e+08    20   3.63628e+08   3.56374e+08   721742    1.99%
 121291 90415   3.56374e+08    20   3.63628e+08   3.56374e+08   721743    1.99%
 121292 90416   3.56374e+08    20   3.63628e+08   3.56374e+08   721744    1.99%
 121293 90417   3.56374e+08    20   3.63628e+08   3.56374e+08   721745    1.99%
 121294 90418   3.56374e+08    20   3.63628e+08   3.56374e+08   721770    1.99%
Elapsed time = 137.00 sec. (167262.89 ticks, tree = 605.23 MB, solutions = 15)
 124243 93319   3.63051e+08    22   3.63628e+08   3.56374e+08   737129    1.99%
 124244 93320   3.63051e+08    22   3.63628e+08   3.56374e+08   737130    1.99%
 124245 93319    infeasible         3.63628e+08   3.56374e+08   737152    1.99%
 124246 93320   3.63051e+08    23   3.63628e+08   3.56374e+08   737160    1.99%
 124247 93319    infeasible         3.63628e+08   3.56374e+08   737209    1.99%
 124248 93320   3.63051e+08    23   3.63628e+08   3.56374e+08   737210    1.99%
 124249 93319    infeasible         3.63628e+08   3.56374e+08   737250    1.99%
 124250 93320   3.63051e+08    23   3.63628e+08   3.56374e+08   737251    1.99%
 124251 93321   3.63051e+08    23   3.63628e+08   3.56374e+08   737252    1.99%
 124252 93322   3.63051e+08    21   3.63628e+08   3.56374e+08   737267    1.99%
Elapsed time = 140.44 sec. (171090.03 ticks, tree = 624.71 MB, solutions = 15)
 127645 96541   3.62757e+08    24   3.63628e+08   3.56374e+08   755285    1.99%
 127646 96542   3.62757e+08    24   3.63628e+08   3.56374e+08   755294    1.99%
 127647 96543   3.62757e+08    24   3.63628e+08   3.56374e+08   755298    1.99%
 127648 96544   3.62757e+08    24   3.63628e+08   3.56374e+08   755299    1.99%
 127649 96545   3.62757e+08    24   3.63628e+08   3.56374e+08   755305    1.99%
 127650 96544    infeasible         3.63628e+08   3.56374e+08   755323    1.99%
 127651 96545   3.62757e+08    24   3.63628e+08   3.56374e+08   755331    1.99%
 127652 96546   3.62757e+08    25   3.63628e+08   3.56374e+08   755363    1.99%
 127653 96547   3.62757e+08    25   3.63628e+08   3.56374e+08   755378    1.99%
 127654 96548   3.62757e+08    25   3.63628e+08   3.56374e+08   755384    1.99%
Elapsed time = 143.46 sec. (174917.98 ticks, tree = 646.21 MB, solutions = 15)
 130497 99285   3.61873e+08    26   3.63628e+08   3.56374e+08   772866    1.99%
 130498 99286   3.61873e+08    26   3.63628e+08   3.56374e+08   772867    1.99%
 130499 99287   3.61873e+08    26   3.63628e+08   3.56374e+08   772868    1.99%
 130500 99288   3.61873e+08    25   3.63628e+08   3.56374e+08   772880    1.99%
 130501 99289   3.61873e+08    25   3.63628e+08   3.56374e+08   772890    1.99%
 130502 99290   3.61873e+08    25   3.63628e+08   3.56374e+08   772892    1.99%
 130503 99291   3.61873e+08    25   3.63628e+08   3.56374e+08   772893    1.99%
 130504 99292   3.61873e+08    25   3.63628e+08   3.56374e+08   772894    1.99%
 130505 99293   3.61873e+08    25   3.63628e+08   3.56374e+08   772903    1.99%
 130506 99294   3.61873e+08    25   3.63628e+08   3.56374e+08   772904    1.99%
Elapsed time = 146.63 sec. (178742.46 ticks, tree = 664.50 MB, solutions = 15)
 134080 102663    infeasible         3.63628e+08   3.56374e+08   790928    1.99%
 134081 102664   3.62495e+08    22   3.63628e+08   3.56374e+08   790929    1.99%
 134082 102665   3.62495e+08    22   3.63628e+08   3.56374e+08   790930    1.99%
 134083 102666   3.62495e+08    22   3.63628e+08   3.56374e+08   790931    1.99%
 134084 102667   3.62495e+08    22   3.63628e+08   3.56374e+08   790932    1.99%
 134085 102668   3.62495e+08    21   3.63628e+08   3.56374e+08   790933    1.99%
 134086 102669   3.62495e+08    22   3.63628e+08   3.56374e+08   790934    1.99%
 134087 102670   3.62429e+08    25   3.63628e+08   3.56374e+08   790994    1.99%
 134088 102671   3.62429e+08    25   3.63628e+08   3.56374e+08   790995    1.99%
 134089 102672   3.62429e+08    25   3.63628e+08   3.56374e+08   790997    1.99%
Elapsed time = 149.47 sec. (182570.71 ticks, tree = 686.88 MB, solutions = 15)
 137179 105694   3.56374e+08    21   3.63628e+08   3.56374e+08   806393    1.99%
 137180 105695   3.56374e+08    21   3.63628e+08   3.56374e+08   806420    1.99%
 137181 105696   3.56374e+08    22   3.63628e+08   3.56374e+08   806441    1.99%
 137182 105697   3.56374e+08    21   3.63628e+08   3.56374e+08   806471    1.99%
 137183 105698   3.56374e+08    21   3.63628e+08   3.56374e+08   806488    1.99%
 137184 105699   3.56374e+08    21   3.63628e+08   3.56374e+08   806489    1.99%
 137185 105700   3.56374e+08    21   3.63628e+08   3.56374e+08   806526    1.99%
 137186 105701   3.56374e+08    21   3.63628e+08   3.56374e+08   806535    1.99%
 137187 105702   3.56374e+08    21   3.63628e+08   3.56374e+08   806541    1.99%
 137188 105703   3.56374e+08    21   3.63628e+08   3.56374e+08   806546    1.99%
Elapsed time = 152.92 sec. (186403.66 ticks, tree = 707.10 MB, solutions = 15)
 139832 108292   3.56505e+08    27   3.63628e+08   3.56374e+08   824919    1.99%
 139833 108293   3.56505e+08    25   3.63628e+08   3.56374e+08   824919    1.99%
 139834 108294   3.56505e+08    25   3.63628e+08   3.56374e+08   824920    1.99%
 139835 108295   3.56505e+08    24   3.63628e+08   3.56374e+08   824934    1.99%
 139836 108296   3.56505e+08    24   3.63628e+08   3.56374e+08   824935    1.99%
 139837 108297   3.56505e+08    24   3.63628e+08   3.56374e+08   824936    1.99%
 139838 108298   3.56505e+08    24   3.63628e+08   3.56374e+08   824938    1.99%
 139839 108299   3.56505e+08    23   3.63628e+08   3.56374e+08   824941    1.99%
 139840 108300   3.56505e+08    24   3.63628e+08   3.56374e+08   824944    1.99%
 139841 108301   3.56505e+08    24   3.63628e+08   3.56374e+08   824945    1.99%
Elapsed time = 156.35 sec. (190231.02 ticks, tree = 724.66 MB, solutions = 15)
 142470 110873   3.56406e+08    21   3.63628e+08   3.56374e+08   845395    1.99%
 142471 110874   3.56406e+08    22   3.63628e+08   3.56374e+08   845398    1.99%
 142472 110875   3.56406e+08    22   3.63628e+08   3.56374e+08   845402    1.99%
 142473 110876   3.56406e+08    22   3.63628e+08   3.56374e+08   845403    1.99%
 142474 110877   3.56406e+08    22   3.63628e+08   3.56374e+08   845404    1.99%
 142475 110878   3.56406e+08    21   3.63628e+08   3.56374e+08   845405    1.99%
 142476 110879   3.56406e+08    21   3.63628e+08   3.56374e+08   845416    1.99%
 142477 110880   3.56406e+08    21   3.63628e+08   3.56374e+08   845419    1.99%
 142478 110881   3.56406e+08    21   3.63628e+08   3.56374e+08   845420    1.99%
 142479 110882   3.56406e+08    21   3.63628e+08   3.56374e+08   845421    1.99%
Elapsed time = 159.63 sec. (194056.66 ticks, tree = 742.34 MB, solutions = 15)
 145497 113784   3.56374e+08    20   3.63628e+08   3.56374e+08   861895    1.99%
 145498 113785   3.56374e+08    21   3.63628e+08   3.56374e+08   861924    1.99%
 145499 113786   3.56374e+08    21   3.63628e+08   3.56374e+08   861925    1.99%
 145500 113787   3.56374e+08    20   3.63628e+08   3.56374e+08   861939    1.99%
 145501 113788   3.56374e+08    19   3.63628e+08   3.56374e+08   861958    1.99%
 145502 113789   3.56374e+08    19   3.63628e+08   3.56374e+08   861960    1.99%
 145503 113790   3.56374e+08    18   3.63628e+08   3.56374e+08   861979    1.99%
 145504 113791   3.56374e+08    19   3.63628e+08   3.56374e+08   861982    1.99%
 145505 113792   3.56374e+08    19   3.63628e+08   3.56374e+08   861983    1.99%
 145506 113793   3.56374e+08    20   3.63628e+08   3.56374e+08   861994    1.99%
Elapsed time = 162.94 sec. (197887.00 ticks, tree = 762.37 MB, solutions = 15)
 148519 116584    infeasible         3.63628e+08   3.56374e+08   875302    1.99%
 148520 116585   3.56374e+08    18   3.63628e+08   3.56374e+08   875303    1.99%
 148521 116586   3.56374e+08    17   3.63628e+08   3.56374e+08   875326    1.99%
 148522 116587   3.56374e+08    17   3.63628e+08   3.56374e+08   875332    1.99%
 148523 116588   3.56374e+08    16   3.63628e+08   3.56374e+08   875362    1.99%
 148524 116589   3.56374e+08    17   3.63628e+08   3.56374e+08   875363    1.99%
 148525 116590   3.56374e+08    17   3.63628e+08   3.56374e+08   875365    1.99%
 148526 116591   3.56374e+08    18   3.63628e+08   3.56374e+08   875372    1.99%
 148527 116592   3.56374e+08    17   3.63628e+08   3.56374e+08   875381    1.99%
 148528 116593   3.56374e+08    17   3.63628e+08   3.56374e+08   875389    1.99%
Elapsed time = 165.97 sec. (201714.17 ticks, tree = 781.80 MB, solutions = 15)
*149985+114404                       3.63253e+08   3.56374e+08             1.89%
 151444 115798   3.56374e+08    16   3.63253e+08   3.56374e+08   889776    1.89%
 151445 115799   3.56374e+08    16   3.63253e+08   3.56374e+08   889777    1.89%
 151446 115800   3.56374e+08    16   3.63253e+08   3.56374e+08   889778    1.89%
 151447 115801   3.56374e+08    16   3.63253e+08   3.56374e+08   889780    1.89%
 151448 115802   3.56374e+08    18   3.63253e+08   3.56374e+08   889781    1.89%
 151449 115803   3.56374e+08    16   3.63253e+08   3.56374e+08   889782    1.89%
 151450 115804   3.56374e+08    16   3.63253e+08   3.56374e+08   889784    1.89%
 151451 115805   3.56374e+08    16   3.63253e+08   3.56374e+08   889785    1.89%
 151452 115806   3.56374e+08    17   3.63253e+08   3.56374e+08   889787    1.89%
 151453 115807   3.56374e+08    19   3.63253e+08   3.56374e+08   889799    1.89%
Elapsed time = 169.24 sec. (205539.73 ticks, tree = 777.22 MB, solutions = 16)
 154452 118639   3.57440e+08    14   3.63253e+08   3.56374e+08   901926    1.89%
 154453 118640   3.57440e+08    14   3.63253e+08   3.56374e+08   901927    1.89%
 154454 118641   3.57440e+08    14   3.63253e+08   3.56374e+08   901929    1.89%
 154455 118641   3.57457e+08    11   3.63253e+08   3.56374e+08   901941    1.89%
 154456 118642   3.57457e+08    11   3.63253e+08   3.56374e+08   901941    1.89%
 154457 118643   3.57457e+08    12   3.63253e+08   3.56374e+08   901944    1.89%
 154458 118644   3.57457e+08    12   3.63253e+08   3.56374e+08   901946    1.89%
 154459 118645   3.57457e+08    12   3.63253e+08   3.56374e+08   901949    1.89%
 154460 118646   3.57457e+08    12   3.63253e+08   3.56374e+08   901950    1.89%
 154461 118647   3.57457e+08    12   3.63253e+08   3.56374e+08   901972    1.89%
Elapsed time = 172.33 sec. (209368.62 ticks, tree = 797.09 MB, solutions = 16)
*156685+120621                       3.63252e+08   3.56374e+08             1.89%
 157377 121192   3.56766e+08    23   3.63252e+08   3.56374e+08   916350    1.89%
 157378 121192   3.56766e+08    22   3.63252e+08   3.56374e+08   916351    1.89%
 157379 121192   3.56766e+08    23   3.63252e+08   3.56374e+08   916352    1.89%
 157380 121192   3.56766e+08    23   3.63252e+08   3.56374e+08   916353    1.89%
 157381 121192   3.56766e+08    23   3.63252e+08   3.56374e+08   916354    1.89%
 157382 121193   3.56766e+08    23   3.63252e+08   3.56374e+08   916355    1.89%
 157383 121194   3.56766e+08    23   3.63252e+08   3.56374e+08   916356    1.89%
 157384 121195   3.56766e+08    22   3.63252e+08   3.56374e+08   916357    1.89%
 157385 121196   3.56766e+08    23   3.63252e+08   3.56374e+08   916358    1.89%
 157386 121197   3.56766e+08    23   3.63252e+08   3.56374e+08   916359    1.89%
Elapsed time = 175.12 sec. (213192.29 ticks, tree = 815.14 MB, solutions = 17)
*158085+121806                       3.63247e+08   3.56374e+08             1.89%
 160456 123905   3.57845e+08    23   3.63247e+08   3.56374e+08   930021    1.89%
 160457 123906   3.57845e+08    22   3.63247e+08   3.56374e+08   930030    1.89%
 160458 123907   3.57845e+08    23   3.63247e+08   3.56374e+08   930031    1.89%
 160459 123908   3.57845e+08    22   3.63247e+08   3.56374e+08   930033    1.89%
 160460 123909   3.57845e+08    23   3.63247e+08   3.56374e+08   930044    1.89%
 160461 123910   3.57845e+08    23   3.63247e+08   3.56374e+08   930054    1.89%
 160462 123911   3.57845e+08    23   3.63247e+08   3.56374e+08   930055    1.89%
 160463 123912   3.57845e+08    23   3.63247e+08   3.56374e+08   930056    1.89%
 160464 123913   3.57845e+08    23   3.63247e+08   3.56374e+08   930057    1.89%
 160465 123914   3.57845e+08    23   3.63247e+08   3.56374e+08   930058    1.89%
Elapsed time = 178.10 sec. (217016.90 ticks, tree = 834.32 MB, solutions = 18)
 163563 126585   3.56374e+08    20   3.63247e+08   3.56374e+08   946326    1.89%
 163564 126586   3.56374e+08    20   3.63247e+08   3.56374e+08   946337    1.89%
 163565 126587   3.56374e+08    20   3.63247e+08   3.56374e+08   946349    1.89%
 163566 126588   3.56374e+08    22   3.63247e+08   3.56374e+08   946362    1.89%
 163567 126589   3.56374e+08    20   3.63247e+08   3.56374e+08   946363    1.89%
 163568 126590   3.56374e+08    20   3.63247e+08   3.56374e+08   946367    1.89%
 163569 126591   3.56374e+08    20   3.63247e+08   3.56374e+08   946370    1.89%
 163570 126592   3.56374e+08    20   3.63247e+08   3.56374e+08   946384    1.89%
 163571 126593   3.56374e+08    20   3.63247e+08   3.56374e+08   946386    1.89%
 163572 126594   3.56374e+08    25   3.63247e+08   3.56374e+08   946395    1.89%
Elapsed time = 182.20 sec. (220844.47 ticks, tree = 853.29 MB, solutions = 18)
 166958 129511   3.57680e+08    17   3.63247e+08   3.56374e+08   960208    1.89%
 166959 129512   3.57680e+08    16   3.63247e+08   3.56374e+08   960219    1.89%
 166960 129513   3.57680e+08    16   3.63247e+08   3.56374e+08   960220    1.89%
 166961 129514   3.57680e+08    16   3.63247e+08   3.56374e+08   960221    1.89%
 166962 129515   3.57680e+08    16   3.63247e+08   3.56374e+08   960242    1.89%
 166963 129516   3.57680e+08    17   3.63247e+08   3.56374e+08   960253    1.89%
 166964 129517   3.57680e+08    17   3.63247e+08   3.56374e+08   960254    1.89%
 166965 129518   3.57680e+08    17   3.63247e+08   3.56374e+08   960255    1.89%
 166966 129519   3.57680e+08    16   3.63247e+08   3.56374e+08   960266    1.89%
 166967 129520   3.57680e+08    16   3.63247e+08   3.56374e+08   960287    1.89%
Elapsed time = 186.23 sec. (224668.71 ticks, tree = 873.97 MB, solutions = 18)
*169619 102400      integral     0   3.58842e+08   3.56374e+08   971434    0.69%
*169630 102056      integral     0   3.58752e+08   3.56374e+08   971455    0.66%
 170183 102595   3.56374e+08    16   3.58752e+08   3.56374e+08   973109    0.66%
 170184 102596   3.56374e+08    20   3.58752e+08   3.56374e+08   973110    0.66%
 170185 102597   3.56374e+08    23   3.58752e+08   3.56374e+08   973114    0.66%
 170186 102598   3.56374e+08    23   3.58752e+08   3.56374e+08   973115    0.66%
 170187 102599   3.56374e+08    23   3.58752e+08   3.56374e+08   973116    0.66%
 170188 102600   3.56374e+08    22   3.58752e+08   3.56374e+08   973117    0.66%
 170189 102601   3.56374e+08    22   3.58752e+08   3.56374e+08   973119    0.66%
 170190 102602   3.56374e+08    22   3.58752e+08   3.56374e+08   973121    0.66%
 170191 102603   3.56374e+08    23   3.58752e+08   3.56374e+08   973131    0.66%
 170192 102604   3.56374e+08    21   3.58752e+08   3.56374e+08   973141    0.66%
Elapsed time = 190.44 sec. (228541.84 ticks, tree = 696.44 MB, solutions = 20)
 173557 105662   3.56374e+08    20   3.58752e+08   3.56374e+08   988773    0.66%
 173558 105663   3.56374e+08    20   3.58752e+08   3.56374e+08   988774    0.66%
 173559 105664   3.56374e+08    20   3.58752e+08   3.56374e+08   988775    0.66%
 173560 105665   3.56374e+08    20   3.58752e+08   3.56374e+08   988776    0.66%
 173561 105666   3.56374e+08    20   3.58752e+08   3.56374e+08   988777    0.66%
 173562 105667   3.56374e+08    20   3.58752e+08   3.56374e+08   988778    0.66%
 173563 105668   3.56374e+08    20   3.58752e+08   3.56374e+08   988782    0.66%
 173564 105669   3.56374e+08    20   3.58752e+08   3.56374e+08   988783    0.66%
 173565 105670   3.56374e+08    20   3.58752e+08   3.56374e+08   988784    0.66%
 173566 105671   3.56374e+08    20   3.58752e+08   3.56374e+08   988785    0.66%
Elapsed time = 194.37 sec. (232369.62 ticks, tree = 718.18 MB, solutions = 20)
*175585+103471                       3.58111e+08   3.56374e+08             0.49%
*175685+102878                       3.58079e+08   3.56374e+08             0.48%
*175785+98381                       3.57808e+08   3.56374e+08             0.40%
*175785+97650                       3.57776e+08   3.56374e+08             0.39%
 177040 98761   3.56374e+08    14   3.57776e+08   3.56374e+08  1002526    0.39%
 177041 98762   3.56374e+08    14   3.57776e+08   3.56374e+08  1002528    0.39%
 177042 98763   3.56374e+08    12   3.57776e+08   3.56374e+08  1002529    0.39%
 177043 98764   3.56374e+08    12   3.57776e+08   3.56374e+08  1002530    0.39%
 177044 98765   3.56374e+08    12   3.57776e+08   3.56374e+08  1002531    0.39%
 177045 98766   3.56374e+08    14   3.57776e+08   3.56374e+08  1002532    0.39%
 177046 98767   3.56374e+08    14   3.57776e+08   3.56374e+08  1002533    0.39%
 177047 98768   3.56374e+08    12   3.57776e+08   3.56374e+08  1002534    0.39%
 177048 98769   3.56374e+08    12   3.57776e+08   3.56374e+08  1002535    0.39%
 177049 98770   3.56374e+08    12   3.57776e+08   3.56374e+08  1002536    0.39%
Elapsed time = 198.53 sec. (236191.98 ticks, tree = 670.75 MB, solutions = 24)
 180614 101588   3.56374e+08     2   3.57776e+08   3.56374e+08  1015850    0.39%
 180615 101589   3.56374e+08     2   3.57776e+08   3.56374e+08  1015851    0.39%
 180616 101588    infeasible         3.57776e+08   3.56374e+08  1015869    0.39%
 180617 101589   3.56374e+08     2   3.57776e+08   3.56374e+08  1015870    0.39%
 180618 101590   3.56374e+08     2   3.57776e+08   3.56374e+08  1015871    0.39%
 180619 101591   3.56374e+08     2   3.57776e+08   3.56374e+08  1015872    0.39%
 180620 101592   3.56374e+08     4   3.57776e+08   3.56374e+08  1015886    0.39%
 180621 101593   3.56374e+08     4   3.57776e+08   3.56374e+08  1015895    0.39%
 180622 101594   3.56374e+08     6   3.57776e+08   3.56374e+08  1015896    0.39%
 180623 101595   3.56374e+08     8   3.57776e+08   3.56374e+08  1015899    0.39%
Elapsed time = 202.65 sec. (240021.43 ticks, tree = 691.04 MB, solutions = 24)
*180635     0      integral     0   3.56374e+08   3.56374e+08  1015963    0.00%

Mixed integer rounding cuts applied:  2

Root node processing (before b&c):
  Real time             =    0.32 sec. (432.97 ticks)
Sequential b&c:
  Real time             =  202.43 sec. (239790.98 ticks)
                          ------------
Total (root+branch&cut) =  202.75 sec. (240223.95 ticks)

Solution pool: 25 solutions saved.

MIP - Integer optimal solution:  Objective =  3.5637386100e+08
Solution time =  202.75 sec.  Iterations = 1015963  Nodes = 180636
Deterministic time = 240223.96 ticks  (1184.84 ticks/sec)


Incumbent solution written to file '/tmp/tmp2DvbxV.cplex.sol'.
