
Log started (V12.6.3.0) Sun Mar  4 13:23:41 2018

New value for default parallel thread count: 1

Problem '/tmp/tmp0x0KAb.pyomo.lp' read.
Read time = 0.01 sec. (0.18 ticks)

Problem name         : /tmp/tmp0x0KAb.pyomo.lp
Objective sense      : Minimize
Variables            :    3011  [Nneg: 11,  Binary: 3000]
Objective nonzeros   :      10
Linear constraints   :     320  [Less: 9,  Equal: 311]
  Nonzeros           :    6029
  RHS nonzeros       :     301

Variables            : Min LB: 0.000000         Max UB: 1.000000       
Objective nonzeros   : Min   : 1.000000         Max   : 512.0000       
Linear constraints   :
  Nonzeros           : Min   : 1.000000         Max   : 9995.000       
  RHS nonzeros       : Min   : 1.000000         Max   : 1.000000       
Found incumbent of value 8.0786739e+08 after 0.00 sec. (0.25 ticks)
Tried aggregator 2 times.
MIP Presolve eliminated 1 rows and 1 columns.
Aggregator did 2 substitutions.
Reduced MIP has 317 rows, 3008 columns, and 6024 nonzeros.
Reduced MIP has 3000 binaries, 0 generals, 0 SOSs, and 0 indicators.
Presolve time = 0.01 sec. (4.58 ticks)
Tried aggregator 1 time.
Reduced MIP has 317 rows, 3008 columns, and 6024 nonzeros.
Reduced MIP has 3000 binaries, 8 generals, 0 SOSs, and 0 indicators.
Presolve time = 0.01 sec. (3.02 ticks)
Probing fixed 0 vars, tightened 45 bounds.
Probing time = 0.03 sec. (26.29 ticks)
Clique table members: 300.
MIP emphasis: balance optimality and feasibility.
MIP search method: dynamic search.
Parallel mode: none, using 1 thread.
Root relaxation solution time = 0.01 sec. (10.40 ticks)

        Nodes                                         Cuts/
   Node  Left     Objective  IInf  Best Integer    Best Bound    ItCnt     Gap

*     0+    0                       8.07867e+08        0.0000           100.00%
      0     0   1.61416e+08    26   8.07867e+08   1.61416e+08      377   80.02%
*     0+    0                       1.93150e+08   1.61416e+08            16.43%
      0     0   1.61416e+08    37   1.93150e+08       Cuts: 9      392   16.43%
*     0+    0                       1.73935e+08   1.61416e+08             7.20%
*     0+    0                       1.73559e+08   1.61416e+08             7.00%
*     0+    0                       1.72817e+08   1.61416e+08             6.60%
*     0+    0                       1.72794e+08   1.61416e+08             6.58%
*     0+    0                       1.69744e+08   1.61416e+08             4.91%
      0     2   1.61416e+08    22   1.69744e+08   1.61416e+08      392    4.91%
Elapsed time = 0.21 sec. (161.58 ticks, tree = 0.01 MB, solutions = 7)
    220   222   1.61416e+08    20   1.69744e+08   1.61416e+08     1907    4.91%
    221   223   1.61416e+08    20   1.69744e+08   1.61416e+08     1914    4.91%
    222   224   1.61416e+08    20   1.69744e+08   1.61416e+08     1921    4.91%
    223   225   1.61416e+08    20   1.69744e+08   1.61416e+08     1940    4.91%
    224   226   1.61416e+08    20   1.69744e+08   1.61416e+08     1951    4.91%
    225   227   1.61416e+08    20   1.69744e+08   1.61416e+08     1957    4.91%
    226   228   1.61416e+08    20   1.69744e+08   1.61416e+08     1963    4.91%
    227   229   1.61416e+08    22   1.69744e+08   1.61416e+08     1969    4.91%
    228   230   1.61416e+08    21   1.69744e+08   1.61416e+08     1972    4.91%
*   480+  480                       1.65879e+08   1.61416e+08             2.69%
*   590+  588                       1.65544e+08   1.61416e+08             2.49%
*   590+  588                       1.65379e+08   1.61416e+08             2.40%
*   590+  588                       1.65243e+08   1.61416e+08             2.32%
*   590+  588                       1.65014e+08   1.61416e+08             2.18%
*   593+  394                       1.64460e+08   1.61416e+08             1.85%
*   593+  262                       1.63809e+08   1.61416e+08             1.46%
    593   263   1.61416e+08    25   1.63809e+08   1.61416e+08     6064    1.46%
Elapsed time = 1.76 sec. (1427.42 ticks, tree = 0.52 MB, solutions = 14)
*   693+  245                       1.63603e+08   1.61416e+08             1.34%
*   693+  196                       1.63603e+08   1.61416e+08             1.34%
   1064   460   1.61423e+08    16   1.63603e+08   1.61416e+08     6963    1.34%
   1065   461   1.61423e+08    16   1.63603e+08   1.61416e+08     6965    1.34%
   1066   462   1.61423e+08    16   1.63603e+08   1.61416e+08     6968    1.34%
   1067   463   1.61423e+08    16   1.63603e+08   1.61416e+08     6970    1.34%
   1068   464   1.61423e+08    16   1.63603e+08   1.61416e+08     6971    1.34%
   1069   465   1.61423e+08    16   1.63603e+08   1.61416e+08     6972    1.34%
   1070   466   1.61423e+08    16   1.63603e+08   1.61416e+08     6973    1.34%
   1071   467   1.61423e+08    16   1.63603e+08   1.61416e+08     6975    1.34%
   1072   468   1.61423e+08    16   1.63603e+08   1.61416e+08     6977    1.34%
   1073   469   1.61423e+08    16   1.63603e+08   1.61416e+08     6978    1.34%
Elapsed time = 2.84 sec. (2395.31 ticks, tree = 0.94 MB, solutions = 16)
*  1093+  465                       1.62633e+08   1.61416e+08             0.75%
*  1193+  539                       1.62471e+08   1.61416e+08             0.65%
*  1193+  535                       1.62364e+08   1.61416e+08             0.58%
*  1193+  535                       1.62359e+08   1.61416e+08             0.58%
*  1589+  904                       1.62357e+08   1.61416e+08             0.58%
*  1589+  901                       1.62313e+08   1.61416e+08             0.55%
*  1589+  901                       1.62294e+08   1.61416e+08             0.54%
   1595   909   1.61416e+08    15   1.62294e+08   1.61416e+08     8017    0.54%
   1596   910   1.61416e+08    16   1.62294e+08   1.61416e+08     8020    0.54%
   1597   911   1.61416e+08    16   1.62294e+08   1.61416e+08     8023    0.54%
   1598   912   1.61416e+08    18   1.62294e+08   1.61416e+08     8030    0.54%
   1599   913   1.61416e+08    17   1.62294e+08   1.61416e+08     8033    0.54%
   1600   914   1.61416e+08    16   1.62294e+08   1.61416e+08     8035    0.54%
   1601   915   1.61416e+08    15   1.62294e+08   1.61416e+08     8037    0.54%
   1602   916   1.61416e+08    15   1.62294e+08   1.61416e+08     8038    0.54%
   1603   917   1.61416e+08    15   1.62294e+08   1.61416e+08     8042    0.54%
   1604   918   1.61416e+08    15   1.62294e+08   1.61416e+08     8051    0.54%
Elapsed time = 3.97 sec. (3366.71 ticks, tree = 1.85 MB, solutions = 23)
*  1783+ 1077                       1.62124e+08   1.61416e+08             0.44%
*  2093+ 1365                       1.62118e+08   1.61416e+08             0.43%
*  2093+ 1354                       1.62032e+08   1.61416e+08             0.38%
*  2093+ 1281                       1.61954e+08   1.61416e+08             0.33%
*  2195+ 1383                       1.61947e+08   1.61416e+08             0.33%
*  2293+ 1475                       1.61938e+08   1.61416e+08             0.32%
   2309  1493   1.61416e+08    16   1.61938e+08   1.61416e+08     9347    0.32%
   2310  1494   1.61416e+08    16   1.61938e+08   1.61416e+08     9348    0.32%
   2311  1495   1.61416e+08    16   1.61938e+08   1.61416e+08     9349    0.32%
   2312  1496   1.61416e+08    16   1.61938e+08   1.61416e+08     9350    0.32%
   2313  1497   1.61416e+08    16   1.61938e+08   1.61416e+08     9351    0.32%
   2314  1498   1.61416e+08    16   1.61938e+08   1.61416e+08     9352    0.32%
   2315  1499   1.61416e+08    16   1.61938e+08   1.61416e+08     9353    0.32%
   2316  1500   1.61416e+08    16   1.61938e+08   1.61416e+08     9354    0.32%
   2317  1501   1.61416e+08    16   1.61938e+08   1.61416e+08     9355    0.32%
   2318  1502   1.61416e+08    16   1.61938e+08   1.61416e+08     9356    0.32%
Elapsed time = 5.17 sec. (4324.83 ticks, tree = 3.03 MB, solutions = 29)
*  2743+ 1885                       1.61788e+08   1.61416e+08             0.23%
*  2773+ 1880                       1.61662e+08   1.61416e+08             0.15%
   3313  2387   1.61533e+08    16   1.61662e+08   1.61416e+08    11350    0.15%
   3314  2388   1.61533e+08    16   1.61662e+08   1.61416e+08    11351    0.15%
   3315  2389   1.61533e+08    16   1.61662e+08   1.61416e+08    11352    0.15%
   3316  2390   1.61533e+08    16   1.61662e+08   1.61416e+08    11353    0.15%
   3317  2391   1.61533e+08    16   1.61662e+08   1.61416e+08    11354    0.15%
   3318  2392   1.61533e+08    16   1.61662e+08   1.61416e+08    11355    0.15%
   3319  2393   1.61533e+08    16   1.61662e+08   1.61416e+08    11356    0.15%
   3320  2394   1.61533e+08    16   1.61662e+08   1.61416e+08    11357    0.15%
   3321  2395   1.61533e+08    16   1.61662e+08   1.61416e+08    11358    0.15%
   3322  2396   1.61533e+08    16   1.61662e+08   1.61416e+08    11359    0.15%
Elapsed time = 6.36 sec. (5286.09 ticks, tree = 5.02 MB, solutions = 31)
   4543  3529   1.61467e+08    16   1.61662e+08   1.61416e+08    13675    0.15%
   4544  3530   1.61467e+08    16   1.61662e+08   1.61416e+08    13682    0.15%
   4545  3529    infeasible         1.61662e+08   1.61416e+08    13682    0.15%
   4546  3530   1.61549e+08    14   1.61662e+08   1.61416e+08    13684    0.15%
   4547  3531   1.61549e+08    14   1.61662e+08   1.61416e+08    13685    0.15%
   4548  3532   1.61549e+08    14   1.61662e+08   1.61416e+08    13688    0.15%
   4549  3533   1.61549e+08    14   1.61662e+08   1.61416e+08    13689    0.15%
   4550  3534   1.61549e+08    14   1.61662e+08   1.61416e+08    13690    0.15%
   4551  3535   1.61549e+08    14   1.61662e+08   1.61416e+08    13691    0.15%
   4552  3536   1.61549e+08    14   1.61662e+08   1.61416e+08    13693    0.15%
Elapsed time = 7.45 sec. (6244.26 ticks, tree = 7.51 MB, solutions = 31)
   6270  5174   1.61475e+08    14   1.61662e+08   1.61416e+08    16751    0.15%
   6271  5175   1.61475e+08    14   1.61662e+08   1.61416e+08    16752    0.15%
   6272  5176   1.61475e+08    14   1.61662e+08   1.61416e+08    16753    0.15%
   6273  5177   1.61475e+08    14   1.61662e+08   1.61416e+08    16754    0.15%
   6274  5178   1.61475e+08    14   1.61662e+08   1.61416e+08    16755    0.15%
   6275  5179   1.61475e+08    14   1.61662e+08   1.61416e+08    16756    0.15%
   6276  5180   1.61475e+08    14   1.61662e+08   1.61416e+08    16757    0.15%
   6277  5181   1.61475e+08    14   1.61662e+08   1.61416e+08    16758    0.15%
   6278  5182   1.61475e+08    14   1.61662e+08   1.61416e+08    16759    0.15%
   6279  5183   1.61475e+08    14   1.61662e+08   1.61416e+08    16760    0.15%
Elapsed time = 8.55 sec. (7202.31 ticks, tree = 11.35 MB, solutions = 31)
   7814  6641   1.61455e+08    13   1.61662e+08   1.61416e+08    19815    0.15%
   7815  6642   1.61455e+08    13   1.61662e+08   1.61416e+08    19816    0.15%
   7816  6643   1.61455e+08    13   1.61662e+08   1.61416e+08    19817    0.15%
   7817  6644   1.61455e+08    13   1.61662e+08   1.61416e+08    19819    0.15%
   7818  6645   1.61455e+08    13   1.61662e+08   1.61416e+08    19820    0.15%
   7819  6646   1.61455e+08    13   1.61662e+08   1.61416e+08    19822    0.15%
   7820  6647   1.61455e+08    13   1.61662e+08   1.61416e+08    19825    0.15%
   7821  6648   1.61455e+08    13   1.61662e+08   1.61416e+08    19826    0.15%
   7822  6649   1.61455e+08    13   1.61662e+08   1.61416e+08    19827    0.15%
   7823  6650   1.61455e+08    13   1.61662e+08   1.61416e+08    19828    0.15%
Elapsed time = 9.59 sec. (8161.23 ticks, tree = 14.81 MB, solutions = 31)
   9610  8220   1.61416e+08    16   1.61662e+08   1.61416e+08    23719    0.15%
   9611  8221   1.61416e+08    16   1.61662e+08   1.61416e+08    23725    0.15%
   9612  8222   1.61416e+08    17   1.61662e+08   1.61416e+08    23727    0.15%
   9613  8223   1.61416e+08    17   1.61662e+08   1.61416e+08    23733    0.15%
   9614  8224   1.61416e+08    17   1.61662e+08   1.61416e+08    23735    0.15%
   9615  8225   1.61416e+08    17   1.61662e+08   1.61416e+08    23736    0.15%
   9616  8226   1.61416e+08    17   1.61662e+08   1.61416e+08    23738    0.15%
   9617  8226   1.61416e+08    16   1.61662e+08   1.61416e+08    23740    0.15%
   9618  8226   1.61416e+08    16   1.61662e+08   1.61416e+08    23741    0.15%
   9619  8227   1.61416e+08    17   1.61662e+08   1.61416e+08    23743    0.15%
Elapsed time = 10.62 sec. (9123.51 ticks, tree = 18.89 MB, solutions = 31)
  11073  9524   1.61416e+08    16   1.61662e+08   1.61416e+08    26948    0.15%
  11074  9525   1.61416e+08    15   1.61662e+08   1.61416e+08    26949    0.15%
  11075  9526   1.61416e+08    15   1.61662e+08   1.61416e+08    26953    0.15%
  11076  9527   1.61416e+08    16   1.61662e+08   1.61416e+08    26958    0.15%
  11077  9528   1.61416e+08    16   1.61662e+08   1.61416e+08    26959    0.15%
  11078  9529   1.61416e+08    14   1.61662e+08   1.61416e+08    26963    0.15%
  11079  9530   1.61416e+08    15   1.61662e+08   1.61416e+08    26967    0.15%
  11080  9531   1.61416e+08    16   1.61662e+08   1.61416e+08    26970    0.15%
  11081  9532   1.61416e+08    17   1.61662e+08   1.61416e+08    26972    0.15%
* 12229  9901      integral     0   1.61571e+08   1.61416e+08    29387    0.10%
* 12231  9738      integral     0   1.61548e+08   1.61416e+08    29393    0.08%
* 12233  9738      integral     0   1.61547e+08   1.61416e+08    29399    0.08%
  16023 13150   1.61460e+08     6   1.61547e+08   1.61416e+08    36534    0.08%
Elapsed time = 14.97 sec. (12938.41 ticks, tree = 31.07 MB, solutions = 34)
* 17643 14591      integral     0   1.61543e+08   1.61416e+08    39806    0.08%
* 17644 13607      integral     0   1.61517e+08   1.61416e+08    39808    0.06%
  24524 19614   1.61515e+08    11   1.61517e+08   1.61416e+08    54207    0.06%
  24525 19615   1.61515e+08    11   1.61517e+08   1.61416e+08    54208    0.06%
  24526 19616   1.61515e+08    11   1.61517e+08   1.61416e+08    54213    0.06%
  24527 19617   1.61515e+08    11   1.61517e+08   1.61416e+08    54214    0.06%
  24528 19618   1.61515e+08    11   1.61517e+08   1.61416e+08    54215    0.06%
  24529 19619   1.61515e+08    11   1.61517e+08   1.61416e+08    54217    0.06%
  24530 19620   1.61515e+08    11   1.61517e+08   1.61416e+08    54218    0.06%
  24531 19621   1.61515e+08    11   1.61517e+08   1.61416e+08    54219    0.06%
  24532 19622   1.61515e+08    11   1.61517e+08   1.61416e+08    54224    0.06%
  24533 19623   1.61515e+08    12   1.61517e+08   1.61416e+08    54229    0.06%
Elapsed time = 19.29 sec. (16757.51 ticks, tree = 46.80 MB, solutions = 36)
  32728 26754   1.61491e+08    12   1.61517e+08   1.61416e+08    71105    0.06%
  32729 26755   1.61491e+08    12   1.61517e+08   1.61416e+08    71106    0.06%
  32730 26756   1.61491e+08    11   1.61517e+08   1.61416e+08    71108    0.06%
  32731 26757   1.61491e+08     9   1.61517e+08   1.61416e+08    71111    0.06%
  32732 26758   1.61491e+08    12   1.61517e+08   1.61416e+08    71113    0.06%
  32733 26759   1.61491e+08    12   1.61517e+08   1.61416e+08    71117    0.06%
  32734 26760   1.61491e+08    12   1.61517e+08   1.61416e+08    71118    0.06%
  32735 26761   1.61491e+08    12   1.61517e+08   1.61416e+08    71119    0.06%
  32736 26762   1.61491e+08    11   1.61517e+08   1.61416e+08    71121    0.06%
  32737 26763   1.61491e+08    12   1.61517e+08   1.61416e+08    71123    0.06%
Elapsed time = 23.49 sec. (20576.96 ticks, tree = 63.96 MB, solutions = 36)
* 39677 30899      integral     0   1.61514e+08   1.61416e+08    84631    0.06%
* 39689 29787      integral     0   1.61513e+08   1.61416e+08    84642    0.06%
* 39690 27551      integral     0   1.61504e+08   1.61416e+08    84642    0.05%
  41093 28837   1.61472e+08    14   1.61504e+08   1.61416e+08    87357    0.05%
  41094 28838   1.61472e+08    14   1.61504e+08   1.61416e+08    87358    0.05%
  41095 28839   1.61472e+08    14   1.61504e+08   1.61416e+08    87359    0.05%
  41096 28840   1.61472e+08    14   1.61504e+08   1.61416e+08    87360    0.05%
  41097 28841   1.61472e+08    14   1.61504e+08   1.61416e+08    87361    0.05%
  41098 28842   1.61472e+08    14   1.61504e+08   1.61416e+08    87362    0.05%
  41099 28843   1.61472e+08    14   1.61504e+08   1.61416e+08    87363    0.05%
  41100 28844   1.61472e+08    14   1.61504e+08   1.61416e+08    87364    0.05%
  41101 28845   1.61472e+08    14   1.61504e+08   1.61416e+08    87365    0.05%
  41102 28846   1.61472e+08    14   1.61504e+08   1.61416e+08    87368    0.05%
Elapsed time = 27.86 sec. (24406.16 ticks, tree = 69.47 MB, solutions = 39)
  48896 35852   1.61474e+08    14   1.61504e+08   1.61416e+08   103828    0.05%
  48897 35853   1.61474e+08    14   1.61504e+08   1.61416e+08   103829    0.05%
  48898 35854   1.61474e+08    14   1.61504e+08   1.61416e+08   103830    0.05%
  48899 35855   1.61474e+08    14   1.61504e+08   1.61416e+08   103835    0.05%
  48900 35856   1.61474e+08    14   1.61504e+08   1.61416e+08   103843    0.05%
  48901 35857   1.61474e+08    13   1.61504e+08   1.61416e+08   103844    0.05%
  48902 35858   1.61474e+08    14   1.61504e+08   1.61416e+08   103845    0.05%
  48903 35859   1.61474e+08    14   1.61504e+08   1.61416e+08   103846    0.05%
  48904 35860   1.61474e+08    14   1.61504e+08   1.61416e+08   103847    0.05%
  48905 35861   1.61474e+08    14   1.61504e+08   1.61416e+08   103849    0.05%
Elapsed time = 32.13 sec. (28225.67 ticks, tree = 86.13 MB, solutions = 39)
  57127 43340   1.61417e+08    15   1.61504e+08   1.61416e+08   120205    0.05%
  57128 43341   1.61417e+08    15   1.61504e+08   1.61416e+08   120207    0.05%
  57129 43342   1.61417e+08    15   1.61504e+08   1.61416e+08   120208    0.05%
  57130 43343   1.61417e+08    15   1.61504e+08   1.61416e+08   120210    0.05%
  57131 43344   1.61417e+08    15   1.61504e+08   1.61416e+08   120212    0.05%
  57132 43345   1.61417e+08    16   1.61504e+08   1.61416e+08   120213    0.05%
  57133 43346   1.61417e+08    16   1.61504e+08   1.61416e+08   120214    0.05%
  57134 43347   1.61417e+08    16   1.61504e+08   1.61416e+08   120216    0.05%
  57135 43348   1.61417e+08    16   1.61504e+08   1.61416e+08   120217    0.05%
  57136 43349   1.61417e+08    16   1.61504e+08   1.61416e+08   120218    0.05%
Elapsed time = 36.55 sec. (32045.92 ticks, tree = 104.05 MB, solutions = 39)
* 60793+46666                       1.61504e+08   1.61416e+08             0.05%
  64955 50414   1.61426e+08    15   1.61504e+08   1.61416e+08   134252    0.05%
  64956 50415   1.61426e+08    14   1.61504e+08   1.61416e+08   134253    0.05%
  64957 50416   1.61426e+08    12   1.61504e+08   1.61416e+08   134254    0.05%
  64958 50417   1.61426e+08    12   1.61504e+08   1.61416e+08   134256    0.05%
  64959 50418   1.61426e+08    12   1.61504e+08   1.61416e+08   134258    0.05%
  64960 50419   1.61426e+08    12   1.61504e+08   1.61416e+08   134259    0.05%
  64961 50420   1.61426e+08    12   1.61504e+08   1.61416e+08   134260    0.05%
  64962 50421   1.61426e+08    12   1.61504e+08   1.61416e+08   134261    0.05%
  64963 50422   1.61426e+08    11   1.61504e+08   1.61416e+08   134263    0.05%
  64964 50423   1.61426e+08    12   1.61504e+08   1.61416e+08   134266    0.05%
Elapsed time = 41.12 sec. (35864.14 ticks, tree = 120.93 MB, solutions = 40)
* 65953+49636                       1.61502e+08   1.61416e+08             0.05%
  72789 55851   1.61467e+08    12   1.61502e+08   1.61416e+08   148560    0.05%
  72790 55852   1.61467e+08    12   1.61502e+08   1.61416e+08   148561    0.05%
  72791 55853   1.61467e+08    12   1.61502e+08   1.61416e+08   148562    0.05%
  72792 55854   1.61467e+08    12   1.61502e+08   1.61416e+08   148563    0.05%
  72793 55855   1.61467e+08    12   1.61502e+08   1.61416e+08   148564    0.05%
  72794 55856   1.61467e+08    12   1.61502e+08   1.61416e+08   148565    0.05%
  72795 55855    infeasible         1.61502e+08   1.61416e+08   148565    0.05%
  72796 55854    infeasible         1.61502e+08   1.61416e+08   148565    0.05%
  72797 55855   1.61460e+08    12   1.61502e+08   1.61416e+08   148565    0.05%
  72798 55856   1.61460e+08    12   1.61502e+08   1.61416e+08   148567    0.05%
Elapsed time = 45.57 sec. (39696.58 ticks, tree = 133.97 MB, solutions = 41)
* 74293+55989                       1.61500e+08   1.61416e+08             0.05%
* 74293+54051                       1.61498e+08   1.61416e+08             0.05%
* 76893+52994                       1.61492e+08   1.61416e+08             0.05%
  80960 56659   1.61476e+08    12   1.61492e+08   1.61416e+08   163389    0.05%
  80961 56660   1.61476e+08    12   1.61492e+08   1.61416e+08   163390    0.05%
  80962 56661   1.61476e+08    12   1.61492e+08   1.61416e+08   163391    0.05%
  80963 56662   1.61476e+08    12   1.61492e+08   1.61416e+08   163392    0.05%
  80964 56663   1.61476e+08    12   1.61492e+08   1.61416e+08   163394    0.05%
  80965 56664   1.61476e+08    12   1.61492e+08   1.61416e+08   163395    0.05%
  80966 56663    infeasible         1.61492e+08   1.61416e+08   163395    0.05%
  80967 56662    infeasible         1.61492e+08   1.61416e+08   163395    0.05%
  80968 56663   1.61467e+08    15   1.61492e+08   1.61416e+08   163395    0.05%
  80969 56664   1.61467e+08    14   1.61492e+08   1.61416e+08   163396    0.05%
Elapsed time = 50.19 sec. (43517.37 ticks, tree = 135.13 MB, solutions = 44)
* 87993+60392                       1.61489e+08   1.61416e+08             0.05%
  88631 60961   1.61416e+08    16   1.61489e+08   1.61416e+08   178285    0.05%
  88632 60962   1.61416e+08    16   1.61489e+08   1.61416e+08   178286    0.05%
  88633 60963   1.61416e+08    16   1.61489e+08   1.61416e+08   178287    0.05%
  88634 60964   1.61416e+08    16   1.61489e+08   1.61416e+08   178288    0.05%
  88635 60965   1.61465e+08    14   1.61489e+08   1.61416e+08   178294    0.05%
  88636 60966   1.61416e+08    16   1.61489e+08   1.61416e+08   178296    0.05%
  88637 60967   1.61416e+08    14   1.61489e+08   1.61416e+08   178299    0.05%
  88638 60968   1.61416e+08    14   1.61489e+08   1.61416e+08   178301    0.05%
  88639 60969   1.61416e+08    15   1.61489e+08   1.61416e+08   178310    0.05%
  88640 60970   1.61416e+08    15   1.61489e+08   1.61416e+08   178311    0.05%
Elapsed time = 54.42 sec. (47336.38 ticks, tree = 145.16 MB, solutions = 45)
  95029 65164   1.61463e+08     8   1.61489e+08   1.61416e+08   188624    0.05%
  95030 65165   1.61463e+08     8   1.61489e+08   1.61416e+08   188625    0.05%
  95031 65166   1.61463e+08     8   1.61489e+08   1.61416e+08   188626    0.05%
  95032 65167   1.61463e+08     8   1.61489e+08   1.61416e+08   188627    0.05%
  95033 65168   1.61463e+08    10   1.61489e+08   1.61416e+08   188628    0.05%
  95034 65169   1.61463e+08    10   1.61489e+08   1.61416e+08   188630    0.05%
  95035 65170   1.61463e+08    10   1.61489e+08   1.61416e+08   188631    0.05%
  95036 65171   1.61463e+08    10   1.61489e+08   1.61416e+08   188632    0.05%
  95037 65172   1.61463e+08    10   1.61489e+08   1.61416e+08   188633    0.05%
  95038 65173   1.61463e+08    10   1.61489e+08   1.61416e+08   188634    0.05%
Elapsed time = 58.54 sec. (51154.92 ticks, tree = 155.52 MB, solutions = 45)
 100651 69549   1.61416e+08     4   1.61489e+08   1.61416e+08   196601    0.05%
 100652 69550   1.61416e+08     4   1.61489e+08   1.61416e+08   196602    0.05%
 100653 69551   1.61416e+08     4   1.61489e+08   1.61416e+08   196605    0.05%
 100654 69552   1.61416e+08     6   1.61489e+08   1.61416e+08   196606    0.05%
 100655 69553   1.61416e+08     6   1.61489e+08   1.61416e+08   196610    0.05%
 100656 69554   1.61416e+08     8   1.61489e+08   1.61416e+08   196611    0.05%
 100657 69555   1.61416e+08     8   1.61489e+08   1.61416e+08   196613    0.05%
 100658 69556   1.61416e+08     8   1.61489e+08   1.61416e+08   196614    0.05%
 100659 69557   1.61416e+08     8   1.61489e+08   1.61416e+08   196616    0.05%
 100660 69558   1.61416e+08     8   1.61489e+08   1.61416e+08   196617    0.05%
Elapsed time = 62.72 sec. (54973.45 ticks, tree = 169.55 MB, solutions = 45)
*101082 60555      integral     0   1.61474e+08   1.61416e+08   197153    0.04%
*101136 48477      integral     0   1.61460e+08   1.61416e+08   197215    0.03%
 104401 49771   1.61416e+08     6   1.61460e+08   1.61416e+08   204213    0.03%
 104402 49772   1.61416e+08     6   1.61460e+08   1.61416e+08   204214    0.03%
 104403 49771    infeasible         1.61460e+08   1.61416e+08   204222    0.03%
 104404 49772   1.61459e+08     6   1.61460e+08   1.61416e+08   204228    0.03%
 104405 49771    infeasible         1.61460e+08   1.61416e+08   204228    0.03%
 104406 49770    infeasible         1.61460e+08   1.61416e+08   204228    0.03%
 104407 49771   1.61416e+08     6   1.61460e+08   1.61416e+08   204229    0.03%
 104408 49772   1.61416e+08     6   1.61460e+08   1.61416e+08   204231    0.03%
 104409 49772   1.61459e+08     6   1.61460e+08   1.61416e+08   204238    0.03%
 104410 49771    infeasible         1.61460e+08   1.61416e+08   204238    0.03%
Elapsed time = 67.25 sec. (58795.03 ticks, tree = 122.04 MB, solutions = 47)
 108434 49807   1.61416e+08     6   1.61460e+08   1.61416e+08   218657    0.03%
 108435 49806    infeasible         1.61460e+08   1.61416e+08   218666    0.03%
 108436 49806   1.61459e+08     6   1.61460e+08   1.61416e+08   218674    0.03%
 108437 49805    infeasible         1.61460e+08   1.61416e+08   218674    0.03%
 108438 49805   1.61459e+08     5   1.61460e+08   1.61416e+08   218683    0.03%
 108439 49804    infeasible         1.61460e+08   1.61416e+08   218687    0.03%
 108440 49804   1.61459e+08     6   1.61460e+08   1.61416e+08   218698    0.03%
 108441 49803    infeasible         1.61460e+08   1.61416e+08   218698    0.03%
 108442 49802    infeasible         1.61460e+08   1.61416e+08   218698    0.03%
 108443 49803   1.61416e+08     6   1.61460e+08   1.61416e+08   218699    0.03%
Elapsed time = 71.40 sec. (62620.15 ticks, tree = 122.14 MB, solutions = 47)
 112392 49907    infeasible         1.61460e+08   1.61416e+08   233434    0.03%
 112393 49906    infeasible         1.61460e+08   1.61416e+08   233447    0.03%
 112394 49907   1.61416e+08     6   1.61460e+08   1.61416e+08   233449    0.03%
 112395 49906    infeasible         1.61460e+08   1.61416e+08   233449    0.03%
 112396 49905    infeasible         1.61460e+08   1.61416e+08   233449    0.03%
 112397 49904        cutoff         1.61460e+08   1.61416e+08   233458    0.03%
 112398 49905   1.61416e+08     6   1.61460e+08   1.61416e+08   233460    0.03%
 112399 49905   1.61459e+08     6   1.61460e+08   1.61416e+08   233469    0.03%
 112400 49904    infeasible         1.61460e+08   1.61416e+08   233469    0.03%
 112401 49905   1.61416e+08     6   1.61460e+08   1.61416e+08   233477    0.03%
Elapsed time = 75.60 sec. (66447.87 ticks, tree = 122.46 MB, solutions = 47)
 116493 50118   1.61459e+08     6   1.61460e+08   1.61416e+08   247308    0.03%
 116494 50117    infeasible         1.61460e+08   1.61416e+08   247309    0.03%
 116495 50116    infeasible         1.61460e+08   1.61416e+08   247309    0.03%
 116496 50117   1.61416e+08     6   1.61460e+08   1.61416e+08   247310    0.03%
 116497 50117   1.61459e+08     6   1.61460e+08   1.61416e+08   247321    0.03%
 116498 50116    infeasible         1.61460e+08   1.61416e+08   247321    0.03%
 116499 50117   1.61416e+08     6   1.61460e+08   1.61416e+08   247322    0.03%
 116500 50118   1.61416e+08     6   1.61460e+08   1.61416e+08   247323    0.03%
 116501 50119   1.61416e+08     5   1.61460e+08   1.61416e+08   247328    0.03%
 116502 50118    infeasible         1.61460e+08   1.61416e+08   247330    0.03%
Elapsed time = 79.77 sec. (70270.45 ticks, tree = 123.11 MB, solutions = 47)
 120548 50254   1.61416e+08     6   1.61460e+08   1.61416e+08   260636    0.03%
 120549 50255   1.61416e+08     6   1.61460e+08   1.61416e+08   260637    0.03%
 120550 50256   1.61416e+08     6   1.61460e+08   1.61416e+08   260640    0.03%
 120551 50257   1.61416e+08     6   1.61460e+08   1.61416e+08   260647    0.03%
 120552 50257   1.61459e+08     6   1.61460e+08   1.61416e+08   260657    0.03%
 120553 50258   1.61416e+08     6   1.61460e+08   1.61416e+08   260658    0.03%
 120554 50259   1.61416e+08     6   1.61460e+08   1.61416e+08   260662    0.03%
 120555 50258    infeasible         1.61460e+08   1.61416e+08   260662    0.03%
 120556 50257    infeasible         1.61460e+08   1.61416e+08   260662    0.03%
 120557 50258   1.61416e+08     4   1.61460e+08   1.61416e+08   260663    0.03%
Elapsed time = 84.03 sec. (74094.22 ticks, tree = 123.54 MB, solutions = 47)
 125063 50495   1.61416e+08     6   1.61460e+08   1.61416e+08   275229    0.03%
 125064 50496   1.61459e+08     6   1.61460e+08   1.61416e+08   275234    0.03%
 125065 50495    infeasible         1.61460e+08   1.61416e+08   275234    0.03%
 125066 50494    infeasible         1.61460e+08   1.61416e+08   275234    0.03%
 125067 50495   1.61416e+08     6   1.61460e+08   1.61416e+08   275236    0.03%
 125068 50496   1.61416e+08     6   1.61460e+08   1.61416e+08   275241    0.03%
 125069 50495    infeasible         1.61460e+08   1.61416e+08   275241    0.03%
 125070 50494    infeasible         1.61460e+08   1.61416e+08   275241    0.03%
 125071 50495   1.61416e+08     6   1.61460e+08   1.61416e+08   275247    0.03%
 125072 50494        cutoff         1.61460e+08   1.61416e+08   275249    0.03%
Elapsed time = 88.31 sec. (77914.70 ticks, tree = 124.27 MB, solutions = 47)
 129685 50735   1.61416e+08     6   1.61460e+08   1.61416e+08   290458    0.03%
 129686 50736   1.61416e+08     6   1.61460e+08   1.61416e+08   290459    0.03%
 129687 50737   1.61416e+08     6   1.61460e+08   1.61416e+08   290460    0.03%
 129688 50738   1.61416e+08     6   1.61460e+08   1.61416e+08   290461    0.03%
 129689 50739   1.61416e+08     6   1.61460e+08   1.61416e+08   290462    0.03%
 129690 50740   1.61416e+08     6   1.61460e+08   1.61416e+08   290464    0.03%
 129691 50741   1.61416e+08     6   1.61460e+08   1.61416e+08   290465    0.03%
 129692 50742   1.61416e+08     6   1.61460e+08   1.61416e+08   290470    0.03%
 129693 50741        cutoff         1.61460e+08   1.61416e+08   290481    0.03%
 129694 50742   1.61416e+08     6   1.61460e+08   1.61416e+08   290482    0.03%
Elapsed time = 92.67 sec. (81738.54 ticks, tree = 125.03 MB, solutions = 47)
 133808 50948   1.61416e+08     6   1.61460e+08   1.61416e+08   305653    0.03%
 133809 50948   1.61459e+08     5   1.61460e+08   1.61416e+08   305660    0.03%
 133810 50949   1.61416e+08     6   1.61460e+08   1.61416e+08   305661    0.03%
 133811 50949   1.61459e+08     6   1.61460e+08   1.61416e+08   305667    0.03%
 133812 50950   1.61416e+08     6   1.61460e+08   1.61416e+08   305668    0.03%
 133813 50950   1.61459e+08     6   1.61460e+08   1.61416e+08   305674    0.03%
 133814 50951   1.61416e+08     6   1.61460e+08   1.61416e+08   305675    0.03%
 133815 50951   1.61459e+08     6   1.61460e+08   1.61416e+08   305680    0.03%
 133816 50952   1.61416e+08     6   1.61460e+08   1.61416e+08   305681    0.03%
 133817 50951        cutoff         1.61460e+08   1.61416e+08   305693    0.03%
Elapsed time = 96.98 sec. (85563.52 ticks, tree = 125.68 MB, solutions = 47)
 137644 51166   1.61416e+08     6   1.61460e+08   1.61416e+08   319781    0.03%
 137645 51167   1.61416e+08     6   1.61460e+08   1.61416e+08   319783    0.03%
 137646 51166        cutoff         1.61460e+08   1.61416e+08   319793    0.03%
 137647 51165        cutoff         1.61460e+08   1.61416e+08   319800    0.03%
 137648 51166   1.61416e+08     6   1.61460e+08   1.61416e+08   319804    0.03%
 137649 51167   1.61416e+08     6   1.61460e+08   1.61416e+08   319805    0.03%
 137650 51168   1.61416e+08     6   1.61460e+08   1.61416e+08   319814    0.03%
 137651 51167    infeasible         1.61460e+08   1.61416e+08   319814    0.03%
 137652 51166    infeasible         1.61460e+08   1.61416e+08   319814    0.03%
 137653 51167   1.61416e+08     6   1.61460e+08   1.61416e+08   319816    0.03%
Elapsed time = 101.40 sec. (89389.87 ticks, tree = 126.34 MB, solutions = 47)
 142043 51351   1.61416e+08     6   1.61460e+08   1.61416e+08   334796    0.03%
 142044 51350        cutoff         1.61460e+08   1.61416e+08   334807    0.03%
 142045 51351   1.61416e+08     6   1.61460e+08   1.61416e+08   334808    0.03%
 142046 51352   1.61416e+08     6   1.61460e+08   1.61416e+08   334812    0.03%
 142047 51351    infeasible         1.61460e+08   1.61416e+08   334812    0.03%
 142048 51350        cutoff         1.61460e+08   1.61416e+08   334817    0.03%
 142049 51351   1.61416e+08     6   1.61460e+08   1.61416e+08   334818    0.03%
 142050 51352   1.61416e+08     5   1.61460e+08   1.61416e+08   334822    0.03%
 142051 51353   1.61416e+08     6   1.61460e+08   1.61416e+08   334823    0.03%
 142052 51354   1.61416e+08     6   1.61460e+08   1.61416e+08   334824    0.03%
Elapsed time = 105.75 sec. (93213.21 ticks, tree = 126.92 MB, solutions = 47)
 146233 51620    infeasible         1.61460e+08   1.61416e+08   349607    0.03%
 146234 51621   1.61416e+08     6   1.61460e+08   1.61416e+08   349609    0.03%
 146235 51622   1.61416e+08     5   1.61460e+08   1.61416e+08   349610    0.03%
 146236 51623   1.61416e+08     6   1.61460e+08   1.61416e+08   349611    0.03%
 146237 51624   1.61416e+08     6   1.61460e+08   1.61416e+08   349614    0.03%
 146238 51625   1.61416e+08     6   1.61460e+08   1.61416e+08   349615    0.03%
 146239 51626   1.61416e+08     6   1.61460e+08   1.61416e+08   349616    0.03%
 146240 51627   1.61416e+08     6   1.61460e+08   1.61416e+08   349617    0.03%
 146241 51626    infeasible         1.61460e+08   1.61416e+08   349627    0.03%
 146242 51627   1.61416e+08     6   1.61460e+08   1.61416e+08   349629    0.03%
Elapsed time = 110.06 sec. (97036.25 ticks, tree = 127.76 MB, solutions = 47)
 150642 51853        cutoff         1.61460e+08   1.61416e+08   364427    0.03%
 150643 51854   1.61416e+08     6   1.61460e+08   1.61416e+08   364428    0.03%
 150644 51855   1.61459e+08     5   1.61460e+08   1.61416e+08   364437    0.03%
 150645 51854    infeasible         1.61460e+08   1.61416e+08   364437    0.03%
 150646 51853    infeasible         1.61460e+08   1.61416e+08   364437    0.03%
 150647 51854   1.61459e+08     6   1.61460e+08   1.61416e+08   364443    0.03%
 150648 51853    infeasible         1.61460e+08   1.61416e+08   364443    0.03%
 150649 51852    infeasible         1.61460e+08   1.61416e+08   364443    0.03%
 150650 51853   1.61416e+08     6   1.61460e+08   1.61416e+08   364445    0.03%
 150651 51854   1.61416e+08     6   1.61460e+08   1.61416e+08   364446    0.03%
Elapsed time = 114.31 sec. (100857.37 ticks, tree = 128.46 MB, solutions = 47)
 154547 52067   1.61416e+08     6   1.61460e+08   1.61416e+08   378049    0.03%
 154548 52068   1.61416e+08     5   1.61460e+08   1.61416e+08   378062    0.03%
 154549 52067    infeasible         1.61460e+08   1.61416e+08   378062    0.03%
 154550 52066    infeasible         1.61460e+08   1.61416e+08   378062    0.03%
 154551 52067   1.61459e+08     4   1.61460e+08   1.61416e+08   378074    0.03%
 154552 52068   1.61459e+08     4   1.61460e+08   1.61416e+08   378076    0.03%
 154553 52069   1.61459e+08     4   1.61460e+08   1.61416e+08   378077    0.03%
 154554 52069   1.61459e+08     4   1.61460e+08   1.61416e+08   378084    0.03%
 154555 52068    infeasible         1.61460e+08   1.61416e+08   378084    0.03%
 154556 52069   1.61416e+08     6   1.61460e+08   1.61416e+08   378094    0.03%
Elapsed time = 118.47 sec. (104680.76 ticks, tree = 129.12 MB, solutions = 47)
*158893+51941                       1.61459e+08   1.61416e+08             0.03%
 158907 51938    infeasible         1.61459e+08   1.61416e+08   393856    0.03%
 158908 51938   1.61459e+08     4   1.61459e+08   1.61416e+08   393861    0.03%
 158909 51937    infeasible         1.61459e+08   1.61416e+08   393863    0.03%
 158910 51937   1.61459e+08     6   1.61459e+08   1.61416e+08   393869    0.03%
 158911 51936    infeasible         1.61459e+08   1.61416e+08   393871    0.03%
 158912 51937   1.61416e+08     6   1.61459e+08   1.61416e+08   393872    0.03%
 158913 51937   1.61459e+08     4   1.61459e+08   1.61416e+08   393877    0.03%
 158914 51936    infeasible         1.61459e+08   1.61416e+08   393879    0.03%
 158915 51937   1.61416e+08     6   1.61459e+08   1.61416e+08   393880    0.03%
 158916 51938   1.61459e+08     6   1.61459e+08   1.61416e+08   393886    0.03%
Elapsed time = 122.65 sec. (108507.13 ticks, tree = 128.79 MB, solutions = 48)
 163303 52262   1.61416e+08     6   1.61459e+08   1.61416e+08   407988    0.03%
 163304 52263   1.61416e+08     4   1.61459e+08   1.61416e+08   407993    0.03%
 163305 52264   1.61416e+08     6   1.61459e+08   1.61416e+08   407994    0.03%
 163306 52265   1.61416e+08     6   1.61459e+08   1.61416e+08   407995    0.03%
 163307 52266   1.61416e+08     6   1.61459e+08   1.61416e+08   407998    0.03%
 163308 52267   1.61416e+08     6   1.61459e+08   1.61416e+08   407999    0.03%
 163309 52268   1.61416e+08     6   1.61459e+08   1.61416e+08   408001    0.03%
 163310 52269   1.61416e+08     6   1.61459e+08   1.61416e+08   408004    0.03%
 163311 52270   1.61416e+08     6   1.61459e+08   1.61416e+08   408007    0.03%
 163312 52269    infeasible         1.61459e+08   1.61416e+08   408007    0.03%
Elapsed time = 126.92 sec. (112331.34 ticks, tree = 129.81 MB, solutions = 48)
*163462     1      integral     0   1.61416e+08   1.61416e+08   408458    0.00%

Mixed integer rounding cuts applied:  2

Root node processing (before b&c):
  Real time             =    0.21 sec. (162.58 ticks)
Sequential b&c:
  Real time             =  126.88 sec. (112689.52 ticks)
                          ------------
Total (root+branch&cut) =  127.10 sec. (112852.09 ticks)

Solution pool: 49 solutions saved.

MIP - Integer optimal solution:  Objective =  1.6141608600e+08
Solution time =  127.10 sec.  Iterations = 408458  Nodes = 163463
Deterministic time = 112852.10 ticks  (887.93 ticks/sec)


Incumbent solution written to file '/tmp/tmpGyx0ed.cplex.sol'.
