
Gurobi 6.5.2 (linux64) logging started Sun Mar  4 12:03:48 2018

Changed value of parameter LogFile to data/solutions/planning/wellformed/hard/weighting/wellformed_hard_instance87_gurobi.log
   Prev: gurobi.log  Default: 
Changed value of parameter Threads to 1
   Prev: 0  Min: 0  Max: 1024  Default: 0
Optimize a model with 450 rows, 10026 columns and 20074 nonzeros
Coefficient statistics:
  Matrix range    [1e+00, 2e+03]
  Objective range [1e+00, 2e+07]
  Bounds range    [1e+00, 1e+00]
  RHS range       [1e+00, 1e+00]
Presolve removed 3 rows and 3 columns
Presolve time: 0.03s
Presolved: 447 rows, 10023 columns, 20069 nonzeros
Variable types: 0 continuous, 10023 integer (10000 binary)
Found heuristic solution: objective 6.771838e+12

Root relaxation: objective 5.417470e+11, 793 iterations, 0.02 seconds

    Nodes    |    Current Node    |     Objective Bounds      |     Work
 Expl Unexpl |  Obj  Depth IntInf | Incumbent    BestBd   Gap | It/Node Time

     0     0 5.4175e+11    0   62 6.7718e+12 5.4175e+11  92.0%     -    0s
     0     0 5.4175e+11    0   67 6.7718e+12 5.4175e+11  92.0%     -    0s
     0     0 5.4175e+11    0   78 6.7718e+12 5.4175e+11  92.0%     -    0s
     0     0 5.4175e+11    0   68 6.7718e+12 5.4175e+11  92.0%     -    0s
     0     0 5.4175e+11    0   70 6.7718e+12 5.4175e+11  92.0%     -    0s
     0     0 5.4175e+11    0   71 6.7718e+12 5.4175e+11  92.0%     -    0s
     0     0 5.4175e+11    0   67 6.7718e+12 5.4175e+11  92.0%     -    1s
     0     0 5.4175e+11    0   61 6.7718e+12 5.4175e+11  92.0%     -    1s
     0     2 5.4175e+11    0   69 6.7718e+12 5.4175e+11  92.0%     -    1s
H   54    54                    1.319959e+12 5.4175e+11  59.0%  63.6    2s
  1360  1362 5.4444e+11  965   30 1.3200e+12 5.4175e+11  59.0%  13.2    5s
H 1517  1517                    7.642724e+11 5.4175e+11  29.1%  13.6    5s
H 1692  1688                    7.435787e+11 5.4175e+11  27.1%  13.9    5s
  1736  1719 5.4177e+11   15   64 7.4358e+11 5.4177e+11  27.1%  27.0   10s
  2083  1950 5.4177e+11  289   40 7.4358e+11 5.4177e+11  27.1%  27.0   15s
H 2434  2085                    7.214448e+11 5.4177e+11  24.9%  23.9   17s
H 2569  2090                    7.193228e+11 5.4177e+11  24.7%  23.0   18s
H 2704  2082                    6.661524e+11 5.4177e+11  18.7%  22.1   19s
  2729  2099 5.4177e+11  663   34 6.6615e+11 5.4177e+11  18.7%  21.9   20s
H 2813  2075                    6.465689e+11 5.4177e+11  16.2%  21.4   20s
H 3049  2110                    6.026330e+11 5.4177e+11  10.1%  20.0   21s
  3638  2387 5.4194e+11  801   32 6.0263e+11 5.4177e+11  10.1%  17.6   25s
H 3918  2470                    6.026272e+11 5.4177e+11  10.1%  16.6   25s
  5454  3340 5.4192e+11  875   36 6.0263e+11 5.4177e+11  10.1%  13.1   30s
H 7668  5314                    6.016800e+11 5.4177e+11  10.0%  10.4   34s
  7849  5489 5.4177e+11  916   34 6.0168e+11 5.4177e+11  10.0%  10.3   35s
H 8168  5709                    6.010386e+11 5.4177e+11  9.86%  10.2   35s
  9534  6777 5.4180e+11  931   33 6.0104e+11 5.4177e+11  9.86%   9.6   40s
 10202  7120 infeasible  913      6.0104e+11 5.4177e+11  9.86%   9.4   54s
 10260  7122 5.4177e+11  873   31 6.0104e+11 5.4177e+11  9.86%   9.4   55s
H11891  8101                    5.985472e+11 5.4177e+11  9.49%   8.9   59s
 11945  8117 5.4190e+11  923   33 5.9855e+11 5.4177e+11  9.49%   8.9   60s
H12823  8529                    5.982712e+11 5.4177e+11  9.44%   8.7   64s
 12830  8538 5.4177e+11  963   34 5.9827e+11 5.4177e+11  9.44%   8.7   65s
H12902  8574                    5.981405e+11 5.4177e+11  9.42%   8.7   65s
H12929  8583                    5.981402e+11 5.4177e+11  9.42%   8.7   65s
H13392  8920                    5.976045e+11 5.4177e+11  9.34%   8.6   67s
 14244  9562 5.4177e+11  940   32 5.9760e+11 5.4177e+11  9.34%   8.5   70s
H15640 10216                    5.976013e+11 5.4177e+11  9.34%   8.5   74s
H15751 10229                    5.972623e+11 5.4177e+11  9.29%   8.5   74s
 15870 10286 5.4177e+11  984   30 5.9726e+11 5.4177e+11  9.29%   8.5   75s
 17048 10498 5.4177e+11  975   32 5.9726e+11 5.4177e+11  9.29%   8.5   80s
 18268 10748 5.4177e+11  979   48 5.9726e+11 5.4177e+11  9.29%   8.5   85s
 19585 10988 5.4177e+11  976   30 5.9726e+11 5.4177e+11  9.29%   8.5   90s
H20714 11219                    5.971314e+11 5.4177e+11  9.27%   8.4   93s
 21067 11288 infeasible  975      5.9713e+11 5.4177e+11  9.27%   8.4   95s
 22386 11518 5.4180e+11  974   34 5.9713e+11 5.4177e+11  9.27%   8.3  100s
H22882 11575                    5.971283e+11 5.4177e+11  9.27%   8.3  101s
 23719 11767 5.4177e+11  972   30 5.9713e+11 5.4177e+11  9.27%   8.2  105s
H24798 11956                    5.968629e+11 5.4177e+11  9.23%   8.1  108s
 25046 11968 5.4177e+11  966   27 5.9686e+11 5.4177e+11  9.23%   8.1  110s
H25741 12109                    5.934145e+11 5.4177e+11  8.70%   8.1  113s
 26359 12247 5.4177e+11  976   31 5.9341e+11 5.4177e+11  8.70%   8.1  115s
H26659 12263                    5.933966e+11 5.4177e+11  8.70%   8.1  116s
 27655 12337 infeasible  971      5.9340e+11 5.4177e+11  8.70%   8.0  120s
 29003 12490 5.4177e+11  969   33 5.9340e+11 5.4177e+11  8.70%   7.9  125s
 30623 12711 5.4177e+11  970   31 5.9340e+11 5.4177e+11  8.70%   7.8  130s
 32353 13177 infeasible  984      5.9340e+11 5.4177e+11  8.70%   7.7  135s
 33848 13311 infeasible  974      5.9340e+11 5.4177e+11  8.70%   7.7  140s
 35297 13421 5.4177e+11  961   30 5.9340e+11 5.4177e+11  8.70%   7.6  145s
 36805 13611 5.4177e+11  975   31 5.9340e+11 5.4177e+11  8.70%   7.6  150s
 38131 13709 5.4180e+11  956   34 5.9340e+11 5.4177e+11  8.70%   7.5  155s
H38405 13706                    5.926877e+11 5.4177e+11  8.59%   7.5  156s
 39374 13827 infeasible  980      5.9269e+11 5.4177e+11  8.59%   7.5  160s
H39517 13848                    5.921149e+11 5.4177e+11  8.50%   7.5  160s
H39751 13880                    5.918720e+11 5.4177e+11  8.47%   7.5  161s
 40730 13963 5.4177e+11  967   28 5.9187e+11 5.4177e+11  8.47%   7.5  165s
 42051 14079 5.4177e+11  973   29 5.9187e+11 5.4177e+11  8.47%   7.4  170s
 43486 14808 5.4187e+11  873   27 5.9187e+11 5.4177e+11  8.47%   7.4  175s
 45061 15674 5.4177e+11  919   32 5.9187e+11 5.4177e+11  8.47%   7.3  180s
 46639 16500 5.4177e+11  926   31 5.9187e+11 5.4177e+11  8.47%   7.2  185s
H46738 16556                    5.918625e+11 5.4177e+11  8.46%   7.2  185s
 48209 17292 5.4177e+11  834   32 5.9186e+11 5.4177e+11  8.46%   7.2  190s
H49101 17752                    5.911114e+11 5.4177e+11  8.35%   7.1  192s
 49664 17987 5.4200e+11  876   22 5.9111e+11 5.4177e+11  8.35%   7.1  195s
H51247 18961                    5.910336e+11 5.4177e+11  8.34%   7.1  199s
 51482 19108 infeasible  948      5.9103e+11 5.4177e+11  8.34%   7.1  200s
 53253 20250 5.4184e+11  889   22 5.9103e+11 5.4177e+11  8.34%   7.1  205s
 54162 20449 infeasible  865      5.9103e+11 5.4177e+11  8.34%   7.1  210s
H55058 20601                    5.906770e+11 5.4177e+11  8.28%   7.1  214s
 55299 20694 5.4195e+11  867   29 5.9068e+11 5.4177e+11  8.28%   7.1  215s
H56136 21116                    5.905524e+11 5.4177e+11  8.26%   7.1  218s
H56622 21406                    5.905448e+11 5.4177e+11  8.26%   7.1  219s
 56879 21590 infeasible  861      5.9054e+11 5.4177e+11  8.26%   7.1  220s
 58281 22110 5.4200e+11  859   34 5.9054e+11 5.4177e+11  8.26%   7.1  225s
H58893 22220                    5.903812e+11 5.4177e+11  8.23%   7.1  228s
 59315 22437 5.4192e+11  921   11 5.9038e+11 5.4177e+11  8.23%   7.2  230s
 60436 22641 infeasible  869      5.9038e+11 5.4177e+11  8.23%   7.2  235s
H61394 23131                    5.903811e+11 5.4177e+11  8.23%   7.2  238s
 61692 23210 5.4190e+11  872   19 5.9038e+11 5.4177e+11  8.23%   7.2  240s
H62185 23446                    5.903320e+11 5.4177e+11  8.23%   7.2  241s
 63341 24223 5.4188e+11  917   23 5.9033e+11 5.4177e+11  8.23%   7.2  245s
H64590 25004                    5.903318e+11 5.4177e+11  8.23%   7.2  249s
 64882 25172 5.4177e+11  906   27 5.9033e+11 5.4177e+11  8.23%   7.1  250s
 66273 25219 5.4177e+11  898   28 5.9033e+11 5.4177e+11  8.23%   7.1  255s
 67913 25385 5.4199e+11  880   18 5.9033e+11 5.4177e+11  8.23%   7.1  260s
 69510 26255 5.4187e+11  855   27 5.9033e+11 5.4177e+11  8.23%   7.1  265s
 70888 26822 5.4186e+11  854   35 5.9033e+11 5.4177e+11  8.23%   7.1  270s
 72265 27462 5.4187e+11  924   18 5.9033e+11 5.4177e+11  8.23%   7.1  275s
 73895 28254 5.4177e+11  847   31 5.9033e+11 5.4177e+11  8.23%   7.0  280s
 75066 28907 5.4197e+11  846   31 5.9033e+11 5.4177e+11  8.23%   7.0  285s
 76226 29344 5.4177e+11  850   27 5.9033e+11 5.4177e+11  8.23%   7.1  290s
H76951 29522                    5.903108e+11 5.4177e+11  8.22%   7.1  293s
 76959 29532 5.4177e+11  854   32 5.9031e+11 5.4177e+11  8.22%   7.1  295s
 77748 29898 5.4184e+11  930   24 5.9031e+11 5.4177e+11  8.22%   7.1  300s
 79529 30970 5.4177e+11  844   31 5.9031e+11 5.4177e+11  8.22%   7.1  305s
 80898 31788 5.4188e+11  954   22 5.9031e+11 5.4177e+11  8.22%   7.0  310s
 82578 32857 5.4189e+11  887   25 5.9031e+11 5.4177e+11  8.22%   7.0  315s
 84133 33875 5.4193e+11  880   22 5.9031e+11 5.4177e+11  8.22%   7.0  320s
 85291 34643 5.4188e+11  861   19 5.9031e+11 5.4177e+11  8.22%   7.1  325s
 86605 35449 5.4192e+11  847   30 5.9031e+11 5.4177e+11  8.22%   7.1  330s
 88272 36568 5.4198e+11  883   23 5.9031e+11 5.4177e+11  8.22%   7.0  335s
 89447 37218 5.4187e+11  859   24 5.9031e+11 5.4177e+11  8.22%   7.0  340s
 91083 38201 5.4199e+11  977   18 5.9031e+11 5.4177e+11  8.22%   7.0  345s
 92656 39055 5.4188e+11  891   20 5.9031e+11 5.4177e+11  8.22%   7.0  350s
 94195 40032 5.4184e+11  905   23 5.9031e+11 5.4177e+11  8.22%   7.0  355s
 96126 41253 5.4200e+11  864   22 5.9031e+11 5.4177e+11  8.22%   7.0  360s
 97546 42209 5.4200e+11  925   22 5.9031e+11 5.4177e+11  8.22%   7.0  365s
 98933 43261 5.4200e+11  851   18 5.9031e+11 5.4177e+11  8.22%   7.0  370s
 100275 43983 5.4200e+11  850   26 5.9031e+11 5.4177e+11  8.22%   7.0  375s
H101254 44543                    5.899202e+11 5.4177e+11  8.16%   7.0  378s
 101796 44873 5.4200e+11  843   34 5.8992e+11 5.4177e+11  8.16%   7.0  380s
 103409 45984 5.4195e+11  887   16 5.8992e+11 5.4177e+11  8.16%   7.0  385s
 104693 46776 5.4187e+11  919   23 5.8992e+11 5.4177e+11  8.16%   7.0  390s
H104911 46935                    5.899196e+11 5.4177e+11  8.16%   7.0  390s
 106215 47640 5.4199e+11  910   17 5.8992e+11 5.4177e+11  8.16%   7.0  395s
 107690 48607 5.4188e+11  925   15 5.8992e+11 5.4177e+11  8.16%   7.0  400s
 109035 49454 5.4187e+11  886   17 5.8992e+11 5.4177e+11  8.16%   7.0  405s
 110524 50372 5.4200e+11  846   24 5.8992e+11 5.4177e+11  8.16%   7.0  410s
 112035 51119 5.4177e+11  855   29 5.8992e+11 5.4177e+11  8.16%   7.0  415s
H112725 51498                    5.899180e+11 5.4177e+11  8.16%   7.0  417s
 113893 52183 infeasible  871      5.8992e+11 5.4177e+11  8.16%   7.0  420s
 115652 53170 5.4187e+11  889   18 5.8992e+11 5.4177e+11  8.16%   7.0  425s
 117271 54154 5.4177e+11  844   34 5.8992e+11 5.4177e+11  8.16%   7.0  430s
 118663 54845 5.4184e+11  845   37 5.8992e+11 5.4177e+11  8.16%   7.0  435s
H118996 55097                    5.899179e+11 5.4177e+11  8.16%   7.0  436s
 120469 56024 infeasible  851      5.8992e+11 5.4177e+11  8.16%   7.0  440s
 122789 57482 5.4189e+11  896   24 5.8992e+11 5.4177e+11  8.16%   6.9  445s
 124634 58758 5.4177e+11  878   15 5.8992e+11 5.4177e+11  8.16%   6.9  450s
H125163 59024                    5.899177e+11 5.4177e+11  8.16%   6.9  451s
 126638 59895 5.4177e+11  888   20 5.8992e+11 5.4177e+11  8.16%   6.9  455s
 128481 60896 infeasible  897      5.8992e+11 5.4177e+11  8.16%   6.9  460s
H128645 60970                    5.899176e+11 5.4177e+11  8.16%   6.9  460s
 130278 62114 5.4177e+11  973   30 5.8992e+11 5.4177e+11  8.16%   6.9  465s
 132017 63172 5.4177e+11  967   30 5.8992e+11 5.4177e+11  8.16%   6.9  470s
H133078 63644                    5.898743e+11 5.4177e+11  8.16%   6.9  473s
H133105 63655                    5.892482e+11 5.4177e+11  8.06%   6.9  473s
 133321 63723 5.4177e+11  958   20 5.8925e+11 5.4177e+11  8.06%   6.9  475s
 134327 63617 infeasible  938      5.8925e+11 5.4177e+11  8.06%   6.9  480s
H135290 63916                    5.892482e+11 5.4177e+11  8.06%   6.9  485s
H136050 64118                    5.891856e+11 5.4177e+11  8.05%   6.9  487s
 136524 64279 infeasible  951      5.8919e+11 5.4177e+11  8.05%   6.9  490s
 137591 64551 infeasible  946      5.8919e+11 5.4177e+11  8.05%   6.9  495s
 138960 65108 5.4177e+11  999   26 5.8919e+11 5.4177e+11  8.05%   6.9  500s
 140657 66047 5.4177e+11  953   21 5.8919e+11 5.4177e+11  8.05%   6.9  505s
 142343 66840 infeasible  974      5.8919e+11 5.4177e+11  8.05%   6.9  510s
 143942 67460 infeasible  994      5.8919e+11 5.4177e+11  8.05%   6.9  515s
 145124 67741 5.4177e+11  984   30 5.8919e+11 5.4177e+11  8.05%   7.0  520s
 146652 68220 5.4177e+11  976   26 5.8919e+11 5.4177e+11  8.05%   7.0  525s
H147181 68355                    5.891856e+11 5.4177e+11  8.05%   7.0  526s
 148064 68562 infeasible  974      5.8919e+11 5.4177e+11  8.05%   7.0  530s
H148821 68800                    5.842946e+11 5.4177e+11  7.28%   7.0  533s
H149191 68934                    5.840242e+11 5.4177e+11  7.24%   7.0  534s
H149219 68956                    5.839775e+11 5.4177e+11  7.23%   7.0  534s
 149246 68958 5.4177e+11  981   25 5.8398e+11 5.4177e+11  7.23%   7.0  535s
H149481 69004                    5.838624e+11 5.4177e+11  7.21%   7.0  535s
H149594 69064                    5.837840e+11 5.4177e+11  7.20%   7.0  536s
 150653 69502 5.4177e+11  957   22 5.8378e+11 5.4177e+11  7.20%   7.0  540s
H150861 69592                    5.833382e+11 5.4177e+11  7.13%   7.0  540s
H150955 69598                    5.828593e+11 5.4177e+11  7.05%   7.0  541s
 151965 69948 5.4177e+11  971   29 5.8286e+11 5.4177e+11  7.05%   7.0  545s
H152877 70256                    5.826642e+11 5.4177e+11  7.02%   7.0  547s
H152931 70278                    5.792688e+11 5.4177e+11  6.47%   7.0  547s
H153586 70583                    5.792361e+11 5.4177e+11  6.47%   7.0  549s
 153683 70608 5.4177e+11 1000   23 5.7924e+11 5.4177e+11  6.47%   7.0  550s
H154002 70761                    5.792065e+11 5.4177e+11  6.46%   7.0  550s
H154029 70782                    5.791979e+11 5.4177e+11  6.46%   7.0  550s
H154240 70893                    5.791617e+11 5.4177e+11  6.46%   7.0  551s
H154596 70970                    5.791617e+11 5.4177e+11  6.46%   7.0  553s
H154623 70971                    5.743496e+11 5.4177e+11  5.67%   7.0  554s
 155122 71193 5.4177e+11  980   24 5.7435e+11 5.4177e+11  5.67%   7.0  555s
H155235 71240                    5.739920e+11 5.4177e+11  5.61%   7.0  555s
H155318 71259                    5.739899e+11 5.4177e+11  5.61%   7.0  555s
H155667 71307                    5.739726e+11 5.4177e+11  5.61%   7.0  557s
 156494 71658 5.4180e+11  983   37 5.7397e+11 5.4177e+11  5.61%   7.0  560s
H157377 71949                    5.738167e+11 5.4177e+11  5.58%   7.0  563s
H157410 71954                    5.738167e+11 5.4177e+11  5.58%   7.0  563s
 157788 71999 5.4177e+11  967   25 5.7382e+11 5.4177e+11  5.58%   7.1  565s
H158205 72107                    5.738139e+11 5.4177e+11  5.58%   7.1  566s
H158499 72201                    5.735366e+11 5.4177e+11  5.54%   7.1  567s
H158553 72238                    5.735146e+11 5.4177e+11  5.54%   7.1  567s
H158592 72240                    5.735072e+11 5.4177e+11  5.53%   7.1  568s
H159064 72490                    5.732216e+11 5.4177e+11  5.49%   7.1  569s
 159167 72525 infeasible  981      5.7322e+11 5.4177e+11  5.49%   7.1  570s
H159251 72551                    5.731829e+11 5.4177e+11  5.48%   7.1  570s
H159278 72548                    5.731719e+11 5.4177e+11  5.48%   7.1  570s
H159494 72609                    5.731355e+11 5.4177e+11  5.47%   7.1  571s
H159732 72591                    5.722168e+11 5.4177e+11  5.32%   7.1  572s
H159759 72589                    5.719769e+11 5.4177e+11  5.28%   7.1  572s
H159790 72586                    5.711464e+11 5.4177e+11  5.14%   7.1  572s
H159817 72579                    5.688563e+11 5.4177e+11  4.76%   7.1  572s
H160001 72581                    5.670440e+11 5.4177e+11  4.46%   7.1  573s
H160118 72602                    5.670316e+11 5.4177e+11  4.46%   7.1  574s
 160228 72636 infeasible  985      5.6703e+11 5.4177e+11  4.46%   7.1  575s
H160406 72707                    5.668492e+11 5.4177e+11  4.42%   7.1  575s
H160437 72738                    5.668256e+11 5.4177e+11  4.42%   7.1  575s
H160539 72778                    5.667945e+11 5.4177e+11  4.42%   7.1  576s
H161494 73093                    5.667240e+11 5.4177e+11  4.40%   7.1  579s
H161521 73101                    5.666236e+11 5.4177e+11  4.39%   7.1  579s
H161612 73161                    5.662891e+11 5.4177e+11  4.33%   7.1  579s
 161642 73158 5.4177e+11  929   26 5.6629e+11 5.4177e+11  4.33%   7.1  580s
H161727 73184                    5.657947e+11 5.4177e+11  4.25%   7.1  580s
H161784 73222                    5.656796e+11 5.4177e+11  4.23%   7.1  580s
H161958 73272                    5.656728e+11 5.4177e+11  4.23%   7.1  581s
H161997 73284                    5.656046e+11 5.4177e+11  4.21%   7.1  581s
H162708 73557                    5.655039e+11 5.4177e+11  4.20%   7.1  583s
 162920 73573 5.4189e+11  932   21 5.6550e+11 5.4177e+11  4.20%   7.1  585s
H163170 73611                    5.655039e+11 5.4177e+11  4.20%   7.1  586s
H163227 73624                    5.655039e+11 5.4177e+11  4.20%   7.1  586s
H163256 73623                    5.653986e+11 5.4177e+11  4.18%   7.1  586s
H163318 73625                    5.653693e+11 5.4177e+11  4.17%   7.1  586s
H163584 73710                    5.652958e+11 5.4177e+11  4.16%   7.1  588s
H163611 73714                    5.652748e+11 5.4177e+11  4.16%   7.1  588s
H163667 73714                    5.652076e+11 5.4177e+11  4.15%   7.1  588s
H163694 73703                    5.651815e+11 5.4177e+11  4.14%   7.1  588s
H163808 73688                    5.651773e+11 5.4177e+11  4.14%   7.1  589s
H163835 73697                    5.651772e+11 5.4177e+11  4.14%   7.1  589s
H163862 73680                    5.591417e+11 5.4177e+11  3.11%   7.1  589s
H163890 73680                    5.590411e+11 5.4177e+11  3.09%   7.1  589s
 163894 73682 5.4177e+11 1000   26 5.5904e+11 5.4177e+11  3.09%   7.1  590s
H163998 73679                    5.584959e+11 5.4177e+11  2.99%   7.1  590s
H164025 73690                    5.583720e+11 5.4177e+11  2.97%   7.1  590s
H164160 73736                    5.582745e+11 5.4177e+11  2.96%   7.1  591s
H164300 73749                    5.576658e+11 5.4177e+11  2.85%   7.1  592s
H164416 73732                    5.566398e+11 5.4177e+11  2.67%   7.1  593s
 164637 73763 infeasible  976      5.5664e+11 5.4177e+11  2.67%   7.1  595s
H164711 73761                    5.565140e+11 5.4177e+11  2.65%   7.1  595s
H164773 73780                    5.563462e+11 5.4177e+11  2.62%   7.1  595s
 165601 73853 5.4177e+11  975   25 5.5635e+11 5.4177e+11  2.62%   7.1  600s
 166410 73834 infeasible  979      5.5635e+11 5.4177e+11  2.62%   7.1  605s
H166812 73817                    5.563462e+11 5.4177e+11  2.62%   7.1  607s
 167211 73814 infeasible  947      5.5635e+11 5.4177e+11  2.62%   7.1  610s
H167262 73811                    5.563462e+11 5.4177e+11  2.62%   7.1  610s
H167447 73786                    5.563441e+11 5.4177e+11  2.62%   7.1  611s
H167567 73773                    5.563441e+11 5.4177e+11  2.62%   7.1  612s
H167689 73783                    5.563441e+11 5.4177e+11  2.62%   7.1  613s
H167716 73786                    5.563441e+11 5.4177e+11  2.62%   7.1  613s
 167908 73784 5.4182e+11  973   36 5.5634e+11 5.4177e+11  2.62%   7.1  615s
H168004 73773                    5.555283e+11 5.4177e+11  2.48%   7.1  615s
H168060 73765                    5.555117e+11 5.4177e+11  2.47%   7.1  616s
H168129 73757                    5.541249e+11 5.4177e+11  2.23%   7.1  616s
H168156 73757                    5.540924e+11 5.4177e+11  2.22%   7.1  616s
 168650 73772 5.4187e+11  950   28 5.5409e+11 5.4177e+11  2.22%   7.2  620s
 169345 73752 5.4177e+11  957   23 5.5409e+11 5.4177e+11  2.22%   7.2  625s
 170389 73757 5.4177e+11  953   48 5.5409e+11 5.4177e+11  2.22%   7.2  630s
 171050 73737 5.4177e+11  946   25 5.5409e+11 5.4177e+11  2.22%   7.2  635s
 171782 73747 infeasible  981      5.5409e+11 5.4177e+11  2.22%   7.2  640s
 172573 73742 infeasible  966      5.5409e+11 5.4177e+11  2.22%   7.3  645s
H172717 73713                    5.528071e+11 5.4177e+11  2.00%   7.3  646s
H173164 73746                    5.518323e+11 5.4177e+11  1.82%   7.3  648s
H173191 73740                    5.514134e+11 5.4177e+11  1.75%   7.3  649s
H173303 73724                    5.514130e+11 5.4177e+11  1.75%   7.3  649s
 173338 73713 infeasible  981      5.5141e+11 5.4177e+11  1.75%   7.3  650s
H173411 73736                    5.508151e+11 5.4177e+11  1.64%   7.3  650s
H173632 73720                    5.508097e+11 5.4177e+11  1.64%   7.3  651s
H173853 73757                    5.503573e+11 5.4177e+11  1.56%   7.3  653s
H174030 73768                    5.502264e+11 5.4177e+11  1.54%   7.3  654s
 174085 73775 5.4177e+11  973   24 5.5023e+11 5.4177e+11  1.54%   7.3  655s
H174303 73819                    5.501895e+11 5.4177e+11  1.53%   7.3  656s
H174385 73834                    5.497902e+11 5.4177e+11  1.46%   7.3  656s
H174414 73834                    5.495720e+11 5.4177e+11  1.42%   7.3  656s
 174779 73850 5.4177e+11  976   24 5.4957e+11 5.4177e+11  1.42%   7.3  660s
H175604 73910                    5.495707e+11 5.4177e+11  1.42%   7.3  662s
 175928 73874 5.4177e+11  959   25 5.4957e+11 5.4177e+11  1.42%   7.3  665s
 176855 73951 5.4177e+11  995   27 5.4957e+11 5.4177e+11  1.42%   7.4  670s
H177036 73921                    5.495700e+11 5.4177e+11  1.42%   7.4  671s
H177516 73937                    5.473800e+11 5.4177e+11  1.02%   7.4  674s
 177641 73950 5.4177e+11  967   24 5.4738e+11 5.4177e+11  1.02%   7.4  675s
H178406 74011                    5.473764e+11 5.4177e+11  1.02%   7.4  679s
 178433 74017 5.4177e+11 1008   26 5.4738e+11 5.4177e+11  1.02%   7.4  680s
 179563 74148 infeasible  997      5.4738e+11 5.4177e+11  1.02%   7.4  685s
H179982 74142                    5.473613e+11 5.4177e+11  1.02%   7.4  687s
H180255 74141                    5.473609e+11 5.4177e+11  1.02%   7.4  689s
 180388 74168 5.4177e+11  990   48 5.4736e+11 5.4177e+11  1.02%   7.4  690s
H181067 74352                    5.473602e+11 5.4177e+11  1.02%   7.4  692s
 181357 74368 infeasible  983      5.4736e+11 5.4177e+11  1.02%   7.4  695s
 182399 74492 5.4177e+11  991   24 5.4736e+11 5.4177e+11  1.02%   7.5  700s
 183433 74707 infeasible  995      5.4736e+11 5.4177e+11  1.02%   7.5  705s
 184623 74856 infeasible 1000      5.4736e+11 5.4177e+11  1.02%   7.5  710s
 185801 75059 infeasible  987      5.4736e+11 5.4177e+11  1.02%   7.5  715s
 186961 75198 infeasible  975      5.4736e+11 5.4177e+11  1.02%   7.5  720s
 187981 75348 5.4177e+11  976   27 5.4736e+11 5.4177e+11  1.02%   7.5  725s
 189045 75442 infeasible  984      5.4736e+11 5.4177e+11  1.02%   7.5  730s
 190167 75674 5.4177e+11  989   27 5.4736e+11 5.4177e+11  1.02%   7.5  735s
 191027 75676 5.4177e+11  996   25 5.4736e+11 5.4177e+11  1.02%   7.6  740s
 192268 75795 infeasible 1001      5.4736e+11 5.4177e+11  1.02%   7.6  745s
H192496 75834                    5.473183e+11 5.4177e+11  1.01%   7.6  745s
 193326 75973 5.4177e+11  976   26 5.4732e+11 5.4177e+11  1.01%   7.6  750s
 194801 76295 5.4177e+11  986   22 5.4732e+11 5.4177e+11  1.01%   7.6  755s
H194955 76285                    5.473183e+11 5.4177e+11  1.01%   7.6  755s
H195672 76364                    5.473183e+11 5.4177e+11  1.01%   7.6  759s
 195699 76375 5.4177e+11 1006   25 5.4732e+11 5.4177e+11  1.01%   7.6  760s
H196331 76399                    5.473183e+11 5.4177e+11  1.01%   7.6  762s
 196818 76474 infeasible  989      5.4732e+11 5.4177e+11  1.01%   7.6  765s
 198259 76722 infeasible  997      5.4732e+11 5.4177e+11  1.01%   7.6  770s
 199369 76818 5.4177e+11  973   23 5.4732e+11 5.4177e+11  1.01%   7.6  775s
H200742 77092                    5.473183e+11 5.4177e+11  1.01%   7.6  779s
 200757 77087 5.4177e+11  984   27 5.4732e+11 5.4177e+11  1.01%   7.6  780s
 201843 77177 infeasible  989      5.4732e+11 5.4177e+11  1.01%   7.6  785s
H202440 77259                    5.472994e+11 5.4177e+11  1.01%   7.6  786s
 203164 77360 5.4177e+11  992   27 5.4730e+11 5.4177e+11  1.01%   7.6  790s
 204350 77563 infeasible  986      5.4730e+11 5.4177e+11  1.01%   7.6  795s
H204972 77603                    5.472994e+11 5.4177e+11  1.01%   7.6  797s
 205526 77666 5.4177e+11 1003   26 5.4730e+11 5.4177e+11  1.01%   7.7  800s
 206562 77757 5.4180e+11 1004   29 5.4730e+11 5.4177e+11  1.01%   7.7  805s
H207544 77907                    5.472994e+11 5.4177e+11  1.01%   7.7  807s
 208055 77967 5.4177e+11 1001   27 5.4730e+11 5.4177e+11  1.01%   7.7  810s
 209210 78092 infeasible 1000      5.4730e+11 5.4177e+11  1.01%   7.7  815s
 210450 78273 5.4177e+11 1001   52 5.4730e+11 5.4177e+11  1.01%   7.7  820s
 211784 78439 5.4177e+11 1001   52 5.4730e+11 5.4177e+11  1.01%   7.7  825s
H212082 78477                    5.472822e+11 5.4177e+11  1.01%   7.7  825s
H212631 78547                    5.472785e+11 5.4177e+11  1.01%   7.7  828s
 213109 78665 infeasible  997      5.4728e+11 5.4177e+11  1.01%   7.7  830s
H213451 78700                    5.472630e+11 5.4177e+11  1.00%   7.7  831s
 214186 78802 5.4177e+11 1000   27 5.4726e+11 5.4177e+11  1.00%   7.7  835s
H215358 79040                    5.472565e+11 5.4177e+11  1.00%   7.7  839s
 215510 79070 5.4177e+11  975   26 5.4726e+11 5.4177e+11  1.00%   7.7  840s
 216739 79292 5.4177e+11  997   26 5.4726e+11 5.4177e+11  1.00%   7.7  845s
 217948 79278 5.4177e+11  968   25 5.4726e+11 5.4177e+11  1.00%   7.7  850s
H218507 79312                    5.472124e+11 5.4177e+11  0.99%   7.7  852s
 218988 79314 5.4177e+11  981   26 5.4721e+11 5.4177e+11  0.99%   7.7  855s
 220230 79554 5.4177e+11  989   28 5.4721e+11 5.4177e+11  0.99%   7.8  860s
H220643 79545                    5.472124e+11 5.4177e+11  0.99%   7.8  862s
 221148 79607 5.4177e+11  993   26 5.4721e+11 5.4177e+11  0.99%   7.8  865s
H222183 79687                    5.472124e+11 5.4177e+11  0.99%   7.8  869s
 222215 79695 infeasible  991      5.4721e+11 5.4177e+11  0.99%   7.8  870s
H222868 79699                    5.472002e+11 5.4177e+11  0.99%   7.8  873s
 223310 79749 infeasible  986      5.4720e+11 5.4177e+11  0.99%   7.8  875s
H223488 79776                    5.471992e+11 5.4177e+11  0.99%   7.8  875s
H223897 79793                    5.471987e+11 5.4177e+11  0.99%   7.8  877s
H223929 79819                    5.471987e+11 5.4177e+11  0.99%   7.8  878s
H224252 79885                    5.471929e+11 5.4177e+11  0.99%   7.8  879s
 224326 79910 5.4177e+11  987   26 5.4719e+11 5.4177e+11  0.99%   7.8  880s
H224562 79954                    5.471875e+11 5.4177e+11  0.99%   7.8  880s
 225278 80090 infeasible  972      5.4719e+11 5.4177e+11  0.99%   7.8  885s
H225991 80138                    5.471871e+11 5.4177e+11  0.99%   7.8  887s
 226589 80163 infeasible  978      5.4719e+11 5.4177e+11  0.99%   7.8  890s
 227440 80262 infeasible  985      5.4719e+11 5.4177e+11  0.99%   7.8  895s
 228558 80380 infeasible  999      5.4719e+11 5.4177e+11  0.99%   7.8  900s
H228779 80411                    5.471871e+11 5.4177e+11  0.99%   7.8  900s
 229549 80584 5.4177e+11  969   23 5.4719e+11 5.4177e+11  0.99%   7.8  905s
H230122 80607                    5.471822e+11 5.4177e+11  0.99%   7.8  907s
H230279 80614                    5.471810e+11 5.4177e+11  0.99%   7.9  908s
H230391 80638                    5.471809e+11 5.4177e+11  0.99%   7.9  909s
 230418 80637 5.4177e+11  980   24 5.4718e+11 5.4177e+11  0.99%   7.9  910s
H230719 80656                    5.471809e+11 5.4177e+11  0.99%   7.9  911s
H230746 80655                    5.471793e+11 5.4177e+11  0.99%   7.9  911s
 231128 80693 infeasible  982      5.4718e+11 5.4177e+11  0.99%   7.9  915s
 232459 80864 infeasible  996      5.4718e+11 5.4177e+11  0.99%   7.9  920s
 233433 81045 5.4177e+11  978   50 5.4718e+11 5.4177e+11  0.99%   7.9  925s
H233668 81069                    5.471568e+11 5.4177e+11  0.98%   7.9  926s
H233992 81109                    5.471473e+11 5.4177e+11  0.98%   7.9  928s
 234322 81161 infeasible  989      5.4715e+11 5.4177e+11  0.98%   7.9  930s
H234852 81225                    5.471473e+11 5.4177e+11  0.98%   7.9  932s
H235187 81241                    5.471470e+11 5.4177e+11  0.98%   7.9  933s
 235444 81287 infeasible  992      5.4715e+11 5.4177e+11  0.98%   7.9  935s
 236436 81406 infeasible 1003      5.4715e+11 5.4177e+11  0.98%   7.9  940s
H237339 81528                    5.471093e+11 5.4177e+11  0.98%   7.9  943s
 237700 81544 5.4177e+11  991   23 5.4711e+11 5.4177e+11  0.98%   7.9  945s
 238639 81621 5.4177e+11  996   23 5.4711e+11 5.4177e+11  0.98%   7.9  950s
 239836 81781 infeasible  988      5.4711e+11 5.4177e+11  0.98%   7.9  955s
 240925 81987 infeasible  984      5.4711e+11 5.4177e+11  0.98%   7.9  960s
 241948 82126 5.4177e+11  976   23 5.4711e+11 5.4177e+11  0.98%   7.9  965s
 243189 82415 5.4177e+11  985   28 5.4711e+11 5.4177e+11  0.98%   7.9  970s
 244189 82547 5.4177e+11  991   24 5.4711e+11 5.4177e+11  0.98%   7.9  975s
 245555 82722 infeasible  993      5.4711e+11 5.4177e+11  0.98%   7.9  980s
 246772 82933 5.4177e+11  996   24 5.4711e+11 5.4177e+11  0.98%   8.0  985s
 247890 83051 infeasible  987      5.4711e+11 5.4177e+11  0.98%   8.0  990s
 248958 83108 infeasible  979      5.4711e+11 5.4177e+11  0.98%   8.0  995s
H249702 83208                    5.471084e+11 5.4177e+11  0.98%   8.0  998s

Explored 249719 nodes (2004140 simplex iterations) in 1000.01 seconds
Thread count was 1 (of 8 available processors)

Time limit reached
Best objective 5.471084233910e+11, best bound 5.417697118550e+11, gap 0.9758%
