
Gurobi 6.5.2 (linux64) logging started Sun Mar  4 04:11:27 2018

Changed value of parameter LogFile to data/solutions/planning/wellformed/hard/weighting/wellformed_hard_instance57_gurobi.log
   Prev: gurobi.log  Default: 
Changed value of parameter Threads to 1
   Prev: 0  Min: 0  Max: 1024  Default: 0
Optimize a model with 340 rows, 6021 columns and 12059 nonzeros
Coefficient statistics:
  Matrix range    [1e+00, 2e+03]
  Objective range [1e+00, 5e+05]
  Bounds range    [1e+00, 1e+00]
  RHS range       [1e+00, 1e+00]
Presolve removed 3 rows and 3 columns
Presolve time: 0.02s
Presolved: 337 rows, 6018 columns, 12054 nonzeros
Variable types: 0 continuous, 6018 integer (6000 binary)
Found heuristic solution: objective 1.529899e+11

Root relaxation: objective 1.529897e+10, 540 iterations, 0.01 seconds

    Nodes    |    Current Node    |     Objective Bounds      |     Work
 Expl Unexpl |  Obj  Depth IntInf | Incumbent    BestBd   Gap | It/Node Time

     0     0 1.5299e+10    0   47 1.5299e+11 1.5299e+10  90.0%     -    0s
     0     0 1.5299e+10    0   64 1.5299e+11 1.5299e+10  90.0%     -    0s
     0     0 1.5299e+10    0   66 1.5299e+11 1.5299e+10  90.0%     -    0s
     0     0 1.5299e+10    0   71 1.5299e+11 1.5299e+10  90.0%     -    0s
     0     0 1.5299e+10    0   51 1.5299e+11 1.5299e+10  90.0%     -    0s
H    0     0                    2.741678e+10 1.5299e+10  44.2%     -    0s
     0     2 1.5299e+10    0   51 2.7417e+10 1.5299e+10  44.2%     -    0s
H 1570  1354                    1.775421e+10 1.5300e+10  13.8%   9.0    4s
  1683  1430 1.5300e+10  347   32 1.7754e+10 1.5300e+10  13.8%   8.7    5s
  3652  2576 1.5300e+10  503   29 1.7754e+10 1.5300e+10  13.8%   6.9   10s
H 4423  2993                    1.749215e+10 1.5300e+10  12.5%   6.7   10s
H 4963  3367                    1.748588e+10 1.5300e+10  12.5%   6.9   12s
  6424  4721 1.5300e+10  505   30 1.7486e+10 1.5300e+10  12.5%   7.8   15s
  9621  7642 1.5300e+10  537   31 1.7486e+10 1.5300e+10  12.5%   8.4   20s
H10024  8002                    1.747859e+10 1.5300e+10  12.5%   8.7   20s
H10103  8055                    1.674389e+10 1.5300e+10  8.63%   8.6   20s
H10380  8262                    1.674359e+10 1.5300e+10  8.62%   8.6   21s
H11144  8617                    1.603231e+10 1.5300e+10  4.57%   8.4   23s
H11262  8679                    1.582174e+10 1.5300e+10  3.30%   8.4   23s
H11494  8891                    1.578160e+10 1.5300e+10  3.05%   8.4   23s
 12601  9750 1.5304e+10  675   23 1.5782e+10 1.5300e+10  3.05%   8.2   25s
H13679 10535                    1.578003e+10 1.5300e+10  3.04%   8.1   26s
H13930 10696                    1.577802e+10 1.5300e+10  3.03%   8.1   27s
H13960 10714                    1.577801e+10 1.5300e+10  3.03%   8.1   27s
H14173 10862                    1.577540e+10 1.5300e+10  3.02%   8.1   27s
H14247 10902                    1.575952e+10 1.5300e+10  2.92%   8.1   27s
H14495 11122                    1.575390e+10 1.5300e+10  2.88%   8.1   27s
H14551 11164                    1.575363e+10 1.5300e+10  2.88%   8.1   28s
H14604 11175                    1.573246e+10 1.5300e+10  2.75%   8.1   28s
H14648 11199                    1.573223e+10 1.5300e+10  2.75%   8.1   28s
H15278 11586                    1.573139e+10 1.5300e+10  2.74%   8.0   29s
 15870 11929 1.5305e+10  743   15 1.5731e+10 1.5300e+10  2.74%   7.9   30s
H16167 12113                    1.572942e+10 1.5300e+10  2.73%   7.9   30s
H16844 12419                    1.572717e+10 1.5300e+10  2.72%   7.8   31s
H17434 12638                    1.572518e+10 1.5300e+10  2.71%   7.7   31s
H17485 12635                    1.572512e+10 1.5300e+10  2.71%   7.7   31s
H17783 12713                    1.572486e+10 1.5300e+10  2.70%   7.7   32s
 18684 12771 1.5300e+10  712   19 1.5725e+10 1.5300e+10  2.70%   7.6   35s
H20572 13107                    1.572486e+10 1.5300e+10  2.70%   7.3   39s
 21401 13729 1.5300e+10  709   26 1.5725e+10 1.5300e+10  2.70%   7.3   40s
H21860 14043                    1.572405e+10 1.5300e+10  2.70%   7.2   40s
H22415 14377                    1.572390e+10 1.5300e+10  2.70%   7.2   41s
H23410 15018                    1.570249e+10 1.5300e+10  2.56%   7.1   42s
H23584 15106                    1.569852e+10 1.5300e+10  2.54%   7.1   43s
H23717 15185                    1.569820e+10 1.5300e+10  2.54%   7.1   43s
H23892 15292                    1.569813e+10 1.5300e+10  2.54%   7.1   43s
H24520 15685                    1.569807e+10 1.5300e+10  2.54%   7.0   44s
H24584 15727                    1.569795e+10 1.5300e+10  2.54%   7.0   44s
H24611 15740                    1.569638e+10 1.5300e+10  2.53%   7.0   44s
 24853 15879 1.5300e+10  717   26 1.5696e+10 1.5300e+10  2.53%   7.0   45s
H25144 16075                    1.569242e+10 1.5300e+10  2.50%   7.0   45s
H25211 16072                    1.569241e+10 1.5300e+10  2.50%   7.0   45s
H26049 16534                    1.569225e+10 1.5300e+10  2.50%   6.9   46s
H26426 16475                    1.569210e+10 1.5300e+10  2.50%   6.9   47s
H26685 16600                    1.569205e+10 1.5300e+10  2.50%   6.9   47s
H26732 16613                    1.569204e+10 1.5300e+10  2.50%   7.0   47s
 27925 17398 1.5300e+10  677   26 1.5692e+10 1.5300e+10  2.50%   6.9   50s
H29439 18386                    1.569204e+10 1.5300e+10  2.50%   6.9   52s
H30167 18986                    1.569204e+10 1.5300e+10  2.50%   6.8   52s
H30750 19466                    1.569197e+10 1.5300e+10  2.50%   6.7   53s
 32050 20441 infeasible  739      1.5692e+10 1.5300e+10  2.50%   6.7   55s
H32402 20665                    1.569197e+10 1.5300e+10  2.50%   6.6   55s
H34062 21758                    1.569191e+10 1.5300e+10  2.50%   6.6   58s
 34968 22289 infeasible  699      1.5692e+10 1.5300e+10  2.50%   6.6   60s
H38006 24171                    1.569191e+10 1.5300e+10  2.50%   6.5   63s
H38813 24660                    1.569191e+10 1.5300e+10  2.50%   6.5   64s
 38995 24789 1.5300e+10  745   20 1.5692e+10 1.5300e+10  2.50%   6.5   65s
 42292 26126 1.5300e+10  759   22 1.5692e+10 1.5300e+10  2.50%   6.4   70s
 44880 26786 1.5300e+10  750   22 1.5692e+10 1.5300e+10  2.50%   6.4   75s
 47265 27453 1.5308e+10  735   17 1.5692e+10 1.5300e+10  2.50%   6.3   80s
 49166 28366 1.5308e+10  735   15 1.5692e+10 1.5300e+10  2.50%   6.3   85s
 51178 29488 1.5308e+10  733   18 1.5692e+10 1.5300e+10  2.50%   6.4   90s
H51506 29660                    1.568706e+10 1.5300e+10  2.47%   6.4   92s
H51552 29666                    1.568683e+10 1.5300e+10  2.47%   6.4   92s
H51579 29671                    1.568657e+10 1.5300e+10  2.47%   6.4   92s
H51924 29829                    1.568631e+10 1.5300e+10  2.46%   6.4   94s
H52373 30055                    1.568631e+10 1.5300e+10  2.46%   6.4   95s
H53712 30653                    1.568618e+10 1.5300e+10  2.46%   6.5   98s
H53799 30661                    1.568415e+10 1.5300e+10  2.45%   6.5   98s
H54098 30762                    1.568363e+10 1.5300e+10  2.45%   6.5   99s
 54384 30870 1.5308e+10  768   16 1.5684e+10 1.5300e+10  2.45%   6.5  100s
H55828 31359                    1.568311e+10 1.5300e+10  2.44%   6.5  104s
 56209 31509 1.5300e+10  743   20 1.5683e+10 1.5300e+10  2.44%   6.5  105s
 58120 32389 1.5309e+10  761   14 1.5683e+10 1.5300e+10  2.44%   6.5  110s
H60037 33268                    1.568307e+10 1.5300e+10  2.44%   6.5  113s
H60288 33384                    1.568271e+10 1.5300e+10  2.44%   6.5  113s
 60916 33678 1.5308e+10  753   18 1.5683e+10 1.5300e+10  2.44%   6.5  115s
H61105 33767                    1.568271e+10 1.5300e+10  2.44%   6.5  115s
H61788 34082                    1.568271e+10 1.5300e+10  2.44%   6.5  117s
H62922 34599                    1.568271e+10 1.5300e+10  2.44%   6.4  119s
 63043 34667 infeasible  723      1.5683e+10 1.5300e+10  2.44%   6.5  120s
H65713 36063                    1.568271e+10 1.5300e+10  2.44%   6.4  124s
 65891 36116 1.5308e+10  739   12 1.5683e+10 1.5300e+10  2.44%   6.4  125s
H66367 36373                    1.568270e+10 1.5300e+10  2.44%   6.4  126s
H66942 36673                    1.568269e+10 1.5300e+10  2.44%   6.5  127s
 67965 37168 1.5300e+10  760   20 1.5683e+10 1.5300e+10  2.44%   6.4  130s
H68876 37525                    1.568213e+10 1.5300e+10  2.44%   6.4  131s
H69326 37617                    1.568213e+10 1.5300e+10  2.44%   6.4  132s
H69730 37679                    1.568210e+10 1.5300e+10  2.44%   6.4  133s
 70609 37798 1.5300e+10  756   17 1.5682e+10 1.5300e+10  2.44%   6.4  135s
 72549 38274 1.5308e+10  752   17 1.5682e+10 1.5300e+10  2.44%   6.4  140s
H73378 38514                    1.568207e+10 1.5300e+10  2.44%   6.5  142s
H73617 38580                    1.568185e+10 1.5300e+10  2.44%   6.5  142s
H73988 38717                    1.568182e+10 1.5300e+10  2.44%   6.5  143s
 74447 38900 1.5300e+10  761   23 1.5682e+10 1.5300e+10  2.44%   6.5  145s
H74666 38934                    1.568156e+10 1.5300e+10  2.43%   6.5  145s
 75933 39460 infeasible  757      1.5682e+10 1.5300e+10  2.43%   6.5  150s
H76496 39693                    1.560942e+10 1.5300e+10  1.98%   6.5  151s
H76826 39722                    1.559445e+10 1.5300e+10  1.89%   6.5  152s
H76925 39762                    1.559396e+10 1.5300e+10  1.89%   6.5  152s
H77222 39885                    1.559396e+10 1.5300e+10  1.89%   6.5  153s
H77375 39951                    1.557016e+10 1.5300e+10  1.74%   6.5  153s
H77511 40016                    1.555473e+10 1.5300e+10  1.64%   6.5  154s
H77652 40062                    1.555472e+10 1.5300e+10  1.64%   6.5  154s
 77909 40228 1.5308e+10  776   14 1.5555e+10 1.5300e+10  1.64%   6.5  155s
H78210 40347                    1.555467e+10 1.5300e+10  1.64%   6.5  155s
H78238 40353                    1.555460e+10 1.5300e+10  1.64%   6.5  156s
H79085 40706                    1.555459e+10 1.5300e+10  1.64%   6.5  157s
H79241 40710                    1.555459e+10 1.5300e+10  1.64%   6.5  158s
H79580 40755                    1.555443e+10 1.5300e+10  1.64%   6.5  160s
H79917 40846                    1.555406e+10 1.5300e+10  1.64%   6.5  161s
H80189 40852                    1.555179e+10 1.5300e+10  1.62%   6.5  161s
H80442 40892                    1.555144e+10 1.5300e+10  1.62%   6.6  163s
H81145 41329                    1.555087e+10 1.5300e+10  1.61%   6.5  164s
 81286 41384 1.5309e+10  746   14 1.5551e+10 1.5300e+10  1.61%   6.5  165s
H81415 41483                    1.555064e+10 1.5300e+10  1.61%   6.5  165s
H81798 41652                    1.554917e+10 1.5300e+10  1.60%   6.5  166s
H81848 41684                    1.554917e+10 1.5300e+10  1.60%   6.5  166s
H82368 41949                    1.554903e+10 1.5300e+10  1.60%   6.5  167s
H82426 41970                    1.554903e+10 1.5300e+10  1.60%   6.5  168s
H82619 42039                    1.554903e+10 1.5300e+10  1.60%   6.5  169s
 83244 42272 infeasible  763      1.5549e+10 1.5300e+10  1.60%   6.5  170s
H83635 42414                    1.554903e+10 1.5300e+10  1.60%   6.5  170s
H84097 42633                    1.554903e+10 1.5300e+10  1.60%   6.5  171s
H84311 42753                    1.554903e+10 1.5300e+10  1.60%   6.5  172s
H85541 43315                    1.554877e+10 1.5300e+10  1.60%   6.5  174s
 85654 43348 infeasible  735      1.5549e+10 1.5300e+10  1.60%   6.5  175s
H86496 43683                    1.553363e+10 1.5300e+10  1.51%   6.5  177s
H86899 43757                    1.543650e+10 1.5300e+10  0.89%   6.5  178s
H87274 43842                    1.542239e+10 1.5300e+10  0.80%   6.5  179s
H87304 43860                    1.541150e+10 1.5300e+10  0.73%   6.5  179s
 87589 43918 infeasible  748      1.5411e+10 1.5300e+10  0.73%   6.5  180s
H87626 43943                    1.541011e+10 1.5300e+10  0.72%   6.5  180s
H87915 44016                    1.541010e+10 1.5300e+10  0.72%   6.5  181s
H87969 44038                    1.541010e+10 1.5300e+10  0.72%   6.5  181s
H88028 44036                    1.541009e+10 1.5300e+10  0.72%   6.5  181s
H88504 44202                    1.541009e+10 1.5300e+10  0.72%   6.5  182s
H88568 44232                    1.541009e+10 1.5300e+10  0.72%   6.5  183s
H88611 44235                    1.541009e+10 1.5300e+10  0.72%   6.5  183s
H88978 44407                    1.540983e+10 1.5300e+10  0.71%   6.5  184s
 89058 44463 1.5308e+10  763   14 1.5410e+10 1.5300e+10  0.71%   6.5  185s
H89978 44784                    1.540760e+10 1.5300e+10  0.70%   6.6  187s
H90251 44875                    1.540740e+10 1.5300e+10  0.70%   6.5  188s
H90332 44882                    1.540411e+10 1.5300e+10  0.68%   6.6  188s
H90501 44940                    1.540397e+10 1.5300e+10  0.68%   6.6  189s
H90729 45006                    1.540396e+10 1.5300e+10  0.68%   6.6  189s
 90823 45068 1.5308e+10  791   12 1.5404e+10 1.5300e+10  0.68%   6.6  190s
H92120 45412                    1.540329e+10 1.5300e+10  0.67%   6.6  192s
H92288 45502                    1.540323e+10 1.5300e+10  0.67%   6.6  192s
H92500 45602                    1.540318e+10 1.5300e+10  0.67%   6.6  193s
H92673 45640                    1.539006e+10 1.5300e+10  0.59%   6.6  193s
H92829 45668                    1.539006e+10 1.5300e+10  0.59%   6.6  194s
H92858 45669                    1.539006e+10 1.5300e+10  0.59%   6.6  194s
H92885 45670                    1.538849e+10 1.5300e+10  0.58%   6.6  194s
H92940 45701                    1.538849e+10 1.5300e+10  0.58%   6.6  195s
H94586 46240                    1.538277e+10 1.5300e+10  0.54%   6.6  197s
H94924 46315                    1.538065e+10 1.5300e+10  0.53%   6.6  198s
 95795 46524 1.5306e+10  745   23 1.5381e+10 1.5300e+10  0.53%   6.6  200s
H97367 47180                    1.537992e+10 1.5300e+10  0.52%   6.6  202s
H97421 47196                    1.537487e+10 1.5300e+10  0.49%   6.6  202s
H97936 47364                    1.537461e+10 1.5300e+10  0.49%   6.6  203s
H98483 47575                    1.537460e+10 1.5300e+10  0.49%   6.6  204s
H98750 47689                    1.537460e+10 1.5300e+10  0.49%   6.6  204s
 98959 47782 1.5308e+10  754   16 1.5375e+10 1.5300e+10  0.49%   6.6  205s
H98986 47801                    1.537459e+10 1.5300e+10  0.49%   6.6  205s
H100025 48275                    1.537459e+10 1.5300e+10  0.49%   6.6  206s
H101075 48686                    1.537456e+10 1.5300e+10  0.49%   6.6  209s
H101114 48695                    1.537455e+10 1.5300e+10  0.49%   6.6  209s
H101460 48878                    1.537404e+10 1.5300e+10  0.48%   6.6  209s
 101658 49010 infeasible  796      1.5374e+10 1.5300e+10  0.48%   6.6  210s
 107080 50959 infeasible  749      1.5374e+10 1.5300e+10  0.48%   6.6  215s
 111938 51953 1.5308e+10  760   19 1.5374e+10 1.5300e+10  0.48%   6.5  220s
H113824 52122                    1.537404e+10 1.5300e+10  0.48%   6.5  222s
 114936 52287 infeasible  746      1.5374e+10 1.5300e+10  0.48%   6.5  225s
 118152 52554 1.5304e+10  750   27 1.5374e+10 1.5300e+10  0.48%   6.5  230s
 121616 52802 infeasible  747      1.5374e+10 1.5300e+10  0.48%   6.5  235s
 124878 53111 infeasible  750      1.5374e+10 1.5300e+10  0.48%   6.5  240s
 127662 53373 infeasible  740      1.5374e+10 1.5300e+10  0.48%   6.4  245s
 131338 53828 1.5302e+10  741   27 1.5374e+10 1.5300e+10  0.48%   6.4  250s
 134878 54077 infeasible  768      1.5374e+10 1.5300e+10  0.48%   6.4  255s
 138396 54540 1.5308e+10  769   21 1.5374e+10 1.5300e+10  0.48%   6.4  260s
 141486 54858 infeasible  764      1.5374e+10 1.5300e+10  0.48%   6.4  265s
 144979 55235 infeasible  754      1.5374e+10 1.5300e+10  0.48%   6.3  270s
 148664 55585 infeasible  756      1.5374e+10 1.5300e+10  0.48%   6.3  275s
 151717 55689 1.5304e+10  737   42 1.5374e+10 1.5300e+10  0.48%   6.3  280s
 155027 56026 infeasible  752      1.5374e+10 1.5300e+10  0.48%   6.3  285s
H157207 56626                    1.537403e+10 1.5300e+10  0.48%   6.3  288s
 157881 56685 infeasible  775      1.5374e+10 1.5300e+10  0.48%   6.3  290s
 161401 57031 1.5303e+10  787   35 1.5374e+10 1.5300e+10  0.48%   6.3  295s
 165189 57248 infeasible  788      1.5374e+10 1.5300e+10  0.48%   6.3  300s
 168979 57360 infeasible  760      1.5374e+10 1.5300e+10  0.48%   6.3  305s
 172378 57762 infeasible  767      1.5374e+10 1.5300e+10  0.48%   6.3  310s
 175558 58192 1.5300e+10  765   15 1.5374e+10 1.5300e+10  0.48%   6.3  315s
 178839 58308 1.5300e+10  749   20 1.5374e+10 1.5300e+10  0.48%   6.3  320s
 182622 58763 1.5300e+10  753   19 1.5374e+10 1.5300e+10  0.48%   6.3  325s
 186015 59239 infeasible  766      1.5374e+10 1.5300e+10  0.48%   6.3  330s
 189451 59796 1.5300e+10  725   19 1.5374e+10 1.5300e+10  0.48%   6.3  335s
 193230 60463 1.5300e+10  745   16 1.5374e+10 1.5300e+10  0.48%   6.3  340s
 196851 60884 1.5308e+10  744   20 1.5374e+10 1.5300e+10  0.48%   6.3  345s
 200398 61346 infeasible  742      1.5374e+10 1.5300e+10  0.48%   6.3  350s
 203744 61741 infeasible  741      1.5374e+10 1.5300e+10  0.48%   6.4  355s
 207356 62113 infeasible  749      1.5374e+10 1.5300e+10  0.48%   6.4  360s
 210770 62527 1.5300e+10  745   17 1.5374e+10 1.5300e+10  0.48%   6.4  365s
 214260 62890 infeasible  759      1.5374e+10 1.5300e+10  0.48%   6.4  370s
H215731 63082                    1.537379e+10 1.5300e+10  0.48%   6.4  372s
 217697 63395 1.5300e+10  739   18 1.5374e+10 1.5300e+10  0.48%   6.4  375s
 221308 64013 infeasible  758      1.5374e+10 1.5300e+10  0.48%   6.4  380s
 224755 64502 1.5300e+10  734   19 1.5374e+10 1.5300e+10  0.48%   6.4  385s
H228094 65015                    1.537379e+10 1.5300e+10  0.48%   6.4  389s
 228429 65071 infeasible  749      1.5374e+10 1.5300e+10  0.48%   6.4  390s
 231884 65551 infeasible  762      1.5374e+10 1.5300e+10  0.48%   6.4  395s
 235571 66444 infeasible  758      1.5374e+10 1.5300e+10  0.48%   6.4  400s
 239363 67308 1.5300e+10  740   18 1.5374e+10 1.5300e+10  0.48%   6.4  405s
 242377 67877 infeasible  768      1.5374e+10 1.5300e+10  0.48%   6.5  410s
H242620 67926                    1.537372e+10 1.5300e+10  0.48%   6.5  410s
H243114 68010                    1.537372e+10 1.5300e+10  0.48%   6.5  411s
 245018 68479 1.5300e+10  735   18 1.5374e+10 1.5300e+10  0.48%   6.5  415s
H245667 68606                    1.537372e+10 1.5300e+10  0.48%   6.5  416s
 247825 68855 infeasible  744      1.5374e+10 1.5300e+10  0.48%   6.5  420s
H249883 69301                    1.537372e+10 1.5300e+10  0.48%   6.5  423s
H250113 69337                    1.536838e+10 1.5300e+10  0.45%   6.5  424s
 250602 69442 1.5308e+10  746   20 1.5368e+10 1.5300e+10  0.45%   6.5  425s
H252221 69650                    1.536838e+10 1.5300e+10  0.45%   6.5  427s
 253704 69741 1.5300e+10  751   41 1.5368e+10 1.5300e+10  0.45%   6.5  430s
 256662 70174 1.5300e+10  786   36 1.5368e+10 1.5300e+10  0.45%   6.5  435s
H258834 70518                    1.536838e+10 1.5300e+10  0.45%   6.5  438s
 259321 70677 infeasible  729      1.5368e+10 1.5300e+10  0.45%   6.5  440s
H261197 71065                    1.536838e+10 1.5300e+10  0.45%   6.5  443s
 262132 71302 infeasible  727      1.5368e+10 1.5300e+10  0.45%   6.5  445s
H262279 71344                    1.536811e+10 1.5300e+10  0.44%   6.5  445s
 264885 71893 infeasible  736      1.5368e+10 1.5300e+10  0.44%   6.5  450s
H266337 72316                    1.536785e+10 1.5300e+10  0.44%   6.5  453s
 267494 72541 infeasible  740      1.5368e+10 1.5300e+10  0.44%   6.5  455s
H267649 72578                    1.536782e+10 1.5300e+10  0.44%   6.5  455s
 270228 73123 infeasible  721      1.5368e+10 1.5300e+10  0.44%   6.5  460s
H272466 73701                    1.536782e+10 1.5300e+10  0.44%   6.5  464s
 272640 73815 1.5308e+10  758   18 1.5368e+10 1.5300e+10  0.44%   6.5  465s
H273028 74007                    1.536781e+10 1.5300e+10  0.44%   6.5  465s
 274995 74804 1.5308e+10  732   24 1.5368e+10 1.5300e+10  0.44%   6.5  470s
 277166 75707 1.5308e+10  780   13 1.5368e+10 1.5300e+10  0.44%   6.5  475s
H277474 75792                    1.536781e+10 1.5300e+10  0.44%   6.5  475s
H278401 76189                    1.536780e+10 1.5300e+10  0.44%   6.5  478s
H278772 76349                    1.536780e+10 1.5300e+10  0.44%   6.5  479s
 278909 76421 1.5308e+10  781    8 1.5368e+10 1.5300e+10  0.44%   6.5  480s
H279325 76589                    1.536780e+10 1.5300e+10  0.44%   6.5  481s
 281467 77397 1.5308e+10  789   13 1.5368e+10 1.5300e+10  0.44%   6.5  485s
H282040 77618                    1.536780e+10 1.5300e+10  0.44%   6.5  485s
 284766 78780 1.5306e+10  770   21 1.5368e+10 1.5300e+10  0.44%   6.5  490s
H287908 80061                    1.536780e+10 1.5300e+10  0.44%   6.4  494s
 288099 80126 1.5308e+10  774   12 1.5368e+10 1.5300e+10  0.44%   6.4  495s
 290903 81302 1.5308e+10  730   24 1.5368e+10 1.5300e+10  0.44%   6.4  500s
H292123 81783                    1.536776e+10 1.5300e+10  0.44%   6.4  502s
 293716 82507 1.5308e+10  723   21 1.5368e+10 1.5300e+10  0.44%   6.4  505s
H295959 83358                    1.536776e+10 1.5300e+10  0.44%   6.4  509s
 296564 83734 1.5308e+10  757   17 1.5368e+10 1.5300e+10  0.44%   6.4  510s
H297036 83914                    1.536776e+10 1.5300e+10  0.44%   6.4  510s
H297630 84116                    1.536776e+10 1.5300e+10  0.44%   6.4  511s
H298178 84300                    1.536776e+10 1.5300e+10  0.44%   6.4  513s
 299134 84702 1.5300e+10  715   19 1.5368e+10 1.5300e+10  0.44%   6.4  515s
H301265 85273                    1.536567e+10 1.5300e+10  0.43%   6.4  518s
 302375 85868 1.5308e+10  720   18 1.5366e+10 1.5300e+10  0.43%   6.4  520s
H304460 86997                    1.536541e+10 1.5300e+10  0.43%   6.4  523s
H305058 87222                    1.536541e+10 1.5300e+10  0.43%   6.4  524s
 305149 87243 infeasible  731      1.5365e+10 1.5300e+10  0.43%   6.4  525s
 308153 88826 1.5308e+10  751   18 1.5365e+10 1.5300e+10  0.43%   6.4  530s
H308991 89209                    1.536541e+10 1.5300e+10  0.43%   6.4  531s
 311111 89949 infeasible  723      1.5365e+10 1.5300e+10  0.43%   6.4  535s
 313731 91025 1.5308e+10  723   20 1.5365e+10 1.5300e+10  0.43%   6.4  540s
H316029 91965                    1.536540e+10 1.5300e+10  0.43%   6.4  544s
 316121 91989 infeasible  772      1.5365e+10 1.5300e+10  0.43%   6.4  545s
H317470 92599                    1.536540e+10 1.5300e+10  0.43%   6.4  547s
H318483 93058                    1.536482e+10 1.5300e+10  0.42%   6.4  549s
H319053 93211                    1.536358e+10 1.5300e+10  0.42%   6.4  550s
H320289 93559                    1.536357e+10 1.5300e+10  0.42%   6.4  552s
 321606 93768 1.5308e+10  744   19 1.5364e+10 1.5300e+10  0.42%   6.4  555s
 323668 94296 1.5300e+10  735   18 1.5364e+10 1.5300e+10  0.42%   6.4  560s
 326475 95097 1.5308e+10  761   18 1.5364e+10 1.5300e+10  0.42%   6.4  565s
 329208 96255 infeasible  741      1.5364e+10 1.5300e+10  0.42%   6.4  570s
 331329 96765 infeasible  736      1.5364e+10 1.5300e+10  0.42%   6.4  575s
H332453 96927                    1.535934e+10 1.5300e+10  0.39%   6.4  577s
 333534 97043 infeasible  721      1.5359e+10 1.5300e+10  0.39%   6.4  580s
 335730 97766 infeasible  752      1.5359e+10 1.5300e+10  0.39%   6.5  585s
 338685 98504 1.5300e+10  739   23 1.5359e+10 1.5300e+10  0.39%   6.5  590s
 341553 98783 infeasible  744      1.5359e+10 1.5300e+10  0.39%   6.4  595s
H342900 98864                    1.535931e+10 1.5300e+10  0.39%   6.4  597s
 344212 99104 1.5308e+10  752   25 1.5359e+10 1.5300e+10  0.39%   6.4  600s
 346680 99623 1.5308e+10  735   20 1.5359e+10 1.5300e+10  0.39%   6.5  605s
 348958 100520 1.5308e+10  762   21 1.5359e+10 1.5300e+10  0.39%   6.5  610s
 351625 101527 1.5308e+10  759   16 1.5359e+10 1.5300e+10  0.39%   6.5  615s
 354034 102344 1.5300e+10  745   18 1.5359e+10 1.5300e+10  0.39%   6.5  620s
 355580 102971 1.5300e+10  762   21 1.5359e+10 1.5300e+10  0.39%   6.5  625s
 357879 103870 1.5308e+10  764   16 1.5359e+10 1.5300e+10  0.39%   6.5  630s
 360677 104899 1.5308e+10  757   23 1.5359e+10 1.5300e+10  0.39%   6.5  635s
 363043 105692 1.5308e+10  734   19 1.5359e+10 1.5300e+10  0.39%   6.5  640s
 365466 106682 1.5308e+10  735   23 1.5359e+10 1.5300e+10  0.39%   6.5  645s
 368121 107909 1.5308e+10  734   25 1.5359e+10 1.5300e+10  0.39%   6.5  650s
 371216 109363 infeasible  747      1.5359e+10 1.5300e+10  0.39%   6.5  655s
 373749 110390 1.5308e+10  750   18 1.5359e+10 1.5300e+10  0.39%   6.5  660s
 375875 111121 1.5308e+10  797   17 1.5359e+10 1.5300e+10  0.39%   6.5  665s
H376317 111250                    1.535931e+10 1.5300e+10  0.39%   6.5  666s
 377671 111788 1.5309e+10  764   18 1.5359e+10 1.5300e+10  0.39%   6.5  670s
H378984 112388                    1.535931e+10 1.5300e+10  0.39%   6.5  672s
H380154 112761                    1.535826e+10 1.5300e+10  0.38%   6.5  673s
H380425 112805                    1.535826e+10 1.5300e+10  0.38%   6.6  674s
 380715 112857 1.5300e+10  755   20 1.5358e+10 1.5300e+10  0.38%   6.6  675s
 383053 113190 1.5300e+10  744   18 1.5358e+10 1.5300e+10  0.38%   6.6  680s
 385983 113993 1.5300e+10  744   21 1.5358e+10 1.5300e+10  0.38%   6.6  685s
 388187 114706 infeasible  806      1.5358e+10 1.5300e+10  0.38%   6.6  690s
 392245 116695 infeasible  760      1.5358e+10 1.5300e+10  0.38%   6.6  695s
 395018 118111 infeasible  779      1.5358e+10 1.5300e+10  0.38%   6.6  700s
 397593 119238 infeasible  785      1.5358e+10 1.5300e+10  0.38%   6.6  705s
 399891 119949 infeasible  737      1.5358e+10 1.5300e+10  0.38%   6.6  710s
 403117 121738 1.5308e+10  744   17 1.5358e+10 1.5300e+10  0.38%   6.6  715s
 405696 122972 1.5300e+10  746   21 1.5358e+10 1.5300e+10  0.38%   6.6  720s
 407577 123284 infeasible  705      1.5358e+10 1.5300e+10  0.38%   6.6  725s
H408225 123427                    1.535825e+10 1.5300e+10  0.38%   6.6  726s
 409643 123813 1.5308e+10  762   23 1.5358e+10 1.5300e+10  0.38%   6.6  730s
H412006 124828                    1.535824e+10 1.5300e+10  0.38%   6.6  734s
 412297 124998 1.5300e+10  728   18 1.5358e+10 1.5300e+10  0.38%   6.6  735s
H412456 125066                    1.535814e+10 1.5300e+10  0.38%   6.6  735s
 415107 126268 infeasible  792      1.5358e+10 1.5300e+10  0.38%   6.6  740s
H418204 127890                    1.535814e+10 1.5300e+10  0.38%   6.6  745s
 420443 128596 1.5300e+10  745   21 1.5358e+10 1.5300e+10  0.38%   6.6  750s
 422951 129594 1.5309e+10  736   15 1.5358e+10 1.5300e+10  0.38%   6.6  755s
H424773 130412                    1.535814e+10 1.5300e+10  0.38%   6.6  758s
 425966 131188 1.5303e+10  790   18 1.5358e+10 1.5300e+10  0.38%   6.6  760s
 429427 132317 1.5300e+10  798   19 1.5358e+10 1.5300e+10  0.38%   6.6  765s
 432494 132938 1.5300e+10  796   17 1.5358e+10 1.5300e+10  0.38%   6.6  770s
 435110 133077 1.5306e+10  788   13 1.5358e+10 1.5300e+10  0.38%   6.6  775s
H437221 133338                    1.535814e+10 1.5300e+10  0.38%   6.6  779s
 437567 133408 1.5303e+10  788   18 1.5358e+10 1.5300e+10  0.38%   6.6  780s
 441009 134983 infeasible  812      1.5358e+10 1.5300e+10  0.38%   6.6  785s
H443452 136464                    1.535814e+10 1.5300e+10  0.38%   6.6  787s
 445502 137366 1.5300e+10  822   19 1.5358e+10 1.5300e+10  0.38%   6.6  790s
H446493 137568                    1.535814e+10 1.5300e+10  0.38%   6.6  791s
H449565 138446                    1.535814e+10 1.5300e+10  0.38%   6.6  794s
 449850 138453 infeasible  809      1.5358e+10 1.5300e+10  0.38%   6.6  795s
 453089 139313 1.5300e+10  770   22 1.5358e+10 1.5300e+10  0.38%   6.6  800s
 456268 140316 1.5300e+10  772   18 1.5358e+10 1.5300e+10  0.38%   6.6  805s
H456366 140350                    1.535807e+10 1.5300e+10  0.38%   6.6  805s
 460097 141612 infeasible  782      1.5358e+10 1.5300e+10  0.38%   6.5  810s
H461060 141864                    1.535807e+10 1.5300e+10  0.38%   6.5  811s
 463115 142200 1.5300e+10  814   19 1.5358e+10 1.5300e+10  0.38%   6.6  815s
 465631 142362 infeasible  810      1.5358e+10 1.5300e+10  0.38%   6.6  820s
 468180 142498 infeasible  809      1.5358e+10 1.5300e+10  0.38%   6.6  825s
H468741 142513                    1.535807e+10 1.5300e+10  0.38%   6.6  826s
H470286 142579                    1.535807e+10 1.5300e+10  0.38%   6.6  829s
 470740 142723 1.5300e+10  785   18 1.5358e+10 1.5300e+10  0.38%   6.6  830s
H470953 142749                    1.535804e+10 1.5300e+10  0.38%   6.6  830s
H471907 143007                    1.535804e+10 1.5300e+10  0.38%   6.6  832s
H472566 143214                    1.535568e+10 1.5300e+10  0.36%   6.6  833s
 473365 143325 1.5305e+10  767   19 1.5356e+10 1.5300e+10  0.36%   6.6  835s
H474136 143642                    1.535567e+10 1.5300e+10  0.36%   6.6  836s
H474682 143780                    1.535567e+10 1.5300e+10  0.36%   6.6  837s
H474942 143800                    1.535567e+10 1.5300e+10  0.36%   6.6  837s
 476248 144104 1.5300e+10  805   16 1.5356e+10 1.5300e+10  0.36%   6.6  840s
H477769 144344                    1.535567e+10 1.5300e+10  0.36%   6.6  842s
H477843 144334                    1.535566e+10 1.5300e+10  0.36%   6.6  842s
 478978 144463 infeasible  789      1.5356e+10 1.5300e+10  0.36%   6.6  845s
H479747 144559                    1.535566e+10 1.5300e+10  0.36%   6.6  846s
 481681 144806 1.5300e+10  794   20 1.5356e+10 1.5300e+10  0.36%   6.6  850s
 484242 145340 infeasible  801      1.5356e+10 1.5300e+10  0.36%   6.6  855s
 487061 145538 1.5300e+10  820   20 1.5356e+10 1.5300e+10  0.36%   6.6  860s
H489219 145854                    1.535566e+10 1.5300e+10  0.36%   6.6  864s
 489436 145895 1.5305e+10  803   18 1.5356e+10 1.5300e+10  0.36%   6.6  865s
 491802 146080 infeasible  804      1.5356e+10 1.5300e+10  0.36%   6.6  870s
H491843 146069                    1.535566e+10 1.5300e+10  0.36%   6.6  870s
 494057 146351 infeasible  777      1.5356e+10 1.5300e+10  0.36%   6.6  875s
H494426 146514                    1.535563e+10 1.5300e+10  0.36%   6.6  875s
H494516 146534                    1.535558e+10 1.5300e+10  0.36%   6.6  875s
H494773 146665                    1.535551e+10 1.5300e+10  0.36%   6.6  876s
 496991 147632 infeasible  811      1.5356e+10 1.5300e+10  0.36%   6.6  880s
 499519 148390 1.5300e+10  814   20 1.5356e+10 1.5300e+10  0.36%   6.6  885s
 502234 149299 infeasible  830      1.5356e+10 1.5300e+10  0.36%   6.6  890s
 504919 150022 1.5300e+10  801   21 1.5356e+10 1.5300e+10  0.36%   6.6  895s
H506570 150411                    1.535551e+10 1.5300e+10  0.36%   6.6  897s
 508202 150837 1.5300e+10  797   18 1.5356e+10 1.5300e+10  0.36%   6.6  900s
H511289 151407                    1.535550e+10 1.5300e+10  0.36%   6.6  904s
 511641 151519 1.5300e+10  803   18 1.5356e+10 1.5300e+10  0.36%   6.6  905s
H513941 151664                    1.535539e+10 1.5300e+10  0.36%   6.6  908s
 514688 151850 infeasible  787      1.5355e+10 1.5300e+10  0.36%   6.6  910s
 517143 151983 1.5300e+10  796   17 1.5355e+10 1.5300e+10  0.36%   6.6  915s
 520380 151999 1.5300e+10  781   19 1.5355e+10 1.5300e+10  0.36%   6.6  920s
 523937 152458 1.5300e+10  808   20 1.5355e+10 1.5300e+10  0.36%   6.6  925s
 526376 152677 infeasible  810      1.5355e+10 1.5300e+10  0.36%   6.6  930s
 529517 152988 infeasible  817      1.5355e+10 1.5300e+10  0.36%   6.6  935s
H531445 153035                    1.535537e+10 1.5300e+10  0.36%   6.6  937s
 533055 153124 1.5300e+10  808   45 1.5355e+10 1.5300e+10  0.36%   6.6  940s
 536721 153362 infeasible  806      1.5355e+10 1.5300e+10  0.36%   6.6  945s
 539991 153800 1.5300e+10  769   18 1.5355e+10 1.5300e+10  0.36%   6.7  950s
 543809 154700 infeasible  784      1.5355e+10 1.5300e+10  0.36%   6.6  955s
 547276 155249 infeasible  818      1.5355e+10 1.5300e+10  0.36%   6.6  960s
H550640 155731                    1.535512e+10 1.5300e+10  0.36%   6.6  964s
 551027 155768 infeasible  830      1.5355e+10 1.5300e+10  0.36%   6.6  965s
 554695 156336 infeasible  832      1.5355e+10 1.5300e+10  0.36%   6.6  970s
H555917 156296                    1.535435e+10 1.5300e+10  0.36%   6.6  972s
H556449 156314                    1.535409e+10 1.5300e+10  0.35%   6.6  972s
 557800 156511 1.5300e+10  812   45 1.5354e+10 1.5300e+10  0.35%   6.6  975s
H559554 156697                    1.535404e+10 1.5300e+10  0.35%   6.6  977s
H560410 156715                    1.535404e+10 1.5300e+10  0.35%   6.6  979s
 560894 156771 1.5300e+10  820   15 1.5354e+10 1.5300e+10  0.35%   6.6  980s
H563963 157050                    1.535404e+10 1.5300e+10  0.35%   6.6  984s
 563974 157049 infeasible  804      1.5354e+10 1.5300e+10  0.35%   6.6  985s
H566521 157185                    1.535404e+10 1.5300e+10  0.35%   6.6  989s
 566903 157233 1.5300e+10  779   21 1.5354e+10 1.5300e+10  0.35%   6.6  990s
H567246 157257                    1.535332e+10 1.5300e+10  0.35%   6.6  990s
 569490 157573 1.5300e+10  805   16 1.5353e+10 1.5300e+10  0.35%   6.6  995s
H570492 157612                    1.535054e+10 1.5300e+10  0.33%   6.6  997s
H572550 158073                    1.534849e+10 1.5300e+10  0.32%   6.6  999s
H572768 158107                    1.534793e+10 1.5300e+10  0.31%   6.6 1000s

Cutting planes:
  Gomory: 9

Explored 572768 nodes (3808523 simplex iterations) in 1000.02 seconds
Thread count was 1 (of 8 available processors)

Time limit reached
Best objective 1.534793192700e+10, best bound 1.529972505800e+10, gap 0.3141%
