
Log started (V12.6.3.0) Sat Apr 21 11:02:24 2018

New value for default parallel thread count: 1

Problem '/tmp/tmp9gJVub.pyomo.lp' read.
Read time = 0.00 sec. (0.06 ticks)

Problem name         : /tmp/tmp9gJVub.pyomo.lp
Objective sense      : Minimize
Variables            :     150  [Nneg: 1,  Binary: 144,  General Integer: 5]
Objective nonzeros   :       1
Linear constraints   :      81  [Less: 40,  Equal: 41]
  Nonzeros           :    4081
  RHS nonzeros       :      73

Variables            : Min LB: 0.000000         Max UB: 1.000000       
Objective nonzeros   : Min   : 1.000000         Max   : 1.000000       
Linear constraints   :
  Nonzeros           : Min   : 1.000000         Max   : 3.355443e+07   
  RHS nonzeros       : Min   : 1.000000         Max   : 4.000000       
Tried aggregator 1 time.
MIP Presolve eliminated 36 rows and 1 columns.
Reduced MIP has 45 rows, 149 columns, and 405 nonzeros.
Reduced MIP has 144 binaries, 5 generals, 0 SOSs, and 0 indicators.
Presolve time = 0.00 sec. (0.91 ticks)
Found incumbent of value 2.7980971e+08 after 0.00 sec. (1.06 ticks)
Probing time = 0.00 sec. (0.40 ticks)
Cover probing fixed 0 vars, tightened 9 bounds.
Tried aggregator 1 time.
Reduced MIP has 45 rows, 149 columns, and 405 nonzeros.
Reduced MIP has 144 binaries, 5 generals, 0 SOSs, and 0 indicators.
Presolve time = 0.00 sec. (0.27 ticks)
Probing time = 0.00 sec. (0.14 ticks)
Cover probing fixed 0 vars, tightened 8 bounds.
Clique table members: 36.
MIP emphasis: balance optimality and feasibility.
MIP search method: dynamic search.
Parallel mode: none, using 1 thread.
Root relaxation solution time = 0.00 sec. (0.20 ticks)

        Nodes                                         Cuts/
   Node  Left     Objective  IInf  Best Integer    Best Bound    ItCnt     Gap

*     0+    0                       2.79810e+08        0.0000           100.00%
      0     0   1.54237e+08    10   2.79810e+08   1.54237e+08       49   44.88%
      0     0   1.54237e+08     9   2.79810e+08      Fract: 3       56   44.88%
      0     0   1.54237e+08    10   2.79810e+08      Fract: 1       58   44.88%
*     0+    0                       1.68247e+08   1.54237e+08             8.33%
*     0+    0                       1.64727e+08   1.54237e+08             6.37%
*     0+    0                       1.63798e+08   1.54237e+08             5.84%
      0     2   1.54237e+08     6   1.63798e+08   1.54237e+08       58    5.84%
Elapsed time = 0.01 sec. (7.09 ticks, tree = 0.01 MB, solutions = 3)
*    10+   10                       1.61612e+08   1.54237e+08             4.56%
*    20+   16                       1.59176e+08   1.54237e+08             3.10%
*    30+   16                       1.57461e+08   1.54237e+08             2.05%
*    33    19      integral     0   1.57337e+08   1.54237e+08      164    1.97%
*    35    19      integral     0   1.56980e+08   1.54237e+08      170    1.75%
*    60    27      integral     0   1.56898e+08   1.54237e+08      266    1.70%
*   110+   45                       1.56390e+08   1.54237e+08             1.38%
*   200+   64                       1.56144e+08   1.54237e+08             1.22%
*   366   112      integral     0   1.55390e+08   1.54237e+08     1508    0.74%
*  1268   445      integral     0   1.55185e+08   1.54237e+08     5725    0.61%
   2114   356   1.54640e+08     6   1.55185e+08   1.54237e+08    10292    0.61%
*  2115+  250                       1.54883e+08   1.54237e+08             0.42%
   2115   251   1.54640e+08     5   1.54883e+08   1.54237e+08    10297    0.42%
*  2116   181      integral     0   1.54640e+08   1.54237e+08    10299    0.26%
   2116   176   1.54640e+08     0   1.54640e+08   1.54237e+08    10299    0.26%
   2117   172        cutoff         1.54640e+08   1.54237e+08    10311    0.26%
   2118   171   1.54482e+08    10   1.54640e+08   1.54237e+08    10334    0.26%
   2119   171   1.54482e+08     6   1.54640e+08   1.54237e+08    10339    0.26%
   2120   171   1.54482e+08     8   1.54640e+08   1.54237e+08    10341    0.26%
   2121   170   1.54482e+08     8   1.54640e+08   1.54237e+08    10343    0.26%
   2122   169   1.54482e+08     6   1.54640e+08   1.54237e+08    10355    0.26%
*  2123   126      integral     0   1.54482e+08   1.54237e+08    10356    0.16%
   5676   715   1.54237e+08    12   1.54482e+08   1.54237e+08    21447    0.16%
Elapsed time = 1.09 sec. (961.02 ticks, tree = 0.20 MB, solutions = 16)
  13045  1498   1.54237e+08     8   1.54482e+08   1.54237e+08    52183    0.16%
  13046  1499   1.54237e+08     8   1.54482e+08   1.54237e+08    52184    0.16%
  13047  1500   1.54237e+08     5   1.54482e+08   1.54237e+08    52185    0.16%
  13048  1501   1.54237e+08     6   1.54482e+08   1.54237e+08    52186    0.16%
  13049  1502   1.54237e+08     8   1.54482e+08   1.54237e+08    52187    0.16%
  13050  1503   1.54237e+08     6   1.54482e+08   1.54237e+08    52188    0.16%
  13051  1504   1.54237e+08     6   1.54482e+08   1.54237e+08    52189    0.16%
  13052  1505   1.54237e+08     6   1.54482e+08   1.54237e+08    52190    0.16%
  13053  1506   1.54237e+08     6   1.54482e+08   1.54237e+08    52191    0.16%
  13054  1507   1.54237e+08     6   1.54482e+08   1.54237e+08    52192    0.16%
Elapsed time = 2.23 sec. (1915.73 ticks, tree = 0.42 MB, solutions = 16)
* 18335  1192      integral     0   1.54482e+08   1.54237e+08    79028    0.16%
* 18336  1159      integral     0   1.54415e+08   1.54237e+08    79028    0.12%
  22033   702        cutoff         1.54415e+08   1.54237e+08    98562    0.12%
  22034   701        cutoff         1.54415e+08   1.54237e+08    98581    0.12%
  22035   700        cutoff         1.54415e+08   1.54237e+08    98599    0.12%
  22036   699        cutoff         1.54415e+08   1.54237e+08    98612    0.12%
  22037   700   1.54237e+08    10   1.54415e+08   1.54237e+08    98616    0.12%
  22038   701   1.54237e+08    10   1.54415e+08   1.54237e+08    98618    0.12%
  22039   702   1.54237e+08     9   1.54415e+08   1.54237e+08    98619    0.12%
  22040   703   1.54237e+08    10   1.54415e+08   1.54237e+08    98620    0.12%
  22041   702        cutoff         1.54415e+08   1.54237e+08    98634    0.12%
  22042   703   1.54237e+08    10   1.54415e+08   1.54237e+08    98637    0.12%
Elapsed time = 3.27 sec. (2870.62 ticks, tree = 0.23 MB, solutions = 18)

Cover cuts applied:  41
Mixed integer rounding cuts applied:  1
Gomory fractional cuts applied:  3

Root node processing (before b&c):
  Real time             =    0.01 sec. (7.11 ticks)
Sequential b&c:
  Real time             =    3.69 sec. (3258.08 ticks)
                          ------------
Total (root+branch&cut) =    3.70 sec. (3265.18 ticks)

Solution pool: 18 solutions saved.

MIP - Integer optimal, tolerance (0.0001/1e-06):  Objective =  1.5441545500e+08
Current MIP best bound =  1.5440031293e+08 (gap = 15142.1, 0.01%)
Solution time =    3.70 sec.  Iterations = 118817  Nodes = 25903 (54)
Deterministic time = 3265.18 ticks  (883.07 ticks/sec)


Incumbent solution written to file '/tmp/tmpgziQdA.cplex.sol'.
