
Log started (V12.6.3.0) Sat Apr 21 18:26:51 2018

New value for default parallel thread count: 1

Problem '/tmp/tmpJ6q1nv.pyomo.lp' read.
Read time = 0.02 sec. (0.77 ticks)

Problem name         : /tmp/tmpJ6q1nv.pyomo.lp
Objective sense      : Minimize
Variables            :    1058  [Nneg: 1,  Binary: 1040,  General Integer: 17]
Objective nonzeros   :       1
Linear constraints   :     165  [Less: 81,  Equal: 84]
  Nonzeros           :   54877
  RHS nonzeros       :     131

Variables            : Min LB: 0.000000         Max UB: 1.000000       
Objective nonzeros   : Min   : 1.000000         Max   : 1.000000       
Linear constraints   :
  Nonzeros           : Min   : 1.000000         Max   : 128311.0       
  RHS nonzeros       : Min   : 1.000000         Max   : 7.000000       
Tried aggregator 2 times.
MIP Presolve eliminated 71 rows and 159 columns.
Aggregator did 16 substitutions.
Reduced MIP has 78 rows, 883 columns, and 2454 nonzeros.
Reduced MIP has 882 binaries, 1 generals, 0 SOSs, and 0 indicators.
Presolve time = 0.01 sec. (10.62 ticks)
Found incumbent of value 2290008.000000 after 0.01 sec. (14.63 ticks)
Probing time = 0.00 sec. (1.68 ticks)
Cover probing fixed 0 vars, tightened 5 bounds.
Tried aggregator 1 time.
Reduced MIP has 78 rows, 883 columns, and 2454 nonzeros.
Reduced MIP has 882 binaries, 1 generals, 0 SOSs, and 0 indicators.
Presolve time = 0.00 sec. (1.39 ticks)
Probing time = 0.00 sec. (1.17 ticks)
Clique table members: 63.
MIP emphasis: balance optimality and feasibility.
MIP search method: dynamic search.
Parallel mode: none, using 1 thread.
Root relaxation solution time = 0.00 sec. (0.80 ticks)

        Nodes                                         Cuts/
   Node  Left     Objective  IInf  Best Integer    Best Bound    ItCnt     Gap

*     0+    0                      2290008.0000   128311.0000            94.40%
      0     0   163572.0000    20  2290008.0000   163572.0000       26   92.86%
*     0+    0                       298532.0000   163572.0000            45.21%
      0     0   163572.0000    32   298532.0000      Cuts: 14       49   45.21%
*     0+    0                       290986.0000   163572.0000            43.79%
      0     0   163572.0000    29   290986.0000       Cuts: 6       69   43.79%
*     0+    0                       211480.0000   163572.0000            22.65%
      0     0   163572.0000    35   211480.0000       Cuts: 5       84   22.65%
*     0+    0                       208419.0000   163572.0000            21.52%
*     0+    0                       188334.0000   163572.0000            13.15%
*     0+    0                       182417.0000   163572.0000            10.33%
      0     2   163572.0000    22   182417.0000   163572.0000       84   10.33%
Elapsed time = 0.07 sec. (99.75 ticks, tree = 0.01 MB, solutions = 6)
*    90+   77                       179068.0000   163572.0000             8.65%
*   150+  127                       178329.0000   163572.0000             8.28%
*   170+  143                       177710.0000   163572.0000             7.96%
*   230+  167                       175740.0000   163572.0000             6.92%
*   440+  313                       174920.0000   163572.0000             6.49%
*   540+  360                       173942.0000   163572.0000             5.96%
    784   498   170942.0000    15   173942.0000   163572.0000     3862    5.96%
    785   499   170942.0000    15   173942.0000   163572.0000     3863    5.96%
    786   500   170942.0000    15   173942.0000   163572.0000     3864    5.96%
    787   501   170942.0000    15   173942.0000   163572.0000     3865    5.96%
    788   502   170942.0000    15   173942.0000   163572.0000     3866    5.96%
    789   503   170942.0000    15   173942.0000   163572.0000     3867    5.96%
    790   504   170942.0000    15   173942.0000   163572.0000     3868    5.96%
    791   505   170942.0000    13   173942.0000   163572.0000     3869    5.96%
    792   506   170942.0000    13   173942.0000   163572.0000     3870    5.96%
*   840+  526                       173726.0000   163572.0000             5.84%
*   940+  611                       173274.0000   163572.0000             5.60%
*  1000+  654                       173039.0000   163572.0000             5.47%
*  1000+  646                       172178.0000   163572.0000             5.00%
*  1141+  616                       171572.0000   163572.0000             4.66%
*  1141+  616                       171191.0000   163572.0000             4.45%
*  1143+  410                       170942.0000   163572.0000             4.31%
*  1143+  273                       169916.0000   163572.0000             3.73%
*  1243+  199                       169870.0000   163572.0000             3.71%
*  1243+  154                       169554.0000   163572.0000             3.53%
   1243   155   163572.0000    24   169554.0000   163572.0000     7179    3.53%
Elapsed time = 0.74 sec. (1068.32 ticks, tree = 0.27 MB, solutions = 22)
*  1343+  148                       169486.0000   163572.0000             3.49%
*  1343+  137                       168822.0000   163572.0000             3.11%
   1643   333   164289.0000    20   168822.0000   163572.0000     8505    3.11%
   1644   334   164289.0000    20   168822.0000   163572.0000     8505    3.11%
   1645   334   165395.8062    20   168822.0000   163572.0000     8513    3.11%
   1646   334   165395.8062    20   168822.0000   163572.0000     8514    3.11%
   1647   334   165395.8062    21   168822.0000   163572.0000     8516    3.11%
   1648   334   165395.8062    19   168822.0000   163572.0000     8519    3.11%
   1649   334   165395.8062    21   168822.0000   163572.0000     8522    3.11%
   1650   334   165395.8062    20   168822.0000   163572.0000     8524    3.11%
   1651   334   165395.8062    21   168822.0000   163572.0000     8526    3.11%
   1652   334   165395.8062    20   168822.0000   163572.0000     8528    3.11%
Elapsed time = 1.57 sec. (2220.39 ticks, tree = 0.53 MB, solutions = 24)
   4033  2072   166313.8258    28   168822.0000   163572.0000    18152    3.11%
   4034  2073   166313.8258    28   168822.0000   163572.0000    18152    3.11%
   4035  2073   166319.5652    28   168822.0000   163572.0000    18153    3.11%
   4036  2073   166319.5652    28   168822.0000   163572.0000    18154    3.11%
   4037  2074   166319.5652    28   168822.0000   163572.0000    18155    3.11%
   4038  2074   166319.6190    28   168822.0000   163572.0000    18156    3.11%
   4039  2074   166319.6190    28   168822.0000   163572.0000    18157    3.11%
   4040  2074   166319.6190    28   168822.0000   163572.0000    18158    3.11%
   4041  2074   166319.6190    28   168822.0000   163572.0000    18159    3.11%
   4042  2074   166319.6190    28   168822.0000   163572.0000    18160    3.11%
Elapsed time = 2.18 sec. (3176.02 ticks, tree = 3.48 MB, solutions = 24)
   4968  2775   165231.7679    66   168822.0000   163572.0000    32777    3.11%
   4969  2775   166661.0408    44   168822.0000   163572.0000    32833    3.11%
   4970  2776   166661.0408    43   168822.0000   163572.0000    32841    3.11%
   4971  2775        cutoff         168822.0000   163572.0000    32859    3.11%
   4972  2774        cutoff         168822.0000   163572.0000    32887    3.11%
   4973  2775   168751.0000    46   168822.0000   163572.0000    33026    3.11%
   4974  2776   168751.0000    44   168822.0000   163572.0000    33050    3.11%
   4975  2777   168751.0000    43   168822.0000   163572.0000    33082    3.11%
   4976  2778   168751.0000    42   168822.0000   163572.0000    33117    3.11%
   4977  2779   168751.0000    38   168822.0000   163572.0000    33130    3.11%
Elapsed time = 2.76 sec. (4170.88 ticks, tree = 5.05 MB, solutions = 24)
   5144  2669        cutoff         168822.0000   163572.0000    50973    3.11%
   5145  2668        cutoff         168822.0000   163572.0000    51329    3.11%
   5146  2667        cutoff         168822.0000   163572.0000    51551    3.11%
   5147  2666    infeasible         168822.0000   163572.0000    51551    3.11%
   5148  2665    infeasible         168822.0000   163572.0000    51551    3.11%
   5149  2664    infeasible         168822.0000   163572.0000    51551    3.11%
   5150  2663    infeasible         168822.0000   163572.0000    51551    3.11%
   5151  2662    infeasible         168822.0000   163572.0000    51551    3.11%
   5152  2661    infeasible         168822.0000   163572.0000    51551    3.11%
   5153  2660    infeasible         168822.0000   163572.0000    51551    3.11%
Elapsed time = 3.32 sec. (5154.28 ticks, tree = 4.89 MB, solutions = 24)
   5622  2389   168751.0000    54   168822.0000   163572.0000    68948    3.11%
   5623  2390   168751.0000    51   168822.0000   163572.0000    68951    3.11%
   5624  2391   168751.0000    46   168822.0000   163572.0000    68975    3.11%
   5625  2390        cutoff         168822.0000   163572.0000    69023    3.11%
   5626  2389        cutoff         168822.0000   163572.0000    69193    3.11%
   5627  2388    infeasible         168822.0000   163572.0000    69193    3.11%
   5628  2387    infeasible         168822.0000   163572.0000    69193    3.11%
   5629  2386    infeasible         168822.0000   163572.0000    69193    3.11%
   5630  2385    infeasible         168822.0000   163572.0000    69193    3.11%
   5631  2384    infeasible         168822.0000   163572.0000    69193    3.11%
Elapsed time = 3.90 sec. (6123.43 ticks, tree = 4.62 MB, solutions = 24)
   6225  1884    infeasible         168822.0000   163572.0000    86270    3.11%
   6226  1883        cutoff         168822.0000   163572.0000    86299    3.11%
   6227  1882    infeasible         168822.0000   163572.0000    86299    3.11%
   6228  1881        cutoff         168822.0000   163572.0000    86451    3.11%
   6229  1880        cutoff         168822.0000   163572.0000    86757    3.11%
   6230  1879    infeasible         168822.0000   163572.0000    86757    3.11%
   6231  1878    infeasible         168822.0000   163572.0000    86757    3.11%
   6232  1877    infeasible         168822.0000   163572.0000    86757    3.11%
   6233  1876        cutoff         168822.0000   163572.0000    86835    3.11%
   6234  1875    infeasible         168822.0000   163572.0000    86835    3.11%
Elapsed time = 4.45 sec. (7103.89 ticks, tree = 3.89 MB, solutions = 24)
   6677  1885        cutoff         168822.0000   163572.0000   102577    3.11%
   6678  1884    infeasible         168822.0000   163572.0000   102577    3.11%
   6679  1883    infeasible         168822.0000   163572.0000   102577    3.11%
   6680  1882        cutoff         168822.0000   163572.0000   102773    3.11%
   6681  1881        cutoff         168822.0000   163572.0000   102893    3.11%
   6682  1880        cutoff         168822.0000   163572.0000   103082    3.11%
   6683  1881   163572.0000    52   168822.0000   163572.0000   103106    3.11%
   6684  1882   163572.0000    47   168822.0000   163572.0000   103114    3.11%
   6685  1883   163572.0000    52   168822.0000   163572.0000   103122    3.11%
   6686  1884   163572.0000    46   168822.0000   163572.0000   103155    3.11%
Elapsed time = 5.04 sec. (8090.99 ticks, tree = 4.16 MB, solutions = 24)
   7053  2079        cutoff         168822.0000   163572.0000   119286    3.11%
   7054  2078    infeasible         168822.0000   163572.0000   119286    3.11%
   7055  2079   163572.0000    82   168822.0000   163572.0000   119430    3.11%
   7056  2080   163572.0000    74   168822.0000   163572.0000   119437    3.11%
   7057  2081   163572.0000    66   168822.0000   163572.0000   119448    3.11%
   7058  2082   163572.0000    61   168822.0000   163572.0000   119472    3.11%
   7059  2083   163572.0000    62   168822.0000   163572.0000   119481    3.11%
   7060  2084   163572.0000    58   168822.0000   163572.0000   119495    3.11%
   7061  2085   163572.0000    65   168822.0000   163572.0000   119526    3.11%
   7062  2086   163572.0000    64   168822.0000   163572.0000   119527    3.11%
Elapsed time = 5.62 sec. (9077.63 ticks, tree = 4.89 MB, solutions = 24)
   7294  2163   165767.4915    70   168822.0000   163572.0000   135182    3.11%
   7295  2164   166478.6032    55   168822.0000   163572.0000   135272    3.11%
   7296  2165   166943.5779    54   168822.0000   163572.0000   135302    3.11%
   7297  2166   166943.5779    52   168822.0000   163572.0000   135304    3.11%
   7298  2165        cutoff         168822.0000   163572.0000   135345    3.11%
   7299  2164        cutoff         168822.0000   163572.0000   135346    3.11%
   7300  2163        cutoff         168822.0000   163572.0000   135573    3.11%
   7301  2164   163572.0000    85   168822.0000   163572.0000   135776    3.11%
   7302  2165   163572.0000    71   168822.0000   163572.0000   135826    3.11%
   7665  2207        cutoff         168822.0000   163572.0000   176319    3.11%
Elapsed time = 7.83 sec. (12897.25 ticks, tree = 5.50 MB, solutions = 24)
*  8773+ 2147                       168217.0000   163572.0000             2.76%
   8811  2156   171797.2562    40   168217.0000   163572.0000   231888    2.76%
   8812  2157   164592.1934    42   168217.0000   163572.0000   232106    2.76%
   8813  2158   164766.3020    38   168217.0000   163572.0000   232118    2.76%
   8814  2157        cutoff         168217.0000   163572.0000   232121    2.76%
   8815  2158   167993.0000    15   168217.0000   163572.0000   232158    2.76%
   8816  2157        cutoff         168217.0000   163572.0000   232196    2.76%
   8817  2158   167993.0000    21   168217.0000   163572.0000   232213    2.76%
   8818  2159   167993.0000    18   168217.0000   163572.0000   232217    2.76%
   8819  2160   167993.0000    12   168217.0000   163572.0000   232241    2.76%
   8820  2161   167993.0000    11   168217.0000   163572.0000   232245    2.76%
Elapsed time = 10.33 sec. (16763.32 ticks, tree = 6.69 MB, solutions = 25)
*  9643+ 2364                       167993.0000   163572.0000             2.63%
   9785  2428   163572.0000    64   167993.0000   163572.0000   281961    2.63%
   9786  2429   163572.0000    49   167993.0000   163572.0000   282131    2.63%
   9787  2430   163572.0000    46   167993.0000   163572.0000   282277    2.63%
   9788  2431   163572.0000    47   167993.0000   163572.0000   282410    2.63%
   9789  2432   163572.0000    42   167993.0000   163572.0000   282416    2.63%
   9790  2433   163846.5089    35   167993.0000   163572.0000   282628    2.63%
   9791  2432        cutoff         167993.0000   163572.0000   282782    2.63%
   9792  2433   163867.9394    32   167993.0000   163572.0000   282785    2.63%
   9793  2434   163867.9394    36   167993.0000   163572.0000   282792    2.63%
   9794  2435   164244.2494    32   167993.0000   163572.0000   282816    2.63%
Elapsed time = 12.78 sec. (20656.70 ticks, tree = 8.30 MB, solutions = 26)
  10379  2555        cutoff         167993.0000   163572.0000   336960    2.63%
  10380  2554        cutoff         167993.0000   163572.0000   337064    2.63%
  10381  2553        cutoff         167993.0000   163572.0000   337269    2.63%
  10382  2554   163572.0000    58   167993.0000   163572.0000   337350    2.63%
  10383  2555   163572.0000    55   167993.0000   163572.0000   337410    2.63%
  10384  2556   163572.0000    60   167993.0000   163572.0000   337502    2.63%
  10385  2557   163572.0000    52   167993.0000   163572.0000   337678    2.63%
  10386  2558   163894.1044    62   167993.0000   163572.0000   338004    2.63%
  10387  2559   163928.1298    62   167993.0000   163572.0000   338017    2.63%
  10388  2560   163934.3113    57   167993.0000   163572.0000   338018    2.63%
Elapsed time = 15.20 sec. (24552.10 ticks, tree = 9.15 MB, solutions = 26)
  10944  2789        cutoff         167993.0000   163572.0000   380362    2.63%
  10945  2788        cutoff         167993.0000   163572.0000   380688    2.63%
  10946  2788   164146.7720    65   167993.0000   163572.0000   381099    2.63%
  10947  2789   164146.7720    65   167993.0000   163572.0000   381100    2.63%
  10948  2790   164158.9052    64   167993.0000   163572.0000   381102    2.63%
  10949  2791   164196.5488    59   167993.0000   163572.0000   381106    2.63%
  10950  2792   164196.5488    55   167993.0000   163572.0000   381124    2.63%
  10951  2793   164608.4807    31   167993.0000   163572.0000   381193    2.63%
  10952  2794   167737.0000    19   167993.0000   163572.0000   381219    2.63%
  10953  2795   167737.0000    12   167993.0000   163572.0000   381226    2.63%
Elapsed time = 18.40 sec. (29095.28 ticks, tree = 10.61 MB, solutions = 26)
  11543  2929   167466.9290    51   167993.0000   163572.0000   436525    2.63%
  11544  2928        cutoff         167993.0000   163572.0000   436526    2.63%
  11545  2927   166165.4734    49   167993.0000   163572.0000   436994    2.63%
  11546  2926        cutoff         167993.0000   163572.0000   437241    2.63%
  11547  2925        cutoff         167993.0000   163572.0000   437381    2.63%
  11548  2926   167381.1605    54   167993.0000   163572.0000   437943    2.63%
  11549  2925        cutoff         167993.0000   163572.0000   437945    2.63%
  11550  2924        cutoff         167993.0000   163572.0000   437947    2.63%
  11551  2925   164057.7562    53   167993.0000   163572.0000   438576    2.63%
  11552  2924        cutoff         167993.0000   163572.0000   438578    2.63%
Elapsed time = 20.86 sec. (33044.72 ticks, tree = 11.51 MB, solutions = 26)
  12229  3148   167737.0000    43   167993.0000   163572.0000   496031    2.63%
  12230  3149   167737.0000    34   167993.0000   163572.0000   496033    2.63%
  12231  3150   167737.0000    31   167993.0000   163572.0000   496046    2.63%
  12232  3151   167737.0000    25   167993.0000   163572.0000   496095    2.63%
  12233  3152   167737.0000    27   167993.0000   163572.0000   496110    2.63%
  12234  3153   167737.0000    24   167993.0000   163572.0000   496117    2.63%
  12235  3154   167737.0000    27   167993.0000   163572.0000   496124    2.63%
  12236  3155   167737.0000    20   167993.0000   163572.0000   496140    2.63%
  12237  3156   167737.0000    17   167993.0000   163572.0000   496143    2.63%
  12238  3157   167737.0000    17   167993.0000   163572.0000   496145    2.63%
Elapsed time = 23.20 sec. (36877.45 ticks, tree = 12.95 MB, solutions = 26)
  12810  3315   163572.0000    64   167993.0000   163572.0000   548507    2.63%
  12811  3316   163572.0000    57   167993.0000   163572.0000   548560    2.63%
  12812  3317   163572.0000    55   167993.0000   163572.0000   548627    2.63%
  12813  3318   163572.0000    63   167993.0000   163572.0000   548731    2.63%
  12814  3319   163572.0000    52   167993.0000   163572.0000   548783    2.63%
  12815  3320   163572.0000    54   167993.0000   163572.0000   548878    2.63%
  12816  3321   163572.0000    48   167993.0000   163572.0000   548940    2.63%
  12817  3320   167041.1270    46   167993.0000   163572.0000   549666    2.63%
  12818  3319        cutoff         167993.0000   163572.0000   549718    2.63%
  12819  3320   167513.0000    51   167993.0000   163572.0000   549904    2.63%
Elapsed time = 25.57 sec. (40793.76 ticks, tree = 13.95 MB, solutions = 26)
  13299  3393   163572.0000    77   167993.0000   163572.0000   602935    2.63%
  13300  3392        cutoff         167993.0000   163572.0000   603454    2.63%
  13301  3393   163572.0000    84   167993.0000   163572.0000   603671    2.63%
  13302  3394   163572.0000    76   167993.0000   163572.0000   603725    2.63%
  13303  3393        cutoff         167993.0000   163572.0000   603923    2.63%
  13304  3394   163572.0000    73   167993.0000   163572.0000   603938    2.63%
  13305  3395   163572.0000    69   167993.0000   163572.0000   603968    2.63%
  13306  3396   163572.0000    63   167993.0000   163572.0000   603978    2.63%
  13307  3395    infeasible         167993.0000   163572.0000   604221    2.63%
  13308  3394        cutoff         167993.0000   163572.0000   604292    2.63%
Elapsed time = 27.94 sec. (44705.76 ticks, tree = 14.46 MB, solutions = 26)
  14003  3701   164552.1191    78   167993.0000   163572.0000   662667    2.63%
  14004  3700        cutoff         167993.0000   163572.0000   662671    2.63%
  14005  3701   166524.0000    31   167993.0000   163572.0000   662924    2.63%
  14006  3702   166524.0000    31   167993.0000   163572.0000   662941    2.63%
  14007  3703   166524.0000    31   167993.0000   163572.0000   662942    2.63%
  14008  3704   166524.0000    29   167993.0000   163572.0000   662952    2.63%
  14009  3705   166524.0000    25   167993.0000   163572.0000   662953    2.63%
  14010  3704        cutoff         167993.0000   163572.0000   662961    2.63%
  14011  3703        cutoff         167993.0000   163572.0000   663034    2.63%
  14012  3704   163572.0000    61   167993.0000   163572.0000   663133    2.63%
Elapsed time = 30.22 sec. (48551.85 ticks, tree = 16.33 MB, solutions = 26)
  14469  3788   163572.0000    83   167993.0000   163572.0000   713448    2.63%
  14470  3787        cutoff         167993.0000   163572.0000   714112    2.63%
  14471  3786        cutoff         167993.0000   163572.0000   714482    2.63%
  14472  3786   166457.7874    79   167993.0000   163572.0000   714953    2.63%
  14473  3787   166457.7874    76   167993.0000   163572.0000   714954    2.63%
  14474  3788   166840.9518    73   167993.0000   163572.0000   715015    2.63%
  14475  3787        cutoff         167993.0000   163572.0000   715019    2.63%
  14476  3786        cutoff         167993.0000   163572.0000   715030    2.63%
  14477  3785        cutoff         167993.0000   163572.0000   715379    2.63%
  14478  3784    infeasible         167993.0000   163572.0000   715379    2.63%
Elapsed time = 32.57 sec. (52502.75 ticks, tree = 16.83 MB, solutions = 26)
  15068  3687   165718.9022    70   167993.0000   163749.9377   772204    2.53%
  15069  3686        cutoff         167993.0000   163749.9377   772211    2.53%
  15070  3685        cutoff         167993.0000   163749.9377   772235    2.53%
  15071  3684    infeasible         167993.0000   163751.0567   772235    2.53%
  15072  3685   165687.9315    84   167993.0000   163751.2308   772402    2.52%
  15073  3684        cutoff         167993.0000   163751.2308   772435    2.52%
  15074  3683        cutoff         167993.0000   163751.2308   772474    2.52%
  15075  3682        cutoff         167993.0000   163751.2308   772534    2.52%
  15076  3681        cutoff         167993.0000   163751.2308   772600    2.52%
  15077  3680        cutoff         167993.0000   163751.2308   772840    2.52%
Elapsed time = 34.88 sec. (56352.90 ticks, tree = 16.63 MB, solutions = 26)
  17067  2803        cutoff         167993.0000   164859.0000   830509    1.87%
  17068  2802        cutoff         167993.0000   164859.0000   830602    1.87%
  17069  2803   164859.0000    28   167993.0000   164859.0000   830619    1.87%
  17070  2803   166187.1840    28   167993.0000   164859.0000   830668    1.87%
  17071  2802        cutoff         167993.0000   164859.0000   830670    1.87%
  17072  2803   164859.0000    37   167993.0000   164859.0000   830725    1.87%
  17073  2802        cutoff         167993.0000   164859.0000   830730    1.87%
  17074  2801    infeasible         167993.0000   164859.0000   830730    1.87%
  17075  2800    infeasible         167993.0000   164859.0000   830730    1.87%
  17076  2799        cutoff         167993.0000   164859.0000   830879    1.87%
Elapsed time = 37.36 sec. (60184.80 ticks, tree = 13.99 MB, solutions = 26)
  19746  1322        cutoff         167993.0000   167290.2914   892210    0.42%
  19747  1321        cutoff         167993.0000   167292.0337   892214    0.42%
  19748  1320        cutoff         167993.0000   167292.0337   892215    0.42%
  19749  1319    infeasible         167993.0000   167299.7105   892215    0.41%
  19750  1318    infeasible         167993.0000   167300.6043   892215    0.41%
  19751  1317        cutoff         167993.0000   167307.2865   892216    0.41%
  19752  1316    infeasible         167993.0000   167307.9569   892216    0.41%
  19753  1315        cutoff         167993.0000   167312.4789   892222    0.41%
  19754  1314        cutoff         167993.0000   167312.6408   892224    0.40%
  19755  1313        cutoff         167993.0000   167313.3058   892225    0.40%
Elapsed time = 39.85 sec. (64003.29 ticks, tree = 7.60 MB, solutions = 26)

Clique cuts applied:  3
Cover cuts applied:  372
Flow cuts applied:  4
Mixed integer rounding cuts applied:  4
Gomory fractional cuts applied:  7

Root node processing (before b&c):
  Real time             =    0.07 sec. (99.93 ticks)
Sequential b&c:
  Real time             =   41.98 sec. (67139.57 ticks)
                          ------------
Total (root+branch&cut) =   42.05 sec. (67239.50 ticks)

Solution pool: 26 solutions saved.

MIP - Integer optimal, tolerance (0.0001/1e-06):  Objective =  1.6799300000e+05
Current MIP best bound =  1.6797788889e+05 (gap = 15.1111, 0.01%)
Solution time =   42.05 sec.  Iterations = 958942  Nodes = 22554 (14)
Deterministic time = 67239.50 ticks  (1599.00 ticks/sec)


Incumbent solution written to file '/tmp/tmpDsh_D3.cplex.sol'.
