
Log started (V12.6.3.0) Sat Apr 21 18:33:40 2018

New value for default parallel thread count: 1

Problem '/tmp/tmpMwzGc4.pyomo.lp' read.
Read time = 0.01 sec. (0.75 ticks)

Problem name         : /tmp/tmpMwzGc4.pyomo.lp
Objective sense      : Minimize
Variables            :    1058  [Nneg: 1,  Binary: 1040,  General Integer: 17]
Objective nonzeros   :       1
Linear constraints   :     165  [Less: 81,  Equal: 84]
  Nonzeros           :   53902
  RHS nonzeros       :     131

Variables            : Min LB: 0.000000         Max UB: 1.000000       
Objective nonzeros   : Min   : 1.000000         Max   : 1.000000       
Linear constraints   :
  Nonzeros           : Min   : 1.000000         Max   : 128311.0       
  RHS nonzeros       : Min   : 1.000000         Max   : 7.000000       
Tried aggregator 2 times.
MIP Presolve eliminated 71 rows and 159 columns.
Aggregator did 16 substitutions.
Reduced MIP has 78 rows, 883 columns, and 2441 nonzeros.
Reduced MIP has 882 binaries, 1 generals, 0 SOSs, and 0 indicators.
Presolve time = 0.01 sec. (10.47 ticks)
Found incumbent of value 2290008.000000 after 0.02 sec. (14.44 ticks)
Probing time = 0.00 sec. (1.68 ticks)
Cover probing fixed 0 vars, tightened 5 bounds.
Tried aggregator 1 time.
Reduced MIP has 78 rows, 883 columns, and 2441 nonzeros.
Reduced MIP has 882 binaries, 1 generals, 0 SOSs, and 0 indicators.
Presolve time = 0.00 sec. (1.39 ticks)
Probing time = 0.00 sec. (1.16 ticks)
Clique table members: 63.
MIP emphasis: balance optimality and feasibility.
MIP search method: dynamic search.
Parallel mode: none, using 1 thread.
Root relaxation solution time = 0.00 sec. (0.82 ticks)

        Nodes                                         Cuts/
   Node  Left     Objective  IInf  Best Integer    Best Bound    ItCnt     Gap

*     0+    0                      2290008.0000   128311.0000            94.40%
      0     0   163572.0000    19  2290008.0000   163572.0000       28   92.86%
*     0+    0                       378391.0000   163572.0000            56.77%
      0     0   163572.0000    33   378391.0000      Cuts: 15       54   56.77%
*     0+    0                       359243.0000   163572.0000            54.47%
      0     0   163572.0000    33   359243.0000       Cuts: 7       76   54.47%
*     0+    0                       255329.0000   163572.0000            35.94%
*     0+    0                       241071.0000   163572.0000            32.15%
      0     2   163572.0000    19   241071.0000   163572.0000       76   32.15%
Elapsed time = 0.06 sec. (80.91 ticks, tree = 0.01 MB, solutions = 4)
*    10+   10                       217403.0000   163572.0000            24.76%
*    20+   20                       191711.0000   163572.0000            14.68%
*    40+   40                       189549.0000   163572.0000            13.70%
*    50+   50                       187563.0000   163572.0000            12.79%
*    70+   70                       187371.0000   163572.0000            12.70%
*    90+   90                       186815.0000   163572.0000            12.44%
*    90+   90                       185378.0000   163572.0000            11.76%
*   101    93      integral     0   183971.0000   163572.0000      775   11.09%
*   120+  110                       183484.0000   163572.0000            10.85%
*   120+  110                       183467.0000   163572.0000            10.84%
*   220+  202                       183351.0000   163572.0000            10.79%
*   300+  269                       182567.0000   163572.0000            10.40%
*   320+  280                       179901.0000   163572.0000             9.08%
*   420+  359                       179752.0000   163572.0000             9.00%
*   420+  345                       179578.0000   163572.0000             8.91%
*   519   406      integral     0   179514.0000   163572.0000     3012    8.88%
*   619+  470                       179402.0000   163572.0000             8.82%
*   619+  457                       179087.0000   163572.0000             8.66%
*   619+  457                       178415.0000   163572.0000             8.32%
    720   524   163572.0000    21   178415.0000   163572.0000     3807    8.32%
    721   525   163572.0000    21   178415.0000   163572.0000     3812    8.32%
    722   526   164237.9853    26   178415.0000   163572.0000     3820    8.32%
    723   527   165831.1297    18   178415.0000   163572.0000     3835    8.32%
    724   527   174449.4133    15   178415.0000   163572.0000     3841    8.32%
    725   528   178369.0000    10   178415.0000   163572.0000     3842    8.32%
    726   528   178369.0000    10   178415.0000   163572.0000     3844    8.32%
    727   527    infeasible         178415.0000   163572.0000     3844    8.32%
    728   528   164677.4890    22   178415.0000   163572.0000     3853    8.32%
*  1222+  498                       176091.0000   163572.0000             7.11%
*  1222+  332                       173278.0000   163572.0000             5.60%
*  1222+  221                       172930.0000   163572.0000             5.41%
*  1222+  146                       171560.0000   163572.0000             4.66%
*  1322+  118                       171202.0000   163572.0000             4.46%
*  1322+   98                       170860.0000   163572.0000             4.27%
*  1422+  110                       170676.0000   163572.0000             4.16%
*  1422+  109                       169411.0000   163572.0000             3.45%
   1661   260   165072.0000    14   169411.0000   163572.0000     8190    3.45%
Elapsed time = 0.75 sec. (1034.82 ticks, tree = 0.40 MB, solutions = 31)
*  1722+  301                       169140.0000   163572.0000             3.29%
*  1922+  449                       169027.0000   163572.0000             3.23%
*  2022+  480                       167855.0000   163572.0000             2.55%
   2633   904   163572.0000    21   167855.0000   163572.0000    11117    2.55%
   2634   905   163572.0000    20   167855.0000   163572.0000    11119    2.55%
   2635   906   163572.0000    20   167855.0000   163572.0000    11121    2.55%
   2636   907   163572.0000    21   167855.0000   163572.0000    11127    2.55%
   2637   908   163572.0000    20   167855.0000   163572.0000    11128    2.55%
   2638   909   163572.0000    20   167855.0000   163572.0000    11130    2.55%
   2639   910   163572.0000    20   167855.0000   163572.0000    11132    2.55%
   2640   911   163572.0000    20   167855.0000   163572.0000    11134    2.55%
   2641   912   163572.0000    20   167855.0000   163572.0000    11136    2.55%
   2642   913   163572.0000    20   167855.0000   163572.0000    11137    2.55%
Elapsed time = 1.46 sec. (1992.75 ticks, tree = 1.39 MB, solutions = 34)
   6852  4271   163572.0000    26   167855.0000   163572.0000    23945    2.55%
   6853  4272   163572.0000    25   167855.0000   163572.0000    23949    2.55%
   6854  4273   163572.0000    25   167855.0000   163572.0000    23950    2.55%
   6855  4274   163572.0000    25   167855.0000   163572.0000    23951    2.55%
   6856  4275   163572.0000    25   167855.0000   163572.0000    23952    2.55%
   6857  4276   163572.0000    25   167855.0000   163572.0000    23955    2.55%
   6858  4277   163572.0000    25   167855.0000   163572.0000    23956    2.55%
   6859  4278   163572.0000    25   167855.0000   163572.0000    23957    2.55%
   6860  4279   163572.0000    25   167855.0000   163572.0000    23964    2.55%
   6861  4280   163572.0000    25   167855.0000   163572.0000    23969    2.55%
Elapsed time = 2.13 sec. (2948.35 ticks, tree = 6.65 MB, solutions = 34)
* 11022+ 7285                       166855.0000   163572.0000             1.97%
  11022  7286   164957.4586    23   166855.0000   163572.0000    39992    1.97%
  11023  7287   163572.0000    24   166855.0000   163572.0000    40003    1.97%
  11024  7286    infeasible         166855.0000   163572.0000    40003    1.97%
  11025  7287   163572.0000    21   166855.0000   163572.0000    40025    1.97%
  11026  7288   163572.0000    21   166855.0000   163572.0000    40026    1.97%
  11027  7289   163572.0000    21   166855.0000   163572.0000    40032    1.97%
  11028  7290   163572.0000    21   166855.0000   163572.0000    40033    1.97%
  11029  7291   163572.0000    22   166855.0000   163572.0000    40037    1.97%
  11030  7292   163572.0000    22   166855.0000   163572.0000    40041    1.97%
  11031  7293   163572.0000    22   166855.0000   163572.0000    40042    1.97%
Elapsed time = 3.00 sec. (4101.33 ticks, tree = 11.33 MB, solutions = 35)
  14185  9523    infeasible         166855.0000   163572.0000    58018    1.97%
  14186  9524   163572.0000    35   166855.0000   163572.0000    58051    1.97%
  14187  9525   163572.0000    30   166855.0000   163572.0000    58062    1.97%
  14188  9526   163572.0000    29   166855.0000   163572.0000    58074    1.97%
  14189  9527   163572.0000    31   166855.0000   163572.0000    58083    1.97%
  14190  9528   163572.0000    39   166855.0000   163572.0000    58111    1.97%
  14191  9529   163572.0000    37   166855.0000   163572.0000    58120    1.97%
  14192  9530   163572.0000    36   166855.0000   163572.0000    58130    1.97%
  14193  9531   163572.0000    30   166855.0000   163572.0000    58149    1.97%
  14194  9532   163572.0000    27   166855.0000   163572.0000    58169    1.97%
Elapsed time = 3.64 sec. (5064.22 ticks, tree = 15.35 MB, solutions = 35)
  15594 10307   163572.0000    34   166855.0000   163572.0000    75862    1.97%
  15595 10308   163572.0000    34   166855.0000   163572.0000    75864    1.97%
  15596 10309   163572.0000    39   166855.0000   163572.0000    75871    1.97%
  15597 10310   163572.0000    39   166855.0000   163572.0000    75872    1.97%
  15598 10311   163572.0000    39   166855.0000   163572.0000    75873    1.97%
  15599 10312   163572.0000    42   166855.0000   163572.0000    75875    1.97%
  15600 10313   163572.0000    37   166855.0000   163572.0000    75883    1.97%
  15601 10314   163572.0000    37   166855.0000   163572.0000    75884    1.97%
  15602 10315   163572.0000    37   166855.0000   163572.0000    75885    1.97%
  15603 10316   163572.0000    35   166855.0000   163572.0000    75887    1.97%
Elapsed time = 4.20 sec. (6021.38 ticks, tree = 17.22 MB, solutions = 35)
  16492 10586   163900.5017    55   166855.0000   163572.0000    93416    1.97%
  16493 10587   164604.3906    34   166855.0000   163572.0000    93428    1.97%
  16494 10588   164661.6236    39   166855.0000   163572.0000    93434    1.97%
  16495 10589   164873.7673    32   166855.0000   163572.0000    93440    1.97%
  16496 10590   165235.9241    36   166855.0000   163572.0000    93450    1.97%
  16497 10590   165498.8113    43   166855.0000   163572.0000    93461    1.97%
  16498 10591   165498.8113    45   166855.0000   163572.0000    93463    1.97%
  16499 10591   165817.2882    40   166855.0000   163572.0000    93467    1.97%
  16500 10590        cutoff         166855.0000   163572.0000    93479    1.97%
  16501 10591   164365.7012    52   166855.0000   163572.0000    93646    1.97%
Elapsed time = 4.78 sec. (7006.91 ticks, tree = 18.16 MB, solutions = 35)
  17364 10890   163572.0000    36   166855.0000   163572.0000   111387    1.97%
  17365 10891   163572.0000    37   166855.0000   163572.0000   111405    1.97%
  17366 10892   163572.0000    40   166855.0000   163572.0000   111416    1.97%
  17367 10893   163572.0000    38   166855.0000   163572.0000   111438    1.97%
  17368 10894   163572.0000    38   166855.0000   163572.0000   111441    1.97%
  17369 10895   163572.0000    35   166855.0000   163572.0000   111444    1.97%
  17370 10896   163572.0000    36   166855.0000   163572.0000   111449    1.97%
  17371 10897   163572.0000    38   166855.0000   163572.0000   111453    1.97%
  17372 10898   163572.0000    36   166855.0000   163572.0000   111479    1.97%
  17373 10899   163572.0000    43   166855.0000   163572.0000   111544    1.97%
Elapsed time = 5.37 sec. (7969.20 ticks, tree = 19.48 MB, solutions = 35)
  18097 11007   164734.5406    45   166855.0000   163572.0000   131222    1.97%
  18098 11007   164734.5406    26   166855.0000   163572.0000   131230    1.97%
  18099 11008   164991.0750    25   166855.0000   163572.0000   131231    1.97%
  18100 11007        cutoff         166855.0000   163572.0000   131241    1.97%
  18101 11006        cutoff         166855.0000   163572.0000   131251    1.97%
  18102 11005        cutoff         166855.0000   163572.0000   131284    1.97%
  18103 11004    infeasible         166855.0000   163572.0000   131284    1.97%
  18104 11003        cutoff         166855.0000   163572.0000   131336    1.97%
  18105 11002        cutoff         166855.0000   163572.0000   131349    1.97%
  18106 11001    infeasible         166855.0000   163572.0000   131413    1.97%
Elapsed time = 5.95 sec. (8940.18 ticks, tree = 20.35 MB, solutions = 35)
  18548 10820    infeasible         166855.0000   163572.0000   148707    1.97%
  18549 10819    infeasible         166855.0000   163572.0000   148707    1.97%
  18550 10818        cutoff         166855.0000   163572.0000   148738    1.97%
  18551 10817        cutoff         166855.0000   163572.0000   148871    1.97%
  18552 10816        cutoff         166855.0000   163572.0000   148914    1.97%
  18553 10815        cutoff         166855.0000   163572.0000   148953    1.97%
  18554 10814        cutoff         166855.0000   163572.0000   148976    1.97%
  18555 10813    infeasible         166855.0000   163572.0000   148977    1.97%
  18556 10812        cutoff         166855.0000   163572.0000   149013    1.97%
  19883 10687        cutoff         166855.0000   163572.0000   196549    1.97%
Elapsed time = 8.40 sec. (12755.94 ticks, tree = 21.37 MB, solutions = 35)
  21559 10583   163599.3567    54   166855.0000   163572.0000   260896    1.97%
  21560 10584   163600.1982    41   166855.0000   163572.0000   260906    1.97%
  21561 10584   163774.4718    49   166855.0000   163572.0000   260945    1.97%
  21562 10585   163789.8795    37   166855.0000   163572.0000   260966    1.97%
  21563 10586   163789.8795    42   166855.0000   163572.0000   260977    1.97%
  21564 10587   163915.3846    37   166855.0000   163572.0000   261001    1.97%
  21565 10586        cutoff         166855.0000   163572.0000   261025    1.97%
  21566 10585        cutoff         166855.0000   163572.0000   261108    1.97%
  21567 10584        cutoff         166855.0000   163572.0000   261195    1.97%
  21568 10583        cutoff         166855.0000   163572.0000   261217    1.97%
Elapsed time = 10.82 sec. (16593.24 ticks, tree = 23.23 MB, solutions = 35)
  23306 10337   163572.0000    40   166855.0000   163572.0000   324343    1.97%
  23307 10338   163572.0000    38   166855.0000   163572.0000   324354    1.97%
  23308 10337        cutoff         166855.0000   163572.0000   324373    1.97%
  23309 10338   163572.0000    33   166855.0000   163572.0000   324384    1.97%
  23310 10337        cutoff         166855.0000   163572.0000   324412    1.97%
  23311 10337   163572.0000    36   166855.0000   163572.0000   324426    1.97%
  23312 10338   163572.0000    35   166855.0000   163572.0000   324435    1.97%
  23313 10339   164177.6741    29   166855.0000   163572.0000   324534    1.97%
  23314 10340   164285.9229    29   166855.0000   163572.0000   324544    1.97%
  23315 10341   164285.9229    28   166855.0000   163572.0000   324551    1.97%
Elapsed time = 13.26 sec. (20420.68 ticks, tree = 24.82 MB, solutions = 35)
  25231 10526        cutoff         166855.0000   163572.0000   391553    1.97%
  25232 10525    infeasible         166855.0000   163572.0000   391554    1.97%
  25233 10524    infeasible         166855.0000   163572.0000   391587    1.97%
  25234 10523        cutoff         166855.0000   163572.0000   391647    1.97%
  25235 10524   163572.0000    66   166855.0000   163572.0000   391867    1.97%
  25236 10525   163572.0000    68   166855.0000   163572.0000   391971    1.97%
  25237 10526   163572.0000    74   166855.0000   163572.0000   392065    1.97%
  25238 10527   163572.0000    71   166855.0000   163572.0000   392068    1.97%
  25239 10528   163572.0000    73   166855.0000   163572.0000   392069    1.97%
  25240 10529   163572.0000    56   166855.0000   163572.0000   392156    1.97%
Elapsed time = 15.70 sec. (24276.28 ticks, tree = 27.98 MB, solutions = 35)
  26865 10194        cutoff         166855.0000   163572.0000   458491    1.97%
  26866 10193        cutoff         166855.0000   163572.0000   458689    1.97%
  26867 10192        cutoff         166855.0000   163572.0000   458735    1.97%
  26868 10191        cutoff         166855.0000   163572.0000   458766    1.97%
  26869 10190        cutoff         166855.0000   163572.0000   458802    1.97%
  26870 10189        cutoff         166855.0000   163572.0000   458822    1.97%
  26871 10188        cutoff         166855.0000   163572.0000   458910    1.97%
  26872 10187        cutoff         166855.0000   163572.0000   458960    1.97%
  26873 10186        cutoff         166855.0000   163572.0000   459045    1.97%
  26874 10185    infeasible         166855.0000   163572.0000   459137    1.97%
Elapsed time = 18.15 sec. (28122.32 ticks, tree = 29.12 MB, solutions = 35)
* 27422+ 9620                       166411.0000   163572.0000             1.71%
  28450  9454   164328.3373    47   166411.0000   163572.0000   523569    1.71%
  28451  9455   164328.3373    47   166411.0000   163572.0000   523575    1.71%
  28452  9454        cutoff         166411.0000   163572.0000   523584    1.71%
  28453  9453    infeasible         166411.0000   163572.0000   523584    1.71%
  28454  9453   164052.0344    34   166411.0000   163572.0000   523736    1.71%
  28455  9452    infeasible         166411.0000   163572.0000   523738    1.71%
  28456  9451        cutoff         166411.0000   163572.0000   523771    1.71%
  28457  9450    infeasible         166411.0000   163572.0000   523808    1.71%
  28458  9449    infeasible         166411.0000   163572.0000   523828    1.71%
  28459  9448        cutoff         166411.0000   163572.0000   523837    1.71%
Elapsed time = 20.61 sec. (31954.71 ticks, tree = 28.99 MB, solutions = 36)
  30238  9162        cutoff         166411.0000   163572.0000   591539    1.71%
  30239  9161        cutoff         166411.0000   163572.0000   591658    1.71%
  30240  9160        cutoff         166411.0000   163572.0000   591672    1.71%
  30241  9159        cutoff         166411.0000   163572.0000   591748    1.71%
  30242  9158        cutoff         166411.0000   163572.0000   591776    1.71%
  30243  9157        cutoff         166411.0000   163572.0000   591854    1.71%
  30244  9156        cutoff         166411.0000   163572.0000   591900    1.71%
  30245  9157   163620.0000    39   166411.0000   163572.0000   592011    1.71%
  30246  9158   163620.0000    39   166411.0000   163572.0000   592023    1.71%
  30247  9159   163620.0000    38   166411.0000   163572.0000   592024    1.71%
Elapsed time = 23.07 sec. (35802.11 ticks, tree = 30.28 MB, solutions = 36)
* 31622+ 9043                       166131.0000   163572.0000             1.54%
  32042  9069   163572.0000    32   166131.0000   163572.0000   658228    1.54%
  32043  9070   163572.0000    38   166131.0000   163572.0000   658241    1.54%
  32044  9071   163572.0000    37   166131.0000   163572.0000   658244    1.54%
  32045  9072   163572.0000    38   166131.0000   163572.0000   658249    1.54%
  32046  9073   163572.0000    36   166131.0000   163572.0000   658251    1.54%
  32047  9074   163572.0000    38   166131.0000   163572.0000   658254    1.54%
  32048  9075   163572.0000    31   166131.0000   163572.0000   658264    1.54%
  32049  9076   163572.0000    30   166131.0000   163572.0000   658281    1.54%
  32050  9077   163572.0000    29   166131.0000   163572.0000   658290    1.54%
  32051  9078   163572.0000    32   166131.0000   163572.0000   658299    1.54%
Elapsed time = 25.64 sec. (39621.37 ticks, tree = 31.92 MB, solutions = 37)
  34033  9683   163572.0000    28   166131.0000   163572.0000   717138    1.54%
  34034  9682        cutoff         166131.0000   163572.0000   717216    1.54%
  34035  9682   165453.6925    28   166131.0000   163572.0000   717339    1.54%
  34036  9682   165453.6925    27   166131.0000   163572.0000   717340    1.54%
  34037  9681        cutoff         166131.0000   163572.0000   717347    1.54%
  34038  9680        cutoff         166131.0000   163572.0000   717446    1.54%
  34039  9679        cutoff         166131.0000   163572.0000   717528    1.54%
  34040  9678        cutoff         166131.0000   163572.0000   717743    1.54%
  34041  9677        cutoff         166131.0000   163572.0000   717779    1.54%
  34042  9676        cutoff         166131.0000   163572.0000   717814    1.54%
Elapsed time = 28.10 sec. (43470.75 ticks, tree = 36.00 MB, solutions = 37)
  35521  9951   163572.0000    47   166131.0000   163572.0000   783147    1.54%
  35522  9952   163572.0000    40   166131.0000   163572.0000   783155    1.54%
  35523  9953   163572.0000    35   166131.0000   163572.0000   783158    1.54%
  35524  9954   163620.0000    47   166131.0000   163572.0000   783321    1.54%
  35525  9955   163572.0000    45   166131.0000   163572.0000   783331    1.54%
  35526  9956   163572.0000    40   166131.0000   163572.0000   783377    1.54%
  35527  9957   163572.0000    44   166131.0000   163572.0000   783388    1.54%
  35528  9958   163572.0000    43   166131.0000   163572.0000   783395    1.54%
  35529  9959   163619.3472    48   166131.0000   163572.0000   783480    1.54%
  35530  9960   163572.0000    41   166131.0000   163572.0000   783488    1.54%
Elapsed time = 30.55 sec. (47304.48 ticks, tree = 38.90 MB, solutions = 37)
  37412 10789   165359.0000    43   166131.0000   163572.0000   849250    1.54%
  37413 10790   165359.0000    37   166131.0000   163572.0000   849261    1.54%
  37414 10791   165359.0000    37   166131.0000   163572.0000   849275    1.54%
  37415 10792   165359.0000    35   166131.0000   163572.0000   849314    1.54%
  37416 10793   165359.0000    37   166131.0000   163572.0000   849332    1.54%
  37417 10794   165359.0000    37   166131.0000   163572.0000   849374    1.54%
  37418 10795   165768.7423    32   166131.0000   163572.0000   849460    1.54%
  37419 10794        cutoff         166131.0000   163572.0000   849469    1.54%
  37420 10793        cutoff         166131.0000   163572.0000   849471    1.54%
  37421 10792        cutoff         166131.0000   163572.0000   849583    1.54%
Elapsed time = 33.06 sec. (51133.86 ticks, tree = 44.91 MB, solutions = 37)
* 38822+11434                       166121.0000   163572.0000             1.53%
  39392 11686        cutoff         166121.0000   163572.0000   912412    1.53%
  39393 11685        cutoff         166121.0000   163572.0000   912422    1.53%
  39394 11685   164155.0629    35   166121.0000   163572.0000   912498    1.53%
  39395 11686   164155.0629    25   166121.0000   163572.0000   912507    1.53%
  39396 11685        cutoff         166121.0000   163572.0000   912510    1.53%
  39397 11684        cutoff         166121.0000   163572.0000   912517    1.53%
  39398 11685   163572.0000    71   166121.0000   163572.0000   912700    1.53%
  39399 11686   163572.0000    69   166121.0000   163572.0000   912708    1.53%
  39400 11687   163572.0000    58   166121.0000   163572.0000   912746    1.53%
  39401 11688   163572.0000    59   166121.0000   163572.0000   912828    1.53%
Elapsed time = 35.56 sec. (54979.72 ticks, tree = 51.16 MB, solutions = 38)
  41089 12330        cutoff         166121.0000   163572.0000   979477    1.53%
  41090 12331   165525.0000    13   166121.0000   163572.0000   979535    1.53%
  41091 12332   165525.0000    16   166121.0000   163572.0000   979555    1.53%
  41092 12333   165525.0000    12   166121.0000   163572.0000   979556    1.53%
  41093 12334   165525.0000    12   166121.0000   163572.0000   979561    1.53%
  41094 12335   165525.0000    12   166121.0000   163572.0000   979582    1.53%
  41095 12336   165525.0000    15   166121.0000   163572.0000   979588    1.53%
  41096 12337   165525.0000    17   166121.0000   163572.0000   979589    1.53%
  41097 12338   165525.0000    17   166121.0000   163572.0000   979591    1.53%
  41098 12339   165905.1667     8   166121.0000   163572.0000   979614    1.53%
Elapsed time = 38.07 sec. (58807.52 ticks, tree = 55.85 MB, solutions = 38)
  42952 13094   165718.0000    13   166121.0000   163572.0000  1042280    1.53%
  42953 13095   165718.0000    14   166121.0000   163572.0000  1042291    1.53%
  42954 13096   165718.0000    17   166121.0000   163572.0000  1042299    1.53%
  42955 13097   165718.0000    15   166121.0000   163572.0000  1042302    1.53%
  42956 13098   165718.0000    17   166121.0000   163572.0000  1042310    1.53%
  42957 13099   165718.0000    19   166121.0000   163572.0000  1042313    1.53%
  42958 13099   165718.0000    17   166121.0000   163572.0000  1042314    1.53%
  42959 13100   165718.0000    14   166121.0000   163572.0000  1042318    1.53%
  42960 13101   165718.0000    16   166121.0000   163572.0000  1042323    1.53%
  42961 13101   165718.0000    14   166121.0000   163572.0000  1042331    1.53%
Elapsed time = 40.70 sec. (62625.48 ticks, tree = 61.07 MB, solutions = 38)
* 45222+13386                       165718.0000   163572.0000             1.29%
  45222 13388   163572.0000    37   165718.0000   163572.0000  1109523    1.29%
  45223 13389   163572.0000    33   165718.0000   163572.0000  1109529    1.29%
  45224 13390   163572.0000    37   165718.0000   163572.0000  1109555    1.29%
  45225 13391   163572.0000    46   165718.0000   163572.0000  1109572    1.29%
  45226 13392   163572.0000    40   165718.0000   163572.0000  1109575    1.29%
  45227 13393   163572.0000    39   165718.0000   163572.0000  1109588    1.29%
  45228 13394   163572.0000    38   165718.0000   163572.0000  1109589    1.29%
  45229 13395   164492.5562    42   165718.0000   163572.0000  1109740    1.29%
  45230 13396   164564.5734    42   165718.0000   163572.0000  1109743    1.29%
  45231 13395        cutoff         165718.0000   163572.0000  1109750    1.29%
Elapsed time = 43.35 sec. (66713.54 ticks, tree = 63.99 MB, solutions = 39)
  47139 14138   163572.0000    48   165718.0000   163572.0000  1175939    1.29%
  47140 14139   163659.2971    47   165718.0000   163572.0000  1175980    1.29%
  47141 14140   164110.5494    47   165718.0000   163572.0000  1176001    1.29%
  47142 14141   164116.5437    49   165718.0000   163572.0000  1176006    1.29%
  47143 14142   164117.6574    49   165718.0000   163572.0000  1176007    1.29%
  47144 14143   164152.9948    49   165718.0000   163572.0000  1176010    1.29%
  47145 14142        cutoff         165718.0000   163572.0000  1176016    1.29%
  47146 14141   165655.5178    46   165718.0000   163572.0000  1176031    1.29%
  47147 14140        cutoff         165718.0000   163572.0000  1176120    1.29%
  47148 14141   163572.0000    44   165718.0000   163572.0000  1176244    1.29%
Elapsed time = 45.95 sec. (70553.46 ticks, tree = 68.99 MB, solutions = 39)
  50051 15210   163572.0000    36   165718.0000   163572.0000  1253517    1.29%
  50052 15211   163572.0000    36   165718.0000   163572.0000  1253529    1.29%
  50053 15212   163572.0000    42   165718.0000   163572.0000  1253562    1.29%
  50054 15213   163572.0000    42   165718.0000   163572.0000  1253564    1.29%
  50055 15214   163572.0000    37   165718.0000   163572.0000  1253606    1.29%
  50056 15215   163572.0000    37   165718.0000   163572.0000  1253607    1.29%
  50057 15214        cutoff         165718.0000   163572.0000  1253752    1.29%
  50058 15213        cutoff         165718.0000   163572.0000  1253978    1.29%
  50059 15214   163572.0000    33   165718.0000   163572.0000  1254012    1.29%
  50060 15215   163572.0000    30   165718.0000   163572.0000  1254013    1.29%
Elapsed time = 48.53 sec. (74391.14 ticks, tree = 75.60 MB, solutions = 39)
  52370 16106   163572.0000    44   165718.0000   163572.0000  1322035    1.29%
  52371 16107   163572.0000    42   165718.0000   163572.0000  1322042    1.29%
  52372 16108   163572.0000    44   165718.0000   163572.0000  1322085    1.29%
  52373 16109   163572.0000    45   165718.0000   163572.0000  1322110    1.29%
  52374 16110   163572.0000    46   165718.0000   163572.0000  1322129    1.29%
  52375 16111   163572.0000    46   165718.0000   163572.0000  1322130    1.29%
  52376 16112   163572.0000    48   165718.0000   163572.0000  1322149    1.29%
  52377 16113   163572.0000    49   165718.0000   163572.0000  1322189    1.29%
  52378 16114   163604.9556    44   165718.0000   163572.0000  1322275    1.29%
  52379 16115   163941.9368    38   165718.0000   163572.0000  1322286    1.29%
Elapsed time = 51.05 sec. (78218.27 ticks, tree = 81.25 MB, solutions = 39)
  54799 17108   163572.0000    50   165718.0000   163572.0000  1388084    1.29%
  54800 17109   163572.0000    40   165718.0000   163572.0000  1388112    1.29%
  54801 17110   163572.0000    41   165718.0000   163572.0000  1388143    1.29%
  54802 17111   163572.0000    36   165718.0000   163572.0000  1388148    1.29%
  54803 17112   163572.0000    42   165718.0000   163572.0000  1388164    1.29%
  54804 17113   163572.0000    40   165718.0000   163572.0000  1388187    1.29%
  54805 17114   163572.0000    36   165718.0000   163572.0000  1388190    1.29%
  54806 17113        cutoff         165718.0000   163572.0000  1388240    1.29%
  54807 17112        cutoff         165718.0000   163572.0000  1388316    1.29%
  54808 17111        cutoff         165718.0000   163572.0000  1388364    1.29%
Elapsed time = 53.63 sec. (82048.07 ticks, tree = 88.04 MB, solutions = 39)
  56878 17823        cutoff         165718.0000   163572.0000  1455964    1.29%
  56879 17822        cutoff         165718.0000   163572.0000  1456014    1.29%
  56880 17821        cutoff         165718.0000   163572.0000  1456050    1.29%
  56881 17820        cutoff         165718.0000   163572.0000  1456192    1.29%
  56882 17821   163572.0000    61   165718.0000   163572.0000  1456290    1.29%
  56883 17822   163572.0000    46   165718.0000   163572.0000  1456342    1.29%
  56884 17823   163572.0000    44   165718.0000   163572.0000  1456367    1.29%
  56885 17824   163572.0000    42   165718.0000   163572.0000  1456376    1.29%
  56886 17825   163572.0000    48   165718.0000   163572.0000  1456419    1.29%
  56887 17826   163572.0000    37   165718.0000   163572.0000  1456443    1.29%
Elapsed time = 56.12 sec. (85886.67 ticks, tree = 92.62 MB, solutions = 39)
  59318 18939   164100.0596    45   165718.0000   163572.0000  1526745    1.29%
  59319 18940   164100.0596    44   165718.0000   163572.0000  1526762    1.29%
  59320 18939        cutoff         165718.0000   163572.0000  1526764    1.29%
  59321 18938    infeasible         165718.0000   163572.0000  1526764    1.29%
  59322 18939   164253.6531    36   165718.0000   163572.0000  1526847    1.29%
  59323 18940   165430.6764    38   165718.0000   163572.0000  1526918    1.29%
  59324 18939        cutoff         165718.0000   163572.0000  1526919    1.29%
  59325 18938        cutoff         165718.0000   163572.0000  1526922    1.29%
  59326 18939   164297.1117    36   165718.0000   163572.0000  1527020    1.29%
  59327 18938        cutoff         165718.0000   163572.0000  1527047    1.29%
Elapsed time = 58.61 sec. (89720.44 ticks, tree = 99.66 MB, solutions = 39)
  61593 19733        cutoff         165718.0000   163572.0000  1590558    1.29%
  61594 19734   165362.0000    17   165718.0000   163572.0000  1590586    1.29%
  61595 19735   165362.0000    17   165718.0000   163572.0000  1590595    1.29%
  61596 19736   165362.0000    17   165718.0000   163572.0000  1590597    1.29%
  61597 19737   165362.0000    18   165718.0000   163572.0000  1590602    1.29%
  61598 19738   165362.0000    25   165718.0000   163572.0000  1590606    1.29%
  61599 19739   165362.0000    25   165718.0000   163572.0000  1590609    1.29%
  61600 19740   165362.0000    23   165718.0000   163572.0000  1590611    1.29%
  61601 19739        cutoff         165718.0000   163572.0000  1590615    1.29%
  61602 19738        cutoff         165718.0000   163572.0000  1590632    1.29%
Elapsed time = 61.13 sec. (93538.96 ticks, tree = 104.74 MB, solutions = 39)
  64172 20773        cutoff         165718.0000   163572.0000  1665863    1.29%
  64173 20772        cutoff         165718.0000   163572.0000  1665892    1.29%
  64174 20771        cutoff         165718.0000   163572.0000  1665922    1.29%
  64175 20770        cutoff         165718.0000   163572.0000  1665989    1.29%
  64176 20771   163572.0000    32   165718.0000   163572.0000  1666008    1.29%
  64177 20770        cutoff         165718.0000   163572.0000  1666059    1.29%
  64178 20769        cutoff         165718.0000   163572.0000  1666106    1.29%
  64179 20768        cutoff         165718.0000   163572.0000  1666118    1.29%
  64180 20767        cutoff         165718.0000   163572.0000  1666199    1.29%
  64181 20766        cutoff         165718.0000   163572.0000  1666260    1.29%
Elapsed time = 63.66 sec. (97371.88 ticks, tree = 111.21 MB, solutions = 39)
  66233 21314   165362.0000    22   165718.0000   163572.0000  1732326    1.29%
  66234 21315   165362.0000    24   165718.0000   163572.0000  1732327    1.29%
  66235 21316   165362.0000    24   165718.0000   163572.0000  1732328    1.29%
  66236 21317   165362.0000    22   165718.0000   163572.0000  1732329    1.29%
  66237 21318   165362.0000    19   165718.0000   163572.0000  1732333    1.29%
  66238 21319   165362.0000    20   165718.0000   163572.0000  1732360    1.29%
  66239 21318        cutoff         165718.0000   163572.0000  1732382    1.29%
  66240 21317        cutoff         165718.0000   163572.0000  1732401    1.29%
  66241 21318   165362.0000    22   165718.0000   163572.0000  1732412    1.29%
  66242 21319   165362.0000    24   165718.0000   163572.0000  1732431    1.29%
Elapsed time = 66.29 sec. (101194.32 ticks, tree = 114.74 MB, solutions = 39)
  68466 22253        cutoff         165718.0000   163572.0000  1801405    1.29%
  68467 22252        cutoff         165718.0000   163572.0000  1801414    1.29%
  68468 22251        cutoff         165718.0000   163572.0000  1801495    1.29%
  68469 22250        cutoff         165718.0000   163572.0000  1801552    1.29%
  68470 22251   163572.0000    35   165718.0000   163572.0000  1801617    1.29%
  68471 22252   163572.0000    33   165718.0000   163572.0000  1801618    1.29%
  68472 22251        cutoff         165718.0000   163572.0000  1801659    1.29%
  68473 22252   163572.0000    41   165718.0000   163572.0000  1801676    1.29%
  68474 22253   163572.0000    39   165718.0000   163572.0000  1801678    1.29%
  68475 22254   163572.0000    47   165718.0000   163572.0000  1801720    1.29%
Elapsed time = 68.82 sec. (105026.44 ticks, tree = 120.53 MB, solutions = 39)
  70564 22992   164506.2367    29   165718.0000   163572.0000  1866256    1.29%
  70565 22991        cutoff         165718.0000   163572.0000  1866276    1.29%
  70566 22990        cutoff         165718.0000   163572.0000  1866301    1.29%
  70567 22991   164820.1596    37   165718.0000   163572.0000  1866491    1.29%
  70568 22990        cutoff         165718.0000   163572.0000  1866522    1.29%
  70569 22989        cutoff         165718.0000   163572.0000  1866524    1.29%
  70570 22988        cutoff         165718.0000   163572.0000  1866567    1.29%
  70571 22987        cutoff         165718.0000   163572.0000  1866571    1.29%
  70572 22988   163572.0000    36   165718.0000   163572.0000  1866614    1.29%
  70573 22989   163572.0000    34   165718.0000   163572.0000  1866623    1.29%
Elapsed time = 71.41 sec. (108864.25 ticks, tree = 125.05 MB, solutions = 39)
  73036 23731   163572.0000    32   165718.0000   163572.0000  1938494    1.29%
  73037 23732   163572.0000    37   165718.0000   163572.0000  1938496    1.29%
  73038 23733   163572.0000    38   165718.0000   163572.0000  1938504    1.29%
  73039 23734   163572.0000    37   165718.0000   163572.0000  1938521    1.29%
  73040 23735   163572.0000    42   165718.0000   163572.0000  1938529    1.29%
  73041 23736   163572.0000    39   165718.0000   163572.0000  1938540    1.29%
  73042 23737   163572.0000    34   165718.0000   163572.0000  1938556    1.29%
  73043 23738   163572.0000    38   165718.0000   163572.0000  1938563    1.29%
  73044 23739   163572.0000    40   165718.0000   163572.0000  1938569    1.29%
  73045 23740   163572.0000    39   165718.0000   163572.0000  1938577    1.29%
Elapsed time = 74.47 sec. (112683.60 ticks, tree = 129.70 MB, solutions = 39)
  75333 24345        cutoff         165718.0000   163572.0000  2001691    1.29%
  75334 24344        cutoff         165718.0000   163572.0000  2001718    1.29%
  75335 24343        cutoff         165718.0000   163572.0000  2001884    1.29%
  75336 24344   163752.0456    41   165718.0000   163572.0000  2002008    1.29%
  75337 24343        cutoff         165718.0000   163572.0000  2002014    1.29%
  75338 24344   163791.8527    44   165718.0000   163572.0000  2002049    1.29%
  75339 24345   163845.2405    39   165718.0000   163572.0000  2002054    1.29%
  75340 24346   163845.2405    38   165718.0000   163572.0000  2002056    1.29%
  75341 24347   163855.2345    39   165718.0000   163572.0000  2002059    1.29%
  75342 24346        cutoff         165718.0000   163572.0000  2002072    1.29%
Elapsed time = 77.07 sec. (116517.15 ticks, tree = 133.50 MB, solutions = 39)
  77697 25236        cutoff         165718.0000   163572.0000  2073849    1.29%
  77698 25237   163707.2668    31   165718.0000   163572.0000  2073916    1.29%
  77699 25238   163709.5632    31   165718.0000   163572.0000  2073917    1.29%
  77700 25239   163709.5632    31   165718.0000   163572.0000  2073933    1.29%
  77701 25238        cutoff         165718.0000   163572.0000  2073935    1.29%
  77702 25238   163822.9400    28   165718.0000   163572.0000  2073959    1.29%
  77703 25239   163822.9400    28   165718.0000   163572.0000  2073959    1.29%
  77704 25240   163833.7365    30   165718.0000   163572.0000  2073966    1.29%
  77705 25239        cutoff         165718.0000   163572.0000  2073978    1.29%
  77706 25240   163855.3104    30   165718.0000   163572.0000  2073986    1.29%
Elapsed time = 79.68 sec. (120340.45 ticks, tree = 139.08 MB, solutions = 39)
  80188 26081   163572.0000    36   165718.0000   163572.0000  2142035    1.29%
  80189 26082   163572.0000    27   165718.0000   163572.0000  2142041    1.29%
  80190 26083   163572.0000    37   165718.0000   163572.0000  2142065    1.29%
  80191 26084   163572.0000    38   165718.0000   163572.0000  2142095    1.29%
  80192 26085   163572.0000    30   165718.0000   163572.0000  2142099    1.29%
  80193 26086   163572.0000    33   165718.0000   163572.0000  2142111    1.29%
  80194 26087   163572.0000    35   165718.0000   163572.0000  2142116    1.29%
  80195 26088   163572.0000    41   165718.0000   163572.0000  2142126    1.29%
  80196 26089   163572.0000    33   165718.0000   163572.0000  2142187    1.29%
  80197 26088        cutoff         165718.0000   163572.0000  2142191    1.29%
Elapsed time = 82.24 sec. (124162.57 ticks, tree = 144.34 MB, solutions = 39)
  83269 26805   163572.0000    35   165718.0000   163572.0000  2220729    1.29%
  83270 26804        cutoff         165718.0000   163572.0000  2220747    1.29%
  83271 26803        cutoff         165718.0000   163572.0000  2220771    1.29%
  83272 26802    infeasible         165718.0000   163572.0000  2220771    1.29%
  83273 26803   163572.0000    36   165718.0000   163572.0000  2220800    1.29%
  83274 26804   163572.0000    34   165718.0000   163572.0000  2220804    1.29%
  83275 26805   163572.0000    37   165718.0000   163572.0000  2220811    1.29%
  83276 26806   163572.0000    31   165718.0000   163572.0000  2220813    1.29%
  83277 26805        cutoff         165718.0000   163572.0000  2220940    1.29%
  83278 26804        cutoff         165718.0000   163572.0000  2221017    1.29%
Elapsed time = 84.81 sec. (127991.37 ticks, tree = 148.76 MB, solutions = 39)
  85450 27434   163849.3583    35   165718.0000   163572.0000  2289860    1.29%
  85451 27433        cutoff         165718.0000   163572.0000  2289863    1.29%
  85452 27432        cutoff         165718.0000   163572.0000  2289866    1.29%
  85453 27431        cutoff         165718.0000   163572.0000  2289882    1.29%
  85454 27430        cutoff         165718.0000   163572.0000  2289902    1.29%
  85455 27429        cutoff         165718.0000   163572.0000  2289923    1.29%
  85456 27430   163572.0000    35   165718.0000   163572.0000  2289956    1.29%
  85457 27429        cutoff         165718.0000   163572.0000  2289966    1.29%
  85458 27429   164184.6174    38   165718.0000   163572.0000  2290124    1.29%
  85459 27428        cutoff         165718.0000   163572.0000  2290125    1.29%
Elapsed time = 87.43 sec. (131817.46 ticks, tree = 152.70 MB, solutions = 39)
  87698 27887        cutoff         165718.0000   163572.0000  2359731    1.29%
  87699 27886        cutoff         165718.0000   163572.0000  2359754    1.29%
  87700 27885    infeasible         165718.0000   163572.0000  2359754    1.29%
  87701 27884        cutoff         165718.0000   163572.0000  2359799    1.29%
  87702 27883        cutoff         165718.0000   163572.0000  2359901    1.29%
  87703 27884   163572.0000    47   165718.0000   163572.0000  2359962    1.29%
  87704 27885   163572.0000    44   165718.0000   163572.0000  2359984    1.29%
  87705 27886   164393.0000    24   165718.0000   163572.0000  2360042    1.29%
  87706 27886   164410.2130    35   165718.0000   163572.0000  2360090    1.29%
  87707 27887   164468.1190    41   165718.0000   163572.0000  2360097    1.29%
Elapsed time = 89.97 sec. (135660.12 ticks, tree = 155.55 MB, solutions = 39)
  90122 28317   165362.0000    15   165718.0000   163572.0000  2414583    1.29%
  90123 28316    infeasible         165718.0000   163572.0000  2414583    1.29%
  90124 28315        cutoff         165718.0000   163572.0000  2414596    1.29%
  90125 28316   164095.7415    38   165718.0000   163572.0000  2414677    1.29%
  90126 28317   164095.7415    32   165718.0000   163572.0000  2414684    1.29%
  90127 28318   164524.3225    35   165718.0000   163572.0000  2414706    1.29%
  90128 28319   164712.2198    34   165718.0000   163572.0000  2414710    1.29%
  90129 28320   164712.2198    35   165718.0000   163572.0000  2414712    1.29%
  90130 28320   164712.2198    32   165718.0000   163572.0000  2414713    1.29%
  90131 28321   165362.0000    28   165718.0000   163572.0000  2414715    1.29%
Elapsed time = 92.61 sec. (139667.73 ticks, tree = 158.25 MB, solutions = 39)
  91322 28642   163572.0000    38   165718.0000   163572.0000  2451371    1.29%
  91323 28643   163572.0000    36   165718.0000   163572.0000  2451377    1.29%
  91324 28644   163572.0000    41   165718.0000   163572.0000  2451387    1.29%
  91325 28645   163572.0000    40   165718.0000   163572.0000  2451389    1.29%
  91326 28646   163572.0000    38   165718.0000   163572.0000  2451401    1.29%
  91327 28647   163572.0000    39   165718.0000   163572.0000  2451408    1.29%
  91328 28648   163572.0000    38   165718.0000   163572.0000  2451409    1.29%
  91329 28649   164132.8643    40   165718.0000   163572.0000  2451502    1.29%
  91330 28649   164684.0034    31   165718.0000   163572.0000  2451515    1.29%
  91331 28650   164726.7649    27   165718.0000   163572.0000  2451526    1.29%
Elapsed time = 95.24 sec. (143650.84 ticks, tree = 160.30 MB, solutions = 39)
  92216 28891   163572.0000    38   165718.0000   163572.0000  2476464    1.29%
  92217 28890        cutoff         165718.0000   163572.0000  2476486    1.29%
  92218 28889        cutoff         165718.0000   163572.0000  2476557    1.29%
  92219 28890   164390.2056    45   165718.0000   163572.0000  2476632    1.29%
  92220 28889        cutoff         165718.0000   163572.0000  2476633    1.29%
  92221 28888        cutoff         165718.0000   163572.0000  2476664    1.29%
  92222 28889   163572.0000    38   165718.0000   163572.0000  2476701    1.29%
  92223 28890   163572.0000    38   165718.0000   163572.0000  2476703    1.29%
  92224 28891   165205.6667    31   165718.0000   163572.0000  2476738    1.29%
  92225 28890        cutoff         165718.0000   163572.0000  2476741    1.29%
Elapsed time = 97.75 sec. (147478.70 ticks, tree = 161.80 MB, solutions = 39)

Clique cuts applied:  1
Cover cuts applied:  378
Flow cuts applied:  1
Mixed integer rounding cuts applied:  5
Gomory fractional cuts applied:  6

Root node processing (before b&c):
  Real time             =    0.06 sec. (81.17 ticks)
Sequential b&c:
  Real time             =   99.94 sec. (150702.69 ticks)
                          ------------
Total (root+branch&cut) =  100.00 sec. (150783.87 ticks)

Solution pool: 39 solutions saved.

MIP - Time limit exceeded, integer feasible:  Objective =  1.6571800000e+05
Current MIP best bound =  1.6357200000e+05 (gap = 2146, 1.29%)
Solution time =  100.00 sec.  Iterations = 2540380  Nodes = 94311 (29270)
Deterministic time = 150783.87 ticks  (1507.83 ticks/sec)


Incumbent solution written to file '/tmp/tmpebYzjI.cplex.sol'.
