
Log started (V12.6.3.0) Sat Apr 21 11:01:51 2018

New value for default parallel thread count: 1

Problem '/tmp/tmpkrjATG.pyomo.lp' read.
Read time = 0.00 sec. (0.02 ticks)

Problem name         : /tmp/tmpkrjATG.pyomo.lp
Objective sense      : Minimize
Variables            :      80  [Nneg: 1,  Binary: 75,  General Integer: 4]
Objective nonzeros   :       1
Linear constraints   :      58  [Less: 28,  Equal: 30]
  Nonzeros           :     926
  RHS nonzeros       :      51

Variables            : Min LB: 0.000000         Max UB: 1.000000       
Objective nonzeros   : Min   : 1.000000         Max   : 1.000000       
Linear constraints   :
  Nonzeros           : Min   : 1.000000         Max   : 1072398.       
  RHS nonzeros       : Min   : 1.000000         Max   : 3.000000       
Tried aggregator 2 times.
MIP Presolve eliminated 31 rows and 33 columns.
Aggregator did 24 substitutions.
Reduced MIP has 3 rows, 23 columns, and 61 nonzeros.
Reduced MIP has 22 binaries, 1 generals, 0 SOSs, and 0 indicators.
Presolve time = 0.00 sec. (0.22 ticks)
Found incumbent of value 1.2332822e+07 after 0.00 sec. (0.25 ticks)
Probing fixed 0 vars, tightened 4 bounds.
Probing time = 0.00 sec. (0.01 ticks)
Tried aggregator 1 time.
Reduced MIP has 3 rows, 23 columns, and 61 nonzeros.
Reduced MIP has 22 binaries, 1 generals, 0 SOSs, and 0 indicators.
Presolve time = 0.00 sec. (0.03 ticks)
Probing time = 0.00 sec. (0.01 ticks)
MIP emphasis: balance optimality and feasibility.
MIP search method: dynamic search.
Parallel mode: none, using 1 thread.
Root relaxation solution time = 0.00 sec. (0.02 ticks)

        Nodes                                         Cuts/
   Node  Left     Objective  IInf  Best Integer    Best Bound    ItCnt     Gap

*     0+    0                       1.23328e+07  1072398.0000            91.30%
      0     0  6166411.0000     1   1.23328e+07  6166411.0000        2   50.00%
*     0+    0                      6646415.0000  6166411.0000             7.22%
      0     0  6166411.0000     2  6646415.0000      Fract: 1        6    7.22%
*     0+    0                      6231236.0000  6166411.0000             1.04%
      0     0  6166411.0000     2  6231236.0000    MIRcuts: 1        7    1.04%
*     0+    0                      6212048.0000  6166411.0000             0.73%
*     0+    0                      6167866.0000  6166411.0000             0.02%
      0     2  6166411.0000     2  6167866.0000  6166411.0000        7    0.02%
Elapsed time = 0.00 sec. (0.60 ticks, tree = 0.01 MB, solutions = 5)
*    66    38      integral     0  6167240.0000  6166411.0000       69    0.01%
*   134    34      integral     0  6167111.0000  6166411.0000      116    0.01%
*   155    33      integral     0  6166498.0000  6166411.0000      128    0.00%

Mixed integer rounding cuts applied:  1

Root node processing (before b&c):
  Real time             =    0.00 sec. (0.60 ticks)
Sequential b&c:
  Real time             =    0.00 sec. (0.75 ticks)
                          ------------
Total (root+branch&cut) =    0.01 sec. (1.36 ticks)

Solution pool: 8 solutions saved.

MIP - Integer optimal, tolerance (0.0001/1e-06):  Objective =  6.1664980000e+06
Current MIP best bound =  6.1664110000e+06 (gap = 87, 0.00%)
Solution time =    0.01 sec.  Iterations = 128  Nodes = 156 (33)
Deterministic time = 1.36 ticks  (262.87 ticks/sec)


Incumbent solution written to file '/tmp/tmpefkw6M.cplex.sol'.
