
Log started (V12.6.3.0) Fri Apr 20 20:57:10 2018

New value for default parallel thread count: 1

Problem '/tmp/tmpBjzXeQ.pyomo.lp' read.
Read time = 0.00 sec. (0.03 ticks)

Problem name         : /tmp/tmpBjzXeQ.pyomo.lp
Objective sense      : Minimize
Variables            :     104  [Nneg: 1,  Binary: 99,  General Integer: 4]
Objective nonzeros   :       1
Linear constraints   :      73  [Less: 36,  Equal: 37]
  Nonzeros           :    2185
  RHS nonzeros       :      67

Variables            : Min LB: 0.000000         Max UB: 1.000000       
Objective nonzeros   : Min   : 1.000000         Max   : 1.000000       
Linear constraints   :
  Nonzeros           : Min   : 1.000000         Max   : 1950.000       
  RHS nonzeros       : Min   : 1.000000         Max   : 4.000000       
Tried aggregator 2 times.
MIP Presolve eliminated 33 rows and 3 columns.
Aggregator did 4 substitutions.
Reduced MIP has 36 rows, 97 columns, and 253 nonzeros.
Reduced MIP has 96 binaries, 1 generals, 0 SOSs, and 0 indicators.
Presolve time = 0.00 sec. (0.76 ticks)
Found incumbent of value 33472.000000 after 0.00 sec. (0.94 ticks)
Probing time = 0.00 sec. (0.07 ticks)
Cover probing fixed 0 vars, tightened 1 bounds.
Tried aggregator 1 time.
Reduced MIP has 36 rows, 97 columns, and 253 nonzeros.
Reduced MIP has 96 binaries, 1 generals, 0 SOSs, and 0 indicators.
Presolve time = 0.00 sec. (0.17 ticks)
Probing time = 0.00 sec. (0.04 ticks)
Clique table members: 32.
MIP emphasis: balance optimality and feasibility.
MIP search method: dynamic search.
Parallel mode: none, using 1 thread.
Root relaxation solution time = 0.00 sec. (0.08 ticks)

        Nodes                                         Cuts/
   Node  Left     Objective  IInf  Best Integer    Best Bound    ItCnt     Gap

*     0+    0                        33472.0000     1950.0000            94.17%
      0     0    11157.3333     5    33472.0000    11157.3333        4   66.67%
*     0+    0                        11460.0000    11157.3333             2.64%
      0     0    11158.0000     6    11460.0000      Fract: 2       12    2.64%
*     0+    0                        11231.0000    11158.0000             0.65%
      0     0    11158.0000     8    11231.0000       Cuts: 7       23    0.65%
      0     0    11158.0000     8    11231.0000       Cuts: 5       35    0.65%
      0     2    11158.0000     8    11231.0000    11158.0000       35    0.65%
Elapsed time = 0.01 sec. (4.60 ticks, tree = 0.01 MB, solutions = 3)
*   553    68      integral     0    11214.0000    11158.0000      889    0.50%
*   594    83      integral     0    11200.0000    11158.0000      986    0.37%
*   608    87      integral     0    11179.0000    11158.0000     1023    0.19%
*   708+  139                        11176.0000    11158.0000             0.16%
*   809   208      integral     0    11166.0000    11158.0000     1378    0.07%
*  2255   150      integral     0    11165.0000    11158.0000     3489    0.06%
*  2355+   72                        11160.0000    11158.0000             0.02%
   4110   358    11158.0000     4    11160.0000    11158.0000     7208    0.02%
   4111   359    11158.0000     4    11160.0000    11158.0000     7209    0.02%
   4112   360    11158.0000     4    11160.0000    11158.0000     7210    0.02%
   4113   361    11158.0000     4    11160.0000    11158.0000     7211    0.02%
   4114   362    11158.0000     4    11160.0000    11158.0000     7212    0.02%
   4115   363    11158.0000     4    11160.0000    11158.0000     7213    0.02%
   4116   364    11158.0000     4    11160.0000    11158.0000     7214    0.02%
   4117   365    11158.0000     4    11160.0000    11158.0000     7215    0.02%
   4118   366    11158.0000     4    11160.0000    11158.0000     7216    0.02%
  12650   578        cutoff          11160.0000    11158.0000    29490    0.02%
Elapsed time = 2.23 sec. (987.01 ticks, tree = 0.15 MB, solutions = 10)
* 13238     0      integral     0    11158.0000    11158.0000    31047    0.00%

Mixed integer rounding cuts applied:  1

Root node processing (before b&c):
  Real time             =    0.01 sec. (4.61 ticks)
Sequential b&c:
  Real time             =    2.56 sec. (1109.73 ticks)
                          ------------
Total (root+branch&cut) =    2.57 sec. (1114.34 ticks)

Solution pool: 11 solutions saved.

MIP - Integer optimal solution:  Objective =  1.1158000000e+04
Solution time =    2.57 sec.  Iterations = 31047  Nodes = 13239
Deterministic time = 1114.34 ticks  (433.41 ticks/sec)


Incumbent solution written to file '/tmp/tmp45MbnW.cplex.sol'.
