
Log started (V12.6.3.0) Fri Apr 20 20:57:12 2018

New value for default parallel thread count: 1

Problem '/tmp/tmpjDewiF.pyomo.lp' read.
Read time = 0.00 sec. (0.03 ticks)

Problem name         : /tmp/tmpjDewiF.pyomo.lp
Objective sense      : Minimize
Variables            :     104  [Nneg: 1,  Binary: 99,  General Integer: 4]
Objective nonzeros   :       1
Linear constraints   :      73  [Less: 36,  Equal: 37]
  Nonzeros           :    2185
  RHS nonzeros       :      67

Variables            : Min LB: 0.000000         Max UB: 1.000000       
Objective nonzeros   : Min   : 1.000000         Max   : 1.000000       
Linear constraints   :
  Nonzeros           : Min   : 1.000000         Max   : 1950.000       
  RHS nonzeros       : Min   : 1.000000         Max   : 4.000000       
Tried aggregator 2 times.
MIP Presolve eliminated 33 rows and 3 columns.
Aggregator did 4 substitutions.
Reduced MIP has 36 rows, 97 columns, and 253 nonzeros.
Reduced MIP has 96 binaries, 1 generals, 0 SOSs, and 0 indicators.
Presolve time = 0.00 sec. (0.76 ticks)
Found incumbent of value 33472.000000 after 0.00 sec. (0.94 ticks)
Probing time = 0.00 sec. (0.07 ticks)
Cover probing fixed 0 vars, tightened 1 bounds.
Tried aggregator 1 time.
Reduced MIP has 36 rows, 97 columns, and 253 nonzeros.
Reduced MIP has 96 binaries, 1 generals, 0 SOSs, and 0 indicators.
Presolve time = 0.00 sec. (0.17 ticks)
Probing time = 0.00 sec. (0.04 ticks)
Clique table members: 32.
MIP emphasis: balance optimality and feasibility.
MIP search method: dynamic search.
Parallel mode: none, using 1 thread.
Root relaxation solution time = 0.00 sec. (0.08 ticks)

        Nodes                                         Cuts/
   Node  Left     Objective  IInf  Best Integer    Best Bound    ItCnt     Gap

*     0+    0                        33472.0000     1950.0000            94.17%
      0     0    11157.3333     5    33472.0000    11157.3333        5   66.67%
*     0+    0                        11395.0000    11157.3333             2.09%
      0     0    11158.0000     6    11395.0000      Fract: 2       14    2.08%
*     0+    0                        11247.0000    11158.0000             0.79%
      0     0    11158.0000     8    11247.0000      Cuts: 11       22    0.79%
      0     0    11158.0000    12    11247.0000       Cuts: 6       30    0.79%
*     0+    0                        11220.0000    11158.0000             0.55%
      0     2    11158.0000     4    11220.0000    11158.0000       30    0.55%
Elapsed time = 0.01 sec. (5.26 ticks, tree = 0.01 MB, solutions = 4)
*   110    41      integral     0    11212.0000    11158.0000      253    0.48%
*   111    40      integral     0    11170.0000    11158.0000      255    0.11%
*   663   227      integral     0    11165.0000    11158.0000     1275    0.06%
*  1753    95      integral     0    11160.0000    11158.0000     4013    0.02%
*  2383+  131                        11159.0000    11158.0000             0.01%

Cover cuts applied:  1
Gomory fractional cuts applied:  2

Root node processing (before b&c):
  Real time             =    0.01 sec. (5.26 ticks)
Sequential b&c:
  Real time             =    0.26 sec. (117.84 ticks)
                          ------------
Total (root+branch&cut) =    0.28 sec. (123.10 ticks)

Solution pool: 9 solutions saved.

MIP - Integer optimal, tolerance (0.0001/1e-06):  Objective =  1.1159000000e+04
Current MIP best bound =  1.1158000000e+04 (gap = 1, 0.01%)
Solution time =    0.28 sec.  Iterations = 5487  Nodes = 2383 (132)
Deterministic time = 123.10 ticks  (447.40 ticks/sec)


Incumbent solution written to file '/tmp/tmpMVrG4c.cplex.sol'.
