
Log started (V12.6.3.0) Fri Apr 20 20:57:35 2018

New value for default parallel thread count: 1

Problem '/tmp/tmpqFIsV6.pyomo.lp' read.
Read time = 0.00 sec. (0.03 ticks)

Problem name         : /tmp/tmpqFIsV6.pyomo.lp
Objective sense      : Minimize
Variables            :     104  [Nneg: 1,  Binary: 99,  General Integer: 4]
Objective nonzeros   :       1
Linear constraints   :      73  [Less: 36,  Equal: 37]
  Nonzeros           :    2185
  RHS nonzeros       :      67

Variables            : Min LB: 0.000000         Max UB: 1.000000       
Objective nonzeros   : Min   : 1.000000         Max   : 1.000000       
Linear constraints   :
  Nonzeros           : Min   : 1.000000         Max   : 1950.000       
  RHS nonzeros       : Min   : 1.000000         Max   : 4.000000       
Tried aggregator 2 times.
MIP Presolve eliminated 33 rows and 3 columns.
Aggregator did 4 substitutions.
Reduced MIP has 36 rows, 97 columns, and 253 nonzeros.
Reduced MIP has 96 binaries, 1 generals, 0 SOSs, and 0 indicators.
Presolve time = 0.00 sec. (0.76 ticks)
Found incumbent of value 33472.000000 after 0.00 sec. (0.94 ticks)
Probing time = 0.00 sec. (0.07 ticks)
Cover probing fixed 0 vars, tightened 1 bounds.
Tried aggregator 1 time.
Reduced MIP has 36 rows, 97 columns, and 253 nonzeros.
Reduced MIP has 96 binaries, 1 generals, 0 SOSs, and 0 indicators.
Presolve time = 0.00 sec. (0.17 ticks)
Probing time = 0.00 sec. (0.04 ticks)
Clique table members: 32.
MIP emphasis: balance optimality and feasibility.
MIP search method: dynamic search.
Parallel mode: none, using 1 thread.
Root relaxation solution time = 0.00 sec. (0.08 ticks)

        Nodes                                         Cuts/
   Node  Left     Objective  IInf  Best Integer    Best Bound    ItCnt     Gap

*     0+    0                        33472.0000     1950.0000            94.17%
      0     0    11157.3333     5    33472.0000    11157.3333        4   66.67%
*     0+    0                        11626.0000    11157.3333             4.03%
      0     0    11158.0000     8    11626.0000      Fract: 2        9    4.03%
*     0+    0                        11306.0000    11158.0000             1.31%
      0     0    11158.0000     8    11306.0000       Cuts: 6       19    1.31%
*     0+    0                        11237.0000    11158.0000             0.70%
      0     0    11158.0000     5    11237.0000    MIRcuts: 4       25    0.70%
      0     0    11158.0000     8    11237.0000       Cuts: 4       33    0.70%
*     0+    0                        11178.0000    11158.0000             0.18%
      0     2    11158.0000     8    11178.0000    11158.0000       33    0.18%
Elapsed time = 0.01 sec. (5.04 ticks, tree = 0.01 MB, solutions = 5)
*  2110+  254                        11171.0000    11158.0000             0.12%
*  2180+  138                        11159.0000    11158.0000             0.01%

Cover cuts applied:  1

Root node processing (before b&c):
  Real time             =    0.01 sec. (5.04 ticks)
Sequential b&c:
  Real time             =    0.09 sec. (68.02 ticks)
                          ------------
Total (root+branch&cut) =    0.10 sec. (73.06 ticks)

Solution pool: 7 solutions saved.

MIP - Integer optimal, tolerance (0.0001/1e-06):  Objective =  1.1159000000e+04
Current MIP best bound =  1.1158000000e+04 (gap = 1, 0.01%)
Solution time =    0.10 sec.  Iterations = 4517  Nodes = 2180 (139)
Deterministic time = 73.06 ticks  (735.98 ticks/sec)


Incumbent solution written to file '/tmp/tmp4BiUKr.cplex.sol'.
