Machine activation
Machine failure 17
Machine failure 10
Machine failure 0
Processing-time augmentation 190 1501
Processing-time augmentation 97 1990
Processing-time reduction 38 939
Job cancellation 2
Job addition 357
Processing-time reduction 113 215
Job addition 1067
Processing-time reduction 8 654
Processing-time reduction 162 345
Processing-time augmentation 13 1028
Processing-time augmentation 134 1612
Processing-time reduction 123 235
Job cancellation 146
Processing-time reduction 63 1118
Processing-time reduction 198 300
Job addition 1172
Processing-time reduction 164 633
Job addition 698
Processing-time augmentation 137 991
Job addition 488
Processing-time reduction 130 1228
Job addition 1987
Processing-time augmentation 40 1595
Job addition 1597
Processing-time reduction 176 242
Processing-time reduction 135 492
Processing-time reduction 9 427
Job cancellation 153
Job cancellation 52
Processing-time augmentation 178 1941
Processing-time augmentation 33 1742
Processing-time reduction 53 649
Job cancellation 143
Job cancellation 42
Processing-time augmentation 62 1933
Processing-time reduction 155 905
Job cancellation 42
Processing-time augmentation 64 1078
Processing-time reduction 147 416
Job addition 1684
