Machine activation
Machine failure 12
Machine activation
Machine activation
Processing-time augmentation 149 16887
Job cancellation 172
Job cancellation 204
Job addition 8479
Job cancellation 61
Job addition 927
Processing-time reduction 279 4048
Processing-time augmentation 246 12849
Processing-time reduction 247 5758
Job addition 16895
Job cancellation 106
Processing-time reduction 81 8628
Processing-time augmentation 215 10653
Job cancellation 294
Job cancellation 161
Job cancellation 173
Job cancellation 165
Job cancellation 77
Job cancellation 172
Job addition 13647
Job cancellation 104
Job cancellation 188
Job cancellation 58
Processing-time reduction 114 12037
Processing-time augmentation 157 18309
Processing-time augmentation 61 15277
Job addition 8843
Processing-time reduction 132 2656
Job cancellation 242
Job addition 18507
Job cancellation 98
Job cancellation 208
Processing-time reduction 164 7668
Processing-time reduction 131 6340
Job cancellation 174
Processing-time reduction 160 7449
Processing-time augmentation 128 9782
Processing-time reduction 210 5054
Processing-time reduction 180 157
Job cancellation 185
Processing-time reduction 115 12211
Processing-time reduction 33 6569
Job addition 12924
Job cancellation 153
Job cancellation 160
Job cancellation 38
Job cancellation 294
Processing-time augmentation 70 14919
Job addition 8655
Processing-time reduction 45 5689
Job addition 17551
Processing-time augmentation 147 19977
Job cancellation 199
Job addition 5905
Processing-time reduction 111 2660
Processing-time reduction 178 8758
Processing-time reduction 87 257
Job cancellation 146
Processing-time reduction 253 5518
Job addition 16061
