
Log started (V12.6.3.0) Sat Apr 21 11:01:58 2018

New value for default parallel thread count: 1

Problem '/tmp/tmpqkznmi.pyomo.lp' read.
Read time = 0.00 sec. (0.02 ticks)

Problem name         : /tmp/tmpqkznmi.pyomo.lp
Objective sense      : Minimize
Variables            :      71  [Nneg: 1,  Binary: 66,  General Integer: 4]
Objective nonzeros   :       1
Linear constraints   :      51  [Less: 25,  Equal: 26]
  Nonzeros           :    1019
  RHS nonzeros       :      45

Variables            : Min LB: 0.000000         Max UB: 1.000000       
Objective nonzeros   : Min   : 1.000000         Max   : 1.000000       
Linear constraints   :
  Nonzeros           : Min   : 1.000000         Max   : 93707.00       
  RHS nonzeros       : Min   : 1.000000         Max   : 3.000000       
Tried aggregator 2 times.
MIP Presolve eliminated 22 rows and 3 columns.
Aggregator did 4 substitutions.
Reduced MIP has 25 rows, 64 columns, and 167 nonzeros.
Reduced MIP has 63 binaries, 1 generals, 0 SOSs, and 0 indicators.
Presolve time = 0.00 sec. (0.42 ticks)
Found incumbent of value 711136.000000 after 0.00 sec. (0.63 ticks)
Probing time = 0.00 sec. (0.04 ticks)
Cover probing fixed 0 vars, tightened 6 bounds.
Tried aggregator 1 time.
Reduced MIP has 25 rows, 64 columns, and 167 nonzeros.
Reduced MIP has 63 binaries, 1 generals, 0 SOSs, and 0 indicators.
Presolve time = 0.00 sec. (0.10 ticks)
Probing time = 0.00 sec. (0.03 ticks)
Clique table members: 21.
MIP emphasis: balance optimality and feasibility.
MIP search method: dynamic search.
Parallel mode: none, using 1 thread.
Root relaxation solution time = 0.00 sec. (0.05 ticks)

        Nodes                                         Cuts/
   Node  Left     Objective  IInf  Best Integer    Best Bound    ItCnt     Gap

*     0+    0                       711136.0000    93707.0000            86.82%
      0     0   237045.3333     5   711136.0000   237045.3333        4   66.67%
*     0+    0                       248173.0000   237045.3333             4.48%
      0     0   237046.0000     6   248173.0000      Fract: 2       12    4.48%
*     0+    0                       239408.0000   237046.0000             0.99%
      0     0   237046.0000     9   239408.0000       Cuts: 7       23    0.99%
*     0+    0                       239038.0000   237046.0000             0.83%
*     0+    0                       238563.0000   237046.0000             0.64%
      0     2   237046.0000     9   238563.0000   237046.0000       23    0.64%
Elapsed time = 0.01 sec. (2.19 ticks, tree = 0.01 MB, solutions = 4)
*   260+   82                       238216.0000   237046.0000             0.49%
*   269    45      integral     0   237481.0000   237046.0000     1538    0.18%
*   327    29      integral     0   237330.0000   237046.0000     1965    0.12%

Cover cuts applied:  35
Mixed integer rounding cuts applied:  2
Gomory fractional cuts applied:  1

Root node processing (before b&c):
  Real time             =    0.00 sec. (2.18 ticks)
Sequential b&c:
  Real time             =    0.03 sec. (24.97 ticks)
                          ------------
Total (root+branch&cut) =    0.03 sec. (27.16 ticks)

Solution pool: 7 solutions saved.

MIP - Integer optimal solution:  Objective =  2.3733000000e+05
Solution time =    0.03 sec.  Iterations = 2359  Nodes = 414
Deterministic time = 27.16 ticks  (781.82 ticks/sec)


Incumbent solution written to file '/tmp/tmpSDKJIJ.cplex.sol'.
