
Log started (V12.6.3.0) Sat Apr 21 11:02:01 2018

New value for default parallel thread count: 1

Problem '/tmp/tmp6EgiSY.pyomo.lp' read.
Read time = 0.00 sec. (0.02 ticks)

Problem name         : /tmp/tmp6EgiSY.pyomo.lp
Objective sense      : Minimize
Variables            :      71  [Nneg: 1,  Binary: 66,  General Integer: 4]
Objective nonzeros   :       1
Linear constraints   :      51  [Less: 25,  Equal: 26]
  Nonzeros           :    1019
  RHS nonzeros       :      45

Variables            : Min LB: 0.000000         Max UB: 1.000000       
Objective nonzeros   : Min   : 1.000000         Max   : 1.000000       
Linear constraints   :
  Nonzeros           : Min   : 1.000000         Max   : 93707.00       
  RHS nonzeros       : Min   : 1.000000         Max   : 3.000000       
Tried aggregator 2 times.
MIP Presolve eliminated 22 rows and 3 columns.
Aggregator did 4 substitutions.
Reduced MIP has 25 rows, 64 columns, and 167 nonzeros.
Reduced MIP has 63 binaries, 1 generals, 0 SOSs, and 0 indicators.
Presolve time = 0.00 sec. (0.42 ticks)
Found incumbent of value 711136.000000 after 0.00 sec. (0.63 ticks)
Probing time = 0.00 sec. (0.04 ticks)
Cover probing fixed 0 vars, tightened 6 bounds.
Tried aggregator 1 time.
Reduced MIP has 25 rows, 64 columns, and 167 nonzeros.
Reduced MIP has 63 binaries, 1 generals, 0 SOSs, and 0 indicators.
Presolve time = 0.00 sec. (0.10 ticks)
Probing time = 0.00 sec. (0.03 ticks)
Clique table members: 21.
MIP emphasis: balance optimality and feasibility.
MIP search method: dynamic search.
Parallel mode: none, using 1 thread.
Root relaxation solution time = 0.00 sec. (0.06 ticks)

        Nodes                                         Cuts/
   Node  Left     Objective  IInf  Best Integer    Best Bound    ItCnt     Gap

*     0+    0                       711136.0000    93707.0000            86.82%
      0     0   237045.3333     5   711136.0000   237045.3333        7   66.67%
*     0+    0                       259688.0000   237045.3333             8.72%
      0     0   237046.0000     8   259688.0000      Fract: 2       22    8.72%
*     0+    0                       241843.0000   237046.0000             1.98%
      0     0   237046.0000    10   241843.0000       Cuts: 6       36    1.98%
      0     2   237046.0000     5   241843.0000   237046.0000       36    1.98%
Elapsed time = 0.01 sec. (2.62 ticks, tree = 0.01 MB, solutions = 2)
*    24    16      integral     0   240513.0000   237046.0000      124    1.44%
*    34    17      integral     0   240159.0000   237046.0000      169    1.30%
*    51    20      integral     0   239544.0000   237046.0000      234    1.04%
*   140    35      integral     0   239195.0000   237046.0000      489    0.90%
*   142    31      integral     0   237860.0000   237046.0000      491    0.34%
*   160+   35                       237551.0000   237046.0000             0.21%
*   333    42      integral     0   237532.0000   237046.0000     1206    0.20%

Cover cuts applied:  19
Mixed integer rounding cuts applied:  1

Root node processing (before b&c):
  Real time             =    0.01 sec. (2.63 ticks)
Sequential b&c:
  Real time             =    0.02 sec. (14.08 ticks)
                          ------------
Total (root+branch&cut) =    0.03 sec. (16.71 ticks)

Solution pool: 9 solutions saved.

MIP - Integer optimal, tolerance (0.0001/1e-06):  Objective =  2.3753200000e+05
Current MIP best bound =  2.3752403567e+05 (gap = 7.96433, 0.00%)
Solution time =    0.03 sec.  Iterations = 1590  Nodes = 449 (1)
Deterministic time = 16.71 ticks  (599.70 ticks/sec)


Incumbent solution written to file '/tmp/tmpo2jqqe.cplex.sol'.
