
Log started (V12.6.3.0) Sat Apr 21 07:57:25 2018

New value for default parallel thread count: 1

Problem '/tmp/tmpyHDltd.pyomo.lp' read.
Read time = 0.08 sec. (7.88 ticks)

Problem name         : /tmp/tmpyHDltd.pyomo.lp
Objective sense      : Minimize
Variables            :    3442  [Nneg: 1,  Binary: 3424,  General Integer: 17]
Objective nonzeros   :       1
Linear constraints   :     463  [Less: 230,  Equal: 233]
  Nonzeros           :  581787
  RHS nonzeros       :     429

Variables            : Min LB: 0.000000         Max UB: 1.000000       
Objective nonzeros   : Min   : 1.000000         Max   : 1.000000       
Linear constraints   :
  Nonzeros           : Min   : 1.000000         Max   : 19973.00       
  RHS nonzeros       : Min   : 1.000000         Max   : 22.00000       
Tried aggregator 2 times.
MIP Presolve eliminated 220 rows and 535 columns.
Aggregator did 22 substitutions.
Reduced MIP has 221 rows, 2885 columns, and 8005 nonzeros.
Reduced MIP has 2884 binaries, 1 generals, 0 SOSs, and 0 indicators.
Presolve time = 0.09 sec. (92.50 ticks)
Found incumbent of value 2194918.000000 after 0.12 sec. (115.67 ticks)
Tried aggregator 1 time.
Reduced MIP has 221 rows, 2885 columns, and 8005 nonzeros.
Reduced MIP has 2884 binaries, 1 generals, 0 SOSs, and 0 indicators.
Presolve time = 0.00 sec. (3.48 ticks)
Probing time = 0.00 sec. (2.04 ticks)
Clique table members: 206.
MIP emphasis: balance optimality and feasibility.
MIP search method: dynamic search.
Parallel mode: none, using 1 thread.
Root relaxation solution time = 0.00 sec. (6.83 ticks)

        Nodes                                         Cuts/
   Node  Left     Objective  IInf  Best Integer    Best Bound    ItCnt     Gap

*     0+    0                      2194918.0000        0.0000           100.00%
      0     0   156779.8571    25  2194918.0000   156779.8571      118   92.86%
*     0+    0                       183117.0000   156779.8571            14.38%
      0     0   156780.0000    31   183117.0000      Fract: 9      137   14.38%
*     0+    0                       164442.0000   156780.0000             4.66%
      0     0   156780.0000    28   164442.0000      Cuts: 22      185    4.66%
*     0+    0                       162928.0000   156780.0000             3.77%
      0     0   156780.0000    34   162928.0000      Cuts: 13      240    3.77%
*     0+    0                       160258.0000   156780.0000             2.17%
*     0+    0                       160116.0000   156780.0000             2.08%
*     0+    0                       159787.0000   156780.0000             1.88%
*     0+    0                       159748.0000   156780.0000             1.86%
*     0+    0                       159429.0000   156780.0000             1.66%
*     0+    0                       159313.0000   156780.0000             1.59%
*     0+    0                       158516.0000   156780.0000             1.10%
*     0+    0                       158333.0000   156780.0000             0.98%
*     0+    0                       158197.0000   156780.0000             0.90%
*     0+    0                       158156.0000   156780.0000             0.87%
*     0+    0                       157773.0000   156780.0000             0.63%
*     0+    0                       157680.0000   156780.0000             0.57%
      0     2   156780.0000    26   157680.0000   156780.0000      240    0.57%
Elapsed time = 0.33 sec. (386.24 ticks, tree = 0.01 MB, solutions = 16)
*   208+  198                       157594.0000   156780.0000             0.52%
    240   226   156780.0000    24   157594.0000   156780.0000     1978    0.52%
    241   227   156780.0000    24   157594.0000   156780.0000     1985    0.52%
    242   228   156780.0000    24   157594.0000   156780.0000     1990    0.52%
    243   229   156780.0000    24   157594.0000   156780.0000     1995    0.52%
    244   230   156780.0000    25   157594.0000   156780.0000     1996    0.52%
    245   231   156780.0000    24   157594.0000   156780.0000     2006    0.52%
    246   232   156780.0000    25   157594.0000   156780.0000     2008    0.52%
    247   233   156780.0000    25   157594.0000   156780.0000     2014    0.52%
    248   234   156780.0000    26   157594.0000   156780.0000     2020    0.52%
*   495+  469                       157570.0000   156780.0000             0.50%
*   495+  469                       157423.0000   156780.0000             0.41%
*   497+  471                       157349.0000   156780.0000             0.36%
    498   474   156780.0000    19   157349.0000   156780.0000     4045    0.36%
Elapsed time = 1.15 sec. (1480.90 ticks, tree = 1.96 MB, solutions = 20)
*   499+  315                       157312.0000   156780.0000             0.34%
    798   376   156780.0000    25   157312.0000   156780.0000     5983    0.34%
    799   376   156780.0000    26   157312.0000   156780.0000     5985    0.34%
    800   376   156780.0000    25   157312.0000   156780.0000     6000    0.34%
    801   377   156780.0000    25   157312.0000   156780.0000     6001    0.34%
    802   378   156780.0000    22   157312.0000   156780.0000     6005    0.34%
    803   378   156780.0000    23   157312.0000   156780.0000     6009    0.34%
    804   379   156780.0000    24   157312.0000   156780.0000     6016    0.34%
    805   380   156780.0000    23   157312.0000   156780.0000     6018    0.34%
    806   380   156780.0000    25   157312.0000   156780.0000     6029    0.34%
    807   380   156780.0000    25   157312.0000   156780.0000     6032    0.34%
Elapsed time = 1.80 sec. (2453.62 ticks, tree = 1.52 MB, solutions = 21)
   1301   606   156780.0000    22   157312.0000   156780.0000     8627    0.34%
   1302   607   156780.0000    22   157312.0000   156780.0000     8633    0.34%
   1303   608   156780.0000    22   157312.0000   156780.0000     8634    0.34%
   1304   609   156780.0000    22   157312.0000   156780.0000     8635    0.34%
   1305   610   156780.0000    23   157312.0000   156780.0000     8637    0.34%
   1306   611   156780.0000    24   157312.0000   156780.0000     8657    0.34%
   1307   612   156780.0000    25   157312.0000   156780.0000     8663    0.34%
   1308   613   156780.0000    24   157312.0000   156780.0000     8666    0.34%
   1309   614   156780.0000    24   157312.0000   156780.0000     8667    0.34%
   1310   615   156780.0000    27   157312.0000   156780.0000     8674    0.34%
Elapsed time = 2.49 sec. (3420.09 ticks, tree = 2.47 MB, solutions = 21)
*  1498+  794                       157288.0000   156780.0000             0.32%
   2165  1385   156780.0000    24   157288.0000   156780.0000    12384    0.32%
   2166  1386   156780.0000    24   157288.0000   156780.0000    12387    0.32%
   2167  1387   156780.0000    24   157288.0000   156780.0000    12390    0.32%
   2168  1388   156780.0000    22   157288.0000   156780.0000    12399    0.32%
   2169  1389   156780.0000    21   157288.0000   156780.0000    12401    0.32%
   2170  1390   156780.0000    22   157288.0000   156780.0000    12404    0.32%
   2171  1391   156780.0000    22   157288.0000   156780.0000    12405    0.32%
   2172  1392   156780.0000    22   157288.0000   156780.0000    12406    0.32%
   2173  1393   156780.0000    25   157288.0000   156780.0000    12424    0.32%
   2174  1394   156780.0000    24   157288.0000   156780.0000    12428    0.32%
Elapsed time = 3.20 sec. (4379.34 ticks, tree = 5.62 MB, solutions = 22)
   3600  2633   156780.0000    23   157288.0000   156780.0000    17794    0.32%
   3601  2634   156780.0000    23   157288.0000   156780.0000    17795    0.32%
   3602  2635   156780.0000    23   157288.0000   156780.0000    17797    0.32%
   3603  2636   156780.0000    23   157288.0000   156780.0000    17798    0.32%
   3604  2637   156780.0000    23   157288.0000   156780.0000    17799    0.32%
   3605  2638   156780.0000    23   157288.0000   156780.0000    17800    0.32%
   3606  2639   156780.0000    23   157288.0000   156780.0000    17802    0.32%
   3607  2640   156780.0000    23   157288.0000   156780.0000    17803    0.32%
   3608  2641   156780.0000    23   157288.0000   156780.0000    17804    0.32%
   3609  2642   156780.0000    23   157288.0000   156780.0000    17805    0.32%
Elapsed time = 3.83 sec. (5337.88 ticks, tree = 10.71 MB, solutions = 22)
   5278  4173   156780.0000    23   157288.0000   156780.0000    23969    0.32%
   5279  4174   156780.0000    23   157288.0000   156780.0000    23970    0.32%
   5280  4175   156780.0000    26   157288.0000   156780.0000    23981    0.32%
   5281  4176   156780.0000    26   157288.0000   156780.0000    23983    0.32%
   5282  4177   156780.0000    26   157288.0000   156780.0000    23994    0.32%
   5283  4178   156780.0000    24   157288.0000   156780.0000    23998    0.32%
   5284  4179   156780.0000    24   157288.0000   156780.0000    24000    0.32%
   5285  4180   156780.0000    25   157288.0000   156780.0000    24003    0.32%
   5286  4181   156780.0000    25   157288.0000   156780.0000    24006    0.32%
   5287  4182   156780.0000    24   157288.0000   156780.0000    24009    0.32%
Elapsed time = 4.46 sec. (6295.75 ticks, tree = 17.02 MB, solutions = 22)
   7461  6196   156780.0000    23   157288.0000   156780.0000    32077    0.32%
   7462  6197   156780.0000    23   157288.0000   156780.0000    32079    0.32%
   7463  6198   156780.0000    23   157288.0000   156780.0000    32080    0.32%
   7464  6199   156780.0000    24   157288.0000   156780.0000    32083    0.32%
   7465  6200   156780.0000    24   157288.0000   156780.0000    32086    0.32%
   7466  6201   156780.0000    24   157288.0000   156780.0000    32091    0.32%
   7467  6202   156780.0000    24   157288.0000   156780.0000    32096    0.32%
   7468  6203   156780.0000    24   157288.0000   156780.0000    32097    0.32%
   7469  6204   156780.0000    24   157288.0000   156780.0000    32098    0.32%
   7470  6205   156780.0000    24   157288.0000   156780.0000    32099    0.32%
Elapsed time = 5.10 sec. (7253.43 ticks, tree = 25.18 MB, solutions = 22)
   9524  8127   156780.0000    22   157288.0000   156780.0000    39348    0.32%
   9525  8128   156780.0000    22   157288.0000   156780.0000    39349    0.32%
   9526  8129   156780.0000    23   157288.0000   156780.0000    39351    0.32%
   9527  8130   156780.0000    23   157288.0000   156780.0000    39352    0.32%
   9528  8131   156780.0000    24   157288.0000   156780.0000    39356    0.32%
   9529  8132   156780.0000    22   157288.0000   156780.0000    39358    0.32%
   9530  8133   156780.0000    24   157288.0000   156780.0000    39362    0.32%
   9531  8134   156780.0000    24   157288.0000   156780.0000    39363    0.32%
   9532  8135   156780.0000    25   157288.0000   156780.0000    39367    0.32%
   9533  8136   156780.0000    25   157288.0000   156780.0000    39370    0.32%
Elapsed time = 5.73 sec. (8210.46 ticks, tree = 32.97 MB, solutions = 22)
  10398  8901   156801.0000    21   157288.0000   156780.0000    42514    0.32%
  10399  8902   156780.0000    20   157288.0000   156780.0000    42521    0.32%
  10400  8903   156780.0000    22   157288.0000   156780.0000    42535    0.32%
  10401  8904   156780.0000    22   157288.0000   156780.0000    42540    0.32%
  10402  8905   156780.0000    22   157288.0000   156780.0000    42541    0.32%
  10403  8906   156780.0000    22   157288.0000   156780.0000    42543    0.32%
  10404  8907   156780.0000    21   157288.0000   156780.0000    42552    0.32%
  10405  8908   156780.0000    19   157288.0000   156780.0000    42557    0.32%
  10406  8909   156780.0000    19   157288.0000   156780.0000    42559    0.32%
  10407  8910   156780.0000    19   157288.0000   156780.0000    42561    0.32%
Elapsed time = 6.54 sec. (9289.57 ticks, tree = 36.34 MB, solutions = 22)
  12624 10986   156780.0000    21   157288.0000   156780.0000    49532    0.32%
  12625 10985    infeasible         157288.0000   156780.0000    49533    0.32%
  12626 10986   156780.0000    22   157288.0000   156780.0000    49535    0.32%
  12627 10987   156780.0000    22   157288.0000   156780.0000    49543    0.32%
  12628 10988   156780.0000    22   157288.0000   156780.0000    49544    0.32%
  12629 10989   156780.0000    22   157288.0000   156780.0000    49545    0.32%
  12630 10990   156780.0000    22   157288.0000   156780.0000    49546    0.32%
  12631 10991   156780.0000    20   157288.0000   156780.0000    49555    0.32%
  12632 10990        cutoff         157288.0000   156780.0000    49571    0.32%
  19109 16921   156780.0000    23   157288.0000   156780.0000    68066    0.32%
Elapsed time = 9.05 sec. (13104.52 ticks, tree = 69.28 MB, solutions = 22)
  27605 24628   156780.0000    23   157288.0000   156780.0000    98313    0.32%
  27606 24629   156780.0000    23   157288.0000   156780.0000    98315    0.32%
  27607 24630   156780.0000    22   157288.0000   156780.0000    98316    0.32%
  27608 24631   156780.0000    22   157288.0000   156780.0000    98317    0.32%
  27609 24632   156780.0000    22   157288.0000   156780.0000    98320    0.32%
  27610 24633   156780.0000    23   157288.0000   156780.0000    98324    0.32%
  27611 24634   156780.0000    23   157288.0000   156780.0000    98325    0.32%
  27612 24635   156780.0000    23   157288.0000   156780.0000    98328    0.32%
  27613 24636   156780.0000    23   157288.0000   156780.0000    98331    0.32%
  27614 24637   156780.0000    23   157288.0000   156780.0000    98335    0.32%
Elapsed time = 11.59 sec. (16922.59 ticks, tree = 100.75 MB, solutions = 22)
  34986 31165   156780.0000    23   157288.0000   156780.0000   128171    0.32%
  34987 31166   156780.0000    24   157288.0000   156780.0000   128173    0.32%
  34988 31167   156780.0000    22   157288.0000   156780.0000   128174    0.32%
  34989 31166        cutoff         157288.0000   156780.0000   128179    0.32%
  34990 31165        cutoff         157288.0000   156780.0000   128191    0.32%
  34991 31166   156780.0000    25   157288.0000   156780.0000   128208    0.32%
  34992 31167   156780.0000    26   157288.0000   156780.0000   128215    0.32%
  34993 31168   156780.0000    26   157288.0000   156780.0000   128216    0.32%
  34994 31169   156780.0000    25   157288.0000   156780.0000   128218    0.32%
  34995 31170   156780.0000    26   157288.0000   156780.0000   128221    0.32%
Elapsed time = 14.15 sec. (20746.14 ticks, tree = 127.75 MB, solutions = 22)
  43209 38806   156780.0000    22   157288.0000   156780.0000   157140    0.32%
  43210 38807   156780.0000    23   157288.0000   156780.0000   157143    0.32%
  43211 38808   156780.0000    22   157288.0000   156780.0000   157145    0.32%
  43212 38809   156780.0000    21   157288.0000   156780.0000   157147    0.32%
  43213 38810   156780.0000    21   157288.0000   156780.0000   157150    0.32%
  43214 38811   156780.0000    21   157288.0000   156780.0000   157151    0.32%
  43215 38812   156780.0000    24   157288.0000   156780.0000   157158    0.32%
  43216 38813   156780.0000    24   157288.0000   156780.0000   157159    0.32%
  43217 38814   156780.0000    22   157288.0000   156780.0000   157163    0.32%
  43218 38815   156780.0000    22   157288.0000   156780.0000   157166    0.32%
Elapsed time = 16.67 sec. (24564.72 ticks, tree = 160.33 MB, solutions = 22)
  51055 46043   156780.0000    22   157288.0000   156780.0000   186125    0.32%
  51056 46042        cutoff         157288.0000   156780.0000   186134    0.32%
  51057 46041        cutoff         157288.0000   156780.0000   186138    0.32%
  51058 46042   156780.0000    20   157288.0000   156780.0000   186150    0.32%
  51059 46043   156780.0000    19   157288.0000   156780.0000   186161    0.32%
  51060 46044   156780.0000    20   157288.0000   156780.0000   186172    0.32%
  51061 46045   156780.0000    20   157288.0000   156780.0000   186173    0.32%
  51062 46046   156780.0000    19   157288.0000   156780.0000   186174    0.32%
  51063 46047   156780.0000    20   157288.0000   156780.0000   186179    0.32%
  51064 46048   156780.0000    20   157288.0000   156780.0000   186180    0.32%
Elapsed time = 19.22 sec. (28388.28 ticks, tree = 190.19 MB, solutions = 22)
  58527 52683   156780.0000    21   157288.0000   156780.0000   211962    0.32%
  58528 52684   156780.0000    21   157288.0000   156780.0000   211970    0.32%
  58529 52685   156780.0000    20   157288.0000   156780.0000   211982    0.32%
  58530 52686   156780.0000    20   157288.0000   156780.0000   211984    0.32%
  58531 52687   156780.0000    21   157288.0000   156780.0000   211990    0.32%
  58532 52688   156780.0000    21   157288.0000   156780.0000   211991    0.32%
  58533 52689   156780.0000    21   157288.0000   156780.0000   211993    0.32%
  58534 52690   156780.0000    21   157288.0000   156780.0000   211994    0.32%
  58535 52691   156780.0000    21   157288.0000   156780.0000   211995    0.32%
  58536 52692   156780.0000    20   157288.0000   156780.0000   211996    0.32%
Elapsed time = 21.74 sec. (32206.90 ticks, tree = 217.82 MB, solutions = 22)
  66572 60258   156780.0000    25   157288.0000   156780.0000   234895    0.32%
  66573 60259   156780.0000    24   157288.0000   156780.0000   234902    0.32%
  66574 60260   156780.0000    24   157288.0000   156780.0000   234908    0.32%
  66575 60261   156780.0000    24   157288.0000   156780.0000   234910    0.32%
  66576 60262   156780.0000    23   157288.0000   156780.0000   234915    0.32%
  66577 60263   156780.0000    24   157288.0000   156780.0000   234921    0.32%
  66578 60264   156780.0000    23   157288.0000   156780.0000   234922    0.32%
  66579 60265   156780.0000    24   157288.0000   156780.0000   234923    0.32%
  66580 60266   156780.0000    24   157288.0000   156780.0000   234924    0.32%
  66581 60267   156780.0000    24   157288.0000   156780.0000   234925    0.32%
Elapsed time = 24.29 sec. (36026.16 ticks, tree = 249.41 MB, solutions = 22)
  73310 65688   157004.0000    16   157288.0000   156780.0000   264492    0.32%
  73311 65688   157004.0000    19   157288.0000   156780.0000   264505    0.32%
  73312 65688   157004.0000    18   157288.0000   156780.0000   264509    0.32%
  73313 65689   157152.0000    18   157288.0000   156780.0000   264523    0.32%
  73314 65688        cutoff         157288.0000   156780.0000   264524    0.32%
  73315 65687        cutoff         157288.0000   156780.0000   264532    0.32%
  73316 65688   156780.0000    17   157288.0000   156780.0000   264557    0.32%
  73317 65689   156780.0000    19   157288.0000   156780.0000   264573    0.32%
  73318 65690   156780.0000    19   157288.0000   156780.0000   264578    0.32%
  73319 65691   156780.0000    19   157288.0000   156780.0000   264584    0.32%
Elapsed time = 26.88 sec. (39856.33 ticks, tree = 274.25 MB, solutions = 22)
  79663 71301   156780.0000    21   157288.0000   156780.0000   293762    0.32%
  79664 71302   156780.0000    21   157288.0000   156780.0000   293770    0.32%
  79665 71303   156780.0000    21   157288.0000   156780.0000   293772    0.32%
  79666 71304   156780.0000    22   157288.0000   156780.0000   293774    0.32%
  79667 71305   156780.0000    21   157288.0000   156780.0000   293777    0.32%
  79668 71306   156780.0000    21   157288.0000   156780.0000   293780    0.32%
  79669 71307   156780.0000    22   157288.0000   156780.0000   293782    0.32%
  79670 71308   156780.0000    23   157288.0000   156780.0000   293791    0.32%
  79671 71309   156780.0000    23   157288.0000   156780.0000   293792    0.32%
  79672 71310   156780.0000    21   157288.0000   156780.0000   293796    0.32%
Elapsed time = 29.48 sec. (43679.58 ticks, tree = 298.64 MB, solutions = 22)
  86343 77495   156780.0000    24   157288.0000   156780.0000   319582    0.32%
  86344 77496   156780.0000    24   157288.0000   156780.0000   319587    0.32%
  86345 77497   156780.0000    25   157288.0000   156780.0000   319590    0.32%
  86346 77498   156780.0000    24   157288.0000   156780.0000   319593    0.32%
  86347 77499   156780.0000    26   157288.0000   156780.0000   319597    0.32%
  86348 77500   156780.0000    26   157288.0000   156780.0000   319598    0.32%
  86349 77501   156780.0000    24   157288.0000   156780.0000   319602    0.32%
  86350 77502   156780.0000    23   157288.0000   156780.0000   319607    0.32%
  86351 77503   156780.0000    23   157288.0000   156780.0000   319611    0.32%
  86352 77504   156780.0000    23   157288.0000   156780.0000   319617    0.32%
Elapsed time = 32.06 sec. (47501.41 ticks, tree = 325.65 MB, solutions = 22)
  93414 83890   156780.0000    25   157288.0000   156780.0000   347205    0.32%
  93415 83891   156780.0000    27   157288.0000   156780.0000   347214    0.32%
  93416 83892   156780.0000    27   157288.0000   156780.0000   347216    0.32%
  93417 83893   156780.0000    23   157288.0000   156780.0000   347222    0.32%
  93418 83894   156780.0000    25   157288.0000   156780.0000   347230    0.32%
  93419 83895   156780.0000    26   157288.0000   156780.0000   347232    0.32%
  93420 83896   156780.0000    24   157288.0000   156780.0000   347240    0.32%
  93421 83897   156780.0000    24   157288.0000   156780.0000   347241    0.32%
  93422 83898   156780.0000    25   157288.0000   156780.0000   347243    0.32%
  93423 83899   156780.0000    25   157288.0000   156780.0000   347244    0.32%
Elapsed time = 34.67 sec. (51320.49 ticks, tree = 353.50 MB, solutions = 22)
 100786 90726   156780.0000    24   157288.0000   156780.0000   374540    0.32%
 100787 90727   156780.0000    24   157288.0000   156780.0000   374541    0.32%
 100788 90728   156780.0000    24   157288.0000   156780.0000   374542    0.32%
 100789 90729   156780.0000    25   157288.0000   156780.0000   374547    0.32%
 100790 90730   156780.0000    25   157288.0000   156780.0000   374548    0.32%
 100791 90731   156780.0000    25   157288.0000   156780.0000   374549    0.32%
 100792 90732   156780.0000    25   157288.0000   156780.0000   374550    0.32%
 100793 90733   156780.0000    25   157288.0000   156780.0000   374554    0.32%
 100794 90734   156780.0000    25   157288.0000   156780.0000   374557    0.32%
 100795 90735   156780.0000    26   157288.0000   156780.0000   374562    0.32%
Elapsed time = 37.24 sec. (55138.80 ticks, tree = 383.19 MB, solutions = 22)
 107998 97466   156780.0000    24   157288.0000   156780.0000   403486    0.32%
 107999 97467   156780.0000    22   157288.0000   156780.0000   403489    0.32%
 108000 97468   156780.0000    22   157288.0000   156780.0000   403493    0.32%
 108001 97469   156780.0000    22   157288.0000   156780.0000   403494    0.32%
 108002 97470   156780.0000    22   157288.0000   156780.0000   403497    0.32%
 108003 97471   156780.0000    21   157288.0000   156780.0000   403500    0.32%
 108004 97472   156780.0000    21   157288.0000   156780.0000   403501    0.32%
 108005 97473   156780.0000    20   157288.0000   156780.0000   403504    0.32%
 108006 97474   156780.0000    21   157288.0000   156780.0000   403506    0.32%
 108007 97475   156780.0000    20   157288.0000   156780.0000   403507    0.32%
Elapsed time = 39.93 sec. (59047.94 ticks, tree = 412.63 MB, solutions = 22)
 115044 104005   156780.0000    26   157288.0000   156780.0000   430381    0.32%
 115045 104006   156780.0000    27   157288.0000   156780.0000   430389    0.32%
 115046 104007   156780.0000    25   157288.0000   156780.0000   430392    0.32%
 115047 104008   156780.0000    26   157288.0000   156780.0000   430404    0.32%
 115048 104009   156780.0000    26   157288.0000   156780.0000   430406    0.32%
 115049 104010   156780.0000    26   157288.0000   156780.0000   430410    0.32%
 115050 104011   156780.0000    26   157288.0000   156780.0000   430412    0.32%
 115051 104012   156780.0000    25   157288.0000   156780.0000   430414    0.32%
 115052 104013   156780.0000    25   157288.0000   156780.0000   430415    0.32%
 115053 104014   156780.0000    25   157288.0000   156780.0000   430416    0.32%
Elapsed time = 42.53 sec. (62866.70 ticks, tree = 441.99 MB, solutions = 22)
 122077 110518   156780.0000    26   157288.0000   156780.0000   456180    0.32%
 122078 110519   156780.0000    26   157288.0000   156780.0000   456182    0.32%
 122079 110520   156780.0000    26   157288.0000   156780.0000   456183    0.32%
 122080 110521   156780.0000    26   157288.0000   156780.0000   456184    0.32%
 122081 110522   156780.0000    26   157288.0000   156780.0000   456185    0.32%
 122082 110523   156780.0000    27   157288.0000   156780.0000   456188    0.32%
 122083 110524   156780.0000    25   157288.0000   156780.0000   456190    0.32%
 122084 110525   156780.0000    24   157288.0000   156780.0000   456198    0.32%
 122085 110526   156780.0000    24   157288.0000   156780.0000   456200    0.32%
 122086 110527   156780.0000    25   157288.0000   156780.0000   456203    0.32%
Elapsed time = 45.11 sec. (66684.62 ticks, tree = 471.46 MB, solutions = 22)
 128025 115500   156780.0000    23   157288.0000   156780.0000   485307    0.32%
 128026 115501   156780.0000    27   157288.0000   156780.0000   485315    0.32%
 128027 115502   156780.0000    27   157288.0000   156780.0000   485316    0.32%
 128028 115503   156780.0000    28   157288.0000   156780.0000   485332    0.32%
 128029 115504   156780.0000    27   157288.0000   156780.0000   485338    0.32%
 128030 115505   156780.0000    27   157288.0000   156780.0000   485346    0.32%
 128031 115506   156780.0000    27   157288.0000   156780.0000   485347    0.32%
 128032 115507   156780.0000    28   157288.0000   156780.0000   485350    0.32%
 128033 115508   156780.0000    28   157288.0000   156780.0000   485351    0.32%
 128034 115509   156780.0000    29   157288.0000   156780.0000   485356    0.32%
Elapsed time = 47.68 sec. (70506.31 ticks, tree = 494.38 MB, solutions = 22)
 134512 121421   156780.0000    29   157288.0000   156780.0000   509555    0.32%
 134513 121422   156780.0000    30   157288.0000   156780.0000   509556    0.32%
 134514 121423   156780.0000    27   157288.0000   156780.0000   509560    0.32%
 134515 121424   156780.0000    35   157288.0000   156780.0000   509570    0.32%
 134516 121425   156780.0000    27   157288.0000   156780.0000   509579    0.32%
 134517 121426   156780.0000    30   157288.0000   156780.0000   509581    0.32%
 134518 121427   156780.0000    27   157288.0000   156780.0000   509583    0.32%
 134519 121428   156780.0000    30   157288.0000   156780.0000   509593    0.32%
 134520 121429   156780.0000    27   157288.0000   156780.0000   509599    0.32%
 134521 121430   156780.0000    28   157288.0000   156780.0000   509602    0.32%
Elapsed time = 50.20 sec. (74325.52 ticks, tree = 522.80 MB, solutions = 22)
 140285 126308   156780.0000    26   157288.0000   156780.0000   540416    0.32%
 140286 126309   156780.0000    26   157288.0000   156780.0000   540417    0.32%
 140287 126310   156780.0000    24   157288.0000   156780.0000   540459    0.32%
 140288 126311   156780.0000    23   157288.0000   156780.0000   540469    0.32%
 140289 126310        cutoff         157288.0000   156780.0000   540479    0.32%
 140290 126311   157240.0000    18   157288.0000   156780.0000   540494    0.32%
 140291 126310        cutoff         157288.0000   156780.0000   540501    0.32%
 140292 126309        cutoff         157288.0000   156780.0000   540502    0.32%
 140293 126310   156780.0000    23   157288.0000   156780.0000   540516    0.32%
 140294 126311   156780.0000    23   157288.0000   156780.0000   540521    0.32%
Elapsed time = 52.77 sec. (78155.03 ticks, tree = 546.11 MB, solutions = 22)
 146846 132029   156780.0000    23   157288.0000   156780.0000   570969    0.32%
 146847 132030   156780.0000    24   157288.0000   156780.0000   570977    0.32%
 146848 132031   156780.0000    22   157288.0000   156780.0000   570984    0.32%
 146849 132032   156780.0000    23   157288.0000   156780.0000   570990    0.32%
 146850 132033   156780.0000    23   157288.0000   156780.0000   570991    0.32%
 146851 132034   156780.0000    23   157288.0000   156780.0000   570994    0.32%
 146852 132035   156780.0000    25   157288.0000   156780.0000   571000    0.32%
 146853 132036   156780.0000    25   157288.0000   156780.0000   571003    0.32%
 146854 132037   156780.0000    25   157288.0000   156780.0000   571004    0.32%
 146855 132038   156780.0000    25   157288.0000   156780.0000   571005    0.32%
Elapsed time = 55.35 sec. (81973.98 ticks, tree = 575.42 MB, solutions = 22)
 152992 137461   156780.0000    22   157288.0000   156780.0000   601665    0.32%
 152993 137462   156780.0000    22   157288.0000   156780.0000   601671    0.32%
 152994 137463   156780.0000    22   157288.0000   156780.0000   601672    0.32%
 152995 137464   156996.8750    23   157288.0000   156780.0000   601681    0.32%
 152996 137465   156996.8750    22   157288.0000   156780.0000   601684    0.32%
 152997 137464        cutoff         157288.0000   156780.0000   601688    0.32%
 152998 137463    infeasible         157288.0000   156780.0000   601688    0.32%
 152999 137464   156780.0000    22   157288.0000   156780.0000   601711    0.32%
 153000 137465   156780.0000    22   157288.0000   156780.0000   601714    0.32%
 153001 137466   156780.0000    27   157288.0000   156780.0000   601719    0.32%
Elapsed time = 57.93 sec. (85800.52 ticks, tree = 602.06 MB, solutions = 22)
 158930 142637   156780.0000    24   157288.0000   156780.0000   627163    0.32%
 158931 142638   156780.0000    29   157288.0000   156780.0000   627178    0.32%
 158932 142638   157063.8387    26   157288.0000   156780.0000   627220    0.32%
 158933 142639   156780.0000    29   157288.0000   156780.0000   627223    0.32%
 158934 142640   156780.0000    29   157288.0000   156780.0000   627236    0.32%
 158935 142641   156780.0000    30   157288.0000   156780.0000   627244    0.32%
 158936 142642   156780.0000    31   157288.0000   156780.0000   627255    0.32%
 158937 142643   156780.0000    32   157288.0000   156780.0000   627260    0.32%
 158938 142644   156780.0000    30   157288.0000   156780.0000   627263    0.32%
 158939 142645   156780.0000    31   157288.0000   156780.0000   627264    0.32%
Elapsed time = 60.41 sec. (89634.28 ticks, tree = 627.58 MB, solutions = 22)
 165988 149361   156780.0000    27   157288.0000   156780.0000   658020    0.32%
 165989 149362   156780.0000    27   157288.0000   156780.0000   658024    0.32%
 165990 149363   156780.0000    27   157288.0000   156780.0000   658025    0.32%
 165991 149364   156780.0000    25   157288.0000   156780.0000   658028    0.32%
 165992 149365   156780.0000    26   157288.0000   156780.0000   658030    0.32%
 165993 149366   156780.0000    26   157288.0000   156780.0000   658031    0.32%
 165994 149367   156780.0000    31   157288.0000   156780.0000   658038    0.32%
 165995 149368   156780.0000    29   157288.0000   156780.0000   658039    0.32%
 165996 149369   156780.0000    25   157288.0000   156780.0000   658050    0.32%
 165997 149370   156780.0000    27   157288.0000   156780.0000   658058    0.32%
Elapsed time = 62.96 sec. (93453.24 ticks, tree = 660.64 MB, solutions = 22)
 172678 155759   156780.0000    27   157288.0000   156780.0000   687174    0.32%
 172679 155760   156780.0000    27   157288.0000   156780.0000   687178    0.32%
 172680 155761   156780.0000    28   157288.0000   156780.0000   687189    0.32%
 172681 155762   156780.0000    28   157288.0000   156780.0000   687191    0.32%
 172682 155763   156780.0000    27   157288.0000   156780.0000   687193    0.32%
 172683 155764   156780.0000    27   157288.0000   156780.0000   687194    0.32%
 172684 155765   156780.0000    28   157288.0000   156780.0000   687209    0.32%
 172685 155766   156780.0000    28   157288.0000   156780.0000   687222    0.32%
 172686 155767   156780.0000    28   157288.0000   156780.0000   687227    0.32%
 172687 155768   156780.0000    28   157288.0000   156780.0000   687244    0.32%
Elapsed time = 65.54 sec. (97274.21 ticks, tree = 692.20 MB, solutions = 22)
 178934 161694   156780.0000    28   157288.0000   156780.0000   715993    0.32%
 178935 161695   156780.0000    28   157288.0000   156780.0000   715994    0.32%
 178936 161696   156780.0000    28   157288.0000   156780.0000   715995    0.32%
 178937 161697   156780.0000    28   157288.0000   156780.0000   715996    0.32%
 178938 161698   156780.0000    28   157288.0000   156780.0000   715997    0.32%
 178939 161699   156780.0000    26   157288.0000   156780.0000   716000    0.32%
 178940 161700   156780.0000    26   157288.0000   156780.0000   716015    0.32%
 178941 161701   156780.0000    29   157288.0000   156780.0000   716022    0.32%
 178942 161702   156780.0000    27   157288.0000   156780.0000   716024    0.32%
 178943 161703   156780.0000    27   157288.0000   156780.0000   716026    0.32%
Elapsed time = 68.12 sec. (101092.52 ticks, tree = 722.42 MB, solutions = 22)
 185538 167869   156780.0000    24   157288.0000   156780.0000   745155    0.32%
 185539 167870   156780.0000    25   157288.0000   156780.0000   745157    0.32%
 185540 167871   156780.0000    25   157288.0000   156780.0000   745158    0.32%
 185541 167872   156780.0000    25   157288.0000   156780.0000   745159    0.32%
 185542 167873   156780.0000    25   157288.0000   156780.0000   745160    0.32%
 185543 167874   156780.0000    29   157288.0000   156780.0000   745164    0.32%
 185544 167875   156780.0000    29   157288.0000   156780.0000   745166    0.32%
 185545 167876   156780.0000    27   157288.0000   156780.0000   745168    0.32%
 185546 167877   156780.0000    27   157288.0000   156780.0000   745172    0.32%
 185547 167878   156780.0000    25   157288.0000   156780.0000   745174    0.32%
Elapsed time = 70.66 sec. (104910.86 ticks, tree = 752.89 MB, solutions = 22)
 192492 174553   156780.0000    26   157288.0000   156780.0000   775634    0.32%
 192493 174554   156780.0000    26   157288.0000   156780.0000   775640    0.32%
 192494 174555   156780.0000    26   157288.0000   156780.0000   775642    0.32%
 192495 174556   156780.0000    25   157288.0000   156780.0000   775644    0.32%
 192496 174557   156780.0000    26   157288.0000   156780.0000   775648    0.32%
 192497 174558   156780.0000    26   157288.0000   156780.0000   775649    0.32%
 192498 174559   156780.0000    25   157288.0000   156780.0000   775656    0.32%
 192499 174560   156780.0000    23   157288.0000   156780.0000   775662    0.32%
 192500 174561   156780.0000    23   157288.0000   156780.0000   775665    0.32%
 192501 174562   156780.0000    24   157288.0000   156780.0000   775666    0.32%
Elapsed time = 73.22 sec. (108731.19 ticks, tree = 785.78 MB, solutions = 22)
 199382 181161   156780.0000    25   157288.0000   156780.0000   806540    0.32%
 199383 181162   156780.0000    24   157288.0000   156780.0000   806551    0.32%
 199384 181163   156780.0000    24   157288.0000   156780.0000   806552    0.32%
 199385 181164   156780.0000    28   157288.0000   156780.0000   806560    0.32%
 199386 181165   156780.0000    28   157288.0000   156780.0000   806564    0.32%
 199387 181166   156780.0000    29   157288.0000   156780.0000   806570    0.32%
 199388 181167   156780.0000    28   157288.0000   156780.0000   806578    0.32%
 199389 181168   156780.0000    26   157288.0000   156780.0000   806584    0.32%
 199390 181169   156780.0000    30   157288.0000   156780.0000   806594    0.32%
 199391 181170   156780.0000    27   157288.0000   156780.0000   806599    0.32%
Elapsed time = 75.79 sec. (112550.62 ticks, tree = 818.30 MB, solutions = 22)
 206239 187640   156780.0000    23   157288.0000   156780.0000   837295    0.32%
 206240 187641   156780.0000    24   157288.0000   156780.0000   837296    0.32%
 206241 187642   156780.0000    23   157288.0000   156780.0000   837297    0.32%
 206242 187643   156780.0000    24   157288.0000   156780.0000   837300    0.32%
 206243 187644   156780.0000    24   157288.0000   156780.0000   837303    0.32%
 206244 187645   156780.0000    23   157288.0000   156780.0000   837304    0.32%
 206245 187646   156780.0000    23   157288.0000   156780.0000   837306    0.32%
 206246 187647   156780.0000    27   157288.0000   156780.0000   837317    0.32%
 206247 187648   156780.0000    26   157288.0000   156780.0000   837322    0.32%
 206248 187649   156780.0000    26   157288.0000   156780.0000   837324    0.32%
Elapsed time = 78.38 sec. (116369.57 ticks, tree = 850.23 MB, solutions = 22)
 212947 193902   156780.0000    25   157288.0000   156780.0000   866500    0.32%
 212948 193903   156780.0000    25   157288.0000   156780.0000   866501    0.32%
 212949 193904   156780.0000    26   157288.0000   156780.0000   866505    0.32%
 212950 193905   156780.0000    26   157288.0000   156780.0000   866508    0.32%
 212951 193906   156780.0000    26   157288.0000   156780.0000   866513    0.32%
 212952 193907   156780.0000    28   157288.0000   156780.0000   866534    0.32%
 212953 193908   156780.0000    28   157288.0000   156780.0000   866535    0.32%
 212954 193909   156780.0000    29   157288.0000   156780.0000   866541    0.32%
 212955 193910   156780.0000    25   157288.0000   156780.0000   866562    0.32%
 212956 193911   156780.0000    25   157288.0000   156780.0000   866593    0.32%
Elapsed time = 80.96 sec. (120192.93 ticks, tree = 882.70 MB, solutions = 22)
 219298 199957   156780.0000    23   157288.0000   156780.0000   895707    0.32%
 219299 199958   156780.0000    23   157288.0000   156780.0000   895708    0.32%
 219300 199959   156780.0000    23   157288.0000   156780.0000   895709    0.32%
 219301 199960   156780.0000    25   157288.0000   156780.0000   895716    0.32%
 219302 199961   156780.0000    25   157288.0000   156780.0000   895719    0.32%
 219303 199962   156780.0000    25   157288.0000   156780.0000   895720    0.32%
 219304 199963   156780.0000    25   157288.0000   156780.0000   895721    0.32%
 219305 199964   156780.0000    25   157288.0000   156780.0000   895722    0.32%
 219306 199965   156780.0000    24   157288.0000   156780.0000   895726    0.32%
 219307 199966   156780.0000    25   157288.0000   156780.0000   895728    0.32%
Elapsed time = 83.54 sec. (124018.01 ticks, tree = 912.88 MB, solutions = 22)
 226078 206392   156780.0000    35   157288.0000   156780.0000   923932    0.32%
 226079 206393   156780.0000    40   157288.0000   156780.0000   923938    0.32%
 226080 206394   156780.0000    38   157288.0000   156780.0000   923941    0.32%
 226081 206395   156780.0000    35   157288.0000   156780.0000   923944    0.32%
 226082 206396   156780.0000    36   157288.0000   156780.0000   923946    0.32%
 226083 206397   156780.0000    35   157288.0000   156780.0000   923949    0.32%
 226084 206398   156780.0000    37   157288.0000   156780.0000   923961    0.32%
 226085 206399   156780.0000    32   157288.0000   156780.0000   923966    0.32%
 226086 206400   156780.0000    32   157288.0000   156780.0000   923967    0.32%
 226087 206401   156780.0000    33   157288.0000   156780.0000   923970    0.32%
Elapsed time = 86.10 sec. (127837.37 ticks, tree = 945.19 MB, solutions = 22)
 233186 213085   156780.0000    24   157288.0000   156780.0000   952379    0.32%
 233187 213086   156780.0000    26   157288.0000   156780.0000   952382    0.32%
 233188 213087   156780.0000    24   157288.0000   156780.0000   952384    0.32%
 233189 213088   156780.0000    24   157288.0000   156780.0000   952386    0.32%
 233190 213089   156780.0000    23   157288.0000   156780.0000   952390    0.32%
 233191 213090   156780.0000    24   157288.0000   156780.0000   952399    0.32%
 233192 213091   156780.0000    25   157288.0000   156780.0000   952412    0.32%
 233193 213092   156780.0000    25   157288.0000   156780.0000   952418    0.32%
 233194 213093   156780.0000    26   157288.0000   156780.0000   952419    0.32%
 233195 213094   156780.0000    26   157288.0000   156780.0000   952421    0.32%
Elapsed time = 88.63 sec. (131656.39 ticks, tree = 978.81 MB, solutions = 22)
*234098+202989                       157153.0000   156780.0000             0.24%
 234329 203214   157144.0000    24   157153.0000   156780.0000   959515    0.24%
 234330 203215   157144.0000    22   157153.0000   156780.0000   959517    0.24%
 234331 203216   157144.0000    23   157153.0000   156780.0000   959519    0.24%
 234332 203217   157144.0000    23   157153.0000   156780.0000   959520    0.24%
 234333 203218   157144.0000    23   157153.0000   156780.0000   959523    0.24%
 234334 203219   157144.0000    24   157153.0000   156780.0000   959531    0.24%
 234335 203220   157144.0000    24   157153.0000   156780.0000   959535    0.24%
 234336 203221   157144.0000    23   157153.0000   156780.0000   959544    0.24%
 234337 203222   157144.0000    22   157153.0000   156780.0000   959547    0.24%
 234338 203223   157144.0000    22   157153.0000   156780.0000   959549    0.24%
Elapsed time = 91.99 sec. (135493.46 ticks, tree = 931.88 MB, solutions = 23)
 235867 204689   156780.0000    23   157153.0000   156780.0000   964116    0.24%
 235868 204690   156780.0000    25   157153.0000   156780.0000   964120    0.24%
 235869 204691   156780.0000    22   157153.0000   156780.0000   964125    0.24%
 235870 204692   156780.0000    22   157153.0000   156780.0000   964128    0.24%
 235871 204693   156780.0000    23   157153.0000   156780.0000   964129    0.24%
 235872 204694   156780.0000    23   157153.0000   156780.0000   964131    0.24%
 235873 204695   156780.0000    23   157153.0000   156780.0000   964134    0.24%
 235874 204696   156780.0000    23   157153.0000   156780.0000   964137    0.24%
 235875 204697   156780.0000    23   157153.0000   156780.0000   964140    0.24%
 235876 204698   156780.0000    23   157153.0000   156780.0000   964141    0.24%
Elapsed time = 95.12 sec. (139311.74 ticks, tree = 939.33 MB, solutions = 23)
 241630 210113   156780.0000    26   157153.0000   156780.0000   987160    0.24%
 241631 210114   156780.0000    25   157153.0000   156780.0000   987161    0.24%
 241632 210115   156780.0000    25   157153.0000   156780.0000   987166    0.24%
 241633 210116   156780.0000    26   157153.0000   156780.0000   987172    0.24%
 241634 210117   156780.0000    26   157153.0000   156780.0000   987174    0.24%
 241635 210118   156780.0000    28   157153.0000   156780.0000   987178    0.24%
 241636 210119   156780.0000    28   157153.0000   156780.0000   987179    0.24%
 241637 210120   156780.0000    28   157153.0000   156780.0000   987180    0.24%
 241638 210121   156780.0000    27   157153.0000   156780.0000   987190    0.24%
 241639 210122   156780.0000    26   157153.0000   156780.0000   987196    0.24%
Elapsed time = 97.70 sec. (143130.43 ticks, tree = 966.59 MB, solutions = 23)

Cover cuts applied:  82
Gomory fractional cuts applied:  1

Root node processing (before b&c):
  Real time             =    0.33 sec. (386.60 ticks)
Sequential b&c:
  Real time             =   99.67 sec. (146233.02 ticks)
                          ------------
Total (root+branch&cut) =  100.00 sec. (146619.62 ticks)

Solution pool: 23 solutions saved.

MIP - Time limit exceeded, integer feasible:  Objective =  1.5715300000e+05
Current MIP best bound =  1.5678000000e+05 (gap = 373, 0.24%)
Solution time =  100.00 sec.  Iterations = 1014337  Nodes = 247365 (215224)
Deterministic time = 146619.63 ticks  (1466.19 ticks/sec)


Incumbent solution written to file '/tmp/tmpToZADl.cplex.sol'.
