
Log started (V12.6.3.0) Sat Apr 21 08:06:00 2018

New value for default parallel thread count: 1

Problem '/tmp/tmpN4NmHT.pyomo.lp' read.
Read time = 0.08 sec. (8.05 ticks)

Problem name         : /tmp/tmpN4NmHT.pyomo.lp
Objective sense      : Minimize
Variables            :    3442  [Nneg: 1,  Binary: 3424,  General Integer: 17]
Objective nonzeros   :       1
Linear constraints   :     463  [Less: 230,  Equal: 233]
  Nonzeros           :  594627
  RHS nonzeros       :     429

Variables            : Min LB: 0.000000         Max UB: 1.000000       
Objective nonzeros   : Min   : 1.000000         Max   : 1.000000       
Linear constraints   :
  Nonzeros           : Min   : 1.000000         Max   : 19973.00       
  RHS nonzeros       : Min   : 1.000000         Max   : 22.00000       
Tried aggregator 2 times.
MIP Presolve eliminated 220 rows and 535 columns.
Aggregator did 22 substitutions.
Reduced MIP has 221 rows, 2885 columns, and 8057 nonzeros.
Reduced MIP has 2884 binaries, 1 generals, 0 SOSs, and 0 indicators.
Presolve time = 0.10 sec. (94.42 ticks)
Found incumbent of value 2194918.000000 after 0.12 sec. (117.83 ticks)
Tried aggregator 1 time.
Reduced MIP has 221 rows, 2885 columns, and 8057 nonzeros.
Reduced MIP has 2884 binaries, 1 generals, 0 SOSs, and 0 indicators.
Presolve time = 0.00 sec. (3.49 ticks)
Probing time = 0.00 sec. (2.04 ticks)
Clique table members: 206.
MIP emphasis: balance optimality and feasibility.
MIP search method: dynamic search.
Parallel mode: none, using 1 thread.
Root relaxation solution time = 0.00 sec. (6.68 ticks)

        Nodes                                         Cuts/
   Node  Left     Objective  IInf  Best Integer    Best Bound    ItCnt     Gap

*     0+    0                      2194918.0000        0.0000           100.00%
      0     0   156779.8571    25  2194918.0000   156779.8571      112   92.86%
*     0+    0                       164789.0000   156779.8571             4.86%
      0     0   156780.0000    28   164789.0000      Fract: 8      141    4.86%
*     0+    0                       164410.0000   156780.0000             4.64%
      0     0   156780.0000    33   164410.0000      Cuts: 22      197    4.64%
*     0+    0                       160588.0000   156780.0000             2.37%
*     0+    0                       160305.0000   156780.0000             2.20%
*     0+    0                       160039.0000   156780.0000             2.04%
*     0+    0                       159388.0000   156780.0000             1.64%
*     0+    0                       159021.0000   156780.0000             1.41%
*     0+    0                       158727.0000   156780.0000             1.23%
*     0+    0                       158147.0000   156780.0000             0.86%
      0     2   156780.0000    21   158147.0000   156780.0000      197    0.86%
Elapsed time = 0.32 sec. (375.66 ticks, tree = 0.01 MB, solutions = 10)
    241   232   156780.0000    23   158147.0000   156780.0000     2223    0.86%
    242   233   156780.0000    22   158147.0000   156780.0000     2227    0.86%
    243   234   156780.0000    24   158147.0000   156780.0000     2232    0.86%
    244   233   157555.0450    18   158147.0000   156780.0000     2240    0.86%
    245   234   156780.0000    23   158147.0000   156780.0000     2250    0.86%
    246   233        cutoff         158147.0000   156780.0000     2258    0.86%
    247   234   156780.0000    22   158147.0000   156780.0000     2265    0.86%
    248   233        cutoff         158147.0000   156780.0000     2273    0.86%
    249   234   156780.0000    22   158147.0000   156780.0000     2281    0.86%
*   496+  445                       158110.0000   156780.0000             0.84%
*   496+  445                       157898.0000   156780.0000             0.71%
*   497+  445                       157782.0000   156780.0000             0.64%
*   497+  445                       157724.0000   156780.0000             0.60%
    498   448   156780.0000    21   157724.0000   156780.0000     4183    0.60%
Elapsed time = 1.11 sec. (1459.58 ticks, tree = 1.86 MB, solutions = 14)
*   499+  298                       157625.0000   156780.0000             0.54%
    798   357   156780.0000    22   157625.0000   156780.0000     5943    0.54%
    799   357   156780.0000    22   157625.0000   156780.0000     5943    0.54%
    800   357   156780.0000    22   157625.0000   156780.0000     5944    0.54%
    801   357   156780.0000    22   157625.0000   156780.0000     5945    0.54%
    802   358   156780.0000    22   157625.0000   156780.0000     5946    0.54%
    803   356        cutoff         157625.0000   156780.0000     5951    0.54%
    804   356   156780.0000    23   157625.0000   156780.0000     5954    0.54%
    805   354        cutoff         157625.0000   156780.0000     5959    0.54%
    806   352        cutoff         157625.0000   156780.0000     5988    0.54%
    807   352   156780.0000    23   157625.0000   156780.0000     6003    0.54%
Elapsed time = 1.77 sec. (2436.17 ticks, tree = 1.44 MB, solutions = 15)
   1379   660   156780.0000    21   157625.0000   156780.0000     8765    0.54%
   1380   661   156780.0000    21   157625.0000   156780.0000     8766    0.54%
   1381   662   156780.0000    21   157625.0000   156780.0000     8767    0.54%
   1382   663   156780.0000    21   157625.0000   156780.0000     8768    0.54%
   1383   664   156780.0000    21   157625.0000   156780.0000     8769    0.54%
   1384   665   156780.0000    21   157625.0000   156780.0000     8770    0.54%
   1385   666   156780.0000    21   157625.0000   156780.0000     8771    0.54%
   1386   667   156780.0000    23   157625.0000   156780.0000     8775    0.54%
   1387   668   156780.0000    23   157625.0000   156780.0000     8776    0.54%
   1388   669   156780.0000    23   157625.0000   156780.0000     8777    0.54%
Elapsed time = 2.46 sec. (3394.69 ticks, tree = 2.78 MB, solutions = 15)
*  1798+  974                       157542.0000   156780.0000             0.48%
   2223  1315   156780.0000    27   157542.0000   156780.0000    12268    0.48%
   2224  1316   156780.0000    26   157542.0000   156780.0000    12269    0.48%
   2225  1317   156780.0000    25   157542.0000   156780.0000    12272    0.48%
   2226  1318   156780.0000    25   157542.0000   156780.0000    12274    0.48%
   2227  1319   156780.0000    25   157542.0000   156780.0000    12275    0.48%
   2228  1320   156780.0000    24   157542.0000   156780.0000    12279    0.48%
   2229  1321   156780.0000    24   157542.0000   156780.0000    12280    0.48%
   2230  1322   156780.0000    26   157542.0000   156780.0000    12285    0.48%
   2231  1323   156780.0000    26   157542.0000   156780.0000    12289    0.48%
   2232  1324   156780.0000    25   157542.0000   156780.0000    12291    0.48%
Elapsed time = 3.17 sec. (4356.51 ticks, tree = 5.58 MB, solutions = 16)
   3634  2509   156780.0000    22   157542.0000   156780.0000    17874    0.48%
   3635  2510   156780.0000    21   157542.0000   156780.0000    17879    0.48%
   3636  2511   156780.0000    21   157542.0000   156780.0000    17881    0.48%
   3637  2512   156780.0000    21   157542.0000   156780.0000    17882    0.48%
   3638  2513   156780.0000    21   157542.0000   156780.0000    17883    0.48%
   3639  2514   156780.0000    21   157542.0000   156780.0000    17886    0.48%
   3640  2515   156780.0000    21   157542.0000   156780.0000    17887    0.48%
   3641  2516   156780.0000    21   157542.0000   156780.0000    17889    0.48%
   3642  2517   156780.0000    21   157542.0000   156780.0000    17891    0.48%
   3643  2518   156780.0000    21   157542.0000   156780.0000    17894    0.48%
Elapsed time = 3.80 sec. (5315.96 ticks, tree = 10.78 MB, solutions = 16)
   5200  3929   156780.0000    21   157542.0000   156780.0000    23169    0.48%
   5201  3930   156780.0000    22   157542.0000   156780.0000    23178    0.48%
   5202  3931   156780.0000    22   157542.0000   156780.0000    23179    0.48%
   5203  3932   156780.0000    22   157542.0000   156780.0000    23182    0.48%
   5204  3933   156780.0000    22   157542.0000   156780.0000    23183    0.48%
   5205  3934   156780.0000    23   157542.0000   156780.0000    23187    0.48%
   5206  3935   156780.0000    23   157542.0000   156780.0000    23190    0.48%
   5207  3936   156780.0000    23   157542.0000   156780.0000    23191    0.48%
   5208  3937   156780.0000    24   157542.0000   156780.0000    23195    0.48%
   5209  3938   156780.0000    24   157542.0000   156780.0000    23196    0.48%
Elapsed time = 4.44 sec. (6279.03 ticks, tree = 17.00 MB, solutions = 16)
   7222  5692   156780.0000    22   157542.0000   156780.0000    29808    0.48%
   7223  5693   156780.0000    22   157542.0000   156780.0000    29813    0.48%
   7224  5694   156780.0000    23   157542.0000   156780.0000    29822    0.48%
   7225  5695   156780.0000    22   157542.0000   156780.0000    29824    0.48%
   7226  5696   156780.0000    21   157542.0000   156780.0000    29831    0.48%
   7227  5697   156780.0000    21   157542.0000   156780.0000    29834    0.48%
   7228  5698   156780.0000    21   157542.0000   156780.0000    29836    0.48%
   7229  5699   156780.0000    21   157542.0000   156780.0000    29837    0.48%
   7230  5700   156780.0000    23   157542.0000   156780.0000    29840    0.48%
   7231  5701   156780.0000    21   157542.0000   156780.0000    29845    0.48%
Elapsed time = 5.08 sec. (7239.30 ticks, tree = 24.86 MB, solutions = 16)
   9268  7518   156780.0000    23   157542.0000   156780.0000    36148    0.48%
   9269  7519   156780.0000    26   157542.0000   156780.0000    36157    0.48%
   9270  7520   156780.0000    25   157542.0000   156780.0000    36158    0.48%
   9271  7521   156780.0000    25   157542.0000   156780.0000    36161    0.48%
   9272  7522   156780.0000    25   157542.0000   156780.0000    36162    0.48%
   9273  7523   156780.0000    25   157542.0000   156780.0000    36163    0.48%
   9274  7524   156780.0000    25   157542.0000   156780.0000    36164    0.48%
   9275  7525   156780.0000    22   157542.0000   156780.0000    36177    0.48%
   9276  7526   156780.0000    25   157542.0000   156780.0000    36179    0.48%
   9277  7527   156780.0000    22   157542.0000   156780.0000    36184    0.48%
Elapsed time = 5.72 sec. (8196.84 ticks, tree = 32.82 MB, solutions = 16)
  10398  8552   156780.0000    21   157542.0000   156780.0000    40364    0.48%
  10399  8553   156780.0000    22   157542.0000   156780.0000    40383    0.48%
  10400  8554   156780.0000    23   157542.0000   156780.0000    40401    0.48%
  10401  8555   156780.0000    22   157542.0000   156780.0000    40402    0.48%
  10402  8556   156780.0000    24   157542.0000   156780.0000    40405    0.48%
  10403  8557   156780.0000    24   157542.0000   156780.0000    40406    0.48%
  10404  8558   156780.0000    23   157542.0000   156780.0000    40410    0.48%
  10405  8559   156780.0000    23   157542.0000   156780.0000    40411    0.48%
  10406  8560   156780.0000    23   157542.0000   156780.0000    40414    0.48%
  10407  8561   156780.0000    23   157542.0000   156780.0000    40415    0.48%
Elapsed time = 6.60 sec. (9426.61 ticks, tree = 37.65 MB, solutions = 16)
  12453 10470   156780.0000    21   157542.0000   156780.0000    47051    0.48%
  12454 10471   156780.0000    22   157542.0000   156780.0000    47052    0.48%
  12455 10472   156780.0000    22   157542.0000   156780.0000    47056    0.48%
  12456 10473   156780.0000    21   157542.0000   156780.0000    47060    0.48%
  12457 10474   156780.0000    21   157542.0000   156780.0000    47063    0.48%
  12458 10475   156780.0000    22   157542.0000   156780.0000    47065    0.48%
  12459 10476   156780.0000    22   157542.0000   156780.0000    47070    0.48%
  12460 10477   156780.0000    22   157542.0000   156780.0000    47073    0.48%
  12461 10478   156780.0000    23   157542.0000   156780.0000    47075    0.48%
  18623 16217   156780.0000    21   157542.0000   156780.0000    67007    0.48%
Elapsed time = 9.17 sec. (13241.77 ticks, tree = 71.78 MB, solutions = 16)
  26840 23665   156818.0000    24   157542.0000   156780.0000    95187    0.48%
  26841 23664        cutoff         157542.0000   156780.0000    95190    0.48%
  26842 23663    infeasible         157542.0000   156780.0000    95190    0.48%
  26843 23664   156780.0000    29   157542.0000   156780.0000    95217    0.48%
  26844 23665   156780.0000    29   157542.0000   156780.0000    95220    0.48%
  26845 23666   156780.0000    27   157542.0000   156780.0000    95223    0.48%
  26846 23667   156780.0000    27   157542.0000   156780.0000    95225    0.48%
  26847 23666        cutoff         157542.0000   156780.0000    95238    0.48%
  26848 23667   156780.0000    27   157542.0000   156780.0000    95240    0.48%
  26849 23668   156780.0000    27   157542.0000   156780.0000    95241    0.48%
Elapsed time = 11.76 sec. (17066.12 ticks, tree = 105.53 MB, solutions = 16)
  34569 30363   156780.0000    25   157542.0000   156780.0000   124484    0.48%
  34570 30364   156780.0000    24   157542.0000   156780.0000   124485    0.48%
  34571 30365   156780.0000    24   157542.0000   156780.0000   124490    0.48%
  34572 30366   156780.0000    24   157542.0000   156780.0000   124493    0.48%
  34573 30367   156780.0000    24   157542.0000   156780.0000   124495    0.48%
  34574 30368   156780.0000    27   157542.0000   156780.0000   124500    0.48%
  34575 30369   156780.0000    26   157542.0000   156780.0000   124502    0.48%
  34576 30370   156780.0000    26   157542.0000   156780.0000   124504    0.48%
  34577 30371   156780.0000    26   157542.0000   156780.0000   124505    0.48%
  34578 30372   156780.0000    26   157542.0000   156780.0000   124506    0.48%
Elapsed time = 14.33 sec. (20884.73 ticks, tree = 135.70 MB, solutions = 16)
  41640 36732   156780.0000    22   157542.0000   156780.0000   152767    0.48%
  41641 36733   156780.0000    23   157542.0000   156780.0000   152769    0.48%
  41642 36734   156780.0000    23   157542.0000   156780.0000   152770    0.48%
  41643 36735   156780.0000    23   157542.0000   156780.0000   152771    0.48%
  41644 36736   156780.0000    22   157542.0000   156780.0000   152773    0.48%
  41645 36737   156780.0000    22   157542.0000   156780.0000   152774    0.48%
  41646 36738   156780.0000    24   157542.0000   156780.0000   152791    0.48%
  41647 36739   156780.0000    24   157542.0000   156780.0000   152796    0.48%
  41648 36740   156780.0000    24   157542.0000   156780.0000   152799    0.48%
  41649 36741   156780.0000    24   157542.0000   156780.0000   152802    0.48%
Elapsed time = 16.90 sec. (24703.70 ticks, tree = 165.77 MB, solutions = 16)
  49081 43602   156780.0000    26   157542.0000   156780.0000   182519    0.48%
  49082 43603   156780.0000    28   157542.0000   156780.0000   182520    0.48%
  49083 43604   156780.0000    28   157542.0000   156780.0000   182522    0.48%
  49084 43605   156780.0000    27   157542.0000   156780.0000   182524    0.48%
  49085 43606   156780.0000    28   157542.0000   156780.0000   182525    0.48%
  49086 43607   156780.0000    28   157542.0000   156780.0000   182526    0.48%
  49087 43608   156780.0000    27   157542.0000   156780.0000   182527    0.48%
  49088 43609   156780.0000    28   157542.0000   156780.0000   182530    0.48%
  49089 43610   156780.0000    29   157542.0000   156780.0000   182536    0.48%
  49090 43611   156780.0000    29   157542.0000   156780.0000   182537    0.48%
Elapsed time = 19.49 sec. (28522.72 ticks, tree = 197.29 MB, solutions = 16)
  55512 49320   156780.0000    25   157542.0000   156780.0000   208118    0.48%
  55513 49321   156780.0000    26   157542.0000   156780.0000   208122    0.48%
  55514 49322   156780.0000    24   157542.0000   156780.0000   208128    0.48%
  55515 49322   156780.0000    26   157542.0000   156780.0000   208134    0.48%
  55516 49323   156780.0000    24   157542.0000   156780.0000   208136    0.48%
  55517 49324   156780.0000    24   157542.0000   156780.0000   208138    0.48%
  55518 49325   156780.0000    23   157542.0000   156780.0000   208140    0.48%
  55519 49324        cutoff         157542.0000   156780.0000   208162    0.48%
  55520 49323        cutoff         157542.0000   156780.0000   208179    0.48%
  55521 49322        cutoff         157542.0000   156780.0000   208182    0.48%
Elapsed time = 22.09 sec. (32343.91 ticks, tree = 224.00 MB, solutions = 16)
  61577 54559   156780.0000    25   157542.0000   156780.0000   234269    0.48%
  61578 54560   156780.0000    27   157542.0000   156780.0000   234276    0.48%
  61579 54561   156780.0000    25   157542.0000   156780.0000   234281    0.48%
  61580 54562   156780.0000    26   157542.0000   156780.0000   234286    0.48%
  61581 54563   156780.0000    27   157542.0000   156780.0000   234292    0.48%
  61582 54562        cutoff         157542.0000   156780.0000   234303    0.48%
  61583 54563   156780.0000    27   157542.0000   156780.0000   234304    0.48%
  61584 54564   156780.0000    26   157542.0000   156780.0000   234305    0.48%
  61585 54565   156780.0000    27   157542.0000   156780.0000   234309    0.48%
  61586 54566   156780.0000    25   157542.0000   156780.0000   234314    0.48%
Elapsed time = 24.66 sec. (36164.08 ticks, tree = 248.62 MB, solutions = 16)
  67706 59767   156780.0000    30   157542.0000   156780.0000   262877    0.48%
  67707 59768   156780.0000    26   157542.0000   156780.0000   262880    0.48%
  67708 59769   156780.0000    23   157542.0000   156780.0000   262885    0.48%
  67709 59770   156780.0000    25   157542.0000   156780.0000   262888    0.48%
  67710 59771   156780.0000    25   157542.0000   156780.0000   262889    0.48%
  67711 59772   156780.0000    27   157542.0000   156780.0000   262901    0.48%
  67712 59773   156780.0000    26   157542.0000   156780.0000   262907    0.48%
  67713 59774   156780.0000    25   157542.0000   156780.0000   262913    0.48%
  67714 59775   156780.0000    25   157542.0000   156780.0000   262914    0.48%
  67715 59776   156780.0000    24   157542.0000   156780.0000   262918    0.48%
Elapsed time = 27.28 sec. (39983.71 ticks, tree = 273.75 MB, solutions = 16)
  74341 65732   156780.0000    25   157542.0000   156780.0000   290981    0.48%
  74342 65733   156780.0000    28   157542.0000   156780.0000   290986    0.48%
  74343 65734   156780.0000    27   157542.0000   156780.0000   291000    0.48%
  74344 65735   156780.0000    28   157542.0000   156780.0000   291004    0.48%
  74345 65736   156780.0000    26   157542.0000   156780.0000   291007    0.48%
  74346 65737   156780.0000    27   157542.0000   156780.0000   291012    0.48%
  74347 65738   156780.0000    27   157542.0000   156780.0000   291013    0.48%
  74348 65739   156780.0000    27   157542.0000   156780.0000   291016    0.48%
  74349 65740   156780.0000    27   157542.0000   156780.0000   291018    0.48%
  74350 65741   156780.0000    27   157542.0000   156780.0000   291022    0.48%
Elapsed time = 29.90 sec. (43803.45 ticks, tree = 304.73 MB, solutions = 16)
  80908 71707   156780.0000    29   157542.0000   156780.0000   319814    0.48%
  80909 71708   156780.0000    26   157542.0000   156780.0000   319820    0.48%
  80910 71709   156780.0000    27   157542.0000   156780.0000   319824    0.48%
  80911 71710   156780.0000    29   157542.0000   156780.0000   319838    0.48%
  80912 71711   156780.0000    29   157542.0000   156780.0000   319839    0.48%
  80913 71712   156780.0000    27   157542.0000   156780.0000   319843    0.48%
  80914 71713   156780.0000    25   157542.0000   156780.0000   319855    0.48%
  80915 71714   156780.0000    24   157542.0000   156780.0000   319859    0.48%
  80916 71715   156780.0000    27   157542.0000   156780.0000   319865    0.48%
  80917 71716   156780.0000    24   157542.0000   156780.0000   319876    0.48%
Elapsed time = 32.50 sec. (47625.09 ticks, tree = 333.82 MB, solutions = 16)
  87488 77585   156780.0000    25   157542.0000   156780.0000   346442    0.48%
  87489 77586   156780.0000    23   157542.0000   156780.0000   346443    0.48%
  87490 77587   156780.0000    25   157542.0000   156780.0000   346445    0.48%
  87491 77588   156780.0000    23   157542.0000   156780.0000   346447    0.48%
  87492 77589   156780.0000    23   157542.0000   156780.0000   346451    0.48%
  87493 77589   156780.0000    25   157542.0000   156780.0000   346462    0.48%
  87494 77590   156780.0000    25   157542.0000   156780.0000   346464    0.48%
  87495 77590   156780.0000    27   157542.0000   156780.0000   346466    0.48%
  87496 77590   156780.0000    27   157542.0000   156780.0000   346468    0.48%
  87497 77590   156780.0000    27   157542.0000   156780.0000   346469    0.48%
Elapsed time = 35.08 sec. (51447.44 ticks, tree = 362.67 MB, solutions = 16)
  93583 82949   156780.0000    31   157542.0000   156780.0000   374385    0.48%
  93584 82950   156780.0000    31   157542.0000   156780.0000   374386    0.48%
  93585 82951   156780.0000    31   157542.0000   156780.0000   374387    0.48%
  93586 82952   156780.0000    31   157542.0000   156780.0000   374400    0.48%
  93587 82953   156780.0000    31   157542.0000   156780.0000   374402    0.48%
  93588 82954   156780.0000    25   157542.0000   156780.0000   374421    0.48%
  93589 82955   156780.0000    25   157542.0000   156780.0000   374426    0.48%
  93590 82956   156780.0000    26   157542.0000   156780.0000   374435    0.48%
  93591 82957   156780.0000    26   157542.0000   156780.0000   374438    0.48%
  93592 82958   156780.0000    22   157542.0000   156780.0000   374441    0.48%
Elapsed time = 37.67 sec. (55273.34 ticks, tree = 389.79 MB, solutions = 16)
 100081 89035   156780.0000    27   157542.0000   156780.0000   403592    0.48%
 100082 89036   156780.0000    27   157542.0000   156780.0000   403593    0.48%
 100083 89037   156780.0000    28   157542.0000   156780.0000   403594    0.48%
 100084 89038   156780.0000    28   157542.0000   156780.0000   403595    0.48%
 100085 89039   156780.0000    28   157542.0000   156780.0000   403596    0.48%
 100086 89040   156780.0000    28   157542.0000   156780.0000   403597    0.48%
 100087 89041   156780.0000    27   157542.0000   156780.0000   403599    0.48%
 100088 89042   156780.0000    28   157542.0000   156780.0000   403604    0.48%
 100089 89043   156780.0000    28   157542.0000   156780.0000   403605    0.48%
 100090 89044   156780.0000    28   157542.0000   156780.0000   403606    0.48%
Elapsed time = 40.29 sec. (59091.75 ticks, tree = 421.18 MB, solutions = 16)
 106228 94627   156780.0000    21   157542.0000   156780.0000   434512    0.48%
 106229 94628   156780.0000    21   157542.0000   156780.0000   434513    0.48%
 106230 94629   156780.0000    21   157542.0000   156780.0000   434543    0.48%
 106231 94630   156780.0000    21   157542.0000   156780.0000   434544    0.48%
 106232 94629        cutoff         157542.0000   156780.0000   434555    0.48%
 106233 94630   156780.0000    21   157542.0000   156780.0000   434557    0.48%
 106234 94631   156780.0000    21   157542.0000   156780.0000   434559    0.48%
 106235 94632   156780.0000    21   157542.0000   156780.0000   434560    0.48%
 106236 94633   156780.0000    21   157542.0000   156780.0000   434561    0.48%
 106237 94634   156780.0000    21   157542.0000   156780.0000   434572    0.48%
Elapsed time = 43.02 sec. (62912.41 ticks, tree = 450.01 MB, solutions = 16)
 112136 99885   156960.0000    17   157542.0000   156780.0000   463980    0.48%
 112137 99886   157067.0000    14   157542.0000   156780.0000   463986    0.48%
 112138 99886   157258.0000    12   157542.0000   156780.0000   463990    0.48%
 112139 99887   157258.0000    13   157542.0000   156780.0000   463994    0.48%
 112140 99888   157258.0000    13   157542.0000   156780.0000   463995    0.48%
 112141 99887        cutoff         157542.0000   156780.0000   463997    0.48%
 112142 99886    infeasible         157542.0000   156780.0000   463997    0.48%
 112143 99887   156780.0000    30   157542.0000   156780.0000   464033    0.48%
 112144 99888   156780.0000    28   157542.0000   156780.0000   464036    0.48%
 112145 99889   156780.0000    28   157542.0000   156780.0000   464054    0.48%
Elapsed time = 45.64 sec. (66738.98 ticks, tree = 477.58 MB, solutions = 16)
 118155 105299   157204.0000    13   157542.0000   156780.0000   493985    0.48%
 118156 105299   157256.0981    17   157542.0000   156780.0000   493994    0.48%
 118157 105300   157256.0981    17   157542.0000   156780.0000   493996    0.48%
 118158 105301   157256.0981    16   157542.0000   156780.0000   494000    0.48%
 118159 105302   157256.0981    18   157542.0000   156780.0000   494003    0.48%
 118160 105303   157258.0000    14   157542.0000   156780.0000   494016    0.48%
 118161 105304   157258.0000    14   157542.0000   156780.0000   494020    0.48%
 118162 105305   157258.0000    13   157542.0000   156780.0000   494021    0.48%
 118163 105306   157258.0000    12   157542.0000   156780.0000   494023    0.48%
 118164 105307   157258.0000    18   157542.0000   156780.0000   494036    0.48%
Elapsed time = 48.23 sec. (70561.60 ticks, tree = 506.18 MB, solutions = 16)
 124174 110623   157284.5687    24   157542.0000   156780.0000   523313    0.48%
 124175 110622        cutoff         157542.0000   156780.0000   523314    0.48%
 124176 110622   156811.1829    26   157542.0000   156780.0000   523369    0.48%
 124177 110621        cutoff         157542.0000   156780.0000   523371    0.48%
 124178 110622   156780.0000    27   157542.0000   156780.0000   523395    0.48%
 124179 110623   156780.0000    27   157542.0000   156780.0000   523396    0.48%
 124180 110624   156780.0000    28   157542.0000   156780.0000   523407    0.48%
 124181 110625   156780.0000    25   157542.0000   156780.0000   523413    0.48%
 124182 110626   156780.0000    25   157542.0000   156780.0000   523415    0.48%
 124183 110627   156780.0000    25   157542.0000   156780.0000   523416    0.48%
Elapsed time = 50.81 sec. (74392.07 ticks, tree = 534.77 MB, solutions = 16)
*128998+115021                       157533.0000   156780.0000             0.48%
 130036 115924   157325.0000    10   157533.0000   156780.0000   552416    0.48%
 130037 115925   157325.0000    11   157533.0000   156780.0000   552420    0.48%
 130038 115926   157325.0000    11   157533.0000   156780.0000   552421    0.48%
 130039 115927   157325.0000    12   157533.0000   156780.0000   552423    0.48%
 130040 115928   157325.0000     7   157533.0000   156780.0000   552432    0.48%
 130041 115929   157325.0000     8   157533.0000   156780.0000   552435    0.48%
 130042 115930   157325.0000     8   157533.0000   156780.0000   552436    0.48%
 130043 115931   157325.0000     6   157533.0000   156780.0000   552438    0.48%
 130044 115931   157325.0000    11   157533.0000   156780.0000   552446    0.48%
 130045 115931   157325.0000    11   157533.0000   156780.0000   552447    0.48%
Elapsed time = 53.43 sec. (78212.14 ticks, tree = 563.26 MB, solutions = 17)
 134741 119838   156780.0000    31   157533.0000   156780.0000   581555    0.48%
 134742 119839   156780.0000    26   157533.0000   156780.0000   581560    0.48%
 134743 119840   156780.0000    28   157533.0000   156780.0000   581567    0.48%
 134744 119841   156780.0000    28   157533.0000   156780.0000   581579    0.48%
 134745 119842   156780.0000    29   157533.0000   156780.0000   581583    0.48%
 134746 119843   156780.0000    29   157533.0000   156780.0000   581585    0.48%
 134747 119844   156780.0000    37   157533.0000   156780.0000   581607    0.48%
 134748 119845   156780.0000    36   157533.0000   156780.0000   581609    0.48%
 134749 119846   156780.0000    34   157533.0000   156780.0000   581613    0.48%
 134750 119847   156780.0000    30   157533.0000   156780.0000   581621    0.48%
Elapsed time = 56.02 sec. (82035.65 ticks, tree = 585.42 MB, solutions = 17)
 139319 123900   156780.0000    29   157533.0000   156780.0000   612803    0.48%
 139320 123901   156780.0000    32   157533.0000   156780.0000   612818    0.48%
 139321 123902   156780.0000    30   157533.0000   156780.0000   612820    0.48%
 139322 123903   156780.0000    32   157533.0000   156780.0000   612826    0.48%
 139323 123904   156780.0000    34   157533.0000   156780.0000   612830    0.48%
 139324 123905   156780.0000    33   157533.0000   156780.0000   612836    0.48%
 139325 123906   156780.0000    29   157533.0000   156780.0000   612842    0.48%
 139326 123907   156780.0000    33   157533.0000   156780.0000   612856    0.48%
 139327 123908   156780.0000    31   157533.0000   156780.0000   612858    0.48%
 139328 123909   156780.0000    30   157533.0000   156780.0000   612860    0.48%
Elapsed time = 58.57 sec. (85856.52 ticks, tree = 609.67 MB, solutions = 17)
 143889 127848   156780.0000    34   157533.0000   156780.0000   641890    0.48%
 143890 127849   156780.0000    31   157533.0000   156780.0000   641894    0.48%
 143891 127850   156780.0000    33   157533.0000   156780.0000   641901    0.48%
 143892 127851   156780.0000    32   157533.0000   156780.0000   641904    0.48%
 143893 127852   156780.0000    35   157533.0000   156780.0000   641921    0.48%
 143894 127853   156780.0000    31   157533.0000   156780.0000   641924    0.48%
 143895 127854   156780.0000    29   157533.0000   156780.0000   641926    0.48%
 143896 127855   156780.0000    32   157533.0000   156780.0000   641937    0.48%
 143897 127856   156780.0000    33   157533.0000   156780.0000   641943    0.48%
 143898 127857   156780.0000    31   157533.0000   156780.0000   641944    0.48%
Elapsed time = 61.08 sec. (89688.62 ticks, tree = 633.36 MB, solutions = 17)
 147722 131084   156780.0000    36   157533.0000   156780.0000   675693    0.48%
 147723 131085   156780.0000    35   157533.0000   156780.0000   675720    0.48%
 147724 131086   156780.0000    34   157533.0000   156780.0000   675722    0.48%
 147725 131087   156780.0000    34   157533.0000   156780.0000   675752    0.48%
 147726 131088   156780.0000    34   157533.0000   156780.0000   675769    0.48%
 147727 131089   156780.0000    34   157533.0000   156780.0000   675770    0.48%
 147728 131090   156780.0000    31   157533.0000   156780.0000   675777    0.48%
 147729 131091   156780.0000    34   157533.0000   156780.0000   675790    0.48%
 147730 131092   156780.0000    34   157533.0000   156780.0000   675803    0.48%
 147731 131093   156780.0000    32   157533.0000   156780.0000   675804    0.48%
Elapsed time = 63.58 sec. (93515.77 ticks, tree = 655.03 MB, solutions = 17)
 151338 134396   156780.0000    40   157533.0000   156780.0000   706608    0.48%
 151339 134397   156780.0000    36   157533.0000   156780.0000   706639    0.48%
 151340 134398   156780.0000    37   157533.0000   156780.0000   706660    0.48%
 151341 134398   156972.5877    28   157533.0000   156780.0000   706701    0.48%
 151342 134398   156972.5877    25   157533.0000   156780.0000   706702    0.48%
 151343 134397        cutoff         157533.0000   156780.0000   706704    0.48%
 151344 134397   157251.7868    34   157533.0000   156780.0000   706845    0.48%
 151345 134397   157253.0000    34   157533.0000   156780.0000   706846    0.48%
 151346 134398   157253.0000    31   157533.0000   156780.0000   706847    0.48%
 151347 134399   157253.0000    30   157533.0000   156780.0000   706850    0.48%
Elapsed time = 66.08 sec. (97355.31 ticks, tree = 676.79 MB, solutions = 17)
*153866 134798      integral     0   157455.0000   156780.0000   721636    0.43%
 155288 136024   156780.0000    20   157455.0000   156780.0000   726097    0.43%
 155289 136025   156780.0000    21   157455.0000   156780.0000   726099    0.43%
 155290 136026   156780.0000    23   157455.0000   156780.0000   726101    0.43%
 155291 136027   156780.0000    21   157455.0000   156780.0000   726103    0.43%
 155292 136028   156780.0000    23   157455.0000   156780.0000   726105    0.43%
 155293 136029   156780.0000    21   157455.0000   156780.0000   726107    0.43%
 155294 136030   156780.0000    23   157455.0000   156780.0000   726109    0.43%
 155295 136031   156780.0000    21   157455.0000   156780.0000   726111    0.43%
 155296 136032   156780.0000    21   157455.0000   156780.0000   726113    0.43%
 155297 136033   156780.0000    23   157455.0000   156780.0000   726116    0.43%
Elapsed time = 68.42 sec. (101174.79 ticks, tree = 690.72 MB, solutions = 18)
*155398+135788                       157430.0000   156780.0000             0.41%
*155498+134987                       157385.0000   156780.0000             0.38%
*155898+134962                       157347.0000   156780.0000             0.36%
*155998+133445                       157292.0000   156780.0000             0.33%
*156098+131948                       157193.0000   156780.0000             0.26%
*156098+131782                       157174.0000   156780.0000             0.25%
*156098+131690                       157162.0000   156780.0000             0.24%
*156098+131412                       157143.0000   156780.0000             0.23%
*157498+131047                       157066.0000   156780.0000             0.18%
 159973 133380   156780.0000    21   157066.0000   156780.0000   741332    0.18%
 159974 133381   156780.0000    21   157066.0000   156780.0000   741334    0.18%
 159975 133382   156780.0000    20   157066.0000   156780.0000   741336    0.18%
 159976 133383   156780.0000    22   157066.0000   156780.0000   741340    0.18%
 159977 133384   156780.0000    20   157066.0000   156780.0000   741343    0.18%
 159978 133385   156780.0000    20   157066.0000   156780.0000   741345    0.18%
 159979 133386   156780.0000    20   157066.0000   156780.0000   741346    0.18%
 159980 133387   156780.0000    20   157066.0000   156780.0000   741347    0.18%
 159981 133388   156780.0000    20   157066.0000   156780.0000   741348    0.18%
 159982 133389   156780.0000    20   157066.0000   156780.0000   741350    0.18%
Elapsed time = 70.84 sec. (104994.38 ticks, tree = 683.37 MB, solutions = 27)
*163098+136078                       157058.0000   156780.0000             0.18%
 166127 138782   156780.0000    22   157058.0000   156780.0000   762534    0.18%
 166128 138783   156780.0000    22   157058.0000   156780.0000   762536    0.18%
 166129 138784   156780.0000    23   157058.0000   156780.0000   762539    0.18%
 166130 138785   156780.0000    23   157058.0000   156780.0000   762545    0.18%
 166131 138786   156780.0000    23   157058.0000   156780.0000   762546    0.18%
 166132 138787   156780.0000    23   157058.0000   156780.0000   762547    0.18%
 166133 138788   156780.0000    23   157058.0000   156780.0000   762548    0.18%
 166134 138789   156780.0000    23   157058.0000   156780.0000   762549    0.18%
 166135 138790   156780.0000    22   157058.0000   156780.0000   762550    0.18%
 166136 138791   156780.0000    23   157058.0000   156780.0000   762553    0.18%
Elapsed time = 73.16 sec. (108813.45 ticks, tree = 721.02 MB, solutions = 28)
*170198+142083                       157033.0000   156780.0000             0.16%
 170934 142630   156780.0000    25   157033.0000   156780.0000   785047    0.16%
 170935 142631   156780.0000    24   157033.0000   156780.0000   785055    0.16%
 170936 142632   156780.0000    24   157033.0000   156780.0000   785056    0.16%
 170937 142633   156780.0000    24   157033.0000   156780.0000   785077    0.16%
 170938 142634   156780.0000    23   157033.0000   156780.0000   785079    0.16%
 170939 142635   156780.0000    26   157033.0000   156780.0000   785095    0.16%
 170940 142636   156780.0000    24   157033.0000   156780.0000   785098    0.16%
 170941 142637   156780.0000    24   157033.0000   156780.0000   785099    0.16%
 170942 142638   156780.0000    25   157033.0000   156780.0000   785100    0.16%
 170943 142639   156780.0000    25   157033.0000   156780.0000   785101    0.16%
Elapsed time = 75.57 sec. (112639.61 ticks, tree = 747.78 MB, solutions = 29)
 176713 147649   156780.0000    23   157033.0000   156780.0000   815413    0.16%
 176714 147650   156780.0000    21   157033.0000   156780.0000   815415    0.16%
 176715 147651   156780.0000    25   157033.0000   156780.0000   815445    0.16%
 176716 147652   156780.0000    26   157033.0000   156780.0000   815474    0.16%
 176717 147653   156780.0000    25   157033.0000   156780.0000   815476    0.16%
 176718 147654   156780.0000    27   157033.0000   156780.0000   815478    0.16%
 176719 147655   156780.0000    27   157033.0000   156780.0000   815479    0.16%
 176720 147656   156780.0000    27   157033.0000   156780.0000   815486    0.16%
 176721 147657   156780.0000    23   157033.0000   156780.0000   815495    0.16%
 176722 147658   156780.0000    23   157033.0000   156780.0000   815497    0.16%
Elapsed time = 77.95 sec. (116461.31 ticks, tree = 782.30 MB, solutions = 29)
*181298+150380                       156995.0000   156780.0000             0.14%
 181802 150813   156780.0000    19   156995.0000   156780.0000   846910    0.14%
 181803 150814   156780.0000    20   156995.0000   156780.0000   846926    0.14%
 181804 150815   156780.0000    18   156995.0000   156780.0000   846928    0.14%
 181805 150816   156780.0000    23   156995.0000   156780.0000   846945    0.14%
 181806 150817   156780.0000    23   156995.0000   156780.0000   846947    0.14%
 181807 150818   156780.0000    23   156995.0000   156780.0000   846951    0.14%
 181808 150819   156780.0000    22   156995.0000   156780.0000   846955    0.14%
 181809 150820   156780.0000    25   156995.0000   156780.0000   846964    0.14%
 181810 150821   156780.0000    26   156995.0000   156780.0000   846967    0.14%
 181811 150822   156780.0000    21   156995.0000   156780.0000   846987    0.14%
Elapsed time = 80.43 sec. (120285.81 ticks, tree = 805.36 MB, solutions = 30)
 187218 155734   156780.0000    22   156995.0000   156780.0000   874427    0.14%
 187219 155735   156780.0000    21   156995.0000   156780.0000   874429    0.14%
 187220 155736   156780.0000    23   156995.0000   156780.0000   874432    0.14%
 187221 155737   156780.0000    21   156995.0000   156780.0000   874433    0.14%
 187222 155738   156780.0000    21   156995.0000   156780.0000   874434    0.14%
 187223 155739   156780.0000    23   156995.0000   156780.0000   874440    0.14%
 187224 155740   156780.0000    21   156995.0000   156780.0000   874443    0.14%
 187225 155741   156780.0000    21   156995.0000   156780.0000   874446    0.14%
 187226 155742   156780.0000    20   156995.0000   156780.0000   874450    0.14%
 187227 155743   156780.0000    23   156995.0000   156780.0000   874454    0.14%
Elapsed time = 82.77 sec. (124104.54 ticks, tree = 839.12 MB, solutions = 30)
 193198 160968   156780.1615    25   156995.0000   156780.0000   901346    0.14%
 193199 160969   156780.1615    25   156995.0000   156780.0000   901347    0.14%
 193200 160970   156780.1615    23   156995.0000   156780.0000   901357    0.14%
 193201 160971   156780.1615    23   156995.0000   156780.0000   901359    0.14%
 193202 160972   156780.1660    22   156995.0000   156780.0000   901361    0.14%
 193203 160973   156780.1660    21   156995.0000   156780.0000   901381    0.14%
 193204 160974   156780.1660    21   156995.0000   156780.0000   901383    0.14%
 193205 160974   156780.1660    21   156995.0000   156780.0000   901388    0.14%
 193206 160975   156781.0000    20   156995.0000   156780.0000   901389    0.14%
 193207 160976   156781.0000    22   156995.0000   156780.0000   901403    0.14%
Elapsed time = 85.06 sec. (127925.93 ticks, tree = 876.92 MB, solutions = 30)
 199128 166107   156781.9237    25   156995.0000   156780.0000   929687    0.14%
 199129 166108   156795.3277    22   156995.0000   156780.0000   929699    0.14%
 199130 166109   156795.3277    23   156995.0000   156780.0000   929700    0.14%
 199131 166110   156795.3277    24   156995.0000   156780.0000   929701    0.14%
 199132 166111   156795.3277    25   156995.0000   156780.0000   929711    0.14%
 199133 166112   156795.3277    25   156995.0000   156780.0000   929716    0.14%
 199134 166113   156796.7787    25   156995.0000   156780.0000   929723    0.14%
 199135 166114   156797.1084    25   156995.0000   156780.0000   929724    0.14%
 199136 166115   156797.1084    24   156995.0000   156780.0000   929732    0.14%
 199137 166116   156797.5300    25   156995.0000   156780.0000   929733    0.14%
Elapsed time = 87.35 sec. (131745.90 ticks, tree = 913.03 MB, solutions = 30)
 204695 170659   156780.0000    21   156995.0000   156780.0000   958932    0.14%
 204696 170660   156780.0000    21   156995.0000   156780.0000   958934    0.14%
 204697 170661   156780.0000    21   156995.0000   156780.0000   958935    0.14%
 204698 170662   156780.0000    21   156995.0000   156780.0000   958937    0.14%
 204699 170663   156780.0000    21   156995.0000   156780.0000   958938    0.14%
 204700 170664   156780.0000    22   156995.0000   156780.0000   958943    0.14%
 204701 170665   156780.0000    21   156995.0000   156780.0000   958947    0.14%
 204702 170666   156780.0000    23   156995.0000   156780.0000   958952    0.14%
 204703 170667   156780.0000    22   156995.0000   156780.0000   958962    0.14%
 204704 170668   156780.0000    20   156995.0000   156780.0000   958963    0.14%
Elapsed time = 89.71 sec. (135566.65 ticks, tree = 945.04 MB, solutions = 30)
 206398 172137   156875.0000    14   156995.0000   156780.0000   967332    0.14%
 206399 172138   156875.0000    19   156995.0000   156780.0000   967338    0.14%
 206400 172139   156875.0000    18   156995.0000   156780.0000   967339    0.14%
 206401 172140   156875.0000    15   156995.0000   156780.0000   967341    0.14%
 206402 172141   156875.0000    17   156995.0000   156780.0000   967357    0.14%
 206403 172142   156875.0000    16   156995.0000   156780.0000   967364    0.14%
 206404 172143   156875.0000    18   156995.0000   156780.0000   967374    0.14%
 206405 172144   156875.0000    18   156995.0000   156780.0000   967376    0.14%
 206406 172145   156875.0000    14   156995.0000   156780.0000   967378    0.14%
 206407 172146   156875.0000    18   156995.0000   156780.0000   967381    0.14%
Elapsed time = 92.62 sec. (140029.93 ticks, tree = 955.42 MB, solutions = 30)
*209398+174084                       156979.0000   156780.0000             0.13%
 212855 177018   156826.8997    24   156979.0000   156780.0000   993766    0.13%
 212856 177019   156826.8997    24   156979.0000   156780.0000   993767    0.13%
 212857 177020   156826.8997    24   156979.0000   156780.0000   993768    0.13%
 212858 177021   156826.8997    24   156979.0000   156780.0000   993769    0.13%
 212859 177022   156826.8997    24   156979.0000   156780.0000   993770    0.13%
 212860 177023   156826.8997    24   156979.0000   156780.0000   993771    0.13%
 212861 177024   156826.8997    24   156979.0000   156780.0000   993772    0.13%
 212862 177025   156826.8997    24   156979.0000   156780.0000   993773    0.13%
 212863 177026   156827.2657    23   156979.0000   156780.0000   993775    0.13%
 212864 177027   156827.2657    24   156979.0000   156780.0000   993776    0.13%
Elapsed time = 94.98 sec. (143848.22 ticks, tree = 990.40 MB, solutions = 31)
 219150 182334   156875.8626    19   156979.0000   156780.0000  1023429    0.13%
 219151 182333        cutoff         156979.0000   156780.0000  1023431    0.13%
 219152 182332   156950.0009    17   156979.0000   156780.0000  1023434    0.13%
 219153 182333   156780.1939    25   156979.0000   156780.0000  1023468    0.13%
 219154 182334   156780.1939    25   156979.0000   156780.0000  1023469    0.13%
 219155 182335   156780.1939    25   156979.0000   156780.0000  1023470    0.13%
 219156 182336   156780.1939    25   156979.0000   156780.0000  1023471    0.13%
 219157 182337   156780.1939    25   156979.0000   156780.0000  1023472    0.13%
 219158 182338   156783.4825    24   156979.0000   156780.0000  1023482    0.13%
 219159 182339   156784.9426    23   156979.0000   156780.0000  1023487    0.13%
Elapsed time = 97.34 sec. (147668.96 ticks, tree = 1027.77 MB, solutions = 31)
 223887 186009   156915.0000    18   156979.0000   156780.0000  1047333    0.13%
 223888 186010   156915.0000    20   156979.0000   156780.0000  1047335    0.13%
 223889 186011   156915.0000    20   156979.0000   156780.0000  1047336    0.13%
 223890 186012   156915.0000    20   156979.0000   156780.0000  1047337    0.13%
 223891 186013   156915.0000    18   156979.0000   156780.0000  1047338    0.13%
 223892 186012        cutoff         156979.0000   156780.0000  1047343    0.13%
 223893 186011        cutoff         156979.0000   156780.0000  1047349    0.13%
 223894 186012   156780.0000    24   156979.0000   156780.0000  1047388    0.13%
 223895 186013   156780.0000    23   156979.0000   156780.0000  1047395    0.13%
 223896 186014   156780.0000    21   156979.0000   156780.0000  1047408    0.13%
Elapsed time = 99.72 sec. (151490.19 ticks, tree = 1053.60 MB, solutions = 31)

Cover cuts applied:  200
Mixed integer rounding cuts applied:  2
Gomory fractional cuts applied:  1

Root node processing (before b&c):
  Real time             =    0.32 sec. (376.20 ticks)
Sequential b&c:
  Real time             =   99.68 sec. (151621.15 ticks)
                          ------------
Total (root+branch&cut) =  100.00 sec. (151997.35 ticks)

Solution pool: 31 solutions saved.

MIP - Time limit exceeded, integer feasible:  Objective =  1.5697900000e+05
Current MIP best bound =  1.5678000000e+05 (gap = 199, 0.13%)
Solution time =  100.00 sec.  Iterations = 1051323  Nodes = 224673 (186697)
Deterministic time = 151997.36 ticks  (1519.96 ticks/sec)


Incumbent solution written to file '/tmp/tmpNNVv4B.cplex.sol'.
