
Log started (V12.6.3.0) Sat Apr 21 08:11:07 2018

New value for default parallel thread count: 1

Problem '/tmp/tmpQ4m2js.pyomo.lp' read.
Read time = 0.09 sec. (7.84 ticks)

Problem name         : /tmp/tmpQ4m2js.pyomo.lp
Objective sense      : Minimize
Variables            :    3442  [Nneg: 1,  Binary: 3424,  General Integer: 17]
Objective nonzeros   :       1
Linear constraints   :     463  [Less: 230,  Equal: 233]
  Nonzeros           :  578577
  RHS nonzeros       :     429

Variables            : Min LB: 0.000000         Max UB: 1.000000       
Objective nonzeros   : Min   : 1.000000         Max   : 1.000000       
Linear constraints   :
  Nonzeros           : Min   : 1.000000         Max   : 19973.00       
  RHS nonzeros       : Min   : 1.000000         Max   : 22.00000       
Tried aggregator 2 times.
MIP Presolve eliminated 223 rows and 538 columns.
Aggregator did 19 substitutions.
Reduced MIP has 221 rows, 2885 columns, and 8031 nonzeros.
Reduced MIP has 2884 binaries, 1 generals, 0 SOSs, and 0 indicators.
Presolve time = 0.09 sec. (92.05 ticks)
Found incumbent of value 2194918.000000 after 0.12 sec. (115.16 ticks)
Tried aggregator 1 time.
Reduced MIP has 221 rows, 2885 columns, and 8031 nonzeros.
Reduced MIP has 2884 binaries, 1 generals, 0 SOSs, and 0 indicators.
Presolve time = 0.00 sec. (3.49 ticks)
Probing time = 0.00 sec. (2.04 ticks)
Clique table members: 206.
MIP emphasis: balance optimality and feasibility.
MIP search method: dynamic search.
Parallel mode: none, using 1 thread.
Root relaxation solution time = 0.00 sec. (7.61 ticks)

        Nodes                                         Cuts/
   Node  Left     Objective  IInf  Best Integer    Best Bound    ItCnt     Gap

*     0+    0                      2194918.0000        0.0000           100.00%
      0     0   156779.8571    23  2194918.0000   156779.8571      130   92.86%
*     0+    0                       179984.0000   156779.8571            12.89%
      0     0   156780.0000    26   179984.0000      Fract: 8      159   12.89%
*     0+    0                       179086.0000   156780.0000            12.46%
      0     0   156780.0000    31   179086.0000      Cuts: 25      211   12.46%
*     0+    0                       161309.0000   156780.0000             2.81%
*     0+    0                       161208.0000   156780.0000             2.75%
*     0+    0                       160916.0000   156780.0000             2.57%
      0     2   156780.0000    29   160916.0000   156780.0000      211    2.57%
Elapsed time = 0.21 sec. (260.32 ticks, tree = 0.01 MB, solutions = 6)
*   140+  140                       160848.0000   156780.0000             2.53%
*   210+  210                       159523.0000   156780.0000             1.72%
    238   240   156780.0000    25   159523.0000   156780.0000     2335    1.72%
    239   241   156780.0000    27   159523.0000   156780.0000     2350    1.72%
    240   242   156780.0000    23   159523.0000   156780.0000     2373    1.72%
    241   243   156780.0000    24   159523.0000   156780.0000     2390    1.72%
    242   244   156780.0000    25   159523.0000   156780.0000     2406    1.72%
    243   245   156780.0000    25   159523.0000   156780.0000     2419    1.72%
    244   246   156892.4654    25   159523.0000   156780.0000     2453    1.72%
    245   247   156780.0000    23   159523.0000   156780.0000     2468    1.72%
    246   248   156780.0000    23   159523.0000   156780.0000     2469    1.72%
*   310+  296                       159334.0000   156780.0000             1.60%
*   310+  272                       158228.0000   156780.0000             0.92%
*   310+  272                       158201.0000   156780.0000             0.90%
*   310+  271                       158097.0000   156780.0000             0.83%
*   310+  268                       158016.0000   156780.0000             0.78%
*   310+  266                       157894.0000   156780.0000             0.71%
*   495+  425                       157585.0000   156780.0000             0.51%
    498   429   156780.0000    23   157585.0000   156780.0000     4276    0.51%
Elapsed time = 1.05 sec. (1379.65 ticks, tree = 1.83 MB, solutions = 15)
    798   469   156780.0000    21   157585.0000   156780.0000     6433    0.51%
    799   469   156780.0000    21   157585.0000   156780.0000     6434    0.51%
    800   470   156780.0000    22   157585.0000   156780.0000     6436    0.51%
    801   471   156780.0000    22   157585.0000   156780.0000     6440    0.51%
    802   472   156780.0000    22   157585.0000   156780.0000     6446    0.51%
    803   473   156780.0000    24   157585.0000   156780.0000     6453    0.51%
    804   473   156780.0000    24   157585.0000   156780.0000     6454    0.51%
    805   473   156780.0000    23   157585.0000   156780.0000     6459    0.51%
    806   473   156780.0000    22   157585.0000   156780.0000     6462    0.51%
    807   474   156780.0000    22   157585.0000   156780.0000     6467    0.51%
Elapsed time = 1.75 sec. (2415.74 ticks, tree = 1.97 MB, solutions = 15)
   1338   605   156780.0000    23   157585.0000   156780.0000     8985    0.51%
   1339   605   156780.0000    22   157585.0000   156780.0000     8991    0.51%
   1340   606   156780.0000    21   157585.0000   156780.0000     9001    0.51%
   1341   607   156780.0000    21   157585.0000   156780.0000     9002    0.51%
   1342   607   156780.0000    21   157585.0000   156780.0000     9003    0.51%
   1343   607   156780.0000    22   157585.0000   156780.0000     9008    0.51%
   1344   607   156780.0000    23   157585.0000   156780.0000     9025    0.51%
   1345   607   156780.0000    24   157585.0000   156780.0000     9033    0.51%
   1346   608   156780.0000    21   157585.0000   156780.0000     9039    0.51%
   1347   608   156780.0000    21   157585.0000   156780.0000     9040    0.51%
Elapsed time = 2.44 sec. (3375.12 ticks, tree = 2.51 MB, solutions = 15)
*  1398+  650                       157473.0000   156780.0000             0.44%
   2227  1331   156780.0000    25   157473.0000   156780.0000    13482    0.44%
   2228  1332   156780.0000    25   157473.0000   156780.0000    13483    0.44%
   2229  1333   156780.0000    26   157473.0000   156780.0000    13486    0.44%
   2230  1334   156780.0000    24   157473.0000   156780.0000    13493    0.44%
   2231  1335   156780.0000    27   157473.0000   156780.0000    13511    0.44%
   2232  1336   156780.0000    27   157473.0000   156780.0000    13514    0.44%
   2233  1337   156780.0000    27   157473.0000   156780.0000    13516    0.44%
   2234  1338   156780.0000    27   157473.0000   156780.0000    13517    0.44%
   2235  1339   156780.0000    27   157473.0000   156780.0000    13518    0.44%
   2236  1340   156780.0000    27   157473.0000   156780.0000    13519    0.44%
Elapsed time = 3.15 sec. (4336.63 ticks, tree = 5.59 MB, solutions = 16)
   3627  2292   156780.0000    26   157473.0000   156780.0000    19946    0.44%
   3628  2293   156780.0000    23   157473.0000   156780.0000    19954    0.44%
   3629  2294   156780.0000    24   157473.0000   156780.0000    19957    0.44%
   3630  2295   156780.0000    24   157473.0000   156780.0000    19958    0.44%
   3631  2296   156780.0000    24   157473.0000   156780.0000    19959    0.44%
   3632  2297   156780.0000    24   157473.0000   156780.0000    19960    0.44%
   3633  2298   156780.0000    22   157473.0000   156780.0000    19974    0.44%
   3634  2299   156780.0000    23   157473.0000   156780.0000    19983    0.44%
   3635  2300   156780.0000    25   157473.0000   156780.0000    20006    0.44%
   3636  2301   156780.0000    24   157473.0000   156780.0000    20007    0.44%
Elapsed time = 3.79 sec. (5297.57 ticks, tree = 9.72 MB, solutions = 16)
   5143  3547   156780.0000    22   157473.0000   156780.0000    26302    0.44%
   5144  3548   156780.0000    22   157473.0000   156780.0000    26308    0.44%
   5145  3549   156780.0000    24   157473.0000   156780.0000    26319    0.44%
   5146  3550   156780.0000    23   157473.0000   156780.0000    26323    0.44%
   5147  3551   156780.0000    23   157473.0000   156780.0000    26325    0.44%
   5148  3552   156780.0000    23   157473.0000   156780.0000    26327    0.44%
   5149  3553   156780.0000    23   157473.0000   156780.0000    26329    0.44%
   5150  3554   156780.0000    23   157473.0000   156780.0000    26330    0.44%
   5151  3555   156780.0000    24   157473.0000   156780.0000    26336    0.44%
   5152  3556   156780.0000    24   157473.0000   156780.0000    26340    0.44%
Elapsed time = 4.43 sec. (6257.72 ticks, tree = 15.14 MB, solutions = 16)
   6952  5095   157051.2222    18   157473.0000   156780.0000    34436    0.44%
   6953  5096   157051.2222    19   157473.0000   156780.0000    34437    0.44%
   6954  5096   157051.2222    19   157473.0000   156780.0000    34438    0.44%
   6955  5095        cutoff         157473.0000   156780.0000    34440    0.44%
   6956  5094        cutoff         157473.0000   156780.0000    34443    0.44%
   6957  5094   156780.0000    19   157473.0000   156780.0000    34456    0.44%
   6958  5095   156780.0000    19   157473.0000   156780.0000    34459    0.44%
   6959  5096   156780.0000    22   157473.0000   156780.0000    34463    0.44%
   6960  5097   156780.0000    21   157473.0000   156780.0000    34491    0.44%
   6961  5098   156780.0000    21   157473.0000   156780.0000    34493    0.44%
Elapsed time = 5.08 sec. (7221.49 ticks, tree = 21.92 MB, solutions = 16)
   8450  6262   156780.0000    23   157473.0000   156780.0000    41771    0.44%
   8451  6263   156780.0000    22   157473.0000   156780.0000    41781    0.44%
   8452  6262        cutoff         157473.0000   156780.0000    41785    0.44%
   8453  6263   156780.0000    24   157473.0000   156780.0000    41790    0.44%
   8454  6262        cutoff         157473.0000   156780.0000    41811    0.44%
   8455  6263   156780.0000    25   157473.0000   156780.0000    41812    0.44%
   8456  6264   156780.0000    26   157473.0000   156780.0000    41814    0.44%
   8457  6265   156780.0000    24   157473.0000   156780.0000    41839    0.44%
   8458  6266   156780.0000    26   157473.0000   156780.0000    41840    0.44%
   8459  6265        cutoff         157473.0000   156780.0000    41856    0.44%
Elapsed time = 5.73 sec. (8182.27 ticks, tree = 27.16 MB, solutions = 16)
  10206  7782   156780.0000    25   157473.0000   156780.0000    49710    0.44%
  10207  7783   156780.0000    23   157473.0000   156780.0000    49712    0.44%
  10208  7784   156780.0000    25   157473.0000   156780.0000    49716    0.44%
  10209  7785   156780.0000    25   157473.0000   156780.0000    49717    0.44%
  10210  7786   156780.0000    26   157473.0000   156780.0000    49719    0.44%
  10211  7787   156780.0000    26   157473.0000   156780.0000    49724    0.44%
  10212  7788   156780.0000    26   157473.0000   156780.0000    49727    0.44%
  10213  7789   156780.0000    26   157473.0000   156780.0000    49728    0.44%
  10214  7790   156780.0000    26   157473.0000   156780.0000    49729    0.44%
  10215  7791   156986.8614    22   157473.0000   156780.0000    49745    0.44%
Elapsed time = 6.36 sec. (9140.63 ticks, tree = 34.08 MB, solutions = 16)
  10614  8155   156780.0000    28   157473.0000   156780.0000    51636    0.44%
  10615  8156   156780.0000    28   157473.0000   156780.0000    51647    0.44%
  10616  8157   156780.0000    28   157473.0000   156780.0000    51650    0.44%
  10617  8158   156780.0000    24   157473.0000   156780.0000    51652    0.44%
  10618  8159   156780.0000    27   157473.0000   156780.0000    51662    0.44%
  10619  8160   156780.0000    27   157473.0000   156780.0000    51663    0.44%
  10620  8161   156780.0000    28   157473.0000   156780.0000    51664    0.44%
  10621  8162   156780.0000    28   157473.0000   156780.0000    51665    0.44%
  10622  8163   156780.0000    27   157473.0000   156780.0000    51666    0.44%
  15869 12708   156780.0000    22   157473.0000   156780.0000    75875    0.44%
Elapsed time = 9.02 sec. (12955.34 ticks, tree = 56.95 MB, solutions = 16)
  21869 17322        cutoff         157473.0000   156780.0000   111800    0.44%
  21870 17321        cutoff         157473.0000   156780.0000   111839    0.44%
  21871 17322   156780.0000    22   157473.0000   156780.0000   111866    0.44%
  21872 17323   156780.0000    22   157473.0000   156780.0000   111868    0.44%
  21873 17324   156780.0000    20   157473.0000   156780.0000   111875    0.44%
  21874 17325   156780.0000    22   157473.0000   156780.0000   111885    0.44%
  21875 17326   156780.0000    20   157473.0000   156780.0000   111887    0.44%
  21876 17327   156780.0000    20   157473.0000   156780.0000   111889    0.44%
  21877 17328   156780.0000    20   157473.0000   156780.0000   111890    0.44%
  21878 17329   156780.0000    20   157473.0000   156780.0000   111891    0.44%
Elapsed time = 11.65 sec. (16779.86 ticks, tree = 80.26 MB, solutions = 16)
  25888 20521   156780.0000    35   157473.0000   156780.0000   150090    0.44%
  25889 20522   156780.0000    40   157473.0000   156780.0000   150101    0.44%
  25890 20523   156780.0000    31   157473.0000   156780.0000   150110    0.44%
  25891 20524   156780.0000    32   157473.0000   156780.0000   150116    0.44%
  25892 20525   156780.0000    34   157473.0000   156780.0000   150130    0.44%
  25893 20526   156780.0000    34   157473.0000   156780.0000   150131    0.44%
  25894 20527   156780.0000    31   157473.0000   156780.0000   150132    0.44%
  25895 20528   156780.0000    33   157473.0000   156780.0000   150176    0.44%
  25896 20529   156780.0000    32   157473.0000   156780.0000   150177    0.44%
  25897 20530   156780.0000    29   157473.0000   156780.0000   150180    0.44%
Elapsed time = 14.31 sec. (20607.49 ticks, tree = 97.69 MB, solutions = 16)
  28285 22086   156972.0000    44   157473.0000   156780.0000   192521    0.44%
  28286 22087   156972.0000    43   157473.0000   156780.0000   192522    0.44%
  28287 22087   156972.0000    41   157473.0000   156780.0000   192529    0.44%
  28288 22088   156972.0000    40   157473.0000   156780.0000   192532    0.44%
  28289 22089   156972.0000    35   157473.0000   156780.0000   192537    0.44%
  28290 22090   156972.0000    34   157473.0000   156780.0000   192538    0.44%
  28291 22091   156972.0000    34   157473.0000   156780.0000   192540    0.44%
  28292 22092   156972.0000    31   157473.0000   156780.0000   192611    0.44%
  28293 22091        cutoff         157473.0000   156780.0000   192627    0.44%
  28294 22090        cutoff         157473.0000   156780.0000   192633    0.44%
Elapsed time = 16.90 sec. (24445.21 ticks, tree = 107.87 MB, solutions = 16)
  30751 24056   157285.0000     9   157473.0000   156780.0000   225931    0.44%
  30752 24057   157285.0000    12   157473.0000   156780.0000   225935    0.44%
  30753 24058   157285.0000    11   157473.0000   156780.0000   225936    0.44%
  30754 24059   157285.0000     9   157473.0000   156780.0000   225937    0.44%
  30755 24060   157285.0000    14   157473.0000   156780.0000   225947    0.44%
  30756 24061   157285.0000    17   157473.0000   156780.0000   225953    0.44%
  30757 24062   157285.0000    15   157473.0000   156780.0000   225954    0.44%
  30758 24063   157285.0000    13   157473.0000   156780.0000   225955    0.44%
  30759 24064   157285.0000    12   157473.0000   156780.0000   225966    0.44%
  30760 24065   157285.0000    12   157473.0000   156780.0000   225970    0.44%
Elapsed time = 19.44 sec. (28270.88 ticks, tree = 121.97 MB, solutions = 16)
  34282 27109   156780.0000    25   157473.0000   156780.0000   254491    0.44%
  34283 27110   156780.0000    23   157473.0000   156780.0000   254493    0.44%
  34284 27111   156780.0000    25   157473.0000   156780.0000   254500    0.44%
  34285 27112   156780.0000    25   157473.0000   156780.0000   254501    0.44%
  34286 27113   156780.0000    24   157473.0000   156780.0000   254502    0.44%
  34287 27114   156780.0000    23   157473.0000   156780.0000   254505    0.44%
  34288 27115   156780.0000    23   157473.0000   156780.0000   254506    0.44%
  34289 27116   156780.0000    23   157473.0000   156780.0000   254507    0.44%
  34290 27117   156780.0000    24   157473.0000   156780.0000   254510    0.44%
  34291 27118   156780.0000    24   157473.0000   156780.0000   254511    0.44%
Elapsed time = 21.90 sec. (32090.88 ticks, tree = 144.33 MB, solutions = 16)
  38831 30608   157162.4047    28   157473.0000   156780.0000   280565    0.44%
  38832 30608   157162.4047    28   157473.0000   156780.0000   280566    0.44%
  38833 30609   157162.4047    28   157473.0000   156780.0000   280567    0.44%
  38834 30608   157434.6757    23   157473.0000   156780.0000   280573    0.44%
  38835 30607   157441.5070    24   157473.0000   156780.0000   280576    0.44%
  38836 30606        cutoff         157473.0000   156780.0000   280607    0.44%
  38837 30605        cutoff         157473.0000   156780.0000   280647    0.44%
  38838 30606   157058.0000    32   157473.0000   156780.0000   280679    0.44%
  38839 30607   157058.0000    23   157473.0000   156780.0000   280687    0.44%
  38840 30608   157058.0000    26   157473.0000   156780.0000   280701    0.44%
Elapsed time = 24.31 sec. (35929.09 ticks, tree = 170.79 MB, solutions = 16)
* 39198+28839                       157157.0000   156780.0000             0.24%
* 39298+28878                       157140.0000   156780.0000             0.23%
  41471 30335        cutoff         157140.0000   156780.0000   315094    0.23%
  41472 30336   156780.0000    29   157140.0000   156780.0000   315145    0.23%
  41473 30337   156780.0000    34   157140.0000   156780.0000   315159    0.23%
  41474 30338   156780.0000    33   157140.0000   156780.0000   315169    0.23%
  41475 30339   156780.0000    31   157140.0000   156780.0000   315177    0.23%
  41476 30340   156780.0000    31   157140.0000   156780.0000   315180    0.23%
  41477 30341   156780.0000    28   157140.0000   156780.0000   315193    0.23%
  41478 30342   156780.0000    28   157140.0000   156780.0000   315206    0.23%
  41479 30343   156780.0000    29   157140.0000   156780.0000   315207    0.23%
  41480 30344   156780.0000    33   157140.0000   156780.0000   315229    0.23%
Elapsed time = 26.85 sec. (39759.55 ticks, tree = 173.19 MB, solutions = 18)
  45543 34023   156780.0000    26   157140.0000   156780.0000   339150    0.23%
  45544 34024   156780.0000    29   157140.0000   156780.0000   339153    0.23%
  45545 34025   156780.0000    25   157140.0000   156780.0000   339154    0.23%
  45546 34026   156780.0000    24   157140.0000   156780.0000   339158    0.23%
  45547 34027   156780.0000    24   157140.0000   156780.0000   339159    0.23%
  45548 34028   156780.0000    24   157140.0000   156780.0000   339160    0.23%
  45549 34029   156780.0000    26   157140.0000   156780.0000   339164    0.23%
  45550 34030   156780.0000    26   157140.0000   156780.0000   339165    0.23%
  45551 34031   156780.0000    26   157140.0000   156780.0000   339166    0.23%
  45552 34032   156780.0000    29   157140.0000   156780.0000   339172    0.23%
Elapsed time = 29.26 sec. (43581.42 ticks, tree = 204.02 MB, solutions = 18)
  50966 39235   156780.0000    18   157140.0000   156780.0000   364423    0.23%
  50967 39236   156780.0000    25   157140.0000   156780.0000   364438    0.23%
  50968 39237   156780.0000    18   157140.0000   156780.0000   364462    0.23%
  50969 39238   156780.0000    25   157140.0000   156780.0000   364478    0.23%
  50970 39239   156780.0000    23   157140.0000   156780.0000   364495    0.23%
  50971 39240   156780.0000    19   157140.0000   156780.0000   364508    0.23%
  50972 39241   156780.0000    19   157140.0000   156780.0000   364514    0.23%
  50973 39242   156780.0000    18   157140.0000   156780.0000   364524    0.23%
  50974 39243   156780.0000    19   157140.0000   156780.0000   364542    0.23%
  50975 39244   156780.0000    19   157140.0000   156780.0000   364567    0.23%
Elapsed time = 31.70 sec. (47411.41 ticks, tree = 246.41 MB, solutions = 18)
  56420 44309   156780.0000    24   157140.0000   156780.0000   392395    0.23%
  56421 44310   156780.0000    24   157140.0000   156780.0000   392399    0.23%
  56422 44311   156780.0000    24   157140.0000   156780.0000   392400    0.23%
  56423 44312   156780.0000    24   157140.0000   156780.0000   392401    0.23%
  56424 44313   156780.0000    24   157140.0000   156780.0000   392402    0.23%
  56425 44314   156780.0000    24   157140.0000   156780.0000   392403    0.23%
  56426 44315   156780.0000    24   157140.0000   156780.0000   392404    0.23%
  56427 44316   156780.0000    24   157140.0000   156780.0000   392405    0.23%
  56428 44317   156780.0000    25   157140.0000   156780.0000   392425    0.23%
  56429 44318   156780.0000    25   157140.0000   156780.0000   392429    0.23%
Elapsed time = 34.17 sec. (51232.10 ticks, tree = 287.71 MB, solutions = 18)
  61834 49379   156780.0000    25   157140.0000   156780.0000   422517    0.23%
  61835 49380   156780.0000    24   157140.0000   156780.0000   422523    0.23%
  61836 49381   156780.0000    23   157140.0000   156780.0000   422529    0.23%
  61837 49382   156780.0000    23   157140.0000   156780.0000   422533    0.23%
  61838 49383   156780.0000    23   157140.0000   156780.0000   422541    0.23%
  61839 49384   156780.0000    23   157140.0000   156780.0000   422542    0.23%
  61840 49385   156780.0000    23   157140.0000   156780.0000   422544    0.23%
  61841 49386   156780.0000    23   157140.0000   156780.0000   422569    0.23%
  61842 49387   156780.0000    22   157140.0000   156780.0000   422573    0.23%
  61843 49388   156780.0000    25   157140.0000   156780.0000   422597    0.23%
Elapsed time = 36.62 sec. (55054.44 ticks, tree = 329.06 MB, solutions = 18)
  66771 53980   156780.0000    24   157140.0000   156780.0000   451833    0.23%
  66772 53981   156780.0000    20   157140.0000   156780.0000   451841    0.23%
  66773 53982   156780.0000    24   157140.0000   156780.0000   451861    0.23%
  66774 53983   156780.0000    21   157140.0000   156780.0000   451867    0.23%
  66775 53984   156780.0000    21   157140.0000   156780.0000   451870    0.23%
  66776 53985   156780.0000    27   157140.0000   156780.0000   451906    0.23%
  66777 53986   156780.0000    27   157140.0000   156780.0000   451910    0.23%
  66778 53987   156780.0000    26   157140.0000   156780.0000   451917    0.23%
  66779 53988   156780.0000    22   157140.0000   156780.0000   451922    0.23%
  66780 53989   156780.0000    24   157140.0000   156780.0000   451938    0.23%
Elapsed time = 39.07 sec. (58881.28 ticks, tree = 366.53 MB, solutions = 18)
  70073 56468   156782.0000    19   157140.0000   156780.0000   486395    0.23%
  70074 56469   156782.0000    20   157140.0000   156780.0000   486401    0.23%
  70075 56470   156782.0000    21   157140.0000   156780.0000   486416    0.23%
  70076 56471   156782.0000    21   157140.0000   156780.0000   486419    0.23%
  70077 56472   156782.0000    23   157140.0000   156780.0000   486420    0.23%
  70078 56473   156782.0000    23   157140.0000   156780.0000   486422    0.23%
  70079 56474   156782.0000    22   157140.0000   156780.0000   486437    0.23%
  70080 56475   156782.0000    21   157140.0000   156780.0000   486445    0.23%
  70081 56475   156782.0000    23   157140.0000   156780.0000   486494    0.23%
  70082 56476   156782.0000    19   157140.0000   156780.0000   486498    0.23%
Elapsed time = 41.59 sec. (62704.43 ticks, tree = 386.77 MB, solutions = 18)
  73621 59013   156780.0000    19   157140.0000   156780.0000   523727    0.23%
  73622 59014   156780.0000    19   157140.0000   156780.0000   523737    0.23%
  73623 59015   156780.0000    22   157140.0000   156780.0000   523745    0.23%
  73624 59016   156780.0000    23   157140.0000   156780.0000   523756    0.23%
  73625 59017   156780.0000    22   157140.0000   156780.0000   523759    0.23%
  73626 59018   156780.0000    22   157140.0000   156780.0000   523764    0.23%
  73627 59019   156780.0000    22   157140.0000   156780.0000   523767    0.23%
  73628 59020   156780.0000    19   157140.0000   156780.0000   523793    0.23%
  73629 59019        cutoff         157140.0000   156780.0000   523806    0.23%
  73630 59020   156780.0000    19   157140.0000   156780.0000   523817    0.23%
Elapsed time = 44.10 sec. (66530.27 ticks, tree = 407.47 MB, solutions = 18)
  76397 61131   156780.0000    28   157140.0000   156780.0000   557880    0.23%
  76398 61132   156780.0000    30   157140.0000   156780.0000   557882    0.23%
  76399 61133   156780.0000    30   157140.0000   156780.0000   557883    0.23%
  76400 61134   156780.0000    27   157140.0000   156780.0000   557884    0.23%
  76401 61135   156780.0000    24   157140.0000   156780.0000   557890    0.23%
  76402 61136   156780.0000    24   157140.0000   156780.0000   557891    0.23%
  76403 61137   156780.0000    24   157140.0000   156780.0000   557895    0.23%
  76404 61138   156780.0000    26   157140.0000   156780.0000   557930    0.23%
  76405 61139   156780.0000    28   157140.0000   156780.0000   557981    0.23%
  76406 61140   156780.0000    28   157140.0000   156780.0000   557982    0.23%
Elapsed time = 46.68 sec. (70355.14 ticks, tree = 425.23 MB, solutions = 18)
  80174 64430   156780.0000    26   157140.0000   156780.0000   587580    0.23%
  80175 64429        cutoff         157140.0000   156780.0000   587590    0.23%
  80176 64428   156958.0264    23   157140.0000   156780.0000   587652    0.23%
  80177 64427        cutoff         157140.0000   156780.0000   587685    0.23%
  80178 64426        cutoff         157140.0000   156780.0000   587718    0.23%
  80179 64425        cutoff         157140.0000   156780.0000   587760    0.23%
  80180 64424        cutoff         157140.0000   156780.0000   587786    0.23%
  80181 64423        cutoff         157140.0000   156780.0000   587810    0.23%
  80182 64424   156780.0000    21   157140.0000   156780.0000   587827    0.23%
  80183 64425   156780.0000    19   157140.0000   156780.0000   587830    0.23%
Elapsed time = 49.14 sec. (74193.99 ticks, tree = 453.02 MB, solutions = 18)
  84388 68087   156780.0000    26   157140.0000   156780.0000   615399    0.23%
  84389 68088   156780.0000    27   157140.0000   156780.0000   615414    0.23%
  84390 68089   156780.0000    27   157140.0000   156780.0000   615416    0.23%
  84391 68090   156780.0000    25   157140.0000   156780.0000   615431    0.23%
  84392 68091   156780.0000    25   157140.0000   156780.0000   615441    0.23%
  84393 68092   156780.0000    25   157140.0000   156780.0000   615462    0.23%
  84394 68093   156780.0000    29   157140.0000   156780.0000   615473    0.23%
  84395 68094   156780.0000    28   157140.0000   156780.0000   615474    0.23%
  84396 68095   156780.0000    29   157140.0000   156780.0000   615493    0.23%
  84397 68096   156780.0000    30   157140.0000   156780.0000   615503    0.23%
Elapsed time = 51.61 sec. (78016.90 ticks, tree = 486.10 MB, solutions = 18)
  89509 72830   156780.0000    26   157140.0000   156780.0000   644543    0.23%
  89510 72831   156780.0000    24   157140.0000   156780.0000   644549    0.23%
  89511 72832   156780.0000    25   157140.0000   156780.0000   644557    0.23%
  89512 72833   156780.0000    24   157140.0000   156780.0000   644561    0.23%
  89513 72834   156780.0000    22   157140.0000   156780.0000   644565    0.23%
  89514 72835   156780.0000    22   157140.0000   156780.0000   644566    0.23%
  89515 72836   156780.0000    22   157140.0000   156780.0000   644567    0.23%
  89516 72837   156780.0000    22   157140.0000   156780.0000   644568    0.23%
  89517 72838   156780.0000    24   157140.0000   156780.0000   644570    0.23%
  89518 72839   156780.0000    23   157140.0000   156780.0000   644571    0.23%
Elapsed time = 54.06 sec. (81838.07 ticks, tree = 526.39 MB, solutions = 18)
  94469 77432   157076.0000    20   157140.0000   156780.0000   677702    0.23%
  94470 77433   157076.0000    18   157140.0000   156780.0000   677706    0.23%
  94471 77434   157076.0000    16   157140.0000   156780.0000   677707    0.23%
  94472 77435   157076.0000    16   157140.0000   156780.0000   677708    0.23%
  94473 77436   157076.0000    16   157140.0000   156780.0000   677709    0.23%
  94474 77437   157076.0000    16   157140.0000   156780.0000   677713    0.23%
  94475 77438   157076.0000    21   157140.0000   156780.0000   677729    0.23%
  94476 77439   157076.0000    19   157140.0000   156780.0000   677730    0.23%
  94477 77440   157076.0000    22   157140.0000   156780.0000   677752    0.23%
  94478 77441   157076.0000    20   157140.0000   156780.0000   677753    0.23%
Elapsed time = 56.52 sec. (85659.13 ticks, tree = 565.42 MB, solutions = 18)
  99755 82360   156780.0000    25   157140.0000   156780.0000   710055    0.23%
  99756 82361   156780.0000    25   157140.0000   156780.0000   710056    0.23%
  99757 82362   156780.0000    28   157140.0000   156780.0000   710058    0.23%
  99758 82363   156780.0000    25   157140.0000   156780.0000   710060    0.23%
  99759 82364   156780.0000    25   157140.0000   156780.0000   710108    0.23%
  99760 82365   156780.0000    25   157140.0000   156780.0000   710116    0.23%
  99761 82366   156780.0000    29   157140.0000   156780.0000   710136    0.23%
  99762 82367   156780.0000    30   157140.0000   156780.0000   710161    0.23%
  99763 82368   156780.0000    25   157140.0000   156780.0000   710162    0.23%
  99764 82369   156780.0000    23   157140.0000   156780.0000   710163    0.23%
Elapsed time = 58.99 sec. (89486.25 ticks, tree = 607.13 MB, solutions = 18)
 105398 87693   156780.0000    23   157140.0000   156780.0000   739858    0.23%
 105399 87694   156780.0000    26   157140.0000   156780.0000   739861    0.23%
 105400 87695   156780.0000    26   157140.0000   156780.0000   739862    0.23%
 105401 87696   156780.0000    26   157140.0000   156780.0000   739863    0.23%
 105402 87697   156780.0000    26   157140.0000   156780.0000   739867    0.23%
 105403 87698   156780.0000    24   157140.0000   156780.0000   739871    0.23%
 105404 87699   156780.0000    26   157140.0000   156780.0000   739877    0.23%
 105405 87700   156780.0000    25   157140.0000   156780.0000   739883    0.23%
 105406 87701   156780.0000    25   157140.0000   156780.0000   739885    0.23%
 105407 87702   156780.0000    23   157140.0000   156780.0000   739890    0.23%
Elapsed time = 61.42 sec. (93305.32 ticks, tree = 652.33 MB, solutions = 18)
 109999 91799        cutoff         157140.0000   156780.0000   769065    0.23%
 110000 91799   156978.8051    18   157140.0000   156780.0000   769071    0.23%
 110001 91798        cutoff         157140.0000   156780.0000   769072    0.23%
 110002 91799   156780.0000    19   157140.0000   156780.0000   769119    0.23%
 110003 91800   156780.0000    19   157140.0000   156780.0000   769129    0.23%
 110004 91801   156780.0000    19   157140.0000   156780.0000   769161    0.23%
 110005 91802   156780.0000    21   157140.0000   156780.0000   769164    0.23%
 110006 91803   156780.0000    25   157140.0000   156780.0000   769169    0.23%
 110007 91804   156780.0000    25   157140.0000   156780.0000   769180    0.23%
 110008 91805   156780.0000    25   157140.0000   156780.0000   769182    0.23%
Elapsed time = 63.88 sec. (97128.85 ticks, tree = 687.09 MB, solutions = 18)
 114898 96230   156780.0000    26   157140.0000   156780.0000   801001    0.23%
 114899 96231   156780.0000    28   157140.0000   156780.0000   801004    0.23%
 114900 96232   156780.0000    28   157140.0000   156780.0000   801005    0.23%
 114901 96233   156780.0000    28   157140.0000   156780.0000   801006    0.23%
 114902 96234   156780.0000    27   157140.0000   156780.0000   801009    0.23%
 114903 96235   156780.0000    28   157140.0000   156780.0000   801010    0.23%
 114904 96236   156780.0000    28   157140.0000   156780.0000   801011    0.23%
 114905 96237   156780.0000    28   157140.0000   156780.0000   801012    0.23%
 114906 96238   156780.0000    28   157140.0000   156780.0000   801013    0.23%
 114907 96239   156780.0000    26   157140.0000   156780.0000   801015    0.23%
Elapsed time = 66.40 sec. (100988.93 ticks, tree = 724.55 MB, solutions = 18)
 120038 100887   156780.0000    27   157140.0000   156780.0000   834785    0.23%
 120039 100888   156780.0000    27   157140.0000   156780.0000   834791    0.23%
 120040 100889   156780.0000    27   157140.0000   156780.0000   834795    0.23%
 120041 100890   156780.0000    29   157140.0000   156780.0000   834801    0.23%
 120042 100891   156780.0000    31   157140.0000   156780.0000   834802    0.23%
 120043 100892   156780.0000    31   157140.0000   156780.0000   834804    0.23%
 120044 100893   156780.0000    33   157140.0000   156780.0000   834805    0.23%
 120045 100894   156780.0000    29   157140.0000   156780.0000   834806    0.23%
 120046 100895   156780.0000    29   157140.0000   156780.0000   834807    0.23%
 120047 100896   156780.0000    29   157140.0000   156780.0000   834808    0.23%
Elapsed time = 68.94 sec. (104809.27 ticks, tree = 764.04 MB, solutions = 18)
 124210 104520   156780.0000    29   157140.0000   156780.0000   867669    0.23%
 124211 104521   156780.0000    27   157140.0000   156780.0000   867677    0.23%
 124212 104522   156780.0000    26   157140.0000   156780.0000   867679    0.23%
 124213 104523   156780.0000    27   157140.0000   156780.0000   867684    0.23%
 124214 104524   156780.0000    26   157140.0000   156780.0000   867685    0.23%
 124215 104525   156780.0000    26   157140.0000   156780.0000   867689    0.23%
 124216 104526   156780.0000    29   157140.0000   156780.0000   867703    0.23%
 124217 104527   156780.0000    27   157140.0000   156780.0000   867705    0.23%
 124218 104528   156780.0000    27   157140.0000   156780.0000   867718    0.23%
 124219 104529   156780.0000    26   157140.0000   156780.0000   867721    0.23%
Elapsed time = 71.42 sec. (108631.23 ticks, tree = 795.06 MB, solutions = 18)
 128665 108746   156780.0000    27   157140.0000   156780.0000   898561    0.23%
 128666 108747   156780.0000    27   157140.0000   156780.0000   898562    0.23%
 128667 108748   156780.0000    27   157140.0000   156780.0000   898565    0.23%
 128668 108749   156780.0000    24   157140.0000   156780.0000   898566    0.23%
 128669 108750   156780.0000    24   157140.0000   156780.0000   898568    0.23%
 128670 108751   156780.0000    22   157140.0000   156780.0000   898569    0.23%
 128671 108752   156780.0000    22   157140.0000   156780.0000   898572    0.23%
 128672 108753   156780.0000    21   157140.0000   156780.0000   898576    0.23%
 128673 108754   156780.0000    21   157140.0000   156780.0000   898577    0.23%
 128674 108755   156780.0000    21   157140.0000   156780.0000   898578    0.23%
Elapsed time = 73.89 sec. (112450.32 ticks, tree = 830.86 MB, solutions = 18)
 133938 113686   156780.0000    22   157140.0000   156780.0000   931098    0.23%
 133939 113687   156780.0000    22   157140.0000   156780.0000   931102    0.23%
 133940 113688   156780.0000    24   157140.0000   156780.0000   931112    0.23%
 133941 113689   156780.0000    24   157140.0000   156780.0000   931125    0.23%
 133942 113690   156780.0000    21   157140.0000   156780.0000   931129    0.23%
 133943 113691   156780.0000    21   157140.0000   156780.0000   931130    0.23%
 133944 113692   156780.0000    21   157140.0000   156780.0000   931131    0.23%
 133945 113693   156780.0000    21   157140.0000   156780.0000   931133    0.23%
 133946 113694   156780.0000    22   157140.0000   156780.0000   931144    0.23%
 133947 113695   156780.0000    23   157140.0000   156780.0000   931151    0.23%
Elapsed time = 76.36 sec. (116270.70 ticks, tree = 873.12 MB, solutions = 18)
 138537 117537   156780.0000    28   157140.0000   156780.0000   961734    0.23%
 138538 117538   156780.0000    23   157140.0000   156780.0000   961743    0.23%
 138539 117539   156780.0000    26   157140.0000   156780.0000   961754    0.23%
 138540 117540   156780.0000    28   157140.0000   156780.0000   961757    0.23%
 138541 117541   156780.0000    28   157140.0000   156780.0000   961764    0.23%
 138542 117542   156780.0000    27   157140.0000   156780.0000   961766    0.23%
 138543 117543   156780.0000    25   157140.0000   156780.0000   961767    0.23%
 138544 117544   156780.0000    28   157140.0000   156780.0000   961787    0.23%
 138545 117545   156780.0000    28   157140.0000   156780.0000   961789    0.23%
 138546 117546   156780.0000    28   157140.0000   156780.0000   961790    0.23%
Elapsed time = 78.82 sec. (120099.23 ticks, tree = 906.26 MB, solutions = 18)
 143398 122139   156780.0000    29   157140.0000   156780.0000   992040    0.23%
 143399 122140   156780.0000    29   157140.0000   156780.0000   992041    0.23%
 143400 122141   156780.0000    28   157140.0000   156780.0000   992045    0.23%
 143401 122142   156780.0000    28   157140.0000   156780.0000   992052    0.23%
 143402 122143   156780.0000    27   157140.0000   156780.0000   992054    0.23%
 143403 122144   156780.0000    29   157140.0000   156780.0000   992060    0.23%
 143404 122145   156780.0000    31   157140.0000   156780.0000   992062    0.23%
 143405 122146   156780.0000    30   157140.0000   156780.0000   992064    0.23%
 143406 122147   156780.0000    28   157140.0000   156780.0000   992066    0.23%
 143407 122148   156780.0000    27   157140.0000   156780.0000   992084    0.23%
Elapsed time = 81.38 sec. (124020.49 ticks, tree = 945.26 MB, solutions = 18)
 148502 127009   156780.0000    26   157140.0000   156780.0000  1022546    0.23%
 148503 127010   156780.0000    29   157140.0000   156780.0000  1022559    0.23%
 148504 127011   156780.0000    25   157140.0000   156780.0000  1022564    0.23%
 148505 127012   156780.0000    25   157140.0000   156780.0000  1022568    0.23%
 148506 127013   156780.0000    25   157140.0000   156780.0000  1022569    0.23%
 148507 127014   156780.0000    25   157140.0000   156780.0000  1022574    0.23%
 148508 127015   156780.0000    30   157140.0000   156780.0000  1022582    0.23%
 148509 127016   156780.0000    30   157140.0000   156780.0000  1022586    0.23%
 148510 127017   156780.0000    30   157140.0000   156780.0000  1022624    0.23%
 148511 127018   156780.0000    31   157140.0000   156780.0000  1022632    0.23%
Elapsed time = 83.82 sec. (127844.27 ticks, tree = 986.59 MB, solutions = 18)
 153439 131621   156780.0000    25   157140.0000   156780.0000  1053793    0.23%
 153440 131622   156780.0000    24   157140.0000   156780.0000  1053797    0.23%
 153441 131623   156780.0000    25   157140.0000   156780.0000  1053801    0.23%
 153442 131624   156780.0000    25   157140.0000   156780.0000  1053803    0.23%
 153443 131625   156780.0000    24   157140.0000   156780.0000  1053806    0.23%
 153444 131626   156780.0000    25   157140.0000   156780.0000  1053810    0.23%
 153445 131627   156780.0000    25   157140.0000   156780.0000  1053812    0.23%
 153446 131628   156780.0000    25   157140.0000   156780.0000  1053813    0.23%
 153447 131629   156780.0000    25   157140.0000   156780.0000  1053814    0.23%
 153448 131630   156780.0000    25   157140.0000   156780.0000  1053817    0.23%
Elapsed time = 86.30 sec. (131662.96 ticks, tree = 1027.52 MB, solutions = 18)
 158498 136397   156780.0000    28   157140.0000   156780.0000  1084666    0.23%
 158499 136397   156785.1876    27   157140.0000   156780.0000  1084667    0.23%
 158500 136396        cutoff         157140.0000   156780.0000  1084669    0.23%
 158501 136397   156780.0000    20   157140.0000   156780.0000  1084688    0.23%
 158502 136398   156780.0000    20   157140.0000   156780.0000  1084698    0.23%
 158503 136399   156780.0000    20   157140.0000   156780.0000  1084701    0.23%
 158504 136400   156780.0000    20   157140.0000   156780.0000  1084710    0.23%
 158505 136401   156780.0000    20   157140.0000   156780.0000  1084712    0.23%
 158506 136402   156780.0000    20   157140.0000   156780.0000  1084714    0.23%
 158507 136403   156780.0000    20   157140.0000   156780.0000  1084715    0.23%
Elapsed time = 88.83 sec. (135566.57 ticks, tree = 1068.04 MB, solutions = 18)
 161198 138987   156780.0000    23   157140.0000   156780.0000  1104207    0.23%
 161199 138988   156780.0000    28   157140.0000   156780.0000  1104215    0.23%
 161200 138989   156780.0000    24   157140.0000   156780.0000  1104218    0.23%
 161201 138990   156780.0000    28   157140.0000   156780.0000  1104226    0.23%
 161202 138991   156780.0000    24   157140.0000   156780.0000  1104228    0.23%
 161203 138992   156780.0000    23   157140.0000   156780.0000  1104229    0.23%
 161204 138993   156780.0000    24   157140.0000   156780.0000  1104236    0.23%
 161205 138994   156780.0000    24   157140.0000   156780.0000  1104239    0.23%
 161206 138995   156780.0000    24   157140.0000   156780.0000  1104240    0.23%
 161207 138996   156780.0000    24   157140.0000   156780.0000  1104241    0.23%
Elapsed time = 91.48 sec. (139582.05 ticks, tree = 1089.93 MB, solutions = 18)
 164062 141768   156780.0000    21   157140.0000   156780.0000  1122461    0.23%
 164063 141769   156780.0000    23   157140.0000   156780.0000  1122472    0.23%
 164064 141770   156780.0000    23   157140.0000   156780.0000  1122495    0.23%
 164065 141771   156780.0000    23   157140.0000   156780.0000  1122497    0.23%
 164066 141772   156780.0000    22   157140.0000   156780.0000  1122502    0.23%
 164067 141773   156780.0000    21   157140.0000   156780.0000  1122505    0.23%
 164068 141773   156780.0000    21   157140.0000   156780.0000  1122512    0.23%
 164069 141774   156780.0000    19   157140.0000   156780.0000  1122513    0.23%
 164070 141775   156780.0000    20   157140.0000   156780.0000  1122515    0.23%
 164071 141776   156780.0000    19   157140.0000   156780.0000  1122518    0.23%
Elapsed time = 94.05 sec. (143403.94 ticks, tree = 1113.40 MB, solutions = 18)
 169308 146751   156780.0000    28   157140.0000   156780.0000  1152512    0.23%
 169309 146752   156780.0000    28   157140.0000   156780.0000  1152516    0.23%
 169310 146753   156780.0000    28   157140.0000   156780.0000  1152543    0.23%
 169311 146754   156780.0000    28   157140.0000   156780.0000  1152562    0.23%
 169312 146755   156780.0000    28   157140.0000   156780.0000  1152570    0.23%
 169313 146756   156780.0000    29   157140.0000   156780.0000  1152572    0.23%
 169314 146757   156780.0000    32   157140.0000   156780.0000  1152582    0.23%
 169315 146758   156780.0000    32   157140.0000   156780.0000  1152585    0.23%
 169316 146759   156780.0000    34   157140.0000   156780.0000  1152587    0.23%
 169317 146760   156780.0000    34   157140.0000   156780.0000  1152594    0.23%
Elapsed time = 96.52 sec. (147227.24 ticks, tree = 1155.77 MB, solutions = 18)
 174488 151613   156780.0000    27   157140.0000   156780.0000  1180343    0.23%
 174489 151614   156780.0000    25   157140.0000   156780.0000  1180348    0.23%
 174490 151615   156780.0000    25   157140.0000   156780.0000  1180350    0.23%
 174491 151616   156780.0000    25   157140.0000   156780.0000  1180351    0.23%
 174492 151617   156780.0000    25   157140.0000   156780.0000  1180352    0.23%
 174493 151618   156780.0000    25   157140.0000   156780.0000  1180353    0.23%
 174494 151619   156780.0000    25   157140.0000   156780.0000  1180354    0.23%
 174495 151620   156780.0000    29   157140.0000   156780.0000  1180363    0.23%
 174496 151621   156780.0000    28   157140.0000   156780.0000  1180365    0.23%
 174497 151622   156780.0000    24   157140.0000   156780.0000  1180377    0.23%
Elapsed time = 99.00 sec. (151046.94 ticks, tree = 1197.24 MB, solutions = 18)

Cover cuts applied:  349
Mixed integer rounding cuts applied:  1

Root node processing (before b&c):
  Real time             =    0.21 sec. (260.52 ticks)
Sequential b&c:
  Real time             =   99.79 sec. (152321.76 ticks)
                          ------------
Total (root+branch&cut) =  100.00 sec. (152582.28 ticks)

Solution pool: 18 solutions saved.

MIP - Time limit exceeded, integer feasible:  Objective =  1.5714000000e+05
Current MIP best bound =  1.5678000000e+05 (gap = 360, 0.23%)
Solution time =  100.00 sec.  Iterations = 1192783  Nodes = 176516 (153490)
Deterministic time = 152582.29 ticks  (1525.81 ticks/sec)


Incumbent solution written to file '/tmp/tmpY_oCVS.cplex.sol'.
