
Log started (V12.6.3.0) Sat Apr 21 05:45:23 2018

New value for default parallel thread count: 1

Problem '/tmp/tmpiY2O2s.pyomo.lp' read.
Read time = 0.06 sec. (6.04 ticks)

Problem name         : /tmp/tmpiY2O2s.pyomo.lp
Objective sense      : Minimize
Variables            :    3442  [Nneg: 1,  Binary: 3424,  General Integer: 17]
Objective nonzeros   :       1
Linear constraints   :     463  [Less: 230,  Equal: 233]
  Nonzeros           :  443757
  RHS nonzeros       :     429

Variables            : Min LB: 0.000000         Max UB: 1.000000       
Objective nonzeros   : Min   : 1.000000         Max   : 1.000000       
Linear constraints   :
  Nonzeros           : Min   : 1.000000         Max   : 19973.00       
  RHS nonzeros       : Min   : 1.000000         Max   : 22.00000       
Tried aggregator 2 times.
MIP Presolve eliminated 224 rows and 539 columns.
Aggregator did 18 substitutions.
Reduced MIP has 221 rows, 2885 columns, and 7498 nonzeros.
Reduced MIP has 2884 binaries, 1 generals, 0 SOSs, and 0 indicators.
Presolve time = 0.07 sec. (71.85 ticks)
Found incumbent of value 2194918.000000 after 0.09 sec. (92.09 ticks)
Tried aggregator 1 time.
Reduced MIP has 221 rows, 2885 columns, and 7498 nonzeros.
Reduced MIP has 2884 binaries, 1 generals, 0 SOSs, and 0 indicators.
Presolve time = 0.00 sec. (3.39 ticks)
Probing time = 0.00 sec. (2.04 ticks)
Clique table members: 206.
MIP emphasis: balance optimality and feasibility.
MIP search method: dynamic search.
Parallel mode: none, using 1 thread.
Root relaxation solution time = 0.00 sec. (7.73 ticks)

        Nodes                                         Cuts/
   Node  Left     Objective  IInf  Best Integer    Best Bound    ItCnt     Gap

*     0+    0                      2194918.0000        0.0000           100.00%
      0     0   156779.8571    25  2194918.0000   156779.8571      133   92.86%
*     0+    0                       170363.0000   156779.8571             7.97%
      0     0   156780.0000    28   170363.0000      Fract: 8      165    7.97%
*     0+    0                       169180.0000   156780.0000             7.33%
      0     0   156780.0000    32   169180.0000      Cuts: 23      207    7.33%
*     0+    0                       165875.0000   156780.0000             5.48%
*     0+    0                       163530.0000   156780.0000             4.13%
*     0+    0                       163371.0000   156780.0000             4.03%
*     0+    0                       163324.0000   156780.0000             4.01%
*     0+    0                       162152.0000   156780.0000             3.31%
*     0+    0                       161657.0000   156780.0000             3.02%
*     0+    0                       160954.0000   156780.0000             2.59%
*     0+    0                       160288.0000   156780.0000             2.19%
*     0+    0                       158891.0000   156780.0000             1.33%
*     0+    0                       158881.0000   156780.0000             1.32%
      0     2   156780.0000    24   158881.0000   156780.0000      207    1.32%
Elapsed time = 0.25 sec. (274.27 ticks, tree = 0.01 MB, solutions = 13)
    309   290   156780.0000    24   158881.0000   156780.0000     2532    1.32%
    310   291   156780.0000    28   158881.0000   156780.0000     2537    1.32%
    311   292   156780.0000    27   158881.0000   156780.0000     2549    1.32%
    312   293   156780.0000    28   158881.0000   156780.0000     2552    1.32%
    313   294   156780.0000    28   158881.0000   156780.0000     2553    1.32%
    314   295   156780.0000    26   158881.0000   156780.0000     2557    1.32%
    315   296   156780.0000    24   158881.0000   156780.0000     2562    1.32%
    316   297   156780.0000    24   158881.0000   156780.0000     2566    1.32%
    317   298   156780.0000    26   158881.0000   156780.0000     2570    1.32%
*   495+  470                       158723.0000   156780.0000             1.22%
*   495+  384                       157962.0000   156780.0000             0.75%
*   495+  384                       157950.0000   156780.0000             0.74%
*   495+  379                       157615.0000   156780.0000             0.53%
*   993+  576                       157485.0000   156780.0000             0.45%
*   993+  384                       157436.0000   156780.0000             0.42%
    993   385   156780.0000    24   157436.0000   156780.0000     5150    0.42%
Elapsed time = 1.16 sec. (1464.44 ticks, tree = 1.59 MB, solutions = 19)
*  1083+  279                       157424.0000   156780.0000             0.41%
*  1093+  211                       157339.0000   156780.0000             0.36%
*  1093+  162                       157292.0000   156780.0000             0.33%
*  1093+  129                       157155.0000   156780.0000             0.24%
*  1093+  107                       157141.0000   156780.0000             0.23%
*  1093+   93                       157138.0000   156780.0000             0.23%
*  1093+   83                       157134.0000   156780.0000             0.23%
*  1093+   77                       157114.0000   156780.0000             0.21%
*  1193+  107                       157106.0000   156780.0000             0.21%
*  1193+  107                       157070.0000   156780.0000             0.18%
*  1193+  107                       157051.0000   156780.0000             0.17%
*  1293+  140                       157035.0000   156780.0000             0.16%
   1293   141   156806.0000    16   157035.0000   156780.0000     6375    0.16%
   1294   142   156806.0000    16   157035.0000   156780.0000     6375    0.16%
   1295   142   156806.0000    17   157035.0000   156780.0000     6376    0.16%
   1296   142   156806.0000    17   157035.0000   156780.0000     6377    0.16%
   1297   143   156806.0000    17   157035.0000   156780.0000     6378    0.16%
   1298   144   156806.0000    17   157035.0000   156780.0000     6379    0.16%
   1299   145   156806.0000    17   157035.0000   156780.0000     6380    0.16%
   1300   146   156806.0000    17   157035.0000   156780.0000     6381    0.16%
   1301   147   156806.0000    16   157035.0000   156780.0000     6384    0.16%
   1302   148   156806.0000    16   157035.0000   156780.0000     6390    0.16%
Elapsed time = 1.85 sec. (2442.75 ticks, tree = 0.61 MB, solutions = 31)
*  1412+  189                       157020.0000   156780.0000             0.15%
*  1412+  187                       156981.0000   156780.0000             0.13%
*  1412+  186                       156959.0000   156780.0000             0.11%
*  1473+  174                       156946.0000   156780.0000             0.11%
   1593   243   156780.0000    23   156946.0000   156780.0000     7498    0.11%
   1594   244   156780.0000    23   156946.0000   156780.0000     7501    0.11%
   1595   245   156780.0000    23   156946.0000   156780.0000     7504    0.11%
   1596   246   156780.0000    23   156946.0000   156780.0000     7507    0.11%
   1597   247   156780.0000    23   156946.0000   156780.0000     7510    0.11%
   1598   248   156780.0000    23   156946.0000   156780.0000     7513    0.11%
   1599   249   156780.0000    23   156946.0000   156780.0000     7516    0.11%
   1600   250   156780.0000    23   156946.0000   156780.0000     7519    0.11%
   1601   249        cutoff         156946.0000   156780.0000     7523    0.11%
   1602   250   156780.0000    22   156946.0000   156780.0000     7529    0.11%
Elapsed time = 2.69 sec. (3546.01 ticks, tree = 1.03 MB, solutions = 35)
*  1771+  324                       156945.0000   156780.0000             0.11%
*  1961   485      integral     0   156933.0000   156780.0000     8935    0.10%
   2665  1139   156780.0000    22   156933.0000   156780.0000    11683    0.10%
   2666  1140   156780.0000    23   156933.0000   156780.0000    11698    0.10%
   2667  1141   156780.0000    23   156933.0000   156780.0000    11709    0.10%
   2668  1142   156780.0000    23   156933.0000   156780.0000    11711    0.10%
   2669  1143   156780.0000    23   156933.0000   156780.0000    11712    0.10%
   2670  1144   156780.0000    23   156933.0000   156780.0000    11714    0.10%
   2671  1145   156780.0000    23   156933.0000   156780.0000    11719    0.10%
   2672  1146   156780.0000    23   156933.0000   156780.0000    11723    0.10%
   2673  1147   156780.0000    24   156933.0000   156780.0000    11738    0.10%
   2674  1148   156780.0000    22   156933.0000   156780.0000    11758    0.10%
Elapsed time = 3.32 sec. (4508.34 ticks, tree = 5.07 MB, solutions = 37)
   4096  2435   156780.0000    23   156933.0000   156780.0000    17489    0.10%
   4097  2436   156780.0000    23   156933.0000   156780.0000    17490    0.10%
   4098  2437   156780.0000    23   156933.0000   156780.0000    17491    0.10%
   4099  2438   156780.0000    23   156933.0000   156780.0000    17492    0.10%
   4100  2439   156780.0000    23   156933.0000   156780.0000    17493    0.10%
   4101  2440   156780.0000    23   156933.0000   156780.0000    17494    0.10%
   4102  2441   156780.0000    23   156933.0000   156780.0000    17495    0.10%
   4103  2442   156780.0000    23   156933.0000   156780.0000    17496    0.10%
   4104  2443   156780.0000    23   156933.0000   156780.0000    17497    0.10%
   4105  2444   156780.0000    23   156933.0000   156780.0000    17498    0.10%
Elapsed time = 3.97 sec. (5466.24 ticks, tree = 10.86 MB, solutions = 37)
   5801  4042   156780.0000    21   156933.0000   156780.0000    22626    0.10%
   5802  4043   156780.0000    21   156933.0000   156780.0000    22627    0.10%
   5803  4044   156780.0000    21   156933.0000   156780.0000    22628    0.10%
   5804  4045   156780.0000    21   156933.0000   156780.0000    22629    0.10%
   5805  4046   156780.0000    21   156933.0000   156780.0000    22630    0.10%
   5806  4047   156780.0000    21   156933.0000   156780.0000    22631    0.10%
   5807  4048   156780.0000    21   156933.0000   156780.0000    22632    0.10%
   5808  4049   156780.0000    21   156933.0000   156780.0000    22633    0.10%
   5809  4050   156780.0000    21   156933.0000   156780.0000    22634    0.10%
   5810  4051   156780.0000    21   156933.0000   156780.0000    22635    0.10%
Elapsed time = 4.63 sec. (6422.86 ticks, tree = 18.35 MB, solutions = 37)
*  7986  5236      integral     0   156865.0000   156780.0000    27282    0.05%
   8217  5438   156793.6667    18   156865.0000   156780.0000    27803    0.05%
   8218  5439   156793.6667    18   156865.0000   156780.0000    27804    0.05%
   8219  5440   156793.6667    18   156865.0000   156780.0000    27806    0.05%
   8220  5441   156793.6667    18   156865.0000   156780.0000    27807    0.05%
   8221  5442   156793.6667    18   156865.0000   156780.0000    27808    0.05%
   8222  5443   156793.6667    18   156865.0000   156780.0000    27810    0.05%
   8223  5444   156793.6667    18   156865.0000   156780.0000    27811    0.05%
   8224  5445   156793.6667    18   156865.0000   156780.0000    27812    0.05%
   8225  5446   156793.6667    19   156865.0000   156780.0000    27813    0.05%
   8226  5447   156793.6667    19   156865.0000   156780.0000    27814    0.05%
Elapsed time = 5.23 sec. (7380.32 ticks, tree = 25.28 MB, solutions = 38)
  10218  7238   156780.0000    21   156865.0000   156780.0000    32525    0.05%
  10219  7239   156780.0000    21   156865.0000   156780.0000    32527    0.05%
  10220  7240   156780.0000    21   156865.0000   156780.0000    32530    0.05%
  10221  7241   156780.0000    21   156865.0000   156780.0000    32534    0.05%
  10222  7242   156780.0000    21   156865.0000   156780.0000    32535    0.05%
  10223  7243   156780.0000    21   156865.0000   156780.0000    32536    0.05%
  10224  7244   156785.1000    22   156865.0000   156780.0000    32545    0.05%
  10225  7245   156785.1000    22   156865.0000   156780.0000    32549    0.05%
  10226  7246   156858.0000    14   156865.0000   156780.0000    32553    0.05%
  10227  7247   156858.0000    15   156865.0000   156780.0000    32558    0.05%
Elapsed time = 5.83 sec. (8338.03 ticks, tree = 34.03 MB, solutions = 38)
  11697  8577   156858.0000    17   156865.0000   156780.0000    35985    0.05%
  11698  8578   156858.0000    15   156865.0000   156780.0000    35987    0.05%
  11699  8579   156858.0000    17   156865.0000   156780.0000    35989    0.05%
  11700  8579   156858.0000    15   156865.0000   156780.0000    35991    0.05%
  11701  8580   156858.0000    13   156865.0000   156780.0000    35992    0.05%
  11702  8581   156858.0000    13   156865.0000   156780.0000    35993    0.05%
  11703  8582   156858.0000    13   156865.0000   156780.0000    35994    0.05%
  11704  8583   156858.0000    13   156865.0000   156780.0000    35995    0.05%
  11705  8584   156858.0000    13   156865.0000   156780.0000    35996    0.05%
  11706  8585   156858.0000    14   156865.0000   156780.0000    36001    0.05%
Elapsed time = 6.47 sec. (9294.75 ticks, tree = 40.77 MB, solutions = 38)
  14021 10652   156799.2000    22   156865.0000   156780.0000    41419    0.05%
  14022 10653   156799.2000    22   156865.0000   156780.0000    41420    0.05%
  14023 10654   156799.2000    22   156865.0000   156780.0000    41421    0.05%
  14024 10655   156799.2000    21   156865.0000   156780.0000    41423    0.05%
  14025 10656   156799.2000    22   156865.0000   156780.0000    41426    0.05%
  14026 10657   156799.2000    23   156865.0000   156780.0000    41428    0.05%
  14027 10658   156799.2000    23   156865.0000   156780.0000    41429    0.05%
  14028 10659   156799.2000    23   156865.0000   156780.0000    41430    0.05%
  14029 10660   156799.2000    23   156865.0000   156780.0000    41433    0.05%
* 16581 12746      integral     0   156862.0000   156780.0000    47250    0.05%
* 20061+14617                       156853.0000   156780.0000             0.05%
* 20061+14559                       156852.0000   156780.0000             0.05%
  20669 15124   156780.0000    20   156852.0000   156780.0000    57436    0.05%
Elapsed time = 8.84 sec. (13109.47 ticks, tree = 72.68 MB, solutions = 41)
* 21444 15594      integral     0   156850.0000   156780.0000    59162    0.04%
* 22111 15239      integral     0   156842.0000   156780.0000    60751    0.04%
* 22112 13406      integral     0   156829.0000   156780.0000    60752    0.03%
  29770 20288   156780.0000    21   156829.0000   156780.0000    77627    0.03%
  29771 20289   156780.0000    21   156829.0000   156780.0000    77628    0.03%
  29772 20290   156780.0000    21   156829.0000   156780.0000    77629    0.03%
  29773 20291   156780.0000    21   156829.0000   156780.0000    77632    0.03%
  29774 20292   156780.0000    21   156829.0000   156780.0000    77635    0.03%
  29775 20293   156780.0000    21   156829.0000   156780.0000    77637    0.03%
  29776 20294   156780.0000    21   156829.0000   156780.0000    77638    0.03%
  29777 20295   156780.0000    21   156829.0000   156780.0000    77643    0.03%
  29778 20296   156780.0000    21   156829.0000   156780.0000    77645    0.03%
  29779 20297   156780.0000    21   156829.0000   156780.0000    77646    0.03%
Elapsed time = 11.18 sec. (16927.97 ticks, tree = 98.44 MB, solutions = 44)
  38871 28348        cutoff         156829.0000   156780.0000    98270    0.03%
  38872 28349   156824.8333    11   156829.0000   156780.0000    98284    0.03%
  38873 28350   156824.8333    11   156829.0000   156780.0000    98286    0.03%
  38874 28351   156824.8333    11   156829.0000   156780.0000    98287    0.03%
  38875 28352   156824.8333    12   156829.0000   156780.0000    98288    0.03%
  38876 28353   156824.8333    12   156829.0000   156780.0000    98289    0.03%
  38877 28354   156824.8333    12   156829.0000   156780.0000    98290    0.03%
  38878 28355   156824.8333    12   156829.0000   156780.0000    98291    0.03%
  38879 28356   156824.8333    12   156829.0000   156780.0000    98292    0.03%
  38880 28357   156824.8333    12   156829.0000   156780.0000    98293    0.03%
Elapsed time = 13.51 sec. (20747.00 ticks, tree = 137.82 MB, solutions = 44)
  48071 36347   156780.0000    19   156829.0000   156780.0000   119179    0.03%
  48072 36348   156780.0000    19   156829.0000   156780.0000   119180    0.03%
  48073 36349   156780.0000    19   156829.0000   156780.0000   119181    0.03%
  48074 36350   156780.0000    19   156829.0000   156780.0000   119186    0.03%
  48075 36351   156780.0000    19   156829.0000   156780.0000   119187    0.03%
  48076 36352   156780.0000    19   156829.0000   156780.0000   119188    0.03%
  48077 36353   156780.0000    19   156829.0000   156780.0000   119190    0.03%
  48078 36354   156780.0000    19   156829.0000   156780.0000   119191    0.03%
  48079 36353        cutoff         156829.0000   156780.0000   119194    0.03%
  48080 36352        cutoff         156829.0000   156780.0000   119196    0.03%
Elapsed time = 15.84 sec. (24565.22 ticks, tree = 177.82 MB, solutions = 44)
* 52317 37511      integral     0   156823.0000   156780.0000   128662    0.03%
  56994 41680   156780.0000    18   156823.0000   156780.0000   140220    0.03%
  56995 41681   156780.0000    18   156823.0000   156780.0000   140221    0.03%
  56996 41682   156780.0000    19   156823.0000   156780.0000   140224    0.03%
  56997 41683   156780.0000    18   156823.0000   156780.0000   140225    0.03%
  56998 41684   156780.0000    19   156823.0000   156780.0000   140228    0.03%
  56999 41685   156780.0000    19   156823.0000   156780.0000   140229    0.03%
  57000 41686   156780.0000    19   156823.0000   156780.0000   140230    0.03%
  57001 41687   156780.0000    18   156823.0000   156780.0000   140232    0.03%
  57002 41688   156780.0000    18   156823.0000   156780.0000   140234    0.03%
  57003 41689   156780.0000    18   156823.0000   156780.0000   140235    0.03%
Elapsed time = 18.23 sec. (28383.73 ticks, tree = 203.85 MB, solutions = 45)
  65465 46752   156780.0000    17   156823.0000   156780.0000   162170    0.03%
  65466 46751        cutoff         156823.0000   156780.0000   162176    0.03%
  65467 46752   156780.0000    17   156823.0000   156780.0000   162179    0.03%
  65468 46753   156780.0000    17   156823.0000   156780.0000   162183    0.03%
  65469 46754   156790.0000    17   156823.0000   156780.0000   162189    0.03%
  65470 46755   156790.0000    17   156823.0000   156780.0000   162190    0.03%
  65471 46756   156790.0000    17   156823.0000   156780.0000   162191    0.03%
  65472 46757   156790.0000    17   156823.0000   156780.0000   162192    0.03%
  65473 46758   156790.0000    17   156823.0000   156780.0000   162193    0.03%
  65474 46759   156790.0000    17   156823.0000   156780.0000   162194    0.03%
Elapsed time = 20.63 sec. (32203.50 ticks, tree = 228.73 MB, solutions = 45)
  73917 53781   156780.0000    16   156823.0000   156780.0000   182451    0.03%
  73918 53782   156780.0000    16   156823.0000   156780.0000   182452    0.03%
  73919 53783   156791.0000    16   156823.0000   156780.0000   182459    0.03%
  73920 53784   156780.0000    17   156823.0000   156780.0000   182461    0.03%
  73921 53785   156794.0000    15   156823.0000   156780.0000   182464    0.03%
  73922 53786   156794.0000    16   156823.0000   156780.0000   182468    0.03%
  73923 53787   156799.1250    16   156823.0000   156780.0000   182469    0.03%
  73924 53788   156807.0000    13   156823.0000   156780.0000   182470    0.03%
  73925 53789   156807.0000    13   156823.0000   156780.0000   182471    0.03%
  73926 53790   156816.3333    10   156823.0000   156780.0000   182473    0.03%
Elapsed time = 23.01 sec. (36021.96 ticks, tree = 263.16 MB, solutions = 45)
  82807 61364   156819.0000    15   156823.0000   156780.0000   201522    0.03%
  82808 61365   156819.0000    13   156823.0000   156780.0000   201523    0.03%
  82809 61366   156819.0000    14   156823.0000   156780.0000   201525    0.03%
  82810 61367   156819.0000    14   156823.0000   156780.0000   201530    0.03%
  82811 61368   156819.0000    14   156823.0000   156780.0000   201535    0.03%
  82812 61369   156819.0000    12   156823.0000   156780.0000   201536    0.03%
  82813 61370   156819.0000    12   156823.0000   156780.0000   201537    0.03%
  82814 61371   156819.0000    12   156823.0000   156780.0000   201538    0.03%
  82815 61372   156819.0000    12   156823.0000   156780.0000   201539    0.03%
  82816 61373   156819.0000    13   156823.0000   156780.0000   201542    0.03%
Elapsed time = 25.27 sec. (39840.05 ticks, tree = 300.28 MB, solutions = 45)
  91308 68914   156793.6250    17   156823.0000   156780.0000   221193    0.03%
  91309 68915   156793.6250    17   156823.0000   156780.0000   221195    0.03%
  91310 68916   156793.6250    17   156823.0000   156780.0000   221196    0.03%
  91311 68917   156793.6250    17   156823.0000   156780.0000   221197    0.03%
  91312 68918   156793.6250    17   156823.0000   156780.0000   221198    0.03%
  91313 68919   156795.4286    15   156823.0000   156780.0000   221199    0.03%
  91314 68920   156795.4286    16   156823.0000   156780.0000   221202    0.03%
  91315 68921   156795.4286    16   156823.0000   156780.0000   221203    0.03%
  91316 68922   156795.4286    16   156823.0000   156780.0000   221204    0.03%
  91317 68923   156795.4286    16   156823.0000   156780.0000   221205    0.03%
Elapsed time = 27.62 sec. (43658.76 ticks, tree = 339.12 MB, solutions = 45)
 100349 76701   156820.5000    16   156823.0000   156780.0000   240104    0.03%
 100350 76702   156820.5000    16   156823.0000   156780.0000   240105    0.03%
 100351 76703   156820.5000    17   156823.0000   156780.0000   240106    0.03%
 100352 76704   156820.5000    17   156823.0000   156780.0000   240107    0.03%
 100353 76705   156820.5000    16   156823.0000   156780.0000   240109    0.03%
 100354 76705   156820.5000    15   156823.0000   156780.0000   240115    0.03%
 100355 76706   156820.5000    15   156823.0000   156780.0000   240117    0.03%
 100356 76707   156820.5000    15   156823.0000   156780.0000   240118    0.03%
 100357 76706        cutoff         156823.0000   156780.0000   240120    0.03%
 100358 76707   156820.5000    15   156823.0000   156780.0000   240121    0.03%
Elapsed time = 29.89 sec. (47476.73 ticks, tree = 377.27 MB, solutions = 45)
 108943 83819   156809.4286    15   156823.0000   156780.0000   258079    0.03%
 108944 83820   156809.4286    15   156823.0000   156780.0000   258080    0.03%
 108945 83821   156809.4286    15   156823.0000   156780.0000   258081    0.03%
 108946 83822   156809.4286    15   156823.0000   156780.0000   258082    0.03%
 108947 83823   156809.4286    15   156823.0000   156780.0000   258083    0.03%
 108948 83824   156809.4286    15   156823.0000   156780.0000   258084    0.03%
 108949 83825   156809.4286    15   156823.0000   156780.0000   258085    0.03%
 108950 83826   156809.4286    15   156823.0000   156780.0000   258086    0.03%
 108951 83827   156809.4286    14   156823.0000   156780.0000   258087    0.03%
 108952 83828   156809.4286    14   156823.0000   156780.0000   258088    0.03%
Elapsed time = 32.19 sec. (51294.86 ticks, tree = 412.23 MB, solutions = 45)
*116624 78017      integral     0   156819.0000   156780.0000   273695    0.02%
 117639 78877   156811.0000    13   156819.0000   156780.0000   276324    0.02%
 117640 78878   156811.0000    13   156819.0000   156780.0000   276325    0.02%
 117641 78879   156811.0000    13   156819.0000   156780.0000   276328    0.02%
 117642 78880   156811.0000    15   156819.0000   156780.0000   276333    0.02%
 117643 78881   156811.0000    13   156819.0000   156780.0000   276334    0.02%
 117644 78882   156811.0000    13   156819.0000   156780.0000   276336    0.02%
 117645 78883   156811.0000    15   156819.0000   156780.0000   276339    0.02%
 117646 78884   156811.0000    13   156819.0000   156780.0000   276340    0.02%
 117647 78885   156811.0000    11   156819.0000   156780.0000   276342    0.02%
 117648 78886   156811.0000    11   156819.0000   156780.0000   276346    0.02%
Elapsed time = 34.50 sec. (55113.47 ticks, tree = 387.98 MB, solutions = 46)
 126026 86018   156780.0000    20   156819.0000   156780.0000   297168    0.02%
 126027 86019   156780.0000    20   156819.0000   156780.0000   297169    0.02%
 126028 86020   156780.0000    19   156819.0000   156780.0000   297173    0.02%
 126029 86021   156780.0000    20   156819.0000   156780.0000   297174    0.02%
 126030 86022   156780.0000    20   156819.0000   156780.0000   297175    0.02%
 126031 86023   156780.0000    20   156819.0000   156780.0000   297176    0.02%
 126032 86024   156780.0000    20   156819.0000   156780.0000   297178    0.02%
 126033 86025   156780.0000    20   156819.0000   156780.0000   297179    0.02%
 126034 86026   156780.0000    20   156819.0000   156780.0000   297180    0.02%
 126035 86027   156780.0000    20   156819.0000   156780.0000   297181    0.02%
Elapsed time = 36.88 sec. (58930.98 ticks, tree = 422.93 MB, solutions = 46)
 134264 92993   156780.0000    21   156819.0000   156780.0000   317599    0.02%
 134265 92994   156780.0000    21   156819.0000   156780.0000   317602    0.02%
 134266 92995   156780.0000    21   156819.0000   156780.0000   317603    0.02%
 134267 92996   156780.0000    20   156819.0000   156780.0000   317607    0.02%
 134268 92995        cutoff         156819.0000   156780.0000   317618    0.02%
 134269 92995   156804.0000    14   156819.0000   156780.0000   317635    0.02%
 134270 92995   156804.0000    15   156819.0000   156780.0000   317636    0.02%
 134271 92996   156804.0000    15   156819.0000   156780.0000   317638    0.02%
 134272 92997   156811.0000    11   156819.0000   156780.0000   317640    0.02%
 134273 92996        cutoff         156819.0000   156780.0000   317642    0.02%
Elapsed time = 39.26 sec. (62750.62 ticks, tree = 457.00 MB, solutions = 46)
 143286 100702   156780.0000    19   156819.0000   156780.0000   338478    0.02%
 143287 100703   156780.0000    18   156819.0000   156780.0000   338480    0.02%
 143288 100704   156780.0000    19   156819.0000   156780.0000   338481    0.02%
 143289 100705   156780.0000    19   156819.0000   156780.0000   338482    0.02%
 143290 100706   156780.0000    19   156819.0000   156780.0000   338483    0.02%
 143291 100707   156780.0000    19   156819.0000   156780.0000   338484    0.02%
 143292 100708   156780.0000    19   156819.0000   156780.0000   338486    0.02%
 143293 100709   156780.0000    19   156819.0000   156780.0000   338490    0.02%
 143294 100710   156780.0000    19   156819.0000   156780.0000   338492    0.02%
 143295 100711   156780.0000    19   156819.0000   156780.0000   338495    0.02%
Elapsed time = 41.54 sec. (66569.06 ticks, tree = 494.73 MB, solutions = 46)
 151718 107132   156780.0000    20   156819.0000   156780.0000   358084    0.02%
 151719 107133   156780.0000    18   156819.0000   156780.0000   358088    0.02%
 151720 107134   156780.0000    17   156819.0000   156780.0000   358089    0.02%
 151721 107135   156780.0000    18   156819.0000   156780.0000   358090    0.02%
 151722 107136   156780.0000    17   156819.0000   156780.0000   358095    0.02%
 151723 107137   156780.0000    17   156819.0000   156780.0000   358097    0.02%
 151724 107138   156780.0000    18   156819.0000   156780.0000   358101    0.02%
 151725 107139   156780.0000    17   156819.0000   156780.0000   358104    0.02%
 151726 107140   156780.0000    18   156819.0000   156780.0000   358109    0.02%
 151727 107141   156780.0000    19   156819.0000   156780.0000   358114    0.02%
Elapsed time = 43.84 sec. (70388.87 ticks, tree = 526.20 MB, solutions = 46)
*151993+72423                       156803.0000   156780.0000             0.01%
 159587 77814   156780.0000    19   156803.0000   156780.0000   378025    0.01%
 159588 77815   156780.0000    19   156803.0000   156780.0000   378026    0.01%
 159589 77816   156780.0000    19   156803.0000   156780.0000   378030    0.01%
 159590 77817   156780.0000    19   156803.0000   156780.0000   378031    0.01%
 159591 77818   156780.0000    19   156803.0000   156780.0000   378033    0.01%
 159592 77819   156780.0000    19   156803.0000   156780.0000   378035    0.01%
 159593 77820   156801.2500    14   156803.0000   156780.0000   378045    0.01%
 159594 77819        cutoff         156803.0000   156780.0000   378046    0.01%
 159595 77818    infeasible         156803.0000   156780.0000   378046    0.01%
 159596 77817        cutoff         156803.0000   156780.0000   378061    0.01%
Elapsed time = 46.34 sec. (74206.91 ticks, tree = 382.30 MB, solutions = 47)
 168332 84185   156780.0000    18   156803.0000   156780.0000   399689    0.01%
 168333 84186   156780.0000    18   156803.0000   156780.0000   399692    0.01%
 168334 84187   156780.0000    18   156803.0000   156780.0000   399695    0.01%
 168335 84188   156780.0000    18   156803.0000   156780.0000   399697    0.01%
 168336 84189   156780.0000    18   156803.0000   156780.0000   399700    0.01%
 168337 84190   156780.0000    18   156803.0000   156780.0000   399702    0.01%
 168338 84191   156780.0000    18   156803.0000   156780.0000   399703    0.01%
 168339 84192   156780.0000    20   156803.0000   156780.0000   399705    0.01%
 168340 84193   156780.0000    20   156803.0000   156780.0000   399707    0.01%
 168341 84194   156780.0000    19   156803.0000   156780.0000   399712    0.01%
Elapsed time = 48.67 sec. (78025.36 ticks, tree = 413.50 MB, solutions = 47)
 174793 87881   156791.6000    15   156803.0000   156780.0000   419673    0.01%
 174794 87881   156789.6000    16   156803.0000   156780.0000   419700    0.01%
 174795 87880        cutoff         156803.0000   156780.0000   419704    0.01%
 174796 87881   156781.0000    15   156803.0000   156780.0000   419710    0.01%
 174797 87882   156781.0000    15   156803.0000   156780.0000   419712    0.01%
 174798 87883   156781.0000    15   156803.0000   156780.0000   419715    0.01%
 174799 87882        cutoff         156803.0000   156780.0000   419716    0.01%
 174800 87881        cutoff         156803.0000   156780.0000   419718    0.01%
 174801 87880        cutoff         156803.0000   156780.0000   419725    0.01%
 174802 87879    infeasible         156803.0000   156780.0000   419725    0.01%
Elapsed time = 51.31 sec. (81969.04 ticks, tree = 431.66 MB, solutions = 47)
 181282 91919   156780.0000    21   156803.0000   156780.0000   439520    0.01%
 181283 91920   156795.8889    21   156803.0000   156780.0000   439534    0.01%
 181284 91921   156798.5000    18   156803.0000   156780.0000   439536    0.01%
 181285 91922   156798.5000    18   156803.0000   156780.0000   439537    0.01%
 181286 91923   156798.5000    18   156803.0000   156780.0000   439538    0.01%
 181287 91924   156798.5000    18   156803.0000   156780.0000   439539    0.01%
 181288 91925   156798.5000    18   156803.0000   156780.0000   439540    0.01%
 181289 91926   156798.5000    18   156803.0000   156780.0000   439541    0.01%
 181290 91926   156798.5000    18   156803.0000   156780.0000   439542    0.01%
 181291 91925        cutoff         156803.0000   156780.0000   439544    0.01%
Elapsed time = 53.84 sec. (85787.40 ticks, tree = 451.56 MB, solutions = 47)
 189349 97946   156780.0000    20   156803.0000   156780.0000   460989    0.01%
 189350 97945    infeasible         156803.0000   156780.0000   460989    0.01%
 189351 97946   156780.0000    20   156803.0000   156780.0000   460991    0.01%
 189352 97947   156780.0000    21   156803.0000   156780.0000   460992    0.01%
 189353 97948   156780.0000    21   156803.0000   156780.0000   460993    0.01%
 189354 97949   156780.0000    21   156803.0000   156780.0000   460994    0.01%
 189355 97950   156780.0000    21   156803.0000   156780.0000   460995    0.01%
 189356 97951   156780.0000    22   156803.0000   156780.0000   460997    0.01%
 189357 97952   156780.0000    20   156803.0000   156780.0000   461001    0.01%
 189358 97953   156780.0000    20   156803.0000   156780.0000   461008    0.01%
Elapsed time = 56.21 sec. (89605.72 ticks, tree = 481.06 MB, solutions = 47)
 197689 103454   156780.0000    21   156803.0000   156780.0000   487235    0.01%
 197690 103455   156780.0000    21   156803.0000   156780.0000   487236    0.01%
 197691 103456   156780.0000    21   156803.0000   156780.0000   487239    0.01%
 197692 103457   156780.0000    21   156803.0000   156780.0000   487240    0.01%
 197693 103458   156780.0000    22   156803.0000   156780.0000   487241    0.01%
 197694 103459   156780.0000    22   156803.0000   156780.0000   487242    0.01%
 197695 103460   156780.0000    21   156803.0000   156780.0000   487245    0.01%
 197696 103461   156780.0000    21   156803.0000   156780.0000   487246    0.01%
 197697 103462   156780.0000    22   156803.0000   156780.0000   487247    0.01%
 197698 103463   156780.0000    22   156803.0000   156780.0000   487248    0.01%
Elapsed time = 58.55 sec. (93423.33 ticks, tree = 508.15 MB, solutions = 47)
 205696 108366   156780.0000    19   156803.0000   156780.0000   512624    0.01%
 205697 108367   156780.0000    19   156803.0000   156780.0000   512625    0.01%
 205698 108368   156780.0000    20   156803.0000   156780.0000   512629    0.01%
 205699 108368   156781.0000    18   156803.0000   156780.0000   512638    0.01%
 205700 108369   156781.0000    20   156803.0000   156780.0000   512644    0.01%
 205701 108368    infeasible         156803.0000   156780.0000   512644    0.01%
 205702 108367    infeasible         156803.0000   156780.0000   512644    0.01%
 205703 108366        cutoff         156803.0000   156780.0000   512656    0.01%
 205704 108367   156780.0000    20   156803.0000   156780.0000   512661    0.01%
 205705 108368   156780.0000    20   156803.0000   156780.0000   512672    0.01%
Elapsed time = 60.94 sec. (97241.48 ticks, tree = 532.27 MB, solutions = 47)
 213784 112817   156780.0000    20   156803.0000   156780.0000   539715    0.01%
 213785 112818   156780.0000    20   156803.0000   156780.0000   539716    0.01%
 213786 112819   156780.0000    19   156803.0000   156780.0000   539717    0.01%
 213787 112820   156780.0000    20   156803.0000   156780.0000   539718    0.01%
 213788 112821   156780.0000    21   156803.0000   156780.0000   539719    0.01%
 213789 112822   156780.0000    22   156803.0000   156780.0000   539720    0.01%
 213790 112823   156780.0000    22   156803.0000   156780.0000   539721    0.01%
 213791 112824   156780.0000    22   156803.0000   156780.0000   539722    0.01%
 213792 112825   156780.0000    22   156803.0000   156780.0000   539723    0.01%
 213793 112826   156780.0000    20   156803.0000   156780.0000   539724    0.01%
Elapsed time = 63.28 sec. (101059.72 ticks, tree = 554.19 MB, solutions = 47)
 222015 118745   156780.0000    20   156803.0000   156780.0000   563248    0.01%
 222016 118746   156780.0000    19   156803.0000   156780.0000   563250    0.01%
 222017 118747   156780.0000    19   156803.0000   156780.0000   563253    0.01%
 222018 118748   156780.0000    15   156803.0000   156780.0000   563256    0.01%
 222019 118749   156780.0000    17   156803.0000   156780.0000   563260    0.01%
 222020 118750   156798.5000    15   156803.0000   156780.0000   563273    0.01%
 222021 118750   156798.5000    16   156803.0000   156780.0000   563274    0.01%
 222022 118749        cutoff         156803.0000   156780.0000   563276    0.01%
 222023 118748        cutoff         156803.0000   156780.0000   563289    0.01%
 222024 118747        cutoff         156803.0000   156780.0000   563301    0.01%
Elapsed time = 65.67 sec. (104878.79 ticks, tree = 583.25 MB, solutions = 47)
 230042 123941   156793.2000    16   156803.0000   156780.0000   589437    0.01%
 230043 123940    infeasible         156803.0000   156780.0000   589437    0.01%
 230044 123939   156793.5000    13   156803.0000   156780.0000   589443    0.01%
 230045 123940   156782.1000    23   156803.0000   156780.0000   589457    0.01%
 230046 123941   156782.1000    23   156803.0000   156780.0000   589459    0.01%
 230047 123942   156782.1000    23   156803.0000   156780.0000   589460    0.01%
 230048 123943   156782.1000    22   156803.0000   156780.0000   589462    0.01%
 230049 123944   156782.1000    23   156803.0000   156780.0000   589465    0.01%
 230050 123945   156782.1000    22   156803.0000   156780.0000   589468    0.01%
 230051 123946   156782.1000    22   156803.0000   156780.0000   589474    0.01%
Elapsed time = 68.01 sec. (108697.85 ticks, tree = 608.80 MB, solutions = 47)
 238345 129561   156787.0000    13   156803.0000   156780.0000   613883    0.01%
 238346 129562   156787.0000    13   156803.0000   156780.0000   613885    0.01%
 238347 129563   156787.0000    12   156803.0000   156780.0000   613887    0.01%
 238348 129564   156787.0000    12   156803.0000   156780.0000   613889    0.01%
 238349 129565   156787.0000    13   156803.0000   156780.0000   613891    0.01%
 238350 129566   156787.0000    13   156803.0000   156780.0000   613892    0.01%
 238351 129567   156787.0000    13   156803.0000   156780.0000   613894    0.01%
 238352 129568   156787.0000    12   156803.0000   156780.0000   613895    0.01%
 238353 129569   156787.0000    13   156803.0000   156780.0000   613898    0.01%
 238354 129570   156787.0000    13   156803.0000   156780.0000   613901    0.01%
Elapsed time = 70.36 sec. (112515.74 ticks, tree = 636.37 MB, solutions = 47)
 246178 135192   156780.0000    20   156803.0000   156780.0000   635012    0.01%
 246179 135193   156780.0000    20   156803.0000   156780.0000   635015    0.01%
 246180 135194   156780.0000    20   156803.0000   156780.0000   635019    0.01%
 246181 135195   156780.0000    20   156803.0000   156780.0000   635021    0.01%
 246182 135196   156781.8889    19   156803.0000   156780.0000   635026    0.01%
 246183 135197   156781.8889    19   156803.0000   156780.0000   635027    0.01%
 246184 135198   156781.8889    20   156803.0000   156780.0000   635030    0.01%
 246185 135199   156781.8889    20   156803.0000   156780.0000   635031    0.01%
 246186 135200   156781.8889    20   156803.0000   156780.0000   635032    0.01%
 246187 135201   156781.8889    20   156803.0000   156780.0000   635033    0.01%
Elapsed time = 72.77 sec. (116334.68 ticks, tree = 665.64 MB, solutions = 47)
 254219 140995   156801.8750    19   156803.0000   156780.0000   655587    0.01%
 254220 140996   156801.8750    19   156803.0000   156780.0000   655588    0.01%
 254221 140997   156801.8750    19   156803.0000   156780.0000   655589    0.01%
 254222 140998   156801.8750    19   156803.0000   156780.0000   655591    0.01%
 254223 140999   156801.8750    19   156803.0000   156780.0000   655592    0.01%
 254224 141000   156801.8750    19   156803.0000   156780.0000   655593    0.01%
 254225 141001   156801.8750    19   156803.0000   156780.0000   655594    0.01%
 254226 141002   156801.8750    19   156803.0000   156780.0000   655595    0.01%
 254227 141003   156801.8750    19   156803.0000   156780.0000   655596    0.01%
 254228 141004   156801.8750    19   156803.0000   156780.0000   655597    0.01%
Elapsed time = 75.15 sec. (120153.50 ticks, tree = 694.21 MB, solutions = 47)
 262187 147143   156790.7500    17   156803.0000   156780.0000   675630    0.01%
 262188 147144   156790.7500    17   156803.0000   156780.0000   675631    0.01%
 262189 147145   156790.7500    17   156803.0000   156780.0000   675634    0.01%
 262190 147146   156790.7500    18   156803.0000   156780.0000   675635    0.01%
 262191 147147   156790.7500    18   156803.0000   156780.0000   675636    0.01%
 262192 147148   156790.7500    18   156803.0000   156780.0000   675637    0.01%
 262193 147149   156792.1667    16   156803.0000   156780.0000   675643    0.01%
 262194 147150   156792.1667    15   156803.0000   156780.0000   675645    0.01%
 262195 147151   156792.1667    15   156803.0000   156780.0000   675646    0.01%
 262196 147152   156792.1667    15   156803.0000   156780.0000   675647    0.01%
Elapsed time = 77.52 sec. (123973.66 ticks, tree = 724.46 MB, solutions = 47)
 270459 153250   156782.6000    16   156803.0000   156780.0000   697684    0.01%
 270460 153249        cutoff         156803.0000   156780.0000   697686    0.01%
 270461 153250   156793.0000    13   156803.0000   156780.0000   697690    0.01%
 270462 153249    infeasible         156803.0000   156780.0000   697690    0.01%
 270463 153248    infeasible         156803.0000   156780.0000   697690    0.01%
 270464 153247        cutoff         156803.0000   156780.0000   697693    0.01%
 270465 153248   156780.0000    18   156803.0000   156780.0000   697695    0.01%
 270466 153249   156780.0000    18   156803.0000   156780.0000   697697    0.01%
 270467 153248        cutoff         156803.0000   156780.0000   697701    0.01%
 270468 153249   156780.0000    18   156803.0000   156780.0000   697703    0.01%
Elapsed time = 79.87 sec. (127791.87 ticks, tree = 754.38 MB, solutions = 47)
 278947 160009   156789.2000    10   156803.0000   156780.0000   717925    0.01%
 278948 160010   156789.2000    10   156803.0000   156780.0000   717927    0.01%
 278949 160011   156789.2000    10   156803.0000   156780.0000   717930    0.01%
 278950 160012   156789.2000    10   156803.0000   156780.0000   717931    0.01%
 278951 160013   156789.2000    10   156803.0000   156780.0000   717932    0.01%
 278952 160014   156789.2000    10   156803.0000   156780.0000   717933    0.01%
 278953 160014   156789.2000    10   156803.0000   156780.0000   717934    0.01%
 278954 160013        cutoff         156803.0000   156780.0000   717935    0.01%
 278955 160014   156780.0000    20   156803.0000   156780.0000   717950    0.01%
 278956 160015   156780.0000    21   156803.0000   156780.0000   717953    0.01%
Elapsed time = 82.23 sec. (131613.76 ticks, tree = 788.57 MB, solutions = 47)
 285731 164071   156790.0000    13   156803.0000   156780.0000   740898    0.01%
 285732 164070        cutoff         156803.0000   156780.0000   740906    0.01%
 285733 164070   156790.0000    15   156803.0000   156780.0000   740918    0.01%
 285734 164069    infeasible         156803.0000   156780.0000   740918    0.01%
 285735 164070   156790.0000    13   156803.0000   156780.0000   740934    0.01%
 285736 164070   156790.0000    14   156803.0000   156780.0000   740943    0.01%
 285737 164069    infeasible         156803.0000   156780.0000   740943    0.01%
 285738 164070   156790.0000    13   156803.0000   156780.0000   740955    0.01%
 285739 164071   156790.0000    13   156803.0000   156780.0000   740961    0.01%
 285740 164070    infeasible         156803.0000   156780.0000   740961    0.01%
Elapsed time = 84.75 sec. (135435.22 ticks, tree = 808.54 MB, solutions = 47)
 293004 169029   156780.0000    21   156803.0000   156780.0000   761850    0.01%
 293005 169030   156780.0000    21   156803.0000   156780.0000   761851    0.01%
 293006 169031   156780.0000    19   156803.0000   156780.0000   761852    0.01%
 293007 169032   156780.0000    19   156803.0000   156780.0000   761853    0.01%
 293008 169033   156780.0000    19   156803.0000   156780.0000   761854    0.01%
 293009 169034   156780.0000    19   156803.0000   156780.0000   761855    0.01%
 293010 169035   156780.0000    19   156803.0000   156780.0000   761857    0.01%
 293011 169036   156780.0000    21   156803.0000   156780.0000   761864    0.01%
 293012 169037   156780.0000    21   156803.0000   156780.0000   761866    0.01%
 293013 169038   156780.0000    21   156803.0000   156780.0000   761869    0.01%
Elapsed time = 87.21 sec. (139253.17 ticks, tree = 832.91 MB, solutions = 47)
 300734 174183   156780.0000    21   156803.0000   156780.0000   785564    0.01%
 300735 174184   156780.0000    21   156803.0000   156780.0000   785566    0.01%
 300736 174185   156780.0000    22   156803.0000   156780.0000   785576    0.01%
 300737 174186   156780.0000    21   156803.0000   156780.0000   785581    0.01%
 300738 174187   156780.0000    22   156803.0000   156780.0000   785582    0.01%
 300739 174188   156780.0000    22   156803.0000   156780.0000   785583    0.01%
 300740 174189   156780.0000    22   156803.0000   156780.0000   785593    0.01%
 300741 174190   156780.0000    22   156803.0000   156780.0000   785594    0.01%
 300742 174191   156780.0000    21   156803.0000   156780.0000   785596    0.01%
 300743 174192   156780.0000    21   156803.0000   156780.0000   785597    0.01%
Elapsed time = 89.65 sec. (143073.62 ticks, tree = 858.23 MB, solutions = 47)
 304999 176856   156790.8571    16   156803.0000   156780.0000   799788    0.01%
 305000 176857   156790.8571    16   156803.0000   156780.0000   799789    0.01%
 305001 176858   156790.8571    16   156803.0000   156780.0000   799790    0.01%
 305002 176857        cutoff         156803.0000   156780.0000   799792    0.01%
 305003 176856        cutoff         156803.0000   156780.0000   799793    0.01%
 305004 176857   156780.0000    19   156803.0000   156780.0000   799796    0.01%
 305005 176858   156780.0000    19   156803.0000   156780.0000   799798    0.01%
 305006 176859   156780.0000    19   156803.0000   156780.0000   799799    0.01%
 305007 176860   156780.0000    19   156803.0000   156780.0000   799800    0.01%
 305008 176861   156780.0000    19   156803.0000   156780.0000   799801    0.01%
Elapsed time = 92.32 sec. (146892.86 ticks, tree = 871.36 MB, solutions = 47)
 312686 181933   156795.7500    14   156803.0000   156780.0000   823968    0.01%
 312687 181932    infeasible         156803.0000   156780.0000   823968    0.01%
 312688 181931        cutoff         156803.0000   156780.0000   823974    0.01%
 312689 181930        cutoff         156803.0000   156780.0000   823976    0.01%
 312690 181929        cutoff         156803.0000   156780.0000   823978    0.01%
 312691 181928    infeasible         156803.0000   156780.0000   823978    0.01%
 312692 181927    infeasible         156803.0000   156780.0000   823978    0.01%
 312693 181926    infeasible         156803.0000   156780.0000   823978    0.01%
 312694 181925    infeasible         156803.0000   156780.0000   823978    0.01%
 312695 181926   156780.0000    18   156803.0000   156780.0000   823984    0.01%
Elapsed time = 94.79 sec. (150712.53 ticks, tree = 896.28 MB, solutions = 47)
 318062 184810        cutoff         156803.0000   156780.0000   845228    0.01%
 318063 184810   156791.7143    18   156803.0000   156780.0000   845243    0.01%
 318064 184809        cutoff         156803.0000   156780.0000   845244    0.01%
 318065 184808        cutoff         156803.0000   156780.0000   845250    0.01%
 318066 184809   156789.0000    16   156803.0000   156780.0000   845253    0.01%
 318067 184810   156789.0000    16   156803.0000   156780.0000   845255    0.01%
 318068 184811   156789.0000    15   156803.0000   156780.0000   845260    0.01%
 318069 184810        cutoff         156803.0000   156780.0000   845264    0.01%
 318070 184811   156798.2500     9   156803.0000   156780.0000   845285    0.01%
 318071 184810        cutoff         156803.0000   156780.0000   845291    0.01%
Elapsed time = 97.20 sec. (154535.16 ticks, tree = 910.52 MB, solutions = 47)
 325764 189663   156780.0000    20   156803.0000   156780.0000   868659    0.01%
 325765 189664   156780.0000    20   156803.0000   156780.0000   868664    0.01%
 325766 189665   156780.0000    20   156803.0000   156780.0000   868667    0.01%
 325767 189666   156780.0000    19   156803.0000   156780.0000   868668    0.01%
 325768 189667   156780.0000    19   156803.0000   156780.0000   868675    0.01%
 325769 189668   156780.0000    19   156803.0000   156780.0000   868676    0.01%
 325770 189669   156780.0000    19   156803.0000   156780.0000   868678    0.01%
 325771 189670   156780.0000    19   156803.0000   156780.0000   868680    0.01%
 325772 189671   156780.0000    20   156803.0000   156780.0000   868683    0.01%
 325773 189672   156780.0000    21   156803.0000   156780.0000   868686    0.01%
Elapsed time = 99.65 sec. (158353.59 ticks, tree = 935.71 MB, solutions = 47)

Cover cuts applied:  1
Mixed integer rounding cuts applied:  1

Root node processing (before b&c):
  Real time             =    0.25 sec. (275.16 ticks)
Sequential b&c:
  Real time             =   99.75 sec. (158629.02 ticks)
                          ------------
Total (root+branch&cut) =  100.00 sec. (158904.19 ticks)

Solution pool: 47 solutions saved.

MIP - Time limit exceeded, integer feasible:  Objective =  1.5680300000e+05
Current MIP best bound =  1.5678000000e+05 (gap = 23, 0.01%)
Solution time =  100.00 sec.  Iterations = 872154  Nodes = 326813 (190382)
Deterministic time = 158904.20 ticks  (1589.02 ticks/sec)


Incumbent solution written to file '/tmp/tmpB22gQ7.cplex.sol'.
