
Log started (V12.6.3.0) Sat Apr 21 05:52:14 2018

New value for default parallel thread count: 1

Problem '/tmp/tmp6cV8hq.pyomo.lp' read.
Read time = 0.09 sec. (7.92 ticks)

Problem name         : /tmp/tmp6cV8hq.pyomo.lp
Objective sense      : Minimize
Variables            :    3442  [Nneg: 1,  Binary: 3424,  General Integer: 17]
Objective nonzeros   :       1
Linear constraints   :     463  [Less: 230,  Equal: 233]
  Nonzeros           :  584997
  RHS nonzeros       :     429

Variables            : Min LB: 0.000000         Max UB: 1.000000       
Objective nonzeros   : Min   : 1.000000         Max   : 1.000000       
Linear constraints   :
  Nonzeros           : Min   : 1.000000         Max   : 19973.00       
  RHS nonzeros       : Min   : 1.000000         Max   : 22.00000       
Tried aggregator 2 times.
MIP Presolve eliminated 223 rows and 538 columns.
Aggregator did 19 substitutions.
Reduced MIP has 221 rows, 2885 columns, and 8057 nonzeros.
Reduced MIP has 2884 binaries, 1 generals, 0 SOSs, and 0 indicators.
Presolve time = 0.09 sec. (92.96 ticks)
Found incumbent of value 2194918.000000 after 0.12 sec. (116.20 ticks)
Tried aggregator 1 time.
Reduced MIP has 221 rows, 2885 columns, and 8057 nonzeros.
Reduced MIP has 2884 binaries, 1 generals, 0 SOSs, and 0 indicators.
Presolve time = 0.00 sec. (3.49 ticks)
Probing time = 0.00 sec. (2.04 ticks)
Clique table members: 206.
MIP emphasis: balance optimality and feasibility.
MIP search method: dynamic search.
Parallel mode: none, using 1 thread.
Root relaxation solution time = 0.00 sec. (6.10 ticks)

        Nodes                                         Cuts/
   Node  Left     Objective  IInf  Best Integer    Best Bound    ItCnt     Gap

*     0+    0                      2194918.0000        0.0000           100.00%
      0     0   156779.8571    23  2194918.0000   156779.8571      102   92.86%
*     0+    0                       163312.0000   156779.8571             4.00%
      0     0   156780.0000    27   163312.0000     Fract: 10      137    4.00%
      0     0   156780.0000    28   163312.0000      Cuts: 22      185    4.00%
*     0+    0                       161931.0000   156780.0000             3.18%
*     0+    0                       160528.0000   156780.0000             2.33%
*     0+    0                       160105.0000   156780.0000             2.08%
*     0+    0                       159811.0000   156780.0000             1.90%
*     0+    0                       159294.0000   156780.0000             1.58%
*     0+    0                       159278.0000   156780.0000             1.57%
*     0+    0                       159201.0000   156780.0000             1.52%
      0     2   156780.0000    20   159201.0000   156780.0000      185    1.52%
Elapsed time = 0.31 sec. (356.49 ticks, tree = 0.01 MB, solutions = 9)
    300   284   156780.0000    22   159201.0000   156780.0000     2082    1.52%
    301   285   156780.0000    23   159201.0000   156780.0000     2089    1.52%
    302   286   156780.0000    22   159201.0000   156780.0000     2096    1.52%
    303   287   156780.0000    23   159201.0000   156780.0000     2103    1.52%
    304   288   156780.0000    24   159201.0000   156780.0000     2106    1.52%
    305   289   156780.0000    23   159201.0000   156780.0000     2107    1.52%
    306   290   156780.0000    24   159201.0000   156780.0000     2109    1.52%
    307   291   156780.0000    23   159201.0000   156780.0000     2120    1.52%
    308   292   156780.0000    23   159201.0000   156780.0000     2130    1.52%
*   495+  460                       159147.0000   156780.0000             1.49%
*   495+  453                       158872.0000   156780.0000             1.32%
*   496+  453                       158781.0000   156780.0000             1.26%
*   496+  446                       158599.0000   156780.0000             1.15%
*   497+  447                       158534.0000   156780.0000             1.11%
*   497+  447                       158463.0000   156780.0000             1.06%
*   498+  298                       158322.0000   156780.0000             0.97%
*   498+  198                       158204.0000   156780.0000             0.90%
    498   199   156780.0000    23   158204.0000   156780.0000     3663    0.90%
Elapsed time = 1.03 sec. (1349.77 ticks, tree = 0.80 MB, solutions = 17)
*   598+  180                       158036.0000   156780.0000             0.79%
*   598+  148                       157755.0000   156780.0000             0.62%
*   698+  177                       157663.0000   156780.0000             0.56%
*   798+  226                       157639.0000   156780.0000             0.54%
    798   227   156780.0000    21   157639.0000   156780.0000     5286    0.54%
    799   228   156780.0000    21   157639.0000   156780.0000     5286    0.54%
    800   228   156780.0000    21   157639.0000   156780.0000     5287    0.54%
    801   229   156780.0000    22   157639.0000   156780.0000     5289    0.54%
    802   229   156780.0000    24   157639.0000   156780.0000     5295    0.54%
    803   229   156780.0000    21   157639.0000   156780.0000     5301    0.54%
    804   229   156780.0000    25   157639.0000   156780.0000     5313    0.54%
    805   230   156780.0000    22   157639.0000   156780.0000     5319    0.54%
    806   230   156780.0000    24   157639.0000   156780.0000     5326    0.54%
    807   230   156780.0000    24   157639.0000   156780.0000     5332    0.54%
Elapsed time = 1.72 sec. (2342.51 ticks, tree = 0.94 MB, solutions = 21)
*   898+  291                       157605.0000   156780.0000             0.52%
*   898+  290                       157465.0000   156780.0000             0.44%
*   898+  290                       157370.0000   156780.0000             0.37%
*   998+  373                       157231.0000   156780.0000             0.29%
   1092   447   156780.0000    24   157231.0000   156780.0000     6519    0.29%
   1093   448   156780.0000    24   157231.0000   156780.0000     6520    0.29%
   1094   449   156780.0000    24   157231.0000   156780.0000     6521    0.29%
   1095   450   156780.0000    24   157231.0000   156780.0000     6523    0.29%
   1096   451   156780.0000    24   157231.0000   156780.0000     6524    0.29%
   1097   452   156780.0000    25   157231.0000   156780.0000     6527    0.29%
   1098   453   156780.0000    26   157231.0000   156780.0000     6528    0.29%
   1099   454   156780.0000    25   157231.0000   156780.0000     6535    0.29%
   1100   455   156780.0000    25   157231.0000   156780.0000     6540    0.29%
   1101   456   156780.0000    25   157231.0000   156780.0000     6541    0.29%
Elapsed time = 2.41 sec. (3331.37 ticks, tree = 1.89 MB, solutions = 25)
   2128  1086   156780.0000    23   157231.0000   156780.0000    10812    0.29%
   2129  1085        cutoff         157231.0000   156780.0000    10818    0.29%
   2130  1086   156780.0000    22   157231.0000   156780.0000    10820    0.29%
   2131  1087   156780.0000    24   157231.0000   156780.0000    10825    0.29%
   2132  1088   156780.0000    24   157231.0000   156780.0000    10832    0.29%
   2133  1089   156780.0000    24   157231.0000   156780.0000    10833    0.29%
   2134  1089   156780.0000    24   157231.0000   156780.0000    10835    0.29%
   2135  1090   156780.0000    24   157231.0000   156780.0000    10836    0.29%
   2136  1090   156780.0000    24   157231.0000   156780.0000    10838    0.29%
   2137  1091   156780.0000    25   157231.0000   156780.0000    10844    0.29%
Elapsed time = 3.04 sec. (4291.66 ticks, tree = 4.63 MB, solutions = 25)
   3505  2185   156780.0000    24   157231.0000   156780.0000    15980    0.29%
   3506  2185   156780.0000    23   157231.0000   156780.0000    15983    0.29%
   3507  2185   156780.0000    23   157231.0000   156780.0000    15984    0.29%
   3508  2185   156780.0000    23   157231.0000   156780.0000    15985    0.29%
   3509  2186   156780.0000    23   157231.0000   156780.0000    15985    0.29%
   3510  2186   156780.0000    23   157231.0000   156780.0000    15989    0.29%
   3511  2186   156780.0000    24   157231.0000   156780.0000    15995    0.29%
   3512  2186   156780.0000    24   157231.0000   156780.0000    15996    0.29%
   3513  2186   156780.0000    24   157231.0000   156780.0000    15999    0.29%
   3514  2187   156780.0000    23   157231.0000   156780.0000    16002    0.29%
Elapsed time = 3.67 sec. (5256.37 ticks, tree = 9.41 MB, solutions = 25)
   4898  3336   156780.0000    26   157231.0000   156780.0000    22059    0.29%
   4899  3337   156780.0000    26   157231.0000   156780.0000    22060    0.29%
   4900  3338   156780.0000    27   157231.0000   156780.0000    22067    0.29%
   4901  3339   156780.0000    27   157231.0000   156780.0000    22068    0.29%
   4902  3340   156780.0000    31   157231.0000   156780.0000    22071    0.29%
   4903  3341   156780.0000    31   157231.0000   156780.0000    22072    0.29%
   4904  3342   156780.0000    28   157231.0000   156780.0000    22075    0.29%
   4905  3343   156780.0000    29   157231.0000   156780.0000    22076    0.29%
   4906  3344   156780.0000    29   157231.0000   156780.0000    22077    0.29%
   4907  3345   156780.0000    29   157231.0000   156780.0000    22078    0.29%
Elapsed time = 4.32 sec. (6215.94 ticks, tree = 14.53 MB, solutions = 25)
   6675  4993   156780.0000    30   157231.0000   156780.0000    29680    0.29%
   6676  4994   156780.0000    26   157231.0000   156780.0000    29696    0.29%
   6677  4995   156780.0000    25   157231.0000   156780.0000    29700    0.29%
   6678  4996   157160.5631    23   157231.0000   156780.0000    29718    0.29%
   6679  4996   157172.2306    23   157231.0000   156780.0000    29719    0.29%
   6680  4995        cutoff         157231.0000   156780.0000    29721    0.29%
   6681  4996   156780.0000    20   157231.0000   156780.0000    29750    0.29%
   6682  4997   156780.0000    25   157231.0000   156780.0000    29761    0.29%
   6683  4998   156780.0000    27   157231.0000   156780.0000    29764    0.29%
   6684  4999   156780.0000    27   157231.0000   156780.0000    29778    0.29%
Elapsed time = 4.96 sec. (7176.71 ticks, tree = 22.01 MB, solutions = 25)
   8271  6183   156780.0000    24   157231.0000   156780.0000    37084    0.29%
   8272  6184   156780.0000    26   157231.0000   156780.0000    37087    0.29%
   8273  6185   156780.0000    25   157231.0000   156780.0000    37098    0.29%
   8274  6186   156780.0000    27   157231.0000   156780.0000    37107    0.29%
   8275  6187   156780.0000    25   157231.0000   156780.0000    37121    0.29%
   8276  6188   156780.0000    26   157231.0000   156780.0000    37127    0.29%
   8277  6189   156780.0000    27   157231.0000   156780.0000    37130    0.29%
   8278  6190   156780.0000    25   157231.0000   156780.0000    37132    0.29%
   8279  6191   156780.0000    25   157231.0000   156780.0000    37153    0.29%
   8280  6190        cutoff         157231.0000   156780.0000    37175    0.29%
Elapsed time = 5.62 sec. (8140.16 ticks, tree = 27.36 MB, solutions = 25)
   9864  7482   156780.0000    24   157231.0000   156780.0000    44955    0.29%
   9865  7483   156780.0000    24   157231.0000   156780.0000    44957    0.29%
   9866  7484   156780.0000    25   157231.0000   156780.0000    44960    0.29%
   9867  7485   156780.0000    24   157231.0000   156780.0000    44962    0.29%
   9868  7486   156780.0000    22   157231.0000   156780.0000    44964    0.29%
   9869  7487   156780.0000    22   157231.0000   156780.0000    44965    0.29%
   9870  7488   156780.0000    25   157231.0000   156780.0000    44976    0.29%
   9871  7489   156780.0000    23   157231.0000   156780.0000    44978    0.29%
   9872  7490   156780.0000    24   157231.0000   156780.0000    44984    0.29%
   9873  7491   156780.0000    23   157231.0000   156780.0000    44987    0.29%
Elapsed time = 6.26 sec. (9098.64 ticks, tree = 33.27 MB, solutions = 25)
  10398  7970   156780.0000    26   157231.0000   156780.0000    47126    0.29%
  10399  7971   156780.0000    23   157231.0000   156780.0000    47142    0.29%
  10400  7972   156780.0000    27   157231.0000   156780.0000    47156    0.29%
  10401  7973   156780.0000    27   157231.0000   156780.0000    47157    0.29%
  10402  7974   156780.0000    26   157231.0000   156780.0000    47159    0.29%
  10403  7974   156780.0000    26   157231.0000   156780.0000    47160    0.29%
  10404  7974   156780.0000    26   157231.0000   156780.0000    47161    0.29%
  10405  7975   156780.0000    23   157231.0000   156780.0000    47162    0.29%
  10406  7976   156780.0000    24   157231.0000   156780.0000    47164    0.29%
  15399 12145   156780.0000    22   157231.0000   156780.0000    71974    0.29%
Elapsed time = 8.92 sec. (12913.95 ticks, tree = 55.10 MB, solutions = 25)
  21517 17321   157092.3628    20   157231.0000   156780.0000   103787    0.29%
  21518 17321   157093.0000    19   157231.0000   156780.0000   103788    0.29%
  21519 17320        cutoff         157231.0000   156780.0000   103790    0.29%
  21520 17321   156780.0000    22   157231.0000   156780.0000   103809    0.29%
  21521 17322   156780.0000    22   157231.0000   156780.0000   103811    0.29%
  21522 17323   156780.0000    22   157231.0000   156780.0000   103813    0.29%
  21523 17324   156780.0000    24   157231.0000   156780.0000   103820    0.29%
  21524 17325   156780.0000    25   157231.0000   156780.0000   103821    0.29%
  21525 17326   156780.0000    22   157231.0000   156780.0000   103824    0.29%
  21526 17327   156780.0000    22   157231.0000   156780.0000   103827    0.29%
Elapsed time = 11.49 sec. (16732.64 ticks, tree = 80.60 MB, solutions = 25)
  27098 21752   156780.0000    22   157231.0000   156780.0000   134870    0.29%
  27099 21753   156780.0000    24   157231.0000   156780.0000   134881    0.29%
  27100 21754   156780.0000    21   157231.0000   156780.0000   134890    0.29%
  27101 21755   156780.0000    24   157231.0000   156780.0000   134896    0.29%
  27102 21756   156780.0000    24   157231.0000   156780.0000   134897    0.29%
  27103 21757   156780.0000    24   157231.0000   156780.0000   134913    0.29%
  27104 21758   156780.0000    25   157231.0000   156780.0000   134919    0.29%
  27105 21759   156780.0000    24   157231.0000   156780.0000   134928    0.29%
  27106 21760   156780.0000    23   157231.0000   156780.0000   134929    0.29%
  27107 21759        cutoff         157231.0000   156780.0000   134954    0.29%
Elapsed time = 14.06 sec. (20553.10 ticks, tree = 102.73 MB, solutions = 25)
  32199 25788   156780.0000    30   157231.0000   156780.0000   166094    0.29%
  32200 25789   156780.0000    30   157231.0000   156780.0000   166102    0.29%
  32201 25790   156780.0000    30   157231.0000   156780.0000   166103    0.29%
  32202 25791   156780.0000    29   157231.0000   156780.0000   166109    0.29%
  32203 25792   156780.0000    29   157231.0000   156780.0000   166113    0.29%
  32204 25793   156780.0000    27   157231.0000   156780.0000   166124    0.29%
  32205 25794   156780.0000    26   157231.0000   156780.0000   166127    0.29%
  32206 25795   156780.0000    25   157231.0000   156780.0000   166131    0.29%
  32207 25796   156780.0000    29   157231.0000   156780.0000   166134    0.29%
  32208 25797   156780.0000    31   157231.0000   156780.0000   166137    0.29%
Elapsed time = 16.72 sec. (24379.20 ticks, tree = 123.84 MB, solutions = 25)
  37450 30314   156780.0000    31   157231.0000   156780.0000   194968    0.29%
  37451 30315   156780.0000    34   157231.0000   156780.0000   194971    0.29%
  37452 30316   156780.0000    31   157231.0000   156780.0000   194983    0.29%
  37453 30317   156780.0000    30   157231.0000   156780.0000   194995    0.29%
  37454 30318   156780.0000    33   157231.0000   156780.0000   195003    0.29%
  37455 30319   156780.0000    31   157231.0000   156780.0000   195005    0.29%
  37456 30320   156780.0000    30   157231.0000   156780.0000   195006    0.29%
  37457 30321   156780.0000    28   157231.0000   156780.0000   195015    0.29%
  37458 30322   156780.0000    31   157231.0000   156780.0000   195026    0.29%
  37459 30323   156780.0000    26   157231.0000   156780.0000   195035    0.29%
Elapsed time = 19.26 sec. (28202.52 ticks, tree = 148.69 MB, solutions = 25)
  41253 33237   156780.0000    24   157231.0000   156780.0000   225333    0.29%
  41254 33238   156780.0000    23   157231.0000   156780.0000   225336    0.29%
  41255 33239   156780.0000    24   157231.0000   156780.0000   225341    0.29%
  41256 33240   156780.0000    23   157231.0000   156780.0000   225357    0.29%
  41257 33241   156780.0000    22   157231.0000   156780.0000   225363    0.29%
  41258 33242   156780.0000    25   157231.0000   156780.0000   225381    0.29%
  41259 33243   156780.0000    24   157231.0000   156780.0000   225385    0.29%
  41260 33244   156780.0000    23   157231.0000   156780.0000   225387    0.29%
  41261 33245   156780.0000    23   157231.0000   156780.0000   225388    0.29%
  41262 33244        cutoff         157231.0000   156780.0000   225404    0.29%
Elapsed time = 21.78 sec. (32024.52 ticks, tree = 165.93 MB, solutions = 25)
  45798 37193   156780.0000    30   157231.0000   156780.0000   256210    0.29%
  45799 37193   156780.0000    31   157231.0000   156780.0000   256232    0.29%
  45800 37194   156780.0000    28   157231.0000   156780.0000   256235    0.29%
  45801 37195   156780.0000    26   157231.0000   156780.0000   256237    0.29%
  45802 37196   156780.0000    26   157231.0000   156780.0000   256242    0.29%
  45803 37197   156780.0000    27   157231.0000   156780.0000   256243    0.29%
  45804 37198   156780.0000    28   157231.0000   156780.0000   256247    0.29%
  45805 37199   156780.0000    26   157231.0000   156780.0000   256250    0.29%
  45806 37200   157164.0000    14   157231.0000   156780.0000   256325    0.29%
  45807 37201   157164.0000    14   157231.0000   156780.0000   256326    0.29%
Elapsed time = 24.34 sec. (35891.53 ticks, tree = 190.06 MB, solutions = 25)
  50723 41325   157055.4411    17   157231.0000   156780.0000   279534    0.29%
  50724 41325   157055.4411    17   157231.0000   156780.0000   279535    0.29%
  50725 41325   157055.4411    17   157231.0000   156780.0000   279536    0.29%
  50726 41325   157055.8788    17   157231.0000   156780.0000   279537    0.29%
  50727 41326   157055.8788    17   157231.0000   156780.0000   279538    0.29%
  50728 41327   157055.8788    17   157231.0000   156780.0000   279539    0.29%
  50729 41327   157055.8788    17   157231.0000   156780.0000   279540    0.29%
  50730 41328   157055.8788    17   157231.0000   156780.0000   279541    0.29%
  50731 41329   157055.8788    17   157231.0000   156780.0000   279542    0.29%
  50732 41330   157056.8935    17   157231.0000   156780.0000   279543    0.29%
Elapsed time = 26.75 sec. (39717.63 ticks, tree = 216.14 MB, solutions = 25)
  55401 45077   156780.0000    37   157231.0000   156780.0000   306874    0.29%
  55402 45078   156780.0000    35   157231.0000   156780.0000   306877    0.29%
  55403 45079   156780.0000    26   157231.0000   156780.0000   306885    0.29%
  55404 45080   156780.0000    26   157231.0000   156780.0000   306904    0.29%
  55405 45081   156780.0000    24   157231.0000   156780.0000   306908    0.29%
  55406 45082   156780.0000    30   157231.0000   156780.0000   306924    0.29%
  55407 45083   156780.0000    26   157231.0000   156780.0000   306926    0.29%
  55408 45084   156780.0000    25   157231.0000   156780.0000   306931    0.29%
  55409 45085   156780.0000    31   157231.0000   156780.0000   306942    0.29%
  55410 45086   156780.0000    29   157231.0000   156780.0000   306945    0.29%
Elapsed time = 29.25 sec. (43540.92 ticks, tree = 239.80 MB, solutions = 25)
  58200 47356   156889.5637    25   157231.0000   156780.0000   334960    0.29%
  58201 47356   156889.5637    27   157231.0000   156780.0000   334963    0.29%
  58202 47355    infeasible         157231.0000   156780.0000   334963    0.29%
  58203 47356   156780.0000    34   157231.0000   156780.0000   335017    0.29%
  58204 47357   156780.0000    31   157231.0000   156780.0000   335052    0.29%
  58205 47358   156780.0000    33   157231.0000   156780.0000   335075    0.29%
  58206 47359   156780.0000    36   157231.0000   156780.0000   335114    0.29%
  58207 47360   156780.0000    31   157231.0000   156780.0000   335116    0.29%
  58208 47361   156780.0000    33   157231.0000   156780.0000   335126    0.29%
  58209 47362   156780.0000    26   157231.0000   156780.0000   335143    0.29%
Elapsed time = 31.75 sec. (47376.57 ticks, tree = 254.50 MB, solutions = 25)
  62068 50717   156780.0000    32   157231.0000   156780.0000   368220    0.29%
  62069 50718   156780.0000    32   157231.0000   156780.0000   368221    0.29%
  62070 50719   156780.0000    33   157231.0000   156780.0000   368225    0.29%
  62071 50720   156780.0000    33   157231.0000   156780.0000   368232    0.29%
  62072 50721   156780.0000    33   157231.0000   156780.0000   368236    0.29%
  62073 50722   156780.0000    38   157231.0000   156780.0000   368256    0.29%
  62074 50723   156780.0000    38   157231.0000   156780.0000   368258    0.29%
  62075 50724   156780.0000    37   157231.0000   156780.0000   368260    0.29%
  62076 50725   156780.0000    35   157231.0000   156780.0000   368262    0.29%
  62077 50726   156780.0000    36   157231.0000   156780.0000   368270    0.29%
Elapsed time = 34.20 sec. (51198.41 ticks, tree = 276.58 MB, solutions = 25)
  65273 53298   156780.0000    26   157231.0000   156780.0000   398886    0.29%
  65274 53299   156780.0000    35   157231.0000   156780.0000   398910    0.29%
  65275 53300   156780.0000    32   157231.0000   156780.0000   398915    0.29%
  65276 53301   156780.0000    31   157231.0000   156780.0000   398919    0.29%
  65277 53302   156780.0000    31   157231.0000   156780.0000   398925    0.29%
  65278 53303   156780.0000    30   157231.0000   156780.0000   398930    0.29%
  65279 53304   156780.0000    26   157231.0000   156780.0000   398948    0.29%
  65280 53305   156780.0000    26   157231.0000   156780.0000   398949    0.29%
  65281 53306   156780.0000    28   157231.0000   156780.0000   398968    0.29%
  65282 53307   156780.0000    32   157231.0000   156780.0000   398988    0.29%
Elapsed time = 36.59 sec. (55023.39 ticks, tree = 294.46 MB, solutions = 25)
  68288 55895   156780.0000    26   157231.0000   156780.0000   433940    0.29%
  68289 55895   156849.1030    31   157231.0000   156780.0000   433981    0.29%
  68290 55895   156849.1030    33   157231.0000   156780.0000   433985    0.29%
  68291 55896   156869.5284    25   157231.0000   156780.0000   433995    0.29%
  68292 55896   157062.1628    27   157231.0000   156780.0000   434004    0.29%
  68293 55895        cutoff         157231.0000   156780.0000   434006    0.29%
  68294 55896   156780.0000    33   157231.0000   156780.0000   434064    0.29%
  68295 55897   156780.0000    31   157231.0000   156780.0000   434068    0.29%
  68296 55898   156780.0000    31   157231.0000   156780.0000   434072    0.29%
  68297 55899   156780.0000    29   157231.0000   156780.0000   434076    0.29%
Elapsed time = 39.09 sec. (58854.39 ticks, tree = 312.86 MB, solutions = 25)
  71730 58853   156780.0000    30   157231.0000   156780.0000   461752    0.29%
  71731 58854   156780.0000    30   157231.0000   156780.0000   461753    0.29%
  71732 58855   156780.0000    30   157231.0000   156780.0000   461754    0.29%
  71733 58856   156780.0000    30   157231.0000   156780.0000   461755    0.29%
  71734 58857   156780.0000    29   157231.0000   156780.0000   461756    0.29%
  71735 58858   156780.0000    29   157231.0000   156780.0000   461757    0.29%
  71736 58859   156780.0000    29   157231.0000   156780.0000   461765    0.29%
  71737 58860   156780.0000    30   157231.0000   156780.0000   461766    0.29%
  71738 58861   156780.0000    29   157231.0000   156780.0000   461793    0.29%
  71739 58862   156780.0000    25   157231.0000   156780.0000   461798    0.29%
Elapsed time = 41.54 sec. (62679.54 ticks, tree = 334.37 MB, solutions = 25)
  76818 63486        cutoff         157231.0000   156780.0000   480874    0.29%
  76819 63487   156783.5031    27   157231.0000   156780.0000   480875    0.29%
  76820 63488   157149.1253    22   157231.0000   156780.0000   480883    0.29%
  76821 63489   157149.1253    21   157231.0000   156780.0000   480884    0.29%
  76822 63490   157149.1253    21   157231.0000   156780.0000   480885    0.29%
  76823 63490   157149.1253    20   157231.0000   156780.0000   480887    0.29%
  76824 63491   157150.0000    19   157231.0000   156780.0000   480888    0.29%
  76825 63492   157150.0000    19   157231.0000   156780.0000   480890    0.29%
  76826 63493   157150.0000    20   157231.0000   156780.0000   480897    0.29%
  76827 63494   157150.0000    19   157231.0000   156780.0000   480898    0.29%
Elapsed time = 43.84 sec. (66498.69 ticks, tree = 368.65 MB, solutions = 25)
  81764 67888   156782.4196    27   157231.0000   156780.0000   506260    0.29%
  81765 67889   156782.4196    27   157231.0000   156780.0000   506263    0.29%
  81766 67890   156782.4196    27   157231.0000   156780.0000   506271    0.29%
  81767 67891   156782.4196    27   157231.0000   156780.0000   506272    0.29%
  81768 67892   156782.4196    27   157231.0000   156780.0000   506273    0.29%
  81769 67893   156782.4196    28   157231.0000   156780.0000   506276    0.29%
  81770 67894   156782.4196    27   157231.0000   156780.0000   506277    0.29%
  81771 67895   156782.4196    27   157231.0000   156780.0000   506279    0.29%
  81772 67896   156782.4420    28   157231.0000   156780.0000   506280    0.29%
  81773 67897   156782.4420    28   157231.0000   156780.0000   506281    0.29%
Elapsed time = 46.29 sec. (70317.85 ticks, tree = 403.04 MB, solutions = 25)
  87528 73216   156787.9529    26   157231.0000   156780.0000   532361    0.29%
  87529 73215        cutoff         157231.0000   156780.0000   532378    0.29%
  87530 73216   156791.0520    25   157231.0000   156780.0000   532382    0.29%
  87531 73217   156798.6044    28   157231.0000   156780.0000   532391    0.29%
  87532 73218   156805.4053    26   157231.0000   156780.0000   532394    0.29%
  87533 73219   156805.5278    26   157231.0000   156780.0000   532395    0.29%
  87534 73220   156805.5732    26   157231.0000   156780.0000   532396    0.29%
  87535 73221   156805.6183    27   157231.0000   156780.0000   532397    0.29%
  87536 73222   156805.6664    27   157231.0000   156780.0000   532398    0.29%
  87537 73223   156805.6708    27   157231.0000   156780.0000   532399    0.29%
Elapsed time = 48.64 sec. (74138.43 ticks, tree = 442.72 MB, solutions = 25)
  92302 77543   156805.6166    28   157231.0000   156780.0000   557757    0.29%
  92303 77543   156805.6166    27   157231.0000   156780.0000   557760    0.29%
  92304 77543   156805.6166    29   157231.0000   156780.0000   557762    0.29%
  92305 77544   156806.0744    27   157231.0000   156780.0000   557764    0.29%
  92306 77545   156806.6837    27   157231.0000   156780.0000   557768    0.29%
  92307 77546   156806.6837    26   157231.0000   156780.0000   557771    0.29%
  92308 77547   156806.8899    26   157231.0000   156780.0000   557772    0.29%
  92309 77548   156806.8899    26   157231.0000   156780.0000   557777    0.29%
  92310 77549   156806.8899    26   157231.0000   156780.0000   557778    0.29%
  92311 77550   156806.8899    26   157231.0000   156780.0000   557783    0.29%
Elapsed time = 51.03 sec. (77958.00 ticks, tree = 475.11 MB, solutions = 25)
  96919 81495   156780.0000    27   157231.0000   156780.0000   586069    0.29%
  96920 81496   156780.0000    27   157231.0000   156780.0000   586070    0.29%
  96921 81497   156780.0000    27   157231.0000   156780.0000   586071    0.29%
  96922 81498   156780.0000    27   157231.0000   156780.0000   586072    0.29%
  96923 81499   156780.0000    27   157231.0000   156780.0000   586073    0.29%
  96924 81500   156780.0000    24   157231.0000   156780.0000   586104    0.29%
  96925 81501   156780.0000    24   157231.0000   156780.0000   586115    0.29%
  96926 81502   156780.0000    27   157231.0000   156780.0000   586134    0.29%
  96927 81503   156780.0000    24   157231.0000   156780.0000   586166    0.29%
  96928 81504   156780.0000    25   157231.0000   156780.0000   586175    0.29%
Elapsed time = 53.42 sec. (81782.02 ticks, tree = 505.12 MB, solutions = 25)
 101871 85964   156780.0000    31   157231.0000   156780.0000   615980    0.29%
 101872 85965   156780.0000    30   157231.0000   156780.0000   615984    0.29%
 101873 85966   156780.0000    32   157231.0000   156780.0000   616001    0.29%
 101874 85967   156780.0000    32   157231.0000   156780.0000   616002    0.29%
 101875 85968   156780.0000    33   157231.0000   156780.0000   616006    0.29%
 101876 85969   156780.0000    32   157231.0000   156780.0000   616011    0.29%
 101877 85970   156780.0000    29   157231.0000   156780.0000   616035    0.29%
 101878 85971   156780.0000    30   157231.0000   156780.0000   616046    0.29%
 101879 85972   156780.0000    32   157231.0000   156780.0000   616054    0.29%
 101880 85973   156780.0000    34   157231.0000   156780.0000   616087    0.29%
Elapsed time = 55.81 sec. (85606.55 ticks, tree = 539.28 MB, solutions = 25)
 105516 88929   156780.0000    27   157231.0000   156780.0000   649050    0.29%
 105517 88930   156780.0000    27   157231.0000   156780.0000   649052    0.29%
 105518 88931   156780.0000    27   157231.0000   156780.0000   649053    0.29%
 105519 88932   156780.0000    28   157231.0000   156780.0000   649060    0.29%
 105520 88933   156780.0000    26   157231.0000   156780.0000   649062    0.29%
 105521 88934   156780.0000    28   157231.0000   156780.0000   649098    0.29%
 105522 88935   156780.0000    30   157231.0000   156780.0000   649116    0.29%
 105523 88936   156780.0000    31   157231.0000   156780.0000   649129    0.29%
 105524 88937   156780.0000    31   157231.0000   156780.0000   649130    0.29%
 105525 88938   156780.0000    30   157231.0000   156780.0000   649153    0.29%
Elapsed time = 58.26 sec. (89430.02 ticks, tree = 562.16 MB, solutions = 25)
 109678 92567   156780.0000    27   157231.0000   156780.0000   684948    0.29%
 109679 92568   156806.8717    27   157231.0000   156780.0000   684978    0.29%
 109680 92569   156807.2182    27   157231.0000   156780.0000   684980    0.29%
 109681 92570   156807.2182    27   157231.0000   156780.0000   684983    0.29%
 109682 92570   156807.2182    27   157231.0000   156780.0000   684984    0.29%
 109683 92570   156815.8105    27   157231.0000   156780.0000   684988    0.29%
 109684 92570   156821.8417    27   157231.0000   156780.0000   684989    0.29%
 109685 92570   156822.6401    27   157231.0000   156780.0000   684990    0.29%
 109686 92570   156833.1792    27   157231.0000   156780.0000   684991    0.29%
 109687 92571   156836.3793    27   157231.0000   156780.0000   684992    0.29%
Elapsed time = 60.63 sec. (93250.27 ticks, tree = 590.46 MB, solutions = 25)
 113735 95953   156780.0000    26   157231.0000   156780.0000   713290    0.29%
 113736 95954   156780.0000    26   157231.0000   156780.0000   713294    0.29%
 113737 95955   156780.0000    25   157231.0000   156780.0000   713298    0.29%
 113738 95956   156780.0000    26   157231.0000   156780.0000   713300    0.29%
 113739 95957   156780.0000    28   157231.0000   156780.0000   713304    0.29%
 113740 95958   156780.0000    25   157231.0000   156780.0000   713308    0.29%
 113741 95959   156780.0000    27   157231.0000   156780.0000   713315    0.29%
 113742 95960   156780.0000    26   157231.0000   156780.0000   713321    0.29%
 113743 95961   156780.0000    24   157231.0000   156780.0000   713322    0.29%
 113744 95962   156780.0000    24   157231.0000   156780.0000   713323    0.29%
Elapsed time = 62.96 sec. (97070.72 ticks, tree = 617.07 MB, solutions = 25)
 117508 99236   156780.0000    28   157231.0000   156780.0000   744426    0.29%
 117509 99237   156780.0000    28   157231.0000   156780.0000   744427    0.29%
 117510 99238   156780.0000    28   157231.0000   156780.0000   744428    0.29%
 117511 99239   156780.0000    26   157231.0000   156780.0000   744429    0.29%
 117512 99240   156780.0000    26   157231.0000   156780.0000   744430    0.29%
 117513 99241   156780.0000    26   157231.0000   156780.0000   744431    0.29%
 117514 99242   156780.0000    26   157231.0000   156780.0000   744432    0.29%
 117515 99243   156780.0000    28   157231.0000   156780.0000   744434    0.29%
 117516 99244   156780.0000    29   157231.0000   156780.0000   744437    0.29%
 117517 99245   156780.0000    30   157231.0000   156780.0000   744466    0.29%
Elapsed time = 65.36 sec. (100892.78 ticks, tree = 643.31 MB, solutions = 25)
 121266 102567   156780.0000    29   157231.0000   156780.0000   782220    0.29%
 121267 102568   156780.0000    29   157231.0000   156780.0000   782229    0.29%
 121268 102567        cutoff         157231.0000   156780.0000   782259    0.29%
 121269 102568   156780.0000    27   157231.0000   156780.0000   782289    0.29%
 121270 102569   156780.0000    29   157231.0000   156780.0000   782310    0.29%
 121271 102570   156780.0000    26   157231.0000   156780.0000   782323    0.29%
 121272 102571   156780.0000    28   157231.0000   156780.0000   782335    0.29%
 121273 102570        cutoff         157231.0000   156780.0000   782360    0.29%
 121274 102571   156780.0000    30   157231.0000   156780.0000   782395    0.29%
 121275 102572   156780.0000    30   157231.0000   156780.0000   782434    0.29%
Elapsed time = 67.80 sec. (104726.37 ticks, tree = 670.03 MB, solutions = 25)
 125245 106182   156780.0000    28   157231.0000   156780.0000   821582    0.29%
 125246 106183   156780.0000    32   157231.0000   156780.0000   821622    0.29%
 125247 106184   156780.0000    32   157231.0000   156780.0000   821624    0.29%
 125248 106185   156780.0000    31   157231.0000   156780.0000   821629    0.29%
 125249 106186   156780.0000    31   157231.0000   156780.0000   821635    0.29%
 125250 106187   156780.0000    33   157231.0000   156780.0000   821657    0.29%
 125251 106188   156780.0000    31   157231.0000   156780.0000   821663    0.29%
 125252 106189   156780.0000    31   157231.0000   156780.0000   821668    0.29%
 125253 106190   156780.0000    30   157231.0000   156780.0000   821674    0.29%
 125254 106191   156780.0000    30   157231.0000   156780.0000   821680    0.29%
Elapsed time = 70.25 sec. (108551.31 ticks, tree = 699.34 MB, solutions = 25)
 129198 109792   157095.0000    22   157231.0000   156780.0000   855989    0.29%
 129199 109793   157095.0000    19   157231.0000   156780.0000   855996    0.29%
 129200 109794   157095.0000    20   157231.0000   156780.0000   856004    0.29%
 129201 109795   157095.0000    20   157231.0000   156780.0000   856008    0.29%
 129202 109796   157095.0000    20   157231.0000   156780.0000   856011    0.29%
 129203 109797   157095.0000    20   157231.0000   156780.0000   856013    0.29%
 129204 109798   157095.0000    18   157231.0000   156780.0000   856016    0.29%
 129205 109799   157095.0000    23   157231.0000   156780.0000   856031    0.29%
 129206 109800   157095.0000    19   157231.0000   156780.0000   856033    0.29%
 129207 109801   157095.0000    19   157231.0000   156780.0000   856036    0.29%
Elapsed time = 72.76 sec. (112470.65 ticks, tree = 728.52 MB, solutions = 25)
 134418 114394   156780.0000    23   157231.0000   156780.0000   880054    0.29%
 134419 114395   156780.0000    24   157231.0000   156780.0000   880057    0.29%
 134420 114396   156780.0000    23   157231.0000   156780.0000   880063    0.29%
 134421 114397   156780.0000    24   157231.0000   156780.0000   880087    0.29%
 134422 114398   156780.0000    24   157231.0000   156780.0000   880093    0.29%
 134423 114399   156780.0000    25   157231.0000   156780.0000   880101    0.29%
 134424 114400   156780.0000    24   157231.0000   156780.0000   880102    0.29%
 134425 114400   157068.7835    21   157231.0000   156780.0000   880115    0.29%
 134426 114401   157158.4386    16   157231.0000   156780.0000   880123    0.29%
 134427 114400    infeasible         157231.0000   156780.0000   880123    0.29%
Elapsed time = 75.10 sec. (116293.04 ticks, tree = 766.21 MB, solutions = 25)
 137898 117259   156780.0000    26   157231.0000   156780.0000   902099    0.29%
 137899 117260   156780.0000    24   157231.0000   156780.0000   902104    0.29%
 137900 117261   156780.0000    27   157231.0000   156780.0000   902111    0.29%
 137901 117262   156780.0000    24   157231.0000   156780.0000   902118    0.29%
 137902 117263   156780.0000    26   157231.0000   156780.0000   902122    0.29%
 137903 117264   156780.0000    25   157231.0000   156780.0000   902127    0.29%
 137904 117265   156780.0000    26   157231.0000   156780.0000   902131    0.29%
 137905 117266   156780.0000    25   157231.0000   156780.0000   902136    0.29%
 137906 117267   156780.0000    25   157231.0000   156780.0000   902137    0.29%
 137907 117268   156780.0000    25   157231.0000   156780.0000   902138    0.29%
Elapsed time = 77.63 sec. (120114.56 ticks, tree = 790.01 MB, solutions = 25)
 141744 120252   156780.0000    25   157231.0000   156780.0000   929545    0.29%
 141745 120253   156780.0000    26   157231.0000   156780.0000   929548    0.29%
 141746 120254   156780.0000    25   157231.0000   156780.0000   929559    0.29%
 141747 120255   156780.0000    30   157231.0000   156780.0000   929575    0.29%
 141748 120256   156780.0000    30   157231.0000   156780.0000   929577    0.29%
 141749 120257   156780.0000    31   157231.0000   156780.0000   929583    0.29%
 141750 120258   156780.0000    31   157231.0000   156780.0000   929590    0.29%
 141751 120259   156780.0000    31   157231.0000   156780.0000   929591    0.29%
 141752 120260   156780.0000    29   157231.0000   156780.0000   929597    0.29%
 141753 120261   156780.0000    29   157231.0000   156780.0000   929600    0.29%
Elapsed time = 80.08 sec. (123935.87 ticks, tree = 815.05 MB, solutions = 25)
 145562 123419   157006.5000    15   157231.0000   156780.0000   957050    0.29%
 145563 123418        cutoff         157231.0000   156780.0000   957052    0.29%
 145564 123417        cutoff         157231.0000   156780.0000   957069    0.29%
 145565 123418   157011.0000    19   157231.0000   156780.0000   957095    0.29%
 145566 123417        cutoff         157231.0000   156780.0000   957112    0.29%
 145567 123416        cutoff         157231.0000   156780.0000   957135    0.29%
 145568 123417   157011.0000    18   157231.0000   156780.0000   957160    0.29%
 145569 123416        cutoff         157231.0000   156780.0000   957177    0.29%
 145570 123415        cutoff         157231.0000   156780.0000   957204    0.29%
 145571 123416   157018.6000    18   157231.0000   156780.0000   957228    0.29%
Elapsed time = 82.68 sec. (127775.19 ticks, tree = 841.39 MB, solutions = 25)
*148098+125287                       157228.0000   156780.0000             0.28%
*148098+124305                       157196.0000   156780.0000             0.26%
 148312 124456   156973.9449    25   157196.0000   156780.0000   985252    0.26%
 148313 124457   157144.0000    12   157196.0000   156780.0000   985255    0.26%
 148314 124458   157144.0000    19   157196.0000   156780.0000   985262    0.26%
 148315 124457        cutoff         157196.0000   156780.0000   985266    0.26%
 148316 124456        cutoff         157196.0000   156780.0000   985271    0.26%
 148317 124455        cutoff         157196.0000   156780.0000   985320    0.26%
 148318 124454        cutoff         157196.0000   156780.0000   985401    0.26%
 148319 124453        cutoff         157196.0000   156780.0000   985420    0.26%
 148320 124452        cutoff         157196.0000   156780.0000   985449    0.26%
 148321 124451        cutoff         157196.0000   156780.0000   985455    0.26%
Elapsed time = 85.45 sec. (131613.28 ticks, tree = 850.74 MB, solutions = 27)
*152498+123143                       157140.0000   156780.0000             0.23%
 152498 123145   156780.0000    24   157140.0000   156780.0000  1017821    0.23%
 152499 123146   156780.0000    24   157140.0000   156780.0000  1017846    0.23%
 152500 123147   156780.0000    25   157140.0000   156780.0000  1017852    0.23%
 152501 123148   156780.0000    23   157140.0000   156780.0000  1017861    0.23%
 152502 123149   156780.0000    21   157140.0000   156780.0000  1017865    0.23%
 152503 123150   156780.0000    22   157140.0000   156780.0000  1017869    0.23%
 152504 123151   156780.0000    22   157140.0000   156780.0000  1017872    0.23%
 152505 123152   156780.0000    23   157140.0000   156780.0000  1017875    0.23%
 152506 123153   156780.0000    24   157140.0000   156780.0000  1017884    0.23%
 152507 123154   156780.0000    24   157140.0000   156780.0000  1017900    0.23%
Elapsed time = 87.91 sec. (135438.60 ticks, tree = 849.58 MB, solutions = 28)
 155498 125567   156780.0000    27   157140.0000   156780.0000  1051115    0.23%
 155499 125568   156780.0000    27   157140.0000   156780.0000  1051116    0.23%
 155500 125569   156780.0000    31   157140.0000   156780.0000  1051143    0.23%
 155501 125570   156780.0000    29   157140.0000   156780.0000  1051147    0.23%
 155502 125571   156780.0000    27   157140.0000   156780.0000  1051149    0.23%
 155503 125572   156780.0000    29   157140.0000   156780.0000  1051158    0.23%
 155504 125573   156780.0000    29   157140.0000   156780.0000  1051167    0.23%
 155505 125574   156780.0000    31   157140.0000   156780.0000  1051181    0.23%
 155506 125575   156780.0000    28   157140.0000   156780.0000  1051191    0.23%
 155507 125576   156780.0000    27   157140.0000   156780.0000  1051192    0.23%
Elapsed time = 90.58 sec. (139500.55 ticks, tree = 869.99 MB, solutions = 28)
 156360 126177   156780.0000    40   157140.0000   156780.0000  1067341    0.23%
 156361 126178   156780.0000    43   157140.0000   156780.0000  1067373    0.23%
 156362 126179   156780.0000    54   157140.0000   156780.0000  1067384    0.23%
 156363 126180   156780.0000    44   157140.0000   156780.0000  1067386    0.23%
 156364 126181   156780.0000    44   157140.0000   156780.0000  1067396    0.23%
 156365 126182   156780.0000    55   157140.0000   156780.0000  1067402    0.23%
 156366 126183   156780.0000    45   157140.0000   156780.0000  1067404    0.23%
 156367 126184   156780.0000    43   157140.0000   156780.0000  1067408    0.23%
 156368 126185   156838.7951    55   157140.0000   156780.0000  1067561    0.23%
 156369 126186   156839.0106    55   157140.0000   156780.0000  1067562    0.23%
Elapsed time = 93.12 sec. (143331.52 ticks, tree = 875.28 MB, solutions = 28)
 159392 128817   156780.0000    41   157140.0000   156780.0000  1096257    0.23%
 159393 128818   156780.0000    37   157140.0000   156780.0000  1096280    0.23%
 159394 128819   156780.0000    31   157140.0000   156780.0000  1096344    0.23%
 159395 128820   156780.0000    31   157140.0000   156780.0000  1096409    0.23%
 159396 128821   156780.0000    31   157140.0000   156780.0000  1096413    0.23%
 159397 128822   156780.0000    32   157140.0000   156780.0000  1096414    0.23%
 159398 128823   156780.0000    32   157140.0000   156780.0000  1096427    0.23%
 159399 128824   156780.0000    31   157140.0000   156780.0000  1096431    0.23%
 159400 128825   156780.0000    29   157140.0000   156780.0000  1096443    0.23%
 159401 128824        cutoff         157140.0000   156780.0000  1096488    0.23%
Elapsed time = 95.50 sec. (147160.81 ticks, tree = 898.49 MB, solutions = 28)
 162672 131358    infeasible         157140.0000   156780.0000  1130858    0.23%
 162673 131357        cutoff         157140.0000   156780.0000  1130889    0.23%
 162674 131358   156780.0000    25   157140.0000   156780.0000  1130913    0.23%
 162675 131359   156780.0000    23   157140.0000   156780.0000  1130921    0.23%
 162676 131360   156780.0000    34   157140.0000   156780.0000  1130965    0.23%
 162677 131361   156780.0000    29   157140.0000   156780.0000  1130978    0.23%
 162678 131362   156780.0000    33   157140.0000   156780.0000  1130999    0.23%
 162679 131363   156780.0000    31   157140.0000   156780.0000  1131009    0.23%
 162680 131364   156780.0000    28   157140.0000   156780.0000  1131028    0.23%
 162681 131365   156780.0000    28   157140.0000   156780.0000  1131042    0.23%
Elapsed time = 97.97 sec. (151002.17 ticks, tree = 922.50 MB, solutions = 28)

Cover cuts applied:  365
Mixed integer rounding cuts applied:  3
Gomory fractional cuts applied:  1

Root node processing (before b&c):
  Real time             =    0.31 sec. (356.96 ticks)
Sequential b&c:
  Real time             =   99.69 sec. (153836.74 ticks)
                          ------------
Total (root+branch&cut) =  100.00 sec. (154193.70 ticks)

Solution pool: 28 solutions saved.

MIP - Time limit exceeded, integer feasible:  Objective =  1.5714000000e+05
Current MIP best bound =  1.5678000000e+05 (gap = 360, 0.23%)
Solution time =  100.00 sec.  Iterations = 1157421  Nodes = 165269 (133546)
Deterministic time = 154193.71 ticks  (1541.93 ticks/sec)


Incumbent solution written to file '/tmp/tmpSM7HeK.cplex.sol'.
