
Log started (V12.6.3.0) Sat Apr 21 05:16:17 2018

New value for default parallel thread count: 1

Problem '/tmp/tmpCQ9rcH.pyomo.lp' read.
Read time = 0.09 sec. (8.05 ticks)

Problem name         : /tmp/tmpCQ9rcH.pyomo.lp
Objective sense      : Minimize
Variables            :    3442  [Nneg: 1,  Binary: 3424,  General Integer: 17]
Objective nonzeros   :       1
Linear constraints   :     463  [Less: 230,  Equal: 233]
  Nonzeros           :  594627
  RHS nonzeros       :     429

Variables            : Min LB: 0.000000         Max UB: 1.000000       
Objective nonzeros   : Min   : 1.000000         Max   : 1.000000       
Linear constraints   :
  Nonzeros           : Min   : 1.000000         Max   : 19973.00       
  RHS nonzeros       : Min   : 1.000000         Max   : 22.00000       
Tried aggregator 2 times.
MIP Presolve eliminated 221 rows and 536 columns.
Aggregator did 21 substitutions.
Reduced MIP has 221 rows, 2885 columns, and 8070 nonzeros.
Reduced MIP has 2884 binaries, 1 generals, 0 SOSs, and 0 indicators.
Presolve time = 0.10 sec. (94.41 ticks)
Found incumbent of value 2194918.000000 after 0.12 sec. (117.84 ticks)
Tried aggregator 1 time.
Reduced MIP has 221 rows, 2885 columns, and 8070 nonzeros.
Reduced MIP has 2884 binaries, 1 generals, 0 SOSs, and 0 indicators.
Presolve time = 0.00 sec. (3.50 ticks)
Probing time = 0.00 sec. (2.04 ticks)
Clique table members: 206.
MIP emphasis: balance optimality and feasibility.
MIP search method: dynamic search.
Parallel mode: none, using 1 thread.
Root relaxation solution time = 0.00 sec. (8.58 ticks)

        Nodes                                         Cuts/
   Node  Left     Objective  IInf  Best Integer    Best Bound    ItCnt     Gap

*     0+    0                      2194918.0000        0.0000           100.00%
      0     0   156779.8571    26  2194918.0000   156779.8571      152   92.86%
*     0+    0                       171965.0000   156779.8571             8.83%
      0     0   156780.0000    27   171965.0000      Fract: 6      175    8.83%
*     0+    0                       170892.0000   156780.0000             8.26%
      0     0   156780.0000    31   170892.0000      Cuts: 28      228    8.26%
*     0+    0                       170134.0000   156780.0000             7.85%
*     0+    0                       166154.0000   156780.0000             5.64%
*     0+    0                       165383.0000   156780.0000             5.20%
*     0+    0                       163189.0000   156780.0000             3.93%
*     0+    0                       162457.0000   156780.0000             3.49%
*     0+    0                       162236.0000   156780.0000             3.36%
*     0+    0                       160848.0000   156780.0000             2.53%
*     0+    0                       160812.0000   156780.0000             2.51%
*     0+    0                       160784.0000   156780.0000             2.49%
*     0+    0                       160543.0000   156780.0000             2.34%
*     0+    0                       159969.0000   156780.0000             1.99%
*     0+    0                       159947.0000   156780.0000             1.98%
*     0+    0                       159734.0000   156780.0000             1.85%
      0     2   156780.0000    25   159734.0000   156780.0000      228    1.85%
Elapsed time = 0.32 sec. (373.45 ticks, tree = 0.01 MB, solutions = 16)
    280   268   156780.0000    21   159734.0000   156780.0000     2015    1.85%
    281   269   156780.0000    21   159734.0000   156780.0000     2019    1.85%
    282   270   156780.0000    20   159734.0000   156780.0000     2022    1.85%
    283   271   156780.0000    21   159734.0000   156780.0000     2025    1.85%
    284   272   156780.0000    21   159734.0000   156780.0000     2035    1.85%
    285   273   156780.0000    21   159734.0000   156780.0000     2037    1.85%
    286   274   156780.0000    22   159734.0000   156780.0000     2042    1.85%
    287   275   156780.0000    22   159734.0000   156780.0000     2045    1.85%
    288   276   156780.0000    22   159734.0000   156780.0000     2049    1.85%
*   990+  923                       159576.0000   156780.0000             1.75%
*   990+  916                       159194.0000   156780.0000             1.52%
*   990+  916                       159122.0000   156780.0000             1.47%
*   990+  916                       159120.0000   156780.0000             1.47%
*   990+  910                       158694.0000   156780.0000             1.21%
*   990+  910                       158604.0000   156780.0000             1.15%
*   993+  606                       158237.0000   156780.0000             0.92%
    993   607   156780.0000    20   158237.0000   156780.0000     5572    0.92%
Elapsed time = 1.11 sec. (1511.79 ticks, tree = 2.52 MB, solutions = 23)
*  1093+  466                       157970.0000   156780.0000             0.75%
*  1093+  341                       157900.0000   156780.0000             0.71%
   1293   442   156780.0000    25   157900.0000   156780.0000     7510    0.71%
   1294   442   156780.0000    25   157900.0000   156780.0000     7511    0.71%
   1295   443   156780.0000    25   157900.0000   156780.0000     7512    0.71%
   1296   444   156780.0000    25   157900.0000   156780.0000     7513    0.71%
   1297   444   156780.0000    25   157900.0000   156780.0000     7514    0.71%
   1298   445   156780.0000    25   157900.0000   156780.0000     7515    0.71%
   1299   446   156780.0000    25   157900.0000   156780.0000     7516    0.71%
   1300   446   156780.0000    25   157900.0000   156780.0000     7517    0.71%
   1301   446   156780.0000    25   157900.0000   156780.0000     7518    0.71%
   1302   447   156780.0000    25   157900.0000   156780.0000     7519    0.71%
Elapsed time = 1.79 sec. (2517.53 ticks, tree = 1.82 MB, solutions = 25)
*  1593+  565                       157812.0000   156780.0000             0.65%
*  1593+  560                       157786.0000   156780.0000             0.64%
*  1593+  556                       157613.0000   156780.0000             0.53%
*  1593+  553                       157553.0000   156780.0000             0.49%
*  1693+  584                       157509.0000   156780.0000             0.46%
*  1693+  584                       157415.0000   156780.0000             0.40%
   1767   632   156780.0000    23   157415.0000   156780.0000     9695    0.40%
   1768   632   156780.0000    22   157415.0000   156780.0000     9700    0.40%
   1769   633   156780.0000    22   157415.0000   156780.0000     9702    0.40%
   1770   632        cutoff         157415.0000   156780.0000     9705    0.40%
   1771   633   156780.0000    22   157415.0000   156780.0000     9710    0.40%
   1772   633   156780.0000    21   157415.0000   156780.0000     9718    0.40%
   1773   634   156780.0000    22   157415.0000   156780.0000     9725    0.40%
   1774   633        cutoff         157415.0000   156780.0000     9729    0.40%
   1775   633   156780.0000    22   157415.0000   156780.0000     9736    0.40%
   1776   633   156780.0000    22   157415.0000   156780.0000     9741    0.40%
Elapsed time = 2.47 sec. (3482.91 ticks, tree = 2.60 MB, solutions = 31)
   2418  1179   156780.0000    21   157415.0000   156780.0000    13203    0.40%
   2419  1180   156780.0000    21   157415.0000   156780.0000    13205    0.40%
   2420  1181   156780.0000    22   157415.0000   156780.0000    13207    0.40%
   2421  1182   156780.0000    24   157415.0000   156780.0000    13215    0.40%
   2422  1183   156780.0000    21   157415.0000   156780.0000    13223    0.40%
   2423  1184   156780.0000    21   157415.0000   156780.0000    13224    0.40%
   2424  1185   156780.0000    24   157415.0000   156780.0000    13242    0.40%
   2425  1186   156780.0000    23   157415.0000   156780.0000    13251    0.40%
   2426  1187   156780.0000    25   157415.0000   156780.0000    13268    0.40%
   2427  1188   156780.0000    24   157415.0000   156780.0000    13269    0.40%
Elapsed time = 3.17 sec. (4445.26 ticks, tree = 4.91 MB, solutions = 31)
   3689  2254   156780.0000    25   157415.0000   156780.0000    18582    0.40%
   3690  2255   156780.0000    24   157415.0000   156780.0000    18587    0.40%
   3691  2256   156780.0000    24   157415.0000   156780.0000    18592    0.40%
   3692  2257   156780.0000    25   157415.0000   156780.0000    18594    0.40%
   3693  2258   156780.0000    24   157415.0000   156780.0000    18607    0.40%
   3694  2259   156780.0000    25   157415.0000   156780.0000    18617    0.40%
   3695  2260   156780.0000    25   157415.0000   156780.0000    18618    0.40%
   3696  2261   156780.0000    25   157415.0000   156780.0000    18619    0.40%
   3697  2262   156780.0000    24   157415.0000   156780.0000    18621    0.40%
   3698  2263   156780.0000    24   157415.0000   156780.0000    18623    0.40%
Elapsed time = 3.80 sec. (5405.08 ticks, tree = 9.53 MB, solutions = 31)
   5093  3525   156821.0000    22   157415.0000   156780.0000    24249    0.40%
   5094  3526   156821.0000    22   157415.0000   156780.0000    24252    0.40%
   5095  3527   156853.8958    23   157415.0000   156780.0000    24269    0.40%
   5096  3528   156857.2300    24   157415.0000   156780.0000    24270    0.40%
   5097  3527        cutoff         157415.0000   156780.0000    24279    0.40%
   5098  3528   156908.6097    23   157415.0000   156780.0000    24282    0.40%
   5099  3528   156908.6097    23   157415.0000   156780.0000    24284    0.40%
   5100  3529   156909.0000    22   157415.0000   156780.0000    24285    0.40%
   5101  3530   156909.0000    24   157415.0000   156780.0000    24305    0.40%
   5102  3531   156909.0000    22   157415.0000   156780.0000    24306    0.40%
Elapsed time = 4.42 sec. (6364.72 ticks, tree = 14.93 MB, solutions = 31)
   6873  5092   156780.0000    25   157415.0000   156780.0000    30992    0.40%
   6874  5093   156780.0000    23   157415.0000   156780.0000    30994    0.40%
   6875  5094   156780.0000    24   157415.0000   156780.0000    30995    0.40%
   6876  5095   156780.0000    26   157415.0000   156780.0000    31000    0.40%
   6877  5095   156780.0000    25   157415.0000   156780.0000    31006    0.40%
   6878  5096   156780.0000    23   157415.0000   156780.0000    31008    0.40%
   6879  5097   156780.0000    23   157415.0000   156780.0000    31010    0.40%
   6880  5097   156989.3876    22   157415.0000   156780.0000    31019    0.40%
   6881  5098   156780.0000    23   157415.0000   156780.0000    31021    0.40%
   6882  5099   156962.5635    20   157415.0000   156780.0000    31034    0.40%
Elapsed time = 5.05 sec. (7323.56 ticks, tree = 21.75 MB, solutions = 31)
   9036  7125   156984.0000    17   157415.0000   156780.0000    39194    0.40%
   9037  7126   156984.0000    18   157415.0000   156780.0000    39197    0.40%
   9038  7127   156984.0000    17   157415.0000   156780.0000    39198    0.40%
   9039  7128   156984.0000    17   157415.0000   156780.0000    39201    0.40%
   9040  7129   156984.0000    17   157415.0000   156780.0000    39205    0.40%
   9041  7130   156984.0000    17   157415.0000   156780.0000    39206    0.40%
   9042  7131   156984.0000    17   157415.0000   156780.0000    39207    0.40%
   9043  7132   156984.0000    16   157415.0000   156780.0000    39218    0.40%
   9044  7133   156984.0000    17   157415.0000   156780.0000    39222    0.40%
   9045  7134   156984.0000    17   157415.0000   156780.0000    39223    0.40%
Elapsed time = 5.68 sec. (8280.75 ticks, tree = 30.48 MB, solutions = 31)
  10893  8876   156780.0000    24   157415.0000   156780.0000    46037    0.40%
  10894  8877   156780.0000    19   157415.0000   156780.0000    46039    0.40%
  10895  8878   156780.0000    18   157415.0000   156780.0000    46045    0.40%
  10896  8879   156780.0000    17   157415.0000   156780.0000    46049    0.40%
  10897  8880   156780.0000    19   157415.0000   156780.0000    46063    0.40%
  10898  8881   156780.0000    20   157415.0000   156780.0000    46065    0.40%
  10899  8882   156780.0000    20   157415.0000   156780.0000    46066    0.40%
  10900  8883   156780.0000    20   157415.0000   156780.0000    46068    0.40%
  10901  8884   156780.0000    19   157415.0000   156780.0000    46073    0.40%
  10902  8885   156780.0000    20   157415.0000   156780.0000    46076    0.40%
Elapsed time = 6.84 sec. (9809.47 ticks, tree = 38.24 MB, solutions = 31)
  12988 10844   156780.0000    21   157415.0000   156780.0000    52963    0.40%
  12989 10845   156780.0000    23   157415.0000   156780.0000    52969    0.40%
  12990 10846   156780.0000    23   157415.0000   156780.0000    52973    0.40%
  12991 10847   156780.0000    23   157415.0000   156780.0000    52974    0.40%
  12992 10848   156780.0000    23   157415.0000   156780.0000    52975    0.40%
  12993 10849   156781.4308    22   157415.0000   156780.0000    52978    0.40%
  12994 10850   156803.1665    22   157415.0000   156780.0000    52980    0.40%
  12995 10851   156818.4732    22   157415.0000   156780.0000    52982    0.40%
  12996 10852   156818.4732    22   157415.0000   156780.0000    52984    0.40%
  19038 16426   156780.0000    26   157415.0000   156780.0000    74243    0.40%
Elapsed time = 9.37 sec. (13624.27 ticks, tree = 70.91 MB, solutions = 31)
  27510 24258   156780.0000    23   157415.0000   156780.0000   101362    0.40%
  27511 24259   156780.0000    23   157415.0000   156780.0000   101363    0.40%
  27512 24260   156780.0000    23   157415.0000   156780.0000   101364    0.40%
  27513 24261   156780.0000    22   157415.0000   156780.0000   101372    0.40%
  27514 24262   156780.0000    23   157415.0000   156780.0000   101376    0.40%
  27515 24263   156780.0000    24   157415.0000   156780.0000   101377    0.40%
  27516 24264   156780.0000    24   157415.0000   156780.0000   101379    0.40%
  27517 24265   156780.0000    24   157415.0000   156780.0000   101380    0.40%
  27518 24266   156780.0000    24   157415.0000   156780.0000   101384    0.40%
  27519 24267   156780.0000    24   157415.0000   156780.0000   101386    0.40%
Elapsed time = 11.89 sec. (17442.19 ticks, tree = 104.29 MB, solutions = 31)
  36364 32400   156780.0000    21   157415.0000   156780.0000   129347    0.40%
  36365 32401   156780.0000    20   157415.0000   156780.0000   129353    0.40%
  36366 32402   156780.0000    20   157415.0000   156780.0000   129355    0.40%
  36367 32403   156780.0000    22   157415.0000   156780.0000   129362    0.40%
  36368 32404   156780.0000    22   157415.0000   156780.0000   129363    0.40%
  36369 32405   156780.0000    21   157415.0000   156780.0000   129373    0.40%
  36370 32406   156780.0000    21   157415.0000   156780.0000   129379    0.40%
  36371 32407   156780.0000    22   157415.0000   156780.0000   129380    0.40%
  36372 32408   156780.0000    22   157415.0000   156780.0000   129391    0.40%
  36373 32409   156780.0000    21   157415.0000   156780.0000   129398    0.40%
Elapsed time = 14.42 sec. (21261.35 ticks, tree = 139.04 MB, solutions = 31)
  44521 39775   156780.0000    22   157415.0000   156780.0000   153960    0.40%
  44522 39776   156780.0000    21   157415.0000   156780.0000   153961    0.40%
  44523 39777   156780.0000    21   157415.0000   156780.0000   153963    0.40%
  44524 39778   156780.0000    24   157415.0000   156780.0000   153975    0.40%
  44525 39779   156780.0000    26   157415.0000   156780.0000   153986    0.40%
  44526 39780   156780.0000    25   157415.0000   156780.0000   153990    0.40%
  44527 39781   156780.0000    25   157415.0000   156780.0000   153991    0.40%
  44528 39782   156780.0000    25   157415.0000   156780.0000   153995    0.40%
  44529 39783   156780.0000    23   157415.0000   156780.0000   154000    0.40%
  44530 39784   156780.0000    22   157415.0000   156780.0000   154004    0.40%
Elapsed time = 16.94 sec. (25080.33 ticks, tree = 171.52 MB, solutions = 31)
  52871 47485   156780.0000    21   157415.0000   156780.0000   179226    0.40%
  52872 47486   156780.0000    20   157415.0000   156780.0000   179228    0.40%
  52873 47487   156780.0000    21   157415.0000   156780.0000   179230    0.40%
  52874 47488   156780.0000    21   157415.0000   156780.0000   179231    0.40%
  52875 47489   156780.0000    21   157415.0000   156780.0000   179233    0.40%
  52876 47490   156780.0000    21   157415.0000   156780.0000   179235    0.40%
  52877 47491   156780.0000    21   157415.0000   156780.0000   179236    0.40%
  52878 47492   156780.0000    21   157415.0000   156780.0000   179238    0.40%
  52879 47493   156780.0000    21   157415.0000   156780.0000   179240    0.40%
  52880 47494   156780.0000    22   157415.0000   156780.0000   179246    0.40%
Elapsed time = 19.49 sec. (28900.20 ticks, tree = 204.56 MB, solutions = 31)
  61184 55294   156984.0000    20   157415.0000   156780.0000   204625    0.40%
  61185 55295   156984.0000    20   157415.0000   156780.0000   204626    0.40%
  61186 55296   156984.0000    20   157415.0000   156780.0000   204627    0.40%
  61187 55297   156984.0000    21   157415.0000   156780.0000   204629    0.40%
  61188 55298   156984.0000    21   157415.0000   156780.0000   204630    0.40%
  61189 55299   156984.0000    19   157415.0000   156780.0000   204633    0.40%
  61190 55300   156984.0000    21   157415.0000   156780.0000   204639    0.40%
  61191 55301   156984.0000    20   157415.0000   156780.0000   204640    0.40%
  61192 55302   156984.0000    18   157415.0000   156780.0000   204644    0.40%
  61193 55303   156984.0000    20   157415.0000   156780.0000   204648    0.40%
Elapsed time = 22.06 sec. (32720.09 ticks, tree = 237.84 MB, solutions = 31)
  69035 62668   156780.0000    23   157415.0000   156780.0000   229413    0.40%
  69036 62669   156780.0000    23   157415.0000   156780.0000   229414    0.40%
  69037 62670   156780.0000    23   157415.0000   156780.0000   229415    0.40%
  69038 62671   156780.0000    24   157415.0000   156780.0000   229416    0.40%
  69039 62672   156780.0000    23   157415.0000   156780.0000   229417    0.40%
  69040 62673   156780.0000    23   157415.0000   156780.0000   229419    0.40%
  69041 62674   156780.0000    23   157415.0000   156780.0000   229420    0.40%
  69042 62675   156780.0000    23   157415.0000   156780.0000   229421    0.40%
  69043 62676   156780.0000    23   157415.0000   156780.0000   229422    0.40%
  69044 62677   156780.0000    23   157415.0000   156780.0000   229423    0.40%
Elapsed time = 24.62 sec. (36538.22 ticks, tree = 269.26 MB, solutions = 31)
  77157 70315   156780.0000    24   157415.0000   156780.0000   255058    0.40%
  77158 70316   156780.0000    24   157415.0000   156780.0000   255061    0.40%
  77159 70317   156780.0000    23   157415.0000   156780.0000   255063    0.40%
  77160 70318   156780.0000    24   157415.0000   156780.0000   255064    0.40%
  77161 70319   156780.0000    24   157415.0000   156780.0000   255065    0.40%
  77162 70320   156780.0000    23   157415.0000   156780.0000   255066    0.40%
  77163 70321   156780.0000    24   157415.0000   156780.0000   255067    0.40%
  77164 70322   156780.0000    23   157415.0000   156780.0000   255076    0.40%
  77165 70323   156780.0000    23   157415.0000   156780.0000   255078    0.40%
  77166 70324   156780.0000    24   157415.0000   156780.0000   255083    0.40%
Elapsed time = 27.16 sec. (40356.62 ticks, tree = 303.83 MB, solutions = 31)
  85597 78234   156780.0000    22   157415.0000   156780.0000   281650    0.40%
  85598 78235   156780.0000    22   157415.0000   156780.0000   281654    0.40%
  85599 78236   156780.0000    21   157415.0000   156780.0000   281661    0.40%
  85600 78237   156780.0000    21   157415.0000   156780.0000   281665    0.40%
  85601 78238   156780.0000    22   157415.0000   156780.0000   281667    0.40%
  85602 78239   156780.0000    22   157415.0000   156780.0000   281668    0.40%
  85603 78240   156780.0000    22   157415.0000   156780.0000   281674    0.40%
  85604 78241   156780.0000    22   157415.0000   156780.0000   281679    0.40%
  85605 78242   156780.0000    22   157415.0000   156780.0000   281681    0.40%
  85606 78243   156780.0000    24   157415.0000   156780.0000   281687    0.40%
Elapsed time = 29.69 sec. (44175.26 ticks, tree = 337.53 MB, solutions = 31)
  93728 85867        cutoff         157415.0000   156780.0000   306962    0.40%
  93729 85868   156780.0000    21   157415.0000   156780.0000   306963    0.40%
  93730 85869   156780.0000    22   157415.0000   156780.0000   306965    0.40%
  93731 85870   156780.0000    22   157415.0000   156780.0000   306966    0.40%
  93732 85871   156780.0000    22   157415.0000   156780.0000   306967    0.40%
  93733 85871   156780.0000    22   157415.0000   156780.0000   306968    0.40%
  93734 85872   156780.0000    22   157415.0000   156780.0000   306972    0.40%
  93735 85873   156780.0000    22   157415.0000   156780.0000   306973    0.40%
  93736 85874   156780.0000    23   157415.0000   156780.0000   306975    0.40%
  93737 85875   156780.0000    22   157415.0000   156780.0000   306977    0.40%
Elapsed time = 32.24 sec. (47993.84 ticks, tree = 370.02 MB, solutions = 31)
 101732 93185   156780.0000    27   157415.0000   156780.0000   331296    0.40%
 101733 93186   156780.0000    28   157415.0000   156780.0000   331298    0.40%
 101734 93187   156780.0000    28   157415.0000   156780.0000   331300    0.40%
 101735 93188   156780.0000    28   157415.0000   156780.0000   331301    0.40%
 101736 93189   156780.0000    26   157415.0000   156780.0000   331306    0.40%
 101737 93190   156780.0000    26   157415.0000   156780.0000   331307    0.40%
 101738 93191   156780.0000    26   157415.0000   156780.0000   331314    0.40%
 101739 93192   156780.0000    26   157415.0000   156780.0000   331321    0.40%
 101740 93193   156780.0000    25   157415.0000   156780.0000   331323    0.40%
 101741 93194   156780.0000    25   157415.0000   156780.0000   331326    0.40%
Elapsed time = 34.84 sec. (51812.20 ticks, tree = 401.70 MB, solutions = 31)
 109859 100870   156780.0000    21   157415.0000   156780.0000   359175    0.40%
 109860 100871   156780.0000    19   157415.0000   156780.0000   359182    0.40%
 109861 100872   156780.0000    22   157415.0000   156780.0000   359187    0.40%
 109862 100873   156780.0000    20   157415.0000   156780.0000   359188    0.40%
 109863 100874   156780.0000    20   157415.0000   156780.0000   359189    0.40%
 109864 100875   156780.0000    20   157415.0000   156780.0000   359190    0.40%
 109865 100876   156780.0000    20   157415.0000   156780.0000   359191    0.40%
 109866 100877   156780.0000    20   157415.0000   156780.0000   359192    0.40%
 109867 100878   156780.0000    20   157415.0000   156780.0000   359193    0.40%
 109868 100879   156780.0000    22   157415.0000   156780.0000   359209    0.40%
Elapsed time = 37.42 sec. (55631.31 ticks, tree = 434.39 MB, solutions = 31)
 118190 108655   156780.0000    23   157415.0000   156780.0000   386973    0.40%
 118191 108656   156780.0000    23   157415.0000   156780.0000   386974    0.40%
 118192 108657   156780.0000    23   157415.0000   156780.0000   386975    0.40%
 118193 108658   156780.0000    23   157415.0000   156780.0000   386979    0.40%
 118194 108659   156780.0000    23   157415.0000   156780.0000   386980    0.40%
 118195 108660   156780.0000    26   157415.0000   156780.0000   386985    0.40%
 118196 108661   156780.0000    26   157415.0000   156780.0000   386998    0.40%
 118197 108662   156780.0000    27   157415.0000   156780.0000   387008    0.40%
 118198 108663   156780.0000    25   157415.0000   156780.0000   387013    0.40%
 118199 108664   156780.0000    26   157415.0000   156780.0000   387018    0.40%
Elapsed time = 39.97 sec. (59451.64 ticks, tree = 467.51 MB, solutions = 31)
 126752 116500   156780.0000    25   157415.0000   156780.0000   415066    0.40%
 126753 116501   156780.0000    25   157415.0000   156780.0000   415067    0.40%
 126754 116502   156780.0000    23   157415.0000   156780.0000   415071    0.40%
 126755 116503   156780.0000    25   157415.0000   156780.0000   415076    0.40%
 126756 116504   156780.0000    25   157415.0000   156780.0000   415077    0.40%
 126757 116505   156780.0000    25   157415.0000   156780.0000   415095    0.40%
 126758 116506   156780.0000    26   157415.0000   156780.0000   415096    0.40%
 126759 116507   156780.0000    24   157415.0000   156780.0000   415100    0.40%
 126760 116508   156780.0000    24   157415.0000   156780.0000   415106    0.40%
 126761 116509   156780.0000    25   157415.0000   156780.0000   415108    0.40%
Elapsed time = 42.49 sec. (63270.35 ticks, tree = 500.83 MB, solutions = 31)
 134742 123031   156780.0000    23   157415.0000   156780.0000   442708    0.40%
 134743 123032   156780.0000    22   157415.0000   156780.0000   442711    0.40%
 134744 123033   156780.0000    22   157415.0000   156780.0000   442714    0.40%
 134745 123033   156780.0000    22   157415.0000   156780.0000   442719    0.40%
 134746 123034   156780.0000    23   157415.0000   156780.0000   442724    0.40%
 134747 123035   156780.0000    23   157415.0000   156780.0000   442736    0.40%
 134748 123036   156780.0000    22   157415.0000   156780.0000   442739    0.40%
 134749 123037   156780.0000    22   157415.0000   156780.0000   442740    0.40%
 134750 123038   156780.0000    22   157415.0000   156780.0000   442741    0.40%
 134751 123039   156780.0000    22   157415.0000   156780.0000   442742    0.40%
Elapsed time = 45.04 sec. (67089.34 ticks, tree = 528.50 MB, solutions = 31)
 141723 128853   156780.0000    20   157415.0000   156780.0000   472864    0.40%
 141724 128854   156780.0000    20   157415.0000   156780.0000   472867    0.40%
 141725 128855   156780.0000    20   157415.0000   156780.0000   472870    0.40%
 141726 128856   156780.0000    22   157415.0000   156780.0000   472880    0.40%
 141727 128857   156780.0000    21   157415.0000   156780.0000   472882    0.40%
 141728 128858   156780.0000    21   157415.0000   156780.0000   472888    0.40%
 141729 128859   156780.0000    21   157415.0000   156780.0000   472892    0.40%
 141730 128860   156780.0000    21   157415.0000   156780.0000   472899    0.40%
 141731 128861   156780.0000    20   157415.0000   156780.0000   472901    0.40%
 141732 128862   156780.0000    20   157415.0000   156780.0000   472907    0.40%
Elapsed time = 47.73 sec. (70908.73 ticks, tree = 553.45 MB, solutions = 31)
 149326 135439   156780.0000    22   157415.0000   156780.0000   502405    0.40%
 149327 135440   156780.0000    24   157415.0000   156780.0000   502409    0.40%
 149328 135441   156780.0000    23   157415.0000   156780.0000   502411    0.40%
 149329 135442   156780.0000    21   157415.0000   156780.0000   502419    0.40%
 149330 135443   156780.0000    22   157415.0000   156780.0000   502423    0.40%
 149331 135444   156780.0000    24   157415.0000   156780.0000   502427    0.40%
 149332 135445   156780.0000    23   157415.0000   156780.0000   502431    0.40%
 149333 135446   156780.0000    23   157415.0000   156780.0000   502437    0.40%
 149334 135447   156780.0000    23   157415.0000   156780.0000   502438    0.40%
 149335 135448   156780.0000    25   157415.0000   156780.0000   502442    0.40%
Elapsed time = 50.35 sec. (74727.08 ticks, tree = 583.17 MB, solutions = 31)
 157492 143120   156780.0000    22   157415.0000   156780.0000   529456    0.40%
 157493 143121   156780.0000    22   157415.0000   156780.0000   529457    0.40%
 157494 143122   156780.0000    22   157415.0000   156780.0000   529458    0.40%
 157495 143123   156780.0000    23   157415.0000   156780.0000   529462    0.40%
 157496 143124   156780.0000    24   157415.0000   156780.0000   529467    0.40%
 157497 143125   156780.0000    24   157415.0000   156780.0000   529468    0.40%
 157498 143126   156780.0000    24   157415.0000   156780.0000   529480    0.40%
 157499 143127   156780.0000    26   157415.0000   156780.0000   529491    0.40%
 157500 143128   156780.0000    25   157415.0000   156780.0000   529495    0.40%
 157501 143129   156780.0000    25   157415.0000   156780.0000   529496    0.40%
Elapsed time = 52.94 sec. (78545.90 ticks, tree = 615.71 MB, solutions = 31)
 165698 150916   156780.0000    23   157415.0000   156780.0000   556848    0.40%
 165699 150917   156780.0000    23   157415.0000   156780.0000   556853    0.40%
 165700 150918   156780.0000    23   157415.0000   156780.0000   556856    0.40%
 165701 150919   156780.0000    23   157415.0000   156780.0000   556858    0.40%
 165702 150920   156780.0000    24   157415.0000   156780.0000   556859    0.40%
 165703 150921   156780.0000    23   157415.0000   156780.0000   556861    0.40%
 165704 150922   156780.0000    21   157415.0000   156780.0000   556869    0.40%
 165705 150923   156780.0000    21   157415.0000   156780.0000   556872    0.40%
 165706 150924   156780.0000    22   157415.0000   156780.0000   556873    0.40%
 165707 150925   156780.0000    20   157415.0000   156780.0000   556876    0.40%
Elapsed time = 55.49 sec. (82363.99 ticks, tree = 648.90 MB, solutions = 31)
 173623 158208   156780.0000    22   157415.0000   156780.0000   582544    0.40%
 173624 158209   156780.0000    23   157415.0000   156780.0000   582548    0.40%
 173625 158210   156780.0000    22   157415.0000   156780.0000   582550    0.40%
 173626 158211   156780.0000    22   157415.0000   156780.0000   582551    0.40%
 173627 158212   156780.0000    22   157415.0000   156780.0000   582552    0.40%
 173628 158213   156780.0000    22   157415.0000   156780.0000   582553    0.40%
 173629 158214   156780.0000    22   157415.0000   156780.0000   582554    0.40%
 173630 158215   156780.0000    22   157415.0000   156780.0000   582556    0.40%
 173631 158216   156780.0000    23   157415.0000   156780.0000   582558    0.40%
 173632 158217   156780.0000    24   157415.0000   156780.0000   582561    0.40%
Elapsed time = 58.04 sec. (86181.89 ticks, tree = 681.06 MB, solutions = 31)
 181664 165717   156780.0000    20   157415.0000   156780.0000   607216    0.40%
 181665 165718   156780.0000    20   157415.0000   156780.0000   607220    0.40%
 181666 165719   156780.0000    22   157415.0000   156780.0000   607229    0.40%
 181667 165720   156780.0000    21   157415.0000   156780.0000   607230    0.40%
 181668 165721   156780.0000    21   157415.0000   156780.0000   607232    0.40%
 181669 165722   156780.0000    22   157415.0000   156780.0000   607234    0.40%
 181670 165723   156780.0000    22   157415.0000   156780.0000   607235    0.40%
 181671 165724   156780.0000    21   157415.0000   156780.0000   607236    0.40%
 181672 165725   156780.0000    21   157415.0000   156780.0000   607237    0.40%
 181673 165726   156780.0000    22   157415.0000   156780.0000   607238    0.40%
Elapsed time = 60.61 sec. (90000.23 ticks, tree = 713.03 MB, solutions = 31)
*188393+171988                       157407.0000   156780.0000             0.40%
*189593+172570                       157390.0000   156780.0000             0.39%
*189693+171408                       157355.0000   156780.0000             0.37%
 189693 171410   156780.0000    24   157355.0000   156780.0000   632479    0.37%
 189694 171411   156780.0000    24   157355.0000   156780.0000   632481    0.37%
 189695 171412   156780.0000    24   157355.0000   156780.0000   632482    0.37%
 189696 171413   156780.0000    24   157355.0000   156780.0000   632483    0.37%
 189697 171414   156780.0000    23   157355.0000   156780.0000   632484    0.37%
 189698 171415   156780.0000    23   157355.0000   156780.0000   632485    0.37%
 189699 171416   156780.0000    23   157355.0000   156780.0000   632489    0.37%
 189700 171417   156780.0000    23   157355.0000   156780.0000   632491    0.37%
 189701 171418   156780.0000    23   157355.0000   156780.0000   632492    0.37%
 189702 171419   156780.0000    23   157355.0000   156780.0000   632494    0.37%
Elapsed time = 63.26 sec. (93838.25 ticks, tree = 736.95 MB, solutions = 34)
 198301 179513   156780.0000    26   157355.0000   156780.0000   658919    0.37%
 198302 179514   156780.0000    26   157355.0000   156780.0000   658929    0.37%
 198303 179515   156780.0000    26   157355.0000   156780.0000   658931    0.37%
 198304 179516   156780.0000    24   157355.0000   156780.0000   658933    0.37%
 198305 179517   156780.0000    24   157355.0000   156780.0000   658938    0.37%
 198306 179518   156780.0000    26   157355.0000   156780.0000   658944    0.37%
 198307 179519   156780.0000    26   157355.0000   156780.0000   658946    0.37%
 198308 179520   156780.0000    26   157355.0000   156780.0000   658958    0.37%
 198309 179521   156780.0000    24   157355.0000   156780.0000   658964    0.37%
 198310 179522   156780.0000    24   157355.0000   156780.0000   658978    0.37%
Elapsed time = 65.85 sec. (97659.34 ticks, tree = 771.77 MB, solutions = 34)
 206987 187806   156780.0000    24   157355.0000   156780.0000   684851    0.37%
 206988 187807   156780.0000    22   157355.0000   156780.0000   684852    0.37%
 206989 187808   156780.0000    23   157355.0000   156780.0000   684857    0.37%
 206990 187809   156780.0000    25   157355.0000   156780.0000   684867    0.37%
 206991 187810   157208.5242    18   157355.0000   156780.0000   684876    0.37%
 206992 187811   157208.5242    20   157355.0000   156780.0000   684879    0.37%
 206993 187811   157208.5242    20   157355.0000   156780.0000   684880    0.37%
 206994 187810   157257.1034    17   157355.0000   156780.0000   684883    0.37%
 206995 187811   156780.0000    23   157355.0000   156780.0000   684895    0.37%
 206996 187812   156780.0000    23   157355.0000   156780.0000   684896    0.37%
Elapsed time = 68.42 sec. (101479.17 ticks, tree = 807.30 MB, solutions = 34)
 215676 196159   156780.0000    25   157355.0000   156780.0000   711653    0.37%
 215677 196160   156780.0000    25   157355.0000   156780.0000   711654    0.37%
 215678 196161   156780.0000    25   157355.0000   156780.0000   711655    0.37%
 215679 196162   156780.0000    25   157355.0000   156780.0000   711656    0.37%
 215680 196163   156780.0000    25   157355.0000   156780.0000   711657    0.37%
 215681 196164   156780.0000    25   157355.0000   156780.0000   711658    0.37%
 215682 196165   156780.0000    25   157355.0000   156780.0000   711659    0.37%
 215683 196166   156780.0000    23   157355.0000   156780.0000   711663    0.37%
 215684 196167   156780.0000    23   157355.0000   156780.0000   711665    0.37%
 215685 196168   156780.0000    24   157355.0000   156780.0000   711672    0.37%
Elapsed time = 70.99 sec. (105300.47 ticks, tree = 843.97 MB, solutions = 34)
 224097 204248   156780.0000    24   157355.0000   156780.0000   736927    0.37%
 224098 204249   156780.0000    24   157355.0000   156780.0000   736930    0.37%
 224099 204250   156780.0000    24   157355.0000   156780.0000   736932    0.37%
 224100 204251   156780.0000    24   157355.0000   156780.0000   736934    0.37%
 224101 204252   156780.0000    24   157355.0000   156780.0000   736939    0.37%
 224102 204253   156780.0000    23   157355.0000   156780.0000   736942    0.37%
 224103 204254   156780.0000    24   157355.0000   156780.0000   736956    0.37%
 224104 204255   156780.0000    24   157355.0000   156780.0000   736960    0.37%
 224105 204256   156780.0000    24   157355.0000   156780.0000   736961    0.37%
 224106 204257   156780.0000    24   157355.0000   156780.0000   736962    0.37%
Elapsed time = 73.59 sec. (109119.19 ticks, tree = 878.21 MB, solutions = 34)
*230393+209237                       157307.0000   156780.0000             0.34%
 231998 210785   156780.0000    24   157307.0000   156780.0000   762785    0.34%
 231999 210786   156780.0000    23   157307.0000   156780.0000   762789    0.34%
 232000 210787   156780.0000    24   157307.0000   156780.0000   762792    0.34%
 232001 210788   156780.0000    23   157307.0000   156780.0000   762796    0.34%
 232002 210789   156780.0000    24   157307.0000   156780.0000   762798    0.34%
 232003 210790   156780.0000    24   157307.0000   156780.0000   762801    0.34%
 232004 210791   156780.0000    24   157307.0000   156780.0000   762802    0.34%
 232005 210792   156780.0000    24   157307.0000   156780.0000   762804    0.34%
 232006 210793   156780.0000    24   157307.0000   156780.0000   762808    0.34%
 232007 210794   156780.0000    24   157307.0000   156780.0000   762809    0.34%
Elapsed time = 76.18 sec. (112937.33 ticks, tree = 905.81 MB, solutions = 35)
 240491 218904   156780.0000    23   157307.0000   156780.0000   790801    0.34%
 240492 218905   156780.0000    22   157307.0000   156780.0000   790803    0.34%
 240493 218906   156780.0000    22   157307.0000   156780.0000   790805    0.34%
 240494 218907   156780.0000    22   157307.0000   156780.0000   790807    0.34%
 240495 218908   156780.0000    22   157307.0000   156780.0000   790809    0.34%
 240496 218909   156780.0000    22   157307.0000   156780.0000   790811    0.34%
 240497 218910   156780.0000    26   157307.0000   156780.0000   790818    0.34%
 240498 218911   156780.0000    26   157307.0000   156780.0000   790819    0.34%
 240499 218912   156780.0000    26   157307.0000   156780.0000   790820    0.34%
 240500 218913   156780.0000    26   157307.0000   156780.0000   790821    0.34%
Elapsed time = 78.75 sec. (116757.99 ticks, tree = 940.28 MB, solutions = 35)
 249264 227328   156780.0000    22   157307.0000   156780.0000   818509    0.34%
 249265 227329   156780.0000    22   157307.0000   156780.0000   818510    0.34%
 249266 227330   156780.0000    22   157307.0000   156780.0000   818511    0.34%
 249267 227331   156780.0000    22   157307.0000   156780.0000   818512    0.34%
 249268 227332   156780.0000    22   157307.0000   156780.0000   818514    0.34%
 249269 227333   156780.0000    22   157307.0000   156780.0000   818515    0.34%
 249270 227334   156780.0000    22   157307.0000   156780.0000   818516    0.34%
 249271 227335   156780.0000    22   157307.0000   156780.0000   818517    0.34%
 249272 227336   156780.0000    22   157307.0000   156780.0000   818518    0.34%
 249273 227337   156780.0000    22   157307.0000   156780.0000   818519    0.34%
Elapsed time = 81.35 sec. (120577.25 ticks, tree = 977.83 MB, solutions = 35)
 257871 235553   156780.0000    21   157307.0000   156780.0000   845235    0.34%
 257872 235554   156780.0000    24   157307.0000   156780.0000   845238    0.34%
 257873 235555   156780.0000    24   157307.0000   156780.0000   845239    0.34%
 257874 235556   156780.0000    24   157307.0000   156780.0000   845240    0.34%
 257875 235557   156780.0000    24   157307.0000   156780.0000   845241    0.34%
 257876 235558   156780.0000    22   157307.0000   156780.0000   845246    0.34%
 257877 235559   156780.0000    21   157307.0000   156780.0000   845248    0.34%
 257878 235560   156780.0000    21   157307.0000   156780.0000   845249    0.34%
 257879 235561   156780.0000    22   157307.0000   156780.0000   845250    0.34%
 257880 235562   156780.0000    23   157307.0000   156780.0000   845253    0.34%
Elapsed time = 83.96 sec. (124396.42 ticks, tree = 1012.94 MB, solutions = 35)
 266455 243736   156780.0000    26   157307.0000   156780.0000   871188    0.34%
 266456 243737   156780.0000    24   157307.0000   156780.0000   871193    0.34%
 266457 243738   156780.0000    24   157307.0000   156780.0000   871198    0.34%
 266458 243739   156780.0000    26   157307.0000   156780.0000   871211    0.34%
 266459 243740   156780.0000    25   157307.0000   156780.0000   871213    0.34%
 266460 243741   156780.0000    24   157307.0000   156780.0000   871219    0.34%
 266461 243742   156780.0000    24   157307.0000   156780.0000   871220    0.34%
 266462 243743   156780.0000    24   157307.0000   156780.0000   871221    0.34%
 266463 243744   156780.0000    24   157307.0000   156780.0000   871222    0.34%
 266464 243745   156780.0000    24   157307.0000   156780.0000   871226    0.34%
Elapsed time = 86.58 sec. (128215.13 ticks, tree = 1047.84 MB, solutions = 35)
 274675 251438   156780.0000    24   157307.0000   156780.0000   899296    0.34%
 274676 251439   156780.0000    25   157307.0000   156780.0000   899299    0.34%
 274677 251440   156780.0000    26   157307.0000   156780.0000   899310    0.34%
 274678 251440   156783.3723    25   157307.0000   156780.0000   899372    0.34%
 274679 251441   156783.3723    25   157307.0000   156780.0000   899376    0.34%
 274680 251442   156783.3723    24   157307.0000   156780.0000   899380    0.34%
 274681 251443   156783.3723    24   157307.0000   156780.0000   899381    0.34%
 274682 251444   156783.3723    24   157307.0000   156780.0000   899382    0.34%
 274683 251445   156783.3723    24   157307.0000   156780.0000   899383    0.34%
 274684 251446   156783.3723    24   157307.0000   156780.0000   899384    0.34%
Elapsed time = 89.18 sec. (132037.72 ticks, tree = 1080.75 MB, solutions = 35)
*278093+252479                       157265.0000   156780.0000             0.31%
 278893 253229   157176.0000    16   157265.0000   156780.0000   912180    0.31%
 278894 253230   157176.0000    16   157265.0000   156780.0000   912181    0.31%
 278895 253231   157176.0000    16   157265.0000   156780.0000   912182    0.31%
 278896 253232   157176.0000    16   157265.0000   156780.0000   912183    0.31%
 278897 253233   157176.0000    15   157265.0000   156780.0000   912187    0.31%
 278898 253234   157176.0000    15   157265.0000   156780.0000   912188    0.31%
 278899 253235   157176.0000    13   157265.0000   156780.0000   912189    0.31%
 278900 253236   157176.0000    16   157265.0000   156780.0000   912195    0.31%
 278901 253237   157176.0000    17   157265.0000   156780.0000   912197    0.31%
 278902 253238   157176.0000    15   157265.0000   156780.0000   912198    0.31%
Elapsed time = 92.10 sec. (136241.65 ticks, tree = 1088.47 MB, solutions = 36)
 283819 257845   156780.0000    25   157265.0000   156780.0000   927341    0.31%
 283820 257846   156780.0000    26   157265.0000   156780.0000   927342    0.31%
 283821 257847   156780.0000    25   157265.0000   156780.0000   927344    0.31%
 283822 257848   156780.0000    26   157265.0000   156780.0000   927345    0.31%
 283823 257849   156780.0000    26   157265.0000   156780.0000   927347    0.31%
 283824 257850   156780.0000    26   157265.0000   156780.0000   927348    0.31%
 283825 257851   156780.0000    26   157265.0000   156780.0000   927349    0.31%
 283826 257852   156780.0000    26   157265.0000   156780.0000   927353    0.31%
 283827 257853   156780.0000    27   157265.0000   156780.0000   927354    0.31%
 283828 257854   156780.0000    27   157265.0000   156780.0000   927355    0.31%
Elapsed time = 94.71 sec. (140059.63 ticks, tree = 1108.42 MB, solutions = 36)
 292547 265915   156780.0000    23   157265.0000   156780.0000   954297    0.31%
 292548 265916   156780.0000    25   157265.0000   156780.0000   954299    0.31%
 292549 265917   156780.0000    23   157265.0000   156780.0000   954300    0.31%
 292550 265918   156780.0000    24   157265.0000   156780.0000   954302    0.31%
 292551 265919   156780.0000    22   157265.0000   156780.0000   954309    0.31%
 292552 265920   156780.0000    24   157265.0000   156780.0000   954315    0.31%
 292553 265921   156780.0000    23   157265.0000   156780.0000   954320    0.31%
 292554 265922   156780.0000    23   157265.0000   156780.0000   954322    0.31%
 292555 265923   156780.0000    23   157265.0000   156780.0000   954323    0.31%
 292556 265924   156780.0000    22   157265.0000   156780.0000   954325    0.31%
Elapsed time = 97.30 sec. (143877.87 ticks, tree = 1143.30 MB, solutions = 36)
 301535 274188   156780.0000    21   157265.0000   156780.0000   981663    0.31%
 301536 274189   156780.0000    22   157265.0000   156780.0000   981665    0.31%
 301537 274190   156780.0000    21   157265.0000   156780.0000   981667    0.31%
 301538 274191   156780.0000    21   157265.0000   156780.0000   981669    0.31%
 301539 274192   156780.0000    22   157265.0000   156780.0000   981670    0.31%
 301540 274193   156780.0000    21   157265.0000   156780.0000   981671    0.31%
 301541 274194   156780.0000    22   157265.0000   156780.0000   981672    0.31%
 301542 274195   156780.0000    22   157265.0000   156780.0000   981674    0.31%
 301543 274196   156780.0000    23   157265.0000   156780.0000   981675    0.31%
 301544 274197   156780.0000    25   157265.0000   156780.0000   981680    0.31%
Elapsed time = 99.87 sec. (147695.50 ticks, tree = 1181.07 MB, solutions = 36)

Mixed integer rounding cuts applied:  1

Root node processing (before b&c):
  Real time             =    0.32 sec. (374.10 ticks)
Sequential b&c:
  Real time             =   99.68 sec. (147565.57 ticks)
                          ------------
Total (root+branch&cut) =  100.00 sec. (147939.67 ticks)

Solution pool: 36 solutions saved.

MIP - Time limit exceeded, integer feasible:  Objective =  1.5726500000e+05
Current MIP best bound =  1.5678000000e+05 (gap = 485, 0.31%)
Solution time =  100.00 sec.  Iterations = 983141  Nodes = 302013 (274649)
Deterministic time = 147939.68 ticks  (1479.38 ticks/sec)


Incumbent solution written to file '/tmp/tmpPJmNgh.cplex.sol'.
