
Log started (V12.6.3.0) Sat Apr 21 06:53:55 2018

New value for default parallel thread count: 1

Problem '/tmp/tmp0FTRDa.pyomo.lp' read.
Read time = 0.08 sec. (7.54 ticks)

Problem name         : /tmp/tmp0FTRDa.pyomo.lp
Objective sense      : Minimize
Variables            :    3442  [Nneg: 1,  Binary: 3424,  General Integer: 17]
Objective nonzeros   :       1
Linear constraints   :     463  [Less: 230,  Equal: 233]
  Nonzeros           :  556107
  RHS nonzeros       :     429

Variables            : Min LB: 0.000000         Max UB: 1.000000       
Objective nonzeros   : Min   : 1.000000         Max   : 1.000000       
Linear constraints   :
  Nonzeros           : Min   : 1.000000         Max   : 19973.00       
  RHS nonzeros       : Min   : 1.000000         Max   : 22.00000       
Tried aggregator 2 times.
MIP Presolve eliminated 222 rows and 537 columns.
Aggregator did 20 substitutions.
Reduced MIP has 221 rows, 2885 columns, and 7927 nonzeros.
Reduced MIP has 2884 binaries, 1 generals, 0 SOSs, and 0 indicators.
Presolve time = 0.10 sec. (88.64 ticks)
Found incumbent of value 2194918.000000 after 0.12 sec. (111.24 ticks)
Tried aggregator 1 time.
Reduced MIP has 221 rows, 2885 columns, and 7927 nonzeros.
Reduced MIP has 2884 binaries, 1 generals, 0 SOSs, and 0 indicators.
Presolve time = 0.00 sec. (3.47 ticks)
Probing time = 0.00 sec. (2.04 ticks)
Clique table members: 206.
MIP emphasis: balance optimality and feasibility.
MIP search method: dynamic search.
Parallel mode: none, using 1 thread.
Root relaxation solution time = 0.00 sec. (5.32 ticks)

        Nodes                                         Cuts/
   Node  Left     Objective  IInf  Best Integer    Best Bound    ItCnt     Gap

*     0+    0                      2194918.0000        0.0000           100.00%
      0     0   156779.8571    24  2194918.0000   156779.8571       87   92.86%
*     0+    0                       164718.0000   156779.8571             4.82%
      0     0   156780.0000    25   164718.0000      Fract: 3       96    4.82%
*     0+    0                       164467.0000   156780.0000             4.67%
      0     0   156780.0000    28   164467.0000      Cuts: 22      139    4.67%
*     0+    0                       161779.0000   156780.0000             3.09%
*     0+    0                       161752.0000   156780.0000             3.07%
*     0+    0                       161100.0000   156780.0000             2.68%
*     0+    0                       160742.0000   156780.0000             2.46%
*     0+    0                       160712.0000   156780.0000             2.45%
      0     2   156780.0000    20   160712.0000   156780.0000      139    2.45%
Elapsed time = 0.22 sec. (257.61 ticks, tree = 0.01 MB, solutions = 8)
*    80+   80                       160442.0000   156780.0000             2.28%
*   200+  200                       160302.0000   156780.0000             2.20%
    241   236   156780.0000    21   160302.0000   156780.0000     1549    2.20%
    242   237   156780.0000    21   160302.0000   156780.0000     1557    2.20%
    243   238   156780.0000    22   160302.0000   156780.0000     1566    2.20%
    244   239   156780.0000    20   160302.0000   156780.0000     1571    2.20%
    245   239   156780.0000    20   160302.0000   156780.0000     1577    2.20%
    246   240   156780.0000    21   160302.0000   156780.0000     1585    2.20%
    247   241   156780.0000    21   160302.0000   156780.0000     1592    2.20%
    248   242   156780.0000    20   160302.0000   156780.0000     1603    2.20%
    249   243   156780.0000    20   160302.0000   156780.0000     1609    2.20%
*   301+  276                       160143.0000   156780.0000             2.10%
*   301+  276                       160114.0000   156780.0000             2.08%
*   301+  276                       159720.0000   156780.0000             1.84%
*   495+  414                       159498.0000   156780.0000             1.70%
*   495+  411                       159288.0000   156780.0000             1.57%
*   495+  398                       158449.0000   156780.0000             1.05%
*   495+  398                       158294.0000   156780.0000             0.96%
*   495+  398                       158188.0000   156780.0000             0.89%
*   495+  398                       158147.0000   156780.0000             0.86%
    556   437   156780.0000    24   158147.0000   156780.0000     3814    0.86%
Elapsed time = 0.89 sec. (1212.71 ticks, tree = 1.79 MB, solutions = 19)
    827   501   156780.0000    21   158147.0000   156780.0000     6074    0.86%
    828   501   156780.0000    23   158147.0000   156780.0000     6081    0.86%
    829   501   156780.0000    23   158147.0000   156780.0000     6083    0.86%
    830   502   156780.0000    22   158147.0000   156780.0000     6084    0.86%
    831   503   156780.0000    21   158147.0000   156780.0000     6089    0.86%
    832   503   156780.0000    22   158147.0000   156780.0000     6101    0.86%
    833   504   156780.0000    22   158147.0000   156780.0000     6104    0.86%
    834   504   156780.0000    22   158147.0000   156780.0000     6109    0.86%
    835   504   156780.0000    22   158147.0000   156780.0000     6110    0.86%
    836   504   156780.0000    23   158147.0000   156780.0000     6127    0.86%
Elapsed time = 1.56 sec. (2185.38 ticks, tree = 2.07 MB, solutions = 19)
*  1098+  506                       158139.0000   156780.0000             0.86%
*  1098+  483                       158075.0000   156780.0000             0.82%
*  1098+  468                       158009.0000   156780.0000             0.78%
*  1198+  501                       157787.0000   156780.0000             0.64%
   1398   656   156780.0000    21   157787.0000   156780.0000     9553    0.64%
   1399   657   156780.0000    23   157787.0000   156780.0000     9563    0.64%
   1400   658   156780.0000    23   157787.0000   156780.0000     9566    0.64%
   1401   659   156780.0000    24   157787.0000   156780.0000     9576    0.64%
   1402   660   156780.0000    23   157787.0000   156780.0000     9577    0.64%
   1403   661   156780.0000    23   157787.0000   156780.0000     9579    0.64%
   1404   662   156780.0000    20   157787.0000   156780.0000     9589    0.64%
   1405   663   156780.0000    23   157787.0000   156780.0000     9601    0.64%
   1406   664   156780.0000    23   157787.0000   156780.0000     9606    0.64%
   1407   665   156780.0000    21   157787.0000   156780.0000     9607    0.64%
Elapsed time = 2.31 sec. (3189.06 ticks, tree = 2.80 MB, solutions = 23)
*  1698+  869                       157694.0000   156780.0000             0.58%
*  1698+  868                       157640.0000   156780.0000             0.55%
   2192  1266   157021.0000    25   157640.0000   156780.0000    13432    0.55%
   2193  1266   157021.8387    26   157640.0000   156780.0000    13436    0.55%
   2194  1266   157021.8387    26   157640.0000   156780.0000    13437    0.55%
   2195  1267   157022.0000    25   157640.0000   156780.0000    13438    0.55%
   2196  1268   157022.0000    23   157640.0000   156780.0000    13449    0.55%
   2197  1269   157022.0000    26   157640.0000   156780.0000    13451    0.55%
   2198  1270   157022.0000    26   157640.0000   156780.0000    13452    0.55%
   2199  1270   157022.0000    24   157640.0000   156780.0000    13454    0.55%
   2200  1270   157144.4076    26   157640.0000   156780.0000    13457    0.55%
   2201  1271   157145.0000    25   157640.0000   156780.0000    13458    0.55%
Elapsed time = 3.03 sec. (4148.71 ticks, tree = 5.42 MB, solutions = 25)
   3611  2289   156780.0000    23   157640.0000   156780.0000    19074    0.55%
   3612  2290   156780.0000    23   157640.0000   156780.0000    19075    0.55%
   3613  2291   156780.0000    24   157640.0000   156780.0000    19079    0.55%
   3614  2292   156780.0000    24   157640.0000   156780.0000    19080    0.55%
   3615  2293   156780.0000    23   157640.0000   156780.0000    19084    0.55%
   3616  2294   156780.0000    22   157640.0000   156780.0000    19088    0.55%
   3617  2295   156780.0000    22   157640.0000   156780.0000    19089    0.55%
   3618  2296   156780.0000    22   157640.0000   156780.0000    19090    0.55%
   3619  2297   156780.0000    22   157640.0000   156780.0000    19091    0.55%
   3620  2298   156780.0000    22   157640.0000   156780.0000    19092    0.55%
Elapsed time = 3.68 sec. (5106.52 ticks, tree = 9.91 MB, solutions = 25)
   5102  3418   156780.0000    22   157640.0000   156780.0000    23841    0.55%
   5103  3419   156780.0000    22   157640.0000   156780.0000    23842    0.55%
   5104  3420   156780.0000    22   157640.0000   156780.0000    23843    0.55%
   5105  3421   156780.0000    22   157640.0000   156780.0000    23844    0.55%
   5106  3422   156780.0000    22   157640.0000   156780.0000    23845    0.55%
   5107  3423   156780.0000    23   157640.0000   156780.0000    23851    0.55%
   5108  3424   156780.0000    22   157640.0000   156780.0000    23857    0.55%
   5109  3425   156780.0000    23   157640.0000   156780.0000    23862    0.55%
   5110  3426   156780.0000    23   157640.0000   156780.0000    23868    0.55%
   5111  3427   156780.0000    23   157640.0000   156780.0000    23873    0.55%
Elapsed time = 4.32 sec. (6065.42 ticks, tree = 14.87 MB, solutions = 25)
   6823  4824   156780.0000    21   157640.0000   156780.0000    31364    0.55%
   6824  4825   156780.0000    21   157640.0000   156780.0000    31372    0.55%
   6825  4826   156780.0000    23   157640.0000   156780.0000    31387    0.55%
   6826  4827   156780.0000    22   157640.0000   156780.0000    31397    0.55%
   6827  4828   156780.0000    23   157640.0000   156780.0000    31404    0.55%
   6828  4829   156780.0000    21   157640.0000   156780.0000    31420    0.55%
   6829  4830   156780.0000    18   157640.0000   156780.0000    31443    0.55%
   6830  4831   156780.0000    19   157640.0000   156780.0000    31445    0.55%
   6831  4832   156780.0000    19   157640.0000   156780.0000    31446    0.55%
   6832  4833   156780.0000    19   157640.0000   156780.0000    31447    0.55%
Elapsed time = 4.98 sec. (7024.83 ticks, tree = 21.10 MB, solutions = 25)
*  6931  4131      integral     0   157425.0000   156780.0000    32418    0.41%
*  6960  3844      integral     0   157302.0000   156780.0000    32767    0.33%
   6994  3874   157272.0000     4   157302.0000   156780.0000    32988    0.33%
   6995  3875   157272.0000     2   157302.0000   156780.0000    32989    0.33%
   6996  3876   157272.0000     2   157302.0000   156780.0000    32992    0.33%
*  6997  3861      integral     0   157272.0000   156780.0000    32994    0.31%
   6997  3860   157272.0000     0   157272.0000   156780.0000    32994    0.31%
   6998  3859    infeasible         157272.0000   156780.0000    32999    0.31%
   6999  3858    infeasible         157272.0000   156780.0000    32999    0.31%
   7000  3858   157166.0000    20   157272.0000   156780.0000    33076    0.31%
   7001  3859   157166.0000    20   157272.0000   156780.0000    33079    0.31%
   7002  3860   157166.0000    19   157272.0000   156780.0000    33080    0.31%
   7003  3861   157166.0000    17   157272.0000   156780.0000    33081    0.31%
Elapsed time = 5.90 sec. (7998.19 ticks, tree = 16.84 MB, solutions = 28)
*  7012  3863      integral     0   157265.0000   156780.0000    33142    0.31%
*  7112+ 3872                       157234.0000   156780.0000             0.29%
   7920  4351   156780.0000    23   157234.0000   156780.0000    38086    0.29%
   7921  4352   156780.0000    23   157234.0000   156780.0000    38088    0.29%
   7922  4353   156780.0000    24   157234.0000   156780.0000    38090    0.29%
   7923  4354   156780.0000    24   157234.0000   156780.0000    38091    0.29%
   7924  4355   156780.0000    23   157234.0000   156780.0000    38095    0.29%
   7925  4356   156780.0000    22   157234.0000   156780.0000    38096    0.29%
   7926  4357   156780.0000    22   157234.0000   156780.0000    38097    0.29%
   7927  4358   156780.0000    23   157234.0000   156780.0000    38098    0.29%
   7928  4359   156780.0000    23   157234.0000   156780.0000    38099    0.29%
   7929  4360   156780.0000    25   157234.0000   156780.0000    38110    0.29%
Elapsed time = 6.69 sec. (8955.47 ticks, tree = 19.06 MB, solutions = 30)
*  8878  5052      integral     0   157206.0000   156780.0000    42529    0.27%
   9053  5144   156780.0000    21   157206.0000   156780.0000    43553    0.27%
   9054  5144   157022.9037    17   157206.0000   156780.0000    43567    0.27%
   9055  5143        cutoff         157206.0000   156780.0000    43571    0.27%
   9056  5142        cutoff         157206.0000   156780.0000    43585    0.27%
   9057  5143   157166.0000    12   157206.0000   156780.0000    43602    0.27%
   9058  5143   157166.0000    12   157206.0000   156780.0000    43608    0.27%
   9059  5144   157166.0000    11   157206.0000   156780.0000    43615    0.27%
   9060  5145   157166.0000    11   157206.0000   156780.0000    43618    0.27%
   9061  5145   157166.0000    12   157206.0000   156780.0000    43621    0.27%
  12761  8283   156780.0000    26   157206.0000   156780.0000    57619    0.27%
Elapsed time = 9.58 sec. (12770.28 ticks, tree = 36.77 MB, solutions = 31)
  20011 14285   156887.4523    23   157206.0000   156780.0000    85783    0.27%
  20012 14286   156887.4523    24   157206.0000   156780.0000    85785    0.27%
  20013 14287   156887.4523    23   157206.0000   156780.0000    85787    0.27%
  20014 14288   156887.4523    23   157206.0000   156780.0000    85793    0.27%
  20015 14289   156887.4523    23   157206.0000   156780.0000    85794    0.27%
  20016 14290   156887.4523    24   157206.0000   156780.0000    85795    0.27%
  20017 14291   156887.4523    24   157206.0000   156780.0000    85796    0.27%
  20018 14292   156887.4523    24   157206.0000   156780.0000    85797    0.27%
  20019 14292   156887.4523    24   157206.0000   156780.0000    85799    0.27%
  20020 14292   156887.4523    24   157206.0000   156780.0000    85800    0.27%
Elapsed time = 12.27 sec. (16588.15 ticks, tree = 63.75 MB, solutions = 31)
* 21600 15378      integral     0   157161.0000   156780.0000    91902    0.24%
* 23965 17120      integral     0   157100.0000   156780.0000   102942    0.20%
  26376 18998   156956.0000    19   157100.0000   156780.0000   115032    0.20%
  26377 18999   156956.0000    18   157100.0000   156780.0000   115033    0.20%
  26378 18999   156956.0000    18   157100.0000   156780.0000   115036    0.20%
  26379 19000   156956.0000    17   157100.0000   156780.0000   115037    0.20%
  26380 19000   156956.0000    18   157100.0000   156780.0000   115042    0.20%
  26381 19000   156956.0000    18   157100.0000   156780.0000   115043    0.20%
  26382 19000   156956.0000    18   157100.0000   156780.0000   115044    0.20%
  26383 19001   156956.0000    18   157100.0000   156780.0000   115045    0.20%
  26384 19002   156956.0000    17   157100.0000   156780.0000   115050    0.20%
  26385 19003   156956.0000    17   157100.0000   156780.0000   115057    0.20%
Elapsed time = 15.05 sec. (20411.38 ticks, tree = 87.22 MB, solutions = 33)
* 27537 19866      integral     0   157039.0000   156780.0000   120771    0.16%
* 29292 21167      integral     0   157002.0000   156780.0000   129936    0.14%
* 29293 20981      integral     0   156982.0000   156780.0000   129937    0.13%
  31959 23042   156780.0000    25   156982.0000   156780.0000   145645    0.13%
  31960 23043   156780.0000    24   156982.0000   156780.0000   145655    0.13%
  31961 23044   156780.0000    24   156982.0000   156780.0000   145661    0.13%
  31962 23043        cutoff         156982.0000   156780.0000   145665    0.13%
  31963 23042        cutoff         156982.0000   156780.0000   145668    0.13%
  31964 23041    infeasible         156982.0000   156780.0000   145668    0.13%
  31965 23040    infeasible         156982.0000   156780.0000   145696    0.13%
  31966 23039    infeasible         156982.0000   156780.0000   145715    0.13%
  31967 23040   156956.0000    17   156982.0000   156780.0000   145759    0.13%
  31968 23041   156956.0000    17   156982.0000   156780.0000   145761    0.13%
Elapsed time = 17.72 sec. (24235.98 ticks, tree = 108.20 MB, solutions = 36)
  37676 27567   156780.0000    24   156982.0000   156780.0000   180340    0.13%
  37677 27568   156780.0000    26   156982.0000   156780.0000   180365    0.13%
  37678 27569   156780.0000    25   156982.0000   156780.0000   180373    0.13%
  37679 27570   156780.0000    23   156982.0000   156780.0000   180383    0.13%
  37680 27571   156780.0000    24   156982.0000   156780.0000   180388    0.13%
  37681 27570        cutoff         156982.0000   156780.0000   180405    0.13%
  37682 27569        cutoff         156982.0000   156780.0000   180412    0.13%
  37683 27570   156780.0000    22   156982.0000   156780.0000   180443    0.13%
  37684 27571   156780.0000    22   156982.0000   156780.0000   180452    0.13%
  37685 27572   156780.0000    22   156982.0000   156780.0000   180473    0.13%
Elapsed time = 20.42 sec. (28057.76 ticks, tree = 131.50 MB, solutions = 36)
  42100 30922   156808.3333    20   156982.0000   156780.0000   216852    0.13%
  42101 30921        cutoff         156982.0000   156780.0000   216854    0.13%
  42102 30920        cutoff         156982.0000   156780.0000   216858    0.13%
  42103 30919        cutoff         156982.0000   156780.0000   216874    0.13%
  42104 30920   156780.0000    24   156982.0000   156780.0000   216910    0.13%
  42105 30919        cutoff         156982.0000   156780.0000   216920    0.13%
  42106 30920   156780.0000    22   156982.0000   156780.0000   216931    0.13%
  42107 30921   156780.0000    22   156982.0000   156780.0000   216953    0.13%
  42108 30922   156780.0000    23   156982.0000   156780.0000   216954    0.13%
  42109 30923   156780.0000    23   156982.0000   156780.0000   216955    0.13%
Elapsed time = 23.18 sec. (31882.61 ticks, tree = 148.80 MB, solutions = 36)
  45678 32796   156780.0000    21   156982.0000   156780.0000   251003    0.13%
  45679 32795        cutoff         156982.0000   156780.0000   251005    0.13%
  45680 32796   156780.0000    22   156982.0000   156780.0000   251020    0.13%
  45681 32797   156780.0000    23   156982.0000   156780.0000   251027    0.13%
  45682 32798   156780.0000    23   156982.0000   156780.0000   251029    0.13%
  45683 32799   156780.0000    24   156982.0000   156780.0000   251032    0.13%
  45684 32800   156780.0000    22   156982.0000   156780.0000   251048    0.13%
  45685 32801   156780.0000    20   156982.0000   156780.0000   251055    0.13%
  45686 32802   156780.0000    21   156982.0000   156780.0000   251058    0.13%
  45687 32803   156780.0000    22   156982.0000   156780.0000   251069    0.13%
Elapsed time = 25.91 sec. (35709.30 ticks, tree = 159.51 MB, solutions = 36)
  49898 35593   156780.0000    27   156982.0000   156780.0000   283779    0.13%
  49899 35594   156780.0000    26   156982.0000   156780.0000   283782    0.13%
  49900 35595   156780.0000    29   156982.0000   156780.0000   283789    0.13%
  49901 35595   156780.0000    26   156982.0000   156780.0000   283793    0.13%
  49902 35596   156780.0000    25   156982.0000   156780.0000   283797    0.13%
  49903 35597   156780.0000    25   156982.0000   156780.0000   283798    0.13%
  49904 35598   156780.0000    27   156982.0000   156780.0000   283802    0.13%
  49905 35599   156867.9547    23   156982.0000   156780.0000   283829    0.13%
  49906 35600   156780.0000    26   156982.0000   156780.0000   283837    0.13%
  49907 35599        cutoff         156982.0000   156780.0000   283838    0.13%
Elapsed time = 28.60 sec. (39563.63 ticks, tree = 174.42 MB, solutions = 36)
  54482 38943   156780.0000    30   156982.0000   156780.0000   314492    0.13%
  54483 38944   156780.0000    31   156982.0000   156780.0000   314499    0.13%
  54484 38945   156780.0000    29   156982.0000   156780.0000   314503    0.13%
  54485 38946   156780.0000    25   156982.0000   156780.0000   314515    0.13%
  54486 38946   156780.0000    26   156982.0000   156780.0000   314553    0.13%
  54487 38947   156780.0000    24   156982.0000   156780.0000   314554    0.13%
  54488 38948   156780.0000    24   156982.0000   156780.0000   314561    0.13%
  54489 38949   156780.0000    29   156982.0000   156780.0000   314588    0.13%
  54490 38950   156780.0000    27   156982.0000   156780.0000   314590    0.13%
  54491 38951   156780.0000    25   156982.0000   156780.0000   314591    0.13%
Elapsed time = 31.23 sec. (43386.59 ticks, tree = 192.42 MB, solutions = 36)
* 58498+41558                       156965.0000   156780.0000             0.12%
  58722 41653   156780.0000    20   156965.0000   156780.0000   344811    0.12%
  58723 41654   156780.0000    21   156965.0000   156780.0000   344820    0.12%
  58724 41655   156780.0000    20   156965.0000   156780.0000   344822    0.12%
  58725 41656   156780.0000    23   156965.0000   156780.0000   344842    0.12%
  58726 41657   156780.0000    22   156965.0000   156780.0000   344845    0.12%
  58727 41658   156780.0000    20   156965.0000   156780.0000   344853    0.12%
  58728 41659   156780.0000    22   156965.0000   156780.0000   344857    0.12%
  58729 41660   156780.0000    24   156965.0000   156780.0000   344866    0.12%
  58730 41661   156780.0000    24   156965.0000   156780.0000   344872    0.12%
  58731 41662   156780.0000    22   156965.0000   156780.0000   344879    0.12%
Elapsed time = 33.97 sec. (47206.76 ticks, tree = 207.16 MB, solutions = 37)
  62877 44370        cutoff         156965.0000   156780.0000   378991    0.12%
  62878 44369        cutoff         156965.0000   156780.0000   379022    0.12%
  62879 44368        cutoff         156965.0000   156780.0000   379059    0.12%
  62880 44369   156780.0000    21   156965.0000   156780.0000   379076    0.12%
  62881 44369   156780.0000    22   156965.0000   156780.0000   379084    0.12%
  62882 44370   156780.0000    19   156965.0000   156780.0000   379085    0.12%
  62883 44371   156780.0000    22   156965.0000   156780.0000   379094    0.12%
  62884 44371   156780.0000    22   156965.0000   156780.0000   379100    0.12%
  62885 44370        cutoff         156965.0000   156780.0000   379108    0.12%
  62886 44371   156780.0000    20   156965.0000   156780.0000   379109    0.12%
Elapsed time = 36.65 sec. (51036.27 ticks, tree = 222.27 MB, solutions = 37)
* 65245 41113      integral     0   156938.0000   156780.0000   397045    0.10%
  66761 41611   156780.0000    21   156938.0000   156780.0000   412728    0.10%
  66762 41610        cutoff         156938.0000   156780.0000   412739    0.10%
  66763 41611   156780.0000    22   156938.0000   156780.0000   412757    0.10%
  66764 41612   156780.0000    20   156938.0000   156780.0000   412766    0.10%
  66765 41611        cutoff         156938.0000   156780.0000   412768    0.10%
  66766 41610        cutoff         156938.0000   156780.0000   412783    0.10%
  66767 41609        cutoff         156938.0000   156780.0000   412799    0.10%
  66768 41608        cutoff         156938.0000   156780.0000   412809    0.10%
  66769 41607    infeasible         156938.0000   156780.0000   412809    0.10%
  66770 41606        cutoff         156938.0000   156780.0000   412830    0.10%
Elapsed time = 39.31 sec. (54858.00 ticks, tree = 208.49 MB, solutions = 38)
  70278 43133   156780.0000    20   156938.0000   156780.0000   446804    0.10%
  70279 43134   156780.0000    23   156938.0000   156780.0000   446815    0.10%
  70280 43135   156780.0000    21   156938.0000   156780.0000   446820    0.10%
  70281 43136   156780.0000    21   156938.0000   156780.0000   446821    0.10%
  70282 43137   156780.0000    24   156938.0000   156780.0000   446834    0.10%
  70283 43138   156780.0000    22   156938.0000   156780.0000   446839    0.10%
  70284 43139   156780.0000    22   156938.0000   156780.0000   446842    0.10%
  70285 43140   156780.0000    22   156938.0000   156780.0000   446847    0.10%
  70286 43139        cutoff         156938.0000   156780.0000   446860    0.10%
  70287 43140   156780.0000    22   156938.0000   156780.0000   446864    0.10%
Elapsed time = 41.96 sec. (58680.09 ticks, tree = 217.12 MB, solutions = 38)
  73604 44139        cutoff         156938.0000   156780.0000   481035    0.10%
  73605 44138    infeasible         156938.0000   156780.0000   481035    0.10%
  73606 44139   156863.6425    23   156938.0000   156780.0000   481141    0.10%
  73607 44139   156911.7500    17   156938.0000   156780.0000   481146    0.10%
  73608 44138        cutoff         156938.0000   156780.0000   481147    0.10%
  73609 44139   156780.0000    22   156938.0000   156780.0000   481182    0.10%
  73610 44138        cutoff         156938.0000   156780.0000   481204    0.10%
  73611 44137        cutoff         156938.0000   156780.0000   481207    0.10%
  73612 44136        cutoff         156938.0000   156780.0000   481231    0.10%
  73613 44135        cutoff         156938.0000   156780.0000   481235    0.10%
Elapsed time = 44.63 sec. (62512.38 ticks, tree = 222.75 MB, solutions = 38)
  77033 45773        cutoff         156938.0000   156780.0000   514432    0.10%
  77034 45772    infeasible         156938.0000   156780.0000   514432    0.10%
  77035 45771        cutoff         156938.0000   156780.0000   514462    0.10%
  77036 45770    infeasible         156938.0000   156780.0000   514462    0.10%
  77037 45769    infeasible         156938.0000   156780.0000   514462    0.10%
  77038 45770   156780.0000    21   156938.0000   156780.0000   514484    0.10%
  77039 45769        cutoff         156938.0000   156780.0000   514487    0.10%
  77040 45770   156780.0000    19   156938.0000   156780.0000   514520    0.10%
  77041 45771   156780.0000    20   156938.0000   156780.0000   514528    0.10%
  77042 45772   156780.0000    21   156938.0000   156780.0000   514535    0.10%
Elapsed time = 47.27 sec. (66340.85 ticks, tree = 232.15 MB, solutions = 38)
  80774 47727   156920.0000    26   156938.0000   156780.0000   551792    0.10%
  80775 47728   156920.0000    21   156938.0000   156780.0000   551795    0.10%
  80776 47729   156920.0000    23   156938.0000   156780.0000   551810    0.10%
  80777 47730   156920.0000    24   156938.0000   156780.0000   551814    0.10%
  80778 47731   156920.0000    22   156938.0000   156780.0000   551817    0.10%
  80779 47732   156920.0000    19   156938.0000   156780.0000   551822    0.10%
  80780 47733   156920.0000    21   156938.0000   156780.0000   551830    0.10%
  80781 47734   156920.0000    20   156938.0000   156780.0000   551831    0.10%
  80782 47735   156920.0000    20   156938.0000   156780.0000   551832    0.10%
  80783 47736   156920.0000    19   156938.0000   156780.0000   551833    0.10%
Elapsed time = 50.06 sec. (70162.11 ticks, tree = 243.35 MB, solutions = 38)
* 83135 48038      integral     0   156907.0000   156780.0000   579828    0.08%
  84458 48593   156780.0000    23   156907.0000   156780.0000   597055    0.08%
  84459 48594   156780.0000    23   156907.0000   156780.0000   597057    0.08%
  84460 48595   156780.0000    23   156907.0000   156780.0000   597063    0.08%
  84461 48596   156780.0000    23   156907.0000   156780.0000   597075    0.08%
  84462 48597   156780.0000    23   156907.0000   156780.0000   597080    0.08%
  84463 48598   156780.0000    21   156907.0000   156780.0000   597087    0.08%
  84464 48599   156780.0000    22   156907.0000   156780.0000   597091    0.08%
  84465 48600   156780.0000    26   156907.0000   156780.0000   597102    0.08%
  84466 48601   156780.0000    24   156907.0000   156780.0000   597103    0.08%
  84467 48602   156780.0000    25   156907.0000   156780.0000   597118    0.08%
Elapsed time = 52.72 sec. (73982.38 ticks, tree = 248.38 MB, solutions = 39)
  88456 51651   156780.0000    25   156907.0000   156780.0000   630014    0.08%
  88457 51652   156780.0000    24   156907.0000   156780.0000   630024    0.08%
  88458 51653   156780.0000    25   156907.0000   156780.0000   630025    0.08%
  88459 51654   156780.0000    24   156907.0000   156780.0000   630033    0.08%
  88460 51654   156780.0000    24   156907.0000   156780.0000   630044    0.08%
  88461 51655   156780.0000    23   156907.0000   156780.0000   630076    0.08%
  88462 51656   156780.0000    23   156907.0000   156780.0000   630087    0.08%
  88463 51655    infeasible         156907.0000   156780.0000   630087    0.08%
  88464 51654        cutoff         156907.0000   156780.0000   630092    0.08%
  88465 51653    infeasible         156907.0000   156780.0000   630092    0.08%
Elapsed time = 55.43 sec. (77806.60 ticks, tree = 265.65 MB, solutions = 39)
  91911 53586        cutoff         156907.0000   156780.0000   664157    0.08%
  91912 53585    infeasible         156907.0000   156780.0000   664157    0.08%
  91913 53584    infeasible         156907.0000   156780.0000   664157    0.08%
  91914 53583        cutoff         156907.0000   156780.0000   664178    0.08%
  91915 53582        cutoff         156907.0000   156780.0000   664189    0.08%
  91916 53581        cutoff         156907.0000   156780.0000   664211    0.08%
  91917 53580        cutoff         156907.0000   156780.0000   664233    0.08%
  91918 53579        cutoff         156907.0000   156780.0000   664252    0.08%
  91919 53580   156780.0000    22   156907.0000   156780.0000   664281    0.08%
  91920 53581   156780.0000    22   156907.0000   156780.0000   664282    0.08%
Elapsed time = 58.08 sec. (81643.38 ticks, tree = 276.45 MB, solutions = 39)
  94868 54378   156780.0000    23   156907.0000   156780.0000   700383    0.08%
  94869 54379   156780.0000    21   156907.0000   156780.0000   700395    0.08%
  94870 54380   156780.0000    21   156907.0000   156780.0000   700398    0.08%
  94871 54381   156780.0000    22   156907.0000   156780.0000   700439    0.08%
  94872 54382   156780.0000    22   156907.0000   156780.0000   700444    0.08%
  94873 54383   156780.0000    22   156907.0000   156780.0000   700446    0.08%
  94874 54384   156780.0000    22   156907.0000   156780.0000   700453    0.08%
  94875 54385   156780.0000    22   156907.0000   156780.0000   700459    0.08%
  94876 54386   156780.0000    23   156907.0000   156780.0000   700460    0.08%
  94877 54387   156780.0000    22   156907.0000   156780.0000   700462    0.08%
Elapsed time = 60.66 sec. (85466.48 ticks, tree = 280.94 MB, solutions = 39)
  98006 55897        cutoff         156907.0000   156780.0000   734825    0.08%
  98007 55896        cutoff         156907.0000   156780.0000   734850    0.08%
  98008 55895    infeasible         156907.0000   156780.0000   734850    0.08%
  98009 55894        cutoff         156907.0000   156780.0000   734872    0.08%
  98010 55893        cutoff         156907.0000   156780.0000   734882    0.08%
  98011 55894   156780.0000    26   156907.0000   156780.0000   734939    0.08%
  98012 55893        cutoff         156907.0000   156780.0000   734969    0.08%
  98013 55894   156780.0000    30   156907.0000   156780.0000   735007    0.08%
  98014 55895   156780.0000    29   156907.0000   156780.0000   735027    0.08%
  98015 55896   156780.0000    28   156907.0000   156780.0000   735028    0.08%
Elapsed time = 63.38 sec. (89301.37 ticks, tree = 289.40 MB, solutions = 39)
 101588 58107   156780.0000    20   156907.0000   156780.0000   772001    0.08%
 101589 58108   156780.0000    20   156907.0000   156780.0000   772015    0.08%
 101590 58109   156780.0000    21   156907.0000   156780.0000   772030    0.08%
 101591 58110   156780.0000    22   156907.0000   156780.0000   772042    0.08%
 101592 58111   156780.0000    20   156907.0000   156780.0000   772053    0.08%
 101593 58112   156780.0000    20   156907.0000   156780.0000   772061    0.08%
 101594 58113   156780.0000    20   156907.0000   156780.0000   772063    0.08%
 101595 58114   156780.0000    20   156907.0000   156780.0000   772084    0.08%
 101596 58115   156780.0000    21   156907.0000   156780.0000   772089    0.08%
 101597 58116   156780.0000    21   156907.0000   156780.0000   772108    0.08%
Elapsed time = 66.01 sec. (93124.44 ticks, tree = 301.79 MB, solutions = 39)
 104608 58809   156780.0000    21   156907.0000   156780.0000   808103    0.08%
 104609 58810   156780.0000    21   156907.0000   156780.0000   808104    0.08%
 104610 58811   156780.0000    21   156907.0000   156780.0000   808105    0.08%
 104611 58812   156780.0000    22   156907.0000   156780.0000   808108    0.08%
 104612 58813   156780.0000    21   156907.0000   156780.0000   808110    0.08%
 104613 58814   156780.0000    23   156907.0000   156780.0000   808116    0.08%
 104614 58815   156780.0000    23   156907.0000   156780.0000   808117    0.08%
 104615 58816   156780.0000    22   156907.0000   156780.0000   808119    0.08%
 104616 58817   156780.0000    22   156907.0000   156780.0000   808122    0.08%
 104617 58818   156780.0000    22   156907.0000   156780.0000   808124    0.08%
Elapsed time = 68.58 sec. (96944.97 ticks, tree = 305.72 MB, solutions = 39)
 109296 61877   156780.0000    23   156907.0000   156780.0000   833699    0.08%
 109297 61878   156780.0000    22   156907.0000   156780.0000   833701    0.08%
 109298 61879   156780.0000    21   156907.0000   156780.0000   833703    0.08%
 109299 61880   156780.0000    20   156907.0000   156780.0000   833707    0.08%
 109300 61881   156780.0000    20   156907.0000   156780.0000   833714    0.08%
 109301 61882   156780.0000    19   156907.0000   156780.0000   833720    0.08%
 109302 61883   156780.0000    19   156907.0000   156780.0000   833723    0.08%
 109303 61884   156780.0000    19   156907.0000   156780.0000   833725    0.08%
 109304 61883        cutoff         156907.0000   156780.0000   833740    0.08%
 109305 61884   156780.0000    18   156907.0000   156780.0000   833750    0.08%
Elapsed time = 71.21 sec. (100764.75 ticks, tree = 323.40 MB, solutions = 39)
 114109 64318   156780.0000    23   156907.0000   156780.0000   867935    0.08%
 114110 64319   156780.0000    23   156907.0000   156780.0000   867948    0.08%
 114111 64320   156780.0000    23   156907.0000   156780.0000   867953    0.08%
 114112 64321   156780.0000    24   156907.0000   156780.0000   867991    0.08%
 114113 64322   156780.0000    24   156907.0000   156780.0000   867993    0.08%
 114114 64323   156780.0000    24   156907.0000   156780.0000   868002    0.08%
 114115 64324   156780.0000    24   156907.0000   156780.0000   868007    0.08%
 114116 64325   156780.0000    25   156907.0000   156780.0000   868012    0.08%
 114117 64326   156780.0000    22   156907.0000   156780.0000   868016    0.08%
 114118 64327   156780.0000    22   156907.0000   156780.0000   868018    0.08%
Elapsed time = 73.83 sec. (104589.01 ticks, tree = 337.50 MB, solutions = 39)
 118589 65209        cutoff         156907.0000   156780.0000   903795    0.08%
 118590 65208    infeasible         156907.0000   156780.0000   903795    0.08%
 118591 65207        cutoff         156907.0000   156780.0000   903834    0.08%
 118592 65206    infeasible         156907.0000   156780.0000   903834    0.08%
 118593 65205    infeasible         156907.0000   156780.0000   903837    0.08%
 118594 65204    infeasible         156907.0000   156780.0000   903837    0.08%
 118595 65203        cutoff         156907.0000   156780.0000   903855    0.08%
 118596 65204   156780.0000    23   156907.0000   156780.0000   903863    0.08%
 118597 65205   156780.0000    22   156907.0000   156780.0000   903867    0.08%
 118598 65206   156780.0000    24   156907.0000   156780.0000   903873    0.08%
Elapsed time = 76.44 sec. (108418.66 ticks, tree = 344.51 MB, solutions = 39)
 122673 66502   156780.0000    22   156907.0000   156780.0000   937164    0.08%
 122674 66503   156780.0000    22   156907.0000   156780.0000   937168    0.08%
 122675 66504   156780.0000    20   156907.0000   156780.0000   937178    0.08%
 122676 66505   156780.0000    19   156907.0000   156780.0000   937187    0.08%
 122677 66506   156780.0000    20   156907.0000   156780.0000   937199    0.08%
 122678 66507   156780.0000    21   156907.0000   156780.0000   937200    0.08%
 122679 66508   156780.0000    20   156907.0000   156780.0000   937201    0.08%
 122680 66509   156780.0000    21   156907.0000   156780.0000   937203    0.08%
 122681 66510   156780.0000    21   156907.0000   156780.0000   937204    0.08%
 122682 66511   156780.0000    21   156907.0000   156780.0000   937209    0.08%
Elapsed time = 79.07 sec. (112238.31 ticks, tree = 351.99 MB, solutions = 39)
 126295 67955        cutoff         156907.0000   156780.0000   971126    0.08%
 126296 67954        cutoff         156907.0000   156780.0000   971163    0.08%
 126297 67953        cutoff         156907.0000   156780.0000   971183    0.08%
 126298 67952        cutoff         156907.0000   156780.0000   971196    0.08%
 126299 67951        cutoff         156907.0000   156780.0000   971250    0.08%
 126300 67950        cutoff         156907.0000   156780.0000   971288    0.08%
 126301 67949        cutoff         156907.0000   156780.0000   971308    0.08%
 126302 67948        cutoff         156907.0000   156780.0000   971369    0.08%
 126303 67947        cutoff         156907.0000   156780.0000   971400    0.08%
 126304 67946        cutoff         156907.0000   156780.0000   971430    0.08%
Elapsed time = 81.70 sec. (116085.91 ticks, tree = 360.00 MB, solutions = 39)
 129405 68643        cutoff         156907.0000   156780.0000  1006919    0.08%
 129406 68642    infeasible         156907.0000   156780.0000  1006919    0.08%
 129407 68641        cutoff         156907.0000   156780.0000  1006931    0.08%
 129408 68640    infeasible         156907.0000   156780.0000  1006931    0.08%
 129409 68639        cutoff         156907.0000   156780.0000  1006964    0.08%
 129410 68638    infeasible         156907.0000   156780.0000  1006964    0.08%
 129411 68637        cutoff         156907.0000   156780.0000  1006989    0.08%
 129412 68636    infeasible         156907.0000   156780.0000  1006989    0.08%
 129413 68635    infeasible         156907.0000   156780.0000  1006989    0.08%
 129414 68634        cutoff         156907.0000   156780.0000  1006995    0.08%
Elapsed time = 84.32 sec. (119916.12 ticks, tree = 363.85 MB, solutions = 39)
 132852 69749   156780.0000    23   156907.0000   156780.0000  1040570    0.08%
 132853 69750   156780.0000    23   156907.0000   156780.0000  1040578    0.08%
 132854 69751   156780.0000    24   156907.0000   156780.0000  1040593    0.08%
 132855 69752   156780.0000    23   156907.0000   156780.0000  1040594    0.08%
 132856 69753   156780.0000    24   156907.0000   156780.0000  1040595    0.08%
 132857 69754   156780.0000    23   156907.0000   156780.0000  1040596    0.08%
 132858 69755   156780.0000    23   156907.0000   156780.0000  1040597    0.08%
 132859 69754        cutoff         156907.0000   156780.0000  1040607    0.08%
 132860 69755   156780.0000    23   156907.0000   156780.0000  1040621    0.08%
 132861 69756   156780.0000    23   156907.0000   156780.0000  1040643    0.08%
Elapsed time = 86.96 sec. (123737.14 ticks, tree = 370.10 MB, solutions = 39)
 136272 71127   156780.0000    22   156907.0000   156780.0000  1080206    0.08%
 136273 71128   156780.0000    21   156907.0000   156780.0000  1080210    0.08%
 136274 71127        cutoff         156907.0000   156780.0000  1080236    0.08%
 136275 71128   156780.0000    21   156907.0000   156780.0000  1080237    0.08%
 136276 71129   156780.0000    23   156907.0000   156780.0000  1080248    0.08%
 136277 71130   156825.5000    16   156907.0000   156780.0000  1080281    0.08%
 136278 71130   156825.5000    16   156907.0000   156780.0000  1080282    0.08%
 136279 71130   156825.5000    17   156907.0000   156780.0000  1080284    0.08%
 136280 71129        cutoff         156907.0000   156780.0000  1080286    0.08%
 136281 71130   156780.0000    23   156907.0000   156780.0000  1080322    0.08%
Elapsed time = 89.49 sec. (127565.76 ticks, tree = 377.61 MB, solutions = 39)
 138098 72229   156780.0000    21   156907.0000   156780.0000  1096817    0.08%
 138099 72228        cutoff         156907.0000   156780.0000  1096833    0.08%
 138100 72227        cutoff         156907.0000   156780.0000  1096838    0.08%
 138101 72226        cutoff         156907.0000   156780.0000  1096850    0.08%
 138102 72225        cutoff         156907.0000   156780.0000  1096868    0.08%
 138103 72224        cutoff         156907.0000   156780.0000  1096877    0.08%
 138104 72223        cutoff         156907.0000   156780.0000  1096894    0.08%
 138105 72223   156780.0000    29   156907.0000   156780.0000  1096938    0.08%
 138106 72224   156780.0000    26   156907.0000   156780.0000  1096939    0.08%
 138107 72225   156780.0000    24   156907.0000   156780.0000  1096942    0.08%
Elapsed time = 92.24 sec. (131574.48 ticks, tree = 383.61 MB, solutions = 39)
 141798 75132   156780.0000    22   156907.0000   156780.0000  1124931    0.08%
 141799 75133   156780.0000    23   156907.0000   156780.0000  1124939    0.08%
 141800 75134   156780.0000    22   156907.0000   156780.0000  1124942    0.08%
 141801 75135   156780.0000    22   156907.0000   156780.0000  1124957    0.08%
 141802 75136   156780.0000    23   156907.0000   156780.0000  1124958    0.08%
 141803 75137   156780.0000    21   156907.0000   156780.0000  1124987    0.08%
 141804 75138   156780.0000    21   156907.0000   156780.0000  1125015    0.08%
 141805 75139   156780.0000    21   156907.0000   156780.0000  1125022    0.08%
 141806 75140   156780.0000    21   156907.0000   156780.0000  1125023    0.08%
 141807 75141   156780.0000    21   156907.0000   156780.0000  1125031    0.08%
Elapsed time = 94.90 sec. (135438.70 ticks, tree = 399.83 MB, solutions = 39)
 145301 75755   156780.0000    20   156907.0000   156780.0000  1165130    0.08%
 145302 75756   156780.0000    20   156907.0000   156780.0000  1165151    0.08%
 145303 75755        cutoff         156907.0000   156780.0000  1165170    0.08%
 145304 75754        cutoff         156907.0000   156780.0000  1165187    0.08%
 145305 75755   156780.0000    19   156907.0000   156780.0000  1165226    0.08%
 145306 75756   156780.0000    20   156907.0000   156780.0000  1165241    0.08%
 145307 75757   156780.0000    21   156907.0000   156780.0000  1165246    0.08%
 145308 75758   156780.0000    20   156907.0000   156780.0000  1165249    0.08%
 145309 75759   156780.0000    20   156907.0000   156780.0000  1165255    0.08%
 145310 75760   156780.0000    21   156907.0000   156780.0000  1165256    0.08%
Elapsed time = 97.53 sec. (139266.52 ticks, tree = 403.28 MB, solutions = 39)

Cover cuts applied:  105
Mixed integer rounding cuts applied:  3

Root node processing (before b&c):
  Real time             =    0.22 sec. (258.34 ticks)
Sequential b&c:
  Real time             =   99.78 sec. (142824.02 ticks)
                          ------------
Total (root+branch&cut) =  100.00 sec. (143082.36 ticks)

Solution pool: 39 solutions saved.

MIP - Time limit exceeded, integer feasible:  Objective =  1.5690700000e+05
Current MIP best bound =  1.5678000000e+05 (gap = 127, 0.08%)
Solution time =  100.00 sec.  Iterations = 1200739  Nodes = 148105 (76720)
Deterministic time = 143082.37 ticks  (1430.81 ticks/sec)


Incumbent solution written to file '/tmp/tmpEwmWyM.cplex.sol'.
