
Log started (V12.6.3.0) Sat Apr 21 07:31:42 2018

New value for default parallel thread count: 1

Problem '/tmp/tmpgmIacl.pyomo.lp' read.
Read time = 0.08 sec. (7.71 ticks)

Problem name         : /tmp/tmpgmIacl.pyomo.lp
Objective sense      : Minimize
Variables            :    3442  [Nneg: 1,  Binary: 3424,  General Integer: 17]
Objective nonzeros   :       1
Linear constraints   :     463  [Less: 230,  Equal: 233]
  Nonzeros           :  568947
  RHS nonzeros       :     429

Variables            : Min LB: 0.000000         Max UB: 1.000000       
Objective nonzeros   : Min   : 1.000000         Max   : 1.000000       
Linear constraints   :
  Nonzeros           : Min   : 1.000000         Max   : 19973.00       
  RHS nonzeros       : Min   : 1.000000         Max   : 22.00000       
Tried aggregator 2 times.
MIP Presolve eliminated 222 rows and 537 columns.
Aggregator did 20 substitutions.
Reduced MIP has 221 rows, 2885 columns, and 7979 nonzeros.
Reduced MIP has 2884 binaries, 1 generals, 0 SOSs, and 0 indicators.
Presolve time = 0.09 sec. (90.56 ticks)
Found incumbent of value 2194918.000000 after 0.11 sec. (113.43 ticks)
Tried aggregator 1 time.
Reduced MIP has 221 rows, 2885 columns, and 7979 nonzeros.
Reduced MIP has 2884 binaries, 1 generals, 0 SOSs, and 0 indicators.
Presolve time = 0.00 sec. (3.48 ticks)
Probing time = 0.00 sec. (2.04 ticks)
Clique table members: 206.
MIP emphasis: balance optimality and feasibility.
MIP search method: dynamic search.
Parallel mode: none, using 1 thread.
Root relaxation solution time = 0.00 sec. (6.67 ticks)

        Nodes                                         Cuts/
   Node  Left     Objective  IInf  Best Integer    Best Bound    ItCnt     Gap

*     0+    0                      2194918.0000        0.0000           100.00%
      0     0   156779.8571    26  2194918.0000   156779.8571      115   92.86%
*     0+    0                       163198.0000   156779.8571             3.93%
      0     0   156780.0000    27   163198.0000      Fract: 8      138    3.93%
*     0+    0                       162245.0000   156780.0000             3.37%
      0     0   156780.0000    30   162245.0000      Cuts: 21      193    3.37%
*     0+    0                       161932.0000   156780.0000             3.18%
*     0+    0                       161215.0000   156780.0000             2.75%
*     0+    0                       160200.0000   156780.0000             2.13%
*     0+    0                       160168.0000   156780.0000             2.12%
      0     2   156780.0000    25   160168.0000   156780.0000      193    2.12%
Elapsed time = 0.22 sec. (265.04 ticks, tree = 0.01 MB, solutions = 7)
*    80+   80                       160080.0000   156780.0000             2.06%
*    80+   80                       160061.0000   156780.0000             2.05%
*   207+  188                       159950.0000   156780.0000             1.98%
*   207+  188                       159643.0000   156780.0000             1.79%
*   207+  188                       159203.0000   156780.0000             1.52%
*   207+  188                       159017.0000   156780.0000             1.41%
*   207+  188                       158941.0000   156780.0000             1.36%
*   207+  188                       158924.0000   156780.0000             1.35%
    265   248   156780.0000    20   158924.0000   156780.0000     1618    1.35%
    266   249   156780.0000    21   158924.0000   156780.0000     1621    1.35%
    267   250   156780.0000    22   158924.0000   156780.0000     1633    1.35%
    268   251   156780.0000    21   158924.0000   156780.0000     1637    1.35%
    269   252   156780.0000    21   158924.0000   156780.0000     1639    1.35%
    270   253   156780.0000    21   158924.0000   156780.0000     1641    1.35%
    271   254   156780.0000    21   158924.0000   156780.0000     1643    1.35%
    272   255   156780.0000    20   158924.0000   156780.0000     1644    1.35%
    273   256   156780.0000    21   158924.0000   156780.0000     1646    1.35%
*   320+  301                       158915.0000   156780.0000             1.34%
*   496+  477                       158910.0000   156780.0000             1.34%
*   496+  477                       158259.0000   156780.0000             0.93%
*   496+  477                       158167.0000   156780.0000             0.88%
*   498+  320                       158128.0000   156780.0000             0.85%
    498   321   156780.0000    25   158128.0000   156780.0000     2843    0.85%
Elapsed time = 0.94 sec. (1294.26 ticks, tree = 1.32 MB, solutions = 20)
*   598+  254                       158093.0000   156780.0000             0.83%
*   598+  195                       157852.0000   156780.0000             0.68%
*   598+  157                       157829.0000   156780.0000             0.66%
*   598+  131                       157807.0000   156780.0000             0.65%
*   598+  114                       157712.0000   156780.0000             0.59%
*   598+  102                       157709.0000   156780.0000             0.59%
*   598+   94                       157639.0000   156780.0000             0.54%
    798   212   156780.0000    26   157639.0000   156780.0000     4994    0.54%
    799   213   156780.0000    25   157639.0000   156780.0000     4998    0.54%
    800   214   156780.0000    24   157639.0000   156780.0000     5005    0.54%
    801   215   156780.0000    25   157639.0000   156780.0000     5010    0.54%
    802   215   156780.0000    24   157639.0000   156780.0000     5019    0.54%
    803   216   156780.0000    24   157639.0000   156780.0000     5021    0.54%
    804   217   156780.0000    24   157639.0000   156780.0000     5043    0.54%
    805   218   156780.0000    24   157639.0000   156780.0000     5044    0.54%
    806   218   156780.0000    25   157639.0000   156780.0000     5058    0.54%
    807   219   156780.0000    25   157639.0000   156780.0000     5060    0.54%
Elapsed time = 1.64 sec. (2320.32 ticks, tree = 0.91 MB, solutions = 27)
*  1198+  535                       157561.0000   156780.0000             0.50%
*  1298+  611                       157528.0000   156780.0000             0.47%
*  1298+  609                       157435.0000   156780.0000             0.42%
*  1298+  609                       157431.0000   156780.0000             0.41%
   1298   611   156780.0000    22   157431.0000   156780.0000     7513    0.41%
   1299   612   156780.0000    22   157431.0000   156780.0000     7517    0.41%
   1300   613   156780.0000    23   157431.0000   156780.0000     7522    0.41%
   1301   614   156780.0000    20   157431.0000   156780.0000     7525    0.41%
   1302   615   156780.0000    19   157431.0000   156780.0000     7538    0.41%
   1303   616   156780.0000    19   157431.0000   156780.0000     7544    0.41%
   1304   617   156780.0000    21   157431.0000   156780.0000     7552    0.41%
   1305   618   156780.0000    20   157431.0000   156780.0000     7554    0.41%
   1306   619   156780.0000    20   157431.0000   156780.0000     7556    0.41%
   1307   620   156780.0000    20   157431.0000   156780.0000     7558    0.41%
Elapsed time = 2.42 sec. (3396.50 ticks, tree = 2.61 MB, solutions = 31)
   2102  1250   156780.0000    19   157431.0000   156780.0000    11369    0.41%
   2103  1251   156780.0000    20   157431.0000   156780.0000    11372    0.41%
   2104  1252   156780.0000    20   157431.0000   156780.0000    11374    0.41%
   2105  1253   156780.0000    22   157431.0000   156780.0000    11377    0.41%
   2106  1254   156780.0000    21   157431.0000   156780.0000    11384    0.41%
   2107  1255   156780.0000    22   157431.0000   156780.0000    11387    0.41%
   2108  1256   156780.0000    21   157431.0000   156780.0000    11400    0.41%
   2109  1256   156780.0000    21   157431.0000   156780.0000    11414    0.41%
   2110  1257   156780.0000    21   157431.0000   156780.0000    11416    0.41%
   2111  1258   156780.0000    20   157431.0000   156780.0000    11422    0.41%
Elapsed time = 3.07 sec. (4358.16 ticks, tree = 5.39 MB, solutions = 31)
   3488  2461   156780.0000    25   157431.0000   156780.0000    17220    0.41%
   3489  2462   156780.0000    22   157431.0000   156780.0000    17224    0.41%
   3490  2462   157074.3964    19   157431.0000   156780.0000    17243    0.41%
   3491  2461        cutoff         157431.0000   156780.0000    17256    0.41%
   3492  2461   157078.5429    19   157431.0000   156780.0000    17257    0.41%
   3493  2461   157163.1920    20   157431.0000   156780.0000    17258    0.41%
   3494  2460        cutoff         157431.0000   156780.0000    17260    0.41%
   3495  2461   156780.0000    24   157431.0000   156780.0000    17303    0.41%
   3496  2462   156780.0000    24   157431.0000   156780.0000    17304    0.41%
   3497  2463   156780.0000    24   157431.0000   156780.0000    17305    0.41%
Elapsed time = 3.72 sec. (5317.86 ticks, tree = 10.68 MB, solutions = 31)
   5126  3960   156780.0000    24   157431.0000   156780.0000    23936    0.41%
   5127  3961   156780.0000    22   157431.0000   156780.0000    23941    0.41%
   5128  3962   156780.0000    22   157431.0000   156780.0000    23943    0.41%
   5129  3963   156780.0000    22   157431.0000   156780.0000    23944    0.41%
   5130  3964   156780.0000    23   157431.0000   156780.0000    23946    0.41%
   5131  3965   156780.0000    23   157431.0000   156780.0000    23949    0.41%
   5132  3965   156780.0000    23   157431.0000   156780.0000    23951    0.41%
   5133  3966   156780.0000    23   157431.0000   156780.0000    23952    0.41%
   5134  3967   156780.0000    24   157431.0000   156780.0000    23954    0.41%
   5135  3968   156780.0000    24   157431.0000   156780.0000    23956    0.41%
Elapsed time = 4.36 sec. (6275.74 ticks, tree = 17.24 MB, solutions = 31)
   7291  5968   156780.0000    19   157431.0000   156780.0000    31772    0.41%
   7292  5969   156780.0000    19   157431.0000   156780.0000    31782    0.41%
   7293  5970   156780.0000    19   157431.0000   156780.0000    31787    0.41%
   7294  5971   156780.0000    19   157431.0000   156780.0000    31791    0.41%
   7295  5972   156780.0000    21   157431.0000   156780.0000    31810    0.41%
   7296  5973   156780.0000    20   157431.0000   156780.0000    31818    0.41%
   7297  5974   156780.0000    21   157431.0000   156780.0000    31822    0.41%
   7298  5975   156780.0000    21   157431.0000   156780.0000    31829    0.41%
   7299  5976   156780.0000    20   157431.0000   156780.0000    31831    0.41%
   7300  5977   156780.0000    20   157431.0000   156780.0000    31832    0.41%
Elapsed time = 5.01 sec. (7235.90 ticks, tree = 26.11 MB, solutions = 31)
   9406  7878   156780.0000    19   157431.0000   156780.0000    38663    0.41%
   9407  7879   156780.0000    18   157431.0000   156780.0000    38666    0.41%
   9408  7880   156780.0000    17   157431.0000   156780.0000    38668    0.41%
   9409  7881   156780.0000    21   157431.0000   156780.0000    38673    0.41%
   9410  7882   156780.0000    21   157431.0000   156780.0000    38674    0.41%
   9411  7883   156780.0000    21   157431.0000   156780.0000    38675    0.41%
   9412  7884   156780.0000    22   157431.0000   156780.0000    38676    0.41%
   9413  7885   156780.0000    22   157431.0000   156780.0000    38677    0.41%
   9414  7886   156780.0000    21   157431.0000   156780.0000    38678    0.41%
   9415  7887   156780.0000    22   157431.0000   156780.0000    38679    0.41%
Elapsed time = 5.64 sec. (8193.03 ticks, tree = 34.58 MB, solutions = 31)
* 10398+ 8697                       157327.0000   156780.0000             0.35%
  10398  8699   157229.0000    16   157327.0000   156780.0000    41742    0.35%
  10399  8700   156780.0000    17   157327.0000   156780.0000    41752    0.35%
  10400  8701   156780.0000    22   157327.0000   156780.0000    41767    0.35%
  10401  8702   156780.0000    22   157327.0000   156780.0000    41771    0.35%
  10402  8703   156780.0000    22   157327.0000   156780.0000    41772    0.35%
  10403  8704   156780.0000    22   157327.0000   156780.0000    41773    0.35%
  10404  8705   156780.0000    22   157327.0000   156780.0000    41774    0.35%
  10405  8706   156780.0000    25   157327.0000   156780.0000    41789    0.35%
  10406  8707   156780.0000    25   157327.0000   156780.0000    41792    0.35%
  10407  8708   156780.0000    25   157327.0000   156780.0000    41797    0.35%
Elapsed time = 6.47 sec. (9289.38 ticks, tree = 38.45 MB, solutions = 32)
* 11360  9586      integral     0   157309.0000   156780.0000    44979    0.34%
  12558 10723   156780.0000    26   157309.0000   156780.0000    48483    0.34%
  12559 10724   156780.0000    25   157309.0000   156780.0000    48502    0.34%
  12560 10725   156780.0000    25   157309.0000   156780.0000    48503    0.34%
  12561 10726   156780.0000    25   157309.0000   156780.0000    48504    0.34%
  12562 10727   156780.0000    25   157309.0000   156780.0000    48514    0.34%
  12563 10728   156780.0000    25   157309.0000   156780.0000    48516    0.34%
  12564 10729   156780.0000    23   157309.0000   156780.0000    48518    0.34%
  12565 10730   156780.0000    23   157309.0000   156780.0000    48519    0.34%
  12566 10731   156780.0000    25   157309.0000   156780.0000    48522    0.34%
  19131 16812   156780.0000    24   157309.0000   156780.0000    67910    0.34%
Elapsed time = 8.97 sec. (13105.18 ticks, tree = 74.89 MB, solutions = 33)
  28548 25617   156780.0000    19   157309.0000   156780.0000    94758    0.34%
  28549 25618   156780.0000    19   157309.0000   156780.0000    94759    0.34%
  28550 25619   156780.0000    20   157309.0000   156780.0000    94760    0.34%
  28551 25620   156780.0000    21   157309.0000   156780.0000    94763    0.34%
  28552 25621   156780.0000    21   157309.0000   156780.0000    94764    0.34%
  28553 25622   156780.0000    20   157309.0000   156780.0000    94768    0.34%
  28554 25623   156780.0000    20   157309.0000   156780.0000    94770    0.34%
  28555 25624   156780.0000    21   157309.0000   156780.0000    94778    0.34%
  28556 25625   156780.0000    20   157309.0000   156780.0000    94781    0.34%
  28557 25626   156780.0000    21   157309.0000   156780.0000    94786    0.34%
Elapsed time = 11.48 sec. (16925.01 ticks, tree = 113.84 MB, solutions = 33)
  37322 33610   156780.0000    22   157309.0000   156780.0000   123123    0.34%
  37323 33611   156780.0000    21   157309.0000   156780.0000   123124    0.34%
  37324 33612   156780.0000    20   157309.0000   156780.0000   123127    0.34%
  37325 33613   156780.0000    20   157309.0000   156780.0000   123128    0.34%
  37326 33614   156780.0000    20   157309.0000   156780.0000   123129    0.34%
  37327 33615   156780.0000    25   157309.0000   156780.0000   123141    0.34%
  37328 33616   156780.0000    25   157309.0000   156780.0000   123143    0.34%
  37329 33617   156780.0000    24   157309.0000   156780.0000   123148    0.34%
  37330 33618   156780.0000    23   157309.0000   156780.0000   123150    0.34%
  37331 33619   156780.0000    23   157309.0000   156780.0000   123156    0.34%
Elapsed time = 14.02 sec. (20743.65 ticks, tree = 150.32 MB, solutions = 33)
  44639 39582   156780.0000    25   157309.0000   156780.0000   154228    0.34%
  44640 39583   156780.0000    22   157309.0000   156780.0000   154231    0.34%
  44641 39584   156780.0000    24   157309.0000   156780.0000   154242    0.34%
  44642 39585   156780.0000    24   157309.0000   156780.0000   154259    0.34%
  44643 39586   156780.0000    22   157309.0000   156780.0000   154265    0.34%
  44644 39585        cutoff         157309.0000   156780.0000   154289    0.34%
  44645 39586   156780.0000    24   157309.0000   156780.0000   154292    0.34%
  44646 39587   156780.0000    23   157309.0000   156780.0000   154300    0.34%
  44647 39588   156780.0000    24   157309.0000   156780.0000   154308    0.34%
  44648 39589   156780.0000    23   157309.0000   156780.0000   154311    0.34%
Elapsed time = 16.61 sec. (24563.98 ticks, tree = 177.75 MB, solutions = 33)
  52553 46816   156780.0000    24   157309.0000   156780.0000   181882    0.34%
  52554 46817   156780.0000    24   157309.0000   156780.0000   181884    0.34%
  52555 46818   156780.0000    25   157309.0000   156780.0000   181886    0.34%
  52556 46819   156780.0000    23   157309.0000   156780.0000   181888    0.34%
  52557 46820   156780.0000    26   157309.0000   156780.0000   181891    0.34%
  52558 46821   156780.0000    26   157309.0000   156780.0000   181892    0.34%
  52559 46822   156780.0000    24   157309.0000   156780.0000   181895    0.34%
  52560 46823   156780.0000    24   157309.0000   156780.0000   181897    0.34%
  52561 46824   156780.0000    25   157309.0000   156780.0000   181899    0.34%
  52562 46825   156780.0000    25   157309.0000   156780.0000   181900    0.34%
Elapsed time = 19.21 sec. (28382.17 ticks, tree = 211.01 MB, solutions = 33)
* 56249 47639      integral     0   157130.0000   156780.0000   192878    0.22%
* 58398+49489                       157098.0000   156780.0000             0.20%
  60239 51157   156780.0000    24   157098.0000   156780.0000   207154    0.20%
  60240 51158   156780.0000    24   157098.0000   156780.0000   207155    0.20%
  60241 51159   156780.0000    24   157098.0000   156780.0000   207156    0.20%
  60242 51160   156780.0000    24   157098.0000   156780.0000   207157    0.20%
  60243 51161   156780.0000    24   157098.0000   156780.0000   207159    0.20%
  60244 51162   156780.0000    24   157098.0000   156780.0000   207160    0.20%
  60245 51163   156780.0000    23   157098.0000   156780.0000   207161    0.20%
  60246 51164   156780.0000    24   157098.0000   156780.0000   207162    0.20%
  60247 51165   156780.0000    24   157098.0000   156780.0000   207163    0.20%
  60248 51166   156780.0000    24   157098.0000   156780.0000   207164    0.20%
Elapsed time = 21.81 sec. (32199.90 ticks, tree = 231.23 MB, solutions = 35)
  67983 58366   156780.0000    21   157098.0000   156780.0000   233388    0.20%
  67984 58367   156780.0000    22   157098.0000   156780.0000   233389    0.20%
  67985 58368   156780.0000    22   157098.0000   156780.0000   233392    0.20%
  67986 58369   156780.0000    22   157098.0000   156780.0000   233393    0.20%
  67987 58370   156780.0000    21   157098.0000   156780.0000   233395    0.20%
  67988 58371   156780.0000    21   157098.0000   156780.0000   233397    0.20%
  67989 58372   156780.0000    22   157098.0000   156780.0000   233399    0.20%
  67990 58373   156780.0000    22   157098.0000   156780.0000   233401    0.20%
  67991 58374   156780.0000    22   157098.0000   156780.0000   233402    0.20%
  67992 58375   156780.0000    21   157098.0000   156780.0000   233404    0.20%
Elapsed time = 24.43 sec. (36018.13 ticks, tree = 264.30 MB, solutions = 35)
  75808 65470   156780.0000    23   157098.0000   156780.0000   259500    0.20%
  75809 65469        cutoff         157098.0000   156780.0000   259509    0.20%
  75810 65470   156780.0000    24   157098.0000   156780.0000   259516    0.20%
  75811 65471   156780.0000    22   157098.0000   156780.0000   259518    0.20%
  75812 65472   156780.0000    23   157098.0000   156780.0000   259521    0.20%
  75813 65471        cutoff         157098.0000   156780.0000   259546    0.20%
  75814 65472   156780.0000    22   157098.0000   156780.0000   259549    0.20%
  75815 65473   156780.0000    24   157098.0000   156780.0000   259552    0.20%
  75816 65474   156780.0000    22   157098.0000   156780.0000   259554    0.20%
  75817 65475   156780.0000    23   157098.0000   156780.0000   259559    0.20%
Elapsed time = 27.01 sec. (39837.94 ticks, tree = 296.94 MB, solutions = 35)
  83454 72531   156780.0000    28   157098.0000   156780.0000   285713    0.20%
  83455 72532   156780.0000    28   157098.0000   156780.0000   285714    0.20%
  83456 72533   156780.0000    26   157098.0000   156780.0000   285716    0.20%
  83457 72534   156780.0000    26   157098.0000   156780.0000   285719    0.20%
  83458 72535   156780.0000    26   157098.0000   156780.0000   285720    0.20%
  83459 72536   156780.0000    26   157098.0000   156780.0000   285721    0.20%
  83460 72537   156780.0000    26   157098.0000   156780.0000   285726    0.20%
  83461 72538   156780.0000    25   157098.0000   156780.0000   285727    0.20%
  83462 72539   156780.0000    25   157098.0000   156780.0000   285729    0.20%
  83463 72540   156780.0000    26   157098.0000   156780.0000   285732    0.20%
Elapsed time = 29.61 sec. (43655.90 ticks, tree = 331.43 MB, solutions = 35)
  91627 80177   156780.0000    23   157098.0000   156780.0000   312201    0.20%
  91628 80178   156780.0000    23   157098.0000   156780.0000   312202    0.20%
  91629 80179   156780.0000    23   157098.0000   156780.0000   312204    0.20%
  91630 80180   156780.0000    23   157098.0000   156780.0000   312205    0.20%
  91631 80181   156780.0000    22   157098.0000   156780.0000   312207    0.20%
  91632 80182   156780.0000    23   157098.0000   156780.0000   312209    0.20%
  91633 80183   156780.0000    23   157098.0000   156780.0000   312211    0.20%
  91634 80184   156780.0000    23   157098.0000   156780.0000   312214    0.20%
  91635 80185   156780.0000    23   157098.0000   156780.0000   312215    0.20%
  91636 80186   156780.0000    23   157098.0000   156780.0000   312219    0.20%
Elapsed time = 32.18 sec. (47480.73 ticks, tree = 366.58 MB, solutions = 35)
  99169 86804   156780.0000    23   157098.0000   156780.0000   340021    0.20%
  99170 86805   156780.0000    24   157098.0000   156780.0000   340025    0.20%
  99171 86806   156780.0000    24   157098.0000   156780.0000   340026    0.20%
  99172 86805        cutoff         157098.0000   156780.0000   340039    0.20%
  99173 86806   156780.0000    24   157098.0000   156780.0000   340040    0.20%
  99174 86807   156780.0000    24   157098.0000   156780.0000   340041    0.20%
  99175 86808   156780.0000    23   157098.0000   156780.0000   340042    0.20%
  99176 86809   156780.0000    24   157098.0000   156780.0000   340045    0.20%
  99177 86810   156780.0000    24   157098.0000   156780.0000   340047    0.20%
  99178 86811   156780.0000    24   157098.0000   156780.0000   340048    0.20%
Elapsed time = 34.76 sec. (51302.62 ticks, tree = 396.99 MB, solutions = 35)
 107485 94542   156780.0000    22   157098.0000   156780.0000   365448    0.20%
 107486 94543   156780.0000    22   157098.0000   156780.0000   365449    0.20%
 107487 94544   156780.0000    24   157098.0000   156780.0000   365456    0.20%
 107488 94545   156780.0000    24   157098.0000   156780.0000   365457    0.20%
 107489 94546   156780.0000    24   157098.0000   156780.0000   365458    0.20%
 107490 94547   156780.0000    23   157098.0000   156780.0000   365460    0.20%
 107491 94548   156780.0000    23   157098.0000   156780.0000   365461    0.20%
 107492 94549   156780.0000    22   157098.0000   156780.0000   365464    0.20%
 107493 94550   156780.0000    24   157098.0000   156780.0000   365469    0.20%
 107494 94551   156780.0000    22   157098.0000   156780.0000   365472    0.20%
Elapsed time = 37.32 sec. (55121.50 ticks, tree = 432.42 MB, solutions = 35)
 115795 102425   156780.0000    24   157098.0000   156780.0000   392353    0.20%
 115796 102426   156780.0000    23   157098.0000   156780.0000   392354    0.20%
 115797 102427   156780.0000    24   157098.0000   156780.0000   392355    0.20%
 115798 102428   156780.0000    23   157098.0000   156780.0000   392359    0.20%
 115799 102429   156780.0000    25   157098.0000   156780.0000   392365    0.20%
 115800 102430   156780.0000    25   157098.0000   156780.0000   392367    0.20%
 115801 102431   156780.0000    25   157098.0000   156780.0000   392368    0.20%
 115802 102432   156780.0000    24   157098.0000   156780.0000   392382    0.20%
 115803 102433   156780.0000    24   157098.0000   156780.0000   392386    0.20%
 115804 102434   156780.0000    23   157098.0000   156780.0000   392387    0.20%
Elapsed time = 39.90 sec. (58941.04 ticks, tree = 468.76 MB, solutions = 35)
 124109 110273   156780.0000    25   157098.0000   156780.0000   419645    0.20%
 124110 110274   156780.0000    24   157098.0000   156780.0000   419648    0.20%
 124111 110275   156910.0000    20   157098.0000   156780.0000   419652    0.20%
 124112 110276   156910.0000    17   157098.0000   156780.0000   419656    0.20%
 124113 110277   156910.0000    19   157098.0000   156780.0000   419660    0.20%
 124114 110278   156910.0000    20   157098.0000   156780.0000   419661    0.20%
 124115 110279   156910.0000    19   157098.0000   156780.0000   419662    0.20%
 124116 110280   156910.0000    20   157098.0000   156780.0000   419663    0.20%
 124117 110281   156910.0000    20   157098.0000   156780.0000   419664    0.20%
 124118 110282   156910.0000    20   157098.0000   156780.0000   419665    0.20%
Elapsed time = 42.48 sec. (62759.52 ticks, tree = 504.72 MB, solutions = 35)
 131886 117369   156780.0000    23   157098.0000   156780.0000   447229    0.20%
 131887 117370   156780.0000    23   157098.0000   156780.0000   447231    0.20%
 131888 117371   156780.0000    23   157098.0000   156780.0000   447232    0.20%
 131889 117372   156780.0000    22   157098.0000   156780.0000   447234    0.20%
 131890 117373   156780.0000    21   157098.0000   156780.0000   447240    0.20%
 131891 117374   156780.0000    21   157098.0000   156780.0000   447246    0.20%
 131892 117375   156780.0000    21   157098.0000   156780.0000   447250    0.20%
 131893 117376   156780.0000    24   157098.0000   156780.0000   447255    0.20%
 131894 117377   156780.0000    20   157098.0000   156780.0000   447257    0.20%
 131895 117378   156780.0000    22   157098.0000   156780.0000   447265    0.20%
Elapsed time = 45.04 sec. (66578.62 ticks, tree = 537.57 MB, solutions = 35)
*134898+120138                       157096.0000   156780.0000             0.20%
 138953 123725   156780.0000    20   157096.0000   156780.0000   472853    0.20%
 138954 123726   156780.0000    20   157096.0000   156780.0000   472854    0.20%
 138955 123727   156780.0000    23   157096.0000   156780.0000   472857    0.20%
 138956 123728   156780.0000    23   157096.0000   156780.0000   472859    0.20%
 138957 123729   156780.0000    23   157096.0000   156780.0000   472860    0.20%
 138958 123730   156780.0000    23   157096.0000   156780.0000   472863    0.20%
 138959 123731   156780.0000    23   157096.0000   156780.0000   472865    0.20%
 138960 123732   156780.0000    23   157096.0000   156780.0000   472868    0.20%
 138961 123733   156780.0000    24   157096.0000   156780.0000   472872    0.20%
 138962 123734   156780.0000    24   157096.0000   156780.0000   472876    0.20%
Elapsed time = 47.71 sec. (70396.81 ticks, tree = 566.64 MB, solutions = 36)
 147317 131526   156780.0000    21   157096.0000   156780.0000   501545    0.20%
 147318 131527   156780.0000    19   157096.0000   156780.0000   501546    0.20%
 147319 131528   156780.0000    18   157096.0000   156780.0000   501548    0.20%
 147320 131527        cutoff         157096.0000   156780.0000   501551    0.20%
 147321 131528   156780.0000    19   157096.0000   156780.0000   501552    0.20%
 147322 131529   156780.0000    19   157096.0000   156780.0000   501553    0.20%
 147323 131530   156780.0000    19   157096.0000   156780.0000   501554    0.20%
 147324 131531   156780.0000    18   157096.0000   156780.0000   501575    0.20%
 147325 131532   156780.0000    19   157096.0000   156780.0000   501576    0.20%
 147326 131533   156780.0000    19   157096.0000   156780.0000   501584    0.20%
Elapsed time = 50.32 sec. (74216.76 ticks, tree = 604.03 MB, solutions = 36)
 155026 138732   156780.0000    20   157096.0000   156780.0000   528695    0.20%
 155027 138733   156780.0000    20   157096.0000   156780.0000   528696    0.20%
 155028 138734   156780.0000    21   157096.0000   156780.0000   528698    0.20%
 155029 138735   156780.0000    20   157096.0000   156780.0000   528701    0.20%
 155030 138736   156780.0000    21   157096.0000   156780.0000   528704    0.20%
 155031 138737   156780.0000    22   157096.0000   156780.0000   528706    0.20%
 155032 138738   156780.0000    22   157096.0000   156780.0000   528707    0.20%
 155033 138739   156780.0000    25   157096.0000   156780.0000   528711    0.20%
 155034 138740   156780.0000    24   157096.0000   156780.0000   528715    0.20%
 155035 138741   156780.0000    23   157096.0000   156780.0000   528717    0.20%
Elapsed time = 52.92 sec. (78035.46 ticks, tree = 637.27 MB, solutions = 36)
 163306 146505   156780.0000    25   157096.0000   156780.0000   557938    0.20%
 163307 146506   156780.0000    23   157096.0000   156780.0000   557942    0.20%
 163308 146507   156780.0000    22   157096.0000   156780.0000   557943    0.20%
 163309 146508   156780.0000    24   157096.0000   156780.0000   557952    0.20%
 163310 146509   156780.0000    25   157096.0000   156780.0000   557953    0.20%
 163311 146510   156780.0000    25   157096.0000   156780.0000   557955    0.20%
 163312 146511   156780.0000    25   157096.0000   156780.0000   557959    0.20%
 163313 146512   156780.0000    26   157096.0000   156780.0000   557961    0.20%
 163314 146513   156780.0000    25   157096.0000   156780.0000   557968    0.20%
 163315 146514   156780.0000    27   157096.0000   156780.0000   557970    0.20%
Elapsed time = 55.46 sec. (81854.46 ticks, tree = 673.49 MB, solutions = 36)
 170891 153150   156780.0000    25   157096.0000   156780.0000   586879    0.20%
 170892 153151   156780.0000    23   157096.0000   156780.0000   586881    0.20%
 170893 153152   156780.0000    24   157096.0000   156780.0000   586890    0.20%
 170894 153153   156780.0000    25   157096.0000   156780.0000   586893    0.20%
 170895 153154   156780.0000    25   157096.0000   156780.0000   586894    0.20%
 170896 153155   156780.0000    24   157096.0000   156780.0000   586904    0.20%
 170897 153156   156780.0000    25   157096.0000   156780.0000   586914    0.20%
 170898 153157   156780.0000    24   157096.0000   156780.0000   586916    0.20%
 170899 153158   156780.0000    23   157096.0000   156780.0000   586919    0.20%
 170900 153159   156780.0000    24   157096.0000   156780.0000   586923    0.20%
Elapsed time = 58.08 sec. (85675.78 ticks, tree = 704.28 MB, solutions = 36)
 178381 159930   156780.0000    25   157096.0000   156780.0000   613702    0.20%
 178382 159931   156780.0000    25   157096.0000   156780.0000   613704    0.20%
 178383 159932   156780.0000    24   157096.0000   156780.0000   613706    0.20%
 178384 159933   156780.0000    24   157096.0000   156780.0000   613708    0.20%
 178385 159934   156780.0000    22   157096.0000   156780.0000   613711    0.20%
 178386 159935   156780.0000    23   157096.0000   156780.0000   613713    0.20%
 178387 159936   156780.0000    23   157096.0000   156780.0000   613714    0.20%
 178388 159937   156780.0000    22   157096.0000   156780.0000   613715    0.20%
 178389 159938   156780.0000    23   157096.0000   156780.0000   613716    0.20%
 178390 159939   156780.0000    23   157096.0000   156780.0000   613717    0.20%
Elapsed time = 60.66 sec. (89493.58 ticks, tree = 736.99 MB, solutions = 36)
 185920 166830   156780.0000    27   157096.0000   156780.0000   641441    0.20%
 185921 166831   156780.0000    23   157096.0000   156780.0000   641450    0.20%
 185922 166832   156780.0000    24   157096.0000   156780.0000   641452    0.20%
 185923 166833   156780.0000    26   157096.0000   156780.0000   641457    0.20%
 185924 166834   156780.0000    26   157096.0000   156780.0000   641458    0.20%
 185925 166835   156780.0000    27   157096.0000   156780.0000   641459    0.20%
 185926 166836   156780.0000    27   157096.0000   156780.0000   641460    0.20%
 185927 166837   156780.0000    27   157096.0000   156780.0000   641461    0.20%
 185928 166838   156780.0000    27   157096.0000   156780.0000   641466    0.20%
 185929 166839   156780.0000    27   157096.0000   156780.0000   641467    0.20%
Elapsed time = 63.36 sec. (93313.02 ticks, tree = 769.27 MB, solutions = 36)
 193289 173585   156780.0000    27   157096.0000   156780.0000   667591    0.20%
 193290 173586   156780.0000    27   157096.0000   156780.0000   667594    0.20%
 193291 173587   156780.0000    27   157096.0000   156780.0000   667598    0.20%
 193292 173588   156780.0000    27   157096.0000   156780.0000   667600    0.20%
 193293 173589   156780.0000    28   157096.0000   156780.0000   667607    0.20%
 193294 173590   156780.0000    28   157096.0000   156780.0000   667608    0.20%
 193295 173591   156780.0000    27   157096.0000   156780.0000   667610    0.20%
 193296 173592   156780.0000    27   157096.0000   156780.0000   667611    0.20%
 193297 173593   156780.0000    24   157096.0000   156780.0000   667616    0.20%
 193298 173594   156780.0000    27   157096.0000   156780.0000   667622    0.20%
Elapsed time = 66.06 sec. (97132.23 ticks, tree = 800.82 MB, solutions = 36)
 201492 181091   156780.0000    26   157096.0000   156780.0000   698535    0.20%
 201493 181092   156780.0000    25   157096.0000   156780.0000   698539    0.20%
 201494 181093   156780.0000    29   157096.0000   156780.0000   698544    0.20%
 201495 181094   156780.0000    29   157096.0000   156780.0000   698545    0.20%
 201496 181095   156780.0000    29   157096.0000   156780.0000   698549    0.20%
 201497 181096   156780.0000    30   157096.0000   156780.0000   698551    0.20%
 201498 181097   156780.0000    30   157096.0000   156780.0000   698552    0.20%
 201499 181098   156780.0000    30   157096.0000   156780.0000   698553    0.20%
 201500 181099   156780.0000    29   157096.0000   156780.0000   698557    0.20%
 201501 181100   156780.0000    29   157096.0000   156780.0000   698561    0.20%
Elapsed time = 68.65 sec. (100951.47 ticks, tree = 836.20 MB, solutions = 36)
 208951 188087   156780.0000    25   157096.0000   156780.0000   726369    0.20%
 208952 188088   156780.0000    25   157096.0000   156780.0000   726370    0.20%
 208953 188089   156780.0000    25   157096.0000   156780.0000   726372    0.20%
 208954 188090   156780.0000    25   157096.0000   156780.0000   726373    0.20%
 208955 188091   156780.0000    25   157096.0000   156780.0000   726374    0.20%
 208956 188092   156780.0000    25   157096.0000   156780.0000   726375    0.20%
 208957 188093   156780.0000    23   157096.0000   156780.0000   726377    0.20%
 208958 188094   156780.0000    24   157096.0000   156780.0000   726382    0.20%
 208959 188095   156780.0000    22   157096.0000   156780.0000   726384    0.20%
 208960 188096   156780.0000    22   157096.0000   156780.0000   726386    0.20%
Elapsed time = 71.24 sec. (104769.62 ticks, tree = 868.95 MB, solutions = 36)
 217120 195845   156780.0000    22   157096.0000   156780.0000   755935    0.20%
 217121 195846   156780.0000    24   157096.0000   156780.0000   755937    0.20%
 217122 195847   156780.0000    25   157096.0000   156780.0000   755945    0.20%
 217123 195848   156780.0000    24   157096.0000   156780.0000   755949    0.20%
 217124 195849   156780.0000    23   157096.0000   156780.0000   755952    0.20%
 217125 195850   156780.0000    23   157096.0000   156780.0000   755953    0.20%
 217126 195851   156780.0000    23   157096.0000   156780.0000   755954    0.20%
 217127 195852   156780.0000    23   157096.0000   156780.0000   755955    0.20%
 217128 195853   156780.0000    24   157096.0000   156780.0000   755957    0.20%
 217129 195854   156780.0000    24   157096.0000   156780.0000   755958    0.20%
Elapsed time = 73.83 sec. (108588.37 ticks, tree = 906.90 MB, solutions = 36)
 224236 201893   156780.0000    20   157096.0000   156780.0000   784666    0.20%
 224237 201894   156780.0000    21   157096.0000   156780.0000   784669    0.20%
 224238 201895   156780.0000    21   157096.0000   156780.0000   784673    0.20%
 224239 201896   156780.0000    21   157096.0000   156780.0000   784674    0.20%
 224240 201897   156780.0000    22   157096.0000   156780.0000   784675    0.20%
 224241 201898   156780.0000    22   157096.0000   156780.0000   784676    0.20%
 224242 201897        cutoff         157096.0000   156780.0000   784698    0.20%
 224243 201896        cutoff         157096.0000   156780.0000   784716    0.20%
 224244 201897   156780.0000    23   157096.0000   156780.0000   784729    0.20%
 224245 201898   156780.0000    23   157096.0000   156780.0000   784731    0.20%
Elapsed time = 76.43 sec. (112412.13 ticks, tree = 935.50 MB, solutions = 36)
 231568 208509   156780.0000    24   157096.0000   156780.0000   812623    0.20%
 231569 208510   156780.0000    24   157096.0000   156780.0000   812626    0.20%
 231570 208511   156780.0000    25   157096.0000   156780.0000   812634    0.20%
 231571 208512   156780.0000    23   157096.0000   156780.0000   812636    0.20%
 231572 208513   156780.0000    25   157096.0000   156780.0000   812641    0.20%
 231573 208514   156780.0000    25   157096.0000   156780.0000   812642    0.20%
 231574 208515   156780.0000    25   157096.0000   156780.0000   812643    0.20%
 231575 208516   156780.0000    25   157096.0000   156780.0000   812644    0.20%
 231576 208517   156780.0000    24   157096.0000   156780.0000   812646    0.20%
 231577 208518   156780.0000    23   157096.0000   156780.0000   812649    0.20%
Elapsed time = 79.03 sec. (116231.08 ticks, tree = 966.71 MB, solutions = 36)
*236698+210148                       157023.0000   156780.0000             0.15%
 238090 211434   156780.0000    23   157023.0000   156780.0000   843384    0.15%
 238091 211435   156780.0000    25   157023.0000   156780.0000   843391    0.15%
 238092 211436   156780.0000    25   157023.0000   156780.0000   843394    0.15%
 238093 211437   156780.0000    25   157023.0000   156780.0000   843395    0.15%
 238094 211438   156780.0000    24   157023.0000   156780.0000   843396    0.15%
 238095 211439   156780.0000    24   157023.0000   156780.0000   843397    0.15%
 238096 211440   156780.0000    24   157023.0000   156780.0000   843398    0.15%
 238097 211441   156780.0000    24   157023.0000   156780.0000   843399    0.15%
 238098 211442   156780.0000    24   157023.0000   156780.0000   843400    0.15%
 238099 211443   156780.0000    24   157023.0000   156780.0000   843401    0.15%
Elapsed time = 81.91 sec. (120053.87 ticks, tree = 980.59 MB, solutions = 37)
 246092 218785   156780.0000    27   157023.0000   156780.0000   872616    0.15%
 246093 218786   156780.0000    27   157023.0000   156780.0000   872618    0.15%
 246094 218787   156780.0000    25   157023.0000   156780.0000   872621    0.15%
 246095 218788   156780.0000    26   157023.0000   156780.0000   872623    0.15%
 246096 218789   156780.0000    26   157023.0000   156780.0000   872624    0.15%
 246097 218790   156780.0000    26   157023.0000   156780.0000   872626    0.15%
 246098 218791   156780.0000    22   157023.0000   156780.0000   872632    0.15%
 246099 218792   156780.0000    22   157023.0000   156780.0000   872634    0.15%
 246100 218793   156780.0000    23   157023.0000   156780.0000   872638    0.15%
 246101 218794   156780.0000    23   157023.0000   156780.0000   872640    0.15%
Elapsed time = 84.57 sec. (123873.64 ticks, tree = 1015.87 MB, solutions = 37)
 253158 224582   156780.0000    22   157023.0000   156780.0000   904564    0.15%
 253159 224583   156780.0000    23   157023.0000   156780.0000   904565    0.15%
 253160 224584   156780.0000    23   157023.0000   156780.0000   904566    0.15%
 253161 224585   156780.0000    23   157023.0000   156780.0000   904568    0.15%
 253162 224586   156780.0000    24   157023.0000   156780.0000   904570    0.15%
 253163 224587   156780.0000    25   157023.0000   156780.0000   904577    0.15%
 253164 224588   156780.0000    25   157023.0000   156780.0000   904582    0.15%
 253165 224589   156780.0000    26   157023.0000   156780.0000   904584    0.15%
 253166 224590   156780.0000    26   157023.0000   156780.0000   904585    0.15%
 253167 224591   156780.0000    24   157023.0000   156780.0000   904587    0.15%
Elapsed time = 87.17 sec. (127692.38 ticks, tree = 1043.47 MB, solutions = 37)
 259908 230399        cutoff         157023.0000   156780.0000   936836    0.15%
 259909 230398        cutoff         157023.0000   156780.0000   936855    0.15%
 259910 230397        cutoff         157023.0000   156780.0000   936858    0.15%
 259911 230396        cutoff         157023.0000   156780.0000   936885    0.15%
 259912 230395        cutoff         157023.0000   156780.0000   936917    0.15%
 259913 230394        cutoff         157023.0000   156780.0000   936965    0.15%
 259914 230393        cutoff         157023.0000   156780.0000   936968    0.15%
 259915 230392        cutoff         157023.0000   156780.0000   936993    0.15%
 259916 230391        cutoff         157023.0000   156780.0000   937038    0.15%
 259917 230390    infeasible         157023.0000   156780.0000   937038    0.15%
Elapsed time = 89.84 sec. (131520.99 ticks, tree = 1072.94 MB, solutions = 37)
 262033 231726   156780.0000    29   157023.0000   156780.0000   949174    0.15%
 262034 231727   156780.0000    26   157023.0000   156780.0000   949187    0.15%
 262035 231728   156780.0000    26   157023.0000   156780.0000   949206    0.15%
 262036 231729   156780.0000    25   157023.0000   156780.0000   949208    0.15%
 262037 231730   156780.0000    26   157023.0000   156780.0000   949209    0.15%
 262038 231731   156780.0000    26   157023.0000   156780.0000   949213    0.15%
 262039 231732   156780.0000    25   157023.0000   156780.0000   949214    0.15%
 262040 231733   156780.0000    25   157023.0000   156780.0000   949219    0.15%
 262041 231732        cutoff         157023.0000   156780.0000   949231    0.15%
 262042 231733   156780.0000    25   157023.0000   156780.0000   949232    0.15%
Elapsed time = 92.57 sec. (135343.31 ticks, tree = 1079.33 MB, solutions = 37)
 268411 236706        cutoff         157023.0000   156780.0000   982048    0.15%
 268412 236705        cutoff         157023.0000   156780.0000   982053    0.15%
 268413 236704        cutoff         157023.0000   156780.0000   982064    0.15%
 268414 236705   156780.0000    18   157023.0000   156780.0000   982091    0.15%
 268415 236706   156780.0000    19   157023.0000   156780.0000   982097    0.15%
 268416 236707   156780.0000    19   157023.0000   156780.0000   982103    0.15%
 268417 236708   156780.0000    19   157023.0000   156780.0000   982104    0.15%
 268418 236709   156780.0000    19   157023.0000   156780.0000   982106    0.15%
 268419 236710   156780.0000    20   157023.0000   156780.0000   982112    0.15%
 268420 236711   156780.0000    19   157023.0000   156780.0000   982122    0.15%
Elapsed time = 95.24 sec. (139166.03 ticks, tree = 1103.26 MB, solutions = 37)
 273276 238605   156780.0000    21   157023.0000   156780.0000  1021311    0.15%
 273277 238606   156780.0000    22   157023.0000   156780.0000  1021313    0.15%
 273278 238607   156780.0000    24   157023.0000   156780.0000  1021319    0.15%
 273279 238608   156780.0000    22   157023.0000   156780.0000  1021321    0.15%
 273280 238609   156780.0000    23   157023.0000   156780.0000  1021329    0.15%
 273281 238610   156780.0000    24   157023.0000   156780.0000  1021331    0.15%
 273282 238611   156780.0000    23   157023.0000   156780.0000  1021343    0.15%
 273283 238612   156780.0000    23   157023.0000   156780.0000  1021344    0.15%
 273284 238613   156780.0000    23   157023.0000   156780.0000  1021348    0.15%
 273285 238614   156780.0000    21   157023.0000   156780.0000  1021350    0.15%
Elapsed time = 97.94 sec. (142984.60 ticks, tree = 1112.51 MB, solutions = 37)

Cover cuts applied:  45
Mixed integer rounding cuts applied:  6
Zero-half cuts applied:  1

Root node processing (before b&c):
  Real time             =    0.22 sec. (265.70 ticks)
Sequential b&c:
  Real time             =   99.78 sec. (145825.47 ticks)
                          ------------
Total (root+branch&cut) =  100.00 sec. (146091.17 ticks)

Solution pool: 37 solutions saved.

MIP - Time limit exceeded, integer feasible:  Objective =  1.5702300000e+05
Current MIP best bound =  1.5678000000e+05 (gap = 243, 0.15%)
Solution time =  100.00 sec.  Iterations = 1053641  Nodes = 277745 (241553)
Deterministic time = 146091.18 ticks  (1460.90 ticks/sec)


Incumbent solution written to file '/tmp/tmpq6L4gS.cplex.sol'.
