
Log started (V12.6.3.0) Sat Apr 21 07:43:42 2018

New value for default parallel thread count: 1

Problem '/tmp/tmpIPwnL2.pyomo.lp' read.
Read time = 0.09 sec. (8.01 ticks)

Problem name         : /tmp/tmpIPwnL2.pyomo.lp
Objective sense      : Minimize
Variables            :    3442  [Nneg: 1,  Binary: 3424,  General Integer: 17]
Objective nonzeros   :       1
Linear constraints   :     463  [Less: 230,  Equal: 233]
  Nonzeros           :  591417
  RHS nonzeros       :     429

Variables            : Min LB: 0.000000         Max UB: 1.000000       
Objective nonzeros   : Min   : 1.000000         Max   : 1.000000       
Linear constraints   :
  Nonzeros           : Min   : 1.000000         Max   : 19973.00       
  RHS nonzeros       : Min   : 1.000000         Max   : 22.00000       
Tried aggregator 2 times.
MIP Presolve eliminated 220 rows and 535 columns.
Aggregator did 22 substitutions.
Reduced MIP has 221 rows, 2885 columns, and 8044 nonzeros.
Reduced MIP has 2884 binaries, 1 generals, 0 SOSs, and 0 indicators.
Presolve time = 0.10 sec. (93.94 ticks)
Found incumbent of value 2194918.000000 after 0.12 sec. (117.28 ticks)
Tried aggregator 1 time.
Reduced MIP has 221 rows, 2885 columns, and 8044 nonzeros.
Reduced MIP has 2884 binaries, 1 generals, 0 SOSs, and 0 indicators.
Presolve time = 0.00 sec. (3.49 ticks)
Probing time = 0.00 sec. (2.04 ticks)
Clique table members: 206.
MIP emphasis: balance optimality and feasibility.
MIP search method: dynamic search.
Parallel mode: none, using 1 thread.
Root relaxation solution time = 0.00 sec. (6.15 ticks)

        Nodes                                         Cuts/
   Node  Left     Objective  IInf  Best Integer    Best Bound    ItCnt     Gap

*     0+    0                      2194918.0000        0.0000           100.00%
      0     0   156779.8571    26  2194918.0000   156779.8571      102   92.86%
*     0+    0                       166536.0000   156779.8571             5.86%
      0     0   156780.0000    25   166536.0000      Fract: 8      122    5.86%
*     0+    0                       164201.0000   156780.0000             4.52%
      0     0   156780.0000    33   164201.0000      Cuts: 28      178    4.52%
*     0+    0                       164071.0000   156780.0000             4.44%
      0     0   156780.0000    38   164071.0000   MIRcuts: 14      226    4.44%
*     0+    0                       161279.0000   156780.0000             2.79%
*     0+    0                       160664.0000   156780.0000             2.42%
*     0+    0                       160512.0000   156780.0000             2.33%
*     0+    0                       159836.0000   156780.0000             1.91%
*     0+    0                       159740.0000   156780.0000             1.85%
*     0+    0                       159591.0000   156780.0000             1.76%
*     0+    0                       159523.0000   156780.0000             1.72%
*     0+    0                       158396.0000   156780.0000             1.02%
      0     2   156780.0000    24   158396.0000   156780.0000      226    1.02%
Elapsed time = 0.32 sec. (393.52 ticks, tree = 0.01 MB, solutions = 12)
    236   226   156780.0000    26   158396.0000   156780.0000     1952    1.02%
    237   227   156780.0000    24   158396.0000   156780.0000     1958    1.02%
    238   228   156780.0000    23   158396.0000   156780.0000     1963    1.02%
    239   229   156780.0000    22   158396.0000   156780.0000     1975    1.02%
    240   230   156780.0000    23   158396.0000   156780.0000     1985    1.02%
    241   231   156780.0000    21   158396.0000   156780.0000     1991    1.02%
    242   232   156780.0000    23   158396.0000   156780.0000     2000    1.02%
    243   233   156780.0000    21   158396.0000   156780.0000     2001    1.02%
    244   234   156780.0000    21   158396.0000   156780.0000     2010    1.02%
*   495+  463                       158211.0000   156780.0000             0.90%
*   495+  463                       158163.0000   156780.0000             0.87%
*   495+  463                       157810.0000   156780.0000             0.65%
    498   468   156780.0000    23   157810.0000   156780.0000     3827    0.65%
Elapsed time = 1.08 sec. (1447.14 ticks, tree = 1.96 MB, solutions = 15)
*   698+  392                       157787.0000   156780.0000             0.64%
*   698+  314                       157663.0000   156780.0000             0.56%
    801   342   157214.0000    19   157663.0000   156780.0000     5889    0.56%
    802   342   157214.0000    19   157663.0000   156780.0000     5890    0.56%
    803   342   157214.0000    19   157663.0000   156780.0000     5891    0.56%
    804   341   157214.0000    19   157663.0000   156780.0000     5892    0.56%
    805   341   157214.0000    19   157663.0000   156780.0000     5893    0.56%
    806   340   157214.0000    19   157663.0000   156780.0000     5894    0.56%
    807   341   157214.0000    19   157663.0000   156780.0000     5896    0.56%
    808   342   157214.0000    19   157663.0000   156780.0000     5897    0.56%
    809   340        cutoff         157663.0000   156780.0000     5904    0.56%
    810   340   157214.0000    20   157663.0000   156780.0000     5913    0.56%
Elapsed time = 1.74 sec. (2413.48 ticks, tree = 1.40 MB, solutions = 17)
   1358   563   156780.0000    24   157663.0000   156780.0000     8192    0.56%
   1359   564   156780.0000    25   157663.0000   156780.0000     8212    0.56%
   1360   565   156780.0000    25   157663.0000   156780.0000     8213    0.56%
   1361   566   156780.0000    25   157663.0000   156780.0000     8215    0.56%
   1362   567   156780.0000    25   157663.0000   156780.0000     8216    0.56%
   1363   566        cutoff         157663.0000   156780.0000     8225    0.56%
   1364   567   156780.0000    25   157663.0000   156780.0000     8232    0.56%
   1365   567   157402.8427    22   157663.0000   156780.0000     8241    0.56%
   1366   566        cutoff         157663.0000   156780.0000     8257    0.56%
   1367   567   156780.0000    23   157663.0000   156780.0000     8266    0.56%
Elapsed time = 2.44 sec. (3382.54 ticks, tree = 2.39 MB, solutions = 17)
*  1598+  717                       157592.0000   156780.0000             0.52%
   2114  1134   157072.0000    23   157592.0000   156780.0000    11770    0.52%
   2115  1135   157072.0000    23   157592.0000   156780.0000    11771    0.52%
   2116  1136   157072.0000    22   157592.0000   156780.0000    11775    0.52%
   2117  1135        cutoff         157592.0000   156780.0000    11781    0.52%
   2118  1136   157072.0000    22   157592.0000   156780.0000    11783    0.52%
   2119  1136   157072.0000    22   157592.0000   156780.0000    11784    0.52%
   2120  1136   157072.0000    22   157592.0000   156780.0000    11785    0.52%
   2121  1136   157072.0000    22   157592.0000   156780.0000    11786    0.52%
   2122  1136   157072.0000    22   157592.0000   156780.0000    11787    0.52%
   2123  1136   157072.0000    22   157592.0000   156780.0000    11788    0.52%
Elapsed time = 3.20 sec. (4344.52 ticks, tree = 4.84 MB, solutions = 18)
   3558  2336   156977.0000    20   157592.0000   156780.0000    16881    0.52%
   3559  2337   156977.0000    21   157592.0000   156780.0000    16890    0.52%
   3560  2338   156977.0000    22   157592.0000   156780.0000    16891    0.52%
   3561  2339   156977.0000    20   157592.0000   156780.0000    16895    0.52%
   3562  2340   156977.0000    19   157592.0000   156780.0000    16896    0.52%
   3563  2341   156977.0000    22   157592.0000   156780.0000    16899    0.52%
   3564  2342   156977.0000    21   157592.0000   156780.0000    16901    0.52%
   3565  2343   156977.0000    20   157592.0000   156780.0000    16903    0.52%
   3566  2344   156977.0000    22   157592.0000   156780.0000    16905    0.52%
   3567  2345   156977.0000    24   157592.0000   156780.0000    16910    0.52%
Elapsed time = 3.84 sec. (5301.74 ticks, tree = 10.06 MB, solutions = 18)
   5049  3595   156847.0000    22   157592.0000   156780.0000    22712    0.52%
   5050  3596   156847.0000    22   157592.0000   156780.0000    22713    0.52%
   5051  3597   156847.0000    22   157592.0000   156780.0000    22715    0.52%
   5052  3598   156847.0000    22   157592.0000   156780.0000    22716    0.52%
   5053  3599   156847.0000    22   157592.0000   156780.0000    22717    0.52%
   5054  3600   156847.0000    22   157592.0000   156780.0000    22718    0.52%
   5055  3601   156847.0000    22   157592.0000   156780.0000    22719    0.52%
   5056  3602   156847.0000    22   157592.0000   156780.0000    22720    0.52%
   5057  3603   156847.0000    22   157592.0000   156780.0000    22721    0.52%
   5058  3604   156847.0000    22   157592.0000   156780.0000    22722    0.52%
Elapsed time = 4.48 sec. (6259.75 ticks, tree = 15.47 MB, solutions = 18)
   6908  5068   156780.0000    21   157592.0000   156780.0000    28780    0.52%
   6909  5069   156780.0000    21   157592.0000   156780.0000    28781    0.52%
   6910  5070   156780.0000    21   157592.0000   156780.0000    28783    0.52%
   6911  5071   156780.0000    23   157592.0000   156780.0000    28787    0.52%
   6912  5072   156780.0000    21   157592.0000   156780.0000    28790    0.52%
   6913  5073   156780.0000    21   157592.0000   156780.0000    28791    0.52%
   6914  5074   156780.0000    21   157592.0000   156780.0000    28792    0.52%
   6915  5075   156780.0000    21   157592.0000   156780.0000    28793    0.52%
   6916  5076   156780.0000    21   157592.0000   156780.0000    28794    0.52%
   6917  5077   156780.0000    21   157592.0000   156780.0000    28795    0.52%
Elapsed time = 5.13 sec. (7216.75 ticks, tree = 21.92 MB, solutions = 18)
   8913  6851   156780.0000    26   157592.0000   156780.0000    35322    0.52%
   8914  6852   156780.0000    26   157592.0000   156780.0000    35323    0.52%
   8915  6853   156780.0000    26   157592.0000   156780.0000    35325    0.52%
   8916  6854   156780.0000    26   157592.0000   156780.0000    35328    0.52%
   8917  6855   156783.5169    25   157592.0000   156780.0000    35330    0.52%
   8918  6856   156783.7306    25   157592.0000   156780.0000    35331    0.52%
   8919  6857   156786.5723    25   157592.0000   156780.0000    35332    0.52%
   8920  6858   156787.2807    25   157592.0000   156780.0000    35333    0.52%
   8921  6859   156788.3662    25   157592.0000   156780.0000    35335    0.52%
   8922  6860   156788.3662    25   157592.0000   156780.0000    35336    0.52%
Elapsed time = 5.77 sec. (8173.74 ticks, tree = 29.65 MB, solutions = 18)
  10398  7955   156851.5360    24   157592.0000   156780.0000    41255    0.52%
  10399  7956   156780.0000    21   157592.0000   156780.0000    41285    0.52%
  10400  7955        cutoff         157592.0000   156780.0000    41296    0.52%
  10401  7954    infeasible         157592.0000   156780.0000    41296    0.52%
  10402  7953    infeasible         157592.0000   156780.0000    41296    0.52%
  10403  7952    infeasible         157592.0000   156780.0000    41296    0.52%
  10404  7951        cutoff         157592.0000   156780.0000    41315    0.52%
  10405  7950        cutoff         157592.0000   156780.0000    41370    0.52%
  10406  7949    infeasible         157592.0000   156780.0000    41370    0.52%
  10407  7948    infeasible         157592.0000   156780.0000    41370    0.52%
Elapsed time = 6.83 sec. (9652.09 ticks, tree = 34.38 MB, solutions = 18)
  12075  9136   156780.0000    25   157592.0000   156780.0000    47813    0.52%
  12076  9137   156780.0000    24   157592.0000   156780.0000    47814    0.52%
  12077  9138   156780.0000    27   157592.0000   156780.0000    47816    0.52%
  12078  9139   156780.0000    24   157592.0000   156780.0000    47819    0.52%
  12079  9140   156780.0000    25   157592.0000   156780.0000    47823    0.52%
  12080  9141   156780.0000    24   157592.0000   156780.0000    47825    0.52%
  12081  9142   156780.0000    22   157592.0000   156780.0000    47827    0.52%
  12082  9143   156780.0000    23   157592.0000   156780.0000    47829    0.52%
  12083  9144   156780.0000    23   157592.0000   156780.0000    47830    0.52%
  17539 13617   156780.0000    26   157592.0000   156780.0000    67635    0.52%
Elapsed time = 9.43 sec. (13466.87 ticks, tree = 60.65 MB, solutions = 18)
  25358 20586   156780.0000    26   157592.0000   156780.0000    93707    0.52%
  25359 20587   156780.0000    26   157592.0000   156780.0000    93709    0.52%
  25360 20588   156780.0000    24   157592.0000   156780.0000    93715    0.52%
  25361 20589   156780.0000    24   157592.0000   156780.0000    93719    0.52%
  25362 20590   156780.0000    24   157592.0000   156780.0000    93721    0.52%
  25363 20591   156780.0000    23   157592.0000   156780.0000    93727    0.52%
  25364 20592   156780.0000    23   157592.0000   156780.0000    93731    0.52%
  25365 20593   156780.0000    23   157592.0000   156780.0000    93733    0.52%
  25366 20594   156780.0000    22   157592.0000   156780.0000    93736    0.52%
  25367 20595   156780.0000    22   157592.0000   156780.0000    93738    0.52%
Elapsed time = 12.04 sec. (17285.48 ticks, tree = 94.25 MB, solutions = 18)
  32324 26574   156780.0000    29   157592.0000   156780.0000   123800    0.52%
  32325 26575   156780.0000    26   157592.0000   156780.0000   123814    0.52%
  32326 26576   156780.0000    26   157592.0000   156780.0000   123815    0.52%
  32327 26577   156780.0000    26   157592.0000   156780.0000   123827    0.52%
  32328 26578   156780.0000    26   157592.0000   156780.0000   123828    0.52%
  32329 26579   156780.0000    26   157592.0000   156780.0000   123829    0.52%
  32330 26580   156780.0000    26   157592.0000   156780.0000   123837    0.52%
  32331 26579        cutoff         157592.0000   156780.0000   123845    0.52%
  32332 26580   156780.0000    26   157592.0000   156780.0000   123846    0.52%
  32333 26581   156780.0000    26   157592.0000   156780.0000   123853    0.52%
Elapsed time = 14.66 sec. (21105.71 ticks, tree = 123.61 MB, solutions = 18)
  39031 32276   156780.0000    25   157592.0000   156780.0000   151755    0.52%
  39032 32277   156780.0000    22   157592.0000   156780.0000   151760    0.52%
  39033 32278   156780.0000    25   157592.0000   156780.0000   151767    0.52%
  39034 32279   156780.0000    23   157592.0000   156780.0000   151770    0.52%
  39035 32280   156780.0000    24   157592.0000   156780.0000   151777    0.52%
  39036 32281   156780.0000    29   157592.0000   156780.0000   151778    0.52%
  39037 32282   156780.0000    28   157592.0000   156780.0000   151779    0.52%
  39038 32283   156780.0000    29   157592.0000   156780.0000   151783    0.52%
  39039 32284   156780.0000    30   157592.0000   156780.0000   151785    0.52%
  39040 32285   156780.0000    30   157592.0000   156780.0000   151786    0.52%
Elapsed time = 17.24 sec. (24924.52 ticks, tree = 152.05 MB, solutions = 18)
* 40098+32885                       157554.0000   156780.0000             0.49%
* 42498+34677                       157502.0000   156780.0000             0.46%
* 42498+34519                       157464.0000   156780.0000             0.43%
  45298 36892   156780.0000    27   157464.0000   156780.0000   180001    0.43%
  45299 36893   156780.0000    27   157464.0000   156780.0000   180002    0.43%
  45300 36894   156780.0000    25   157464.0000   156780.0000   180011    0.43%
  45301 36895   156780.0000    24   157464.0000   156780.0000   180020    0.43%
  45302 36896   156780.0000    23   157464.0000   156780.0000   180027    0.43%
  45303 36897   156780.0000    25   157464.0000   156780.0000   180030    0.43%
  45304 36898   156780.0000    26   157464.0000   156780.0000   180031    0.43%
  45305 36899   156780.0000    26   157464.0000   156780.0000   180038    0.43%
  45306 36900   156780.0000    27   157464.0000   156780.0000   180040    0.43%
  45307 36901   156780.0000    24   157464.0000   156780.0000   180049    0.43%
Elapsed time = 19.89 sec. (28746.07 ticks, tree = 176.81 MB, solutions = 21)
  51262 42319   156780.0000    26   157464.0000   156780.0000   209242    0.43%
  51263 42320   156780.0000    25   157464.0000   156780.0000   209245    0.43%
  51264 42321   156780.0000    25   157464.0000   156780.0000   209249    0.43%
  51265 42322   156780.0000    24   157464.0000   156780.0000   209253    0.43%
  51266 42323   156780.0000    24   157464.0000   156780.0000   209254    0.43%
  51267 42324   156780.0000    22   157464.0000   156780.0000   209258    0.43%
  51268 42325   156780.0000    23   157464.0000   156780.0000   209260    0.43%
  51269 42326   156780.0000    22   157464.0000   156780.0000   209263    0.43%
  51270 42327   156780.0000    22   157464.0000   156780.0000   209264    0.43%
  51271 42328   156780.0000    23   157464.0000   156780.0000   209266    0.43%
Elapsed time = 22.49 sec. (32567.56 ticks, tree = 205.40 MB, solutions = 21)
  56898 47059   156780.0000    23   157464.0000   156780.0000   237253    0.43%
  56899 47060   156780.0000    23   157464.0000   156780.0000   237255    0.43%
  56900 47061   156780.0000    23   157464.0000   156780.0000   237257    0.43%
  56901 47062   156780.0000    24   157464.0000   156780.0000   237260    0.43%
  56902 47063   156780.0000    24   157464.0000   156780.0000   237261    0.43%
  56903 47064   156780.0000    23   157464.0000   156780.0000   237262    0.43%
  56904 47065   157318.4167    21   157464.0000   156780.0000   237270    0.43%
  56905 47064        cutoff         157464.0000   156780.0000   237273    0.43%
  56906 47063        cutoff         157464.0000   156780.0000   237280    0.43%
  56907 47064   156780.0000    32   157464.0000   156780.0000   237314    0.43%
Elapsed time = 25.12 sec. (36410.39 ticks, tree = 230.97 MB, solutions = 21)
  62466 51943   156780.0000    30   157464.0000   156780.0000   268913    0.43%
  62467 51944   156780.0000    30   157464.0000   156780.0000   268915    0.43%
  62468 51944   156808.0816    27   157464.0000   156780.0000   268943    0.43%
  62469 51944   156812.6527    28   157464.0000   156780.0000   268944    0.43%
  62470 51944   156812.6527    26   157464.0000   156780.0000   268946    0.43%
  62471 51944   156812.6527    27   157464.0000   156780.0000   268950    0.43%
  62472 51945   156885.9709    25   157464.0000   156780.0000   268952    0.43%
  62473 51946   156885.9709    26   157464.0000   156780.0000   268956    0.43%
  62474 51946   156885.9709    26   157464.0000   156780.0000   268957    0.43%
  62475 51947   157104.8283    23   157464.0000   156780.0000   268969    0.43%
Elapsed time = 27.74 sec. (40233.99 ticks, tree = 258.74 MB, solutions = 21)
  66965 55892   156780.0000    21   157464.0000   156780.0000   301002    0.43%
  66966 55893   156780.0000    21   157464.0000   156780.0000   301012    0.43%
  66967 55894   156780.0000    21   157464.0000   156780.0000   301016    0.43%
  66968 55895   156780.0000    22   157464.0000   156780.0000   301021    0.43%
  66969 55896   156780.0000    24   157464.0000   156780.0000   301028    0.43%
  66970 55897   156780.0000    24   157464.0000   156780.0000   301029    0.43%
  66971 55898   156780.0000    23   157464.0000   156780.0000   301040    0.43%
  66972 55899   156780.0000    24   157464.0000   156780.0000   301053    0.43%
  66973 55900   156780.0000    23   157464.0000   156780.0000   301062    0.43%
  66974 55901   156780.0000    23   157464.0000   156780.0000   301064    0.43%
Elapsed time = 30.35 sec. (44056.40 ticks, tree = 281.75 MB, solutions = 21)
  72428 60778   156780.0000    22   157464.0000   156780.0000   329016    0.43%
  72429 60779   156780.0000    20   157464.0000   156780.0000   329018    0.43%
  72430 60780   156780.0000    24   157464.0000   156780.0000   329050    0.43%
  72431 60781   156780.0000    24   157464.0000   156780.0000   329060    0.43%
  72432 60782   156780.0000    22   157464.0000   156780.0000   329062    0.43%
  72433 60783   157393.0000    17   157464.0000   156780.0000   329108    0.43%
  72434 60782        cutoff         157464.0000   156780.0000   329114    0.43%
  72435 60783   157454.0000    18   157464.0000   156780.0000   329139    0.43%
  72436 60784   157454.0000    17   157464.0000   156780.0000   329140    0.43%
  72437 60785   157454.0000    17   157464.0000   156780.0000   329144    0.43%
Elapsed time = 32.93 sec. (47879.46 ticks, tree = 310.64 MB, solutions = 21)
  76526 64332   156780.0000    30   157464.0000   156780.0000   364795    0.43%
  76527 64333   156780.0000    33   157464.0000   156780.0000   364810    0.43%
  76528 64334   156780.0000    31   157464.0000   156780.0000   364811    0.43%
  76529 64335   156780.0000    35   157464.0000   156780.0000   364851    0.43%
  76530 64336   156780.0000    36   157464.0000   156780.0000   364863    0.43%
  76531 64337   156780.0000    38   157464.0000   156780.0000   364875    0.43%
  76532 64338   156780.0000    38   157464.0000   156780.0000   364883    0.43%
  76533 64339   156780.0000    34   157464.0000   156780.0000   364915    0.43%
  76534 64340   156780.0000    34   157464.0000   156780.0000   364936    0.43%
  76535 64341   156780.0000    33   157464.0000   156780.0000   364938    0.43%
Elapsed time = 35.54 sec. (51706.54 ticks, tree = 332.24 MB, solutions = 21)
  80527 67920   156930.9332    36   157464.0000   156780.0000   401544    0.43%
  80528 67921   156930.9332    36   157464.0000   156780.0000   401546    0.43%
  80529 67922   156930.9332    34   157464.0000   156780.0000   401551    0.43%
  80530 67923   156945.1464    32   157464.0000   156780.0000   401554    0.43%
  80531 67924   156966.8637    32   157464.0000   156780.0000   401556    0.43%
  80532 67925   156966.8637    32   157464.0000   156780.0000   401557    0.43%
  80533 67926   156966.8637    32   157464.0000   156780.0000   401558    0.43%
  80534 67927   156968.1092    33   157464.0000   156780.0000   401559    0.43%
  80535 67928   156968.1092    33   157464.0000   156780.0000   401560    0.43%
  80536 67929   156968.1092    33   157464.0000   156780.0000   401561    0.43%
Elapsed time = 38.14 sec. (55525.44 ticks, tree = 356.47 MB, solutions = 21)
  84936 71654   156780.0000    30   157464.0000   156780.0000   431859    0.43%
  84937 71655   156780.0000    29   157464.0000   156780.0000   431864    0.43%
  84938 71656   156780.0000    30   157464.0000   156780.0000   431866    0.43%
  84939 71657   156780.0000    33   157464.0000   156780.0000   431873    0.43%
  84940 71658   156780.0000    34   157464.0000   156780.0000   431890    0.43%
  84941 71659   156780.0000    34   157464.0000   156780.0000   431891    0.43%
  84942 71660   156780.0000    39   157464.0000   156780.0000   431900    0.43%
  84943 71661   156780.0000    39   157464.0000   156780.0000   431902    0.43%
  84944 71662   156780.0000    39   157464.0000   156780.0000   431903    0.43%
  84945 71663   156780.0000    39   157464.0000   156780.0000   431904    0.43%
Elapsed time = 40.67 sec. (59347.63 ticks, tree = 380.38 MB, solutions = 21)
  89331 75687   156780.0000    39   157464.0000   156780.0000   461075    0.43%
  89332 75688   156780.0000    39   157464.0000   156780.0000   461076    0.43%
  89333 75689   156780.0000    39   157464.0000   156780.0000   461077    0.43%
  89334 75690   156780.0000    39   157464.0000   156780.0000   461078    0.43%
  89335 75691   156780.0000    38   157464.0000   156780.0000   461079    0.43%
  89336 75692   156780.0000    34   157464.0000   156780.0000   461086    0.43%
  89337 75693   156780.0000    31   157464.0000   156780.0000   461108    0.43%
  89338 75694   156780.0000    31   157464.0000   156780.0000   461116    0.43%
  89339 75695   156780.0000    39   157464.0000   156780.0000   461157    0.43%
  89340 75696   156780.0000    38   157464.0000   156780.0000   461159    0.43%
Elapsed time = 43.21 sec. (63170.34 ticks, tree = 407.26 MB, solutions = 21)
  93896 79904   156780.0000    30   157464.0000   156780.0000   492078    0.43%
  93897 79905   156780.0000    32   157464.0000   156780.0000   492088    0.43%
  93898 79906   156780.0000    28   157464.0000   156780.0000   492089    0.43%
  93899 79907   156780.0000    31   157464.0000   156780.0000   492091    0.43%
  93900 79908   156780.0000    29   157464.0000   156780.0000   492092    0.43%
  93901 79909   156780.0000    29   157464.0000   156780.0000   492113    0.43%
  93902 79910   156780.0000    27   157464.0000   156780.0000   492114    0.43%
  93903 79911   156780.0000    28   157464.0000   156780.0000   492136    0.43%
  93904 79912   156780.0000    28   157464.0000   156780.0000   492138    0.43%
  93905 79913   156780.0000    28   157464.0000   156780.0000   492142    0.43%
Elapsed time = 45.76 sec. (66992.44 ticks, tree = 435.27 MB, solutions = 21)
  98657 84367   156780.0000    28   157464.0000   156780.0000   525922    0.43%
  98658 84368   156780.0000    28   157464.0000   156780.0000   525929    0.43%
  98659 84369   156780.0000    27   157464.0000   156780.0000   525932    0.43%
  98660 84370   156780.0000    30   157464.0000   156780.0000   525937    0.43%
  98661 84371   156780.0000    32   157464.0000   156780.0000   525946    0.43%
  98662 84372   156780.0000    29   157464.0000   156780.0000   525950    0.43%
  98663 84373   156780.0000    29   157464.0000   156780.0000   525951    0.43%
  98664 84374   156780.0000    34   157464.0000   156780.0000   525978    0.43%
  98665 84375   156780.0000    36   157464.0000   156780.0000   525993    0.43%
  98666 84376   156780.0000    36   157464.0000   156780.0000   526008    0.43%
Elapsed time = 48.34 sec. (70816.29 ticks, tree = 464.82 MB, solutions = 21)
 103368 88483   156935.1165    29   157464.0000   156780.0000   558314    0.43%
 103369 88484   156937.2943    27   157464.0000   156780.0000   558327    0.43%
 103370 88485   156937.2943    28   157464.0000   156780.0000   558329    0.43%
 103371 88486   156937.2943    28   157464.0000   156780.0000   558330    0.43%
 103372 88487   156937.2943    28   157464.0000   156780.0000   558332    0.43%
 103373 88488   156965.4035    29   157464.0000   156780.0000   558343    0.43%
 103374 88489   156966.5596    34   157464.0000   156780.0000   558346    0.43%
 103375 88490   157020.0953    26   157464.0000   156780.0000   558352    0.43%
 103376 88491   157020.0953    24   157464.0000   156780.0000   558354    0.43%
 103377 88492   157020.0953    25   157464.0000   156780.0000   558355    0.43%
Elapsed time = 50.88 sec. (74637.12 ticks, tree = 492.36 MB, solutions = 21)
 108078 92800   156780.0000    31   157464.0000   156780.0000   589520    0.43%
 108079 92801   156780.0000    32   157464.0000   156780.0000   589527    0.43%
 108080 92802   156780.0000    29   157464.0000   156780.0000   589532    0.43%
 108081 92803   156780.0000    29   157464.0000   156780.0000   589533    0.43%
 108082 92804   156780.0000    29   157464.0000   156780.0000   589534    0.43%
 108083 92805   156780.0000    35   157464.0000   156780.0000   589535    0.43%
 108084 92806   156780.0000    35   157464.0000   156780.0000   589536    0.43%
 108085 92807   156780.0000    35   157464.0000   156780.0000   589537    0.43%
 108086 92808   156780.0000    34   157464.0000   156780.0000   589538    0.43%
 108087 92809   156780.0000    31   157464.0000   156780.0000   589539    0.43%
Elapsed time = 53.43 sec. (78456.38 ticks, tree = 521.29 MB, solutions = 21)
 112908 97388   156853.7734    28   157464.0000   156780.0000   621140    0.43%
 112909 97389   156853.7734    30   157464.0000   156780.0000   621140    0.43%
 112910 97390   156853.7734    30   157464.0000   156780.0000   621145    0.43%
 112911 97391   156853.7734    30   157464.0000   156780.0000   621149    0.43%
 112912 97392   156853.7734    30   157464.0000   156780.0000   621155    0.43%
 112913 97393   156853.7734    30   157464.0000   156780.0000   621158    0.43%
 112914 97394   156853.7734    29   157464.0000   156780.0000   621159    0.43%
 112915 97395   156853.7734    28   157464.0000   156780.0000   621174    0.43%
 112916 97396   156853.7734    30   157464.0000   156780.0000   621178    0.43%
 112917 97397   156853.7734    28   157464.0000   156780.0000   621179    0.43%
Elapsed time = 55.97 sec. (82283.62 ticks, tree = 552.00 MB, solutions = 21)
 117718 101871   156780.0000    24   157464.0000   156780.0000   651373    0.43%
 117719 101872   156780.0000    31   157464.0000   156780.0000   651395    0.43%
 117720 101873   156780.0000    29   157464.0000   156780.0000   651398    0.43%
 117721 101874   156780.0000    28   157464.0000   156780.0000   651405    0.43%
 117722 101875   156780.0000    30   157464.0000   156780.0000   651426    0.43%
 117723 101876   156780.0000    27   157464.0000   156780.0000   651428    0.43%
 117724 101877   156780.0000    23   157464.0000   156780.0000   651430    0.43%
 117725 101878   156780.0000    28   157464.0000   156780.0000   651468    0.43%
 117726 101879   156780.0000    31   157464.0000   156780.0000   651497    0.43%
 117727 101880   156780.0000    30   157464.0000   156780.0000   651512    0.43%
Elapsed time = 58.52 sec. (86112.04 ticks, tree = 582.31 MB, solutions = 21)
 122231 106127   156780.0000    26   157464.0000   156780.0000   683604    0.43%
 122232 106128   156780.0000    29   157464.0000   156780.0000   683608    0.43%
 122233 106129   156780.0000    29   157464.0000   156780.0000   683613    0.43%
 122234 106130   156780.0000    29   157464.0000   156780.0000   683614    0.43%
 122235 106131   156780.0000    26   157464.0000   156780.0000   683618    0.43%
 122236 106132   156780.0000    34   157464.0000   156780.0000   683628    0.43%
 122237 106133   156780.0000    30   157464.0000   156780.0000   683629    0.43%
 122238 106134   156780.0000    34   157464.0000   156780.0000   683632    0.43%
 122239 106135   156780.0000    30   157464.0000   156780.0000   683633    0.43%
 122240 106136   156780.0000    34   157464.0000   156780.0000   683636    0.43%
Elapsed time = 61.05 sec. (89933.86 ticks, tree = 610.81 MB, solutions = 21)
 126300 109795   157225.7074    26   157464.0000   156780.0000   711180    0.43%
 126301 109796   157225.7074    24   157464.0000   156780.0000   711188    0.43%
 126302 109797   157225.7074    25   157464.0000   156780.0000   711190    0.43%
 126303 109798   157225.7074    24   157464.0000   156780.0000   711192    0.43%
 126304 109799   157225.7074    24   157464.0000   156780.0000   711194    0.43%
 126305 109800   157225.7074    23   157464.0000   156780.0000   711195    0.43%
 126306 109801   157225.7074    23   157464.0000   156780.0000   711196    0.43%
 126307 109802   157225.7074    23   157464.0000   156780.0000   711197    0.43%
 126308 109803   157225.7074    23   157464.0000   156780.0000   711205    0.43%
 126309 109804   157225.7074    23   157464.0000   156780.0000   711207    0.43%
Elapsed time = 63.64 sec. (93761.35 ticks, tree = 636.78 MB, solutions = 21)
 129678 112673   156780.0000    22   157464.0000   156780.0000   743661    0.43%
 129679 112674   156780.0000    22   157464.0000   156780.0000   743667    0.43%
 129680 112675   156780.0000    22   157464.0000   156780.0000   743668    0.43%
 129681 112676   156780.0000    20   157464.0000   156780.0000   743671    0.43%
 129682 112677   156780.0000    21   157464.0000   156780.0000   743690    0.43%
 129683 112678   156780.0000    21   157464.0000   156780.0000   743707    0.43%
 129684 112679   156780.0000    24   157464.0000   156780.0000   743724    0.43%
 129685 112680   156780.0000    25   157464.0000   156780.0000   743731    0.43%
 129686 112681   156780.0000    25   157464.0000   156780.0000   743748    0.43%
 129687 112682   156780.0000    24   157464.0000   156780.0000   743766    0.43%
Elapsed time = 66.14 sec. (97592.28 ticks, tree = 658.36 MB, solutions = 21)
 133250 115710   156780.0000    35   157464.0000   156780.0000   775175    0.43%
 133251 115711   156780.0000    35   157464.0000   156780.0000   775177    0.43%
 133252 115712   156780.0000    34   157464.0000   156780.0000   775184    0.43%
 133253 115713   156780.0000    35   157464.0000   156780.0000   775187    0.43%
 133254 115714   156780.0000    35   157464.0000   156780.0000   775188    0.43%
 133255 115715   156780.0000    32   157464.0000   156780.0000   775215    0.43%
 133256 115716   156780.0000    32   157464.0000   156780.0000   775225    0.43%
 133257 115717   156780.0000    32   157464.0000   156780.0000   775230    0.43%
 133258 115718   156780.0000    28   157464.0000   156780.0000   775233    0.43%
 133259 115719   156780.0000    31   157464.0000   156780.0000   775248    0.43%
Elapsed time = 68.70 sec. (101418.39 ticks, tree = 682.04 MB, solutions = 21)
 136844 119001   156780.0000    36   157464.0000   156780.0000   808008    0.43%
 136845 119002   156780.0000    36   157464.0000   156780.0000   808009    0.43%
 136846 119003   156780.0000    37   157464.0000   156780.0000   808018    0.43%
 136847 119004   156780.0000    36   157464.0000   156780.0000   808024    0.43%
 136848 119005   156780.0000    36   157464.0000   156780.0000   808025    0.43%
 136849 119006   156780.0000    35   157464.0000   156780.0000   808026    0.43%
 136850 119007   156780.0000    32   157464.0000   156780.0000   808064    0.43%
 136851 119008   156780.0000    36   157464.0000   156780.0000   808070    0.43%
 136852 119009   156780.0000    37   157464.0000   156780.0000   808074    0.43%
 136853 119010   156780.0000    39   157464.0000   156780.0000   808079    0.43%
Elapsed time = 71.23 sec. (105241.09 ticks, tree = 708.21 MB, solutions = 21)
 140592 122491   156780.0000    40   157464.0000   156780.0000   841336    0.43%
 140593 122492   156780.0000    38   157464.0000   156780.0000   841338    0.43%
 140594 122493   156780.0000    36   157464.0000   156780.0000   841364    0.43%
 140595 122494   156780.0000    36   157464.0000   156780.0000   841395    0.43%
 140596 122495   156780.0000    36   157464.0000   156780.0000   841406    0.43%
 140597 122496   156780.0000    34   157464.0000   156780.0000   841434    0.43%
 140598 122497   156780.0000    32   157464.0000   156780.0000   841439    0.43%
 140599 122498   156780.0000    34   157464.0000   156780.0000   841455    0.43%
 140600 122499   156780.0000    35   157464.0000   156780.0000   841465    0.43%
 140601 122500   156780.0000    32   157464.0000   156780.0000   841468    0.43%
Elapsed time = 73.85 sec. (109181.60 ticks, tree = 736.33 MB, solutions = 21)
 143664 125351   156780.0000    27   157464.0000   156780.0000   874014    0.43%
 143665 125352   156780.0000    30   157464.0000   156780.0000   874034    0.43%
 143666 125353   156780.0000    28   157464.0000   156780.0000   874036    0.43%
 143667 125354   156780.0000    32   157464.0000   156780.0000   874052    0.43%
 143668 125355   156780.0000    30   157464.0000   156780.0000   874053    0.43%
 143669 125356   156780.0000    31   157464.0000   156780.0000   874060    0.43%
 143670 125357   156780.0000    30   157464.0000   156780.0000   874061    0.43%
 143671 125358   156780.0000    30   157464.0000   156780.0000   874065    0.43%
 143672 125359   156780.0000    34   157464.0000   156780.0000   874083    0.43%
 143673 125360   156780.0000    31   157464.0000   156780.0000   874096    0.43%
Elapsed time = 76.38 sec. (113005.60 ticks, tree = 759.70 MB, solutions = 21)
 146554 127901   157346.0000    20   157464.0000   156780.0000   905411    0.43%
 146555 127902   157346.0000    19   157464.0000   156780.0000   905413    0.43%
 146556 127903   157346.0000    19   157464.0000   156780.0000   905431    0.43%
 146557 127904   157346.0000    18   157464.0000   156780.0000   905442    0.43%
 146558 127905   157346.0000    20   157464.0000   156780.0000   905449    0.43%
 146559 127906   157346.0000    20   157464.0000   156780.0000   905455    0.43%
 146560 127907   157346.0000    21   157464.0000   156780.0000   905462    0.43%
 146561 127908   157346.0000    21   157464.0000   156780.0000   905463    0.43%
 146562 127909   157346.0000    21   157464.0000   156780.0000   905464    0.43%
 146563 127910   157346.0000    20   157464.0000   156780.0000   905475    0.43%
Elapsed time = 78.88 sec. (116830.20 ticks, tree = 780.81 MB, solutions = 21)
 149433 130447   157084.4545    21   157464.0000   156780.0000   935694    0.43%
 149434 130448   157084.4545    21   157464.0000   156780.0000   935695    0.43%
 149435 130449   157084.4545    22   157464.0000   156780.0000   935701    0.43%
 149436 130450   157084.4545    27   157464.0000   156780.0000   935716    0.43%
 149437 130449        cutoff         157464.0000   156780.0000   935753    0.43%
 149438 130450   157084.4545    30   157464.0000   156780.0000   935764    0.43%
 149439 130451   157084.4545    33   157464.0000   156780.0000   935769    0.43%
 149440 130452   157084.4545    33   157464.0000   156780.0000   935775    0.43%
 149441 130453   157084.4545    34   157464.0000   156780.0000   935778    0.43%
 149442 130454   157180.1000    24   157464.0000   156780.0000   935834    0.43%
Elapsed time = 81.39 sec. (120655.18 ticks, tree = 802.67 MB, solutions = 21)
 152595 133393   156780.0000    43   157464.0000   156780.0000   965845    0.43%
 152596 133394   156780.0000    47   157464.0000   156780.0000   965886    0.43%
 152597 133395   156780.0000    48   157464.0000   156780.0000   965921    0.43%
 152598 133396   156780.0000    43   157464.0000   156780.0000   965960    0.43%
 152599 133397   156780.0000    50   157464.0000   156780.0000   965980    0.43%
 152600 133398   156780.0000    45   157464.0000   156780.0000   966002    0.43%
 152601 133399   156780.0000    42   157464.0000   156780.0000   966016    0.43%
 152602 133400   156780.0000    42   157464.0000   156780.0000   966020    0.43%
 152603 133401   156780.0000    42   157464.0000   156780.0000   966039    0.43%
 152604 133402   156780.0000    42   157464.0000   156780.0000   966040    0.43%
Elapsed time = 83.99 sec. (124487.58 ticks, tree = 829.75 MB, solutions = 21)
 155641 136199   156928.4000    21   157464.0000   156780.0000   999570    0.43%
 155642 136200   156928.4000    21   157464.0000   156780.0000   999580    0.43%
 155643 136201   156928.4000    21   157464.0000   156780.0000   999581    0.43%
 155644 136202   156928.4000    20   157464.0000   156780.0000   999585    0.43%
 155645 136203   156928.4000    20   157464.0000   156780.0000   999590    0.43%
 155646 136204   156928.4000    20   157464.0000   156780.0000   999595    0.43%
 155647 136205   156928.4000    20   157464.0000   156780.0000   999598    0.43%
 155648 136206   156928.4000    21   157464.0000   156780.0000   999601    0.43%
 155649 136207   156976.3333    19   157464.0000   156780.0000   999608    0.43%
 155650 136208   156976.3333    19   157464.0000   156780.0000   999610    0.43%
Elapsed time = 86.49 sec. (128314.01 ticks, tree = 854.24 MB, solutions = 21)
 159157 139527   156862.5639    17   157464.0000   156780.0000  1011048    0.43%
 159158 139528   156862.5639    18   157464.0000   156780.0000  1011049    0.43%
 159159 139528   156862.5639    18   157464.0000   156780.0000  1011052    0.43%
 159160 139529   156862.5639    17   157464.0000   156780.0000  1011055    0.43%
 159161 139530   156924.4000    15   157464.0000   156780.0000  1011056    0.43%
 159162 139530   156924.4000    17   157464.0000   156780.0000  1011062    0.43%
 159163 139531   156924.4000    17   157464.0000   156780.0000  1011065    0.43%
 159164 139532   156924.4000    16   157464.0000   156780.0000  1011066    0.43%
 159165 139533   156924.4000    17   157464.0000   156780.0000  1011070    0.43%
 159166 139534   156924.4000    18   157464.0000   156780.0000  1011078    0.43%
Elapsed time = 88.57 sec. (132146.59 ticks, tree = 884.01 MB, solutions = 21)
 162698 142774   157303.6360    20   157464.0000   156780.0000  1023804    0.43%
 162699 142774   157306.4000    16   157464.0000   156780.0000  1023806    0.43%
 162700 142775   157307.0000    15   157464.0000   156780.0000  1023807    0.43%
 162701 142776   157307.0000    16   157464.0000   156780.0000  1023808    0.43%
 162702 142775        cutoff         157464.0000   156780.0000  1023829    0.43%
 162703 142776   157307.0000    15   157464.0000   156780.0000  1023832    0.43%
 162704 142777   157307.0000    17   157464.0000   156780.0000  1023837    0.43%
 162705 142778   157307.0000    15   157464.0000   156780.0000  1023841    0.43%
 162706 142779   157307.0000    18   157464.0000   156780.0000  1023852    0.43%
 162707 142780   157307.0000    20   157464.0000   156780.0000  1023859    0.43%
Elapsed time = 90.99 sec. (136163.66 ticks, tree = 913.46 MB, solutions = 21)
 165098 145040   156821.4000    16   157464.0000   156780.0000  1031629    0.43%
 165099 145041   156822.0000    15   157464.0000   156780.0000  1031630    0.43%
 165100 145042   157083.5662    18   157464.0000   156780.0000  1031640    0.43%
 165101 145043   157086.4628    15   157464.0000   156780.0000  1031642    0.43%
 165102 145044   157093.7776    15   157464.0000   156780.0000  1031643    0.43%
 165103 145045   157093.8099    15   157464.0000   156780.0000  1031644    0.43%
 165104 145046   157098.8174    15   157464.0000   156780.0000  1031645    0.43%
 165105 145047   157098.8174    15   157464.0000   156780.0000  1031646    0.43%
 165106 145048   157107.4888    15   157464.0000   156780.0000  1031647    0.43%
 165107 145049   157107.7496    15   157464.0000   156780.0000  1031648    0.43%
Elapsed time = 93.55 sec. (140004.77 ticks, tree = 934.24 MB, solutions = 21)
 170545 149963   156785.1010    22   157464.0000   156780.0000  1049434    0.43%
 170546 149964   156785.9790    27   157464.0000   156780.0000  1049439    0.43%
 170547 149965   156785.9798    27   157464.0000   156780.0000  1049440    0.43%
 170548 149966   156786.6905    25   157464.0000   156780.0000  1049444    0.43%
 170549 149967   156786.7079    26   157464.0000   156780.0000  1049446    0.43%
 170550 149968   156786.7126    26   157464.0000   156780.0000  1049447    0.43%
 170551 149969   156786.8417    26   157464.0000   156780.0000  1049448    0.43%
 170552 149970   156786.8429    26   157464.0000   156780.0000  1049449    0.43%
 170553 149971   156788.3811    26   157464.0000   156780.0000  1049450    0.43%
 170554 149972   156788.7603    28   157464.0000   156780.0000  1049453    0.43%
Elapsed time = 95.85 sec. (143824.51 ticks, tree = 979.66 MB, solutions = 21)
*172998+151264                       157443.0000   156780.0000             0.42%
*172998+148673                       157361.0000   156780.0000             0.37%
 175283 150842   156786.2804    21   157361.0000   156780.0000  1078059    0.37%
 175284 150843   156786.2804    21   157361.0000   156780.0000  1078063    0.37%
 175285 150844   156786.2804    21   157361.0000   156780.0000  1078068    0.37%
 175286 150845   156786.2804    21   157361.0000   156780.0000  1078069    0.37%
 175287 150846   156786.3022    21   157361.0000   156780.0000  1078070    0.37%
 175288 150847   156786.3022    22   157361.0000   156780.0000  1078072    0.37%
 175289 150848   156786.3022    22   157361.0000   156780.0000  1078074    0.37%
 175290 150849   156786.3327    22   157361.0000   156780.0000  1078075    0.37%
 175291 150850   156786.3357    24   157361.0000   156780.0000  1078088    0.37%
 175292 150851   156786.3357    25   157361.0000   156780.0000  1078096    0.37%
Elapsed time = 98.30 sec. (147644.03 ticks, tree = 998.45 MB, solutions = 23)

Cover cuts applied:  428
Mixed integer rounding cuts applied:  4

Root node processing (before b&c):
  Real time             =    0.32 sec. (393.83 ticks)
Sequential b&c:
  Real time             =   99.68 sec. (150028.01 ticks)
                          ------------
Total (root+branch&cut) =  100.00 sec. (150421.84 ticks)

Solution pool: 23 solutions saved.

MIP - Time limit exceeded, integer feasible:  Objective =  1.5736100000e+05
Current MIP best bound =  1.5678000000e+05 (gap = 581, 0.37%)
Solution time =  100.00 sec.  Iterations = 1099082  Nodes = 179253 (154570)
Deterministic time = 150421.85 ticks  (1504.21 ticks/sec)


Incumbent solution written to file '/tmp/tmpMK_BCN.cplex.sol'.
