
Log started (V12.6.3.0) Sat Apr 21 22:58:18 2018

New value for default parallel thread count: 1

Problem '/tmp/tmpZ5bEy9.pyomo.lp' read.
Read time = 0.02 sec. (1.11 ticks)

Problem name         : /tmp/tmpZ5bEy9.pyomo.lp
Objective sense      : Minimize
Variables            :    1136  [Nneg: 1,  Binary: 1120,  General Integer: 15]
Objective nonzeros   :       1
Linear constraints   :     189  [Less: 94,  Equal: 95]
  Nonzeros           :   80213
  RHS nonzeros       :     161

Variables            : Min LB: 0.000000         Max UB: 1.000000       
Objective nonzeros   : Min   : 1.000000         Max   : 1.000000       
Linear constraints   :
  Nonzeros           : Min   : 1.000000         Max   : 8036379.       
  RHS nonzeros       : Min   : 1.000000         Max   : 8.000000       
Tried aggregator 2 times.
MIP Presolve eliminated 80 rows and 66 columns.
Aggregator did 5 substitutions.
Reduced MIP has 104 rows, 1065 columns, and 3052 nonzeros.
Reduced MIP has 1050 binaries, 15 generals, 0 SOSs, and 0 indicators.
Presolve time = 0.01 sec. (14.42 ticks)
Found incumbent of value 5.8321177e+07 after 0.01 sec. (16.48 ticks)
Probing time = 0.00 sec. (2.01 ticks)
Cover probing fixed 0 vars, tightened 26 bounds.
Tried aggregator 2 times.
Aggregator did 14 substitutions.
Reduced MIP has 90 rows, 1051 columns, and 3024 nonzeros.
Reduced MIP has 1050 binaries, 1 generals, 0 SOSs, and 0 indicators.
Presolve time = 0.00 sec. (2.62 ticks)
Probing time = 0.00 sec. (1.94 ticks)
Cover probing fixed 0 vars, tightened 5 bounds.
Clique table members: 75.
MIP emphasis: balance optimality and feasibility.
MIP search method: dynamic search.
Parallel mode: none, using 1 thread.
Root relaxation solution time = 0.00 sec. (1.13 ticks)

        Nodes                                         Cuts/
   Node  Left     Objective  IInf  Best Integer    Best Bound    ItCnt     Gap

*     0+    0                       5.83212e+07        0.0000           100.00%
      0     0   1.31637e+07    20   5.83212e+07   1.31637e+07       37   77.43%
*     0+    0                       1.91794e+07   1.31637e+07            31.37%
      0     0   1.31637e+07    29   1.91794e+07     Fract: 10       59   31.37%
*     0+    0                       1.84458e+07   1.31637e+07            28.64%
      0     0   1.31637e+07    31   1.84458e+07      Cuts: 12      123   28.64%
*     0+    0                       1.60019e+07   1.31637e+07            17.74%
*     0+    0                       1.46622e+07   1.31637e+07            10.22%
*     0+    0                       1.38939e+07   1.31637e+07             5.26%
      0     2   1.31637e+07    20   1.38939e+07   1.31637e+07      123    5.26%
Elapsed time = 0.07 sec. (86.18 ticks, tree = 0.01 MB, solutions = 5)
*   467+  411                       1.37770e+07   1.31637e+07             4.45%
*   467+  411                       1.37367e+07   1.31637e+07             4.17%
    467   413   1.31637e+07    30   1.37367e+07   1.31637e+07     3336    4.17%
*   468+  274                       1.36780e+07   1.31637e+07             3.76%
    468   275   1.31637e+07    28   1.36780e+07   1.31637e+07     4107    3.76%
    469   276   1.31637e+07    33   1.36780e+07   1.31637e+07     4184    3.76%
    470   277   1.31637e+07    30   1.36780e+07   1.31637e+07     4191    3.76%
    471   278   1.31637e+07    31   1.36780e+07   1.31637e+07     4205    3.76%
    472   279   1.31637e+07    28   1.36780e+07   1.31637e+07     4210    3.76%
    473   279   1.31637e+07    33   1.36780e+07   1.31637e+07     4250    3.76%
    474   279   1.31637e+07    29   1.36780e+07   1.31637e+07     4270    3.76%
    475   279   1.31637e+07    29   1.36780e+07   1.31637e+07     4282    3.76%
*   568+  207                       1.36347e+07   1.31637e+07             3.45%
*   568+  162                       1.36294e+07   1.31637e+07             3.42%
    568   163   1.31637e+07    24   1.36294e+07   1.31637e+07     5421    3.42%
Elapsed time = 0.80 sec. (1148.63 ticks, tree = 0.31 MB, solutions = 10)
*   768+  145                       1.36239e+07   1.31637e+07             3.38%
*   768+  138                       1.35398e+07   1.31637e+07             2.78%
*   868+  166                       1.35326e+07   1.31637e+07             2.73%
    968   225   1.31892e+07    24   1.35326e+07   1.31637e+07     7725    2.73%
    969   225   1.31892e+07    24   1.35326e+07   1.31637e+07     7725    2.73%
    970   226   1.31892e+07    23   1.35326e+07   1.31637e+07     7726    2.73%
    971   227   1.31892e+07    23   1.35326e+07   1.31637e+07     7730    2.73%
    972   227   1.33280e+07    19   1.35326e+07   1.31637e+07     7741    2.73%
    973   228   1.33280e+07    17   1.35326e+07   1.31637e+07     7744    2.73%
    974   228   1.33280e+07    19   1.35326e+07   1.31637e+07     7749    2.73%
    975   228   1.33280e+07    20   1.35326e+07   1.31637e+07     7754    2.73%
    976   229   1.33280e+07    20   1.35326e+07   1.31637e+07     7756    2.73%
    977   229   1.33280e+07    20   1.35326e+07   1.31637e+07     7758    2.73%
Elapsed time = 1.59 sec. (2220.57 ticks, tree = 0.43 MB, solutions = 13)
   2300  1144   1.32502e+07    31   1.35326e+07   1.31637e+07    18421    2.73%
   2301  1145   1.32502e+07    34   1.35326e+07   1.31637e+07    18424    2.73%
   2302  1146   1.32502e+07    34   1.35326e+07   1.31637e+07    18425    2.73%
   2303  1147   1.32502e+07    34   1.35326e+07   1.31637e+07    18426    2.73%
   2304  1148   1.32901e+07    32   1.35326e+07   1.31637e+07    18444    2.73%
   2305  1149   1.32901e+07    34   1.35326e+07   1.31637e+07    18449    2.73%
   2306  1150   1.32970e+07    32   1.35326e+07   1.31637e+07    18459    2.73%
   2307  1151   1.32970e+07    32   1.35326e+07   1.31637e+07    18460    2.73%
   2308  1152   1.32974e+07    31   1.35326e+07   1.31637e+07    18463    2.73%
   2309  1152   1.33064e+07    25   1.35326e+07   1.31637e+07    18468    2.73%
Elapsed time = 2.15 sec. (3178.03 ticks, tree = 2.36 MB, solutions = 13)
   3570  2111   1.34361e+07    23   1.35326e+07   1.31637e+07    32403    2.73%
   3571  2111   1.34361e+07    23   1.35326e+07   1.31637e+07    32404    2.73%
   3572  2112   1.34361e+07    23   1.35326e+07   1.31637e+07    32405    2.73%
   3573  2113   1.34365e+07    22   1.35326e+07   1.31637e+07    32406    2.73%
   3574  2114   1.34367e+07    23   1.35326e+07   1.31637e+07    32408    2.73%
   3575  2115   1.34367e+07    23   1.35326e+07   1.31637e+07    32409    2.73%
   3576  2115   1.34368e+07    22   1.35326e+07   1.31637e+07    32411    2.73%
   3577  2116   1.34368e+07    21   1.35326e+07   1.31637e+07    32412    2.73%
   3578  2117   1.34368e+07    21   1.35326e+07   1.31637e+07    32413    2.73%
   3579  2118   1.34368e+07    21   1.35326e+07   1.31637e+07    32414    2.73%
Elapsed time = 2.69 sec. (4135.08 ticks, tree = 4.91 MB, solutions = 13)
   4504  2877   1.31637e+07    50   1.35326e+07   1.31637e+07    46099    2.73%
   4505  2878   1.31637e+07    49   1.35326e+07   1.31637e+07    46100    2.73%
   4506  2879   1.31637e+07    44   1.35326e+07   1.31637e+07    46114    2.73%
   4507  2880   1.31637e+07    39   1.35326e+07   1.31637e+07    46125    2.73%
   4508  2881   1.31637e+07    33   1.35326e+07   1.31637e+07    46131    2.73%
   4509  2882   1.31637e+07    35   1.35326e+07   1.31637e+07    46137    2.73%
   4510  2883   1.31637e+07    34   1.35326e+07   1.31637e+07    46143    2.73%
   4511  2884   1.31637e+07    33   1.35326e+07   1.31637e+07    46146    2.73%
   4512  2885   1.31637e+07    43   1.35326e+07   1.31637e+07    46274    2.73%
   4513  2886   1.31637e+07    47   1.35326e+07   1.31637e+07    46287    2.73%
Elapsed time = 3.24 sec. (5098.24 ticks, tree = 7.37 MB, solutions = 13)
   5457  3675   1.31679e+07    42   1.35326e+07   1.31637e+07    58665    2.73%
   5458  3676   1.31637e+07    55   1.35326e+07   1.31637e+07    58667    2.73%
   5459  3677   1.31637e+07    54   1.35326e+07   1.31637e+07    58671    2.73%
   5460  3678   1.31648e+07    42   1.35326e+07   1.31637e+07    58724    2.73%
   5461  3679   1.31637e+07    54   1.35326e+07   1.31637e+07    58727    2.73%
   5462  3680   1.31783e+07    38   1.35326e+07   1.31637e+07    58888    2.73%
   5463  3681   1.31637e+07    53   1.35326e+07   1.31637e+07    58891    2.73%
   5464  3682   1.31637e+07    43   1.35326e+07   1.31637e+07    58905    2.73%
   5465  3683   1.31637e+07    42   1.35326e+07   1.31637e+07    58908    2.73%
   5466  3684   1.31637e+07    42   1.35326e+07   1.31637e+07    58909    2.73%
Elapsed time = 3.79 sec. (6071.69 ticks, tree = 10.22 MB, solutions = 13)
   6495  4609   1.31637e+07    34   1.35326e+07   1.31637e+07    70134    2.73%
   6496  4610   1.31637e+07    33   1.35326e+07   1.31637e+07    70136    2.73%
   6497  4611   1.31637e+07    34   1.35326e+07   1.31637e+07    70155    2.73%
   6498  4612   1.31637e+07    33   1.35326e+07   1.31637e+07    70169    2.73%
   6499  4613   1.31637e+07    33   1.35326e+07   1.31637e+07    70171    2.73%
   6500  4614   1.31637e+07    33   1.35326e+07   1.31637e+07    70175    2.73%
   6501  4615   1.31637e+07    33   1.35326e+07   1.31637e+07    70176    2.73%
   6502  4616   1.31637e+07    34   1.35326e+07   1.31637e+07    70188    2.73%
   6503  4617   1.31637e+07    33   1.35326e+07   1.31637e+07    70193    2.73%
   6504  4618   1.31637e+07    33   1.35326e+07   1.31637e+07    70198    2.73%
Elapsed time = 4.33 sec. (7030.10 ticks, tree = 13.67 MB, solutions = 13)
   7652  5615   1.31648e+07    54   1.35326e+07   1.31637e+07    82455    2.73%
   7653  5616   1.31655e+07    45   1.35326e+07   1.31637e+07    82478    2.73%
   7654  5617   1.31655e+07    45   1.35326e+07   1.31637e+07    82479    2.73%
   7655  5618   1.31656e+07    45   1.35326e+07   1.31637e+07    82491    2.73%
   7656  5619   1.31656e+07    46   1.35326e+07   1.31637e+07    82492    2.73%
   7657  5620   1.31658e+07    41   1.35326e+07   1.31637e+07    82502    2.73%
   7658  5621   1.31663e+07    43   1.35326e+07   1.31637e+07    82508    2.73%
   7659  5622   1.31663e+07    43   1.35326e+07   1.31637e+07    82510    2.73%
   7660  5623   1.31663e+07    43   1.35326e+07   1.31637e+07    82511    2.73%
   7661  5624   1.31664e+07    43   1.35326e+07   1.31637e+07    82512    2.73%
Elapsed time = 4.89 sec. (7996.59 ticks, tree = 17.39 MB, solutions = 13)
   8644  6491   1.31637e+07    57   1.35326e+07   1.31637e+07    95344    2.73%
   8645  6492   1.31680e+07    49   1.35326e+07   1.31637e+07    95484    2.73%
   8646  6493   1.31691e+07    57   1.35326e+07   1.31637e+07    95523    2.73%
   8647  6494   1.31700e+07    52   1.35326e+07   1.31637e+07    95534    2.73%
   8648  6495   1.31701e+07    54   1.35326e+07   1.31637e+07    95541    2.73%
   8649  6496   1.31701e+07    54   1.35326e+07   1.31637e+07    95542    2.73%
   8650  6497   1.31701e+07    53   1.35326e+07   1.31637e+07    95543    2.73%
   8651  6498   1.31713e+07    50   1.35326e+07   1.31637e+07    95584    2.73%
   8652  6499   1.31714e+07    54   1.35326e+07   1.31637e+07    95590    2.73%
   8653  6500   1.31715e+07    49   1.35326e+07   1.31637e+07    95593    2.73%
Elapsed time = 5.44 sec. (8974.50 ticks, tree = 20.84 MB, solutions = 13)
   9568  7313   1.31637e+07    48   1.35326e+07   1.31637e+07   107918    2.73%
   9569  7314   1.31637e+07    47   1.35326e+07   1.31637e+07   107949    2.73%
   9570  7315   1.31637e+07    48   1.35326e+07   1.31637e+07   107950    2.73%
   9571  7316   1.31637e+07    47   1.35326e+07   1.31637e+07   108055    2.73%
   9572  7317   1.31879e+07    47   1.35326e+07   1.31637e+07   108324    2.73%
   9573  7318   1.31879e+07    47   1.35326e+07   1.31637e+07   108325    2.73%
   9574  7319   1.31884e+07    47   1.35326e+07   1.31637e+07   108331    2.73%
   9575  7320   1.31924e+07    44   1.35326e+07   1.31637e+07   108348    2.73%
   9576  7321   1.31926e+07    44   1.35326e+07   1.31637e+07   108350    2.73%
  11312  8909   1.31637e+07    54   1.35326e+07   1.31637e+07   129635    2.73%
Elapsed time = 7.91 sec. (12795.04 ticks, tree = 31.57 MB, solutions = 13)
  14349 11614   1.32697e+07    54   1.35326e+07   1.31637e+07   175227    2.73%
  14350 11615   1.32699e+07    51   1.35326e+07   1.31637e+07   175230    2.73%
  14351 11616   1.32738e+07    57   1.35326e+07   1.31637e+07   175247    2.73%
  14352 11617   1.32745e+07    54   1.35326e+07   1.31637e+07   175254    2.73%
  14353 11618   1.32745e+07    58   1.35326e+07   1.31637e+07   175259    2.73%
  14354 11619   1.32746e+07    45   1.35326e+07   1.31637e+07   175262    2.73%
  14355 11620   1.32746e+07    56   1.35326e+07   1.31637e+07   175268    2.73%
  14356 11621   1.32747e+07    59   1.35326e+07   1.31637e+07   175272    2.73%
  14357 11622   1.32747e+07    57   1.35326e+07   1.31637e+07   175273    2.73%
  14358 11623   1.32747e+07    56   1.35326e+07   1.31637e+07   175274    2.73%
Elapsed time = 10.21 sec. (16638.33 ticks, tree = 45.78 MB, solutions = 13)
  17043 13984   1.31659e+07    81   1.35326e+07   1.31637e+07   223407    2.73%
  17044 13985   1.31659e+07    78   1.35326e+07   1.31637e+07   223408    2.73%
  17045 13986   1.31659e+07    76   1.35326e+07   1.31637e+07   223409    2.73%
  17046 13987   1.31666e+07    75   1.35326e+07   1.31637e+07   223447    2.73%
  17047 13988   1.31671e+07    76   1.35326e+07   1.31637e+07   223470    2.73%
  17048 13989   1.31672e+07    74   1.35326e+07   1.31637e+07   223477    2.73%
  17049 13990   1.31672e+07    74   1.35326e+07   1.31637e+07   223482    2.73%
  17050 13991   1.31674e+07    76   1.35326e+07   1.31637e+07   223496    2.73%
  17051 13992   1.31699e+07    66   1.35326e+07   1.31637e+07   223567    2.73%
  17052 13993   1.31701e+07    70   1.35326e+07   1.31637e+07   223588    2.73%
Elapsed time = 12.47 sec. (20490.27 ticks, tree = 60.15 MB, solutions = 13)
  19418 16118   1.31907e+07    57   1.35326e+07   1.31637e+07   268488    2.73%
  19419 16119   1.31908e+07    57   1.35326e+07   1.31637e+07   268490    2.73%
  19420 16120   1.31908e+07    58   1.35326e+07   1.31637e+07   268494    2.73%
  19421 16121   1.31968e+07    52   1.35326e+07   1.31637e+07   268529    2.73%
  19422 16122   1.31968e+07    50   1.35326e+07   1.31637e+07   268530    2.73%
  19423 16123   1.31969e+07    54   1.35326e+07   1.31637e+07   268537    2.73%
  19424 16124   1.31969e+07    51   1.35326e+07   1.31637e+07   268540    2.73%
  19425 16125   1.31970e+07    50   1.35326e+07   1.31637e+07   268548    2.73%
  19426 16126   1.31970e+07    49   1.35326e+07   1.31637e+07   268551    2.73%
  19427 16127   1.31970e+07    49   1.35326e+07   1.31637e+07   268553    2.73%
Elapsed time = 14.70 sec. (24310.48 ticks, tree = 73.98 MB, solutions = 13)
  21611 18018   1.31637e+07    79   1.35326e+07   1.31637e+07   311868    2.73%
  21612 18019   1.31637e+07    77   1.35326e+07   1.31637e+07   311884    2.73%
  21613 18020   1.31637e+07    76   1.35326e+07   1.31637e+07   311939    2.73%
  21614 18021   1.31637e+07    80   1.35326e+07   1.31637e+07   311945    2.73%
  21615 18022   1.31637e+07    80   1.35326e+07   1.31637e+07   311954    2.73%
  21616 18023   1.31637e+07    67   1.35326e+07   1.31637e+07   311986    2.73%
  21617 18024   1.31637e+07    73   1.35326e+07   1.31637e+07   311994    2.73%
  21618 18025   1.31637e+07    73   1.35326e+07   1.31637e+07   311995    2.73%
  21619 18026   1.31637e+07    65   1.35326e+07   1.31637e+07   312004    2.73%
  21620 18027   1.31637e+07    69   1.35326e+07   1.31637e+07   312015    2.73%
Elapsed time = 17.05 sec. (28162.76 ticks, tree = 87.76 MB, solutions = 13)
  24038 20140   1.31816e+07    81   1.35326e+07   1.31637e+07   364934    2.73%
  24039 20141   1.31817e+07    80   1.35326e+07   1.31637e+07   364946    2.73%
  24040 20142   1.32256e+07    54   1.35326e+07   1.31637e+07   365028    2.73%
  24041 20143   1.32299e+07    65   1.35326e+07   1.31637e+07   365052    2.73%
  24042 20144   1.32301e+07    66   1.35326e+07   1.31637e+07   365059    2.73%
  24043 20145   1.32368e+07    68   1.35326e+07   1.31637e+07   365090    2.73%
  24044 20146   1.32369e+07    69   1.35326e+07   1.31637e+07   365098    2.73%
  24045 20147   1.32373e+07    63   1.35326e+07   1.31637e+07   365101    2.73%
  24046 20148   1.32471e+07    71   1.35326e+07   1.31637e+07   365128    2.73%
  24047 20149   1.32476e+07    73   1.35326e+07   1.31637e+07   365133    2.73%
Elapsed time = 19.31 sec. (32034.61 ticks, tree = 102.71 MB, solutions = 13)
  25812 21646   1.31637e+07    70   1.35326e+07   1.31637e+07   409204    2.73%
  25813 21647   1.31637e+07    70   1.35326e+07   1.31637e+07   409210    2.73%
  25814 21648   1.31637e+07    67   1.35326e+07   1.31637e+07   409245    2.73%
  25815 21649   1.31637e+07    67   1.35326e+07   1.31637e+07   409246    2.73%
  25816 21650   1.31637e+07    67   1.35326e+07   1.31637e+07   409290    2.73%
  25817 21651   1.31637e+07    67   1.35326e+07   1.31637e+07   409293    2.73%
  25818 21652   1.31637e+07    64   1.35326e+07   1.31637e+07   409300    2.73%
  25819 21653   1.31637e+07    65   1.35326e+07   1.31637e+07   409304    2.73%
  25820 21654   1.31637e+07    63   1.35326e+07   1.31637e+07   409306    2.73%
  25821 21655   1.31637e+07    60   1.35326e+07   1.31637e+07   409307    2.73%
Elapsed time = 21.59 sec. (35862.23 ticks, tree = 113.37 MB, solutions = 13)
  27968 23548   1.32706e+07    60   1.35326e+07   1.31637e+07   461599    2.73%
  27969 23549   1.32718e+07    61   1.35326e+07   1.31637e+07   461612    2.73%
  27970 23550   1.32718e+07    61   1.35326e+07   1.31637e+07   461613    2.73%
  27971 23551   1.32721e+07    59   1.35326e+07   1.31637e+07   461622    2.73%
  27972 23552   1.32724e+07    63   1.35326e+07   1.31637e+07   461628    2.73%
  27973 23553   1.32724e+07    63   1.35326e+07   1.31637e+07   461629    2.73%
  27974 23554   1.32829e+07    62   1.35326e+07   1.31637e+07   461657    2.73%
  27975 23555   1.32829e+07    61   1.35326e+07   1.31637e+07   461658    2.73%
  27976 23556   1.32829e+07    59   1.35326e+07   1.31637e+07   461667    2.73%
  27977 23557   1.32830e+07    60   1.35326e+07   1.31637e+07   461678    2.73%
Elapsed time = 24.11 sec. (39994.93 ticks, tree = 126.82 MB, solutions = 13)
  30301 25566   1.31637e+07    64   1.35326e+07   1.31637e+07   512205    2.73%
  30302 25567   1.31637e+07    55   1.35326e+07   1.31637e+07   512398    2.73%
  30303 25568   1.31637e+07    64   1.35326e+07   1.31637e+07   512610    2.73%
  30304 25569   1.31637e+07    55   1.35326e+07   1.31637e+07   512621    2.73%
  30305 25570   1.31637e+07    86   1.35326e+07   1.31637e+07   512905    2.73%
  30306 25571   1.31637e+07    86   1.35326e+07   1.31637e+07   512909    2.73%
  30307 25572   1.31637e+07    86   1.35326e+07   1.31637e+07   512915    2.73%
  30308 25573   1.31637e+07    88   1.35326e+07   1.31637e+07   512933    2.73%
  30309 25574   1.31637e+07    80   1.35326e+07   1.31637e+07   512987    2.73%
  30310 25575   1.31637e+07    77   1.35326e+07   1.31637e+07   512993    2.73%
Elapsed time = 26.39 sec. (43872.70 ticks, tree = 141.06 MB, solutions = 13)
  32256 27226   1.32115e+07    64   1.35326e+07   1.31637e+07   558129    2.73%
  32257 27227   1.32117e+07    47   1.35326e+07   1.31637e+07   558139    2.73%
  32258 27228   1.32168e+07    53   1.35326e+07   1.31637e+07   558181    2.73%
  32259 27229   1.32169e+07    54   1.35326e+07   1.31637e+07   558182    2.73%
  32260 27230   1.32200e+07    62   1.35326e+07   1.31637e+07   558212    2.73%
  32261 27231   1.32202e+07    65   1.35326e+07   1.31637e+07   558225    2.73%
  32262 27232   1.32202e+07    51   1.35326e+07   1.31637e+07   558227    2.73%
  32263 27233   1.32203e+07    44   1.35326e+07   1.31637e+07   558232    2.73%
  32264 27234   1.32204e+07    47   1.35326e+07   1.31637e+07   558235    2.73%
  32265 27235   1.32204e+07    43   1.35326e+07   1.31637e+07   558240    2.73%
Elapsed time = 28.67 sec. (47696.86 ticks, tree = 152.77 MB, solutions = 13)
  34575 29224   1.32035e+07    55   1.35326e+07   1.31637e+07   610008    2.73%
  34576 29225   1.32057e+07    63   1.35326e+07   1.31637e+07   610028    2.73%
  34577 29226   1.32058e+07    63   1.35326e+07   1.31637e+07   610029    2.73%
  34578 29227   1.32065e+07    64   1.35326e+07   1.31637e+07   610035    2.73%
  34579 29228   1.32069e+07    64   1.35326e+07   1.31637e+07   610036    2.73%
  34580 29229   1.32097e+07    64   1.35326e+07   1.31637e+07   610054    2.73%
  34581 29230   1.32098e+07    62   1.35326e+07   1.31637e+07   610058    2.73%
  34582 29231   1.32098e+07    63   1.35326e+07   1.31637e+07   610064    2.73%
  34583 29232   1.32098e+07    58   1.35326e+07   1.31637e+07   610066    2.73%
  34584 29232   1.33241e+07    38   1.35326e+07   1.31637e+07   610163    2.73%
Elapsed time = 30.98 sec. (51523.15 ticks, tree = 166.87 MB, solutions = 13)
* 35668+30036                       1.35251e+07   1.31637e+07             2.67%
  36549 30790   1.31637e+07    73   1.35251e+07   1.31637e+07   655290    2.67%
  36550 30791   1.31637e+07    58   1.35251e+07   1.31637e+07   655291    2.67%
  36551 30792   1.31637e+07    57   1.35251e+07   1.31637e+07   655292    2.67%
  36552 30793   1.31637e+07    56   1.35251e+07   1.31637e+07   655318    2.67%
  36553 30794   1.31637e+07    55   1.35251e+07   1.31637e+07   655409    2.67%
  36554 30795   1.31637e+07    59   1.35251e+07   1.31637e+07   655423    2.67%
  36555 30796   1.31637e+07    63   1.35251e+07   1.31637e+07   655476    2.67%
  36556 30797   1.31637e+07    56   1.35251e+07   1.31637e+07   655508    2.67%
  36557 30798   1.31777e+07    44   1.35251e+07   1.31637e+07   655702    2.67%
  36558 30799   1.31822e+07    43   1.35251e+07   1.31637e+07   655720    2.67%
Elapsed time = 33.26 sec. (55385.18 ticks, tree = 178.27 MB, solutions = 14)
  38431 32444   1.31637e+07    92   1.35251e+07   1.31637e+07   699125    2.67%
  38432 32445   1.31990e+07    81   1.35251e+07   1.31637e+07   699266    2.67%
  38433 32446   1.32007e+07    81   1.35251e+07   1.31637e+07   699283    2.67%
  38434 32447   1.32010e+07    82   1.35251e+07   1.31637e+07   699293    2.67%
  38435 32448   1.32742e+07    71   1.35251e+07   1.31637e+07   699380    2.67%
  38436 32449   1.32770e+07    62   1.35251e+07   1.31637e+07   699398    2.67%
  38437 32450   1.32776e+07    59   1.35251e+07   1.31637e+07   699400    2.67%
  38438 32451   1.32793e+07    68   1.35251e+07   1.31637e+07   699411    2.67%
  38439 32452   1.32793e+07    63   1.35251e+07   1.31637e+07   699412    2.67%
  38440 32453   1.32800e+07    61   1.35251e+07   1.31637e+07   699417    2.67%
Elapsed time = 35.53 sec. (59240.66 ticks, tree = 189.91 MB, solutions = 14)
  40497 34248   1.32648e+07    90   1.35251e+07   1.31637e+07   751226    2.67%
  40498 34249   1.32649e+07    85   1.35251e+07   1.31637e+07   751229    2.67%
  40499 34250   1.34343e+07    57   1.35251e+07   1.31637e+07   751316    2.67%
  40500 34251   1.32699e+07    76   1.35251e+07   1.31637e+07   751353    2.67%
  40501 34251   1.34372e+07    54   1.35251e+07   1.31637e+07   751365    2.67%
  40502 34252   1.34399e+07    51   1.35251e+07   1.31637e+07   751368    2.67%
  40503 34253   1.34402e+07    51   1.35251e+07   1.31637e+07   751370    2.67%
  40504 34252        cutoff         1.35251e+07   1.31637e+07   751373    2.67%
  40505 34253   1.34439e+07    52   1.35251e+07   1.31637e+07   751388    2.67%
  40506 34252        cutoff         1.35251e+07   1.31637e+07   751393    2.67%
Elapsed time = 37.77 sec. (63079.91 ticks, tree = 203.49 MB, solutions = 14)
  42587 36086   1.31722e+07    66   1.35251e+07   1.31637e+07   800896    2.67%
  42588 36087   1.31729e+07    80   1.35251e+07   1.31637e+07   800918    2.67%
  42589 36088   1.31732e+07    78   1.35251e+07   1.31637e+07   800933    2.67%
  42590 36089   1.31732e+07    77   1.35251e+07   1.31637e+07   800937    2.67%
  42591 36090   1.31733e+07    84   1.35251e+07   1.31637e+07   800943    2.67%
  42592 36091   1.31733e+07    75   1.35251e+07   1.31637e+07   800948    2.67%
  42593 36092   1.31734e+07    75   1.35251e+07   1.31637e+07   800950    2.67%
  42594 36093   1.31734e+07    79   1.35251e+07   1.31637e+07   800957    2.67%
  42595 36094   1.31735e+07    75   1.35251e+07   1.31637e+07   800960    2.67%
  42596 36095   1.31735e+07    76   1.35251e+07   1.31637e+07   800962    2.67%
Elapsed time = 40.08 sec. (66901.54 ticks, tree = 216.47 MB, solutions = 14)
  44833 38059   1.31637e+07    94   1.35251e+07   1.31637e+07   849986    2.67%
  44834 38060   1.31648e+07    90   1.35251e+07   1.31637e+07   850120    2.67%
  44835 38061   1.31648e+07    87   1.35251e+07   1.31637e+07   850133    2.67%
  44836 38062   1.31648e+07    86   1.35251e+07   1.31637e+07   850134    2.67%
  44837 38063   1.32659e+07    58   1.35251e+07   1.31637e+07   850381    2.67%
  44838 38064   1.32676e+07    56   1.35251e+07   1.31637e+07   850388    2.67%
  44839 38065   1.32676e+07    46   1.35251e+07   1.31637e+07   850389    2.67%
  44840 38066   1.33235e+07    55   1.35251e+07   1.31637e+07   850448    2.67%
  44841 38067   1.33312e+07    38   1.35251e+07   1.31637e+07   850468    2.67%
  44842 38068   1.33387e+07    38   1.35251e+07   1.31637e+07   850483    2.67%
Elapsed time = 42.30 sec. (70757.32 ticks, tree = 230.30 MB, solutions = 14)
  46879 39840   1.32117e+07    63   1.35251e+07   1.31637e+07   898770    2.67%
  46880 39841   1.32369e+07    61   1.35251e+07   1.31637e+07   898805    2.67%
  46881 39842   1.32370e+07    60   1.35251e+07   1.31637e+07   898806    2.67%
  46882 39843   1.32370e+07    59   1.35251e+07   1.31637e+07   898807    2.67%
  46883 39844   1.32376e+07    65   1.35251e+07   1.31637e+07   898823    2.67%
  46884 39845   1.32397e+07    66   1.35251e+07   1.31637e+07   898831    2.67%
  46885 39846   1.32397e+07    62   1.35251e+07   1.31637e+07   898833    2.67%
  46886 39847   1.32397e+07    62   1.35251e+07   1.31637e+07   898836    2.67%
  46887 39848   1.32398e+07    61   1.35251e+07   1.31637e+07   898838    2.67%
  46888 39849   1.32412e+07    61   1.35251e+07   1.31637e+07   898852    2.67%
Elapsed time = 44.62 sec. (74623.17 ticks, tree = 242.89 MB, solutions = 14)
  49176 41897   1.31679e+07    59   1.35251e+07   1.31637e+07   948983    2.67%
  49177 41898   1.31700e+07    60   1.35251e+07   1.31637e+07   949001    2.67%
  49178 41899   1.31705e+07    50   1.35251e+07   1.31637e+07   949011    2.67%
  49179 41900   1.31710e+07    48   1.35251e+07   1.31637e+07   949012    2.67%
  49180 41901   1.31717e+07    48   1.35251e+07   1.31637e+07   949021    2.67%
  49181 41902   1.31729e+07    48   1.35251e+07   1.31637e+07   949034    2.67%
  49182 41903   1.31732e+07    56   1.35251e+07   1.31637e+07   949048    2.67%
  49183 41904   1.31737e+07    53   1.35251e+07   1.31637e+07   949064    2.67%
  49184 41905   1.31745e+07    54   1.35251e+07   1.31637e+07   949073    2.67%
  49185 41906   1.31746e+07    54   1.35251e+07   1.31637e+07   949080    2.67%
Elapsed time = 46.84 sec. (78446.19 ticks, tree = 257.28 MB, solutions = 14)
* 51168+42732                       1.34931e+07   1.31637e+07             2.44%
* 51168+42525                       1.34868e+07   1.31637e+07             2.40%
* 51168+41167                       1.34566e+07   1.31637e+07             2.18%
  51251 41242   1.31637e+07    80   1.34566e+07   1.31637e+07   996342    2.18%
  51252 41243   1.31637e+07    75   1.34566e+07   1.31637e+07   996366    2.18%
  51253 41244   1.31637e+07    75   1.34566e+07   1.31637e+07   996401    2.18%
  51254 41245   1.31637e+07    74   1.34566e+07   1.31637e+07   996407    2.18%
  51255 41246   1.31637e+07    73   1.34566e+07   1.31637e+07   996409    2.18%
  51256 41247   1.31637e+07    77   1.34566e+07   1.31637e+07   996433    2.18%
  51257 41248   1.31637e+07    74   1.34566e+07   1.31637e+07   996448    2.18%
  51258 41249   1.31637e+07    75   1.34566e+07   1.31637e+07   996455    2.18%
  51259 41250   1.31637e+07    77   1.34566e+07   1.31637e+07   996536    2.18%
  51260 41251   1.31637e+07    83   1.34566e+07   1.31637e+07   996598    2.18%
Elapsed time = 49.14 sec. (82305.26 ticks, tree = 254.53 MB, solutions = 17)
  53388 43140   1.31637e+07    72   1.34566e+07   1.31637e+07  1041881    2.18%
  53389 43141   1.31637e+07    70   1.34566e+07   1.31637e+07  1041883    2.18%
  53390 43142   1.31638e+07    69   1.34566e+07   1.31637e+07  1041938    2.18%
  53391 43143   1.31639e+07    72   1.34566e+07   1.31637e+07  1041949    2.18%
  53392 43144   1.31665e+07    65   1.34566e+07   1.31637e+07  1042011    2.18%
  53393 43145   1.31665e+07    59   1.34566e+07   1.31637e+07  1042016    2.18%
  53394 43146   1.31670e+07    60   1.34566e+07   1.31637e+07  1042018    2.18%
  53395 43147   1.31676e+07    65   1.34566e+07   1.31637e+07  1042030    2.18%
  53396 43148   1.31677e+07    67   1.34566e+07   1.31637e+07  1042032    2.18%
  53397 43149   1.31678e+07    70   1.34566e+07   1.31637e+07  1042039    2.18%
Elapsed time = 51.37 sec. (86135.75 ticks, tree = 267.82 MB, solutions = 17)
  55506 44964   1.31637e+07    79   1.34566e+07   1.31637e+07  1093289    2.18%
  55507 44965   1.31637e+07    88   1.34566e+07   1.31637e+07  1093305    2.18%
  55508 44966   1.31637e+07    90   1.34566e+07   1.31637e+07  1093314    2.18%
  55509 44967   1.31637e+07    88   1.34566e+07   1.31637e+07  1093324    2.18%
  55510 44968   1.31637e+07    89   1.34566e+07   1.31637e+07  1093331    2.18%
  55511 44969   1.31637e+07    87   1.34566e+07   1.31637e+07  1093359    2.18%
  55512 44970   1.31637e+07    83   1.34566e+07   1.31637e+07  1093382    2.18%
  55513 44971   1.31637e+07    83   1.34566e+07   1.31637e+07  1093389    2.18%
  55514 44972   1.31637e+07    82   1.34566e+07   1.31637e+07  1093412    2.18%
  55515 44973   1.31637e+07    71   1.34566e+07   1.31637e+07  1093426    2.18%
Elapsed time = 53.58 sec. (89967.01 ticks, tree = 280.60 MB, solutions = 17)
* 55568+44101                       1.34314e+07   1.31637e+07             1.99%
  58200 46549   1.32421e+07    29   1.34314e+07   1.31637e+07  1137619    1.99%
  58201 46548        cutoff         1.34314e+07   1.31637e+07  1137625    1.99%
  58202 46549   1.32430e+07    29   1.34314e+07   1.31637e+07  1137628    1.99%
  58203 46550   1.32475e+07    27   1.34314e+07   1.31637e+07  1137643    1.99%
  58204 46551   1.32476e+07    27   1.34314e+07   1.31637e+07  1137656    1.99%
  58205 46552   1.32476e+07    27   1.34314e+07   1.31637e+07  1137659    1.99%
  58206 46552   1.32476e+07    27   1.34314e+07   1.31637e+07  1137660    1.99%
  58207 46551    infeasible         1.34314e+07   1.31637e+07  1137660    1.99%
  58208 46551   1.32478e+07    27   1.34314e+07   1.31637e+07  1137661    1.99%
  58209 46552   1.32478e+07    27   1.34314e+07   1.31637e+07  1137663    1.99%
Elapsed time = 56.12 sec. (93787.48 ticks, tree = 292.62 MB, solutions = 18)
* 59768+45861                       1.34169e+07   1.31637e+07             1.89%
* 59868+45007                       1.33961e+07   1.31637e+07             1.73%
  60572 45645   1.31637e+07    59   1.33961e+07   1.31637e+07  1183744    1.73%
  60573 45646   1.31637e+07    62   1.33961e+07   1.31637e+07  1183758    1.73%
  60574 45647   1.31637e+07    64   1.33961e+07   1.31637e+07  1183768    1.73%
  60575 45648   1.31637e+07    52   1.33961e+07   1.31637e+07  1183786    1.73%
  60576 45649   1.31637e+07    52   1.33961e+07   1.31637e+07  1183796    1.73%
  60577 45650   1.31637e+07    52   1.33961e+07   1.31637e+07  1183798    1.73%
  60578 45651   1.31637e+07    51   1.33961e+07   1.31637e+07  1183813    1.73%
  60579 45652   1.31886e+07    58   1.33961e+07   1.31637e+07  1183897    1.73%
  60580 45653   1.31902e+07    57   1.33961e+07   1.31637e+07  1183928    1.73%
  60581 45654   1.31912e+07    58   1.33961e+07   1.31637e+07  1183957    1.73%
Elapsed time = 58.34 sec. (97621.70 ticks, tree = 288.03 MB, solutions = 20)
  62509 47330   1.33854e+07    26   1.33961e+07   1.31637e+07  1231556    1.73%
  62510 47331   1.33854e+07    25   1.33961e+07   1.31637e+07  1231562    1.73%
  62511 47332   1.33854e+07    25   1.33961e+07   1.31637e+07  1231573    1.73%
  62512 47332   1.33854e+07    29   1.33961e+07   1.31637e+07  1231617    1.73%
  62513 47333   1.33854e+07    28   1.33961e+07   1.31637e+07  1231627    1.73%
  62514 47334   1.33854e+07    28   1.33961e+07   1.31637e+07  1231633    1.73%
  62515 47335   1.33854e+07    32   1.33961e+07   1.31637e+07  1231688    1.73%
  62516 47335   1.33864e+07    38   1.33961e+07   1.31637e+07  1231709    1.73%
  62517 47334        cutoff         1.33961e+07   1.31637e+07  1231710    1.73%
  62518 47333        cutoff         1.33961e+07   1.31637e+07  1231711    1.73%
Elapsed time = 60.58 sec. (101443.84 ticks, tree = 299.78 MB, solutions = 20)
* 62668+46331                       1.33766e+07   1.31637e+07             1.59%
* 62668+43588                       1.33657e+07   1.31637e+07             1.51%
  64320 44997   1.31927e+07    55   1.33657e+07   1.31637e+07  1274257    1.51%
  64321 44998   1.31931e+07    54   1.33657e+07   1.31637e+07  1274261    1.51%
  64322 44999   1.31931e+07    54   1.33657e+07   1.31637e+07  1274262    1.51%
  64323 45000   1.31939e+07    52   1.33657e+07   1.31637e+07  1274270    1.51%
  64324 45001   1.32018e+07    56   1.33657e+07   1.31637e+07  1274294    1.51%
  64325 45002   1.32020e+07    62   1.33657e+07   1.31637e+07  1274301    1.51%
  64326 45003   1.32020e+07    55   1.33657e+07   1.31637e+07  1274303    1.51%
  64327 45004   1.32067e+07    52   1.33657e+07   1.31637e+07  1274310    1.51%
  64328 45005   1.32070e+07    56   1.33657e+07   1.31637e+07  1274315    1.51%
  64329 45006   1.32108e+07    57   1.33657e+07   1.31637e+07  1274331    1.51%
Elapsed time = 62.85 sec. (105265.46 ticks, tree = 290.68 MB, solutions = 22)
  66455 46867   1.31637e+07    64   1.33657e+07   1.31637e+07  1322103    1.51%
  66456 46868   1.31637e+07    62   1.33657e+07   1.31637e+07  1322131    1.51%
  66457 46869   1.31637e+07    66   1.33657e+07   1.31637e+07  1322481    1.51%
  66458 46870   1.31637e+07    62   1.33657e+07   1.31637e+07  1322487    1.51%
  66459 46871   1.31637e+07    63   1.33657e+07   1.31637e+07  1322525    1.51%
  66460 46872   1.31637e+07    68   1.33657e+07   1.31637e+07  1322769    1.51%
  66461 46873   1.31637e+07    63   1.33657e+07   1.31637e+07  1322777    1.51%
  66462 46874   1.31637e+07    72   1.33657e+07   1.31637e+07  1322892    1.51%
  66463 46875   1.31642e+07    60   1.33657e+07   1.31637e+07  1323256    1.51%
  66464 46876   1.31642e+07    57   1.33657e+07   1.31637e+07  1323257    1.51%
Elapsed time = 65.09 sec. (109150.38 ticks, tree = 303.72 MB, solutions = 22)
  69016 49167   1.31647e+07    58   1.33657e+07   1.31637e+07  1376498    1.51%
  69017 49168   1.31688e+07    54   1.33657e+07   1.31637e+07  1376525    1.51%
  69018 49169   1.31691e+07    53   1.33657e+07   1.31637e+07  1376529    1.51%
  69019 49170   1.31699e+07    53   1.33657e+07   1.31637e+07  1376539    1.51%
  69020 49171   1.32334e+07    40   1.33657e+07   1.31637e+07  1376645    1.51%
  69021 49172   1.32371e+07    49   1.33657e+07   1.31637e+07  1376657    1.51%
  69022 49172   1.33299e+07    47   1.33657e+07   1.31637e+07  1376711    1.51%
  69023 49173   1.33575e+07    39   1.33657e+07   1.31637e+07  1376747    1.51%
  69024 49172        cutoff         1.33657e+07   1.31637e+07  1376750    1.51%
  69025 49171        cutoff         1.33657e+07   1.31637e+07  1376756    1.51%
Elapsed time = 67.28 sec. (113001.18 ticks, tree = 319.72 MB, solutions = 22)
  71148 50989   1.32355e+07    38   1.33657e+07   1.31637e+07  1424323    1.51%
  71149 50990   1.32356e+07    38   1.33657e+07   1.31637e+07  1424324    1.51%
  71150 50991   1.32357e+07    38   1.33657e+07   1.31637e+07  1424325    1.51%
  71151 50992   1.32360e+07    34   1.33657e+07   1.31637e+07  1424330    1.51%
  71152 50993   1.32360e+07    34   1.33657e+07   1.31637e+07  1424331    1.51%
  71153 50994   1.32363e+07    34   1.33657e+07   1.31637e+07  1424336    1.51%
  71154 50995   1.32367e+07    33   1.33657e+07   1.31637e+07  1424339    1.51%
  71155 50996   1.32368e+07    33   1.33657e+07   1.31637e+07  1424340    1.51%
  71156 50997   1.32368e+07    33   1.33657e+07   1.31637e+07  1424343    1.51%
  71157 50998   1.32370e+07    33   1.33657e+07   1.31637e+07  1424344    1.51%
Elapsed time = 69.60 sec. (116819.61 ticks, tree = 332.49 MB, solutions = 22)
  73828 53383   1.31637e+07    48   1.33657e+07   1.31637e+07  1472757    1.51%
  73829 53384   1.31639e+07    47   1.33657e+07   1.31637e+07  1472791    1.51%
  73830 53385   1.31908e+07    45   1.33657e+07   1.31637e+07  1472847    1.51%
  73831 53386   1.32140e+07    48   1.33657e+07   1.31637e+07  1472889    1.51%
  73832 53387   1.32140e+07    46   1.33657e+07   1.31637e+07  1472891    1.51%
  73833 53388   1.32154e+07    43   1.33657e+07   1.31637e+07  1472911    1.51%
  73834 53389   1.32154e+07    42   1.33657e+07   1.31637e+07  1472912    1.51%
  73835 53390   1.32154e+07    42   1.33657e+07   1.31637e+07  1472914    1.51%
  73836 53391   1.32154e+07    42   1.33657e+07   1.31637e+07  1472915    1.51%
  73837 53392   1.32154e+07    41   1.33657e+07   1.31637e+07  1472916    1.51%
Elapsed time = 71.81 sec. (120650.38 ticks, tree = 349.20 MB, solutions = 22)
  75740 55029   1.31782e+07    54   1.33657e+07   1.31637e+07  1519649    1.51%
  75741 55030   1.31793e+07    45   1.33657e+07   1.31637e+07  1519675    1.51%
  75742 55031   1.31793e+07    45   1.33657e+07   1.31637e+07  1519677    1.51%
  75743 55032   1.31794e+07    45   1.33657e+07   1.31637e+07  1519679    1.51%
  75744 55033   1.31816e+07    46   1.33657e+07   1.31637e+07  1519685    1.51%
  75745 55034   1.31817e+07    46   1.33657e+07   1.31637e+07  1519687    1.51%
  75746 55035   1.31853e+07    56   1.33657e+07   1.31637e+07  1519693    1.51%
  75747 55036   1.31853e+07    45   1.33657e+07   1.31637e+07  1519694    1.51%
  75748 55037   1.31861e+07    44   1.33657e+07   1.31637e+07  1519702    1.51%
  75749 55036        cutoff         1.33657e+07   1.31637e+07  1519734    1.51%
Elapsed time = 74.02 sec. (124472.83 ticks, tree = 360.67 MB, solutions = 22)
* 76968+51747                       1.33273e+07   1.31637e+07             1.23%
  77555 52273   1.31764e+07    45   1.33273e+07   1.31637e+07  1564388    1.23%
  77556 52274   1.31767e+07    43   1.33273e+07   1.31637e+07  1564389    1.23%
  77557 52275   1.31767e+07    43   1.33273e+07   1.31637e+07  1564390    1.23%
  77558 52276   1.31770e+07    41   1.33273e+07   1.31637e+07  1564393    1.23%
  77559 52277   1.31776e+07    44   1.33273e+07   1.31637e+07  1564401    1.23%
  77560 52278   1.31776e+07    44   1.33273e+07   1.31637e+07  1564402    1.23%
  77561 52279   1.31777e+07    49   1.33273e+07   1.31637e+07  1564406    1.23%
  77562 52280   1.32043e+07    38   1.33273e+07   1.31637e+07  1564447    1.23%
  77563 52281   1.32047e+07    37   1.33273e+07   1.31637e+07  1564448    1.23%
  77564 52282   1.32049e+07    36   1.33273e+07   1.31637e+07  1564449    1.23%
Elapsed time = 76.26 sec. (128297.42 ticks, tree = 343.59 MB, solutions = 23)
  79651 54064   1.31637e+07    75   1.33273e+07   1.31637e+07  1616610    1.23%
  79652 54065   1.31637e+07    78   1.33273e+07   1.31637e+07  1616620    1.23%
  79653 54066   1.31637e+07    69   1.33273e+07   1.31637e+07  1616674    1.23%
  79654 54067   1.31637e+07    79   1.33273e+07   1.31637e+07  1616683    1.23%
  79655 54068   1.31637e+07    77   1.33273e+07   1.31637e+07  1616685    1.23%
  79656 54069   1.31637e+07    72   1.33273e+07   1.31637e+07  1616719    1.23%
  79657 54070   1.31637e+07    66   1.33273e+07   1.31637e+07  1616729    1.23%
  79658 54071   1.31637e+07    67   1.33273e+07   1.31637e+07  1616741    1.23%
  79659 54072   1.31929e+07    74   1.33273e+07   1.31637e+07  1616928    1.23%
  79660 54073   1.31943e+07    74   1.33273e+07   1.31637e+07  1616935    1.23%
Elapsed time = 78.51 sec. (132149.88 ticks, tree = 356.09 MB, solutions = 23)
  81645 55758   1.31786e+07    51   1.33273e+07   1.31637e+07  1666701    1.23%
  81646 55759   1.31812e+07    50   1.33273e+07   1.31637e+07  1666706    1.23%
  81647 55760   1.31812e+07    51   1.33273e+07   1.31637e+07  1666709    1.23%
  81648 55761   1.31812e+07    51   1.33273e+07   1.31637e+07  1666710    1.23%
  81649 55762   1.31831e+07    50   1.33273e+07   1.31637e+07  1666712    1.23%
  81650 55763   1.31831e+07    50   1.33273e+07   1.31637e+07  1666713    1.23%
  81651 55764   1.31834e+07    50   1.33273e+07   1.31637e+07  1666718    1.23%
  81652 55765   1.31965e+07    48   1.33273e+07   1.31637e+07  1666731    1.23%
  81653 55766   1.31968e+07    50   1.33273e+07   1.31637e+07  1666734    1.23%
  81654 55765        cutoff         1.33273e+07   1.31637e+07  1666742    1.23%
Elapsed time = 80.69 sec. (135991.10 ticks, tree = 367.87 MB, solutions = 23)
  83772 57611   1.31650e+07    69   1.33273e+07   1.31637e+07  1707820    1.23%
  83773 57612   1.31660e+07    51   1.33273e+07   1.31637e+07  1707833    1.23%
  83774 57613   1.31661e+07    50   1.33273e+07   1.31637e+07  1707834    1.23%
  83775 57614   1.31662e+07    51   1.33273e+07   1.31637e+07  1707835    1.23%
  83776 57615   1.31663e+07    50   1.33273e+07   1.31637e+07  1707837    1.23%
  83777 57616   1.31670e+07    51   1.33273e+07   1.31637e+07  1707842    1.23%
  83778 57617   1.31670e+07    51   1.33273e+07   1.31637e+07  1707843    1.23%
  83779 57618   1.31673e+07    52   1.33273e+07   1.31637e+07  1707849    1.23%
  83780 57619   1.31676e+07    54   1.33273e+07   1.31637e+07  1707855    1.23%
  83781 57620   1.31676e+07    54   1.33273e+07   1.31637e+07  1707857    1.23%
Elapsed time = 82.93 sec. (139813.09 ticks, tree = 380.77 MB, solutions = 23)
  86150 59699   1.31637e+07    57   1.33273e+07   1.31637e+07  1756854    1.23%
  86151 59700   1.31637e+07    56   1.33273e+07   1.31637e+07  1756865    1.23%
  86152 59701   1.31637e+07    50   1.33273e+07   1.31637e+07  1756965    1.23%
  86153 59702   1.31637e+07    49   1.33273e+07   1.31637e+07  1756968    1.23%
  86154 59703   1.31637e+07    54   1.33273e+07   1.31637e+07  1756996    1.23%
  86155 59704   1.31637e+07    51   1.33273e+07   1.31637e+07  1757018    1.23%
  86156 59705   1.31637e+07    49   1.33273e+07   1.31637e+07  1757028    1.23%
  86157 59706   1.31637e+07    61   1.33273e+07   1.31637e+07  1757149    1.23%
  86158 59707   1.31637e+07    59   1.33273e+07   1.31637e+07  1757179    1.23%
  86159 59708   1.31637e+07    56   1.33273e+07   1.31637e+07  1757250    1.23%
Elapsed time = 85.11 sec. (143651.41 ticks, tree = 395.29 MB, solutions = 23)
  88198 61543   1.31637e+07    71   1.33273e+07   1.31637e+07  1808670    1.23%
  88199 61544   1.31637e+07    67   1.33273e+07   1.31637e+07  1808681    1.23%
  88200 61545   1.31637e+07    56   1.33273e+07   1.31637e+07  1808712    1.23%
  88201 61546   1.31637e+07    69   1.33273e+07   1.31637e+07  1808756    1.23%
  88202 61547   1.32234e+07    37   1.33273e+07   1.31637e+07  1808903    1.23%
  88203 61548   1.31640e+07    58   1.33273e+07   1.31637e+07  1808921    1.23%
  88204 61549   1.31691e+07    62   1.33273e+07   1.31637e+07  1808983    1.23%
  88205 61550   1.31692e+07    63   1.33273e+07   1.31637e+07  1808989    1.23%
  88206 61551   1.31866e+07    39   1.33273e+07   1.31637e+07  1809074    1.23%
  88207 61552   1.31873e+07    39   1.33273e+07   1.31637e+07  1809079    1.23%
Elapsed time = 87.27 sec. (147492.47 ticks, tree = 408.09 MB, solutions = 23)
  90345 63388   1.31637e+07    56   1.33273e+07   1.31637e+07  1862321    1.23%
  90346 63389   1.31637e+07    80   1.33273e+07   1.31637e+07  1862381    1.23%
  90347 63388        cutoff         1.33273e+07   1.31637e+07  1862670    1.23%
  90348 63389   1.31637e+07    78   1.33273e+07   1.31637e+07  1862680    1.23%
  90349 63390   1.31637e+07    78   1.33273e+07   1.31637e+07  1862682    1.23%
  90350 63391   1.31637e+07    76   1.33273e+07   1.31637e+07  1862684    1.23%
  90351 63392   1.31637e+07    78   1.33273e+07   1.31637e+07  1862712    1.23%
  90352 63393   1.31637e+07    77   1.33273e+07   1.31637e+07  1862729    1.23%
  90353 63394   1.31637e+07    75   1.33273e+07   1.31637e+07  1862730    1.23%
  90354 63395   1.31637e+07    70   1.33273e+07   1.31637e+07  1862764    1.23%
Elapsed time = 89.46 sec. (151351.73 ticks, tree = 420.92 MB, solutions = 23)
  92011 64813   1.31637e+07    73   1.33273e+07   1.31637e+07  1905912    1.23%
  92012 64814   1.31637e+07    74   1.33273e+07   1.31637e+07  1905916    1.23%
  92013 64815   1.31637e+07    78   1.33273e+07   1.31637e+07  1905922    1.23%
  92014 64816   1.31637e+07    68   1.33273e+07   1.31637e+07  1905923    1.23%
  92015 64817   1.31637e+07    67   1.33273e+07   1.31637e+07  1905925    1.23%
  92016 64818   1.31637e+07    83   1.33273e+07   1.31637e+07  1905967    1.23%
  92017 64819   1.31637e+07    81   1.33273e+07   1.31637e+07  1905968    1.23%
  92018 64820   1.31637e+07    79   1.33273e+07   1.31637e+07  1905983    1.23%
  92019 64821   1.31637e+07    79   1.33273e+07   1.31637e+07  1905984    1.23%
  92020 64822   1.31637e+07    78   1.33273e+07   1.31637e+07  1905987    1.23%
Elapsed time = 91.73 sec. (155190.40 ticks, tree = 430.86 MB, solutions = 23)
  93113 65750   1.31637e+07    64   1.33273e+07   1.31637e+07  1930896    1.23%
  93114 65751   1.31637e+07    70   1.33273e+07   1.31637e+07  1930902    1.23%
  93115 65752   1.31637e+07    67   1.33273e+07   1.31637e+07  1930909    1.23%
  93116 65753   1.31637e+07    68   1.33273e+07   1.31637e+07  1930951    1.23%
  93117 65754   1.31637e+07    68   1.33273e+07   1.31637e+07  1930952    1.23%
  93118 65755   1.31987e+07    47   1.33273e+07   1.31637e+07  1931241    1.23%
  93119 65756   1.31637e+07    68   1.33273e+07   1.31637e+07  1931244    1.23%
  93120 65757   1.31637e+07    67   1.33273e+07   1.31637e+07  1931252    1.23%
  93121 65758   1.31637e+07    74   1.33273e+07   1.31637e+07  1931270    1.23%
  93122 65759   1.31637e+07    58   1.33273e+07   1.31637e+07  1931290    1.23%
Elapsed time = 94.07 sec. (159040.24 ticks, tree = 439.29 MB, solutions = 23)
  94068 66555   1.31637e+07    64   1.33273e+07   1.31637e+07  1952486    1.23%
  94069 66556   1.31637e+07    70   1.33273e+07   1.31637e+07  1952494    1.23%
  94070 66557   1.31637e+07    69   1.33273e+07   1.31637e+07  1952496    1.23%
  94071 66558   1.31637e+07    69   1.33273e+07   1.31637e+07  1952569    1.23%
  94072 66559   1.31637e+07    69   1.33273e+07   1.31637e+07  1952570    1.23%
  94073 66560   1.31637e+07    67   1.33273e+07   1.31637e+07  1952583    1.23%
  94074 66561   1.31637e+07    68   1.33273e+07   1.31637e+07  1952585    1.23%
  94075 66562   1.31637e+07    68   1.33273e+07   1.31637e+07  1952595    1.23%
  94076 66563   1.31637e+07    66   1.33273e+07   1.31637e+07  1952599    1.23%
  94077 66564   1.31637e+07    66   1.33273e+07   1.31637e+07  1952620    1.23%
Elapsed time = 96.50 sec. (162996.65 ticks, tree = 444.89 MB, solutions = 23)
  95153 67488   1.31965e+07    55   1.33273e+07   1.31637e+07  1976439    1.23%
  95154 67489   1.31986e+07    46   1.33273e+07   1.31637e+07  1976459    1.23%
  95155 67490   1.31987e+07    46   1.33273e+07   1.31637e+07  1976462    1.23%
  95156 67491   1.32081e+07    58   1.33273e+07   1.31637e+07  1976506    1.23%
  95157 67492   1.33018e+07    33   1.33273e+07   1.31637e+07  1976640    1.23%
  95158 67493   1.33018e+07    33   1.33273e+07   1.31637e+07  1976651    1.23%
  95159 67494   1.33018e+07    34   1.33273e+07   1.31637e+07  1976659    1.23%
  95160 67495   1.33018e+07    33   1.33273e+07   1.31637e+07  1976662    1.23%
  95161 67496   1.33018e+07    34   1.33273e+07   1.31637e+07  1976764    1.23%
  95162 67497   1.33018e+07    33   1.33273e+07   1.31637e+07  1976777    1.23%
Elapsed time = 98.83 sec. (166834.31 ticks, tree = 451.38 MB, solutions = 23)

Cover cuts applied:  420
Mixed integer rounding cuts applied:  20
Zero-half cuts applied:  1
Gomory fractional cuts applied:  12
Warning: integer solution contains unscaled infeasibilities.

Root node processing (before b&c):
  Real time             =    0.07 sec. (86.29 ticks)
Sequential b&c:
  Real time             =   99.93 sec. (168843.74 ticks)
                          ------------
Total (root+branch&cut) =  100.00 sec. (168930.03 ticks)

Solution pool: 23 solutions saved.

Maximum unscaled integer infeasibility = 4.50928e-05.
MIP - Time limit exceeded, integer feasible:  Objective =  1.3327265000e+07
Current MIP best bound =  1.3163658000e+07 (gap = 163607, 1.23%)
Solution time =  100.00 sec.  Iterations = 2005379  Nodes = 96222 (68434)
Deterministic time = 168930.03 ticks  (1689.30 ticks/sec)


Incumbent solution written to file '/tmp/tmprw_DYG.cplex.sol'.
