
Log started (V12.6.3.0) Sat Apr 21 23:01:39 2018

New value for default parallel thread count: 1

Problem '/tmp/tmpUIHrHh.pyomo.lp' read.
Read time = 0.01 sec. (1.11 ticks)

Problem name         : /tmp/tmpUIHrHh.pyomo.lp
Objective sense      : Minimize
Variables            :    1136  [Nneg: 1,  Binary: 1120,  General Integer: 15]
Objective nonzeros   :       1
Linear constraints   :     189  [Less: 94,  Equal: 95]
  Nonzeros           :   80213
  RHS nonzeros       :     161

Variables            : Min LB: 0.000000         Max UB: 1.000000       
Objective nonzeros   : Min   : 1.000000         Max   : 1.000000       
Linear constraints   :
  Nonzeros           : Min   : 1.000000         Max   : 8036379.       
  RHS nonzeros       : Min   : 1.000000         Max   : 8.000000       
Tried aggregator 2 times.
MIP Presolve eliminated 80 rows and 66 columns.
Aggregator did 5 substitutions.
Reduced MIP has 104 rows, 1065 columns, and 3052 nonzeros.
Reduced MIP has 1050 binaries, 15 generals, 0 SOSs, and 0 indicators.
Presolve time = 0.01 sec. (14.42 ticks)
Found incumbent of value 5.7533568e+07 after 0.01 sec. (16.47 ticks)
Probing time = 0.00 sec. (2.01 ticks)
Cover probing fixed 0 vars, tightened 26 bounds.
Tried aggregator 2 times.
Aggregator did 14 substitutions.
Reduced MIP has 90 rows, 1051 columns, and 3024 nonzeros.
Reduced MIP has 1050 binaries, 1 generals, 0 SOSs, and 0 indicators.
Presolve time = 0.00 sec. (2.62 ticks)
Probing time = 0.00 sec. (1.94 ticks)
Cover probing fixed 0 vars, tightened 5 bounds.
Clique table members: 75.
MIP emphasis: balance optimality and feasibility.
MIP search method: dynamic search.
Parallel mode: none, using 1 thread.
Root relaxation solution time = 0.00 sec. (0.99 ticks)

        Nodes                                         Cuts/
   Node  Left     Objective  IInf  Best Integer    Best Bound    ItCnt     Gap

*     0+    0                       5.75336e+07        0.0000           100.00%
      0     0   1.31637e+07    20   5.75336e+07   1.31637e+07       30   77.12%
*     0+    0                       2.03092e+07   1.31637e+07            35.18%
      0     0   1.31637e+07    29   2.03092e+07     Fract: 12       51   35.18%
*     0+    0                       1.81980e+07   1.31637e+07            27.66%
      0     0   1.31637e+07    29   1.81980e+07      Cuts: 12      110   27.66%
*     0+    0                       1.72670e+07   1.31637e+07            23.76%
*     0+    0                       1.53429e+07   1.31637e+07            14.20%
*     0+    0                       1.53091e+07   1.31637e+07            14.01%
*     0+    0                       1.43601e+07   1.31637e+07             8.33%
      0     2   1.31637e+07    23   1.43601e+07   1.31637e+07      110    8.33%
Elapsed time = 0.06 sec. (78.60 ticks, tree = 0.01 MB, solutions = 6)
*   100+   83                       1.42960e+07   1.31637e+07             7.92%
*   460+  363                       1.41059e+07   1.31637e+07             6.68%
*   571+  446                       1.40403e+07   1.31637e+07             6.24%
*   571+  433                       1.39647e+07   1.31637e+07             5.74%
    571   435   1.31637e+07    35   1.39647e+07   1.31637e+07     3804    5.74%
    572   436   1.31637e+07    38   1.39647e+07   1.31637e+07     3864    5.74%
    573   437   1.31637e+07    31   1.39647e+07   1.31637e+07     4515    5.74%
    574   438   1.31637e+07    32   1.39647e+07   1.31637e+07     4535    5.74%
    575   439   1.31637e+07    30   1.39647e+07   1.31637e+07     4555    5.74%
    576   439   1.31637e+07    31   1.39647e+07   1.31637e+07     4582    5.74%
    577   440   1.31637e+07    30   1.39647e+07   1.31637e+07     4601    5.74%
    578   440   1.31637e+07    32   1.39647e+07   1.31637e+07     4607    5.74%
    579   441   1.31637e+07    30   1.39647e+07   1.31637e+07     4619    5.74%
*   673+  300                       1.38512e+07   1.31637e+07             4.96%
*   673+  222                       1.38481e+07   1.31637e+07             4.94%
    688   216   1.31637e+07    27   1.38481e+07   1.31637e+07     5402    4.94%
Elapsed time = 0.71 sec. (1033.51 ticks, tree = 0.41 MB, solutions = 12)
*   773+  178                       1.37128e+07   1.31637e+07             4.00%
*   773+  156                       1.37016e+07   1.31637e+07             3.93%
*   773+  141                       1.36925e+07   1.31637e+07             3.86%
*   973+  198                       1.36303e+07   1.31637e+07             3.42%
*   973+  198                       1.36165e+07   1.31637e+07             3.33%
   1139   256   1.31637e+07    25   1.36165e+07   1.31637e+07     7549    3.33%
   1140   257   1.31637e+07    25   1.36165e+07   1.31637e+07     7559    3.33%
   1141   258   1.31637e+07    28   1.36165e+07   1.31637e+07     7564    3.33%
   1142   259   1.31637e+07    28   1.36165e+07   1.31637e+07     7566    3.33%
   1143   260   1.31637e+07    25   1.36165e+07   1.31637e+07     7593    3.33%
   1144   261   1.31637e+07    28   1.36165e+07   1.31637e+07     7604    3.33%
   1145   262   1.31637e+07    29   1.36165e+07   1.31637e+07     7606    3.33%
   1146   263   1.31637e+07    29   1.36165e+07   1.31637e+07     7607    3.33%
   1147   264   1.31637e+07    32   1.36165e+07   1.31637e+07     7617    3.33%
   1148   265   1.31637e+07    36   1.36165e+07   1.31637e+07     7637    3.33%
Elapsed time = 1.41 sec. (2005.08 ticks, tree = 0.51 MB, solutions = 17)
   2524  1196   1.31637e+07    34   1.36165e+07   1.31637e+07    17701    3.33%
   2525  1197   1.31637e+07    32   1.36165e+07   1.31637e+07    17703    3.33%
   2526  1198   1.31637e+07    32   1.36165e+07   1.31637e+07    17704    3.33%
   2527  1199   1.31637e+07    32   1.36165e+07   1.31637e+07    17706    3.33%
   2528  1200   1.31637e+07    32   1.36165e+07   1.31637e+07    17707    3.33%
   2529  1201   1.31637e+07    33   1.36165e+07   1.31637e+07    17710    3.33%
   2530  1202   1.31637e+07    33   1.36165e+07   1.31637e+07    17711    3.33%
   2531  1201        cutoff         1.36165e+07   1.31637e+07    17736    3.33%
   2532  1202   1.31637e+07    32   1.36165e+07   1.31637e+07    17739    3.33%
   2533  1203   1.31637e+07    33   1.36165e+07   1.31637e+07    17744    3.33%
Elapsed time = 1.99 sec. (2962.87 ticks, tree = 2.60 MB, solutions = 17)
   3949  2345   1.31637e+07    55   1.36165e+07   1.31637e+07    30890    3.33%
   3950  2346   1.31637e+07    55   1.36165e+07   1.31637e+07    30895    3.33%
   3951  2347   1.31637e+07    58   1.36165e+07   1.31637e+07    30906    3.33%
   3952  2348   1.31637e+07    58   1.36165e+07   1.31637e+07    30908    3.33%
   3953  2349   1.31637e+07    57   1.36165e+07   1.31637e+07    30909    3.33%
   3954  2350   1.31637e+07    58   1.36165e+07   1.31637e+07    30914    3.33%
   3955  2351   1.31637e+07    58   1.36165e+07   1.31637e+07    30917    3.33%
   3956  2352   1.31637e+07    59   1.36165e+07   1.31637e+07    30919    3.33%
   3957  2353   1.31637e+07    53   1.36165e+07   1.31637e+07    30931    3.33%
   3958  2354   1.31637e+07    54   1.36165e+07   1.31637e+07    30936    3.33%
Elapsed time = 2.53 sec. (3924.08 ticks, tree = 5.51 MB, solutions = 17)
   5093  3299   1.32337e+07    35   1.36165e+07   1.31637e+07    44248    3.33%
   5094  3300   1.32350e+07    34   1.36165e+07   1.31637e+07    44249    3.33%
   5095  3301   1.32356e+07    34   1.36165e+07   1.31637e+07    44250    3.33%
   5096  3302   1.32356e+07    34   1.36165e+07   1.31637e+07    44251    3.33%
   5097  3303   1.32357e+07    34   1.36165e+07   1.31637e+07    44252    3.33%
   5098  3304   1.32357e+07    34   1.36165e+07   1.31637e+07    44253    3.33%
   5099  3305   1.32358e+07    34   1.36165e+07   1.31637e+07    44254    3.33%
   5100  3306   1.32359e+07    34   1.36165e+07   1.31637e+07    44255    3.33%
   5101  3307   1.32359e+07    34   1.36165e+07   1.31637e+07    44256    3.33%
   5102  3308   1.32458e+07    35   1.36165e+07   1.31637e+07    44264    3.33%
Elapsed time = 3.06 sec. (4879.63 ticks, tree = 8.06 MB, solutions = 17)
   6267  4249   1.31637e+07    51   1.36165e+07   1.31637e+07    56861    3.33%
   6268  4250   1.31637e+07    51   1.36165e+07   1.31637e+07    56865    3.33%
   6269  4251   1.31637e+07    50   1.36165e+07   1.31637e+07    56867    3.33%
   6270  4252   1.31637e+07    50   1.36165e+07   1.31637e+07    56895    3.33%
   6271  4253   1.31637e+07    48   1.36165e+07   1.31637e+07    56905    3.33%
   6272  4254   1.31637e+07    49   1.36165e+07   1.31637e+07    56909    3.33%
   6273  4255   1.31637e+07    46   1.36165e+07   1.31637e+07    56914    3.33%
   6274  4256   1.31637e+07    43   1.36165e+07   1.31637e+07    56930    3.33%
   6275  4256   1.35067e+07    25   1.36165e+07   1.31637e+07    57058    3.33%
   6276  4256   1.35067e+07    24   1.36165e+07   1.31637e+07    57060    3.33%
Elapsed time = 3.62 sec. (5849.84 ticks, tree = 10.93 MB, solutions = 17)
   7262  5017   1.31705e+07    49   1.36165e+07   1.31637e+07    69634    3.33%
   7263  5018   1.31820e+07    55   1.36165e+07   1.31637e+07    69656    3.33%
   7264  5019   1.31858e+07    55   1.36165e+07   1.31637e+07    69665    3.33%
   7265  5020   1.31859e+07    53   1.36165e+07   1.31637e+07    69667    3.33%
   7266  5021   1.31883e+07    51   1.36165e+07   1.31637e+07    69677    3.33%
   7267  5022   1.31883e+07    51   1.36165e+07   1.31637e+07    69678    3.33%
   7268  5023   1.31886e+07    47   1.36165e+07   1.31637e+07    69682    3.33%
   7269  5024   1.31888e+07    48   1.36165e+07   1.31637e+07    69684    3.33%
   7270  5025   1.31908e+07    48   1.36165e+07   1.31637e+07    69689    3.33%
   7271  5026   1.31942e+07    46   1.36165e+07   1.31637e+07    69704    3.33%
Elapsed time = 4.17 sec. (6820.32 ticks, tree = 13.33 MB, solutions = 17)
   8173  5699   1.32226e+07    44   1.36165e+07   1.31637e+07    85620    3.33%
   8174  5700   1.32237e+07    44   1.36165e+07   1.31637e+07    85624    3.33%
   8175  5701   1.32238e+07    46   1.36165e+07   1.31637e+07    85629    3.33%
   8176  5702   1.32238e+07    43   1.36165e+07   1.31637e+07    85633    3.33%
   8177  5703   1.32278e+07    47   1.36165e+07   1.31637e+07    85647    3.33%
   8178  5704   1.32281e+07    46   1.36165e+07   1.31637e+07    85649    3.33%
   8179  5705   1.32281e+07    46   1.36165e+07   1.31637e+07    85654    3.33%
   8180  5706   1.32283e+07    43   1.36165e+07   1.31637e+07    85656    3.33%
   8181  5707   1.32284e+07    43   1.36165e+07   1.31637e+07    85657    3.33%
   8182  5708   1.32316e+07    40   1.36165e+07   1.31637e+07    85663    3.33%
Elapsed time = 4.72 sec. (7778.16 ticks, tree = 15.63 MB, solutions = 17)
   9027  6380   1.33044e+07    31   1.36165e+07   1.31637e+07   100084    3.33%
   9028  6380   1.33044e+07    31   1.36165e+07   1.31637e+07   100087    3.33%
   9029  6380   1.33104e+07    31   1.36165e+07   1.31637e+07   100096    3.33%
   9030  6381   1.33129e+07    25   1.36165e+07   1.31637e+07   100098    3.33%
   9031  6382   1.33129e+07    26   1.36165e+07   1.31637e+07   100104    3.33%
   9032  6382   1.33129e+07    25   1.36165e+07   1.31637e+07   100128    3.33%
   9033  6383   1.33129e+07    23   1.36165e+07   1.31637e+07   100133    3.33%
   9034  6382        cutoff         1.36165e+07   1.31637e+07   100135    3.33%
   9035  6382   1.33129e+07    26   1.36165e+07   1.31637e+07   100164    3.33%
   9036  6383   1.33129e+07    28   1.36165e+07   1.31637e+07   100197    3.33%
Elapsed time = 5.27 sec. (8752.90 ticks, tree = 18.14 MB, solutions = 17)
   9733  6928   1.31637e+07    56   1.36165e+07   1.31637e+07   113652    3.33%
   9734  6929   1.31637e+07    55   1.36165e+07   1.31637e+07   113661    3.33%
   9735  6930   1.31637e+07    55   1.36165e+07   1.31637e+07   113714    3.33%
   9736  6931   1.31637e+07    48   1.36165e+07   1.31637e+07   113735    3.33%
   9737  6932   1.31637e+07    60   1.36165e+07   1.31637e+07   113848    3.33%
   9738  6933   1.31637e+07    53   1.36165e+07   1.31637e+07   113867    3.33%
   9739  6934   1.31637e+07    52   1.36165e+07   1.31637e+07   113925    3.33%
   9740  6935   1.31637e+07    50   1.36165e+07   1.31637e+07   113929    3.33%
   9741  6936   1.31637e+07    51   1.36165e+07   1.31637e+07   113943    3.33%
*  9873+ 6995                       1.36146e+07   1.31637e+07             3.31%
*  9873+ 6957                       1.36121e+07   1.31637e+07             3.29%
*  9873+ 6325                       1.35576e+07   1.31637e+07             2.91%
*  9873+ 6305                       1.35534e+07   1.31637e+07             2.88%
*  9873+ 6279                       1.35499e+07   1.31637e+07             2.85%
  10768  6993   1.31637e+07    44   1.35499e+07   1.31637e+07   138680    2.85%
Elapsed time = 7.83 sec. (12584.28 ticks, tree = 21.89 MB, solutions = 22)
  13047  8759   1.33577e+07    32   1.35499e+07   1.31637e+07   192651    2.85%
  13048  8759   1.33577e+07    32   1.35499e+07   1.31637e+07   192653    2.85%
  13049  8759   1.33581e+07    34   1.35499e+07   1.31637e+07   192658    2.85%
  13050  8760   1.33581e+07    33   1.35499e+07   1.31637e+07   192660    2.85%
  13051  8761   1.33583e+07    32   1.35499e+07   1.31637e+07   192661    2.85%
  13052  8761   1.33858e+07    27   1.35499e+07   1.31637e+07   192673    2.85%
  13053  8761   1.33858e+07    26   1.35499e+07   1.31637e+07   192678    2.85%
  13054  8761   1.33858e+07    26   1.35499e+07   1.31637e+07   192679    2.85%
  13055  8762   1.33858e+07    28   1.35499e+07   1.31637e+07   192682    2.85%
  13056  8762   1.34006e+07    27   1.35499e+07   1.31637e+07   192684    2.85%
Elapsed time = 9.96 sec. (16407.13 ticks, tree = 30.79 MB, solutions = 22)
* 13173+ 8703                       1.35285e+07   1.31637e+07             2.70%
  15037 10206   1.34172e+07    21   1.35285e+07   1.31637e+07   240008    2.70%
  15038 10207   1.34172e+07    23   1.35285e+07   1.31637e+07   240090    2.70%
  15039 10208   1.34172e+07    23   1.35285e+07   1.31637e+07   240097    2.70%
  15040 10207        cutoff         1.35285e+07   1.31637e+07   240146    2.70%
  15041 10206        cutoff         1.35285e+07   1.31637e+07   240185    2.70%
  15042 10207   1.33423e+07    64   1.35285e+07   1.31637e+07   240507    2.70%
  15043 10208   1.33429e+07    64   1.35285e+07   1.31637e+07   240515    2.70%
  15044 10209   1.33443e+07    61   1.35285e+07   1.31637e+07   240523    2.70%
  15045 10208        cutoff         1.35285e+07   1.31637e+07   240527    2.70%
  15046 10209   1.33445e+07    48   1.35285e+07   1.31637e+07   240529    2.70%
Elapsed time = 12.21 sec. (20254.76 ticks, tree = 38.75 MB, solutions = 23)
* 16973+11550                       1.35160e+07   1.31637e+07             2.61%
* 16973+10299                       1.34042e+07   1.31637e+07             1.79%
  16973 10300   1.33365e+07    31   1.34042e+07   1.31637e+07   288499    1.79%
  16974 10299        cutoff         1.34042e+07   1.31637e+07   288500    1.79%
  16975 10300   1.31637e+07    44   1.34042e+07   1.31637e+07   288514    1.79%
  16976 10301   1.31637e+07    49   1.34042e+07   1.31637e+07   288617    1.79%
  16977 10302   1.31637e+07    57   1.34042e+07   1.31637e+07   288735    1.79%
  16978 10303   1.31637e+07    54   1.34042e+07   1.31637e+07   288741    1.79%
  16979 10304   1.31637e+07    52   1.34042e+07   1.31637e+07   288746    1.79%
  16980 10305   1.31637e+07    52   1.34042e+07   1.31637e+07   288751    1.79%
  16981 10306   1.31637e+07    51   1.34042e+07   1.31637e+07   288758    1.79%
  16982 10307   1.31637e+07    52   1.34042e+07   1.31637e+07   288817    1.79%
Elapsed time = 14.51 sec. (24182.05 ticks, tree = 42.22 MB, solutions = 25)
* 18673+11248                       1.33797e+07   1.31637e+07             1.61%
  18673 11250   1.32620e+07    40   1.33797e+07   1.31637e+07   334090    1.61%
  18674 11251   1.32640e+07    39   1.33797e+07   1.31637e+07   334107    1.61%
  18675 11252   1.32664e+07    43   1.33797e+07   1.31637e+07   334118    1.61%
  18676 11253   1.32678e+07    40   1.33797e+07   1.31637e+07   334126    1.61%
  18677 11254   1.32682e+07    42   1.33797e+07   1.31637e+07   334131    1.61%
  18678 11255   1.32688e+07    48   1.33797e+07   1.31637e+07   334136    1.61%
  18679 11256   1.32688e+07    44   1.33797e+07   1.31637e+07   334137    1.61%
  18680 11257   1.32736e+07    42   1.33797e+07   1.31637e+07   334147    1.61%
  18681 11258   1.32803e+07    42   1.33797e+07   1.31637e+07   334153    1.61%
  18682 11259   1.32834e+07    46   1.33797e+07   1.31637e+07   334181    1.61%
Elapsed time = 16.87 sec. (28053.26 ticks, tree = 49.49 MB, solutions = 26)
  20184 12409   1.31681e+07    59   1.33797e+07   1.31637e+07   381351    1.61%
  20185 12410   1.31759e+07    57   1.33797e+07   1.31637e+07   381368    1.61%
  20186 12411   1.31764e+07    56   1.33797e+07   1.31637e+07   381385    1.61%
  20187 12412   1.31764e+07    54   1.33797e+07   1.31637e+07   381386    1.61%
  20188 12413   1.31804e+07    59   1.33797e+07   1.31637e+07   381403    1.61%
  20189 12414   1.31813e+07    57   1.33797e+07   1.31637e+07   381427    1.61%
  20190 12415   1.31819e+07    55   1.33797e+07   1.31637e+07   381432    1.61%
  20191 12416   1.31821e+07    60   1.33797e+07   1.31637e+07   381438    1.61%
  20192 12417   1.31822e+07    58   1.33797e+07   1.31637e+07   381444    1.61%
  20193 12418   1.31837e+07    51   1.33797e+07   1.31637e+07   381452    1.61%
Elapsed time = 19.14 sec. (31876.93 ticks, tree = 57.67 MB, solutions = 26)
  21718 13579   1.32974e+07    50   1.33797e+07   1.31637e+07   430085    1.61%
  21719 13579   1.32977e+07    49   1.33797e+07   1.31637e+07   430089    1.61%
  21720 13580   1.32988e+07    41   1.33797e+07   1.31637e+07   430110    1.61%
  21721 13581   1.33129e+07    35   1.33797e+07   1.31637e+07   430124    1.61%
  21722 13580        cutoff         1.33797e+07   1.31637e+07   430246    1.61%
  21723 13581   1.33244e+07    34   1.33797e+07   1.31637e+07   430361    1.61%
  21724 13582   1.33331e+07    30   1.33797e+07   1.31637e+07   430378    1.61%
  21725 13583   1.33399e+07    33   1.33797e+07   1.31637e+07   430387    1.61%
  21726 13583   1.33711e+07    28   1.33797e+07   1.31637e+07   430404    1.61%
  21727 13582        cutoff         1.33797e+07   1.31637e+07   430408    1.61%
Elapsed time = 21.41 sec. (35716.77 ticks, tree = 65.96 MB, solutions = 26)
  23602 15033   1.31637e+07    42   1.33797e+07   1.31637e+07   485199    1.61%
  23603 15034   1.31637e+07    39   1.33797e+07   1.31637e+07   485204    1.61%
  23604 15035   1.31637e+07    39   1.33797e+07   1.31637e+07   485227    1.61%
  23605 15036   1.31637e+07    40   1.33797e+07   1.31637e+07   485234    1.61%
  23606 15037   1.31637e+07    34   1.33797e+07   1.31637e+07   485276    1.61%
  23607 15038   1.31637e+07    44   1.33797e+07   1.31637e+07   485379    1.61%
  23608 15039   1.31637e+07    50   1.33797e+07   1.31637e+07   485399    1.61%
  23609 15040   1.31637e+07    41   1.33797e+07   1.31637e+07   485404    1.61%
  23610 15041   1.31637e+07    53   1.33797e+07   1.31637e+07   485447    1.61%
  23611 15042   1.31637e+07    53   1.33797e+07   1.31637e+07   485460    1.61%
Elapsed time = 23.60 sec. (39552.30 ticks, tree = 76.15 MB, solutions = 26)
  25308 16402   1.31637e+07    74   1.33797e+07   1.31637e+07   536273    1.61%
  25309 16403   1.31637e+07    69   1.33797e+07   1.31637e+07   536274    1.61%
  25310 16404   1.31637e+07    73   1.33797e+07   1.31637e+07   536287    1.61%
  25311 16405   1.31637e+07    53   1.33797e+07   1.31637e+07   536369    1.61%
  25312 16406   1.31637e+07    71   1.33797e+07   1.31637e+07   536370    1.61%
  25313 16407   1.31637e+07    71   1.33797e+07   1.31637e+07   536373    1.61%
  25314 16408   1.31637e+07    67   1.33797e+07   1.31637e+07   536380    1.61%
  25315 16409   1.31652e+07    49   1.33797e+07   1.31637e+07   536541    1.61%
  25316 16410   1.31637e+07    67   1.33797e+07   1.31637e+07   536542    1.61%
  25317 16411   1.31637e+07    70   1.33797e+07   1.31637e+07   536549    1.61%
Elapsed time = 25.78 sec. (43394.24 ticks, tree = 86.12 MB, solutions = 26)
  27456 18137   1.31637e+07    61   1.33797e+07   1.31637e+07   587947    1.61%
  27457 18138   1.31637e+07    54   1.33797e+07   1.31637e+07   587962    1.61%
  27458 18139   1.31637e+07    56   1.33797e+07   1.31637e+07   588001    1.61%
  27459 18140   1.31637e+07    52   1.33797e+07   1.31637e+07   588030    1.61%
  27460 18141   1.31637e+07    51   1.33797e+07   1.31637e+07   588045    1.61%
  27461 18142   1.31637e+07    58   1.33797e+07   1.31637e+07   588057    1.61%
  27462 18143   1.31637e+07    56   1.33797e+07   1.31637e+07   588074    1.61%
  27463 18144   1.31637e+07    52   1.33797e+07   1.31637e+07   588097    1.61%
  27464 18145   1.31681e+07    42   1.33797e+07   1.31637e+07   588140    1.61%
  27465 18146   1.31682e+07    42   1.33797e+07   1.31637e+07   588146    1.61%
Elapsed time = 27.98 sec. (47233.83 ticks, tree = 98.21 MB, solutions = 26)
  29182 19488   1.31637e+07    54   1.33797e+07   1.31637e+07   636892    1.61%
  29183 19489   1.31637e+07    64   1.33797e+07   1.31637e+07   636898    1.61%
  29184 19490   1.31637e+07    58   1.33797e+07   1.31637e+07   636947    1.61%
  29185 19491   1.32403e+07    36   1.33797e+07   1.31637e+07   637077    1.61%
  29186 19492   1.32442e+07    33   1.33797e+07   1.31637e+07   637089    1.61%
  29187 19491        cutoff         1.33797e+07   1.31637e+07   637100    1.61%
  29188 19492   1.32443e+07    33   1.33797e+07   1.31637e+07   637101    1.61%
  29189 19491        cutoff         1.33797e+07   1.31637e+07   637115    1.61%
  29190 19492   1.32499e+07    32   1.33797e+07   1.31637e+07   637118    1.61%
  29191 19491        cutoff         1.33797e+07   1.31637e+07   637135    1.61%
Elapsed time = 30.14 sec. (51068.18 ticks, tree = 107.59 MB, solutions = 26)
  30990 20927   1.33509e+07    29   1.33797e+07   1.31637e+07   683830    1.61%
  30991 20926        cutoff         1.33797e+07   1.31637e+07   683834    1.61%
  30992 20926   1.33618e+07    27   1.33797e+07   1.31637e+07   683841    1.61%
  30993 20927   1.33627e+07    26   1.33797e+07   1.31637e+07   683846    1.61%
  30994 20927   1.33656e+07    30   1.33797e+07   1.31637e+07   683854    1.61%
  30995 20928   1.33719e+07    28   1.33797e+07   1.31637e+07   683859    1.61%
  30996 20928   1.33719e+07    25   1.33797e+07   1.31637e+07   683865    1.61%
  30997 20927        cutoff         1.33797e+07   1.31637e+07   683867    1.61%
  30998 20928   1.31637e+07    51   1.33797e+07   1.31637e+07   684035    1.61%
  30999 20929   1.31637e+07    56   1.33797e+07   1.31637e+07   684066    1.61%
Elapsed time = 32.30 sec. (54899.76 ticks, tree = 117.60 MB, solutions = 26)
* 32673+21995                       1.33679e+07   1.31637e+07             1.53%
  32687 22003   1.31937e+07    62   1.33679e+07   1.31637e+07   735726    1.53%
  32688 22004   1.31999e+07    64   1.33679e+07   1.31637e+07   735758    1.53%
  32689 22005   1.32005e+07    57   1.33679e+07   1.31637e+07   735772    1.53%
  32690 22004        cutoff         1.33679e+07   1.31637e+07   735846    1.53%
  32691 22005   1.32005e+07    56   1.33679e+07   1.31637e+07   735849    1.53%
  32692 22006   1.32010e+07    47   1.33679e+07   1.31637e+07   735852    1.53%
  32693 22007   1.32015e+07    48   1.33679e+07   1.31637e+07   735855    1.53%
  32694 22008   1.32016e+07    46   1.33679e+07   1.31637e+07   735858    1.53%
  32695 22009   1.32361e+07    53   1.33679e+07   1.31637e+07   735904    1.53%
  32696 22010   1.32369e+07    51   1.33679e+07   1.31637e+07   735910    1.53%
Elapsed time = 34.53 sec. (58729.21 ticks, tree = 125.72 MB, solutions = 27)
  34673 23592   1.31637e+07    56   1.33679e+07   1.31637e+07   786183    1.53%
  34674 23593   1.31637e+07    53   1.33679e+07   1.31637e+07   786187    1.53%
  34675 23594   1.31637e+07    54   1.33679e+07   1.31637e+07   786228    1.53%
  34676 23595   1.31637e+07    53   1.33679e+07   1.31637e+07   786235    1.53%
  34677 23596   1.31637e+07    63   1.33679e+07   1.31637e+07   786381    1.53%
  34678 23597   1.31791e+07    55   1.33679e+07   1.31637e+07   786508    1.53%
  34679 23598   1.32421e+07    55   1.33679e+07   1.31637e+07   786626    1.53%
  34680 23599   1.32428e+07    51   1.33679e+07   1.31637e+07   786640    1.53%
  34681 23600   1.32429e+07    49   1.33679e+07   1.31637e+07   786644    1.53%
  34682 23601   1.32437e+07    48   1.33679e+07   1.31637e+07   786651    1.53%
Elapsed time = 36.81 sec. (62698.64 ticks, tree = 136.80 MB, solutions = 27)
  36739 25231   1.31637e+07    55   1.33679e+07   1.31637e+07   837678    1.53%
  36740 25232   1.31637e+07    62   1.33679e+07   1.31637e+07   837692    1.53%
  36741 25232   1.32335e+07    36   1.33679e+07   1.31637e+07   837833    1.53%
  36742 25233   1.32335e+07    36   1.33679e+07   1.31637e+07   837835    1.53%
  36743 25234   1.32352e+07    37   1.33679e+07   1.31637e+07   837858    1.53%
  36744 25234   1.32436e+07    38   1.33679e+07   1.31637e+07   837875    1.53%
  36745 25234   1.32436e+07    38   1.33679e+07   1.31637e+07   837876    1.53%
  36746 25235   1.32484e+07    38   1.33679e+07   1.31637e+07   837878    1.53%
  36747 25234        cutoff         1.33679e+07   1.31637e+07   837883    1.53%
  36748 25233        cutoff         1.33679e+07   1.31637e+07   837887    1.53%
Elapsed time = 38.97 sec. (66537.03 ticks, tree = 148.17 MB, solutions = 27)
  38506 26584   1.31980e+07    49   1.33679e+07   1.31637e+07   886460    1.53%
  38507 26585   1.32050e+07    52   1.33679e+07   1.31637e+07   886470    1.53%
  38508 26586   1.32051e+07    52   1.33679e+07   1.31637e+07   886471    1.53%
  38509 26587   1.32165e+07    45   1.33679e+07   1.31637e+07   886488    1.53%
  38510 26588   1.32165e+07    45   1.33679e+07   1.31637e+07   886489    1.53%
  38511 26589   1.32167e+07    43   1.33679e+07   1.31637e+07   886490    1.53%
  38512 26590   1.32788e+07    29   1.33679e+07   1.31637e+07   886531    1.53%
  38513 26589        cutoff         1.33679e+07   1.31637e+07   886534    1.53%
  38514 26588        cutoff         1.33679e+07   1.31637e+07   886539    1.53%
  38515 26589   1.31637e+07    65   1.33679e+07   1.31637e+07   886875    1.53%
Elapsed time = 41.14 sec. (70377.18 ticks, tree = 157.64 MB, solutions = 27)
* 39673+27201                       1.33641e+07   1.31637e+07             1.50%
* 39773+27262                       1.33637e+07   1.31637e+07             1.50%
  40224 27608   1.32754e+07    32   1.33637e+07   1.31637e+07   934630    1.50%
  40225 27609   1.32754e+07    33   1.33637e+07   1.31637e+07   934631    1.50%
  40226 27610   1.32757e+07    38   1.33637e+07   1.31637e+07   934635    1.50%
  40227 27611   1.32757e+07    38   1.33637e+07   1.31637e+07   934636    1.50%
  40228 27612   1.32758e+07    38   1.33637e+07   1.31637e+07   934637    1.50%
  40229 27613   1.32759e+07    37   1.33637e+07   1.31637e+07   934638    1.50%
  40230 27614   1.32760e+07    32   1.33637e+07   1.31637e+07   934641    1.50%
  40231 27615   1.32762e+07    31   1.33637e+07   1.31637e+07   934642    1.50%
  40232 27615   1.32972e+07    30   1.33637e+07   1.31637e+07   934655    1.50%
  40233 27616   1.32984e+07    28   1.33637e+07   1.31637e+07   934657    1.50%
Elapsed time = 43.41 sec. (74195.90 ticks, tree = 165.03 MB, solutions = 29)
  42050 29036   1.31637e+07    71   1.33637e+07   1.31637e+07   984795    1.50%
  42051 29037   1.31637e+07    69   1.33637e+07   1.31637e+07   984821    1.50%
  42052 29038   1.31637e+07    68   1.33637e+07   1.31637e+07   984833    1.50%
  42053 29039   1.31637e+07    72   1.33637e+07   1.31637e+07   984861    1.50%
  42054 29040   1.31637e+07    65   1.33637e+07   1.31637e+07   984879    1.50%
  42055 29041   1.31637e+07    68   1.33637e+07   1.31637e+07   984894    1.50%
  42056 29042   1.31637e+07    77   1.33637e+07   1.31637e+07   984938    1.50%
  42057 29043   1.31637e+07    75   1.33637e+07   1.31637e+07   984951    1.50%
  42058 29044   1.31637e+07    71   1.33637e+07   1.31637e+07   984963    1.50%
  42059 29045   1.31637e+07    71   1.33637e+07   1.31637e+07   984972    1.50%
Elapsed time = 45.68 sec. (78025.22 ticks, tree = 174.96 MB, solutions = 29)
* 42973+29700                       1.33601e+07   1.31637e+07             1.47%
* 42973+28800                       1.33367e+07   1.31637e+07             1.30%
  43739 29389   1.32047e+07    34   1.33367e+07   1.31637e+07  1028668    1.30%
  43740 29390   1.32047e+07    34   1.33367e+07   1.31637e+07  1028669    1.30%
  43741 29391   1.32047e+07    33   1.33367e+07   1.31637e+07  1028670    1.30%
  43742 29392   1.32047e+07    33   1.33367e+07   1.31637e+07  1028672    1.30%
  43743 29393   1.32047e+07    34   1.33367e+07   1.31637e+07  1028676    1.30%
  43744 29394   1.32052e+07    33   1.33367e+07   1.31637e+07  1028679    1.30%
  43745 29395   1.32057e+07    34   1.33367e+07   1.31637e+07  1028694    1.30%
  43746 29396   1.32059e+07    34   1.33367e+07   1.31637e+07  1028696    1.30%
  43747 29397   1.32060e+07    34   1.33367e+07   1.31637e+07  1028697    1.30%
  43748 29398   1.32061e+07    34   1.33367e+07   1.31637e+07  1028698    1.30%
Elapsed time = 47.91 sec. (81844.59 ticks, tree = 178.56 MB, solutions = 31)
  46000 31122   1.32155e+07    50   1.33367e+07   1.31637e+07  1080892    1.30%
  46001 31123   1.32174e+07    50   1.33367e+07   1.31637e+07  1080901    1.30%
  46002 31124   1.32177e+07    58   1.33367e+07   1.31637e+07  1080904    1.30%
  46003 31125   1.32213e+07    57   1.33367e+07   1.31637e+07  1080910    1.30%
  46004 31126   1.32213e+07    53   1.33367e+07   1.31637e+07  1080912    1.30%
  46005 31127   1.32215e+07    54   1.33367e+07   1.31637e+07  1080913    1.30%
  46006 31128   1.32311e+07    55   1.33367e+07   1.31637e+07  1080915    1.30%
  46007 31129   1.32314e+07    55   1.33367e+07   1.31637e+07  1080919    1.30%
  46008 31130   1.32402e+07    39   1.33367e+07   1.31637e+07  1080934    1.30%
  46009 31131   1.32407e+07    39   1.33367e+07   1.31637e+07  1080936    1.30%
Elapsed time = 50.15 sec. (85664.99 ticks, tree = 190.66 MB, solutions = 31)
* 46573+31075                       1.33273e+07   1.31637e+07             1.23%
  47526 31828   1.32047e+07    48   1.33273e+07   1.31637e+07  1125521    1.23%
  47527 31829   1.32048e+07    49   1.33273e+07   1.31637e+07  1125526    1.23%
  47528 31830   1.32830e+07    35   1.33273e+07   1.31637e+07  1125571    1.23%
  47529 31829        cutoff         1.33273e+07   1.31637e+07  1125573    1.23%
  47530 31828        cutoff         1.33273e+07   1.31637e+07  1125575    1.23%
  47531 31829   1.31637e+07    56   1.33273e+07   1.31637e+07  1125732    1.23%
  47532 31830   1.31637e+07    55   1.33273e+07   1.31637e+07  1125733    1.23%
  47533 31831   1.31637e+07    49   1.33273e+07   1.31637e+07  1125752    1.23%
  47534 31832   1.31637e+07    56   1.33273e+07   1.31637e+07  1125795    1.23%
  47535 31833   1.31637e+07    55   1.33273e+07   1.31637e+07  1125797    1.23%
Elapsed time = 52.47 sec. (89498.59 ticks, tree = 195.95 MB, solutions = 32)
  49352 33205   1.31637e+07    59   1.33273e+07   1.31637e+07  1179888    1.23%
  49353 33206   1.31637e+07    60   1.33273e+07   1.31637e+07  1179892    1.23%
  49354 33207   1.31637e+07    58   1.33273e+07   1.31637e+07  1179899    1.23%
  49355 33208   1.31637e+07    54   1.33273e+07   1.31637e+07  1179919    1.23%
  49356 33209   1.31637e+07    51   1.33273e+07   1.31637e+07  1179923    1.23%
  49357 33210   1.31637e+07    48   1.33273e+07   1.31637e+07  1179932    1.23%
  49358 33211   1.31637e+07    52   1.33273e+07   1.31637e+07  1179942    1.23%
  49359 33212   1.31637e+07    51   1.33273e+07   1.31637e+07  1179947    1.23%
  49360 33213   1.31637e+07    54   1.33273e+07   1.31637e+07  1179950    1.23%
  49361 33214   1.31637e+07    50   1.33273e+07   1.31637e+07  1179951    1.23%
Elapsed time = 54.65 sec. (93319.77 ticks, tree = 206.51 MB, solutions = 32)
  50887 34372   1.31637e+07    55   1.33273e+07   1.31637e+07  1225351    1.23%
  50888 34373   1.31637e+07    50   1.33273e+07   1.31637e+07  1225355    1.23%
  50889 34374   1.31637e+07    57   1.33273e+07   1.31637e+07  1225440    1.23%
  50890 34375   1.31637e+07    57   1.33273e+07   1.31637e+07  1225475    1.23%
  50891 34376   1.31637e+07    58   1.33273e+07   1.31637e+07  1225477    1.23%
  50892 34377   1.31637e+07    57   1.33273e+07   1.31637e+07  1225771    1.23%
  50893 34378   1.32082e+07    42   1.33273e+07   1.31637e+07  1225944    1.23%
  50894 34379   1.32101e+07    42   1.33273e+07   1.31637e+07  1225984    1.23%
  50895 34380   1.32101e+07    42   1.33273e+07   1.31637e+07  1225988    1.23%
  50896 34381   1.32207e+07    39   1.33273e+07   1.31637e+07  1226037    1.23%
Elapsed time = 56.90 sec. (97178.24 ticks, tree = 214.65 MB, solutions = 32)
  52723 35838   1.31637e+07    60   1.33273e+07   1.31637e+07  1279913    1.23%
  52724 35839   1.31637e+07    66   1.33273e+07   1.31637e+07  1280013    1.23%
  52725 35840   1.31637e+07    67   1.33273e+07   1.31637e+07  1280067    1.23%
  52726 35841   1.31637e+07    64   1.33273e+07   1.31637e+07  1280069    1.23%
  52727 35842   1.31637e+07    61   1.33273e+07   1.31637e+07  1280132    1.23%
  52728 35843   1.31637e+07    63   1.33273e+07   1.31637e+07  1280148    1.23%
  52729 35844   1.31637e+07    58   1.33273e+07   1.31637e+07  1280154    1.23%
  52730 35845   1.31637e+07    68   1.33273e+07   1.31637e+07  1280310    1.23%
  52731 35846   1.31637e+07    62   1.33273e+07   1.31637e+07  1280333    1.23%
  52732 35847   1.31637e+07    64   1.33273e+07   1.31637e+07  1280361    1.23%
Elapsed time = 59.08 sec. (101023.91 ticks, tree = 224.86 MB, solutions = 32)
  54430 37128   1.31637e+07    67   1.33273e+07   1.31637e+07  1330393    1.23%
  54431 37129   1.31637e+07    67   1.33273e+07   1.31637e+07  1330394    1.23%
  54432 37130   1.31712e+07    59   1.33273e+07   1.31637e+07  1330528    1.23%
  54433 37131   1.31723e+07    55   1.33273e+07   1.31637e+07  1330545    1.23%
  54434 37132   1.31725e+07    54   1.33273e+07   1.31637e+07  1330547    1.23%
  54435 37133   1.31787e+07    57   1.33273e+07   1.31637e+07  1330575    1.23%
  54436 37134   1.31795e+07    56   1.33273e+07   1.31637e+07  1330602    1.23%
  54437 37135   1.31838e+07    51   1.33273e+07   1.31637e+07  1330627    1.23%
  54438 37136   1.31839e+07    52   1.33273e+07   1.31637e+07  1330636    1.23%
  54439 37137   1.31840e+07    50   1.33273e+07   1.31637e+07  1330640    1.23%
Elapsed time = 61.29 sec. (104869.96 ticks, tree = 233.87 MB, solutions = 32)
  56417 38699   1.31928e+07    54   1.33273e+07   1.31637e+07  1384997    1.23%
  56418 38700   1.31960e+07    54   1.33273e+07   1.31637e+07  1384999    1.23%
  56419 38701   1.31961e+07    54   1.33273e+07   1.31637e+07  1385001    1.23%
  56420 38702   1.31962e+07    56   1.33273e+07   1.31637e+07  1385002    1.23%
  56421 38703   1.31963e+07    54   1.33273e+07   1.31637e+07  1385006    1.23%
  56422 38704   1.31964e+07    54   1.33273e+07   1.31637e+07  1385014    1.23%
  56423 38705   1.31971e+07    52   1.33273e+07   1.31637e+07  1385018    1.23%
  56424 38706   1.31974e+07    51   1.33273e+07   1.31637e+07  1385022    1.23%
  56425 38707   1.31993e+07    53   1.33273e+07   1.31637e+07  1385056    1.23%
  56426 38708   1.31993e+07    50   1.33273e+07   1.31637e+07  1385060    1.23%
Elapsed time = 63.48 sec. (108691.05 ticks, tree = 244.83 MB, solutions = 32)
  57975 39855   1.31892e+07    51   1.33273e+07   1.31637e+07  1431744    1.23%
  57976 39856   1.31902e+07    47   1.33273e+07   1.31637e+07  1431754    1.23%
  57977 39857   1.32084e+07    55   1.33273e+07   1.31637e+07  1431775    1.23%
  57978 39858   1.32111e+07    47   1.33273e+07   1.31637e+07  1431781    1.23%
  57979 39859   1.32186e+07    44   1.33273e+07   1.31637e+07  1431793    1.23%
  57980 39860   1.32197e+07    53   1.33273e+07   1.31637e+07  1431812    1.23%
  57981 39861   1.32626e+07    50   1.33273e+07   1.31637e+07  1431823    1.23%
  57982 39862   1.32979e+07    32   1.33273e+07   1.31637e+07  1431842    1.23%
  57983 39863   1.32979e+07    32   1.33273e+07   1.31637e+07  1431843    1.23%
  57984 39864   1.32979e+07    33   1.33273e+07   1.31637e+07  1431847    1.23%
Elapsed time = 65.72 sec. (112516.73 ticks, tree = 252.88 MB, solutions = 32)
  59941 41403   1.32419e+07    43   1.33273e+07   1.31637e+07  1483817    1.23%
  59942 41404   1.32562e+07    42   1.33273e+07   1.31637e+07  1483837    1.23%
  59943 41405   1.32907e+07    25   1.33273e+07   1.31637e+07  1483874    1.23%
  59944 41404        cutoff         1.33273e+07   1.31637e+07  1483905    1.23%
  59945 41403        cutoff         1.33273e+07   1.31637e+07  1483909    1.23%
  59946 41404   1.31637e+07    54   1.33273e+07   1.31637e+07  1484126    1.23%
  59947 41405   1.31637e+07    55   1.33273e+07   1.31637e+07  1484132    1.23%
  59948 41406   1.32032e+07    59   1.33273e+07   1.31637e+07  1484256    1.23%
  59949 41407   1.33065e+07    34   1.33273e+07   1.31637e+07  1484317    1.23%
  59950 41406   1.33081e+07    37   1.33273e+07   1.31637e+07  1484363    1.23%
Elapsed time = 67.90 sec. (116366.01 ticks, tree = 263.61 MB, solutions = 32)
  61947 42994   1.31637e+07    77   1.33273e+07   1.31637e+07  1538525    1.23%
  61948 42995   1.31637e+07    76   1.33273e+07   1.31637e+07  1538576    1.23%
  61949 42996   1.31637e+07    78   1.33273e+07   1.31637e+07  1538603    1.23%
  61950 42997   1.31718e+07    59   1.33273e+07   1.31637e+07  1538706    1.23%
  61951 42998   1.31802e+07    61   1.33273e+07   1.31637e+07  1538725    1.23%
  61952 42999   1.31820e+07    58   1.33273e+07   1.31637e+07  1538738    1.23%
  61953 43000   1.31918e+07    65   1.33273e+07   1.31637e+07  1538768    1.23%
  61954 43001   1.31833e+07    61   1.33273e+07   1.31637e+07  1538776    1.23%
  61955 43002   1.31861e+07    59   1.33273e+07   1.31637e+07  1538785    1.23%
  61956 43003   1.31874e+07    60   1.33273e+07   1.31637e+07  1538794    1.23%
Elapsed time = 70.09 sec. (120201.14 ticks, tree = 274.71 MB, solutions = 32)
  63601 44260   1.31637e+07    78   1.33273e+07   1.31637e+07  1588310    1.23%
  63602 44261   1.31637e+07    79   1.33273e+07   1.31637e+07  1588315    1.23%
  63603 44262   1.31637e+07    76   1.33273e+07   1.31637e+07  1588336    1.23%
  63604 44263   1.31637e+07    69   1.33273e+07   1.31637e+07  1588430    1.23%
  63605 44264   1.31637e+07    62   1.33273e+07   1.31637e+07  1588513    1.23%
  63606 44265   1.31637e+07    63   1.33273e+07   1.31637e+07  1588529    1.23%
  63607 44266   1.31637e+07    56   1.33273e+07   1.31637e+07  1588574    1.23%
  63608 44267   1.31639e+07    55   1.33273e+07   1.31637e+07  1588616    1.23%
  63609 44268   1.31639e+07    54   1.33273e+07   1.31637e+07  1588617    1.23%
  63610 44269   1.31639e+07    45   1.33273e+07   1.31637e+07  1588619    1.23%
Elapsed time = 72.36 sec. (124051.05 ticks, tree = 283.55 MB, solutions = 32)
  65591 45797   1.32115e+07    34   1.33273e+07   1.31637e+07  1642332    1.23%
  65592 45798   1.32115e+07    34   1.33273e+07   1.31637e+07  1642335    1.23%
  65593 45799   1.32123e+07    34   1.33273e+07   1.31637e+07  1642337    1.23%
  65594 45800   1.32123e+07    34   1.33273e+07   1.31637e+07  1642339    1.23%
  65595 45801   1.32124e+07    34   1.33273e+07   1.31637e+07  1642348    1.23%
  65596 45802   1.32124e+07    34   1.33273e+07   1.31637e+07  1642349    1.23%
  65597 45803   1.32126e+07    37   1.33273e+07   1.31637e+07  1642360    1.23%
  65598 45804   1.32126e+07    38   1.33273e+07   1.31637e+07  1642362    1.23%
  65599 45805   1.32126e+07    37   1.33273e+07   1.31637e+07  1642364    1.23%
  65600 45806   1.32312e+07    33   1.33273e+07   1.31637e+07  1642396    1.23%
Elapsed time = 74.52 sec. (127873.48 ticks, tree = 294.25 MB, solutions = 32)
  67173 46988   1.31637e+07    80   1.33273e+07   1.31637e+07  1689871    1.23%
  67174 46989   1.31973e+07    70   1.33273e+07   1.31637e+07  1690080    1.23%
  67175 46990   1.31973e+07    65   1.33273e+07   1.31637e+07  1690082    1.23%
  67176 46991   1.31976e+07    64   1.33273e+07   1.31637e+07  1690102    1.23%
  67177 46992   1.31977e+07    62   1.33273e+07   1.31637e+07  1690113    1.23%
  67178 46993   1.31981e+07    59   1.33273e+07   1.31637e+07  1690136    1.23%
  67179 46994   1.32009e+07    58   1.33273e+07   1.31637e+07  1690158    1.23%
  67180 46995   1.32014e+07    64   1.33273e+07   1.31637e+07  1690167    1.23%
  67181 46996   1.32022e+07    65   1.33273e+07   1.31637e+07  1690186    1.23%
  67182 46997   1.32024e+07    68   1.33273e+07   1.31637e+07  1690190    1.23%
Elapsed time = 76.76 sec. (131742.04 ticks, tree = 302.55 MB, solutions = 32)
  69264 48588   1.32402e+07    43   1.33273e+07   1.31637e+07  1745125    1.23%
  69265 48589   1.32405e+07    43   1.33273e+07   1.31637e+07  1745131    1.23%
  69266 48588        cutoff         1.33273e+07   1.31637e+07  1745136    1.23%
  69267 48589   1.33255e+07    37   1.33273e+07   1.31637e+07  1745157    1.23%
  69268 48589   1.33259e+07    36   1.33273e+07   1.31637e+07  1745159    1.23%
  69269 48588        cutoff         1.33273e+07   1.31637e+07  1745161    1.23%
  69270 48589   1.31637e+07    55   1.33273e+07   1.31637e+07  1745277    1.23%
  69271 48590   1.31637e+07    54   1.33273e+07   1.31637e+07  1745302    1.23%
  69272 48591   1.31637e+07    57   1.33273e+07   1.31637e+07  1745309    1.23%
  69273 48592   1.31637e+07    59   1.33273e+07   1.31637e+07  1745726    1.23%
Elapsed time = 78.94 sec. (135592.60 ticks, tree = 313.65 MB, solutions = 32)
  70923 49849   1.32276e+07    38   1.33273e+07   1.31637e+07  1800410    1.23%
  70924 49850   1.32364e+07    38   1.33273e+07   1.31637e+07  1800416    1.23%
  70925 49851   1.32365e+07    45   1.33273e+07   1.31637e+07  1800427    1.23%
  70926 49852   1.32367e+07    41   1.33273e+07   1.31637e+07  1800434    1.23%
  70927 49853   1.32386e+07    51   1.33273e+07   1.31637e+07  1800470    1.23%
  70928 49854   1.32457e+07    47   1.33273e+07   1.31637e+07  1800486    1.23%
  70929 49855   1.32458e+07    49   1.33273e+07   1.31637e+07  1800490    1.23%
  70930 49856   1.32458e+07    49   1.33273e+07   1.31637e+07  1800491    1.23%
  70931 49857   1.32458e+07    48   1.33273e+07   1.31637e+07  1800500    1.23%
  70932 49858   1.32461e+07    47   1.33273e+07   1.31637e+07  1800504    1.23%
Elapsed time = 81.13 sec. (139414.79 ticks, tree = 322.48 MB, solutions = 32)
  72864 51362   1.31666e+07    63   1.33273e+07   1.31637e+07  1854223    1.23%
  72865 51363   1.32046e+07    68   1.33273e+07   1.31637e+07  1854252    1.23%
  72866 51364   1.32101e+07    58   1.33273e+07   1.31637e+07  1854284    1.23%
  72867 51365   1.32106e+07    56   1.33273e+07   1.31637e+07  1854296    1.23%
  72868 51366   1.32125e+07    59   1.33273e+07   1.31637e+07  1854314    1.23%
  72869 51367   1.32138e+07    56   1.33273e+07   1.31637e+07  1854321    1.23%
  72870 51368   1.32288e+07    55   1.33273e+07   1.31637e+07  1854354    1.23%
  72871 51369   1.32307e+07    52   1.33273e+07   1.31637e+07  1854357    1.23%
  72872 51370   1.32314e+07    59   1.33273e+07   1.31637e+07  1854368    1.23%
  72873 51371   1.32319e+07    52   1.33273e+07   1.31637e+07  1854403    1.23%
Elapsed time = 83.38 sec. (143243.82 ticks, tree = 333.00 MB, solutions = 32)
  74805 52875   1.31683e+07    65   1.33273e+07   1.31637e+07  1906200    1.23%
  74806 52876   1.31791e+07    60   1.33273e+07   1.31637e+07  1906246    1.23%
  74807 52877   1.31795e+07    56   1.33273e+07   1.31637e+07  1906251    1.23%
  74808 52878   1.31840e+07    60   1.33273e+07   1.31637e+07  1906259    1.23%
  74809 52879   1.31857e+07    52   1.33273e+07   1.31637e+07  1906283    1.23%
  74810 52880   1.31863e+07    57   1.33273e+07   1.31637e+07  1906297    1.23%
  74811 52881   1.32123e+07    49   1.33273e+07   1.31637e+07  1906355    1.23%
  74812 52882   1.32123e+07    51   1.33273e+07   1.31637e+07  1906357    1.23%
  74813 52883   1.32139e+07    53   1.33273e+07   1.31637e+07  1906369    1.23%
  74814 52884   1.32148e+07    57   1.33273e+07   1.31637e+07  1906374    1.23%
Elapsed time = 85.60 sec. (147077.79 ticks, tree = 343.53 MB, solutions = 32)
  76510 54187   1.32716e+07    37   1.33273e+07   1.31637e+07  1956228    1.23%
  76511 54188   1.32731e+07    34   1.33273e+07   1.31637e+07  1956240    1.23%
  76512 54189   1.32743e+07    37   1.33273e+07   1.31637e+07  1956241    1.23%
  76513 54190   1.33001e+07    34   1.33273e+07   1.31637e+07  1956265    1.23%
  76514 54191   1.33005e+07    35   1.33273e+07   1.31637e+07  1956275    1.23%
  76515 54192   1.33018e+07    34   1.33273e+07   1.31637e+07  1956288    1.23%
  76516 54193   1.33024e+07    33   1.33273e+07   1.31637e+07  1956294    1.23%
  76517 54193   1.33137e+07    33   1.33273e+07   1.31637e+07  1956311    1.23%
  76518 54192        cutoff         1.33273e+07   1.31637e+07  1956312    1.23%
  76519 54193   1.31637e+07    54   1.33273e+07   1.31637e+07  1956506    1.23%
Elapsed time = 87.78 sec. (150910.88 ticks, tree = 352.64 MB, solutions = 32)
  78203 55428   1.32140e+07    48   1.33273e+07   1.31637e+07  2003866    1.23%
  78204 55429   1.32270e+07    47   1.33273e+07   1.31637e+07  2003878    1.23%
  78205 55430   1.32342e+07    44   1.33273e+07   1.31637e+07  2003889    1.23%
  78206 55430   1.32921e+07    41   1.33273e+07   1.31637e+07  2003909    1.23%
  78207 55431   1.32934e+07    41   1.33273e+07   1.31637e+07  2003910    1.23%
  78208 55432   1.32937e+07    41   1.33273e+07   1.31637e+07  2003912    1.23%
  78209 55433   1.32937e+07    41   1.33273e+07   1.31637e+07  2003914    1.23%
  78210 55434   1.32941e+07    41   1.33273e+07   1.31637e+07  2003916    1.23%
  78211 55435   1.32982e+07    39   1.33273e+07   1.31637e+07  2003926    1.23%
  78212 55435   1.32990e+07    38   1.33273e+07   1.31637e+07  2003931    1.23%
Elapsed time = 90.05 sec. (154730.65 ticks, tree = 361.31 MB, solutions = 32)
* 79673+54974                       1.33129e+07   1.31637e+07             1.12%
  79928 55144   1.31637e+07    57   1.33129e+07   1.31637e+07  2058606    1.12%
  79929 55145   1.31696e+07    53   1.33129e+07   1.31637e+07  2058789    1.12%
  79930 55146   1.31701e+07    51   1.33129e+07   1.31637e+07  2058792    1.12%
  79931 55147   1.31716e+07    48   1.33129e+07   1.31637e+07  2058800    1.12%
  79932 55148   1.31717e+07    53   1.33129e+07   1.31637e+07  2058815    1.12%
  79933 55149   1.31723e+07    51   1.33129e+07   1.31637e+07  2058826    1.12%
  79934 55150   1.31723e+07    52   1.33129e+07   1.31637e+07  2058827    1.12%
  79935 55151   1.31731e+07    51   1.33129e+07   1.31637e+07  2058831    1.12%
  79936 55152   1.31925e+07    41   1.33129e+07   1.31637e+07  2058879    1.12%
  79937 55153   1.31936e+07    36   1.33129e+07   1.31637e+07  2058904    1.12%
Elapsed time = 92.33 sec. (158582.13 ticks, tree = 360.72 MB, solutions = 33)
  80690 55737   1.31637e+07    64   1.33129e+07   1.31637e+07  2078928    1.12%
  80691 55738   1.31637e+07    63   1.33129e+07   1.31637e+07  2078933    1.12%
  80692 55739   1.31637e+07    61   1.33129e+07   1.31637e+07  2078944    1.12%
  80693 55740   1.31637e+07    58   1.33129e+07   1.31637e+07  2078955    1.12%
  80694 55741   1.31637e+07    58   1.33129e+07   1.31637e+07  2078959    1.12%
  80695 55742   1.31637e+07    61   1.33129e+07   1.31637e+07  2078961    1.12%
  80696 55743   1.31637e+07    53   1.33129e+07   1.31637e+07  2079003    1.12%
  80697 55744   1.31637e+07    53   1.33129e+07   1.31637e+07  2079011    1.12%
  80698 55745   1.31637e+07    47   1.33129e+07   1.31637e+07  2079029    1.12%
  80699 55746   1.31642e+07    40   1.33129e+07   1.31637e+07  2079054    1.12%
Elapsed time = 94.76 sec. (162416.50 ticks, tree = 364.83 MB, solutions = 33)
  81573 56434   1.32228e+07    60   1.33129e+07   1.31637e+07  2104953    1.12%
  81574 56435   1.32242e+07    56   1.33129e+07   1.31637e+07  2104960    1.12%
  81575 56436   1.32298e+07    60   1.33129e+07   1.31637e+07  2104968    1.12%
  81576 56437   1.32316e+07    57   1.33129e+07   1.31637e+07  2104981    1.12%
  81577 56438   1.32476e+07    51   1.33129e+07   1.31637e+07  2105017    1.12%
  81578 56439   1.32477e+07    48   1.33129e+07   1.31637e+07  2105025    1.12%
  81579 56440   1.32647e+07    43   1.33129e+07   1.31637e+07  2105044    1.12%
  81580 56441   1.32647e+07    41   1.33129e+07   1.31637e+07  2105045    1.12%
  81581 56442   1.32663e+07    45   1.33129e+07   1.31637e+07  2105068    1.12%
  81582 56443   1.32663e+07    44   1.33129e+07   1.31637e+07  2105071    1.12%
Elapsed time = 97.32 sec. (166559.00 ticks, tree = 369.68 MB, solutions = 33)
  82573 57213   1.32855e+07    34   1.33129e+07   1.31637e+07  2132125    1.12%
  82574 57214   1.32877e+07    32   1.33129e+07   1.31637e+07  2132138    1.12%
  82575 57215   1.32902e+07    34   1.33129e+07   1.31637e+07  2132148    1.12%
  82576 57216   1.32906e+07    34   1.33129e+07   1.31637e+07  2132152    1.12%
  82577 57217   1.32906e+07    34   1.33129e+07   1.31637e+07  2132155    1.12%
  82578 57217   1.32911e+07    34   1.33129e+07   1.31637e+07  2132158    1.12%
  82579 57218   1.32911e+07    35   1.33129e+07   1.31637e+07  2132160    1.12%
  82580 57219   1.32923e+07    35   1.33129e+07   1.31637e+07  2132178    1.12%
  82581 57218   1.32976e+07    32   1.33129e+07   1.31637e+07  2132188    1.12%
  82582 57217        cutoff         1.33129e+07   1.31637e+07  2132193    1.12%
Elapsed time = 99.69 sec. (170472.85 ticks, tree = 375.07 MB, solutions = 33)

Cover cuts applied:  422
Mixed integer rounding cuts applied:  15
Zero-half cuts applied:  1
Gomory fractional cuts applied:  13

Root node processing (before b&c):
  Real time             =    0.06 sec. (78.78 ticks)
Sequential b&c:
  Real time             =   99.94 sec. (170948.56 ticks)
                          ------------
Total (root+branch&cut) =  100.00 sec. (171027.35 ticks)

Solution pool: 33 solutions saved.

MIP - Time limit exceeded, integer feasible:  Objective =  1.3312860000e+07
Current MIP best bound =  1.3163658000e+07 (gap = 149202, 1.12%)
Solution time =  100.00 sec.  Iterations = 2140249  Nodes = 82858 (57444)
Deterministic time = 171027.35 ticks  (1710.27 ticks/sec)


Incumbent solution written to file '/tmp/tmp3NnWTS.cplex.sol'.
