
Log started (V12.6.3.0) Sat Apr 21 20:57:27 2018

New value for default parallel thread count: 1

Problem '/tmp/tmpMkDALk.pyomo.lp' read.
Read time = 0.01 sec. (1.11 ticks)

Problem name         : /tmp/tmpMkDALk.pyomo.lp
Objective sense      : Minimize
Variables            :    1136  [Nneg: 1,  Binary: 1120,  General Integer: 15]
Objective nonzeros   :       1
Linear constraints   :     189  [Less: 94,  Equal: 95]
  Nonzeros           :   80213
  RHS nonzeros       :     161

Variables            : Min LB: 0.000000         Max UB: 1.000000       
Objective nonzeros   : Min   : 1.000000         Max   : 1.000000       
Linear constraints   :
  Nonzeros           : Min   : 1.000000         Max   : 8036379.       
  RHS nonzeros       : Min   : 1.000000         Max   : 8.000000       
Tried aggregator 2 times.
MIP Presolve eliminated 80 rows and 66 columns.
Aggregator did 5 substitutions.
Reduced MIP has 104 rows, 1065 columns, and 3052 nonzeros.
Reduced MIP has 1050 binaries, 15 generals, 0 SOSs, and 0 indicators.
Presolve time = 0.01 sec. (14.42 ticks)
Found incumbent of value 5.6248420e+07 after 0.01 sec. (16.47 ticks)
Probing time = 0.00 sec. (2.02 ticks)
Cover probing fixed 0 vars, tightened 27 bounds.
Tried aggregator 2 times.
Aggregator did 14 substitutions.
Reduced MIP has 90 rows, 1051 columns, and 3024 nonzeros.
Reduced MIP has 1050 binaries, 1 generals, 0 SOSs, and 0 indicators.
Presolve time = 0.00 sec. (2.62 ticks)
Probing time = 0.00 sec. (1.94 ticks)
Cover probing fixed 0 vars, tightened 4 bounds.
Clique table members: 75.
MIP emphasis: balance optimality and feasibility.
MIP search method: dynamic search.
Parallel mode: none, using 1 thread.
Root relaxation solution time = 0.00 sec. (1.00 ticks)

        Nodes                                         Cuts/
   Node  Left     Objective  IInf  Best Integer    Best Bound    ItCnt     Gap

*     0+    0                       5.62484e+07        0.0000           100.00%
      0     0   1.31637e+07    21   5.62484e+07   1.31637e+07       31   76.60%
*     0+    0                       1.68820e+07   1.31637e+07            22.03%
      0     0   1.31637e+07    32   1.68820e+07     Fract: 11       56   22.03%
*     0+    0                       1.61782e+07   1.31637e+07            18.63%
      0     0   1.31637e+07    37   1.61782e+07      Cuts: 10      123   18.63%
*     0+    0                       1.57625e+07   1.31637e+07            16.49%
*     0+    0                       1.50965e+07   1.31637e+07            12.80%
*     0+    0                       1.49182e+07   1.31637e+07            11.76%
*     0+    0                       1.48377e+07   1.31637e+07            11.28%
*     0+    0                       1.46655e+07   1.31637e+07            10.24%
*     0+    0                       1.45503e+07   1.31637e+07             9.53%
*     0+    0                       1.42514e+07   1.31637e+07             7.63%
      0     2   1.31637e+07    22   1.42514e+07   1.31637e+07      123    7.63%
Elapsed time = 0.09 sec. (118.62 ticks, tree = 0.01 MB, solutions = 9)
    620   470   1.31637e+07    29   1.42514e+07   1.31637e+07     5144    7.63%
    621   471   1.31637e+07    29   1.42514e+07   1.31637e+07     5148    7.63%
    622   472   1.31637e+07    27   1.42514e+07   1.31637e+07     5154    7.63%
    623   473   1.31637e+07    27   1.42514e+07   1.31637e+07     5157    7.63%
    624   474   1.31637e+07    27   1.42514e+07   1.31637e+07     5162    7.63%
    625   475   1.31637e+07    23   1.42514e+07   1.31637e+07     5166    7.63%
    626   476   1.31637e+07    24   1.42514e+07   1.31637e+07     5172    7.63%
    627   477   1.31637e+07    26   1.42514e+07   1.31637e+07     5180    7.63%
    628   478   1.31637e+07    27   1.42514e+07   1.31637e+07     5194    7.63%
*   910+  677                       1.41779e+07   1.31637e+07             7.15%
*  1000+  677                       1.41105e+07   1.31637e+07             6.71%
*  1000+  644                       1.38542e+07   1.31637e+07             4.98%
*  1000+  644                       1.38311e+07   1.31637e+07             4.83%
*  1000+  642                       1.37484e+07   1.31637e+07             4.25%
   1407   827   1.36357e+07    14   1.37484e+07   1.31637e+07    17607    4.25%
Elapsed time = 0.74 sec. (1072.40 ticks, tree = 2.29 MB, solutions = 14)
*  1577+  900                       1.37385e+07   1.31637e+07             4.18%
*  1579+  601                       1.37157e+07   1.31637e+07             4.03%
*  1678+  420                       1.36027e+07   1.31637e+07             3.23%
   1678   422   1.31637e+07    25   1.36027e+07   1.31637e+07    22712    3.23%
   1679   421   1.35957e+07    16   1.36027e+07   1.31637e+07    22723    3.23%
   1680   421   1.35957e+07    16   1.36027e+07   1.31637e+07    22725    3.23%
   1681   422   1.35957e+07    16   1.36027e+07   1.31637e+07    22726    3.23%
   1682   422   1.35957e+07    18   1.36027e+07   1.31637e+07    22729    3.23%
   1683   422   1.35957e+07    16   1.36027e+07   1.31637e+07    22731    3.23%
   1684   422   1.35957e+07    16   1.36027e+07   1.31637e+07    22732    3.23%
   1685   415        cutoff         1.36027e+07   1.31637e+07    22733    3.23%
   1686   408        cutoff         1.36027e+07   1.31637e+07    22734    3.23%
   1687   408   1.32597e+07    28   1.36027e+07   1.31637e+07    22915    3.23%
Elapsed time = 1.56 sec. (2300.46 ticks, tree = 1.12 MB, solutions = 17)
*  1878+  272                       1.35867e+07   1.31637e+07             3.11%
*  1878+  219                       1.35672e+07   1.31637e+07             2.97%
   1978   214   1.31637e+07    46   1.35672e+07   1.31637e+07    25124    2.97%
   1979   215   1.31637e+07    46   1.35672e+07   1.31637e+07    25125    2.97%
   1980   216   1.31637e+07    45   1.35672e+07   1.31637e+07    25131    2.97%
   1981   217   1.31637e+07    45   1.35672e+07   1.31637e+07    25154    2.97%
   1982   218   1.31637e+07    44   1.35672e+07   1.31637e+07    25171    2.97%
   1983   219   1.31637e+07    43   1.35672e+07   1.31637e+07    25172    2.97%
   1984   219   1.31637e+07    39   1.35672e+07   1.31637e+07    25198    2.97%
   1985   219   1.31637e+07    39   1.35672e+07   1.31637e+07    25199    2.97%
   1986   219   1.31667e+07    34   1.35672e+07   1.31637e+07    25222    2.97%
   1987   219   1.31671e+07    36   1.35672e+07   1.31637e+07    25227    2.97%
Elapsed time = 2.26 sec. (3347.30 ticks, tree = 0.48 MB, solutions = 19)
   3062  1005   1.31637e+07    45   1.35672e+07   1.31637e+07    32945    2.97%
   3063  1006   1.31637e+07    44   1.35672e+07   1.31637e+07    32950    2.97%
   3064  1007   1.31637e+07    40   1.35672e+07   1.31637e+07    32996    2.97%
   3065  1008   1.31637e+07    44   1.35672e+07   1.31637e+07    33014    2.97%
   3066  1009   1.31637e+07    45   1.35672e+07   1.31637e+07    33016    2.97%
   3067  1010   1.31637e+07    47   1.35672e+07   1.31637e+07    33033    2.97%
   3068  1011   1.31637e+07    45   1.35672e+07   1.31637e+07    33047    2.97%
   3069  1012   1.31637e+07    48   1.35672e+07   1.31637e+07    33059    2.97%
   3070  1013   1.31637e+07    46   1.35672e+07   1.31637e+07    33062    2.97%
   3071  1014   1.31637e+07    48   1.35672e+07   1.31637e+07    33070    2.97%
Elapsed time = 2.80 sec. (4319.52 ticks, tree = 2.25 MB, solutions = 19)
   4417  2047        cutoff         1.35672e+07   1.31637e+07    46207    2.97%
   4418  2048   1.33210e+07    36   1.35672e+07   1.31637e+07    46697    2.97%
   4419  2049   1.33210e+07    31   1.35672e+07   1.31637e+07    46710    2.97%
   4420  2050   1.33210e+07    35   1.35672e+07   1.31637e+07    46713    2.97%
   4421  2051   1.33210e+07    32   1.35672e+07   1.31637e+07    46714    2.97%
   4422  2052   1.33210e+07    32   1.35672e+07   1.31637e+07    46718    2.97%
   4423  2053   1.33210e+07    31   1.35672e+07   1.31637e+07    46722    2.97%
   4424  2054   1.33210e+07    31   1.35672e+07   1.31637e+07    46723    2.97%
   4425  2055   1.33210e+07    35   1.35672e+07   1.31637e+07    46733    2.97%
   4426  2055   1.35315e+07    28   1.35672e+07   1.31637e+07    46760    2.97%
Elapsed time = 3.40 sec. (5302.99 ticks, tree = 4.97 MB, solutions = 19)
*  5038+ 2323                       1.35233e+07   1.31637e+07             2.66%
   5613  2812   1.31637e+07    45   1.35233e+07   1.31637e+07    58211    2.66%
   5614  2813   1.31637e+07    50   1.35233e+07   1.31637e+07    58244    2.66%
   5615  2814   1.31637e+07    47   1.35233e+07   1.31637e+07    58255    2.66%
   5616  2815   1.31637e+07    47   1.35233e+07   1.31637e+07    58294    2.66%
   5617  2816   1.31637e+07    46   1.35233e+07   1.31637e+07    58302    2.66%
   5618  2817   1.31637e+07    37   1.35233e+07   1.31637e+07    58379    2.66%
   5619  2818   1.31637e+07    36   1.35233e+07   1.31637e+07    58389    2.66%
   5620  2819   1.31637e+07    32   1.35233e+07   1.31637e+07    58390    2.66%
   5621  2820   1.31637e+07    31   1.35233e+07   1.31637e+07    58393    2.66%
   5622  2821   1.31637e+07    36   1.35233e+07   1.31637e+07    58420    2.66%
Elapsed time = 4.00 sec. (6270.91 ticks, tree = 7.52 MB, solutions = 20)
*  5808+ 2965                       1.35011e+07   1.31637e+07             2.50%
*  5929+ 3013                       1.34810e+07   1.31637e+07             2.35%
*  5929+ 3012                       1.34795e+07   1.31637e+07             2.34%
   8201  5094   1.31637e+07    37   1.34795e+07   1.31637e+07    70774    2.34%
   8202  5095   1.31637e+07    38   1.34795e+07   1.31637e+07    70788    2.34%
   8203  5096   1.31637e+07    38   1.34795e+07   1.31637e+07    70789    2.34%
   8204  5097   1.31637e+07    38   1.34795e+07   1.31637e+07    70791    2.34%
   8205  5098   1.31637e+07    38   1.34795e+07   1.31637e+07    70792    2.34%
   8206  5099   1.31637e+07    38   1.34795e+07   1.31637e+07    70793    2.34%
   8207  5100   1.31637e+07    40   1.34795e+07   1.31637e+07    70798    2.34%
   8208  5101   1.31637e+07    40   1.34795e+07   1.31637e+07    70799    2.34%
   8209  5102   1.31637e+07    40   1.34795e+07   1.31637e+07    70801    2.34%
   8210  5103   1.31637e+07    40   1.34795e+07   1.31637e+07    70802    2.34%
Elapsed time = 4.63 sec. (7228.37 ticks, tree = 15.20 MB, solutions = 23)
  10452  7069   1.33153e+07    32   1.34795e+07   1.31637e+07    83215    2.34%
  10453  7070   1.33153e+07    29   1.34795e+07   1.31637e+07    83219    2.34%
  10454  7071   1.33327e+07    27   1.34795e+07   1.31637e+07    83226    2.34%
  10455  7072   1.33327e+07    26   1.34795e+07   1.31637e+07    83228    2.34%
  10456  7073   1.33327e+07    26   1.34795e+07   1.31637e+07    83229    2.34%
  10457  7074   1.33327e+07    26   1.34795e+07   1.31637e+07    83235    2.34%
  10458  7075   1.33327e+07    26   1.34795e+07   1.31637e+07    83236    2.34%
  10459  7076   1.33327e+07    26   1.34795e+07   1.31637e+07    83237    2.34%
  10460  7077   1.33328e+07    26   1.34795e+07   1.31637e+07    83239    2.34%
  10461  7078   1.33446e+07    24   1.34795e+07   1.31637e+07    83256    2.34%
Elapsed time = 5.25 sec. (8186.85 ticks, tree = 22.06 MB, solutions = 23)
* 10878+ 6939                       1.34362e+07   1.31637e+07             2.03%
  10981  7038   1.31637e+07    38   1.34362e+07   1.31637e+07    86300    2.03%
  10982  7039   1.31637e+07    38   1.34362e+07   1.31637e+07    86301    2.03%
  10983  7040   1.31637e+07    40   1.34362e+07   1.31637e+07    86306    2.03%
  10984  7041   1.31637e+07    40   1.34362e+07   1.31637e+07    86310    2.03%
  10985  7042   1.31637e+07    36   1.34362e+07   1.31637e+07    86316    2.03%
  10986  7043   1.31637e+07    41   1.34362e+07   1.31637e+07    86337    2.03%
  10987  7044   1.31637e+07    40   1.34362e+07   1.31637e+07    86338    2.03%
  10988  7045   1.31637e+07    45   1.34362e+07   1.31637e+07    86394    2.03%
  10989  7046   1.31637e+07    45   1.34362e+07   1.31637e+07    86396    2.03%
  10990  7047   1.31637e+07    44   1.34362e+07   1.31637e+07    86401    2.03%
Elapsed time = 6.04 sec. (9151.83 ticks, tree = 22.21 MB, solutions = 24)
  12843  8682   1.33183e+07    24   1.34362e+07   1.31637e+07   100088    2.03%
  12844  8683   1.33183e+07    25   1.34362e+07   1.31637e+07   100095    2.03%
  12845  8684   1.33183e+07    26   1.34362e+07   1.31637e+07   100097    2.03%
  12846  8684   1.33183e+07    25   1.34362e+07   1.31637e+07   100098    2.03%
  12847  8684   1.33183e+07    24   1.34362e+07   1.31637e+07   100099    2.03%
  12848  8684   1.33183e+07    22   1.34362e+07   1.31637e+07   100102    2.03%
  12849  8685   1.33183e+07    23   1.34362e+07   1.31637e+07   100107    2.03%
  12850  8686   1.33183e+07    22   1.34362e+07   1.31637e+07   100108    2.03%
  12851  8687   1.33183e+07    23   1.34362e+07   1.31637e+07   100109    2.03%
* 16288 10752      integral     0   1.33957e+07   1.31637e+07   129534    1.73%
* 16388+10843                       1.33957e+07   1.31637e+07             1.73%
  17413 11610   1.31709e+07    42   1.33957e+07   1.31637e+07   143172    1.73%
Elapsed time = 8.41 sec. (12968.13 ticks, tree = 39.95 MB, solutions = 26)
  21515 14873   1.31637e+07    45   1.33957e+07   1.31637e+07   197730    1.73%
  21516 14874   1.31637e+07    48   1.33957e+07   1.31637e+07   197732    1.73%
  21517 14875   1.31637e+07    48   1.33957e+07   1.31637e+07   197733    1.73%
  21518 14876   1.31637e+07    45   1.33957e+07   1.31637e+07   197735    1.73%
  21519 14877   1.31637e+07    44   1.33957e+07   1.31637e+07   197738    1.73%
  21520 14878   1.31637e+07    42   1.33957e+07   1.31637e+07   197741    1.73%
  21521 14879   1.31637e+07    48   1.33957e+07   1.31637e+07   197751    1.73%
  21522 14880   1.31637e+07    45   1.33957e+07   1.31637e+07   197752    1.73%
  21523 14881   1.31637e+07    46   1.33957e+07   1.31637e+07   197790    1.73%
  21524 14882   1.31637e+07    45   1.33957e+07   1.31637e+07   197791    1.73%
Elapsed time = 10.83 sec. (16807.81 ticks, tree = 53.93 MB, solutions = 26)
  24853 17483   1.31759e+07    44   1.33957e+07   1.31637e+07   250444    1.73%
  24854 17484   1.31759e+07    45   1.33957e+07   1.31637e+07   250452    1.73%
  24855 17485   1.31759e+07    43   1.33957e+07   1.31637e+07   250453    1.73%
  24856 17486   1.33268e+07    20   1.33957e+07   1.31637e+07   250500    1.73%
  24857 17487   1.33268e+07    20   1.33957e+07   1.31637e+07   250509    1.73%
  24858 17488   1.33268e+07    19   1.33957e+07   1.31637e+07   250510    1.73%
  24859 17487        cutoff         1.33957e+07   1.31637e+07   250512    1.73%
  24860 17488   1.33268e+07    18   1.33957e+07   1.31637e+07   250531    1.73%
  24861 17489   1.33268e+07    19   1.33957e+07   1.31637e+07   250537    1.73%
  24862 17490   1.33268e+07    18   1.33957e+07   1.31637e+07   250538    1.73%
Elapsed time = 13.19 sec. (20627.51 ticks, tree = 67.92 MB, solutions = 26)
  27530 19680   1.32960e+07    29   1.33957e+07   1.31637e+07   299566    1.73%
  27531 19681   1.32961e+07    25   1.33957e+07   1.31637e+07   299594    1.73%
  27532 19682   1.32961e+07    24   1.33957e+07   1.31637e+07   299596    1.73%
  27533 19683   1.33065e+07    22   1.33957e+07   1.31637e+07   299600    1.73%
  27534 19683   1.33065e+07    21   1.33957e+07   1.31637e+07   299601    1.73%
  27535 19684   1.33270e+07    19   1.33957e+07   1.31637e+07   299612    1.73%
  27536 19683        cutoff         1.33957e+07   1.31637e+07   299614    1.73%
  27537 19682        cutoff         1.33957e+07   1.31637e+07   299616    1.73%
  27538 19683   1.32692e+07    32   1.33957e+07   1.31637e+07   299674    1.73%
  27539 19684   1.32692e+07    32   1.33957e+07   1.31637e+07   299677    1.73%
Elapsed time = 15.50 sec. (24458.88 ticks, tree = 80.62 MB, solutions = 26)
  30572 22201   1.31637e+07    62   1.33957e+07   1.31637e+07   350565    1.73%
  30573 22202   1.31637e+07    62   1.33957e+07   1.31637e+07   350584    1.73%
  30574 22203   1.31637e+07    62   1.33957e+07   1.31637e+07   350586    1.73%
  30575 22204   1.31637e+07    62   1.33957e+07   1.31637e+07   350587    1.73%
  30576 22205   1.31637e+07    62   1.33957e+07   1.31637e+07   350589    1.73%
  30577 22206   1.31637e+07    57   1.33957e+07   1.31637e+07   350618    1.73%
  30578 22207   1.31637e+07    57   1.33957e+07   1.31637e+07   350620    1.73%
  30579 22208   1.31637e+07    57   1.33957e+07   1.31637e+07   350630    1.73%
  30580 22209   1.31637e+07    57   1.33957e+07   1.31637e+07   350631    1.73%
  30581 22210   1.31637e+07    57   1.33957e+07   1.31637e+07   350632    1.73%
Elapsed time = 17.84 sec. (28284.30 ticks, tree = 95.51 MB, solutions = 26)
  32971 24207   1.32089e+07    31   1.33957e+07   1.31637e+07   394175    1.73%
  32972 24208   1.32089e+07    25   1.33957e+07   1.31637e+07   394178    1.73%
  32973 24209   1.32089e+07    28   1.33957e+07   1.31637e+07   394181    1.73%
  32974 24210   1.32089e+07    28   1.33957e+07   1.31637e+07   394184    1.73%
  32975 24211   1.32089e+07    31   1.33957e+07   1.31637e+07   394193    1.73%
  32976 24212   1.32089e+07    29   1.33957e+07   1.31637e+07   394195    1.73%
  32977 24213   1.32089e+07    27   1.33957e+07   1.31637e+07   394196    1.73%
  32978 24214   1.32089e+07    28   1.33957e+07   1.31637e+07   394209    1.73%
  32979 24215   1.32089e+07    26   1.33957e+07   1.31637e+07   394210    1.73%
  32980 24216   1.32089e+07    27   1.33957e+07   1.31637e+07   394212    1.73%
Elapsed time = 20.22 sec. (32103.95 ticks, tree = 108.31 MB, solutions = 26)
  35362 26167   1.32443e+07    37   1.33957e+07   1.31637e+07   441066    1.73%
  35363 26168   1.32468e+07    36   1.33957e+07   1.31637e+07   441072    1.73%
  35364 26169   1.32471e+07    37   1.33957e+07   1.31637e+07   441073    1.73%
  35365 26170   1.32471e+07    37   1.33957e+07   1.31637e+07   441074    1.73%
  35366 26171   1.32673e+07    35   1.33957e+07   1.31637e+07   441083    1.73%
  35367 26172   1.32684e+07    36   1.33957e+07   1.31637e+07   441084    1.73%
  35368 26173   1.32684e+07    35   1.33957e+07   1.31637e+07   441087    1.73%
  35369 26174   1.32687e+07    35   1.33957e+07   1.31637e+07   441089    1.73%
  35370 26175   1.32687e+07    35   1.33957e+07   1.31637e+07   441090    1.73%
  35371 26175   1.32857e+07    37   1.33957e+07   1.31637e+07   441109    1.73%
Elapsed time = 22.52 sec. (35927.79 ticks, tree = 121.67 MB, solutions = 26)
  38039 28387        cutoff         1.33957e+07   1.31637e+07   490975    1.73%
  38040 28388   1.33658e+07    42   1.33957e+07   1.31637e+07   491008    1.73%
  38041 28387        cutoff         1.33957e+07   1.31637e+07   491012    1.73%
  38042 28386        cutoff         1.33957e+07   1.31637e+07   491016    1.73%
  38043 28387   1.31637e+07    54   1.33957e+07   1.31637e+07   491350    1.73%
  38044 28388   1.31637e+07    54   1.33957e+07   1.31637e+07   491356    1.73%
  38045 28389   1.31637e+07    49   1.33957e+07   1.31637e+07   491359    1.73%
  38046 28390   1.31637e+07    48   1.33957e+07   1.31637e+07   491365    1.73%
  38047 28391   1.31637e+07    48   1.33957e+07   1.31637e+07   491369    1.73%
  38048 28392   1.31637e+07    44   1.33957e+07   1.31637e+07   491376    1.73%
Elapsed time = 24.91 sec. (39768.15 ticks, tree = 137.17 MB, solutions = 26)
  40791 30706   1.31637e+07    58   1.33957e+07   1.31637e+07   542905    1.73%
  40792 30707   1.31637e+07    62   1.33957e+07   1.31637e+07   542925    1.73%
  40793 30708   1.31637e+07    62   1.33957e+07   1.31637e+07   542926    1.73%
  40794 30709   1.31637e+07    62   1.33957e+07   1.31637e+07   542948    1.73%
  40795 30710   1.31637e+07    61   1.33957e+07   1.31637e+07   542949    1.73%
  40796 30711   1.31637e+07    62   1.33957e+07   1.31637e+07   542955    1.73%
  40797 30712   1.31637e+07    59   1.33957e+07   1.31637e+07   542958    1.73%
  40798 30713   1.31637e+07    61   1.33957e+07   1.31637e+07   542990    1.73%
  40799 30714   1.31637e+07    61   1.33957e+07   1.31637e+07   542993    1.73%
  40800 30715   1.31637e+07    57   1.33957e+07   1.31637e+07   543000    1.73%
Elapsed time = 27.25 sec. (43591.78 ticks, tree = 153.47 MB, solutions = 26)
  43678 33075   1.31637e+07    58   1.33957e+07   1.31637e+07   595504    1.73%
  43679 33076   1.31637e+07    57   1.33957e+07   1.31637e+07   595507    1.73%
  43680 33077   1.31637e+07    60   1.33957e+07   1.31637e+07   595514    1.73%
  43681 33078   1.31637e+07    60   1.33957e+07   1.31637e+07   595521    1.73%
  43682 33079   1.31637e+07    59   1.33957e+07   1.31637e+07   595530    1.73%
  43683 33080   1.31637e+07    56   1.33957e+07   1.31637e+07   595541    1.73%
  43684 33081   1.31637e+07    60   1.33957e+07   1.31637e+07   595553    1.73%
  43685 33082   1.31862e+07    43   1.33957e+07   1.31637e+07   595696    1.73%
  43686 33083   1.31862e+07    43   1.33957e+07   1.31637e+07   595697    1.73%
  43687 33084   1.31893e+07    47   1.33957e+07   1.31637e+07   595706    1.73%
Elapsed time = 29.76 sec. (47602.93 ticks, tree = 171.02 MB, solutions = 26)
  46625 35484   1.31637e+07    43   1.33957e+07   1.31637e+07   651403    1.73%
  46626 35485   1.31637e+07    44   1.33957e+07   1.31637e+07   651415    1.73%
  46627 35486   1.31637e+07    43   1.33957e+07   1.31637e+07   651423    1.73%
  46628 35487   1.31637e+07    46   1.33957e+07   1.31637e+07   651430    1.73%
  46629 35488   1.31637e+07    46   1.33957e+07   1.31637e+07   651439    1.73%
  46630 35489   1.31637e+07    46   1.33957e+07   1.31637e+07   651440    1.73%
  46631 35490   1.31637e+07    47   1.33957e+07   1.31637e+07   651444    1.73%
  46632 35491   1.31637e+07    48   1.33957e+07   1.31637e+07   651448    1.73%
  46633 35492   1.31637e+07    49   1.33957e+07   1.31637e+07   651465    1.73%
  46634 35493   1.31637e+07    49   1.33957e+07   1.31637e+07   651471    1.73%
Elapsed time = 32.09 sec. (51424.67 ticks, tree = 187.88 MB, solutions = 26)
  50390 38722   1.31637e+07    48   1.33957e+07   1.31637e+07   701323    1.73%
  50391 38723   1.31637e+07    46   1.33957e+07   1.31637e+07   701325    1.73%
  50392 38724   1.31637e+07    47   1.33957e+07   1.31637e+07   701344    1.73%
  50393 38725   1.31637e+07    47   1.33957e+07   1.31637e+07   701347    1.73%
  50394 38726   1.31637e+07    48   1.33957e+07   1.31637e+07   701350    1.73%
  50395 38727   1.31638e+07    53   1.33957e+07   1.31637e+07   701359    1.73%
  50396 38728   1.31639e+07    43   1.33957e+07   1.31637e+07   701364    1.73%
  50397 38729   1.31639e+07    40   1.33957e+07   1.31637e+07   701366    1.73%
  50398 38730   1.33828e+07    35   1.33957e+07   1.31637e+07   701376    1.73%
  50399 38731   1.33828e+07    33   1.33957e+07   1.31637e+07   701389    1.73%
Elapsed time = 34.41 sec. (55244.87 ticks, tree = 210.48 MB, solutions = 26)
  53672 41500   1.31637e+07    61   1.33957e+07   1.31637e+07   756002    1.73%
  53673 41501   1.31637e+07    56   1.33957e+07   1.31637e+07   756052    1.73%
  53674 41502   1.31637e+07    59   1.33957e+07   1.31637e+07   756057    1.73%
  53675 41503   1.31637e+07    53   1.33957e+07   1.31637e+07   756069    1.73%
  53676 41504   1.31637e+07    64   1.33957e+07   1.31637e+07   756090    1.73%
  53677 41505   1.31637e+07    66   1.33957e+07   1.31637e+07   756137    1.73%
  53678 41506   1.31637e+07    64   1.33957e+07   1.31637e+07   756140    1.73%
  53679 41507   1.31637e+07    66   1.33957e+07   1.31637e+07   756165    1.73%
  53680 41508   1.31637e+07    65   1.33957e+07   1.31637e+07   756175    1.73%
  53681 41509   1.31637e+07    54   1.33957e+07   1.31637e+07   756191    1.73%
Elapsed time = 36.81 sec. (59086.70 ticks, tree = 229.88 MB, solutions = 26)
  56659 44062   1.32155e+07    33   1.33957e+07   1.31637e+07   806990    1.73%
  56660 44063   1.32155e+07    39   1.33957e+07   1.31637e+07   807008    1.73%
  56661 44063   1.32155e+07    36   1.33957e+07   1.31637e+07   807012    1.73%
  56662 44064   1.32155e+07    35   1.33957e+07   1.31637e+07   807013    1.73%
  56663 44065   1.32155e+07    31   1.33957e+07   1.31637e+07   807022    1.73%
  56664 44066   1.32155e+07    36   1.33957e+07   1.31637e+07   807070    1.73%
  56665 44067   1.32155e+07    34   1.33957e+07   1.31637e+07   807086    1.73%
  56666 44067   1.32189e+07    36   1.33957e+07   1.31637e+07   807128    1.73%
  56667 44068   1.32189e+07    33   1.33957e+07   1.31637e+07   807140    1.73%
  56668 44069   1.32252e+07    28   1.33957e+07   1.31637e+07   807144    1.73%
Elapsed time = 39.15 sec. (62914.57 ticks, tree = 247.76 MB, solutions = 26)
  59561 46523   1.31637e+07    39   1.33957e+07   1.31637e+07   854655    1.73%
  59562 46524   1.31637e+07    38   1.33957e+07   1.31637e+07   854659    1.73%
  59563 46525   1.31637e+07    35   1.33957e+07   1.31637e+07   854673    1.73%
  59564 46526   1.31637e+07    32   1.33957e+07   1.31637e+07   854693    1.73%
  59565 46527   1.31637e+07    32   1.33957e+07   1.31637e+07   854697    1.73%
  59566 46528   1.31637e+07    40   1.33957e+07   1.31637e+07   854775    1.73%
  59567 46529   1.31637e+07    46   1.33957e+07   1.31637e+07   854792    1.73%
  59568 46530   1.31637e+07    41   1.33957e+07   1.31637e+07   854796    1.73%
  59569 46531   1.31637e+07    42   1.33957e+07   1.31637e+07   854820    1.73%
  59570 46532   1.31637e+07    45   1.33957e+07   1.31637e+07   854823    1.73%
Elapsed time = 41.49 sec. (66741.43 ticks, tree = 264.95 MB, solutions = 26)
  63245 49726   1.31981e+07    28   1.33957e+07   1.31637e+07   906592    1.73%
  63246 49727   1.33559e+07    17   1.33957e+07   1.31637e+07   906627    1.73%
  63247 49728   1.33559e+07    21   1.33957e+07   1.31637e+07   906629    1.73%
  63248 49729   1.33559e+07    22   1.33957e+07   1.31637e+07   906633    1.73%
  63249 49730   1.33559e+07    17   1.33957e+07   1.31637e+07   906634    1.73%
  63250 49731   1.33559e+07    22   1.33957e+07   1.31637e+07   906638    1.73%
  63251 49732   1.33559e+07    22   1.33957e+07   1.31637e+07   906639    1.73%
  63252 49733   1.33559e+07    21   1.33957e+07   1.31637e+07   906640    1.73%
  63253 49734   1.33559e+07    20   1.33957e+07   1.31637e+07   906650    1.73%
  63254 49735   1.33559e+07    23   1.33957e+07   1.31637e+07   906664    1.73%
Elapsed time = 43.78 sec. (70569.85 ticks, tree = 287.20 MB, solutions = 26)
  67089 53085   1.31637e+07    46   1.33957e+07   1.31637e+07   958835    1.73%
  67090 53086   1.31637e+07    45   1.33957e+07   1.31637e+07   958836    1.73%
  67091 53087   1.31637e+07    44   1.33957e+07   1.31637e+07   958841    1.73%
  67092 53088   1.31830e+07    32   1.33957e+07   1.31637e+07   958942    1.73%
  67093 53089   1.31830e+07    37   1.33957e+07   1.31637e+07   958965    1.73%
  67094 53090   1.31830e+07    36   1.33957e+07   1.31637e+07   958966    1.73%
  67095 53091   1.31830e+07    35   1.33957e+07   1.31637e+07   958976    1.73%
  67096 53092   1.31830e+07    37   1.33957e+07   1.31637e+07   959014    1.73%
  67097 53093   1.31830e+07    38   1.33957e+07   1.31637e+07   959026    1.73%
  67098 53094   1.31830e+07    35   1.33957e+07   1.31637e+07   959030    1.73%
Elapsed time = 46.16 sec. (74405.93 ticks, tree = 310.64 MB, solutions = 26)
  69978 55576   1.32190e+07    29   1.33957e+07   1.31637e+07  1007859    1.73%
  69979 55577   1.32190e+07    28   1.33957e+07   1.31637e+07  1007860    1.73%
  69980 55578   1.32190e+07    34   1.33957e+07   1.31637e+07  1007864    1.73%
  69981 55579   1.32190e+07    32   1.33957e+07   1.31637e+07  1007865    1.73%
  69982 55580   1.32190e+07    27   1.33957e+07   1.31637e+07  1007867    1.73%
  69983 55581   1.32190e+07    28   1.33957e+07   1.31637e+07  1007899    1.73%
  69984 55582   1.32190e+07    28   1.33957e+07   1.31637e+07  1007903    1.73%
  69985 55583   1.32190e+07    32   1.33957e+07   1.31637e+07  1007906    1.73%
  69986 55584   1.32190e+07    30   1.33957e+07   1.31637e+07  1007907    1.73%
  69987 55585   1.32190e+07    30   1.33957e+07   1.31637e+07  1007909    1.73%
Elapsed time = 48.50 sec. (78225.08 ticks, tree = 328.00 MB, solutions = 26)
  73905 58949   1.31855e+07    30   1.33957e+07   1.31637e+07  1061765    1.73%
  73906 58950   1.31855e+07    28   1.33957e+07   1.31637e+07  1061767    1.73%
  73907 58951   1.31855e+07    31   1.33957e+07   1.31637e+07  1061774    1.73%
  73908 58952   1.31855e+07    29   1.33957e+07   1.31637e+07  1061781    1.73%
  73909 58952   1.31855e+07    30   1.33957e+07   1.31637e+07  1061787    1.73%
  73910 58953   1.31855e+07    29   1.33957e+07   1.31637e+07  1061788    1.73%
  73911 58954   1.31855e+07    28   1.33957e+07   1.31637e+07  1061802    1.73%
  73912 58955   1.31855e+07    28   1.33957e+07   1.31637e+07  1061805    1.73%
  73913 58956   1.31855e+07    28   1.33957e+07   1.31637e+07  1061806    1.73%
  73914 58956   1.32875e+07    20   1.33957e+07   1.31637e+07  1061814    1.73%
Elapsed time = 50.82 sec. (82043.47 ticks, tree = 351.41 MB, solutions = 26)
  77196 61813   1.32346e+07    36   1.33957e+07   1.31637e+07  1112196    1.73%
  77197 61812        cutoff         1.33957e+07   1.31637e+07  1112199    1.73%
  77198 61813   1.33721e+07    26   1.33957e+07   1.31637e+07  1112226    1.73%
  77199 61814   1.33721e+07    32   1.33957e+07   1.31637e+07  1112230    1.73%
  77200 61815   1.33721e+07    29   1.33957e+07   1.31637e+07  1112231    1.73%
  77201 61815   1.33721e+07    26   1.33957e+07   1.31637e+07  1112234    1.73%
  77202 61816   1.33863e+07    21   1.33957e+07   1.31637e+07  1112236    1.73%
  77203 61817   1.33863e+07    27   1.33957e+07   1.31637e+07  1112245    1.73%
  77204 61818   1.33863e+07    26   1.33957e+07   1.31637e+07  1112246    1.73%
  77205 61819   1.33863e+07    26   1.33957e+07   1.31637e+07  1112248    1.73%
Elapsed time = 53.16 sec. (85862.28 ticks, tree = 371.37 MB, solutions = 26)
  79986 64156   1.31637e+07    59   1.33957e+07   1.31637e+07  1164732    1.73%
  79987 64157   1.31637e+07    58   1.33957e+07   1.31637e+07  1164733    1.73%
  79988 64158   1.31637e+07    60   1.33957e+07   1.31637e+07  1164750    1.73%
  79989 64159   1.31637e+07    58   1.33957e+07   1.31637e+07  1164752    1.73%
  79990 64160   1.31637e+07    58   1.33957e+07   1.31637e+07  1164753    1.73%
  79991 64161   1.31637e+07    58   1.33957e+07   1.31637e+07  1164756    1.73%
  79992 64162   1.31637e+07    54   1.33957e+07   1.31637e+07  1164789    1.73%
  79993 64163   1.31637e+07    55   1.33957e+07   1.31637e+07  1164793    1.73%
  79994 64164   1.31637e+07    54   1.33957e+07   1.31637e+07  1164796    1.73%
  79995 64165   1.31637e+07    54   1.33957e+07   1.31637e+07  1164798    1.73%
Elapsed time = 55.49 sec. (89682.81 ticks, tree = 387.74 MB, solutions = 26)
  83251 66834   1.31637e+07    42   1.33957e+07   1.31637e+07  1217971    1.73%
  83252 66835   1.31637e+07    41   1.33957e+07   1.31637e+07  1217977    1.73%
  83253 66836   1.31637e+07    41   1.33957e+07   1.31637e+07  1217979    1.73%
  83254 66837   1.31637e+07    52   1.33957e+07   1.31637e+07  1218044    1.73%
  83255 66838   1.31637e+07    50   1.33957e+07   1.31637e+07  1218061    1.73%
  83256 66839   1.31637e+07    51   1.33957e+07   1.31637e+07  1218086    1.73%
  83257 66840   1.31637e+07    51   1.33957e+07   1.31637e+07  1218088    1.73%
  83258 66841   1.31637e+07    51   1.33957e+07   1.31637e+07  1218090    1.73%
  83259 66842   1.31637e+07    51   1.33957e+07   1.31637e+07  1218094    1.73%
  83260 66843   1.31637e+07    52   1.33957e+07   1.31637e+07  1218108    1.73%
Elapsed time = 57.79 sec. (93510.71 ticks, tree = 408.28 MB, solutions = 26)
  85843 69014   1.31637e+07    54   1.33957e+07   1.31637e+07  1268230    1.73%
  85844 69015   1.31637e+07    57   1.33957e+07   1.31637e+07  1268234    1.73%
  85845 69016   1.31637e+07    57   1.33957e+07   1.31637e+07  1268235    1.73%
  85846 69017   1.31637e+07    57   1.33957e+07   1.31637e+07  1268238    1.73%
  85847 69018   1.31637e+07    52   1.33957e+07   1.31637e+07  1268260    1.73%
  85848 69019   1.31637e+07    52   1.33957e+07   1.31637e+07  1268261    1.73%
  85849 69020   1.31637e+07    52   1.33957e+07   1.31637e+07  1268269    1.73%
  85850 69021   1.31637e+07    53   1.33957e+07   1.31637e+07  1268272    1.73%
  85851 69022   1.31637e+07    51   1.33957e+07   1.31637e+07  1268293    1.73%
  85852 69023   1.31637e+07    53   1.33957e+07   1.31637e+07  1268300    1.73%
Elapsed time = 60.08 sec. (97341.62 ticks, tree = 423.41 MB, solutions = 26)
  89468 72117   1.31767e+07    48   1.33957e+07   1.31637e+07  1321687    1.73%
  89469 72118   1.31767e+07    48   1.33957e+07   1.31637e+07  1321689    1.73%
  89470 72119   1.31767e+07    48   1.33957e+07   1.31637e+07  1321690    1.73%
  89471 72120   1.31771e+07    50   1.33957e+07   1.31637e+07  1321693    1.73%
  89472 72121   1.32988e+07    33   1.33957e+07   1.31637e+07  1321828    1.73%
  89473 72122   1.33275e+07    32   1.33957e+07   1.31637e+07  1321840    1.73%
  89474 72123   1.33275e+07    33   1.33957e+07   1.31637e+07  1321844    1.73%
  89475 72124   1.33275e+07    32   1.33957e+07   1.31637e+07  1321845    1.73%
  89476 72125   1.33275e+07    33   1.33957e+07   1.31637e+07  1321850    1.73%
  89477 72126   1.33413e+07    30   1.33957e+07   1.31637e+07  1321892    1.73%
Elapsed time = 62.37 sec. (101175.20 ticks, tree = 444.96 MB, solutions = 26)
  92890 75116   1.31637e+07    60   1.33957e+07   1.31637e+07  1371746    1.73%
  92891 75117   1.31637e+07    68   1.33957e+07   1.31637e+07  1371804    1.73%
  92892 75118   1.31637e+07    67   1.33957e+07   1.31637e+07  1371807    1.73%
  92893 75119   1.31637e+07    65   1.33957e+07   1.31637e+07  1371814    1.73%
  92894 75120   1.31637e+07    66   1.33957e+07   1.31637e+07  1371820    1.73%
  92895 75121   1.31637e+07    54   1.33957e+07   1.31637e+07  1371858    1.73%
  92896 75122   1.31637e+07    54   1.33957e+07   1.31637e+07  1371859    1.73%
  92897 75123   1.31637e+07    54   1.33957e+07   1.31637e+07  1371861    1.73%
  92898 75124   1.31637e+07    54   1.33957e+07   1.31637e+07  1371879    1.73%
  92899 75125   1.31637e+07    61   1.33957e+07   1.31637e+07  1371923    1.73%
Elapsed time = 64.67 sec. (105004.92 ticks, tree = 465.79 MB, solutions = 26)
  96095 77807   1.33219e+07    44   1.33957e+07   1.31637e+07  1418734    1.73%
  96096 77808   1.33219e+07    42   1.33957e+07   1.31637e+07  1418735    1.73%
  96097 77809   1.33219e+07    39   1.33957e+07   1.31637e+07  1418738    1.73%
  96098 77810   1.33219e+07    40   1.33957e+07   1.31637e+07  1418782    1.73%
  96099 77811   1.33219e+07    39   1.33957e+07   1.31637e+07  1418791    1.73%
  96100 77812   1.33219e+07    38   1.33957e+07   1.31637e+07  1418800    1.73%
  96101 77813   1.33219e+07    36   1.33957e+07   1.31637e+07  1418808    1.73%
  96102 77814   1.33219e+07    39   1.33957e+07   1.31637e+07  1418834    1.73%
  96103 77815   1.33219e+07    38   1.33957e+07   1.31637e+07  1418836    1.73%
  96104 77816   1.33219e+07    36   1.33957e+07   1.31637e+07  1418839    1.73%
Elapsed time = 67.03 sec. (108829.04 ticks, tree = 484.51 MB, solutions = 26)
  99686 80790   1.32574e+07    43   1.33957e+07   1.31637e+07  1470965    1.73%
  99687 80791   1.32655e+07    45   1.33957e+07   1.31637e+07  1470973    1.73%
  99688 80792   1.32655e+07    45   1.33957e+07   1.31637e+07  1470974    1.73%
  99689 80793   1.32655e+07    47   1.33957e+07   1.31637e+07  1470979    1.73%
  99690 80794   1.32655e+07    50   1.33957e+07   1.31637e+07  1470987    1.73%
  99691 80795   1.32811e+07    42   1.33957e+07   1.31637e+07  1471008    1.73%
  99692 80796   1.32827e+07    46   1.33957e+07   1.31637e+07  1471027    1.73%
  99693 80797   1.32827e+07    46   1.33957e+07   1.31637e+07  1471028    1.73%
  99694 80798   1.32911e+07    45   1.33957e+07   1.31637e+07  1471043    1.73%
  99695 80799   1.32911e+07    45   1.33957e+07   1.31637e+07  1471044    1.73%
Elapsed time = 69.37 sec. (112665.32 ticks, tree = 505.24 MB, solutions = 26)
 103452 83963   1.31927e+07    38   1.33957e+07   1.31637e+07  1524718    1.73%
 103453 83964   1.31930e+07    37   1.33957e+07   1.31637e+07  1524723    1.73%
 103454 83965   1.32184e+07    35   1.33957e+07   1.31637e+07  1524744    1.73%
 103455 83966   1.32184e+07    35   1.33957e+07   1.31637e+07  1524746    1.73%
 103456 83967   1.32208e+07    32   1.33957e+07   1.31637e+07  1524755    1.73%
 103457 83968   1.32210e+07    31   1.33957e+07   1.31637e+07  1524756    1.73%
 103458 83969   1.32210e+07    31   1.33957e+07   1.31637e+07  1524757    1.73%
 103459 83970   1.32220e+07    31   1.33957e+07   1.31637e+07  1524759    1.73%
 103460 83971   1.32229e+07    31   1.33957e+07   1.31637e+07  1524760    1.73%
 103461 83972   1.32230e+07    31   1.33957e+07   1.31637e+07  1524762    1.73%
Elapsed time = 71.67 sec. (116484.98 ticks, tree = 527.28 MB, solutions = 26)
 106087 86142   1.33863e+07    17   1.33957e+07   1.31637e+07  1577217    1.73%
 106088 86142   1.33863e+07    17   1.33957e+07   1.31637e+07  1577220    1.73%
 106089 86143   1.33863e+07    16   1.33957e+07   1.31637e+07  1577221    1.73%
 106090 86144   1.33863e+07    15   1.33957e+07   1.31637e+07  1577222    1.73%
 106091 86145   1.33863e+07    13   1.33957e+07   1.31637e+07  1577223    1.73%
 106092 86145   1.33863e+07    16   1.33957e+07   1.31637e+07  1577234    1.73%
 106093 86146   1.33863e+07    15   1.33957e+07   1.31637e+07  1577235    1.73%
 106094 86147   1.33863e+07    13   1.33957e+07   1.31637e+07  1577236    1.73%
 106095 86148   1.33863e+07    14   1.33957e+07   1.31637e+07  1577239    1.73%
 106096 86149   1.33863e+07    14   1.33957e+07   1.31637e+07  1577243    1.73%
Elapsed time = 74.01 sec. (120308.83 ticks, tree = 542.44 MB, solutions = 26)
 110012 89617   1.32117e+07    45   1.33957e+07   1.31637e+07  1630892    1.73%
 110013 89618   1.32117e+07    45   1.33957e+07   1.31637e+07  1630893    1.73%
 110014 89619   1.32117e+07    45   1.33957e+07   1.31637e+07  1630894    1.73%
 110015 89620   1.32129e+07    44   1.33957e+07   1.31637e+07  1630897    1.73%
 110016 89621   1.32129e+07    43   1.33957e+07   1.31637e+07  1630898    1.73%
 110017 89622   1.32129e+07    42   1.33957e+07   1.31637e+07  1630899    1.73%
 110018 89623   1.32129e+07    42   1.33957e+07   1.31637e+07  1630901    1.73%
 110019 89624   1.32129e+07    42   1.33957e+07   1.31637e+07  1630902    1.73%
 110020 89623        cutoff         1.33957e+07   1.31637e+07  1630921    1.73%
 110021 89624   1.32130e+07    43   1.33957e+07   1.31637e+07  1630925    1.73%
Elapsed time = 76.29 sec. (124134.52 ticks, tree = 566.57 MB, solutions = 26)
 113617 92842   1.31637e+07    52   1.33957e+07   1.31637e+07  1678065    1.73%
 113618 92843   1.31637e+07    52   1.33957e+07   1.31637e+07  1678066    1.73%
 113619 92844   1.31637e+07    53   1.33957e+07   1.31637e+07  1678073    1.73%
 113620 92845   1.31637e+07    53   1.33957e+07   1.31637e+07  1678074    1.73%
 113621 92846   1.31637e+07    48   1.33957e+07   1.31637e+07  1678078    1.73%
 113622 92847   1.31897e+07    38   1.33957e+07   1.31637e+07  1678185    1.73%
 113623 92848   1.31897e+07    38   1.33957e+07   1.31637e+07  1678188    1.73%
 113624 92849   1.31941e+07    36   1.33957e+07   1.31637e+07  1678238    1.73%
 113625 92850   1.31941e+07    37   1.33957e+07   1.31637e+07  1678261    1.73%
 113626 92851   1.31965e+07    34   1.33957e+07   1.31637e+07  1678269    1.73%
Elapsed time = 78.61 sec. (127960.94 ticks, tree = 588.98 MB, solutions = 26)
 117337 96042   1.33518e+07    24   1.33957e+07   1.31637e+07  1732359    1.73%
 117338 96043   1.33518e+07    23   1.33957e+07   1.31637e+07  1732360    1.73%
 117339 96044   1.33518e+07    25   1.33957e+07   1.31637e+07  1732378    1.73%
 117340 96045   1.33518e+07    24   1.33957e+07   1.31637e+07  1732381    1.73%
 117341 96046   1.33518e+07    25   1.33957e+07   1.31637e+07  1732383    1.73%
 117342 96047   1.33518e+07    24   1.33957e+07   1.31637e+07  1732387    1.73%
 117343 96048   1.33518e+07    24   1.33957e+07   1.31637e+07  1732391    1.73%
 117344 96048   1.33518e+07    22   1.33957e+07   1.31637e+07  1732392    1.73%
 117345 96048   1.33518e+07    21   1.33957e+07   1.31637e+07  1732404    1.73%
 117346 96049   1.33518e+07    22   1.33957e+07   1.31637e+07  1732421    1.73%
Elapsed time = 80.89 sec. (131780.37 ticks, tree = 611.17 MB, solutions = 26)
 121440 99660   1.31925e+07    44   1.33957e+07   1.31637e+07  1783767    1.73%
 121441 99661   1.31926e+07    44   1.33957e+07   1.31637e+07  1783768    1.73%
 121442 99662   1.31926e+07    44   1.33957e+07   1.31637e+07  1783769    1.73%
 121443 99663   1.31927e+07    43   1.33957e+07   1.31637e+07  1783776    1.73%
 121444 99664   1.31999e+07    41   1.33957e+07   1.31637e+07  1783800    1.73%
 121445 99665   1.32000e+07    41   1.33957e+07   1.31637e+07  1783802    1.73%
 121446 99666   1.32002e+07    42   1.33957e+07   1.31637e+07  1783804    1.73%
 121447 99667   1.32012e+07    43   1.33957e+07   1.31637e+07  1783823    1.73%
 121448 99668   1.32019e+07    51   1.33957e+07   1.31637e+07  1783835    1.73%
 121449 99669   1.32041e+07    43   1.33957e+07   1.31637e+07  1783854    1.73%
Elapsed time = 83.20 sec. (135604.65 ticks, tree = 636.30 MB, solutions = 26)
 125483 103003   1.31637e+07    52   1.33957e+07   1.31637e+07  1836498    1.73%
 125484 103004   1.31717e+07    47   1.33957e+07   1.31637e+07  1836563    1.73%
 125485 103005   1.31726e+07    43   1.33957e+07   1.31637e+07  1836569    1.73%
 125486 103006   1.31817e+07    48   1.33957e+07   1.31637e+07  1836593    1.73%
 125487 103007   1.31818e+07    49   1.33957e+07   1.31637e+07  1836596    1.73%
 125488 103008   1.31818e+07    49   1.33957e+07   1.31637e+07  1836597    1.73%
 125489 103009   1.31821e+07    45   1.33957e+07   1.31637e+07  1836598    1.73%
 125490 103010   1.31842e+07    45   1.33957e+07   1.31637e+07  1836603    1.73%
 125491 103011   1.31844e+07    45   1.33957e+07   1.31637e+07  1836604    1.73%
 125492 103012   1.31845e+07    48   1.33957e+07   1.31637e+07  1836606    1.73%
Elapsed time = 85.51 sec. (139442.46 ticks, tree = 659.50 MB, solutions = 26)
 129436 106389   1.33308e+07    25   1.33957e+07   1.31637e+07  1882505    1.73%
 129437 106390   1.33308e+07    25   1.33957e+07   1.31637e+07  1882506    1.73%
 129438 106391   1.33308e+07    26   1.33957e+07   1.31637e+07  1882507    1.73%
 129439 106392   1.33308e+07    26   1.33957e+07   1.31637e+07  1882508    1.73%
 129440 106393   1.33309e+07    25   1.33957e+07   1.31637e+07  1882509    1.73%
 129441 106394   1.33309e+07    25   1.33957e+07   1.31637e+07  1882510    1.73%
 129442 106395   1.33310e+07    26   1.33957e+07   1.31637e+07  1882511    1.73%
 129443 106396   1.33310e+07    26   1.33957e+07   1.31637e+07  1882512    1.73%
 129444 106397   1.33311e+07    25   1.33957e+07   1.31637e+07  1882513    1.73%
 129445 106398   1.33311e+07    25   1.33957e+07   1.31637e+07  1882514    1.73%
Elapsed time = 87.81 sec. (143260.52 ticks, tree = 683.03 MB, solutions = 26)
 133895 110169   1.31715e+07    43   1.33957e+07   1.31637e+07  1934726    1.73%
 133896 110170   1.31725e+07    42   1.33957e+07   1.31637e+07  1934734    1.73%
 133897 110171   1.31731e+07    42   1.33957e+07   1.31637e+07  1934744    1.73%
 133898 110172   1.31736e+07    43   1.33957e+07   1.31637e+07  1934750    1.73%
 133899 110173   1.31737e+07    46   1.33957e+07   1.31637e+07  1934752    1.73%
 133900 110174   1.31737e+07    42   1.33957e+07   1.31637e+07  1934753    1.73%
 133901 110175   1.31738e+07    43   1.33957e+07   1.31637e+07  1934754    1.73%
 133902 110176   1.31746e+07    43   1.33957e+07   1.31637e+07  1934763    1.73%
 133903 110177   1.31749e+07    43   1.33957e+07   1.31637e+07  1934766    1.73%
 133904 110178   1.31749e+07    43   1.33957e+07   1.31637e+07  1934767    1.73%
Elapsed time = 90.09 sec. (147079.42 ticks, tree = 709.28 MB, solutions = 26)
*135378+107189                       1.33863e+07   1.31637e+07             1.66%
*135378+91458                       1.33828e+07   1.31637e+07             1.64%
*135578+88944                       1.33559e+07   1.31637e+07             1.44%
 135778 89103   1.31637e+07    40   1.33559e+07   1.31637e+07  1960875    1.44%
 135779 89104   1.31637e+07    40   1.33559e+07   1.31637e+07  1960881    1.44%
 135780 89105   1.31637e+07    41   1.33559e+07   1.31637e+07  1960882    1.44%
 135781 89106   1.31637e+07    39   1.33559e+07   1.31637e+07  1960890    1.44%
 135782 89107   1.31637e+07    40   1.33559e+07   1.31637e+07  1960894    1.44%
 135783 89108   1.31637e+07    40   1.33559e+07   1.31637e+07  1960895    1.44%
 135784 89109   1.31637e+07    40   1.33559e+07   1.31637e+07  1960896    1.44%
 135785 89110   1.31637e+07    42   1.33559e+07   1.31637e+07  1960908    1.44%
 135786 89111   1.32271e+07    52   1.33559e+07   1.31637e+07  1960979    1.44%
 135787 89112   1.31637e+07    38   1.33559e+07   1.31637e+07  1960986    1.44%
Elapsed time = 92.70 sec. (151023.27 ticks, tree = 575.03 MB, solutions = 29)
*136178+88445                       1.33462e+07   1.31637e+07             1.37%
*136978+88804                       1.33440e+07   1.31637e+07             1.35%
*136978+88198                       1.33384e+07   1.31637e+07             1.31%
 136978 88200   1.31934e+07    31   1.33384e+07   1.31637e+07  1979431    1.31%
 136979 88201   1.31934e+07    31   1.33384e+07   1.31637e+07  1979433    1.31%
 136980 88202   1.31948e+07    32   1.33384e+07   1.31637e+07  1979440    1.31%
 136981 88203   1.31948e+07    30   1.33384e+07   1.31637e+07  1979441    1.31%
 136982 88204   1.31948e+07    30   1.33384e+07   1.31637e+07  1979444    1.31%
 136983 88205   1.31948e+07    32   1.33384e+07   1.31637e+07  1979448    1.31%
 136984 88206   1.31948e+07    32   1.33384e+07   1.31637e+07  1979449    1.31%
 136985 88207   1.31948e+07    32   1.33384e+07   1.31637e+07  1979451    1.31%
 136986 88208   1.31948e+07    32   1.33384e+07   1.31637e+07  1979452    1.31%
 136987 88209   1.31948e+07    32   1.33384e+07   1.31637e+07  1979453    1.31%
Elapsed time = 95.82 sec. (155639.81 ticks, tree = 570.71 MB, solutions = 32)
 139218 90034   1.32236e+07    29   1.33384e+07   1.31637e+07  2010754    1.31%
 139219 90035   1.32236e+07    30   1.33384e+07   1.31637e+07  2010761    1.31%
 139220 90035   1.32236e+07    32   1.33384e+07   1.31637e+07  2010771    1.31%
 139221 90034        cutoff         1.33384e+07   1.31637e+07  2010773    1.31%
 139222 90035   1.32858e+07    27   1.33384e+07   1.31637e+07  2010967    1.31%
 139223 90036   1.32899e+07    31   1.33384e+07   1.31637e+07  2010989    1.31%
 139224 90037   1.32899e+07    31   1.33384e+07   1.31637e+07  2010991    1.31%
 139225 90038   1.32899e+07    29   1.33384e+07   1.31637e+07  2010997    1.31%
 139226 90038   1.32899e+07    31   1.33384e+07   1.31637e+07  2011011    1.31%
 139227 90037        cutoff         1.33384e+07   1.31637e+07  2011014    1.31%
Elapsed time = 98.29 sec. (159476.19 ticks, tree = 583.39 MB, solutions = 32)

Cover cuts applied:  432
Mixed integer rounding cuts applied:  13
Gomory fractional cuts applied:  6

Root node processing (before b&c):
  Real time             =    0.09 sec. (118.80 ticks)
Sequential b&c:
  Real time             =   99.91 sec. (162114.66 ticks)
                          ------------
Total (root+branch&cut) =  100.00 sec. (162233.46 ticks)

Solution pool: 32 solutions saved.

MIP - Time limit exceeded, integer feasible:  Objective =  1.3338370000e+07
Current MIP best bound =  1.3163658000e+07 (gap = 174712, 1.31%)
Solution time =  100.00 sec.  Iterations = 2045528  Nodes = 141536 (91950)
Deterministic time = 162233.46 ticks  (1622.33 ticks/sec)


Incumbent solution written to file '/tmp/tmpLnyHty.cplex.sol'.
