
Log started (V12.6.3.0) Sat Apr 21 20:17:13 2018

New value for default parallel thread count: 1

Problem '/tmp/tmpHG_uiQ.pyomo.lp' read.
Read time = 0.02 sec. (1.11 ticks)

Problem name         : /tmp/tmpHG_uiQ.pyomo.lp
Objective sense      : Minimize
Variables            :    1136  [Nneg: 1,  Binary: 1120,  General Integer: 15]
Objective nonzeros   :       1
Linear constraints   :     189  [Less: 94,  Equal: 95]
  Nonzeros           :   80213
  RHS nonzeros       :     161

Variables            : Min LB: 0.000000         Max UB: 1.000000       
Objective nonzeros   : Min   : 1.000000         Max   : 1.000000       
Linear constraints   :
  Nonzeros           : Min   : 1.000000         Max   : 8036379.       
  RHS nonzeros       : Min   : 1.000000         Max   : 8.000000       
Tried aggregator 2 times.
MIP Presolve eliminated 80 rows and 66 columns.
Aggregator did 5 substitutions.
Reduced MIP has 104 rows, 1065 columns, and 3052 nonzeros.
Reduced MIP has 1050 binaries, 15 generals, 0 SOSs, and 0 indicators.
Presolve time = 0.01 sec. (14.42 ticks)
Found incumbent of value 5.7901991e+07 after 0.01 sec. (16.47 ticks)
Probing time = 0.00 sec. (2.01 ticks)
Cover probing fixed 0 vars, tightened 27 bounds.
Tried aggregator 2 times.
Aggregator did 14 substitutions.
Reduced MIP has 90 rows, 1051 columns, and 3024 nonzeros.
Reduced MIP has 1050 binaries, 1 generals, 0 SOSs, and 0 indicators.
Presolve time = 0.00 sec. (2.62 ticks)
Probing time = 0.00 sec. (1.94 ticks)
Cover probing fixed 0 vars, tightened 5 bounds.
Clique table members: 75.
MIP emphasis: balance optimality and feasibility.
MIP search method: dynamic search.
Parallel mode: none, using 1 thread.
Root relaxation solution time = 0.00 sec. (1.20 ticks)

        Nodes                                         Cuts/
   Node  Left     Objective  IInf  Best Integer    Best Bound    ItCnt     Gap

*     0+    0                       5.79020e+07        0.0000           100.00%
      0     0   1.31637e+07    21   5.79020e+07   1.31637e+07       41   77.27%
*     0+    0                       1.65929e+07   1.31637e+07            20.67%
      0     0   1.31637e+07    25   1.65929e+07     Fract: 12       64   20.67%
*     0+    0                       1.64151e+07   1.31637e+07            19.81%
      0     0   1.31637e+07    29   1.64151e+07      Cuts: 14      131   19.81%
*     0+    0                       1.62491e+07   1.31637e+07            18.99%
*     0+    0                       1.56942e+07   1.31637e+07            16.12%
*     0+    0                       1.54921e+07   1.31637e+07            15.03%
*     0+    0                       1.49053e+07   1.31637e+07            11.68%
      0     2   1.31637e+07    20   1.49053e+07   1.31637e+07      131   11.68%
Elapsed time = 0.06 sec. (80.67 ticks, tree = 0.01 MB, solutions = 6)
*    10+   10                       1.43597e+07   1.31637e+07             8.33%
*    70+   58                       1.41441e+07   1.31637e+07             6.93%
*   360+  178                       1.40557e+07   1.31637e+07             6.35%
*   460+  236                       1.40462e+07   1.31637e+07             6.28%
*   460+  230                       1.40170e+07   1.31637e+07             6.09%
*   571+  298                       1.40010e+07   1.31637e+07             5.98%
*   571+  283                       1.39449e+07   1.31637e+07             5.60%
*   571+  272                       1.38634e+07   1.31637e+07             5.05%
    571   274   1.31637e+07    33   1.38634e+07   1.31637e+07     4667    5.05%
    572   273        cutoff         1.38634e+07   1.31637e+07     4698    5.05%
*   573+  181                       1.37932e+07   1.31637e+07             4.56%
    573   182   1.31637e+07    26   1.37932e+07   1.31637e+07     5569    4.56%
    574   182   1.31637e+07    27   1.37932e+07   1.31637e+07     5571    4.56%
    575   183   1.31637e+07    24   1.37932e+07   1.31637e+07     5574    4.56%
    576   183   1.31637e+07    24   1.37932e+07   1.31637e+07     5575    4.56%
    577   184   1.31637e+07    26   1.37932e+07   1.31637e+07     5590    4.56%
    578   185   1.31637e+07    20   1.37932e+07   1.31637e+07     5601    4.56%
    579   186   1.31637e+07    23   1.37932e+07   1.31637e+07     5613    4.56%
*   673+  119                       1.36797e+07   1.31637e+07             3.77%
*   673+   91                       1.35881e+07   1.31637e+07             3.12%
*   673+   72                       1.35670e+07   1.31637e+07             2.97%
*   773+   89                       1.35277e+07   1.31637e+07             2.69%
    773    90   1.32050e+07    22   1.35277e+07   1.31637e+07     6813    2.69%
Elapsed time = 0.88 sec. (1233.53 ticks, tree = 0.17 MB, solutions = 19)
*  1073+  169                       1.34369e+07   1.31637e+07             2.03%
*  1173+  201                       1.34143e+07   1.31637e+07             1.87%
   1195   198   1.31637e+07    33   1.34143e+07   1.31637e+07    11599    1.87%
   1196   199   1.31637e+07    29   1.34143e+07   1.31637e+07    11607    1.87%
   1197   200   1.31637e+07    31   1.34143e+07   1.31637e+07    11610    1.87%
   1198   201   1.31637e+07    36   1.34143e+07   1.31637e+07    11620    1.87%
   1199   202   1.31637e+07    35   1.34143e+07   1.31637e+07    11631    1.87%
   1200   203   1.31637e+07    31   1.34143e+07   1.31637e+07    11635    1.87%
   1201   204   1.31637e+07    34   1.34143e+07   1.31637e+07    11653    1.87%
   1202   205   1.31637e+07    33   1.34143e+07   1.31637e+07    11655    1.87%
   1203   206   1.31637e+07    34   1.34143e+07   1.31637e+07    11662    1.87%
   1204   207   1.31637e+07    34   1.34143e+07   1.31637e+07    11663    1.87%
Elapsed time = 1.54 sec. (2202.22 ticks, tree = 0.44 MB, solutions = 21)
   2503  1224   1.31955e+07    32   1.34143e+07   1.31637e+07    22770    1.87%
   2504  1225   1.31956e+07    31   1.34143e+07   1.31637e+07    22772    1.87%
   2505  1226   1.31966e+07    32   1.34143e+07   1.31637e+07    22781    1.87%
   2506  1227   1.31967e+07    32   1.34143e+07   1.31637e+07    22782    1.87%
   2507  1228   1.31970e+07    32   1.34143e+07   1.31637e+07    22783    1.87%
   2508  1229   1.31973e+07    32   1.34143e+07   1.31637e+07    22784    1.87%
   2509  1230   1.31974e+07    30   1.34143e+07   1.31637e+07    22786    1.87%
   2510  1231   1.31976e+07    29   1.34143e+07   1.31637e+07    22790    1.87%
   2511  1232   1.31976e+07    29   1.34143e+07   1.31637e+07    22791    1.87%
   2512  1233   1.31976e+07    29   1.34143e+07   1.31637e+07    22792    1.87%
Elapsed time = 2.14 sec. (3158.08 ticks, tree = 3.48 MB, solutions = 21)
   4198  2686   1.31637e+07    33   1.34143e+07   1.31637e+07    33747    1.87%
   4199  2687   1.31637e+07    34   1.34143e+07   1.31637e+07    33780    1.87%
   4200  2688   1.31637e+07    32   1.34143e+07   1.31637e+07    33782    1.87%
   4201  2689   1.31637e+07    29   1.34143e+07   1.31637e+07    33795    1.87%
   4202  2690   1.31637e+07    30   1.34143e+07   1.31637e+07    33797    1.87%
   4203  2691   1.31637e+07    31   1.34143e+07   1.31637e+07    33817    1.87%
   4204  2692   1.31637e+07    30   1.34143e+07   1.31637e+07    33820    1.87%
   4205  2693   1.31637e+07    30   1.34143e+07   1.31637e+07    33824    1.87%
   4206  2694   1.31637e+07    30   1.34143e+07   1.31637e+07    33832    1.87%
   4207  2695   1.31637e+07    31   1.34143e+07   1.31637e+07    33834    1.87%
Elapsed time = 2.79 sec. (4124.60 ticks, tree = 8.45 MB, solutions = 21)
   5760  4004   1.31637e+07    35   1.34143e+07   1.31637e+07    47242    1.87%
   5761  4005   1.31637e+07    34   1.34143e+07   1.31637e+07    47289    1.87%
   5762  4006   1.31637e+07    32   1.34143e+07   1.31637e+07    47302    1.87%
   5763  4007   1.31637e+07    30   1.34143e+07   1.31637e+07    47314    1.87%
   5764  4008   1.31637e+07    31   1.34143e+07   1.31637e+07    47324    1.87%
   5765  4009   1.31637e+07    35   1.34143e+07   1.31637e+07    47352    1.87%
   5766  4010   1.31637e+07    31   1.34143e+07   1.31637e+07    47378    1.87%
   5767  4011   1.31637e+07    28   1.34143e+07   1.31637e+07    47383    1.87%
   5768  4012   1.31637e+07    28   1.34143e+07   1.31637e+07    47390    1.87%
   5769  4013   1.31637e+07    28   1.34143e+07   1.31637e+07    47393    1.87%
Elapsed time = 3.46 sec. (5094.03 ticks, tree = 13.04 MB, solutions = 21)
   6967  4964        cutoff         1.34143e+07   1.31637e+07    61352    1.87%
   6968  4963        cutoff         1.34143e+07   1.31637e+07    61355    1.87%
   6969  4964   1.31637e+07    33   1.34143e+07   1.31637e+07    61486    1.87%
   6970  4965   1.31637e+07    34   1.34143e+07   1.31637e+07    61506    1.87%
   6971  4966   1.31637e+07    34   1.34143e+07   1.31637e+07    61512    1.87%
   6972  4967   1.31637e+07    29   1.34143e+07   1.31637e+07    61554    1.87%
   6973  4968   1.31637e+07    39   1.34143e+07   1.31637e+07    61604    1.87%
   6974  4969   1.31637e+07    42   1.34143e+07   1.31637e+07    61629    1.87%
   6975  4970   1.31637e+07    43   1.34143e+07   1.31637e+07    61636    1.87%
   6976  4971   1.31637e+07    43   1.34143e+07   1.31637e+07    61638    1.87%
Elapsed time = 4.08 sec. (6074.25 ticks, tree = 16.91 MB, solutions = 21)
   7891  5668   1.32786e+07    33   1.34143e+07   1.31637e+07    75458    1.87%
   7892  5669   1.32786e+07    32   1.34143e+07   1.31637e+07    75460    1.87%
   7893  5670   1.32808e+07    32   1.34143e+07   1.31637e+07    75461    1.87%
   7894  5671   1.32885e+07    30   1.34143e+07   1.31637e+07    75465    1.87%
   7895  5670        cutoff         1.34143e+07   1.31637e+07    75467    1.87%
   7896  5669        cutoff         1.34143e+07   1.31637e+07    75470    1.87%
   7897  5670   1.31637e+07    35   1.34143e+07   1.31637e+07    75685    1.87%
   7898  5671   1.31637e+07    38   1.34143e+07   1.31637e+07    75692    1.87%
   7899  5672   1.31637e+07    37   1.34143e+07   1.31637e+07    75744    1.87%
   7900  5673   1.31729e+07    38   1.34143e+07   1.31637e+07    75792    1.87%
Elapsed time = 4.69 sec. (7050.34 ticks, tree = 19.90 MB, solutions = 21)
   9357  6946   1.32459e+07    34   1.34143e+07   1.31637e+07    90334    1.87%
   9358  6947   1.32459e+07    34   1.34143e+07   1.31637e+07    90337    1.87%
   9359  6948   1.32460e+07    33   1.34143e+07   1.31637e+07    90341    1.87%
   9360  6949   1.32462e+07    33   1.34143e+07   1.31637e+07    90347    1.87%
   9361  6950   1.32464e+07    35   1.34143e+07   1.31637e+07    90359    1.87%
   9362  6950   1.32477e+07    35   1.34143e+07   1.31637e+07    90361    1.87%
   9363  6951   1.32477e+07    35   1.34143e+07   1.31637e+07    90362    1.87%
   9364  6952   1.32479e+07    35   1.34143e+07   1.31637e+07    90363    1.87%
   9365  6953   1.32480e+07    35   1.34143e+07   1.31637e+07    90364    1.87%
   9366  6954   1.32482e+07    37   1.34143e+07   1.31637e+07    90369    1.87%
Elapsed time = 5.30 sec. (8007.05 ticks, tree = 25.27 MB, solutions = 21)
*  9873+ 6863                       1.33219e+07   1.31637e+07             1.19%
   9873  6865   1.31642e+07    50   1.33219e+07   1.31637e+07    95548    1.19%
   9874  6866   1.31691e+07    39   1.33219e+07   1.31637e+07    95661    1.19%
   9875  6867   1.32119e+07    43   1.33219e+07   1.31637e+07    95793    1.19%
   9876  6867   1.33005e+07    41   1.33219e+07   1.31637e+07    95808    1.19%
   9877  6866    infeasible         1.33219e+07   1.31637e+07    95808    1.19%
   9878  6867   1.31650e+07    53   1.33219e+07   1.31637e+07    96001    1.19%
   9879  6868   1.31650e+07    53   1.33219e+07   1.31637e+07    96002    1.19%
   9880  6869   1.31650e+07    53   1.33219e+07   1.31637e+07    96003    1.19%
   9881  6870   1.31651e+07    53   1.33219e+07   1.31637e+07    96005    1.19%
   9882  6871   1.31652e+07    53   1.33219e+07   1.31637e+07    96011    1.19%
Elapsed time = 6.26 sec. (9153.78 ticks, tree = 25.17 MB, solutions = 22)
  10853  7589   1.31833e+07    39   1.33219e+07   1.31637e+07   111432    1.19%
  10854  7590   1.31834e+07    40   1.33219e+07   1.31637e+07   111436    1.19%
  10855  7591   1.31835e+07    37   1.33219e+07   1.31637e+07   111443    1.19%
  10856  7592   1.31836e+07    43   1.33219e+07   1.31637e+07   111447    1.19%
  10857  7593   1.31836e+07    42   1.33219e+07   1.31637e+07   111448    1.19%
  10858  7594   1.31888e+07    49   1.33219e+07   1.31637e+07   111474    1.19%
  10859  7595   1.31888e+07    46   1.33219e+07   1.31637e+07   111475    1.19%
  10860  7596   1.31892e+07    45   1.33219e+07   1.31637e+07   111483    1.19%
  10861  7597   1.31894e+07    44   1.33219e+07   1.31637e+07   111489    1.19%
  13202  9307   1.31637e+07    41   1.33219e+07   1.31637e+07   152997    1.19%
Elapsed time = 8.63 sec. (12968.71 ticks, tree = 36.86 MB, solutions = 22)
  15604 10982   1.32173e+07    46   1.33219e+07   1.31637e+07   209686    1.19%
  15605 10983   1.32187e+07    60   1.33219e+07   1.31637e+07   209709    1.19%
  15606 10984   1.32189e+07    69   1.33219e+07   1.31637e+07   209716    1.19%
  15607 10985   1.32311e+07    60   1.33219e+07   1.31637e+07   209741    1.19%
  15608 10986   1.32318e+07    59   1.33219e+07   1.31637e+07   209746    1.19%
  15609 10987   1.32360e+07    50   1.33219e+07   1.31637e+07   209760    1.19%
  15610 10988   1.32360e+07    49   1.33219e+07   1.31637e+07   209761    1.19%
  15611 10989   1.32375e+07    52   1.33219e+07   1.31637e+07   209763    1.19%
  15612 10990   1.32376e+07    48   1.33219e+07   1.31637e+07   209765    1.19%
  15613 10991   1.32381e+07    52   1.33219e+07   1.31637e+07   209782    1.19%
Elapsed time = 10.97 sec. (16800.72 ticks, tree = 46.86 MB, solutions = 22)
  17818 12499   1.32667e+07    35   1.33219e+07   1.31637e+07   262723    1.19%
  17819 12499   1.32903e+07    33   1.33219e+07   1.31637e+07   262732    1.19%
  17820 12499   1.32940e+07    35   1.33219e+07   1.31637e+07   262733    1.19%
  17821 12500   1.33142e+07    27   1.33219e+07   1.31637e+07   262745    1.19%
  17822 12499        cutoff         1.33219e+07   1.31637e+07   262748    1.19%
  17823 12498        cutoff         1.33219e+07   1.31637e+07   262750    1.19%
  17824 12499   1.31684e+07    41   1.33219e+07   1.31637e+07   262985    1.19%
  17825 12500   1.31688e+07    48   1.33219e+07   1.31637e+07   262994    1.19%
  17826 12501   1.31688e+07    45   1.33219e+07   1.31637e+07   262997    1.19%
  17827 12502   1.31688e+07    47   1.33219e+07   1.31637e+07   262998    1.19%
Elapsed time = 13.33 sec. (20632.79 ticks, tree = 56.89 MB, solutions = 22)
  19450 13524   1.32113e+07    48   1.33219e+07   1.31637e+07   310907    1.19%
  19451 13524   1.32113e+07    48   1.33219e+07   1.31637e+07   310909    1.19%
  19452 13524   1.32114e+07    48   1.33219e+07   1.31637e+07   310910    1.19%
  19453 13524   1.32124e+07    49   1.33219e+07   1.31637e+07   310913    1.19%
  19454 13525   1.32124e+07    47   1.33219e+07   1.31637e+07   310914    1.19%
  19455 13526   1.32145e+07    39   1.33219e+07   1.31637e+07   310918    1.19%
  19456 13526   1.32768e+07    27   1.33219e+07   1.31637e+07   310934    1.19%
  19457 13525    infeasible         1.33219e+07   1.31637e+07   310934    1.19%
  19458 13525   1.31729e+07    43   1.33219e+07   1.31637e+07   311178    1.19%
  19459 13526   1.31729e+07    43   1.33219e+07   1.31637e+07   311179    1.19%
Elapsed time = 15.70 sec. (24478.08 ticks, tree = 64.24 MB, solutions = 22)
  21673 15049   1.31768e+07    33   1.33219e+07   1.31637e+07   373184    1.19%
  21674 15050   1.31769e+07    34   1.33219e+07   1.31637e+07   373186    1.19%
  21675 15051   1.31778e+07    37   1.33219e+07   1.31637e+07   373192    1.19%
  21676 15052   1.31792e+07    35   1.33219e+07   1.31637e+07   373195    1.19%
  21677 15053   1.31792e+07    33   1.33219e+07   1.31637e+07   373197    1.19%
  21678 15054   1.31802e+07    25   1.33219e+07   1.31637e+07   373206    1.19%
  21679 15055   1.31802e+07    26   1.33219e+07   1.31637e+07   373208    1.19%
  21680 15056   1.31802e+07    26   1.33219e+07   1.31637e+07   373213    1.19%
  21681 15057   1.31896e+07    23   1.33219e+07   1.31637e+07   373218    1.19%
  21682 15058   1.31896e+07    23   1.33219e+07   1.31637e+07   373219    1.19%
Elapsed time = 18.11 sec. (28303.03 ticks, tree = 75.39 MB, solutions = 22)
  24174 16664   1.31929e+07    48   1.33219e+07   1.31637e+07   427995    1.19%
  24175 16665   1.31931e+07    45   1.33219e+07   1.31637e+07   427999    1.19%
  24176 16666   1.31955e+07    47   1.33219e+07   1.31637e+07   428002    1.19%
  24177 16667   1.31956e+07    45   1.33219e+07   1.31637e+07   428004    1.19%
  24178 16668   1.31959e+07    37   1.33219e+07   1.31637e+07   428014    1.19%
  24179 16669   1.31960e+07    45   1.33219e+07   1.31637e+07   428023    1.19%
  24180 16670   1.31961e+07    45   1.33219e+07   1.31637e+07   428024    1.19%
  24181 16671   1.31961e+07    45   1.33219e+07   1.31637e+07   428025    1.19%
  24182 16672   1.32017e+07    36   1.33219e+07   1.31637e+07   428036    1.19%
  24183 16673   1.32027e+07    35   1.33219e+07   1.31637e+07   428037    1.19%
Elapsed time = 20.47 sec. (32124.10 ticks, tree = 87.42 MB, solutions = 22)
  26300 17987   1.31637e+07    53   1.33219e+07   1.31637e+07   481921    1.19%
  26301 17988   1.31637e+07    56   1.33219e+07   1.31637e+07   481926    1.19%
  26302 17989   1.31637e+07    54   1.33219e+07   1.31637e+07   481966    1.19%
  26303 17990   1.31693e+07    45   1.33219e+07   1.31637e+07   482098    1.19%
  26304 17991   1.31733e+07    44   1.33219e+07   1.31637e+07   482155    1.19%
  26305 17992   1.31733e+07    45   1.33219e+07   1.31637e+07   482158    1.19%
  26306 17993   1.31749e+07    45   1.33219e+07   1.31637e+07   482190    1.19%
  26307 17994   1.31752e+07    48   1.33219e+07   1.31637e+07   482209    1.19%
  26308 17995   1.31755e+07    46   1.33219e+07   1.31637e+07   482223    1.19%
  26309 17996   1.31769e+07    47   1.33219e+07   1.31637e+07   482238    1.19%
Elapsed time = 22.89 sec. (35960.41 ticks, tree = 96.87 MB, solutions = 22)
  28764 19509   1.31637e+07    37   1.33219e+07   1.31637e+07   540391    1.19%
  28765 19510   1.31637e+07    48   1.33219e+07   1.31637e+07   540400    1.19%
  28766 19511   1.31637e+07    37   1.33219e+07   1.31637e+07   540401    1.19%
  28767 19512   1.31637e+07    37   1.33219e+07   1.31637e+07   540402    1.19%
  28768 19513   1.31637e+07    37   1.33219e+07   1.31637e+07   540405    1.19%
  28769 19514   1.31637e+07    36   1.33219e+07   1.31637e+07   540413    1.19%
  28770 19515   1.31637e+07    36   1.33219e+07   1.31637e+07   540414    1.19%
  28771 19516   1.31637e+07    46   1.33219e+07   1.31637e+07   540427    1.19%
  28772 19517   1.31637e+07    54   1.33219e+07   1.31637e+07   540430    1.19%
  28773 19518   1.31637e+07    42   1.33219e+07   1.31637e+07   540434    1.19%
Elapsed time = 25.31 sec. (39787.83 ticks, tree = 107.75 MB, solutions = 22)
  31538 21157   1.31669e+07    40   1.33219e+07   1.31637e+07   594141    1.19%
  31539 21158   1.31669e+07    40   1.33219e+07   1.31637e+07   594142    1.19%
  31540 21159   1.31669e+07    40   1.33219e+07   1.31637e+07   594144    1.19%
  31541 21160   1.31669e+07    40   1.33219e+07   1.31637e+07   594145    1.19%
  31542 21161   1.31730e+07    35   1.33219e+07   1.31637e+07   594164    1.19%
  31543 21162   1.31730e+07    34   1.33219e+07   1.31637e+07   594171    1.19%
  31544 21163   1.31730e+07    34   1.33219e+07   1.31637e+07   594172    1.19%
  31545 21164   1.31730e+07    34   1.33219e+07   1.31637e+07   594176    1.19%
  31546 21165   1.31730e+07    34   1.33219e+07   1.31637e+07   594177    1.19%
  31547 21166   1.31730e+07    34   1.33219e+07   1.31637e+07   594178    1.19%
Elapsed time = 27.75 sec. (43612.84 ticks, tree = 119.45 MB, solutions = 22)
  34173 22941   1.32463e+07    36   1.33219e+07   1.31637e+07   653771    1.19%
  34174 22940        cutoff         1.33219e+07   1.31637e+07   653791    1.19%
  34175 22941   1.32574e+07    32   1.33219e+07   1.31637e+07   653794    1.19%
  34176 22940        cutoff         1.33219e+07   1.31637e+07   653800    1.19%
  34177 22941   1.32574e+07    30   1.33219e+07   1.31637e+07   653804    1.19%
  34178 22941   1.32574e+07    32   1.33219e+07   1.31637e+07   653809    1.19%
  34179 22942   1.32574e+07    32   1.33219e+07   1.31637e+07   653810    1.19%
  34180 22941        cutoff         1.33219e+07   1.31637e+07   653826    1.19%
  34181 22940        cutoff         1.33219e+07   1.31637e+07   653830    1.19%
  34182 22941   1.31637e+07    40   1.33219e+07   1.31637e+07   653853    1.19%
Elapsed time = 30.18 sec. (47507.86 ticks, tree = 132.14 MB, solutions = 22)
  36560 24190   1.31762e+07    48   1.33219e+07   1.31637e+07   714039    1.19%
  36561 24191   1.31806e+07    55   1.33219e+07   1.31637e+07   714084    1.19%
  36562 24192   1.31806e+07    40   1.33219e+07   1.31637e+07   714092    1.19%
  36563 24193   1.32519e+07    48   1.33219e+07   1.31637e+07   714117    1.19%
  36564 24192        cutoff         1.33219e+07   1.31637e+07   714137    1.19%
  36565 24191        cutoff         1.33219e+07   1.31637e+07   714186    1.19%
  36566 24192   1.31685e+07    46   1.33219e+07   1.31637e+07   714437    1.19%
  36567 24193   1.31700e+07    46   1.33219e+07   1.31637e+07   714458    1.19%
  36568 24194   1.31713e+07    53   1.33219e+07   1.31637e+07   714478    1.19%
  36569 24195   1.31800e+07    54   1.33219e+07   1.31637e+07   714495    1.19%
Elapsed time = 32.55 sec. (51357.04 ticks, tree = 141.11 MB, solutions = 22)
  39073 25837   1.31661e+07    35   1.33219e+07   1.31637e+07   770314    1.19%
  39074 25838   1.33040e+07    18   1.33219e+07   1.31637e+07   770357    1.19%
  39075 25839   1.33040e+07    23   1.33219e+07   1.31637e+07   770374    1.19%
  39076 25840   1.33040e+07    25   1.33219e+07   1.31637e+07   770382    1.19%
  39077 25841   1.33040e+07    22   1.33219e+07   1.31637e+07   770400    1.19%
  39078 25842   1.33040e+07    21   1.33219e+07   1.31637e+07   770401    1.19%
  39079 25843   1.33040e+07    19   1.33219e+07   1.31637e+07   770419    1.19%
  39080 25844   1.33040e+07    21   1.33219e+07   1.31637e+07   770425    1.19%
  39081 25845   1.33040e+07    19   1.33219e+07   1.31637e+07   770429    1.19%
  39082 25846   1.33040e+07    23   1.33219e+07   1.31637e+07   770463    1.19%
Elapsed time = 35.13 sec. (55300.14 ticks, tree = 152.68 MB, solutions = 22)
  41793 27601   1.31666e+07    28   1.33219e+07   1.31637e+07   828574    1.19%
  41794 27602   1.31725e+07    26   1.33219e+07   1.31637e+07   828594    1.19%
  41795 27603   1.31742e+07    26   1.33219e+07   1.31637e+07   828602    1.19%
  41796 27604   1.31764e+07    23   1.33219e+07   1.31637e+07   828616    1.19%
  41797 27604   1.32055e+07    24   1.33219e+07   1.31637e+07   828629    1.19%
  41798 27605   1.32055e+07    24   1.33219e+07   1.31637e+07   828631    1.19%
  41799 27606   1.32055e+07    24   1.33219e+07   1.31637e+07   828635    1.19%
  41800 27606   1.32311e+07    21   1.33219e+07   1.31637e+07   828638    1.19%
  41801 27605   1.32311e+07    20   1.33219e+07   1.31637e+07   828639    1.19%
  41802 27606   1.31637e+07    54   1.33219e+07   1.31637e+07   828751    1.19%
Elapsed time = 37.57 sec. (59126.42 ticks, tree = 165.03 MB, solutions = 22)
  44167 29109   1.32418e+07    49   1.33219e+07   1.31637e+07   879397    1.19%
  44168 29109   1.32419e+07    46   1.33219e+07   1.31637e+07   879403    1.19%
  44169 29109   1.32521e+07    45   1.33219e+07   1.31637e+07   879419    1.19%
  44170 29110   1.32521e+07    47   1.33219e+07   1.31637e+07   879424    1.19%
  44171 29111   1.32579e+07    45   1.33219e+07   1.31637e+07   879430    1.19%
  44172 29110        cutoff         1.33219e+07   1.31637e+07   879444    1.19%
  44173 29109        cutoff         1.33219e+07   1.31637e+07   879450    1.19%
  44174 29108        cutoff         1.33219e+07   1.31637e+07   879521    1.19%
  44175 29109   1.32223e+07    36   1.33219e+07   1.31637e+07   879713    1.19%
  44176 29110   1.32367e+07    35   1.33219e+07   1.31637e+07   879732    1.19%
Elapsed time = 41.12 sec. (62961.10 ticks, tree = 175.67 MB, solutions = 22)
  46793 30930   1.31637e+07    34   1.33219e+07   1.31637e+07   938237    1.19%
  46794 30931   1.31637e+07    33   1.33219e+07   1.31637e+07   938239    1.19%
  46795 30932   1.31637e+07    34   1.33219e+07   1.31637e+07   938245    1.19%
  46796 30933   1.31637e+07    39   1.33219e+07   1.31637e+07   938285    1.19%
  46797 30934   1.31637e+07    37   1.33219e+07   1.31637e+07   938291    1.19%
  46798 30935   1.31637e+07    41   1.33219e+07   1.31637e+07   938305    1.19%
  46799 30936   1.31637e+07    42   1.33219e+07   1.31637e+07   938338    1.19%
  46800 30937   1.31637e+07    35   1.33219e+07   1.31637e+07   938346    1.19%
  46801 30938   1.31637e+07    42   1.33219e+07   1.31637e+07   938383    1.19%
  46802 30939   1.31637e+07    39   1.33219e+07   1.31637e+07   938385    1.19%
Elapsed time = 44.73 sec. (66785.82 ticks, tree = 188.54 MB, solutions = 22)
  49280 32554   1.32044e+07    39   1.33219e+07   1.31637e+07   992224    1.19%
  49281 32554   1.32667e+07    38   1.33219e+07   1.31637e+07   992265    1.19%
  49282 32553        cutoff         1.33219e+07   1.31637e+07   992267    1.19%
  49283 32552        cutoff         1.33219e+07   1.31637e+07   992340    1.19%
  49284 32551        cutoff         1.33219e+07   1.31637e+07   992376    1.19%
  49285 32552   1.31937e+07    38   1.33219e+07   1.31637e+07   992638    1.19%
  49286 32553   1.31937e+07    37   1.33219e+07   1.31637e+07   992661    1.19%
  49287 32554   1.31937e+07    37   1.33219e+07   1.31637e+07   992662    1.19%
  49288 32553   1.32323e+07    29   1.33219e+07   1.31637e+07   992680    1.19%
  49289 32554   1.31949e+07    35   1.33219e+07   1.31637e+07   992756    1.19%
Elapsed time = 48.44 sec. (70630.06 ticks, tree = 199.87 MB, solutions = 22)
  51757 33970        cutoff         1.33219e+07   1.31637e+07  1046580    1.19%
  51758 33971   1.31637e+07    37   1.33219e+07   1.31637e+07  1046634    1.19%
  51759 33972   1.31637e+07    35   1.33219e+07   1.31637e+07  1046643    1.19%
  51760 33973   1.31637e+07    35   1.33219e+07   1.31637e+07  1046665    1.19%
  51761 33974   1.31637e+07    38   1.33219e+07   1.31637e+07  1046696    1.19%
  51762 33975   1.31637e+07    33   1.33219e+07   1.31637e+07  1046701    1.19%
  51763 33976   1.31637e+07    35   1.33219e+07   1.31637e+07  1046715    1.19%
  51764 33977   1.31637e+07    39   1.33219e+07   1.31637e+07  1046727    1.19%
  51765 33978   1.31637e+07    34   1.33219e+07   1.31637e+07  1046729    1.19%
  51766 33979   1.31637e+07    36   1.33219e+07   1.31637e+07  1046738    1.19%
Elapsed time = 52.03 sec. (74460.40 ticks, tree = 210.84 MB, solutions = 22)
  53873 35252   1.31637e+07    39   1.33219e+07   1.31637e+07  1099286    1.19%
  53874 35253   1.31637e+07    39   1.33219e+07   1.31637e+07  1099287    1.19%
  53875 35254   1.31637e+07    39   1.33219e+07   1.31637e+07  1099290    1.19%
  53876 35253        cutoff         1.33219e+07   1.31637e+07  1099358    1.19%
  53877 35252        cutoff         1.33219e+07   1.31637e+07  1099423    1.19%
  53878 35251        cutoff         1.33219e+07   1.31637e+07  1099567    1.19%
  53879 35251   1.31692e+07    37   1.33219e+07   1.31637e+07  1099858    1.19%
  53880 35252   1.31692e+07    37   1.33219e+07   1.31637e+07  1099859    1.19%
  53881 35253   1.31911e+07    31   1.33219e+07   1.31637e+07  1099870    1.19%
  53882 35252        cutoff         1.33219e+07   1.31637e+07  1099873    1.19%
Elapsed time = 55.65 sec. (78411.29 ticks, tree = 219.90 MB, solutions = 22)
  56574 36921   1.32445e+07    25   1.33219e+07   1.31637e+07  1156841    1.19%
  56575 36920        cutoff         1.33219e+07   1.31637e+07  1156855    1.19%
  56576 36919        cutoff         1.33219e+07   1.31637e+07  1156862    1.19%
  56577 36919   1.32784e+07    16   1.33219e+07   1.31637e+07  1157008    1.19%
  56578 36918        cutoff         1.33219e+07   1.31637e+07  1157020    1.19%
  56579 36919   1.31637e+07    43   1.33219e+07   1.31637e+07  1157136    1.19%
  56580 36920   1.31637e+07    40   1.33219e+07   1.31637e+07  1157139    1.19%
  56581 36921   1.31637e+07    39   1.33219e+07   1.31637e+07  1157148    1.19%
  56582 36922   1.31637e+07    40   1.33219e+07   1.31637e+07  1157159    1.19%
  56583 36923   1.31637e+07    42   1.33219e+07   1.31637e+07  1157250    1.19%
Elapsed time = 59.30 sec. (82253.21 ticks, tree = 231.62 MB, solutions = 22)
  59141 38555   1.31637e+07    37   1.33219e+07   1.31637e+07  1215651    1.19%
  59142 38556   1.31637e+07    35   1.33219e+07   1.31637e+07  1215675    1.19%
  59143 38557   1.31637e+07    38   1.33219e+07   1.31637e+07  1215692    1.19%
  59144 38558   1.31637e+07    34   1.33219e+07   1.31637e+07  1215712    1.19%
  59145 38559   1.31637e+07    34   1.33219e+07   1.31637e+07  1215727    1.19%
  59146 38560   1.31637e+07    33   1.33219e+07   1.31637e+07  1215729    1.19%
  59147 38561   1.31637e+07    37   1.33219e+07   1.31637e+07  1215755    1.19%
  59148 38562   1.31637e+07    36   1.33219e+07   1.31637e+07  1215756    1.19%
  59149 38563   1.31637e+07    33   1.33219e+07   1.31637e+07  1215765    1.19%
  59150 38564   1.31694e+07    34   1.33219e+07   1.31637e+07  1215876    1.19%
Elapsed time = 62.95 sec. (86082.72 ticks, tree = 243.18 MB, solutions = 22)
  61207 39664   1.32026e+07    26   1.33219e+07   1.31637e+07  1266231    1.19%
  61208 39665   1.32026e+07    26   1.33219e+07   1.31637e+07  1266264    1.19%
  61209 39666   1.32026e+07    26   1.33219e+07   1.31637e+07  1266266    1.19%
  61210 39667   1.32026e+07    25   1.33219e+07   1.31637e+07  1266277    1.19%
  61211 39668   1.32026e+07    25   1.33219e+07   1.31637e+07  1266284    1.19%
  61212 39669   1.32026e+07    24   1.33219e+07   1.31637e+07  1266287    1.19%
  61213 39670   1.32026e+07    23   1.33219e+07   1.31637e+07  1266292    1.19%
  61214 39670   1.32296e+07    34   1.33219e+07   1.31637e+07  1266367    1.19%
  61215 39669        cutoff         1.33219e+07   1.31637e+07  1266384    1.19%
  61216 39668        cutoff         1.33219e+07   1.31637e+07  1266406    1.19%
Elapsed time = 66.58 sec. (89910.49 ticks, tree = 250.95 MB, solutions = 22)
  63373 40941   1.31857e+07    53   1.33219e+07   1.31637e+07  1320371    1.19%
  63374 40942   1.31857e+07    47   1.33219e+07   1.31637e+07  1320372    1.19%
  63375 40943   1.31858e+07    46   1.33219e+07   1.31637e+07  1320376    1.19%
  63376 40944   1.31859e+07    46   1.33219e+07   1.31637e+07  1320395    1.19%
  63377 40945   1.31867e+07    42   1.33219e+07   1.31637e+07  1320401    1.19%
  63378 40944        cutoff         1.33219e+07   1.31637e+07  1320429    1.19%
  63379 40943        cutoff         1.33219e+07   1.31637e+07  1320466    1.19%
  63380 40942        cutoff         1.33219e+07   1.31637e+07  1320510    1.19%
  63381 40943   1.31641e+07    30   1.33219e+07   1.31637e+07  1320617    1.19%
  63382 40944   1.31641e+07    32   1.33219e+07   1.31637e+07  1320622    1.19%
Elapsed time = 70.20 sec. (93806.13 ticks, tree = 260.03 MB, solutions = 22)
  65568 42215   1.31637e+07    44   1.33219e+07   1.31637e+07  1382332    1.19%
  65569 42216   1.31637e+07    41   1.33219e+07   1.31637e+07  1382407    1.19%
  65570 42217   1.31637e+07    39   1.33219e+07   1.31637e+07  1382410    1.19%
  65571 42218   1.31637e+07    40   1.33219e+07   1.31637e+07  1382424    1.19%
  65572 42219   1.31637e+07    37   1.33219e+07   1.31637e+07  1382453    1.19%
  65573 42220   1.31637e+07    37   1.33219e+07   1.31637e+07  1382454    1.19%
  65574 42221   1.31637e+07    37   1.33219e+07   1.31637e+07  1382475    1.19%
  65575 42222   1.31637e+07    37   1.33219e+07   1.31637e+07  1382504    1.19%
  65576 42223   1.31637e+07    49   1.33219e+07   1.31637e+07  1382630    1.19%
  65577 42224   1.31637e+07    47   1.33219e+07   1.31637e+07  1382650    1.19%
Elapsed time = 73.83 sec. (97640.18 ticks, tree = 268.98 MB, solutions = 22)
  67699 43472   1.32079e+07    40   1.33219e+07   1.31637e+07  1438103    1.19%
  67700 43473   1.32085e+07    47   1.33219e+07   1.31637e+07  1438120    1.19%
  67701 43472        cutoff         1.33219e+07   1.31637e+07  1438150    1.19%
  67702 43473   1.32085e+07    47   1.33219e+07   1.31637e+07  1438151    1.19%
  67703 43474   1.32142e+07    47   1.33219e+07   1.31637e+07  1438182    1.19%
  67704 43473        cutoff         1.33219e+07   1.31637e+07  1438219    1.19%
  67705 43474   1.32145e+07    46   1.33219e+07   1.31637e+07  1438220    1.19%
  67706 43475   1.32145e+07    46   1.33219e+07   1.31637e+07  1438221    1.19%
  67707 43476   1.32148e+07    41   1.33219e+07   1.31637e+07  1438223    1.19%
  67708 43475        cutoff         1.33219e+07   1.31637e+07  1438282    1.19%
Elapsed time = 77.44 sec. (101467.56 ticks, tree = 277.84 MB, solutions = 22)
  70046 44847   1.31729e+07    47   1.33219e+07   1.31637e+07  1492358    1.19%
  70047 44848   1.31769e+07    43   1.33219e+07   1.31637e+07  1492377    1.19%
  70048 44849   1.31803e+07    56   1.33219e+07   1.31637e+07  1492423    1.19%
  70049 44850   1.31813e+07    51   1.33219e+07   1.31637e+07  1492439    1.19%
  70050 44851   1.31816e+07    56   1.33219e+07   1.31637e+07  1492454    1.19%
  70051 44852   1.31817e+07    58   1.33219e+07   1.31637e+07  1492456    1.19%
  70052 44853   1.31845e+07    41   1.33219e+07   1.31637e+07  1492484    1.19%
  70053 44854   1.31874e+07    51   1.33219e+07   1.31637e+07  1492513    1.19%
  70054 44855   1.31916e+07    46   1.33219e+07   1.31637e+07  1492546    1.19%
  70055 44856   1.32004e+07    47   1.33219e+07   1.31637e+07  1492578    1.19%
Elapsed time = 80.99 sec. (105301.96 ticks, tree = 287.51 MB, solutions = 22)
  72410 46233        cutoff         1.33219e+07   1.31637e+07  1547746    1.19%
  72411 46232        cutoff         1.33219e+07   1.31637e+07  1547751    1.19%
  72412 46233   1.31637e+07    28   1.33219e+07   1.31637e+07  1547779    1.19%
  72413 46234   1.31637e+07    28   1.33219e+07   1.31637e+07  1547780    1.19%
  72414 46235   1.31637e+07    26   1.33219e+07   1.31637e+07  1547781    1.19%
  72415 46236   1.31637e+07    25   1.33219e+07   1.31637e+07  1547797    1.19%
  72416 46237   1.31637e+07    31   1.33219e+07   1.31637e+07  1547845    1.19%
  72417 46238   1.31680e+07    39   1.33219e+07   1.31637e+07  1547935    1.19%
  72418 46237        cutoff         1.33219e+07   1.31637e+07  1547947    1.19%
  72419 46236        cutoff         1.33219e+07   1.31637e+07  1547959    1.19%
Elapsed time = 84.49 sec. (109134.19 ticks, tree = 297.19 MB, solutions = 22)
  75126 48017   1.31637e+07    24   1.33219e+07   1.31637e+07  1605138    1.19%
  75127 48018   1.31637e+07    23   1.33219e+07   1.31637e+07  1605141    1.19%
  75128 48019   1.31637e+07    30   1.33219e+07   1.31637e+07  1605148    1.19%
  75129 48020   1.31637e+07    28   1.33219e+07   1.31637e+07  1605149    1.19%
  75130 48021   1.31637e+07    32   1.33219e+07   1.31637e+07  1605154    1.19%
  75131 48022   1.31637e+07    29   1.33219e+07   1.31637e+07  1605155    1.19%
  75132 48023   1.31637e+07    29   1.33219e+07   1.31637e+07  1605158    1.19%
  75133 48024   1.31637e+07    29   1.33219e+07   1.31637e+07  1605159    1.19%
  75134 48025   1.31637e+07    31   1.33219e+07   1.31637e+07  1605162    1.19%
  75135 48026   1.31637e+07    27   1.33219e+07   1.31637e+07  1605165    1.19%
Elapsed time = 88.05 sec. (112952.19 ticks, tree = 309.72 MB, solutions = 22)
* 77973+46915                       1.32903e+07   1.31637e+07             0.95%
* 77973+45093                       1.32651e+07   1.31637e+07             0.76%
  77973 45095   1.32027e+07    37   1.32651e+07   1.31637e+07  1651896    0.76%
  77974 45096   1.32054e+07    43   1.32651e+07   1.31637e+07  1651912    0.76%
  77975 45097   1.32058e+07    37   1.32651e+07   1.31637e+07  1651921    0.76%
  77976 45098   1.32063e+07    39   1.32651e+07   1.31637e+07  1651925    0.76%
  77977 45099   1.32149e+07    39   1.32651e+07   1.31637e+07  1651934    0.76%
  77978 45100   1.32162e+07    40   1.32651e+07   1.31637e+07  1651955    0.76%
  77979 45101   1.32228e+07    37   1.32651e+07   1.31637e+07  1651972    0.76%
  77980 45100        cutoff         1.32651e+07   1.31637e+07  1651980    0.76%
  77981 45100   1.32239e+07    36   1.32651e+07   1.31637e+07  1651991    0.76%
  77982 45101   1.32243e+07    36   1.32651e+07   1.31637e+07  1651992    0.76%
Elapsed time = 91.69 sec. (117035.43 ticks, tree = 291.67 MB, solutions = 24)
  79273 45874   1.31977e+07    32   1.32651e+07   1.31637e+07  1674625    0.76%
  79274 45875   1.31977e+07    32   1.32651e+07   1.31637e+07  1674626    0.76%
  79275 45876   1.31981e+07    33   1.32651e+07   1.31637e+07  1674632    0.76%
  79276 45875        cutoff         1.32651e+07   1.31637e+07  1674670    0.76%
  79277 45876   1.32163e+07    37   1.32651e+07   1.31637e+07  1674689    0.76%
  79278 45876   1.32185e+07    38   1.32651e+07   1.31637e+07  1674691    0.76%
  79279 45877   1.32189e+07    38   1.32651e+07   1.31637e+07  1674692    0.76%
  79280 45878   1.32189e+07    38   1.32651e+07   1.31637e+07  1674693    0.76%
  79281 45879   1.32192e+07    40   1.32651e+07   1.31637e+07  1674694    0.76%
  79282 45880   1.32200e+07    39   1.32651e+07   1.31637e+07  1674697    0.76%
Elapsed time = 95.07 sec. (120953.37 ticks, tree = 297.14 MB, solutions = 24)
  81029 47128   1.32131e+07    24   1.32651e+07   1.31637e+07  1698157    0.76%
  81030 47129   1.32148e+07    28   1.32651e+07   1.31637e+07  1698164    0.76%
  81031 47130   1.32159e+07    22   1.32651e+07   1.31637e+07  1698166    0.76%
  81032 47131   1.32257e+07    21   1.32651e+07   1.31637e+07  1698169    0.76%
  81033 47131   1.32258e+07    30   1.32651e+07   1.31637e+07  1698170    0.76%
  81034 47131   1.32258e+07    30   1.32651e+07   1.31637e+07  1698171    0.76%
  81035 47131   1.32258e+07    30   1.32651e+07   1.31637e+07  1698172    0.76%
  81036 47132   1.32260e+07    21   1.32651e+07   1.31637e+07  1698173    0.76%
  81037 47131        cutoff         1.32651e+07   1.31637e+07  1698174    0.76%
  81038 47130        cutoff         1.32651e+07   1.31637e+07  1698178    0.76%
Elapsed time = 98.17 sec. (124771.56 ticks, tree = 305.90 MB, solutions = 24)

Clique cuts applied:  1
Cover cuts applied:  422
Mixed integer rounding cuts applied:  22
Zero-half cuts applied:  1
Gomory fractional cuts applied:  9

Root node processing (before b&c):
  Real time             =    0.06 sec. (80.78 ticks)
Sequential b&c:
  Real time             =   99.94 sec. (126740.12 ticks)
                          ------------
Total (root+branch&cut) =  100.00 sec. (126820.90 ticks)

Solution pool: 24 solutions saved.

MIP - Time limit exceeded, integer feasible:  Objective =  1.3265056000e+07
Current MIP best bound =  1.3163658000e+07 (gap = 101398, 0.76%)
Solution time =  100.00 sec.  Iterations = 1724549  Nodes = 83530 (48896)
Deterministic time = 126820.90 ticks  (1268.21 ticks/sec)


Incumbent solution written to file '/tmp/tmp7HndVf.cplex.sol'.
