
Log started (V12.6.3.0) Sat Apr 21 21:04:10 2018

New value for default parallel thread count: 1

Problem '/tmp/tmpGRGSX7.pyomo.lp' read.
Read time = 0.01 sec. (1.11 ticks)

Problem name         : /tmp/tmpGRGSX7.pyomo.lp
Objective sense      : Minimize
Variables            :    1136  [Nneg: 1,  Binary: 1120,  General Integer: 15]
Objective nonzeros   :       1
Linear constraints   :     189  [Less: 94,  Equal: 95]
  Nonzeros           :   80213
  RHS nonzeros       :     161

Variables            : Min LB: 0.000000         Max UB: 1.000000       
Objective nonzeros   : Min   : 1.000000         Max   : 1.000000       
Linear constraints   :
  Nonzeros           : Min   : 1.000000         Max   : 8036379.       
  RHS nonzeros       : Min   : 1.000000         Max   : 8.000000       
Tried aggregator 2 times.
MIP Presolve eliminated 80 rows and 66 columns.
Aggregator did 5 substitutions.
Reduced MIP has 104 rows, 1065 columns, and 3052 nonzeros.
Reduced MIP has 1050 binaries, 15 generals, 0 SOSs, and 0 indicators.
Presolve time = 0.01 sec. (14.42 ticks)
Found incumbent of value 5.6645489e+07 after 0.01 sec. (16.47 ticks)
Probing time = 0.00 sec. (2.01 ticks)
Cover probing fixed 0 vars, tightened 28 bounds.
Tried aggregator 2 times.
Aggregator did 14 substitutions.
Reduced MIP has 90 rows, 1051 columns, and 3024 nonzeros.
Reduced MIP has 1050 binaries, 1 generals, 0 SOSs, and 0 indicators.
Presolve time = 0.00 sec. (2.62 ticks)
Probing time = 0.00 sec. (1.94 ticks)
Cover probing fixed 0 vars, tightened 5 bounds.
Clique table members: 75.
MIP emphasis: balance optimality and feasibility.
MIP search method: dynamic search.
Parallel mode: none, using 1 thread.
Root relaxation solution time = 0.00 sec. (1.06 ticks)

        Nodes                                         Cuts/
   Node  Left     Objective  IInf  Best Integer    Best Bound    ItCnt     Gap

*     0+    0                       5.66455e+07        0.0000           100.00%
      0     0   1.31637e+07    20   5.66455e+07   1.31637e+07       33   76.76%
*     0+    0                       1.75827e+07   1.31637e+07            25.13%
      0     0   1.31637e+07    32   1.75827e+07     Fract: 12       53   25.13%
*     0+    0                       1.57019e+07   1.31637e+07            16.16%
      0     0   1.31637e+07    27   1.57019e+07       Cuts: 6       91   16.16%
      0     0   1.31637e+07    33   1.57019e+07       Cuts: 9      152   16.16%
*     0+    0                       1.48906e+07   1.31637e+07            11.60%
*     0+    0                       1.48205e+07   1.31637e+07            11.18%
*     0+    0                       1.44555e+07   1.31637e+07             8.94%
*     0+    0                       1.42753e+07   1.31637e+07             7.79%
      0     2   1.31637e+07    24   1.42753e+07   1.31637e+07      152    7.79%
Elapsed time = 0.08 sec. (117.05 ticks, tree = 0.01 MB, solutions = 6)
*    70+   70                       1.41791e+07   1.31637e+07             7.16%
*   170+  154                       1.39234e+07   1.31637e+07             5.46%
*   466+  409                       1.38017e+07   1.31637e+07             4.62%
*   466+  402                       1.37789e+07   1.31637e+07             4.47%
*   467+  401                       1.37221e+07   1.31637e+07             4.07%
*   467+  397                       1.37072e+07   1.31637e+07             3.97%
    467   399   1.36453e+07    16   1.37072e+07   1.31637e+07     3342    3.97%
    468   400   1.31637e+07    32   1.37072e+07   1.31637e+07     3975    3.97%
    469   401   1.31637e+07    27   1.37072e+07   1.31637e+07     4021    3.97%
    470   402   1.31637e+07    29   1.37072e+07   1.31637e+07     4042    3.97%
    471   402   1.31637e+07    30   1.37072e+07   1.31637e+07     4051    3.97%
    472   403   1.31637e+07    31   1.37072e+07   1.31637e+07     4054    3.97%
    473   404   1.31637e+07    29   1.37072e+07   1.31637e+07     4071    3.97%
    474   405   1.31637e+07    35   1.37072e+07   1.31637e+07     4088    3.97%
    475   405   1.31637e+07    30   1.37072e+07   1.31637e+07     4091    3.97%
*   568+  278                       1.36069e+07   1.31637e+07             3.26%
*   568+  207                       1.36006e+07   1.31637e+07             3.21%
    568   207   1.31640e+07    27   1.36006e+07   1.31637e+07     5033    3.21%
Elapsed time = 0.77 sec. (1206.62 ticks, tree = 0.39 MB, solutions = 14)
*   668+  163                       1.35863e+07   1.31637e+07             3.11%
*   668+  140                       1.35579e+07   1.31637e+07             2.91%
*   868+  249                       1.34899e+07   1.31637e+07             2.42%
*   868+  242                       1.34362e+07   1.31637e+07             2.03%
    868   244   1.32090e+07    21   1.34362e+07   1.31637e+07     6868    2.03%
    869   245   1.32090e+07    19   1.34362e+07   1.31637e+07     6870    2.03%
    870   246   1.32163e+07    23   1.34362e+07   1.31637e+07     6912    2.03%
    871   247   1.32090e+07    18   1.34362e+07   1.31637e+07     6916    2.03%
    872   248   1.32090e+07    21   1.34362e+07   1.31637e+07     6938    2.03%
    873   249   1.32090e+07    20   1.34362e+07   1.31637e+07     6941    2.03%
    874   250   1.32090e+07    19   1.34362e+07   1.31637e+07     6944    2.03%
    875   251   1.32090e+07    19   1.34362e+07   1.31637e+07     6946    2.03%
    876   252   1.32090e+07    19   1.34362e+07   1.31637e+07     6949    2.03%
    877   253   1.32090e+07    19   1.34362e+07   1.31637e+07     6952    2.03%
Elapsed time = 1.50 sec. (2244.28 ticks, tree = 0.48 MB, solutions = 18)
   2661  1560   1.31962e+07    26   1.34362e+07   1.31637e+07    17373    2.03%
   2662  1561   1.31962e+07    26   1.34362e+07   1.31637e+07    17375    2.03%
   2663  1562   1.31962e+07    27   1.34362e+07   1.31637e+07    17377    2.03%
   2664  1563   1.31962e+07    27   1.34362e+07   1.31637e+07    17379    2.03%
   2665  1564   1.31964e+07    27   1.34362e+07   1.31637e+07    17380    2.03%
   2666  1565   1.31964e+07    28   1.34362e+07   1.31637e+07    17384    2.03%
   2667  1566   1.31964e+07    28   1.34362e+07   1.31637e+07    17385    2.03%
   2668  1567   1.31964e+07    27   1.34362e+07   1.31637e+07    17386    2.03%
   2669  1567   1.31968e+07    28   1.34362e+07   1.31637e+07    17394    2.03%
   2670  1568   1.31968e+07    27   1.34362e+07   1.31637e+07    17395    2.03%
Elapsed time = 2.09 sec. (3200.68 ticks, tree = 3.09 MB, solutions = 18)
   4028  2621   1.32064e+07    51   1.34362e+07   1.31637e+07    28708    2.03%
   4029  2622   1.32585e+07    41   1.34362e+07   1.31637e+07    28737    2.03%
   4030  2623   1.33173e+07    29   1.34362e+07   1.31637e+07    28757    2.03%
   4031  2624   1.33267e+07    35   1.34362e+07   1.31637e+07    28777    2.03%
   4032  2623        cutoff         1.34362e+07   1.31637e+07    28782    2.03%
   4033  2624   1.33268e+07    36   1.34362e+07   1.31637e+07    28786    2.03%
   4034  2625   1.33268e+07    36   1.34362e+07   1.31637e+07    28788    2.03%
   4035  2624        cutoff         1.34362e+07   1.31637e+07    28799    2.03%
   4036  2625   1.33268e+07    36   1.34362e+07   1.31637e+07    28800    2.03%
   4037  2626   1.33271e+07    35   1.34362e+07   1.31637e+07    28811    2.03%
Elapsed time = 2.66 sec. (4168.00 ticks, tree = 5.65 MB, solutions = 18)
   4748  3147   1.31637e+07    34   1.34362e+07   1.31637e+07    41064    2.03%
   4749  3148   1.31637e+07    38   1.34362e+07   1.31637e+07    41140    2.03%
   4750  3149   1.31637e+07    35   1.34362e+07   1.31637e+07    41226    2.03%
   4751  3150   1.31637e+07    37   1.34362e+07   1.31637e+07    41259    2.03%
   4752  3151   1.31637e+07    37   1.34362e+07   1.31637e+07    41260    2.03%
   4753  3152   1.31637e+07    40   1.34362e+07   1.31637e+07    41341    2.03%
   4754  3153   1.31637e+07    41   1.34362e+07   1.31637e+07    41396    2.03%
   4755  3154   1.31637e+07    44   1.34362e+07   1.31637e+07    41425    2.03%
   4756  3155   1.31637e+07    40   1.34362e+07   1.31637e+07    41468    2.03%
   4757  3156   1.31637e+07    39   1.34362e+07   1.31637e+07    41526    2.03%
Elapsed time = 3.22 sec. (5144.66 ticks, tree = 7.18 MB, solutions = 18)
   5812  4023   1.32262e+07    39   1.34362e+07   1.31637e+07    53632    2.03%
   5813  4024   1.32290e+07    39   1.34362e+07   1.31637e+07    53636    2.03%
   5814  4025   1.32311e+07    39   1.34362e+07   1.31637e+07    53637    2.03%
   5815  4026   1.32559e+07    41   1.34362e+07   1.31637e+07    53651    2.03%
   5816  4027   1.32562e+07    40   1.34362e+07   1.31637e+07    53653    2.03%
   5817  4028   1.32564e+07    40   1.34362e+07   1.31637e+07    53654    2.03%
   5818  4029   1.32571e+07    38   1.34362e+07   1.31637e+07    53656    2.03%
   5819  4030   1.32591e+07    34   1.34362e+07   1.31637e+07    53668    2.03%
   5820  4031   1.32591e+07    35   1.34362e+07   1.31637e+07    53672    2.03%
   5821  4032   1.32700e+07    36   1.34362e+07   1.31637e+07    53681    2.03%
Elapsed time = 3.80 sec. (6102.76 ticks, tree = 10.01 MB, solutions = 18)
   6787  4804   1.32285e+07    56   1.34362e+07   1.31637e+07    65230    2.03%
   6788  4805   1.32293e+07    59   1.34362e+07   1.31637e+07    65242    2.03%
   6789  4806   1.32294e+07    50   1.34362e+07   1.31637e+07    65244    2.03%
   6790  4807   1.32294e+07    50   1.34362e+07   1.31637e+07    65245    2.03%
   6791  4808   1.32308e+07    55   1.34362e+07   1.31637e+07    65255    2.03%
   6792  4809   1.32309e+07    55   1.34362e+07   1.31637e+07    65262    2.03%
   6793  4810   1.32311e+07    54   1.34362e+07   1.31637e+07    65264    2.03%
   6794  4810   1.32494e+07    52   1.34362e+07   1.31637e+07    65285    2.03%
   6795  4810   1.33351e+07    53   1.34362e+07   1.31637e+07    65345    2.03%
   6796  4811   1.33351e+07    52   1.34362e+07   1.31637e+07    65346    2.03%
Elapsed time = 4.38 sec. (7070.74 ticks, tree = 12.96 MB, solutions = 18)
   7577  5415   1.31637e+07    50   1.34362e+07   1.31637e+07    77706    2.03%
   7578  5416   1.31637e+07    48   1.34362e+07   1.31637e+07    77718    2.03%
   7579  5417   1.31637e+07    57   1.34362e+07   1.31637e+07    77837    2.03%
   7580  5418   1.31637e+07    52   1.34362e+07   1.31637e+07    77848    2.03%
   7581  5419   1.31637e+07    50   1.34362e+07   1.31637e+07    77862    2.03%
   7582  5420   1.31637e+07    44   1.34362e+07   1.31637e+07    77895    2.03%
   7583  5421   1.31637e+07    41   1.34362e+07   1.31637e+07    77898    2.03%
   7584  5422   1.31637e+07    43   1.34362e+07   1.31637e+07    77900    2.03%
   7585  5423   1.31637e+07    43   1.34362e+07   1.31637e+07    77902    2.03%
   7586  5424   1.31637e+07    46   1.34362e+07   1.31637e+07    77917    2.03%
Elapsed time = 4.94 sec. (8041.15 ticks, tree = 15.29 MB, solutions = 18)
   8435  6081   1.31655e+07    46   1.34362e+07   1.31637e+07    91110    2.03%
   8436  6082   1.31659e+07    46   1.34362e+07   1.31637e+07    91130    2.03%
   8437  6083   1.31659e+07    45   1.34362e+07   1.31637e+07    91133    2.03%
   8438  6084   1.31659e+07    46   1.34362e+07   1.31637e+07    91138    2.03%
   8439  6085   1.31659e+07    49   1.34362e+07   1.31637e+07    91141    2.03%
   8440  6086   1.31659e+07    47   1.34362e+07   1.31637e+07    91151    2.03%
   8441  6087   1.31660e+07    41   1.34362e+07   1.31637e+07    91158    2.03%
   8442  6088   1.31660e+07    41   1.34362e+07   1.31637e+07    91160    2.03%
   8443  6089   1.31744e+07    39   1.34362e+07   1.31637e+07    91184    2.03%
   8444  6090   1.31750e+07    42   1.34362e+07   1.31637e+07    91187    2.03%
Elapsed time = 5.49 sec. (9001.88 ticks, tree = 18.14 MB, solutions = 18)
   9157  6706   1.31637e+07    46   1.34362e+07   1.31637e+07   102383    2.03%
   9158  6707   1.31637e+07    44   1.34362e+07   1.31637e+07   102386    2.03%
   9159  6708   1.31637e+07    49   1.34362e+07   1.31637e+07   102403    2.03%
   9160  6709   1.31637e+07    46   1.34362e+07   1.31637e+07   102411    2.03%
   9161  6710   1.31637e+07    44   1.34362e+07   1.31637e+07   102466    2.03%
   9162  6711   1.31637e+07    44   1.34362e+07   1.31637e+07   102468    2.03%
   9163  6712   1.31637e+07    44   1.34362e+07   1.31637e+07   102481    2.03%
   9164  6713   1.31637e+07    44   1.34362e+07   1.31637e+07   102532    2.03%
   9165  6714   1.31637e+07    46   1.34362e+07   1.31637e+07   102544    2.03%
*  9768+ 6612                       1.33957e+07   1.31637e+07             1.73%
  10259  6900   1.33173e+07    42   1.33957e+07   1.31637e+07   125048    1.73%
Elapsed time = 7.99 sec. (12820.62 ticks, tree = 22.87 MB, solutions = 19)
  12536  8594   1.31648e+07    68   1.33957e+07   1.31637e+07   176953    1.73%
  12537  8595   1.31648e+07    68   1.33957e+07   1.31637e+07   176955    1.73%
  12538  8596   1.31651e+07    70   1.33957e+07   1.31637e+07   176964    1.73%
  12539  8597   1.31651e+07    64   1.33957e+07   1.31637e+07   176978    1.73%
  12540  8598   1.31651e+07    64   1.33957e+07   1.31637e+07   176982    1.73%
  12541  8599   1.31651e+07    64   1.33957e+07   1.31637e+07   176983    1.73%
  12542  8600   1.31661e+07    73   1.33957e+07   1.31637e+07   177005    1.73%
  12543  8601   1.31661e+07    74   1.33957e+07   1.31637e+07   177009    1.73%
  12544  8602   1.31661e+07    74   1.33957e+07   1.31637e+07   177012    1.73%
  12545  8603   1.31662e+07    72   1.33957e+07   1.31637e+07   177016    1.73%
Elapsed time = 10.23 sec. (16672.67 ticks, tree = 32.08 MB, solutions = 19)
  14393  9976   1.31637e+07    68   1.33957e+07   1.31637e+07   220979    1.73%
  14394  9977   1.31637e+07    58   1.33957e+07   1.31637e+07   220988    1.73%
  14395  9978   1.31637e+07    54   1.33957e+07   1.31637e+07   221085    1.73%
  14396  9979   1.31637e+07    41   1.33957e+07   1.31637e+07   221098    1.73%
  14397  9980   1.31637e+07    56   1.33957e+07   1.31637e+07   221201    1.73%
  14398  9981   1.31637e+07    45   1.33957e+07   1.31637e+07   221217    1.73%
  14399  9982   1.31637e+07    42   1.33957e+07   1.31637e+07   221219    1.73%
  14400  9983   1.31637e+07    44   1.33957e+07   1.31637e+07   221254    1.73%
  14401  9984   1.31637e+07    43   1.33957e+07   1.31637e+07   221255    1.73%
  14402  9985   1.31637e+07    45   1.33957e+07   1.31637e+07   221264    1.73%
Elapsed time = 12.58 sec. (20541.24 ticks, tree = 40.17 MB, solutions = 19)
  16517 11768   1.32025e+07    55   1.33957e+07   1.31637e+07   268264    1.73%
  16518 11769   1.32034e+07    54   1.33957e+07   1.31637e+07   268291    1.73%
  16519 11770   1.32035e+07    53   1.33957e+07   1.31637e+07   268297    1.73%
  16520 11771   1.32037e+07    52   1.33957e+07   1.31637e+07   268304    1.73%
  16521 11772   1.32040e+07    50   1.33957e+07   1.31637e+07   268318    1.73%
  16522 11773   1.32040e+07    52   1.33957e+07   1.31637e+07   268325    1.73%
  16523 11774   1.32041e+07    50   1.33957e+07   1.31637e+07   268327    1.73%
  16524 11775   1.32041e+07    49   1.33957e+07   1.31637e+07   268331    1.73%
  16525 11776   1.32042e+07    49   1.33957e+07   1.31637e+07   268338    1.73%
  16526 11777   1.32045e+07    51   1.33957e+07   1.31637e+07   268349    1.73%
Elapsed time = 14.83 sec. (24381.32 ticks, tree = 51.61 MB, solutions = 19)
  18058 12887   1.32643e+07    86   1.33957e+07   1.31637e+07   312077    1.73%
  18059 12888   1.32667e+07    70   1.33957e+07   1.31637e+07   312126    1.73%
  18060 12889   1.32720e+07    67   1.33957e+07   1.31637e+07   312135    1.73%
  18061 12890   1.32723e+07    64   1.33957e+07   1.31637e+07   312148    1.73%
  18062 12891   1.32724e+07    64   1.33957e+07   1.31637e+07   312149    1.73%
  18063 12892   1.32724e+07    63   1.33957e+07   1.31637e+07   312151    1.73%
  18064 12893   1.32727e+07    67   1.33957e+07   1.31637e+07   312166    1.73%
  18065 12894   1.32730e+07    65   1.33957e+07   1.31637e+07   312172    1.73%
  18066 12895   1.32730e+07    65   1.33957e+07   1.31637e+07   312173    1.73%
  18067 12896   1.32730e+07    64   1.33957e+07   1.31637e+07   312177    1.73%
Elapsed time = 17.14 sec. (28253.79 ticks, tree = 59.35 MB, solutions = 19)
  19924 14262   1.31942e+07    43   1.33957e+07   1.31637e+07   363767    1.73%
  19925 14263   1.31947e+07    43   1.33957e+07   1.31637e+07   363771    1.73%
  19926 14264   1.31947e+07    43   1.33957e+07   1.31637e+07   363774    1.73%
  19927 14265   1.31964e+07    49   1.33957e+07   1.31637e+07   363805    1.73%
  19928 14266   1.31966e+07    48   1.33957e+07   1.31637e+07   363809    1.73%
  19929 14267   1.31966e+07    48   1.33957e+07   1.31637e+07   363810    1.73%
  19930 14268   1.31966e+07    48   1.33957e+07   1.31637e+07   363811    1.73%
  19931 14269   1.32063e+07    46   1.33957e+07   1.31637e+07   363870    1.73%
  19932 14270   1.32063e+07    41   1.33957e+07   1.31637e+07   363874    1.73%
  19933 14271   1.32063e+07    39   1.33957e+07   1.31637e+07   363878    1.73%
Elapsed time = 19.45 sec. (32081.70 ticks, tree = 69.36 MB, solutions = 19)
  22134 15965   1.31637e+07    48   1.33957e+07   1.31637e+07   409787    1.73%
  22135 15966   1.31637e+07    48   1.33957e+07   1.31637e+07   409790    1.73%
  22136 15967   1.31637e+07    47   1.33957e+07   1.31637e+07   409802    1.73%
  22137 15968   1.31637e+07    48   1.33957e+07   1.31637e+07   409806    1.73%
  22138 15969   1.31637e+07    47   1.33957e+07   1.31637e+07   409815    1.73%
  22139 15970   1.31740e+07    38   1.33957e+07   1.31637e+07   409875    1.73%
  22140 15971   1.31742e+07    38   1.33957e+07   1.31637e+07   409877    1.73%
  22141 15972   1.31764e+07    39   1.33957e+07   1.31637e+07   409881    1.73%
  22142 15973   1.31827e+07    39   1.33957e+07   1.31637e+07   409899    1.73%
  22143 15974   1.31839e+07    38   1.33957e+07   1.31637e+07   409902    1.73%
Elapsed time = 21.76 sec. (35905.62 ticks, tree = 81.23 MB, solutions = 19)
  24771 18032   1.33930e+07    42   1.33957e+07   1.31637e+07   457900    1.73%
  24772 18031        cutoff         1.33957e+07   1.31637e+07   457910    1.73%
  24773 18032   1.32044e+07    75   1.33957e+07   1.31637e+07   458592    1.73%
  24774 18033   1.32091e+07    77   1.33957e+07   1.31637e+07   458650    1.73%
  24775 18034   1.32093e+07    80   1.33957e+07   1.31637e+07   458658    1.73%
  24776 18035   1.32093e+07    80   1.33957e+07   1.31637e+07   458659    1.73%
  24777 18036   1.32093e+07    81   1.33957e+07   1.31637e+07   458661    1.73%
  24778 18037   1.32093e+07    77   1.33957e+07   1.31637e+07   458672    1.73%
  24779 18038   1.32267e+07    65   1.33957e+07   1.31637e+07   458703    1.73%
  24780 18039   1.32267e+07    65   1.33957e+07   1.31637e+07   458704    1.73%
Elapsed time = 24.12 sec. (39784.69 ticks, tree = 96.18 MB, solutions = 19)
  27699 20399   1.31873e+07    64   1.33957e+07   1.31637e+07   508318    1.73%
  27700 20400   1.31875e+07    63   1.33957e+07   1.31637e+07   508328    1.73%
  27701 20401   1.31877e+07    61   1.33957e+07   1.31637e+07   508340    1.73%
  27702 20402   1.31904e+07    56   1.33957e+07   1.31637e+07   508369    1.73%
  27703 20403   1.31905e+07    58   1.33957e+07   1.31637e+07   508374    1.73%
  27704 20404   1.31937e+07    51   1.33957e+07   1.31637e+07   508399    1.73%
  27705 20405   1.31944e+07    53   1.33957e+07   1.31637e+07   508410    1.73%
  27706 20406   1.31944e+07    53   1.33957e+07   1.31637e+07   508411    1.73%
  27707 20407   1.31948e+07    54   1.33957e+07   1.31637e+07   508427    1.73%
  27708 20408   1.31948e+07    52   1.33957e+07   1.31637e+07   508428    1.73%
Elapsed time = 26.41 sec. (43610.21 ticks, tree = 112.83 MB, solutions = 19)
  30146 22313   1.31637e+07    59   1.33957e+07   1.31637e+07   554197    1.73%
  30147 22314   1.31637e+07    59   1.33957e+07   1.31637e+07   554205    1.73%
  30148 22315   1.31637e+07    60   1.33957e+07   1.31637e+07   554209    1.73%
  30149 22316   1.31637e+07    61   1.33957e+07   1.31637e+07   554214    1.73%
  30150 22317   1.31637e+07    52   1.33957e+07   1.31637e+07   554229    1.73%
  30151 22318   1.31637e+07    52   1.33957e+07   1.31637e+07   554230    1.73%
  30152 22319   1.31637e+07    52   1.33957e+07   1.31637e+07   554234    1.73%
  30153 22320   1.31637e+07    48   1.33957e+07   1.31637e+07   554245    1.73%
  30154 22321   1.31637e+07    51   1.33957e+07   1.31637e+07   554252    1.73%
  30155 22322   1.31637e+07    45   1.33957e+07   1.31637e+07   554273    1.73%
Elapsed time = 28.66 sec. (47441.54 ticks, tree = 126.22 MB, solutions = 19)
  32703 24254   1.33293e+07    48   1.33957e+07   1.31637e+07   604888    1.73%
  32704 24255   1.33293e+07    47   1.33957e+07   1.31637e+07   604889    1.73%
  32705 24256   1.33323e+07    47   1.33957e+07   1.31637e+07   604908    1.73%
  32706 24257   1.33323e+07    45   1.33957e+07   1.31637e+07   604909    1.73%
  32707 24258   1.33339e+07    45   1.33957e+07   1.31637e+07   604923    1.73%
  32708 24259   1.33345e+07    46   1.33957e+07   1.31637e+07   604928    1.73%
  32709 24260   1.33345e+07    46   1.33957e+07   1.31637e+07   604929    1.73%
  32710 24261   1.33399e+07    45   1.33957e+07   1.31637e+07   604946    1.73%
  32711 24262   1.33404e+07    40   1.33957e+07   1.31637e+07   604956    1.73%
  32712 24263   1.33405e+07    40   1.33957e+07   1.31637e+07   604958    1.73%
Elapsed time = 31.03 sec. (51261.83 ticks, tree = 139.73 MB, solutions = 19)
  35097 26053   1.31960e+07    33   1.33957e+07   1.31637e+07   656471    1.73%
  35098 26054   1.31960e+07    33   1.33957e+07   1.31637e+07   656472    1.73%
  35099 26055   1.31960e+07    33   1.33957e+07   1.31637e+07   656473    1.73%
  35100 26056   1.31961e+07    33   1.33957e+07   1.31637e+07   656474    1.73%
  35101 26057   1.31961e+07    33   1.33957e+07   1.31637e+07   656475    1.73%
  35102 26057   1.32192e+07    34   1.33957e+07   1.31637e+07   656500    1.73%
  35103 26058   1.32192e+07    35   1.33957e+07   1.31637e+07   656508    1.73%
  35104 26059   1.32196e+07    33   1.33957e+07   1.31637e+07   656516    1.73%
  35105 26060   1.32197e+07    32   1.33957e+07   1.31637e+07   656518    1.73%
  35106 26061   1.32197e+07    32   1.33957e+07   1.31637e+07   656519    1.73%
Elapsed time = 33.33 sec. (55080.67 ticks, tree = 152.36 MB, solutions = 19)
  37265 27723   1.33680e+07    19   1.33957e+07   1.31637e+07   699513    1.73%
  37266 27722        cutoff         1.33957e+07   1.31637e+07   699514    1.73%
  37267 27721    infeasible         1.33957e+07   1.31637e+07   699514    1.73%
  37268 27720        cutoff         1.33957e+07   1.31637e+07   699535    1.73%
  37269 27721   1.32782e+07    28   1.33957e+07   1.31637e+07   699608    1.73%
  37270 27722   1.33543e+07    28   1.33957e+07   1.31637e+07   699632    1.73%
  37271 27722   1.33543e+07    27   1.33957e+07   1.31637e+07   699635    1.73%
  37272 27722   1.33543e+07    29   1.33957e+07   1.31637e+07   699661    1.73%
  37273 27723   1.33543e+07    28   1.33957e+07   1.31637e+07   699669    1.73%
  37274 27723   1.33543e+07    28   1.33957e+07   1.31637e+07   699672    1.73%
Elapsed time = 35.61 sec. (58909.00 ticks, tree = 163.99 MB, solutions = 19)
  40235 29989   1.31637e+07    52   1.33957e+07   1.31637e+07   753391    1.73%
  40236 29990   1.31678e+07    48   1.33957e+07   1.31637e+07   753441    1.73%
  40237 29991   1.32740e+07    22   1.33957e+07   1.31637e+07   753526    1.73%
  40238 29992   1.32740e+07    21   1.33957e+07   1.31637e+07   753528    1.73%
  40239 29993   1.32920e+07    25   1.33957e+07   1.31637e+07   753542    1.73%
  40240 29994   1.32920e+07    26   1.33957e+07   1.31637e+07   753545    1.73%
  40241 29993        cutoff         1.33957e+07   1.31637e+07   753547    1.73%
  40242 29992        cutoff         1.33957e+07   1.31637e+07   753555    1.73%
  40243 29993   1.31637e+07    51   1.33957e+07   1.31637e+07   753694    1.73%
  40244 29994   1.31637e+07    41   1.33957e+07   1.31637e+07   753719    1.73%
Elapsed time = 37.89 sec. (62743.23 ticks, tree = 179.82 MB, solutions = 19)
  42782 31946   1.31637e+07    45   1.33957e+07   1.31637e+07   806501    1.73%
  42783 31947   1.31637e+07    45   1.33957e+07   1.31637e+07   806502    1.73%
  42784 31948   1.31637e+07    46   1.33957e+07   1.31637e+07   806503    1.73%
  42785 31949   1.31637e+07    46   1.33957e+07   1.31637e+07   806504    1.73%
  42786 31950   1.31637e+07    45   1.33957e+07   1.31637e+07   806505    1.73%
  42787 31951   1.31637e+07    44   1.33957e+07   1.31637e+07   806509    1.73%
  42788 31952   1.31637e+07    45   1.33957e+07   1.31637e+07   806513    1.73%
  42789 31953   1.31637e+07    46   1.33957e+07   1.31637e+07   806522    1.73%
  42790 31954   1.31637e+07    46   1.33957e+07   1.31637e+07   806523    1.73%
  42791 31955   1.31637e+07    51   1.33957e+07   1.31637e+07   806528    1.73%
Elapsed time = 40.14 sec. (66562.76 ticks, tree = 193.48 MB, solutions = 19)
* 45168+33156                       1.33855e+07   1.31637e+07             1.66%
  45268 33258   1.31667e+07    40   1.33855e+07   1.31637e+07   852257    1.66%
  45269 33259   1.31667e+07    39   1.33855e+07   1.31637e+07   852259    1.66%
  45270 33260   1.31667e+07    39   1.33855e+07   1.31637e+07   852261    1.66%
  45271 33261   1.31667e+07    39   1.33855e+07   1.31637e+07   852262    1.66%
  45272 33262   1.31667e+07    38   1.33855e+07   1.31637e+07   852267    1.66%
  45273 33263   1.31667e+07    38   1.33855e+07   1.31637e+07   852269    1.66%
  45274 33264   1.31668e+07    38   1.33855e+07   1.31637e+07   852270    1.66%
  45275 33265   1.31676e+07    42   1.33855e+07   1.31637e+07   852278    1.66%
  45276 33266   1.31676e+07    41   1.33855e+07   1.31637e+07   852279    1.66%
  45277 33267   1.31678e+07    37   1.33855e+07   1.31637e+07   852282    1.66%
Elapsed time = 42.58 sec. (70550.99 ticks, tree = 204.30 MB, solutions = 20)
  47751 35154   1.32277e+07    49   1.33855e+07   1.31637e+07   898450    1.66%
  47752 35155   1.32285e+07    47   1.33855e+07   1.31637e+07   898466    1.66%
  47753 35156   1.32285e+07    46   1.33855e+07   1.31637e+07   898472    1.66%
  47754 35157   1.32285e+07    47   1.33855e+07   1.31637e+07   898475    1.66%
  47755 35158   1.32285e+07    46   1.33855e+07   1.31637e+07   898487    1.66%
  47756 35159   1.32285e+07    46   1.33855e+07   1.31637e+07   898490    1.66%
  47757 35160   1.32285e+07    46   1.33855e+07   1.31637e+07   898494    1.66%
  47758 35161   1.32285e+07    46   1.33855e+07   1.31637e+07   898497    1.66%
  47759 35162   1.32299e+07    46   1.33855e+07   1.31637e+07   898500    1.66%
  47760 35161        cutoff         1.33855e+07   1.31637e+07   898527    1.66%
Elapsed time = 44.95 sec. (74372.28 ticks, tree = 217.50 MB, solutions = 20)
  50666 37589   1.31735e+07    49   1.33855e+07   1.31637e+07   950020    1.66%
  50667 37590   1.31783e+07    32   1.33855e+07   1.31637e+07   950034    1.66%
  50668 37591   1.31783e+07    32   1.33855e+07   1.31637e+07   950046    1.66%
  50669 37592   1.31783e+07    31   1.33855e+07   1.31637e+07   950050    1.66%
  50670 37592   1.31783e+07    31   1.33855e+07   1.31637e+07   950054    1.66%
  50671 37593   1.31783e+07    31   1.33855e+07   1.31637e+07   950056    1.66%
  50672 37594   1.31783e+07    31   1.33855e+07   1.31637e+07   950058    1.66%
  50673 37595   1.31783e+07    31   1.33855e+07   1.31637e+07   950060    1.66%
  50674 37596   1.31783e+07    32   1.33855e+07   1.31637e+07   950063    1.66%
  50675 37597   1.31784e+07    33   1.33855e+07   1.31637e+07   950064    1.66%
Elapsed time = 47.19 sec. (78194.14 ticks, tree = 234.46 MB, solutions = 20)
  52768 39281   1.32881e+07    42   1.33855e+07   1.31637e+07   995084    1.66%
  52769 39282   1.32882e+07    42   1.33855e+07   1.31637e+07   995085    1.66%
  52770 39283   1.32882e+07    32   1.33855e+07   1.31637e+07   995087    1.66%
  52771 39282   1.32883e+07    42   1.33855e+07   1.31637e+07   995089    1.66%
  52772 39281        cutoff         1.33855e+07   1.31637e+07   995095    1.66%
  52773 39282   1.31874e+07    50   1.33855e+07   1.31637e+07   995264    1.66%
  52774 39283   1.32453e+07    44   1.33855e+07   1.31637e+07   995303    1.66%
  52775 39284   1.32488e+07    43   1.33855e+07   1.31637e+07   995317    1.66%
  52776 39283        cutoff         1.33855e+07   1.31637e+07   995360    1.66%
  52777 39282        cutoff         1.33855e+07   1.31637e+07   995367    1.66%
Elapsed time = 49.45 sec. (82045.02 ticks, tree = 246.19 MB, solutions = 20)
  55709 41588   1.31784e+07    51   1.33855e+07   1.31637e+07  1045177    1.66%
  55710 41589   1.31784e+07    55   1.33855e+07   1.31637e+07  1045181    1.66%
  55711 41590   1.31784e+07    50   1.33855e+07   1.31637e+07  1045187    1.66%
  55712 41591   1.31784e+07    50   1.33855e+07   1.31637e+07  1045189    1.66%
  55713 41592   1.31800e+07    46   1.33855e+07   1.31637e+07  1045216    1.66%
  55714 41593   1.31800e+07    48   1.33855e+07   1.31637e+07  1045219    1.66%
  55715 41594   1.31804e+07    47   1.33855e+07   1.31637e+07  1045222    1.66%
  55716 41595   1.31805e+07    48   1.33855e+07   1.31637e+07  1045225    1.66%
  55717 41596   1.31806e+07    50   1.33855e+07   1.31637e+07  1045235    1.66%
  55718 41597   1.31806e+07    46   1.33855e+07   1.31637e+07  1045239    1.66%
Elapsed time = 51.74 sec. (85866.88 ticks, tree = 262.30 MB, solutions = 20)
  58972 44355   1.31637e+07    44   1.33855e+07   1.31637e+07  1095994    1.66%
  58973 44356   1.31637e+07    39   1.33855e+07   1.31637e+07  1096004    1.66%
  58974 44357   1.31637e+07    44   1.33855e+07   1.31637e+07  1096014    1.66%
  58975 44358   1.31637e+07    44   1.33855e+07   1.31637e+07  1096017    1.66%
  58976 44359   1.31637e+07    42   1.33855e+07   1.31637e+07  1096022    1.66%
  58977 44360   1.31792e+07    32   1.33855e+07   1.31637e+07  1096140    1.66%
  58978 44361   1.32018e+07    33   1.33855e+07   1.31637e+07  1096164    1.66%
  58979 44361   1.33289e+07    20   1.33855e+07   1.31637e+07  1096207    1.66%
  58980 44362   1.32793e+07    20   1.33855e+07   1.31637e+07  1096229    1.66%
  58981 44363   1.32103e+07    29   1.33855e+07   1.31637e+07  1096248    1.66%
Elapsed time = 54.04 sec. (89698.99 ticks, tree = 281.53 MB, solutions = 20)
  62066 46973   1.31637e+07    67   1.33855e+07   1.31637e+07  1139833    1.66%
  62067 46974   1.31637e+07    74   1.33855e+07   1.31637e+07  1139934    1.66%
  62068 46975   1.31637e+07    70   1.33855e+07   1.31637e+07  1140064    1.66%
  62069 46976   1.31637e+07    76   1.33855e+07   1.31637e+07  1140213    1.66%
  62070 46977   1.31637e+07    76   1.33855e+07   1.31637e+07  1140222    1.66%
  62071 46978   1.31637e+07    74   1.33855e+07   1.31637e+07  1140226    1.66%
  62072 46979   1.31637e+07    74   1.33855e+07   1.31637e+07  1140227    1.66%
  62073 46980   1.31637e+07    74   1.33855e+07   1.31637e+07  1140228    1.66%
  62074 46981   1.31637e+07    68   1.33855e+07   1.31637e+07  1140348    1.66%
  62075 46982   1.31637e+07    67   1.33855e+07   1.31637e+07  1140373    1.66%
Elapsed time = 56.41 sec. (93616.73 ticks, tree = 299.76 MB, solutions = 20)
  64900 49276   1.32202e+07    45   1.33855e+07   1.31637e+07  1189870    1.66%
  64901 49277   1.32225e+07    48   1.33855e+07   1.31637e+07  1189885    1.66%
  64902 49278   1.32236e+07    45   1.33855e+07   1.31637e+07  1189899    1.66%
  64903 49279   1.32611e+07    44   1.33855e+07   1.31637e+07  1189940    1.66%
  64904 49280   1.32666e+07    49   1.33855e+07   1.31637e+07  1189961    1.66%
  64905 49281   1.32666e+07    48   1.33855e+07   1.31637e+07  1189962    1.66%
  64906 49282   1.32668e+07    48   1.33855e+07   1.31637e+07  1189965    1.66%
  64907 49281        cutoff         1.33855e+07   1.31637e+07  1189975    1.66%
  64908 49280        cutoff         1.33855e+07   1.31637e+07  1189977    1.66%
  64909 49281   1.33216e+07    24   1.33855e+07   1.31637e+07  1190130    1.66%
Elapsed time = 58.66 sec. (97460.69 ticks, tree = 315.71 MB, solutions = 20)
  67598 51421   1.32008e+07    90   1.33855e+07   1.31637e+07  1240124    1.66%
  67599 51422   1.32008e+07    94   1.33855e+07   1.31637e+07  1240130    1.66%
  67600 51423   1.32008e+07    93   1.33855e+07   1.31637e+07  1240132    1.66%
  67601 51424   1.32008e+07    93   1.33855e+07   1.31637e+07  1240134    1.66%
  67602 51425   1.32008e+07    93   1.33855e+07   1.31637e+07  1240135    1.66%
  67603 51426   1.32605e+07    46   1.33855e+07   1.31637e+07  1240225    1.66%
  67604 51427   1.33014e+07    45   1.33855e+07   1.31637e+07  1240258    1.66%
  67605 51428   1.33014e+07    43   1.33855e+07   1.31637e+07  1240261    1.66%
  67606 51429   1.33066e+07    45   1.33855e+07   1.31637e+07  1240278    1.66%
  67607 51430   1.33066e+07    46   1.33855e+07   1.31637e+07  1240286    1.66%
Elapsed time = 60.94 sec. (101294.81 ticks, tree = 330.62 MB, solutions = 20)
  70696 53933   1.31912e+07    35   1.33855e+07   1.31637e+07  1290083    1.66%
  70697 53932        cutoff         1.33855e+07   1.31637e+07  1290156    1.66%
  70698 53933   1.31996e+07    42   1.33855e+07   1.31637e+07  1290170    1.66%
  70699 53934   1.31996e+07    42   1.33855e+07   1.31637e+07  1290171    1.66%
  70700 53935   1.31996e+07    42   1.33855e+07   1.31637e+07  1290173    1.66%
  70701 53936   1.31996e+07    43   1.33855e+07   1.31637e+07  1290176    1.66%
  70702 53937   1.31997e+07    42   1.33855e+07   1.31637e+07  1290177    1.66%
  70703 53938   1.31997e+07    42   1.33855e+07   1.31637e+07  1290179    1.66%
  70704 53939   1.31997e+07    42   1.33855e+07   1.31637e+07  1290180    1.66%
  70705 53940   1.31997e+07    42   1.33855e+07   1.31637e+07  1290181    1.66%
Elapsed time = 63.23 sec. (105117.25 ticks, tree = 348.08 MB, solutions = 20)
  73622 56305   1.32247e+07    42   1.33855e+07   1.31637e+07  1339880    1.66%
  73623 56306   1.32253e+07    39   1.33855e+07   1.31637e+07  1339901    1.66%
  73624 56307   1.32254e+07    38   1.33855e+07   1.31637e+07  1339903    1.66%
  73625 56308   1.32264e+07    39   1.33855e+07   1.31637e+07  1339917    1.66%
  73626 56309   1.32274e+07    41   1.33855e+07   1.31637e+07  1339933    1.66%
  73627 56310   1.32296e+07    42   1.33855e+07   1.31637e+07  1339953    1.66%
  73628 56309        cutoff         1.33855e+07   1.31637e+07  1339977    1.66%
  73629 56309   1.32605e+07    34   1.33855e+07   1.31637e+07  1340007    1.66%
  73630 56310   1.32662e+07    34   1.33855e+07   1.31637e+07  1340027    1.66%
  73631 56311   1.32782e+07    34   1.33855e+07   1.31637e+07  1340043    1.66%
Elapsed time = 65.68 sec. (108941.73 ticks, tree = 364.58 MB, solutions = 20)
* 73768+52921                       1.33462e+07   1.31637e+07             1.37%
* 73768+52048                       1.33368e+07   1.31637e+07             1.30%
* 74068+52165                       1.33356e+07   1.31637e+07             1.29%
  75838 53551   1.31798e+07    45   1.33356e+07   1.31637e+07  1380091    1.29%
  75839 53552   1.31809e+07    46   1.33356e+07   1.31637e+07  1380097    1.29%
  75840 53553   1.31859e+07    44   1.33356e+07   1.31637e+07  1380130    1.29%
  75841 53554   1.31859e+07    42   1.33356e+07   1.31637e+07  1380133    1.29%
  75842 53555   1.31859e+07    42   1.33356e+07   1.31637e+07  1380134    1.29%
  75843 53556   1.31860e+07    42   1.33356e+07   1.31637e+07  1380135    1.29%
  75844 53557   1.31860e+07    42   1.33356e+07   1.31637e+07  1380136    1.29%
  75845 53558   1.31861e+07    42   1.33356e+07   1.31637e+07  1380137    1.29%
  75846 53559   1.31861e+07    42   1.33356e+07   1.31637e+07  1380138    1.29%
  75847 53560   1.31861e+07    42   1.33356e+07   1.31637e+07  1380140    1.29%
Elapsed time = 68.04 sec. (112761.72 ticks, tree = 347.81 MB, solutions = 23)
  78610 55792   1.31637e+07    50   1.33356e+07   1.31637e+07  1426387    1.29%
  78611 55793   1.31637e+07    47   1.33356e+07   1.31637e+07  1426393    1.29%
  78612 55794   1.31637e+07    47   1.33356e+07   1.31637e+07  1426404    1.29%
  78613 55795   1.31637e+07    47   1.33356e+07   1.31637e+07  1426406    1.29%
  78614 55796   1.31637e+07    44   1.33356e+07   1.31637e+07  1426410    1.29%
  78615 55797   1.31637e+07    44   1.33356e+07   1.31637e+07  1426415    1.29%
  78616 55798   1.31637e+07    43   1.33356e+07   1.31637e+07  1426428    1.29%
  78617 55799   1.31637e+07    42   1.33356e+07   1.31637e+07  1426430    1.29%
  78618 55800   1.31637e+07    41   1.33356e+07   1.31637e+07  1426431    1.29%
  78619 55801   1.31637e+07    45   1.33356e+07   1.31637e+07  1426462    1.29%
Elapsed time = 70.32 sec. (116582.98 ticks, tree = 363.39 MB, solutions = 23)
  81568 57970   1.31694e+07    37   1.33356e+07   1.31637e+07  1478667    1.29%
  81569 57971   1.31769e+07    35   1.33356e+07   1.31637e+07  1478691    1.29%
  81570 57971   1.31769e+07    35   1.33356e+07   1.31637e+07  1478695    1.29%
  81571 57972   1.31770e+07    35   1.33356e+07   1.31637e+07  1478705    1.29%
  81572 57973   1.31770e+07    35   1.33356e+07   1.31637e+07  1478706    1.29%
  81573 57974   1.31770e+07    35   1.33356e+07   1.31637e+07  1478710    1.29%
  81574 57975   1.31785e+07    35   1.33356e+07   1.31637e+07  1478715    1.29%
  81575 57976   1.31795e+07    35   1.33356e+07   1.31637e+07  1478723    1.29%
  81576 57977   1.31795e+07    35   1.33356e+07   1.31637e+07  1478725    1.29%
  81577 57978   1.31795e+07    35   1.33356e+07   1.31637e+07  1478726    1.29%
Elapsed time = 72.61 sec. (120405.70 ticks, tree = 378.52 MB, solutions = 23)
  83793 59711   1.32998e+07    27   1.33356e+07   1.31637e+07  1527558    1.29%
  83794 59712   1.33208e+07    25   1.33356e+07   1.31637e+07  1527569    1.29%
  83795 59713   1.33236e+07    26   1.33356e+07   1.31637e+07  1527570    1.29%
  83796 59712   1.33341e+07    31   1.33356e+07   1.31637e+07  1527581    1.29%
  83797 59711        cutoff         1.33356e+07   1.31637e+07  1527583    1.29%
  83798 59712   1.31637e+07    58   1.33356e+07   1.31637e+07  1527831    1.29%
  83799 59713   1.31637e+07    60   1.33356e+07   1.31637e+07  1527874    1.29%
  83800 59714   1.31637e+07    60   1.33356e+07   1.31637e+07  1527877    1.29%
  83801 59715   1.31637e+07    58   1.33356e+07   1.31637e+07  1527879    1.29%
  83802 59716   1.31637e+07    52   1.33356e+07   1.31637e+07  1527902    1.29%
Elapsed time = 74.87 sec. (124245.16 ticks, tree = 390.60 MB, solutions = 23)
  86675 62016   1.31637e+07    45   1.33356e+07   1.31637e+07  1578236    1.29%
  86676 62017   1.31637e+07    46   1.33356e+07   1.31637e+07  1578306    1.29%
  86677 62018   1.31637e+07    39   1.33356e+07   1.31637e+07  1578324    1.29%
  86678 62019   1.31637e+07    53   1.33356e+07   1.31637e+07  1578519    1.29%
  86679 62020   1.31637e+07    62   1.33356e+07   1.31637e+07  1578534    1.29%
  86680 62021   1.31637e+07    60   1.33356e+07   1.31637e+07  1578535    1.29%
  86681 62022   1.31715e+07    51   1.33356e+07   1.31637e+07  1578651    1.29%
  86682 62023   1.31717e+07    51   1.33356e+07   1.31637e+07  1578653    1.29%
  86683 62024   1.31725e+07    51   1.33356e+07   1.31637e+07  1578661    1.29%
  86684 62025   1.31726e+07    47   1.33356e+07   1.31637e+07  1578663    1.29%
Elapsed time = 77.10 sec. (128097.94 ticks, tree = 406.61 MB, solutions = 23)
  89501 64393   1.31954e+07    37   1.33356e+07   1.31637e+07  1618691    1.29%
  89502 64394   1.31954e+07    38   1.33356e+07   1.31637e+07  1618699    1.29%
  89503 64395   1.31956e+07    37   1.33356e+07   1.31637e+07  1618701    1.29%
  89504 64396   1.32224e+07    36   1.33356e+07   1.31637e+07  1618730    1.29%
  89505 64397   1.32225e+07    36   1.33356e+07   1.31637e+07  1618731    1.29%
  89506 64398   1.32225e+07    39   1.33356e+07   1.31637e+07  1618732    1.29%
  89507 64399   1.32225e+07    39   1.33356e+07   1.31637e+07  1618740    1.29%
  89508 64400   1.32314e+07    32   1.33356e+07   1.31637e+07  1618757    1.29%
  89509 64401   1.32314e+07    32   1.33356e+07   1.31637e+07  1618758    1.29%
  89510 64402   1.32314e+07    32   1.33356e+07   1.31637e+07  1618759    1.29%
Elapsed time = 79.41 sec. (131923.48 ticks, tree = 423.11 MB, solutions = 23)
  92174 66442   1.31800e+07    38   1.33356e+07   1.31637e+07  1670151    1.29%
  92175 66443   1.31837e+07    42   1.33356e+07   1.31637e+07  1670161    1.29%
  92176 66444   1.31837e+07    39   1.33356e+07   1.31637e+07  1670162    1.29%
  92177 66445   1.31837e+07    39   1.33356e+07   1.31637e+07  1670165    1.29%
  92178 66446   1.31837e+07    38   1.33356e+07   1.31637e+07  1670167    1.29%
  92179 66447   1.32023e+07    34   1.33356e+07   1.31637e+07  1670177    1.29%
  92180 66448   1.32174e+07    32   1.33356e+07   1.31637e+07  1670206    1.29%
  92181 66447        cutoff         1.33356e+07   1.31637e+07  1670220    1.29%
  92182 66448   1.32335e+07    30   1.33356e+07   1.31637e+07  1670238    1.29%
  92183 66447        cutoff         1.33356e+07   1.31637e+07  1670245    1.29%
Elapsed time = 81.69 sec. (135767.05 ticks, tree = 439.28 MB, solutions = 23)
  94288 68082   1.31791e+07    34   1.33356e+07   1.31637e+07  1723172    1.29%
  94289 68083   1.31791e+07    33   1.33356e+07   1.31637e+07  1723173    1.29%
  94290 68084   1.31791e+07    33   1.33356e+07   1.31637e+07  1723176    1.29%
  94291 68085   1.31791e+07    34   1.33356e+07   1.31637e+07  1723188    1.29%
  94292 68086   1.31791e+07    34   1.33356e+07   1.31637e+07  1723189    1.29%
  94293 68087   1.31791e+07    34   1.33356e+07   1.31637e+07  1723191    1.29%
  94294 68088   1.31791e+07    34   1.33356e+07   1.31637e+07  1723194    1.29%
  94295 68089   1.31791e+07    34   1.33356e+07   1.31637e+07  1723197    1.29%
  94296 68090   1.31791e+07    34   1.33356e+07   1.31637e+07  1723200    1.29%
  94297 68091   1.31792e+07    34   1.33356e+07   1.31637e+07  1723212    1.29%
Elapsed time = 83.93 sec. (139587.30 ticks, tree = 450.67 MB, solutions = 23)
  96678 69934   1.31650e+07    49   1.33356e+07   1.31637e+07  1769988    1.29%
  96679 69935   1.31650e+07    47   1.33356e+07   1.31637e+07  1769993    1.29%
  96680 69936   1.31651e+07    47   1.33356e+07   1.31637e+07  1770000    1.29%
  96681 69937   1.31651e+07    47   1.33356e+07   1.31637e+07  1770003    1.29%
  96682 69938   1.31651e+07    47   1.33356e+07   1.31637e+07  1770007    1.29%
  96683 69939   1.31651e+07    43   1.33356e+07   1.31637e+07  1770009    1.29%
  96684 69940   1.31651e+07    44   1.33356e+07   1.31637e+07  1770010    1.29%
  96685 69941   1.31652e+07    42   1.33356e+07   1.31637e+07  1770016    1.29%
  96686 69942   1.31652e+07    44   1.33356e+07   1.31637e+07  1770018    1.29%
  96687 69943   1.31657e+07    43   1.33356e+07   1.31637e+07  1770038    1.29%
Elapsed time = 86.17 sec. (143408.27 ticks, tree = 463.53 MB, solutions = 23)
 100146 72806   1.31637e+07    57   1.33356e+07   1.31637e+07  1818861    1.29%
 100147 72807   1.31637e+07    49   1.33356e+07   1.31637e+07  1818899    1.29%
 100148 72808   1.31637e+07    52   1.33356e+07   1.31637e+07  1818902    1.29%
 100149 72809   1.31637e+07    43   1.33356e+07   1.31637e+07  1818970    1.29%
 100150 72810   1.31637e+07    48   1.33356e+07   1.31637e+07  1818983    1.29%
 100151 72811   1.31637e+07    46   1.33356e+07   1.31637e+07  1818987    1.29%
 100152 72812   1.31637e+07    45   1.33356e+07   1.31637e+07  1818990    1.29%
 100153 72813   1.31637e+07    51   1.33356e+07   1.31637e+07  1819079    1.29%
 100154 72814   1.31637e+07    51   1.33356e+07   1.31637e+07  1819169    1.29%
 100155 72815   1.31637e+07    54   1.33356e+07   1.31637e+07  1819214    1.29%
Elapsed time = 88.41 sec. (147260.82 ticks, tree = 483.44 MB, solutions = 23)
 102668 74798   1.31637e+07    44   1.33356e+07   1.31637e+07  1871732    1.29%
 102669 74799   1.31858e+07    36   1.33356e+07   1.31637e+07  1871819    1.29%
 102670 74800   1.31860e+07    34   1.33356e+07   1.31637e+07  1871827    1.29%
 102671 74801   1.31860e+07    34   1.33356e+07   1.31637e+07  1871828    1.29%
 102672 74802   1.31860e+07    34   1.33356e+07   1.31637e+07  1871830    1.29%
 102673 74803   1.31864e+07    35   1.33356e+07   1.31637e+07  1871835    1.29%
 102674 74804   1.31864e+07    40   1.33356e+07   1.31637e+07  1871836    1.29%
 102675 74805   1.31864e+07    34   1.33356e+07   1.31637e+07  1871840    1.29%
 102676 74806   1.31864e+07    34   1.33356e+07   1.31637e+07  1871843    1.29%
 102677 74807   1.31864e+07    34   1.33356e+07   1.31637e+07  1871846    1.29%
Elapsed time = 90.90 sec. (151421.20 ticks, tree = 497.23 MB, solutions = 23)
 103968 75714   1.31761e+07    46   1.33356e+07   1.31637e+07  1904788    1.29%
 103969 75715   1.31761e+07    48   1.33356e+07   1.31637e+07  1904790    1.29%
 103970 75716   1.31764e+07    47   1.33356e+07   1.31637e+07  1904793    1.29%
 103971 75717   1.31765e+07    49   1.33356e+07   1.31637e+07  1904795    1.29%
 103972 75718   1.31780e+07    50   1.33356e+07   1.31637e+07  1904815    1.29%
 103973 75719   1.31780e+07    50   1.33356e+07   1.31637e+07  1904816    1.29%
 103974 75720   1.31780e+07    48   1.33356e+07   1.31637e+07  1904819    1.29%
 103975 75721   1.31789e+07    55   1.33356e+07   1.31637e+07  1904832    1.29%
 103976 75722   1.31820e+07    52   1.33356e+07   1.31637e+07  1904851    1.29%
 103977 75723   1.31826e+07    51   1.33356e+07   1.31637e+07  1904863    1.29%
Elapsed time = 93.56 sec. (155627.44 ticks, tree = 503.58 MB, solutions = 23)
 104937 76470   1.31714e+07    46   1.33356e+07   1.31637e+07  1926889    1.29%
 104938 76471   1.31714e+07    42   1.33356e+07   1.31637e+07  1926892    1.29%
 104939 76472   1.31725e+07    41   1.33356e+07   1.31637e+07  1926914    1.29%
 104940 76473   1.31727e+07    41   1.33356e+07   1.31637e+07  1926926    1.29%
 104941 76474   1.31729e+07    41   1.33356e+07   1.31637e+07  1926930    1.29%
 104942 76475   1.31729e+07    42   1.33356e+07   1.31637e+07  1926932    1.29%
 104943 76476   1.31729e+07    42   1.33356e+07   1.31637e+07  1926934    1.29%
 104944 76477   1.31729e+07    44   1.33356e+07   1.31637e+07  1926937    1.29%
 104945 76478   1.31729e+07    44   1.33356e+07   1.31637e+07  1926938    1.29%
 104946 76479   1.31729e+07    45   1.33356e+07   1.31637e+07  1926941    1.29%
Elapsed time = 95.94 sec. (159451.58 ticks, tree = 508.82 MB, solutions = 23)
 106704 77867        cutoff         1.33356e+07   1.31637e+07  1961877    1.29%
 106705 77868   1.31637e+07    51   1.33356e+07   1.31637e+07  1961879    1.29%
 106706 77869   1.31637e+07    51   1.33356e+07   1.31637e+07  1961880    1.29%
 106707 77870   1.31637e+07    50   1.33356e+07   1.31637e+07  1961888    1.29%
 106708 77869        cutoff         1.33356e+07   1.31637e+07  1962002    1.29%
 106709 77870   1.31637e+07    49   1.33356e+07   1.31637e+07  1962011    1.29%
 106710 77871   1.31637e+07    49   1.33356e+07   1.31637e+07  1962012    1.29%
 106711 77872   1.31637e+07    49   1.33356e+07   1.31637e+07  1962014    1.29%
 106712 77873   1.31637e+07    49   1.33356e+07   1.31637e+07  1962016    1.29%
 106713 77874   1.31637e+07    49   1.33356e+07   1.31637e+07  1962020    1.29%
Elapsed time = 98.31 sec. (163279.49 ticks, tree = 518.48 MB, solutions = 23)
*107468+77134                       1.33241e+07   1.31637e+07             1.20%

Cover cuts applied:  428
Mixed integer rounding cuts applied:  15
Gomory fractional cuts applied:  8

Root node processing (before b&c):
  Real time             =    0.08 sec. (117.13 ticks)
Sequential b&c:
  Real time             =   99.92 sec. (165807.25 ticks)
                          ------------
Total (root+branch&cut) =  100.00 sec. (165924.38 ticks)

Solution pool: 24 solutions saved.

MIP - Time limit exceeded, integer feasible:  Objective =  1.3324061000e+07
Current MIP best bound =  1.3163658000e+07 (gap = 160403, 1.20%)
Solution time =  100.00 sec.  Iterations = 1988271  Nodes = 108168 (77693)
Deterministic time = 165924.39 ticks  (1659.23 ticks/sec)


Incumbent solution written to file '/tmp/tmpGFKQR9.cplex.sol'.
