
Log started (V12.6.3.0) Sat Apr 21 21:15:54 2018

New value for default parallel thread count: 1

Problem '/tmp/tmphe8zi8.pyomo.lp' read.
Read time = 0.02 sec. (1.11 ticks)

Problem name         : /tmp/tmphe8zi8.pyomo.lp
Objective sense      : Minimize
Variables            :    1136  [Nneg: 1,  Binary: 1120,  General Integer: 15]
Objective nonzeros   :       1
Linear constraints   :     189  [Less: 94,  Equal: 95]
  Nonzeros           :   80213
  RHS nonzeros       :     161

Variables            : Min LB: 0.000000         Max UB: 1.000000       
Objective nonzeros   : Min   : 1.000000         Max   : 1.000000       
Linear constraints   :
  Nonzeros           : Min   : 1.000000         Max   : 8036379.       
  RHS nonzeros       : Min   : 1.000000         Max   : 8.000000       
Tried aggregator 2 times.
MIP Presolve eliminated 80 rows and 66 columns.
Aggregator did 5 substitutions.
Reduced MIP has 104 rows, 1065 columns, and 3052 nonzeros.
Reduced MIP has 1050 binaries, 15 generals, 0 SOSs, and 0 indicators.
Presolve time = 0.01 sec. (14.42 ticks)
Found incumbent of value 6.0048658e+07 after 0.01 sec. (16.47 ticks)
Probing time = 0.00 sec. (2.02 ticks)
Cover probing fixed 0 vars, tightened 27 bounds.
Tried aggregator 2 times.
Aggregator did 14 substitutions.
Reduced MIP has 90 rows, 1051 columns, and 3024 nonzeros.
Reduced MIP has 1050 binaries, 1 generals, 0 SOSs, and 0 indicators.
Presolve time = 0.00 sec. (2.62 ticks)
Probing time = 0.00 sec. (1.94 ticks)
Cover probing fixed 0 vars, tightened 6 bounds.
Clique table members: 75.
MIP emphasis: balance optimality and feasibility.
MIP search method: dynamic search.
Parallel mode: none, using 1 thread.
Root relaxation solution time = 0.00 sec. (1.11 ticks)

        Nodes                                         Cuts/
   Node  Left     Objective  IInf  Best Integer    Best Bound    ItCnt     Gap

*     0+    0                       6.00487e+07        0.0000           100.00%
      0     0   1.31637e+07    21   6.00487e+07   1.31637e+07       38   78.08%
*     0+    0                       2.21560e+07   1.31637e+07            40.59%
      0     0   1.31637e+07    30   2.21560e+07     Fract: 11       56   40.59%
*     0+    0                       1.91065e+07   1.31637e+07            31.10%
      0     0   1.31637e+07    32   1.91065e+07       Cuts: 9      100   31.10%
*     0+    0                       1.53362e+07   1.31637e+07            14.17%
*     0+    0                       1.46895e+07   1.31637e+07            10.39%
      0     2   1.31637e+07    25   1.46895e+07   1.31637e+07      100   10.39%
Elapsed time = 0.06 sec. (77.07 ticks, tree = 0.01 MB, solutions = 4)
*    20+   20                       1.46252e+07   1.31637e+07             9.99%
*    50+   46                       1.42353e+07   1.31637e+07             7.53%
*   150+  121                       1.40510e+07   1.31637e+07             6.31%
*   150+  119                       1.40213e+07   1.31637e+07             6.12%
    535   452   1.31637e+07    30   1.40213e+07   1.31637e+07     4395    6.12%
    536   453   1.31637e+07    30   1.40213e+07   1.31637e+07     4397    6.12%
    537   454   1.31637e+07    32   1.40213e+07   1.31637e+07     4399    6.12%
    538   455   1.31637e+07    26   1.40213e+07   1.31637e+07     4403    6.12%
    539   456   1.31637e+07    27   1.40213e+07   1.31637e+07     4418    6.12%
    540   457   1.31637e+07    27   1.40213e+07   1.31637e+07     4420    6.12%
    541   458   1.31637e+07    26   1.40213e+07   1.31637e+07     4427    6.12%
    542   459   1.31637e+07    27   1.40213e+07   1.31637e+07     4431    6.12%
    543   460   1.31637e+07    28   1.40213e+07   1.31637e+07     4434    6.12%
*   931+  798                       1.40159e+07   1.31637e+07             6.08%
*   931+  735                       1.39073e+07   1.31637e+07             5.35%
*   931+  711                       1.38459e+07   1.31637e+07             4.93%
*   931+  694                       1.37590e+07   1.31637e+07             4.33%
*   932+  669                       1.36773e+07   1.31637e+07             3.76%
*   932+  666                       1.36517e+07   1.31637e+07             3.58%
*   932+  665                       1.36359e+07   1.31637e+07             3.46%
*   932+  642                       1.35286e+07   1.31637e+07             2.70%
    933   645   1.31637e+07    48   1.35286e+07   1.31637e+07     8436    2.70%
Elapsed time = 0.71 sec. (1111.26 ticks, tree = 1.35 MB, solutions = 16)
*  1133+  446                       1.34977e+07   1.31637e+07             2.47%
*  1133+  331                       1.34925e+07   1.31637e+07             2.44%
*  1133+  255                       1.34665e+07   1.31637e+07             2.25%
   1133   256   1.31843e+07    28   1.34665e+07   1.31637e+07    10178    2.25%
   1134   257   1.31843e+07    28   1.34665e+07   1.31637e+07    10178    2.25%
   1135   258   1.31843e+07    28   1.34665e+07   1.31637e+07    10179    2.25%
   1136   258   1.31843e+07    27   1.34665e+07   1.31637e+07    10182    2.25%
   1137   257   1.31843e+07    27   1.34665e+07   1.31637e+07    10183    2.25%
   1138   258   1.31843e+07    27   1.34665e+07   1.31637e+07    10184    2.25%
   1139   259   1.31843e+07    29   1.34665e+07   1.31637e+07    10191    2.25%
   1140   260   1.31843e+07    28   1.34665e+07   1.31637e+07    10193    2.25%
   1141   260   1.31896e+07    28   1.34665e+07   1.31637e+07    10218    2.25%
   1142   259   1.32708e+07    20   1.34665e+07   1.31637e+07    10245    2.25%
Elapsed time = 1.34 sec. (2107.14 ticks, tree = 0.53 MB, solutions = 19)
*  1233+  244                       1.34365e+07   1.31637e+07             2.03%
*  1333+  239                       1.34252e+07   1.31637e+07             1.95%
*  1433+  293                       1.34233e+07   1.31637e+07             1.93%
*  1433+  293                       1.34186e+07   1.31637e+07             1.90%
   1691   487   1.31637e+07    34   1.34186e+07   1.31637e+07    13831    1.90%
   1692   488   1.31637e+07    32   1.34186e+07   1.31637e+07    13835    1.90%
   1693   489   1.31637e+07    33   1.34186e+07   1.31637e+07    13840    1.90%
   1694   490   1.31637e+07    37   1.34186e+07   1.31637e+07    13858    1.90%
   1695   491   1.31637e+07    40   1.34186e+07   1.31637e+07    13860    1.90%
   1696   492   1.31637e+07    40   1.34186e+07   1.31637e+07    13863    1.90%
   1697   493   1.31637e+07    39   1.34186e+07   1.31637e+07    13867    1.90%
   1698   494   1.31637e+07    39   1.34186e+07   1.31637e+07    13868    1.90%
   1699   495   1.31637e+07    38   1.34186e+07   1.31637e+07    13881    1.90%
   1700   496   1.31637e+07    34   1.34186e+07   1.31637e+07    13885    1.90%
Elapsed time = 1.98 sec. (3066.96 ticks, tree = 1.01 MB, solutions = 23)
   3078  1690   1.31637e+07    39   1.34186e+07   1.31637e+07    24671    1.90%
   3079  1691   1.31637e+07    38   1.34186e+07   1.31637e+07    24676    1.90%
   3080  1692   1.31637e+07    38   1.34186e+07   1.31637e+07    24683    1.90%
   3081  1693   1.31637e+07    40   1.34186e+07   1.31637e+07    24690    1.90%
   3082  1694   1.31637e+07    40   1.34186e+07   1.31637e+07    24691    1.90%
   3083  1695   1.31637e+07    39   1.34186e+07   1.31637e+07    24697    1.90%
   3084  1696   1.31637e+07    39   1.34186e+07   1.31637e+07    24698    1.90%
   3085  1697   1.31637e+07    41   1.34186e+07   1.31637e+07    24703    1.90%
   3086  1698   1.31637e+07    41   1.34186e+07   1.31637e+07    24704    1.90%
   3087  1699   1.31637e+07    38   1.34186e+07   1.31637e+07    24712    1.90%
Elapsed time = 2.53 sec. (4024.78 ticks, tree = 3.58 MB, solutions = 23)
   4109  2529   1.32549e+07    58   1.34186e+07   1.31637e+07    36412    1.90%
   4110  2530   1.32632e+07    64   1.34186e+07   1.31637e+07    36439    1.90%
   4111  2531   1.32632e+07    57   1.34186e+07   1.31637e+07    36441    1.90%
   4112  2532   1.32677e+07    50   1.34186e+07   1.31637e+07    36464    1.90%
   4113  2533   1.33065e+07    47   1.34186e+07   1.31637e+07    36555    1.90%
   4114  2534   1.33079e+07    47   1.34186e+07   1.31637e+07    36593    1.90%
   4115  2535   1.33079e+07    47   1.34186e+07   1.31637e+07    36594    1.90%
   4116  2536   1.33097e+07    50   1.34186e+07   1.31637e+07    36599    1.90%
   4117  2535        cutoff         1.34186e+07   1.31637e+07    36630    1.90%
   4118  2536   1.33117e+07    48   1.34186e+07   1.31637e+07    36641    1.90%
Elapsed time = 3.12 sec. (5011.96 ticks, tree = 5.56 MB, solutions = 23)
   4902  3202   1.33351e+07    41   1.34186e+07   1.31637e+07    49617    1.90%
   4903  3203   1.33351e+07    40   1.34186e+07   1.31637e+07    49620    1.90%
   4904  3204   1.33360e+07    41   1.34186e+07   1.31637e+07    49627    1.90%
   4905  3203        cutoff         1.34186e+07   1.31637e+07    49640    1.90%
   4906  3202        cutoff         1.34186e+07   1.31637e+07    49641    1.90%
   4907  3203   1.33396e+07    49   1.34186e+07   1.31637e+07    50014    1.90%
   4908  3202        cutoff         1.34186e+07   1.31637e+07    50023    1.90%
   4909  3201        cutoff         1.34186e+07   1.31637e+07    50061    1.90%
   4910  3202   1.33606e+07    20   1.34186e+07   1.31637e+07    50402    1.90%
   4911  3203   1.33606e+07    16   1.34186e+07   1.31637e+07    50482    1.90%
Elapsed time = 3.71 sec. (6013.17 ticks, tree = 7.90 MB, solutions = 23)
   5281  3437   1.33205e+07    53   1.34186e+07   1.31637e+07    64966    1.90%
   5282  3437   1.33216e+07    48   1.34186e+07   1.31637e+07    65000    1.90%
   5283  3438   1.33216e+07    48   1.34186e+07   1.31637e+07    65001    1.90%
   5284  3439   1.33544e+07    44   1.34186e+07   1.31637e+07    65007    1.90%
   5285  3439   1.33633e+07    43   1.34186e+07   1.31637e+07    65075    1.90%
   5286  3440   1.33633e+07    40   1.34186e+07   1.31637e+07    65081    1.90%
   5287  3440   1.33722e+07    38   1.34186e+07   1.31637e+07    65088    1.90%
   5288  3440   1.33722e+07    39   1.34186e+07   1.31637e+07    65091    1.90%
   5289  3440   1.33722e+07    38   1.34186e+07   1.31637e+07    65094    1.90%
   5290  3441   1.34128e+07    36   1.34186e+07   1.31637e+07    65103    1.90%
Elapsed time = 4.30 sec. (7015.31 ticks, tree = 8.89 MB, solutions = 23)
   5632  3671        cutoff         1.34186e+07   1.31637e+07    77824    1.90%
   5633  3672   1.32206e+07    62   1.34186e+07   1.31637e+07    78163    1.90%
   5634  3673   1.32284e+07    56   1.34186e+07   1.31637e+07    78183    1.90%
   5635  3674   1.32327e+07    49   1.34186e+07   1.31637e+07    78219    1.90%
   5636  3675   1.32364e+07    51   1.34186e+07   1.31637e+07    78236    1.90%
   5637  3676   1.32364e+07    52   1.34186e+07   1.31637e+07    78237    1.90%
   5638  3677   1.32374e+07    51   1.34186e+07   1.31637e+07    78248    1.90%
   5639  3678   1.32445e+07    47   1.34186e+07   1.31637e+07    78261    1.90%
   5640  3679   1.32595e+07    49   1.34186e+07   1.31637e+07    78288    1.90%
   5641  3680   1.32650e+07    39   1.34186e+07   1.31637e+07    78310    1.90%
Elapsed time = 4.87 sec. (8017.89 ticks, tree = 9.99 MB, solutions = 23)
   6173  4090   1.31637e+07    61   1.34186e+07   1.31637e+07    92349    1.90%
   6174  4091   1.31637e+07    61   1.34186e+07   1.31637e+07    92353    1.90%
   6175  4092   1.31637e+07    69   1.34186e+07   1.31637e+07    92404    1.90%
   6176  4093   1.31637e+07    67   1.34186e+07   1.31637e+07    92409    1.90%
   6177  4094   1.31637e+07    65   1.34186e+07   1.31637e+07    92412    1.90%
   6178  4095   1.31637e+07    66   1.34186e+07   1.31637e+07    92418    1.90%
   6179  4096   1.31637e+07    65   1.34186e+07   1.31637e+07    92421    1.90%
   6180  4097   1.31637e+07    66   1.34186e+07   1.31637e+07    92423    1.90%
   6181  4098   1.31637e+07    64   1.34186e+07   1.31637e+07    92511    1.90%
   6182  4099   1.31845e+07    62   1.34186e+07   1.31637e+07    92565    1.90%
Elapsed time = 5.45 sec. (8986.90 ticks, tree = 12.11 MB, solutions = 23)
   6378  4182   1.33606e+07    32   1.34186e+07   1.31637e+07   108952    1.90%
   6379  4182   1.33606e+07    31   1.34186e+07   1.31637e+07   109029    1.90%
   6380  4183   1.33606e+07    29   1.34186e+07   1.31637e+07   109031    1.90%
   6381  4182        cutoff         1.34186e+07   1.31637e+07   109211    1.90%
   6382  4181        cutoff         1.34186e+07   1.31637e+07   109291    1.90%
   6383  4180        cutoff         1.34186e+07   1.31637e+07   109608    1.90%
   6384  4179        cutoff         1.34186e+07   1.31637e+07   109833    1.90%
   6385  4178        cutoff         1.34186e+07   1.31637e+07   109877    1.90%
   6386  4177        cutoff         1.34186e+07   1.31637e+07   109915    1.90%
   6945  4352   1.31637e+07    47   1.34186e+07   1.31637e+07   152915    1.90%
Elapsed time = 7.68 sec. (12805.99 ticks, tree = 13.99 MB, solutions = 23)
   9203  6406   1.31637e+07    58   1.34186e+07   1.31637e+07   187837    1.90%
   9204  6407   1.31637e+07    57   1.34186e+07   1.31637e+07   187935    1.90%
   9205  6408   1.31637e+07    67   1.34186e+07   1.31637e+07   187972    1.90%
   9206  6409   1.31637e+07    69   1.34186e+07   1.31637e+07   187980    1.90%
   9207  6410   1.31637e+07    69   1.34186e+07   1.31637e+07   187981    1.90%
   9208  6411   1.31637e+07    56   1.34186e+07   1.31637e+07   188022    1.90%
   9209  6412   1.31637e+07    65   1.34186e+07   1.31637e+07   188059    1.90%
   9210  6413   1.31637e+07    62   1.34186e+07   1.31637e+07   188147    1.90%
   9211  6414   1.31637e+07    62   1.34186e+07   1.31637e+07   188150    1.90%
   9212  6415   1.31637e+07    63   1.34186e+07   1.31637e+07   188181    1.90%
Elapsed time = 9.85 sec. (16664.14 ticks, tree = 25.28 MB, solutions = 23)
* 10233+ 7305                       1.34158e+07   1.31637e+07             1.88%
* 10233+ 7036                       1.33784e+07   1.31637e+07             1.60%
  11001  7712   1.31637e+07    66   1.33784e+07   1.31637e+07   215956    1.60%
  11002  7713   1.31637e+07    64   1.33784e+07   1.31637e+07   215974    1.60%
  11003  7714   1.31637e+07    77   1.33784e+07   1.31637e+07   216033    1.60%
  11004  7715   1.31637e+07    71   1.33784e+07   1.31637e+07   216045    1.60%
  11005  7716   1.31637e+07    71   1.33784e+07   1.31637e+07   216056    1.60%
  11006  7717   1.31637e+07    66   1.33784e+07   1.31637e+07   216072    1.60%
  11007  7717   1.32880e+07    39   1.33784e+07   1.31637e+07   216308    1.60%
  11008  7718   1.32880e+07    40   1.33784e+07   1.31637e+07   216310    1.60%
  11009  7719   1.32882e+07    38   1.33784e+07   1.31637e+07   216315    1.60%
  11010  7719   1.32893e+07    39   1.33784e+07   1.31637e+07   216317    1.60%
Elapsed time = 12.38 sec. (20501.34 ticks, tree = 33.16 MB, solutions = 25)
  13751 10168   1.32391e+07    39   1.33784e+07   1.31637e+07   261716    1.60%
  13752 10169   1.32399e+07    38   1.33784e+07   1.31637e+07   261717    1.60%
  13753 10170   1.32399e+07    39   1.33784e+07   1.31637e+07   261720    1.60%
  13754 10171   1.32399e+07    38   1.33784e+07   1.31637e+07   261725    1.60%
  13755 10172   1.32863e+07    29   1.33784e+07   1.31637e+07   261744    1.60%
  13756 10172   1.32863e+07    29   1.33784e+07   1.31637e+07   261746    1.60%
  13757 10173   1.33644e+07    20   1.33784e+07   1.31637e+07   261769    1.60%
  13758 10174   1.33644e+07    20   1.33784e+07   1.31637e+07   261773    1.60%
  13759 10174   1.33644e+07    22   1.33784e+07   1.31637e+07   261777    1.60%
  13760 10175   1.33644e+07    22   1.33784e+07   1.31637e+07   261778    1.60%
Elapsed time = 14.59 sec. (24320.30 ticks, tree = 47.19 MB, solutions = 25)
  16197 12400   1.32258e+07    42   1.33784e+07   1.31637e+07   303645    1.60%
  16198 12401   1.32315e+07    42   1.33784e+07   1.31637e+07   303658    1.60%
  16199 12402   1.32376e+07    39   1.33784e+07   1.31637e+07   303668    1.60%
  16200 12403   1.32407e+07    40   1.33784e+07   1.31637e+07   303678    1.60%
  16201 12404   1.32408e+07    40   1.33784e+07   1.31637e+07   303679    1.60%
  16202 12405   1.32454e+07    33   1.33784e+07   1.31637e+07   303686    1.60%
  16203 12405   1.33046e+07    33   1.33784e+07   1.31637e+07   303723    1.60%
  16204 12406   1.33404e+07    28   1.33784e+07   1.31637e+07   303731    1.60%
  16205 12407   1.33404e+07    28   1.33784e+07   1.31637e+07   303734    1.60%
  16206 12408   1.33404e+07    24   1.33784e+07   1.31637e+07   303752    1.60%
Elapsed time = 17.03 sec. (28144.33 ticks, tree = 59.86 MB, solutions = 25)
  18893 14848   1.31637e+07    85   1.33784e+07   1.31637e+07   351462    1.60%
  18894 14849   1.31637e+07    69   1.33784e+07   1.31637e+07   351464    1.60%
  18895 14850   1.31637e+07    63   1.33784e+07   1.31637e+07   351465    1.60%
  18896 14851   1.31637e+07    76   1.33784e+07   1.31637e+07   351475    1.60%
  18897 14852   1.31637e+07    69   1.33784e+07   1.31637e+07   351477    1.60%
  18898 14853   1.31637e+07    75   1.33784e+07   1.31637e+07   351479    1.60%
  18899 14854   1.31637e+07    69   1.33784e+07   1.31637e+07   351481    1.60%
  18900 14855   1.31637e+07    82   1.33784e+07   1.31637e+07   351503    1.60%
  18901 14856   1.31637e+07    73   1.33784e+07   1.31637e+07   351576    1.60%
  18902 14857   1.31637e+07    72   1.33784e+07   1.31637e+07   351578    1.60%
Elapsed time = 19.24 sec. (31972.03 ticks, tree = 73.97 MB, solutions = 25)
  20572 16345   1.31637e+07    62   1.33784e+07   1.31637e+07   391522    1.60%
  20573 16346   1.31637e+07    62   1.33784e+07   1.31637e+07   391524    1.60%
  20574 16347   1.31637e+07    58   1.33784e+07   1.31637e+07   391544    1.60%
  20575 16348   1.31637e+07    59   1.33784e+07   1.31637e+07   391550    1.60%
  20576 16349   1.31637e+07    61   1.33784e+07   1.31637e+07   391599    1.60%
  20577 16350   1.31637e+07    58   1.33784e+07   1.31637e+07   391602    1.60%
  20578 16351   1.31637e+07    58   1.33784e+07   1.31637e+07   391603    1.60%
  20579 16352   1.31637e+07    58   1.33784e+07   1.31637e+07   391606    1.60%
  20580 16353   1.31637e+07    56   1.33784e+07   1.31637e+07   391607    1.60%
  20581 16354   1.31637e+07    57   1.33784e+07   1.31637e+07   391609    1.60%
Elapsed time = 21.37 sec. (35801.27 ticks, tree = 82.57 MB, solutions = 25)
  22911 18395   1.31637e+07    74   1.33784e+07   1.31637e+07   434287    1.60%
  22912 18396   1.31637e+07    64   1.33784e+07   1.31637e+07   434322    1.60%
  22913 18397   1.31637e+07    75   1.33784e+07   1.31637e+07   434354    1.60%
  22914 18398   1.31637e+07    74   1.33784e+07   1.31637e+07   434356    1.60%
  22915 18399   1.31637e+07    70   1.33784e+07   1.31637e+07   434383    1.60%
  22916 18400   1.31637e+07    72   1.33784e+07   1.31637e+07   434396    1.60%
  22917 18401   1.31637e+07    67   1.33784e+07   1.31637e+07   434430    1.60%
  22918 18402   1.31637e+07    61   1.33784e+07   1.31637e+07   434441    1.60%
  22919 18403   1.31637e+07    66   1.33784e+07   1.31637e+07   434447    1.60%
  22920 18404   1.31637e+07    66   1.33784e+07   1.31637e+07   434450    1.60%
Elapsed time = 23.48 sec. (39630.14 ticks, tree = 94.95 MB, solutions = 25)
  25575 20745   1.31728e+07    50   1.33784e+07   1.31637e+07   474362    1.60%
  25576 20746   1.31753e+07    48   1.33784e+07   1.31637e+07   474372    1.60%
  25577 20747   1.31758e+07    44   1.33784e+07   1.31637e+07   474375    1.60%
  25578 20748   1.31769e+07    45   1.33784e+07   1.31637e+07   474377    1.60%
  25579 20749   1.31769e+07    46   1.33784e+07   1.31637e+07   474381    1.60%
  25580 20750   1.31769e+07    46   1.33784e+07   1.31637e+07   474382    1.60%
  25581 20751   1.31897e+07    41   1.33784e+07   1.31637e+07   474406    1.60%
  25582 20752   1.31897e+07    41   1.33784e+07   1.31637e+07   474408    1.60%
  25583 20753   1.31904e+07    42   1.33784e+07   1.31637e+07   474411    1.60%
  25584 20754   1.32115e+07    39   1.33784e+07   1.31637e+07   474443    1.60%
Elapsed time = 25.69 sec. (43453.47 ticks, tree = 108.82 MB, solutions = 25)
  28096 23001   1.31637e+07    62   1.33784e+07   1.31637e+07   517304    1.60%
  28097 23002   1.31637e+07    58   1.33784e+07   1.31637e+07   517325    1.60%
  28098 23003   1.31637e+07    58   1.33784e+07   1.31637e+07   517330    1.60%
  28099 23004   1.31637e+07    58   1.33784e+07   1.31637e+07   517331    1.60%
  28100 23005   1.31637e+07    60   1.33784e+07   1.31637e+07   517338    1.60%
  28101 23006   1.31637e+07    56   1.33784e+07   1.31637e+07   517340    1.60%
  28102 23007   1.31637e+07    56   1.33784e+07   1.31637e+07   517349    1.60%
  28103 23008   1.31637e+07    56   1.33784e+07   1.31637e+07   517351    1.60%
  28104 23009   1.31637e+07    61   1.33784e+07   1.31637e+07   517358    1.60%
  28105 23010   1.31637e+07    58   1.33784e+07   1.31637e+07   517371    1.60%
Elapsed time = 27.83 sec. (47275.44 ticks, tree = 122.96 MB, solutions = 25)
  30280 24934   1.31637e+07    75   1.33784e+07   1.31637e+07   554793    1.60%
  30281 24935   1.31637e+07    76   1.33784e+07   1.31637e+07   554803    1.60%
  30282 24936   1.31637e+07    74   1.33784e+07   1.31637e+07   554807    1.60%
  30283 24937   1.31637e+07    74   1.33784e+07   1.31637e+07   554813    1.60%
  30284 24938   1.31637e+07    57   1.33784e+07   1.31637e+07   554825    1.60%
  30285 24939   1.31637e+07    59   1.33784e+07   1.31637e+07   554842    1.60%
  30286 24940   1.31637e+07    67   1.33784e+07   1.31637e+07   554914    1.60%
  30287 24941   1.31637e+07    63   1.33784e+07   1.31637e+07   554934    1.60%
  30288 24942   1.31637e+07    65   1.33784e+07   1.31637e+07   554943    1.60%
  30289 24943   1.31637e+07    62   1.33784e+07   1.31637e+07   554945    1.60%
Elapsed time = 30.02 sec. (51105.88 ticks, tree = 135.48 MB, solutions = 25)
  32808 27195   1.31637e+07    74   1.33784e+07   1.31637e+07   593449    1.60%
  32809 27196   1.31637e+07    73   1.33784e+07   1.31637e+07   593469    1.60%
  32810 27197   1.31637e+07    72   1.33784e+07   1.31637e+07   593483    1.60%
  32811 27198   1.31637e+07    72   1.33784e+07   1.31637e+07   593485    1.60%
  32812 27199   1.31637e+07    71   1.33784e+07   1.31637e+07   593486    1.60%
  32813 27200   1.31637e+07    74   1.33784e+07   1.31637e+07   593504    1.60%
  32814 27201   1.31637e+07    73   1.33784e+07   1.31637e+07   593509    1.60%
  32815 27202   1.31637e+07    70   1.33784e+07   1.31637e+07   593524    1.60%
  32816 27203   1.31637e+07    70   1.33784e+07   1.31637e+07   593525    1.60%
  32817 27204   1.31637e+07    70   1.33784e+07   1.31637e+07   593526    1.60%
Elapsed time = 32.27 sec. (54962.48 ticks, tree = 150.55 MB, solutions = 25)
  35613 29718   1.31874e+07    59   1.33784e+07   1.31637e+07   638768    1.60%
  35614 29719   1.31874e+07    60   1.33784e+07   1.31637e+07   638777    1.60%
  35615 29720   1.31875e+07    58   1.33784e+07   1.31637e+07   638783    1.60%
  35616 29721   1.31993e+07    54   1.33784e+07   1.31637e+07   638818    1.60%
  35617 29722   1.32005e+07    55   1.33784e+07   1.31637e+07   638820    1.60%
  35618 29723   1.32005e+07    55   1.33784e+07   1.31637e+07   638822    1.60%
  35619 29724   1.32005e+07    58   1.33784e+07   1.31637e+07   638824    1.60%
  35620 29725   1.32012e+07    56   1.33784e+07   1.31637e+07   638828    1.60%
  35621 29726   1.32231e+07    43   1.33784e+07   1.31637e+07   638859    1.60%
  35622 29727   1.32823e+07    49   1.33784e+07   1.31637e+07   638897    1.60%
Elapsed time = 34.46 sec. (58786.44 ticks, tree = 167.36 MB, solutions = 25)
  37824 31679   1.31637e+07    93   1.33784e+07   1.31637e+07   675607    1.60%
  37825 31680   1.31637e+07    92   1.33784e+07   1.31637e+07   675621    1.60%
  37826 31681   1.31637e+07    92   1.33784e+07   1.31637e+07   675622    1.60%
  37827 31682   1.31637e+07    91   1.33784e+07   1.31637e+07   675624    1.60%
  37828 31683   1.31637e+07    92   1.33784e+07   1.31637e+07   675634    1.60%
  37829 31684   1.31637e+07    92   1.33784e+07   1.31637e+07   675635    1.60%
  37830 31685   1.31637e+07    90   1.33784e+07   1.31637e+07   675648    1.60%
  37831 31686   1.31637e+07    87   1.33784e+07   1.31637e+07   675664    1.60%
  37832 31687   1.31637e+07    77   1.33784e+07   1.31637e+07   675700    1.60%
  37833 31688   1.31637e+07    79   1.33784e+07   1.31637e+07   675711    1.60%
Elapsed time = 36.69 sec. (62627.81 ticks, tree = 180.86 MB, solutions = 25)
  40739 34316   1.31637e+07    91   1.33784e+07   1.31637e+07   718356    1.60%
  40740 34317   1.31637e+07    85   1.33784e+07   1.31637e+07   718366    1.60%
  40741 34318   1.31637e+07    81   1.33784e+07   1.31637e+07   718385    1.60%
  40742 34319   1.31637e+07    88   1.33784e+07   1.31637e+07   718395    1.60%
  40743 34320   1.31637e+07    85   1.33784e+07   1.31637e+07   718405    1.60%
  40744 34321   1.31637e+07    84   1.33784e+07   1.31637e+07   718419    1.60%
  40745 34322   1.31637e+07    82   1.33784e+07   1.31637e+07   718432    1.60%
  40746 34323   1.31637e+07    82   1.33784e+07   1.31637e+07   718433    1.60%
  40747 34324   1.31637e+07    80   1.33784e+07   1.31637e+07   718554    1.60%
  40748 34325   1.31637e+07    80   1.33784e+07   1.31637e+07   718555    1.60%
Elapsed time = 38.86 sec. (66459.07 ticks, tree = 200.20 MB, solutions = 25)
  43415 36675   1.31637e+07    86   1.33784e+07   1.31637e+07   764458    1.60%
  43416 36676   1.31637e+07    85   1.33784e+07   1.31637e+07   764469    1.60%
  43417 36677   1.31637e+07    83   1.33784e+07   1.31637e+07   764501    1.60%
  43418 36678   1.31637e+07    90   1.33784e+07   1.31637e+07   764522    1.60%
  43419 36679   1.31637e+07    89   1.33784e+07   1.31637e+07   764523    1.60%
  43420 36680   1.31637e+07    90   1.33784e+07   1.31637e+07   764524    1.60%
  43421 36681   1.31637e+07    91   1.33784e+07   1.31637e+07   764549    1.60%
  43422 36682   1.31637e+07    96   1.33784e+07   1.31637e+07   764551    1.60%
  43423 36683   1.31637e+07    94   1.33784e+07   1.31637e+07   764557    1.60%
  43424 36684   1.31637e+07    94   1.33784e+07   1.31637e+07   764559    1.60%
Elapsed time = 41.06 sec. (70291.84 ticks, tree = 216.65 MB, solutions = 25)
  45924 38922   1.31637e+07    74   1.33784e+07   1.31637e+07   807344    1.60%
  45925 38923   1.31637e+07    68   1.33784e+07   1.31637e+07   807392    1.60%
  45926 38924   1.31637e+07    65   1.33784e+07   1.31637e+07   807414    1.60%
  45927 38925   1.31637e+07    65   1.33784e+07   1.31637e+07   807427    1.60%
  45928 38926   1.31637e+07    67   1.33784e+07   1.31637e+07   807450    1.60%
  45929 38927   1.31637e+07    70   1.33784e+07   1.31637e+07   807458    1.60%
  45930 38928   1.31637e+07    62   1.33784e+07   1.31637e+07   807495    1.60%
  45931 38929   1.31637e+07    60   1.33784e+07   1.31637e+07   807506    1.60%
  45932 38930   1.31637e+07    57   1.33784e+07   1.31637e+07   807526    1.60%
  45933 38931   1.31637e+07    72   1.33784e+07   1.31637e+07   807538    1.60%
Elapsed time = 43.28 sec. (74122.20 ticks, tree = 232.31 MB, solutions = 25)
  48233 40968   1.31637e+07    68   1.33784e+07   1.31637e+07   849069    1.60%
  48234 40969   1.31637e+07    65   1.33784e+07   1.31637e+07   849080    1.60%
  48235 40970   1.31637e+07    77   1.33784e+07   1.31637e+07   849107    1.60%
  48236 40971   1.31637e+07    77   1.33784e+07   1.31637e+07   849108    1.60%
  48237 40972   1.31637e+07    67   1.33784e+07   1.31637e+07   849123    1.60%
  48238 40973   1.31637e+07    67   1.33784e+07   1.31637e+07   849125    1.60%
  48239 40974   1.31637e+07    67   1.33784e+07   1.31637e+07   849126    1.60%
  48240 40975   1.31637e+07    69   1.33784e+07   1.31637e+07   849164    1.60%
  48241 40976   1.31637e+07    76   1.33784e+07   1.31637e+07   849195    1.60%
  48242 40977   1.31637e+07    55   1.33784e+07   1.31637e+07   849247    1.60%
Elapsed time = 45.78 sec. (78390.34 ticks, tree = 246.60 MB, solutions = 25)
  50836 43265   1.32951e+07    54   1.33784e+07   1.31637e+07   893536    1.60%
  50837 43266   1.32989e+07    55   1.33784e+07   1.31637e+07   893548    1.60%
  50838 43267   1.33011e+07    55   1.33784e+07   1.31637e+07   893550    1.60%
  50839 43268   1.33012e+07    54   1.33784e+07   1.31637e+07   893555    1.60%
  50840 43269   1.33394e+07    51   1.33784e+07   1.31637e+07   893597    1.60%
  50841 43270   1.33394e+07    51   1.33784e+07   1.31637e+07   893598    1.60%
  50842 43271   1.33394e+07    49   1.33784e+07   1.31637e+07   893602    1.60%
  50843 43272   1.33395e+07    51   1.33784e+07   1.31637e+07   893605    1.60%
  50844 43273   1.33396e+07    51   1.33784e+07   1.31637e+07   893608    1.60%
  50845 43273   1.33396e+07    50   1.33784e+07   1.31637e+07   893609    1.60%
Elapsed time = 47.95 sec. (82211.95 ticks, tree = 262.60 MB, solutions = 25)
  53842 45980   1.32920e+07    52   1.33784e+07   1.31637e+07   937863    1.60%
  53843 45981   1.32945e+07    52   1.33784e+07   1.31637e+07   937867    1.60%
  53844 45982   1.32961e+07    58   1.33784e+07   1.31637e+07   937889    1.60%
  53845 45983   1.32969e+07    52   1.33784e+07   1.31637e+07   937895    1.60%
  53846 45984   1.32990e+07    47   1.33784e+07   1.31637e+07   937901    1.60%
  53847 45983        cutoff         1.33784e+07   1.31637e+07   937932    1.60%
  53848 45982        cutoff         1.33784e+07   1.31637e+07   937943    1.60%
  53849 45983   1.31805e+07    56   1.33784e+07   1.31637e+07   938391    1.60%
  53850 45984   1.31944e+07    53   1.33784e+07   1.31637e+07   938405    1.60%
  53851 45985   1.31945e+07    52   1.33784e+07   1.31637e+07   938408    1.60%
Elapsed time = 50.17 sec. (86072.84 ticks, tree = 281.54 MB, solutions = 25)
  56779 48592   1.32879e+07    66   1.33784e+07   1.31637e+07   977391    1.60%
  56780 48593   1.33158e+07    59   1.33784e+07   1.31637e+07   977436    1.60%
  56781 48592        cutoff         1.33784e+07   1.31637e+07   977452    1.60%
  56782 48591        cutoff         1.33784e+07   1.31637e+07   977456    1.60%
  56783 48592   1.31637e+07    86   1.33784e+07   1.31637e+07   977597    1.60%
  56784 48593   1.31637e+07    80   1.33784e+07   1.31637e+07   977605    1.60%
  56785 48594   1.31637e+07    79   1.33784e+07   1.31637e+07   977608    1.60%
  56786 48595   1.31637e+07    81   1.33784e+07   1.31637e+07   977618    1.60%
  56787 48596   1.31637e+07    82   1.33784e+07   1.31637e+07   977626    1.60%
  56788 48597   1.31637e+07    78   1.33784e+07   1.31637e+07   977633    1.60%
Elapsed time = 52.43 sec. (89908.36 ticks, tree = 299.78 MB, solutions = 25)
  59421 50952   1.31637e+07    87   1.33784e+07   1.31637e+07  1023209    1.60%
  59422 50953   1.31637e+07    85   1.33784e+07   1.31637e+07  1023212    1.60%
  59423 50954   1.31637e+07    84   1.33784e+07   1.31637e+07  1023253    1.60%
  59424 50955   1.31637e+07    80   1.33784e+07   1.31637e+07  1023329    1.60%
  59425 50956   1.31637e+07    79   1.33784e+07   1.31637e+07  1023330    1.60%
  59426 50957   1.31637e+07    83   1.33784e+07   1.31637e+07  1023347    1.60%
  59427 50958   1.31637e+07    81   1.33784e+07   1.31637e+07  1023351    1.60%
  59428 50959   1.31637e+07    82   1.33784e+07   1.31637e+07  1023365    1.60%
  59429 50960   1.31637e+07    79   1.33784e+07   1.31637e+07  1023367    1.60%
  59430 50961   1.31637e+07    80   1.33784e+07   1.31637e+07  1023371    1.60%
Elapsed time = 54.64 sec. (93751.50 ticks, tree = 316.25 MB, solutions = 25)
  61914 53185   1.31637e+07    79   1.33784e+07   1.31637e+07  1065485    1.60%
  61915 53186   1.31637e+07    76   1.33784e+07   1.31637e+07  1065549    1.60%
  61916 53187   1.31637e+07    78   1.33784e+07   1.31637e+07  1065556    1.60%
  61917 53188   1.31637e+07    76   1.33784e+07   1.31637e+07  1065559    1.60%
  61918 53189   1.31637e+07    69   1.33784e+07   1.31637e+07  1065561    1.60%
  61919 53190   1.31637e+07    75   1.33784e+07   1.31637e+07  1065567    1.60%
  61920 53191   1.31637e+07    77   1.33784e+07   1.31637e+07  1065593    1.60%
  61921 53192   1.31637e+07    81   1.33784e+07   1.31637e+07  1065608    1.60%
  61922 53193   1.31637e+07    75   1.33784e+07   1.31637e+07  1065625    1.60%
  61923 53194   1.31637e+07    72   1.33784e+07   1.31637e+07  1065626    1.60%
Elapsed time = 56.84 sec. (97590.51 ticks, tree = 331.84 MB, solutions = 25)
  64934 55967        cutoff         1.33784e+07   1.31637e+07  1105715    1.60%
  64935 55968   1.32116e+07    38   1.33784e+07   1.31637e+07  1105729    1.60%
  64936 55969   1.32995e+07    27   1.33784e+07   1.31637e+07  1105736    1.60%
  64937 55970   1.32995e+07    26   1.33784e+07   1.31637e+07  1105737    1.60%
  64938 55971   1.32995e+07    27   1.33784e+07   1.31637e+07  1105738    1.60%
  64939 55972   1.32995e+07    27   1.33784e+07   1.31637e+07  1105764    1.60%
  64940 55973   1.32995e+07    34   1.33784e+07   1.31637e+07  1105778    1.60%
  64941 55974   1.32995e+07    30   1.33784e+07   1.31637e+07  1105790    1.60%
  64942 55975   1.32995e+07    28   1.33784e+07   1.31637e+07  1105791    1.60%
  64943 55976   1.32995e+07    27   1.33784e+07   1.31637e+07  1105813    1.60%
Elapsed time = 59.08 sec. (101413.51 ticks, tree = 351.22 MB, solutions = 25)
  67671 58344   1.31637e+07   103   1.33784e+07   1.31637e+07  1153081    1.60%
  67672 58345   1.31637e+07   102   1.33784e+07   1.31637e+07  1153102    1.60%
  67673 58346   1.31637e+07    95   1.33784e+07   1.31637e+07  1153142    1.60%
  67674 58347   1.31637e+07    98   1.33784e+07   1.31637e+07  1153185    1.60%
  67675 58348   1.31637e+07    98   1.33784e+07   1.31637e+07  1153186    1.60%
  67676 58349   1.31637e+07    94   1.33784e+07   1.31637e+07  1153189    1.60%
  67677 58350   1.31637e+07    92   1.33784e+07   1.31637e+07  1153218    1.60%
  67678 58351   1.31637e+07    94   1.33784e+07   1.31637e+07  1153221    1.60%
  67679 58352   1.31637e+07    94   1.33784e+07   1.31637e+07  1153255    1.60%
  67680 58353   1.31637e+07    75   1.33784e+07   1.31637e+07  1153305    1.60%
Elapsed time = 61.26 sec. (105248.64 ticks, tree = 367.80 MB, solutions = 25)
  70615 60990   1.32155e+07    56   1.33784e+07   1.31637e+07  1194992    1.60%
  70616 60991   1.32155e+07    47   1.33784e+07   1.31637e+07  1194994    1.60%
  70617 60992   1.32155e+07    51   1.33784e+07   1.31637e+07  1195004    1.60%
  70618 60993   1.32155e+07    46   1.33784e+07   1.31637e+07  1195034    1.60%
  70619 60994   1.32155e+07    52   1.33784e+07   1.31637e+07  1195079    1.60%
  70620 60995   1.32155e+07    49   1.33784e+07   1.31637e+07  1195080    1.60%
  70621 60996   1.32155e+07    48   1.33784e+07   1.31637e+07  1195082    1.60%
  70622 60997   1.32155e+07    43   1.33784e+07   1.31637e+07  1195114    1.60%
  70623 60998   1.32155e+07    41   1.33784e+07   1.31637e+07  1195117    1.60%
  70624 60999   1.32155e+07    42   1.33784e+07   1.31637e+07  1195123    1.60%
Elapsed time = 63.49 sec. (109088.20 ticks, tree = 386.26 MB, solutions = 25)
  73199 63322        cutoff         1.33784e+07   1.31637e+07  1239542    1.60%
  73200 63323   1.31637e+07    78   1.33784e+07   1.31637e+07  1239545    1.60%
  73201 63324   1.31637e+07    80   1.33784e+07   1.31637e+07  1239552    1.60%
  73202 63325   1.31637e+07    81   1.33784e+07   1.31637e+07  1239559    1.60%
  73203 63324        cutoff         1.33784e+07   1.31637e+07  1239734    1.60%
  73204 63325   1.31637e+07    79   1.33784e+07   1.31637e+07  1239735    1.60%
  73205 63326   1.31637e+07    81   1.33784e+07   1.31637e+07  1239743    1.60%
  73206 63327   1.31637e+07    79   1.33784e+07   1.31637e+07  1239750    1.60%
  73207 63328   1.31637e+07    77   1.33784e+07   1.31637e+07  1239754    1.60%
  73208 63329   1.31637e+07    76   1.33784e+07   1.31637e+07  1239756    1.60%
Elapsed time = 65.68 sec. (112938.44 ticks, tree = 402.50 MB, solutions = 25)
* 74833+64587                       1.33713e+07   1.31637e+07             1.55%
  75432 65108   1.31637e+07    78   1.33713e+07   1.31637e+07  1272963    1.55%
  75433 65109   1.31637e+07    76   1.33713e+07   1.31637e+07  1272986    1.55%
  75434 65110   1.31637e+07    77   1.33713e+07   1.31637e+07  1272989    1.55%
  75435 65111   1.31637e+07    77   1.33713e+07   1.31637e+07  1272990    1.55%
  75436 65112   1.31637e+07    75   1.33713e+07   1.31637e+07  1273000    1.55%
  75437 65113   1.31637e+07    83   1.33713e+07   1.31637e+07  1273008    1.55%
  75438 65114   1.31637e+07    74   1.33713e+07   1.31637e+07  1273014    1.55%
  75439 65115   1.31637e+07    71   1.33713e+07   1.31637e+07  1273033    1.55%
  75440 65116   1.31637e+07    73   1.33713e+07   1.31637e+07  1273038    1.55%
  75441 65117   1.31637e+07    73   1.33713e+07   1.31637e+07  1273041    1.55%
Elapsed time = 67.99 sec. (116763.75 ticks, tree = 415.13 MB, solutions = 26)
  78775 68119   1.32370e+07    52   1.33713e+07   1.31637e+07  1317830    1.55%
  78776 68120   1.32371e+07    51   1.33713e+07   1.31637e+07  1317836    1.55%
  78777 68121   1.32371e+07    51   1.33713e+07   1.31637e+07  1317837    1.55%
  78778 68122   1.32473e+07    57   1.33713e+07   1.31637e+07  1317880    1.55%
  78779 68123   1.32499e+07    51   1.33713e+07   1.31637e+07  1317911    1.55%
  78780 68124   1.32502e+07    49   1.33713e+07   1.31637e+07  1317925    1.55%
  78781 68125   1.32504e+07    50   1.33713e+07   1.31637e+07  1317935    1.55%
  78782 68126   1.32579e+07    50   1.33713e+07   1.31637e+07  1317958    1.55%
  78783 68127   1.32580e+07    50   1.33713e+07   1.31637e+07  1317959    1.55%
  78784 68128   1.32581e+07    51   1.33713e+07   1.31637e+07  1317961    1.55%
Elapsed time = 70.21 sec. (120590.04 ticks, tree = 438.07 MB, solutions = 26)
  82133 71149   1.31637e+07    76   1.33713e+07   1.31637e+07  1362804    1.55%
  82134 71150   1.31637e+07    76   1.33713e+07   1.31637e+07  1362823    1.55%
  82135 71151   1.31637e+07    71   1.33713e+07   1.31637e+07  1362828    1.55%
  82136 71152   1.31637e+07    71   1.33713e+07   1.31637e+07  1362833    1.55%
  82137 71153   1.31637e+07    76   1.33713e+07   1.31637e+07  1362846    1.55%
  82138 71154   1.31637e+07    76   1.33713e+07   1.31637e+07  1362849    1.55%
  82139 71155   1.31637e+07    75   1.33713e+07   1.31637e+07  1362854    1.55%
  82140 71156   1.31637e+07    72   1.33713e+07   1.31637e+07  1362885    1.55%
  82141 71157   1.31637e+07    76   1.33713e+07   1.31637e+07  1362893    1.55%
  82142 71158   1.31637e+07    74   1.33713e+07   1.31637e+07  1362900    1.55%
Elapsed time = 72.68 sec. (124779.66 ticks, tree = 459.21 MB, solutions = 26)
  84903 73618   1.32239e+07    62   1.33713e+07   1.31637e+07  1409616    1.55%
  84904 73619   1.32244e+07    63   1.33713e+07   1.31637e+07  1409623    1.55%
  84905 73620   1.32244e+07    63   1.33713e+07   1.31637e+07  1409625    1.55%
  84906 73621   1.32248e+07    64   1.33713e+07   1.31637e+07  1409630    1.55%
  84907 73622   1.32342e+07    52   1.33713e+07   1.31637e+07  1409688    1.55%
  84908 73623   1.32342e+07    55   1.33713e+07   1.31637e+07  1409699    1.55%
  84909 73624   1.32342e+07    54   1.33713e+07   1.31637e+07  1409707    1.55%
  84910 73625   1.32348e+07    51   1.33713e+07   1.31637e+07  1409718    1.55%
  84911 73626   1.32409e+07    49   1.33713e+07   1.31637e+07  1409730    1.55%
  84912 73627   1.32409e+07    49   1.33713e+07   1.31637e+07  1409731    1.55%
Elapsed time = 74.87 sec. (128607.96 ticks, tree = 476.44 MB, solutions = 26)
* 87233+75590                       1.33685e+07   1.31637e+07             1.53%
  87333 75666   1.31637e+07    74   1.33685e+07   1.31637e+07  1448141    1.53%
  87334 75667   1.31637e+07    68   1.33685e+07   1.31637e+07  1448154    1.53%
  87335 75668   1.31637e+07    70   1.33685e+07   1.31637e+07  1448161    1.53%
  87336 75669   1.31637e+07    70   1.33685e+07   1.31637e+07  1448162    1.53%
  87337 75670   1.31637e+07    76   1.33685e+07   1.31637e+07  1448179    1.53%
  87338 75671   1.31637e+07    73   1.33685e+07   1.31637e+07  1448201    1.53%
  87339 75672   1.31637e+07    73   1.33685e+07   1.31637e+07  1448203    1.53%
  87340 75673   1.31637e+07    73   1.33685e+07   1.31637e+07  1448206    1.53%
  87341 75674   1.31637e+07    72   1.33685e+07   1.31637e+07  1448209    1.53%
  87342 75675   1.31637e+07    74   1.33685e+07   1.31637e+07  1448212    1.53%
Elapsed time = 77.25 sec. (132671.36 ticks, tree = 490.81 MB, solutions = 27)
  90346 78403   1.32730e+07    55   1.33685e+07   1.31637e+07  1491888    1.53%
  90347 78404   1.32730e+07    54   1.33685e+07   1.31637e+07  1491889    1.53%
  90348 78405   1.32730e+07    54   1.33685e+07   1.31637e+07  1491894    1.53%
  90349 78406   1.32774e+07    53   1.33685e+07   1.31637e+07  1491916    1.53%
  90350 78407   1.32774e+07    53   1.33685e+07   1.31637e+07  1491917    1.53%
  90351 78408   1.32897e+07    52   1.33685e+07   1.31637e+07  1491943    1.53%
  90352 78409   1.32901e+07    52   1.33685e+07   1.31637e+07  1491945    1.53%
  90353 78410   1.32907e+07    52   1.33685e+07   1.31637e+07  1491946    1.53%
  90354 78411   1.32918e+07    54   1.33685e+07   1.31637e+07  1491949    1.53%
  90355 78412   1.32935e+07    53   1.33685e+07   1.31637e+07  1491961    1.53%
Elapsed time = 79.47 sec. (136492.45 ticks, tree = 509.89 MB, solutions = 27)
  93375 81149   1.31963e+07    75   1.33685e+07   1.31637e+07  1535140    1.53%
  93376 81150   1.31987e+07    71   1.33685e+07   1.31637e+07  1535156    1.53%
  93377 81151   1.32000e+07    86   1.33685e+07   1.31637e+07  1535175    1.53%
  93378 81152   1.32043e+07    85   1.33685e+07   1.31637e+07  1535201    1.53%
  93379 81152   1.32049e+07    82   1.33685e+07   1.31637e+07  1535206    1.53%
  93380 81153   1.32084e+07    74   1.33685e+07   1.31637e+07  1535219    1.53%
  93381 81154   1.32090e+07    74   1.33685e+07   1.31637e+07  1535226    1.53%
  93382 81155   1.32092e+07    64   1.33685e+07   1.31637e+07  1535236    1.53%
  93383 81156   1.32104e+07    77   1.33685e+07   1.31637e+07  1535248    1.53%
  93384 81157   1.32110e+07    79   1.33685e+07   1.31637e+07  1535256    1.53%
Elapsed time = 81.71 sec. (140329.33 ticks, tree = 529.03 MB, solutions = 27)
  96425 83929   1.32036e+07    48   1.33685e+07   1.31637e+07  1582329    1.53%
  96426 83930   1.32038e+07    41   1.33685e+07   1.31637e+07  1582336    1.53%
  96427 83931   1.32038e+07    45   1.33685e+07   1.31637e+07  1582341    1.53%
  96428 83932   1.32038e+07    40   1.33685e+07   1.31637e+07  1582342    1.53%
  96429 83933   1.32041e+07    38   1.33685e+07   1.31637e+07  1582351    1.53%
  96430 83934   1.32059e+07    51   1.33685e+07   1.31637e+07  1582368    1.53%
  96431 83935   1.32061e+07    54   1.33685e+07   1.31637e+07  1582377    1.53%
  96432 83936   1.32062e+07    56   1.33685e+07   1.31637e+07  1582378    1.53%
  96433 83937   1.32067e+07    49   1.33685e+07   1.31637e+07  1582391    1.53%
  96434 83938   1.32073e+07    53   1.33685e+07   1.31637e+07  1582402    1.53%
Elapsed time = 83.90 sec. (144151.20 ticks, tree = 548.44 MB, solutions = 27)
  99255 86496   1.31637e+07    96   1.33685e+07   1.31637e+07  1622731    1.53%
  99256 86497   1.31637e+07    90   1.33685e+07   1.31637e+07  1622800    1.53%
  99257 86498   1.31637e+07    87   1.33685e+07   1.31637e+07  1622809    1.53%
  99258 86499   1.31638e+07    89   1.33685e+07   1.31637e+07  1622874    1.53%
  99259 86500   1.31638e+07    89   1.33685e+07   1.31637e+07  1622875    1.53%
  99260 86501   1.31638e+07    89   1.33685e+07   1.31637e+07  1622879    1.53%
  99261 86502   1.31649e+07    92   1.33685e+07   1.31637e+07  1622898    1.53%
  99262 86503   1.31665e+07    85   1.33685e+07   1.31637e+07  1622902    1.53%
  99263 86504   1.31710e+07    76   1.33685e+07   1.31637e+07  1622922    1.53%
  99264 86505   1.31719e+07    78   1.33685e+07   1.31637e+07  1622930    1.53%
Elapsed time = 86.17 sec. (147998.63 ticks, tree = 566.33 MB, solutions = 27)
 101893 88843   1.32576e+07    45   1.33685e+07   1.31637e+07  1668427    1.53%
 101894 88844   1.32581e+07    41   1.33685e+07   1.31637e+07  1668431    1.53%
 101895 88844   1.32600e+07    44   1.33685e+07   1.31637e+07  1668436    1.53%
 101896 88845   1.32610e+07    44   1.33685e+07   1.31637e+07  1668438    1.53%
 101897 88846   1.32613e+07    33   1.33685e+07   1.31637e+07  1668443    1.53%
 101898 88847   1.32613e+07    33   1.33685e+07   1.31637e+07  1668444    1.53%
 101899 88848   1.32621e+07    35   1.33685e+07   1.31637e+07  1668455    1.53%
 101900 88849   1.32622e+07    35   1.33685e+07   1.31637e+07  1668456    1.53%
 101901 88850   1.32622e+07    35   1.33685e+07   1.31637e+07  1668457    1.53%
 101902 88851   1.32648e+07    34   1.33685e+07   1.31637e+07  1668461    1.53%
Elapsed time = 88.37 sec. (151816.42 ticks, tree = 582.68 MB, solutions = 27)
 104503 91142   1.32711e+07    52   1.33685e+07   1.31637e+07  1710715    1.53%
 104504 91141        cutoff         1.33685e+07   1.31637e+07  1710740    1.53%
 104505 91142   1.32711e+07    52   1.33685e+07   1.31637e+07  1710742    1.53%
 104506 91143   1.32713e+07    54   1.33685e+07   1.31637e+07  1710753    1.53%
 104507 91144   1.32719e+07    54   1.33685e+07   1.31637e+07  1710758    1.53%
 104508 91145   1.33340e+07    48   1.33685e+07   1.31637e+07  1710826    1.53%
 104509 91146   1.33341e+07    45   1.33685e+07   1.31637e+07  1710828    1.53%
 104510 91147   1.33341e+07    45   1.33685e+07   1.31637e+07  1710829    1.53%
 104511 91148   1.33345e+07    44   1.33685e+07   1.31637e+07  1710842    1.53%
 104512 91148   1.33362e+07    49   1.33685e+07   1.31637e+07  1710857    1.53%
Elapsed time = 90.62 sec. (155642.78 ticks, tree = 598.71 MB, solutions = 27)
*104533+86771                       1.33563e+07   1.31637e+07             1.44%
 105633 87750   1.31732e+07    39   1.33563e+07   1.31637e+07  1730401    1.44%
 105634 87751   1.31889e+07    41   1.33563e+07   1.31637e+07  1730433    1.44%
 105635 87752   1.31983e+07    42   1.33563e+07   1.31637e+07  1730441    1.44%
 105636 87753   1.31991e+07    41   1.33563e+07   1.31637e+07  1730446    1.44%
 105637 87754   1.31994e+07    39   1.33563e+07   1.31637e+07  1730448    1.44%
 105638 87755   1.32008e+07    41   1.33563e+07   1.31637e+07  1730453    1.44%
 105639 87756   1.32039e+07    40   1.33563e+07   1.31637e+07  1730463    1.44%
 105640 87757   1.32039e+07    40   1.33563e+07   1.31637e+07  1730464    1.44%
 105641 87758   1.32039e+07    40   1.33563e+07   1.31637e+07  1730465    1.44%
 105642 87759   1.32039e+07    40   1.33563e+07   1.31637e+07  1730466    1.44%
Elapsed time = 93.24 sec. (159623.00 ticks, tree = 576.10 MB, solutions = 28)
*106133+88089                       1.33550e+07   1.31637e+07             1.43%
 106933 88784   1.31653e+07    57   1.33550e+07   1.31637e+07  1751991    1.43%
 106934 88785   1.31661e+07    56   1.33550e+07   1.31637e+07  1751997    1.43%
 106935 88786   1.31702e+07    47   1.33550e+07   1.31637e+07  1752022    1.43%
 106936 88787   1.31714e+07    53   1.33550e+07   1.31637e+07  1752030    1.43%
 106937 88788   1.31719e+07    53   1.33550e+07   1.31637e+07  1752040    1.43%
 106938 88789   1.31719e+07    55   1.33550e+07   1.31637e+07  1752043    1.43%
 106939 88790   1.31719e+07    54   1.33550e+07   1.31637e+07  1752046    1.43%
 106940 88791   1.31732e+07    48   1.33550e+07   1.31637e+07  1752054    1.43%
 106941 88792   1.31732e+07    47   1.33550e+07   1.31637e+07  1752057    1.43%
 106942 88793   1.31735e+07    54   1.33550e+07   1.31637e+07  1752062    1.43%
Elapsed time = 95.84 sec. (163554.36 ticks, tree = 583.38 MB, solutions = 29)
 108069 89819   1.31637e+07    73   1.33550e+07   1.31637e+07  1768851    1.43%
 108070 89820   1.31637e+07    73   1.33550e+07   1.31637e+07  1768873    1.43%
 108071 89821   1.31637e+07    76   1.33550e+07   1.31637e+07  1768878    1.43%
 108072 89822   1.31637e+07    76   1.33550e+07   1.31637e+07  1768883    1.43%
 108073 89823   1.31637e+07    76   1.33550e+07   1.31637e+07  1768886    1.43%
 108074 89824   1.31637e+07    76   1.33550e+07   1.31637e+07  1768887    1.43%
 108075 89825   1.31637e+07    77   1.33550e+07   1.31637e+07  1768891    1.43%
 108076 89826   1.31637e+07    74   1.33550e+07   1.31637e+07  1768898    1.43%
 108077 89827   1.31637e+07    72   1.33550e+07   1.31637e+07  1768932    1.43%
 108078 89828   1.31637e+07    72   1.33550e+07   1.31637e+07  1768938    1.43%
Elapsed time = 98.29 sec. (167383.52 ticks, tree = 590.60 MB, solutions = 29)

Cover cuts applied:  414
Mixed integer rounding cuts applied:  25
Zero-half cuts applied:  2
Gomory fractional cuts applied:  11

Root node processing (before b&c):
  Real time             =    0.06 sec. (77.21 ticks)
Sequential b&c:
  Real time             =   99.94 sec. (170196.23 ticks)
                          ------------
Total (root+branch&cut) =  100.00 sec. (170273.44 ticks)

Solution pool: 29 solutions saved.

MIP - Time limit exceeded, integer feasible:  Objective =  1.3354951000e+07
Current MIP best bound =  1.3163658091e+07 (gap = 191293, 1.43%)
Solution time =  100.00 sec.  Iterations = 1802861  Nodes = 110234 (91737)
Deterministic time = 170273.45 ticks  (1702.73 ticks/sec)


Incumbent solution written to file '/tmp/tmpoQc0Kp.cplex.sol'.
