
Log started (V12.6.3.0) Sat Apr 21 22:22:55 2018

New value for default parallel thread count: 1

Problem '/tmp/tmpvqh1Ry.pyomo.lp' read.
Read time = 0.01 sec. (1.11 ticks)

Problem name         : /tmp/tmpvqh1Ry.pyomo.lp
Objective sense      : Minimize
Variables            :    1136  [Nneg: 1,  Binary: 1120,  General Integer: 15]
Objective nonzeros   :       1
Linear constraints   :     189  [Less: 94,  Equal: 95]
  Nonzeros           :   80213
  RHS nonzeros       :     161

Variables            : Min LB: 0.000000         Max UB: 1.000000       
Objective nonzeros   : Min   : 1.000000         Max   : 1.000000       
Linear constraints   :
  Nonzeros           : Min   : 1.000000         Max   : 8036379.       
  RHS nonzeros       : Min   : 1.000000         Max   : 8.000000       
Tried aggregator 2 times.
MIP Presolve eliminated 80 rows and 66 columns.
Aggregator did 5 substitutions.
Reduced MIP has 104 rows, 1065 columns, and 3052 nonzeros.
Reduced MIP has 1050 binaries, 15 generals, 0 SOSs, and 0 indicators.
Presolve time = 0.01 sec. (14.42 ticks)
Found incumbent of value 5.7006001e+07 after 0.01 sec. (16.48 ticks)
Probing time = 0.00 sec. (2.02 ticks)
Cover probing fixed 0 vars, tightened 27 bounds.
Tried aggregator 2 times.
Aggregator did 14 substitutions.
Reduced MIP has 90 rows, 1051 columns, and 3024 nonzeros.
Reduced MIP has 1050 binaries, 1 generals, 0 SOSs, and 0 indicators.
Presolve time = 0.00 sec. (2.62 ticks)
Probing time = 0.00 sec. (1.94 ticks)
Cover probing fixed 0 vars, tightened 4 bounds.
Clique table members: 75.
MIP emphasis: balance optimality and feasibility.
MIP search method: dynamic search.
Parallel mode: none, using 1 thread.
Root relaxation solution time = 0.00 sec. (1.04 ticks)

        Nodes                                         Cuts/
   Node  Left     Objective  IInf  Best Integer    Best Bound    ItCnt     Gap

*     0+    0                       5.70060e+07        0.0000           100.00%
      0     0   1.31637e+07    20   5.70060e+07   1.31637e+07       33   76.91%
*     0+    0                       2.25451e+07   1.31637e+07            41.61%
      0     0   1.31637e+07    28   2.25451e+07     Fract: 12       52   41.61%
*     0+    0                       1.84929e+07   1.31637e+07            28.82%
      0     0   1.31637e+07    34   1.84929e+07      Cuts: 10      113   28.82%
*     0+    0                       1.71233e+07   1.31637e+07            23.12%
*     0+    0                       1.70424e+07   1.31637e+07            22.76%
*     0+    0                       1.51178e+07   1.31637e+07            12.93%
*     0+    0                       1.44302e+07   1.31637e+07             8.78%
      0     2   1.31637e+07    24   1.44302e+07   1.31637e+07      113    8.78%
Elapsed time = 0.06 sec. (82.86 ticks, tree = 0.01 MB, solutions = 6)
*    90+   76                       1.42831e+07   1.31637e+07             7.84%
*   270+  217                       1.42275e+07   1.31637e+07             7.48%
*   330+  268                       1.41686e+07   1.31637e+07             7.09%
*   419   313      integral     0   1.41602e+07   1.31637e+07     3106    7.04%
*   519+  375                       1.41349e+07   1.31637e+07             6.87%
    523   376   1.33113e+07    19   1.41349e+07   1.31637e+07     4502    6.87%
    524   377   1.33113e+07    18   1.41349e+07   1.31637e+07     4506    6.87%
    525   378   1.33113e+07    20   1.41349e+07   1.31637e+07     4512    6.87%
    526   379   1.33113e+07    20   1.41349e+07   1.31637e+07     4515    6.87%
    527   380   1.33113e+07    22   1.41349e+07   1.31637e+07     4522    6.87%
    528   381   1.33113e+07    22   1.41349e+07   1.31637e+07     4531    6.87%
    529   382   1.33113e+07    20   1.41349e+07   1.31637e+07     4533    6.87%
    530   383   1.33113e+07    20   1.41349e+07   1.31637e+07     4540    6.87%
    531   384   1.33113e+07    20   1.41349e+07   1.31637e+07     4544    6.87%
*   632+  312                       1.40789e+07   1.31637e+07             6.50%
*   632+  208                       1.39429e+07   1.31637e+07             5.59%
*   732+  149                       1.39126e+07   1.31637e+07             5.38%
*   732+  113                       1.38154e+07   1.31637e+07             4.72%
*   732+   90                       1.38067e+07   1.31637e+07             4.66%
*   732+   75                       1.37297e+07   1.31637e+07             4.12%
    792    88   1.31913e+07    24   1.37297e+07   1.31637e+07     7428    4.12%
Elapsed time = 0.70 sec. (1037.83 ticks, tree = 0.16 MB, solutions = 17)
*   832+  104                       1.37160e+07   1.31637e+07             4.03%
*   832+  100                       1.36698e+07   1.31637e+07             3.70%
*   832+  100                       1.36539e+07   1.31637e+07             3.59%
*   832+   97                       1.35961e+07   1.31637e+07             3.18%
*   932+  110                       1.34984e+07   1.31637e+07             2.48%
*  1132+  238                       1.34968e+07   1.31637e+07             2.47%
   1132   240   1.31670e+07    22   1.34968e+07   1.31637e+07     8750    2.47%
   1133   241   1.31670e+07    22   1.34968e+07   1.31637e+07     8751    2.47%
   1134   242   1.31673e+07    24   1.34968e+07   1.31637e+07     8754    2.47%
   1135   243   1.31719e+07    22   1.34968e+07   1.31637e+07     8756    2.47%
   1136   243   1.31744e+07    22   1.34968e+07   1.31637e+07     8757    2.47%
   1137   243   1.31793e+07    22   1.34968e+07   1.31637e+07     8758    2.47%
   1138   243   1.31793e+07    20   1.34968e+07   1.31637e+07     8759    2.47%
   1139   244   1.31793e+07    19   1.34968e+07   1.31637e+07     8760    2.47%
   1140   244   1.31793e+07    21   1.34968e+07   1.31637e+07     8764    2.47%
   1141   244   1.31793e+07    18   1.34968e+07   1.31637e+07     8769    2.47%
Elapsed time = 1.43 sec. (2055.40 ticks, tree = 0.45 MB, solutions = 23)
   2358  1060   1.32072e+07    43   1.34968e+07   1.31637e+07    18765    2.47%
   2359  1061   1.32076e+07    39   1.34968e+07   1.31637e+07    18769    2.47%
   2360  1062   1.32083e+07    39   1.34968e+07   1.31637e+07    18777    2.47%
   2361  1063   1.32086e+07    44   1.34968e+07   1.31637e+07    18784    2.47%
   2362  1064   1.32171e+07    38   1.34968e+07   1.31637e+07    18815    2.47%
   2363  1065   1.32177e+07    39   1.34968e+07   1.31637e+07    18829    2.47%
   2364  1066   1.32177e+07    39   1.34968e+07   1.31637e+07    18830    2.47%
   2365  1067   1.32189e+07    39   1.34968e+07   1.31637e+07    18840    2.47%
   2366  1068   1.32190e+07    38   1.34968e+07   1.31637e+07    18844    2.47%
   2367  1069   1.32208e+07    37   1.34968e+07   1.31637e+07    18851    2.47%
Elapsed time = 1.99 sec. (3018.33 ticks, tree = 2.36 MB, solutions = 23)
   3601  2091   1.31780e+07    34   1.34968e+07   1.31637e+07    29494    2.47%
   3602  2092   1.31780e+07    34   1.34968e+07   1.31637e+07    29495    2.47%
   3603  2093   1.31790e+07    36   1.34968e+07   1.31637e+07    29499    2.47%
   3604  2094   1.31795e+07    39   1.34968e+07   1.31637e+07    29501    2.47%
   3605  2095   1.31795e+07    39   1.34968e+07   1.31637e+07    29502    2.47%
   3606  2096   1.31795e+07    38   1.34968e+07   1.31637e+07    29503    2.47%
   3607  2097   1.31799e+07    37   1.34968e+07   1.31637e+07    29505    2.47%
   3608  2098   1.31842e+07    33   1.34968e+07   1.31637e+07    29517    2.47%
   3609  2099   1.31849e+07    32   1.34968e+07   1.31637e+07    29520    2.47%
   3610  2100   1.31856e+07    32   1.34968e+07   1.31637e+07    29521    2.47%
Elapsed time = 2.54 sec. (3975.82 ticks, tree = 5.39 MB, solutions = 23)
   4802  3073   1.31637e+07    39   1.34968e+07   1.31637e+07    40575    2.47%
   4803  3074   1.31637e+07    40   1.34968e+07   1.31637e+07    40579    2.47%
   4804  3075   1.31637e+07    41   1.34968e+07   1.31637e+07    40582    2.47%
   4805  3076   1.31637e+07    40   1.34968e+07   1.31637e+07    40585    2.47%
   4806  3077   1.31637e+07    38   1.34968e+07   1.31637e+07    40594    2.47%
   4807  3078   1.31637e+07    38   1.34968e+07   1.31637e+07    40604    2.47%
   4808  3079   1.31637e+07    44   1.34968e+07   1.31637e+07    40634    2.47%
   4809  3080   1.31637e+07    46   1.34968e+07   1.31637e+07    40642    2.47%
   4810  3081   1.31637e+07    39   1.34968e+07   1.31637e+07    40659    2.47%
   4811  3082   1.31637e+07    35   1.34968e+07   1.31637e+07    40660    2.47%
Elapsed time = 3.10 sec. (4933.61 ticks, tree = 8.34 MB, solutions = 23)
   5810  3910        cutoff         1.34968e+07   1.31637e+07    55104    2.47%
   5811  3911   1.31637e+07    48   1.34968e+07   1.31637e+07    55245    2.47%
   5812  3912   1.31637e+07    51   1.34968e+07   1.31637e+07    55335    2.47%
   5813  3913   1.31637e+07    45   1.34968e+07   1.31637e+07    55339    2.47%
   5814  3914   1.31637e+07    38   1.34968e+07   1.31637e+07    55353    2.47%
   5815  3915   1.31637e+07    35   1.34968e+07   1.31637e+07    55357    2.47%
   5816  3916   1.31637e+07    46   1.34968e+07   1.31637e+07    55396    2.47%
   5817  3917   1.31637e+07    49   1.34968e+07   1.31637e+07    55414    2.47%
   5818  3918   1.31637e+07    42   1.34968e+07   1.31637e+07    55456    2.47%
   5819  3919   1.31637e+07    49   1.34968e+07   1.31637e+07    55517    2.47%
Elapsed time = 3.69 sec. (5939.38 ticks, tree = 10.99 MB, solutions = 23)
   6612  4573   1.32336e+07    56   1.34968e+07   1.31637e+07    68366    2.47%
   6613  4574   1.32336e+07    55   1.34968e+07   1.31637e+07    68367    2.47%
   6614  4575   1.32565e+07    55   1.34968e+07   1.31637e+07    68393    2.47%
   6615  4574        cutoff         1.34968e+07   1.31637e+07    68436    2.47%
   6616  4575   1.32566e+07    49   1.34968e+07   1.31637e+07    68440    2.47%
   6617  4576   1.33136e+07    51   1.34968e+07   1.31637e+07    68460    2.47%
   6618  4577   1.33142e+07    51   1.34968e+07   1.31637e+07    68467    2.47%
   6619  4578   1.33210e+07    39   1.34968e+07   1.31637e+07    68476    2.47%
   6620  4579   1.33211e+07    42   1.34968e+07   1.31637e+07    68477    2.47%
   6621  4580   1.33239e+07    38   1.34968e+07   1.31637e+07    68481    2.47%
Elapsed time = 4.25 sec. (6902.69 ticks, tree = 13.60 MB, solutions = 23)
   7080  4885   1.33088e+07    40   1.34968e+07   1.31637e+07    81656    2.47%
   7081  4886   1.33179e+07    43   1.34968e+07   1.31637e+07    81691    2.47%
   7082  4887   1.33181e+07    46   1.34968e+07   1.31637e+07    81692    2.47%
   7083  4888   1.33221e+07    42   1.34968e+07   1.31637e+07    81705    2.47%
   7084  4889   1.33221e+07    43   1.34968e+07   1.31637e+07    81706    2.47%
   7085  4890   1.33222e+07    42   1.34968e+07   1.31637e+07    81709    2.47%
   7086  4891   1.33222e+07    42   1.34968e+07   1.31637e+07    81710    2.47%
   7087  4892   1.33255e+07    50   1.34968e+07   1.31637e+07    81722    2.47%
   7088  4893   1.33255e+07    47   1.34968e+07   1.31637e+07    81723    2.47%
   7089  4894   1.33256e+07    44   1.34968e+07   1.31637e+07    81725    2.47%
Elapsed time = 4.80 sec. (7861.60 ticks, tree = 14.90 MB, solutions = 23)
   7529  5205   1.33293e+07    45   1.34968e+07   1.31637e+07    96700    2.47%
   7530  5206   1.34053e+07    27   1.34968e+07   1.31637e+07    96711    2.47%
   7531  5207   1.34053e+07    33   1.34968e+07   1.31637e+07    96727    2.47%
   7532  5208   1.34053e+07    33   1.34968e+07   1.31637e+07    96729    2.47%
   7533  5207   1.34547e+07    31   1.34968e+07   1.31637e+07    96735    2.47%
   7534  5208   1.34839e+07    21   1.34968e+07   1.31637e+07    96753    2.47%
   7535  5207   1.34839e+07    20   1.34968e+07   1.31637e+07    96758    2.47%
   7536  5206        cutoff         1.34968e+07   1.31637e+07    96760    2.47%
   7537  5207   1.31637e+07    67   1.34968e+07   1.31637e+07    96985    2.47%
   7538  5208   1.31637e+07    71   1.34968e+07   1.31637e+07    97071    2.47%
Elapsed time = 5.41 sec. (8881.17 ticks, tree = 16.36 MB, solutions = 23)
   7904  5488   1.32711e+07    49   1.34968e+07   1.31637e+07   108626    2.47%
   7905  5489   1.32812e+07    52   1.34968e+07   1.31637e+07   108642    2.47%
   7906  5490   1.32812e+07    43   1.34968e+07   1.31637e+07   108643    2.47%
   7907  5491   1.32822e+07    46   1.34968e+07   1.31637e+07   108662    2.47%
   7908  5492   1.32822e+07    48   1.34968e+07   1.31637e+07   108670    2.47%
   7909  5493   1.32827e+07    46   1.34968e+07   1.31637e+07   108688    2.47%
   7910  5494   1.32830e+07    44   1.34968e+07   1.31637e+07   108693    2.47%
   7911  5495   1.32848e+07    45   1.34968e+07   1.31637e+07   108696    2.47%
   7912  5496   1.32855e+07    48   1.34968e+07   1.31637e+07   108710    2.47%
   9053  6325   1.32234e+07    73   1.34968e+07   1.31637e+07   143007    2.47%
Elapsed time = 7.61 sec. (12697.65 ticks, tree = 22.13 MB, solutions = 23)
*  9932+ 6922                       1.34964e+07   1.31637e+07             2.47%
*  9932+ 6104                       1.33945e+07   1.31637e+07             1.72%
  10004  6130        cutoff         1.33945e+07   1.31637e+07   178130    1.72%
  10005  6129        cutoff         1.33945e+07   1.31637e+07   178636    1.72%
  10006  6129   1.32737e+07    50   1.33945e+07   1.31637e+07   178838    1.72%
  10007  6129   1.32746e+07    52   1.33945e+07   1.31637e+07   178855    1.72%
  10008  6130   1.32747e+07    46   1.33945e+07   1.31637e+07   178873    1.72%
  10009  6131   1.32759e+07    44   1.33945e+07   1.31637e+07   178887    1.72%
  10010  6132   1.32759e+07    43   1.33945e+07   1.31637e+07   178892    1.72%
  10011  6133   1.32772e+07    35   1.33945e+07   1.31637e+07   178909    1.72%
  10012  6134   1.32794e+07    34   1.33945e+07   1.31637e+07   178925    1.72%
  10013  6134   1.32937e+07    36   1.33945e+07   1.31637e+07   178933    1.72%
Elapsed time = 10.24 sec. (16636.47 ticks, tree = 22.86 MB, solutions = 25)
  11416  7155   1.31647e+07    73   1.33945e+07   1.31637e+07   222095    1.72%
  11417  7156   1.31647e+07    73   1.33945e+07   1.31637e+07   222099    1.72%
  11418  7157   1.31647e+07    72   1.33945e+07   1.31637e+07   222103    1.72%
  11419  7158   1.31661e+07    72   1.33945e+07   1.31637e+07   222110    1.72%
  11420  7159   1.31661e+07    72   1.33945e+07   1.31637e+07   222111    1.72%
  11421  7160   1.31661e+07    71   1.33945e+07   1.31637e+07   222113    1.72%
  11422  7161   1.31697e+07    61   1.33945e+07   1.31637e+07   222135    1.72%
  11423  7162   1.31697e+07    61   1.33945e+07   1.31637e+07   222137    1.72%
  11424  7163   1.31698e+07    48   1.33945e+07   1.31637e+07   222150    1.72%
  11425  7164   1.31712e+07    53   1.33945e+07   1.31637e+07   222168    1.72%
Elapsed time = 12.40 sec. (20467.61 ticks, tree = 29.66 MB, solutions = 25)
  12702  7947   1.31702e+07    76   1.33945e+07   1.31637e+07   271573    1.72%
  12703  7948   1.31742e+07    78   1.33945e+07   1.31637e+07   271633    1.72%
  12704  7949   1.31747e+07    75   1.33945e+07   1.31637e+07   271649    1.72%
  12705  7950   1.31979e+07    78   1.33945e+07   1.31637e+07   271727    1.72%
  12706  7951   1.31909e+07    86   1.33945e+07   1.31637e+07   271792    1.72%
  12707  7952   1.31912e+07    78   1.33945e+07   1.31637e+07   271804    1.72%
  12708  7953   1.32082e+07    73   1.33945e+07   1.31637e+07   271893    1.72%
  12709  7954   1.31937e+07    79   1.33945e+07   1.31637e+07   271932    1.72%
  12710  7955   1.31951e+07    88   1.33945e+07   1.31637e+07   271965    1.72%
  12711  7956   1.31952e+07    82   1.33945e+07   1.31637e+07   271970    1.72%
Elapsed time = 14.71 sec. (24338.51 ticks, tree = 35.63 MB, solutions = 25)
  14135  8952   1.32130e+07    77   1.33945e+07   1.31637e+07   317350    1.72%
  14136  8953   1.32133e+07    78   1.33945e+07   1.31637e+07   317360    1.72%
  14137  8954   1.32134e+07    76   1.33945e+07   1.31637e+07   317369    1.72%
  14138  8955   1.32135e+07    76   1.33945e+07   1.31637e+07   317379    1.72%
  14139  8956   1.32220e+07    83   1.33945e+07   1.31637e+07   317430    1.72%
  14140  8957   1.32221e+07    77   1.33945e+07   1.31637e+07   317435    1.72%
  14141  8958   1.32233e+07    79   1.33945e+07   1.31637e+07   317455    1.72%
  14142  8959   1.32233e+07    81   1.33945e+07   1.31637e+07   317460    1.72%
  14143  8960   1.32233e+07    80   1.33945e+07   1.31637e+07   317462    1.72%
  14144  8961   1.32234e+07    78   1.33945e+07   1.31637e+07   317467    1.72%
Elapsed time = 16.98 sec. (28188.16 ticks, tree = 43.39 MB, solutions = 25)
* 15732+10117                       1.33887e+07   1.31637e+07             1.68%
  15732 10119   1.32866e+07    32   1.33887e+07   1.31637e+07   366349    1.68%
  15733 10120   1.32866e+07    30   1.33887e+07   1.31637e+07   366355    1.68%
  15734 10121   1.32866e+07    34   1.33887e+07   1.31637e+07   366366    1.68%
  15735 10122   1.32866e+07    30   1.33887e+07   1.31637e+07   366404    1.68%
  15736 10123   1.32866e+07    27   1.33887e+07   1.31637e+07   366412    1.68%
  15737 10124   1.32866e+07    24   1.33887e+07   1.31637e+07   366425    1.68%
  15738 10125   1.32866e+07    27   1.33887e+07   1.31637e+07   366440    1.68%
  15739 10126   1.32866e+07    30   1.33887e+07   1.31637e+07   366450    1.68%
  15740 10127   1.32866e+07    29   1.33887e+07   1.31637e+07   366457    1.68%
  15741 10128   1.32866e+07    28   1.33887e+07   1.31637e+07   366462    1.68%
Elapsed time = 19.32 sec. (32188.69 ticks, tree = 52.07 MB, solutions = 26)
  17067 11176   1.33849e+07    13   1.33887e+07   1.31637e+07   409721    1.68%
  17068 11176   1.33849e+07    20   1.33887e+07   1.31637e+07   409760    1.68%
  17069 11176   1.33849e+07    17   1.33887e+07   1.31637e+07   409762    1.68%
  17070 11177   1.33849e+07    16   1.33887e+07   1.31637e+07   409763    1.68%
  17071 11177   1.33849e+07    15   1.33887e+07   1.31637e+07   409764    1.68%
  17072 11176        cutoff         1.33887e+07   1.31637e+07   409777    1.68%
  17073 11177   1.31712e+07    92   1.33887e+07   1.31637e+07   410365    1.68%
  17074 11178   1.31713e+07    92   1.33887e+07   1.31637e+07   410369    1.68%
  17075 11179   1.31714e+07    92   1.33887e+07   1.31637e+07   410375    1.68%
  17076 11180   1.31716e+07    89   1.33887e+07   1.31637e+07   410381    1.68%
Elapsed time = 22.28 sec. (36056.29 ticks, tree = 59.68 MB, solutions = 26)
  18590 12390   1.31678e+07    77   1.33887e+07   1.31637e+07   452731    1.68%
  18591 12391   1.31688e+07    77   1.33887e+07   1.31637e+07   452746    1.68%
  18592 12392   1.31688e+07    77   1.33887e+07   1.31637e+07   452747    1.68%
  18593 12393   1.31688e+07    77   1.33887e+07   1.31637e+07   452748    1.68%
  18594 12394   1.31689e+07    77   1.33887e+07   1.31637e+07   452749    1.68%
  18595 12395   1.31776e+07    93   1.33887e+07   1.31637e+07   452801    1.68%
  18596 12396   1.31776e+07    88   1.33887e+07   1.31637e+07   452815    1.68%
  18597 12397   1.31777e+07    96   1.33887e+07   1.31637e+07   452839    1.68%
  18598 12398   1.31857e+07    81   1.33887e+07   1.31637e+07   452871    1.68%
  18599 12399   1.31864e+07    80   1.33887e+07   1.31637e+07   452876    1.68%
Elapsed time = 25.79 sec. (39896.58 ticks, tree = 68.45 MB, solutions = 26)
  20814 14156   1.32436e+07    52   1.33887e+07   1.31637e+07   502285    1.68%
  20815 14157   1.32436e+07    52   1.33887e+07   1.31637e+07   502286    1.68%
  20816 14158   1.32449e+07    52   1.33887e+07   1.31637e+07   502301    1.68%
  20817 14159   1.32450e+07    51   1.33887e+07   1.31637e+07   502302    1.68%
  20818 14160   1.32943e+07    45   1.33887e+07   1.31637e+07   502338    1.68%
  20819 14161   1.32944e+07    42   1.33887e+07   1.31637e+07   502339    1.68%
  20820 14162   1.33034e+07    42   1.33887e+07   1.31637e+07   502357    1.68%
  20821 14163   1.33034e+07    42   1.33887e+07   1.31637e+07   502358    1.68%
  20822 14164   1.33035e+07    42   1.33887e+07   1.31637e+07   502360    1.68%
  20823 14165   1.33044e+07    42   1.33887e+07   1.31637e+07   502361    1.68%
Elapsed time = 29.33 sec. (43721.02 ticks, tree = 81.02 MB, solutions = 26)
  22469 15442   1.32215e+07    52   1.33887e+07   1.31637e+07   546017    1.68%
  22470 15443   1.32246e+07    59   1.33887e+07   1.31637e+07   546042    1.68%
  22471 15444   1.32247e+07    57   1.33887e+07   1.31637e+07   546049    1.68%
  22472 15445   1.33092e+07    51   1.33887e+07   1.31637e+07   546101    1.68%
  22473 15444   1.33608e+07    42   1.33887e+07   1.31637e+07   546129    1.68%
  22474 15443        cutoff         1.33887e+07   1.31637e+07   546136    1.68%
  22475 15444   1.31637e+07    51   1.33887e+07   1.31637e+07   546282    1.68%
  22476 15445   1.31637e+07    56   1.33887e+07   1.31637e+07   546353    1.68%
  22477 15446   1.31637e+07    56   1.33887e+07   1.31637e+07   546354    1.68%
  22478 15447   1.31725e+07    47   1.33887e+07   1.31637e+07   546409    1.68%
Elapsed time = 32.81 sec. (47570.42 ticks, tree = 90.22 MB, solutions = 26)
  24760 17196   1.32553e+07    60   1.33887e+07   1.31637e+07   592658    1.68%
  24761 17197   1.32565e+07    56   1.33887e+07   1.31637e+07   592661    1.68%
  24762 17198   1.32574e+07    65   1.33887e+07   1.31637e+07   592674    1.68%
  24763 17199   1.32588e+07    61   1.33887e+07   1.31637e+07   592675    1.68%
  24764 17200   1.32590e+07    66   1.33887e+07   1.31637e+07   592682    1.68%
  24765 17201   1.32591e+07    65   1.33887e+07   1.31637e+07   592685    1.68%
  24766 17202   1.32594e+07    65   1.33887e+07   1.31637e+07   592687    1.68%
  24767 17203   1.32610e+07    64   1.33887e+07   1.31637e+07   592688    1.68%
  24768 17204   1.32618e+07    56   1.33887e+07   1.31637e+07   592696    1.68%
  24769 17205   1.32632e+07    55   1.33887e+07   1.31637e+07   592705    1.68%
Elapsed time = 36.30 sec. (51391.99 ticks, tree = 103.11 MB, solutions = 26)
  27079 19070   1.31756e+07    88   1.33887e+07   1.31637e+07   635830    1.68%
  27080 19071   1.31766e+07    83   1.33887e+07   1.31637e+07   635868    1.68%
  27081 19072   1.31814e+07    84   1.33887e+07   1.31637e+07   635911    1.68%
  27082 19073   1.31837e+07    75   1.33887e+07   1.31637e+07   635971    1.68%
  27083 19074   1.31837e+07    75   1.33887e+07   1.31637e+07   635972    1.68%
  27084 19075   1.31838e+07    74   1.33887e+07   1.31637e+07   635977    1.68%
  27085 19076   1.31989e+07    63   1.33887e+07   1.31637e+07   636063    1.68%
  27086 19077   1.32003e+07    63   1.33887e+07   1.31637e+07   636083    1.68%
  27087 19078   1.32003e+07    63   1.33887e+07   1.31637e+07   636085    1.68%
  27088 19079   1.32006e+07    63   1.33887e+07   1.31637e+07   636091    1.68%
Elapsed time = 39.73 sec. (55228.85 ticks, tree = 116.37 MB, solutions = 26)
  29671 21248   1.31637e+07    69   1.33887e+07   1.31637e+07   681010    1.68%
  29672 21249   1.31637e+07    68   1.33887e+07   1.31637e+07   681011    1.68%
  29673 21250   1.31637e+07    67   1.33887e+07   1.31637e+07   681012    1.68%
  29674 21251   1.31637e+07    70   1.33887e+07   1.31637e+07   681013    1.68%
  29675 21252   1.31637e+07    66   1.33887e+07   1.31637e+07   681014    1.68%
  29676 21253   1.31637e+07    61   1.33887e+07   1.31637e+07   681023    1.68%
  29677 21254   1.31637e+07    69   1.33887e+07   1.31637e+07   681045    1.68%
  29678 21255   1.31637e+07    68   1.33887e+07   1.31637e+07   681046    1.68%
  29679 21256   1.31637e+07    65   1.33887e+07   1.31637e+07   681052    1.68%
  29680 21257   1.31637e+07    65   1.33887e+07   1.31637e+07   681057    1.68%
Elapsed time = 43.20 sec. (59058.28 ticks, tree = 131.73 MB, solutions = 26)
  32115 23265   1.31691e+07    59   1.33887e+07   1.31637e+07   726561    1.68%
  32116 23266   1.31727e+07    59   1.33887e+07   1.31637e+07   726583    1.68%
  32117 23267   1.31728e+07    61   1.33887e+07   1.31637e+07   726591    1.68%
  32118 23268   1.31735e+07    59   1.33887e+07   1.31637e+07   726603    1.68%
  32119 23269   1.31814e+07    47   1.33887e+07   1.31637e+07   726633    1.68%
  32120 23270   1.31916e+07    47   1.33887e+07   1.31637e+07   726670    1.68%
  32121 23271   1.31918e+07    46   1.33887e+07   1.31637e+07   726672    1.68%
  32122 23272   1.31935e+07    50   1.33887e+07   1.31637e+07   726691    1.68%
  32123 23273   1.31936e+07    46   1.33887e+07   1.31637e+07   726693    1.68%
  32124 23274   1.31936e+07    45   1.33887e+07   1.31637e+07   726696    1.68%
Elapsed time = 46.67 sec. (62889.34 ticks, tree = 145.88 MB, solutions = 26)
* 32732+22576                       1.33623e+07   1.31637e+07             1.49%
* 33332+21376                       1.33318e+07   1.31637e+07             1.26%
  34031 21945   1.31785e+07    53   1.33318e+07   1.31637e+07   765724    1.26%
  34032 21946   1.31807e+07    51   1.33318e+07   1.31637e+07   765742    1.26%
  34033 21947   1.31808e+07    54   1.33318e+07   1.31637e+07   765747    1.26%
  34034 21948   1.31809e+07    54   1.33318e+07   1.31637e+07   765748    1.26%
  34035 21949   1.31818e+07    50   1.33318e+07   1.31637e+07   765754    1.26%
  34036 21950   1.31837e+07    51   1.33318e+07   1.31637e+07   765765    1.26%
  34037 21951   1.31842e+07    51   1.33318e+07   1.31637e+07   765773    1.26%
  34038 21952   1.31848e+07    52   1.33318e+07   1.31637e+07   765777    1.26%
  34039 21953   1.31859e+07    52   1.33318e+07   1.31637e+07   765799    1.26%
  34040 21954   1.31859e+07    55   1.33318e+07   1.31637e+07   765801    1.26%
Elapsed time = 50.10 sec. (66717.67 ticks, tree = 139.22 MB, solutions = 28)
  36512 23956   1.31637e+07    83   1.33318e+07   1.31637e+07   816469    1.26%
  36513 23957   1.31637e+07    74   1.33318e+07   1.31637e+07   816557    1.26%
  36514 23958   1.31637e+07    81   1.33318e+07   1.31637e+07   816584    1.26%
  36515 23959   1.31637e+07    92   1.33318e+07   1.31637e+07   816631    1.26%
  36516 23960   1.31868e+07    69   1.33318e+07   1.31637e+07   816749    1.26%
  36517 23961   1.32082e+07    70   1.33318e+07   1.31637e+07   816801    1.26%
  36518 23962   1.32275e+07    53   1.33318e+07   1.31637e+07   816908    1.26%
  36519 23963   1.32084e+07    72   1.33318e+07   1.31637e+07   816917    1.26%
  36520 23964   1.32084e+07    72   1.33318e+07   1.31637e+07   816919    1.26%
  36521 23965   1.32084e+07    71   1.33318e+07   1.31637e+07   816922    1.26%
Elapsed time = 53.67 sec. (70581.49 ticks, tree = 153.30 MB, solutions = 28)
  38916 25930   1.32588e+07    32   1.33318e+07   1.31637e+07   860316    1.26%
  38917 25931   1.32640e+07    30   1.33318e+07   1.31637e+07   860329    1.26%
  38918 25932   1.32642e+07    30   1.33318e+07   1.31637e+07   860331    1.26%
  38919 25933   1.32821e+07    34   1.33318e+07   1.31637e+07   860344    1.26%
  38920 25934   1.33054e+07    28   1.33318e+07   1.31637e+07   860350    1.26%
  38921 25935   1.33054e+07    28   1.33318e+07   1.31637e+07   860351    1.26%
  38922 25936   1.33054e+07    29   1.33318e+07   1.31637e+07   860356    1.26%
  38923 25937   1.33054e+07    29   1.33318e+07   1.31637e+07   860357    1.26%
  38924 25938   1.33054e+07    29   1.33318e+07   1.31637e+07   860358    1.26%
  38925 25939   1.33054e+07    29   1.33318e+07   1.31637e+07   860359    1.26%
Elapsed time = 57.08 sec. (74404.00 ticks, tree = 167.12 MB, solutions = 28)
  41362 27758   1.31637e+07    45   1.33318e+07   1.31637e+07   909180    1.26%
  41363 27759   1.32112e+07    42   1.33318e+07   1.31637e+07   909406    1.26%
  41364 27760   1.32120e+07    45   1.33318e+07   1.31637e+07   909416    1.26%
  41365 27761   1.32120e+07    45   1.33318e+07   1.31637e+07   909418    1.26%
  41366 27762   1.32127e+07    44   1.33318e+07   1.31637e+07   909432    1.26%
  41367 27763   1.32127e+07    45   1.33318e+07   1.31637e+07   909434    1.26%
  41368 27764   1.32193e+07    55   1.33318e+07   1.31637e+07   909466    1.26%
  41369 27765   1.32194e+07    47   1.33318e+07   1.31637e+07   909470    1.26%
  41370 27766   1.32194e+07    50   1.33318e+07   1.31637e+07   909480    1.26%
  41371 27767   1.32195e+07    44   1.33318e+07   1.31637e+07   909486    1.26%
Elapsed time = 60.53 sec. (78239.66 ticks, tree = 179.91 MB, solutions = 28)
  43747 29632   1.31637e+07    36   1.33318e+07   1.31637e+07   955900    1.26%
  43748 29633   1.31637e+07    42   1.33318e+07   1.31637e+07   955933    1.26%
  43749 29634   1.31637e+07    44   1.33318e+07   1.31637e+07   955988    1.26%
  43750 29635   1.31710e+07    47   1.33318e+07   1.31637e+07   956183    1.26%
  43751 29636   1.31724e+07    47   1.33318e+07   1.31637e+07   956191    1.26%
  43752 29637   1.31730e+07    47   1.33318e+07   1.31637e+07   956196    1.26%
  43753 29638   1.31735e+07    46   1.33318e+07   1.31637e+07   956200    1.26%
  43754 29639   1.31735e+07    46   1.33318e+07   1.31637e+07   956201    1.26%
  43755 29640   1.31759e+07    46   1.33318e+07   1.31637e+07   956215    1.26%
  43756 29640   1.32986e+07    42   1.33318e+07   1.31637e+07   956293    1.26%
Elapsed time = 63.96 sec. (82078.74 ticks, tree = 193.00 MB, solutions = 28)
* 45332+25650                       1.32974e+07   1.31637e+07             1.01%
  46008 26181   1.31956e+07    45   1.32974e+07   1.31637e+07  1001602    1.01%
  46009 26182   1.32008e+07    45   1.32974e+07   1.31637e+07  1001605    1.01%
  46010 26181        cutoff         1.32974e+07   1.31637e+07  1001622    1.01%
  46011 26182   1.32222e+07    44   1.32974e+07   1.31637e+07  1001648    1.01%
  46012 26183   1.32867e+07    33   1.32974e+07   1.31637e+07  1001678    1.01%
  46013 26183   1.32873e+07    33   1.32974e+07   1.31637e+07  1001685    1.01%
  46014 26182        cutoff         1.32974e+07   1.31637e+07  1001702    1.01%
  46015 26183   1.31637e+07    63   1.32974e+07   1.31637e+07  1002072    1.01%
  46016 26184   1.31637e+07    63   1.32974e+07   1.31637e+07  1002093    1.01%
  46017 26185   1.31637e+07    60   1.32974e+07   1.31637e+07  1002105    1.01%
Elapsed time = 67.44 sec. (85928.17 ticks, tree = 172.96 MB, solutions = 29)
  48233 27854   1.31637e+07    33   1.32974e+07   1.31637e+07  1049166    1.01%
  48234 27855   1.32101e+07    39   1.32974e+07   1.31637e+07  1049400    1.01%
  48235 27856   1.32110e+07    51   1.32974e+07   1.31637e+07  1049412    1.01%
  48236 27857   1.32111e+07    39   1.32974e+07   1.31637e+07  1049413    1.01%
  48237 27858   1.32111e+07    36   1.32974e+07   1.31637e+07  1049417    1.01%
  48238 27859   1.32113e+07    38   1.32974e+07   1.31637e+07  1049420    1.01%
  48239 27860   1.32118e+07    34   1.32974e+07   1.31637e+07  1049423    1.01%
  48240 27861   1.32121e+07    38   1.32974e+07   1.31637e+07  1049430    1.01%
  48241 27862   1.32121e+07    34   1.32974e+07   1.31637e+07  1049432    1.01%
  48242 27863   1.32122e+07    34   1.32974e+07   1.31637e+07  1049435    1.01%
Elapsed time = 70.92 sec. (89762.72 ticks, tree = 184.69 MB, solutions = 29)
  50767 29859   1.31742e+07    49   1.32974e+07   1.31637e+07  1095246    1.01%
  50768 29860   1.31793e+07    43   1.32974e+07   1.31637e+07  1095256    1.01%
  50769 29861   1.31793e+07    41   1.32974e+07   1.31637e+07  1095257    1.01%
  50770 29862   1.31812e+07    34   1.32974e+07   1.31637e+07  1095266    1.01%
  50771 29863   1.31812e+07    37   1.32974e+07   1.31637e+07  1095275    1.01%
  50772 29864   1.31819e+07    34   1.32974e+07   1.31637e+07  1095277    1.01%
  50773 29865   1.31819e+07    40   1.32974e+07   1.31637e+07  1095284    1.01%
  50774 29866   1.31819e+07    36   1.32974e+07   1.31637e+07  1095285    1.01%
  50775 29867   1.31820e+07    34   1.32974e+07   1.31637e+07  1095286    1.01%
  50776 29868   1.31820e+07    31   1.32974e+07   1.31637e+07  1095290    1.01%
Elapsed time = 74.37 sec. (93583.43 ticks, tree = 198.65 MB, solutions = 29)
  53198 31806   1.32431e+07    46   1.32974e+07   1.31637e+07  1143187    1.01%
  53199 31807   1.32432e+07    49   1.32974e+07   1.31637e+07  1143189    1.01%
  53200 31808   1.32433e+07    49   1.32974e+07   1.31637e+07  1143192    1.01%
  53201 31809   1.32433e+07    49   1.32974e+07   1.31637e+07  1143194    1.01%
  53202 31810   1.32433e+07    49   1.32974e+07   1.31637e+07  1143196    1.01%
  53203 31811   1.32433e+07    52   1.32974e+07   1.31637e+07  1143201    1.01%
  53204 31812   1.32513e+07    52   1.32974e+07   1.31637e+07  1143213    1.01%
  53205 31811        cutoff         1.32974e+07   1.31637e+07  1143225    1.01%
  53206 31811   1.32735e+07    42   1.32974e+07   1.31637e+07  1143262    1.01%
  53207 31812   1.32755e+07    37   1.32974e+07   1.31637e+07  1143269    1.01%
Elapsed time = 77.85 sec. (97404.98 ticks, tree = 212.24 MB, solutions = 29)
  55644 33732   1.31969e+07    50   1.32974e+07   1.31637e+07  1189845    1.01%
  55645 33733   1.32320e+07    43   1.32974e+07   1.31637e+07  1189888    1.01%
  55646 33734   1.32323e+07    43   1.32974e+07   1.31637e+07  1189889    1.01%
  55647 33735   1.32323e+07    43   1.32974e+07   1.31637e+07  1189890    1.01%
  55648 33734        cutoff         1.32974e+07   1.31637e+07  1189936    1.01%
  55649 33735   1.32323e+07    42   1.32974e+07   1.31637e+07  1189937    1.01%
  55650 33736   1.32390e+07    41   1.32974e+07   1.31637e+07  1189954    1.01%
  55651 33735        cutoff         1.32974e+07   1.31637e+07  1189981    1.01%
  55652 33736   1.32390e+07    40   1.32974e+07   1.31637e+07  1189982    1.01%
  55653 33737   1.32471e+07    46   1.32974e+07   1.31637e+07  1189995    1.01%
Elapsed time = 81.30 sec. (101231.10 ticks, tree = 226.66 MB, solutions = 29)
  58024 35563   1.32235e+07    43   1.32974e+07   1.31637e+07  1240288    1.01%
  58025 35564   1.32241e+07    36   1.32974e+07   1.31637e+07  1240290    1.01%
  58026 35565   1.32263e+07    44   1.32974e+07   1.31637e+07  1240298    1.01%
  58027 35566   1.32266e+07    37   1.32974e+07   1.31637e+07  1240301    1.01%
  58028 35567   1.32300e+07    37   1.32974e+07   1.31637e+07  1240313    1.01%
  58029 35568   1.32307e+07    37   1.32974e+07   1.31637e+07  1240316    1.01%
  58030 35569   1.32307e+07    38   1.32974e+07   1.31637e+07  1240317    1.01%
  58031 35570   1.32307e+07    38   1.32974e+07   1.31637e+07  1240318    1.01%
  58032 35571   1.32342e+07    37   1.32974e+07   1.31637e+07  1240328    1.01%
  58033 35572   1.32344e+07    36   1.32974e+07   1.31637e+07  1240334    1.01%
Elapsed time = 84.79 sec. (105052.00 ticks, tree = 239.48 MB, solutions = 29)
  60432 37352   1.32219e+07    38   1.32974e+07   1.31637e+07  1284381    1.01%
  60433 37353   1.32219e+07    38   1.32974e+07   1.31637e+07  1284383    1.01%
  60434 37354   1.32219e+07    38   1.32974e+07   1.31637e+07  1284386    1.01%
  60435 37355   1.32219e+07    38   1.32974e+07   1.31637e+07  1284388    1.01%
  60436 37356   1.32219e+07    38   1.32974e+07   1.31637e+07  1284389    1.01%
  60437 37357   1.32219e+07    38   1.32974e+07   1.31637e+07  1284390    1.01%
  60438 37358   1.32219e+07    39   1.32974e+07   1.31637e+07  1284393    1.01%
  60439 37359   1.32219e+07    37   1.32974e+07   1.31637e+07  1284394    1.01%
  60440 37360   1.32234e+07    39   1.32974e+07   1.31637e+07  1284400    1.01%
  60441 37361   1.32234e+07    39   1.32974e+07   1.31637e+07  1284401    1.01%
Elapsed time = 88.38 sec. (108870.29 ticks, tree = 251.93 MB, solutions = 29)
  62647 38946   1.31681e+07    63   1.32974e+07   1.31637e+07  1330266    1.01%
  62648 38947   1.31706e+07    60   1.32974e+07   1.31637e+07  1330280    1.01%
  62649 38948   1.31708e+07    58   1.32974e+07   1.31637e+07  1330284    1.01%
  62650 38949   1.31709e+07    54   1.32974e+07   1.31637e+07  1330286    1.01%
  62651 38950   1.31792e+07    51   1.32974e+07   1.31637e+07  1330304    1.01%
  62652 38951   1.31810e+07    57   1.32974e+07   1.31637e+07  1330314    1.01%
  62653 38952   1.31854e+07    52   1.32974e+07   1.31637e+07  1330338    1.01%
  62654 38953   1.31855e+07    50   1.32974e+07   1.31637e+07  1330341    1.01%
  62655 38954   1.31898e+07    50   1.32974e+07   1.31637e+07  1330371    1.01%
  62656 38955   1.31898e+07    50   1.32974e+07   1.31637e+07  1330372    1.01%
Elapsed time = 91.86 sec. (112704.92 ticks, tree = 263.07 MB, solutions = 29)
  63464 39590   1.31637e+07    48   1.32974e+07   1.31637e+07  1344286    1.01%
  63465 39591   1.31637e+07    48   1.32974e+07   1.31637e+07  1344296    1.01%
  63466 39592   1.31637e+07    55   1.32974e+07   1.31637e+07  1344342    1.01%
  63467 39593   1.31637e+07    58   1.32974e+07   1.31637e+07  1344548    1.01%
  63468 39594   1.31637e+07    57   1.32974e+07   1.31637e+07  1344552    1.01%
  63469 39595   1.31637e+07    67   1.32974e+07   1.31637e+07  1344623    1.01%
  63470 39596   1.31637e+07    60   1.32974e+07   1.31637e+07  1344629    1.01%
  63471 39597   1.31672e+07    59   1.32974e+07   1.31637e+07  1344694    1.01%
  63472 39598   1.31637e+07    59   1.32974e+07   1.31637e+07  1344700    1.01%
  63473 39599   1.31638e+07    62   1.32974e+07   1.31637e+07  1344751    1.01%
Elapsed time = 94.69 sec. (116555.59 ticks, tree = 267.57 MB, solutions = 29)
  65341 41133   1.32663e+07    45   1.32974e+07   1.31637e+07  1375347    1.01%
  65342 41134   1.32812e+07    39   1.32974e+07   1.31637e+07  1375373    1.01%
  65343 41133        cutoff         1.32974e+07   1.31637e+07  1375375    1.01%
  65344 41132        cutoff         1.32974e+07   1.31637e+07  1375376    1.01%
  65345 41133   1.31962e+07    47   1.32974e+07   1.31637e+07  1375482    1.01%
  65346 41134   1.31963e+07    51   1.32974e+07   1.31637e+07  1375487    1.01%
  65347 41135   1.31963e+07    51   1.32974e+07   1.31637e+07  1375489    1.01%
  65348 41136   1.32019e+07    48   1.32974e+07   1.31637e+07  1375507    1.01%
  65349 41137   1.32034e+07    50   1.32974e+07   1.31637e+07  1375512    1.01%
  65350 41137   1.32096e+07    46   1.32974e+07   1.31637e+07  1375516    1.01%
Elapsed time = 97.81 sec. (120382.25 ticks, tree = 278.33 MB, solutions = 29)

Cover cuts applied:  422
Mixed integer rounding cuts applied:  17
Zero-half cuts applied:  1
Gomory fractional cuts applied:  13
Warning: integer solution contains unscaled infeasibilities.

Root node processing (before b&c):
  Real time             =    0.06 sec. (83.01 ticks)
Sequential b&c:
  Real time             =   99.94 sec. (122776.50 ticks)
                          ------------
Total (root+branch&cut) =  100.00 sec. (122859.51 ticks)

Solution pool: 29 solutions saved.

Maximum unscaled integer infeasibility = 3.20561e-05.
MIP - Time limit exceeded, integer feasible:  Objective =  1.3297418000e+07
Current MIP best bound =  1.3163658000e+07 (gap = 133760, 1.01%)
Solution time =  100.00 sec.  Iterations = 1404395  Nodes = 67031 (42363)
Deterministic time = 122859.51 ticks  (1228.59 ticks/sec)


Incumbent solution written to file '/tmp/tmpO__XH6.cplex.sol'.
