
Log started (V12.6.3.0) Sat Apr 21 22:49:55 2018

New value for default parallel thread count: 1

Problem '/tmp/tmpMoRhnF.pyomo.lp' read.
Read time = 0.02 sec. (1.11 ticks)

Problem name         : /tmp/tmpMoRhnF.pyomo.lp
Objective sense      : Minimize
Variables            :    1136  [Nneg: 1,  Binary: 1120,  General Integer: 15]
Objective nonzeros   :       1
Linear constraints   :     189  [Less: 94,  Equal: 95]
  Nonzeros           :   80213
  RHS nonzeros       :     161

Variables            : Min LB: 0.000000         Max UB: 1.000000       
Objective nonzeros   : Min   : 1.000000         Max   : 1.000000       
Linear constraints   :
  Nonzeros           : Min   : 1.000000         Max   : 8036379.       
  RHS nonzeros       : Min   : 1.000000         Max   : 8.000000       
Tried aggregator 2 times.
MIP Presolve eliminated 80 rows and 66 columns.
Aggregator did 5 substitutions.
Reduced MIP has 104 rows, 1065 columns, and 3052 nonzeros.
Reduced MIP has 1050 binaries, 15 generals, 0 SOSs, and 0 indicators.
Presolve time = 0.01 sec. (14.42 ticks)
Found incumbent of value 5.1920748e+07 after 0.01 sec. (16.47 ticks)
Probing time = 0.00 sec. (2.01 ticks)
Cover probing fixed 0 vars, tightened 26 bounds.
Tried aggregator 2 times.
Aggregator did 14 substitutions.
Reduced MIP has 90 rows, 1051 columns, and 3024 nonzeros.
Reduced MIP has 1050 binaries, 1 generals, 0 SOSs, and 0 indicators.
Presolve time = 0.00 sec. (2.62 ticks)
Probing time = 0.00 sec. (1.94 ticks)
Cover probing fixed 0 vars, tightened 4 bounds.
Clique table members: 75.
MIP emphasis: balance optimality and feasibility.
MIP search method: dynamic search.
Parallel mode: none, using 1 thread.
Root relaxation solution time = 0.00 sec. (0.91 ticks)

        Nodes                                         Cuts/
   Node  Left     Objective  IInf  Best Integer    Best Bound    ItCnt     Gap

*     0+    0                       5.19207e+07        0.0000           100.00%
      0     0   1.31637e+07    21   5.19207e+07   1.31637e+07       25   74.65%
*     0+    0                       1.92003e+07   1.31637e+07            31.44%
      0     0   1.31637e+07    32   1.92003e+07     Fract: 10       50   31.44%
*     0+    0                       1.82856e+07   1.31637e+07            28.01%
      0     0   1.31637e+07    38   1.82856e+07       Cuts: 6      109   28.01%
*     0+    0                       1.73368e+07   1.31637e+07            24.07%
*     0+    0                       1.58083e+07   1.31637e+07            16.73%
*     0+    0                       1.52016e+07   1.31637e+07            13.41%
      0     2   1.31637e+07    23   1.52016e+07   1.31637e+07      109   13.41%
Elapsed time = 0.07 sec. (102.52 ticks, tree = 0.01 MB, solutions = 5)
*    10+   10                       1.44439e+07   1.31637e+07             8.86%
*   145+  133                       1.43083e+07   1.31637e+07             8.00%
    586   469   1.31637e+07    26   1.43083e+07   1.31637e+07     3785    8.00%
    587   468        cutoff         1.43083e+07   1.31637e+07     3787    8.00%
    588   469   1.31637e+07    24   1.43083e+07   1.31637e+07     3791    8.00%
    589   470   1.31637e+07    24   1.43083e+07   1.31637e+07     3794    8.00%
    590   471   1.31637e+07    25   1.43083e+07   1.31637e+07     3801    8.00%
    591   472   1.31862e+07    22   1.43083e+07   1.31637e+07     3811    8.00%
    592   473   1.31637e+07    25   1.43083e+07   1.31637e+07     3812    8.00%
    593   474   1.31637e+07    25   1.43083e+07   1.31637e+07     3813    8.00%
    594   475   1.31637e+07    25   1.43083e+07   1.31637e+07     3814    8.00%
*   850+  644                       1.42926e+07   1.31637e+07             7.90%
*   890+  676                       1.42601e+07   1.31637e+07             7.69%
*   990+  744                       1.41321e+07   1.31637e+07             6.85%
*  1000+  637                       1.35528e+07   1.31637e+07             2.87%
   1126   754   1.31637e+07    40   1.35528e+07   1.31637e+07     8373    2.87%
Elapsed time = 0.67 sec. (1059.79 ticks, tree = 1.60 MB, solutions = 11)
*  1213+  484                       1.35301e+07   1.31637e+07             2.71%
*  1513+  404                       1.35179e+07   1.31637e+07             2.62%
*  1513+  342                       1.35108e+07   1.31637e+07             2.57%
   1613   368   1.31637e+07    25   1.35108e+07   1.31637e+07    12884    2.57%
   1614   367   1.31637e+07    25   1.35108e+07   1.31637e+07    12885    2.57%
   1615   368   1.31637e+07    26   1.35108e+07   1.31637e+07    12888    2.57%
   1616   369   1.31637e+07    25   1.35108e+07   1.31637e+07    12893    2.57%
   1617   369   1.31637e+07    26   1.35108e+07   1.31637e+07    12900    2.57%
   1618   370   1.31637e+07    26   1.35108e+07   1.31637e+07    12901    2.57%
   1619   371   1.31637e+07    25   1.35108e+07   1.31637e+07    12906    2.57%
   1620   370   1.31637e+07    25   1.35108e+07   1.31637e+07    12907    2.57%
   1621   371   1.31637e+07    25   1.35108e+07   1.31637e+07    12908    2.57%
   1622   371   1.31637e+07    27   1.35108e+07   1.31637e+07    12914    2.57%
Elapsed time = 1.50 sec. (2253.00 ticks, tree = 0.73 MB, solutions = 14)
   2262   753   1.32656e+07    35   1.35108e+07   1.31637e+07    17328    2.57%
   2263   754   1.32659e+07    35   1.35108e+07   1.31637e+07    17329    2.57%
   2264   755   1.32659e+07    36   1.35108e+07   1.31637e+07    17330    2.57%
   2265   755   1.33528e+07    34   1.35108e+07   1.31637e+07    17359    2.57%
   2266   755   1.33536e+07    33   1.35108e+07   1.31637e+07    17366    2.57%
   2267   755   1.33537e+07    33   1.35108e+07   1.31637e+07    17367    2.57%
   2268   756   1.33537e+07    33   1.35108e+07   1.31637e+07    17369    2.57%
   2269   757   1.33537e+07    33   1.35108e+07   1.31637e+07    17371    2.57%
   2270   757   1.33537e+07    32   1.35108e+07   1.31637e+07    17373    2.57%
   2271   757   1.33537e+07    33   1.35108e+07   1.31637e+07    17376    2.57%
Elapsed time = 2.16 sec. (3215.76 ticks, tree = 1.49 MB, solutions = 14)
   2842  1140   1.31637e+07    57   1.35108e+07   1.31637e+07    28970    2.57%
   2843  1141   1.31637e+07    58   1.35108e+07   1.31637e+07    28972    2.57%
   2844  1142   1.31637e+07    55   1.35108e+07   1.31637e+07    28987    2.57%
   2845  1143   1.31637e+07    54   1.35108e+07   1.31637e+07    28988    2.57%
   2846  1144   1.31637e+07    52   1.35108e+07   1.31637e+07    29001    2.57%
   2847  1145   1.31637e+07    51   1.35108e+07   1.31637e+07    29025    2.57%
   2848  1146   1.31637e+07    47   1.35108e+07   1.31637e+07    29103    2.57%
   2849  1147   1.31637e+07    50   1.35108e+07   1.31637e+07    29107    2.57%
   2850  1148   1.31637e+07    49   1.35108e+07   1.31637e+07    29120    2.57%
   2851  1149   1.31637e+07    46   1.35108e+07   1.31637e+07    29173    2.57%
Elapsed time = 2.70 sec. (4183.00 ticks, tree = 2.58 MB, solutions = 14)
   3260  1440   1.33752e+07    42   1.35108e+07   1.31637e+07    43539    2.57%
   3261  1441   1.33754e+07    43   1.35108e+07   1.31637e+07    43540    2.57%
   3262  1442   1.33780e+07    40   1.35108e+07   1.31637e+07    43542    2.57%
   3263  1443   1.33787e+07    36   1.35108e+07   1.31637e+07    43552    2.57%
   3264  1444   1.33787e+07    37   1.35108e+07   1.31637e+07    43555    2.57%
   3265  1445   1.33788e+07    37   1.35108e+07   1.31637e+07    43557    2.57%
   3266  1446   1.33808e+07    35   1.35108e+07   1.31637e+07    43563    2.57%
   3267  1447   1.33825e+07    36   1.35108e+07   1.31637e+07    43571    2.57%
   3268  1448   1.33825e+07    36   1.35108e+07   1.31637e+07    43572    2.57%
   3269  1449   1.33827e+07    34   1.35108e+07   1.31637e+07    43574    2.57%
Elapsed time = 3.23 sec. (5140.10 ticks, tree = 3.62 MB, solutions = 14)
   3581  1637   1.31637e+07    70   1.35108e+07   1.31637e+07    57378    2.57%
   3582  1638   1.31637e+07    67   1.35108e+07   1.31637e+07    57413    2.57%
   3583  1639   1.31637e+07    71   1.35108e+07   1.31637e+07    57426    2.57%
   3584  1640   1.31637e+07    67   1.35108e+07   1.31637e+07    57432    2.57%
   3585  1641   1.31637e+07    69   1.35108e+07   1.31637e+07    57433    2.57%
   3586  1642   1.31637e+07    66   1.35108e+07   1.31637e+07    57434    2.57%
   3587  1643   1.31637e+07    69   1.35108e+07   1.31637e+07    57435    2.57%
   3588  1644   1.31637e+07    69   1.35108e+07   1.31637e+07    57436    2.57%
   3589  1645   1.31637e+07    66   1.35108e+07   1.31637e+07    57437    2.57%
   3590  1646   1.31637e+07    67   1.35108e+07   1.31637e+07    57456    2.57%
Elapsed time = 3.75 sec. (6101.58 ticks, tree = 4.36 MB, solutions = 14)
   3963  1918   1.31714e+07    69   1.35108e+07   1.31637e+07    70194    2.57%
   3964  1919   1.31784e+07    73   1.35108e+07   1.31637e+07    70226    2.57%
   3965  1920   1.31784e+07    67   1.35108e+07   1.31637e+07    70228    2.57%
   3966  1921   1.31967e+07    53   1.35108e+07   1.31637e+07    70277    2.57%
   3967  1922   1.32204e+07    41   1.35108e+07   1.31637e+07    70301    2.57%
   3968  1923   1.33442e+07    27   1.35108e+07   1.31637e+07    70319    2.57%
   3969  1922        cutoff         1.35108e+07   1.31637e+07    70326    2.57%
   3970  1923   1.33442e+07    25   1.35108e+07   1.31637e+07    70328    2.57%
   3971  1923   1.33448e+07    25   1.35108e+07   1.31637e+07    70330    2.57%
   3972  1924   1.33448e+07    24   1.35108e+07   1.31637e+07    70331    2.57%
Elapsed time = 4.27 sec. (7065.61 ticks, tree = 5.51 MB, solutions = 14)
   4393  2236   1.34508e+07    31   1.35108e+07   1.31637e+07    84113    2.57%
   4394  2237   1.34508e+07    31   1.35108e+07   1.31637e+07    84114    2.57%
   4395  2238   1.34524e+07    31   1.35108e+07   1.31637e+07    84118    2.57%
   4396  2239   1.34524e+07    31   1.35108e+07   1.31637e+07    84119    2.57%
   4397  2240   1.34524e+07    30   1.35108e+07   1.31637e+07    84122    2.57%
   4398  2241   1.34524e+07    30   1.35108e+07   1.31637e+07    84123    2.57%
   4399  2241   1.34524e+07    30   1.35108e+07   1.31637e+07    84124    2.57%
   4400  2241   1.34524e+07    30   1.35108e+07   1.31637e+07    84125    2.57%
   4401  2241   1.34524e+07    30   1.35108e+07   1.31637e+07    84127    2.57%
   4402  2242   1.34524e+07    29   1.35108e+07   1.31637e+07    84128    2.57%
Elapsed time = 4.80 sec. (8023.77 ticks, tree = 6.92 MB, solutions = 14)
   4731  2484        cutoff         1.35108e+07   1.31637e+07    97499    2.57%
   4732  2483    infeasible         1.35108e+07   1.31637e+07    97499    2.57%
   4733  2482        cutoff         1.35108e+07   1.31637e+07    97593    2.57%
   4734  2481        cutoff         1.35108e+07   1.31637e+07    97911    2.57%
   4735  2480        cutoff         1.35108e+07   1.31637e+07    98338    2.57%
   4736  2479        cutoff         1.35108e+07   1.31637e+07    98616    2.57%
   4737  2478        cutoff         1.35108e+07   1.31637e+07    98953    2.57%
   4738  2477        cutoff         1.35108e+07   1.31637e+07    99236    2.57%
   4739  2476        cutoff         1.35108e+07   1.31637e+07    99310    2.57%
   4740  2475        cutoff         1.35108e+07   1.31637e+07    99694    2.57%
Elapsed time = 5.38 sec. (9086.84 ticks, tree = 7.95 MB, solutions = 14)
   4991  2627   1.33499e+07    52   1.35108e+07   1.31637e+07   113459    2.57%
   4992  2627   1.33549e+07    67   1.35108e+07   1.31637e+07   113486    2.57%
   4993  2628   1.33549e+07    68   1.35108e+07   1.31637e+07   113499    2.57%
   4994  2629   1.33806e+07    64   1.35108e+07   1.31637e+07   113545    2.57%
   4995  2630   1.34089e+07    47   1.35108e+07   1.31637e+07   113580    2.57%
   4996  2631   1.34134e+07    48   1.35108e+07   1.31637e+07   113606    2.57%
   4997  2632   1.34185e+07    48   1.35108e+07   1.31637e+07   113625    2.57%
   4998  2632   1.34193e+07    46   1.35108e+07   1.31637e+07   113630    2.57%
   4999  2633   1.34193e+07    46   1.35108e+07   1.31637e+07   113631    2.57%
   6010  3393   1.31637e+07    55   1.35108e+07   1.31637e+07   149235    2.57%
Elapsed time = 7.50 sec. (12901.55 ticks, tree = 12.55 MB, solutions = 14)
   6859  3999   1.32966e+07    74   1.35108e+07   1.31637e+07   196082    2.57%
   6860  4000   1.32979e+07    72   1.35108e+07   1.31637e+07   196091    2.57%
   6861  4001   1.32986e+07    68   1.35108e+07   1.31637e+07   196103    2.57%
   6862  4002   1.33007e+07    68   1.35108e+07   1.31637e+07   196115    2.57%
   6863  4003   1.33076e+07    72   1.35108e+07   1.31637e+07   196146    2.57%
   6864  4004   1.33080e+07    73   1.35108e+07   1.31637e+07   196165    2.57%
   6865  4005   1.33716e+07    56   1.35108e+07   1.31637e+07   196208    2.57%
   6866  4006   1.34028e+07    41   1.35108e+07   1.31637e+07   196269    2.57%
   6867  4007   1.34155e+07    42   1.35108e+07   1.31637e+07   196296    2.57%
   6868  4008   1.34304e+07    30   1.35108e+07   1.31637e+07   196307    2.57%
Elapsed time = 9.65 sec. (16731.24 ticks, tree = 16.50 MB, solutions = 14)
   7946  4911   1.31637e+07    76   1.35108e+07   1.31637e+07   233158    2.57%
   7947  4912   1.31637e+07    71   1.35108e+07   1.31637e+07   233186    2.57%
   7948  4913   1.31637e+07    70   1.35108e+07   1.31637e+07   233188    2.57%
   7949  4914   1.31637e+07    67   1.35108e+07   1.31637e+07   233200    2.57%
   7950  4915   1.31637e+07    66   1.35108e+07   1.31637e+07   233219    2.57%
   7951  4916   1.31637e+07    69   1.35108e+07   1.31637e+07   233267    2.57%
   7952  4917   1.31637e+07    70   1.35108e+07   1.31637e+07   233309    2.57%
   7953  4918   1.31637e+07    67   1.35108e+07   1.31637e+07   233329    2.57%
   7954  4919   1.31637e+07    62   1.35108e+07   1.31637e+07   233338    2.57%
   7955  4920   1.31637e+07    61   1.35108e+07   1.31637e+07   233339    2.57%
Elapsed time = 11.81 sec. (20563.10 ticks, tree = 22.75 MB, solutions = 14)
   9358  6052   1.31637e+07    62   1.35108e+07   1.31637e+07   284881    2.57%
   9359  6053   1.31637e+07    70   1.35108e+07   1.31637e+07   284919    2.57%
   9360  6054   1.31687e+07    69   1.35108e+07   1.31637e+07   285223    2.57%
   9361  6055   1.31637e+07    68   1.35108e+07   1.31637e+07   285243    2.57%
   9362  6056   1.31637e+07    87   1.35108e+07   1.31637e+07   285484    2.57%
   9363  6057   1.31637e+07    72   1.35108e+07   1.31637e+07   285511    2.57%
   9364  6058   1.31637e+07    80   1.35108e+07   1.31637e+07   285540    2.57%
   9365  6059   1.31637e+07    69   1.35108e+07   1.31637e+07   285580    2.57%
   9366  6060   1.31637e+07    70   1.35108e+07   1.31637e+07   285632    2.57%
   9367  6061   1.31637e+07    68   1.35108e+07   1.31637e+07   285643    2.57%
Elapsed time = 14.38 sec. (24460.93 ticks, tree = 30.73 MB, solutions = 14)
*  9713+ 6267                       1.34970e+07   1.31637e+07             2.47%
  10413  6856   1.32527e+07    68   1.34970e+07   1.31637e+07   318476    2.47%
  10414  6857   1.31713e+07    66   1.34970e+07   1.31637e+07   318969    2.47%
  10415  6858   1.31637e+07    65   1.34970e+07   1.31637e+07   319206    2.47%
  10416  6859   1.31637e+07    63   1.34970e+07   1.31637e+07   319217    2.47%
  10417  6860   1.31637e+07    76   1.34970e+07   1.31637e+07   319596    2.47%
  10418  6861   1.31637e+07    77   1.34970e+07   1.31637e+07   319801    2.47%
  10419  6862   1.31637e+07    66   1.34970e+07   1.31637e+07   319837    2.47%
  10420  6863   1.31637e+07    63   1.34970e+07   1.31637e+07   319926    2.47%
  10421  6864   1.31637e+07    73   1.34970e+07   1.31637e+07   320189    2.47%
  10422  6865   1.31637e+07    81   1.34970e+07   1.31637e+07   320416    2.47%
Elapsed time = 18.84 sec. (29554.14 ticks, tree = 36.43 MB, solutions = 15)
  11786  7994   1.31637e+07    79   1.34970e+07   1.31637e+07   368287    2.47%
  11787  7995   1.31637e+07    79   1.34970e+07   1.31637e+07   368289    2.47%
  11788  7996   1.31637e+07    79   1.34970e+07   1.31637e+07   368301    2.47%
  11789  7997   1.31637e+07    77   1.34970e+07   1.31637e+07   368303    2.47%
  11790  7998   1.31637e+07    67   1.34970e+07   1.31637e+07   368385    2.47%
  11791  7999   1.31637e+07    71   1.34970e+07   1.31637e+07   368420    2.47%
  11792  8000   1.31637e+07    68   1.34970e+07   1.31637e+07   368467    2.47%
  11793  8001   1.31637e+07    66   1.34970e+07   1.31637e+07   368478    2.47%
  11794  8002   1.31652e+07    69   1.34970e+07   1.31637e+07   368533    2.47%
  11795  8003   1.31653e+07    70   1.34970e+07   1.31637e+07   368539    2.47%
Elapsed time = 22.49 sec. (33389.06 ticks, tree = 44.34 MB, solutions = 15)
* 12613+ 8681                       1.34931e+07   1.31637e+07             2.44%
  13223  9144   1.32983e+07    57   1.34931e+07   1.31637e+07   408764    2.44%
  13224  9145   1.32991e+07    46   1.34931e+07   1.31637e+07   408777    2.44%
  13225  9146   1.33104e+07    44   1.34931e+07   1.31637e+07   408799    2.44%
  13226  9146   1.34320e+07    41   1.34931e+07   1.31637e+07   408931    2.44%
  13227  9145        cutoff         1.34931e+07   1.31637e+07   408933    2.44%
  13228  9146   1.31637e+07    89   1.34931e+07   1.31637e+07   409405    2.44%
  13229  9147   1.31637e+07    87   1.34931e+07   1.31637e+07   409407    2.44%
  13230  9148   1.31637e+07   103   1.34931e+07   1.31637e+07   409437    2.44%
  13231  9149   1.31637e+07   101   1.34931e+07   1.31637e+07   409438    2.44%
  13232  9150   1.31637e+07    85   1.34931e+07   1.31637e+07   409463    2.44%
Elapsed time = 26.06 sec. (37253.54 ticks, tree = 52.60 MB, solutions = 16)
  14565 10251   1.31637e+07    73   1.34931e+07   1.31637e+07   453920    2.44%
  14566 10252   1.31663e+07    88   1.34931e+07   1.31637e+07   454014    2.44%
  14567 10253   1.31664e+07    89   1.34931e+07   1.31637e+07   454016    2.44%
  14568 10254   1.33131e+07    73   1.34931e+07   1.31637e+07   454240    2.44%
  14569 10255   1.33143e+07    68   1.34931e+07   1.31637e+07   454255    2.44%
  14570 10255   1.33291e+07    73   1.34931e+07   1.31637e+07   454300    2.44%
  14571 10256   1.33220e+07    66   1.34931e+07   1.31637e+07   454310    2.44%
  14572 10256   1.33233e+07    69   1.34931e+07   1.31637e+07   454323    2.44%
  14573 10257   1.33245e+07    57   1.34931e+07   1.31637e+07   454331    2.44%
  14574 10258   1.33301e+07    64   1.34931e+07   1.31637e+07   454347    2.44%
Elapsed time = 29.65 sec. (41115.51 ticks, tree = 60.30 MB, solutions = 16)
  15972 11422   1.32135e+07    44   1.34931e+07   1.31637e+07   498174    2.44%
  15973 11423   1.31752e+07    62   1.34931e+07   1.31637e+07   498190    2.44%
  15974 11424   1.31753e+07    62   1.34931e+07   1.31637e+07   498191    2.44%
  15975 11425   1.31760e+07    66   1.34931e+07   1.31637e+07   498210    2.44%
  15976 11426   1.33583e+07    24   1.34931e+07   1.31637e+07   498289    2.44%
  15977 11427   1.33583e+07    24   1.34931e+07   1.31637e+07   498290    2.44%
  15978 11426        cutoff         1.34931e+07   1.31637e+07   498305    2.44%
  15979 11427   1.33588e+07    25   1.34931e+07   1.31637e+07   498313    2.44%
  15980 11428   1.33711e+07    22   1.34931e+07   1.31637e+07   498322    2.44%
  15981 11429   1.33711e+07    22   1.34931e+07   1.31637e+07   498332    2.44%
Elapsed time = 33.19 sec. (44951.80 ticks, tree = 68.41 MB, solutions = 16)
* 17213+11919                       1.34438e+07   1.31637e+07             2.08%
  17453 12124   1.31637e+07    53   1.34438e+07   1.31637e+07   543023    2.08%
  17454 12125   1.31637e+07    51   1.34438e+07   1.31637e+07   543033    2.08%
  17455 12126   1.31637e+07    51   1.34438e+07   1.31637e+07   543036    2.08%
  17456 12127   1.31637e+07    50   1.34438e+07   1.31637e+07   543040    2.08%
  17457 12128   1.31637e+07    55   1.34438e+07   1.31637e+07   543055    2.08%
  17458 12129   1.31637e+07    54   1.34438e+07   1.31637e+07   543057    2.08%
  17459 12130   1.31637e+07    49   1.34438e+07   1.31637e+07   543061    2.08%
  17460 12131   1.31637e+07    55   1.34438e+07   1.31637e+07   543080    2.08%
  17461 12132   1.31637e+07    58   1.34438e+07   1.31637e+07   543082    2.08%
  17462 12133   1.31637e+07    56   1.34438e+07   1.31637e+07   543093    2.08%
Elapsed time = 36.78 sec. (48772.95 ticks, tree = 73.78 MB, solutions = 17)
  18688 13095   1.31637e+07    59   1.34438e+07   1.31637e+07   588683    2.08%
  18689 13096   1.31797e+07    76   1.34438e+07   1.31637e+07   588765    2.08%
  18690 13097   1.31896e+07    71   1.34438e+07   1.31637e+07   588779    2.08%
  18691 13098   1.31896e+07    70   1.34438e+07   1.31637e+07   588780    2.08%
  18692 13099   1.31921e+07    73   1.34438e+07   1.31637e+07   588808    2.08%
  18693 13100   1.31924e+07    72   1.34438e+07   1.31637e+07   588809    2.08%
  18694 13101   1.32263e+07    76   1.34438e+07   1.31637e+07   588899    2.08%
  18695 13102   1.32283e+07    45   1.34438e+07   1.31637e+07   588916    2.08%
  18696 13103   1.32539e+07    50   1.34438e+07   1.31637e+07   588943    2.08%
  18697 13104   1.32556e+07    47   1.34438e+07   1.31637e+07   588954    2.08%
Elapsed time = 40.38 sec. (52622.76 ticks, tree = 80.52 MB, solutions = 17)
  20056 14215   1.31744e+07    94   1.34438e+07   1.31637e+07   632237    2.08%
  20057 14216   1.31637e+07    70   1.34438e+07   1.31637e+07   632243    2.08%
  20058 14217   1.31637e+07    83   1.34438e+07   1.31637e+07   632293    2.08%
  20059 14216        cutoff         1.34438e+07   1.31637e+07   632402    2.08%
  20060 14217   1.31637e+07    81   1.34438e+07   1.31637e+07   632403    2.08%
  20061 14218   1.31637e+07    78   1.34438e+07   1.31637e+07   632412    2.08%
  20062 14219   1.31637e+07    77   1.34438e+07   1.31637e+07   632427    2.08%
  20063 14220   1.31637e+07    79   1.34438e+07   1.31637e+07   632436    2.08%
  20064 14219        cutoff         1.34438e+07   1.31637e+07   632630    2.08%
  20065 14220   1.31637e+07    76   1.34438e+07   1.31637e+07   632634    2.08%
Elapsed time = 43.95 sec. (56475.39 ticks, tree = 88.26 MB, solutions = 17)
  21581 15499   1.31703e+07    43   1.34438e+07   1.31637e+07   682985    2.08%
  21582 15500   1.31703e+07    57   1.34438e+07   1.31637e+07   683034    2.08%
  21583 15501   1.31703e+07    48   1.34438e+07   1.31637e+07   683035    2.08%
  21584 15502   1.31703e+07    61   1.34438e+07   1.31637e+07   683113    2.08%
  21585 15503   1.31705e+07    49   1.34438e+07   1.31637e+07   683137    2.08%
  21586 15504   1.31734e+07    45   1.34438e+07   1.31637e+07   683144    2.08%
  21587 15505   1.31734e+07    44   1.34438e+07   1.31637e+07   683210    2.08%
  21588 15506   1.31734e+07    43   1.34438e+07   1.31637e+07   683214    2.08%
  21589 15507   1.31734e+07    38   1.34438e+07   1.31637e+07   683217    2.08%
  21590 15508   1.31738e+07    42   1.34438e+07   1.31637e+07   683266    2.08%
Elapsed time = 47.65 sec. (60320.61 ticks, tree = 97.20 MB, solutions = 17)
  23838 17476   1.32409e+07    36   1.34438e+07   1.31637e+07   727964    2.08%
  23839 17477   1.32409e+07    37   1.34438e+07   1.31637e+07   727992    2.08%
  23840 17477   1.33762e+07    31   1.34438e+07   1.31637e+07   728034    2.08%
  23841 17476        cutoff         1.34438e+07   1.31637e+07   728077    2.08%
  23842 17477   1.32684e+07    41   1.34438e+07   1.31637e+07   728435    2.08%
  23843 17476        cutoff         1.34438e+07   1.31637e+07   728445    2.08%
  23844 17475        cutoff         1.34438e+07   1.31637e+07   728448    2.08%
  23845 17476   1.32734e+07    60   1.34438e+07   1.31637e+07   728910    2.08%
  23846 17477   1.32734e+07    58   1.34438e+07   1.31637e+07   728911    2.08%
  23847 17478   1.32738e+07    57   1.34438e+07   1.31637e+07   728916    2.08%
Elapsed time = 51.25 sec. (64236.22 ticks, tree = 111.38 MB, solutions = 17)
  25297 18631   1.31637e+07    74   1.34438e+07   1.31637e+07   770204    2.08%
  25298 18632   1.31637e+07    67   1.34438e+07   1.31637e+07   770331    2.08%
  25299 18633   1.31637e+07    73   1.34438e+07   1.31637e+07   770358    2.08%
  25300 18634   1.31637e+07    71   1.34438e+07   1.31637e+07   770361    2.08%
  25301 18635   1.31637e+07    72   1.34438e+07   1.31637e+07   770368    2.08%
  25302 18636   1.31637e+07    70   1.34438e+07   1.31637e+07   770377    2.08%
  25303 18637   1.31637e+07    77   1.34438e+07   1.31637e+07   770415    2.08%
  25304 18638   1.31637e+07    72   1.34438e+07   1.31637e+07   770463    2.08%
  25305 18639   1.31637e+07    78   1.34438e+07   1.31637e+07   770477    2.08%
  25306 18640   1.31637e+07    77   1.34438e+07   1.31637e+07   770490    2.08%
Elapsed time = 54.78 sec. (68092.12 ticks, tree = 119.46 MB, solutions = 17)
  26870 19975   1.32365e+07    79   1.34438e+07   1.31637e+07   818612    2.08%
  26871 19976   1.32370e+07    75   1.34438e+07   1.31637e+07   818621    2.08%
  26872 19977   1.32536e+07    79   1.34438e+07   1.31637e+07   818660    2.08%
  26873 19978   1.32537e+07    79   1.34438e+07   1.31637e+07   818661    2.08%
  26874 19979   1.33675e+07    66   1.34438e+07   1.31637e+07   818695    2.08%
  26875 19980   1.33708e+07    67   1.34438e+07   1.31637e+07   818702    2.08%
  26876 19981   1.33708e+07    64   1.34438e+07   1.31637e+07   818703    2.08%
  26877 19982   1.33773e+07    64   1.34438e+07   1.31637e+07   818715    2.08%
  26878 19983   1.33775e+07    65   1.34438e+07   1.31637e+07   818718    2.08%
  26879 19984   1.33782e+07    63   1.34438e+07   1.31637e+07   818725    2.08%
Elapsed time = 58.44 sec. (71917.33 ticks, tree = 128.77 MB, solutions = 17)
  28410 21273   1.31637e+07    73   1.34438e+07   1.31637e+07   863677    2.08%
  28411 21274   1.31637e+07    62   1.34438e+07   1.31637e+07   863699    2.08%
  28412 21275   1.31637e+07    57   1.34438e+07   1.31637e+07   863800    2.08%
  28413 21276   1.31637e+07    57   1.34438e+07   1.31637e+07   863803    2.08%
  28414 21277   1.31637e+07    56   1.34438e+07   1.31637e+07   863809    2.08%
  28415 21278   1.31637e+07    56   1.34438e+07   1.31637e+07   863810    2.08%
  28416 21279   1.31637e+07    56   1.34438e+07   1.31637e+07   863813    2.08%
  28417 21280   1.31637e+07    55   1.34438e+07   1.31637e+07   863818    2.08%
  28418 21281   1.31640e+07    56   1.34438e+07   1.31637e+07   863919    2.08%
  28419 21282   1.31640e+07    51   1.34438e+07   1.31637e+07   863920    2.08%
Elapsed time = 62.05 sec. (75749.62 ticks, tree = 137.75 MB, solutions = 17)
  30271 22871   1.31637e+07    73   1.34438e+07   1.31637e+07   911273    2.08%
  30272 22872   1.31637e+07    67   1.34438e+07   1.31637e+07   911312    2.08%
  30273 22873   1.31637e+07    61   1.34438e+07   1.31637e+07   911576    2.08%
  30274 22874   1.31637e+07    56   1.34438e+07   1.31637e+07   911602    2.08%
  30275 22875   1.31637e+07    51   1.34438e+07   1.31637e+07   911707    2.08%
  30276 22876   1.31637e+07    56   1.34438e+07   1.31637e+07   911823    2.08%
  30277 22877   1.31637e+07    52   1.34438e+07   1.31637e+07   911832    2.08%
  30278 22878   1.31637e+07    67   1.34438e+07   1.31637e+07   911903    2.08%
  30279 22879   1.31637e+07    60   1.34438e+07   1.31637e+07   911908    2.08%
  30280 22880   1.31637e+07    65   1.34438e+07   1.31637e+07   912131    2.08%
Elapsed time = 65.69 sec. (79626.08 ticks, tree = 148.84 MB, solutions = 17)
  31561 23954   1.31668e+07    84   1.34438e+07   1.31637e+07   955133    2.08%
  31562 23955   1.31688e+07    80   1.34438e+07   1.31637e+07   955156    2.08%
  31563 23956   1.31689e+07    80   1.34438e+07   1.31637e+07   955166    2.08%
  31564 23957   1.31690e+07    81   1.34438e+07   1.31637e+07   955175    2.08%
  31565 23958   1.31690e+07    77   1.34438e+07   1.31637e+07   955177    2.08%
  31566 23959   1.31691e+07    78   1.34438e+07   1.31637e+07   955190    2.08%
  31567 23960   1.31958e+07    74   1.34438e+07   1.31637e+07   955217    2.08%
  31568 23961   1.31958e+07    73   1.34438e+07   1.31637e+07   955218    2.08%
  31569 23962   1.33684e+07    49   1.34438e+07   1.31637e+07   955478    2.08%
  31570 23963   1.33793e+07    37   1.34438e+07   1.31637e+07   955525    2.08%
Elapsed time = 69.27 sec. (83471.42 ticks, tree = 156.36 MB, solutions = 17)
* 32013+23996                       1.34265e+07   1.31637e+07             1.96%
  32848 24678   1.32547e+07    53   1.34265e+07   1.31637e+07   997008    1.96%
  32849 24679   1.32752e+07    59   1.34265e+07   1.31637e+07   997044    1.96%
  32850 24680   1.32753e+07    57   1.34265e+07   1.31637e+07   997045    1.96%
  32851 24681   1.32754e+07    51   1.34265e+07   1.31637e+07   997049    1.96%
  32852 24682   1.32754e+07    51   1.34265e+07   1.31637e+07   997050    1.96%
  32853 24683   1.32755e+07    51   1.34265e+07   1.31637e+07   997053    1.96%
  32854 24684   1.32794e+07    43   1.34265e+07   1.31637e+07   997074    1.96%
  32855 24685   1.32860e+07    54   1.34265e+07   1.31637e+07   997106    1.96%
  32856 24686   1.32869e+07    48   1.34265e+07   1.31637e+07   997113    1.96%
  32857 24687   1.32906e+07    39   1.34265e+07   1.31637e+07   997125    1.96%
Elapsed time = 72.79 sec. (87295.56 ticks, tree = 161.72 MB, solutions = 18)
  34394 25976   1.33421e+07    62   1.34265e+07   1.31637e+07  1047117    1.96%
  34395 25977   1.33466e+07    74   1.34265e+07   1.31637e+07  1047147    1.96%
  34396 25978   1.33609e+07    76   1.34265e+07   1.31637e+07  1047187    1.96%
  34397 25979   1.33611e+07    69   1.34265e+07   1.31637e+07  1047188    1.96%
  34398 25980   1.33621e+07    70   1.34265e+07   1.31637e+07  1047194    1.96%
  34399 25981   1.33624e+07    69   1.34265e+07   1.31637e+07  1047196    1.96%
  34400 25982   1.33638e+07    66   1.34265e+07   1.31637e+07  1047204    1.96%
  34401 25981        cutoff         1.34265e+07   1.31637e+07  1047207    1.96%
  34402 25980        cutoff         1.34265e+07   1.31637e+07  1047224    1.96%
  34403 25981   1.31637e+07    73   1.34265e+07   1.31637e+07  1047367    1.96%
Elapsed time = 76.50 sec. (91134.53 ticks, tree = 170.70 MB, solutions = 18)
  36024 27327   1.31637e+07    67   1.34265e+07   1.31637e+07  1090136    1.96%
  36025 27328   1.31637e+07    67   1.34265e+07   1.31637e+07  1090148    1.96%
  36026 27329   1.31637e+07    67   1.34265e+07   1.31637e+07  1090164    1.96%
  36027 27330   1.31637e+07    65   1.34265e+07   1.31637e+07  1090209    1.96%
  36028 27331   1.31637e+07    70   1.34265e+07   1.31637e+07  1090247    1.96%
  36029 27332   1.31637e+07    72   1.34265e+07   1.31637e+07  1090263    1.96%
  36030 27333   1.31637e+07    73   1.34265e+07   1.31637e+07  1090275    1.96%
  36031 27334   1.31637e+07    63   1.34265e+07   1.31637e+07  1090293    1.96%
  36032 27335   1.31637e+07    57   1.34265e+07   1.31637e+07  1090309    1.96%
  36033 27336   1.31637e+07    62   1.34265e+07   1.31637e+07  1090332    1.96%
Elapsed time = 80.02 sec. (94975.68 ticks, tree = 180.10 MB, solutions = 18)
  37951 29016   1.31745e+07    62   1.34265e+07   1.31637e+07  1135915    1.96%
  37952 29017   1.31637e+07    55   1.34265e+07   1.31637e+07  1135921    1.96%
  37953 29018   1.31637e+07    63   1.34265e+07   1.31637e+07  1135965    1.96%
  37954 29019   1.31637e+07    61   1.34265e+07   1.31637e+07  1135973    1.96%
  37955 29018        cutoff         1.34265e+07   1.31637e+07  1136081    1.96%
  37956 29019   1.31637e+07    63   1.34265e+07   1.31637e+07  1136091    1.96%
  37957 29018        cutoff         1.34265e+07   1.31637e+07  1136164    1.96%
  37958 29019   1.31637e+07    54   1.34265e+07   1.31637e+07  1136184    1.96%
  37959 29020   1.31637e+07    51   1.34265e+07   1.31637e+07  1136214    1.96%
  37960 29019        cutoff         1.34265e+07   1.31637e+07  1136377    1.96%
Elapsed time = 83.63 sec. (98824.02 ticks, tree = 191.75 MB, solutions = 18)
  39624 30427        cutoff         1.34265e+07   1.31637e+07  1180035    1.96%
  39625 30428   1.32389e+07    81   1.34265e+07   1.31637e+07  1180240    1.96%
  39626 30429   1.32390e+07    74   1.34265e+07   1.31637e+07  1180242    1.96%
  39627 30430   1.32517e+07    69   1.34265e+07   1.31637e+07  1180270    1.96%
  39628 30431   1.32517e+07    67   1.34265e+07   1.31637e+07  1180271    1.96%
  39629 30432   1.32524e+07    68   1.34265e+07   1.31637e+07  1180275    1.96%
  39630 30433   1.32573e+07    75   1.34265e+07   1.31637e+07  1180290    1.96%
  39631 30434   1.32589e+07    69   1.34265e+07   1.31637e+07  1180302    1.96%
  39632 30435   1.32619e+07    54   1.34265e+07   1.31637e+07  1180331    1.96%
  39633 30436   1.32624e+07    50   1.34265e+07   1.31637e+07  1180340    1.96%
Elapsed time = 87.22 sec. (102663.72 ticks, tree = 201.56 MB, solutions = 18)
  41575 32112   1.32642e+07    46   1.34265e+07   1.31637e+07  1227372    1.96%
  41576 32113   1.32649e+07    46   1.34265e+07   1.31637e+07  1227397    1.96%
  41577 32114   1.32649e+07    46   1.34265e+07   1.31637e+07  1227398    1.96%
  41578 32115   1.32651e+07    47   1.34265e+07   1.31637e+07  1227401    1.96%
  41579 32116   1.32693e+07    47   1.34265e+07   1.31637e+07  1227408    1.96%
  41580 32117   1.32845e+07    44   1.34265e+07   1.31637e+07  1227433    1.96%
  41581 32118   1.32847e+07    44   1.34265e+07   1.31637e+07  1227435    1.96%
  41582 32119   1.33202e+07    38   1.34265e+07   1.31637e+07  1227458    1.96%
  41583 32118        cutoff         1.34265e+07   1.31637e+07  1227460    1.96%
  41584 32117   1.34232e+07    36   1.34265e+07   1.31637e+07  1227478    1.96%
Elapsed time = 90.82 sec. (106496.22 ticks, tree = 213.27 MB, solutions = 18)
* 41813+32120                       1.34194e+07   1.31637e+07             1.91%
  42897 33022   1.31637e+07    61   1.34194e+07   1.31637e+07  1265519    1.91%
  42898 33023   1.31637e+07    65   1.34194e+07   1.31637e+07  1265524    1.91%
  42899 33024   1.31637e+07    58   1.34194e+07   1.31637e+07  1265555    1.91%
  42900 33025   1.31637e+07    60   1.34194e+07   1.31637e+07  1265556    1.91%
  42901 33026   1.31637e+07    59   1.34194e+07   1.31637e+07  1265557    1.91%
  42902 33027   1.31637e+07    57   1.34194e+07   1.31637e+07  1265572    1.91%
  42903 33028   1.31637e+07    57   1.34194e+07   1.31637e+07  1265584    1.91%
  42904 33029   1.31637e+07    56   1.34194e+07   1.31637e+07  1265595    1.91%
  42905 33030   1.31637e+07    52   1.34194e+07   1.31637e+07  1265601    1.91%
  42906 33031   1.31637e+07    57   1.34194e+07   1.31637e+07  1265606    1.91%
Elapsed time = 94.32 sec. (110325.00 ticks, tree = 220.69 MB, solutions = 19)
  43613 33634   1.31637e+07    53   1.34194e+07   1.31637e+07  1283870    1.91%
  43614 33635   1.31637e+07    54   1.34194e+07   1.31637e+07  1283881    1.91%
  43615 33636   1.31637e+07    55   1.34194e+07   1.31637e+07  1283882    1.91%
  43616 33637   1.31637e+07    53   1.34194e+07   1.31637e+07  1283883    1.91%
  43617 33638   1.31637e+07    53   1.34194e+07   1.31637e+07  1283884    1.91%
  43618 33639   1.31637e+07    52   1.34194e+07   1.31637e+07  1283887    1.91%
  43619 33640   1.31637e+07    56   1.34194e+07   1.31637e+07  1283896    1.91%
  43620 33641   1.31637e+07    50   1.34194e+07   1.31637e+07  1283905    1.91%
  43621 33642   1.31637e+07    50   1.34194e+07   1.31637e+07  1283907    1.91%
  43622 33643   1.31641e+07    59   1.34194e+07   1.31637e+07  1283953    1.91%
Elapsed time = 97.29 sec. (114174.58 ticks, tree = 224.95 MB, solutions = 19)
* 43813+33427                       1.34070e+07   1.31637e+07             1.81%
* 44013+32506                       1.33747e+07   1.31637e+07             1.58%

Cover cuts applied:  416
Mixed integer rounding cuts applied:  23
Gomory fractional cuts applied:  11

Root node processing (before b&c):
  Real time             =    0.07 sec. (102.59 ticks)
Sequential b&c:
  Real time             =   99.93 sec. (117239.62 ticks)
                          ------------
Total (root+branch&cut) =  100.00 sec. (117342.21 ticks)

Solution pool: 21 solutions saved.

MIP - Time limit exceeded, integer feasible:  Objective =  1.3374705000e+07
Current MIP best bound =  1.3163658000e+07 (gap = 211047, 1.58%)
Solution time =  100.00 sec.  Iterations = 1307672  Nodes = 44483 (32912)
Deterministic time = 117342.21 ticks  (1173.42 ticks/sec)


Incumbent solution written to file '/tmp/tmpBFlPmL.cplex.sol'.
