Found incumbent of value 1557482.000000 after 0.00 sec. (0.25 ticks)
Tried aggregator 2 times.
Aggregator did 10 substitutions.
Reduced MIP has 310 rows, 3001 columns, and 6010 nonzeros.
Reduced MIP has 3000 binaries, 0 generals, 0 SOSs, and 0 indicators.
Presolve time = 0.01 sec. (4.91 ticks)
Tried aggregator 1 time.
Reduced MIP has 310 rows, 3001 columns, and 6010 nonzeros.
Reduced MIP has 3000 binaries, 1 generals, 0 SOSs, and 0 indicators.
Presolve time = 0.00 sec. (3.30 ticks)
Probing time = 0.00 sec. (1.83 ticks)
Clique table members: 300.
MIP emphasis: balance optimality and feasibility.
MIP search method: dynamic search.
Parallel mode: none, using 1 thread.
Root relaxation solution time = 0.01 sec. (13.74 ticks)

        Nodes                                         Cuts/
   Node  Left     Objective  IInf  Best Integer    Best Bound    ItCnt     Gap

*     0+    0                      1557482.0000        0.0000           100.00%
      0     0   155748.2000    19  1557482.0000   155748.2000      361   90.00%
*     0+    0                       160449.0000   155748.2000             2.93%
      0     0   155749.0000    16   160449.0000      Fract: 5      377    2.93%
*     0+    0                       159705.0000   155749.0000             2.48%
      0     0   155749.0000    23   159705.0000      Cuts: 17      403    2.48%
*     0+    0                       159446.0000   155749.0000             2.32%
      0     0   155749.0000    29   159446.0000       Cuts: 8      426    2.32%
*     0+    0                       158989.0000   155749.0000             2.04%
*     0+    0                       158062.0000   155749.0000             1.46%
*     0+    0                       156863.0000   155749.0000             0.71%
*     0+    0                       156832.0000   155749.0000             0.69%
*     0+    0                       156719.0000   155749.0000             0.62%
*     0+    0                       156510.0000   155749.0000             0.49%
*     0+    0                       156449.0000   155749.0000             0.45%
*     0+    0                       156429.0000   155749.0000             0.43%
*     0+    0                       156392.0000   155749.0000             0.41%
*     0+    0                       156195.0000   155749.0000             0.29%
*     0+    0                       156178.0000   155749.0000             0.27%
      0     2   155749.0000    19   156178.0000   155749.0000      433    0.27%
Elapsed time = 0.18 sec. (211.43 ticks, tree = 0.01 MB, solutions = 15)
    300   302   155749.0000    16   156178.0000   155749.0000     1685    0.27%
    301   303   155749.0000    16   156178.0000   155749.0000     1686    0.27%
    302   304   155749.0000    16   156178.0000   155749.0000     1687    0.27%
    303   305   155749.0000    16   156178.0000   155749.0000     1688    0.27%
    304   306   155749.0000    16   156178.0000   155749.0000     1689    0.27%
    305   307   155749.0000    16   156178.0000   155749.0000     1690    0.27%
    306   308   155749.0000    16   156178.0000   155749.0000     1691    0.27%
    307   309   155749.0000    16   156178.0000   155749.0000     1692    0.27%
    308   310   155749.0000    16   156178.0000   155749.0000     1693    0.27%
*   511+  508                       156045.0000   155749.0000             0.19%
    613   568   155749.0000    15   156045.0000   155749.0000     3011    0.19%
Elapsed time = 1.06 sec. (1289.39 ticks, tree = 0.95 MB, solutions = 16)
*   843+  579                       155993.0000   155749.0000             0.16%
*   873+  511                       155984.0000   155749.0000             0.15%
*   903+  476                       155890.0000   155749.0000             0.09%
   1063   557   155749.0000    15   155890.0000   155749.0000     4579    0.09%
   1064   557   155749.0000    15   155890.0000   155749.0000     4582    0.09%
   1065   557   155749.0000    15   155890.0000   155749.0000     4584    0.09%
   1066   557   155749.0000    14   155890.0000   155749.0000     4590    0.09%
   1067   558   155749.0000    15   155890.0000   155749.0000     4595    0.09%
   1068   559   155749.0000    14   155890.0000   155749.0000     4598    0.09%
   1069   560   155749.0000    14   155890.0000   155749.0000     4609    0.09%
   1070   561   155749.0000    14   155890.0000   155749.0000     4616    0.09%
   1071   562   155749.0000    14   155890.0000   155749.0000     4624    0.09%
   1072   563   155749.0000    14   155890.0000   155749.0000     4635    0.09%
Elapsed time = 1.75 sec. (2263.93 ticks, tree = 0.99 MB, solutions = 19)
*  1393+  826                       155853.0000   155749.0000             0.07%
*  1409   831      integral     0   155829.0000   155749.0000     5988    0.05%
   1513   934   155749.0000    14   155829.0000   155749.0000     6554    0.05%
   1514   935   155749.0000    14   155829.0000   155749.0000     6561    0.05%
   1515   936   155749.0000    14   155829.0000   155749.0000     6562    0.05%
   1516   937   155749.0000    14   155829.0000   155749.0000     6568    0.05%
   1517   938   155749.0000    14   155829.0000   155749.0000     6572    0.05%
   1518   939   155749.0000    14   155829.0000   155749.0000     6576    0.05%
   1519   940   155749.0000    14   155829.0000   155749.0000     6579    0.05%
   1520   941   155749.0000    14   155829.0000   155749.0000     6582    0.05%
   1521   942   155749.0000    14   155829.0000   155749.0000     6585    0.05%
   1522   943   155749.0000    13   155829.0000   155749.0000     6588    0.05%
Elapsed time = 2.57 sec. (3288.88 ticks, tree = 1.76 MB, solutions = 21)
*  1669  1067      integral     0   155806.0000   155749.0000     7181    0.04%
   2348  1703   155762.6250    14   155806.0000   155749.0000     9701    0.04%
   2349  1704   155750.0000    15   155806.0000   155749.0000     9703    0.04%
   2350  1705   155750.0000    15   155806.0000   155749.0000     9706    0.04%
   2351  1706   155762.6250    14   155806.0000   155749.0000     9720    0.04%
   2352  1707   155750.0000    16   155806.0000   155749.0000     9723    0.04%
   2353  1708   155750.0000    16   155806.0000   155749.0000     9725    0.04%
   2354  1709   155750.0000    16   155806.0000   155749.0000     9727    0.04%
   2355  1710   155750.0000    15   155806.0000   155749.0000     9735    0.04%
   2356  1711   155750.0000    15   155806.0000   155749.0000     9739    0.04%
   2357  1712   155750.0000    16   155806.0000   155749.0000     9763    0.04%
Elapsed time = 3.30 sec. (4251.25 ticks, tree = 3.27 MB, solutions = 22)
   3681  2987   155781.0000     7   155806.0000   155749.0000    14744    0.04%
   3682  2988   155781.0000     7   155806.0000   155749.0000    14747    0.04%
   3683  2989   155781.0000     8   155806.0000   155749.0000    14750    0.04%
   3684  2990   155781.0000     8   155806.0000   155749.0000    14751    0.04%
   3685  2991   155781.0000     6   155806.0000   155749.0000    14755    0.04%
   3686  2992   155781.0000     6   155806.0000   155749.0000    14756    0.04%
   3687  2993   155781.0000     5   155806.0000   155749.0000    14757    0.04%
   3688  2994   155781.0000     6   155806.0000   155749.0000    14759    0.04%
   3689  2995   155781.0000     6   155806.0000   155749.0000    14761    0.04%
   3690  2995   155802.7500     7   155806.0000   155749.0000    14765    0.04%
Elapsed time = 3.93 sec. (5210.53 ticks, tree = 5.87 MB, solutions = 22)
*  3877  2808      integral     0   155789.0000   155749.0000    15453    0.03%
   5079  3947   155749.0000    15   155789.0000   155749.0000    20206    0.03%
   5080  3948   155749.0000    16   155789.0000   155749.0000    20220    0.03%
   5081  3949   155749.0000    16   155789.0000   155749.0000    20225    0.03%
   5082  3950   155749.0000    15   155789.0000   155749.0000    20237    0.03%
   5083  3951   155749.0000    15   155789.0000   155749.0000    20242    0.03%
   5084  3952   155749.0000    16   155789.0000   155749.0000    20250    0.03%
   5085  3953   155749.0000    15   155789.0000   155749.0000    20252    0.03%
   5086  3954   155749.0000    16   155789.0000   155749.0000    20255    0.03%
   5087  3955   155749.0000    16   155789.0000   155749.0000    20256    0.03%
   5088  3956   155788.0000    13   155789.0000   155749.0000    20260    0.03%
Elapsed time = 4.60 sec. (6170.35 ticks, tree = 7.73 MB, solutions = 23)
*  5469  4119      integral     0   155786.0000   155749.0000    21541    0.02%
   7099  5510   155752.5714    10   155786.0000   155749.0000    25234    0.02%
   7100  5511   155752.5714    10   155786.0000   155749.0000    25235    0.02%
   7101  5512   155752.5714    10   155786.0000   155749.0000    25236    0.02%
   7102  5512   155752.5714    10   155786.0000   155749.0000    25237    0.02%
   7103  5513   155753.0000     9   155786.0000   155749.0000    25238    0.02%
   7104  5514   155753.0000    10   155786.0000   155749.0000    25241    0.02%
   7105  5515   155753.0000    10   155786.0000   155749.0000    25242    0.02%
   7106  5515   155753.5000     9   155786.0000   155749.0000    25245    0.02%
   7107  5516   155754.0000     8   155786.0000   155749.0000    25246    0.02%
   7108  5517   155754.0000     8   155786.0000   155749.0000    25250    0.02%
Elapsed time = 5.20 sec. (7127.62 ticks, tree = 11.13 MB, solutions = 24)
   9236  7230   155769.0000     9   155786.0000   155749.0000    29605    0.02%
   9237  7231   155769.0000     9   155786.0000   155749.0000    29606    0.02%
   9238  7231   155772.6667     8   155786.0000   155749.0000    29607    0.02%
   9239  7232   155773.0000     7   155786.0000   155749.0000    29608    0.02%
   9240  7233   155773.0000     9   155786.0000   155749.0000    29616    0.02%
   9241  7234   155773.0000     9   155786.0000   155749.0000    29617    0.02%
   9242  7235   155773.0000     9   155786.0000   155749.0000    29618    0.02%
   9243  7236   155773.0000     9   155786.0000   155749.0000    29619    0.02%
   9244  7237   155773.0000     9   155786.0000   155749.0000    29620    0.02%
   9245  7238   155782.8000     8   155786.0000   155749.0000    29621    0.02%
Elapsed time = 5.80 sec. (8084.73 ticks, tree = 14.82 MB, solutions = 24)
  10713  8456   155776.0000     8   155786.0000   155749.0000    32100    0.02%
  10714  8457   155768.2857    12   155786.0000   155749.0000    32106    0.02%
  10715  8458   155770.4286    12   155786.0000   155749.0000    32111    0.02%
  10716  8459   155770.4286    12   155786.0000   155749.0000    32112    0.02%
  10717  8460   155770.4286    12   155786.0000   155749.0000    32113    0.02%
  10718  8461   155770.4286    12   155786.0000   155749.0000    32114    0.02%
  10719  8462   155774.5000    10   155786.0000   155749.0000    32115    0.02%
  10720  8462   155774.5000     9   155786.0000   155749.0000    32117    0.02%
  10721  8463   155775.0000     8   155786.0000   155749.0000    32118    0.02%
  10722  8464   155775.0000     9   155786.0000   155749.0000    32125    0.02%
Elapsed time = 6.80 sec. (9327.79 ticks, tree = 17.66 MB, solutions = 24)
  13094 10477   155760.0000     9   155786.0000   155749.0000    36460    0.02%
  13095 10478   155760.0000     8   155786.0000   155749.0000    36462    0.02%
  13096 10479   155760.0000     9   155786.0000   155749.0000    36463    0.02%
  13097 10480   155760.0000     9   155786.0000   155749.0000    36466    0.02%
  13098 10481   155760.0000     9   155786.0000   155749.0000    36467    0.02%
  13099 10482   155760.0000     9   155786.0000   155749.0000    36468    0.02%
  13100 10483   155760.0000     9   155786.0000   155749.0000    36469    0.02%
  13101 10484   155760.0000     9   155786.0000   155749.0000    36470    0.02%
  13102 10485   155760.0000     9   155786.0000   155749.0000    36474    0.02%
* 13274  9470      integral     0   155781.0000   155749.0000    36757    0.02%
* 13276  9366      integral     0   155780.0000   155749.0000    36758    0.02%
  19983 14788   155772.7143    11   155780.0000   155749.0000    48924    0.02%
Elapsed time = 9.15 sec. (13146.07 ticks, tree = 31.17 MB, solutions = 26)
* 26623 16989      integral     0   155774.0000   155749.0000    62070    0.02%
* 26632 14844      integral     0   155772.0000   155749.0000    62082    0.01%
  28822 16690   155770.8000     9   155772.0000   155749.0000    65904    0.01%
  28823 16691   155770.8000     9   155772.0000   155749.0000    65905    0.01%
  28824 16692   155770.8000     9   155772.0000   155749.0000    65906    0.01%
  28825 16693   155770.8000     9   155772.0000   155749.0000    65907    0.01%
  28826 16694   155770.8000     9   155772.0000   155749.0000    65908    0.01%
  28827 16695   155770.8000     9   155772.0000   155749.0000    65909    0.01%
  28828 16696   155770.8000     9   155772.0000   155749.0000    65910    0.01%
  28829 16696   155770.8000     9   155772.0000   155749.0000    65911    0.01%
  28830 16695        cutoff         155772.0000   155749.0000    65914    0.01%
  28831 16696   155759.6000     8   155772.0000   155749.0000    65918    0.01%
Elapsed time = 11.49 sec. (16965.88 ticks, tree = 35.48 MB, solutions = 28)
* 32777 15512      integral     0   155765.0000   155749.0000    72873    0.01%
  37713 19100        cutoff         155765.0000   155749.0000    81487    0.01%
  37714 19099        cutoff         155765.0000   155749.0000    81488    0.01%
  37715 19100   155749.0000    10   155765.0000   155749.0000    81490    0.01%
  37716 19101   155749.0000    10   155765.0000   155749.0000    81491    0.01%
  37717 19102   155749.0000    10   155765.0000   155749.0000    81494    0.01%
  37718 19103   155749.0000     9   155765.0000   155749.0000    81495    0.01%
  37719 19104   155749.0000    10   155765.0000   155749.0000    81496    0.01%
  37720 19105   155749.0000    10   155765.0000   155749.0000    81497    0.01%
  37721 19106   155749.0000    10   155765.0000   155749.0000    81498    0.01%
  37722 19107   155749.0000    10   155765.0000   155749.0000    81499    0.01%
Elapsed time = 13.97 sec. (20784.19 ticks, tree = 40.60 MB, solutions = 29)
* 39437 19199      integral     0   155764.0000   155749.0000    84485    0.01%

Mixed integer rounding cuts applied:  2
Gomory fractional cuts applied:  2

Root node processing (before b&c):
  Real time             =    0.18 sec. (211.83 ticks)
Sequential b&c:
  Real time             =   14.25 sec. (21323.42 ticks)
                          ------------
Total (root+branch&cut) =   14.43 sec. (21535.25 ticks)

Populate: phase II 
Tried aggregator 2 times.
Aggregator did 10 substitutions.
Reduced MIP has 310 rows, 3001 columns, and 6010 nonzeros.
Reduced MIP has 3000 binaries, 0 generals, 0 SOSs, and 0 indicators.
Presolve time = 0.01 sec. (4.91 ticks)
Probing time = 0.00 sec. (1.83 ticks)
Clique table members: 300.
MIP emphasis: balance optimality and feasibility.
MIP search method: dynamic search.
Parallel mode: none, using 1 thread.
Root relaxation solution time = 0.01 sec. (13.74 ticks)

        Nodes                                         Cuts/
   Node  Left     Objective  IInf  Best Integer    Best Bound    ItCnt     Gap

*     0+    0                       155764.0000        0.0000           100.00%
      0     0   155748.2000    19   155764.0000   155748.2000      361    0.01%
      0     2   155749.0000    18   155764.0000   155749.0000      361    0.01%
Elapsed time = 0.21 sec. (208.18 ticks, tree = 0.01 MB, solutions = 51)
      1     3   155749.0000    17   155764.0000   155749.0000      371    0.01%
      2     4   155749.0000    17   155764.0000   155749.0000      385    0.01%
      3     5   155749.0000    17   155764.0000   155749.0000      386    0.01%
      4     6   155749.0000    16   155764.0000   155749.0000      392    0.01%
      5     7   155749.0000    15   155764.0000   155749.0000      395    0.01%
      6     8   155749.0000    14   155764.0000   155749.0000      403    0.01%
      7     9   155749.0000    15   155764.0000   155749.0000      416    0.01%
      8    10   155749.0000    14   155764.0000   155749.0000      420    0.01%
      9    11   155749.0000    14   155764.0000   155749.0000      425    0.01%
     10    12   155749.0000    14   155764.0000   155749.0000      429    0.01%
Elapsed time = 2.73 sec. (2402.30 ticks, tree = 0.02 MB, solutions = 230)
     50    52   155749.0000    15   155764.0000   155749.0000      618    0.01%
     51    53   155749.0000    15   155764.0000   155749.0000      621    0.01%
     52    54   155749.0000    15   155764.0000   155749.0000      627    0.01%
     53    55   155749.0000    14   155764.0000   155749.0000      634    0.01%
     54    56   155749.0000    14   155764.0000   155749.0000      635    0.01%
     55    57   155749.0000    14   155764.0000   155749.0000      639    0.01%
     56    58   155749.0000    14   155764.0000   155749.0000      648    0.01%
     57    59   155749.0000    14   155764.0000   155749.0000      651    0.01%
     58    60   155749.0000    15   155764.0000   155749.0000      659    0.01%
     59    61   155749.0000    14   155764.0000   155749.0000      663    0.01%
Elapsed time = 4.58 sec. (3659.69 ticks, tree = 0.08 MB, solutions = 532)
     96    98   155749.0000    13   155764.0000   155749.0000      853    0.01%
     97    99   155749.0000    14   155764.0000   155749.0000      862    0.01%
     98   100   155749.0000    14   155764.0000   155749.0000      866    0.01%
     99   101   155749.0000    14   155764.0000   155749.0000      872    0.01%
    100   102   155749.0000    14   155764.0000   155749.0000      875    0.01%
    101   103   155749.0000    14   155764.0000   155749.0000      877    0.01%
    102   104   155749.0000    13   155764.0000   155749.0000      881    0.01%
    103   105   155749.0000    13   155764.0000   155749.0000      887    0.01%
    104   106   155749.0000    13   155764.0000   155749.0000      893    0.01%
    105   107   155749.0000    14   155764.0000   155749.0000      908    0.01%
Elapsed time = 6.37 sec. (4876.33 ticks, tree = 0.15 MB, solutions = 800)
    146   148   155749.0000    13   155764.0000   155749.0000     1199    0.01%
    147   149   155749.0000    14   155764.0000   155749.0000     1204    0.01%
    148   150   155749.0000    14   155764.0000   155749.0000     1217    0.01%
    149   151   155749.0000    12   155764.0000   155749.0000     1223    0.01%
    150   152   155749.0000    13   155764.0000   155749.0000     1236    0.01%
    151   153   155749.0000    14   155764.0000   155749.0000     1241    0.01%
    152   154   155749.0000    13   155764.0000   155749.0000     1247    0.01%
    153   155   155749.0000    14   155764.0000   155749.0000     1255    0.01%
    154   156   155749.0000    12   155764.0000   155749.0000     1276    0.01%
    155   157   155749.0000    15   155764.0000   155749.0000     1287    0.01%
Elapsed time = 8.17 sec. (6112.41 ticks, tree = 0.23 MB, solutions = 1116)
    197   199   155749.0000    15   155764.0000   155749.0000     1491    0.01%
    198   200   155749.0000    13   155764.0000   155749.0000     1493    0.01%
    199   201   155749.0000    14   155764.0000   155749.0000     1499    0.01%
    200   202   155749.0000    14   155764.0000   155749.0000     1507    0.01%
    201   203   155749.0000    13   155764.0000   155749.0000     1514    0.01%
    202   204   155749.0000    12   155764.0000   155749.0000     1520    0.01%
    203   205   155749.0000    14   155764.0000   155749.0000     1525    0.01%
    204   206   155749.0000    13   155764.0000   155749.0000     1531    0.01%
    205   207   155749.0000    14   155764.0000   155749.0000     1543    0.01%
    206   208   155749.0000    12   155764.0000   155749.0000     1548    0.01%
Elapsed time = 9.94 sec. (7303.77 ticks, tree = 0.31 MB, solutions = 1412)
    248   250   155749.0000    13   155764.0000   155749.0000     1797    0.01%
    249   251   155749.0000    13   155764.0000   155749.0000     1810    0.01%
    250   252   155749.0000    13   155764.0000   155749.0000     1813    0.01%
    251   253   155749.0000    15   155764.0000   155749.0000     1825    0.01%
    252   254   155749.0000    13   155764.0000   155749.0000     1829    0.01%
    253   255   155749.0000    12   155764.0000   155749.0000     1833    0.01%
    254   256   155749.0000    14   155764.0000   155749.0000     1843    0.01%
    255   257   155749.0000    12   155764.0000   155749.0000     1846    0.01%
    256   258   155749.0000    12   155764.0000   155749.0000     1849    0.01%
    257   259   155749.0000    12   155764.0000   155749.0000     1857    0.01%
Elapsed time = 11.76 sec. (8524.90 ticks, tree = 0.41 MB, solutions = 1683)
*   283+  283                       155761.0000   155749.0000             0.01%
    301   303   155749.0000    15   155761.0000   155749.0000     2148    0.01%
    302   304   155749.0000    15   155761.0000   155749.0000     2153    0.01%
    303   305   155749.0000    14   155761.0000   155749.0000     2161    0.01%
    304   306   155749.0000    14   155761.0000   155749.0000     2163    0.01%
    305   307   155749.0000    14   155761.0000   155749.0000     2168    0.01%
    306   308   155749.0000    13   155761.0000   155749.0000     2178    0.01%
    307   309   155749.0000    15   155761.0000   155749.0000     2187    0.01%
    308   310   155749.0000    14   155761.0000   155749.0000     2190    0.01%
    309   311   155749.0000    15   155761.0000   155749.0000     2193    0.01%
    310   312   155749.0000    15   155761.0000   155749.0000     2198    0.01%
Elapsed time = 13.52 sec. (9708.88 ticks, tree = 0.51 MB, solutions = 1951)

Root node processing (before b&c):
  Real time             =    0.24 sec. (248.96 ticks)
Sequential b&c:
  Real time             =   13.85 sec. (9855.35 ticks)
                          ------------
Total (root+branch&cut) =   14.09 sec. (10104.31 ticks)
