Found incumbent of value 96928.000000 after 0.00 sec. (0.08 ticks)
Tried aggregator 2 times.
Aggregator did 10 substitutions.
Reduced MIP has 110 rows, 1001 columns, and 2010 nonzeros.
Reduced MIP has 1000 binaries, 0 generals, 0 SOSs, and 0 indicators.
Presolve time = 0.00 sec. (1.92 ticks)
Probing time = 0.00 sec. (1.58 ticks)
Cover probing fixed 0 vars, tightened 4 bounds.
Tried aggregator 1 time.
Reduced MIP has 110 rows, 1001 columns, and 2010 nonzeros.
Reduced MIP has 1000 binaries, 1 generals, 0 SOSs, and 0 indicators.
Presolve time = 0.00 sec. (1.26 ticks)
Probing time = 0.00 sec. (0.88 ticks)
Clique table members: 100.
MIP emphasis: balance optimality and feasibility.
MIP search method: dynamic search.
Parallel mode: none, using 1 thread.
Root relaxation solution time = 0.00 sec. (3.31 ticks)

        Nodes                                         Cuts/
   Node  Left     Objective  IInf  Best Integer    Best Bound    ItCnt     Gap

*     0+    0                        96928.0000     1663.0000            98.28%
      0     0     9692.8000    19    96928.0000     9692.8000      163   90.00%
*     0+    0                        10182.0000     9692.8000             4.80%
      0     0     9693.0000    19    10182.0000       Cuts: 7      186    4.80%
*     0+    0                        10167.0000     9693.0000             4.66%
      0     0     9693.0000    20    10167.0000      Cuts: 16      215    4.66%
*     0+    0                        10147.0000     9693.0000             4.47%
      0     0     9693.0000    26    10147.0000      Cuts: 11      246    4.47%
*     0+    0                        10078.0000     9693.0000             3.82%
*     0+    0                        10049.0000     9693.0000             3.54%
*     0+    0                        10023.0000     9693.0000             3.29%
*     0+    0                         9936.0000     9693.0000             2.45%
*     0+    0                         9908.0000     9693.0000             2.17%
*     0+    0                         9897.0000     9693.0000             2.06%
*     0+    0                         9886.0000     9693.0000             1.95%
      0     2     9693.0000    16     9886.0000     9693.0000      250    1.95%
Elapsed time = 0.06 sec. (58.64 ticks, tree = 0.01 MB, solutions = 11)
*    50+   50                         9869.0000     9693.0000             1.78%
*    60+   58                         9836.0000     9693.0000             1.45%
*    70+   68                         9817.0000     9693.0000             1.26%
*   110+  108                         9795.0000     9693.0000             1.04%
*   190+  188                         9767.0000     9693.0000             0.76%
*   240+  238                         9742.0000     9693.0000             0.50%
*   376+  362                         9722.0000     9693.0000             0.30%
    491   479     9693.0000    14     9722.0000     9693.0000     2470    0.30%
    492   480     9693.0000    20     9722.0000     9693.0000     2698    0.30%
    493   480     9693.0000    21     9722.0000     9693.0000     2710    0.30%
    494   481     9693.0000    18     9722.0000     9693.0000     2713    0.30%
    495   482     9693.0000    17     9722.0000     9693.0000     2718    0.30%
    496   483     9693.0000    17     9722.0000     9693.0000     2720    0.30%
    497   483     9693.0000    17     9722.0000     9693.0000     2727    0.30%
    498   484     9693.0000    20     9722.0000     9693.0000     2739    0.30%
    499   484     9693.0000    20     9722.0000     9693.0000     2742    0.30%
   1506   798     9707.0000    10     9722.0000     9693.0000     5961    0.30%
Elapsed time = 0.96 sec. (1012.37 ticks, tree = 0.56 MB, solutions = 18)
*  2887  1867      integral     0     9719.0000     9693.0000     9018    0.27%
*  2892+ 1637                         9715.0000     9693.0000             0.23%
*  2992+ 1719                         9714.0000     9693.0000             0.22%
*  3292+ 1564                         9712.0000     9693.0000             0.20%
*  3308  1313      integral     0     9711.0000     9693.0000     9965    0.19%
   4572  2376     9707.0000     9     9711.0000     9693.0000    12616    0.19%
   4573  2377     9707.0000     9     9711.0000     9693.0000    12617    0.19%
   4574  2378     9707.0000    10     9711.0000     9693.0000    12624    0.19%
   4575  2379     9707.0000    10     9711.0000     9693.0000    12625    0.19%
   4576  2380     9707.0000    10     9711.0000     9693.0000    12626    0.19%
   4577  2381     9707.0000    10     9711.0000     9693.0000    12627    0.19%
   4578  2382     9707.0000     9     9711.0000     9693.0000    12628    0.19%
   4579  2383     9707.0000    10     9711.0000     9693.0000    12629    0.19%
   4580  2384     9707.0000    10     9711.0000     9693.0000    12630    0.19%
   4581  2385     9707.0000    10     9711.0000     9693.0000    12631    0.19%
Elapsed time = 1.89 sec. (1967.50 ticks, tree = 1.69 MB, solutions = 23)
   9377  6493     9708.0000    10     9711.0000     9693.0000    22918    0.19%
   9378  6494     9708.0000    11     9711.0000     9693.0000    22919    0.19%
   9379  6495     9708.0000    10     9711.0000     9693.0000    22922    0.19%
   9380  6496     9708.0000     9     9711.0000     9693.0000    22923    0.19%
   9381  6497     9708.0000    10     9711.0000     9693.0000    22924    0.19%
   9382  6498     9708.0000    10     9711.0000     9693.0000    22929    0.19%
   9383  6497        cutoff           9711.0000     9693.0000    22932    0.19%
   9384  6498     9708.0000    10     9711.0000     9693.0000    22935    0.19%
   9385  6499     9708.0000    10     9711.0000     9693.0000    22937    0.19%
   9386  6500     9708.0000    10     9711.0000     9693.0000    22939    0.19%
Elapsed time = 2.61 sec. (2922.81 ticks, tree = 4.52 MB, solutions = 23)
  13653 10133     9710.0000    10     9711.0000     9693.0000    32060    0.19%
  13654 10134     9710.0000    11     9711.0000     9693.0000    32061    0.19%
  13655 10135     9710.0000    11     9711.0000     9693.0000    32062    0.19%
  13656 10136     9710.0000    11     9711.0000     9693.0000    32063    0.19%
  13657 10137     9710.0000    11     9711.0000     9693.0000    32066    0.19%
  13658 10138     9710.0000    11     9711.0000     9693.0000    32067    0.19%
  13659 10139     9710.0000    12     9711.0000     9693.0000    32068    0.19%
  13660 10140     9710.0000    11     9711.0000     9693.0000    32070    0.19%
  13661 10141     9710.0000    12     9711.0000     9693.0000    32072    0.19%
  13662 10142     9710.0000    12     9711.0000     9693.0000    32073    0.19%
Elapsed time = 3.42 sec. (3877.63 ticks, tree = 7.14 MB, solutions = 23)
  19810 15220     9710.0000     9     9711.0000     9693.0000    47139    0.19%
  19811 15221     9710.0000    11     9711.0000     9693.0000    47143    0.19%
  19812 15222     9710.0000     9     9711.0000     9693.0000    47144    0.19%
  19813 15223     9710.0000     9     9711.0000     9693.0000    47147    0.19%
  19814 15224     9710.0000     8     9711.0000     9693.0000    47151    0.19%
  19815 15225     9710.0000    10     9711.0000     9693.0000    47156    0.19%
  19816 15226     9710.0000    10     9711.0000     9693.0000    47158    0.19%
  19817 15227     9710.0000    10     9711.0000     9693.0000    47159    0.19%
  19818 15228     9710.0000    10     9711.0000     9693.0000    47160    0.19%
  19819 15229     9710.0000    10     9711.0000     9693.0000    47161    0.19%
Elapsed time = 4.13 sec. (4832.57 ticks, tree = 10.48 MB, solutions = 23)
* 20974 13900      integral     0     9710.0000     9693.0000    49981    0.18%
  26306 18366     9704.0000    12     9710.0000     9693.0000    61937    0.18%
  26307 18367     9704.0000    12     9710.0000     9693.0000    61939    0.18%
  26308 18368     9704.0000    12     9710.0000     9693.0000    61941    0.18%
  26309 18369     9704.0000    11     9710.0000     9693.0000    61948    0.18%
  26310 18370     9704.0000    11     9710.0000     9693.0000    61950    0.18%
  26311 18371     9704.0000    10     9710.0000     9693.0000    61952    0.18%
  26312 18372     9704.0000    10     9710.0000     9693.0000    61954    0.18%
  26313 18373     9704.0000    11     9710.0000     9693.0000    61958    0.18%
  26314 18374     9704.0000    11     9710.0000     9693.0000    61960    0.18%
  26315 18374     9704.0000    11     9710.0000     9693.0000    61962    0.18%
Elapsed time = 4.85 sec. (5787.35 ticks, tree = 12.97 MB, solutions = 24)
* 29248 17065      integral     0     9708.0000     9693.0000    67538    0.15%
* 32251 15186      integral     0     9706.0000     9693.0000    72844    0.13%
  33147 15858        cutoff           9706.0000     9693.0000    74470    0.13%
  33148 15857    infeasible           9706.0000     9693.0000    74470    0.13%
  33149 15856    infeasible           9706.0000     9693.0000    74470    0.13%
  33150 15855    infeasible           9706.0000     9693.0000    74470    0.13%
  33151 15854    infeasible           9706.0000     9693.0000    74470    0.13%
  33152 15855     9704.0000    15     9706.0000     9693.0000    74475    0.13%
  33153 15855     9704.0000    15     9706.0000     9693.0000    74476    0.13%
  33154 15854        cutoff           9706.0000     9693.0000    74478    0.13%
  33155 15853    infeasible           9706.0000     9693.0000    74478    0.13%
  33156 15853     9702.7778    17     9706.0000     9693.0000    74482    0.13%
Elapsed time = 5.56 sec. (6742.01 ticks, tree = 11.26 MB, solutions = 26)
  40033 21616     9698.1429    13     9706.0000     9693.0000    86921    0.13%
  40034 21617     9698.1429    13     9706.0000     9693.0000    86922    0.13%
  40035 21618     9698.1429    13     9706.0000     9693.0000    86923    0.13%
  40036 21619     9698.1429    13     9706.0000     9693.0000    86924    0.13%
  40037 21620     9698.1429    13     9706.0000     9693.0000    86925    0.13%
  40038 21621     9698.1429    13     9706.0000     9693.0000    86926    0.13%
  40039 21622     9699.0000    10     9706.0000     9693.0000    86927    0.13%
  40040 21623     9699.0000     9     9706.0000     9693.0000    86930    0.13%
  40041 21624     9699.0000     9     9706.0000     9693.0000    86931    0.13%
  40042 21625     9699.0000     9     9706.0000     9693.0000    86932    0.13%
Elapsed time = 6.27 sec. (7696.99 ticks, tree = 15.06 MB, solutions = 26)
  46674 26752     9700.6250    15     9706.0000     9693.0000    98624    0.13%
  46675 26753     9700.6250    15     9706.0000     9693.0000    98625    0.13%
  46676 26754     9701.4286    13     9706.0000     9693.0000    98631    0.13%
  46677 26755     9701.4286    13     9706.0000     9693.0000    98632    0.13%
  46678 26756     9701.4286    13     9706.0000     9693.0000    98633    0.13%
  46679 26757     9701.4286    12     9706.0000     9693.0000    98634    0.13%
  46680 26758     9701.4286    13     9706.0000     9693.0000    98635    0.13%
  46681 26759     9701.4286    13     9706.0000     9693.0000    98637    0.13%
  46682 26760     9701.4286    13     9706.0000     9693.0000    98638    0.13%
  46683 26761     9702.8333    11     9706.0000     9693.0000    98639    0.13%
Elapsed time = 6.98 sec. (8651.83 ticks, tree = 18.45 MB, solutions = 26)
  52119 30695     9697.0000     9     9706.0000     9693.0000   108751    0.13%
  52120 30696     9697.0000     9     9706.0000     9693.0000   108753    0.13%
  52121 30697     9697.0000     9     9706.0000     9693.0000   108756    0.13%
  52122 30696        cutoff           9706.0000     9693.0000   108758    0.13%
  52123 30695        cutoff           9706.0000     9693.0000   108761    0.13%
  52124 30694    infeasible           9706.0000     9693.0000   108761    0.13%
  52125 30693    infeasible           9706.0000     9693.0000   108761    0.13%
  52126 30694     9699.3750    15     9706.0000     9693.0000   108764    0.13%
  52127 30695     9699.3750    15     9706.0000     9693.0000   108765    0.13%
  69493 44891     9702.5000    14     9706.0000     9693.0000   145385    0.13%
Elapsed time = 9.96 sec. (12466.62 ticks, tree = 31.25 MB, solutions = 26)
  92449 62510     9701.0000    15     9706.0000     9693.0000   193422    0.13%
  92450 62511     9702.0000    13     9706.0000     9693.0000   193423    0.13%
  92451 62512     9702.0000    13     9706.0000     9693.0000   193424    0.13%
  92452 62513     9702.0000    13     9706.0000     9693.0000   193425    0.13%
  92453 62514     9702.0000    13     9706.0000     9693.0000   193426    0.13%
  92454 62513        cutoff           9706.0000     9693.0000   193428    0.13%
  92455 62514     9704.7143    13     9706.0000     9693.0000   193431    0.13%
  92456 62514     9704.7143    13     9706.0000     9693.0000   193432    0.13%
  92457 62513        cutoff           9706.0000     9693.0000   193435    0.13%
  92458 62514     9701.5556    16     9706.0000     9693.0000   193442    0.13%
Elapsed time = 12.95 sec. (16283.30 ticks, tree = 42.75 MB, solutions = 26)
 114223 79581    infeasible           9706.0000     9693.0000   237568    0.13%
 114224 79582     9697.5000    14     9706.0000     9693.0000   237571    0.13%
 114225 79583     9697.5000    14     9706.0000     9693.0000   237572    0.13%
 114226 79584     9697.5000    14     9706.0000     9693.0000   237573    0.13%
 114227 79585     9697.5000    14     9706.0000     9693.0000   237574    0.13%
 114228 79586     9697.5000    14     9706.0000     9693.0000   237575    0.13%
 114229 79587     9697.5000    13     9706.0000     9693.0000   237578    0.13%
 114230 79588     9697.5000    14     9706.0000     9693.0000   237580    0.13%
 114231 79589     9697.5000    14     9706.0000     9693.0000   237583    0.13%
 114232 79590     9697.5000    14     9706.0000     9693.0000   237584    0.13%
Elapsed time = 15.97 sec. (20099.49 ticks, tree = 55.89 MB, solutions = 26)
*132492+52677                         9702.0000     9693.0000             0.09%
 135467 54707     9693.3750    19     9702.0000     9693.0000   288757    0.09%
 135468 54708     9693.3750    19     9702.0000     9693.0000   288758    0.09%
 135469 54709     9693.3750    15     9702.0000     9693.0000   288761    0.09%
 135470 54708    infeasible           9702.0000     9693.0000   288761    0.09%
 135471 54708     9693.3750    16     9702.0000     9693.0000   288767    0.09%
 135472 54707        cutoff           9702.0000     9693.0000   288769    0.09%
 135473 54706        cutoff           9702.0000     9693.0000   288771    0.09%
 135474 54707     9697.7500    19     9702.0000     9693.0000   288790    0.09%
 135475 54708     9697.7500    17     9702.0000     9693.0000   288791    0.09%
 135476 54707    infeasible           9702.0000     9693.0000   288791    0.09%
Elapsed time = 19.09 sec. (23919.90 ticks, tree = 39.50 MB, solutions = 27)
 152925 65073     9694.0000    16     9702.0000     9693.0000   334537    0.09%
 152926 65074     9694.1250    15     9702.0000     9693.0000   334538    0.09%
 152927 65075     9694.1250    15     9702.0000     9693.0000   334539    0.09%
 152928 65076     9699.5714    13     9702.0000     9693.0000   334540    0.09%
 152929 65077     9699.5714    13     9702.0000     9693.0000   334542    0.09%
 152930 65078     9699.5714    13     9702.0000     9693.0000   334543    0.09%
 152931 65079     9699.5714    13     9702.0000     9693.0000   334544    0.09%
 152932 65078        cutoff           9702.0000     9693.0000   334548    0.09%
 152933 65079     9699.5714    13     9702.0000     9693.0000   334550    0.09%
 152934 65080     9699.5714    13     9702.0000     9693.0000   334552    0.09%
Elapsed time = 22.29 sec. (27736.24 ticks, tree = 46.37 MB, solutions = 27)
 172118 77446        cutoff           9702.0000     9693.0000   375994    0.09%
 172119 77445        cutoff           9702.0000     9693.0000   375997    0.09%
 172120 77444        cutoff           9702.0000     9693.0000   375999    0.09%
 172121 77445     9693.0000    14     9702.0000     9693.0000   376002    0.09%
 172122 77446     9693.0000    14     9702.0000     9693.0000   376007    0.09%
 172123 77447     9693.0000    15     9702.0000     9693.0000   376009    0.09%
 172124 77448     9693.0000    15     9702.0000     9693.0000   376011    0.09%
 172125 77449     9693.0000    14     9702.0000     9693.0000   376012    0.09%
 172126 77450     9693.0000    15     9702.0000     9693.0000   376013    0.09%
 172127 77451     9693.0000    15     9702.0000     9693.0000   376014    0.09%
Elapsed time = 25.34 sec. (31554.04 ticks, tree = 54.32 MB, solutions = 27)
*173792+65374                         9701.0000     9693.0000             0.08%
*173892+56499                         9700.0000     9693.0000             0.07%
 193863 72306     9694.1111    15     9700.0000     9693.0000   426353    0.07%
 193864 72306     9694.1111    15     9700.0000     9693.0000   426354    0.07%
 193865 72305        cutoff           9700.0000     9693.0000   426355    0.07%
 193866 72306     9693.0000    15     9700.0000     9693.0000   426364    0.07%
 193867 72307     9693.0000    13     9700.0000     9693.0000   426370    0.07%
 193868 72308     9693.0000    14     9700.0000     9693.0000   426371    0.07%
 193869 72309     9697.1111    16     9700.0000     9693.0000   426382    0.07%
 193870 72310     9693.0000    14     9700.0000     9693.0000   426383    0.07%
 193871 72311     9693.0000    14     9700.0000     9693.0000   426386    0.07%
 193872 72312     9693.0000    14     9700.0000     9693.0000   426390    0.07%
Elapsed time = 28.54 sec. (35371.28 ticks, tree = 50.65 MB, solutions = 29)
 215392 88993     9693.0000    14     9700.0000     9693.0000   474220    0.07%
 215393 88994     9693.0000    14     9700.0000     9693.0000   474222    0.07%
 215394 88995     9693.0000    14     9700.0000     9693.0000   474224    0.07%
 215395 88996     9693.0000    15     9700.0000     9693.0000   474228    0.07%
 215396 88997     9693.0000    16     9700.0000     9693.0000   474229    0.07%
 215397 88998     9693.0000    16     9700.0000     9693.0000   474231    0.07%
 215398 88999     9693.7778    15     9700.0000     9693.0000   474233    0.07%
 215399 89000     9693.7778    15     9700.0000     9693.0000   474235    0.07%
 215400 89001     9693.7778    16     9700.0000     9693.0000   474237    0.07%
 215401 89002     9693.7778    16     9700.0000     9693.0000   474238    0.07%
Elapsed time = 31.65 sec. (39187.43 ticks, tree = 61.39 MB, solutions = 29)
 235955 103750     9699.0000     8     9700.0000     9693.0000   519096    0.07%
 235956 103751     9699.0000     8     9700.0000     9693.0000   519097    0.07%
 235957 103752     9699.0000     8     9700.0000     9693.0000   519098    0.07%
 235958 103753     9699.0000     8     9700.0000     9693.0000   519099    0.07%
 235959 103754     9699.0000     8     9700.0000     9693.0000   519101    0.07%
 235960 103754     9699.0000     8     9700.0000     9693.0000   519103    0.07%
 235961 103755     9699.0000     8     9700.0000     9693.0000   519105    0.07%
 235962 103754    infeasible           9700.0000     9693.0000   519106    0.07%
 235963 103753    infeasible           9700.0000     9693.0000   519108    0.07%
 235964 103754     9693.0000    17     9700.0000     9693.0000   519114    0.07%
Elapsed time = 34.74 sec. (43005.58 ticks, tree = 70.93 MB, solutions = 29)
 256376 118241     9697.0000    11     9700.0000     9693.0000   565125    0.07%
 256377 118242     9697.0000    11     9700.0000     9693.0000   565128    0.07%
 256378 118243     9697.0000     9     9700.0000     9693.0000   565129    0.07%
 256379 118244     9697.0000     9     9700.0000     9693.0000   565131    0.07%
 256380 118245     9697.0000     9     9700.0000     9693.0000   565132    0.07%
 256381 118246     9697.0000     9     9700.0000     9693.0000   565133    0.07%
 256382 118247     9697.0000     9     9700.0000     9693.0000   565134    0.07%
 256383 118248     9697.0000     8     9700.0000     9693.0000   565135    0.07%
 256384 118249     9697.0000     9     9700.0000     9693.0000   565136    0.07%
 256385 118250     9697.0000     9     9700.0000     9693.0000   565137    0.07%
Elapsed time = 37.86 sec. (46821.50 ticks, tree = 80.29 MB, solutions = 29)
 277322 133523     9697.8571    13     9700.0000     9693.0000   613372    0.07%
 277323 133524     9697.8571    13     9700.0000     9693.0000   613374    0.07%
 277324 133525     9697.8571    12     9700.0000     9693.0000   613375    0.07%
 277325 133526     9697.8571    13     9700.0000     9693.0000   613377    0.07%
 277326 133527     9697.8571    13     9700.0000     9693.0000   613380    0.07%
 277327 133528     9697.8571    13     9700.0000     9693.0000   613381    0.07%
 277328 133529     9697.8571    13     9700.0000     9693.0000   613382    0.07%
 277329 133530     9697.8571    12     9700.0000     9693.0000   613383    0.07%
 277330 133531     9697.8571    13     9700.0000     9693.0000   613385    0.07%
 277331 133532     9697.8571    13     9700.0000     9693.0000   613386    0.07%
Elapsed time = 40.83 sec. (50637.65 ticks, tree = 91.83 MB, solutions = 29)
 298930 150478     9694.5714    12     9700.0000     9693.0000   659207    0.07%
 298931 150479     9694.5714    11     9700.0000     9693.0000   659208    0.07%
 298932 150480     9694.5714    12     9700.0000     9693.0000   659210    0.07%
 298933 150481     9694.5714    12     9700.0000     9693.0000   659211    0.07%
 298934 150482     9694.5714    12     9700.0000     9693.0000   659212    0.07%
 298935 150483     9694.5714    12     9700.0000     9693.0000   659213    0.07%
 298936 150484     9694.5714    12     9700.0000     9693.0000   659215    0.07%
 298937 150485     9694.5714    12     9700.0000     9693.0000   659216    0.07%
 298938 150486     9694.5714    12     9700.0000     9693.0000   659217    0.07%
 298939 150487     9694.5714    12     9700.0000     9693.0000   659218    0.07%
Elapsed time = 43.80 sec. (54453.68 ticks, tree = 102.75 MB, solutions = 29)
 320162 166969     9693.0000    15     9700.0000     9693.0000   701900    0.07%
 320163 166970     9693.0000    14     9700.0000     9693.0000   701903    0.07%
 320164 166971     9693.0000    14     9700.0000     9693.0000   701904    0.07%
 320165 166972     9693.0000    16     9700.0000     9693.0000   701912    0.07%
 320166 166973     9693.0000    16     9700.0000     9693.0000   701919    0.07%
 320167 166973     9694.1111    16     9700.0000     9693.0000   701928    0.07%
 320168 166972        cutoff           9700.0000     9693.0000   701933    0.07%
 320169 166973     9693.0000    14     9700.0000     9693.0000   701937    0.07%
 320170 166974     9693.0000    15     9700.0000     9693.0000   701941    0.07%
 320171 166975     9697.1111    15     9700.0000     9693.0000   701953    0.07%
Elapsed time = 46.70 sec. (58270.91 ticks, tree = 114.47 MB, solutions = 29)
 340046 181847     9693.0000    15     9700.0000     9693.0000   745298    0.07%
 340047 181848     9698.4444    14     9700.0000     9693.0000   745299    0.07%
 340048 181849     9698.4444    15     9700.0000     9693.0000   745304    0.07%
 340049 181850     9698.4444    16     9700.0000     9693.0000   745305    0.07%
 340050 181851     9698.4444    16     9700.0000     9693.0000   745306    0.07%
 340051 181852     9698.4444    15     9700.0000     9693.0000   745311    0.07%
 340052 181853     9698.4444    16     9700.0000     9693.0000   745312    0.07%
 340053 181852        cutoff           9700.0000     9693.0000   745313    0.07%
 340054 181851        cutoff           9700.0000     9693.0000   745315    0.07%
 340055 181852     9693.0000    15     9700.0000     9693.0000   745330    0.07%
Elapsed time = 49.73 sec. (62087.80 ticks, tree = 124.04 MB, solutions = 29)
 362246 199380        cutoff           9700.0000     9693.0000   790669    0.07%
 362247 199381     9693.0000    15     9700.0000     9693.0000   790677    0.07%
 362248 199382     9693.0000    15     9700.0000     9693.0000   790679    0.07%
 362249 199383     9693.0000    17     9700.0000     9693.0000   790697    0.07%
 362250 199384     9693.0000    16     9700.0000     9693.0000   790698    0.07%
 362251 199385     9698.1111    15     9700.0000     9693.0000   790699    0.07%
 362252 199386     9698.1111    16     9700.0000     9693.0000   790700    0.07%
 362253 199387     9698.1111    15     9700.0000     9693.0000   790701    0.07%
 362254 199388     9698.1111    16     9700.0000     9693.0000   790702    0.07%
 362255 199389     9698.1111    16     9700.0000     9693.0000   790703    0.07%
Elapsed time = 52.72 sec. (65904.09 ticks, tree = 136.58 MB, solutions = 29)
 383496 215560        cutoff           9700.0000     9693.0000   837349    0.07%
 383497 215561     9693.0000    16     9700.0000     9693.0000   837352    0.07%
 383498 215560        cutoff           9700.0000     9693.0000   837355    0.07%
 383499 215559        cutoff           9700.0000     9693.0000   837361    0.07%
 383500 215560     9693.0000    14     9700.0000     9693.0000   837375    0.07%
 383501 215561     9693.0000    14     9700.0000     9693.0000   837380    0.07%
 383502 215562     9693.0000    15     9700.0000     9693.0000   837383    0.07%
 383503 215563     9693.0000    15     9700.0000     9693.0000   837387    0.07%
 383504 215564     9693.0000    15     9700.0000     9693.0000   837392    0.07%
 383505 215565     9693.0000    15     9700.0000     9693.0000   837393    0.07%
Elapsed time = 55.72 sec. (69720.33 ticks, tree = 147.00 MB, solutions = 29)
 404417 230312     9693.0000    13     9700.0000     9693.0000   886301    0.07%
 404418 230313     9693.0000    14     9700.0000     9693.0000   886303    0.07%
 404419 230314     9693.0000    13     9700.0000     9693.0000   886307    0.07%
 404420 230315     9693.0000    13     9700.0000     9693.0000   886308    0.07%
 404421 230316     9693.0000    14     9700.0000     9693.0000   886312    0.07%
 404422 230317     9693.0000    14     9700.0000     9693.0000   886317    0.07%
 404423 230318     9693.0000    14     9700.0000     9693.0000   886321    0.07%
 404424 230319     9693.0000    14     9700.0000     9693.0000   886325    0.07%
 404425 230320     9693.0000    14     9700.0000     9693.0000   886326    0.07%
 404426 230321     9693.0000    15     9700.0000     9693.0000   886332    0.07%
Elapsed time = 59.07 sec. (73536.69 ticks, tree = 158.11 MB, solutions = 29)
 426822 248224     9693.0000    16     9700.0000     9693.0000   931572    0.07%
 426823 248225     9693.0000    16     9700.0000     9693.0000   931574    0.07%
 426824 248226     9693.0000    16     9700.0000     9693.0000   931575    0.07%
 426825 248227     9693.0000    17     9700.0000     9693.0000   931576    0.07%
 426826 248228     9693.0000    17     9700.0000     9693.0000   931581    0.07%
 426827 248229     9693.0000    17     9700.0000     9693.0000   931584    0.07%
 426828 248230     9695.5556    16     9700.0000     9693.0000   931586    0.07%
 426829 248231     9695.5556    15     9700.0000     9693.0000   931588    0.07%
 426830 248230        cutoff           9700.0000     9693.0000   931589    0.07%
 426831 248229        cutoff           9700.0000     9693.0000   931590    0.07%
Elapsed time = 62.45 sec. (77352.68 ticks, tree = 169.68 MB, solutions = 29)
 447586 264210     9697.0000    10     9700.0000     9693.0000   975503    0.07%
 447587 264211     9697.0000    10     9700.0000     9693.0000   975506    0.07%
 447588 264212     9697.0000    10     9700.0000     9693.0000   975508    0.07%
 447589 264213     9697.0000     9     9700.0000     9693.0000   975510    0.07%
 447590 264214     9699.0000     7     9700.0000     9693.0000   975510    0.07%
 447591 264215     9699.0000     7     9700.0000     9693.0000   975512    0.07%
 447592 264216     9699.0000     8     9700.0000     9693.0000   975520    0.07%
 447593 264217     9699.0000     8     9700.0000     9693.0000   975521    0.07%
 447594 264218     9699.0000     7     9700.0000     9693.0000   975522    0.07%
 447595 264219     9699.0000     8     9700.0000     9693.0000   975523    0.07%
Elapsed time = 66.56 sec. (81168.79 ticks, tree = 180.03 MB, solutions = 29)
*456392+160567                         9698.0000     9693.0000             0.05%
*456401 127830      integral     0     9697.0000     9693.0000   993964    0.04%
 466434 130345     9693.0000     6     9697.0000     9693.0000  1011682    0.04%
 466435 130346     9694.7500     7     9697.0000     9693.0000  1011687    0.04%
 466436 130347     9694.7500     7     9697.0000     9693.0000  1011688    0.04%
 466437 130348     9694.7500     7     9697.0000     9693.0000  1011689    0.04%
 466438 130348     9695.3333     5     9697.0000     9693.0000  1011690    0.04%
 466439 130349     9696.0000     4     9697.0000     9693.0000  1011691    0.04%
 466440 130350     9696.0000     4     9697.0000     9693.0000  1011692    0.04%
 466441 130351     9696.0000     4     9697.0000     9693.0000  1011693    0.04%
 466442 130352     9696.0000     4     9697.0000     9693.0000  1011694    0.04%
 466443 130353     9696.0000     3     9697.0000     9693.0000  1011697    0.04%
Elapsed time = 71.22 sec. (84984.81 ticks, tree = 93.31 MB, solutions = 31)
*476666     1      integral     0     9693.0000     9693.0000  1029135    0.00%

Cover cuts applied:  10
Mixed integer rounding cuts applied:  9
Lift and project cuts applied:  1
Gomory fractional cuts applied:  2

Root node processing (before b&c):
  Real time             =    0.07 sec. (59.04 ticks)
Sequential b&c:
  Real time             =   73.91 sec. (87224.90 ticks)
                          ------------
Total (root+branch&cut) =   73.97 sec. (87283.94 ticks)

Populate: phase II 
Tried aggregator 2 times.
Aggregator did 10 substitutions.
Reduced MIP has 110 rows, 1001 columns, and 2010 nonzeros.
Reduced MIP has 1000 binaries, 0 generals, 0 SOSs, and 0 indicators.
Presolve time = 0.00 sec. (1.92 ticks)
Probing time = 0.00 sec. (1.58 ticks)
Cover probing fixed 0 vars, tightened 4 bounds.
Clique table members: 100.
MIP emphasis: balance optimality and feasibility.
MIP search method: dynamic search.
Parallel mode: none, using 1 thread.
Root relaxation solution time = 0.00 sec. (3.31 ticks)

        Nodes                                         Cuts/
   Node  Left     Objective  IInf  Best Integer    Best Bound    ItCnt     Gap

*     0+    0                         9693.0000        0.0000           100.00%
      0     0     9692.8000    19     9693.0000     9692.8000      163    0.00%
      0     2     9693.0000    18     9693.0000     9693.0000      163    0.00%
Elapsed time = 0.15 sec. (72.59 ticks, tree = 0.01 MB, solutions = 57)
     14    16     9693.0000    16     9693.0000     9693.0000      253    0.00%
     15    17     9693.0000    15     9693.0000     9693.0000      255    0.00%
     16    18     9693.0000    16     9693.0000     9693.0000      257    0.00%
     17    19     9693.0000    14     9693.0000     9693.0000      261    0.00%
     18    20     9693.0000    13     9693.0000     9693.0000      266    0.00%
     19    21     9693.0000    16     9693.0000     9693.0000      278    0.00%
     20    22     9693.0000    14     9693.0000     9693.0000      280    0.00%
     21    23     9693.0000    13     9693.0000     9693.0000      286    0.00%
     22    24     9693.0000    16     9693.0000     9693.0000      296    0.00%
     46    48     9693.0000    15     9693.0000     9693.0000      418    0.00%
Elapsed time = 2.37 sec. (1056.76 ticks, tree = 0.03 MB, solutions = 65)
     90    92     9693.0000    14     9693.0000     9693.0000      664    0.00%
     91    93     9693.0000    12     9693.0000     9693.0000      670    0.00%
     92    94     9693.0000    13     9693.0000     9693.0000      682    0.00%
     93    95     9693.0000    14     9693.0000     9693.0000      688    0.00%
     94    96     9693.0000    13     9693.0000     9693.0000      690    0.00%
     95    97     9693.0000    14     9693.0000     9693.0000      703    0.00%
     96    98     9693.0000    13     9693.0000     9693.0000      711    0.00%
     97    99     9693.0000    13     9693.0000     9693.0000      716    0.00%
     98   100     9693.0000    14     9693.0000     9693.0000      720    0.00%
     99   101     9693.0000    13     9693.0000     9693.0000      725    0.00%
Elapsed time = 4.91 sec. (2183.09 ticks, tree = 0.07 MB, solutions = 76)
    137   139     9693.0000    16     9693.0000     9693.0000      976    0.00%
    138   140     9693.0000    15     9693.0000     9693.0000      981    0.00%
    139   141     9693.0000    16     9693.0000     9693.0000      990    0.00%
    140   142     9693.0000    15     9693.0000     9693.0000      992    0.00%
    141   143     9693.0000    14     9693.0000     9693.0000      999    0.00%
    142   144     9693.0000    16     9693.0000     9693.0000     1008    0.00%
    143   145     9693.0000    15     9693.0000     9693.0000     1013    0.00%
    144   146     9693.0000    15     9693.0000     9693.0000     1027    0.00%
    145   147     9693.0000    15     9693.0000     9693.0000     1028    0.00%
    146   148     9693.0000    16     9693.0000     9693.0000     1040    0.00%
Elapsed time = 7.52 sec. (3374.36 ticks, tree = 0.10 MB, solutions = 87)
    190   192     9693.0000    15     9693.0000     9693.0000     1289    0.00%
    191   193     9693.0000    14     9693.0000     9693.0000     1295    0.00%
    192   194     9693.0000    14     9693.0000     9693.0000     1299    0.00%
    193   195     9693.0000    15     9693.0000     9693.0000     1310    0.00%
    194   196     9693.0000    14     9693.0000     9693.0000     1314    0.00%
    195   197     9693.0000    13     9693.0000     9693.0000     1318    0.00%
    196   198     9693.0000    14     9693.0000     9693.0000     1321    0.00%
    197   199     9693.0000    12     9693.0000     9693.0000     1328    0.00%
    198   200     9693.0000    14     9693.0000     9693.0000     1333    0.00%
    199   201     9693.0000    15     9693.0000     9693.0000     1339    0.00%
Elapsed time = 10.15 sec. (4540.24 ticks, tree = 0.14 MB, solutions = 98)
    243   245     9693.0000    15     9693.0000     9693.0000     1589    0.00%
    244   246     9693.0000    15     9693.0000     9693.0000     1595    0.00%
    245   247     9693.0000    15     9693.0000     9693.0000     1601    0.00%
    246   248     9693.0000    15     9693.0000     9693.0000     1609    0.00%
    247   249     9693.0000    15     9693.0000     9693.0000     1612    0.00%
    248   250     9693.0000    15     9693.0000     9693.0000     1617    0.00%
    249   251     9693.0000    14     9693.0000     9693.0000     1621    0.00%
    250   252     9693.0000    14     9693.0000     9693.0000     1626    0.00%
    251   253     9693.0000    14     9693.0000     9693.0000     1633    0.00%
    252   254     9693.0000    14     9693.0000     9693.0000     1636    0.00%
Elapsed time = 12.77 sec. (5721.97 ticks, tree = 0.18 MB, solutions = 111)
    300   302     9693.0000    16     9693.0000     9693.0000     1843    0.00%
    301   303     9693.0000    15     9693.0000     9693.0000     1846    0.00%
    302   304     9753.0000    12     9693.0000     9693.0000     1851    0.00%
    303   305     9693.0000    15     9693.0000     9693.0000     1857    0.00%
    304   306     9693.0000    15     9693.0000     9693.0000     1863    0.00%
    305   307     9693.0000    16     9693.0000     9693.0000     1870    0.00%
    306   308     9693.0000    15     9693.0000     9693.0000     1875    0.00%
    307   309     9693.0000    16     9693.0000     9693.0000     1882    0.00%
    308   310     9693.0000    15     9693.0000     9693.0000     1886    0.00%
    309   311     9883.0000     8     9693.0000     9693.0000     1893    0.00%
Elapsed time = 15.38 sec. (6863.02 ticks, tree = 0.24 MB, solutions = 130)
    356   358     9693.0000    17     9693.0000     9693.0000     2124    0.00%
    357   359     9693.0000    18     9693.0000     9693.0000     2135    0.00%
    358   360     9693.0000    17     9693.0000     9693.0000     2137    0.00%
    359   361     9693.0000    16     9693.0000     9693.0000     2144    0.00%
    360   361     9841.0000     6     9693.0000     9693.0000     2152    0.00%
    361   362     9841.0000     6     9693.0000     9693.0000     2152    0.00%
    362   362    10038.5000     3     9693.0000     9693.0000     2154    0.00%
    363   362     9860.5000     3     9693.0000     9693.0000     2158    0.00%
    364   363     9861.0000     2     9693.0000     9693.0000     2159    0.00%
    365   364    10217.0000     1     9693.0000     9693.0000     2161    0.00%
Elapsed time = 18.06 sec. (7996.35 ticks, tree = 0.29 MB, solutions = 229)
    545   536     9693.0000    12     9693.0000     9693.0000     2492    0.00%
    546   537     9693.0000    13     9693.0000     9693.0000     2508    0.00%
    547   538     9693.0000    13     9693.0000     9693.0000     2509    0.00%
    548   539     9693.0000    15     9693.0000     9693.0000     2529    0.00%
    549   540     9693.0000    13     9693.0000     9693.0000     2531    0.00%
    550   541     9693.0000    12     9693.0000     9693.0000     2537    0.00%
    551   542     9693.0000    12     9693.0000     9693.0000     2542    0.00%
    552   543     9693.0000    12     9693.0000     9693.0000     2547    0.00%
    553   544     9693.0000    12     9693.0000     9693.0000     2550    0.00%
    554   545     9693.0000    13     9693.0000     9693.0000     2557    0.00%
Elapsed time = 20.65 sec. (9148.87 ticks, tree = 0.48 MB, solutions = 324)
    599   590     9693.0000    14     9693.0000     9693.0000     2849    0.00%
    600   591     9693.0000    12     9693.0000     9693.0000     2857    0.00%
    601   592     9693.0000    12     9693.0000     9693.0000     2859    0.00%
    602   593     9693.0000    12     9693.0000     9693.0000     2863    0.00%
    603   594     9693.0000    14     9693.0000     9693.0000     2877    0.00%
    604   595     9693.0000    13     9693.0000     9693.0000     2879    0.00%
    605   596     9693.0000    13     9693.0000     9693.0000     2885    0.00%
    606   597     9693.0000    13     9693.0000     9693.0000     2887    0.00%
    607   598     9693.0000    13     9693.0000     9693.0000     2897    0.00%
    608   599     9693.0000    12     9693.0000     9693.0000     2902    0.00%
Elapsed time = 23.23 sec. (10295.99 ticks, tree = 0.52 MB, solutions = 324)
    650   641     9693.0000    13     9693.0000     9693.0000     3080    0.00%
    651   642     9693.0000    13     9693.0000     9693.0000     3088    0.00%
    652   643     9693.0000    13     9693.0000     9693.0000     3100    0.00%
    653   644     9693.0000    14     9693.0000     9693.0000     3104    0.00%
    654   645     9693.0000    14     9693.0000     9693.0000     3105    0.00%
    655   646     9693.0000    14     9693.0000     9693.0000     3111    0.00%
    656   647     9693.0000    15     9693.0000     9693.0000     3115    0.00%
    657   648     9693.0000    14     9693.0000     9693.0000     3118    0.00%
    658   649     9693.0000    15     9693.0000     9693.0000     3121    0.00%
   1393  1382    10494.0000     1     9693.0000     9693.0000     3607    0.00%
Elapsed time = 32.40 sec. (14110.83 ticks, tree = 1.36 MB, solutions = 1371)

Root node processing (before b&c):
  Real time             =    1.98 sec. (86.34 ticks)
Sequential b&c:
  Real time             =   33.81 sec. (14140.19 ticks)
                          ------------
Total (root+branch&cut) =   35.79 sec. (14226.53 ticks)
